33 16
34 14
9 14
8 14
10 14
7 14
11 14
6 14
12 14
5 14
13 14
4 14
14 14
40 14
43 14
3 14
15 14
2 14
16 14
1 14
44 14
17 14
33 14
52 14
18 14
19 14
20 14
21 14
22 14
30 14
23 14
24 14
37 15
7 15
6 15
8 15
5 15
9 15
4 15
10 15
3 15
11 15
2 15
12 15
1 15
13 15
14 15
15 15
16 15
17 15
18 15
19 15
20 15
21 15
22 15
23 15
24 15
54 14
25 14
54 17
7 17
6 17
8 17
5 17
9 17
4 17
10 17
3 17
11 17
2 17
12 17
1 17
13 17
14 17
15 17
16 17
17 17
18 17
19 17
20 17
21 17
22 17
23 17
24 17
45 14
37 17
53 14
32 14
52 15
34 15
53 18
12 18
11 18
13 18
10 18
14 18
9 18
15 18
8 18
16 18
7 18
17 18
6 18
18 18
5 18
19 18
4 18
20 18
3 18
21 18
2 18
22 18
1 18
23 18
24 18
45 15
29 14
41 14
51 14
52 18
38 14
54 18
34 18
53 19
16 19
15 19
17 19
14 19
18 19
13 19
19 19
12 19
20 19
11 19
21 19
10 19
22 19
9 19
23 19
8 19
24 19
7 19
6 19
5 19
4 19
3 19
2 19
1 19
