0 5272
0 5273
0 5274
0 5275
0 5276
0 5277
0 5278
0 5279
0 5280
0 5281
0 5282
0 5283
0 5284
0 5285
0 5286
0 5287
0 5288
0 5289
0 5290
0 5291
0 5292
0 5293
0 5297
0 5300
0 5301
63 5298
0 5303
44 5294
70 5294
3 5294
2 5294
1 5294
0 5304
0 5307
64 5308
5 5308
4 5308
3 5308
2 5308
1 5308
47 5298
0 5311
0 5314
40 5313
27 5313
18 5313
19 5313
20 5313
21 5313
22 5313
23 5313
24 5313
61 5315
13 5315
14 5315
15 5315
16 5315
17 5315
18 5315
19 5315
20 5315
21 5315
22 5315
23 5315
24 5315
43 5305
13 5305
14 5305
15 5305
16 5305
17 5305
18 5305
19 5305
20 5305
21 5305
22 5305
23 5305
24 5305
26 5299
23 5299
24 5299
0 5316
57 5317
74 5317
0 5319
54 5318
8 5318
7 5318
6 5318
5 5318
4 5318
3 5318
2 5318
1 5318
0 5324
67 5322
1 5322
50 5306
53 5306
8 5306
7 5306
6 5306
5 5306
4 5306
3 5306
2 5306
1 5306
0 5325
64 5317
28 5323
19 5323
20 5323
21 5323
22 5323
23 5323
24 5323
45 5296
53 5296
57 5296
8 5296
7 5296
6 5296
5 5296
4 5296
3 5296
2 5296
1 5296
0 5328
0 5330
37 5312
19 5312
20 5312
21 5312
22 5312
23 5312
24 5312
46 5295
2 5295
1 5295
0 5332
25 5326
11 5326
10 5326
9 5326
8 5326
7 5326
6 5326
5 5326
4 5326
3 5326
2 5326
1 5326
38 5298
15 5298
16 5298
17 5298
18 5298
19 5298
20 5298
21 5298
22 5298
23 5298
24 5298
0 5333
53 5335
0 5339
50 5335
45 5335
54 5335
11 5335
10 5335
9 5335
8 5335
7 5335
6 5335
5 5335
4 5335
3 5335
2 5335
1 5335
62 5331
5 5331
4 5331
3 5331
2 5331
1 5331
0 5341
35 5320
1 5320
42 5337
6 5337
5 5337
4 5337
3 5337
2 5337
1 5337
0 5344
72 5321
12 5321
11 5321
10 5321
9 5321
8 5321
7 5321
6 5321
5 5321
4 5321
3 5321
2 5321
1 5321
0 5347
60 5345
22 5345
23 5345
24 5345
0 5350
69 5317
12 5317
11 5317
10 5317
9 5317
8 5317
7 5317
6 5317
5 5317
4 5317
3 5317
2 5317
1 5317
38 5336
69 5351
12 5351
11 5351
10 5351
9 5351
8 5351
7 5351
6 5351
5 5351
4 5351
3 5351
2 5351
1 5351
32 5349
10 5349
9 5349
8 5349
7 5349
6 5349
5 5349
4 5349
3 5349
2 5349
1 5349
0 5353
70 5352
0 5356
51 5346
10 5346
9 5346
8 5346
7 5346
6 5346
5 5346
4 5346
3 5346
2 5346
1 5346
74 5355
13 5355
14 5355
15 5355
16 5355
17 5355
18 5355
19 5355
20 5355
21 5355
22 5355
23 5355
24 5355
47 5336
19 5336
20 5336
21 5336
22 5336
23 5336
24 5336
0 5359
29 5360
33 5327
15 5327
16 5327
17 5327
18 5327
19 5327
20 5327
21 5327
22 5327
23 5327
24 5327
48 5340
2 5340
1 5340
66 5342
20 5342
21 5342
22 5342
23 5342
24 5342
39 5338
20 5338
21 5338
22 5338
23 5338
24 5338
0 5363
52 5334
10 5334
9 5334
8 5334
7 5334
6 5334
5 5334
4 5334
3 5334
2 5334
1 5334
41 5310
3 5310
2 5310
1 5310
47 5362
20 5362
21 5362
22 5362
23 5362
24 5362
0 5366
34 5348
2 5348
1 5348
59 5302
3 5302
2 5302
1 5302
0 5368
27 5367
0 5369
0 5372
49 5360
20 5360
21 5360
22 5360
23 5360
24 5360
0 5373
65 5309
1 5309
0 5374
68 5361
6 5361
5 5361
4 5361
3 5361
2 5361
1 5361
58 5343
22 5343
23 5343
24 5343
0 5376
0 5377
63 5371
0 5379
56 5354
4 5354
3 5354
2 5354
1 5354
47 5371
24 5371
0 5382
0 5383
45 5381
50 5381
20 5381
21 5381
22 5381
23 5381
24 5381
0 5384
57 5380
20 5380
21 5380
22 5380
23 5380
24 5380
0 5385
61 5378
2 5378
1 5378
44 5352
19 5352
20 5352
21 5352
22 5352
23 5352
24 5352
0 5387
73 5329
16 5329
17 5329
18 5329
19 5329
20 5329
21 5329
22 5329
23 5329
24 5329
0 5388
64 5389
21 5389
22 5389
23 5389
24 5389
26 5375
13 5375
14 5375
15 5375
16 5375
17 5375
18 5375
19 5375
20 5375
21 5375
22 5375
23 5375
24 5375
0 5391
72 5390
33 5390
23 5390
24 5390
0 5392
40 5367
9 5367
8 5367
7 5367
6 5367
5 5367
4 5367
3 5367
2 5367
1 5367
0 5393
71 5365
15 5365
16 5365
17 5365
18 5365
19 5365
20 5365
21 5365
22 5365
23 5365
24 5365
0 5395
36 5370
1 5370
28 5396
9 5396
8 5396
7 5396
6 5396
5 5396
4 5396
3 5396
2 5396
1 5396
0 5398
44 5399
22 5399
23 5399
24 5399
35 5400
14 5400
15 5400
16 5400
17 5400
18 5400
19 5400
20 5400
21 5400
22 5400
23 5400
24 5400
50 5397
24 5397
0 5401
43 5386
6 5386
5 5386
4 5386
3 5386
2 5386
1 5386
32 5394
22 5394
23 5394
24 5394
69 5402
0 5404
64 5402
0 5405
74 5402
0 5407
67 5406
19 5406
20 5406
21 5406
22 5406
23 5406
24 5406
47 5408
31 5357
0 5410
52 5357
22 5357
23 5357
24 5357
46 5409
19 5409
20 5409
21 5409
22 5409
23 5409
24 5409
0 5411
0 5414
0 5416
42 5412
22 5412
23 5412
24 5412
55 5364
35 5364
18 5364
19 5364
20 5364
21 5364
22 5364
23 5364
24 5364
0 5418
63 5408
51 5413
40 5415
15 5415
16 5415
17 5415
18 5415
19 5415
20 5415
21 5415
22 5415
23 5415
24 5415
38 5417
0 5421
0 5422
39 5408
10 5408
9 5408
8 5408
7 5408
6 5408
5 5408
4 5408
3 5408
2 5408
1 5408
0 5423
0 5425
0 5427
0 5429
60 5428
54 5424
7 5424
6 5424
5 5424
4 5424
3 5424
2 5424
1 5424
0 5432
56 5428
17 5428
18 5428
19 5428
20 5428
21 5428
22 5428
23 5428
24 5428
47 5417
66 5403
13 5403
14 5403
15 5403
16 5403
17 5403
18 5403
19 5403
20 5403
21 5403
22 5403
23 5403
24 5403
0 5434
53 5430
7 5430
6 5430
5 5430
4 5430
3 5430
2 5430
1 5430
70 5436
5 5436
4 5436
3 5436
2 5436
1 5436
62 5420
0 5437
25 5433
9 5433
8 5433
7 5433
6 5433
5 5433
4 5433
3 5433
2 5433
1 5433
0 5439
57 5440
8 5440
7 5440
6 5440
5 5440
4 5440
3 5440
2 5440
1 5440
37 5438
0 5442
49 5443
12 5443
11 5443
10 5443
9 5443
8 5443
7 5443
6 5443
5 5443
4 5443
3 5443
2 5443
1 5443
27 5435
20 5435
21 5435
22 5435
23 5435
24 5435
60 5438
52 5441
63 5417
14 5417
15 5417
16 5417
17 5417
18 5417
19 5417
20 5417
21 5417
22 5417
23 5417
24 5417
0 5445
0 5447
48 5446
22 5446
23 5446
24 5446
63 5449
15 5449
16 5449
17 5449
18 5449
19 5449
20 5449
21 5449
22 5449
23 5449
24 5449
0 5450
31 5441
6 5441
5 5441
4 5441
3 5441
2 5441
1 5441
0 5454
34 5426
23 5426
24 5426
0 5455
72 5451
56 5438
21 5438
22 5438
23 5438
24 5438
0 5458
39 5456
17 5456
18 5456
19 5456
20 5456
21 5456
22 5456
23 5456
24 5456
41 5452
0 5459
50 5460
12 5460
11 5460
10 5460
9 5460
8 5460
7 5460
6 5460
5 5460
4 5460
3 5460
2 5460
1 5460
59 5444
0 5461
0 5463
74 5462
0 5466
35 5448
3 5448
2 5448
1 5448
29 5457
17 5457
18 5457
19 5457
20 5457
21 5457
22 5457
23 5457
24 5457
36 5453
16 5453
17 5453
18 5453
19 5453
20 5453
21 5453
22 5453
23 5453
24 5453
42 5420
8 5420
7 5420
6 5420
5 5420
4 5420
3 5420
2 5420
1 5420
0 5470
73 5467
9 5467
8 5467
7 5467
6 5467
5 5467
4 5467
3 5467
2 5467
1 5467
47 5468
0 5471
55 5464
0 5474
0 5476
0 5477
64 5462
61 5478
0 5480
63 5468
0 5483
46 5481
9 5481
8 5481
7 5481
6 5481
5 5481
4 5481
3 5481
2 5481
1 5481
66 5478
23 5478
24 5478
0 5485
30 5358
22 5358
23 5358
24 5358
0 5487
33 5451
18 5451
19 5451
20 5451
21 5451
22 5451
23 5451
24 5451
45 5484
18 5484
19 5484
20 5484
21 5484
22 5484
23 5484
24 5484
0 5488
0 5489
35 5464
8 5464
7 5464
6 5464
5 5464
4 5464
3 5464
2 5464
1 5464
0 5491
26 5475
10 5475
9 5475
8 5475
7 5475
6 5475
5 5475
4 5475
3 5475
2 5475
1 5475
68 5465
8 5465
7 5465
6 5465
5 5465
4 5465
3 5465
2 5465
1 5465
71 5469
11 5469
10 5469
9 5469
8 5469
7 5469
6 5469
5 5469
4 5469
3 5469
2 5469
1 5469
0 5492
0 5494
31 5482
65 5419
4 5419
3 5419
2 5419
1 5419
0 5495
44 5493
53 5490
57 5490
0 5497
70 5493
19 5493
20 5493
21 5493
22 5493
23 5493
24 5493
66 5496
2 5496
1 5496
74 5490
0 5498
43 5473
3 5473
2 5473
1 5473
0 5501
0 5502
42 5499
17 5499
18 5499
19 5499
20 5499
21 5499
22 5499
23 5499
24 5499
0 5504
51 5479
20 5479
21 5479
22 5479
23 5479
24 5479
0 5506
40 5486
10 5486
9 5486
8 5486
7 5486
6 5486
5 5486
4 5486
3 5486
2 5486
1 5486
52 5482
19 5482
20 5482
21 5482
22 5482
23 5482
24 5482
38 5468
4 5468
3 5468
2 5468
1 5468
0 5508
58 5431
3 5431
2 5431
1 5431
0 5509
0 5511
32 5472
62 5500
19 5500
20 5500
21 5500
22 5500
23 5500
24 5500
0 5512
41 5513
68 5513
14 5513
15 5513
16 5513
17 5513
18 5513
19 5513
20 5513
21 5513
22 5513
23 5513
24 5513
72 5510
0 5515
54 5510
1 5510
38 5514
63 5514
6 5514
5 5514
4 5514
3 5514
2 5514
1 5514
0 5516
51 5472
23 5472
24 5472
0 5517
0 5518
47 5519
0 5520
69 5462
2 5462
1 5462
38 5519
8 5519
7 5519
6 5519
5 5519
4 5519
3 5519
2 5519
1 5519
67 5505
21 5505
22 5505
23 5505
24 5505
0 5523
59 5521
16 5521
17 5521
18 5521
19 5521
20 5521
21 5521
22 5521
23 5521
24 5521
73 5525
23 5525
24 5525
60 5522
0 5526
64 5490
37 5522
14 5522
15 5522
16 5522
17 5522
18 5522
19 5522
20 5522
21 5522
22 5522
23 5522
24 5522
0 5528
0 5531
70 5532
33 5527
35 5534
0 5535
25 5524
6 5524
5 5524
4 5524
3 5524
2 5524
1 5524
37 5538
15 5538
16 5538
17 5538
18 5538
19 5538
20 5538
21 5538
22 5538
23 5538
24 5538
57 5539
5 5539
4 5539
3 5539
2 5539
1 5539
0 5540
36 5536
8 5536
7 5536
6 5536
5 5536
4 5536
3 5536
2 5536
1 5536
48 5533
18 5533
19 5533
20 5533
21 5533
22 5533
23 5533
24 5533
54 5537
6 5537
5 5537
4 5537
3 5537
2 5537
1 5537
0 5542
50 5543
72 5527
55 5534
21 5534
22 5534
23 5534
24 5534
0 5546
28 5503
17 5503
18 5503
19 5503
20 5503
21 5503
22 5503
23 5503
24 5503
0 5549
34 5529
19 5529
20 5529
21 5529
22 5529
23 5529
24 5529
27 5530
18 5530
19 5530
20 5530
21 5530
22 5530
23 5530
24 5530
0 5551
57 5543
7 5543
6 5543
5 5543
4 5543
3 5543
2 5543
1 5543
64 5547
74 5547
7 5547
6 5547
5 5547
4 5547
3 5547
2 5547
1 5547
55 5552
35 5552
22 5552
23 5552
24 5552
0 5555
0 5556
68 5541
22 5541
23 5541
24 5541
0 5557
49 5507
12 5507
11 5507
10 5507
9 5507
8 5507
7 5507
6 5507
5 5507
4 5507
3 5507
2 5507
1 5507
45 5553
9 5553
8 5553
7 5553
6 5553
5 5553
4 5553
3 5553
2 5553
1 5553
66 5544
15 5544
16 5544
17 5544
18 5544
19 5544
20 5544
21 5544
22 5544
23 5544
24 5544
0 5558
39 5548
15 5548
16 5548
17 5548
18 5548
19 5548
20 5548
21 5548
22 5548
23 5548
24 5548
63 5554
15 5554
16 5554
17 5554
18 5554
19 5554
20 5554
21 5554
22 5554
23 5554
24 5554
0 5562
74 5563
9 5563
8 5563
7 5563
6 5563
5 5563
4 5563
3 5563
2 5563
1 5563
56 5560
0 5566
53 5564
10 5564
9 5564
8 5564
7 5564
6 5564
5 5564
4 5564
3 5564
2 5564
1 5564
37 5560
0 5567
0 5568
31 5550
7 5550
6 5550
5 5550
4 5550
3 5550
2 5550
1 5550
41 5565
0 5569
72 5570
12 5570
11 5570
10 5570
9 5570
8 5570
7 5570
6 5570
5 5570
4 5570
3 5570
2 5570
1 5570
0 5571
44 5532
10 5532
9 5532
8 5532
7 5532
6 5532
5 5532
4 5532
3 5532
2 5532
1 5532
30 5559
17 5559
18 5559
19 5559
20 5559
21 5559
22 5559
23 5559
24 5559
38 5572
29 5545
16 5545
17 5545
18 5545
19 5545
20 5545
21 5545
22 5545
23 5545
24 5545
0 5573
61 5575
19 5575
20 5575
21 5575
22 5575
23 5575
24 5575
0 5576
0 5577
