73 7145 2.04159
99 7146 2.05405
77 7147 2.07079
65 7149 2.12839
108 7150 2.15501
28 7151 2.19598
49 7153 2.21779
116 7154 2.21934
106 7155 2.25801
70 7157 2.34964
38 7158 2.34972
67 7160 2.40738
117 7161 2.42578
26 7162 2.42739
98 7163 2.44862
57 7164 2.48308
34 7166 2.57287
107 7168 2.63963
115 7169 2.64051
42 7170 2.66084
104 7173 2.82554
58 7174 2.83805
35 7175 2.8434
51 7176 2.86462
94 7178 2.91675
95 7179 2.94716
97 7181 3.05253
123 7183 3.15203
54 7184 3.16822
89 7185 3.18202
43 7187 3.20238
120 7188 3.22331
80 7189 3.24432
62 7190 3.2583
93 7191 3.29699
63 7193 3.31381
45 7194 3.34968
33 7195 3.35772
112 7196 3.392
31 7198 3.40613
101 7199 3.43525
55 7200 3.47312
74 7201 3.48317
96 7203 3.51053
60 7204 3.53943
61 7205 3.5717
121 7206 3.58329
76 7207 3.59043
32 7209 3.65635
78 7210 3.66341
91 7212 3.70254
103 7213 3.72344
53 7214 3.77576
124 7216 3.80197
83 7217 3.81196
40 7218 3.84202
69 7219 3.88318
109 7221 3.92238
119 7222 3.92784
82 7223 3.96462
50 7224 3.9731
75 7227 4.1016
122 7228 4.11108
102 7229 4.11307
66 7230 4.16151
46 7232 4.23792
68 7233 4.24288
29 7234 4.27543
37 7235 4.29591
106 7237 4.33446
52 7238 4.34111
100 7239 4.37677
70 7240 4.37694
39 7241 4.38852
85 7242 4.39479
59 7244 4.4388
114 7245 4.45489
111 7247 4.53471
64 7249 4.60272
44 7250 4.6082
41 7251 4.64121
110 7252 4.65114
36 7254 4.7082
79 7255 4.70824
88 7256 4.72337
47 7257 4.78849
56 7259 4.82339
71 7260 4.86263
25 7261 4.86741
72 7262 4.8844
48 7264 4.9015
81 7265 4.92831
84 7266 4.93261
118 7267 4.94327
90 7268 4.95384
28 7271 5.14317
30 7272 5.18578
49 7275 5.30429
26 7277 5.4938
55 7280 5.61049
98 7282 5.76983
42 7283 5.79677
63 7285 5.80256
38 7286 5.81372
115 7289 5.99986
77 7290 6.03564
33 7292 6.15365
99 7293 6.18704
104 7295 6.20825
107 7296 6.22835
123 7298 6.33279
66 7299 6.34624
53 7301 6.42049
117 7302 6.46924
114 7303 6.48102
121 7305 6.54972
39 7306 6.56969
112 7307 6.58157
116 7308 6.58935
108 7310 6.60376
78 7311 6.63857
70 7312 6.64637
96 7314 6.76472
51 7316 6.87765
73 7318 6.91438
29 7319 6.95517
31 7320 6.96751
101 7322 7.05689
40 7324 7.11338
113 7325 7.16599
102 7327 7.22998
46 7328 7.24419
32 7329 7.26538
67 7330 7.26619
34 7332 7.38466
48 7334 7.48159
47 7335 7.49575
105 7337 7.55406
30 7338 7.55637
27 7340 7.61326
57 7341 7.62381
75 7342 7.66689
92 7343 7.67167
122 7344 7.69763
60 7346 7.7157
52 7347 7.73103
85 7348 7.75607
61 7349 7.77615
76 7351 7.80441
90 7352 7.81984
88 7353 7.85009
124 7355 7.90765
62 7356 7.9216
100 7357 7.93449
93 7358 7.96178
97 7359 7.96339
50 7360 7.96666
80 7363 8.10567
43 7364 8.19763
94 7366 8.26071
103 7368 8.33403
109 7369 8.35466
54 7371 8.42974
81 7372 8.45452
44 7373 8.464
91 7374 8.47221
68 7375 8.47312
120 7377 8.52415
41 7378 8.56752
69 7379 8.58744
56 7381 8.60881
65 7382 8.67768
77 7384 8.73464
26 7385 8.74682
82 7387 8.8133
117 7388 8.84176
119 7390 8.90245
89 7391 8.94903
66 7392 8.97184
115 7394 9.05913
37 7396 9.17181
114 7397 9.18312
49 7398 9.19176
111 7400 9.27308
59 7401 9.2907
87 7403 9.35279
36 7404 9.36083
106 7406 9.43595
86 7407 9.48652
101 7409 9.51248
116 7410 9.59497
71 7412 9.61206
33 7413 9.62503
64 7415 9.74472
118 7417 9.89603
53 7419 9.96099
98 7420 9.97106
52 7422 10.0056
78 7423 10.0253
110 7425 10.1044
123 7426 10.1226
48 7427 10.1359
25 7429 10.2105
62 7430 10.247
102 7431 10.2528
30 7432 10.2662
63 7434 10.3844
122 7436 10.4243
28 7437 10.4547
105 7438 10.4775
103 7440 10.5031
94 7441 10.5346
108 7442 10.5527
99 7443 10.5899
124 7445 10.6043
112 7446 10.6204
96 7447 10.6462
47 7448 10.6634
42 7449 10.692
44 7451 10.6992
38 7452 10.7336
57 7453 10.7782
85 7455 10.8231
27 7456 10.8377
109 7457 10.8713
75 7458 10.8974
73 7460 10.977
120 7462 11.0142
91 7463 11.017
29 7464 11.0409
72 7466 11.1015
51 7467 11.1787
68 7469 11.2604
76 7470 11.2647
107 7471 11.2842
69 7472 11.2983
31 7474 11.3407
46 7475 11.3785
65 7476 11.3816
121 7478 11.4278
87 7480 11.5754
67 7481 11.593
114 7483 11.6474
40 7484 11.6787
61 7485 11.6884
97 7487 11.7287
56 7490 11.9927
58 7492 12.0015
117 7493 12.0375
37 7495 12.1619
90 7497 12.2082
100 7499 12.3654
26 7501 12.4128
89 7502 12.4382
104 7503 12.493
74 7505 12.5397
88 7506 12.5515
79 7507 12.5526
122 7508 12.5679
92 7509 12.5725
66 7511 12.641
41 7512 12.6637
84 7514 12.7628
113 7517 12.9768
35 7519 13.009
44 7520 13.0327
82 7521 13.0561
96 7522 13.0937
30 7524 13.1045
119 7525 13.139
52 7526 13.152
59 7527 13.1647
53 7528 13.1922
93 7530 13.2963
102 7534 13.5304
43 7535 13.5323
77 7537 13.6013
115 7538 13.6357
73 7539 13.6694
60 7540 13.6746
71 7541 13.6892
49 7543 13.7181
45 7544 13.7847
101 7546 13.8743
85 7547 13.8824
28 7549 13.9249
91 7550 13.9428
118 7551 13.9633
120 7552 13.9874
116 7554 14.0009
48 7555 14.0056
65 7556 14.0541
64 7557 14.0633
36 7559 14.1202
42 7560 14.1687
110 7562 14.2227
112 7563 14.2674
67 7565 14.3432
37 7566 14.3834
95 7568 14.4038
103 7570 14.5647
47 7571 14.5753
87 7573 14.6143
27 7574 14.6323
46 7576 14.7148
55 7577 14.7441
97 7578 14.7477
109 7580 14.8256
124 7581 14.856
94 7583 14.9122
33 7584 14.9796
31 7585 14.9839
