44 5294 0 100 0.4 2.2197 2.6197
64 5308 0 100 7.00206e-08 2.77258 2.77258
40 5313 0 100 0.1 2.92423 3.02423
61 5315 0 100 1.51711e-07 3.02428 3.02428
43 5305 0 100 0.3 2.73359 3.03359
26 5299 0 100 0.7 2.33652 3.03652
54 5318 0 100 0.1 3.13455 3.23455
67 5322 0 100 0.1 3.19201 3.29201
50 5306 0 100 0.6 2.75893 3.35893
28 5323 0 100 0.2 3.22397 3.42397
45 5296 0 100 1.2 2.23231 3.43231
37 5312 0 100 0.7 2.87045 3.57045
46 5295 0 100 1.4 2.22548 3.62548
25 5326 0 100 0.3 3.36554 3.66554
63 5298 0 100 1.4 2.30145 3.70145
53 5335 0 100 0.1 3.77636 3.87636
62 5331 0 100 0.3 3.61049 3.91049
35 5320 0 100 0.8 3.16993 3.96993
42 5337 0 100 0.2 3.8525 4.0525
72 5321 0 100 0.9 3.17063 4.07063
60 5345 0 100 0.1 4.07769 4.17769
57 5317 0 100 1.2 3.09389 4.29389
69 5351 0 100 1.51711e-07 4.31484 4.31484
32 5349 0 100 0.1 4.26225 4.36225
51 5346 0 100 0.4 4.08422 4.48422
74 5355 0 100 0.1 4.3887 4.4887
38 5336 0 100 0.7 3.808 4.508
33 5327 0 100 1.2 3.43627 4.63627
48 5340 0 100 0.7 3.95554 4.65554
66 5342 0 100 0.6 4.05826 4.65826
39 5338 0 100 0.8 3.85906 4.65906
52 5334 0 100 0.9 3.77088 4.67088
41 5310 0 100 1.9 2.83137 4.73137
47 5362 0 100 0.1 4.63222 4.73222
34 5348 0 100 0.6 4.16653 4.76653
59 5302 0 100 2.3 2.50829 4.80829
29 5360 0 100 0.5 4.57551 5.07551
65 5309 0 100 2.4 2.78381 5.18381
68 5361 0 100 0.7 4.58225 5.28225
58 5343 0 100 1.3 4.05884 5.35884
56 5354 0 100 1.2 4.37123 5.57123
63 5371 0 100 0.6 4.99871 5.59871
45 5381 0 100 0.2 5.66048 5.86048
57 5380 0 100 0.3 5.6211 5.9211
61 5378 0 100 0.5 5.48139 5.98139
70 5352 0 100 1.7 4.34803 6.04803
73 5329 0 100 2.6 3.4991 6.0991
64 5389 0 100 5.83505e-08 6.18083 6.18083
26 5375 0 100 0.9 5.2965 6.1965
72 5390 0 100 0.1 6.23889 6.33889
27 5367 0 100 1.6 4.77314 6.37314
71 5365 0 100 1.8 4.75502 6.55502
36 5370 0 100 1.6 4.96709 6.56709
28 5396 0 100 1.16701e-07 6.58632 6.58632
44 5399 0 100 4.66804e-08 6.66783 6.66783
35 5400 0 100 1.40041e-07 6.70434 6.70434
50 5397 0 100 0.1 6.62114 6.72114
43 5386 0 100 0.8 5.98371 6.78371
32 5394 0 100 0.3 6.53905 6.83905
69 5402 0 100 0.2 6.84816 7.04816
67 5406 0 100 0.1 6.98289 7.08289
31 5357 0 100 2.7 4.50932 7.20932
46 5409 0 100 0.1 7.14854 7.24854
42 5412 0 100 0.2 7.26558 7.46558
55 5364 0 100 2.8 4.72952 7.52952
51 5413 0 100 0.3 7.29976 7.59976
40 5415 0 100 0.2 7.41647 7.61647
47 5408 0 100 0.7 7.09537 7.79537
54 5424 0 100 0.3 7.96324 8.26324
60 5428 0 100 0.2 8.11421 8.31421
66 5403 0 100 1.5 6.8609 8.3609
53 5430 0 100 0.2 8.1894 8.3894
70 5436 0 100 7.00206e-08 8.40933 8.40933
25 5433 0 100 0.2 8.32935 8.52935
57 5440 0 100 1.05031e-07 8.6148 8.6148
49 5443 0 100 1.51711e-07 8.69343 8.69343
27 5435 0 100 0.3 8.4093 8.7093
38 5417 0 100 1.2 7.55079 8.75079
48 5446 0 100 0.1 8.76609 8.86609
63 5449 0 100 1.28371e-07 8.91049 8.91049
52 5441 0 100 0.4 8.64704 9.04704
34 5426 0 100 1.1 8.06148 9.16148
37 5438 0 100 0.7 8.52152 9.22152
39 5456 0 100 0.1 9.16595 9.26595
41 5452 0 100 0.3 8.99621 9.29621
50 5460 0 100 1.51711e-07 9.41303 9.41303
59 5444 0 100 0.7 8.7555 9.4555
35 5448 0 100 0.8 8.8791 9.6791
29 5457 0 100 0.5 9.22368 9.72368
36 5453 0 100 0.7 9.03299 9.73299
62 5420 0 100 2.1 7.64035 9.74035
73 5467 0 100 0.1 9.70568 9.80568
46 5481 0 100 0.1 10.2718 10.3718
61 5478 0 100 0.2 10.2481 10.4482
30 5358 0 100 6 4.53255 10.5325
72 5451 0 100 1.6 8.97331 10.5733
45 5484 0 100 0.2 10.4287 10.6287
55 5464 0 100 1.2 9.57189 10.7719
26 5475 0 100 0.9 9.9685 10.8685
68 5465 0 100 1.3 9.64777 10.9478
71 5469 0 100 1.2 9.75523 10.9552
65 5419 0 100 3.5 7.6286 11.1286
44 5493 0 100 0.3 10.9805 11.2805
66 5496 0 100 0.1 11.2142 11.3142
43 5473 0 100 1.5 9.92947 11.4295
42 5499 0 100 0.2 11.3709 11.5709
51 5479 0 100 1.5 10.2598 11.7598
40 5486 0 100 1.3 10.5013 11.8013
31 5482 0 100 1.5 10.3246 11.8246
47 5468 0 100 2.1 9.73716 11.8372
58 5431 0 100 3.7 8.20033 11.9003
62 5500 0 100 0.7 11.4147 12.1147
41 5513 0 100 1.51711e-07 12.1907 12.1907
72 5510 0 100 0.3 11.9982 12.2982
38 5514 0 100 0.1 12.2326 12.3326
32 5472 0 100 2.5 9.87839 12.3784
74 5462 0 100 3.2 9.4654 12.6654
47 5519 0 100 0.1 12.6177 12.7177
67 5505 0 100 1 11.7496 12.7496
59 5521 0 100 0.1 12.6719 12.7719
73 5525 0 100 3.50103e-08 12.8035 12.8035
60 5522 0 100 0.2 12.7534 12.9534
25 5524 0 100 0.4 12.7818 13.1818
37 5538 0 100 1.28371e-07 13.2319 13.2319
57 5539 0 100 7.00206e-08 13.2362 13.2362
36 5536 0 100 0.1 13.1857 13.2857
48 5533 0 100 0.2 13.0891 13.2891
54 5537 0 100 0.1 13.2245 13.3245
35 5534 0 100 0.3 13.1625 13.4625
28 5503 0 100 1.9 11.5801 13.4801
34 5529 0 100 0.6 12.9894 13.5894
27 5530 0 100 0.6 13.023 13.623
50 5543 0 100 0.3 13.3661 13.6661
64 5547 0 100 0.2 13.4862 13.6862
55 5552 0 100 5.83505e-08 13.7024 13.7024
68 5541 0 100 0.6 13.2846 13.8846
49 5507 0 100 2.2 11.7767 13.9767
45 5553 0 100 0.3 13.7076 14.0076
66 5544 0 100 0.6 13.4557 14.0557
39 5548 0 100 0.6 13.5266 14.1266
63 5554 0 100 0.4 13.7556 14.1556
74 5563 0 100 1.16701e-07 14.1744 14.1744
53 5564 0 100 0.1 14.1829 14.2829
31 5550 0 100 0.9 13.5778 14.4778
41 5565 0 100 0.3 14.2058 14.5058
72 5570 0 100 1.51711e-07 14.566 14.566
70 5532 0 100 1.6 13.0839 14.6839
30 5559 0 100 0.6 14.1076 14.7076
29 5545 0 100 1.3 13.4582 14.7582
61 5575 0 100 8.16907e-08 14.8327 14.8327
