36 50 0.0048 49.9952
34 50 0.0048 49.9952
36 50 0.0048 49.9952
42 50 0.0048 49.9952
34 50 0.0048 49.9952
36 50 0.0048 49.9952
42 50 0.0048 49.9952
54 50 0.0048 49.9952
34 50 0.0048 49.9952
36 50 0.0048 49.9952
42 50 0.0048 49.9952
54 50 0.0048 49.9952
74 50 0.0048 49.9952
34 50 0.0048 49.9952
42 50 0.0048 49.9952
54 50 0.0048 49.9952
74 50 0.0048 49.9952
54 50 0.0048 49.9952
74 50 0.0048 49.9952
75 50 0.0048 49.9952
74 50 0.0048 49.9952
75 50 0.0048 49.9952
48 50 0.0048 49.9952
75 50 0.0048 49.9952
33 50 0.0048 49.9952
48 50 0.0048 49.9952
58 50 0.0048 49.9952
75 50 0.0048 49.9952
32 50 0.0048 49.9952
33 50 0.0048 49.9952
43 50 0.0048 49.9952
47 50 0.0048 49.9952
48 50 0.0048 49.9952
58 50 0.0048 49.9952
32 50 0.0048 49.9952
33 50 0.0048 49.9952
43 50 0.0048 49.9952
47 50 0.0048 49.9952
48 50 0.0048 49.9952
58 50 0.0048 49.9952
67 50 0.0048 49.9952
32 50 0.0048 49.9952
33 50 0.0048 49.9952
43 50 0.0048 49.9952
47 50 0.0048 49.9952
58 50 0.0048 49.9952
67 50 0.0048 49.9952
32 50 0.0048 49.9952
43 50 0.0048 49.9952
47 50 0.0048 49.9952
67 50 0.0048 49.9952
62 50 0.0048 49.9952
67 50 0.0048 49.9952
25 50 0.0048 49.9952
57 50 0.0048 49.9952
62 50 0.0048 49.9952
64 50 0.0048 49.9952
25 50 0.0048 49.9952
57 50 0.0048 49.9952
62 50 0.0048 49.9952
64 50 0.0048 49.9952
25 50 0.0048 49.9952
31 50 0.0048 49.9952
46 50 0.0048 49.9952
57 50 0.0048 49.9952
62 50 0.0048 49.9952
64 50 0.0048 49.9952
84 50 0.048 49.952
25 50 0.0048 49.9952
31 50 0.0048 49.9952
46 50 0.0048 49.9952
57 50 0.0048 49.9952
64 50 0.0048 49.9952
30 50 0.048 49.952
35 50 0.0048 49.9952
68 50 0.0048 49.9952
79 50 0.0048 49.9952
49 50 0.048 49.952
53 50 0.0048 49.9952
71 50 0.0048 49.9952
49 49.952 0.0048 49.9472
49 49.9472 0.16 49.7872
49 49.7872 0.0016 49.7856
84 50 0.048 49.952
31 50 0.0048 49.9952
46 50 0.0048 49.9952
58 50 0.048 49.952
48 50 0.0048 49.9952
30 50 0.048 49.952
35 50 0.0048 49.9952
79 50 0.0048 49.9952
39 50 0.048 49.952
40 50 0.0048 49.9952
50 50 0.0048 49.9952
63 50 0.0048 49.9952
66 50 0.0048 49.9952
84 50 0.048 49.952
31 50 0.0048 49.9952
46 50 0.0048 49.9952
66 49.9952 0.0048 49.9904
80 50 0.0048 49.9952
58 50 0.048 49.952
48 50 0.0048 49.9952
34 50 0.048 49.952
42 50 0.0048 49.9952
30 50 0.048 49.952
68 50 0.0048 49.9952
79 50 0.0048 49.9952
39 50 0.048 49.952
63 50 0.0048 49.9952
77 50 0.048 49.952
41 50 0.0048 49.9952
84 50 0.048 49.952
39 50 0.0048 49.9952
40 50 0.0048 49.9952
50 50 0.0048 49.9952
63 50 0.0048 49.9952
66 50 0.0048 49.9952
80 50 0.0048 49.9952
83 50 0.0048 49.9952
45 50 0.048 49.952
58 50 0.048 49.952
48 50 0.0048 49.9952
79 50 0.048 49.952
30 50 0.0048 49.9952
35 50 0.0048 49.9952
34 50 0.048 49.952
30 49.9952 0.048 49.9472
35 49.9952 0.0048 49.9904
68 50 0.0048 49.9952
79 49.952 0.0048 49.9472
81 50 0.0048 49.9952
39 49.9952 0.048 49.9472
50 49.9952 0.0048 49.9904
83 50 0.0048 49.9952
51 50 0.048 49.952
56 50 0.0048 49.9952
77 50 0.048 49.952
41 50 0.0048 49.9952
84 50 0.048 49.952
27 50 0.048 49.952
39 50 0.0048 49.9952
40 50 0.0048 49.9952
50 50 0.0048 49.9952
59 50 0.0048 49.9952
61 50 0.0048 49.9952
63 50 0.0048 49.9952
66 50 0.0048 49.9952
80 50 0.0048 49.9952
83 49.9952 0.0048 49.9904
48 50 0.048 49.952
45 50 0.048 49.952
45 49.952 0.0048 49.9472
45 49.9472 0.16 49.7872
45 49.7872 0.0016 49.7856
58 50 0.048 49.952
79 50 0.048 49.952
30 50 0.0048 49.9952
35 50 0.0048 49.9952
81 50 0.0048 49.9952
34 50 0.048 49.952
30 49.9952 0.048 49.9472
35 49.9952 0.0048 49.9904
68 50 0.0048 49.9952
79 49.952 0.0048 49.9472
81 49.9952 0.0048 49.9904
39 49.9952 0.048 49.9472
83 50 0.0048 49.9952
51 50 0.048 49.952
56 50 0.0048 49.9952
78 50 0.0048 49.9952
77 50 0.048 49.952
28 50 0.0048 49.9952
41 50 0.0048 49.9952
84 50 0.048 49.952
27 50 0.048 49.952
39 50 0.0048 49.9952
40 50 0.0048 49.9952
45 50 0.0048 49.9952
49 50 0.0048 49.9952
50 50 0.0048 49.9952
59 50 0.0048 49.9952
61 50 0.0048 49.9952
63 50 0.0048 49.9952
66 50 0.0048 49.9952
80 50 0.0048 49.9952
83 49.9952 0.0048 49.9904
48 50 0.048 49.952
58 50 0.048 49.952
79 50 0.048 49.952
30 50 0.0048 49.9952
35 50 0.0048 49.9952
68 50 0.0048 49.9952
81 50 0.0048 49.9952
79 49.952 0.0048 49.9472
79 49.9472 0.16 49.7872
79 49.7872 0.0016 49.7856
34 50 0.048 49.952
64 50 0.048 49.952
25 50 0.0048 49.9952
57 50 0.0048 49.9952
30 49.9952 0.048 49.9472
68 49.9952 0.0048 49.9904
79 49.7856 0.0048 49.7808
81 49.9952 0.0048 49.9904
25 49.9952 0.048 49.9472
64 49.952 0.0048 49.9472
39 49.9952 0.048 49.9472
51 50 0.048 49.952
56 50 0.0048 49.9952
78 50 0.0048 49.9952
77 50 0.048 49.952
28 50 0.0048 49.9952
77 49.952 0.0048 49.9472
77 49.9472 0.16 49.7872
77 49.7872 0.0016 49.7856
46 50 0.048 49.952
31 50 0.0048 49.9952
84 50 0.048 49.952
73 50 0.048 49.952
65 50 0.0048 49.9952
76 50 0.048 49.952
70 50 0.0048 49.9952
27 50 0.048 49.952
39 50 0.0048 49.9952
45 50 0.0048 49.9952
49 50 0.0048 49.9952
50 50 0.0048 49.9952
53 50 0.0048 49.9952
59 50 0.0048 49.9952
61 50 0.0048 49.9952
63 50 0.0048 49.9952
71 50 0.0048 49.9952
83 50 0.0048 49.9952
48 50 0.048 49.952
58 49.952 0.0048 49.9472
58 50 0.048 49.952
48 49.952 0.0048 49.9472
34 50 0.048 49.952
42 50 0.0048 49.9952
64 50 0.048 49.952
25 50 0.0048 49.9952
57 50 0.0048 49.9952
30 50 0.048 49.952
68 50 0.0048 49.9952
79 50 0.0048 49.9952
81 50 0.0048 49.9952
25 49.9952 0.048 49.9472
57 50 0.0048 49.9952
64 49.952 0.0048 49.9472
53 49.9952 0.048 49.9472
71 49.9952 0.0048 49.9904
39 49.9952 0.048 49.9472
51 50 0.048 49.952
46 50 0.048 49.952
31 50 0.0048 49.9952
84 50 0.048 49.952
73 50 0.048 49.952
76 50 0.048 49.952
27 50 0.048 49.952
45 50 0.0048 49.9952
49 50 0.0048 49.9952
52 50 0.0048 49.9952
53 50 0.0048 49.9952
59 50 0.0048 49.9952
61 50 0.0048 49.9952
71 50 0.0048 49.9952
48 50 0.048 49.952
67 50 0.048 49.952
43 50 0.0048 49.9952
58 50 0.048 49.952
58 49.952 0.0048 49.9472
58 49.9472 0.16 49.7872
58 49.7872 0.0016 49.7856
34 50 0.048 49.952
42 50 0.0048 49.9952
64 50 0.048 49.952
25 50 0.0048 49.9952
57 49.9952 0.0048 49.9904
30 50 0.048 49.952
35 50 0.0048 49.9952
68 50 0.0048 49.9952
79 50 0.0048 49.9952
81 50 0.0048 49.9952
25 49.9952 0.048 49.9472
57 50 0.0048 49.9952
64 49.952 0.0048 49.9472
53 49.9952 0.048 49.9472
49 50 0.0048 49.9952
71 49.9952 0.0048 49.9904
52 49.9952 0.048 49.9472
39 50 0.048 49.952
40 50 0.0048 49.9952
63 50 0.0048 49.9952
51 50 0.048 49.952
56 50 0.0048 49.9952
78 50 0.0048 49.9952
46 50 0.048 49.952
84 50 0.048 49.952
73 50 0.048 49.952
76 50 0.048 49.952
27 50 0.048 49.952
29 50 0.048 49.952
45 50 0.0048 49.9952
49 49.9952 0.0048 49.9904
51 50 0.0048 49.9952
52 50 0.0048 49.9952
53 50 0.0048 49.9952
56 50 0.0048 49.9952
71 50 0.0048 49.9952
78 50 0.0048 49.9952
48 50 0.048 49.952
58 49.7856 0.0048 49.7808
58 49.7808 0.048 49.7328
48 49.952 0.0048 49.9472
48 49.9472 0.16 49.7872
58 49.7328 0.016 49.7168
58 49.7168 0.016 49.7008
48 49.7872 0.0016 49.7856
58 49.7008 0.048 49.6528
48 49.7856 0.0048 49.7808
67 50 0.048 49.952
43 50 0.0048 49.9952
34 50 0.048 49.952
42 50 0.0048 49.9952
64 50 0.048 49.952
30 50 0.048 49.952
35 50 0.0048 49.9952
68 50 0.0048 49.9952
79 50 0.0048 49.9952
25 50 0.048 49.952
57 50 0.0048 49.9952
53 49.9952 0.048 49.9472
49 50 0.0048 49.9952
71 49.9952 0.0048 49.9904
52 49.9952 0.048 49.9472
78 49.9952 0.0048 49.9904
39 50 0.048 49.952
40 50 0.0048 49.9952
63 50 0.0048 49.9952
66 50 0.0048 49.9952
51 49.9952 0.048 49.9472
56 49.9952 0.0048 49.9904
78 49.9904 0.0048 49.9856
70 50 0.048 49.952
46 50 0.048 49.952
84 50 0.048 49.952
73 50 0.048 49.952
38 50 0.0048 49.9952
76 50 0.048 49.952
27 50 0.048 49.952
29 50 0.048 49.952
49 49.9952 0.0048 49.9904
51 50 0.0048 49.9952
52 50 0.0048 49.9952
56 50 0.0048 49.9952
71 50 0.0048 49.9952
78 50 0.0048 49.9952
84 49.952 0.0048 49.9472
58 49.9037 0.048 49.8557
48 49.9171 0.0048 49.9123
67 50 0.048 49.952
43 50 0.0048 49.9952
47 50 0.048 49.952
32 50 0.0048 49.9952
34 50 0.048 49.952
42 50 0.0048 49.9952
64 50 0.048 49.952
25 50 0.0048 49.9952
57 49.9952 0.0048 49.9904
30 50 0.048 49.952
35 50 0.0048 49.9952
68 50 0.0048 49.9952
25 49.9952 0.048 49.9472
57 50 0.0048 49.9952
64 49.952 0.0048 49.9472
75 50 0.048 49.952
53 50 0.048 49.952
49 50 0.0048 49.9952
49 49.9952 0.048 49.9472
71 49.9952 0.0048 49.9904
71 49.9904 0.048 49.9424
53 49.952 0.0096 49.9424
53 49.9424 0.16 49.7824
49 49.9472 0.016 49.9312
49 49.9312 0.016 49.9152
53 49.7824 0.0016 49.7808
49 49.9152 0.048 49.8672
53 49.7808 0.0048 49.776
71 49.9424 0.0048 49.9376
49 49.8672 0.0048 49.8624
49 49.8624 0.16 49.7024
71 49.9376 0.016 49.9216
49 49.7024 0.0016 49.7008
52 49.9952 0.048 49.9472
78 49.9952 0.0048 49.9904
39 50 0.048 49.952
40 50 0.0048 49.9952
66 50 0.0048 49.9952
51 49.9952 0.048 49.9472
78 49.9904 0.0048 49.9856
54 50 0.048 49.952
70 50 0.048 49.952
46 50 0.048 49.952
31 50 0.0048 49.9952
84 50 0.048 49.952
73 50 0.048 49.952
38 50 0.0048 49.9952
76 50 0.048 49.952
76 49.952 0.0048 49.9472
76 49.9472 0.16 49.7872
76 49.7872 0.0016 49.7856
27 50 0.048 49.952
29 50 0.048 49.952
37 50 0.0048 49.9952
51 50 0.0048 49.9952
52 50 0.0048 49.9952
56 50 0.0048 49.9952
78 50 0.0048 49.9952
84 49.952 0.0048 49.9472
58 50 0.048 49.952
48 50 0.0048 49.9952
67 50 0.048 49.952
43 50 0.0048 49.9952
47 50 0.048 49.952
32 50 0.0048 49.9952
34 50 0.048 49.952
64 50 0.048 49.952
25 50 0.0048 49.9952
30 50 0.048 49.952
31 49.9952 0.048 49.9472
46 49.952 0.0048 49.9472
33 50 0.048 49.952
25 49.9952 0.048 49.9472
57 50 0.0048 49.9952
64 49.952 0.0048 49.9472
75 50 0.048 49.952
52 49.9952 0.048 49.9472
78 49.9952 0.0048 49.9904
39 50 0.048 49.952
66 50 0.0048 49.9952
39 49.952 0.0048 49.9472
39 49.9472 0.16 49.7872
39 49.7872 0.0016 49.7856
51 49.9952 0.048 49.9472
56 49.9952 0.0048 49.9904
78 49.9904 0.0048 49.9856
54 50 0.048 49.952
70 50 0.048 49.952
76 49.9647 0.0048 49.9599
46 50 0.048 49.952
31 50 0.0048 49.9952
84 50 0.048 49.952
73 50 0.048 49.952
38 50 0.0048 49.9952
27 50 0.048 49.952
29 50 0.048 49.952
29 49.952 0.0048 49.9472
29 49.9472 0.16 49.7872
29 49.7872 0.0016 49.7856
37 50 0.0048 49.9952
51 50 0.0048 49.9952
56 50 0.0048 49.9952
78 50 0.0048 49.9952
84 49.952 0.0048 49.9472
58 50 0.048 49.952
48 50 0.0048 49.9952
67 50 0.048 49.952
43 50 0.0048 49.9952
47 50 0.048 49.952
32 50 0.0048 49.9952
43 49.9952 0.048 49.9472
67 49.952 0.0048 49.9472
34 50 0.048 49.952
64 50 0.048 49.952
25 50 0.0048 49.9952
64 49.952 0.0048 49.9472
64 49.9472 0.16 49.7872
64 49.7872 0.0016 49.7856
30 50 0.048 49.952
68 50 0.0048 49.9952
31 49.9952 0.048 49.9472
46 49.952 0.0048 49.9472
33 50 0.048 49.952
33 49.952 0.0048 49.9472
33 49.9472 0.16 49.7872
33 49.7872 0.0016 49.7856
25 49.9952 0.048 49.9472
57 50 0.0048 49.9952
64 49.7856 0.0048 49.7808
75 50 0.048 49.952
52 50 0.048 49.952
78 49.9952 0.0048 49.9904
78 49.9904 0.048 49.9424
52 49.952 0.0048 49.9472
52 49.9472 0.16 49.7872
78 49.9424 0.016 49.9264
78 49.9264 0.016 49.9104
52 49.7872 0.0016 49.7856
78 49.9104 0.048 49.8624
52 49.7856 0.0048 49.7808
78 49.8624 0.0048 49.8576
78 49.8576 0.16 49.6976
78 49.6976 0.0016 49.696
26 50 0.048 49.952
82 50 0.0048 49.9952
51 49.9952 0.048 49.9472
56 49.9952 0.0048 49.9904
54 50 0.048 49.952
70 50 0.048 49.952
76 50 0.0048 49.9952
46 50 0.048 49.952
31 50 0.0048 49.9952
84 50 0.048 49.952
73 50 0.048 49.952
27 50 0.048 49.952
30 50 0.0048 49.9952
35 50 0.0048 49.9952
37 50 0.0048 49.9952
68 50 0.0048 49.9952
79 50 0.0048 49.9952
81 50 0.0048 49.9952
84 49.952 0.0048 49.9472
58 50 0.048 49.952
48 50 0.0048 49.9952
67 50 0.048 49.952
43 50 0.0048 49.9952
47 50 0.048 49.952
32 50 0.0048 49.9952
72 50 0.048 49.952
26 49.952 0.0048 49.9472
82 49.9952 0.0048 49.9904
43 49.9952 0.048 49.9472
67 49.952 0.0048 49.9472
62 50 0.048 49.952
42 50 0.048 49.952
34 50 0.048 49.952
30 49.9952 0.048 49.9472
68 49.9952 0.0048 49.9904
79 50 0.0048 49.9952
31 49.9952 0.048 49.9472
46 49.952 0.0048 49.9472
25 50 0.048 49.952
57 50 0.0048 49.9952
75 50 0.048 49.952
75 49.952 0.0048 49.9472
75 49.9472 0.16 49.7872
75 49.7872 0.0016 49.7856
26 50 0.048 49.952
72 50 0.0048 49.9952
82 50 0.0048 49.9952
57 49.9952 0.048 49.9472
25 49.952 0.0048 49.9472
51 50 0.048 49.952
56 50 0.0048 49.9952
78 50 0.0048 49.9952
54 50 0.048 49.952
70 50 0.048 49.952
76 50 0.0048 49.9952
46 50 0.048 49.952
31 50 0.0048 49.9952
60 50 0.048 49.952
84 50 0.048 49.952
73 50 0.048 49.952
27 50 0.048 49.952
30 50 0.0048 49.9952
35 50 0.0048 49.9952
37 50 0.0048 49.9952
68 50 0.0048 49.9952
79 49.9952 0.0048 49.9904
81 50 0.0048 49.9952
58 50 0.048 49.952
48 50 0.0048 49.9952
67 50 0.048 49.952
43 50 0.0048 49.9952
47 50 0.048 49.952
32 50 0.0048 49.9952
72 49.9952 0.048 49.9472
26 49.952 0.0048 49.9472
82 49.9952 0.0048 49.9904
43 49.9952 0.048 49.9472
67 49.952 0.0048 49.9472
62 50 0.048 49.952
42 50 0.048 49.952
34 50 0.0048 49.9952
34 49.9952 0.048 49.9472
42 49.952 0.0048 49.9472
30 49.9952 0.048 49.9472
68 49.9952 0.0048 49.9904
81 49.9952 0.0048 49.9904
31 49.9952 0.048 49.9472
46 49.952 0.0048 49.9472
25 50 0.048 49.952
26 50 0.048 49.952
72 50 0.0048 49.9952
57 50 0.048 49.952
64 50 0.0048 49.9952
51 50 0.048 49.952
54 50 0.048 49.952
70 50 0.048 49.952
76 50 0.0048 49.9952
46 50 0.048 49.952
31 50 0.0048 49.9952
60 50 0.048 49.952
84 50 0.048 49.952
73 50 0.048 49.952
27 50 0.048 49.952
30 50 0.0048 49.9952
35 50 0.0048 49.9952
68 50 0.0048 49.9952
79 50 0.0048 49.9952
81 50 0.0048 49.9952
58 50 0.048 49.952
48 50 0.0048 49.9952
67 50 0.048 49.952
47 50 0.048 49.952
32 50 0.0048 49.9952
72 49.9952 0.048 49.9472
26 49.952 0.0048 49.9472
82 50 0.0048 49.9952
43 50 0.048 49.952
62 50 0.048 49.952
42 50 0.048 49.952
34 50 0.0048 49.9952
34 49.9952 0.048 49.9472
42 49.952 0.0048 49.9472
30 49.9952 0.048 49.9472
68 49.9952 0.0048 49.9904
81 49.9952 0.0048 49.9904
31 49.9952 0.048 49.9472
46 49.952 0.0048 49.9472
25 50 0.048 49.952
57 50 0.0048 49.9952
64 50 0.0048 49.9952
26 50 0.048 49.952
72 50 0.0048 49.9952
82 50 0.0048 49.9952
57 49.9952 0.048 49.9472
25 49.952 0.0048 49.9472
64 49.9952 0.0048 49.9904
59 50 0.048 49.952
61 50 0.0048 49.9952
51 50 0.048 49.952
56 50 0.0048 49.9952
78 50 0.0048 49.9952
54 50 0.048 49.952
70 50 0.048 49.952
76 50 0.0048 49.9952
46 50 0.048 49.952
31 50 0.0048 49.9952
46 49.952 0.0048 49.9472
46 49.9472 0.16 49.7872
46 49.7872 0.0016 49.7856
60 50 0.048 49.952
69 50 0.048 49.952
69 49.952 0.0048 49.9472
69 49.9472 0.16 49.7872
69 49.7872 0.0016 49.7856
84 50 0.048 49.952
84 49.952 0.0048 49.9472
84 49.9472 0.16 49.7872
84 49.7872 0.0016 49.7856
73 50 0.048 49.952
73 49.952 0.0048 49.9472
73 49.9472 0.16 49.7872
73 49.7872 0.0016 49.7856
35 49.9952 0.048 49.9472
27 50 0.048 49.952
74 50 0.048 49.952
30 50 0.0048 49.9952
35 50 0.0048 49.9952
38 50 0.0048 49.9952
68 50 0.0048 49.9952
73 49.7856 0.0048 49.7808
79 50 0.0048 49.9952
81 50 0.0048 49.9952
58 50 0.048 49.952
48 50 0.0048 49.9952
67 50 0.048 49.952
47 50 0.048 49.952
72 49.9952 0.048 49.9472
26 49.952 0.0048 49.9472
71 50 0.048 49.952
53 50 0.0048 49.9952
43 50 0.048 49.952
43 49.952 0.0048 49.9472
43 49.9472 0.16 49.7872
43 49.7872 0.0016 49.7856
62 50 0.048 49.952
42 50 0.048 49.952
34 50 0.0048 49.9952
34 49.9952 0.048 49.9472
42 49.952 0.0048 49.9472
30 49.9952 0.048 49.9472
68 49.9952 0.0048 49.9904
81 49.9952 0.0048 49.9904
31 49.9952 0.048 49.9472
46 49.7856 0.0048 49.7808
25 50 0.048 49.952
64 50 0.0048 49.9952
26 50 0.048 49.952
72 50 0.0048 49.9952
82 50 0.0048 49.9952
57 50 0.048 49.952
59 50 0.048 49.952
61 50 0.0048 49.9952
51 50 0.048 49.952
56 50 0.0048 49.9952
51 49.952 0.0048 49.9472
51 49.9472 0.16 49.7872
51 49.7872 0.0016 49.7856
54 50 0.048 49.952
70 50 0.048 49.952
76 50 0.0048 49.9952
60 50 0.048 49.952
35 49.9952 0.048 49.9472
81 50 0.0048 49.9952
35 49.9472 0.0048 49.9424
35 49.9424 0.16 49.7824
35 49.7824 0.0016 49.7808
27 50 0.048 49.952
27 49.952 0.0048 49.9472
27 49.9472 0.16 49.7872
27 49.7872 0.0016 49.7856
74 50 0.048 49.952
35 50 0.0048 49.9952
38 50 0.0048 49.9952
65 50 0.0048 49.9952
73 50 0.0048 49.9952
58 50 0.048 49.952
48 50 0.0048 49.9952
67 50 0.048 49.952
43 50 0.0048 49.9952
47 50 0.048 49.952
32 50 0.0048 49.9952
72 49.9952 0.048 49.9472
26 49.952 0.0048 49.9472
71 50 0.048 49.952
62 50 0.048 49.952
42 50 0.048 49.952
34 50 0.0048 49.9952
34 49.9952 0.048 49.9472
42 49.952 0.0048 49.9472
30 50 0.048 49.952
68 50 0.0048 49.9952
31 50 0.048 49.952
46 50 0.0048 49.9952
38 49.9952 0.048 49.9472
73 49.9952 0.0048 49.9904
25 50 0.048 49.952
57 50 0.0048 49.9952
26 50 0.048 49.952
72 50 0.0048 49.9952
57 49.9952 0.048 49.9472
25 49.952 0.0048 49.9472
59 50 0.048 49.952
54 50 0.048 49.952
70 50 0.048 49.952
76 50 0.0048 49.9952
60 50 0.048 49.952
60 49.952 0.0048 49.9472
60 49.9472 0.16 49.7872
60 49.7872 0.0016 49.7856
74 50 0.048 49.952
38 50 0.0048 49.9952
55 50 0.0048 49.9952
65 50 0.0048 49.9952
69 50 0.0048 49.9952
73 50 0.0048 49.9952
58 50 0.048 49.952
48 50 0.0048 49.9952
58 49.952 0.0048 49.9472
58 49.9472 0.16 49.7872
58 49.7872 0.0016 49.7856
67 50 0.048 49.952
47 50 0.048 49.952
32 50 0.0048 49.9952
72 49.9952 0.048 49.9472
26 49.952 0.0048 49.9472
71 50 0.048 49.952
62 50 0.048 49.952
42 50 0.048 49.952
34 50 0.048 49.952
34 49.952 0.0048 49.9472
34 49.9472 0.16 49.7872
34 49.7872 0.0016 49.7856
30 50 0.048 49.952
68 50 0.0048 49.9952
31 50 0.048 49.952
38 49.9952 0.048 49.9472
25 50 0.048 49.952
57 50 0.0048 49.9952
26 50 0.048 49.952
40 50 0.048 49.952
66 50 0.0048 49.9952
80 50 0.0048 49.9952
57 49.9952 0.048 49.9472
25 49.952 0.0048 49.9472
59 50 0.048 49.952
59 49.952 0.0048 49.9472
59 49.9472 0.16 49.7872
59 49.7872 0.0016 49.7856
54 50 0.048 49.952
70 50 0.048 49.952
76 50 0.0048 49.9952
32 50 0.048 49.952
47 50 0.0048 49.9952
74 50 0.048 49.952
38 50 0.0048 49.9952
55 50 0.0048 49.9952
65 50 0.0048 49.9952
69 50 0.0048 49.9952
73 50 0.0048 49.9952
67 50 0.048 49.952
47 49.9952 0.048 49.9472
32 49.952 0.0048 49.9472
72 50 0.048 49.952
82 50 0.0048 49.9952
71 50 0.048 49.952
49 50 0.0048 49.9952
53 50 0.0048 49.9952
62 50 0.048 49.952
42 50 0.048 49.952
34 49.9844 0.0048 49.9796
30 50 0.048 49.952
68 50 0.0048 49.9952
31 50 0.048 49.952
38 49.9952 0.048 49.9472
73 49.9952 0.0048 49.9904
25 50 0.048 49.952
57 50 0.0048 49.9952
26 50 0.048 49.952
72 50 0.0048 49.9952
40 50 0.048 49.952
39 50 0.0048 49.9952
39 49.9952 0.048 49.9472
63 50 0.0048 49.9952
63 49.9952 0.048 49.9472
66 50 0.0048 49.9952
83 50 0.0048 49.9952
83 49.9952 0.048 49.9472
40 49.952 0.0192 49.9328
40 49.9328 0.16 49.7728
40 49.7728 0.0016 49.7712
57 49.9952 0.048 49.9472
64 50 0.0048 49.9952
54 50 0.048 49.952
54 49.952 0.0048 49.9472
54 49.9472 0.16 49.7872
54 49.7872 0.0016 49.7856
41 50 0.048 49.952
28 50 0.0048 49.9952
70 50 0.048 49.952
76 50 0.0048 49.9952
81 50 0.048 49.952
30 49.952 0.0048 49.9472
79 50 0.0048 49.9952
32 50 0.048 49.952
47 50 0.0048 49.9952
32 49.952 0.0048 49.9472
32 49.9472 0.16 49.7872
32 49.7872 0.0016 49.7856
74 50 0.048 49.952
80 50 0.048 49.952
28 50 0.0048 49.9952
41 49.952 0.0048 49.9472
55 50 0.0048 49.9952
65 50 0.0048 49.9952
69 50 0.0048 49.9952
77 50 0.0048 49.9952
67 50 0.048 49.952
47 49.9952 0.048 49.9472
32 49.7856 0.0048 49.7808
72 49.9952 0.048 49.9472
82 50 0.0048 49.9952
71 50 0.048 49.952
49 50 0.0048 49.9952
53 50 0.0048 49.9952
62 50 0.048 49.952
42 50 0.048 49.952
34 50 0.0048 49.9952
42 49.952 0.0048 49.9472
42 49.9472 0.16 49.7872
42 49.7872 0.0016 49.7856
30 50 0.048 49.952
68 50 0.0048 49.9952
81 49.952 0.0048 49.9472
31 50 0.048 49.952
38 50 0.048 49.952
73 50 0.0048 49.9952
25 50 0.048 49.952
57 50 0.0048 49.9952
26 50 0.048 49.952
57 49.9952 0.048 49.9472
25 49.952 0.0048 49.9472
36 50 0.048 49.952
41 50 0.048 49.952
77 50 0.0048 49.9952
70 50 0.048 49.952
76 50 0.0048 49.9952
50 50 0.048 49.952
83 50 0.0048 49.9952
81 50 0.048 49.952
35 50 0.0048 49.9952
35 49.9952 0.048 49.9472
79 50 0.0048 49.9952
81 49.952 0.0096 49.9424
81 49.9424 0.16 49.7824
81 49.7824 0.0016 49.7808
74 50 0.048 49.952
78 50 0.048 49.952
51 50 0.0048 49.9952
52 50 0.0048 49.9952
78 49.952 0.0048 49.9472
78 49.9472 0.16 49.7872
78 49.7872 0.0016 49.7856
80 50 0.048 49.952
28 50 0.0048 49.9952
29 50 0.0048 49.9952
41 49.952 0.0048 49.9472
55 50 0.0048 49.9952
69 50 0.0048 49.9952
77 49.9952 0.0048 49.9904
67 50 0.048 49.952
43 50 0.0048 49.9952
47 50 0.048 49.952
32 49.9224 0.0048 49.9176
72 50 0.048 49.952
71 50 0.048 49.952
49 50 0.0048 49.9952
53 50 0.0048 49.9952
62 50 0.048 49.952
62 49.952 0.0048 49.9472
62 49.9472 0.16 49.7872
62 49.7872 0.0016 49.7856
30 50 0.048 49.952
68 50 0.048 49.952
31 50 0.048 49.952
38 50 0.048 49.952
25 50 0.048 49.952
57 50 0.0048 49.9952
64 50 0.0048 49.9952
26 50 0.048 49.952
72 50 0.0048 49.9952
82 50 0.0048 49.9952
44 50 0.048 49.952
44 49.952 0.0048 49.9472
44 49.9472 0.16 49.7872
44 49.7872 0.0016 49.7856
57 49.9952 0.048 49.9472
25 49.952 0.0048 49.9472
36 50 0.048 49.952
41 50 0.048 49.952
77 50 0.0048 49.9952
70 50 0.048 49.952
76 50 0.0048 49.9952
70 49.952 0.0048 49.9472
70 49.9472 0.16 49.7872
70 49.7872 0.0016 49.7856
50 50 0.048 49.952
63 50 0.0048 49.9952
83 50 0.0048 49.9952
74 50 0.048 49.952
80 50 0.048 49.952
39 50 0.0048 49.9952
39 49.9952 0.048 49.9472
80 49.952 0.0048 49.9472
80 49.9472 0.16 49.7872
39 49.9472 0.016 49.9312
39 49.9312 0.016 49.9152
80 49.7872 0.0016 49.7856
39 49.9152 0.048 49.8672
40 50 0.0048 49.9952
66 50 0.0048 49.9952
80 49.7856 0.0048 49.7808
83 49.9952 0.0048 49.9904
39 49.8672 0.0048 49.8624
39 49.8624 0.16 49.7024
39 49.7024 0.0016 49.7008
28 50 0.0048 49.9952
29 50 0.0048 49.9952
41 49.952 0.0048 49.9472
77 49.9952 0.0048 49.9904
67 50 0.048 49.952
43 50 0.0048 49.9952
47 50 0.048 49.952
32 50 0.0048 49.9952
72 49.9952 0.048 49.9472
26 49.952 0.0048 49.9472
71 50 0.048 49.952
53 50 0.0048 49.9952
30 50 0.048 49.952
35 50 0.0048 49.9952
35 49.9952 0.048 49.9472
68 50 0.0048 49.9952
81 50 0.0048 49.9952
30 49.952 0.0048 49.9472
30 49.9472 0.16 49.7872
35 49.9472 0.016 49.9312
35 49.9312 0.016 49.9152
30 49.7872 0.0016 49.7856
35 49.9152 0.048 49.8672
30 49.7856 0.0048 49.7808
79 50 0.0048 49.9952
81 49.9952 0.0048 49.9904
68 49.9952 0.016 49.9792
81 49.9904 0.016 49.9744
68 49.9792 0.048 49.9312
30 49.7808 0.0048 49.776
31 50 0.048 49.952
38 50 0.048 49.952
25 50 0.048 49.952
57 50 0.0048 49.9952
64 50 0.0048 49.9952
26 50 0.048 49.952
72 50 0.0048 49.9952
26 49.952 0.0048 49.9472
26 49.9472 0.16 49.7872
26 49.7872 0.0016 49.7856
57 49.9952 0.048 49.9472
25 49.952 0.0048 49.9472
64 49.9952 0.0048 49.9904
36 50 0.048 49.952
41 50 0.048 49.952
28 49.9952 0.0048 49.9904
77 50 0.0048 49.9952
50 50 0.048 49.952
83 50 0.0048 49.9952
74 50 0.048 49.952
28 50 0.0048 49.9952
29 50 0.0048 49.9952
41 49.952 0.0048 49.9472
77 49.9952 0.0048 49.9904
67 50 0.048 49.952
43 50 0.0048 49.9952
47 50 0.048 49.952
32 50 0.0048 49.9952
72 49.9952 0.048 49.9472
26 49.7856 0.0048 49.7808
71 50 0.048 49.952
53 50 0.0048 49.9952
71 49.952 0.0048 49.9472
71 49.9472 0.16 49.7872
71 49.7872 0.0016 49.7856
35 50 0.048 49.952
30 50 0.0048 49.9952
81 50 0.0048 49.9952
35 49.952 0.0048 49.9472
35 49.9472 0.16 49.7872
35 49.7872 0.0016 49.7856
68 50 0.048 49.952
31 50 0.048 49.952
38 50 0.048 49.952
73 50 0.0048 49.9952
25 50 0.048 49.952
57 50 0.0048 49.9952
64 50 0.0048 49.9952
56 50 0.048 49.952
51 50 0.0048 49.9952
57 49.9952 0.048 49.9472
64 49.9952 0.0048 49.9904
65 50 0.048 49.952
36 50 0.048 49.952
41 50 0.048 49.952
28 49.9952 0.0048 49.9904
77 50 0.0048 49.9952
55 50 0.048 49.952
50 50 0.048 49.952
83 50 0.0048 49.9952
74 50 0.048 49.952
27 50 0.0048 49.9952
29 50 0.0048 49.9952
67 50 0.048 49.952
43 50 0.0048 49.9952
47 50 0.048 49.952
32 50 0.0048 49.9952
72 50 0.048 49.952
26 50 0.0048 49.9952
68 50 0.048 49.952
31 50 0.048 49.952
31 49.952 0.0048 49.9472
31 49.9472 0.16 49.7872
31 49.7872 0.0016 49.7856
38 50 0.048 49.952
73 50 0.0048 49.9952
25 50 0.048 49.952
64 50 0.0048 49.9952
56 50 0.048 49.952
51 50 0.0048 49.9952
57 50 0.048 49.952
64 49.9952 0.0048 49.9904
57 49.952 0.0048 49.9472
57 49.9472 0.16 49.7872
57 49.7872 0.0016 49.7856
65 50 0.048 49.952
65 49.952 0.0048 49.9472
65 49.9472 0.16 49.7872
65 49.7872 0.0016 49.7856
36 50 0.048 49.952
41 50 0.048 49.952
28 50 0.0048 49.9952
82 50 0.048 49.952
55 50 0.048 49.952
50 50 0.048 49.952
63 50 0.0048 49.9952
83 50 0.0048 49.9952
83 49.9952 0.048 49.9472
40 50 0.0048 49.9952
50 50 0.0048 49.9952
63 49.9952 0.0048 49.9904
74 50 0.048 49.952
26 50 0.0048 49.9952
27 50 0.0048 49.9952
44 50 0.0048 49.9952
72 50 0.0048 49.9952
67 50 0.048 49.952
43 50 0.0048 49.9952
47 50 0.048 49.952
32 50 0.0048 49.9952
72 49.9952 0.048 49.9472
26 49.9952 0.0048 49.9904
68 50 0.048 49.952
30 50 0.0048 49.9952
38 50 0.048 49.952
73 50 0.0048 49.9952
25 50 0.048 49.952
66 50 0.048 49.952
39 50 0.0048 49.9952
39 49.9952 0.048 49.9472
40 49.9952 0.0048 49.9904
63 49.9904 0.0048 49.9856
63 49.9856 0.048 49.9376
66 49.952 0.0096 49.9424
66 49.9424 0.16 49.7824
39 49.9472 0.016 49.9312
39 49.9312 0.016 49.9152
66 49.7824 0.0016 49.7808
39 49.9152 0.048 49.8672
40 49.9904 0.0048 49.9856
63 49.9376 0.0048 49.9328
66 49.7808 0.0048 49.776
40 49.9856 0.016 49.9696
63 49.9328 0.016 49.9168
56 50 0.048 49.952
51 50 0.0048 49.9952
78 50 0.0048 49.9952
36 50 0.048 49.952
41 50 0.048 49.952
77 50 0.0048 49.9952
41 49.952 0.0048 49.9472
41 49.9472 0.16 49.7872
41 49.7872 0.0016 49.7856
82 50 0.048 49.952
55 50 0.048 49.952
50 49.9952 0.048 49.9472
63 50 0.0048 49.9952
83 50 0.0048 49.9952
83 49.9952 0.048 49.9472
40 50 0.0048 49.9952
50 50 0.0048 49.9952
63 49.9952 0.0048 49.9904
74 50 0.048 49.952
26 50 0.0048 49.9952
27 50 0.0048 49.9952
44 50 0.0048 49.9952
70 50 0.0048 49.9952
72 50 0.0048 49.9952
76 50 0.0048 49.9952
82 49.952 0.0048 49.9472
67 50 0.048 49.952
43 50 0.0048 49.9952
47 50 0.048 49.952
72 49.9952 0.048 49.9472
26 49.9952 0.0048 49.9904
68 50 0.048 49.952
38 50 0.048 49.952
73 50 0.0048 49.9952
25 50 0.048 49.952
39 50 0.048 49.952
40 49.9952 0.0048 49.9904
66 50 0.0048 49.9952
56 50 0.048 49.952
36 50 0.048 49.952
82 50 0.048 49.952
55 50 0.048 49.952
50 49.9952 0.048 49.9472
63 50 0.0048 49.9952
83 50 0.0048 49.9952
83 49.9952 0.048 49.9472
50 50 0.0048 49.9952
63 49.9952 0.0048 49.9904
74 50 0.048 49.952
26 50 0.0048 49.9952
27 50 0.0048 49.9952
44 50 0.0048 49.9952
60 50 0.0048 49.9952
70 50 0.0048 49.9952
72 50 0.0048 49.9952
76 50 0.0048 49.9952
82 49.952 0.0048 49.9472
28 50 0.048 49.952
77 50 0.0048 49.9952
67 50 0.048 49.952
43 50 0.0048 49.9952
47 50 0.048 49.952
32 50 0.0048 49.9952
72 49.9952 0.048 49.9472
26 49.9952 0.0048 49.9904
68 50 0.048 49.952
30 50 0.0048 49.9952
38 50 0.048 49.952
73 50 0.0048 49.9952
25 50 0.048 49.952
39 50 0.048 49.952
40 50 0.0048 49.9952
80 50 0.0048 49.9952
56 50 0.048 49.952
51 50 0.0048 49.9952
36 50 0.048 49.952
42 50 0.0048 49.9952
42 49.9952 0.048 49.9472
36 49.952 0.0048 49.9472
36 49.9472 0.16 49.7872
42 49.9472 0.016 49.9312
42 49.9312 0.016 49.9152
36 49.7872 0.0016 49.7856
42 49.9152 0.048 49.8672
36 49.7856 0.0048 49.7808
82 50 0.048 49.952
26 50 0.0048 49.9952
55 50 0.048 49.952
50 49.9952 0.048 49.9472
83 50 0.048 49.952
63 50 0.0048 49.9952
74 50 0.048 49.952
61 50 0.048 49.952
26 49.9952 0.0048 49.9904
44 50 0.0048 49.9952
60 50 0.0048 49.9952
70 50 0.0048 49.9952
72 50 0.0048 49.9952
76 50 0.0048 49.9952
82 49.952 0.0048 49.9472
28 50 0.048 49.952
77 50 0.0048 49.9952
67 50 0.048 49.952
47 50 0.048 49.952
32 50 0.0048 49.9952
72 49.9952 0.048 49.9472
26 49.9904 0.0048 49.9856
63 49.9952 0.048 49.9472
83 49.952 0.0048 49.9472
68 50 0.048 49.952
38 50 0.048 49.952
73 50 0.0048 49.9952
25 50 0.048 49.952
39 50 0.048 49.952
80 50 0.0048 49.9952
39 49.952 0.0048 49.9472
39 49.9472 0.16 49.7872
39 49.7872 0.0016 49.7856
56 50 0.048 49.952
51 50 0.0048 49.9952
42 50 0.048 49.952
42 49.952 0.0048 49.9472
42 49.9472 0.16 49.7872
42 49.7872 0.0016 49.7856
82 50 0.048 49.952
26 50 0.0048 49.9952
55 50 0.048 49.952
50 50 0.048 49.952
83 50 0.0048 49.9952
50 49.952 0.0048 49.9472
50 49.9472 0.16 49.7872
50 49.7872 0.0016 49.7856
83 49.9952 0.048 49.9472
50 50 0.0048 49.9952
63 50 0.0048 49.9952
74 50 0.048 49.952
74 49.952 0.0048 49.9472
74 49.9472 0.16 49.7872
74 49.7872 0.0016 49.7856
61 50 0.048 49.952
60 50 0.0048 49.9952
70 50 0.0048 49.9952
76 50 0.0048 49.9952
82 49.952 0.0048 49.9472
28 50 0.048 49.952
77 50 0.0048 49.9952
67 50 0.048 49.952
47 50 0.048 49.952
72 50 0.048 49.952
26 49.9952 0.0048 49.9904
63 49.9952 0.048 49.9472
37 50 0.048 49.952
68 50 0.048 49.952
38 50 0.048 49.952
73 50 0.0048 49.9952
25 50 0.048 49.952
56 50 0.048 49.952
51 50 0.0048 49.9952
82 50 0.048 49.952
55 50 0.048 49.952
83 50 0.048 49.952
50 50 0.0048 49.9952
63 50 0.0048 49.9952
66 50 0.0048 49.9952
61 50 0.048 49.952
59 50 0.0048 49.9952
79 50 0.048 49.952
30 50 0.0048 49.9952
35 50 0.0048 49.9952
35 49.9952 0.048 49.9472
81 50 0.0048 49.9952
79 49.952 0.0048 49.9472
79 49.9472 0.16 49.7872
30 49.9952 0.016 49.9792
35 49.9472 0.016 49.9312
35 49.9312 0.016 49.9152
79 49.7872 0.0016 49.7856
35 49.9152 0.048 49.8672
79 49.7856 0.0048 49.7808
81 49.9952 0.016 49.9792
60 50 0.0048 49.9952
28 50 0.048 49.952
41 50 0.0048 49.9952
77 50 0.0048 49.9952
28 49.952 0.0048 49.9472
28 49.9472 0.16 49.7872
28 49.7872 0.0016 49.7856
67 50 0.048 49.952
47 50 0.048 49.952
72 50 0.048 49.952
63 49.9952 0.048 49.9472
50 49.9952 0.0048 49.9904
66 49.9952 0.0048 49.9904
83 49.952 0.0048 49.9472
37 50 0.048 49.952
68 50 0.048 49.952
30 49.9792 0.0048 49.9744
38 50 0.048 49.952
73 50 0.0048 49.9952
25 50 0.048 49.952
57 50 0.0048 49.9952
56 50 0.048 49.952
82 50 0.048 49.952
55 50 0.048 49.952
83 50 0.048 49.952
50 50 0.0048 49.9952
63 50 0.0048 49.9952
66 50 0.0048 49.9952
61 50 0.048 49.952
59 50 0.0048 49.9952
35 50 0.048 49.952
30 50 0.0048 49.9952
79 49.9923 0.0048 49.9875
81 50 0.0048 49.9952
67 50 0.048 49.952
47 50 0.048 49.952
32 50 0.0048 49.9952
72 50 0.048 49.952
72 49.952 0.0048 49.9472
72 49.9472 0.16 49.7872
72 49.7872 0.0016 49.7856
63 49.9952 0.048 49.9472
40 50 0.0048 49.9952
50 49.9952 0.0048 49.9904
66 49.9952 0.0048 49.9904
83 49.952 0.0048 49.9472
37 50 0.048 49.952
68 50 0.048 49.952
68 49.952 0.0048 49.9472
68 49.9472 0.16 49.7872
68 49.7872 0.0016 49.7856
38 50 0.048 49.952
25 50 0.048 49.952
57 50 0.0048 49.9952
56 50 0.048 49.952
82 50 0.048 49.952
55 50 0.048 49.952
83 50 0.048 49.952
50 50 0.0048 49.9952
63 50 0.0048 49.9952
66 50 0.0048 49.9952
61 50 0.048 49.952
59 50 0.0048 49.9952
35 50 0.048 49.952
30 50 0.0048 49.9952
79 50 0.0048 49.9952
81 50 0.0048 49.9952
67 50 0.048 49.952
43 50 0.0048 49.9952
47 50 0.048 49.952
32 50 0.0048 49.9952
47 49.952 0.0048 49.9472
47 49.9472 0.16 49.7872
47 49.7872 0.0016 49.7856
63 49.9952 0.048 49.9472
40 50 0.0048 49.9952
50 49.9952 0.0048 49.9904
66 49.9952 0.0048 49.9904
83 49.952 0.0048 49.9472
37 50 0.048 49.952
38 50 0.048 49.952
38 49.952 0.0048 49.9472
38 49.9472 0.16 49.7872
38 49.7872 0.0016 49.7856
25 50 0.048 49.952
57 50 0.0048 49.9952
64 50 0.0048 49.9952
56 50 0.048 49.952
51 50 0.0048 49.9952
82 50 0.048 49.952
55 50 0.048 49.952
83 50 0.048 49.952
40 50 0.0048 49.9952
50 50 0.0048 49.9952
63 50 0.0048 49.9952
66 50 0.0048 49.9952
61 50 0.048 49.952
59 50 0.0048 49.9952
35 50 0.048 49.952
30 50 0.0048 49.9952
79 50 0.0048 49.9952
81 50 0.0048 49.9952
67 50 0.048 49.952
43 50 0.0048 49.9952
63 49.9952 0.048 49.9472
50 49.9952 0.0048 49.9904
66 49.9952 0.0048 49.9904
80 50 0.0048 49.9952
83 49.952 0.0048 49.9472
37 50 0.048 49.952
25 50 0.048 49.952
57 50 0.0048 49.9952
64 50 0.0048 49.9952
56 50 0.048 49.952
51 50 0.0048 49.9952
56 49.952 0.0048 49.9472
56 49.9472 0.16 49.7872
56 49.7872 0.0016 49.7856
39 50 0.048 49.952
40 49.9952 0.0048 49.9904
80 49.9952 0.0048 49.9904
45 50 0.048 49.952
82 50 0.048 49.952
82 49.952 0.0048 49.9472
82 49.9472 0.16 49.7872
82 49.7872 0.0016 49.7856
55 50 0.048 49.952
83 50 0.048 49.952
50 50 0.0048 49.9952
63 50 0.0048 49.9952
66 50 0.0048 49.9952
61 50 0.048 49.952
59 50 0.0048 49.9952
35 50 0.048 49.952
79 50 0.0048 49.9952
67 50 0.048 49.952
43 50 0.0048 49.9952
63 49.9952 0.048 49.9472
39 50 0.0048 49.9952
40 50 0.0048 49.9952
50 49.9952 0.0048 49.9904
66 49.9952 0.0048 49.9904
80 50 0.0048 49.9952
83 49.952 0.0048 49.9472
37 50 0.048 49.952
25 50 0.048 49.952
39 49.9952 0.048 49.9472
40 49.9952 0.0048 49.9904
63 49.9472 0.0048 49.9424
80 49.9952 0.0048 49.9904
45 50 0.048 49.952
55 50 0.048 49.952
83 50 0.048 49.952
50 50 0.0048 49.9952
66 50 0.0048 49.9952
61 50 0.048 49.952
59 50 0.0048 49.9952
35 50 0.048 49.952
30 50 0.0048 49.9952
79 50 0.0048 49.9952
67 50 0.048 49.952
43 50 0.0048 49.9952
63 50 0.048 49.952
39 50 0.0048 49.9952
40 50 0.0048 49.9952
50 49.9952 0.0048 49.9904
66 49.9952 0.0048 49.9904
80 50 0.0048 49.9952
37 50 0.048 49.952
25 50 0.048 49.952
39 49.9952 0.048 49.9472
40 49.9952 0.0048 49.9904
63 49.952 0.0048 49.9472
66 50 0.0048 49.9952
45 50 0.048 49.952
55 50 0.048 49.952
83 50 0.048 49.952
50 50 0.0048 49.9952
66 49.9952 0.0048 49.9904
61 50 0.048 49.952
59 50 0.0048 49.9952
35 50 0.048 49.952
30 50 0.0048 49.9952
79 50 0.0048 49.9952
67 50 0.048 49.952
63 50 0.048 49.952
39 50 0.0048 49.9952
40 50 0.0048 49.9952
50 49.9952 0.0048 49.9904
66 49.9904 0.0048 49.9856
80 50 0.0048 49.9952
37 50 0.048 49.952
37 49.952 0.0048 49.9472
37 49.9472 0.16 49.7872
37 49.7872 0.0016 49.7856
25 50 0.048 49.952
57 50 0.0048 49.9952
64 50 0.0048 49.9952
39 49.9952 0.048 49.9472
63 49.952 0.0048 49.9472
66 50 0.0048 49.9952
39 49.9472 0.0048 49.9424
39 49.9424 0.16 49.7824
39 49.7824 0.0016 49.7808
45 50 0.048 49.952
55 50 0.048 49.952
83 50 0.048 49.952
40 50 0.0048 49.9952
50 50 0.0048 49.9952
63 50 0.0048 49.9952
80 49.9952 0.0048 49.9904
61 50 0.048 49.952
59 50 0.0048 49.9952
35 50 0.048 49.952
30 50 0.0048 49.9952
79 50 0.0048 49.9952
36 50 0.0048 49.9952
42 50 0.0048 49.9952
67 50 0.048 49.952
67 49.952 0.0048 49.9472
67 49.9472 0.16 49.7872
67 49.7872 0.0016 49.7856
63 49.9952 0.048 49.9472
39 50 0.0048 49.9952
50 49.9952 0.0048 49.9904
66 49.9952 0.0048 49.9904
25 50 0.048 49.952
64 50 0.0048 49.9952
25 49.952 0.0048 49.9472
25 49.9472 0.16 49.7872
25 49.7872 0.0016 49.7856
45 50 0.048 49.952
55 50 0.048 49.952
27 50 0.048 49.952
83 50 0.048 49.952
39 50 0.0048 49.9952
40 50 0.0048 49.9952
50 50 0.0048 49.9952
66 50 0.0048 49.9952
80 50 0.0048 49.9952
61 50 0.048 49.952
59 50 0.0048 49.9952
61 49.952 0.0048 49.9472
61 49.9472 0.16 49.7872
61 49.7872 0.0016 49.7856
35 50 0.048 49.952
30 50 0.0048 49.9952
79 50 0.0048 49.9952
34 50 0.0048 49.9952
36 50 0.0048 49.9952
42 50 0.0048 49.9952
63 50 0.048 49.952
66 49.9952 0.0048 49.9904
83 49.952 0.0048 49.9472
45 50 0.048 49.952
45 49.952 0.0048 49.9472
45 49.9472 0.16 49.7872
45 49.7872 0.0016 49.7856
55 50 0.048 49.952
27 50 0.048 49.952
83 50 0.048 49.952
50 50 0.0048 49.9952
63 50 0.0048 49.9952
66 50 0.0048 49.9952
80 50 0.0048 49.9952
83 49.952 0.0048 49.9472
83 49.9472 0.16 49.7872
83 49.7872 0.0016 49.7856
35 50 0.048 49.952
79 50 0.0048 49.9952
34 50 0.0048 49.9952
36 50 0.0048 49.9952
42 50 0.0048 49.9952
54 50 0.0048 49.9952
63 49.9952 0.048 49.9472
50 49.9952 0.0048 49.9904
66 49.9952 0.0048 49.9904
83 49.7856 0.0048 49.7808
63 49.9472 0.0048 49.9424
63 49.9424 0.16 49.7824
63 49.7824 0.0016 49.7808
46 50 0.048 49.952
31 50 0.0048 49.9952
55 50 0.048 49.952
55 49.952 0.0048 49.9472
55 49.9472 0.16 49.7872
55 49.7872 0.0016 49.7856
27 50 0.048 49.952
35 50 0.048 49.952
79 50 0.0048 49.9952
81 50 0.0048 49.9952
35 49.952 0.0048 49.9472
35 49.9472 0.16 49.7872
35 49.7872 0.0016 49.7856
34 50 0.0048 49.9952
36 50 0.0048 49.9952
42 50 0.0048 49.9952
54 50 0.0048 49.9952
74 50 0.0048 49.9952
46 50 0.048 49.952
42 50 0.048 49.952
27 50 0.048 49.952
34 50 0.0048 49.9952
54 50 0.0048 49.9952
74 50 0.0048 49.9952
75 50 0.0048 49.9952
46 50 0.048 49.952
31 50 0.0048 49.9952
53 50 0.048 49.952
71 50 0.0048 49.9952
71 49.9952 0.048 49.9472
53 49.952 0.0048 49.9472
53 49.9472 0.16 49.7872
71 49.9472 0.016 49.9312
71 49.9312 0.016 49.9152
53 49.7872 0.0016 49.7856
71 49.9152 0.048 49.8672
53 49.7856 0.0048 49.7808
71 49.8672 0.0048 49.8624
71 49.8624 0.16 49.7024
71 49.7024 0.0016 49.7008
42 50 0.048 49.952
27 50 0.048 49.952
54 50 0.0048 49.9952
74 50 0.0048 49.9952
75 50 0.0048 49.9952
46 50 0.048 49.952
31 50 0.0048 49.9952
42 50 0.048 49.952
42 49.952 0.0048 49.9472
42 49.9472 0.16 49.7872
42 49.7872 0.0016 49.7856
27 50 0.048 49.952
74 50 0.0048 49.9952
75 50 0.0048 49.9952
84 50 0.048 49.952
46 50 0.048 49.952
31 50 0.0048 49.9952
46 49.952 0.0048 49.9472
46 49.9472 0.16 49.7872
46 49.7872 0.0016 49.7856
77 50 0.048 49.952
41 50 0.0048 49.9952
27 50 0.048 49.952
48 50 0.0048 49.9952
58 50 0.0048 49.9952
75 50 0.0048 49.9952
84 50 0.048 49.952
77 50 0.048 49.952
27 50 0.048 49.952
32 50 0.0048 49.9952
33 50 0.0048 49.9952
48 50 0.0048 49.9952
58 50 0.0048 49.9952
84 50 0.048 49.952
48 49.9952 0.048 49.9472
58 50 0.0048 49.9952
77 50 0.048 49.952
27 50 0.048 49.952
32 50 0.0048 49.9952
33 50 0.0048 49.9952
43 50 0.0048 49.9952
47 50 0.0048 49.9952
48 50 0.0048 49.9952
58 49.9952 0.0048 49.9904
67 50 0.0048 49.9952
84 50 0.048 49.952
32 50 0.048 49.952
47 49.9952 0.0048 49.9904
69 50 0.048 49.952
29 50 0.048 49.952
48 49.9952 0.048 49.9472
77 50 0.048 49.952
27 50 0.048 49.952
32 49.952 0.0048 49.9472
33 50 0.0048 49.9952
43 50 0.0048 49.9952
47 50 0.0048 49.9952
48 50 0.0048 49.9952
58 50 0.0048 49.9952
67 50 0.0048 49.9952
84 50 0.048 49.952
32 50 0.048 49.952
32 49.952 0.0048 49.9472
32 49.9472 0.16 49.7872
32 49.7872 0.0016 49.7856
69 50 0.048 49.952
43 49.9952 0.048 49.9472
47 49.9952 0.0048 49.9904
67 49.9952 0.0048 49.9904
29 50 0.048 49.952
48 49.9952 0.048 49.9472
48 49.9472 0.0048 49.9424
48 49.9424 0.16 49.7824
48 49.7824 0.0016 49.7808
77 50 0.048 49.952
41 50 0.0048 49.9952
33 50 0.048 49.952
27 50 0.048 49.952
32 49.7856 0.0048 49.7808
33 49.952 0.0048 49.9472
43 50 0.0048 49.9952
47 50 0.0048 49.9952
67 50 0.0048 49.9952
84 50 0.048 49.952
69 50 0.048 49.952
43 49.9952 0.048 49.9472
47 49.9952 0.0048 49.9904
67 49.9952 0.0048 49.9904
29 50 0.048 49.952
77 50 0.048 49.952
41 50 0.0048 49.9952
33 50 0.048 49.952
27 50 0.048 49.952
43 50 0.0048 49.9952
47 50 0.0048 49.9952
62 50 0.0048 49.9952
67 50 0.0048 49.9952
84 50 0.048 49.952
69 50 0.048 49.952
43 49.9952 0.048 49.9472
47 49.9952 0.0048 49.9904
67 49.9952 0.0048 49.9904
29 50 0.048 49.952
29 49.952 0.0048 49.9472
29 49.9472 0.16 49.7872
29 49.7872 0.0016 49.7856
49 50 0.048 49.952
71 50 0.0048 49.9952
77 50 0.048 49.952
28 50 0.0048 49.9952
41 50 0.0048 49.9952
33 50 0.048 49.952
58 50 0.048 49.952
27 50 0.048 49.952
26 50 0.048 49.952
25 50 0.0048 49.9952
57 50 0.0048 49.9952
62 50 0.0048 49.9952
64 50 0.0048 49.9952
84 50 0.048 49.952
69 50 0.048 49.952
43 50 0.048 49.952
47 50 0.0048 49.9952
67 50 0.0048 49.9952
49 50 0.048 49.952
71 50 0.0048 49.9952
77 50 0.048 49.952
28 50 0.0048 49.9952
77 49.952 0.0048 49.9472
77 49.9472 0.16 49.7872
77 49.7872 0.0016 49.7856
33 50 0.048 49.952
58 50 0.048 49.952
48 50 0.0048 49.9952
27 50 0.048 49.952
26 50 0.048 49.952
72 50 0.0048 49.9952
25 50 0.0048 49.9952
57 50 0.0048 49.9952
62 50 0.0048 49.9952
64 50 0.0048 49.9952
84 50 0.048 49.952
69 50 0.048 49.952
43 50 0.048 49.952
67 50 0.0048 49.9952
49 50 0.048 49.952
53 50 0.0048 49.9952
71 50 0.0048 49.9952
33 50 0.048 49.952
58 50 0.048 49.952
27 50 0.048 49.952
26 50 0.048 49.952
72 50 0.0048 49.9952
25 50 0.0048 49.9952
31 50 0.0048 49.9952
46 50 0.0048 49.9952
57 50 0.0048 49.9952
62 50 0.0048 49.9952
64 50 0.0048 49.9952
84 50 0.048 49.952
69 50 0.048 49.952
43 50 0.048 49.952
67 50 0.0048 49.9952
49 50 0.048 49.952
53 50 0.0048 49.9952
71 50 0.0048 49.9952
33 50 0.048 49.952
58 50 0.048 49.952
27 50 0.048 49.952
26 50 0.048 49.952
72 50 0.0048 49.9952
25 50 0.0048 49.9952
31 50 0.0048 49.9952
46 50 0.0048 49.9952
57 50 0.0048 49.9952
64 50 0.0048 49.9952
64 49.9952 0.048 49.9472
25 49.9952 0.0048 49.9904
57 49.9952 0.0048 49.9904
84 50 0.048 49.952
72 50 0.048 49.952
26 49.952 0.0048 49.9472
69 50 0.048 49.952
69 49.952 0.0048 49.9472
69 49.9472 0.16 49.7872
69 49.7872 0.0016 49.7856
43 50 0.048 49.952
47 50 0.0048 49.9952
67 50 0.0048 49.9952
79 50 0.048 49.952
35 50 0.0048 49.9952
35 49.9952 0.048 49.9472
81 50 0.0048 49.9952
79 49.952 0.0048 49.9472
79 49.9472 0.16 49.7872
35 49.9472 0.016 49.9312
35 49.9312 0.016 49.9152
79 49.7872 0.0016 49.7856
35 49.9152 0.048 49.8672
79 49.7856 0.0048 49.7808
81 49.9952 0.016 49.9792
49 50 0.048 49.952
71 50 0.0048 49.9952
76 50 0.048 49.952
82 50 0.0048 49.9952
33 50 0.048 49.952
48 50 0.0048 49.9952
58 50 0.048 49.952
58 49.952 0.0048 49.9472
58 49.9472 0.16 49.7872
58 49.7872 0.0016 49.7856
27 50 0.048 49.952
26 50 0.048 49.952
72 49.952 0.0048 49.9472
25 50 0.0048 49.9952
31 50 0.0048 49.9952
46 50 0.0048 49.9952
64 50 0.0048 49.9952
64 49.9952 0.048 49.9472
25 49.9952 0.0048 49.9904
57 50 0.0048 49.9952
84 50 0.048 49.952
78 50 0.048 49.952
52 50 0.0048 49.9952
72 50 0.048 49.952
26 49.952 0.0048 49.9472
72 49.952 0.0048 49.9472
72 49.9472 0.16 49.7872
72 49.7872 0.0016 49.7856
43 50 0.048 49.952
47 50 0.0048 49.9952
67 50 0.0048 49.9952
70 50 0.048 49.952
60 50 0.0048 49.9952
60 49.9952 0.048 49.9472
70 49.952 0.0048 49.9472
70 49.9472 0.16 49.7872
60 49.9472 0.016 49.9312
60 49.9312 0.016 49.9152
70 49.7872 0.0016 49.7856
60 49.9152 0.048 49.8672
70 49.7856 0.0048 49.7808
35 50 0.048 49.952
30 50 0.0048 49.9952
79 49.9581 0.0048 49.9533
81 50 0.0048 49.9952
49 50 0.048 49.952
53 50 0.0048 49.9952
71 50 0.0048 49.9952
76 50 0.048 49.952
82 50 0.0048 49.9952
76 49.952 0.0048 49.9472
76 49.9472 0.16 49.7872
76 49.7872 0.0016 49.7856
33 50 0.048 49.952
27 50 0.048 49.952
26 50 0.048 49.952
31 50 0.0048 49.9952
46 50 0.0048 49.9952
75 50 0.048 49.952
64 50 0.048 49.952
25 50 0.0048 49.9952
57 50 0.0048 49.9952
84 50 0.048 49.952
78 50 0.048 49.952
52 50 0.0048 49.9952
43 50 0.048 49.952
47 50 0.0048 49.9952
67 50 0.0048 49.9952
60 50 0.048 49.952
35 50 0.048 49.952
81 50 0.0048 49.9952
49 50 0.048 49.952
71 50 0.0048 49.9952
33 50 0.048 49.952
27 50 0.048 49.952
26 50 0.048 49.952
39 50 0.0048 49.9952
40 50 0.0048 49.9952
63 50 0.0048 49.9952
66 50 0.0048 49.9952
80 50 0.0048 49.9952
83 50 0.0048 49.9952
75 50 0.048 49.952
64 50 0.048 49.952
25 50 0.0048 49.9952
57 50 0.0048 49.9952
84 50 0.048 49.952
78 50 0.048 49.952
52 50 0.0048 49.9952
43 50 0.048 49.952
47 50 0.0048 49.9952
67 50 0.0048 49.9952
60 50 0.048 49.952
35 50 0.048 49.952
79 50 0.0048 49.9952
81 50 0.0048 49.9952
49 50 0.048 49.952
71 50 0.0048 49.9952
52 49.9952 0.048 49.9472
78 49.952 0.0048 49.9472
33 50 0.048 49.952
33 49.952 0.0048 49.9472
33 49.9472 0.16 49.7872
33 49.7872 0.0016 49.7856
27 50 0.048 49.952
26 50 0.048 49.952
72 50 0.0048 49.9952
39 50 0.0048 49.9952
40 50 0.0048 49.9952
50 50 0.0048 49.9952
59 50 0.0048 49.9952
61 50 0.0048 49.9952
63 50 0.0048 49.9952
66 50 0.0048 49.9952
80 50 0.0048 49.9952
83 50 0.0048 49.9952
75 50 0.048 49.952
81 50 0.048 49.952
35 50 0.0048 49.9952
79 50 0.0048 49.9952
81 49.952 0.0048 49.9472
81 49.9472 0.16 49.7872
81 49.7872 0.0016 49.7856
47 50 0.048 49.952
32 50 0.0048 49.9952
43 50 0.0048 49.9952
64 50 0.048 49.952
84 50 0.048 49.952
78 50 0.048 49.952
52 50 0.0048 49.9952
43 49.9952 0.048 49.9472
32 50 0.0048 49.9952
47 49.952 0.0048 49.9472
60 50 0.048 49.952
35 49.9952 0.048 49.9472
79 49.9952 0.0048 49.9904
81 49.7856 0.0048 49.7808
49 50 0.048 49.952
53 50 0.0048 49.9952
71 50 0.0048 49.9952
52 49.9952 0.048 49.9472
78 49.952 0.0048 49.9472
27 50 0.048 49.952
26 50 0.048 49.952
72 50 0.0048 49.9952
26 49.952 0.0048 49.9472
26 49.9472 0.16 49.7872
26 49.7872 0.0016 49.7856
39 50 0.0048 49.9952
40 50 0.0048 49.9952
45 50 0.0048 49.9952
50 50 0.0048 49.9952
59 50 0.0048 49.9952
61 50 0.0048 49.9952
63 50 0.0048 49.9952
66 50 0.0048 49.9952
80 50 0.0048 49.9952
83 50 0.0048 49.9952
75 50 0.048 49.952
47 50 0.048 49.952
32 49.9952 0.0048 49.9904
43 50 0.0048 49.9952
64 50 0.048 49.952
25 50 0.0048 49.9952
64 49.952 0.0048 49.9472
64 49.9472 0.16 49.7872
64 49.7872 0.0016 49.7856
84 50 0.048 49.952
78 50 0.048 49.952
52 50 0.0048 49.9952
78 49.952 0.0048 49.9472
78 49.9472 0.16 49.7872
78 49.7872 0.0016 49.7856
30 50 0.048 49.952
43 49.9952 0.048 49.9472
67 50 0.0048 49.9952
36 50 0.048 49.952
60 50 0.048 49.952
35 50 0.048 49.952
79 50 0.0048 49.9952
81 49.9365 0.0048 49.9317
49 50 0.048 49.952
53 50 0.0048 49.9952
71 50 0.0048 49.9952
52 49.9952 0.048 49.9472
78 49.7856 0.0048 49.7808
78 49.7808 0.048 49.7328
52 49.9472 0.0048 49.9424
52 49.9424 0.16 49.7824
78 49.7328 0.016 49.7168
78 49.7168 0.016 49.7008
52 49.7824 0.0016 49.7808
78 49.7008 0.048 49.6528
52 49.7808 0.0048 49.776
78 49.6528 0.0048 49.648
78 49.648 0.16 49.488
78 49.488 0.0016 49.4864
73 50 0.048 49.952
38 50 0.0048 49.9952
62 50 0.048 49.952
27 50 0.048 49.952
39 50 0.0048 49.9952
40 50 0.0048 49.9952
45 50 0.0048 49.9952
49 49.952 0.0048 49.9472
50 50 0.0048 49.9952
53 50 0.0048 49.9952
59 50 0.0048 49.9952
61 50 0.0048 49.9952
63 50 0.0048 49.9952
66 50 0.0048 49.9952
71 50 0.0048 49.9952
80 50 0.0048 49.9952
83 50 0.0048 49.9952
75 50 0.048 49.952
47 50 0.048 49.952
32 50 0.0048 49.9952
84 50 0.048 49.952
30 50 0.048 49.952
35 50 0.0048 49.9952
43 50 0.048 49.952
47 49.952 0.0048 49.9472
67 50 0.0048 49.9952
36 50 0.048 49.952
83 50 0.048 49.952
50 49.9952 0.0048 49.9904
63 49.9952 0.0048 49.9904
60 50 0.048 49.952
70 50 0.0048 49.9952
35 49.9952 0.048 49.9472
30 49.952 0.0048 49.9472
79 50 0.0048 49.9952
49 50 0.048 49.952
53 49.9952 0.0048 49.9904
71 49.9952 0.0048 49.9904
73 50 0.048 49.952
62 50 0.048 49.952
27 50 0.048 49.952
45 50 0.0048 49.9952
49 49.952 0.0048 49.9472
50 50 0.0048 49.9952
53 50 0.0048 49.9952
59 50 0.0048 49.9952
61 50 0.0048 49.9952
71 50 0.0048 49.9952
83 49.952 0.0048 49.9472
75 50 0.048 49.952
47 50 0.048 49.952
32 50 0.0048 49.9952
84 50 0.048 49.952
30 50 0.048 49.952
35 50 0.0048 49.9952
68 50 0.0048 49.9952
43 50 0.048 49.952
67 50 0.0048 49.9952
36 50 0.048 49.952
42 50 0.0048 49.9952
83 50 0.048 49.952
63 50 0.0048 49.9952
83 49.952 0.0048 49.9472
83 49.9472 0.16 49.7872
83 49.7872 0.0016 49.7856
60 50 0.048 49.952
70 50 0.0048 49.9952
35 49.9952 0.048 49.9472
30 49.952 0.0048 49.9472
79 50 0.0048 49.9952
81 50 0.0048 49.9952
49 50 0.048 49.952
71 49.9952 0.0048 49.9904
73 50 0.048 49.952
38 50 0.0048 49.9952
62 50 0.048 49.952
27 50 0.048 49.952
27 49.952 0.0048 49.9472
27 49.9472 0.16 49.7872
27 49.7872 0.0016 49.7856
45 50 0.0048 49.9952
49 49.952 0.0048 49.9472
52 50 0.0048 49.9952
53 50 0.0048 49.9952
71 50 0.0048 49.9952
78 50 0.0048 49.9952
75 50 0.048 49.952
47 50 0.048 49.952
32 50 0.0048 49.9952
28 50 0.048 49.952
28 49.952 0.0048 49.9472
28 49.9472 0.16 49.7872
28 49.7872 0.0016 49.7856
84 50 0.048 49.952
30 50 0.048 49.952
82 50 0.048 49.952
43 50 0.048 49.952
47 49.952 0.0048 49.9472
67 50 0.0048 49.9952
36 50 0.048 49.952
42 50 0.0048 49.9952
60 50 0.048 49.952
70 50 0.0048 49.9952
35 50 0.048 49.952
79 50 0.0048 49.9952
49 50 0.048 49.952
71 49.9952 0.0048 49.9904
73 50 0.048 49.952
62 50 0.048 49.952
49 49.952 0.0048 49.9472
51 50 0.0048 49.9952
52 50 0.0048 49.9952
53 50 0.0048 49.9952
56 50 0.0048 49.9952
71 50 0.0048 49.9952
78 50 0.0048 49.9952
84 50 0.0048 49.9952
75 50 0.048 49.952
47 50 0.048 49.952
32 50 0.0048 49.9952
43 50 0.0048 49.9952
65 50 0.048 49.952
38 50 0.0048 49.9952
65 49.952 0.0048 49.9472
65 49.9472 0.16 49.7872
65 49.7872 0.0016 49.7856
84 49.9952 0.048 49.9472
30 50 0.048 49.952
68 50 0.0048 49.9952
82 50 0.048 49.952
43 49.9952 0.048 49.9472
47 49.952 0.0048 49.9472
36 50 0.048 49.952
42 50 0.0048 49.9952
60 50 0.048 49.952
70 50 0.0048 49.9952
35 50 0.048 49.952
79 50 0.0048 49.9952
81 50 0.0048 49.9952
49 50 0.048 49.952
53 49.9952 0.0048 49.9904
71 49.9952 0.0048 49.9904
49 49.952 0.0048 49.9472
49 49.9472 0.16 49.7872
49 49.7872 0.0016 49.7856
73 50 0.048 49.952
38 49.9952 0.0048 49.9904
62 50 0.048 49.952
62 49.952 0.0048 49.9472
62 49.9472 0.16 49.7872
62 49.7872 0.0016 49.7856
51 50 0.0048 49.9952
52 50 0.0048 49.9952
56 50 0.0048 49.9952
78 50 0.0048 49.9952
84 50 0.0048 49.9952
75 50 0.048 49.952
47 50 0.048 49.952
32 50 0.0048 49.9952
43 50 0.0048 49.9952
84 49.9952 0.048 49.9472
30 50 0.048 49.952
68 50 0.0048 49.9952
82 50 0.048 49.952
76 50 0.0048 49.9952
82 49.952 0.0048 49.9472
82 49.9472 0.16 49.7872
82 49.7872 0.0016 49.7856
43 49.9952 0.048 49.9472
47 49.952 0.0048 49.9472
36 50 0.048 49.952
42 50 0.0048 49.9952
60 50 0.048 49.952
70 50 0.0048 49.9952
35 50 0.048 49.952
79 50 0.0048 49.9952
41 50 0.048 49.952
31 50 0.048 49.952
31 49.952 0.0048 49.9472
31 49.9472 0.16 49.7872
31 49.7872 0.0016 49.7856
57 50 0.048 49.952
25 50 0.0048 49.9952
25 49.9952 0.048 49.9472
64 50 0.0048 49.9952
64 49.9952 0.048 49.9472
57 49.952 0.0096 49.9424
57 49.9424 0.16 49.7824
25 49.9472 0.016 49.9312
64 49.9472 0.016 49.9312
64 49.9312 0.016 49.9152
57 49.7824 0.0016 49.7808
64 49.9152 0.048 49.8672
25 49.9312 0.0048 49.9264
57 49.7808 0.0048 49.776
73 50 0.048 49.952
38 50 0.0048 49.9952
65 50 0.0048 49.9952
65 49.9952 0.048 49.9472
73 49.952 0.0048 49.9472
73 49.9472 0.16 49.7872
38 49.9952 0.016 49.9792
65 49.9472 0.016 49.9312
65 49.9312 0.016 49.9152
73 49.7872 0.0016 49.7856
65 49.9152 0.048 49.8672
38 49.9792 0.0048 49.9744
73 49.7856 0.0048 49.7808
37 50 0.0048 49.9952
51 50 0.0048 49.9952
52 50 0.0048 49.9952
56 50 0.0048 49.9952
78 50 0.0048 49.9952
84 50 0.0048 49.9952
75 50 0.048 49.952
75 49.952 0.0048 49.9472
75 49.9472 0.16 49.7872
75 49.7872 0.0016 49.7856
47 50 0.048 49.952
32 50 0.0048 49.9952
43 50 0.0048 49.9952
84 49.9952 0.048 49.9472
30 50 0.048 49.952
68 50 0.0048 49.9952
71 50 0.048 49.952
49 50 0.0048 49.9952
71 49.952 0.0048 49.9472
71 49.9472 0.16 49.7872
71 49.7872 0.0016 49.7856
43 49.9952 0.048 49.9472
47 49.952 0.0048 49.9472
67 50 0.0048 49.9952
36 50 0.048 49.952
42 50 0.0048 49.9952
60 50 0.048 49.952
70 50 0.0048 49.9952
35 50 0.048 49.952
79 50 0.0048 49.9952
81 50 0.0048 49.9952
41 50 0.048 49.952
51 49.9952 0.048 49.9472
84 49.9472 0.0048 49.9424
64 50 0.048 49.952
25 50 0.0048 49.9952
57 50 0.0048 49.9952
64 49.952 0.0048 49.9472
64 49.9472 0.16 49.7872
64 49.7872 0.0016 49.7856
65 50 0.048 49.952
73 50 0.0048 49.9952
30 50 0.0048 49.9952
37 50 0.0048 49.9952
51 50 0.0048 49.9952
56 50 0.0048 49.9952
68 50 0.0048 49.9952
84 50 0.0048 49.9952
47 50 0.048 49.952
32 50 0.0048 49.9952
43 50 0.0048 49.9952
84 49.9952 0.048 49.9472
56 49.9952 0.048 49.9472
30 49.9952 0.048 49.9472
68 49.9952 0.0048 49.9904
42 50 0.048 49.952
36 50 0.0048 49.9952
39 50 0.048 49.952
66 50 0.0048 49.9952
80 50 0.0048 49.9952
43 49.9952 0.048 49.9472
47 49.952 0.0048 49.9472
36 49.9952 0.048 49.9472
42 49.952 0.0048 49.9472
60 50 0.048 49.952
70 50 0.0048 49.9952
35 50 0.048 49.952
79 50 0.0048 49.9952
81 50 0.0048 49.9952
41 50 0.048 49.952
51 49.9952 0.048 49.9472
56 49.9472 0.0048 49.9424
51 49.9472 0.0048 49.9424
51 49.9424 0.16 49.7824
51 49.7824 0.0016 49.7808
65 50 0.048 49.952
30 50 0.0048 49.9952
35 50 0.0048 49.9952
37 50 0.0048 49.9952
68 50 0.0048 49.9952
79 49.9952 0.0048 49.9904
81 50 0.0048 49.9952
47 50 0.048 49.952
32 50 0.0048 49.9952
43 50 0.0048 49.9952
84 50 0.048 49.952
51 50 0.0048 49.9952
56 50 0.048 49.952
51 49.9952 0.0048 49.9904
30 49.9952 0.048 49.9472
68 49.9952 0.0048 49.9904
42 50 0.048 49.952
36 50 0.0048 49.9952
39 50 0.048 49.952
40 50 0.0048 49.9952
66 50 0.0048 49.9952
80 50 0.0048 49.9952
80 49.9952 0.048 49.9472
39 49.952 0.0048 49.9472
40 49.9952 0.0048 49.9904
66 49.9952 0.0048 49.9904
43 49.9952 0.048 49.9472
47 49.952 0.0048 49.9472
36 49.9952 0.048 49.9472
42 49.952 0.0048 49.9472
60 50 0.048 49.952
70 50 0.0048 49.9952
35 49.9952 0.048 49.9472
79 50 0.0048 49.9952
81 49.9952 0.0048 49.9904
41 50 0.048 49.952
28 50 0.0048 49.9952
65 50 0.048 49.952
30 50 0.0048 49.9952
35 50 0.0048 49.9952
37 50 0.0048 49.9952
68 50 0.0048 49.9952
79 49.9952 0.0048 49.9904
81 50 0.0048 49.9952
47 50 0.048 49.952
43 50 0.0048 49.9952
34 50 0.048 49.952
84 50 0.048 49.952
51 50 0.0048 49.9952
56 50 0.048 49.952
51 49.9952 0.0048 49.9904
52 50 0.0048 49.9952
78 50 0.0048 49.9952
56 49.952 0.0048 49.9472
56 49.9472 0.16 49.7872
56 49.7872 0.0016 49.7856
30 49.9952 0.048 49.9472
68 49.9952 0.0048 49.9904
42 50 0.048 49.952
39 50 0.048 49.952
40 50 0.0048 49.9952
63 50 0.0048 49.9952
80 50 0.048 49.952
40 49.9952 0.0048 49.9904
66 50 0.0048 49.9952
43 49.9952 0.048 49.9472
47 49.952 0.0048 49.9472
67 50 0.0048 49.9952
36 50 0.048 49.952
60 50 0.048 49.952
35 49.9952 0.048 49.9472
79 50 0.0048 49.9952
41 50 0.048 49.952
28 50 0.0048 49.9952
65 50 0.048 49.952
54 50 0.048 49.952
74 50 0.0048 49.9952
74 49.9952 0.048 49.9472
54 49.952 0.0048 49.9472
54 49.9472 0.16 49.7872
74 49.9472 0.016 49.9312
74 49.9312 0.016 49.9152
54 49.7872 0.0016 49.7856
74 49.9152 0.048 49.8672
54 49.7856 0.0048 49.7808
30 50 0.0048 49.9952
35 50 0.0048 49.9952
68 50 0.0048 49.9952
79 49.9952 0.0048 49.9904
81 50 0.0048 49.9952
45 50 0.048 49.952
47 50 0.048 49.952
43 50 0.0048 49.9952
67 50 0.0048 49.9952
34 50 0.048 49.952
84 50 0.048 49.952
51 50 0.0048 49.9952
30 49.9952 0.048 49.9472
68 49.9952 0.0048 49.9904
42 50 0.048 49.952
39 50 0.048 49.952
63 50 0.0048 49.9952
80 50 0.048 49.952
40 50 0.0048 49.9952
66 50 0.0048 49.9952
66 49.9952 0.048 49.9472
40 49.9952 0.0048 49.9904
80 49.952 0.0048 49.9472
43 49.9952 0.048 49.9472
47 49.952 0.0048 49.9472
67 49.9952 0.0048 49.9904
36 50 0.048 49.952
36 49.952 0.0048 49.9472
36 49.9472 0.16 49.7872
36 49.7872 0.0016 49.7856
59 50 0.048 49.952
60 50 0.048 49.952
35 49.9952 0.048 49.9472
79 50 0.0048 49.9952
41 50 0.048 49.952
28 50 0.0048 49.9952
40 49.9904 0.048 49.9424
66 50 0.0048 49.9952
80 49.9472 0.0048 49.9424
65 50 0.048 49.952
37 50 0.048 49.952
74 50 0.048 49.952
30 50 0.0048 49.9952
35 50 0.0048 49.9952
38 50 0.0048 49.9952
65 50 0.0048 49.9952
73 50 0.0048 49.9952
79 49.9952 0.0048 49.9904
81 50 0.0048 49.9952
45 50 0.048 49.952
47 50 0.048 49.952
32 50 0.0048 49.9952
43 50 0.0048 49.9952
67 50 0.0048 49.9952
34 50 0.048 49.952
84 50 0.048 49.952
51 50 0.0048 49.9952
30 49.9952 0.048 49.9472
68 50 0.0048 49.9952
42 50 0.048 49.952
36 50 0.0048 49.9952
39 50 0.048 49.952
80 50 0.048 49.952
40 50 0.0048 49.9952
63 50 0.0048 49.9952
66 49.9952 0.0048 49.9904
66 49.9904 0.048 49.9424
40 49.9952 0.0048 49.9904
63 49.9952 0.0048 49.9904
80 49.952 0.0048 49.9472
43 49.9952 0.048 49.9472
47 49.952 0.0048 49.9472
67 49.9952 0.0048 49.9904
59 50 0.048 49.952
60 50 0.048 49.952
70 50 0.0048 49.9952
35 49.9952 0.048 49.9472
79 50 0.0048 49.9952
81 49.9952 0.0048 49.9904
41 50 0.048 49.952
40 49.9904 0.048 49.9424
63 50 0.0048 49.9952
66 50 0.0048 49.9952
80 49.9472 0.0048 49.9424
65 49.9952 0.048 49.9472
73 49.9952 0.0048 49.9904
37 50 0.048 49.952
74 50 0.048 49.952
38 50 0.0048 49.9952
55 50 0.0048 49.9952
65 50 0.0048 49.9952
73 50 0.0048 49.9952
45 50 0.048 49.952
47 50 0.048 49.952
43 50 0.0048 49.9952
47 49.952 0.0048 49.9472
47 49.9472 0.16 49.7872
47 49.7872 0.0016 49.7856
29 50 0.048 49.952
34 50 0.048 49.952
84 50 0.048 49.952
51 50 0.0048 49.9952
84 49.952 0.0048 49.9472
84 49.9472 0.16 49.7872
84 49.7872 0.0016 49.7856
30 50 0.048 49.952
42 50 0.048 49.952
36 50 0.0048 49.9952
42 49.952 0.0048 49.9472
42 49.9472 0.16 49.7872
42 49.7872 0.0016 49.7856
39 50 0.048 49.952
80 50 0.048 49.952
40 50 0.0048 49.9952
63 49.9952 0.0048 49.9904
66 49.9952 0.0048 49.9904
66 49.9904 0.048 49.9424
63 49.9904 0.0048 49.9856
80 49.952 0.0048 49.9472
66 49.9424 0.0048 49.9376
66 49.9376 0.16 49.7776
66 49.7776 0.0016 49.776
43 49.9952 0.048 49.9472
47 49.7856 0.0048 49.7808
67 50 0.0048 49.9952
43 49.9472 0.0048 49.9424
43 49.9424 0.16 49.7824
43 49.7824 0.0016 49.7808
44 50 0.048 49.952
59 50 0.048 49.952
60 50 0.048 49.952
35 50 0.048 49.952
79 50 0.0048 49.9952
81 50 0.0048 49.9952
41 50 0.048 49.952
40 49.9952 0.048 49.9472
63 50 0.0048 49.9952
80 49.9472 0.0048 49.9424
65 49.9952 0.048 49.9472
38 49.9952 0.0048 49.9904
73 49.9952 0.0048 49.9904
65 49.9472 0.0048 49.9424
65 49.9424 0.16 49.7824
65 49.7824 0.0016 49.7808
37 50 0.048 49.952
74 50 0.048 49.952
38 50 0.0048 49.9952
55 50 0.0048 49.9952
65 49.963 0.0048 49.9582
69 50 0.0048 49.9952
73 50 0.0048 49.9952
45 50 0.048 49.952
29 50 0.048 49.952
34 50 0.048 49.952
30 50 0.048 49.952
35 50 0.0048 49.9952
68 50 0.0048 49.9952
39 50 0.048 49.952
80 50 0.0048 49.9952
80 49.9952 0.048 49.9472
39 49.952 0.0048 49.9472
40 50 0.0048 49.9952
63 49.9952 0.0048 49.9904
66 49.8961 0.0048 49.8913
44 50 0.048 49.952
59 50 0.048 49.952
61 50 0.0048 49.9952
59 49.952 0.0048 49.9472
59 49.9472 0.16 49.7872
59 49.7872 0.0016 49.7856
60 50 0.048 49.952
35 49.9952 0.048 49.9472
30 49.952 0.0048 49.9472
79 50 0.0048 49.9952
81 50 0.0048 49.9952
41 50 0.048 49.952
77 50 0.0048 49.9952
40 49.9952 0.048 49.9472
63 50 0.0048 49.9952
66 50 0.0048 49.9952
80 49.9472 0.0048 49.9424
53 50 0.048 49.952
49 50 0.0048 49.9952
37 50 0.048 49.952
37 49.952 0.0048 49.9472
37 49.9472 0.16 49.7872
37 49.7872 0.0016 49.7856
63 49.9952 0.048 49.9472
40 50 0.0048 49.9952
50 50 0.0048 49.9952
50 49.9952 0.048 49.9472
66 49.9952 0.0048 49.9904
80 49.9424 0.0048 49.9376
63 49.9472 0.0048 49.9424
63 49.9424 0.16 49.7824
40 49.9952 0.016 49.9792
50 49.9472 0.016 49.9312
50 49.9312 0.016 49.9152
63 49.7824 0.0016 49.7808
50 49.9152 0.048 49.8672
63 49.7808 0.0048 49.776
66 49.9904 0.0048 49.9856
66 49.9856 0.016 49.9696
80 49.9376 0.016 49.9216
74 50 0.048 49.952
54 50 0.0048 49.9952
28 50 0.0048 49.9952
38 50 0.0048 49.9952
41 49.952 0.0048 49.9472
55 50 0.0048 49.9952
65 50 0.0048 49.9952
69 50 0.0048 49.9952
73 50 0.0048 49.9952
77 49.9952 0.0048 49.9904
45 50 0.048 49.952
29 50 0.048 49.952
34 50 0.048 49.952
30 50 0.048 49.952
35 50 0.0048 49.9952
68 50 0.0048 49.9952
79 50 0.0048 49.9952
39 50 0.048 49.952
80 50 0.0048 49.9952
80 49.9952 0.048 49.9472
39 49.952 0.0048 49.9472
40 49.9792 0.0048 49.9744
63 49.776 0.0048 49.7712
66 49.9696 0.0048 49.9648
44 50 0.048 49.952
60 50 0.048 49.952
60 49.952 0.0048 49.9472
60 49.9472 0.16 49.7872
60 49.7872 0.0016 49.7856
35 49.9952 0.048 49.9472
30 49.952 0.0048 49.9472
79 49.9952 0.0048 49.9904
81 50 0.0048 49.9952
41 50 0.048 49.952
28 49.9952 0.0048 49.9904
77 50 0.0048 49.9952
40 49.9744 0.048 49.9264
63 50 0.0048 49.9952
66 50 0.0048 49.9952
80 49.9472 0.0048 49.9424
53 50 0.048 49.952
50 50 0.048 49.952
63 49.9952 0.0048 49.9904
66 49.9952 0.0048 49.9904
74 50 0.048 49.952
54 50 0.0048 49.9952
28 50 0.0048 49.9952
29 50 0.0048 49.9952
41 49.952 0.0048 49.9472
55 50 0.0048 49.9952
69 50 0.0048 49.9952
77 49.9952 0.0048 49.9904
45 50 0.048 49.952
59 50 0.0048 49.9952
29 49.9952 0.048 49.9472
29 49.9472 0.0048 49.9424
29 49.9424 0.16 49.7824
29 49.7824 0.0016 49.7808
55 49.9952 0.048 49.9472
34 50 0.048 49.952
30 50 0.048 49.952
35 50 0.0048 49.9952
68 50 0.0048 49.9952
79 50 0.0048 49.9952
67 50 0.048 49.952
43 50 0.0048 49.9952
47 50 0.0048 49.9952
39 50 0.048 49.952
80 50 0.0048 49.9952
80 49.9952 0.048 49.9472
39 49.952 0.0048 49.9472
40 50 0.0048 49.9952
66 49.9904 0.0048 49.9856
44 50 0.048 49.952
35 49.9952 0.048 49.9472
30 49.952 0.0048 49.9472
79 49.9952 0.0048 49.9904
41 50 0.048 49.952
40 49.9952 0.048 49.9472
39 49.9472 0.0048 49.9424
63 50 0.0048 49.9952
66 50 0.0048 49.9952
80 49.9472 0.0048 49.9424
53 50 0.048 49.952
49 50 0.0048 49.9952
71 50 0.0048 49.9952
50 50 0.048 49.952
63 49.9952 0.0048 49.9904
74 50 0.048 49.952
28 50 0.0048 49.9952
29 50 0.0048 49.9952
41 49.952 0.0048 49.9472
69 50 0.0048 49.9952
77 50 0.0048 49.9952
45 50 0.048 49.952
59 50 0.0048 49.9952
55 50 0.048 49.952
55 49.952 0.0048 49.9472
55 49.9472 0.16 49.7872
55 49.7872 0.0016 49.7856
34 50 0.048 49.952
30 50 0.048 49.952
35 50 0.0048 49.9952
68 50 0.0048 49.9952
67 50 0.048 49.952
47 50 0.0048 49.9952
39 50 0.048 49.952
40 50 0.0048 49.9952
80 50 0.0048 49.9952
39 49.952 0.0048 49.9472
39 49.9472 0.16 49.7872
39 49.7872 0.0016 49.7856
80 49.9952 0.048 49.9472
39 49.7856 0.0048 49.7808
40 49.9952 0.0048 49.9904
66 49.9952 0.0048 49.9904
44 50 0.048 49.952
35 49.9952 0.048 49.9472
30 49.952 0.0048 49.9472
79 50 0.0048 49.9952
41 50 0.048 49.952
40 49.9904 0.048 49.9424
39 49.7808 0.0048 49.776
63 50 0.0048 49.9952
66 50 0.0048 49.9952
80 49.9472 0.0048 49.9424
53 50 0.048 49.952
49 50 0.0048 49.9952
71 50 0.0048 49.9952
50 50 0.048 49.952
63 49.9952 0.0048 49.9904
66 49.9952 0.0048 49.9904
74 50 0.048 49.952
28 50 0.0048 49.9952
29 50 0.0048 49.9952
41 49.952 0.0048 49.9472
77 50 0.0048 49.9952
45 50 0.048 49.952
59 50 0.0048 49.9952
34 50 0.048 49.952
38 50 0.048 49.952
65 50 0.0048 49.9952
73 50 0.0048 49.9952
30 50 0.048 49.952
68 50 0.0048 49.9952
30 49.952 0.0048 49.9472
30 49.9472 0.16 49.7872
30 49.7872 0.0016 49.7856
67 50 0.048 49.952
80 50 0.048 49.952
40 50 0.0048 49.9952
44 50 0.048 49.952
35 50 0.048 49.952
79 50 0.0048 49.9952
41 50 0.048 49.952
40 49.9952 0.048 49.9472
39 50 0.0048 49.9952
50 49.952 0.0048 49.9472
63 50 0.0048 49.9952
66 50 0.0048 49.9952
80 49.952 0.0048 49.9472
53 50 0.048 49.952
49 50 0.0048 49.9952
50 50 0.048 49.952
40 50 0.0048 49.9952
63 49.9952 0.0048 49.9904
66 49.9952 0.0048 49.9904
83 50 0.0048 49.9952
74 50 0.048 49.952
54 50 0.0048 49.9952
27 50 0.0048 49.9952
29 50 0.0048 49.9952
45 50 0.048 49.952
59 50 0.0048 49.9952
45 49.952 0.0048 49.9472
45 49.9472 0.16 49.7872
45 49.7872 0.0016 49.7856
34 50 0.048 49.952
38 50 0.048 49.952
65 50 0.0048 49.9952
67 50 0.048 49.952
80 50 0.048 49.952
39 50 0.0048 49.9952
40 49.9952 0.0048 49.9904
63 49.9904 0.0048 49.9856
66 49.9904 0.0048 49.9856
44 50 0.048 49.952
35 50 0.048 49.952
79 50 0.0048 49.9952
41 50 0.048 49.952
77 50 0.0048 49.9952
40 49.9904 0.048 49.9424
39 49.9952 0.0048 49.9904
63 50 0.0048 49.9952
66 50 0.0048 49.9952
80 49.952 0.0048 49.9472
53 50 0.048 49.952
49 50 0.0048 49.9952
50 50 0.048 49.952
63 49.9952 0.0048 49.9904
66 49.9952 0.0048 49.9904
83 50 0.0048 49.9952
50 49.952 0.0048 49.9472
50 49.9472 0.16 49.7872
50 49.7872 0.0016 49.7856
74 50 0.048 49.952
54 50 0.0048 49.9952
27 50 0.0048 49.9952
44 49.952 0.0048 49.9472
34 50 0.048 49.952
34 49.952 0.0048 49.9472
34 49.9472 0.16 49.7872
34 49.7872 0.0016 49.7856
38 50 0.048 49.952
65 50 0.0048 49.9952
38 49.952 0.0048 49.9472
38 49.9472 0.16 49.7872
38 49.7872 0.0016 49.7856
67 50 0.048 49.952
80 50 0.048 49.952
39 50 0.0048 49.9952
40 50 0.0048 49.9952
63 49.9904 0.0048 49.9856
50 49.7856 0.048 49.7376
40 49.9952 0.0048 49.9904
63 49.9856 0.0048 49.9808
66 49.9904 0.0048 49.9856
83 50 0.0048 49.9952
44 50 0.048 49.952
35 50 0.048 49.952
79 50 0.0048 49.9952
41 50 0.048 49.952
77 50 0.0048 49.9952
40 49.9904 0.048 49.9424
39 49.9952 0.0048 49.9904
50 49.7376 0.0048 49.7328
80 49.952 0.0048 49.9472
53 50 0.048 49.952
49 50 0.0048 49.9952
46 50 0.048 49.952
74 50 0.048 49.952
26 50 0.0048 49.9952
27 50 0.0048 49.9952
44 49.952 0.0048 49.9472
72 50 0.0048 49.9952
76 50 0.0048 49.9952
67 50 0.048 49.952
43 50 0.0048 49.9952
80 50 0.048 49.952
39 50 0.0048 49.9952
40 50 0.0048 49.9952
50 50 0.0048 49.9952
63 50 0.0048 49.9952
50 49.9952 0.048 49.9472
63 49.9952 0.0048 49.9904
66 50 0.0048 49.9952
80 49.952 0.0048 49.9472
44 50 0.048 49.952
35 50 0.048 49.952
41 50 0.048 49.952
28 50 0.0048 49.9952
77 50 0.0048 49.9952
76 50 0.048 49.952
82 50 0.0048 49.9952
40 49.9952 0.048 49.9472
66 50 0.0048 49.9952
40 49.9472 0.0048 49.9424
40 49.9424 0.16 49.7824
40 49.7824 0.0016 49.7808
53 50 0.048 49.952
49 50 0.0048 49.9952
71 50 0.0048 49.9952
46 50 0.048 49.952
74 50 0.048 49.952
26 50 0.0048 49.9952
27 50 0.0048 49.9952
44 49.952 0.0048 49.9472
60 50 0.0048 49.9952
70 50 0.0048 49.9952
72 50 0.0048 49.9952
76 49.952 0.0048 49.9472
82 49.9952 0.0048 49.9904
67 50 0.048 49.952
43 50 0.0048 49.9952
67 49.952 0.0048 49.9472
67 49.9472 0.16 49.7872
67 49.7872 0.0016 49.7856
80 50 0.048 49.952
39 50 0.0048 49.9952
63 50 0.0048 49.9952
50 50 0.048 49.952
63 49.9952 0.0048 49.9904
66 49.9952 0.0048 49.9904
83 50 0.0048 49.9952
44 50 0.048 49.952
35 50 0.048 49.952
79 50 0.0048 49.9952
41 50 0.048 49.952
28 50 0.0048 49.9952
77 50 0.0048 49.9952
76 50 0.048 49.952
82 50 0.0048 49.9952
76 49.952 0.0048 49.9472
76 49.9472 0.16 49.7872
76 49.7872 0.0016 49.7856
53 50 0.048 49.952
49 50 0.0048 49.9952
71 50 0.0048 49.9952
46 50 0.048 49.952
74 50 0.048 49.952
26 50 0.0048 49.9952
44 49.952 0.0048 49.9472
60 50 0.0048 49.9952
70 50 0.0048 49.9952
72 50 0.0048 49.9952
76 49.7856 0.0048 49.7808
82 49.9952 0.0048 49.9904
68 50 0.048 49.952
80 50 0.048 49.952
50 50 0.048 49.952
63 50 0.0048 49.9952
66 50 0.0048 49.9952
83 50 0.0048 49.9952
44 50 0.048 49.952
35 50 0.048 49.952
79 50 0.0048 49.9952
41 50 0.048 49.952
28 50 0.0048 49.9952
77 50 0.0048 49.9952
53 50 0.048 49.952
46 50 0.048 49.952
46 49.952 0.0048 49.9472
46 49.9472 0.16 49.7872
46 49.7872 0.0016 49.7856
74 50 0.048 49.952
26 50 0.0048 49.9952
60 50 0.0048 49.9952
70 50 0.0048 49.9952
72 50 0.0048 49.9952
76 49.9878 0.0048 49.983
82 50 0.0048 49.9952
68 50 0.048 49.952
80 50 0.048 49.952
40 50 0.0048 49.9952
63 50 0.0048 49.9952
50 50 0.048 49.952
63 49.9952 0.0048 49.9904
66 50 0.0048 49.9952
83 50 0.0048 49.9952
44 50 0.048 49.952
35 50 0.048 49.952
79 50 0.0048 49.9952
81 50 0.0048 49.9952
41 50 0.048 49.952
77 50 0.0048 49.9952
53 50 0.048 49.952
71 50 0.0048 49.9952
53 49.952 0.0048 49.9472
53 49.9472 0.16 49.7872
53 49.7872 0.0016 49.7856
74 50 0.048 49.952
60 50 0.0048 49.9952
70 50 0.0048 49.9952
82 50 0.0048 49.9952
25 50 0.048 49.952
57 50 0.0048 49.9952
64 50 0.0048 49.9952
68 50 0.048 49.952
30 50 0.0048 49.9952
30 49.9952 0.048 49.9472
68 49.952 0.0048 49.9472
68 49.9472 0.16 49.7872
30 49.9472 0.016 49.9312
30 49.9312 0.016 49.9152
68 49.7872 0.0016 49.7856
30 49.9152 0.048 49.8672
68 49.7856 0.0048 49.7808
30 49.8672 0.0048 49.8624
30 49.8624 0.16 49.7024
30 49.7024 0.0016 49.7008
80 50 0.048 49.952
39 50 0.0048 49.9952
40 50 0.0048 49.9952
63 50 0.0048 49.9952
66 50 0.0048 49.9952
50 50 0.048 49.952
39 49.9952 0.0048 49.9904
63 49.9952 0.0048 49.9904
66 49.9952 0.0048 49.9904
83 50 0.0048 49.9952
44 50 0.048 49.952
44 49.952 0.0048 49.9472
44 49.9472 0.16 49.7872
44 49.7872 0.0016 49.7856
35 50 0.048 49.952
79 50 0.0048 49.9952
81 50 0.0048 49.9952
35 49.952 0.0048 49.9472
35 49.9472 0.16 49.7872
35 49.7872 0.0016 49.7856
41 50 0.048 49.952
28 50 0.0048 49.9952
77 50 0.0048 49.9952
52 50 0.048 49.952
74 50 0.048 49.952
26 50 0.048 49.952
72 50 0.0048 49.9952
26 49.952 0.0048 49.9472
26 49.9472 0.16 49.7872
26 49.7872 0.0016 49.7856
25 50 0.048 49.952
57 50 0.0048 49.9952
64 50 0.0048 49.9952
80 50 0.048 49.952
39 50 0.0048 49.9952
40 50 0.0048 49.9952
50 50 0.048 49.952
39 49.9952 0.0048 49.9904
63 50 0.0048 49.9952
66 50 0.0048 49.9952
83 50 0.0048 49.9952
50 49.952 0.0048 49.9472
50 49.9472 0.16 49.7872
50 49.7872 0.0016 49.7856
77 50 0.048 49.952
28 50 0.0048 49.9952
41 50 0.0048 49.9952
41 49.9952 0.048 49.9472
28 49.9952 0.0048 49.9904
77 49.952 0.0048 49.9472
48 50 0.048 49.952
58 50 0.0048 49.9952
52 50 0.048 49.952
52 49.952 0.0048 49.9472
52 49.9472 0.16 49.7872
52 49.7872 0.0016 49.7856
58 49.9952 0.048 49.9472
48 50 0.0048 49.9952
58 49.9472 0.0048 49.9424
58 49.9424 0.16 49.7824
58 49.7824 0.0016 49.7808
74 50 0.048 49.952
25 50 0.048 49.952
57 50 0.0048 49.9952
64 50 0.0048 49.9952
80 50 0.048 49.952
39 50 0.0048 49.9952
40 50 0.0048 49.9952
77 50 0.048 49.952
41 50 0.048 49.952
48 49.9952 0.048 49.9472
74 50 0.048 49.952
25 50 0.048 49.952
64 50 0.0048 49.9952
80 50 0.048 49.952
39 50 0.0048 49.9952
40 50 0.0048 49.9952
50 50 0.0048 49.9952
50 49.9952 0.048 49.9472
66 50 0.0048 49.9952
80 49.952 0.0048 49.9472
80 49.9472 0.16 49.7872
39 49.9952 0.016 49.9792
40 49.9952 0.016 49.9792
50 49.9472 0.016 49.9312
50 49.9312 0.016 49.9152
80 49.7872 0.0016 49.7856
50 49.9152 0.048 49.8672
39 49.9792 0.0048 49.9744
40 49.9792 0.0048 49.9744
63 50 0.0048 49.9952
66 49.9952 0.0048 49.9904
80 49.7856 0.0048 49.7808
83 50 0.0048 49.9952
66 49.9904 0.016 49.9744
77 50 0.048 49.952
77 49.952 0.0048 49.9472
77 49.9472 0.16 49.7872
77 49.7872 0.0016 49.7856
41 50 0.048 49.952
48 50 0.048 49.952
74 50 0.048 49.952
25 50 0.048 49.952
64 50 0.0048 49.9952
50 50 0.048 49.952
39 50 0.0048 49.9952
40 50 0.0048 49.9952
63 50 0.0048 49.9952
80 50 0.0048 49.9952
83 50 0.0048 49.9952
41 50 0.048 49.952
77 50 0.0048 49.9952
41 49.952 0.0048 49.9472
41 49.9472 0.16 49.7872
41 49.7872 0.0016 49.7856
48 50 0.048 49.952
61 50 0.048 49.952
59 50 0.0048 49.9952
74 50 0.048 49.952
25 50 0.048 49.952
57 50 0.0048 49.9952
64 50 0.0048 49.9952
50 50 0.048 49.952
40 50 0.0048 49.9952
63 50 0.0048 49.9952
66 50 0.0048 49.9952
83 50 0.0048 49.9952
27 50 0.048 49.952
48 50 0.048 49.952
61 50 0.048 49.952
45 50 0.0048 49.9952
45 49.9952 0.048 49.9472
59 50 0.0048 49.9952
61 49.952 0.0048 49.9472
61 49.9472 0.16 49.7872
45 49.9472 0.016 49.9312
45 49.9312 0.016 49.9152
61 49.7872 0.0016 49.7856
45 49.9152 0.048 49.8672
59 49.9952 0.0048 49.9904
61 49.7856 0.0048 49.7808
59 49.9904 0.016 49.9744
74 50 0.048 49.952
25 50 0.048 49.952
57 50 0.0048 49.9952
64 50 0.0048 49.9952
25 49.952 0.0048 49.9472
25 49.9472 0.16 49.7872
25 49.7872 0.0016 49.7856
50 50 0.048 49.952
63 50 0.0048 49.9952
66 50 0.0048 49.9952
27 50 0.048 49.952
48 50 0.048 49.952
58 50 0.0048 49.9952
45 50 0.048 49.952
59 50 0.0048 49.9952
61 50 0.0048 49.9952
45 49.952 0.0048 49.9472
45 49.9472 0.16 49.7872
45 49.7872 0.0016 49.7856
74 50 0.048 49.952
74 49.952 0.0048 49.9472
74 49.9472 0.16 49.7872
74 49.7872 0.0016 49.7856
36 50 0.0048 49.9952
50 50 0.048 49.952
63 50 0.0048 49.9952
66 50 0.0048 49.9952
80 50 0.0048 49.9952
50 49.952 0.0048 49.9472
50 49.9472 0.16 49.7872
50 49.7872 0.0016 49.7856
27 50 0.048 49.952
48 50 0.048 49.952
58 50 0.0048 49.9952
64 50 0.048 49.952
25 49.9611 0.0048 49.9563
34 50 0.0048 49.9952
36 50 0.0048 49.9952
42 50 0.0048 49.9952
75 50 0.048 49.952
27 50 0.048 49.952
48 50 0.048 49.952
58 50 0.0048 49.9952
64 50 0.048 49.952
25 50 0.0048 49.9952
57 50 0.0048 49.9952
33 50 0.048 49.952
33 49.952 0.0048 49.9472
33 49.9472 0.16 49.7872
33 49.7872 0.0016 49.7856
34 50 0.0048 49.9952
36 50 0.0048 49.9952
42 50 0.0048 49.9952
75 50 0.048 49.952
75 49.952 0.0048 49.9472
75 49.9472 0.16 49.7872
75 49.7872 0.0016 49.7856
27 50 0.048 49.952
48 50 0.048 49.952
58 50 0.0048 49.9952
64 50 0.048 49.952
57 50 0.0048 49.9952
70 50 0.048 49.952
60 50 0.0048 49.9952
34 50 0.0048 49.9952
36 50 0.0048 49.9952
42 50 0.0048 49.9952
54 50 0.0048 49.9952
74 50 0.0048 49.9952
27 50 0.048 49.952
27 49.952 0.0048 49.9472
27 49.9472 0.16 49.7872
27 49.7872 0.0016 49.7856
48 50 0.048 49.952
58 50 0.0048 49.9952
64 50 0.048 49.952
25 50 0.0048 49.9952
57 50 0.0048 49.9952
70 50 0.048 49.952
60 50 0.0048 49.9952
72 50 0.048 49.952
26 50 0.0048 49.9952
76 50 0.0048 49.9952
82 50 0.0048 49.9952
82 49.9952 0.048 49.9472
72 49.952 0.0048 49.9472
72 49.9472 0.16 49.7872
26 49.9952 0.016 49.9792
76 49.9952 0.016 49.9792
82 49.9472 0.016 49.9312
82 49.9312 0.016 49.9152
72 49.7872 0.0016 49.7856
82 49.9152 0.048 49.8672
72 49.7856 0.0048 49.7808
76 49.9792 0.0048 49.9744
34 50 0.0048 49.9952
36 50 0.0048 49.9952
42 50 0.0048 49.9952
54 50 0.0048 49.9952
74 50 0.0048 49.9952
54 49.9952 0.048 49.9472
74 49.9952 0.0048 49.9904
62 50 0.048 49.952
48 50 0.048 49.952
58 50 0.0048 49.9952
64 50 0.048 49.952
25 50 0.0048 49.9952
57 50 0.0048 49.9952
70 50 0.048 49.952
60 50 0.0048 49.9952
82 50 0.048 49.952
72 49.9872 0.0048 49.9824
76 50 0.0048 49.9952
54 50 0.0048 49.9952
74 50 0.0048 49.9952
75 50 0.0048 49.9952
54 49.9952 0.048 49.9472
62 50 0.048 49.952
62 49.952 0.0048 49.9472
62 49.9472 0.16 49.7872
62 49.7872 0.0016 49.7856
48 50 0.048 49.952
58 50 0.0048 49.9952
64 50 0.048 49.952
57 50 0.0048 49.9952
73 50 0.048 49.952
70 50 0.048 49.952
60 50 0.0048 49.9952
82 50 0.048 49.952
76 50 0.0048 49.9952
56 50 0.048 49.952
51 50 0.0048 49.9952
78 50 0.0048 49.9952
66 50 0.048 49.952
50 50 0.0048 49.9952
50 49.9952 0.048 49.9472
63 50 0.0048 49.9952
66 49.952 0.0048 49.9472
66 49.9472 0.16 49.7872
50 49.9472 0.016 49.9312
50 49.9312 0.016 49.9152
66 49.7872 0.0016 49.7856
50 49.9152 0.048 49.8672
39 50 0.0048 49.9952
63 49.9952 0.0048 49.9904
66 49.7856 0.0048 49.7808
63 49.9904 0.016 49.9744
54 50 0.0048 49.9952
74 50 0.0048 49.9952
75 50 0.0048 49.9952
54 49.9952 0.048 49.9472
48 50 0.048 49.952
58 50 0.0048 49.9952
64 50 0.048 49.952
25 50 0.0048 49.9952
57 50 0.0048 49.9952
73 50 0.048 49.952
38 50 0.0048 49.9952
65 50 0.0048 49.9952
70 50 0.048 49.952
82 50 0.048 49.952
31 50 0.048 49.952
56 50 0.048 49.952
51 50 0.0048 49.9952
78 50 0.0048 49.9952
50 50 0.048 49.952
63 50 0.0048 49.9952
66 49.8904 0.0048 49.8856
75 50 0.0048 49.9952
54 50 0.048 49.952
48 50 0.048 49.952
58 50 0.0048 49.9952
64 50 0.048 49.952
25 50 0.0048 49.9952
73 50 0.048 49.952
65 50 0.0048 49.9952
70 50 0.048 49.952
60 50 0.0048 49.9952
82 50 0.048 49.952
31 50 0.048 49.952
56 50 0.048 49.952
78 50 0.0048 49.9952
56 49.952 0.0048 49.9472
56 49.9472 0.16 49.7872
56 49.7872 0.0016 49.7856
32 50 0.048 49.952
67 50 0.0048 49.9952
67 49.9952 0.048 49.9472
32 49.952 0.0048 49.9472
32 49.9472 0.16 49.7872
67 49.9472 0.016 49.9312
67 49.9312 0.016 49.9152
32 49.7872 0.0016 49.7856
67 49.9152 0.048 49.8672
32 49.7856 0.0048 49.7808
43 50 0.0048 49.9952
47 50 0.0048 49.9952
50 50 0.048 49.952
63 50 0.0048 49.9952
66 50 0.0048 49.9952
48 50 0.0048 49.9952
58 49.9952 0.0048 49.9904
75 50 0.0048 49.9952
54 50 0.048 49.952
48 49.9952 0.048 49.9472
58 50 0.0048 49.9952
64 50 0.048 49.952
73 50 0.048 49.952
38 50 0.0048 49.9952
65 50 0.0048 49.9952
70 50 0.048 49.952
82 50 0.048 49.952
76 50 0.0048 49.9952
31 50 0.048 49.952
67 50 0.048 49.952
47 50 0.0048 49.9952
50 50 0.048 49.952
63 50 0.0048 49.9952
66 50 0.0048 49.9952
50 49.952 0.0048 49.9472
50 49.9472 0.16 49.7872
50 49.7872 0.0016 49.7856
32 50 0.0048 49.9952
33 50 0.0048 49.9952
47 49.9952 0.0048 49.9904
48 50 0.0048 49.9952
58 49.9952 0.0048 49.9904
67 49.952 0.0048 49.9472
54 50 0.048 49.952
63 49.9952 0.048 49.9472
40 50 0.0048 49.9952
50 49.7856 0.0048 49.7808
50 49.7808 0.048 49.7328
66 50 0.0048 49.9952
80 50 0.0048 49.9952
63 49.9472 0.0048 49.9424
63 49.9424 0.16 49.7824
40 49.9952 0.016 49.9792
50 49.7328 0.016 49.7168
50 49.7168 0.016 49.7008
63 49.7824 0.0016 49.7808
50 49.7008 0.048 49.6528
63 49.7808 0.0048 49.776
66 49.9952 0.0048 49.9904
66 49.9904 0.016 49.9744
80 49.9952 0.016 49.9792
48 49.9952 0.048 49.9472
58 50 0.0048 49.9952
48 49.9472 0.0048 49.9424
48 49.9424 0.16 49.7824
48 49.7824 0.0016 49.7808
64 50 0.048 49.952
25 50 0.0048 49.9952
64 49.952 0.0048 49.9472
64 49.9472 0.16 49.7872
64 49.7872 0.0016 49.7856
73 50 0.048 49.952
38 50 0.0048 49.9952
70 50 0.048 49.952
82 50 0.048 49.952
72 50 0.0048 49.9952
76 50 0.0048 49.9952
31 50 0.048 49.952
78 50 0.048 49.952
67 50 0.048 49.952
43 50 0.0048 49.9952
47 50 0.0048 49.9952
32 50 0.0048 49.9952
33 50 0.0048 49.9952
43 49.9952 0.0048 49.9904
47 49.9952 0.0048 49.9904
48 50 0.0048 49.9952
58 49.9952 0.0048 49.9904
67 49.952 0.0048 49.9472
54 50 0.048 49.952
50 50 0.048 49.952
63 49.9163 0.0048 49.9115
66 50 0.0048 49.9952
50 49.952 0.0048 49.9472
50 49.9472 0.16 49.7872
50 49.7872 0.0016 49.7856
73 50 0.048 49.952
38 50 0.0048 49.9952
65 50 0.0048 49.9952
70 50 0.048 49.952
60 50 0.0048 49.9952
70 49.952 0.0048 49.9472
70 49.9472 0.16 49.7872
70 49.7872 0.0016 49.7856
82 50 0.048 49.952
31 50 0.048 49.952
78 50 0.048 49.952
56 50 0.0048 49.9952
56 49.9952 0.048 49.9472
78 49.952 0.0048 49.9472
78 49.9472 0.16 49.7872
56 49.9472 0.016 49.9312
56 49.9312 0.016 49.9152
78 49.7872 0.0016 49.7856
56 49.9152 0.048 49.8672
51 50 0.0048 49.9952
78 49.7856 0.0048 49.7808
67 50 0.048 49.952
43 50 0.0048 49.9952
47 50 0.0048 49.9952
67 49.952 0.0048 49.9472
67 49.9472 0.16 49.7872
67 49.7872 0.0016 49.7856
32 50 0.0048 49.9952
33 50 0.0048 49.9952
43 49.9952 0.0048 49.9904
47 49.9952 0.0048 49.9904
48 50 0.0048 49.9952
58 50 0.0048 49.9952
67 49.7856 0.0048 49.7808
54 50 0.048 49.952
74 50 0.0048 49.9952
73 50 0.048 49.952
67 49.7808 0.048 49.7328
43 50 0.0048 49.9952
47 50 0.0048 49.9952
82 50 0.048 49.952
82 49.952 0.0048 49.9472
82 49.9472 0.16 49.7872
82 49.7872 0.0016 49.7856
31 50 0.048 49.952
56 50 0.048 49.952
32 50 0.0048 49.9952
33 50 0.0048 49.9952
43 49.9952 0.0048 49.9904
47 49.9952 0.0048 49.9904
62 50 0.0048 49.9952
67 50 0.0048 49.9952
65 50 0.048 49.952
38 50 0.0048 49.9952
54 50 0.048 49.952
73 50 0.048 49.952
65 49.952 0.0048 49.9472
67 49.9952 0.048 49.9472
43 50 0.0048 49.9952
47 50 0.0048 49.9952
31 50 0.048 49.952
56 50 0.048 49.952
43 49.9952 0.0048 49.9904
62 50 0.0048 49.9952
53 50 0.048 49.952
65 50 0.048 49.952
38 50 0.0048 49.9952
73 50 0.0048 49.9952
54 50 0.048 49.952
57 50 0.048 49.952
25 50 0.0048 49.9952
25 49.9952 0.048 49.9472
57 49.952 0.0096 49.9424
57 49.9424 0.16 49.7824
57 49.7824 0.0016 49.7808
79 50 0.048 49.952
30 50 0.0048 49.9952
35 50 0.0048 49.9952
81 50 0.0048 49.9952
73 49.9952 0.048 49.9472
65 49.952 0.0048 49.9472
45 50 0.048 49.952
59 50 0.0048 49.9952
61 50 0.0048 49.9952
67 50 0.048 49.952
31 50 0.048 49.952
56 50 0.048 49.952
25 50 0.0048 49.9952
57 50 0.0048 49.9952
62 50 0.0048 49.9952
64 50 0.0048 49.9952
53 50 0.048 49.952
65 50 0.048 49.952
38 50 0.0048 49.9952
73 50 0.0048 49.9952
54 50 0.048 49.952
34 50 0.048 49.952
69 50 0.048 49.952
38 49.9952 0.048 49.9472
65 49.952 0.0048 49.9472
79 50 0.048 49.952
81 50 0.0048 49.9952
49 50 0.048 49.952
73 49.9952 0.048 49.9472
65 49.9472 0.0048 49.9424
45 50 0.048 49.952
59 50 0.0048 49.9952
61 50 0.0048 49.9952
45 49.952 0.0048 49.9472
45 49.9472 0.16 49.7872
45 49.7872 0.0016 49.7856
67 50 0.048 49.952
32 50 0.0048 49.9952
47 50 0.0048 49.9952
31 50 0.048 49.952
50 50 0.048 49.952
39 50 0.0048 49.9952
63 50 0.0048 49.9952
66 50 0.0048 49.9952
50 49.952 0.0048 49.9472
50 49.9472 0.16 49.7872
50 49.7872 0.0016 49.7856
56 50 0.048 49.952
78 50 0.0048 49.9952
25 50 0.0048 49.9952
31 49.952 0.0048 49.9472
57 50 0.0048 49.9952
62 50 0.0048 49.9952
64 50 0.0048 49.9952
53 50 0.048 49.952
71 50 0.0048 49.9952
65 50 0.048 49.952
38 50 0.0048 49.9952
73 50 0.0048 49.9952
54 50 0.048 49.952
34 50 0.048 49.952
42 50 0.0048 49.9952
71 49.9952 0.048 49.9472
53 49.952 0.0048 49.9472
69 50 0.048 49.952
69 49.952 0.0048 49.9472
69 49.9472 0.16 49.7872
69 49.7872 0.0016 49.7856
38 49.9952 0.048 49.9472
65 49.952 0.0048 49.9472
73 49.9952 0.0048 49.9904
81 50 0.048 49.952
30 50 0.0048 49.9952
35 50 0.0048 49.9952
79 50 0.0048 49.9952
79 49.9952 0.048 49.9472
30 49.9952 0.0048 49.9904
35 49.9952 0.0048 49.9904
81 49.952 0.0048 49.9472
51 50 0.048 49.952
78 49.9952 0.0048 49.9904
29 50 0.048 49.952
49 50 0.048 49.952
73 49.9904 0.048 49.9424
83 50 0.048 49.952
67 50 0.048 49.952
43 50 0.0048 49.9952
43 49.9952 0.048 49.9472
67 49.952 0.0048 49.9472
67 49.9472 0.16 49.7872
43 49.9472 0.016 49.9312
43 49.9312 0.016 49.9152
67 49.7872 0.0016 49.7856
43 49.9152 0.048 49.8672
67 49.7856 0.0048 49.7808
31 50 0.048 49.952
56 50 0.048 49.952
51 50 0.0048 49.9952
78 50 0.0048 49.9952
25 50 0.0048 49.9952
31 49.952 0.0048 49.9472
46 50 0.0048 49.9952
57 50 0.0048 49.9952
64 50 0.0048 49.9952
53 50 0.048 49.952
65 50 0.048 49.952
38 50 0.0048 49.9952
73 50 0.0048 49.9952
54 50 0.048 49.952
34 50 0.048 49.952
71 50 0.048 49.952
38 49.9952 0.048 49.9472
65 49.952 0.0048 49.9472
73 49.9952 0.0048 49.9904
81 50 0.048 49.952
30 50 0.0048 49.9952
35 50 0.0048 49.9952
79 50 0.0048 49.9952
81 49.952 0.0048 49.9472
81 49.9472 0.16 49.7872
81 49.7872 0.0016 49.7856
79 49.9952 0.048 49.9472
30 49.9952 0.0048 49.9904
35 49.9952 0.0048 49.9904
81 49.7856 0.0048 49.7808
51 49.9952 0.048 49.9472
56 49.952 0.0048 49.9472
78 49.9952 0.0048 49.9904
51 49.9472 0.0048 49.9424
51 49.9424 0.16 49.7824
51 49.7824 0.0016 49.7808
29 50 0.048 49.952
49 50 0.048 49.952
53 49.952 0.0048 49.9472
73 49.9904 0.048 49.9424
38 49.9472 0.0048 49.9424
65 49.9472 0.0048 49.9424
83 50 0.048 49.952
43 50 0.048 49.952
31 50 0.048 49.952
56 50 0.048 49.952
51 50 0.0048 49.9952
78 50 0.0048 49.9952
25 50 0.0048 49.9952
31 49.952 0.0048 49.9472
46 50 0.0048 49.9952
57 50 0.0048 49.9952
64 50 0.0048 49.9952
53 50 0.048 49.952
65 50 0.048 49.952
38 50 0.0048 49.9952
73 50 0.0048 49.9952
54 50 0.048 49.952
54 49.952 0.0048 49.9472
54 49.9472 0.16 49.7872
54 49.7872 0.0016 49.7856
34 50 0.048 49.952
42 50 0.0048 49.9952
71 50 0.048 49.952
38 49.9952 0.048 49.9472
65 49.952 0.0048 49.9472
38 49.9472 0.0048 49.9424
38 49.9424 0.16 49.7824
38 49.7824 0.0016 49.7808
79 50 0.048 49.952
30 50 0.0048 49.9952
35 50 0.0048 49.9952
81 50 0.0048 49.9952
29 50 0.048 49.952
49 50 0.048 49.952
73 49.9952 0.048 49.9472
65 49.9472 0.0048 49.9424
83 50 0.048 49.952
43 50 0.048 49.952
31 50 0.048 49.952
56 50 0.048 49.952
51 50 0.0048 49.9952
78 50 0.0048 49.9952
31 49.952 0.0048 49.9472
46 50 0.0048 49.9952
53 50 0.048 49.952
53 49.952 0.0048 49.9472
53 49.9472 0.16 49.7872
53 49.7872 0.0016 49.7856
65 50 0.048 49.952
38 49.973 0.0048 49.9682
73 50 0.0048 49.9952
34 50 0.048 49.952
42 50 0.0048 49.9952
71 50 0.048 49.952
79 50 0.048 49.952
30 50 0.0048 49.9952
35 50 0.0048 49.9952
81 50 0.0048 49.9952
29 50 0.048 49.952
49 50 0.048 49.952
73 49.9952 0.048 49.9472
83 50 0.048 49.952
63 50 0.0048 49.9952
66 50 0.0048 49.9952
43 50 0.048 49.952
67 50 0.0048 49.9952
31 50 0.048 49.952
56 50 0.048 49.952
51 50 0.0048 49.9952
78 50 0.0048 49.9952
39 50 0.0048 49.9952
40 50 0.0048 49.9952
46 50 0.0048 49.9952
50 50 0.0048 49.9952
80 50 0.0048 49.9952
65 50 0.048 49.952
38 50 0.0048 49.9952
34 50 0.048 49.952
71 50 0.048 49.952
79 50 0.048 49.952
30 50 0.0048 49.9952
35 50 0.0048 49.9952
29 50 0.048 49.952
49 50 0.048 49.952
73 50 0.048 49.952
65 49.952 0.0048 49.9472
83 50 0.048 49.952
83 49.952 0.0048 49.9472
83 49.9472 0.16 49.7872
83 49.7872 0.0016 49.7856
43 50 0.048 49.952
67 50 0.0048 49.9952
43 49.952 0.0048 49.9472
43 49.9472 0.16 49.7872
43 49.7872 0.0016 49.7856
31 50 0.048 49.952
56 50 0.048 49.952
51 50 0.0048 49.9952
78 50 0.0048 49.9952
39 50 0.0048 49.9952
40 50 0.0048 49.9952
50 50 0.0048 49.9952
63 50 0.0048 49.9952
66 50 0.0048 49.9952
80 50 0.0048 49.9952
83 49.7856 0.0048 49.7808
65 50 0.048 49.952
38 50 0.0048 49.9952
73 50 0.0048 49.9952
34 50 0.048 49.952
71 50 0.048 49.952
79 50 0.048 49.952
30 50 0.0048 49.9952
35 50 0.0048 49.9952
28 50 0.048 49.952
28 49.952 0.0048 49.9472
28 49.9472 0.16 49.7872
28 49.7872 0.0016 49.7856
29 50 0.048 49.952
49 50 0.048 49.952
73 49.9952 0.048 49.9472
38 49.9952 0.0048 49.9904
65 49.952 0.0048 49.9472
31 50 0.048 49.952
31 49.952 0.0048 49.9472
31 49.9472 0.16 49.7872
31 49.7872 0.0016 49.7856
56 50 0.048 49.952
51 50 0.0048 49.9952
78 50 0.0048 49.9952
39 50 0.0048 49.9952
40 50 0.0048 49.9952
45 50 0.0048 49.9952
50 50 0.0048 49.9952
59 50 0.0048 49.9952
61 50 0.0048 49.9952
63 50 0.0048 49.9952
66 50 0.0048 49.9952
80 50 0.0048 49.9952
83 50 0.0048 49.9952
65 50 0.048 49.952
38 50 0.0048 49.9952
73 50 0.0048 49.9952
34 50 0.048 49.952
42 50 0.0048 49.9952
71 50 0.048 49.952
53 50 0.0048 49.9952
79 50 0.048 49.952
30 50 0.0048 49.9952
35 50 0.0048 49.9952
29 50 0.048 49.952
29 49.952 0.0048 49.9472
29 49.9472 0.16 49.7872
29 49.7872 0.0016 49.7856
49 50 0.048 49.952
73 49.9952 0.048 49.9472
65 49.952 0.0048 49.9472
35 49.9952 0.048 49.9472
30 49.9952 0.0048 49.9904
68 50 0.0048 49.9952
79 49.952 0.0048 49.9472
43 50 0.048 49.952
67 50 0.0048 49.9952
56 50 0.048 49.952
51 50 0.0048 49.9952
78 50 0.0048 49.9952
39 50 0.0048 49.9952
40 50 0.0048 49.9952
45 50 0.0048 49.9952
50 50 0.0048 49.9952
53 50 0.0048 49.9952
59 50 0.0048 49.9952
61 50 0.0048 49.9952
63 50 0.0048 49.9952
66 50 0.0048 49.9952
71 50 0.0048 49.9952
80 50 0.0048 49.9952
83 50 0.0048 49.9952
65 50 0.048 49.952
73 50 0.0048 49.9952
34 50 0.048 49.952
42 50 0.0048 49.9952
71 49.9952 0.048 49.9472
79 50 0.048 49.952
30 50 0.0048 49.9952
35 50 0.0048 49.9952
49 50 0.048 49.952
49 49.952 0.0048 49.9472
49 49.9472 0.16 49.7872
49 49.7872 0.0016 49.7856
73 49.9952 0.048 49.9472
65 49.952 0.0048 49.9472
35 49.9952 0.048 49.9472
30 49.9952 0.0048 49.9904
68 50 0.0048 49.9952
79 49.952 0.0048 49.9472
43 50 0.048 49.952
61 49.9952 0.048 49.9472
45 50 0.0048 49.9952
56 50 0.048 49.952
51 50 0.0048 49.9952
78 50 0.0048 49.9952
56 49.952 0.0048 49.9472
56 49.9472 0.16 49.7872
56 49.7872 0.0016 49.7856
40 50 0.0048 49.9952
45 49.9952 0.0048 49.9904
49 49.7856 0.0048 49.7808
53 50 0.0048 49.9952
59 50 0.0048 49.9952
61 50 0.0048 49.9952
63 50 0.0048 49.9952
66 50 0.0048 49.9952
71 50 0.0048 49.9952
80 50 0.0048 49.9952
83 50 0.0048 49.9952
65 50 0.048 49.952
73 50 0.0048 49.9952
34 50 0.048 49.952
42 50 0.0048 49.9952
71 49.9952 0.048 49.9472
53 49.9952 0.0048 49.9904
47 50 0.048 49.952
32 50 0.0048 49.9952
33 50 0.0048 49.9952
79 50 0.048 49.952
35 50 0.0048 49.9952
73 49.9952 0.048 49.9472
35 49.9952 0.048 49.9472
30 50 0.0048 49.9952
79 49.952 0.0048 49.9472
43 50 0.048 49.952
67 50 0.0048 49.9952
43 49.952 0.0048 49.9472
43 49.9472 0.16 49.7872
43 49.7872 0.0016 49.7856
61 49.9952 0.048 49.9472
45 50 0.0048 49.9952
59 50 0.0048 49.9952
45 49.9952 0.0048 49.9904
49 50 0.0048 49.9952
52 50 0.0048 49.9952
53 50 0.0048 49.9952
59 49.9952 0.0048 49.9904
61 50 0.0048 49.9952
71 50 0.0048 49.9952
65 50 0.048 49.952
34 50 0.048 49.952
42 50 0.0048 49.9952
37 50 0.048 49.952
71 49.9952 0.048 49.9472
47 50 0.048 49.952
32 50 0.0048 49.9952
33 50 0.0048 49.9952
79 50 0.048 49.952
35 50 0.0048 49.9952
81 50 0.0048 49.9952
73 50 0.048 49.952
38 50 0.0048 49.9952
26 50 0.048 49.952
35 49.9952 0.048 49.9472
79 49.952 0.0048 49.9472
81 50 0.0048 49.9952
80 50 0.048 49.952
40 50 0.0048 49.9952
80 49.952 0.0048 49.9472
80 49.9472 0.16 49.7872
80 49.7872 0.0016 49.7856
61 49.9952 0.048 49.9472
45 50 0.0048 49.9952
59 50 0.0048 49.9952
61 49.9472 0.0048 49.9424
61 49.9424 0.16 49.7824
61 49.7824 0.0016 49.7808
49 50 0.0048 49.9952
51 50 0.0048 49.9952
52 50 0.0048 49.9952
53 50 0.0048 49.9952
56 50 0.0048 49.9952
71 50 0.0048 49.9952
78 50 0.0048 49.9952
65 50 0.048 49.952
34 50 0.048 49.952
37 50 0.048 49.952
37 49.952 0.0048 49.9472
37 49.9472 0.16 49.7872
37 49.7872 0.0016 49.7856
71 49.9952 0.048 49.9472
47 50 0.048 49.952
32 50 0.0048 49.9952
33 50 0.0048 49.9952
59 49.9952 0.048 49.9472
61 49.9184 0.0048 49.9136
79 50 0.048 49.952
35 50 0.0048 49.9952
81 49.9952 0.0048 49.9904
73 50 0.048 49.952
38 50 0.0048 49.9952
65 49.952 0.0048 49.9472
73 49.952 0.0048 49.9472
73 49.9472 0.16 49.7872
73 49.7872 0.0016 49.7856
26 50 0.048 49.952
35 49.9952 0.048 49.9472
68 50 0.0048 49.9952
79 49.952 0.0048 49.9472
81 50 0.0048 49.9952
49 50 0.0048 49.9952
51 50 0.0048 49.9952
52 50 0.0048 49.9952
56 50 0.0048 49.9952
78 50 0.0048 49.9952
84 50 0.0048 49.9952
65 50 0.048 49.952
73 49.9941 0.0048 49.9893
65 49.952 0.0048 49.9472
65 49.9472 0.16 49.7872
65 49.7872 0.0016 49.7856
36 50 0.048 49.952
34 50 0.048 49.952
34 49.952 0.0048 49.9472
34 49.9472 0.16 49.7872
34 49.7872 0.0016 49.7856
25 50 0.048 49.952
64 50 0.0048 49.9952
25 49.952 0.0048 49.9472
25 49.9472 0.16 49.7872
25 49.7872 0.0016 49.7856
71 50 0.048 49.952
47 50 0.048 49.952
33 50 0.0048 49.9952
55 50 0.048 49.952
59 50 0.048 49.952
79 50 0.048 49.952
35 50 0.0048 49.9952
81 49.9952 0.0048 49.9904
84 49.9952 0.048 49.9472
26 50 0.048 49.952
35 49.9952 0.048 49.9472
30 50 0.0048 49.9952
68 50 0.0048 49.9952
79 49.952 0.0048 49.9472
81 50 0.0048 49.9952
35 49.9472 0.0048 49.9424
35 49.9424 0.16 49.7824
35 49.7824 0.0016 49.7808
37 50 0.0048 49.9952
51 50 0.0048 49.9952
52 50 0.0048 49.9952
56 50 0.0048 49.9952
78 50 0.0048 49.9952
84 50 0.0048 49.9952
36 50 0.048 49.952
42 50 0.0048 49.9952
71 50 0.048 49.952
47 50 0.048 49.952
33 50 0.0048 49.9952
55 50 0.048 49.952
59 50 0.048 49.952
79 50 0.048 49.952
30 50 0.0048 49.9952
35 49.91 0.0048 49.9052
81 49.9952 0.0048 49.9904
84 49.9952 0.048 49.9472
51 49.9952 0.0048 49.9904
26 50 0.048 49.952
42 50 0.048 49.952
36 50 0.0048 49.9952
37 50 0.0048 49.9952
51 50 0.0048 49.9952
56 50 0.0048 49.9952
78 50 0.0048 49.9952
84 50 0.0048 49.9952
36 49.9952 0.048 49.9472
42 49.952 0.0048 49.9472
75 50 0.048 49.952
71 50 0.048 49.952
71 49.952 0.0048 49.9472
71 49.9472 0.16 49.7872
71 49.7872 0.0016 49.7856
47 50 0.048 49.952
33 50 0.0048 49.9952
55 50 0.048 49.952
59 50 0.048 49.952
79 50 0.048 49.952
30 50 0.0048 49.9952
35 50 0.0048 49.9952
81 50 0.0048 49.9952
84 49.9952 0.048 49.9472
51 49.9952 0.0048 49.9904
26 50 0.048 49.952
42 50 0.048 49.952
36 50 0.0048 49.9952
35 50 0.0048 49.9952
37 50 0.0048 49.9952
51 50 0.0048 49.9952
68 50 0.0048 49.9952
84 50 0.0048 49.9952
36 49.9952 0.048 49.9472
42 49.952 0.0048 49.9472
75 50 0.048 49.952
47 50 0.048 49.952
39 50 0.048 49.952
66 50 0.0048 49.9952
66 49.9952 0.048 49.9472
39 49.952 0.0048 49.9472
39 49.9472 0.16 49.7872
66 49.9472 0.016 49.9312
66 49.9312 0.016 49.9152
39 49.7872 0.0016 49.7856
66 49.9152 0.048 49.8672
39 49.7856 0.0048 49.7808
40 50 0.0048 49.9952
63 50 0.0048 49.9952
80 50 0.0048 49.9952
83 50 0.0048 49.9952
55 50 0.048 49.952
55 49.952 0.0048 49.9472
55 49.9472 0.16 49.7872
55 49.7872 0.0016 49.7856
59 50 0.048 49.952
61 50 0.0048 49.9952
79 50 0.048 49.952
30 50 0.0048 49.9952
35 49.9952 0.0048 49.9904
35 49.9904 0.048 49.9424
81 50 0.0048 49.9952
79 49.952 0.0048 49.9472
79 49.9472 0.16 49.7872
30 49.9952 0.016 49.9792
35 49.9424 0.016 49.9264
35 49.9264 0.016 49.9104
79 49.7872 0.0016 49.7856
35 49.9104 0.048 49.8624
79 49.7856 0.0048 49.7808
81 49.9952 0.0048 49.9904
81 49.9904 0.016 49.9744
84 49.9952 0.048 49.9472
51 49.9952 0.0048 49.9904
84 49.9472 0.0048 49.9424
84 49.9424 0.16 49.7824
84 49.7824 0.0016 49.7808
26 50 0.048 49.952
42 50 0.048 49.952
30 50 0.0048 49.9952
35 50 0.0048 49.9952
37 50 0.0048 49.9952
68 50 0.0048 49.9952
79 49.7808 0.0048 49.776
81 50 0.0048 49.9952
36 50 0.048 49.952
75 50 0.048 49.952
47 50 0.048 49.952
66 50 0.048 49.952
39 50 0.0048 49.9952
40 50 0.0048 49.9952
59 50 0.048 49.952
45 50 0.0048 49.9952
61 50 0.0048 49.9952
35 49.9952 0.048 49.9472
79 50 0.0048 49.9952
81 49.9952 0.0048 49.9904
26 50 0.048 49.952
26 49.952 0.0048 49.9472
26 49.9472 0.16 49.7872
26 49.7872 0.0016 49.7856
60 50 0.048 49.952
42 50 0.048 49.952
72 50 0.048 49.952
76 50 0.0048 49.9952
82 50 0.0048 49.9952
82 49.9952 0.048 49.9472
72 49.952 0.0048 49.9472
72 49.9472 0.16 49.7872
76 49.9952 0.016 49.9792
82 49.9472 0.016 49.9312
82 49.9312 0.016 49.9152
72 49.7872 0.0016 49.7856
82 49.9152 0.048 49.8672
72 49.7856 0.0048 49.7808
76 49.9792 0.0048 49.9744
30 50 0.0048 49.9952
35 50 0.0048 49.9952
68 50 0.0048 49.9952
79 49.9952 0.0048 49.9904
81 50 0.0048 49.9952
30 49.9952 0.048 49.9472
35 49.9952 0.0048 49.9904
79 49.9904 0.0048 49.9856
81 49.9952 0.0048 49.9904
30 49.9472 0.0048 49.9424
30 49.9424 0.16 49.7824
30 49.7824 0.0016 49.7808
36 50 0.048 49.952
75 50 0.048 49.952
47 50 0.048 49.952
33 50 0.0048 49.9952
66 50 0.048 49.952
39 50 0.0048 49.9952
40 50 0.0048 49.9952
63 50 0.0048 49.9952
59 50 0.048 49.952
45 50 0.0048 49.9952
61 50 0.0048 49.9952
35 49.9904 0.048 49.9424
30 49.7808 0.0048 49.776
68 49.9952 0.0048 49.9904
79 50 0.0048 49.9952
81 49.9904 0.0048 49.9856
60 50 0.048 49.952
42 50 0.048 49.952
36 50 0.0048 49.9952
82 50 0.048 49.952
72 50 0.0048 49.9952
76 50 0.0048 49.9952
30 50 0.0048 49.9952
35 50 0.0048 49.9952
38 50 0.0048 49.9952
68 50 0.0048 49.9952
79 49.9952 0.0048 49.9904
81 50 0.0048 49.9952
68 49.9952 0.048 49.9472
35 49.9952 0.0048 49.9904
36 49.9952 0.048 49.9472
42 49.952 0.0048 49.9472
75 50 0.048 49.952
47 50 0.048 49.952
33 50 0.0048 49.9952
66 50 0.048 49.952
40 50 0.0048 49.9952
50 50 0.0048 49.9952
63 50 0.0048 49.9952
83 50 0.0048 49.9952
59 50 0.048 49.952
45 50 0.0048 49.9952
61 50 0.0048 49.9952
35 49.9904 0.048 49.9424
30 49.9952 0.0048 49.9904
68 49.9472 0.0048 49.9424
79 50 0.0048 49.9952
81 49.9952 0.0048 49.9904
60 50 0.048 49.952
70 50 0.0048 49.9952
42 50 0.048 49.952
36 50 0.0048 49.9952
82 50 0.048 49.952
72 50 0.0048 49.9952
76 50 0.0048 49.9952
82 49.952 0.0048 49.9472
82 49.9472 0.16 49.7872
82 49.7872 0.0016 49.7856
30 50 0.0048 49.9952
38 50 0.0048 49.9952
65 50 0.0048 49.9952
73 50 0.0048 49.9952
79 49.9952 0.0048 49.9904
81 50 0.0048 49.9952
70 49.9952 0.048 49.9472
60 49.952 0.0048 49.9472
68 50 0.048 49.952
68 49.952 0.0048 49.9472
68 49.9472 0.16 49.7872
68 49.7872 0.0016 49.7856
36 49.9952 0.048 49.9472
42 49.952 0.0048 49.9472
36 49.9472 0.0048 49.9424
36 49.9424 0.16 49.7824
36 49.7824 0.0016 49.7808
75 50 0.048 49.952
47 50 0.048 49.952
33 50 0.0048 49.9952
66 50 0.048 49.952
40 50 0.0048 49.9952
50 50 0.0048 49.9952
63 50 0.0048 49.9952
83 50 0.0048 49.9952
59 50 0.048 49.952
45 50 0.0048 49.9952
61 50 0.0048 49.9952
59 49.952 0.0048 49.9472
59 49.9472 0.16 49.7872
59 49.7872 0.0016 49.7856
35 50 0.048 49.952
30 49.9952 0.0048 49.9904
30 49.9904 0.048 49.9424
79 50 0.0048 49.9952
35 49.952 0.0048 49.9472
35 49.9472 0.16 49.7872
30 49.9424 0.016 49.9264
30 49.9264 0.016 49.9104
35 49.7872 0.0016 49.7856
30 49.9104 0.048 49.8624
35 49.7856 0.0048 49.7808
79 49.9952 0.0048 49.9904
60 50 0.048 49.952
52 50 0.048 49.952
42 50 0.048 49.952
38 50 0.0048 49.9952
55 50 0.0048 49.9952
65 50 0.0048 49.9952
69 50 0.0048 49.9952
73 50 0.0048 49.9952
70 50 0.048 49.952
70 49.952 0.0048 49.9472
70 49.9472 0.16 49.7872
70 49.7872 0.0016 49.7856
75 50 0.048 49.952
47 50 0.048 49.952
32 50 0.0048 49.9952
33 50 0.0048 49.9952
66 50 0.048 49.952
83 50 0.0048 49.9952
30 50 0.048 49.952
35 50 0.0048 49.9952
79 50 0.0048 49.9952
60 50 0.048 49.952
46 50 0.048 49.952
52 50 0.048 49.952
42 50 0.048 49.952
38 50 0.0048 49.9952
55 50 0.0048 49.9952
65 50 0.0048 49.9952
69 50 0.0048 49.9952
73 50 0.0048 49.9952
75 50 0.048 49.952
47 50 0.048 49.952
32 50 0.0048 49.9952
66 50 0.048 49.952
39 50 0.0048 49.9952
40 50 0.0048 49.9952
63 50 0.0048 49.9952
83 50 0.0048 49.9952
30 50 0.048 49.952
35 50 0.0048 49.9952
79 50 0.0048 49.9952
81 50 0.0048 49.9952
60 50 0.048 49.952
46 50 0.048 49.952
52 50 0.048 49.952
42 50 0.048 49.952
28 50 0.0048 49.9952
41 50 0.0048 49.9952
55 50 0.0048 49.9952
65 50 0.0048 49.9952
69 50 0.0048 49.9952
73 50 0.0048 49.9952
77 50 0.0048 49.9952
75 50 0.048 49.952
47 50 0.048 49.952
66 50 0.048 49.952
39 50 0.0048 49.9952
40 50 0.0048 49.9952
50 50 0.0048 49.9952
63 50 0.0048 49.9952
30 50 0.048 49.952
35 50 0.0048 49.9952
68 50 0.0048 49.9952
79 50 0.0048 49.9952
81 50 0.0048 49.9952
60 50 0.048 49.952
46 50 0.048 49.952
46 49.952 0.0048 49.9472
46 49.9472 0.16 49.7872
46 49.7872 0.0016 49.7856
52 50 0.048 49.952
52 49.952 0.0048 49.9472
52 49.9472 0.16 49.7872
52 49.7872 0.0016 49.7856
40 50 0.048 49.952
39 50 0.0048 49.9952
50 49.9952 0.0048 49.9904
63 50 0.0048 49.9952
66 50 0.0048 49.9952
80 50 0.0048 49.9952
42 50 0.048 49.952
28 50 0.0048 49.9952
29 50 0.0048 49.9952
41 50 0.0048 49.9952
55 50 0.0048 49.9952
69 50 0.0048 49.9952
77 50 0.0048 49.9952
75 50 0.048 49.952
47 50 0.048 49.952
66 49.9952 0.048 49.9472
40 49.952 0.0048 49.9472
50 50 0.0048 49.9952
30 50 0.048 49.952
35 50 0.0048 49.9952
79 50 0.0048 49.9952
81 50 0.0048 49.9952
45 50 0.048 49.952
60 50 0.048 49.952
40 50 0.048 49.952
39 50 0.0048 49.9952
50 49.9952 0.0048 49.9904
63 50 0.0048 49.9952
66 50 0.0048 49.9952
80 50 0.0048 49.9952
42 50 0.048 49.952
36 50 0.0048 49.9952
28 50 0.0048 49.9952
29 50 0.0048 49.9952
41 50 0.0048 49.9952
77 50 0.0048 49.9952
75 50 0.048 49.952
76 50 0.048 49.952
26 50 0.0048 49.9952
72 50 0.0048 49.9952
82 50 0.0048 49.9952
82 49.9952 0.048 49.9472
76 49.952 0.0048 49.9472
76 49.9472 0.16 49.7872
26 49.9952 0.016 49.9792
72 49.9952 0.016 49.9792
82 49.9472 0.016 49.9312
82 49.9312 0.016 49.9152
76 49.7872 0.0016 49.7856
82 49.9152 0.048 49.8672
72 49.9792 0.0048 49.9744
76 49.7856 0.0048 49.7808
47 50 0.048 49.952
56 50 0.048 49.952
66 49.9952 0.048 49.9472
40 49.952 0.0048 49.9472
50 50 0.0048 49.9952
63 49.9952 0.0048 49.9904
80 50 0.0048 49.9952
30 50 0.048 49.952
35 50 0.0048 49.9952
68 50 0.0048 49.9952
79 50 0.0048 49.9952
81 50 0.0048 49.9952
45 50 0.048 49.952
60 50 0.048 49.952
70 50 0.0048 49.9952
40 50 0.048 49.952
63 50 0.0048 49.9952
66 50 0.0048 49.9952
80 49.9952 0.0048 49.9904
42 50 0.048 49.952
36 50 0.0048 49.9952
27 50 0.0048 49.9952
28 50 0.0048 49.9952
29 50 0.0048 49.9952
41 50 0.0048 49.9952
77 50 0.0048 49.9952
44 50 0.048 49.952
41 49.9952 0.048 49.9472
28 49.9952 0.0048 49.9904
75 50 0.048 49.952
82 50 0.048 49.952
72 50 0.0048 49.9952
76 49.9874 0.0048 49.9826
82 49.952 0.0048 49.9472
82 49.9472 0.16 49.7872
82 49.7872 0.0016 49.7856
47 50 0.048 49.952
33 50 0.0048 49.9952
56 50 0.048 49.952
78 50 0.0048 49.9952
66 49.9952 0.048 49.9472
40 49.952 0.0048 49.9472
63 49.9952 0.0048 49.9904
80 50 0.0048 49.9952
78 49.9952 0.048 49.9472
56 49.952 0.0048 49.9472
30 50 0.048 49.952
35 50 0.0048 49.9952
68 50 0.0048 49.9952
81 50 0.0048 49.9952
45 50 0.048 49.952
38 50 0.048 49.952
60 50 0.048 49.952
40 50 0.048 49.952
50 50 0.0048 49.9952
66 50 0.0048 49.9952
80 49.9952 0.0048 49.9904
42 50 0.048 49.952
36 50 0.0048 49.9952
27 50 0.0048 49.9952
29 50 0.0048 49.9952
44 49.952 0.0048 49.9472
44 50 0.048 49.952
44 49.952 0.0048 49.9472
44 49.9472 0.16 49.7872
44 49.7872 0.0016 49.7856
41 50 0.048 49.952
28 50 0.0048 49.9952
75 50 0.048 49.952
47 50 0.048 49.952
56 50 0.048 49.952
51 50 0.0048 49.9952
51 49.9952 0.048 49.9472
78 50 0.0048 49.9952
56 49.952 0.0048 49.9472
56 49.9472 0.16 49.7872
51 49.9472 0.016 49.9312
51 49.9312 0.016 49.9152
56 49.7872 0.0016 49.7856
51 49.9152 0.048 49.8672
56 49.7856 0.0048 49.7808
84 50 0.0048 49.9952
78 49.9952 0.016 49.9792
66 49.9952 0.048 49.9472
40 49.952 0.0048 49.9472
50 50 0.0048 49.9952
63 50 0.0048 49.9952
80 50 0.0048 49.9952
78 49.9792 0.048 49.9312
56 49.7808 0.0048 49.776
30 50 0.048 49.952
35 50 0.0048 49.9952
68 50 0.0048 49.9952
81 50 0.0048 49.9952
74 50 0.048 49.952
54 50 0.0048 49.9952
74 49.952 0.0048 49.9472
74 49.9472 0.16 49.7872
74 49.7872 0.0016 49.7856
45 50 0.048 49.952
38 50 0.048 49.952
73 50 0.0048 49.9952
73 49.9952 0.048 49.9472
38 49.952 0.0048 49.9472
38 49.9472 0.16 49.7872
73 49.9472 0.016 49.9312
73 49.9312 0.016 49.9152
38 49.7872 0.0016 49.7856
73 49.9152 0.048 49.8672
38 49.7856 0.0048 49.7808
