84 3912 2.04529
38 3914 2.15101
102 3915 2.1637
67 3916 2.22355
49 3918 2.2382
37 3919 2.27382
64 3920 2.29269
123 3922 2.36124
94 3923 2.40103
69 3924 2.40653
45 3925 2.40863
108 3927 2.44249
71 3928 2.48506
65 3930 2.55214
106 3931 2.5958
40 3932 2.62824
53 3934 2.64545
61 3935 2.64632
46 3936 2.66683
88 3937 2.69577
87 3938 2.7131
124 3940 2.77301
33 3941 2.80585
73 3942 2.82304
57 3944 2.85219
104 3945 2.869
52 3946 2.89552
118 3947 2.91567
99 3949 2.94228
27 3950 2.9943
63 3951 3.02565
30 3953 3.08237
121 3954 3.09428
26 3955 3.10849
76 3956 3.13
93 3958 3.17496
91 3959 3.19031
42 3960 3.19089
96 3961 3.19197
66 3963 3.23397
29 3964 3.31327
48 3966 3.33994
60 3967 3.35185
74 3968 3.42197
89 3970 3.49776
32 3971 3.50109
82 3972 3.53019
97 3974 3.54752
75 3975 3.6308
25 3977 3.71615
81 3979 3.7732
85 3980 3.7938
51 3982 3.84828
62 3983 3.88428
70 3985 3.98712
72 3986 3.99946
112 3988 4.05711
77 3989 4.05892
39 3990 4.10052
110 3991 4.1292
107 3992 4.13294
111 3994 4.17933
50 3995 4.18463
78 3996 4.21241
114 3998 4.24689
119 3999 4.26421
90 4000 4.27172
54 4001 4.27425
117 4002 4.32483
92 4003 4.32824
34 4004 4.3309
105 4006 4.34551
98 4007 4.35478
101 4008 4.36806
86 4009 4.37069
56 4010 4.37725
100 4012 4.47505
103 4013 4.52687
68 4015 4.53588
115 4016 4.54587
109 4017 4.54737
58 4018 4.60663
122 4019 4.61403
44 4021 4.64527
55 4022 4.6481
84 4023 4.70421
83 4025 4.75679
36 4026 4.76313
46 4027 4.77147
43 4028 4.7807
95 4029 4.78184
31 4030 4.78578
28 4031 4.79277
49 4032 4.82943
41 4034 4.85769
80 4035 4.88587
35 4036 4.90233
59 4037 4.92554
120 4039 4.93772
38 4040 4.95907
113 4041 4.96625
116 4042 4.99964
94 4048 5.4435
48 4049 5.45348
33 4050 5.52168
67 4052 5.55152
123 4053 5.57693
91 4054 5.6029
26 4056 5.63907
45 4057 5.68906
27 4058 5.6891
102 4060 5.75844
32 4061 5.8318
74 4063 5.84947
118 4064 5.90447
96 4066 5.95936
64 4067 5.97682
72 4069 6.13279
108 4073 6.40211
60 4076 6.57998
93 4078 6.66048
87 4080 6.73652
53 4081 6.75542
88 4082 6.7784
62 4083 6.82446
69 4085 6.91922
75 4087 6.97152
119 4088 6.98094
46 4089 7.01411
71 4091 7.07308
65 4092 7.11713
111 4093 7.13147
40 4095 7.13637
68 4096 7.15696
57 4097 7.1735
63 4098 7.18829
30 4099 7.21414
85 4101 7.25994
124 4102 7.30762
42 4104 7.40655
76 4107 7.53585
109 4108 7.5554
101 4109 7.59531
97 4111 7.65347
36 4112 7.68749
105 4114 7.73536
100 4115 7.74271
37 4116 7.74785
79 4117 7.75154
52 4118 7.75852
83 4119 7.77777
106 4120 7.83026
61 4121 7.83265
54 4123 7.90476
80 4125 8.01757
29 4127 8.0527
27 4128 8.1145
44 4129 8.12855
28 4131 8.15317
39 4132 8.17718
66 4133 8.19492
82 4135 8.28477
117 4136 8.29055
70 4138 8.37753
58 4139 8.37984
89 4141 8.4607
26 4142 8.48753
41 4143 8.49525
51 4145 8.61998
95 4146 8.62962
77 4147 8.63319
104 4149 8.65728
35 4150 8.66512
34 4151 8.67636
50 4153 8.7506
116 4155 8.85612
90 4156 8.89813
38 4157 8.9092
103 4159 8.95772
108 4160 8.97119
92 4161 9.00005
78 4163 9.04583
55 4164 9.08221
72 4165 9.08348
25 4167 9.13696
121 4168 9.15
107 4169 9.19359
84 4171 9.2495
31 4172 9.25875
33 4173 9.26298
56 4174 9.279
81 4175 9.29473
123 4176 9.30383
120 4178 9.3364
114 4180 9.43383
49 4182 9.55068
118 4183 9.57273
119 4184 9.5916
91 4185 9.59196
75 4187 9.63548
73 4188 9.64052
45 4189 9.70609
65 4190 9.72645
32 4192 9.74537
86 4193 9.7626
48 4195 9.88426
68 4198 10.0527
64 4199 10.0769
94 4202 10.2424
59 4203 10.262
37 4205 10.3413
61 4206 10.3745
74 4207 10.4292
47 4209 10.4906
67 4210 10.5058
96 4213 10.6791
112 4214 10.6941
82 4215 10.7095
57 4216 10.7097
27 4220 10.9363
83 4221 10.9899
110 4222 10.9984
80 4224 11.0765
46 4225 11.091
53 4226 11.0955
58 4228 11.1541
113 4229 11.233
87 4231 11.2533
39 4233 11.4114
106 4235 11.4865
105 4236 11.5244
124 4238 11.5453
29 4239 11.5699
116 4240 11.5767
69 4241 11.5769
107 4243 11.7049
89 4245 11.755
71 4246 11.764
117 4247 11.7959
40 4248 11.819
109 4249 11.8205
44 4251 11.841
114 4252 11.8657
50 4253 11.8704
98 4254 11.8754
31 4255 11.8979
63 4256 11.9075
111 4258 11.9691
99 4260 12.0489
70 4262 12.1486
62 4263 12.1625
36 4264 12.1962
52 4266 12.2373
54 4267 12.2817
93 4268 12.3024
30 4269 12.3158
78 4271 12.3722
97 4273 12.4649
79 4274 12.4709
42 4276 12.54
102 4278 12.6509
92 4279 12.6541
77 4280 12.655
68 4281 12.6915
101 4282 12.6928
37 4284 12.7374
95 4285 12.7568
118 4286 12.7684
41 4287 12.7739
120 4288 12.8069
86 4290 12.8501
100 4291 12.9308
35 4293 12.9908
28 4295 13.0841
38 4296 13.0908
121 4297 13.0978
66 4298 13.1074
85 4300 13.1601
55 4304 13.4543
88 4306 13.5519
74 4307 13.5598
108 4308 13.5718
104 4309 13.5947
60 4310 13.5956
65 4312 13.6509
90 4313 13.6541
76 4314 13.6641
94 4315 13.7058
103 4317 13.7471
82 4318 13.7788
26 4321 13.946
51 4322 14.019
110 4324 14.0414
73 4325 14.0533
84 4327 14.1423
105 4328 14.2089
98 4329 14.2277
99 4331 14.2796
59 4332 14.324
75 4334 14.3714
81 4335 14.3993
53 4337 14.4603
45 4338 14.4938
119 4340 14.6025
107 4342 14.6985
39 4344 14.753
123 4345 14.7658
115 4347 14.8792
87 4348 14.8895
112 4349 14.8983
83 4350 14.9022
50 4352 14.9613
122 4353 14.9944
