46 1506 0 100 0.1 2.05425 2.15425
43 1508 0 100 0.1 2.15535 2.25535
25 1510 0 100 0.1 2.24966 2.34966
34 1523 0 100 0.1 2.985 3.085
49 1524 0 100 0.1 3.02928 3.12928
53 1518 0 100 0.7 2.65889 3.35889
42 1514 0 100 1 2.5317 3.5317
35 1529 0 100 0.3 3.31897 3.61897
48 1516 0 100 1.1 2.58223 3.68224
45 1535 0 100 1.28371e-07 3.68563 3.68563
31 1532 0 100 0.2 3.48756 3.68756
52 1541 0 100 1.51711e-07 3.92489 3.92489
47 1536 0 100 0.2 3.72763 3.92763
54 1527 0 100 0.8 3.16132 3.96132
33 1547 0 100 1.05031e-07 4.19077 4.19077
26 1538 0 100 0.5 3.77433 4.27433
44 1546 0 100 0.2 4.15018 4.35018
30 1540 0 100 0.5 3.88561 4.38561
32 1549 0 100 0.2 4.2301 4.4301
29 1548 0 100 0.6 4.2035 4.8035
50 1560 0 100 0.2 4.73472 4.93472
36 1552 0 100 0.7 4.37599 5.07599
37 1553 0 100 0.7 4.40073 5.10073
41 1557 0 100 0.5 4.64771 5.14771
27 1562 0 100 0.6 4.74742 5.34742
40 1561 0 100 0.7 4.74001 5.44001
25 1565 0 100 0.7 4.96898 5.66898
38 1511 0 100 3.6 2.32877 5.92877
52 1579 0 100 0.1 6.15286 6.25286
46 1570 0 100 0.9 5.40358 6.30358
43 1558 0 100 1.8 4.66735 6.46735
37 1584 0 100 9.33608e-08 6.58263 6.58263
32 1587 0 100 7.00206e-08 6.70252 6.70252
39 1543 0 100 2.9 3.94503 6.84503
45 1591 0 100 2.33402e-08 7.00102 7.00102
34 1595 0 100 4.66804e-08 7.21479 7.21479
53 1594 0 100 0.6 7.15197 7.75197
49 1586 0 100 1.1 6.67696 7.77696
35 1605 0 100 3.50103e-08 7.77726 7.77726
28 1520 0 100 5.1 2.73363 7.83363
30 1603 0 100 0.3 7.72167 8.02167
36 1608 0 100 0.5 7.88677 8.38677
25 1615 0 100 0.1 8.29944 8.39944
51 1610 0 100 0.5 7.97901 8.47901
41 1619 0 100 8.16907e-08 8.50348 8.50348
42 1600 0 100 0.9 7.61178 8.51178
44 1606 0 100 0.9 7.80899 8.70899
33 1612 0 100 0.7 8.1228 8.8228
47 1622 0 100 0.4 8.6014 9.0014
54 1626 0 100 0.2 8.82772 9.02772
26 1616 0 100 0.8 8.31448 9.11448
48 1621 0 100 0.8 8.55718 9.35718
31 1602 0 100 1.7 7.68536 9.38536
50 1638 0 100 0.1 9.63069 9.73069
37 1642 0 100 0.1 9.76646 9.86646
27 1624 0 100 1.3 8.68712 9.98712
39 1646 0 100 1.16701e-07 10.014 10.014
40 1629 0 100 1.3 8.94885 10.2488
52 1635 0 100 0.9 9.50612 10.4061
32 1640 0 100 0.9 9.6679 10.5679
28 1652 0 100 0.4 10.4143 10.8143
43 1656 0 100 0.5 10.6835 11.1835
29 1636 0 100 1.8 9.53124 11.3312
33 1661 0 100 0.5 11.1166 11.6166
41 1671 0 100 1.16701e-07 11.7335 11.7335
34 1667 0 100 0.3 11.5217 11.8217
46 1651 0 100 1.6 10.4038 12.0038
49 1664 0 100 0.9 11.3119 12.2119
38 1645 0 100 2.3 9.93723 12.2372
26 1672 0 100 0.5 11.7717 12.2717
47 1676 0 100 0.6 11.8273 12.4273
45 1674 0 100 0.7 11.8113 12.5113
35 1675 0 100 0.8 11.8167 12.6167
53 1686 0 100 0.3 12.3477 12.6477
27 1688 0 100 0.2 12.4972 12.6972
29 1691 0 100 0.1 12.7081 12.8081
54 1680 0 100 0.8 12.0238 12.8238
50 1673 0 100 1.1 11.7891 12.8891
44 1693 0 100 0.2 12.7806 12.9806
36 1694 0 100 0.2 12.8242 13.0242
39 1684 0 100 0.9 12.2498 13.1498
25 1700 0 100 0.1 13.1288 13.2288
30 1678 0 100 1.4 11.8582 13.2582
51 1698 0 100 0.3 12.9698 13.2698
40 1707 0 100 0.7 13.5213 14.2213
31 1696 0 100 1.5 12.9134 14.4134
52 1706 0 100 1 13.4631 14.4631
33 1712 0 100 0.7 13.8079 14.5079
48 1715 0 100 0.6 13.9815 14.5815
37 1717 0 100 0.6 14.0989 14.6989
53 1726 0 100 0.1 14.6229 14.7229
43 1710 0 100 1.3 13.6369 14.9369
32 1721 0 100 0.6 14.3673 14.9673
