0 2326
0 2327
0 2328
0 2329
0 2330
0 2331
0 2332
0 2333
0 2334
0 2335
0 2336
0 2337
0 2338
0 2339
0 2340
0 2341
0 2342
0 2344
49 2346
22 2346
23 2346
24 2346
0 2347
0 2350
0 2353
0 2358
45 2354
24 2354
0 2360
79 2355
21 2355
22 2355
23 2355
24 2355
77 2352
18 2352
19 2352
20 2352
21 2352
22 2352
23 2352
24 2352
0 2366
0 2368
58 2348
7 2348
6 2348
5 2348
4 2348
3 2348
2 2348
1 2348
0 2372
48 2359
0 2374
53 2367
49 2367
1 2367
76 2365
17 2365
18 2365
19 2365
20 2365
21 2365
22 2365
23 2365
24 2365
0 2378
39 2349
3 2349
2 2349
1 2349
29 2371
20 2371
21 2371
22 2371
23 2371
24 2371
0 2381
64 2361
6 2361
5 2361
4 2361
3 2361
2 2361
1 2361
33 2380
9 2380
8 2380
7 2380
6 2380
5 2380
4 2380
3 2380
2 2380
1 2380
52 2370
78 2370
1 2370
0 2384
75 2376
11 2376
10 2376
9 2376
8 2376
7 2376
6 2376
5 2376
4 2376
3 2376
2 2376
1 2376
0 2390
0 2391
46 2363
7 2363
6 2363
5 2363
4 2363
3 2363
2 2363
1 2363
69 2393
23 2393
24 2393
84 2343
2 2343
1 2343
73 2364
24 2364
0 2396
43 2382
10 2382
9 2382
8 2382
7 2382
6 2382
5 2382
4 2382
3 2382
2 2382
1 2382
51 2356
3 2356
2 2356
1 2356
35 2394
1 2394
27 2357
21 2357
22 2357
23 2357
24 2357
0 2398
60 2389
20 2389
21 2389
22 2389
23 2389
24 2389
0 2400
58 2359
12 2359
11 2359
10 2359
9 2359
8 2359
7 2359
6 2359
5 2359
4 2359
3 2359
2 2359
1 2359
34 2351
15 2351
16 2351
17 2351
18 2351
19 2351
20 2351
21 2351
22 2351
23 2351
24 2351
59 2392
6 2392
5 2392
4 2392
3 2392
2 2392
1 2392
0 2403
40 2401
7 2401
6 2401
5 2401
4 2401
3 2401
2 2401
1 2401
54 2377
15 2377
16 2377
17 2377
18 2377
19 2377
20 2377
21 2377
22 2377
23 2377
24 2377
32 2402
12 2402
11 2402
10 2402
9 2402
8 2402
7 2402
6 2402
5 2402
4 2402
3 2402
2 2402
1 2402
0 2407
42 2387
16 2387
17 2387
18 2387
19 2387
20 2387
21 2387
22 2387
23 2387
24 2387
81 2405
3 2405
2 2405
1 2405
78 2410
5 2410
4 2410
3 2410
2 2410
1 2410
0 2411
62 2386
11 2386
10 2386
9 2386
8 2386
7 2386
6 2386
5 2386
4 2386
3 2386
2 2386
1 2386
44 2413
23 2413
24 2413
70 2373
22 2373
23 2373
24 2373
80 2406
39 2406
8 2406
7 2406
6 2406
5 2406
4 2406
3 2406
2 2406
1 2406
0 2414
30 2345
26 2383
23 2383
24 2383
0 2415
71 2397
7 2397
6 2397
5 2397
4 2397
3 2397
2 2397
1 2397
35 2345
4 2345
3 2345
2 2345
1 2345
0 2419
31 2379
11 2379
10 2379
9 2379
8 2379
7 2379
6 2379
5 2379
4 2379
3 2379
2 2379
1 2379
57 2388
12 2388
11 2388
10 2388
9 2388
8 2388
7 2388
6 2388
5 2388
4 2388
3 2388
2 2388
1 2388
65 2417
3 2417
2 2417
1 2417
0 2422
66 2423
41 2404
2 2404
1 2404
0 2424
0 2425
36 2408
0 2428
39 2423
11 2423
10 2423
9 2423
8 2423
7 2423
6 2423
5 2423
4 2423
3 2423
2 2423
1 2423
42 2408
20 2408
21 2408
22 2408
23 2408
24 2408
50 2409
11 2409
10 2409
9 2409
8 2409
7 2409
6 2409
5 2409
4 2409
3 2409
2 2409
1 2409
74 2395
19 2395
20 2395
21 2395
22 2395
23 2395
24 2395
0 2430
79 2432
0 2433
28 2426
4 2426
3 2426
2 2426
1 2426
72 2385
2 2385
1 2385
68 2412
8 2412
7 2412
6 2412
5 2412
4 2412
3 2412
2 2412
1 2412
47 2375
18 2375
19 2375
20 2375
21 2375
22 2375
23 2375
24 2375
38 2399
7 2399
6 2399
5 2399
4 2399
3 2399
2 2399
1 2399
56 2416
11 2416
10 2416
9 2416
8 2416
7 2416
6 2416
5 2416
4 2416
3 2416
2 2416
1 2416
82 2420
3 2420
2 2420
1 2420
37 2431
11 2431
10 2431
9 2431
8 2431
7 2431
6 2431
5 2431
4 2431
3 2431
2 2431
1 2431
39 2437
15 2437
16 2437
17 2437
18 2437
19 2437
20 2437
21 2437
22 2437
23 2437
24 2437
0 2442
67 2369
20 2369
21 2369
22 2369
23 2369
24 2369
25 2362
18 2362
19 2362
20 2362
21 2362
22 2362
23 2362
24 2362
61 2427
15 2427
16 2427
17 2427
18 2427
19 2427
20 2427
21 2427
22 2427
23 2427
24 2427
0 2444
45 2438
15 2438
16 2438
17 2438
18 2438
19 2438
20 2438
21 2438
22 2438
23 2438
24 2438
83 2421
16 2421
17 2421
18 2421
19 2421
20 2421
21 2421
22 2421
23 2421
24 2421
0 2445
63 2429
16 2429
17 2429
18 2429
19 2429
20 2429
21 2429
22 2429
23 2429
24 2429
55 2418
10 2418
9 2418
8 2418
7 2418
6 2418
5 2418
4 2418
3 2418
2 2418
1 2418
35 2432
12 2432
11 2432
10 2432
9 2432
8 2432
7 2432
6 2432
5 2432
4 2432
3 2432
2 2432
1 2432
0 2447
0 2449
53 2450
71 2450
16 2450
17 2450
18 2450
19 2450
20 2450
21 2450
22 2450
23 2450
24 2450
0 2451
42 2448
2 2448
1 2448
0 2452
46 2446
20 2446
21 2446
22 2446
23 2446
24 2446
0 2455
0 2456
0 2458
0 2462
32 2459
48 2457
1 2457
0 2465
0 2466
29 2461
13 2461
14 2461
15 2461
16 2461
17 2461
18 2461
19 2461
20 2461
21 2461
22 2461
23 2461
24 2461
0 2470
77 2454
14 2454
15 2454
16 2454
17 2454
18 2454
19 2454
20 2454
21 2454
22 2454
23 2454
24 2454
0 2471
0 2472
0 2473
69 2460
16 2460
17 2460
18 2460
19 2460
20 2460
21 2460
22 2460
23 2460
24 2460
79 2476
58 2468
4 2468
3 2468
2 2468
1 2468
0 2478
72 2475
13 2475
14 2475
15 2475
16 2475
17 2475
18 2475
19 2475
20 2475
21 2475
22 2475
23 2475
24 2475
70 2480
76 2477
13 2477
14 2477
15 2477
16 2477
17 2477
18 2477
19 2477
20 2477
21 2477
22 2477
23 2477
24 2477
0 2481
0 2483
33 2464
5 2464
4 2464
3 2464
2 2464
1 2464
0 2485
81 2486
20 2486
21 2486
22 2486
23 2486
24 2486
26 2469
15 2469
16 2469
17 2469
18 2469
19 2469
20 2469
21 2469
22 2469
23 2469
24 2469
0 2488
64 2474
3 2474
2 2474
1 2474
78 2479
23 2479
24 2479
52 2484
78 2484
23 2484
24 2484
0 2493
0 2495
83 2494
1 2494
27 2443
17 2443
18 2443
19 2443
20 2443
21 2443
22 2443
23 2443
24 2443
0 2496
28 2497
19 2497
20 2497
21 2497
22 2497
23 2497
24 2497
0 2499
65 2500
21 2500
22 2500
23 2500
24 2500
49 2467
1 2467
62 2492
6 2492
5 2492
4 2492
3 2492
2 2492
1 2492
0 2501
82 2498
17 2498
18 2498
19 2498
20 2498
21 2498
22 2498
23 2498
24 2498
31 2503
5 2503
4 2503
3 2503
2 2503
1 2503
57 2504
73 2491
0 2505
75 2482
10 2482
9 2482
8 2482
7 2482
6 2482
5 2482
4 2482
3 2482
2 2482
1 2482
71 2506
2 2506
1 2506
64 2504
6 2504
5 2504
4 2504
3 2504
2 2504
1 2504
0 2508
51 2507
1 2507
0 2512
0 2514
56 2509
2 2509
1 2509
54 2516
0 2517
36 2490
14 2490
15 2490
16 2490
17 2490
18 2490
19 2490
20 2490
21 2490
22 2490
23 2490
24 2490
0 2523
0 2524
47 2487
11 2487
10 2487
9 2487
8 2487
7 2487
6 2487
5 2487
4 2487
3 2487
2 2487
1 2487
84 2453
3 2453
2 2453
1 2453
42 2510
15 2510
16 2510
17 2510
18 2510
19 2510
20 2510
21 2510
22 2510
23 2510
24 2510
66 2519
6 2519
5 2519
4 2519
3 2519
2 2519
1 2519
43 2463
11 2463
10 2463
9 2463
8 2463
7 2463
6 2463
5 2463
4 2463
3 2463
2 2463
1 2463
65 2491
0 2527
59 2520
6 2520
5 2520
4 2520
3 2520
2 2520
1 2520
37 2522
3 2522
2 2522
1 2522
63 2529
0 2530
60 2480
21 2480
22 2480
23 2480
24 2480
0 2531
29 2525
24 2525
0 2534
55 2532
1 2532
39 2511
8 2511
7 2511
6 2511
5 2511
4 2511
3 2511
2 2511
1 2511
0 2535
30 2489
4 2489
3 2489
2 2489
1 2489
0 2537
45 2518
8 2518
7 2518
6 2518
5 2518
4 2518
3 2518
2 2518
1 2518
50 2529
9 2529
8 2529
7 2529
6 2529
5 2529
4 2529
3 2529
2 2529
1 2529
0 2538
34 2515
18 2515
19 2515
20 2515
21 2515
22 2515
23 2515
24 2515
38 2536
3 2536
2 2536
1 2536
0 2541
40 2521
10 2521
9 2521
8 2521
7 2521
6 2521
5 2521
4 2521
3 2521
2 2521
1 2521
0 2543
67 2533
15 2533
16 2533
17 2533
18 2533
19 2533
20 2533
21 2533
22 2533
23 2533
24 2533
76 2542
0 2544
46 2540
13 2540
14 2540
15 2540
16 2540
17 2540
18 2540
19 2540
20 2540
21 2540
22 2540
23 2540
24 2540
0 2546
53 2528
10 2528
9 2528
8 2528
7 2528
6 2528
5 2528
4 2528
3 2528
2 2528
1 2528
0 2547
68 2545
30 2545
7 2545
6 2545
5 2545
4 2545
3 2545
2 2545
1 2545
44 2526
2 2526
1 2526
35 2476
7 2476
6 2476
5 2476
4 2476
3 2476
2 2476
1 2476
26 2551
2 2551
1 2551
50 2539
12 2539
11 2539
10 2539
9 2539
8 2539
7 2539
6 2539
5 2539
4 2539
3 2539
2 2539
1 2539
52 2549
10 2549
9 2549
8 2549
7 2549
6 2549
5 2549
4 2549
3 2549
2 2549
1 2549
58 2554
18 2554
19 2554
20 2554
21 2554
22 2554
23 2554
24 2554
80 2513
77 2552
6 2552
5 2552
4 2552
3 2552
2 2552
1 2552
41 2502
6 2502
5 2502
4 2502
3 2502
2 2502
1 2502
61 2558
25 2548
17 2548
18 2548
19 2548
20 2548
21 2548
22 2548
23 2548
24 2548
45 2558
14 2558
15 2558
16 2558
17 2558
18 2558
19 2558
20 2558
21 2558
22 2558
23 2558
24 2558
74 2516
23 2516
24 2516
0 2562
50 2513
15 2513
16 2513
17 2513
18 2513
19 2513
20 2513
21 2513
22 2513
23 2513
24 2513
0 2564
33 2566
21 2566
22 2566
23 2566
24 2566
0 2567
75 2565
23 2565
24 2565
0 2569
27 2560
7 2560
6 2560
5 2560
4 2560
3 2560
2 2560
1 2560
72 2570
0 2571
0 2574
62 2573
21 2573
22 2573
23 2573
24 2573
66 2577
0 2578
0 2580
56 2576
16 2576
17 2576
18 2576
19 2576
20 2576
21 2576
22 2576
23 2576
24 2576
32 2581
0 2582
50 2577
19 2577
20 2577
21 2577
22 2577
23 2577
24 2577
0 2583
63 2584
48 2553
64 2563
22 2563
23 2563
24 2563
0 2586
50 2584
20 2584
21 2584
22 2584
23 2584
24 2584
70 2568
9 2568
8 2568
7 2568
6 2568
5 2568
4 2568
3 2568
2 2568
1 2568
78 2585
67 2581
0 2587
82 2570
10 2570
9 2570
8 2570
7 2570
6 2570
5 2570
4 2570
3 2570
2 2570
1 2570
0 2589
0 2591
57 2593
24 2593
0 2596
45 2595
21 2595
22 2595
23 2595
24 2595
50 2601
22 2601
23 2601
24 2601
0 2602
69 2598
15 2598
16 2598
17 2598
18 2598
19 2598
20 2598
21 2598
22 2598
23 2598
24 2598
67 2588
0 2608
81 2604
18 2604
19 2604
20 2604
21 2604
22 2604
23 2604
24 2604
51 2605
20 2605
21 2605
22 2605
23 2605
24 2605
0 2609
54 2572
6 2572
5 2572
4 2572
3 2572
2 2572
1 2572
38 2599
17 2599
18 2599
19 2599
20 2599
21 2599
22 2599
23 2599
24 2599
0 2610
53 2592
22 2592
23 2592
24 2592
0 2611
83 2607
24 2607
43 2588
4 2588
3 2588
2 2588
1 2588
0 2612
28 2613
17 2613
18 2613
19 2613
20 2613
21 2613
22 2613
23 2613
24 2613
31 2579
2 2579
1 2579
0 2614
29 2606
17 2606
18 2606
19 2606
20 2606
21 2606
22 2606
23 2606
24 2606
0 2617
49 2600
24 2600
56 2585
23 2585
24 2585
0 2619
43 2616
6 2616
5 2616
4 2616
3 2616
2 2616
1 2616
0 2621
80 2624
2 2624
1 2624
61 2618
1 2618
0 2625
37 2622
23 2622
24 2622
73 2575
21 2575
22 2575
23 2575
24 2575
0 2627
65 2590
21 2590
22 2590
23 2590
24 2590
34 2597
11 2597
10 2597
9 2597
8 2597
7 2597
6 2597
5 2597
4 2597
3 2597
2 2597
1 2597
25 2629
5 2629
4 2629
3 2629
2 2629
1 2629
35 2615
23 2615
24 2615
0 2632
0 2634
71 2603
2 2603
1 2603
0 2636
39 2637
55 2630
22 2630
23 2630
24 2630
79 2594
84 2631
1 2631
0 2638
26 2623
19 2623
20 2623
21 2623
22 2623
23 2623
24 2623
72 2640
0 2641
30 2642
0 2643
82 2640
20 2640
21 2640
22 2640
23 2640
24 2640
0 2645
68 2644
1 2644
36 2628
15 2628
16 2628
17 2628
18 2628
19 2628
20 2628
21 2628
22 2628
23 2628
24 2628
59 2626
5 2626
4 2626
3 2626
2 2626
1 2626
35 2594
0 2648
70 2646
20 2646
21 2646
22 2646
23 2646
24 2646
0 2650
0 2651
46 2649
9 2649
8 2649
7 2649
6 2649
5 2649
4 2649
3 2649
2 2649
1 2649
52 2647
5 2647
4 2647
3 2647
2 2647
1 2647
0 2653
0 2655
76 2656
0 2658
82 2656
23 2656
24 2656
0 2663
44 2659
24 2659
56 2657
74 2664
17 2664
18 2664
19 2664
20 2664
21 2664
22 2664
23 2664
24 2664
38 2662
