35 1296 2.13152
40 1298 2.21289
39 1299 2.24943
28 1304 2.60256
32 1305 2.61482
29 1308 2.80304
30 1311 3.00076
33 1315 3.30605
36 1317 3.41686
44 1319 3.48223
42 1321 3.65351
43 1323 3.68425
25 1324 3.74201
27 1326 3.81163
31 1330 4.13716
41 1333 4.34975
26 1337 4.63676
34 1339 4.73078
37 1341 4.82558
38 1343 4.96704
29 1346 5.1567
30 1356 6.02177
31 1362 6.51387
36 1363 6.53856
43 1367 6.83394
39 1368 6.85623
40 1371 7.03967
29 1376 7.37737
44 1378 7.50058
27 1380 7.5854
32 1381 7.66524
33 1386 7.99504
42 1392 8.54833
35 1394 8.65656
37 1396 8.67144
34 1397 8.68685
25 1398 8.71479
26 1402 9.02357
41 1404 9.16607
28 1411 9.76545
38 1420 10.5583
30 1426 11.0097
36 1427 11.0569
33 1429 11.1595
40 1432 11.3402
39 1436 11.6654
43 1438 11.694
26 1439 11.7662
25 1444 12.0775
29 1446 12.1792
44 1448 12.2966
32 1450 12.3831
37 1454 12.7655
42 1456 12.7819
28 1459 13.053
38 1464 13.4511
34 1468 13.6913
31 1474 14.1789
33 1476 14.3467
35 1479 14.5296
