0 3035
0 3036
0 3037
0 3038
0 3039
0 3040
0 3041
0 3042
0 3043
0 3044
0 3045
0 3046
0 3047
0 3048
0 3049
0 3050
0 3051
0 3052
0 3053
0 3056
87 3057
6 3057
5 3057
4 3057
3 3057
2 3057
1 3057
83 3059
0 3060
103 3058
19 3058
20 3058
21 3058
22 3058
23 3058
24 3058
0 3065
88 3055
2 3055
1 3055
0 3069
104 3061
23 3061
24 3061
0 3073
60 3070
3 3070
2 3070
1 3070
94 3075
80 3076
20 3076
21 3076
22 3076
23 3076
24 3076
38 3077
15 3077
16 3077
17 3077
18 3077
19 3077
20 3077
21 3077
22 3077
23 3077
24 3077
57 3079
51 3063
7 3063
6 3063
5 3063
4 3063
3 3063
2 3063
1 3063
45 3080
0 3081
0 3084
46 3074
72 3074
16 3074
17 3074
18 3074
19 3074
20 3074
21 3074
22 3074
23 3074
24 3074
86 3079
2 3079
1 3079
71 3083
19 3083
20 3083
21 3083
22 3083
23 3083
24 3083
0 3087
65 3071
2 3071
1 3071
93 3066
8 3066
7 3066
6 3066
5 3066
4 3066
3 3066
2 3066
1 3066
41 3078
18 3078
19 3078
20 3078
21 3078
22 3078
23 3078
24 3078
0 3092
56 3088
23 3088
24 3088
0 3097
91 3093
5 3093
4 3093
3 3093
2 3093
1 3093
85 3082
17 3082
18 3082
19 3082
20 3082
21 3082
22 3082
23 3082
24 3082
52 3090
21 3090
22 3090
23 3090
24 3090
0 3099
72 3098
18 3098
19 3098
20 3098
21 3098
22 3098
23 3098
24 3098
79 3096
17 3096
18 3096
19 3096
20 3096
21 3096
22 3096
23 3096
24 3096
32 3101
7 3101
6 3101
5 3101
4 3101
3 3101
2 3101
1 3101
0 3102
89 3054
5 3054
4 3054
3 3054
2 3054
1 3054
101 3067
0 3104
43 3103
5 3103
4 3103
3 3103
2 3103
1 3103
81 3067
4 3067
3 3067
2 3067
1 3067
63 3105
14 3105
15 3105
16 3105
17 3105
18 3105
19 3105
20 3105
21 3105
22 3105
23 3105
24 3105
59 3106
18 3106
19 3106
20 3106
21 3106
22 3106
23 3106
24 3106
53 3107
94 3107
4 3107
3 3107
2 3107
1 3107
0 3108
54 3072
23 3072
24 3072
44 3094
42 3109
11 3109
10 3109
9 3109
8 3109
7 3109
6 3109
5 3109
4 3109
3 3109
2 3109
1 3109
39 3110
0 3112
28 3085
24 3085
30 3080
4 3080
3 3080
2 3080
1 3080
0 3117
77 3095
21 3095
22 3095
23 3095
24 3095
102 3064
10 3064
9 3064
8 3064
7 3064
6 3064
5 3064
4 3064
3 3064
2 3064
1 3064
0 3120
47 3068
36 3059
16 3059
17 3059
18 3059
19 3059
20 3059
21 3059
22 3059
23 3059
24 3059
0 3126
49 3127
23 3127
24 3127
99 3122
13 3122
14 3122
15 3122
16 3122
17 3122
18 3122
19 3122
20 3122
21 3122
22 3122
23 3122
24 3122
48 3100
20 3100
21 3100
22 3100
23 3100
24 3100
0 3132
90 3130
17 3130
18 3130
19 3130
20 3130
21 3130
22 3130
23 3130
24 3130
26 3131
5 3131
4 3131
3 3131
2 3131
1 3131
92 3110
13 3110
14 3110
15 3110
16 3110
17 3110
18 3110
19 3110
20 3110
21 3110
22 3110
23 3110
24 3110
64 3119
14 3119
15 3119
16 3119
17 3119
18 3119
19 3119
20 3119
21 3119
22 3119
23 3119
24 3119
0 3135
67 3086
17 3086
18 3086
19 3086
20 3086
21 3086
22 3086
23 3086
24 3086
0 3137
84 3133
22 3133
23 3133
24 3133
97 3134
10 3134
9 3134
8 3134
7 3134
6 3134
5 3134
4 3134
3 3134
2 3134
1 3134
0 3140
34 3116
0 3141
0 3143
78 3128
18 3128
19 3128
20 3128
21 3128
22 3128
23 3128
24 3128
25 3091
3 3091
2 3091
1 3091
0 3145
0 3150
76 3129
5 3129
4 3129
3 3129
2 3129
1 3129
95 3123
1 3123
30 3151
9 3151
8 3151
7 3151
6 3151
5 3151
4 3151
3 3151
2 3151
1 3151
0 3152
74 3146
16 3146
17 3146
18 3146
19 3146
20 3146
21 3146
22 3146
23 3146
24 3146
73 3155
0 3156
0 3157
37 3154
15 3154
16 3154
17 3154
18 3154
19 3154
20 3154
21 3154
22 3154
23 3154
24 3154
68 3062
20 3062
21 3062
22 3062
23 3062
24 3062
50 3125
7 3125
6 3125
5 3125
4 3125
3 3125
2 3125
1 3125
0 3162
40 3163
3 3163
2 3163
1 3163
86 3160
13 3160
14 3160
15 3160
16 3160
17 3160
18 3160
19 3160
20 3160
21 3160
22 3160
23 3160
24 3160
72 3094
2 3094
1 3094
0 3165
69 3138
21 3138
22 3138
23 3138
24 3138
82 3089
14 3089
15 3089
16 3089
17 3089
18 3089
19 3089
20 3089
21 3089
22 3089
23 3089
24 3089
57 3164
0 3166
96 3147
18 3147
19 3147
20 3147
21 3147
22 3147
23 3147
24 3147
86 3164
14 3164
15 3164
16 3164
17 3164
18 3164
19 3164
20 3164
21 3164
22 3164
23 3164
24 3164
62 3118
10 3118
9 3118
8 3118
7 3118
6 3118
5 3118
4 3118
3 3118
2 3118
1 3118
0 3169
60 3168
17 3168
18 3168
19 3168
20 3168
21 3168
22 3168
23 3168
24 3168
92 3159
20 3159
21 3159
22 3159
23 3159
24 3159
80 3161
9 3161
8 3161
7 3161
6 3161
5 3161
4 3161
3 3161
2 3161
1 3161
66 3111
2 3111
1 3111
0 3172
100 3158
13 3158
14 3158
15 3158
16 3158
17 3158
18 3158
19 3158
20 3158
21 3158
22 3158
23 3158
24 3158
70 3142
8 3142
7 3142
6 3142
5 3142
4 3142
3 3142
2 3142
1 3142
65 3171
15 3171
16 3171
17 3171
18 3171
19 3171
20 3171
21 3171
22 3171
23 3171
24 3171
0 3176
29 3121
21 3121
22 3121
23 3121
24 3121
33 3115
12 3115
11 3115
10 3115
9 3115
8 3115
7 3115
6 3115
5 3115
4 3115
3 3115
2 3115
1 3115
0 3177
39 3173
51 3170
22 3170
23 3170
24 3170
71 3174
8 3174
7 3174
6 3174
5 3174
4 3174
3 3174
2 3174
1 3174
55 3136
5 3136
4 3136
3 3136
2 3136
1 3136
0 3179
92 3173
22 3173
23 3173
24 3173
75 3149
0 3180
31 3113
24 3113
91 3182
19 3182
20 3182
21 3182
22 3182
23 3182
24 3182
0 3183
81 3114
17 3114
18 3114
19 3114
20 3114
21 3114
22 3114
23 3114
24 3114
53 3181
81 3181
17 3181
18 3181
19 3181
20 3181
21 3181
22 3181
23 3181
24 3181
47 3184
0 3186
58 3148
22 3148
23 3148
24 3148
104 3185
16 3185
17 3185
18 3185
19 3185
20 3185
21 3185
22 3185
23 3185
24 3185
0 3187
103 3068
13 3068
14 3068
15 3068
16 3068
17 3068
18 3068
19 3068
20 3068
21 3068
22 3068
23 3068
24 3068
76 3184
13 3184
14 3184
15 3184
16 3184
17 3184
18 3184
19 3184
20 3184
21 3184
22 3184
23 3184
24 3184
0 3190
98 3144
20 3144
21 3144
22 3144
23 3144
24 3144
0 3193
87 3191
0 3197
72 3189
9 3189
8 3189
7 3189
6 3189
5 3189
4 3189
3 3189
2 3189
1 3189
61 3139
8 3139
7 3139
6 3139
5 3139
4 3139
3 3139
2 3139
1 3139
59 3175
8 3175
7 3175
6 3175
5 3175
4 3175
3 3175
2 3175
1 3175
0 3202
99 3188
0 3205
26 3198
18 3198
19 3198
20 3198
21 3198
22 3198
23 3198
24 3198
88 3200
23 3200
24 3200
63 3201
5 3201
4 3201
3 3201
2 3201
1 3201
35 3124
0 3207
85 3199
10 3199
9 3199
8 3199
7 3199
6 3199
5 3199
4 3199
3 3199
2 3199
1 3199
0 3210
94 3155
21 3155
22 3155
23 3155
24 3155
74 3209
2 3209
1 3209
0 3212
0 3215
38 3216
45 3203
101 3217
0 3218
54 3219
16 3219
17 3219
18 3219
19 3219
20 3219
21 3219
22 3219
23 3219
24 3219
85 3216
12 3216
11 3216
10 3216
9 3216
8 3216
7 3216
6 3216
5 3216
4 3216
3 3216
2 3216
1 3216
32 3213
1 3213
46 3222
68 3149
6 3149
5 3149
4 3149
3 3149
2 3149
1 3149
0 3224
83 3211
8 3211
7 3211
6 3211
5 3211
4 3211
3 3211
2 3211
1 3211
43 3221
24 3221
31 3191
6 3191
5 3191
4 3191
3 3191
2 3191
1 3191
0 3226
52 3225
17 3225
18 3225
19 3225
20 3225
21 3225
22 3225
23 3225
24 3225
77 3194
14 3194
15 3194
16 3194
17 3194
18 3194
19 3194
20 3194
21 3194
22 3194
23 3194
24 3194
56 3223
20 3223
21 3223
22 3223
23 3223
24 3223
0 3228
94 3217
24 3217
0 3232
89 3196
1 3196
93 3233
0 3234
97 3220
2 3220
1 3220
28 3195
19 3195
20 3195
21 3195
22 3195
23 3195
24 3195
30 3231
24 3231
0 3235
25 3208
19 3208
20 3208
21 3208
22 3208
23 3208
24 3208
84 3222
15 3222
16 3222
17 3222
18 3222
19 3222
20 3222
21 3222
22 3222
23 3222
24 3222
100 3203
0 3237
0 3240
34 3229
18 3229
19 3229
20 3229
21 3229
22 3229
23 3229
24 3229
82 3230
3 3230
2 3230
1 3230
0 3245
47 3246
22 3246
23 3246
24 3246
92 3243
8 3243
7 3243
6 3243
5 3243
4 3243
3 3243
2 3243
1 3243
30 3203
1 3203
64 3204
9 3204
8 3204
7 3204
6 3204
5 3204
4 3204
3 3204
2 3204
1 3204
0 3251
44 3247
17 3247
18 3247
19 3247
20 3247
21 3247
22 3247
23 3247
24 3247
55 3239
17 3239
18 3239
19 3239
20 3239
21 3239
22 3239
23 3239
24 3239
70 3248
21 3248
22 3248
23 3248
24 3248
0 3253
29 3188
9 3188
8 3188
7 3188
6 3188
5 3188
4 3188
3 3188
2 3188
1 3188
102 3241
7 3241
6 3241
5 3241
4 3241
3 3241
2 3241
1 3241
76 3255
23 3255
24 3255
36 3192
13 3192
14 3192
15 3192
16 3192
17 3192
18 3192
19 3192
20 3192
21 3192
22 3192
23 3192
24 3192
49 3250
20 3250
21 3250
22 3250
23 3250
24 3250
0 3257
66 3238
16 3238
17 3238
18 3238
19 3238
20 3238
21 3238
22 3238
23 3238
24 3238
0 3260
62 3227
27 3153
9 3153
8 3153
7 3153
6 3153
5 3153
4 3153
3 3153
2 3153
1 3153
81 3259
4 3259
3 3259
2 3259
1 3259
0 3263
72 3261
19 3261
20 3261
21 3261
22 3261
23 3261
24 3261
100 3262
3 3262
2 3262
1 3262
87 3264
12 3264
11 3264
10 3264
9 3264
8 3264
7 3264
6 3264
5 3264
4 3264
3 3264
2 3264
1 3264
0 3265
41 3178
21 3178
22 3178
23 3178
24 3178
39 3233
11 3233
10 3233
9 3233
8 3233
7 3233
6 3233
5 3233
4 3233
3 3233
2 3233
1 3233
0 3267
69 3236
14 3236
15 3236
16 3236
17 3236
18 3236
19 3236
20 3236
21 3236
22 3236
23 3236
24 3236
0 3270
84 3258
20 3258
21 3258
22 3258
23 3258
24 3258
42 3254
29 3254
12 3254
11 3254
10 3254
9 3254
8 3254
7 3254
6 3254
5 3254
4 3254
3 3254
2 3254
1 3254
91 3242
8 3242
7 3242
6 3242
5 3242
4 3242
3 3242
2 3242
1 3242
0 3272
80 3268
1 3268
78 3252
15 3252
16 3252
17 3252
18 3252
19 3252
20 3252
21 3252
22 3252
23 3252
24 3252
0 3273
0 3274
0 3276
0 3279
73 3256
8 3256
7 3256
6 3256
5 3256
4 3256
3 3256
2 3256
1 3256
95 3278
24 3278
0 3282
67 3206
18 3206
19 3206
20 3206
21 3206
22 3206
23 3206
24 3206
60 3281
12 3281
11 3281
10 3281
9 3281
8 3281
7 3281
6 3281
5 3281
4 3281
3 3281
2 3281
1 3281
0 3283
56 3284
5 3284
4 3284
3 3284
2 3284
1 3284
75 3286
40 3280
79 3214
23 3214
24 3214
0 3288
37 3291
13 3291
14 3291
15 3291
16 3291
17 3291
18 3291
19 3291
20 3291
21 3291
22 3291
23 3291
24 3291
68 3292
0 3293
50 3285
5 3285
4 3285
3 3285
2 3285
1 3285
87 3292
18 3292
19 3292
20 3292
21 3292
22 3292
23 3292
24 3292
0 3296
86 3289
11 3289
10 3289
9 3289
8 3289
7 3289
6 3289
5 3289
4 3289
3 3289
2 3289
1 3289
0 3297
31 3286
19 3286
20 3286
21 3286
22 3286
23 3286
24 3286
0 3299
96 3290
16 3290
17 3290
18 3290
19 3290
20 3290
21 3290
22 3290
23 3290
24 3290
48 3249
0 3300
61 3266
1 3266
0 3304
71 3298
5 3298
4 3298
3 3298
2 3298
1 3298
25 3302
6 3302
5 3302
4 3302
3 3302
2 3302
1 3302
47 3305
8 3305
7 3305
6 3305
5 3305
4 3305
3 3305
2 3305
1 3305
0 3307
63 3295
23 3295
24 3295
59 3306
2 3306
1 3306
0 3309
30 3311
53 3312
14 3312
15 3312
16 3312
17 3312
18 3312
19 3312
20 3312
21 3312
22 3312
23 3312
24 3312
31 3316
22 3316
23 3316
24 3316
57 3271
0 3317
86 3271
15 3271
16 3271
17 3271
18 3271
19 3271
20 3271
21 3271
22 3271
23 3271
24 3271
0 3319
103 3320
10 3320
9 3320
8 3320
7 3320
6 3320
5 3320
4 3320
3 3320
2 3320
1 3320
33 3287
12 3287
11 3287
10 3287
9 3287
8 3287
7 3287
6 3287
5 3287
4 3287
3 3287
2 3287
1 3287
0 3324
76 3310
10 3310
9 3310
8 3310
7 3310
6 3310
5 3310
4 3310
3 3310
2 3310
1 3310
0 3328
29 3301
22 3301
23 3301
24 3301
32 3326
19 3326
20 3326
21 3326
22 3326
23 3326
24 3326
83 3322
1 3322
0 3333
35 3269
21 3269
22 3269
23 3269
24 3269
101 3329
16 3329
17 3329
18 3329
19 3329
20 3329
21 3329
22 3329
23 3329
24 3329
46 3327
6 3327
5 3327
4 3327
3 3327
2 3327
1 3327
99 3331
23 3331
24 3331
55 3308
6 3308
5 3308
4 3308
3 3308
2 3308
1 3308
84 3332
6 3332
5 3332
4 3332
3 3332
2 3332
1 3332
0 3337
51 3314
23 3314
24 3314
42 3334
23 3334
24 3334
34 3330
8 3330
7 3330
6 3330
5 3330
4 3330
3 3330
2 3330
1 3330
0 3340
94 3336
17 3336
18 3336
19 3336
20 3336
21 3336
22 3336
23 3336
24 3336
49 3318
9 3318
8 3318
7 3318
6 3318
5 3318
4 3318
3 3318
2 3318
1 3318
0 3345
77 3342
8 3342
7 3342
6 3342
5 3342
4 3342
3 3342
2 3342
1 3342
41 3338
98 3335
19 3335
20 3335
21 3335
22 3335
23 3335
24 3335
52 3315
11 3315
10 3315
9 3315
8 3315
7 3315
6 3315
5 3315
4 3315
3 3315
2 3315
1 3315
62 3343
14 3343
15 3343
16 3343
17 3343
18 3343
19 3343
20 3343
21 3343
22 3343
23 3343
24 3343
90 3244
3 3244
2 3244
1 3244
0 3347
0 3350
104 3277
17 3277
18 3277
19 3277
20 3277
21 3277
22 3277
23 3277
24 3277
58 3294
23 3294
24 3294
65 3275
19 3275
20 3275
21 3275
22 3275
23 3275
24 3275
102 3349
23 3349
24 3349
0 3353
26 3348
17 3348
18 3348
19 3348
20 3348
21 3348
22 3348
23 3348
24 3348
0 3356
74 3352
0 3358
93 3359
1 3359
64 3362
2 3362
1 3362
0 3363
54 3360
14 3360
15 3360
16 3360
17 3360
18 3360
19 3360
20 3360
21 3360
22 3360
23 3360
24 3360
85 3355
10 3355
9 3355
8 3355
7 3355
6 3355
5 3355
4 3355
3 3355
2 3355
1 3355
70 3339
14 3339
15 3339
16 3339
17 3339
18 3339
19 3339
20 3339
21 3339
22 3339
23 3339
24 3339
0 3365
81 3354
21 3354
22 3354
23 3354
24 3354
40 3338
12 3338
11 3338
10 3338
9 3338
8 3338
7 3338
6 3338
5 3338
4 3338
3 3338
2 3338
1 3338
0 3367
67 3369
89 3357
23 3357
24 3357
0 3371
45 3323
21 3323
22 3323
23 3323
24 3323
0 3374
100 3311
21 3311
22 3311
23 3311
24 3311
0 3376
27 3364
3 3364
2 3364
1 3364
0 3378
38 3341
13 3341
14 3341
15 3341
16 3341
17 3341
18 3341
19 3341
20 3341
21 3341
22 3341
23 3341
24 3341
88 3325
1 3325
44 3361
0 3379
82 3346
72 3380
84 3380
13 3380
14 3380
15 3380
16 3380
17 3380
18 3380
19 3380
20 3380
21 3380
22 3380
23 3380
24 3380
28 3303
18 3303
19 3303
20 3303
21 3303
22 3303
23 3303
24 3303
36 3344
9 3344
8 3344
7 3344
6 3344
5 3344
4 3344
3 3344
2 3344
1 3344
0 3381
39 3372
5 3372
4 3372
3 3372
2 3372
1 3372
55 3361
14 3361
15 3361
16 3361
17 3361
18 3361
19 3361
20 3361
21 3361
22 3361
23 3361
24 3361
0 3383
91 3351
2 3351
1 3351
43 3370
1 3370
0 3384
0 3387
29 3385
7 3385
6 3385
5 3385
4 3385
3 3385
2 3385
1 3385
0 3389
73 3368
1 3368
66 3390
14 3390
15 3390
16 3390
17 3390
18 3390
19 3390
20 3390
21 3390
22 3390
23 3390
24 3390
0 3392
86 3388
2 3388
1 3388
48 3391
15 3391
16 3391
17 3391
18 3391
19 3391
20 3391
21 3391
22 3391
23 3391
24 3391
0 3397
87 3377
10 3377
9 3377
8 3377
7 3377
6 3377
5 3377
4 3377
3 3377
2 3377
1 3377
75 3396
0 3398
97 3321
5 3321
4 3321
3 3321
2 3321
1 3321
61 3382
17 3382
18 3382
19 3382
20 3382
21 3382
22 3382
23 3382
24 3382
87 3396
11 3396
10 3396
9 3396
8 3396
7 3396
6 3396
5 3396
4 3396
3 3396
2 3396
1 3396
0 3400
79 3375
17 3375
18 3375
19 3375
20 3375
21 3375
22 3375
23 3375
24 3375
96 3366
8 3366
7 3366
6 3366
5 3366
4 3366
3 3366
2 3366
1 3366
0 3403
0 3406
53 3394
4 3394
3 3394
2 3394
1 3394
80 3401
68 3409
31 3409
12 3409
11 3409
10 3409
9 3409
8 3409
7 3409
6 3409
5 3409
4 3409
3 3409
2 3409
1 3409
0 3410
71 3408
22 3408
23 3408
24 3408
0 3413
60 3404
0 3416
34 3414
22 3414
23 3414
24 3414
0 3417
92 3373
12 3373
11 3373
10 3373
9 3373
8 3373
7 3373
6 3373
5 3373
4 3373
3 3373
2 3373
1 3373
25 3393
33 3418
3 3418
2 3418
1 3418
56 3395
2 3395
1 3395
69 3386
15 3386
16 3386
17 3386
18 3386
19 3386
20 3386
21 3386
22 3386
23 3386
24 3386
0 3419
52 3405
98 3402
8 3402
7 3402
6 3402
5 3402
4 3402
3 3402
2 3402
1 3402
0 3422
78 3369
16 3369
17 3369
18 3369
19 3369
20 3369
21 3369
22 3369
23 3369
24 3369
95 3412
23 3412
24 3412
102 3415
11 3415
10 3415
9 3415
8 3415
7 3415
6 3415
5 3415
4 3415
3 3415
2 3415
1 3415
0 3425
59 3423
21 3423
22 3423
23 3423
24 3423
0 3427
50 3401
0 3430
67 3428
0 3432
47 3433
4 3433
3 3433
2 3433
1 3433
51 3411
15 3411
16 3411
17 3411
18 3411
19 3411
20 3411
21 3411
22 3411
23 3411
24 3411
103 3401
4 3401
3 3401
2 3401
1 3401
65 3435
9 3435
8 3435
7 3435
6 3435
5 3435
4 3435
3 3435
2 3435
1 3435
81 3436
9 3436
8 3436
7 3436
6 3436
5 3436
4 3436
3 3436
2 3436
1 3436
0 3438
63 3399
19 3399
20 3399
21 3399
22 3399
23 3399
24 3399
0 3441
