0 2666
0 2667
0 2668
0 2669
0 2670
0 2671
0 2672
0 2673
0 2674
0 2675
0 2676
0 2677
0 2678
0 2679
0 2680
0 2681
0 2682
0 2683
0 2684
0 2685
0 2689
65 2691
2 2691
1 2691
0 2693
0 2695
66 2686
14 2686
15 2686
16 2686
17 2686
18 2686
19 2686
20 2686
21 2686
22 2686
23 2686
24 2686
92 2694
15 2694
16 2694
17 2694
18 2694
19 2694
20 2694
21 2694
22 2694
23 2694
24 2694
0 2698
88 2699
19 2699
20 2699
21 2699
22 2699
23 2699
24 2699
80 2700
22 2700
23 2700
24 2700
0 2701
0 2706
67 2707
22 2707
23 2707
24 2707
0 2709
64 2687
24 2687
0 2713
43 2708
35 2714
18 2714
19 2714
20 2714
21 2714
22 2714
23 2714
24 2714
0 2715
0 2719
60 2722
16 2722
17 2722
18 2722
19 2722
20 2722
21 2722
22 2722
23 2722
24 2722
70 2704
12 2704
11 2704
10 2704
9 2704
8 2704
7 2704
6 2704
5 2704
4 2704
3 2704
2 2704
1 2704
49 2712
17 2712
18 2712
19 2712
20 2712
21 2712
22 2712
23 2712
24 2712
0 2723
29 2702
19 2702
20 2702
21 2702
22 2702
23 2702
24 2702
61 2697
14 2697
15 2697
16 2697
17 2697
18 2697
19 2697
20 2697
21 2697
22 2697
23 2697
24 2697
0 2725
0 2726
87 2727
40 2724
10 2724
9 2724
8 2724
7 2724
6 2724
5 2724
4 2724
3 2724
2 2724
1 2724
39 2711
42 2728
22 2728
23 2728
24 2728
57 2705
52 2705
0 2729
64 2708
2 2708
1 2708
0 2730
50 2727
8 2727
7 2727
6 2727
5 2727
4 2727
3 2727
2 2727
1 2727
25 2711
9 2711
8 2711
7 2711
6 2711
5 2711
4 2711
3 2711
2 2711
1 2711
0 2731
68 2733
91 2696
24 2696
0 2735
58 2703
86 2717
5 2717
4 2717
3 2717
2 2717
1 2717
0 2737
31 2718
1 2718
0 2741
93 2739
7 2739
6 2739
5 2739
4 2739
3 2739
2 2739
1 2739
33 2688
1 2688
0 2746
44 2716
7 2716
6 2716
5 2716
4 2716
3 2716
2 2716
1 2716
26 2720
2 2720
1 2720
34 2745
41 2745
2 2745
1 2745
73 2740
18 2740
19 2740
20 2740
21 2740
22 2740
23 2740
24 2740
0 2752
47 2732
12 2732
11 2732
10 2732
9 2732
8 2732
7 2732
6 2732
5 2732
4 2732
3 2732
2 2732
1 2732
0 2757
94 2738
13 2738
14 2738
15 2738
16 2738
17 2738
18 2738
19 2738
20 2738
21 2738
22 2738
23 2738
24 2738
71 2742
12 2742
11 2742
10 2742
9 2742
8 2742
7 2742
6 2742
5 2742
4 2742
3 2742
2 2742
1 2742
78 2743
0 2760
77 2721
19 2721
20 2721
21 2721
22 2721
23 2721
24 2721
76 2710
1 2710
48 2705
15 2705
16 2705
17 2705
18 2705
19 2705
20 2705
21 2705
22 2705
23 2705
24 2705
0 2765
54 2766
25 2761
13 2761
14 2761
15 2761
16 2761
17 2761
18 2761
19 2761
20 2761
21 2761
22 2761
23 2761
24 2761
37 2768
25 2768
13 2768
14 2768
15 2768
16 2768
17 2768
18 2768
19 2768
20 2768
21 2768
22 2768
23 2768
24 2768
79 2736
6 2736
5 2736
4 2736
3 2736
2 2736
1 2736
72 2756
10 2756
9 2756
8 2756
7 2756
6 2756
5 2756
4 2756
3 2756
2 2756
1 2756
0 2770
30 2747
10 2747
9 2747
8 2747
7 2747
6 2747
5 2747
4 2747
3 2747
2 2747
1 2747
45 2734
6 2734
5 2734
4 2734
3 2734
2 2734
1 2734
0 2774
38 2692
7 2692
6 2692
5 2692
4 2692
3 2692
2 2692
1 2692
0 2777
69 2744
7 2744
6 2744
5 2744
4 2744
3 2744
2 2744
1 2744
63 2762
13 2762
14 2762
15 2762
16 2762
17 2762
18 2762
19 2762
20 2762
21 2762
22 2762
23 2762
24 2762
46 2769
1 2769
52 2733
0 2779
59 2780
89 2771
51 2748
10 2748
9 2748
8 2748
7 2748
6 2748
5 2748
4 2748
3 2748
2 2748
1 2748
81 2773
2 2773
1 2773
0 2781
75 2753
10 2753
9 2753
8 2753
7 2753
6 2753
5 2753
4 2753
3 2753
2 2753
1 2753
36 2755
4 2755
3 2755
2 2755
1 2755
48 2733
18 2733
19 2733
20 2733
21 2733
22 2733
23 2733
24 2733
0 2783
0 2784
91 2703
6 2703
5 2703
4 2703
3 2703
2 2703
1 2703
50 2750
16 2750
17 2750
18 2750
19 2750
20 2750
21 2750
22 2750
23 2750
24 2750
62 2782
22 2782
23 2782
24 2782
80 2786
10 2786
9 2786
8 2786
7 2786
6 2786
5 2786
4 2786
3 2786
2 2786
1 2786
85 2759
82 2754
19 2754
20 2754
21 2754
22 2754
23 2754
24 2754
0 2787
44 2766
13 2766
14 2766
15 2766
16 2766
17 2766
18 2766
19 2766
20 2766
21 2766
22 2766
23 2766
24 2766
53 2758
10 2758
9 2758
8 2758
7 2758
6 2758
5 2758
4 2758
3 2758
2 2758
1 2758
83 2772
9 2772
8 2772
7 2772
6 2772
5 2772
4 2772
3 2772
2 2772
1 2772
56 2749
12 2749
11 2749
10 2749
9 2749
8 2749
7 2749
6 2749
5 2749
4 2749
3 2749
2 2749
1 2749
29 2788
5 2788
4 2788
3 2788
2 2788
1 2788
0 2789
74 2775
22 2775
23 2775
24 2775
45 2780
10 2780
9 2780
8 2780
7 2780
6 2780
5 2780
4 2780
3 2780
2 2780
1 2780
0 2790
42 2743
7 2743
6 2743
5 2743
4 2743
3 2743
2 2743
1 2743
84 2764
17 2764
18 2764
19 2764
20 2764
21 2764
22 2764
23 2764
24 2764
0 2791
81 2759
6 2759
5 2759
4 2759
3 2759
2 2759
1 2759
0 2792
41 2763
10 2763
9 2763
8 2763
7 2763
6 2763
5 2763
4 2763
3 2763
2 2763
1 2763
0 2793
0 2795
0 2796
55 2767
15 2767
16 2767
17 2767
18 2767
19 2767
20 2767
21 2767
22 2767
23 2767
24 2767
0 2798
34 2799
43 2797
15 2797
16 2797
17 2797
18 2797
19 2797
20 2797
21 2797
22 2797
23 2797
24 2797
0 2800
0 2801
90 2751
1 2751
0 2805
42 2808
12 2808
11 2808
10 2808
9 2808
8 2808
7 2808
6 2808
5 2808
4 2808
3 2808
2 2808
1 2808
0 2809
44 2806
19 2806
20 2806
21 2806
22 2806
23 2806
24 2806
0 2810
28 2690
14 2690
15 2690
16 2690
17 2690
18 2690
19 2690
20 2690
21 2690
22 2690
23 2690
24 2690
57 2803
1 2803
88 2811
14 2811
15 2811
16 2811
17 2811
18 2811
19 2811
20 2811
21 2811
22 2811
23 2811
24 2811
0 2813
39 2807
24 2807
27 2778
22 2778
23 2778
24 2778
25 2812
60 2804
9 2804
8 2804
7 2804
6 2804
5 2804
4 2804
3 2804
2 2804
1 2804
0 2816
68 2814
71 2812
0 2819
41 2799
16 2799
17 2799
18 2799
19 2799
20 2799
21 2799
22 2799
23 2799
24 2799
0 2821
35 2822
13 2822
14 2822
15 2822
16 2822
17 2822
18 2822
19 2822
20 2822
21 2822
22 2822
23 2822
24 2822
66 2823
86 2794
0 2824
64 2827
20 2827
21 2827
22 2827
23 2827
24 2827
77 2817
7 2817
6 2817
5 2817
4 2817
3 2817
2 2817
1 2817
0 2828
87 2825
1 2825
47 2830
0 2832
54 2826
39 2830
2 2830
1 2830
0 2835
51 2794
22 2794
23 2794
24 2794
92 2833
14 2833
15 2833
16 2833
17 2833
18 2833
19 2833
20 2833
21 2833
22 2833
23 2833
24 2833
91 2836
17 2836
18 2836
19 2836
20 2836
21 2836
22 2836
23 2836
24 2836
0 2837
45 2820
20 2820
21 2820
22 2820
23 2820
24 2820
40 2829
5 2829
4 2829
3 2829
2 2829
1 2829
61 2831
10 2831
9 2831
8 2831
7 2831
6 2831
5 2831
4 2831
3 2831
2 2831
1 2831
0 2840
52 2839
6 2839
5 2839
4 2839
3 2839
2 2839
1 2839
0 2843
65 2815
3 2815
2 2815
1 2815
32 2776
20 2776
21 2776
22 2776
23 2776
24 2776
37 2818
4 2818
3 2818
2 2818
1 2818
0 2844
67 2802
0 2846
70 2845
10 2845
9 2845
8 2845
7 2845
6 2845
5 2845
4 2845
3 2845
2 2845
1 2845
0 2849
78 2838
53 2853
23 2853
24 2853
0 2854
63 2847
4 2847
3 2847
2 2847
1 2847
33 2858
21 2858
22 2858
23 2858
24 2858
89 2834
16 2834
17 2834
18 2834
19 2834
20 2834
21 2834
22 2834
23 2834
24 2834
0 2860
46 2823
17 2823
18 2823
19 2823
20 2823
21 2823
22 2823
23 2823
24 2823
0 2863
56 2841
71 2864
7 2864
6 2864
5 2864
4 2864
3 2864
2 2864
1 2864
0 2865
82 2857
9 2857
8 2857
7 2857
6 2857
5 2857
4 2857
3 2857
2 2857
1 2857
0 2867
49 2851
18 2851
19 2851
20 2851
21 2851
22 2851
23 2851
24 2851
93 2852
4 2852
3 2852
2 2852
1 2852
85 2862
20 2862
21 2862
22 2862
23 2862
24 2862
0 2870
26 2848
24 2848
0 2874
57 2814
11 2814
10 2814
9 2814
8 2814
7 2814
6 2814
5 2814
4 2814
3 2814
2 2814
1 2814
31 2871
94 2861
10 2861
9 2861
8 2861
7 2861
6 2861
5 2861
4 2861
3 2861
2 2861
1 2861
0 2876
80 2850
2 2850
1 2850
0 2879
84 2868
8 2868
7 2868
6 2868
5 2868
4 2868
3 2868
2 2868
1 2868
76 2881
23 2881
24 2881
0 2882
44 2826
6 2826
5 2826
4 2826
3 2826
2 2826
1 2826
39 2885
10 2885
9 2885
8 2885
7 2885
6 2885
5 2885
4 2885
3 2885
2 2885
1 2885
0 2886
41 2869
69 2873
0 2888
45 2802
3 2802
2 2802
1 2802
42 2838
0 2891
72 2889
8 2889
7 2889
6 2889
5 2889
4 2889
3 2889
2 2889
1 2889
27 2877
9 2877
8 2877
7 2877
6 2877
5 2877
4 2877
3 2877
2 2877
1 2877
79 2890
4 2890
3 2890
2 2890
1 2890
0 2892
38 2855
4 2855
3 2855
2 2855
1 2855
29 2893
24 2893
0 2896
48 2887
68 2895
15 2895
16 2895
17 2895
18 2895
19 2895
20 2895
21 2895
22 2895
23 2895
24 2895
0 2897
75 2841
7 2841
6 2841
5 2841
4 2841
3 2841
2 2841
1 2841
75 2898
7 2898
6 2898
5 2898
4 2898
3 2898
2 2898
1 2898
50 2875
12 2875
11 2875
10 2875
9 2875
8 2875
7 2875
6 2875
5 2875
4 2875
3 2875
2 2875
1 2875
58 2859
0 2900
31 2869
4 2869
3 2869
2 2869
1 2869
90 2884
17 2884
18 2884
19 2884
20 2884
21 2884
22 2884
23 2884
24 2884
67 2873
6 2873
5 2873
4 2873
3 2873
2 2873
1 2873
0 2903
51 2894
9 2894
8 2894
7 2894
6 2894
5 2894
4 2894
3 2894
2 2894
1 2894
33 2871
4 2871
3 2871
2 2871
1 2871
66 2899
47 2907
0 2908
42 2909
3 2909
2 2909
1 2909
57 2905
17 2905
18 2905
19 2905
20 2905
21 2905
22 2905
23 2905
24 2905
73 2856
21 2856
22 2856
23 2856
24 2856
81 2842
92 2842
1 2842
0 2911
59 2880
7 2880
6 2880
5 2880
4 2880
3 2880
2 2880
1 2880
36 2883
0 2913
0 2918
54 2914
12 2914
11 2914
10 2914
9 2914
8 2914
7 2914
6 2914
5 2914
4 2914
3 2914
2 2914
1 2914
46 2878
2 2878
1 2878
76 2883
4 2883
3 2883
2 2883
1 2883
55 2917
10 2917
9 2917
8 2917
7 2917
6 2917
5 2917
4 2917
3 2917
2 2917
1 2917
37 2907
16 2907
17 2907
18 2907
19 2907
20 2907
21 2907
22 2907
23 2907
24 2907
30 2872
0 2920
62 2904
22 2904
23 2904
24 2904
34 2901
8 2901
7 2901
6 2901
5 2901
4 2901
3 2901
2 2901
1 2901
86 2921
43 2916
11 2916
10 2916
9 2916
8 2916
7 2916
6 2916
5 2916
4 2916
3 2916
2 2916
1 2916
0 2924
40 2902
20 2902
21 2902
22 2902
23 2902
24 2902
88 2906
8 2906
7 2906
6 2906
5 2906
4 2906
3 2906
2 2906
1 2906
0 2926
83 2919
10 2919
9 2919
8 2919
7 2919
6 2919
5 2919
4 2919
3 2919
2 2919
1 2919
51 2921
13 2921
14 2921
15 2921
16 2921
17 2921
18 2921
19 2921
20 2921
21 2921
22 2921
23 2921
24 2921
25 2925
18 2925
19 2925
20 2925
21 2925
22 2925
23 2925
24 2925
0 2928
0 2930
0 2932
0 2934
94 2935
21 2935
22 2935
23 2935
24 2935
82 2887
22 2887
23 2887
24 2887
0 2936
67 2931
13 2931
14 2931
15 2931
16 2931
17 2931
18 2931
19 2931
20 2931
21 2931
22 2931
23 2931
24 2931
70 2941
1 2941
0 2942
41 2943
80 2937
14 2937
15 2937
16 2937
17 2937
18 2937
19 2937
20 2937
21 2937
22 2937
23 2937
24 2937
0 2945
56 2944
92 2946
8 2946
7 2946
6 2946
5 2946
4 2946
3 2946
2 2946
1 2946
53 2939
14 2939
15 2939
16 2939
17 2939
18 2939
19 2939
20 2939
21 2939
22 2939
23 2939
24 2939
76 2940
10 2940
9 2940
8 2940
7 2940
6 2940
5 2940
4 2940
3 2940
2 2940
1 2940
54 2872
18 2872
19 2872
20 2872
21 2872
22 2872
23 2872
24 2872
0 2947
75 2944
16 2944
17 2944
18 2944
19 2944
20 2944
21 2944
22 2944
23 2944
24 2944
0 2949
35 2933
10 2933
9 2933
8 2933
7 2933
6 2933
5 2933
4 2933
3 2933
2 2933
1 2933
78 2859
12 2859
11 2859
10 2859
9 2859
8 2859
7 2859
6 2859
5 2859
4 2859
3 2859
2 2859
1 2859
0 2951
93 2950
19 2950
20 2950
21 2950
22 2950
23 2950
24 2950
91 2912
78 2912
12 2912
11 2912
10 2912
9 2912
8 2912
7 2912
6 2912
5 2912
4 2912
3 2912
2 2912
1 2912
0 2954
44 2929
19 2929
20 2929
21 2929
22 2929
23 2929
24 2929
64 2938
17 2938
18 2938
19 2938
20 2938
21 2938
22 2938
23 2938
24 2938
0 2956
74 2866
3 2866
2 2866
1 2866
0 2959
84 2960
87 2958
24 2958
0 2962
48 2955
2 2955
1 2955
65 2910
0 2965
69 2952
18 2952
19 2952
20 2952
21 2952
22 2952
23 2952
24 2952
61 2967
7 2967
6 2967
5 2967
4 2967
3 2967
2 2967
1 2967
0 2968
50 2910
0 2971
52 2969
4 2969
3 2969
2 2969
1 2969
0 2974
33 2964
17 2964
18 2964
19 2964
20 2964
21 2964
22 2964
23 2964
24 2964
0 2977
68 2975
5 2975
4 2975
3 2975
2 2975
1 2975
60 2953
12 2953
11 2953
10 2953
9 2953
8 2953
7 2953
6 2953
5 2953
4 2953
3 2953
2 2953
1 2953
0 2980
45 2915
20 2915
21 2915
22 2915
23 2915
24 2915
63 2960
1 2960
37 2973
3 2973
2 2973
1 2973
0 2981
79 2983
72 2970
0 2987
31 2943
19 2943
20 2943
21 2943
22 2943
23 2943
24 2943
67 2983
21 2983
22 2983
23 2983
24 2983
58 2985
75 2986
23 2986
24 2986
0 2989
82 2966
6 2966
5 2966
4 2966
3 2966
2 2966
1 2966
89 2988
14 2988
15 2988
16 2988
17 2988
18 2988
19 2988
20 2988
21 2988
22 2988
23 2988
24 2988
34 2979
20 2979
21 2979
22 2979
23 2979
24 2979
0 2991
77 2927
11 2927
10 2927
9 2927
8 2927
7 2927
6 2927
5 2927
4 2927
3 2927
2 2927
1 2927
0 2992
71 2963
5 2963
4 2963
3 2963
2 2963
1 2963
0 2994
83 2982
22 2982
23 2982
24 2982
26 2990
31 2990
21 2990
22 2990
23 2990
24 2990
38 2993
23 2993
24 2993
0 2995
0 2997
0 3000
0 3001
0 3003
0 3005
90 2957
12 2957
11 2957
10 2957
9 2957
8 2957
7 2957
6 2957
5 2957
4 2957
3 2957
2 2957
1 2957
0 3008
94 3007
10 3007
9 3007
8 3007
7 3007
6 3007
5 3007
4 3007
3 3007
2 3007
1 3007
29 2972
21 2972
22 2972
23 2972
24 2972
0 3009
39 2998
9 2998
8 2998
7 2998
6 2998
5 2998
4 2998
3 2998
2 2998
1 2998
0 3011
62 2996
15 2996
16 2996
17 2996
18 2996
19 2996
20 2996
21 2996
22 2996
23 2996
24 2996
0 3014
81 3015
76 3016
24 3016
0 3017
28 2948
1 2948
0 3018
44 3006
7 3006
6 3006
5 3006
4 3006
3 3006
2 3006
1 3006
0 3021
78 2985
1 2985
0 3024
92 3015
24 3015
30 3023
9 3023
8 3023
7 3023
6 3023
5 3023
4 3023
3 3023
2 3023
1 3023
0 3027
80 2999
6 2999
5 2999
4 2999
3 2999
2 2999
1 2999
56 3030
7 3030
6 3030
5 3030
4 3030
3 3030
2 3030
1 3030
0 3031
46 3004
24 3004
47 3029
13 3029
14 3029
15 3029
16 3029
17 3029
18 3029
19 3029
20 3029
21 3029
22 3029
23 3029
24 3029
42 3026
2 3026
1 3026
