27 68
52 68
56 68
62 68
69 68
52 68
56 68
62 68
69 68
19 68
27 68
62 68
69 68
19 68
25 68
37 68
59 68
85 68
37 68
85 68
71 68
36 68
67 68
42 68
47 68
57 68
61 68
77 68
102 68
109 68
114 68
57 68
61 68
42 68
61 68
102 68
114 68
57 68
77 68
102 68
109 68
114 68
61 68
109 68
22 68
34 68
68 68
72 68
104 68
72 68
104 68
34 68
68 68
28 68
81 68
94 68
68 68
28 68
79 68
83 68
89 68
100 68
83 68
89 68
100 68
29 68
30 68
74 68
81 68
100 68
81 68
88 68
110 68
99 68
8 68
44 68
58 68
91 68
58 68
82 68
91 68
44 68
91 68
51 68
98 68
98 68
70 68
80 68
111 68
111 68
87 68
12 66
27 66
52 66
62 66
0 66
89 66
7 67
0 67
3 71
37 71
38 71
13 69
27 69
52 69
69 69
105 69
0 68
39 68
15 70
0 68
40 68
12 73
21 74
16 72
88 72
110 72
11 75
36 75
59 75
64 75
