51 19
13 19
48 19
12 19
14 19
11 19
15 19
33 19
10 19
59 19
61 19
16 19
29 19
9 19
17 19
45 19
8 19
18 19
35 19
7 19
19 19
6 19
20 19
28 19
34 19
49 19
5 19
21 19
4 19
22 19
3 19
53 19
64 19
23 19
39 19
2 19
24 19
30 19
44 19
1 19
31 19
36 19
46 19
64 20
5 20
4 20
6 20
3 20
7 20
2 20
8 20
1 20
9 20
10 20
11 20
12 20
13 20
14 20
15 20
16 20
17 20
18 20
19 20
20 20
21 20
22 20
23 20
24 20
32 19
39 20
42 19
62 19
41 19
39 21
5 21
4 21
6 21
3 21
7 21
2 21
8 21
1 21
9 21
10 21
11 21
12 21
13 21
14 21
15 21
16 21
17 21
18 21
19 21
20 21
21 21
22 21
23 21
24 21
35 20
43 19
48 20
50 19
51 20
35 22
10 22
9 22
11 22
8 22
12 22
7 22
13 22
6 22
14 22
5 22
48 22
15 22
4 22
16 22
3 22
17 22
2 22
18 22
1 22
19 22
20 22
21 22
22 22
23 22
24 22
38 19
64 21
47 19
52 19
56 19
32 20
54 19
39 22
41 21
29 20
43 22
33 20
43 20
35 23
3 23
2 23
4 23
1 23
5 23
43 23
6 23
7 23
8 23
9 23
10 23
11 23
12 23
13 23
14 23
15 23
16 23
17 23
18 23
19 23
20 23
21 23
22 23
23 23
24 23
51 22
50 20
25 19
40 19
35 24
16 24
15 24
17 24
14 24
18 24
13 24
19 24
12 24
20 24
11 24
50 24
21 24
10 24
22 24
9 24
23 24
8 24
24 24
7 24
6 24
5 24
4 24
3 24
2 24
1 24
47 23
56 20
32 22
54 23
42 21
35 26
6 26
5 26
7 26
4 26
8 26
3 26
9 26
2 26
10 26
1 26
11 26
12 26
13 26
14 26
15 26
16 26
17 26
18 26
19 26
20 26
21 26
22 26
23 26
24 26
