52 406 0 100 1.16701e-07 1.00607 1.00607
68 423 0 100 0.1 1.80512 1.90512
33 424 0 100 0.1 1.89424 1.99424
71 431 0 100 0.1 2.07794 2.17794
34 415 0 100 0.9 1.41794 2.31794
72 430 0 100 0.4 2.06665 2.46665
44 414 0 100 1.4 1.3785 2.7785
70 409 0 100 1.9 1.15243 3.05243
28 441 0 100 0.6 2.55017 3.15017
46 410 0 100 2 1.17219 3.17219
57 443 0 100 0.6 2.61242 3.21242
74 437 0 100 0.9 2.32866 3.22866
76 408 0 100 2.4 1.05804 3.45804
63 422 0 100 2 1.73165 3.73165
35 438 0 100 1.7 2.39139 4.09139
50 442 0 100 1.6 2.59422 4.19422
56 452 0 100 8.16907e-08 4.2041 4.2041
65 425 0 100 2.7 1.9433 4.6433
42 434 0 100 2.5 2.15487 4.65487
62 428 0 100 2.7 2.0223 4.7223
60 416 0 100 3.3 1.42433 4.72433
80 454 0 100 4.66804e-08 4.78059 4.78059
59 417 0 100 3.4 1.46318 4.86318
58 455 0 100 2.33402e-08 4.89704 4.89704
49 413 0 100 3.7 1.34871 5.04871
39 432 0 100 3.1 2.12562 5.22562
35 459 0 100 0.3 5.13244 5.43244
42 456 0 100 0.5 4.94096 5.44096
84 426 0 100 3.5 1.95969 5.45969
41 464 0 100 3.50103e-08 5.70829 5.70829
84 460 0 100 0.7 5.20401 5.90401
41 412 0 100 4.7 1.33684 6.03684
52 450 0 100 2.9 3.32792 6.22792
38 407 0 100 5.2 1.03163 6.23163
30 435 0 100 4.6 2.15885 6.75885
34 467 0 100 0.6 6.17085 6.77085
79 470 0 100 0.4 6.46904 6.86904
51 444 0 100 4.4 2.65585 7.05585
43 469 0 100 0.8 6.4667 7.2667
30 461 0 100 1.9 5.38571 7.28571
72 473 0 100 0.7 6.984 7.684
66 477 0 100 0.6 7.29057 7.89057
83 436 0 100 5.7 2.25482 7.95483
63 484 0 100 0.1 7.89636 7.99636
58 472 0 100 1.1 6.9714 8.0714
76 449 0 100 5.1 3.07035 8.17035
25 458 0 100 3.1 5.12849 8.22849
44 462 0 100 2.7 5.5658 8.2658
59 485 0 100 0.6 7.91556 8.51556
46 466 0 100 2.6 5.96467 8.56468
27 465 0 100 2.8 5.77116 8.57116
50 468 0 100 2.8 6.20509 9.00509
69 474 0 100 2.8 7.03249 9.83249
68 495 0 100 1 9.27572 10.2757
48 487 0 100 2.3 8.11179 10.4118
69 504 0 100 0.4 10.0525 10.4525
55 502 0 100 1 9.89199 10.892
47 508 0 100 0.3 10.8857 11.1857
31 440 0 100 9.2 2.49997 11.7
70 499 0 100 2.1 9.62376 11.7238
56 490 0 100 3.3 8.69966 11.9997
32 493 0 100 3.2 8.93712 12.1371
67 489 0 100 3.9 8.50295 12.403
67 511 0 100 1.5 11.4031 12.9031
46 521 0 100 0.3 12.8878 13.1878
34 507 0 100 2.6 10.6479 13.2479
57 479 0 100 5.8 7.52751 13.3275
32 420 0 100 12 1.56251 13.5625
52 519 0 100 1.1 12.4659 13.5659
54 501 0 100 3.7 9.88451 13.5845
56 518 0 100 1.3 12.4283 13.7283
28 513 0 100 2.1 11.694 13.794
54 427 0 100 11.8 2.01137 13.8114
78 523 0 100 0.7 13.3466 14.0466
40 517 0 100 1.8 12.2532 14.0532
33 524 0 100 0.8 13.4531 14.2531
