52 406 1.00607
38 407 1.03163
76 408 1.05804
70 409 1.15243
46 410 1.17219
75 411 1.17464
41 412 1.33684
49 413 1.34871
44 414 1.3785
34 415 1.41794
60 416 1.42433
59 417 1.46318
47 418 1.47216
40 419 1.54811
32 420 1.56251
73 421 1.59642
63 422 1.73165
68 423 1.80512
33 424 1.89424
65 425 1.9433
84 426 1.95969
54 427 2.01137
62 428 2.0223
80 429 2.05221
72 430 2.06665
71 431 2.07794
39 432 2.12562
43 433 2.15034
42 434 2.15487
30 435 2.15885
83 436 2.25482
74 437 2.32866
35 438 2.39139
36 439 2.48429
31 440 2.49997
28 441 2.55017
50 442 2.59422
57 443 2.61242
51 444 2.65585
58 445 2.74289
25 446 2.79253
45 447 2.93873
55 448 2.99347
76 449 3.07035
52 450 3.32792
47 451 3.98555
56 452 4.2041
33 453 4.77849
80 454 4.78059
58 455 4.89704
42 456 4.94096
59 457 5.0425
25 458 5.12849
35 459 5.13244
84 460 5.20401
30 461 5.38571
44 462 5.5658
48 463 5.62064
41 464 5.70829
27 465 5.77116
46 466 5.96467
34 467 6.17085
50 468 6.20509
43 469 6.4667
79 470 6.46904
31 471 6.60605
58 472 6.9714
72 473 6.984
69 474 7.03249
55 475 7.09358
37 476 7.27068
66 477 7.29057
35 478 7.51131
57 479 7.52751
45 480 7.59282
52 481 7.62577
38 482 7.64674
53 483 7.66339
63 484 7.89636
59 485 7.91556
81 486 8.0253
48 487 8.11179
75 488 8.42633
67 489 8.50295
56 490 8.69966
82 491 8.74529
84 492 8.78891
32 493 8.93712
29 494 9.20832
68 495 9.27572
72 496 9.29075
43 497 9.50797
83 498 9.62273
70 499 9.62376
49 500 9.80795
54 501 9.88451
55 502 9.89199
46 503 10.017
69 504 10.0525
27 505 10.2236
66 506 10.3423
34 507 10.6479
47 508 10.8857
45 509 11.0702
31 510 11.1686
67 511 11.4031
29 512 11.513
28 513 11.694
75 514 11.8273
49 515 12.0957
55 516 12.1672
40 517 12.2532
56 518 12.4283
52 519 12.4659
82 520 12.6558
46 521 12.8878
68 522 13.3071
78 523 13.3466
33 524 13.4531
69 525 13.6717
50 526 13.7846
76 527 13.8334
47 528 14.3807
75 529 14.6378
42 530 14.7272
34 531 14.8773
