27 1095 0 100 0.3 1.53811 1.83811
95 1078 0 100 0.7 1.16255 1.86255
101 1109 0 100 0.1 1.93082 2.03082
39 1106 0 100 0.3 1.82896 2.12896
48 1069 0 100 1.5 1.00353 2.50353
109 1083 0 100 1.3 1.24134 2.54134
55 1087 0 100 1.2 1.35286 2.55286
72 1088 0 100 1.2 1.36404 2.56404
66 1118 0 100 0.5 2.07356 2.57356
80 1098 0 100 1 1.63832 2.63832
123 1101 0 100 1 1.6986 2.6986
26 1107 0 100 0.9 1.89524 2.79524
32 1123 0 100 0.5 2.44401 2.94401
71 1119 0 100 1.2 2.17794 3.37794
121 1138 0 100 0.1 3.27872 3.37872
53 1085 0 100 2.1 1.28152 3.38152
90 1071 0 100 2.5 1.01243 3.51243
122 1090 0 100 2.1 1.43531 3.53531
94 1111 0 100 1.7 1.96156 3.66156
53 1139 0 100 0.3 3.44596 3.74596
38 1110 0 100 2 1.95329 3.95329
103 1105 0 100 2.2 1.78853 3.98853
62 1142 0 100 0.1 3.90826 4.00826
46 1112 0 100 2.2 1.99108 4.19108
112 1075 0 100 3.3 1.03953 4.33953
54 1097 0 100 3.2 1.59118 4.79118
77 1145 0 100 0.7 4.1571 4.8571
106 1158 0 100 0.1 5.12576 5.22576
33 1092 0 100 4 1.45029 5.45029
116 1149 0 100 1.5 4.47311 5.97311
91 1128 0 100 3.3 2.69841 5.99841
87 1170 0 100 1.16701e-08 6.20205 6.20205
123 1150 0 100 1.9 4.50164 6.40164
61 1172 0 100 1.16701e-07 6.40577 6.40577
58 1131 0 100 3.7 2.8657 6.5657
48 1165 0 100 0.9 5.70797 6.60797
26 1157 0 100 1.6 5.02594 6.62594
44 1164 0 100 1.1 5.65022 6.75022
60 1132 0 100 4.2 2.8791 7.0791
100 1183 0 100 0.1 7.00037 7.10037
49 1177 0 100 0.6 6.70575 7.30575
30 1147 0 100 3.1 4.23114 7.33114
80 1153 0 100 3.1 4.71364 7.81364
113 1166 0 100 2 5.89438 7.89438
82 1156 0 100 3.1 4.97085 8.07085
49 1127 0 100 5.5 2.59681 8.09681
57 1190 0 100 0.5 7.76599 8.26599
75 1186 0 100 1.2 7.19995 8.39995
99 1173 0 100 2.2 6.49635 8.69635
59 1196 0 100 0.5 8.25151 8.75151
53 1163 0 100 3.2 5.5953 8.7953
71 1191 0 100 1 7.80502 8.80502
105 1141 0 100 5.1 3.71863 8.81863
94 1171 0 100 2.5 6.37724 8.87724
105 1100 0 100 7.3 1.66466 8.96466
114 1204 0 100 0.3 8.7039 9.0039
108 1197 0 100 0.9 8.27927 9.17927
74 1205 0 100 0.6 8.80138 9.40138
83 1213 0 100 0.2 9.35401 9.55401
29 1220 0 100 0.3 9.57438 9.87438
124 1228 0 100 5.83505e-08 10.1025 10.1025
79 1201 0 100 1.7 8.60281 10.3028
91 1180 0 100 3.5 6.88719 10.3872
50 1217 0 100 1.1 9.48146 10.5815
91 1225 0 100 0.8 9.91577 10.7158
65 1174 0 100 4.1 6.61884 10.7188
68 1198 0 100 3.3 8.32601 11.626
123 1192 0 100 4.3 7.8212 12.1212
100 1232 0 100 2.2 10.2532 12.4532
26 1243 0 100 1.1 11.3912 12.4912
119 1240 0 100 1.7 10.9435 12.6435
93 1258 0 100 0.4 12.2805 12.6805
92 1244 0 100 1.3 11.4198 12.7198
43 1265 0 100 2.33402e-08 12.831 12.831
95 1268 0 100 7.00206e-08 12.89 12.89
68 1270 0 100 7.00206e-08 12.9432 12.9432
88 1214 0 100 3.6 9.37954 12.9795
96 1261 0 100 0.3 12.6961 12.9961
36 1254 0 100 1.1 11.9045 13.0045
113 1260 0 100 0.4 12.6086 13.0086
81 1272 0 100 4.66804e-08 13.2186 13.2186
112 1226 0 100 3.6 9.94416 13.5442
94 1263 0 100 0.8 12.7474 13.5474
81 1219 0 100 4 9.56957 13.5696
119 1281 0 100 4.66804e-08 13.6798 13.6798
110 1276 0 100 0.4 13.3637 13.7637
99 1292 0 100 1.16701e-08 14.0961 14.0961
69 1211 0 100 5 9.11602 14.116
62 1250 0 100 2.6 11.6582 14.2582
57 1251 0 100 2.6 11.6589 14.2589
35 1259 0 100 2.1 12.3109 14.4109
102 1252 0 100 2.7 11.8222 14.5222
107 1264 0 100 1.8 12.7565 14.5565
90 1296 0 100 3.50103e-08 14.5611 14.5611
25 1279 0 100 1.1 13.4836 14.5836
109 1282 0 100 0.9 13.7244 14.6244
