106 870 1.01645
52 871 1.02628
81 872 1.03484
108 873 1.09693
77 874 1.12912
37 875 1.17001
68 876 1.17138
62 877 1.17866
75 878 1.2546
54 879 1.28056
96 880 1.28388
26 881 1.30957
25 882 1.33911
71 883 1.34014
78 884 1.36532
70 885 1.41479
105 886 1.42014
44 887 1.43141
102 888 1.45602
99 889 1.46684
95 890 1.4675
33 891 1.47463
97 892 1.48662
83 893 1.53157
50 894 1.53518
90 895 1.55387
30 896 1.61549
92 897 1.67805
79 898 1.76004
69 899 1.80046
87 900 1.90451
27 901 1.90657
29 902 1.93493
32 903 1.96768
36 904 1.99673
103 905 2.08976
39 906 2.12711
53 907 2.14222
64 908 2.19782
86 909 2.20143
72 910 2.22668
42 911 2.25504
93 912 2.26448
104 913 2.32535
38 914 2.37353
45 915 2.45778
35 916 2.48192
76 917 2.54855
65 918 2.68079
40 919 2.73896
114 920 2.75409
34 921 2.77291
101 922 2.78533
74 923 2.7945
80 924 2.85584
47 925 2.8563
49 926 2.91666
41 927 2.91695
106 928 3.30926
37 929 3.6562
30 930 3.81066
108 931 3.93056
75 932 4.28621
78 933 4.70111
90 934 4.73861
51 935 4.8319
93 936 4.97141
62 937 4.9862
44 938 5.01797
40 939 5.09463
50 940 5.15819
83 941 5.21154
72 942 5.26364
102 943 5.30676
35 944 5.3776
56 945 5.39063
25 946 5.45365
114 947 5.51656
33 948 5.56762
80 949 5.85488
105 950 5.99129
104 951 6.06767
97 952 6.11842
71 953 6.12811
34 954 6.14927
92 955 6.26969
36 956 6.28988
85 957 6.3336
70 958 6.40035
29 959 6.47635
76 960 6.84836
38 961 6.88329
74 962 6.97448
43 963 7.17943
49 964 7.29888
26 965 7.37928
51 966 7.49064
75 967 7.56435
94 968 7.56622
40 969 7.58884
84 970 7.65744
65 971 7.6777
46 972 7.68913
81 973 7.71197
41 974 7.71713
107 975 7.72122
28 976 7.83334
33 977 8.00709
69 978 8.11372
71 979 8.15798
95 980 8.73503
93 981 8.74766
83 982 8.74805
59 983 8.76812
114 984 8.81687
62 985 9.0301
102 986 9.07617
103 987 9.12148
47 988 9.12564
113 989 9.20917
50 990 9.26624
44 991 9.29167
98 992 9.30701
51 993 9.57332
35 994 9.67801
72 995 9.71718
38 996 9.7794
53 997 9.89576
43 998 9.95459
25 999 9.95825
63 1000 9.98169
75 1001 10.0141
61 1002 10.1006
76 1003 10.2986
100 1004 10.3192
91 1005 10.3488
82 1006 10.4036
90 1007 10.4094
41 1008 10.5783
97 1009 10.5972
65 1010 10.6219
80 1011 10.7006
66 1012 10.7575
84 1013 10.7715
60 1014 10.8616
26 1015 10.9804
110 1016 11.0439
106 1017 11.0608
70 1018 11.0633
55 1019 11.0974
46 1020 11.1633
48 1021 11.198
101 1022 11.3413
77 1023 11.4581
81 1024 11.4778
86 1025 11.4902
99 1026 11.6093
74 1027 11.7472
27 1028 11.8189
94 1029 11.874
45 1030 11.8782
59 1031 11.9727
63 1032 11.9946
47 1033 12.0853
89 1034 12.1785
25 1035 12.2414
68 1036 12.2537
61 1037 12.4284
32 1038 12.5724
112 1039 12.6277
37 1040 12.6524
87 1041 12.7077
109 1042 12.7237
113 1043 12.8542
88 1044 13.0224
75 1045 13.1554
50 1046 13.2394
79 1047 13.3306
62 1048 13.3323
44 1049 13.4741
34 1050 13.5234
80 1051 13.5343
67 1052 13.5514
82 1053 13.6249
36 1054 13.8808
73 1055 14.0081
54 1056 14.1767
105 1057 14.243
46 1058 14.2439
51 1059 14.2724
57 1060 14.3989
76 1061 14.4074
60 1062 14.4941
71 1063 14.591
53 1064 14.5952
108 1065 14.6087
43 1066 14.6095
89 1067 14.6852
38 1068 14.7121
