96 692 0 100 0.1 1.29479 1.39479
100 685 0 100 0.3 1.16596 1.46596
32 695 0 100 0.6 1.40559 2.00559
40 708 0 100 0.4 1.85249 2.25249
29 690 0 100 1.1 1.25581 2.35581
59 686 0 100 1.4 1.18867 2.58867
72 727 0 100 0.1 2.62135 2.72135
89 730 0 100 8.16907e-08 2.75716 2.75716
67 709 0 100 1.1 1.85792 2.95792
56 696 0 100 1.6 1.42385 3.02385
28 688 0 100 1.8 1.24462 3.04462
50 719 0 100 1.1 2.35867 3.45867
31 704 0 100 1.9 1.7002 3.6002
29 736 0 100 2.33402e-08 3.7571 3.7571
43 716 0 100 2.1 2.05774 4.15774
63 702 0 100 2.8 1.62865 4.42865
36 745 0 100 8.16907e-08 4.50267 4.50267
103 703 0 100 2.9 1.65929 4.55929
98 741 0 100 0.5 4.12287 4.62287
66 734 0 100 1.2 3.51249 4.71249
26 712 0 100 2.9 1.88535 4.78535
71 689 0 100 3.7 1.24794 4.94794
101 701 0 100 3.4 1.55435 4.95435
27 700 0 100 3.6 1.53789 5.13789
104 750 0 100 0.2 5.16702 5.36702
76 720 0 100 3 2.47443 5.47443
33 742 0 100 1.3 4.29764 5.59764
101 746 0 100 0.6 5.00223 5.60223
84 756 0 100 9.33608e-08 5.97772 5.97772
68 751 0 100 0.8 5.32765 6.12765
80 743 0 100 1.8 4.36396 6.16396
41 749 0 100 1.2 5.11427 6.31427
80 710 0 100 4.6 1.86881 6.46881
78 765 0 100 0.1 6.63646 6.73646
42 735 0 100 3.4 3.56425 6.96425
55 773 0 100 3.50103e-08 7.07508 7.07508
60 722 0 100 4.7 2.54727 7.24727
35 682 0 100 6.2 1.1113 7.3113
34 718 0 100 5 2.31402 7.31402
82 758 0 100 1.5 6.09559 7.59559
57 777 0 100 3.50103e-08 7.62127 7.62127
26 772 0 100 0.6 7.03421 7.63421
91 778 0 100 5.83505e-08 7.68008 7.68008
90 762 0 100 1.3 6.40697 7.70697
65 780 0 100 4.66804e-08 7.70808 7.70808
42 779 0 100 0.2 7.70266 7.90266
72 754 0 100 2.6 5.85026 8.45026
59 788 0 100 2.33402e-08 8.70096 8.70096
52 785 0 100 1 8.10361 9.10361
61 752 0 100 3.9 5.50495 9.40495
45 792 0 100 0.2 9.22252 9.42252
76 797 0 100 3.50103e-08 9.4976 9.4976
39 755 0 100 3.6 5.93203 9.53203
101 794 0 100 0.3 9.31283 9.61283
37 783 0 100 1.8 7.85101 9.65101
28 753 0 100 4.2 5.76715 9.96715
68 801 0 100 2.33402e-08 10.0631 10.0631
63 799 0 100 0.1 9.99165 10.0916
74 706 0 100 8.5 1.73972 10.2397
66 694 0 100 8.9 1.37457 10.2746
30 810 0 100 0.1 10.4925 10.5925
43 802 0 100 0.5 10.1001 10.6001
81 812 0 100 1.16701e-07 10.6877 10.6877
51 768 0 100 4 6.83063 10.8306
27 759 0 100 4.8 6.21979 11.0198
75 808 0 100 0.8 10.3519 11.1519
61 796 0 100 1.9 9.41459 11.3146
92 809 0 100 1.3 10.4651 11.7651
52 826 0 100 4.66804e-08 11.8922 11.8922
79 776 0 100 4.4 7.61304 12.013
56 803 0 100 2 10.1659 12.1659
33 818 0 100 1.1 11.1846 12.2846
86 831 0 100 0.1 12.2194 12.3194
69 782 0 100 4.6 7.77527 12.3753
36 824 0 100 0.7 11.7351 12.4351
32 830 0 100 0.3 12.1389 12.4389
41 790 0 100 3.6 8.8869 12.4869
75 839 0 100 7.00206e-08 12.5277 12.5277
103 835 0 100 0.2 12.3395 12.5395
65 823 0 100 1.1 11.6293 12.7293
35 845 0 100 7.00206e-08 13.0439 13.0439
34 832 0 100 0.8 12.2452 13.0452
99 825 0 100 1.2 11.8622 13.0622
81 846 0 100 1.28371e-07 13.2304 13.2304
74 800 0 100 3.2 10.0448 13.2448
88 795 0 100 3.9 9.38323 13.2832
91 805 0 100 3.1 10.2077 13.3077
91 849 0 100 4.66804e-08 13.5151 13.5151
41 836 0 100 1.5 12.3447 13.8447
90 798 0 100 4.2 9.8719 14.0719
85 828 0 100 2.1 12.0744 14.1744
60 858 0 100 2.33402e-08 14.2378 14.2378
58 821 0 100 2.7 11.5599 14.2599
94 861 0 100 1.86722e-07 14.4905 14.4905
77 850 0 100 0.8 13.6925 14.4925
48 766 0 100 8.3 6.68508 14.9851
