32 50 0.0048 49.9952
57 50 0.0048 49.9952
32 49.9952 0.0048 49.9904
38 50 0.0048 49.9952
57 49.9952 0.0048 49.9904
59 50 0.0048 49.9952
32 49.9904 0.0048 49.9856
38 49.9952 0.0048 49.9904
44 50 0.0048 49.9952
57 49.9904 0.0048 49.9856
59 49.9952 0.0048 49.9904
38 50 0.0048 49.9952
44 50 0.0048 49.9952
57 50 0.0048 49.9952
59 50 0.0048 49.9952
38 50 0.0048 49.9952
41 50 0.0048 49.9952
44 50 0.0048 49.9952
47 50 0.0048 49.9952
41 50 0.0048 49.9952
44 50 0.0048 49.9952
46 50 0.0048 49.9952
47 50 0.0048 49.9952
41 50 0.0048 49.9952
42 50 0.0048 49.9952
46 50 0.0048 49.9952
47 50 0.0048 49.9952
42 50 0.0048 49.9952
46 50 0.0048 49.9952
42 50 0.0048 49.9952
39 50 0.048 49.952
39 49.952 0.0048 49.9472
39 49.9472 0.16 49.7872
39 49.7872 0.0016 49.7856
42 50 0.0048 49.9952
44 50 0.048 49.952
44 50 0.048 49.952
60 50 0.048 49.952
53 50 0.0048 49.9952
63 50 0.0048 49.9952
60 49.952 0.0048 49.9472
60 49.9472 0.16 49.7872
60 49.7872 0.0016 49.7856
29 50 0.048 49.952
36 50 0.0048 49.9952
45 50 0.0048 49.9952
45 49.9952 0.0048 49.9904
44 50 0.048 49.952
29 50 0.048 49.952
45 50 0.0048 49.9952
29 49.952 0.0048 49.9472
36 50 0.0048 49.9952
45 49.9952 0.0048 49.9904
44 50 0.048 49.952
55 50 0.048 49.952
46 50 0.048 49.952
29 50 0.048 49.952
45 50 0.0048 49.9952
47 50 0.048 49.952
41 50 0.0048 49.9952
29 49.952 0.0048 49.9472
36 50 0.0048 49.9952
45 49.9952 0.0048 49.9904
44 50 0.048 49.952
55 50 0.048 49.952
46 50 0.048 49.952
27 50 0.048 49.952
29 50 0.048 49.952
45 50 0.0048 49.9952
47 50 0.048 49.952
41 50 0.0048 49.9952
29 49.952 0.0048 49.9472
36 50 0.0048 49.9952
56 50 0.0048 49.9952
44 50 0.048 49.952
55 50 0.048 49.952
61 50 0.048 49.952
59 50 0.048 49.952
38 50 0.0048 49.9952
38 49.9952 0.048 49.9472
59 49.952 0.0048 49.9472
59 49.9472 0.16 49.7872
38 49.9472 0.016 49.9312
38 49.9312 0.016 49.9152
59 49.7872 0.0016 49.7856
38 49.9152 0.048 49.8672
59 49.7856 0.0048 49.7808
62 50 0.048 49.952
46 50 0.048 49.952
27 50 0.048 49.952
52 50 0.0048 49.9952
25 50 0.048 49.952
64 50 0.0048 49.9952
29 50 0.048 49.952
45 50 0.0048 49.9952
47 50 0.048 49.952
41 50 0.0048 49.9952
46 49.952 0.0048 49.9472
31 50 0.0048 49.9952
36 50 0.0048 49.9952
50 50 0.0048 49.9952
56 50 0.0048 49.9952
44 50 0.048 49.952
55 50 0.048 49.952
57 50 0.048 49.952
34 50 0.048 49.952
61 50 0.048 49.952
50 50 0.048 49.952
38 50 0.048 49.952
59 49.9621 0.0048 49.9573
62 50 0.048 49.952
46 50 0.048 49.952
54 50 0.048 49.952
48 50 0.0048 49.9952
48 49.9952 0.048 49.9472
54 49.952 0.0096 49.9424
54 49.9424 0.16 49.7824
54 49.7824 0.0016 49.7808
27 50 0.048 49.952
52 50 0.0048 49.9952
25 50 0.048 49.952
64 50 0.0048 49.9952
29 50 0.048 49.952
45 50 0.0048 49.9952
47 50 0.048 49.952
41 50 0.0048 49.9952
31 50 0.0048 49.9952
50 49.952 0.0048 49.9472
56 50 0.048 49.952
44 50 0.048 49.952
55 50 0.048 49.952
53 50 0.048 49.952
60 50 0.0048 49.9952
63 50 0.0048 49.9952
53 49.952 0.0048 49.9472
53 49.9472 0.16 49.7872
53 49.7872 0.0016 49.7856
57 50 0.048 49.952
57 49.952 0.0048 49.9472
57 49.9472 0.16 49.7872
57 49.7872 0.0016 49.7856
34 50 0.048 49.952
30 50 0.0048 49.9952
61 50 0.048 49.952
50 50 0.048 49.952
38 50 0.048 49.952
59 50 0.0048 49.9952
62 50 0.048 49.952
46 50 0.048 49.952
30 49.9952 0.048 49.9472
34 50 0.0048 49.9952
27 50 0.048 49.952
52 50 0.0048 49.9952
25 50 0.048 49.952
64 50 0.0048 49.9952
49 50 0.048 49.952
49 49.952 0.0048 49.9472
49 49.9472 0.16 49.7872
49 49.7872 0.0016 49.7856
29 50 0.048 49.952
45 50 0.0048 49.9952
47 50 0.048 49.952
31 50 0.0048 49.9952
55 50 0.0048 49.9952
56 50 0.048 49.952
44 50 0.048 49.952
55 49.9952 0.048 49.9472
36 50 0.048 49.952
32 50 0.048 49.952
34 49.9952 0.048 49.9472
30 50 0.0048 49.9952
60 50 0.0048 49.9952
61 50 0.048 49.952
50 50 0.048 49.952
38 50 0.048 49.952
59 50 0.0048 49.9952
28 50 0.048 49.952
62 50 0.048 49.952
46 50 0.048 49.952
30 49.9952 0.048 49.9472
34 50 0.0048 49.9952
40 50 0.0048 49.9952
27 50 0.048 49.952
52 50 0.0048 49.9952
25 50 0.048 49.952
64 50 0.0048 49.9952
29 50 0.048 49.952
45 50 0.0048 49.9952
47 50 0.048 49.952
48 50 0.048 49.952
55 50 0.0048 49.9952
56 50 0.048 49.952
44 50 0.048 49.952
55 49.9952 0.048 49.9472
36 50 0.048 49.952
32 50 0.048 49.952
34 49.9952 0.048 49.9472
30 50 0.0048 49.9952
60 50 0.0048 49.9952
64 50 0.048 49.952
25 50 0.0048 49.9952
49 50 0.0048 49.9952
49 49.9952 0.048 49.9472
64 49.952 0.0048 49.9472
64 49.9472 0.16 49.7872
25 49.9952 0.016 49.9792
49 49.9472 0.016 49.9312
49 49.9312 0.016 49.9152
64 49.7872 0.0016 49.7856
49 49.9152 0.048 49.8672
64 49.7856 0.0048 49.7808
61 50 0.048 49.952
50 50 0.048 49.952
38 50 0.048 49.952
59 50 0.0048 49.9952
28 50 0.048 49.952
62 50 0.048 49.952
46 50 0.048 49.952
30 49.9952 0.048 49.9472
34 50 0.0048 49.9952
40 50 0.0048 49.9952
27 50 0.048 49.952
25 49.9792 0.048 49.9312
49 50 0.0048 49.9952
64 49.7808 0.0048 49.776
29 50 0.048 49.952
36 50 0.0048 49.9952
45 50 0.0048 49.9952
47 50 0.048 49.952
41 50 0.0048 49.9952
48 50 0.048 49.952
55 50 0.0048 49.9952
61 50 0.0048 49.9952
56 50 0.048 49.952
44 50 0.048 49.952
44 49.952 0.0048 49.9472
44 49.9472 0.16 49.7872
44 49.7872 0.0016 49.7856
55 49.9952 0.048 49.9472
63 50 0.048 49.952
53 50 0.0048 49.9952
36 49.9952 0.048 49.9472
32 50 0.048 49.952
34 49.9952 0.048 49.9472
30 50 0.0048 49.9952
60 50 0.0048 49.9952
49 49.9952 0.048 49.9472
25 50 0.0048 49.9952
64 50 0.0048 49.9952
49 49.9472 0.0048 49.9424
49 49.9424 0.16 49.7824
49 49.7824 0.0016 49.7808
61 49.9952 0.048 49.9472
50 50 0.048 49.952
38 50 0.048 49.952
59 50 0.0048 49.9952
28 50 0.048 49.952
62 50 0.048 49.952
53 49.9952 0.0048 49.9904
46 50 0.048 49.952
47 50 0.0048 49.9952
30 49.9952 0.048 49.9472
34 50 0.0048 49.9952
41 50 0.048 49.952
47 49.9952 0.0048 49.9904
27 50 0.048 49.952
25 49.9952 0.048 49.9472
49 50 0.0048 49.9952
64 49.9952 0.0048 49.9904
40 50 0.048 49.952
40 49.952 0.0048 49.9472
40 49.9472 0.16 49.7872
40 49.7872 0.0016 49.7856
29 50 0.048 49.952
45 50 0.0048 49.9952
47 49.9904 0.048 49.9424
41 49.952 0.0048 49.9472
46 49.952 0.0048 49.9472
48 50 0.048 49.952
35 50 0.0048 49.9952
61 50 0.0048 49.9952
56 50 0.048 49.952
55 50 0.048 49.952
63 50 0.048 49.952
63 49.952 0.0048 49.9472
63 49.9472 0.16 49.7872
63 49.7872 0.0016 49.7856
36 50 0.048 49.952
32 50 0.048 49.952
34 49.9952 0.048 49.9472
53 50 0.0048 49.9952
60 50 0.0048 49.9952
61 49.9952 0.048 49.9472
50 50 0.048 49.952
58 50 0.048 49.952
58 49.952 0.0048 49.9472
58 49.9472 0.16 49.7872
58 49.7872 0.0016 49.7856
38 50 0.048 49.952
59 50 0.0048 49.9952
28 50 0.048 49.952
62 50 0.048 49.952
30 50 0.0048 49.9952
34 50 0.0048 49.9952
53 49.9952 0.0048 49.9904
60 49.9952 0.0048 49.9904
63 50 0.0048 49.9952
46 50 0.048 49.952
47 50 0.0048 49.9952
30 49.9952 0.048 49.9472
62 49.952 0.0048 49.9472
41 50 0.048 49.952
47 49.9952 0.0048 49.9904
27 50 0.048 49.952
25 50 0.048 49.952
49 50 0.0048 49.9952
64 50 0.0048 49.9952
29 50 0.048 49.952
45 50 0.0048 49.9952
47 49.9904 0.048 49.9424
46 49.952 0.0048 49.9472
48 50 0.048 49.952
54 50 0.0048 49.9952
28 49.952 0.0048 49.9472
43 50 0.0048 49.9952
61 50 0.0048 49.9952
56 50 0.048 49.952
55 50 0.048 49.952
36 50 0.048 49.952
32 50 0.048 49.952
34 49.9952 0.048 49.9472
53 50 0.0048 49.9952
60 50 0.0048 49.9952
62 49.9472 0.0048 49.9424
61 49.9952 0.048 49.9472
50 50 0.048 49.952
31 50 0.0048 49.9952
31 49.9952 0.048 49.9472
50 49.952 0.0048 49.9472
50 49.9472 0.16 49.7872
31 49.9472 0.016 49.9312
31 49.9312 0.016 49.9152
50 49.7872 0.0016 49.7856
31 49.9152 0.048 49.8672
50 49.7856 0.0048 49.7808
38 50 0.048 49.952
59 50 0.0048 49.9952
28 50 0.048 49.952
62 50 0.048 49.952
34 50 0.0048 49.9952
53 49.9952 0.0048 49.9904
60 49.9952 0.0048 49.9904
63 50 0.0048 49.9952
62 49.952 0.0048 49.9472
62 49.9472 0.16 49.7872
62 49.7872 0.0016 49.7856
46 50 0.048 49.952
47 50 0.0048 49.9952
30 50 0.048 49.952
41 50 0.048 49.952
27 50 0.048 49.952
25 50 0.048 49.952
49 50 0.0048 49.9952
64 50 0.0048 49.9952
29 50 0.048 49.952
45 50 0.0048 49.9952
47 49.9952 0.048 49.9472
46 49.952 0.0048 49.9472
47 49.9472 0.0048 49.9424
47 49.9424 0.16 49.7824
47 49.7824 0.0016 49.7808
48 50 0.048 49.952
54 50 0.0048 49.9952
28 49.952 0.0048 49.9472
33 50 0.0048 49.9952
43 50 0.0048 49.9952
56 50 0.048 49.952
55 50 0.048 49.952
55 49.952 0.0048 49.9472
55 49.9472 0.16 49.7872
55 49.7872 0.0016 49.7856
36 50 0.048 49.952
32 50 0.048 49.952
32 49.952 0.0048 49.9472
32 49.9472 0.16 49.7872
32 49.7872 0.0016 49.7856
34 49.9952 0.048 49.9472
53 50 0.0048 49.9952
60 50 0.0048 49.9952
34 49.9472 0.0048 49.9424
34 49.9424 0.16 49.7824
34 49.7824 0.0016 49.7808
61 50 0.048 49.952
31 50 0.048 49.952
50 50 0.0048 49.9952
38 50 0.048 49.952
59 50 0.0048 49.9952
28 50 0.048 49.952
46 50 0.048 49.952
47 50 0.0048 49.9952
52 50 0.048 49.952
52 49.952 0.0048 49.9472
52 49.9472 0.16 49.7872
52 49.7872 0.0016 49.7856
30 50 0.048 49.952
41 50 0.048 49.952
47 49.9952 0.0048 49.9904
27 50 0.048 49.952
25 50 0.048 49.952
49 50 0.0048 49.9952
64 50 0.0048 49.9952
29 50 0.048 49.952
45 50 0.0048 49.9952
48 50 0.048 49.952
54 50 0.0048 49.9952
33 50 0.0048 49.9952
43 50 0.0048 49.9952
56 50 0.048 49.952
43 50 0.048 49.952
43 49.952 0.0048 49.9472
43 49.9472 0.16 49.7872
43 49.7872 0.0016 49.7856
36 50 0.048 49.952
61 50 0.048 49.952
31 50 0.048 49.952
50 50 0.0048 49.9952
38 50 0.048 49.952
59 50 0.0048 49.9952
28 50 0.048 49.952
46 50 0.048 49.952
47 50 0.0048 49.9952
30 50 0.048 49.952
34 50 0.0048 49.9952
33 50 0.048 49.952
41 50 0.048 49.952
27 50 0.048 49.952
25 50 0.048 49.952
49 50 0.0048 49.9952
64 50 0.0048 49.9952
25 49.952 0.0048 49.9472
25 49.9472 0.16 49.7872
25 49.7872 0.0016 49.7856
29 50 0.048 49.952
45 50 0.0048 49.9952
48 50 0.048 49.952
33 49.952 0.0048 49.9472
40 50 0.0048 49.9952
43 49.7856 0.0048 49.7808
56 50 0.048 49.952
36 50 0.048 49.952
36 49.952 0.0048 49.9472
36 49.9472 0.16 49.7872
36 49.7872 0.0016 49.7856
61 50 0.048 49.952
31 50 0.048 49.952
50 50 0.0048 49.9952
31 49.952 0.0048 49.9472
31 49.9472 0.16 49.7872
31 49.7872 0.0016 49.7856
38 50 0.048 49.952
57 50 0.0048 49.9952
59 50 0.0048 49.9952
28 50 0.048 49.952
46 50 0.048 49.952
30 50 0.048 49.952
34 50 0.0048 49.9952
33 50 0.048 49.952
41 50 0.048 49.952
27 50 0.048 49.952
29 50 0.048 49.952
45 50 0.0048 49.9952
48 50 0.048 49.952
54 50 0.0048 49.9952
30 50 0.0048 49.9952
33 49.952 0.0048 49.9472
34 49.9952 0.0048 49.9904
40 50 0.0048 49.9952
62 50 0.0048 49.9952
63 50 0.0048 49.9952
56 50 0.048 49.952
61 50 0.048 49.952
38 50 0.048 49.952
59 50 0.0048 49.9952
28 50 0.048 49.952
46 50 0.048 49.952
30 49.9952 0.048 49.9472
34 50 0.0048 49.9952
33 50 0.048 49.952
41 50 0.048 49.952
27 50 0.048 49.952
29 50 0.048 49.952
48 50 0.048 49.952
54 50 0.0048 49.9952
42 50 0.048 49.952
26 50 0.048 49.952
51 50 0.0048 49.9952
30 50 0.0048 49.9952
34 49.9952 0.0048 49.9904
40 50 0.0048 49.9952
49 50 0.0048 49.9952
53 50 0.0048 49.9952
60 50 0.0048 49.9952
62 50 0.0048 49.9952
63 50 0.0048 49.9952
56 50 0.048 49.952
61 50 0.048 49.952
38 50 0.048 49.952
28 50 0.048 49.952
46 50 0.048 49.952
30 49.9952 0.048 49.9472
34 50 0.0048 49.9952
33 50 0.048 49.952
41 50 0.048 49.952
27 50 0.048 49.952
29 50 0.048 49.952
48 50 0.048 49.952
54 50 0.0048 49.9952
42 50 0.048 49.952
26 50 0.048 49.952
51 50 0.0048 49.9952
25 50 0.0048 49.9952
34 49.9952 0.0048 49.9904
49 50 0.0048 49.9952
53 50 0.0048 49.9952
60 50 0.0048 49.9952
62 50 0.0048 49.9952
63 50 0.0048 49.9952
64 50 0.0048 49.9952
56 50 0.048 49.952
61 50 0.048 49.952
37 50 0.048 49.952
37 49.952 0.0048 49.9472
37 49.9472 0.16 49.7872
37 49.7872 0.0016 49.7856
35 50 0.048 49.952
54 50 0.0048 49.9952
38 50 0.048 49.952
57 50 0.0048 49.9952
59 50 0.0048 49.9952
28 50 0.048 49.952
46 50 0.048 49.952
30 50 0.048 49.952
34 50 0.0048 49.9952
34 49.9952 0.048 49.9472
62 50 0.0048 49.9952
62 49.9952 0.048 49.9472
30 49.952 0.0096 49.9424
30 49.9424 0.16 49.7824
34 49.9472 0.016 49.9312
62 49.9472 0.016 49.9312
62 49.9312 0.016 49.9152
30 49.7824 0.0016 49.7808
62 49.9152 0.048 49.8672
30 49.7808 0.0048 49.776
34 49.9312 0.0048 49.9264
53 49.9952 0.0048 49.9904
60 49.9952 0.0048 49.9904
33 50 0.048 49.952
41 50 0.048 49.952
44 50 0.0048 49.9952
27 50 0.048 49.952
45 50 0.048 49.952
29 50 0.0048 49.9952
29 49.9952 0.048 49.9472
45 50 0.0048 49.9952
48 50 0.048 49.952
54 49.9952 0.0048 49.9904
42 50 0.048 49.952
26 50 0.048 49.952
51 50 0.0048 49.9952
25 50 0.0048 49.9952
49 50 0.0048 49.9952
53 50 0.0048 49.9952
60 50 0.0048 49.9952
63 50 0.0048 49.9952
64 50 0.0048 49.9952
56 50 0.048 49.952
31 50 0.048 49.952
61 50 0.048 49.952
35 50 0.048 49.952
54 50 0.0048 49.9952
38 50 0.048 49.952
57 50 0.0048 49.9952
59 50 0.0048 49.9952
28 50 0.048 49.952
46 50 0.048 49.952
51 49.9952 0.048 49.9472
26 49.952 0.0048 49.9472
62 49.9994 0.048 49.9514
30 50 0.0048 49.9952
34 50 0.0048 49.9952
53 49.9952 0.0048 49.9904
53 49.9904 0.048 49.9424
60 49.9952 0.0048 49.9904
60 49.9904 0.048 49.9424
63 50 0.0048 49.9952
63 49.9952 0.048 49.9472
62 49.9514 0.0144 49.937
62 49.937 0.16 49.777
34 49.9952 0.016 49.9792
53 49.9424 0.016 49.9264
60 49.9424 0.016 49.9264
63 49.9472 0.016 49.9312
63 49.9312 0.016 49.9152
62 49.777 0.0016 49.7754
63 49.9152 0.048 49.8672
62 49.7754 0.0048 49.7706
63 49.8672 0.0048 49.8624
63 49.8624 0.16 49.7024
63 49.7024 0.0016 49.7008
33 50 0.048 49.952
41 50 0.048 49.952
44 50 0.0048 49.9952
47 50 0.0048 49.9952
27 50 0.048 49.952
45 49.9952 0.048 49.9472
29 50 0.048 49.952
48 50 0.048 49.952
54 49.9952 0.0048 49.9904
42 50 0.048 49.952
26 50 0.048 49.952
51 50 0.0048 49.9952
25 50 0.0048 49.9952
27 49.952 0.0048 49.9472
49 50 0.0048 49.9952
52 50 0.0048 49.9952
64 50 0.0048 49.9952
56 50 0.048 49.952
31 50 0.048 49.952
61 50 0.048 49.952
35 50 0.048 49.952
54 50 0.0048 49.9952
38 50 0.048 49.952
57 50 0.0048 49.9952
59 50 0.0048 49.9952
28 50 0.048 49.952
46 50 0.048 49.952
51 49.9952 0.048 49.9472
26 49.952 0.0048 49.9472
33 50 0.048 49.952
43 50 0.0048 49.9952
41 50 0.048 49.952
44 50 0.0048 49.9952
27 50 0.048 49.952
45 50 0.048 49.952
29 50 0.048 49.952
36 50 0.0048 49.9952
36 49.9952 0.048 49.9472
29 49.952 0.0048 49.9472
29 49.9472 0.16 49.7872
36 49.9472 0.016 49.9312
36 49.9312 0.016 49.9152
29 49.7872 0.0016 49.7856
36 49.9152 0.048 49.8672
29 49.7856 0.0048 49.7808
48 50 0.048 49.952
54 49.9952 0.0048 49.9904
42 50 0.048 49.952
26 50 0.048 49.952
27 49.952 0.0048 49.9472
52 50 0.0048 49.9952
56 50 0.048 49.952
31 50 0.048 49.952
61 50 0.048 49.952
35 50 0.048 49.952
54 50 0.0048 49.9952
38 50 0.048 49.952
57 50 0.0048 49.9952
28 50 0.048 49.952
46 50 0.048 49.952
51 50 0.048 49.952
26 49.952 0.0048 49.9472
51 49.952 0.0048 49.9472
51 49.9472 0.16 49.7872
51 49.7872 0.0016 49.7856
33 50 0.048 49.952
43 50 0.0048 49.9952
41 50 0.048 49.952
44 50 0.0048 49.9952
27 50 0.048 49.952
45 50 0.048 49.952
36 50 0.048 49.952
56 50 0.0048 49.9952
48 50 0.048 49.952
42 50 0.048 49.952
26 50 0.048 49.952
51 50 0.0048 49.9952
52 50 0.0048 49.9952
56 49.9952 0.048 49.9472
36 49.952 0.0048 49.9472
31 50 0.048 49.952
61 50 0.048 49.952
35 50 0.048 49.952
54 50 0.0048 49.9952
38 50 0.048 49.952
57 50 0.0048 49.9952
28 50 0.048 49.952
28 49.952 0.0048 49.9472
28 49.9472 0.16 49.7872
28 49.7872 0.0016 49.7856
46 50 0.048 49.952
46 49.952 0.0048 49.9472
46 49.9472 0.16 49.7872
46 49.7872 0.0016 49.7856
33 50 0.048 49.952
43 50 0.0048 49.9952
41 50 0.048 49.952
44 50 0.0048 49.9952
27 50 0.048 49.952
45 50 0.048 49.952
45 49.952 0.0048 49.9472
45 49.9472 0.16 49.7872
45 49.7872 0.0016 49.7856
36 50 0.048 49.952
29 50 0.0048 49.9952
56 50 0.0048 49.9952
48 50 0.048 49.952
42 50 0.048 49.952
26 50 0.048 49.952
52 50 0.0048 49.9952
56 49.9952 0.048 49.9472
36 49.952 0.0048 49.9472
31 50 0.048 49.952
50 50 0.0048 49.9952
61 50 0.048 49.952
61 49.952 0.0048 49.9472
61 49.9472 0.16 49.7872
61 49.7872 0.0016 49.7856
35 50 0.048 49.952
54 50 0.0048 49.9952
38 50 0.048 49.952
59 50 0.0048 49.9952
33 50 0.048 49.952
41 50 0.048 49.952
44 50 0.0048 49.9952
27 50 0.048 49.952
36 50 0.048 49.952
56 50 0.0048 49.9952
48 50 0.048 49.952
54 49.9952 0.0048 49.9904
42 50 0.048 49.952
26 50 0.048 49.952
48 49.952 0.0048 49.9472
56 49.9952 0.048 49.9472
36 49.952 0.0048 49.9472
31 50 0.048 49.952
50 50 0.0048 49.9952
31 49.952 0.0048 49.9472
31 49.9472 0.16 49.7872
31 49.7872 0.0016 49.7856
35 50 0.048 49.952
54 50 0.0048 49.9952
38 50 0.048 49.952
59 50 0.0048 49.9952
33 50 0.048 49.952
43 50 0.0048 49.9952
41 50 0.048 49.952
41 49.952 0.0048 49.9472
41 49.9472 0.16 49.7872
41 49.7872 0.0016 49.7856
27 50 0.048 49.952
36 50 0.048 49.952
56 50 0.0048 49.9952
48 50 0.048 49.952
54 49.9952 0.0048 49.9904
42 50 0.048 49.952
26 50 0.048 49.952
48 49.952 0.0048 49.9472
54 49.9904 0.0048 49.9856
56 49.9952 0.048 49.9472
36 49.952 0.0048 49.9472
35 50 0.048 49.952
48 50 0.0048 49.9952
54 50 0.0048 49.9952
54 49.9952 0.048 49.9472
35 49.952 0.0048 49.9472
35 49.9472 0.16 49.7872
48 49.9952 0.016 49.9792
54 49.9472 0.016 49.9312
54 49.9312 0.016 49.9152
35 49.7872 0.0016 49.7856
54 49.9152 0.048 49.8672
35 49.7856 0.0048 49.7808
48 49.9792 0.0048 49.9744
38 50 0.048 49.952
59 50 0.0048 49.9952
38 49.952 0.0048 49.9472
38 49.9472 0.16 49.7872
38 49.7872 0.0016 49.7856
33 50 0.048 49.952
43 50 0.0048 49.9952
27 50 0.048 49.952
36 50 0.048 49.952
56 50 0.0048 49.9952
48 49.9744 0.048 49.9264
35 49.7808 0.0048 49.776
54 49.8672 0.0048 49.8624
42 50 0.048 49.952
26 50 0.048 49.952
35 49.776 0.0048 49.7712
48 49.9264 0.0048 49.9216
54 49.8624 0.0048 49.8576
56 49.9952 0.048 49.9472
36 49.952 0.0048 49.9472
54 50 0.048 49.952
35 50 0.0048 49.9952
48 50 0.0048 49.9952
33 50 0.048 49.952
43 50 0.0048 49.9952
27 50 0.048 49.952
36 50 0.048 49.952
29 50 0.0048 49.9952
56 50 0.0048 49.9952
48 49.9952 0.048 49.9472
54 49.952 0.0048 49.9472
42 50 0.048 49.952
26 50 0.048 49.952
26 49.952 0.0048 49.9472
35 49.9952 0.0048 49.9904
48 49.9472 0.0048 49.9424
51 50 0.0048 49.9952
54 49.9472 0.0048 49.9424
56 49.9952 0.048 49.9472
36 49.952 0.0048 49.9472
54 50 0.048 49.952
35 50 0.0048 49.9952
48 50 0.0048 49.9952
33 50 0.048 49.952
43 50 0.0048 49.9952
27 50 0.048 49.952
36 50 0.048 49.952
48 49.9952 0.048 49.9472
54 49.952 0.0048 49.9472
42 50 0.048 49.952
26 50 0.048 49.952
26 49.952 0.0048 49.9472
35 49.9952 0.0048 49.9904
51 50 0.0048 49.9952
54 49.9472 0.0048 49.9424
56 50 0.048 49.952
54 50 0.048 49.952
35 50 0.0048 49.9952
48 50 0.0048 49.9952
33 50 0.048 49.952
43 50 0.0048 49.9952
27 50 0.048 49.952
36 50 0.048 49.952
48 49.9952 0.048 49.9472
54 49.952 0.0048 49.9472
42 50 0.048 49.952
26 50 0.048 49.952
26 49.952 0.0048 49.9472
51 50 0.0048 49.9952
56 50 0.048 49.952
54 50 0.048 49.952
35 50 0.0048 49.9952
33 50 0.048 49.952
43 50 0.0048 49.9952
27 50 0.048 49.952
36 50 0.048 49.952
48 50 0.048 49.952
42 50 0.048 49.952
42 49.952 0.0048 49.9472
42 49.9472 0.16 49.7872
42 49.7872 0.0016 49.7856
26 50 0.048 49.952
51 50 0.0048 49.9952
37 50 0.0048 49.9952
51 49.9952 0.0048 49.9904
56 50 0.048 49.952
49 50 0.048 49.952
25 50 0.0048 49.9952
39 50 0.048 49.952
54 50 0.048 49.952
35 50 0.0048 49.9952
54 49.952 0.0048 49.9472
54 49.9472 0.16 49.7872
54 49.7872 0.0016 49.7856
33 50 0.048 49.952
43 50 0.0048 49.9952
27 50 0.048 49.952
36 50 0.048 49.952
48 50 0.048 49.952
35 49.9952 0.0048 49.9904
35 49.9904 0.048 49.9424
48 49.952 0.0048 49.9472
48 49.9472 0.16 49.7872
35 49.9424 0.016 49.9264
35 49.9264 0.016 49.9104
48 49.7872 0.0016 49.7856
35 49.9104 0.048 49.8624
48 49.7856 0.0048 49.7808
54 49.7856 0.0048 49.7808
26 50 0.048 49.952
51 50 0.0048 49.9952
51 49.9952 0.048 49.9472
26 49.952 0.0048 49.9472
26 49.9472 0.16 49.7872
51 49.9472 0.016 49.9312
51 49.9312 0.016 49.9152
26 49.7872 0.0016 49.7856
51 49.9152 0.048 49.8672
26 49.7856 0.0048 49.7808
37 50 0.0048 49.9952
56 50 0.048 49.952
49 50 0.048 49.952
25 50 0.0048 49.9952
64 50 0.0048 49.9952
39 50 0.048 49.952
33 50 0.048 49.952
43 50 0.0048 49.9952
27 50 0.048 49.952
36 50 0.048 49.952
63 50 0.048 49.952
62 50 0.0048 49.9952
35 50 0.048 49.952
48 49.9476 0.0048 49.9428
54 50 0.0048 49.9952
51 50 0.048 49.952
26 49.9122 0.0048 49.9074
37 50 0.0048 49.9952
58 50 0.0048 49.9952
56 50 0.048 49.952
49 50 0.048 49.952
25 50 0.0048 49.9952
64 50 0.0048 49.9952
39 50 0.048 49.952
33 50 0.048 49.952
43 50 0.0048 49.9952
27 50 0.048 49.952
36 50 0.048 49.952
63 50 0.048 49.952
62 50 0.0048 49.9952
35 50 0.048 49.952
54 50 0.0048 49.9952
51 50 0.048 49.952
37 50 0.0048 49.9952
58 50 0.0048 49.9952
56 50 0.048 49.952
49 50 0.048 49.952
25 50 0.0048 49.9952
60 50 0.0048 49.9952
64 50 0.0048 49.9952
39 50 0.048 49.952
33 50 0.048 49.952
43 50 0.0048 49.9952
27 50 0.048 49.952
52 50 0.0048 49.9952
52 49.9952 0.048 49.9472
27 49.952 0.0048 49.9472
27 49.9472 0.16 49.7872
52 49.9472 0.016 49.9312
52 49.9312 0.016 49.9152
27 49.7872 0.0016 49.7856
52 49.9152 0.048 49.8672
27 49.7856 0.0048 49.7808
36 50 0.048 49.952
58 50 0.048 49.952
63 50 0.048 49.952
62 50 0.0048 49.9952
35 50 0.048 49.952
51 50 0.048 49.952
26 50 0.0048 49.9952
58 49.952 0.0048 49.9472
56 50 0.048 49.952
49 50 0.048 49.952
25 50 0.0048 49.9952
60 50 0.0048 49.9952
64 50 0.0048 49.9952
39 50 0.048 49.952
33 50 0.048 49.952
52 50 0.048 49.952
27 50 0.0048 49.9952
36 50 0.048 49.952
58 50 0.048 49.952
63 50 0.048 49.952
62 50 0.0048 49.9952
35 50 0.048 49.952
48 50 0.0048 49.9952
51 50 0.048 49.952
56 50 0.048 49.952
49 50 0.048 49.952
25 50 0.0048 49.9952
60 50 0.0048 49.9952
64 50 0.0048 49.9952
34 50 0.048 49.952
30 50 0.0048 49.9952
62 49.9952 0.0048 49.9904
39 50 0.048 49.952
47 50 0.048 49.952
46 50 0.0048 49.9952
46 49.9952 0.048 49.9472
47 49.952 0.0048 49.9472
47 49.9472 0.16 49.7872
46 49.9472 0.016 49.9312
46 49.9312 0.016 49.9152
47 49.7872 0.0016 49.7856
46 49.9152 0.048 49.8672
47 49.7856 0.0048 49.7808
46 49.8672 0.0048 49.8624
46 49.8624 0.16 49.7024
46 49.7024 0.0016 49.7008
33 50 0.048 49.952
52 50 0.048 49.952
27 50 0.0048 49.9952
40 50 0.048 49.952
30 49.9952 0.0048 49.9904
36 50 0.048 49.952
58 50 0.048 49.952
63 50 0.048 49.952
62 50 0.0048 49.9952
35 50 0.048 49.952
54 50 0.0048 49.9952
51 50 0.048 49.952
56 50 0.048 49.952
49 50 0.048 49.952
25 50 0.0048 49.9952
64 50 0.0048 49.9952
34 50 0.048 49.952
30 50 0.0048 49.9952
34 49.952 0.0048 49.9472
34 49.9472 0.16 49.7872
34 49.7872 0.0016 49.7856
39 50 0.048 49.952
33 50 0.048 49.952
52 50 0.048 49.952
27 50 0.0048 49.9952
40 50 0.048 49.952
36 50 0.048 49.952
58 50 0.048 49.952
63 50 0.048 49.952
53 50 0.0048 49.9952
62 50 0.0048 49.9952
35 50 0.048 49.952
48 50 0.0048 49.9952
54 50 0.0048 49.9952
51 50 0.048 49.952
56 50 0.048 49.952
56 49.952 0.0048 49.9472
56 49.9472 0.16 49.7872
56 49.7872 0.0016 49.7856
49 50 0.048 49.952
25 50 0.0048 49.9952
64 50 0.0048 49.9952
39 50 0.048 49.952
33 50 0.048 49.952
43 50 0.0048 49.9952
33 49.952 0.0048 49.9472
33 49.9472 0.16 49.7872
33 49.7872 0.0016 49.7856
52 50 0.048 49.952
27 50 0.0048 49.9952
40 50 0.048 49.952
36 50 0.048 49.952
58 50 0.048 49.952
63 50 0.048 49.952
62 50 0.0048 49.9952
35 50 0.048 49.952
54 50 0.0048 49.9952
51 50 0.048 49.952
26 50 0.0048 49.9952
49 50 0.048 49.952
25 50 0.0048 49.9952
64 50 0.0048 49.9952
60 50 0.048 49.952
53 50 0.0048 49.9952
39 50 0.048 49.952
52 50 0.048 49.952
27 50 0.0048 49.9952
40 50 0.048 49.952
36 50 0.048 49.952
45 50 0.0048 49.9952
57 50 0.048 49.952
58 50 0.048 49.952
63 50 0.048 49.952
62 50 0.0048 49.9952
35 50 0.048 49.952
54 50 0.0048 49.9952
51 50 0.048 49.952
26 50 0.0048 49.9952
49 50 0.048 49.952
25 50 0.0048 49.9952
64 50 0.0048 49.9952
60 50 0.048 49.952
53 50 0.0048 49.9952
60 49.952 0.0048 49.9472
60 49.9472 0.16 49.7872
60 49.7872 0.0016 49.7856
39 50 0.048 49.952
52 50 0.048 49.952
27 50 0.0048 49.9952
40 50 0.048 49.952
36 50 0.048 49.952
45 50 0.0048 49.9952
57 50 0.048 49.952
58 50 0.048 49.952
63 50 0.048 49.952
62 50 0.0048 49.9952
35 50 0.048 49.952
54 50 0.0048 49.9952
51 50 0.048 49.952
26 50 0.0048 49.9952
39 49.952 0.0048 49.9472
49 50 0.048 49.952
25 50 0.0048 49.9952
64 50 0.0048 49.9952
39 50 0.048 49.952
52 50 0.048 49.952
27 50 0.0048 49.9952
40 50 0.048 49.952
59 50 0.048 49.952
36 50 0.048 49.952
45 50 0.0048 49.9952
57 50 0.048 49.952
58 50 0.048 49.952
64 50 0.048 49.952
25 50 0.0048 49.9952
49 50 0.0048 49.9952
63 50 0.048 49.952
62 50 0.0048 49.9952
35 50 0.048 49.952
54 50 0.0048 49.9952
51 50 0.048 49.952
26 50 0.0048 49.9952
39 49.952 0.0048 49.9472
49 49.9952 0.048 49.9472
25 49.9952 0.0048 49.9904
64 49.952 0.0048 49.9472
44 50 0.048 49.952
41 50 0.0048 49.9952
41 49.9952 0.048 49.9472
44 49.952 0.0096 49.9424
44 49.9424 0.16 49.7824
44 49.7824 0.0016 49.7808
39 50 0.048 49.952
52 50 0.048 49.952
27 50 0.0048 49.9952
40 50 0.048 49.952
59 50 0.048 49.952
36 50 0.048 49.952
29 50 0.0048 49.9952
45 50 0.0048 49.9952
57 50 0.048 49.952
58 50 0.048 49.952
64 50 0.048 49.952
25 50 0.0048 49.9952
49 50 0.0048 49.9952
64 49.952 0.0048 49.9472
64 49.9472 0.16 49.7872
64 49.7872 0.0016 49.7856
63 50 0.048 49.952
62 50 0.0048 49.9952
35 50 0.048 49.952
48 50 0.0048 49.9952
54 50 0.0048 49.9952
51 50 0.048 49.952
26 50 0.0048 49.9952
49 49.9952 0.048 49.9472
25 49.9952 0.0048 49.9904
64 49.7856 0.0048 49.7808
39 50 0.048 49.952
52 50 0.048 49.952
40 50 0.048 49.952
59 50 0.048 49.952
36 50 0.048 49.952
45 50 0.0048 49.9952
57 50 0.048 49.952
58 50 0.048 49.952
63 50 0.048 49.952
34 50 0.0048 49.9952
62 50 0.0048 49.9952
35 50 0.048 49.952
48 50 0.0048 49.9952
54 50 0.0048 49.9952
51 50 0.048 49.952
26 50 0.0048 49.9952
49 50 0.048 49.952
25 50 0.0048 49.9952
39 50 0.048 49.952
52 50 0.048 49.952
27 50 0.0048 49.9952
40 50 0.048 49.952
43 50 0.048 49.952
43 49.952 0.0048 49.9472
43 49.9472 0.16 49.7872
43 49.7872 0.0016 49.7856
59 50 0.048 49.952
38 50 0.0048 49.9952
38 49.9952 0.048 49.9472
59 49.952 0.0048 49.9472
59 49.9472 0.16 49.7872
38 49.9472 0.016 49.9312
38 49.9312 0.016 49.9152
59 49.7872 0.0016 49.7856
38 49.9152 0.048 49.8672
59 49.7856 0.0048 49.7808
38 49.8672 0.0048 49.8624
38 49.8624 0.16 49.7024
38 49.7024 0.0016 49.7008
36 50 0.048 49.952
45 50 0.0048 49.9952
57 50 0.048 49.952
58 50 0.048 49.952
63 50 0.048 49.952
30 50 0.0048 49.9952
34 50 0.0048 49.9952
60 50 0.0048 49.9952
35 50 0.048 49.952
48 50 0.0048 49.9952
54 50 0.0048 49.9952
51 50 0.048 49.952
38 49.7008 0.0048 49.696
49 50 0.048 49.952
25 50 0.0048 49.9952
39 50 0.048 49.952
52 50 0.048 49.952
27 50 0.0048 49.9952
40 50 0.048 49.952
36 50 0.048 49.952
45 50 0.0048 49.9952
57 50 0.048 49.952
58 50 0.048 49.952
63 50 0.048 49.952
34 50 0.0048 49.9952
53 50 0.0048 49.9952
60 50 0.0048 49.9952
62 50 0.0048 49.9952
63 49.952 0.0048 49.9472
63 49.9472 0.16 49.7872
63 49.7872 0.0016 49.7856
35 50 0.048 49.952
48 50 0.0048 49.9952
54 50 0.0048 49.9952
51 50 0.048 49.952
38 49.8305 0.0048 49.8257
57 49.952 0.0048 49.9472
59 50 0.0048 49.9952
37 50 0.048 49.952
49 50 0.048 49.952
25 50 0.0048 49.9952
39 50 0.048 49.952
39 49.952 0.0048 49.9472
39 49.9472 0.16 49.7872
39 49.7872 0.0016 49.7856
45 49.9952 0.048 49.9472
36 49.952 0.0048 49.9472
52 50 0.048 49.952
40 50 0.048 49.952
32 50 0.048 49.952
62 50 0.048 49.952
53 50 0.0048 49.9952
53 49.9952 0.048 49.9472
60 49.9952 0.0048 49.9904
60 49.9904 0.048 49.9424
62 49.952 0.0096 49.9424
62 49.9424 0.16 49.7824
53 49.9472 0.016 49.9312
53 49.9312 0.016 49.9152
62 49.7824 0.0016 49.7808
53 49.9152 0.048 49.8672
49 50 0.0048 49.9952
60 49.9424 0.0048 49.9376
62 49.7808 0.0048 49.776
63 50 0.0048 49.9952
64 50 0.0048 49.9952
64 49.9952 0.048 49.9472
53 49.8672 0.0096 49.8576
53 49.8576 0.16 49.6976
60 49.9376 0.016 49.9216
53 49.6976 0.0016 49.696
36 50 0.048 49.952
45 50 0.0048 49.9952
57 50 0.048 49.952
58 50 0.048 49.952
35 50 0.048 49.952
48 50 0.0048 49.9952
54 50 0.0048 49.9952
51 50 0.048 49.952
26 50 0.0048 49.9952
38 49.9783 0.0048 49.9735
57 49.952 0.0048 49.9472
59 50 0.0048 49.9952
37 50 0.048 49.952
37 49.952 0.0048 49.9472
37 49.9472 0.16 49.7872
37 49.7872 0.0016 49.7856
49 49.9952 0.048 49.9472
25 50 0.0048 49.9952
53 49.696 0.0048 49.6912
64 49.9472 0.0048 49.9424
61 50 0.048 49.952
61 49.952 0.0048 49.9472
61 49.9472 0.16 49.7872
61 49.7872 0.0016 49.7856
45 49.9952 0.048 49.9472
36 49.952 0.0048 49.9472
52 50 0.048 49.952
27 50 0.0048 49.9952
40 50 0.048 49.952
32 50 0.048 49.952
28 50 0.048 49.952
53 50 0.048 49.952
60 50 0.0048 49.9952
62 50 0.0048 49.9952
63 50 0.0048 49.9952
53 49.952 0.0048 49.9472
53 49.9472 0.16 49.7872
53 49.7872 0.0016 49.7856
36 50 0.048 49.952
45 50 0.0048 49.9952
57 50 0.048 49.952
58 50 0.048 49.952
58 49.952 0.0048 49.9472
58 49.9472 0.16 49.7872
58 49.7872 0.0016 49.7856
35 50 0.048 49.952
48 50 0.0048 49.9952
54 50 0.0048 49.9952
51 50 0.048 49.952
26 50 0.0048 49.9952
38 50 0.0048 49.9952
41 50 0.0048 49.9952
44 50 0.0048 49.9952
59 50 0.0048 49.9952
49 50 0.048 49.952
64 50 0.0048 49.9952
45 49.9952 0.048 49.9472
52 50 0.048 49.952
27 50 0.0048 49.9952
40 50 0.048 49.952
32 50 0.048 49.952
28 50 0.048 49.952
36 50 0.048 49.952
36 49.952 0.0048 49.9472
36 49.9472 0.16 49.7872
36 49.7872 0.0016 49.7856
57 50 0.048 49.952
35 50 0.048 49.952
54 50 0.0048 49.9952
51 50 0.048 49.952
26 50 0.0048 49.9952
41 50 0.0048 49.9952
44 50 0.0048 49.9952
47 50 0.0048 49.9952
49 50 0.048 49.952
60 50 0.0048 49.9952
64 50 0.0048 49.9952
38 50 0.048 49.952
59 50 0.0048 49.9952
45 50 0.048 49.952
52 50 0.048 49.952
27 50 0.0048 49.9952
40 50 0.048 49.952
32 50 0.048 49.952
28 50 0.048 49.952
57 50 0.048 49.952
35 50 0.048 49.952
48 50 0.0048 49.9952
54 50 0.0048 49.9952
51 50 0.048 49.952
26 50 0.0048 49.9952
41 50 0.0048 49.9952
42 50 0.0048 49.9952
44 50 0.0048 49.9952
46 50 0.0048 49.9952
47 50 0.0048 49.9952
49 50 0.048 49.952
64 50 0.0048 49.9952
38 50 0.048 49.952
59 50 0.0048 49.9952
45 50 0.048 49.952
52 50 0.048 49.952
27 50 0.0048 49.9952
40 50 0.048 49.952
32 50 0.048 49.952
28 50 0.048 49.952
57 50 0.048 49.952
35 50 0.048 49.952
54 50 0.0048 49.9952
51 50 0.048 49.952
26 50 0.0048 49.9952
41 50 0.0048 49.9952
42 50 0.0048 49.9952
46 50 0.0048 49.9952
47 50 0.0048 49.9952
49 50 0.048 49.952
64 50 0.0048 49.9952
38 50 0.048 49.952
59 50 0.0048 49.9952
45 50 0.048 49.952
52 50 0.048 49.952
27 50 0.0048 49.9952
40 50 0.048 49.952
34 50 0.0048 49.9952
34 49.9952 0.048 49.9472
40 49.952 0.0048 49.9472
40 49.9472 0.16 49.7872
34 49.9472 0.016 49.9312
34 49.9312 0.016 49.9152
40 49.7872 0.0016 49.7856
34 49.9152 0.048 49.8672
40 49.7856 0.0048 49.7808
62 50 0.0048 49.9952
63 50 0.0048 49.9952
63 49.9952 0.048 49.9472
34 49.8672 0.0048 49.8624
34 49.8624 0.16 49.7024
62 49.9952 0.016 49.9792
63 49.9472 0.016 49.9312
63 49.9312 0.016 49.9152
34 49.7024 0.0016 49.7008
63 49.9152 0.048 49.8672
34 49.7008 0.0048 49.696
53 50 0.0048 49.9952
60 50 0.0048 49.9952
62 49.9792 0.0048 49.9744
32 50 0.048 49.952
28 50 0.048 49.952
57 50 0.048 49.952
35 50 0.048 49.952
26 50 0.0048 49.9952
26 49.9952 0.048 49.9472
54 50 0.0048 49.9952
35 49.952 0.0048 49.9472
35 49.9472 0.16 49.7872
26 49.9472 0.016 49.9312
26 49.9312 0.016 49.9152
35 49.7872 0.0016 49.7856
26 49.9152 0.048 49.8672
35 49.7856 0.0048 49.7808
51 50 0.0048 49.9952
54 49.9952 0.0048 49.9904
54 49.9904 0.016 49.9744
51 49.9952 0.048 49.9472
26 49.8672 0.0048 49.8624
42 50 0.0048 49.9952
49 50 0.048 49.952
64 50 0.0048 49.9952
54 49.9744 0.048 49.9264
26 49.8624 0.0048 49.8576
35 49.9694 0.0048 49.9646
38 50 0.048 49.952
59 50 0.0048 49.9952
45 50 0.048 49.952
52 50 0.048 49.952
27 50 0.0048 49.9952
63 50 0.048 49.952
34 49.8075 0.0048 49.8027
53 50 0.0048 49.9952
60 50 0.0048 49.9952
62 50 0.0048 49.9952
32 50 0.048 49.952
28 50 0.048 49.952
57 50 0.048 49.952
26 49.9736 0.048 49.9256
35 49.9646 0.0048 49.9598
54 50 0.0048 49.9952
51 50 0.048 49.952
42 50 0.0048 49.9952
49 50 0.048 49.952
60 50 0.0048 49.9952
64 50 0.0048 49.9952
54 49.9952 0.048 49.9472
26 49.9256 0.0048 49.9208
35 50 0.0048 49.9952
54 49.9472 0.0048 49.9424
54 49.9424 0.16 49.7824
54 49.7824 0.0016 49.7808
38 50 0.048 49.952
59 50 0.0048 49.9952
45 50 0.048 49.952
29 50 0.0048 49.9952
29 49.9952 0.048 49.9472
36 50 0.0048 49.9952
36 49.9952 0.048 49.9472
45 49.952 0.0096 49.9424
45 49.9424 0.16 49.7824
29 49.9472 0.016 49.9312
36 49.9472 0.016 49.9312
36 49.9312 0.016 49.9152
45 49.7824 0.0016 49.7808
36 49.9152 0.048 49.8672
45 49.7808 0.0048 49.776
36 49.8672 0.0048 49.8624
36 49.8624 0.16 49.7024
36 49.7024 0.0016 49.7008
52 50 0.048 49.952
27 50 0.0048 49.9952
63 50 0.048 49.952
34 50 0.0048 49.9952
53 50 0.0048 49.9952
60 49.9952 0.0048 49.9904
62 50 0.0048 49.9952
32 50 0.048 49.952
28 50 0.048 49.952
57 50 0.048 49.952
26 50 0.048 49.952
35 49.9952 0.0048 49.9904
51 50 0.0048 49.9952
51 49.9952 0.048 49.9472
26 49.952 0.0048 49.9472
49 50 0.048 49.952
60 50 0.0048 49.9952
64 50 0.0048 49.9952
46 50 0.048 49.952
42 50 0.048 49.952
38 50 0.048 49.952
59 50 0.0048 49.9952
52 50 0.048 49.952
27 50 0.0048 49.9952
63 50 0.048 49.952
30 50 0.0048 49.9952
34 50 0.0048 49.9952
53 50 0.0048 49.9952
60 49.9952 0.0048 49.9904
62 50 0.0048 49.9952
63 49.952 0.0048 49.9472
63 49.9472 0.16 49.7872
63 49.7872 0.0016 49.7856
32 50 0.048 49.952
28 50 0.048 49.952
55 50 0.048 49.952
57 50 0.048 49.952
26 50 0.048 49.952
35 50 0.0048 49.9952
51 50 0.0048 49.9952
51 49.9952 0.048 49.9472
26 49.952 0.0048 49.9472
49 50 0.048 49.952
60 50 0.0048 49.9952
64 50 0.0048 49.9952
46 50 0.048 49.952
42 50 0.048 49.952
38 50 0.048 49.952
52 50 0.048 49.952
27 50 0.0048 49.9952
32 50 0.048 49.952
28 50 0.048 49.952
55 50 0.048 49.952
55 49.952 0.0048 49.9472
55 49.9472 0.16 49.7872
55 49.7872 0.0016 49.7856
57 50 0.048 49.952
26 50 0.048 49.952
35 50 0.0048 49.9952
51 50 0.0048 49.9952
51 49.9952 0.048 49.9472
26 49.952 0.0048 49.9472
29 50 0.0048 49.9952
45 50 0.0048 49.9952
49 50 0.048 49.952
60 50 0.0048 49.9952
64 50 0.0048 49.9952
46 50 0.048 49.952
42 50 0.048 49.952
38 50 0.048 49.952
52 50 0.048 49.952
27 50 0.0048 49.9952
32 50 0.048 49.952
50 50 0.048 49.952
28 50 0.048 49.952
57 50 0.048 49.952
26 50 0.048 49.952
35 50 0.0048 49.9952
51 50 0.0048 49.9952
51 49.9952 0.048 49.9472
26 49.952 0.0048 49.9472
29 50 0.0048 49.9952
36 50 0.0048 49.9952
45 50 0.0048 49.9952
56 50 0.0048 49.9952
49 50 0.048 49.952
53 50 0.0048 49.9952
60 50 0.0048 49.9952
64 50 0.0048 49.9952
46 50 0.048 49.952
42 50 0.048 49.952
38 50 0.048 49.952
52 50 0.048 49.952
32 50 0.048 49.952
50 50 0.048 49.952
31 50 0.0048 49.9952
31 49.9952 0.048 49.9472
50 49.952 0.0048 49.9472
50 49.9472 0.16 49.7872
31 49.9472 0.016 49.9312
31 49.9312 0.016 49.9152
50 49.7872 0.0016 49.7856
31 49.9152 0.048 49.8672
50 49.7856 0.0048 49.7808
28 50 0.048 49.952
57 50 0.048 49.952
26 50 0.048 49.952
35 50 0.0048 49.9952
51 50 0.0048 49.9952
51 49.9952 0.048 49.9472
26 49.952 0.0048 49.9472
29 50 0.0048 49.9952
36 50 0.0048 49.9952
45 50 0.0048 49.9952
56 50 0.0048 49.9952
49 50 0.048 49.952
53 50 0.0048 49.9952
60 50 0.0048 49.9952
63 50 0.0048 49.9952
64 50 0.0048 49.9952
46 50 0.048 49.952
42 50 0.0048 49.9952
42 49.9952 0.048 49.9472
46 49.952 0.0048 49.9472
38 50 0.048 49.952
59 50 0.0048 49.9952
52 50 0.048 49.952
32 50 0.048 49.952
31 50 0.048 49.952
50 50 0.0048 49.9952
28 50 0.048 49.952
57 50 0.048 49.952
57 49.952 0.0048 49.9472
57 49.9472 0.16 49.7872
57 49.7872 0.0016 49.7856
26 50 0.048 49.952
51 50 0.048 49.952
36 50 0.0048 49.9952
56 50 0.0048 49.9952
49 50 0.048 49.952
53 50 0.0048 49.9952
60 50 0.0048 49.9952
46 50 0.048 49.952
42 50 0.0048 49.9952
42 49.9952 0.048 49.9472
46 49.952 0.0048 49.9472
38 50 0.048 49.952
59 50 0.0048 49.9952
52 50 0.048 49.952
32 50 0.048 49.952
31 50 0.048 49.952
50 50 0.0048 49.9952
28 50 0.048 49.952
26 50 0.048 49.952
51 50 0.048 49.952
31 49.952 0.0048 49.9472
50 49.9952 0.0048 49.9904
56 50 0.0048 49.9952
49 50 0.048 49.952
60 50 0.0048 49.9952
46 50 0.048 49.952
42 50 0.0048 49.9952
42 49.9952 0.048 49.9472
46 49.952 0.0048 49.9472
38 50 0.048 49.952
59 50 0.0048 49.9952
52 50 0.048 49.952
25 50 0.048 49.952
25 49.952 0.0048 49.9472
25 49.9472 0.16 49.7872
25 49.7872 0.0016 49.7856
32 50 0.048 49.952
31 50 0.048 49.952
50 50 0.0048 49.9952
28 50 0.048 49.952
26 50 0.048 49.952
51 50 0.048 49.952
31 49.952 0.0048 49.9472
50 49.9952 0.0048 49.9904
55 50 0.0048 49.9952
49 50 0.048 49.952
60 50 0.0048 49.9952
64 50 0.0048 49.9952
46 50 0.048 49.952
42 50 0.0048 49.9952
42 49.9952 0.048 49.9472
46 49.952 0.0048 49.9472
38 50 0.048 49.952
59 50 0.0048 49.9952
52 50 0.048 49.952
27 50 0.0048 49.9952
32 50 0.048 49.952
31 50 0.048 49.952
50 50 0.0048 49.9952
28 50 0.048 49.952
26 50 0.048 49.952
35 50 0.0048 49.9952
51 50 0.0048 49.9952
51 49.9952 0.048 49.9472
26 49.952 0.0048 49.9472
31 49.952 0.0048 49.9472
50 49.9952 0.0048 49.9904
55 50 0.0048 49.9952
49 50 0.048 49.952
60 50 0.0048 49.9952
63 50 0.0048 49.9952
64 50 0.0048 49.9952
46 50 0.048 49.952
42 50 0.0048 49.9952
42 49.9952 0.048 49.9472
46 49.952 0.0048 49.9472
38 50 0.048 49.952
59 50 0.0048 49.9952
38 49.952 0.0048 49.9472
38 49.9472 0.16 49.7872
38 49.7872 0.0016 49.7856
52 50 0.048 49.952
27 50 0.0048 49.9952
32 50 0.048 49.952
31 50 0.048 49.952
50 50 0.0048 49.9952
28 50 0.048 49.952
26 50 0.048 49.952
51 50 0.0048 49.9952
51 49.9952 0.048 49.9472
26 49.952 0.0048 49.9472
55 50 0.0048 49.9952
61 50 0.0048 49.9952
49 50 0.048 49.952
60 50 0.0048 49.9952
63 50 0.0048 49.9952
64 50 0.0048 49.9952
44 50 0.048 49.952
41 50 0.0048 49.9952
41 49.9952 0.048 49.9472
44 49.952 0.0096 49.9424
44 49.9424 0.16 49.7824
44 49.7824 0.0016 49.7808
46 50 0.048 49.952
42 50 0.0048 49.9952
42 49.9952 0.048 49.9472
46 49.952 0.0048 49.9472
52 50 0.048 49.952
32 50 0.048 49.952
31 50 0.048 49.952
50 50 0.0048 49.9952
28 50 0.048 49.952
26 50 0.048 49.952
35 50 0.0048 49.9952
51 50 0.0048 49.9952
51 49.9952 0.048 49.9472
26 49.952 0.0048 49.9472
55 50 0.0048 49.9952
61 50 0.0048 49.9952
49 50 0.048 49.952
60 50 0.0048 49.9952
64 50 0.0048 49.9952
46 50 0.048 49.952
42 50 0.0048 49.9952
47 50 0.0048 49.9952
42 49.9952 0.048 49.9472
46 49.952 0.0048 49.9472
27 50 0.048 49.952
52 50 0.048 49.952
32 50 0.048 49.952
31 50 0.048 49.952
50 50 0.0048 49.9952
56 50 0.048 49.952
28 50 0.048 49.952
26 50 0.048 49.952
51 50 0.0048 49.9952
51 49.9952 0.048 49.9472
26 49.952 0.0048 49.9472
28 49.952 0.0048 49.9472
61 50 0.0048 49.9952
49 50 0.048 49.952
60 50 0.0048 49.9952
63 50 0.0048 49.9952
64 50 0.0048 49.9952
46 50 0.048 49.952
42 50 0.0048 49.9952
47 50 0.0048 49.9952
42 49.9952 0.048 49.9472
46 49.952 0.0048 49.9472
30 50 0.048 49.952
34 50 0.0048 49.9952
34 49.9952 0.048 49.9472
30 49.952 0.0048 49.9472
30 49.9472 0.16 49.7872
34 49.9472 0.016 49.9312
34 49.9312 0.016 49.9152
30 49.7872 0.0016 49.7856
34 49.9152 0.048 49.8672
30 49.7856 0.0048 49.7808
63 49.9952 0.0048 49.9904
63 49.9904 0.048 49.9424
34 49.8672 0.0048 49.8624
34 49.8624 0.16 49.7024
63 49.9424 0.016 49.9264
63 49.9264 0.016 49.9104
34 49.7024 0.0016 49.7008
63 49.9104 0.048 49.8624
34 49.7008 0.0048 49.696
49 49.952 0.0048 49.9472
60 49.9952 0.0048 49.9904
27 50 0.048 49.952
52 50 0.048 49.952
52 49.952 0.0048 49.9472
52 49.9472 0.16 49.7872
52 49.7872 0.0016 49.7856
32 50 0.048 49.952
31 50 0.048 49.952
50 50 0.0048 49.9952
56 50 0.048 49.952
28 50 0.048 49.952
26 50 0.048 49.952
51 50 0.048 49.952
28 49.952 0.0048 49.9472
43 50 0.0048 49.9952
61 50 0.0048 49.9952
41 50 0.048 49.952
44 50 0.0048 49.9952
41 49.952 0.0048 49.9472
41 49.9472 0.16 49.7872
41 49.7872 0.0016 49.7856
49 50 0.048 49.952
60 50 0.0048 49.9952
46 50 0.048 49.952
42 50 0.0048 49.9952
42 49.9952 0.048 49.9472
46 49.952 0.0048 49.9472
63 50 0.048 49.952
34 49.9828 0.0048 49.978
60 49.9952 0.0048 49.9904
27 50 0.048 49.952
32 50 0.048 49.952
31 50 0.048 49.952
56 50 0.048 49.952
28 50 0.048 49.952
26 50 0.048 49.952
51 50 0.048 49.952
28 49.952 0.0048 49.9472
33 50 0.0048 49.9952
43 50 0.0048 49.9952
49 50 0.048 49.952
46 50 0.048 49.952
42 50 0.0048 49.9952
42 49.9952 0.048 49.9472
46 49.952 0.0048 49.9472
63 50 0.048 49.952
34 50 0.0048 49.9952
60 50 0.0048 49.9952
62 50 0.0048 49.9952
48 50 0.048 49.952
27 50 0.048 49.952
32 50 0.048 49.952
31 50 0.048 49.952
56 50 0.048 49.952
28 50 0.048 49.952
26 50 0.048 49.952
51 50 0.0048 49.9952
51 49.9952 0.048 49.9472
26 49.952 0.0048 49.9472
33 50 0.0048 49.9952
40 50 0.0048 49.9952
43 50 0.0048 49.9952
49 50 0.048 49.952
53 50 0.0048 49.9952
63 50 0.0048 49.9952
64 50 0.0048 49.9952
46 50 0.048 49.952
42 50 0.0048 49.9952
42 49.9952 0.048 49.9472
46 49.952 0.0048 49.9472
59 50 0.048 49.952
38 50 0.0048 49.9952
59 49.952 0.0048 49.9472
59 49.9472 0.16 49.7872
59 49.7872 0.0016 49.7856
63 49.9952 0.048 49.9472
34 50 0.0048 49.9952
53 49.9952 0.0048 49.9904
60 50 0.0048 49.9952
62 50 0.0048 49.9952
48 50 0.048 49.952
48 49.952 0.0048 49.9472
48 49.9472 0.16 49.7872
48 49.7872 0.0016 49.7856
27 50 0.048 49.952
32 50 0.048 49.952
31 50 0.048 49.952
56 50 0.048 49.952
28 50 0.048 49.952
26 50 0.048 49.952
35 50 0.0048 49.9952
51 50 0.0048 49.9952
54 50 0.0048 49.9952
51 49.9952 0.048 49.9472
26 49.952 0.0048 49.9472
30 50 0.0048 49.9952
33 50 0.0048 49.9952
40 50 0.0048 49.9952
43 50 0.0048 49.9952
49 50 0.048 49.952
64 50 0.0048 49.9952
46 50 0.048 49.952
42 50 0.0048 49.9952
42 49.9952 0.048 49.9472
46 49.952 0.0048 49.9472
63 50 0.048 49.952
30 49.9952 0.0048 49.9904
34 50 0.0048 49.9952
53 50 0.0048 49.9952
60 50 0.0048 49.9952
62 50 0.0048 49.9952
27 50 0.048 49.952
32 50 0.048 49.952
31 50 0.048 49.952
56 50 0.048 49.952
62 50 0.048 49.952
30 49.9904 0.0048 49.9856
30 49.9856 0.048 49.9376
53 50 0.0048 49.9952
53 49.9952 0.048 49.9472
60 49.9952 0.0048 49.9904
60 49.9904 0.048 49.9424
63 50 0.0048 49.9952
62 49.952 0.0144 49.9376
62 49.9376 0.16 49.7776
30 49.9376 0.016 49.9216
30 49.9216 0.016 49.9056
62 49.7776 0.0016 49.776
30 49.9056 0.048 49.8576
34 50 0.0048 49.9952
62 49.776 0.0048 49.7712
63 49.9952 0.0048 49.9904
53 49.9472 0.016 49.9312
60 49.9424 0.016 49.9264
63 49.9904 0.016 49.9744
28 50 0.048 49.952
58 50 0.048 49.952
58 49.952 0.0048 49.9472
58 49.9472 0.16 49.7872
58 49.7872 0.0016 49.7856
26 50 0.048 49.952
51 50 0.048 49.952
30 50 0.0048 49.9952
34 49.9952 0.0048 49.9904
40 50 0.0048 49.9952
53 49.9312 0.0048 49.9264
62 49.7712 0.0048 49.7664
63 49.9744 0.0048 49.9696
49 50 0.048 49.952
46 50 0.048 49.952
42 50 0.0048 49.9952
42 49.9952 0.048 49.9472
46 49.952 0.0048 49.9472
63 49.9696 0.048 49.9216
30 49.9952 0.0048 49.9904
53 49.9264 0.0048 49.9216
62 49.7664 0.0048 49.7616
34 49.9904 0.048 49.9424
30 49.9904 0.0048 49.9856
27 50 0.048 49.952
32 50 0.048 49.952
31 50 0.048 49.952
56 50 0.048 49.952
30 49.9856 0.048 49.9376
34 50 0.0048 49.9952
62 50 0.0048 49.9952
63 50 0.0048 49.9952
28 50 0.048 49.952
26 50 0.048 49.952
54 50 0.0048 49.9952
51 50 0.048 49.952
30 50 0.0048 49.9952
34 49.9952 0.0048 49.9904
40 50 0.0048 49.9952
49 50 0.0048 49.9952
53 50 0.0048 49.9952
60 50 0.0048 49.9952
62 49.9952 0.0048 49.9904
63 49.9952 0.0048 49.9904
64 50 0.0048 49.9952
49 49.9952 0.048 49.9472
46 50 0.048 49.952
42 50 0.0048 49.9952
42 49.9952 0.048 49.9472
46 49.952 0.0048 49.9472
63 49.9904 0.048 49.9424
34 49.9904 0.0048 49.9856
53 49.9952 0.0048 49.9904
62 49.9904 0.0048 49.9856
63 49.9424 0.0048 49.9376
63 49.9376 0.16 49.7776
63 49.7776 0.0016 49.776
34 49.9856 0.048 49.9376
30 49.9952 0.0048 49.9904
63 50 0.0048 49.9952
29 50 0.048 49.952
45 50 0.0048 49.9952
27 50 0.048 49.952
32 50 0.048 49.952
57 50 0.0048 49.9952
57 49.9952 0.048 49.9472
32 49.952 0.0048 49.9472
32 49.9472 0.16 49.7872
57 49.9472 0.016 49.9312
57 49.9312 0.016 49.9152
32 49.7872 0.0016 49.7856
57 49.9152 0.048 49.8672
32 49.7856 0.0048 49.7808
31 50 0.048 49.952
56 50 0.048 49.952
30 49.9904 0.048 49.9424
34 50 0.0048 49.9952
28 50 0.048 49.952
26 50 0.048 49.952
51 50 0.048 49.952
25 50 0.0048 49.9952
34 49.9952 0.0048 49.9904
49 50 0.0048 49.9952
53 50 0.0048 49.9952
60 50 0.0048 49.9952
62 50 0.0048 49.9952
63 49.9952 0.0048 49.9904
64 50 0.0048 49.9952
49 49.9952 0.048 49.9472
46 50 0.048 49.952
42 50 0.0048 49.9952
42 49.9952 0.048 49.9472
46 49.952 0.0048 49.9472
34 49.9904 0.048 49.9424
30 50 0.0048 49.9952
62 50 0.0048 49.9952
29 50 0.048 49.952
36 50 0.0048 49.9952
36 49.9952 0.048 49.9472
45 50 0.0048 49.9952
29 49.952 0.0096 49.9424
29 49.9424 0.16 49.7824
29 49.7824 0.0016 49.7808
27 50 0.048 49.952
57 50 0.048 49.952
32 50 0.0048 49.9952
31 50 0.048 49.952
56 50 0.048 49.952
30 49.9952 0.048 49.9472
34 50 0.0048 49.9952
28 50 0.048 49.952
26 50 0.048 49.952
51 50 0.048 49.952
25 50 0.0048 49.9952
27 49.952 0.0048 49.9472
52 50 0.0048 49.9952
53 50 0.0048 49.9952
62 49.9952 0.0048 49.9904
63 50 0.0048 49.9952
64 50 0.0048 49.9952
49 50 0.048 49.952
46 50 0.048 49.952
42 50 0.048 49.952
34 49.9952 0.048 49.9472
30 50 0.0048 49.9952
27 50 0.048 49.952
57 50 0.048 49.952
32 50 0.0048 49.9952
57 49.952 0.0048 49.9472
57 49.9472 0.16 49.7872
57 49.7872 0.0016 49.7856
31 50 0.048 49.952
56 50 0.048 49.952
30 49.9952 0.048 49.9472
34 50 0.0048 49.9952
28 50 0.048 49.952
26 50 0.048 49.952
51 50 0.048 49.952
25 50 0.0048 49.9952
27 49.952 0.0048 49.9472
52 50 0.0048 49.9952
64 50 0.0048 49.9952
49 50 0.048 49.952
46 50 0.048 49.952
42 50 0.048 49.952
34 49.9952 0.048 49.9472
63 50 0.0048 49.9952
63 49.9952 0.048 49.9472
34 49.9472 0.0048 49.9424
34 49.9424 0.16 49.7824
63 49.9472 0.016 49.9312
63 49.9312 0.016 49.9152
34 49.7824 0.0016 49.7808
63 49.9152 0.048 49.8672
34 49.7808 0.0048 49.776
53 50 0.0048 49.9952
60 50 0.0048 49.9952
62 50 0.0048 49.9952
27 50 0.048 49.952
31 50 0.048 49.952
56 50 0.048 49.952
30 50 0.048 49.952
28 50 0.048 49.952
33 50 0.048 49.952
43 50 0.0048 49.9952
26 50 0.048 49.952
51 50 0.048 49.952
25 50 0.0048 49.9952
27 49.952 0.0048 49.9472
52 50 0.0048 49.9952
49 50 0.048 49.952
46 50 0.048 49.952
42 50 0.048 49.952
63 50 0.048 49.952
34 50 0.0048 49.9952
53 50 0.0048 49.9952
62 50 0.0048 49.9952
63 49.952 0.0048 49.9472
63 49.9472 0.16 49.7872
63 49.7872 0.0016 49.7856
27 50 0.048 49.952
25 50 0.0048 49.9952
27 49.952 0.0048 49.9472
27 49.9472 0.16 49.7872
27 49.7872 0.0016 49.7856
31 50 0.048 49.952
56 50 0.048 49.952
30 50 0.048 49.952
34 50 0.0048 49.9952
34 49.9952 0.048 49.9472
62 49.9952 0.0048 49.9904
30 49.952 0.0048 49.9472
30 49.9472 0.16 49.7872
34 49.9472 0.016 49.9312
34 49.9312 0.016 49.9152
30 49.7872 0.0016 49.7856
34 49.9152 0.048 49.8672
30 49.7856 0.0048 49.7808
28 50 0.048 49.952
33 50 0.048 49.952
43 50 0.0048 49.9952
33 49.952 0.0048 49.9472
33 49.9472 0.16 49.7872
33 49.7872 0.0016 49.7856
26 50 0.048 49.952
51 50 0.0048 49.9952
51 49.9952 0.048 49.9472
26 49.952 0.0048 49.9472
52 50 0.0048 49.9952
49 50 0.048 49.952
46 50 0.048 49.952
42 50 0.048 49.952
31 50 0.048 49.952
56 50 0.048 49.952
34 50 0.048 49.952
30 50 0.0048 49.9952
28 50 0.048 49.952
26 50 0.048 49.952
51 50 0.0048 49.9952
51 49.9952 0.048 49.9472
26 49.952 0.0048 49.9472
49 50 0.048 49.952
46 50 0.048 49.952
42 50 0.048 49.952
31 50 0.048 49.952
31 49.952 0.0048 49.9472
31 49.9472 0.16 49.7872
31 49.7872 0.0016 49.7856
56 50 0.048 49.952
34 50 0.048 49.952
30 50 0.0048 49.9952
62 50 0.0048 49.9952
50 50 0.048 49.952
28 50 0.048 49.952
47 50 0.048 49.952
26 50 0.048 49.952
51 50 0.0048 49.9952
51 49.9952 0.048 49.9472
26 49.952 0.0048 49.9472
48 50 0.0048 49.9952
49 50 0.048 49.952
46 50 0.048 49.952
46 49.952 0.0048 49.9472
46 49.9472 0.16 49.7872
46 49.7872 0.0016 49.7856
42 50 0.048 49.952
39 50 0.048 49.952
39 49.952 0.0048 49.9472
39 49.9472 0.16 49.7872
39 49.7872 0.0016 49.7856
56 50 0.048 49.952
34 50 0.048 49.952
30 50 0.0048 49.9952
50 50 0.048 49.952
28 50 0.048 49.952
47 50 0.048 49.952
26 50 0.048 49.952
51 50 0.048 49.952
35 50 0.0048 49.9952
48 50 0.0048 49.9952
54 50 0.0048 49.9952
49 50 0.048 49.952
42 50 0.048 49.952
56 50 0.048 49.952
34 50 0.048 49.952
30 50 0.0048 49.9952
50 50 0.048 49.952
28 50 0.048 49.952
47 50 0.048 49.952
26 50 0.048 49.952
51 50 0.0048 49.9952
51 49.9952 0.048 49.9472
26 49.952 0.0048 49.9472
35 50 0.0048 49.9952
48 50 0.0048 49.9952
54 50 0.0048 49.9952
49 50 0.048 49.952
42 50 0.048 49.952
56 50 0.048 49.952
34 50 0.048 49.952
50 50 0.048 49.952
28 50 0.048 49.952
47 50 0.048 49.952
41 50 0.0048 49.9952
26 50 0.048 49.952
51 50 0.0048 49.9952
51 49.9952 0.048 49.9472
26 49.952 0.0048 49.9472
26 49.9472 0.0048 49.9424
35 50 0.0048 49.9952
48 50 0.0048 49.9952
54 50 0.0048 49.9952
49 50 0.048 49.952
60 50 0.0048 49.9952
64 50 0.0048 49.9952
64 49.9952 0.048 49.9472
49 49.952 0.0048 49.9472
49 49.9472 0.16 49.7872
60 49.9952 0.016 49.9792
64 49.9472 0.016 49.9312
64 49.9312 0.016 49.9152
49 49.7872 0.0016 49.7856
64 49.9152 0.048 49.8672
25 50 0.0048 49.9952
25 49.9952 0.048 49.9472
49 49.7856 0.0048 49.7808
60 49.9792 0.0048 49.9744
64 49.8672 0.0096 49.8576
64 49.8576 0.16 49.6976
64 49.6976 0.0016 49.696
42 50 0.048 49.952
45 50 0.048 49.952
36 50 0.0048 49.9952
36 49.9952 0.048 49.9472
45 49.952 0.0048 49.9472
45 49.9472 0.16 49.7872
36 49.9472 0.016 49.9312
36 49.9312 0.016 49.9152
45 49.7872 0.0016 49.7856
36 49.9152 0.048 49.8672
45 49.7856 0.0048 49.7808
56 50 0.048 49.952
34 50 0.048 49.952
30 50 0.0048 49.9952
40 50 0.0048 49.9952
62 50 0.0048 49.9952
63 50 0.0048 49.9952
63 49.9952 0.048 49.9472
34 49.952 0.0048 49.9472
34 49.9472 0.16 49.7872
40 49.9952 0.016 49.9792
63 49.9472 0.016 49.9312
63 49.9312 0.016 49.9152
34 49.7872 0.0016 49.7856
63 49.9152 0.048 49.8672
34 49.7856 0.0048 49.7808
53 50 0.0048 49.9952
60 49.9744 0.0048 49.9696
62 49.9952 0.0048 49.9904
63 49.8672 0.0048 49.8624
63 49.8624 0.16 49.7024
63 49.7024 0.0016 49.7008
50 50 0.048 49.952
28 50 0.048 49.952
47 50 0.048 49.952
41 50 0.0048 49.9952
26 50 0.048 49.952
51 50 0.0048 49.9952
51 49.9952 0.048 49.9472
26 49.952 0.0048 49.9472
26 49.9472 0.0048 49.9424
35 50 0.0048 49.9952
51 49.9472 0.0048 49.9424
42 50 0.048 49.952
36 50 0.048 49.952
45 49.8844 0.0048 49.8796
56 50 0.048 49.952
50 50 0.048 49.952
28 50 0.048 49.952
28 49.952 0.0048 49.9472
28 49.9472 0.16 49.7872
28 49.7872 0.0016 49.7856
47 50 0.048 49.952
41 50 0.0048 49.9952
26 50 0.048 49.952
51 50 0.0048 49.9952
51 49.9952 0.048 49.9472
26 49.952 0.0048 49.9472
51 49.9472 0.0048 49.9424
42 50 0.048 49.952
36 50 0.048 49.952
45 50 0.0048 49.9952
56 50 0.048 49.952
50 50 0.048 49.952
47 50 0.048 49.952
26 50 0.048 49.952
51 50 0.0048 49.9952
51 49.9952 0.048 49.9472
26 49.952 0.0048 49.9472
37 50 0.0048 49.9952
42 50 0.048 49.952
36 50 0.048 49.952
45 50 0.0048 49.9952
56 50 0.048 49.952
50 50 0.048 49.952
47 50 0.048 49.952
26 50 0.048 49.952
51 50 0.0048 49.9952
26 49.952 0.0048 49.9472
26 49.9472 0.16 49.7872
26 49.7872 0.0016 49.7856
51 49.9952 0.048 49.9472
26 49.7856 0.0048 49.7808
37 50 0.0048 49.9952
42 50 0.048 49.952
36 50 0.048 49.952
45 50 0.0048 49.9952
36 49.952 0.0048 49.9472
36 49.9472 0.16 49.7872
36 49.7872 0.0016 49.7856
56 50 0.048 49.952
55 50 0.048 49.952
55 49.952 0.0048 49.9472
55 49.9472 0.16 49.7872
55 49.7872 0.0016 49.7856
50 50 0.048 49.952
47 50 0.048 49.952
51 50 0.048 49.952
26 49.9501 0.0048 49.9453
37 50 0.0048 49.9952
58 50 0.0048 49.9952
42 50 0.048 49.952
61 50 0.048 49.952
60 50 0.048 49.952
49 50 0.0048 49.9952
53 50 0.0048 49.9952
53 49.9952 0.048 49.9472
62 50 0.0048 49.9952
62 49.9952 0.048 49.9472
64 50 0.0048 49.9952
64 49.9952 0.048 49.9472
60 49.952 0.0192 49.9328
60 49.9328 0.16 49.7728
60 49.7728 0.0016 49.7712
56 50 0.048 49.952
50 50 0.048 49.952
47 50 0.048 49.952
51 50 0.048 49.952
26 50 0.0048 49.9952
42 50 0.048 49.952
35 50 0.048 49.952
54 50 0.0048 49.9952
37 50 0.048 49.952
37 49.952 0.0048 49.9472
37 49.9472 0.16 49.7872
37 49.7872 0.0016 49.7856
61 50 0.048 49.952
61 49.952 0.0048 49.9472
61 49.9472 0.16 49.7872
61 49.7872 0.0016 49.7856
53 50 0.048 49.952
60 49.9952 0.0048 49.9904
63 50 0.0048 49.9952
64 50 0.0048 49.9952
64 49.9952 0.048 49.9472
53 49.952 0.0048 49.9472
53 49.9472 0.16 49.7872
60 49.9904 0.016 49.9744
63 49.9952 0.016 49.9792
64 49.9472 0.016 49.9312
64 49.9312 0.016 49.9152
53 49.7872 0.0016 49.7856
64 49.9152 0.048 49.8672
49 50 0.0048 49.9952
53 49.7856 0.0048 49.7808
60 49.9744 0.0048 49.9696
64 49.8672 0.0048 49.8624
64 49.8624 0.16 49.7024
64 49.7024 0.0016 49.7008
56 50 0.048 49.952
63 49.9792 0.048 49.9312
53 49.7808 0.0048 49.776
50 50 0.048 49.952
47 50 0.048 49.952
51 50 0.048 49.952
26 50 0.0048 49.9952
42 50 0.048 49.952
35 50 0.048 49.952
54 50 0.0048 49.9952
35 49.952 0.0048 49.9472
35 49.9472 0.16 49.7872
35 49.7872 0.0016 49.7856
64 50 0.048 49.952
49 49.9952 0.0048 49.9904
60 50 0.0048 49.9952
63 50 0.0048 49.9952
64 49.952 0.0048 49.9472
64 49.9472 0.16 49.7872
64 49.7872 0.0016 49.7856
56 50 0.048 49.952
63 49.9952 0.048 49.9472
53 50 0.0048 49.9952
60 49.9952 0.0048 49.9904
64 49.7856 0.0048 49.7808
64 49.7808 0.048 49.7328
63 49.9472 0.0048 49.9424
63 49.9424 0.16 49.7824
53 49.9952 0.016 49.9792
60 49.9904 0.016 49.9744
64 49.7328 0.016 49.7168
64 49.7168 0.016 49.7008
63 49.7824 0.0016 49.7808
64 49.7008 0.048 49.6528
60 49.9744 0.0048 49.9696
63 49.7808 0.0048 49.776
64 49.6528 0.0048 49.648
64 49.648 0.16 49.488
64 49.488 0.0016 49.4864
50 50 0.048 49.952
47 50 0.048 49.952
51 50 0.048 49.952
26 50 0.0048 49.9952
42 50 0.048 49.952
43 50 0.048 49.952
52 50 0.048 49.952
57 50 0.048 49.952
32 50 0.0048 49.9952
56 50 0.048 49.952
50 50 0.048 49.952
47 50 0.048 49.952
51 50 0.048 49.952
42 50 0.048 49.952
43 50 0.048 49.952
43 49.952 0.0048 49.9472
43 49.9472 0.16 49.7872
43 49.7872 0.0016 49.7856
52 50 0.048 49.952
57 50 0.048 49.952
32 50 0.0048 49.9952
57 49.952 0.0048 49.9472
57 49.9472 0.16 49.7872
57 49.7872 0.0016 49.7856
56 50 0.048 49.952
50 50 0.048 49.952
47 50 0.048 49.952
41 50 0.0048 49.9952
51 50 0.048 49.952
42 50 0.048 49.952
52 50 0.048 49.952
56 50 0.048 49.952
50 50 0.048 49.952
47 50 0.048 49.952
51 50 0.048 49.952
26 50 0.0048 49.9952
39 50 0.0048 49.9952
42 50 0.048 49.952
52 50 0.048 49.952
27 50 0.0048 49.9952
56 50 0.048 49.952
50 50 0.048 49.952
47 50 0.048 49.952
41 50 0.0048 49.9952
51 50 0.048 49.952
39 50 0.0048 49.9952
42 50 0.048 49.952
25 50 0.048 49.952
52 50 0.048 49.952
27 50 0.0048 49.9952
56 50 0.048 49.952
50 50 0.048 49.952
47 50 0.048 49.952
47 49.952 0.0048 49.9472
47 49.9472 0.16 49.7872
47 49.7872 0.0016 49.7856
51 50 0.048 49.952
39 50 0.0048 49.9952
42 50 0.048 49.952
25 50 0.048 49.952
52 50 0.048 49.952
56 50 0.048 49.952
50 50 0.048 49.952
48 50 0.048 49.952
51 50 0.048 49.952
42 50 0.048 49.952
25 50 0.048 49.952
64 50 0.0048 49.9952
52 50 0.048 49.952
56 50 0.048 49.952
50 50 0.048 49.952
48 50 0.048 49.952
51 50 0.048 49.952
42 50 0.048 49.952
25 50 0.048 49.952
64 50 0.0048 49.9952
52 50 0.048 49.952
56 50 0.048 49.952
50 50 0.048 49.952
48 50 0.048 49.952
51 50 0.048 49.952
32 50 0.0048 49.9952
57 50 0.0048 49.9952
42 50 0.048 49.952
25 50 0.048 49.952
64 50 0.0048 49.9952
52 50 0.048 49.952
56 50 0.048 49.952
50 50 0.048 49.952
48 50 0.048 49.952
51 50 0.048 49.952
26 50 0.0048 49.9952
32 50 0.0048 49.9952
57 50 0.0048 49.9952
59 50 0.0048 49.9952
33 50 0.048 49.952
42 50 0.048 49.952
25 50 0.048 49.952
52 50 0.048 49.952
56 50 0.048 49.952
50 50 0.048 49.952
48 50 0.048 49.952
51 50 0.048 49.952
26 50 0.0048 49.9952
32 50 0.0048 49.9952
38 50 0.0048 49.9952
57 50 0.0048 49.9952
59 50 0.0048 49.9952
33 50 0.048 49.952
42 50 0.048 49.952
25 50 0.048 49.952
52 50 0.048 49.952
56 50 0.048 49.952
50 50 0.048 49.952
48 50 0.048 49.952
51 50 0.048 49.952
26 50 0.0048 49.9952
38 50 0.0048 49.9952
41 50 0.0048 49.9952
44 50 0.0048 49.9952
57 50 0.0048 49.9952
59 50 0.0048 49.9952
33 50 0.048 49.952
43 50 0.0048 49.9952
42 50 0.048 49.952
25 50 0.048 49.952
52 50 0.048 49.952
58 50 0.048 49.952
56 50 0.048 49.952
50 50 0.048 49.952
48 50 0.048 49.952
51 50 0.048 49.952
26 50 0.0048 49.9952
51 49.952 0.0048 49.9472
51 49.9472 0.16 49.7872
51 49.7872 0.0016 49.7856
38 50 0.0048 49.9952
41 50 0.0048 49.9952
44 50 0.0048 49.9952
47 50 0.0048 49.9952
59 50 0.0048 49.9952
33 50 0.048 49.952
54 50 0.048 49.952
35 50 0.0048 49.9952
35 49.9952 0.048 49.9472
54 49.952 0.0048 49.9472
54 49.9472 0.16 49.7872
35 49.9472 0.016 49.9312
35 49.9312 0.016 49.9152
54 49.7872 0.0016 49.7856
35 49.9152 0.048 49.8672
54 49.7856 0.0048 49.7808
35 49.8672 0.0048 49.8624
35 49.8624 0.16 49.7024
35 49.7024 0.0016 49.7008
42 50 0.048 49.952
25 50 0.048 49.952
40 50 0.048 49.952
40 49.952 0.0048 49.9472
40 49.9472 0.16 49.7872
40 49.7872 0.0016 49.7856
52 50 0.048 49.952
58 50 0.048 49.952
56 50 0.048 49.952
50 50 0.048 49.952
48 50 0.048 49.952
38 50 0.0048 49.9952
41 50 0.0048 49.9952
44 50 0.0048 49.9952
46 50 0.0048 49.9952
47 50 0.0048 49.9952
33 50 0.048 49.952
42 50 0.048 49.952
29 50 0.048 49.952
45 50 0.0048 49.9952
25 50 0.048 49.952
52 50 0.048 49.952
58 50 0.048 49.952
56 50 0.048 49.952
50 50 0.048 49.952
48 50 0.048 49.952
41 50 0.0048 49.9952
42 49.952 0.0048 49.9472
46 50 0.0048 49.9952
47 50 0.0048 49.9952
33 50 0.048 49.952
43 50 0.0048 49.9952
44 50 0.048 49.952
41 49.9952 0.0048 49.9904
41 49.9904 0.048 49.9424
44 49.952 0.0048 49.9472
44 49.9472 0.16 49.7872
41 49.9424 0.016 49.9264
41 49.9264 0.016 49.9104
44 49.7872 0.0016 49.7856
41 49.9104 0.048 49.8624
44 49.7856 0.0048 49.7808
41 49.8624 0.0048 49.8576
41 49.8576 0.16 49.6976
41 49.6976 0.0016 49.696
42 50 0.048 49.952
29 50 0.048 49.952
45 50 0.0048 49.9952
25 50 0.048 49.952
27 50 0.0048 49.9952
41 49.9254 0.048 49.8774
44 49.7808 0.0048 49.776
41 49.8774 0.0048 49.8726
41 49.8726 0.16 49.7126
41 49.7126 0.0016 49.711
52 50 0.048 49.952
58 50 0.048 49.952
56 50 0.048 49.952
50 50 0.048 49.952
48 50 0.048 49.952
42 49.952 0.0048 49.9472
46 50 0.0048 49.9952
47 50 0.0048 49.9952
33 50 0.048 49.952
42 50 0.048 49.952
29 50 0.048 49.952
45 50 0.0048 49.9952
25 50 0.048 49.952
27 50 0.0048 49.9952
52 50 0.048 49.952
58 50 0.048 49.952
56 50 0.048 49.952
50 50 0.048 49.952
48 50 0.048 49.952
42 49.952 0.0048 49.9472
46 50 0.0048 49.9952
33 50 0.048 49.952
42 50 0.048 49.952
29 50 0.048 49.952
45 50 0.0048 49.9952
25 50 0.048 49.952
27 50 0.0048 49.9952
52 50 0.048 49.952
58 50 0.048 49.952
56 50 0.048 49.952
50 50 0.048 49.952
48 50 0.048 49.952
48 49.952 0.0048 49.9472
48 49.9472 0.16 49.7872
48 49.7872 0.0016 49.7856
42 49.952 0.0048 49.9472
33 50 0.048 49.952
42 50 0.048 49.952
42 49.952 0.0048 49.9472
42 49.9472 0.16 49.7872
42 49.7872 0.0016 49.7856
29 50 0.048 49.952
45 50 0.0048 49.9952
25 50 0.048 49.952
52 50 0.048 49.952
58 50 0.048 49.952
56 50 0.048 49.952
50 50 0.048 49.952
33 50 0.048 49.952
29 50 0.048 49.952
45 50 0.0048 49.9952
25 50 0.048 49.952
52 50 0.048 49.952
58 50 0.048 49.952
56 50 0.048 49.952
56 49.952 0.0048 49.9472
56 49.9472 0.16 49.7872
56 49.7872 0.0016 49.7856
50 50 0.048 49.952
33 50 0.048 49.952
29 50 0.048 49.952
45 50 0.0048 49.9952
25 50 0.048 49.952
52 50 0.048 49.952
31 50 0.048 49.952
58 50 0.048 49.952
50 50 0.048 49.952
29 50 0.0048 49.9952
36 50 0.0048 49.9952
45 50 0.0048 49.9952
33 50 0.048 49.952
29 49.9952 0.048 49.9472
45 49.9952 0.0048 49.9904
38 50 0.048 49.952
38 49.952 0.0048 49.9472
38 49.9472 0.16 49.7872
38 49.7872 0.0016 49.7856
25 50 0.048 49.952
27 50 0.0048 49.9952
32 50 0.048 49.952
57 50 0.0048 49.9952
57 49.9952 0.048 49.9472
32 49.952 0.0048 49.9472
32 49.9472 0.16 49.7872
57 49.9472 0.016 49.9312
57 49.9312 0.016 49.9152
32 49.7872 0.0016 49.7856
57 49.9152 0.048 49.8672
32 49.7856 0.0048 49.7808
52 50 0.048 49.952
27 50 0.0048 49.9952
31 50 0.048 49.952
31 49.952 0.0048 49.9472
31 49.9472 0.16 49.7872
31 49.7872 0.0016 49.7856
58 50 0.048 49.952
50 50 0.048 49.952
29 50 0.0048 49.9952
36 50 0.0048 49.9952
45 50 0.0048 49.9952
56 50 0.0048 49.9952
33 50 0.048 49.952
33 49.952 0.0048 49.9472
33 49.9472 0.16 49.7872
33 49.7872 0.0016 49.7856
29 49.9952 0.048 49.9472
45 49.9952 0.0048 49.9904
25 50 0.048 49.952
27 49.9952 0.0048 49.9904
57 49.999 0.048 49.951
32 49.987 0.0048 49.9822
52 50 0.048 49.952
27 50 0.0048 49.9952
52 49.952 0.0048 49.9472
52 49.9472 0.16 49.7872
52 49.7872 0.0016 49.7856
58 50 0.048 49.952
50 50 0.048 49.952
62 50 0.048 49.952
34 50 0.0048 49.9952
53 50 0.0048 49.9952
62 49.952 0.0048 49.9472
62 49.9472 0.16 49.7872
62 49.7872 0.0016 49.7856
29 50 0.0048 49.9952
36 50 0.0048 49.9952
56 50 0.0048 49.9952
29 49.9952 0.048 49.9472
45 50 0.0048 49.9952
25 50 0.048 49.952
27 49.9952 0.0048 49.9904
57 50 0.048 49.952
32 50 0.0048 49.9952
28 50 0.048 49.952
37 50 0.048 49.952
58 50 0.048 49.952
50 50 0.048 49.952
31 50 0.0048 49.9952
56 50 0.0048 49.9952
30 50 0.048 49.952
36 50 0.048 49.952
45 50 0.0048 49.9952
29 50 0.048 49.952
45 49.9952 0.0048 49.9904
25 50 0.048 49.952
57 50 0.048 49.952
32 50 0.0048 49.9952
28 50 0.048 49.952
28 49.952 0.0048 49.9472
28 49.9472 0.16 49.7872
28 49.7872 0.0016 49.7856
34 50 0.048 49.952
37 50 0.048 49.952
58 50 0.048 49.952
50 50 0.048 49.952
31 50 0.0048 49.9952
31 49.9952 0.048 49.9472
50 49.952 0.0048 49.9472
50 49.9472 0.16 49.7872
31 49.9472 0.016 49.9312
31 49.9312 0.016 49.9152
50 49.7872 0.0016 49.7856
31 49.9152 0.048 49.8672
50 49.7856 0.0048 49.7808
31 49.8672 0.0048 49.8624
50 49.7808 0.0048 49.776
55 50 0.0048 49.9952
56 50 0.0048 49.9952
30 50 0.048 49.952
40 50 0.0048 49.9952
36 50 0.048 49.952
29 50 0.0048 49.9952
45 50 0.0048 49.9952
29 49.9952 0.048 49.9472
36 49.952 0.0048 49.9472
45 49.9952 0.0048 49.9904
25 50 0.048 49.952
25 49.952 0.0048 49.9472
25 49.9472 0.16 49.7872
25 49.7872 0.0016 49.7856
57 50 0.048 49.952
32 50 0.0048 49.9952
34 50 0.048 49.952
37 50 0.048 49.952
58 50 0.048 49.952
58 49.952 0.0048 49.9472
58 49.9472 0.16 49.7872
58 49.7872 0.0016 49.7856
31 50 0.048 49.952
50 49.9605 0.0048 49.9557
31 49.952 0.0048 49.9472
50 49.9557 0.0048 49.9509
55 50 0.0048 49.9952
30 50 0.048 49.952
40 50 0.0048 49.9952
36 50 0.048 49.952
29 50 0.0048 49.9952
45 50 0.0048 49.9952
29 49.9952 0.048 49.9472
36 49.952 0.0048 49.9472
45 49.9952 0.0048 49.9904
57 50 0.048 49.952
32 50 0.0048 49.9952
59 50 0.0048 49.9952
59 49.9952 0.048 49.9472
57 49.952 0.0048 49.9472
57 49.9472 0.16 49.7872
59 49.9472 0.016 49.9312
59 49.9312 0.016 49.9152
57 49.7872 0.0016 49.7856
59 49.9152 0.048 49.8672
57 49.7856 0.0048 49.7808
34 50 0.048 49.952
63 50 0.0048 49.9952
63 49.9952 0.048 49.9472
34 49.952 0.0048 49.9472
34 49.9472 0.16 49.7872
63 49.9472 0.016 49.9312
63 49.9312 0.016 49.9152
34 49.7872 0.0016 49.7856
63 49.9152 0.048 49.8672
34 49.7856 0.0048 49.7808
60 50 0.0048 49.9952
64 50 0.0048 49.9952
64 49.9952 0.048 49.9472
63 49.8672 0.0048 49.8624
63 49.8624 0.16 49.7024
60 49.9952 0.016 49.9792
64 49.9472 0.016 49.9312
64 49.9312 0.016 49.9152
63 49.7024 0.0016 49.7008
64 49.9152 0.048 49.8672
60 49.9792 0.0048 49.9744
63 49.7008 0.0048 49.696
37 50 0.048 49.952
37 49.952 0.0048 49.9472
37 49.9472 0.16 49.7872
37 49.7872 0.0016 49.7856
31 50 0.048 49.952
31 49.952 0.0048 49.9472
55 50 0.0048 49.9952
30 50 0.048 49.952
40 50 0.0048 49.9952
36 50 0.048 49.952
45 50 0.0048 49.9952
29 50 0.048 49.952
45 49.9952 0.0048 49.9904
59 49.9988 0.048 49.9508
57 50 0.0048 49.9952
27 50 0.048 49.952
64 50 0.048 49.952
60 50 0.0048 49.9952
63 50 0.0048 49.9952
31 50 0.048 49.952
50 50 0.0048 49.9952
55 50 0.0048 49.9952
61 50 0.0048 49.9952
30 50 0.048 49.952
40 50 0.0048 49.9952
62 50 0.0048 49.9952
62 49.9952 0.048 49.9472
30 49.952 0.0048 49.9472
30 49.9472 0.16 49.7872
40 49.9952 0.016 49.9792
62 49.9472 0.016 49.9312
62 49.9312 0.016 49.9152
30 49.7872 0.0016 49.7856
62 49.9152 0.048 49.8672
30 49.7856 0.0048 49.7808
53 50 0.0048 49.9952
63 49.9952 0.0048 49.9904
36 50 0.048 49.952
29 50 0.048 49.952
45 50 0.0048 49.9952
59 50 0.048 49.952
57 50 0.0048 49.9952
39 50 0.048 49.952
27 50 0.048 49.952
64 50 0.048 49.952
60 50 0.0048 49.9952
63 50 0.0048 49.9952
31 50 0.048 49.952
50 50 0.0048 49.9952
61 50 0.0048 49.9952
62 50 0.048 49.952
30 50 0.0048 49.9952
34 50 0.0048 49.9952
53 50 0.0048 49.9952
62 49.952 0.0048 49.9472
62 49.9472 0.16 49.7872
62 49.7872 0.0016 49.7856
36 50 0.048 49.952
29 50 0.048 49.952
45 50 0.0048 49.9952
59 50 0.048 49.952
57 50 0.0048 49.9952
47 50 0.048 49.952
47 49.952 0.0048 49.9472
47 49.9472 0.16 49.7872
47 49.7872 0.0016 49.7856
39 50 0.048 49.952
27 50 0.048 49.952
64 50 0.048 49.952
49 50 0.0048 49.9952
60 50 0.0048 49.9952
63 50 0.0048 49.9952
31 50 0.048 49.952
50 50 0.0048 49.9952
28 50 0.0048 49.9952
61 50 0.0048 49.9952
36 50 0.048 49.952
29 50 0.0048 49.9952
45 50 0.0048 49.9952
29 49.9952 0.048 49.9472
36 49.952 0.0048 49.9472
45 49.9952 0.0048 49.9904
59 50 0.048 49.952
57 50 0.0048 49.9952
39 50 0.048 49.952
27 50 0.048 49.952
25 50 0.0048 49.9952
64 50 0.048 49.952
49 50 0.0048 49.9952
63 50 0.0048 49.9952
31 50 0.048 49.952
50 50 0.0048 49.9952
28 50 0.0048 49.9952
33 50 0.0048 49.9952
43 50 0.0048 49.9952
61 50 0.0048 49.9952
60 50 0.048 49.952
49 50 0.0048 49.9952
53 50 0.0048 49.9952
53 49.9952 0.048 49.9472
60 49.952 0.0048 49.9472
60 49.9472 0.16 49.7872
49 49.9952 0.016 49.9792
53 49.9472 0.016 49.9312
53 49.9312 0.016 49.9152
60 49.7872 0.0016 49.7856
53 49.9152 0.048 49.8672
60 49.7856 0.0048 49.7808
62 50 0.0048 49.9952
53 49.8672 0.0048 49.8624
53 49.8624 0.16 49.7024
53 49.7024 0.0016 49.7008
36 50 0.048 49.952
29 50 0.0048 49.9952
45 50 0.0048 49.9952
29 49.9952 0.048 49.9472
36 49.952 0.0048 49.9472
45 49.9952 0.0048 49.9904
59 50 0.048 49.952
57 50 0.0048 49.9952
46 50 0.048 49.952
47 50 0.0048 49.9952
39 50 0.048 49.952
27 50 0.048 49.952
25 50 0.0048 49.9952
64 50 0.048 49.952
49 49.9792 0.0048 49.9744
31 50 0.048 49.952
50 50 0.0048 49.9952
28 50 0.0048 49.9952
33 50 0.0048 49.9952
43 50 0.0048 49.9952
36 50 0.048 49.952
29 50 0.0048 49.9952
45 50 0.0048 49.9952
29 49.9952 0.048 49.9472
36 49.952 0.0048 49.9472
45 49.9952 0.0048 49.9904
59 50 0.048 49.952
57 50 0.0048 49.9952
46 50 0.048 49.952
39 50 0.048 49.952
27 50 0.048 49.952
25 50 0.0048 49.9952
52 50 0.0048 49.9952
52 49.9952 0.048 49.9472
27 49.952 0.0048 49.9472
27 49.9472 0.16 49.7872
25 49.9952 0.016 49.9792
52 49.9472 0.016 49.9312
52 49.9312 0.016 49.9152
27 49.7872 0.0016 49.7856
52 49.9152 0.048 49.8672
27 49.7856 0.0048 49.7808
64 50 0.048 49.952
31 50 0.048 49.952
50 50 0.0048 49.9952
33 50 0.0048 49.9952
40 50 0.0048 49.9952
36 50 0.048 49.952
29 50 0.0048 49.9952
45 50 0.0048 49.9952
29 49.9952 0.048 49.9472
36 49.952 0.0048 49.9472
45 49.9952 0.0048 49.9904
59 50 0.048 49.952
57 50 0.0048 49.9952
46 50 0.048 49.952
39 50 0.048 49.952
52 49.9978 0.048 49.9498
27 49.8851 0.0048 49.8803
55 50 0.048 49.952
64 50 0.048 49.952
49 50 0.0048 49.9952
31 50 0.048 49.952
50 50 0.0048 49.9952
30 50 0.0048 49.9952
33 50 0.0048 49.9952
34 50 0.0048 49.9952
40 50 0.0048 49.9952
62 50 0.0048 49.9952
36 50 0.048 49.952
29 50 0.0048 49.9952
45 50 0.0048 49.9952
29 49.9952 0.048 49.9472
36 49.952 0.0048 49.9472
45 49.9952 0.0048 49.9904
59 50 0.048 49.952
57 50 0.0048 49.9952
46 50 0.048 49.952
39 50 0.048 49.952
52 50 0.048 49.952
27 50 0.0048 49.9952
55 50 0.048 49.952
31 50 0.0048 49.9952
55 49.952 0.0048 49.9472
55 49.9472 0.16 49.7872
55 49.7872 0.0016 49.7856
64 50 0.048 49.952
31 49.9952 0.048 49.9472
50 50 0.0048 49.9952
55 49.8972 0.0048 49.8924
55 49.8924 0.048 49.8444
31 49.9472 0.0048 49.9424
31 49.9424 0.16 49.7824
55 49.8444 0.016 49.8284
55 49.8284 0.016 49.8124
31 49.7824 0.0016 49.7808
55 49.8124 0.048 49.7644
31 49.7808 0.0048 49.776
55 49.7644 0.0048 49.7596
55 49.7596 0.16 49.5996
55 49.5996 0.0016 49.598
26 50 0.048 49.952
54 50 0.0048 49.9952
26 49.952 0.0048 49.9472
26 49.9472 0.16 49.7872
26 49.7872 0.0016 49.7856
30 50 0.0048 49.9952
34 50 0.0048 49.9952
40 50 0.0048 49.9952
49 50 0.0048 49.9952
53 50 0.0048 49.9952
60 50 0.0048 49.9952
62 50 0.0048 49.9952
61 50 0.048 49.952
61 49.952 0.0048 49.9472
61 49.9472 0.16 49.7872
61 49.7872 0.0016 49.7856
36 50 0.048 49.952
29 50 0.0048 49.9952
45 50 0.0048 49.9952
29 49.9952 0.048 49.9472
36 49.952 0.0048 49.9472
45 49.9952 0.0048 49.9904
59 50 0.048 49.952
57 50 0.0048 49.9952
46 50 0.048 49.952
39 50 0.048 49.952
52 50 0.048 49.952
27 50 0.0048 49.9952
64 50 0.048 49.952
49 50 0.048 49.952
53 50 0.0048 49.9952
60 49.9952 0.0048 49.9904
49 49.952 0.0048 49.9472
49 49.9472 0.16 49.7872
49 49.7872 0.0016 49.7856
30 50 0.0048 49.9952
34 50 0.0048 49.9952
40 50 0.0048 49.9952
49 49.7856 0.0048 49.7808
53 49.9952 0.0048 49.9904
60 50 0.0048 49.9952
62 50 0.0048 49.9952
63 50 0.0048 49.9952
36 50 0.048 49.952
29 50 0.0048 49.9952
45 50 0.0048 49.9952
29 49.9952 0.048 49.9472
36 49.952 0.0048 49.9472
45 49.9952 0.0048 49.9904
59 50 0.048 49.952
46 50 0.048 49.952
39 50 0.048 49.952
52 50 0.048 49.952
27 50 0.0048 49.9952
64 50 0.048 49.952
53 49.9904 0.0048 49.9856
53 49.9856 0.048 49.9376
64 49.952 0.0048 49.9472
64 49.9472 0.16 49.7872
53 49.9376 0.016 49.9216
53 49.9216 0.016 49.9056
64 49.7872 0.0016 49.7856
53 49.9056 0.048 49.8576
34 50 0.0048 49.9952
49 49.7808 0.0048 49.776
64 49.7856 0.0048 49.7808
45 50 0.048 49.952
25 50 0.0048 49.9952
49 50 0.0048 49.9952
53 50 0.0048 49.9952
60 50 0.0048 49.9952
63 50 0.0048 49.9952
64 49.7808 0.0048 49.776
36 50 0.048 49.952
29 50 0.0048 49.9952
29 49.9952 0.048 49.9472
36 49.952 0.0048 49.9472
45 49.952 0.0048 49.9472
59 50 0.048 49.952
46 50 0.048 49.952
39 50 0.048 49.952
52 50 0.048 49.952
27 50 0.0048 49.9952
53 49.9952 0.048 49.9472
34 50 0.0048 49.9952
49 49.9952 0.0048 49.9904
64 50 0.0048 49.9952
45 50 0.048 49.952
29 50 0.0048 49.9952
25 50 0.0048 49.9952
27 49.9952 0.0048 49.9904
49 50 0.0048 49.9952
52 49.952 0.0048 49.9472
60 50 0.0048 49.9952
36 50 0.048 49.952
29 49.9952 0.0048 49.9904
29 49.9904 0.048 49.9424
36 49.952 0.0048 49.9472
45 49.952 0.0048 49.9472
57 50 0.048 49.952
59 50 0.048 49.952
59 49.952 0.0048 49.9472
59 49.9472 0.16 49.7872
59 49.7872 0.0016 49.7856
46 50 0.048 49.952
47 50 0.0048 49.9952
39 50 0.048 49.952
52 50 0.048 49.952
53 50 0.048 49.952
34 50 0.0048 49.9952
49 49.9952 0.0048 49.9904
49 49.9904 0.048 49.9424
64 50 0.0048 49.9952
53 49.952 0.0048 49.9472
53 49.9472 0.16 49.7872
49 49.9424 0.016 49.9264
49 49.9264 0.016 49.9104
53 49.7872 0.0016 49.7856
49 49.9104 0.048 49.8624
53 49.7856 0.0048 49.7808
60 49.9952 0.0048 49.9904
49 49.8624 0.0048 49.8576
49 49.8576 0.16 49.6976
49 49.6976 0.0016 49.696
45 50 0.048 49.952
29 50 0.0048 49.9952
45 49.952 0.0048 49.9472
45 49.9472 0.16 49.7872
45 49.7872 0.0016 49.7856
25 50 0.0048 49.9952
27 50 0.0048 49.9952
52 49.952 0.0048 49.9472
36 50 0.048 49.952
29 49.9952 0.0048 49.9904
29 49.9904 0.048 49.9424
36 49.952 0.0048 49.9472
45 49.7856 0.0048 49.7808
57 50 0.048 49.952
46 50 0.048 49.952
47 50 0.0048 49.9952
39 50 0.048 49.952
52 50 0.048 49.952
48 50 0.048 49.952
48 49.952 0.0048 49.9472
48 49.9472 0.16 49.7872
48 49.7872 0.0016 49.7856
36 50 0.048 49.952
29 50 0.0048 49.9952
45 50 0.0048 49.9952
29 49.9952 0.048 49.9472
36 49.952 0.0048 49.9472
45 49.9952 0.0048 49.9904
57 50 0.048 49.952
46 50 0.048 49.952
47 50 0.0048 49.9952
39 50 0.048 49.952
39 49.952 0.0048 49.9472
39 49.9472 0.16 49.7872
39 49.7872 0.0016 49.7856
52 50 0.048 49.952
36 50 0.048 49.952
29 50 0.0048 49.9952
45 50 0.0048 49.9952
29 49.9952 0.048 49.9472
36 49.952 0.0048 49.9472
45 49.9952 0.0048 49.9904
57 50 0.048 49.952
46 50 0.048 49.952
47 50 0.0048 49.9952
52 50 0.048 49.952
48 50 0.0048 49.9952
36 50 0.048 49.952
29 50 0.0048 49.9952
45 50 0.0048 49.9952
29 49.9952 0.048 49.9472
36 49.952 0.0048 49.9472
45 49.9952 0.0048 49.9904
57 50 0.048 49.952
46 50 0.048 49.952
52 50 0.048 49.952
35 50 0.048 49.952
48 50 0.0048 49.9952
54 50 0.0048 49.9952
36 50 0.048 49.952
29 50 0.0048 49.9952
29 49.9952 0.048 49.9472
36 49.952 0.0048 49.9472
45 50 0.0048 49.9952
57 50 0.048 49.952
32 50 0.0048 49.9952
59 50 0.0048 49.9952
59 49.9952 0.048 49.9472
57 49.952 0.0048 49.9472
57 49.9472 0.16 49.7872
32 49.9952 0.016 49.9792
59 49.9472 0.016 49.9312
59 49.9312 0.016 49.9152
57 49.7872 0.0016 49.7856
59 49.9152 0.048 49.8672
57 49.7856 0.0048 49.7808
46 50 0.048 49.952
52 50 0.048 49.952
35 50 0.048 49.952
54 50 0.0048 49.9952
54 49.9952 0.048 49.9472
35 49.952 0.0048 49.9472
35 49.9472 0.16 49.7872
54 49.9472 0.016 49.9312
54 49.9312 0.016 49.9152
35 49.7872 0.0016 49.7856
54 49.9152 0.048 49.8672
35 49.7856 0.0048 49.7808
62 50 0.048 49.952
63 50 0.0048 49.9952
63 49.9952 0.048 49.9472
62 49.952 0.0096 49.9424
62 49.9424 0.16 49.7824
62 49.7824 0.0016 49.7808
26 50 0.0048 49.9952
35 49.7808 0.0048 49.776
48 50 0.0048 49.9952
54 49.8672 0.0048 49.8624
36 50 0.048 49.952
29 50 0.0048 49.9952
29 49.9952 0.048 49.9472
36 49.952 0.0048 49.9472
45 50 0.0048 49.9952
59 50 0.048 49.952
57 50 0.0048 49.9952
46 50 0.048 49.952
47 50 0.0048 49.9952
52 50 0.048 49.952
54 50 0.048 49.952
54 49.952 0.0048 49.9472
54 49.9472 0.16 49.7872
54 49.7872 0.0016 49.7856
32 50 0.048 49.952
26 50 0.0048 49.9952
35 49.898 0.0048 49.8932
48 50 0.0048 49.9952
51 50 0.0048 49.9952
54 49.7856 0.0048 49.7808
53 50 0.048 49.952
30 50 0.0048 49.9952
64 50 0.0048 49.9952
36 50 0.048 49.952
29 50 0.0048 49.9952
36 49.952 0.0048 49.9472
36 49.9472 0.16 49.7872
36 49.7872 0.0016 49.7856
29 49.9952 0.048 49.9472
36 49.7856 0.0048 49.7808
45 50 0.0048 49.9952
59 50 0.048 49.952
57 50 0.0048 49.9952
46 50 0.048 49.952
52 50 0.048 49.952
52 49.952 0.0048 49.9472
52 49.9472 0.16 49.7872
52 49.7872 0.0016 49.7856
32 50 0.048 49.952
26 50 0.0048 49.9952
35 50 0.0048 49.9952
51 50 0.0048 49.9952
54 50 0.0048 49.9952
53 50 0.048 49.952
30 50 0.0048 49.9952
64 50 0.0048 49.9952
29 50 0.048 49.952
36 49.8835 0.0048 49.8787
59 50 0.048 49.952
57 50 0.0048 49.9952
46 50 0.048 49.952
46 49.952 0.0048 49.9472
46 49.9472 0.16 49.7872
46 49.7872 0.0016 49.7856
33 50 0.048 49.952
32 50 0.048 49.952
26 50 0.0048 49.9952
51 50 0.0048 49.9952
53 50 0.048 49.952
30 50 0.0048 49.9952
64 50 0.0048 49.9952
29 50 0.048 49.952
36 50 0.0048 49.9952
59 50 0.048 49.952
57 50 0.0048 49.9952
50 50 0.048 49.952
31 50 0.0048 49.9952
31 49.9952 0.048 49.9472
50 49.952 0.0096 49.9424
50 49.9424 0.16 49.7824
50 49.7824 0.0016 49.7808
33 50 0.048 49.952
43 50 0.048 49.952
28 50 0.0048 49.9952
32 50 0.048 49.952
32 49.952 0.0048 49.9472
32 49.9472 0.16 49.7872
32 49.7872 0.0016 49.7856
37 50 0.0048 49.9952
51 50 0.0048 49.9952
53 50 0.048 49.952
30 50 0.0048 49.9952
29 50 0.048 49.952
36 50 0.0048 49.9952
45 50 0.0048 49.9952
59 50 0.048 49.952
57 50 0.0048 49.9952
33 50 0.048 49.952
28 50 0.048 49.952
43 50 0.048 49.952
43 49.952 0.0048 49.9472
43 49.9472 0.16 49.7872
43 49.7872 0.0016 49.7856
37 50 0.0048 49.9952
58 50 0.0048 49.9952
53 50 0.048 49.952
30 50 0.0048 49.9952
29 50 0.048 49.952
36 50 0.0048 49.9952
45 50 0.0048 49.9952
29 49.952 0.0048 49.9472
29 49.9472 0.16 49.7872
29 49.7872 0.0016 49.7856
59 50 0.048 49.952
52 50 0.048 49.952
52 49.952 0.0048 49.9472
52 49.9472 0.16 49.7872
52 49.7872 0.0016 49.7856
63 50 0.048 49.952
49 50 0.0048 49.9952
49 49.9952 0.048 49.9472
63 49.952 0.0048 49.9472
63 49.9472 0.16 49.7872
49 49.9472 0.016 49.9312
49 49.9312 0.016 49.9152
63 49.7872 0.0016 49.7856
49 49.9152 0.048 49.8672
63 49.7856 0.0048 49.7808
64 50 0.0048 49.9952
33 50 0.048 49.952
28 50 0.048 49.952
37 50 0.0048 49.9952
58 50 0.0048 49.9952
53 50 0.048 49.952
30 50 0.0048 49.9952
34 50 0.0048 49.9952
49 50 0.0048 49.9952
59 50 0.048 49.952
49 49.9952 0.048 49.9472
53 49.952 0.0048 49.9472
63 50 0.0048 49.9952
64 50 0.0048 49.9952
33 50 0.048 49.952
28 50 0.048 49.952
56 50 0.048 49.952
31 50 0.048 49.952
50 50 0.0048 49.9952
31 49.952 0.0048 49.9472
31 49.9472 0.16 49.7872
31 49.7872 0.0016 49.7856
37 50 0.0048 49.9952
58 50 0.0048 49.9952
53 50 0.048 49.952
30 50 0.0048 49.9952
49 50 0.0048 49.9952
59 50 0.048 49.952
49 49.9952 0.048 49.9472
53 49.952 0.0048 49.9472
63 50 0.0048 49.9952
64 50 0.0048 49.9952
33 50 0.048 49.952
28 50 0.048 49.952
56 50 0.048 49.952
58 50 0.0048 49.9952
53 50 0.048 49.952
49 50 0.0048 49.9952
59 50 0.048 49.952
37 50 0.048 49.952
49 49.9952 0.048 49.9472
53 49.952 0.0048 49.9472
64 50 0.0048 49.9952
33 50 0.048 49.952
28 50 0.048 49.952
56 50 0.048 49.952
