52 2244 1.00122
53 2245 1.02257
30 2246 1.02373
71 2247 1.02845
32 2249 1.03652
50 2251 1.14467
34 2252 1.16062
26 2254 1.31347
56 2255 1.33258
49 2256 1.33312
48 2258 1.33984
45 2259 1.36717
65 2260 1.41599
36 2262 1.45336
28 2263 1.48143
38 2264 1.4985
46 2265 1.51205
55 2266 1.53146
54 2268 1.57099
64 2270 1.63984
61 2272 1.77715
57 2273 1.77756
63 2274 1.79433
42 2275 1.8157
59 2277 1.92792
31 2279 2.01099
29 2280 2.02622
44 2282 2.07628
27 2283 2.09408
51 2284 2.10987
33 2286 2.21547
69 2287 2.23014
58 2288 2.23131
37 2290 2.3342
25 2293 2.44122
35 2294 2.4532
62 2295 2.49209
67 2298 2.6375
60 2299 2.6943
70 2300 2.7062
39 2302 2.79585
47 2305 2.94224
74 2306 2.94298
43 2307 2.95355
40 2308 2.96847
66 2309 2.99695
32 2314 3.364
30 2319 3.78032
42 2326 4.39705
34 2329 4.60581
63 2334 5.02615
45 2336 5.08832
59 2337 5.13131
53 2339 5.15927
49 2342 5.33857
57 2343 5.35711
55 2344 5.40636
62 2346 5.46594
71 2347 5.53151
31 2350 5.64389
39 2352 5.80632
51 2354 5.90169
52 2356 5.93693
69 2357 5.98256
61 2359 6.10856
44 2361 6.15742
74 2362 6.18636
73 2363 6.2217
25 2365 6.27403
65 2366 6.2923
56 2367 6.29879
60 2368 6.30017
38 2370 6.36361
30 2371 6.4226
67 2373 6.50375
58 2374 6.50535
64 2376 6.57531
54 2378 6.72002
70 2379 6.72122
40 2380 6.72172
47 2382 6.80945
72 2384 6.84307
43 2387 7.09835
63 2391 7.40633
68 2393 7.46142
41 2394 7.4686
36 2395 7.47453
35 2397 7.58844
26 2398 7.62359
49 2400 7.64706
57 2404 7.97173
33 2405 7.98531
62 2406 8.01182
37 2410 8.25259
34 2411 8.26015
69 2412 8.27161
55 2415 8.53161
50 2420 8.8477
42 2422 8.93888
59 2424 9.06493
39 2427 9.23999
74 2428 9.28957
47 2431 9.46668
41 2432 9.4802
52 2434 9.63016
67 2436 9.69796
53 2438 9.74567
45 2439 9.81369
35 2443 10.091
72 2444 10.0953
51 2446 10.2058
63 2447 10.2297
29 2449 10.2978
56 2450 10.3064
46 2452 10.3561
54 2453 10.3564
57 2454 10.3836
25 2456 10.4727
36 2460 10.8007
28 2461 10.8174
44 2463 10.8486
30 2464 10.8764
50 2465 10.9242
58 2468 11.0593
68 2469 11.0617
55 2471 11.1789
31 2473 11.2801
59 2475 11.4032
26 2477 11.4457
43 2478 11.463
73 2479 11.4924
38 2480 11.5321
42 2482 11.5869
70 2483 11.59
37 2486 11.7667
49 2488 11.8869
47 2490 12.0159
39 2492 12.1034
61 2495 12.2391
64 2497 12.3697
74 2499 12.5178
67 2501 12.6052
66 2505 12.905
32 2506 12.916
68 2509 13.0995
51 2510 13.1284
62 2512 13.1808
52 2513 13.2281
41 2515 13.2761
40 2517 13.3527
31 2520 13.628
56 2523 13.7632
63 2525 13.8396
72 2526 13.8776
54 2527 13.8796
69 2529 13.946
48 2530 14.0327
33 2534 14.2479
35 2536 14.3511
25 2538 14.4488
57 2539 14.4864
46 2541 14.5717
71 2542 14.5745
58 2544 14.6677
53 2545 14.7285
27 2547 14.8014
38 2549 14.8751
70 2550 14.9246
43 2552 14.9583
30 2553 14.9811
