78 3313 0 100 4.66804e-08 1.19195 1.19195
58 3314 0 100 1.28371e-07 1.19773 1.19773
52 3322 0 100 4.66804e-08 1.3077 1.3077
57 3317 0 100 0.1 1.22946 1.32946
53 3318 0 100 0.1 1.23295 1.33295
86 3321 0 100 0.1 1.26829 1.36829
68 3325 0 100 3.50103e-08 1.38297 1.38297
54 3326 0 100 3.50103e-08 1.41019 1.41019
94 3329 0 100 5.83505e-08 1.46766 1.46766
29 3310 0 100 0.4 1.09999 1.49999
91 3338 0 100 1.40041e-07 1.56431 1.56431
55 3341 0 100 1.51711e-07 1.64575 1.64575
47 3348 0 100 1.40041e-07 1.8146 1.8146
56 3353 0 100 3.50103e-08 1.94736 1.94736
31 3324 0 100 0.6 1.37658 1.97658
77 3332 0 100 0.5 1.48865 1.98865
88 3333 0 100 0.5 1.50334 2.00334
71 3347 0 100 0.2 1.80981 2.00981
67 3356 0 100 4.66804e-08 2.037 2.037
79 3358 0 100 8.16907e-08 2.04467 2.04467
64 3346 0 100 0.4 1.78094 2.18094
32 3339 0 100 0.6 1.59567 2.19567
61 3350 0 100 0.4 1.91005 2.31005
62 3320 0 100 1.1 1.25332 2.35332
80 3307 0 100 1.4 1.00364 2.40364
83 3327 0 100 1.1 1.42021 2.52021
104 3334 0 100 1 1.53646 2.53646
81 3369 0 100 0.3 2.28202 2.58202
43 3351 0 100 0.7 1.91409 2.61409
89 3343 0 100 0.9 1.74257 2.64257
87 3383 0 100 5.83505e-08 2.65092 2.65092
70 3386 0 100 9.33608e-08 2.70319 2.70319
93 3390 0 100 4.66804e-08 2.75551 2.75551
59 3367 0 100 0.5 2.26814 2.76814
65 3391 0 100 1.28371e-07 2.81224 2.81224
69 3387 0 100 0.1 2.71477 2.81477
48 3396 0 100 1.40041e-07 2.86448 2.86448
36 3355 0 100 0.9 1.98745 2.88745
97 3362 0 100 0.7 2.20634 2.90634
50 3384 0 100 0.3 2.67491 2.97491
103 3402 0 100 1.28371e-07 2.99888 2.99888
44 3371 0 100 0.7 2.30258 3.00258
33 3398 0 100 0.1 2.91108 3.01108
66 3393 0 100 0.2 2.82843 3.02843
60 3354 0 100 1.1 1.95276 3.05276
73 3400 0 100 0.1 2.96369 3.06369
82 3392 0 100 0.5 2.82486 3.32486
28 3364 0 100 1.1 2.23263 3.33263
85 3342 0 100 1.8 1.71173 3.51173
25 3394 0 100 0.8 2.83286 3.63286
83 3411 0 100 1.05031e-07 3.68401 3.68401
42 3372 0 100 1.4 2.30594 3.70594
55 3414 0 100 2.33402e-08 3.85819 3.85819
68 3416 0 100 1.51711e-07 3.97078 3.97078
94 3417 0 100 1.16701e-07 3.99433 3.99433
98 3315 0 100 2.8 1.20643 4.00643
30 3379 0 100 1.5 2.56159 4.06159
72 3330 0 100 2.7 1.47025 4.17025
46 3361 0 100 2.1 2.16077 4.26077
86 3422 0 100 1.28371e-07 4.26122 4.26122
63 3312 0 100 3.1 1.16697 4.26697
75 3388 0 100 1.6 2.72094 4.32094
99 3308 0 100 3.3 1.03079 4.33079
84 3380 0 100 1.8 2.63424 4.43424
102 3373 0 100 2.2 2.32029 4.52029
51 3381 0 100 1.9 2.63578 4.53578
39 3430 0 100 0.1 4.59922 4.69922
78 3426 0 100 0.4 4.36564 4.76564
39 3377 0 100 2.3 2.4797 4.77971
53 3435 0 100 1.51711e-07 4.83856 4.83856
88 3423 0 100 0.5 4.34246 4.84246
62 3437 0 100 1.51711e-07 4.9372 4.9372
38 3385 0 100 2.3 2.67628 4.97628
89 3441 0 100 7.00206e-08 5.05154 5.05154
57 3410 0 100 1.4 3.65418 5.05418
74 3368 0 100 2.9 2.2686 5.1686
67 3445 0 100 1.51711e-07 5.27716 5.27716
71 3434 0 100 0.5 4.83508 5.33508
87 3439 0 100 0.4 4.9635 5.3635
50 3449 0 100 7.00206e-08 5.37597 5.37597
77 3450 0 100 1.40041e-07 5.38535 5.38535
100 3401 0 100 2.4 2.9949 5.3949
60 3452 0 100 7.00206e-08 5.44039 5.44039
35 3331 0 100 4 1.47778 5.47779
96 3397 0 100 2.6 2.90325 5.50325
64 3455 0 100 1.05031e-07 5.60231 5.60231
97 3457 0 100 4.66804e-08 5.62739 5.62739
37 3374 0 100 3.3 2.33184 5.63184
43 3459 0 100 5.83505e-08 5.66193 5.66193
26 3370 0 100 3.4 2.28396 5.68396
29 3420 0 100 1.5 4.19268 5.69268
79 3460 0 100 7.00206e-08 5.69762 5.69762
69 3461 0 100 1.05031e-07 5.73461 5.73461
61 3425 0 100 1.5 4.34457 5.84457
47 3451 0 100 0.6 5.42031 6.02031
91 3448 0 100 0.7 5.34782 6.04782
44 3468 0 100 1.16701e-07 6.06375 6.06375
59 3469 0 100 1.16701e-07 6.06815 6.06815
102 3470 0 100 1.16701e-07 6.13068 6.13068
32 3472 0 100 1.28371e-07 6.15379 6.15379
63 3477 0 100 1.28371e-07 6.26895 6.26895
90 3316 0 100 5.2 1.2095 6.4095
34 3432 0 100 1.8 4.69377 6.49377
73 3483 0 100 0.1 6.46735 6.56735
101 3484 0 100 0.1 6.47917 6.57917
27 3359 0 100 4.5 2.12117 6.62117
45 3335 0 100 5.1 1.54051 6.64051
65 3485 0 100 0.1 6.54105 6.64105
41 3337 0 100 5.2 1.56011 6.76011
40 3493 0 100 3.50103e-08 6.89723 6.89723
70 3488 0 100 0.2 6.69889 6.89889
76 3363 0 100 4.7 2.21669 6.91669
58 3467 0 100 0.9 6.05951 6.95951
80 3478 0 100 0.7 6.28816 6.98816
56 3490 0 100 0.2 6.83752 7.03752
33 3497 0 100 0.2 6.98366 7.18366
101 3366 0 100 5 2.25057 7.25057
75 3502 0 100 7.00206e-08 7.31356 7.31356
93 3443 0 100 2.1 5.22215 7.32215
103 3495 0 100 0.5 6.93401 7.43401
94 3492 0 100 0.7 6.85831 7.55831
39 3504 0 100 0.2 7.41682 7.61682
57 3510 0 100 2.33402e-08 7.66028 7.66028
25 3456 0 100 2.1 5.61688 7.71688
49 3481 0 100 1.5 6.41382 7.91382
42 3514 0 100 0.1 7.88682 7.98682
35 3480 0 100 1.7 6.37629 8.07629
98 3519 0 100 5.83505e-08 8.1406 8.1406
104 3473 0 100 2 6.17634 8.17634
81 3498 0 100 1.3 6.9971 8.2971
43 3525 0 100 1.16701e-07 8.3176 8.3176
30 3523 0 100 0.1 8.23544 8.33544
36 3506 0 100 0.9 7.44751 8.34751
90 3521 0 100 0.3 8.14792 8.44792
83 3465 0 100 2.5 6.01577 8.51577
87 3530 0 100 2.33402e-08 8.51837 8.51837
96 3518 0 100 0.5 8.10273 8.60273
95 3527 0 100 0.3 8.37479 8.67479
51 3537 0 100 8.16907e-08 8.69413 8.69413
31 3446 0 100 3.5 5.3002 8.8002
88 3538 0 100 0.1 8.70575 8.80575
76 3534 0 100 0.2 8.61911 8.81911
37 3540 0 100 0.1 8.7617 8.8617
68 3507 0 100 1.4 7.51432 8.91432
41 3544 0 100 0.1 8.91693 9.01693
34 3532 0 100 0.5 8.53075 9.03075
52 3522 0 100 1 8.15218 9.15218
89 3546 0 100 0.2 9.01678 9.21678
55 3474 0 100 3.1 6.19466 9.29466
52 3428 0 100 4.9 4.48362 9.38362
71 3564 0 100 9.33608e-08 9.50175 9.50175
47 3565 0 100 3.50103e-08 9.51846 9.51846
77 3511 0 100 1.8 7.72087 9.52087
80 3547 0 100 0.5 9.0259 9.5259
100 3536 0 100 0.9 8.66978 9.56978
92 3567 0 100 1.28371e-07 9.572 9.572
60 3563 0 100 0.1 9.48946 9.58946
46 3550 0 100 0.6 9.05574 9.65574
39 3571 0 100 1.05031e-07 9.74263 9.74263
92 3345 0 100 8 1.74923 9.74923
64 3574 0 100 3.50103e-08 9.82535 9.82535
58 3549 0 100 0.9 9.05022 9.95022
99 3555 0 100 0.8 9.17237 9.97237
40 3556 0 100 0.8 9.17547 9.97547
38 3541 0 100 1.2 8.78 9.98
50 3573 0 100 0.2 9.8034 10.0034
61 3542 0 100 1.3 8.82871 10.1287
86 3515 0 100 2.3 7.90106 10.2011
53 3586 0 100 1.51711e-07 10.2256 10.2256
59 3585 0 100 0.1 10.1564 10.2564
69 3560 0 100 0.9 9.36584 10.2658
65 3589 0 100 1.16701e-08 10.2798 10.2798
101 3578 0 100 0.4 9.93918 10.3392
87 3595 0 100 1.16701e-07 10.5918 10.5918
44 3557 0 100 1.4 9.23036 10.6304
28 3599 0 100 4.66804e-08 10.8071 10.8071
93 3562 0 100 1.4 9.46997 10.87
72 3606 0 100 1.05031e-07 10.9893 10.9893
57 3583 0 100 0.9 10.124 11.024
66 3494 0 100 4.1 6.92465 11.0247
73 3604 0 100 0.1 10.9393 11.0393
26 3580 0 100 1.1 9.97671 11.0767
75 3607 0 100 0.1 11.024 11.124
48 3553 0 100 2 9.12849 11.1285
83 3601 0 100 0.3 10.8338 11.1338
63 3597 0 100 0.5 10.7247 11.2247
102 3600 0 100 0.5 10.8115 11.3115
104 3603 0 100 0.5 10.8491 11.3491
56 3614 0 100 8.16907e-08 11.3996 11.3996
103 3616 0 100 1.16701e-08 11.4382 11.4382
86 3618 0 100 1.16701e-08 11.4762 11.4762
81 3619 0 100 9.33608e-08 11.4815 11.4815
41 3623 0 100 5.83505e-08 11.6081 11.6081
33 3620 0 100 0.2 11.522 11.722
91 3551 0 100 2.8 9.05772 11.8577
70 3590 0 100 1.6 10.3309 11.9309
31 3608 0 100 1.1 11.0352 12.1352
97 3592 0 100 1.8 10.3528 12.1528
25 3581 0 100 2.2 10.0014 12.2014
34 3635 0 100 4.66804e-08 12.3135 12.3135
62 3531 0 100 3.8 8.52585 12.3258
32 3552 0 100 3.3 9.08875 12.3888
62 3639 0 100 2.33402e-08 12.4197 12.4197
38 3643 0 100 1.51711e-07 12.6124 12.6124
100 3644 0 100 1.51711e-07 12.6168 12.6168
49 3587 0 100 2.4 10.2338 12.6338
50 3645 0 100 9.33608e-08 12.6392 12.6392
42 3628 0 100 0.8 11.9331 12.7331
46 3638 0 100 0.5 12.384 12.884
74 3570 0 100 3.2 9.71213 12.9121
44 3636 0 100 0.6 12.3319 12.9319
72 3656 0 100 1.16701e-07 12.9901 12.9901
32 3662 0 100 9.33608e-08 13.1208 13.1208
55 3664 0 100 9.33608e-08 13.1467 13.1467
43 3669 0 100 9.33608e-08 13.2675 13.2675
78 3569 0 100 3.6 9.68572 13.2857
92 3652 0 100 0.4 12.9136 13.3136
99 3615 0 100 2 11.4015 13.4015
76 3625 0 100 1.8 11.6798 13.4798
58 3671 0 100 0.1 13.3977 13.4977
90 3672 0 100 0.1 13.4307 13.5307
40 3658 0 100 0.6 13.0149 13.6149
93 3678 0 100 7.00206e-08 13.6961 13.6961
48 3679 0 100 1.51711e-07 13.6991 13.6991
69 3661 0 100 0.7 13.0568 13.7568
36 3657 0 100 0.8 13.0001 13.8001
53 3651 0 100 0.9 12.9132 13.8132
30 3633 0 100 1.6 12.2232 13.8232
95 3653 0 100 0.9 12.9289 13.8289
64 3681 0 100 0.1 13.7692 13.8692
71 3665 0 100 0.8 13.1761 13.9761
26 3685 0 100 3.50103e-08 14.0222 14.0222
52 3688 0 100 1.63381e-07 14.0923 14.0923
60 3641 0 100 1.7 12.482 14.182
79 3690 0 100 1.40041e-07 14.2164 14.2164
33 3683 0 100 0.4 13.9369 14.3369
102 3687 0 100 0.3 14.074 14.374
67 3694 0 100 8.16907e-08 14.4018 14.4018
28 3695 0 100 1.40041e-07 14.4144 14.4144
94 3666 0 100 1.3 13.1951 14.4951
96 3650 0 100 1.6 12.9009 14.5009
56 3702 0 100 1.16701e-07 14.5229 14.5229
76 3705 0 100 1.51711e-07 14.5942 14.5942
87 3696 0 100 0.2 14.4149 14.6149
83 3706 0 100 0.1 14.5964 14.6964
68 3675 0 100 1.3 13.4826 14.7826
27 3611 0 100 3.7 11.1833 14.8833
48 3475 0 100 8.7 6.23506 14.9351
47 3621 0 100 3.4 11.5369 14.9369
29 3576 0 100 5.1 9.84948 14.9495
