92 2915 1.02862
79 2916 1.05612
77 2918 1.14804
52 2919 1.15466
76 2921 1.2314
61 2922 1.23263
62 2923 1.26725
41 2925 1.36152
93 2926 1.36452
32 2928 1.37854
53 2929 1.38249
29 2930 1.38291
33 2931 1.41278
27 2932 1.41879
57 2934 1.48052
37 2935 1.48316
66 2936 1.5184
91 2938 1.62861
89 2939 1.6303
86 2940 1.66613
56 2942 1.67721
67 2943 1.69603
35 2944 1.73983
60 2945 1.74645
70 2947 1.80689
36 2948 1.83929
71 2949 1.84227
65 2950 1.86077
80 2951 1.86389
34 2953 1.89668
73 2954 1.8976
74 2956 1.97443
88 2957 1.9875
47 2958 2.06447
55 2960 2.10829
25 2961 2.14228
84 2962 2.15672
45 2963 2.15847
31 2965 2.18679
90 2966 2.22245
94 2967 2.2257
51 2968 2.23098
83 2970 2.3004
40 2971 2.32511
46 2972 2.3609
72 2974 2.37869
54 2975 2.44918
42 2976 2.46044
39 2979 2.57341
75 2980 2.58644
81 2981 2.62766
68 2983 2.70017
82 2984 2.71214
28 2985 2.72315
58 2986 2.72822
50 2987 2.74974
85 2989 2.78024
64 2990 2.79599
78 2991 2.80152
49 2992 2.81286
59 2994 2.88663
44 2995 2.90519
63 2996 2.951
26 2997 2.96852
43 2999 2.98672
30 3000 2.98955
60 3010 3.87938
57 3011 3.87942
61 3012 3.93023
33 3013 3.96009
86 3016 4.11697
66 3017 4.12088
67 3020 4.31908
91 3022 4.39521
25 3023 4.41554
37 3025 4.53906
71 3026 4.55363
31 3027 4.5552
83 3030 4.69173
27 3032 4.77506
65 3034 4.92116
70 3035 4.924
84 3038 5.09415
73 3040 5.24327
50 3041 5.24723
45 3043 5.32134
52 3044 5.36351
48 3047 5.50281
63 3048 5.53617
39 3050 5.66415
78 3052 5.73013
28 3054 5.77642
35 3055 5.77951
87 3056 5.8298
94 3057 5.84171
40 3059 5.93689
74 3062 6.14134
59 3064 6.19679
76 3065 6.20628
44 3066 6.21265
79 3067 6.22084
46 3068 6.26778
41 3070 6.28878
80 3071 6.3066
90 3072 6.33234
92 3074 6.3767
55 3075 6.39852
61 3077 6.48046
89 3078 6.52824
33 3079 6.56676
58 3081 6.58425
88 3082 6.65013
47 3083 6.66165
75 3085 6.71773
34 3087 6.77412
51 3088 6.78042
93 3089 6.7869
43 3090 6.80397
72 3091 6.84812
56 3093 6.88293
69 3094 6.89893
26 3096 7.00895
53 3097 7.0167
62 3099 7.0823
54 3101 7.22798
86 3102 7.23203
32 3103 7.26452
67 3105 7.36201
66 3108 7.48097
77 3109 7.48366
48 3110 7.52423
70 3111 7.55527
81 3114 7.69119
50 3115 7.74253
68 3118 7.94923
45 3120 7.97393
85 3122 8.12139
49 3124 8.25068
74 3125 8.25645
60 3127 8.33662
57 3128 8.33859
42 3129 8.35027
37 3132 8.51278
94 3133 8.52774
82 3135 8.66112
41 3137 8.71664
25 3138 8.74947
87 3140 8.8169
71 3142 8.95739
63 3146 9.22488
27 3148 9.32544
33 3149 9.35981
53 3151 9.4448
79 3153 9.4783
93 3154 9.48373
83 3155 9.56951
46 3159 9.78248
73 3161 9.90598
39 3162 9.91649
30 3163 9.95503
32 3164 9.96099
29 3167 10.091
58 3168 10.1351
78 3170 10.1721
72 3171 10.2009
40 3172 10.2078
75 3173 10.2122
52 3175 10.2706
26 3176 10.2795
60 3177 10.3509
80 3178 10.3569
45 3179 10.3574
61 3182 10.5027
85 3184 10.6158
57 3186 10.6744
51 3187 10.6883
91 3188 10.7595
66 3189 10.7631
65 3193 10.9905
43 3194 11.0622
90 3196 11.1098
82 3198 11.17
68 3199 11.1999
28 3200 11.212
47 3203 11.4579
62 3204 11.4621
81 3207 11.6427
86 3209 11.7148
48 3210 11.7616
41 3212 11.8005
50 3214 11.8847
74 3215 11.8898
63 3218 12.0749
92 3219 12.0976
54 3220 12.1055
34 3221 12.1365
73 3223 12.2067
46 3225 12.2785
38 3226 12.2828
70 3228 12.392
71 3229 12.4131
67 3230 12.4304
55 3231 12.4323
89 3232 12.4389
33 3233 12.4683
30 3235 12.5001
52 3236 12.5554
49 3238 12.5865
25 3241 12.8121
31 3244 13.0251
72 3246 13.0872
93 3248 13.217
88 3249 13.2682
69 3251 13.3377
37 3253 13.4341
79 3255 13.4721
75 3256 13.5145
45 3258 13.5794
82 3259 13.6588
77 3261 13.6711
91 3262 13.6759
87 3264 13.7782
29 3265 13.8363
40 3267 13.917
41 3268 13.9564
90 3269 13.9602
44 3271 13.9743
78 3272 14.0202
85 3273 14.0283
58 3274 14.0516
60 3276 14.1304
92 3278 14.2495
57 3280 14.3031
76 3281 14.3236
62 3283 14.3839
50 3285 14.4753
36 3287 14.5865
28 3289 14.6704
61 3291 14.8285
66 3292 14.8394
65 3294 14.9593
34 3296 14.9999
