29 1311 1.09086
34 1314 1.27963
27 1317 1.56997
33 1319 1.58011
31 1321 1.77224
32 1324 1.95623
26 1325 1.97863
28 1327 1.99563
30 1334 2.62219
25 1335 2.66672
29 1344 3.38861
34 1357 4.63783
25 1360 4.80986
31 1365 5.26335
29 1371 5.74198
27 1379 6.4506
32 1383 6.76094
30 1393 7.62252
31 1406 8.80698
34 1408 8.91301
25 1409 8.94285
29 1418 9.71185
33 1419 9.7135
32 1420 9.76493
26 1427 10.2965
28 1429 10.4206
27 1430 10.4634
31 1446 11.9219
25 1457 12.8879
29 1458 12.8928
33 1464 13.3869
32 1468 13.7365
26 1480 14.8688
