100 76
91 76
45 77
56 80
113 80
26 80
94 81
1 81
2 81
64 81
69 81
80 81
85 81
3 81
26 81
30 81
56 81
96 81
4 81
5 81
79 81
6 81
7 81
8 81
63 81
9 81
10 81
32 81
47 81
11 81
46 81
76 81
12 81
61 81
13 81
14 81
39 81
49 81
53 81
60 81
70 81
103 81
15 81
16 81
59 81
17 81
77 81
18 81
19 81
35 81
50 81
20 81
84 81
21 81
22 81
23 81
31 81
24 81
40 81
90 81
88 77
18 77
17 77
19 77
16 77
20 77
15 77
21 77
14 77
22 77
13 77
23 77
12 77
24 77
11 77
10 77
9 77
8 77
7 77
6 77
5 77
4 77
3 77
2 77
1 77
45 81
43 81
68 81
37 80
5 80
4 80
6 80
3 80
7 80
2 80
8 80
1 80
9 80
10 80
11 80
12 80
13 80
14 80
15 80
16 80
17 80
18 80
19 80
20 80
21 80
22 80
23 80
24 80
102 76
19 76
18 76
20 76
17 76
21 76
16 76
22 76
15 76
23 76
14 76
24 76
13 76
12 76
11 76
10 76
9 76
8 76
7 76
6 76
5 76
4 76
3 76
2 76
1 76
33 79
22 79
21 79
23 79
20 79
24 79
19 79
18 79
17 79
16 79
15 79
14 79
13 79
12 79
11 79
10 79
9 79
8 79
7 79
6 79
5 79
4 79
3 79
2 79
1 79
41 78
2 78
1 78
3 78
4 78
5 78
6 78
7 78
8 78
9 78
10 78
11 78
12 78
13 78
14 78
15 78
16 78
17 78
18 78
19 78
20 78
21 78
22 78
23 78
24 78
106 81
108 81
37 82
11 82
10 82
12 82
9 82
13 82
8 82
14 82
7 82
15 82
6 82
16 82
5 82
17 82
4 82
18 82
3 82
19 82
2 82
20 82
1 82
21 82
22 82
23 82
24 82
88 81
45 80
73 81
100 81
102 79
113 81
91 81
34 81
114 81
100 79
98 81
45 83
7 83
6 83
8 83
5 83
9 83
4 83
10 83
3 83
11 83
2 83
12 83
1 83
13 83
14 83
15 83
16 83
17 83
18 83
19 83
20 83
21 83
22 83
23 83
24 83
65 81
93 81
108 82
52 81
27 81
33 78
66 81
99 81
73 79
100 83
105 81
45 84
3 84
2 84
4 84
1 84
5 84
105 84
6 84
7 84
8 84
9 84
10 84
11 84
12 84
13 84
14 84
15 84
16 84
17 84
18 84
19 84
20 84
21 84
22 84
23 84
24 84
29 81
95 81
34 83
54 81
25 81
113 83
105 86
11 86
10 86
12 86
9 86
13 86
8 86
14 86
7 86
15 86
6 86
16 86
5 86
17 86
4 86
18 86
3 86
19 86
2 86
20 86
1 86
21 86
22 86
23 86
24 86
97 81
80 77
94 77
78 81
82 81
93 84
107 81
68 80
58 81
41 82
45 85
20 85
19 85
21 85
18 85
22 85
17 85
23 85
16 85
24 85
15 85
14 85
13 85
12 85
11 85
10 85
9 85
8 85
7 85
6 85
5 85
4 85
3 85
2 85
1 85
41 85
51 81
57 81
87 81
55 81
71 81
33 81
66 84
112 81
73 83
102 81
100 84
102 84
53 77
105 85
34 86
29 83
114 83
106 82
32 77
