0 4679
0 4680
0 4681
0 4682
0 4683
0 4684
0 4685
0 4686
0 4687
0 4688
0 4691
31 4690
16 4690
17 4690
18 4690
19 4690
20 4690
21 4690
22 4690
23 4690
24 4690
0 4692
30 4689
0 4693
0 4695
0 4696
32 4689
15 4689
16 4689
17 4689
18 4689
19 4689
20 4689
21 4689
22 4689
23 4689
24 4689
0 4698
26 4694
1 4694
0 4699
0 4700
0 4702
0 4704
28 4703
6 4703
5 4703
4 4703
3 4703
2 4703
1 4703
0 4706
0 4707
0 4708
0 4709
33 4705
13 4705
14 4705
15 4705
16 4705
17 4705
18 4705
19 4705
20 4705
21 4705
22 4705
23 4705
24 4705
0 4711
0 4712
0 4714
0 4716
25 4715
16 4715
17 4715
18 4715
19 4715
20 4715
21 4715
22 4715
23 4715
24 4715
32 4710
21 4710
22 4710
23 4710
24 4710
0 4717
0 4718
0 4719
0 4720
29 4701
3 4701
2 4701
1 4701
0 4721
34 4713
4 4713
3 4713
2 4713
1 4713
0 4722
0 4723
0 4724
0 4725
0 4726
0 4727
30 4728
1 4728
0 4729
0 4730
0 4732
0 4733
0 4734
0 4736
0 4737
0 4739
28 4738
19 4738
20 4738
21 4738
22 4738
23 4738
24 4738
0 4740
26 4731
16 4731
17 4731
18 4731
19 4731
20 4731
21 4731
22 4731
23 4731
24 4731
31 4741
9 4741
8 4741
7 4741
6 4741
5 4741
4 4741
3 4741
2 4741
1 4741
0 4742
0 4743
0 4744
33 4735
1 4735
0 4745
0 4746
27 4697
3 4697
2 4697
1 4697
0 4747
0 4749
0 4750
0 4751
34 4748
15 4748
16 4748
17 4748
18 4748
19 4748
20 4748
21 4748
22 4748
23 4748
24 4748
0 4752
0 4753
0 4754
0 4755
0 4756
0 4757
0 4758
0 4760
0 4761
0 4762
0 4763
29 4759
20 4759
21 4759
22 4759
23 4759
24 4759
0 4764
0 4765
0 4767
0 4768
32 4769
17 4769
18 4769
19 4769
20 4769
21 4769
22 4769
23 4769
24 4769
0 4770
28 4766
6 4766
5 4766
4 4766
3 4766
2 4766
1 4766
0 4771
0 4772
0 4774
30 4773
0 4775
0 4778
0 4780
32 4773
20 4773
21 4773
22 4773
23 4773
24 4773
25 4776
0 4781
0 4782
31 4779
24 4779
0 4783
33 4777
16 4777
17 4777
18 4777
19 4777
20 4777
21 4777
22 4777
23 4777
24 4777
0 4784
27 4776
17 4776
18 4776
19 4776
20 4776
21 4776
22 4776
23 4776
24 4776
0 4785
0 4786
0 4788
34 4787
4 4787
3 4787
2 4787
1 4787
0 4789
0 4790
0 4791
0 4793
26 4792
11 4792
10 4792
9 4792
8 4792
7 4792
6 4792
5 4792
4 4792
3 4792
2 4792
1 4792
0 4794
0 4795
0 4796
0 4797
0 4798
0 4799
0 4800
27 4801
24 4801
0 4802
0 4803
0 4804
0 4806
0 4807
0 4808
0 4809
0 4810
0 4811
0 4812
0 4813
0 4814
28 4805
23 4805
24 4805
0 4815
0 4818
0 4820
33 4816
5 4816
4 4816
3 4816
2 4816
1 4816
0 4821
0 4822
0 4823
0 4824
0 4825
0 4826
32 4827
25 4828
9 4828
8 4828
7 4828
6 4828
5 4828
4 4828
3 4828
2 4828
1 4828
0 4829
30 4827
14 4827
15 4827
16 4827
17 4827
18 4827
19 4827
20 4827
21 4827
22 4827
23 4827
24 4827
0 4830
0 4832
30 4831
29 4817
20 4817
21 4817
22 4817
23 4817
24 4817
0 4833
0 4834
0 4835
0 4836
0 4837
0 4838
31 4819
21 4819
22 4819
23 4819
24 4819
0 4839
0 4840
32 4831
19 4831
20 4831
21 4831
22 4831
23 4831
24 4831
0 4841
0 4842
0 4843
0 4845
0 4846
0 4847
0 4848
0 4850
0 4851
0 4852
0 4853
0 4854
0 4855
0 4856
26 4849
11 4849
10 4849
9 4849
8 4849
7 4849
6 4849
5 4849
4 4849
3 4849
2 4849
1 4849
0 4858
0 4860
32 4857
0 4861
34 4844
7 4844
6 4844
5 4844
4 4844
3 4844
2 4844
1 4844
30 4857
2 4857
1 4857
0 4862
0 4863
0 4864
0 4866
