0 1225
0 1226
0 1227
0 1228
0 1229
0 1230
0 1231
0 1232
0 1234
27 1233
23 1233
24 1233
0 1238
0 1242
0 1243
0 1244
29 1239
7 1239
6 1239
5 1239
4 1239
3 1239
2 1239
1 1239
26 1240
25 1240
6 1240
5 1240
4 1240
3 1240
2 1240
1 1240
28 1241
24 1241
0 1251
0 1253
0 1254
0 1257
30 1256
5 1256
4 1256
3 1256
2 1256
1 1256
32 1245
24 1245
0 1261
0 1262
0 1263
0 1264
0 1265
0 1266
0 1267
0 1273
0 1274
0 1275
0 1276
0 1277
25 1255
17 1255
18 1255
19 1255
20 1255
21 1255
22 1255
23 1255
24 1255
33 1258
0 1278
0 1279
31 1246
7 1246
6 1246
5 1246
4 1246
3 1246
2 1246
1 1246
27 1282
16 1282
17 1282
18 1282
19 1282
20 1282
21 1282
22 1282
23 1282
24 1282
29 1286
24 1286
26 1288
22 1288
23 1288
24 1288
0 1290
0 1292
0 1293
34 1252
7 1252
6 1252
5 1252
4 1252
3 1252
2 1252
1 1252
0 1294
0 1296
0 1297
0 1298
0 1299
0 1305
0 1307
0 1308
32 1291
19 1291
20 1291
21 1291
22 1291
23 1291
24 1291
0 1309
28 1301
23 1301
24 1301
0 1315
0 1316
31 1317
21 1317
22 1317
23 1317
24 1317
0 1318
0 1319
0 1321
0 1322
0 1323
0 1325
0 1326
0 1328
0 1329
0 1330
33 1324
21 1324
22 1324
23 1324
24 1324
32 1334
5 1334
4 1334
3 1334
2 1334
1 1334
0 1338
0 1339
0 1340
27 1331
13 1331
14 1331
15 1331
16 1331
17 1331
18 1331
19 1331
20 1331
21 1331
22 1331
23 1331
24 1331
0 1341
0 1343
0 1345
34 1327
2 1327
1 1327
0 1346
30 1310
15 1310
16 1310
17 1310
18 1310
19 1310
20 1310
21 1310
22 1310
23 1310
24 1310
25 1306
21 1306
22 1306
23 1306
24 1306
28 1342
14 1342
15 1342
16 1342
17 1342
18 1342
19 1342
20 1342
21 1342
22 1342
23 1342
24 1342
0 1355
0 1356
26 1344
22 1344
23 1344
24 1344
0 1357
29 1352
0 1358
0 1359
0 1360
0 1361
0 1362
0 1363
0 1364
0 1368
0 1370
0 1371
31 1347
17 1347
18 1347
19 1347
20 1347
21 1347
22 1347
23 1347
24 1347
0 1372
33 1369
12 1369
11 1369
10 1369
9 1369
8 1369
7 1369
6 1369
5 1369
4 1369
3 1369
2 1369
1 1369
0 1373
0 1378
0 1379
30 1380
4 1380
3 1380
2 1380
1 1380
0 1381
0 1382
32 1375
23 1375
24 1375
0 1386
0 1387
0 1388
0 1389
0 1390
0 1391
25 1384
12 1384
11 1384
10 1384
9 1384
8 1384
7 1384
6 1384
5 1384
4 1384
3 1384
2 1384
1 1384
0 1392
26 1401
15 1401
16 1401
17 1401
18 1401
19 1401
20 1401
21 1401
22 1401
23 1401
24 1401
0 1402
