31 50 0.0048 49.9952
32 50 0.0048 49.9952
44 50 0.0048 49.9952
28 50 0.0048 49.9952
31 50 0.0048 49.9952
32 50 0.0048 49.9952
44 50 0.0048 49.9952
48 50 0.0048 49.9952
28 50 0.0048 49.9952
31 50 0.0048 49.9952
32 50 0.0048 49.9952
41 50 0.0048 49.9952
44 50 0.0048 49.9952
48 50 0.0048 49.9952
28 50 0.0048 49.9952
31 50 0.0048 49.9952
32 50 0.0048 49.9952
41 50 0.0048 49.9952
44 50 0.0048 49.9952
48 50 0.0048 49.9952
28 50 0.0048 49.9952
31 50 0.0048 49.9952
32 50 0.0048 49.9952
41 50 0.0048 49.9952
48 50 0.0048 49.9952
41 50 0.0048 49.9952
33 50 0.0048 49.9952
33 50 0.0048 49.9952
25 50 0.0048 49.9952
33 50 0.0048 49.9952
25 50 0.0048 49.9952
33 50 0.0048 49.9952
25 50 0.0048 49.9952
35 50 0.048 49.952
25 50 0.0048 49.9952
35 50 0.048 49.952
37 50 0.048 49.952
48 50 0.048 49.952
28 50 0.0048 49.9952
49 50 0.048 49.952
30 50 0.0048 49.9952
43 50 0.0048 49.9952
31 50 0.048 49.952
31 49.952 0.0048 49.9472
31 49.9472 0.16 49.7872
31 49.7872 0.0016 49.7856
35 50 0.048 49.952
37 50 0.048 49.952
40 50 0.0048 49.9952
46 50 0.0048 49.9952
52 50 0.0048 49.9952
26 50 0.048 49.952
35 50 0.0048 49.9952
48 50 0.048 49.952
28 50 0.0048 49.9952
49 50 0.048 49.952
30 50 0.0048 49.9952
43 50 0.0048 49.9952
42 50 0.048 49.952
30 49.9952 0.048 49.9472
49 50 0.0048 49.9952
35 49.9952 0.048 49.9472
37 50 0.048 49.952
38 50 0.0048 49.9952
40 50 0.0048 49.9952
46 50 0.0048 49.9952
52 50 0.0048 49.9952
26 50 0.048 49.952
39 50 0.0048 49.9952
48 50 0.048 49.952
28 50 0.0048 49.9952
32 50 0.0048 49.9952
49 49.9952 0.048 49.9472
30 50 0.0048 49.9952
43 50 0.0048 49.9952
42 50 0.048 49.952
43 49.9952 0.048 49.9472
30 49.9952 0.0048 49.9904
49 49.9472 0.0048 49.9424
54 50 0.048 49.952
30 49.9904 0.048 49.9424
49 50 0.0048 49.9952
30 49.9424 0.0048 49.9376
30 49.9376 0.16 49.7776
30 49.7776 0.0016 49.776
35 50 0.048 49.952
37 50 0.048 49.952
44 50 0.048 49.952
38 50 0.0048 49.9952
40 50 0.0048 49.9952
46 50 0.0048 49.9952
52 50 0.0048 49.9952
26 50 0.048 49.952
48 50 0.048 49.952
28 50 0.0048 49.9952
48 49.952 0.0048 49.9472
48 49.9472 0.16 49.7872
48 49.7872 0.0016 49.7856
49 49.9952 0.048 49.9472
30 50 0.0048 49.9952
43 50 0.0048 49.9952
33 50 0.048 49.952
42 50 0.048 49.952
43 49.9952 0.048 49.9472
30 49.9952 0.0048 49.9904
49 49.9472 0.0048 49.9424
54 50 0.048 49.952
35 50 0.048 49.952
35 49.952 0.0048 49.9472
35 49.9472 0.16 49.7872
35 49.7872 0.0016 49.7856
37 50 0.048 49.952
44 50 0.048 49.952
38 50 0.0048 49.9952
40 50 0.0048 49.9952
46 50 0.0048 49.9952
52 50 0.0048 49.9952
34 50 0.048 49.952
29 50 0.0048 49.9952
50 50 0.0048 49.9952
26 50 0.048 49.952
27 50 0.048 49.952
49 50 0.048 49.952
30 50 0.0048 49.9952
33 50 0.048 49.952
42 50 0.048 49.952
42 49.952 0.0048 49.9472
42 49.9472 0.16 49.7872
42 49.7872 0.0016 49.7856
43 50 0.048 49.952
30 49.9952 0.0048 49.9904
43 49.952 0.0048 49.9472
43 49.9472 0.16 49.7872
43 49.7872 0.0016 49.7856
54 50 0.048 49.952
37 50 0.048 49.952
44 50 0.048 49.952
38 50 0.0048 49.9952
34 50 0.048 49.952
29 50 0.0048 49.9952
50 50 0.0048 49.9952
26 50 0.048 49.952
27 50 0.048 49.952
27 49.952 0.0048 49.9472
27 49.9472 0.16 49.7872
27 49.7872 0.0016 49.7856
39 50 0.048 49.952
49 50 0.048 49.952
30 50 0.0048 49.9952
43 49.9826 0.0048 49.9778
33 50 0.048 49.952
54 50 0.048 49.952
37 50 0.048 49.952
44 50 0.048 49.952
44 49.952 0.0048 49.9472
44 49.9472 0.16 49.7872
44 49.7872 0.0016 49.7856
34 50 0.048 49.952
29 50 0.0048 49.9952
26 50 0.048 49.952
39 50 0.048 49.952
49 50 0.048 49.952
30 50 0.0048 49.9952
49 49.952 0.0048 49.9472
49 49.9472 0.16 49.7872
49 49.7872 0.0016 49.7856
51 50 0.048 49.952
25 50 0.048 49.952
33 50 0.048 49.952
53 50 0.048 49.952
54 50 0.048 49.952
37 50 0.048 49.952
50 50 0.048 49.952
45 50 0.0048 49.9952
34 50 0.048 49.952
29 50 0.0048 49.9952
50 49.952 0.0048 49.9472
26 50 0.048 49.952
39 50 0.048 49.952
51 50 0.048 49.952
51 49.952 0.0048 49.9472
51 49.9472 0.16 49.7872
51 49.7872 0.0016 49.7856
25 50 0.048 49.952
36 50 0.048 49.952
33 50 0.048 49.952
53 50 0.048 49.952
54 50 0.048 49.952
37 50 0.048 49.952
50 50 0.048 49.952
34 50 0.0048 49.9952
45 50 0.0048 49.9952
34 49.9952 0.048 49.9472
29 50 0.0048 49.9952
50 49.952 0.0048 49.9472
26 50 0.048 49.952
41 50 0.048 49.952
39 50 0.048 49.952
25 50 0.048 49.952
36 50 0.048 49.952
47 50 0.0048 49.9952
33 50 0.048 49.952
52 50 0.048 49.952
40 50 0.0048 49.9952
52 49.952 0.0048 49.9472
52 49.9472 0.16 49.7872
52 49.7872 0.0016 49.7856
53 50 0.048 49.952
54 50 0.048 49.952
37 50 0.048 49.952
50 50 0.048 49.952
34 50 0.0048 49.9952
45 50 0.0048 49.9952
54 49.952 0.0048 49.9472
34 49.9952 0.048 49.9472
29 50 0.0048 49.9952
50 49.952 0.0048 49.9472
26 50 0.048 49.952
41 50 0.048 49.952
39 50 0.048 49.952
25 50 0.048 49.952
36 50 0.048 49.952
33 50 0.048 49.952
53 50 0.048 49.952
54 50 0.048 49.952
28 50 0.048 49.952
28 49.952 0.0048 49.9472
28 49.9472 0.16 49.7872
28 49.7872 0.0016 49.7856
37 50 0.048 49.952
32 50 0.048 49.952
50 50 0.048 49.952
29 50 0.0048 49.9952
50 49.952 0.0048 49.9472
50 49.9472 0.16 49.7872
50 49.7872 0.0016 49.7856
29 49.9952 0.0048 49.9904
34 50 0.0048 49.9952
45 50 0.0048 49.9952
50 49.7856 0.0048 49.7808
54 49.952 0.0048 49.9472
34 49.9952 0.048 49.9472
29 49.9904 0.0048 49.9856
34 49.9472 0.0048 49.9424
34 49.9424 0.16 49.7824
34 49.7824 0.0016 49.7808
26 50 0.048 49.952
41 50 0.048 49.952
39 50 0.048 49.952
47 50 0.048 49.952
47 49.952 0.0048 49.9472
47 49.9472 0.16 49.7872
47 49.7872 0.0016 49.7856
25 50 0.048 49.952
25 49.952 0.0048 49.9472
25 49.9472 0.16 49.7872
25 49.7872 0.0016 49.7856
36 50 0.048 49.952
36 49.952 0.0048 49.9472
36 49.9472 0.16 49.7872
36 49.7872 0.0016 49.7856
33 50 0.048 49.952
53 50 0.048 49.952
54 50 0.048 49.952
54 49.952 0.0048 49.9472
54 49.9472 0.16 49.7872
54 49.7872 0.0016 49.7856
45 50 0.048 49.952
37 50 0.048 49.952
32 50 0.048 49.952
29 50 0.0048 49.9952
34 49.8964 0.0048 49.8916
50 50 0.0048 49.9952
54 49.7856 0.0048 49.7808
26 50 0.048 49.952
26 49.952 0.0048 49.9472
26 49.9472 0.16 49.7872
26 49.7872 0.0016 49.7856
41 50 0.048 49.952
39 50 0.048 49.952
33 50 0.048 49.952
53 50 0.048 49.952
45 50 0.048 49.952
37 50 0.048 49.952
32 50 0.048 49.952
28 50 0.0048 49.9952
31 50 0.0048 49.9952
29 50 0.0048 49.9952
34 50 0.0048 49.9952
37 49.952 0.0048 49.9472
50 50 0.0048 49.9952
54 49.9893 0.0048 49.9845
41 50 0.048 49.952
39 50 0.048 49.952
33 50 0.048 49.952
53 50 0.048 49.952
45 50 0.048 49.952
37 50 0.048 49.952
32 50 0.048 49.952
28 50 0.0048 49.9952
31 50 0.0048 49.9952
32 49.952 0.0048 49.9472
32 49.9472 0.16 49.7872
32 49.7872 0.0016 49.7856
29 50 0.0048 49.9952
34 50 0.0048 49.9952
37 49.952 0.0048 49.9472
42 50 0.0048 49.9952
50 50 0.0048 49.9952
41 50 0.048 49.952
39 50 0.048 49.952
33 50 0.048 49.952
53 50 0.048 49.952
45 50 0.048 49.952
46 50 0.048 49.952
37 50 0.048 49.952
37 49.952 0.0048 49.9472
37 49.9472 0.16 49.7872
37 49.7872 0.0016 49.7856
40 50 0.048 49.952
52 50 0.0048 49.9952
27 50 0.0048 49.9952
37 49.7856 0.0048 49.7808
42 50 0.0048 49.9952
41 50 0.048 49.952
39 50 0.048 49.952
33 50 0.048 49.952
53 50 0.048 49.952
53 49.952 0.0048 49.9472
53 49.9472 0.16 49.7872
53 49.7872 0.0016 49.7856
45 50 0.048 49.952
46 50 0.048 49.952
52 50 0.0048 49.9952
40 50 0.048 49.952
46 50 0.0048 49.9952
52 49.9952 0.0048 49.9904
40 49.952 0.0048 49.9472
40 49.9472 0.16 49.7872
40 49.7872 0.0016 49.7856
27 50 0.0048 49.9952
30 50 0.0048 49.9952
37 49.916 0.0048 49.9112
42 50 0.0048 49.9952
49 50 0.0048 49.9952
29 50 0.048 49.952
41 50 0.048 49.952
39 50 0.048 49.952
26 50 0.0048 49.9952
26 49.9952 0.048 49.9472
39 49.952 0.0048 49.9472
39 49.9472 0.16 49.7872
26 49.9472 0.016 49.9312
26 49.9312 0.016 49.9152
39 49.7872 0.0016 49.7856
26 49.9152 0.048 49.8672
39 49.7856 0.0048 49.7808
33 50 0.048 49.952
38 50 0.048 49.952
40 50 0.0048 49.9952
45 50 0.048 49.952
46 49.9952 0.048 49.9472
40 49.9952 0.0048 49.9904
52 50 0.0048 49.9952
27 50 0.0048 49.9952
30 50 0.0048 49.9952
42 50 0.0048 49.9952
43 50 0.0048 49.9952
49 50 0.0048 49.9952
29 50 0.048 49.952
34 50 0.0048 49.9952
50 50 0.0048 49.9952
41 50 0.048 49.952
26 50 0.048 49.952
39 50 0.0048 49.9952
33 50 0.048 49.952
38 50 0.048 49.952
45 50 0.048 49.952
46 50 0.048 49.952
27 50 0.0048 49.9952
30 50 0.0048 49.9952
43 50 0.0048 49.9952
49 50 0.0048 49.9952
29 50 0.048 49.952
34 50 0.0048 49.9952
41 50 0.048 49.952
26 50 0.048 49.952
39 50 0.0048 49.9952
33 50 0.048 49.952
38 50 0.048 49.952
40 50 0.0048 49.9952
45 50 0.048 49.952
45 49.952 0.0048 49.9472
45 49.9472 0.16 49.7872
45 49.7872 0.0016 49.7856
46 50 0.048 49.952
30 50 0.0048 49.9952
43 50 0.0048 49.9952
49 50 0.0048 49.9952
51 50 0.0048 49.9952
29 50 0.048 49.952
41 50 0.048 49.952
26 50 0.048 49.952
39 50 0.0048 49.9952
33 50 0.048 49.952
38 50 0.048 49.952
40 50 0.0048 49.9952
46 50 0.048 49.952
52 50 0.0048 49.9952
36 50 0.0048 49.9952
43 50 0.0048 49.9952
47 50 0.0048 49.9952
51 50 0.0048 49.9952
29 50 0.048 49.952
41 50 0.048 49.952
41 49.952 0.0048 49.9472
41 49.9472 0.16 49.7872
41 49.7872 0.0016 49.7856
26 50 0.048 49.952
39 50 0.0048 49.9952
33 50 0.048 49.952
38 50 0.048 49.952
46 50 0.048 49.952
52 50 0.0048 49.9952
36 50 0.0048 49.9952
47 50 0.0048 49.9952
51 50 0.0048 49.9952
29 50 0.048 49.952
50 50 0.0048 49.9952
29 49.952 0.0048 49.9472
29 49.9472 0.16 49.7872
29 49.7872 0.0016 49.7856
26 50 0.048 49.952
39 50 0.0048 49.9952
33 50 0.048 49.952
38 50 0.048 49.952
46 50 0.048 49.952
36 50 0.0048 49.9952
47 50 0.0048 49.9952
51 50 0.0048 49.9952
26 50 0.048 49.952
39 50 0.0048 49.9952
31 50 0.048 49.952
32 50 0.0048 49.9952
33 50 0.048 49.952
38 50 0.048 49.952
46 50 0.048 49.952
52 50 0.0048 49.9952
36 50 0.0048 49.9952
47 50 0.0048 49.9952
26 50 0.048 49.952
39 50 0.0048 49.9952
31 50 0.048 49.952
32 50 0.0048 49.9952
33 50 0.048 49.952
38 50 0.048 49.952
46 50 0.048 49.952
52 50 0.0048 49.9952
47 50 0.0048 49.9952
26 50 0.048 49.952
39 50 0.0048 49.9952
31 50 0.048 49.952
32 50 0.0048 49.9952
33 50 0.048 49.952
38 50 0.048 49.952
46 50 0.048 49.952
40 50 0.0048 49.9952
52 50 0.0048 49.9952
46 49.952 0.0048 49.9472
46 49.9472 0.16 49.7872
46 49.7872 0.0016 49.7856
26 49.952 0.0048 49.9472
35 50 0.0048 49.9952
39 50 0.0048 49.9952
26 50 0.048 49.952
31 50 0.048 49.952
32 50 0.0048 49.9952
33 50 0.048 49.952
38 50 0.048 49.952
38 49.952 0.0048 49.9472
38 49.9472 0.16 49.7872
38 49.7872 0.0016 49.7856
26 49.952 0.0048 49.9472
35 50 0.0048 49.9952
39 50 0.0048 49.9952
26 50 0.048 49.952
31 50 0.048 49.952
32 50 0.0048 49.9952
33 50 0.048 49.952
26 49.952 0.0048 49.9472
35 50 0.0048 49.9952
39 50 0.0048 49.9952
26 50 0.048 49.952
31 50 0.048 49.952
32 50 0.0048 49.9952
33 50 0.048 49.952
26 49.952 0.0048 49.9472
39 50 0.0048 49.9952
26 50 0.048 49.952
31 50 0.048 49.952
49 50 0.048 49.952
49 49.952 0.0048 49.9472
49 49.9472 0.16 49.7872
49 49.7872 0.0016 49.7856
33 50 0.048 49.952
30 50 0.048 49.952
49 50 0.0048 49.9952
26 50 0.048 49.952
39 50 0.0048 49.9952
31 50 0.048 49.952
32 50 0.0048 49.9952
33 50 0.048 49.952
30 50 0.048 49.952
49 50 0.0048 49.9952
30 49.952 0.0048 49.9472
30 49.9472 0.16 49.7872
30 49.7872 0.0016 49.7856
26 50 0.048 49.952
39 50 0.0048 49.9952
31 50 0.048 49.952
32 50 0.0048 49.9952
33 50 0.048 49.952
52 50 0.048 49.952
40 50 0.0048 49.9952
53 50 0.0048 49.9952
26 50 0.048 49.952
39 50 0.0048 49.9952
26 49.952 0.0048 49.9472
26 49.9472 0.16 49.7872
26 49.7872 0.0016 49.7856
31 50 0.048 49.952
33 50 0.048 49.952
52 50 0.048 49.952
40 50 0.0048 49.9952
46 50 0.0048 49.9952
53 50 0.0048 49.9952
31 50 0.048 49.952
33 50 0.048 49.952
47 50 0.048 49.952
52 50 0.048 49.952
40 50 0.0048 49.9952
53 50 0.0048 49.9952
31 50 0.048 49.952
32 50 0.0048 49.9952
33 50 0.048 49.952
47 50 0.048 49.952
52 50 0.048 49.952
40 50 0.0048 49.9952
53 50 0.0048 49.9952
31 50 0.048 49.952
32 50 0.0048 49.9952
33 50 0.048 49.952
47 50 0.048 49.952
47 49.952 0.0048 49.9472
47 49.9472 0.16 49.7872
47 49.7872 0.0016 49.7856
52 50 0.048 49.952
40 50 0.0048 49.9952
46 50 0.0048 49.9952
31 50 0.048 49.952
32 50 0.0048 49.9952
33 50 0.048 49.952
52 50 0.048 49.952
40 50 0.0048 49.9952
46 50 0.0048 49.9952
31 50 0.048 49.952
32 50 0.0048 49.9952
33 50 0.048 49.952
52 50 0.048 49.952
42 50 0.048 49.952
42 49.952 0.0048 49.9472
42 49.9472 0.16 49.7872
42 49.7872 0.0016 49.7856
25 50 0.048 49.952
31 50 0.048 49.952
32 50 0.0048 49.9952
33 50 0.048 49.952
52 50 0.048 49.952
25 50 0.048 49.952
31 50 0.048 49.952
32 50 0.0048 49.9952
33 50 0.048 49.952
52 50 0.048 49.952
40 50 0.0048 49.9952
46 50 0.0048 49.9952
26 50 0.048 49.952
25 50 0.048 49.952
31 50 0.048 49.952
32 50 0.0048 49.9952
33 50 0.048 49.952
52 50 0.048 49.952
26 50 0.048 49.952
26 49.952 0.0048 49.9472
26 49.9472 0.16 49.7872
26 49.7872 0.0016 49.7856
25 50 0.048 49.952
31 50 0.048 49.952
32 50 0.0048 49.9952
33 50 0.048 49.952
33 49.952 0.0048 49.9472
33 49.9472 0.16 49.7872
33 49.7872 0.0016 49.7856
52 50 0.048 49.952
40 50 0.0048 49.9952
46 50 0.0048 49.9952
51 50 0.048 49.952
44 50 0.0048 49.9952
50 50 0.048 49.952
29 50 0.0048 49.9952
25 50 0.048 49.952
31 50 0.048 49.952
32 50 0.0048 49.9952
31 49.952 0.0048 49.9472
31 49.9472 0.16 49.7872
31 49.7872 0.0016 49.7856
52 50 0.048 49.952
40 50 0.0048 49.9952
46 50 0.0048 49.9952
28 50 0.048 49.952
32 49.9952 0.0048 49.9904
48 50 0.0048 49.9952
28 49.952 0.0048 49.9472
28 49.9472 0.16 49.7872
28 49.7872 0.0016 49.7856
51 50 0.048 49.952
28 49.7856 0.0048 49.7808
31 50 0.0048 49.9952
32 49.9904 0.0048 49.9856
44 50 0.0048 49.9952
48 49.9952 0.0048 49.9904
50 50 0.048 49.952
29 50 0.0048 49.9952
34 50 0.0048 49.9952
25 50 0.048 49.952
52 50 0.048 49.952
40 50 0.0048 49.9952
53 50 0.048 49.952
51 50 0.048 49.952
28 50 0.0048 49.9952
31 50 0.0048 49.9952
32 50 0.0048 49.9952
41 50 0.0048 49.9952
44 50 0.0048 49.9952
48 50 0.0048 49.9952
50 50 0.048 49.952
29 50 0.0048 49.9952
34 50 0.0048 49.9952
36 50 0.048 49.952
25 50 0.048 49.952
43 50 0.048 49.952
52 50 0.048 49.952
40 50 0.0048 49.9952
53 50 0.048 49.952
51 50 0.048 49.952
51 49.952 0.0048 49.9472
51 49.9472 0.16 49.7872
51 49.7872 0.0016 49.7856
28 50 0.0048 49.9952
31 50 0.0048 49.9952
32 50 0.0048 49.9952
41 50 0.0048 49.9952
44 50 0.0048 49.9952
48 50 0.0048 49.9952
50 50 0.048 49.952
29 50 0.0048 49.9952
34 50 0.0048 49.9952
36 50 0.048 49.952
25 50 0.048 49.952
43 50 0.048 49.952
52 50 0.048 49.952
46 50 0.0048 49.9952
53 50 0.048 49.952
28 50 0.0048 49.9952
31 50 0.0048 49.9952
32 50 0.0048 49.9952
41 50 0.0048 49.9952
48 50 0.0048 49.9952
50 50 0.048 49.952
34 50 0.0048 49.9952
36 50 0.048 49.952
25 50 0.048 49.952
43 50 0.048 49.952
52 50 0.048 49.952
46 50 0.0048 49.9952
53 50 0.048 49.952
41 50 0.0048 49.9952
48 50 0.0048 49.9952
50 50 0.048 49.952
29 50 0.0048 49.9952
34 50 0.0048 49.9952
36 50 0.048 49.952
25 50 0.048 49.952
37 50 0.048 49.952
37 49.952 0.0048 49.9472
37 49.9472 0.16 49.7872
37 49.7872 0.0016 49.7856
34 49.9952 0.048 49.9472
29 50 0.0048 49.9952
50 49.952 0.0048 49.9472
43 50 0.048 49.952
52 50 0.048 49.952
40 50 0.0048 49.9952
46 50 0.0048 49.9952
53 50 0.048 49.952
29 49.9952 0.048 49.9472
34 50 0.0048 49.9952
50 50 0.0048 49.9952
46 50 0.048 49.952
40 49.9952 0.0048 49.9904
52 49.952 0.0048 49.9472
33 50 0.0048 49.9952
50 49.9952 0.048 49.9472
29 49.9472 0.0048 49.9424
34 49.9952 0.0048 49.9904
36 50 0.048 49.952
25 50 0.048 49.952
34 49.9904 0.048 49.9424
29 50 0.0048 49.9952
50 49.9472 0.0048 49.9424
43 50 0.048 49.952
52 50 0.048 49.952
40 50 0.0048 49.9952
46 49.952 0.0048 49.9472
53 50 0.048 49.952
29 49.9952 0.048 49.9472
34 50 0.0048 49.9952
50 50 0.0048 49.9952
27 50 0.048 49.952
49 50 0.0048 49.9952
49 49.9952 0.048 49.9472
27 49.952 0.0048 49.9472
27 49.9472 0.16 49.7872
49 49.9472 0.016 49.9312
49 49.9312 0.016 49.9152
27 49.7872 0.0016 49.7856
49 49.9152 0.048 49.8672
27 49.7856 0.0048 49.7808
46 50 0.048 49.952
52 49.952 0.0048 49.9472
33 50 0.0048 49.9952
50 49.9952 0.048 49.9472
29 49.9472 0.0048 49.9424
34 49.9952 0.0048 49.9904
36 50 0.048 49.952
25 50 0.048 49.952
34 49.9904 0.048 49.9424
29 50 0.0048 49.9952
50 49.9472 0.0048 49.9424
43 50 0.048 49.952
52 50 0.048 49.952
46 49.952 0.0048 49.9472
53 50 0.048 49.952
35 50 0.048 49.952
39 50 0.0048 49.9952
39 49.9952 0.048 49.9472
35 49.952 0.0096 49.9424
35 49.9424 0.16 49.7824
35 49.7824 0.0016 49.7808
29 49.9952 0.048 49.9472
34 50 0.0048 49.9952
29 49.9472 0.0048 49.9424
29 49.9424 0.16 49.7824
29 49.7824 0.0016 49.7808
49 50 0.048 49.952
30 50 0.0048 49.9952
49 49.952 0.0048 49.9472
49 49.9472 0.16 49.7872
49 49.7872 0.0016 49.7856
46 50 0.048 49.952
52 49.952 0.0048 49.9472
25 50 0.0048 49.9952
33 50 0.0048 49.9952
50 50 0.048 49.952
34 49.9952 0.0048 49.9904
36 50 0.048 49.952
25 49.9952 0.048 49.9472
48 50 0.048 49.952
28 50 0.0048 49.9952
34 49.9904 0.048 49.9424
50 49.952 0.0048 49.9472
43 50 0.048 49.952
52 50 0.048 49.952
40 50 0.0048 49.9952
46 49.952 0.0048 49.9472
53 50 0.048 49.952
46 50 0.048 49.952
40 49.9952 0.0048 49.9904
52 49.952 0.0048 49.9472
25 50 0.0048 49.9952
33 50 0.0048 49.9952
50 50 0.048 49.952
29 49.976 0.0048 49.9712
34 50 0.0048 49.9952
36 50 0.048 49.952
25 49.9952 0.048 49.9472
48 50 0.048 49.952
48 49.952 0.0048 49.9472
48 49.9472 0.16 49.7872
48 49.7872 0.0016 49.7856
34 49.9952 0.048 49.9472
29 50 0.0048 49.9952
50 49.952 0.0048 49.9472
43 50 0.048 49.952
52 50 0.048 49.952
40 50 0.0048 49.9952
46 49.952 0.0048 49.9472
53 50 0.048 49.952
46 50 0.048 49.952
40 49.9952 0.0048 49.9904
52 49.952 0.0048 49.9472
25 50 0.0048 49.9952
50 50 0.048 49.952
29 49.9952 0.0048 49.9904
34 50 0.0048 49.9952
36 50 0.048 49.952
25 49.9952 0.048 49.9472
25 49.9472 0.0048 49.9424
25 49.9424 0.16 49.7824
25 49.7824 0.0016 49.7808
34 49.9952 0.048 49.9472
29 50 0.0048 49.9952
50 49.952 0.0048 49.9472
43 50 0.048 49.952
52 50 0.048 49.952
40 50 0.0048 49.9952
53 50 0.048 49.952
30 50 0.048 49.952
46 50 0.048 49.952
40 49.9952 0.0048 49.9904
25 50 0.0048 49.9952
50 50 0.048 49.952
29 49.9952 0.0048 49.9904
34 50 0.0048 49.9952
36 50 0.048 49.952
34 49.9952 0.048 49.9472
43 50 0.048 49.952
52 50 0.048 49.952
40 50 0.0048 49.9952
53 50 0.048 49.952
30 50 0.048 49.952
49 50 0.0048 49.9952
46 50 0.048 49.952
25 50 0.0048 49.9952
50 50 0.048 49.952
29 50 0.0048 49.9952
36 50 0.048 49.952
34 50 0.048 49.952
43 50 0.048 49.952
52 50 0.048 49.952
40 50 0.0048 49.9952
53 50 0.048 49.952
30 50 0.048 49.952
49 50 0.0048 49.9952
46 50 0.048 49.952
40 49.9952 0.0048 49.9904
46 49.952 0.0048 49.9472
46 49.9472 0.16 49.7872
46 49.7872 0.0016 49.7856
46 49.7856 0.0048 49.7808
50 50 0.048 49.952
29 50 0.0048 49.9952
36 50 0.048 49.952
34 50 0.048 49.952
43 50 0.048 49.952
52 50 0.048 49.952
40 50 0.0048 49.9952
53 50 0.048 49.952
30 50 0.048 49.952
49 50 0.0048 49.9952
38 50 0.0048 49.9952
40 49.9952 0.0048 49.9904
46 50 0.0048 49.9952
52 49.952 0.0048 49.9472
50 50 0.048 49.952
50 49.952 0.0048 49.9472
50 49.9472 0.16 49.7872
50 49.7872 0.0016 49.7856
36 50 0.048 49.952
34 50 0.048 49.952
44 50 0.048 49.952
43 50 0.048 49.952
52 50 0.048 49.952
40 50 0.0048 49.9952
46 49.9952 0.0048 49.9904
53 50 0.048 49.952
53 49.952 0.0048 49.9472
53 49.9472 0.16 49.7872
53 49.7872 0.0016 49.7856
30 50 0.048 49.952
38 50 0.0048 49.9952
40 49.9952 0.0048 49.9904
46 50 0.0048 49.9952
52 49.952 0.0048 49.9472
36 50 0.048 49.952
34 50 0.048 49.952
29 50 0.0048 49.9952
50 50 0.0048 49.9952
44 50 0.048 49.952
43 50 0.048 49.952
52 50 0.048 49.952
40 50 0.0048 49.9952
38 50 0.048 49.952
38 49.952 0.0048 49.9472
38 49.9472 0.16 49.7872
38 49.7872 0.0016 49.7856
30 50 0.048 49.952
38 49.7856 0.0048 49.7808
40 49.9952 0.0048 49.9904
46 50 0.0048 49.9952
52 49.952 0.0048 49.9472
36 50 0.048 49.952
34 50 0.048 49.952
50 50 0.0048 49.9952
44 50 0.048 49.952
43 50 0.048 49.952
52 50 0.048 49.952
40 50 0.0048 49.9952
46 49.9952 0.0048 49.9904
30 50 0.048 49.952
30 49.952 0.0048 49.9472
30 49.9472 0.16 49.7872
30 49.7872 0.0016 49.7856
49 50 0.048 49.952
27 50 0.0048 49.9952
38 49.9859 0.0048 49.9811
40 49.9952 0.0048 49.9904
46 50 0.0048 49.9952
36 50 0.048 49.952
54 50 0.048 49.952
32 50 0.048 49.952
31 50 0.0048 49.9952
34 50 0.048 49.952
29 50 0.0048 49.9952
50 50 0.0048 49.9952
44 50 0.048 49.952
31 50 0.0048 49.9952
31 49.9952 0.048 49.9472
44 49.952 0.0048 49.9472
44 49.9472 0.16 49.7872
31 49.9472 0.016 49.9312
31 49.9312 0.016 49.9152
44 49.7872 0.0016 49.7856
31 49.9152 0.048 49.8672
32 49.952 0.0048 49.9472
44 49.7856 0.0048 49.7808
43 50 0.048 49.952
52 50 0.048 49.952
40 50 0.0048 49.9952
40 49.9952 0.048 49.9472
46 49.9952 0.0048 49.9904
46 49.9904 0.048 49.9424
52 49.952 0.0096 49.9424
52 49.9424 0.16 49.7824
40 49.9472 0.016 49.9312
40 49.9312 0.016 49.9152
52 49.7824 0.0016 49.7808
40 49.9152 0.048 49.8672
46 49.9424 0.0048 49.9376
52 49.7808 0.0048 49.776
46 49.9376 0.016 49.9216
49 50 0.048 49.952
27 50 0.0048 49.9952
36 50 0.048 49.952
39 50 0.048 49.952
54 50 0.048 49.952
32 50 0.048 49.952
28 50 0.0048 49.9952
34 50 0.048 49.952
31 50 0.048 49.952
44 50 0.0048 49.9952
43 50 0.048 49.952
40 50 0.048 49.952
38 50 0.0048 49.9952
46 50 0.0048 49.9952
49 50 0.048 49.952
27 50 0.0048 49.9952
36 50 0.048 49.952
39 50 0.048 49.952
54 50 0.048 49.952
32 50 0.048 49.952
34 50 0.048 49.952
45 50 0.048 49.952
31 50 0.048 49.952
43 50 0.048 49.952
43 49.952 0.0048 49.9472
43 49.9472 0.16 49.7872
43 49.7872 0.0016 49.7856
40 50 0.048 49.952
38 50 0.0048 49.9952
46 50 0.0048 49.9952
40 49.952 0.0048 49.9472
40 49.9472 0.16 49.7872
40 49.7872 0.0016 49.7856
49 50 0.048 49.952
27 50 0.0048 49.9952
30 50 0.0048 49.9952
45 49.952 0.0048 49.9472
36 50 0.048 49.952
39 50 0.048 49.952
26 50 0.0048 49.9952
54 50 0.048 49.952
32 50 0.048 49.952
34 50 0.048 49.952
34 49.952 0.0048 49.9472
34 49.9472 0.16 49.7872
34 49.7872 0.0016 49.7856
45 50 0.048 49.952
31 50 0.048 49.952
49 50 0.048 49.952
27 50 0.0048 49.9952
30 50 0.0048 49.9952
45 49.952 0.0048 49.9472
54 49.952 0.0048 49.9472
36 50 0.048 49.952
39 50 0.048 49.952
26 50 0.0048 49.9952
54 50 0.048 49.952
32 50 0.048 49.952
45 50 0.048 49.952
31 50 0.048 49.952
49 50 0.048 49.952
27 50 0.0048 49.9952
30 50 0.0048 49.9952
45 49.952 0.0048 49.9472
54 49.952 0.0048 49.9472
36 50 0.048 49.952
40 50 0.048 49.952
38 50 0.0048 49.9952
46 50 0.0048 49.9952
52 50 0.0048 49.9952
39 50 0.048 49.952
26 50 0.0048 49.9952
54 50 0.048 49.952
32 50 0.048 49.952
45 50 0.048 49.952
31 50 0.048 49.952
49 50 0.048 49.952
27 50 0.0048 49.9952
30 50 0.0048 49.9952
29 50 0.0048 49.9952
34 50 0.0048 49.9952
45 49.952 0.0048 49.9472
50 50 0.0048 49.9952
54 49.952 0.0048 49.9472
36 50 0.048 49.952
40 50 0.048 49.952
46 50 0.0048 49.9952
39 50 0.048 49.952
26 50 0.0048 49.9952
54 50 0.048 49.952
32 50 0.048 49.952
28 50 0.0048 49.9952
45 50 0.048 49.952
31 50 0.048 49.952
49 50 0.048 49.952
30 50 0.0048 49.9952
29 50 0.0048 49.9952
34 50 0.0048 49.9952
50 50 0.0048 49.9952
54 49.952 0.0048 49.9472
36 50 0.048 49.952
40 50 0.048 49.952
46 50 0.0048 49.9952
39 50 0.048 49.952
54 50 0.048 49.952
32 50 0.048 49.952
28 50 0.0048 49.9952
31 49.952 0.0048 49.9472
41 50 0.048 49.952
45 50 0.048 49.952
31 50 0.048 49.952
32 49.952 0.0048 49.9472
49 50 0.048 49.952
30 50 0.0048 49.9952
29 50 0.0048 49.9952
34 50 0.0048 49.9952
37 50 0.0048 49.9952
50 50 0.0048 49.9952
36 50 0.048 49.952
36 49.952 0.0048 49.9472
36 49.9472 0.16 49.7872
36 49.7872 0.0016 49.7856
40 50 0.048 49.952
46 50 0.0048 49.9952
47 50 0.048 49.952
39 50 0.048 49.952
54 50 0.048 49.952
32 50 0.048 49.952
41 50 0.048 49.952
45 50 0.048 49.952
31 50 0.048 49.952
31 49.952 0.0048 49.9472
31 49.9472 0.16 49.7872
31 49.7872 0.0016 49.7856
49 50 0.048 49.952
29 50 0.0048 49.9952
34 50 0.0048 49.9952
37 50 0.0048 49.9952
42 50 0.0048 49.9952
50 50 0.0048 49.9952
40 50 0.048 49.952
46 50 0.0048 49.9952
28 50 0.048 49.952
47 50 0.048 49.952
39 50 0.048 49.952
26 50 0.0048 49.9952
54 50 0.048 49.952
32 50 0.048 49.952
41 50 0.048 49.952
45 50 0.048 49.952
49 50 0.048 49.952
49 49.952 0.0048 49.9472
49 49.9472 0.16 49.7872
49 49.7872 0.0016 49.7856
27 50 0.0048 49.9952
37 50 0.0048 49.9952
42 50 0.0048 49.9952
49 49.7856 0.0048 49.7808
40 50 0.048 49.952
46 50 0.0048 49.9952
28 50 0.048 49.952
31 50 0.0048 49.9952
32 50 0.0048 49.9952
47 50 0.048 49.952
39 50 0.048 49.952
39 49.952 0.0048 49.9472
39 49.9472 0.16 49.7872
39 49.7872 0.0016 49.7856
54 50 0.048 49.952
32 49.9952 0.048 49.9472
28 50 0.0048 49.9952
31 49.9952 0.0048 49.9904
41 50 0.048 49.952
45 50 0.048 49.952
27 50 0.0048 49.9952
30 50 0.0048 49.9952
37 50 0.0048 49.9952
42 50 0.0048 49.9952
43 50 0.0048 49.9952
49 50 0.0048 49.9952
40 50 0.048 49.952
28 49.9952 0.048 49.9472
47 50 0.048 49.952
54 50 0.048 49.952
32 50 0.048 49.952
41 50 0.048 49.952
45 50 0.048 49.952
27 50 0.0048 49.9952
30 50 0.0048 49.9952
42 50 0.0048 49.9952
43 50 0.0048 49.9952
49 50 0.0048 49.9952
40 50 0.048 49.952
28 50 0.048 49.952
31 50 0.0048 49.9952
32 50 0.0048 49.9952
47 50 0.048 49.952
54 50 0.048 49.952
32 49.9952 0.048 49.9472
28 50 0.0048 49.9952
31 49.9952 0.0048 49.9904
41 50 0.048 49.952
45 50 0.048 49.952
27 50 0.0048 49.9952
30 50 0.0048 49.9952
43 50 0.0048 49.9952
49 50 0.0048 49.9952
40 50 0.048 49.952
28 49.9952 0.048 49.9472
28 49.9472 0.0048 49.9424
28 49.9424 0.16 49.7824
28 49.7824 0.0016 49.7808
47 50 0.048 49.952
54 50 0.048 49.952
32 50 0.048 49.952
41 50 0.048 49.952
45 50 0.048 49.952
30 50 0.0048 49.9952
43 50 0.0048 49.9952
51 50 0.0048 49.9952
40 50 0.048 49.952
46 50 0.0048 49.9952
47 50 0.048 49.952
54 50 0.048 49.952
32 50 0.048 49.952
31 50 0.0048 49.9952
41 50 0.048 49.952
45 50 0.048 49.952
36 50 0.0048 49.9952
43 50 0.0048 49.9952
47 50 0.0048 49.9952
51 50 0.0048 49.9952
40 50 0.048 49.952
46 50 0.0048 49.9952
52 50 0.0048 49.9952
47 49.9952 0.048 49.9472
54 50 0.048 49.952
32 50 0.048 49.952
28 50 0.0048 49.9952
31 50 0.0048 49.9952
41 50 0.048 49.952
45 50 0.048 49.952
42 50 0.048 49.952
36 50 0.0048 49.9952
47 50 0.0048 49.9952
51 50 0.0048 49.9952
40 50 0.048 49.952
46 50 0.0048 49.9952
52 50 0.0048 49.9952
47 49.9952 0.048 49.9472
54 50 0.048 49.952
32 50 0.048 49.952
28 50 0.0048 49.9952
31 50 0.0048 49.9952
41 50 0.048 49.952
45 50 0.048 49.952
42 50 0.048 49.952
36 50 0.0048 49.9952
47 50 0.0048 49.9952
51 50 0.0048 49.9952
40 50 0.048 49.952
46 50 0.0048 49.9952
52 50 0.0048 49.9952
47 49.9952 0.048 49.9472
54 50 0.048 49.952
32 50 0.048 49.952
28 50 0.0048 49.9952
31 50 0.0048 49.9952
41 50 0.048 49.952
45 50 0.048 49.952
42 50 0.048 49.952
47 50 0.0048 49.9952
40 50 0.048 49.952
46 50 0.0048 49.9952
52 50 0.0048 49.9952
47 49.9952 0.048 49.9472
54 50 0.048 49.952
32 50 0.048 49.952
28 50 0.0048 49.9952
41 50 0.048 49.952
41 49.952 0.0048 49.9472
41 49.9472 0.16 49.7872
41 49.7872 0.0016 49.7856
45 50 0.048 49.952
42 50 0.048 49.952
35 50 0.0048 49.9952
47 50 0.0048 49.9952
40 50 0.048 49.952
46 50 0.0048 49.9952
40 49.952 0.0048 49.9472
40 49.9472 0.16 49.7872
40 49.7872 0.0016 49.7856
47 49.9952 0.048 49.9472
54 50 0.048 49.952
32 50 0.048 49.952
31 50 0.0048 49.9952
45 50 0.048 49.952
42 50 0.048 49.952
26 50 0.0048 49.9952
35 50 0.0048 49.9952
39 50 0.0048 49.9952
47 50 0.048 49.952
54 50 0.048 49.952
32 50 0.048 49.952
28 50 0.0048 49.9952
45 50 0.048 49.952
45 49.952 0.0048 49.9472
45 49.9472 0.16 49.7872
45 49.7872 0.0016 49.7856
42 50 0.048 49.952
26 50 0.0048 49.9952
35 50 0.0048 49.9952
39 50 0.0048 49.9952
47 50 0.048 49.952
54 50 0.048 49.952
32 50 0.048 49.952
27 50 0.048 49.952
42 50 0.048 49.952
26 50 0.0048 49.9952
35 50 0.0048 49.9952
39 50 0.0048 49.9952
47 50 0.048 49.952
54 50 0.048 49.952
54 49.952 0.0048 49.9472
54 49.9472 0.16 49.7872
54 49.7872 0.0016 49.7856
32 50 0.048 49.952
51 50 0.048 49.952
27 50 0.048 49.952
30 50 0.0048 49.9952
30 49.9952 0.048 49.9472
49 50 0.0048 49.9952
27 49.952 0.0048 49.9472
27 49.9472 0.16 49.7872
30 49.9472 0.016 49.9312
30 49.9312 0.016 49.9152
27 49.7872 0.0016 49.7856
30 49.9152 0.048 49.8672
27 49.7856 0.0048 49.7808
49 49.9952 0.0048 49.9904
49 49.9904 0.016 49.9744
42 50 0.048 49.952
26 50 0.0048 49.9952
39 50 0.0048 49.9952
47 50 0.048 49.952
32 50 0.048 49.952
51 50 0.048 49.952
30 50 0.048 49.952
27 50 0.0048 49.9952
49 50 0.0048 49.9952
42 50 0.048 49.952
31 50 0.048 49.952
44 50 0.0048 49.9952
47 50 0.048 49.952
32 50 0.048 49.952
51 50 0.048 49.952
30 50 0.048 49.952
49 50 0.0048 49.9952
30 49.952 0.0048 49.9472
30 49.9472 0.16 49.7872
30 49.7872 0.0016 49.7856
42 50 0.048 49.952
35 50 0.048 49.952
31 50 0.048 49.952
44 50 0.0048 49.9952
47 50 0.048 49.952
47 49.952 0.0048 49.9472
47 49.9472 0.16 49.7872
47 49.7872 0.0016 49.7856
32 50 0.048 49.952
32 49.952 0.0048 49.9472
32 49.9472 0.16 49.7872
32 49.7872 0.0016 49.7856
51 50 0.048 49.952
42 50 0.048 49.952
53 50 0.0048 49.9952
35 50 0.048 49.952
31 50 0.048 49.952
44 50 0.0048 49.9952
33 50 0.048 49.952
51 50 0.048 49.952
42 50 0.048 49.952
53 50 0.0048 49.9952
35 50 0.048 49.952
26 50 0.0048 49.9952
26 49.9952 0.048 49.9472
35 49.952 0.0096 49.9424
35 49.9424 0.16 49.7824
35 49.7824 0.0016 49.7808
31 50 0.048 49.952
44 50 0.0048 49.9952
31 49.952 0.0048 49.9472
31 49.9472 0.16 49.7872
31 49.7872 0.0016 49.7856
43 50 0.048 49.952
33 50 0.048 49.952
51 50 0.048 49.952
42 50 0.048 49.952
53 50 0.0048 49.9952
37 50 0.048 49.952
43 50 0.048 49.952
33 50 0.048 49.952
51 50 0.048 49.952
42 50 0.048 49.952
53 50 0.0048 49.9952
37 50 0.048 49.952
43 50 0.048 49.952
33 50 0.048 49.952
51 50 0.048 49.952
51 49.952 0.0048 49.9472
51 49.9472 0.16 49.7872
51 49.7872 0.0016 49.7856
42 50 0.048 49.952
37 50 0.048 49.952
43 50 0.048 49.952
33 50 0.048 49.952
26 50 0.048 49.952
42 50 0.048 49.952
37 50 0.048 49.952
43 50 0.048 49.952
33 50 0.048 49.952
26 50 0.048 49.952
39 50 0.0048 49.9952
42 50 0.048 49.952
37 50 0.048 49.952
43 50 0.048 49.952
43 49.952 0.0048 49.9472
43 49.9472 0.16 49.7872
43 49.7872 0.0016 49.7856
33 50 0.048 49.952
26 50 0.048 49.952
39 50 0.0048 49.9952
49 50 0.048 49.952
30 50 0.0048 49.9952
30 49.9952 0.048 49.9472
49 49.952 0.0048 49.9472
49 49.9472 0.16 49.7872
30 49.9472 0.016 49.9312
30 49.9312 0.016 49.9152
49 49.7872 0.0016 49.7856
30 49.9152 0.048 49.8672
49 49.7856 0.0048 49.7808
42 50 0.048 49.952
37 50 0.048 49.952
33 50 0.048 49.952
26 50 0.048 49.952
30 50 0.048 49.952
49 50 0.0048 49.9952
42 50 0.048 49.952
37 50 0.048 49.952
33 50 0.048 49.952
26 50 0.048 49.952
52 50 0.048 49.952
40 50 0.0048 49.9952
40 49.9952 0.048 49.9472
52 49.952 0.0048 49.9472
52 49.9472 0.16 49.7872
40 49.9472 0.016 49.9312
40 49.9312 0.016 49.9152
52 49.7872 0.0016 49.7856
40 49.9152 0.048 49.8672
52 49.7856 0.0048 49.7808
39 50 0.048 49.952
26 49.952 0.0048 49.9472
30 50 0.048 49.952
49 50 0.0048 49.9952
42 50 0.048 49.952
37 50 0.048 49.952
33 50 0.048 49.952
26 50 0.048 49.952
39 50 0.0048 49.9952
40 50 0.048 49.952
39 49.9952 0.048 49.9472
26 49.952 0.0048 49.9472
39 49.9472 0.0048 49.9424
39 49.9424 0.16 49.7824
39 49.7824 0.0016 49.7808
30 50 0.048 49.952
27 50 0.0048 49.9952
49 50 0.0048 49.9952
42 50 0.048 49.952
31 50 0.0048 49.9952
32 50 0.0048 49.9952
44 50 0.0048 49.9952
37 50 0.048 49.952
33 50 0.048 49.952
26 50 0.048 49.952
39 50 0.0048 49.9952
40 50 0.048 49.952
46 50 0.0048 49.9952
52 50 0.0048 49.9952
48 50 0.048 49.952
48 49.952 0.0048 49.9472
48 49.9472 0.16 49.7872
48 49.7872 0.0016 49.7856
30 50 0.048 49.952
30 49.952 0.0048 49.9472
30 49.9472 0.16 49.7872
30 49.7872 0.0016 49.7856
42 50 0.048 49.952
28 50 0.0048 49.9952
31 50 0.0048 49.9952
32 50 0.0048 49.9952
44 50 0.0048 49.9952
48 49.7856 0.0048 49.7808
37 50 0.048 49.952
29 50 0.048 49.952
29 49.952 0.0048 49.9472
29 49.9472 0.16 49.7872
29 49.7872 0.0016 49.7856
33 50 0.048 49.952
33 49.952 0.0048 49.9472
33 49.9472 0.16 49.7872
33 49.7872 0.0016 49.7856
26 50 0.048 49.952
39 50 0.0048 49.9952
26 49.952 0.0048 49.9472
26 49.9472 0.16 49.7872
26 49.7872 0.0016 49.7856
40 50 0.048 49.952
42 50 0.048 49.952
28 50 0.0048 49.9952
31 50 0.0048 49.9952
32 50 0.0048 49.9952
41 50 0.0048 49.9952
44 50 0.0048 49.9952
48 50 0.0048 49.9952
37 50 0.048 49.952
44 50 0.048 49.952
31 49.9952 0.0048 49.9904
32 50 0.0048 49.9952
40 50 0.048 49.952
46 50 0.0048 49.9952
42 50 0.048 49.952
28 50 0.0048 49.9952
31 50 0.0048 49.9952
32 49.9952 0.0048 49.9904
41 50 0.0048 49.9952
44 49.952 0.0048 49.9472
48 50 0.0048 49.9952
37 50 0.048 49.952
44 50 0.048 49.952
31 49.9952 0.0048 49.9904
44 49.952 0.0048 49.9472
44 49.9472 0.16 49.7872
44 49.7872 0.0016 49.7856
30 50 0.048 49.952
49 50 0.0048 49.9952
40 50 0.048 49.952
53 50 0.048 49.952
53 49.952 0.0048 49.9472
53 49.9472 0.16 49.7872
53 49.7872 0.0016 49.7856
42 50 0.048 49.952
28 50 0.0048 49.9952
41 50 0.0048 49.9952
48 50 0.0048 49.9952
37 50 0.048 49.952
30 50 0.048 49.952
49 50 0.0048 49.9952
40 50 0.048 49.952
34 50 0.048 49.952
29 50 0.0048 49.9952
25 50 0.048 49.952
42 50 0.048 49.952
41 50 0.0048 49.9952
37 50 0.048 49.952
37 49.952 0.0048 49.9472
37 49.9472 0.16 49.7872
37 49.7872 0.0016 49.7856
30 50 0.048 49.952
30 49.952 0.0048 49.9472
30 49.9472 0.16 49.7872
30 49.7872 0.0016 49.7856
46 50 0.048 49.952
40 50 0.0048 49.9952
52 50 0.0048 49.9952
40 49.9952 0.048 49.9472
46 49.952 0.0048 49.9472
34 50 0.048 49.952
29 50 0.0048 49.9952
25 50 0.048 49.952
42 50 0.048 49.952
33 50 0.0048 49.9952
36 50 0.048 49.952
46 50 0.048 49.952
40 50 0.0048 49.9952
52 50 0.0048 49.9952
46 49.952 0.0048 49.9472
46 49.9472 0.16 49.7872
46 49.7872 0.0016 49.7856
40 49.9952 0.048 49.9472
46 49.7856 0.0048 49.7808
34 50 0.048 49.952
25 50 0.048 49.952
42 50 0.048 49.952
33 50 0.0048 49.9952
36 50 0.048 49.952
38 50 0.048 49.952
40 50 0.048 49.952
46 49.9311 0.0048 49.9263
34 50 0.048 49.952
25 50 0.048 49.952
42 50 0.048 49.952
25 49.952 0.0048 49.9472
33 50 0.0048 49.9952
36 50 0.048 49.952
38 50 0.048 49.952
50 50 0.048 49.952
50 49.952 0.0048 49.9472
50 49.9472 0.16 49.7872
50 49.7872 0.0016 49.7856
40 50 0.048 49.952
46 50 0.0048 49.9952
52 50 0.0048 49.9952
40 49.952 0.0048 49.9472
40 49.9472 0.16 49.7872
40 49.7872 0.0016 49.7856
34 50 0.048 49.952
29 50 0.0048 49.9952
25 50 0.048 49.952
42 50 0.048 49.952
25 49.952 0.0048 49.9472
33 50 0.0048 49.9952
36 50 0.048 49.952
38 50 0.048 49.952
34 50 0.048 49.952
25 50 0.048 49.952
42 50 0.048 49.952
28 50 0.048 49.952
25 49.952 0.0048 49.9472
36 50 0.048 49.952
38 50 0.048 49.952
40 50 0.048 49.952
52 50 0.0048 49.9952
34 50 0.048 49.952
25 50 0.048 49.952
42 50 0.048 49.952
28 50 0.048 49.952
25 49.952 0.0048 49.9472
36 50 0.048 49.952
38 50 0.048 49.952
40 50 0.048 49.952
46 50 0.0048 49.9952
34 50 0.048 49.952
29 50 0.0048 49.9952
25 50 0.048 49.952
25 49.952 0.0048 49.9472
25 49.9472 0.16 49.7872
25 49.7872 0.0016 49.7856
42 50 0.048 49.952
28 50 0.048 49.952
32 50 0.0048 49.9952
36 50 0.048 49.952
36 49.952 0.0048 49.9472
36 49.9472 0.16 49.7872
36 49.7872 0.0016 49.7856
38 50 0.048 49.952
40 50 0.048 49.952
46 50 0.0048 49.9952
52 50 0.0048 49.9952
34 50 0.048 49.952
29 50 0.0048 49.9952
42 50 0.048 49.952
28 50 0.048 49.952
32 50 0.0048 49.9952
40 49.952 0.0048 49.9472
46 50 0.0048 49.9952
52 49.9952 0.0048 49.9904
38 50 0.048 49.952
40 50 0.048 49.952
46 49.9952 0.0048 49.9904
31 50 0.048 49.952
34 50 0.048 49.952
42 50 0.048 49.952
42 49.952 0.0048 49.9472
42 49.9472 0.16 49.7872
42 49.7872 0.0016 49.7856
28 50 0.048 49.952
32 50 0.0048 49.9952
38 50 0.0048 49.9952
40 49.952 0.0048 49.9472
46 50 0.0048 49.9952
52 50 0.0048 49.9952
38 49.9952 0.048 49.9472
40 50 0.048 49.952
46 49.9952 0.0048 49.9904
52 50 0.0048 49.9952
40 49.952 0.0048 49.9472
40 49.9472 0.16 49.7872
40 49.7872 0.0016 49.7856
31 50 0.048 49.952
44 50 0.0048 49.9952
31 49.952 0.0048 49.9472
31 49.9472 0.16 49.7872
31 49.7872 0.0016 49.7856
34 50 0.048 49.952
29 50 0.0048 49.9952
28 50 0.048 49.952
32 50 0.0048 49.9952
38 50 0.0048 49.9952
40 49.7856 0.0048 49.7808
46 50 0.0048 49.9952
52 49.9952 0.0048 49.9904
45 50 0.048 49.952
38 49.9952 0.048 49.9472
34 50 0.048 49.952
29 50 0.0048 49.9952
34 49.952 0.0048 49.9472
34 49.9472 0.16 49.7872
34 49.7872 0.0016 49.7856
28 50 0.048 49.952
38 50 0.0048 49.9952
40 50 0.0048 49.9952
46 50 0.0048 49.9952
52 50 0.0048 49.9952
45 50 0.048 49.952
45 49.952 0.0048 49.9472
45 49.9472 0.16 49.7872
45 49.7872 0.0016 49.7856
41 50 0.048 49.952
48 50 0.0048 49.9952
38 49.9952 0.048 49.9472
28 50 0.048 49.952
28 49.952 0.0048 49.9472
28 49.9472 0.16 49.7872
28 49.7872 0.0016 49.7856
38 50 0.0048 49.9952
41 50 0.048 49.952
38 49.9952 0.048 49.9472
41 50 0.048 49.952
38 50 0.048 49.952
45 50 0.0048 49.9952
41 50 0.048 49.952
38 50 0.048 49.952
49 50 0.048 49.952
27 50 0.0048 49.9952
30 50 0.0048 49.9952
30 49.9952 0.048 49.9472
49 49.952 0.0096 49.9424
49 49.9424 0.16 49.7824
49 49.7824 0.0016 49.7808
45 50 0.0048 49.9952
41 50 0.048 49.952
41 49.952 0.0048 49.9472
41 49.9472 0.16 49.7872
41 49.7872 0.0016 49.7856
38 50 0.048 49.952
45 50 0.0048 49.9952
54 50 0.0048 49.9952
38 50 0.048 49.952
52 50 0.048 49.952
29 50 0.0048 49.9952
45 50 0.0048 49.9952
50 50 0.0048 49.9952
54 50 0.0048 49.9952
38 50 0.048 49.952
38 49.952 0.0048 49.9472
38 49.9472 0.16 49.7872
38 49.7872 0.0016 49.7856
52 50 0.048 49.952
52 49.952 0.0048 49.9472
52 49.9472 0.16 49.7872
52 49.7872 0.0016 49.7856
29 50 0.0048 49.9952
34 50 0.0048 49.9952
50 50 0.0048 49.9952
54 50 0.0048 49.9952
29 50 0.0048 49.9952
34 50 0.0048 49.9952
37 50 0.0048 49.9952
42 50 0.0048 49.9952
50 50 0.0048 49.9952
54 50 0.0048 49.9952
47 50 0.048 49.952
48 50 0.048 49.952
41 50 0.0048 49.9952
41 49.9952 0.048 49.9472
48 49.952 0.0048 49.9472
48 49.9472 0.16 49.7872
41 49.9472 0.016 49.9312
41 49.9312 0.016 49.9152
48 49.7872 0.0016 49.7856
41 49.9152 0.048 49.8672
48 49.7856 0.0048 49.7808
41 49.8672 0.0048 49.8624
41 49.8624 0.16 49.7024
41 49.7024 0.0016 49.7008
29 50 0.0048 49.9952
34 50 0.0048 49.9952
37 50 0.0048 49.9952
42 50 0.0048 49.9952
50 50 0.0048 49.9952
47 50 0.048 49.952
47 49.952 0.0048 49.9472
47 49.9472 0.16 49.7872
47 49.7872 0.0016 49.7856
29 50 0.0048 49.9952
34 50 0.0048 49.9952
37 50 0.0048 49.9952
42 50 0.0048 49.9952
49 50 0.0048 49.9952
32 50 0.048 49.952
31 50 0.0048 49.9952
27 50 0.0048 49.9952
30 50 0.0048 49.9952
37 50 0.0048 49.9952
42 50 0.0048 49.9952
49 50 0.0048 49.9952
46 50 0.048 49.952
32 50 0.048 49.952
32 49.952 0.0048 49.9472
32 49.9472 0.16 49.7872
32 49.7872 0.0016 49.7856
27 50 0.0048 49.9952
30 50 0.0048 49.9952
42 50 0.0048 49.9952
43 50 0.0048 49.9952
49 50 0.0048 49.9952
46 50 0.048 49.952
40 50 0.0048 49.9952
27 50 0.0048 49.9952
30 50 0.0048 49.9952
43 50 0.0048 49.9952
49 50 0.0048 49.9952
54 50 0.048 49.952
46 50 0.048 49.952
40 50 0.0048 49.9952
27 50 0.0048 49.9952
30 50 0.0048 49.9952
43 50 0.0048 49.9952
49 50 0.0048 49.9952
54 50 0.048 49.952
46 50 0.048 49.952
36 50 0.0048 49.9952
43 50 0.0048 49.9952
51 50 0.0048 49.9952
54 50 0.048 49.952
46 50 0.048 49.952
36 50 0.0048 49.9952
47 50 0.0048 49.9952
51 50 0.0048 49.9952
54 50 0.048 49.952
46 50 0.048 49.952
30 50 0.048 49.952
49 50 0.0048 49.9952
36 50 0.0048 49.9952
47 50 0.0048 49.9952
51 50 0.0048 49.9952
54 50 0.048 49.952
46 50 0.048 49.952
52 50 0.0048 49.9952
27 50 0.048 49.952
49 49.9952 0.0048 49.9904
35 50 0.048 49.952
30 50 0.048 49.952
49 50 0.0048 49.9952
36 50 0.0048 49.9952
47 50 0.0048 49.9952
51 50 0.0048 49.9952
54 50 0.048 49.952
46 50 0.048 49.952
52 50 0.0048 49.9952
27 50 0.048 49.952
30 50 0.0048 49.9952
49 49.9952 0.0048 49.9904
27 49.952 0.0048 49.9472
27 49.9472 0.16 49.7872
27 49.7872 0.0016 49.7856
35 50 0.048 49.952
50 50 0.048 49.952
30 49.9952 0.048 49.9472
27 49.7856 0.0048 49.7808
49 50 0.0048 49.9952
35 49.952 0.0048 49.9472
36 50 0.0048 49.9952
47 50 0.0048 49.9952
54 50 0.048 49.952
46 50 0.048 49.952
35 50 0.048 49.952
36 50 0.048 49.952
50 50 0.048 49.952
30 50 0.048 49.952
27 49.9572 0.0048 49.9524
49 50 0.0048 49.9952
26 50 0.0048 49.9952
35 49.952 0.0048 49.9472
39 50 0.0048 49.9952
54 50 0.048 49.952
46 50 0.048 49.952
40 50 0.0048 49.9952
33 50 0.048 49.952
35 50 0.048 49.952
36 50 0.048 49.952
50 50 0.048 49.952
30 50 0.048 49.952
27 50 0.0048 49.9952
49 50 0.0048 49.9952
30 49.952 0.0048 49.9472
30 49.9472 0.16 49.7872
30 49.7872 0.0016 49.7856
39 49.9952 0.048 49.9472
26 50 0.0048 49.9952
35 49.952 0.0048 49.9472
39 50 0.0048 49.9952
54 50 0.048 49.952
46 50 0.048 49.952
40 50 0.0048 49.9952
33 50 0.048 49.952
33 49.952 0.0048 49.9472
33 49.9472 0.16 49.7872
33 49.7872 0.0016 49.7856
35 50 0.048 49.952
36 50 0.048 49.952
50 50 0.048 49.952
39 49.9952 0.048 49.9472
26 50 0.0048 49.9952
26 49.9952 0.0048 49.9904
35 49.952 0.0048 49.9472
39 50 0.0048 49.9952
54 50 0.048 49.952
46 50 0.048 49.952
40 50 0.0048 49.9952
35 50 0.048 49.952
36 50 0.048 49.952
50 50 0.048 49.952
39 49.9952 0.048 49.9472
26 50 0.0048 49.9952
26 49.9952 0.0048 49.9904
39 50 0.0048 49.9952
54 50 0.048 49.952
46 50 0.048 49.952
40 50 0.0048 49.9952
35 50 0.048 49.952
36 50 0.048 49.952
50 50 0.048 49.952
39 49.9952 0.048 49.9472
26 50 0.0048 49.9952
54 50 0.048 49.952
46 50 0.048 49.952
40 50 0.0048 49.9952
35 50 0.048 49.952
36 50 0.048 49.952
50 50 0.048 49.952
39 50 0.048 49.952
54 50 0.048 49.952
46 50 0.048 49.952
35 50 0.048 49.952
36 50 0.048 49.952
36 49.952 0.0048 49.9472
36 49.9472 0.16 49.7872
36 49.7872 0.0016 49.7856
50 50 0.048 49.952
39 50 0.048 49.952
26 50 0.0048 49.9952
53 50 0.0048 49.9952
54 50 0.048 49.952
46 50 0.048 49.952
35 50 0.048 49.952
