43 1891 0 100 0.1 1.07956 1.17956
29 1894 0 100 0.1 1.12058 1.22058
30 1890 0 100 0.2 1.04822 1.24822
32 1899 0 100 0.1 1.31904 1.41904
35 1896 0 100 0.2 1.23583 1.43583
28 1904 0 100 1.16701e-07 1.49364 1.49364
62 1902 0 100 0.1 1.4858 1.58581
58 1905 0 100 0.1 1.50862 1.60862
44 1893 0 100 0.6 1.11087 1.71087
40 1908 0 100 0.1 1.7183 1.8183
47 1897 0 100 0.7 1.28043 1.98043
38 1920 0 100 5.83505e-08 2.05589 2.05589
46 1916 0 100 0.1 1.96812 2.06812
57 1919 0 100 0.2 2.03464 2.23464
60 1918 0 100 0.3 1.98605 2.28605
31 1903 0 100 1 1.49268 2.49268
25 1934 0 100 5.83505e-08 2.55145 2.55145
42 1929 0 100 0.1 2.47119 2.57119
36 1915 0 100 0.7 1.90639 2.60639
59 1932 0 100 0.1 2.51131 2.61131
37 1911 0 100 0.9 1.7871 2.6871
26 1940 0 100 9.33608e-08 2.70772 2.70772
56 1926 0 100 0.5 2.2981 2.7981
27 1928 0 100 0.4 2.44472 2.84472
64 1941 0 100 0.1 2.75571 2.85571
34 1945 0 100 4.66804e-08 2.88447 2.88447
55 1912 0 100 1.2 1.8187 3.0187
49 1944 0 100 0.3 2.81303 3.11303
63 1938 0 100 0.5 2.64318 3.14318
33 1923 0 100 1 2.18831 3.18831
51 1914 0 100 1.4 1.90398 3.30398
29 1955 0 100 1.51711e-07 3.46439 3.46439
30 1953 0 100 0.2 3.38274 3.58274
61 1949 0 100 0.8 2.9977 3.7977
54 1942 0 100 1.1 2.78191 3.88191
39 1936 0 100 1.3 2.58597 3.88597
53 1924 0 100 1.9 2.20175 4.10175
45 1947 0 100 1.4 2.8902 4.2902
43 1959 0 100 0.6 3.75945 4.35945
32 1965 0 100 0.1 4.26761 4.36761
41 1909 0 100 2.8 1.73087 4.53087
58 1971 0 100 0.2 4.55222 4.75222
48 1933 0 100 2.3 2.52506 4.82506
50 1931 0 100 2.4 2.50829 4.90829
28 1969 0 100 0.5 4.44619 4.94619
44 1973 0 100 0.4 4.6671 5.0671
38 1974 0 100 0.5 4.66852 5.16852
60 1983 0 100 1.16701e-07 5.27291 5.27291
52 1937 0 100 2.8 2.62629 5.42629
26 1980 0 100 0.8 5.03114 5.83114
62 1967 0 100 1.6 4.37533 5.97533
35 1978 0 100 1.1 4.92047 6.02047
42 1985 0 100 0.8 5.31371 6.11371
40 1992 0 100 0.8 5.86273 6.66273
31 2003 0 100 0.1 6.56903 6.66903
46 2007 0 100 2.33402e-08 6.68757 6.68757
36 2000 0 100 0.4 6.40902 6.80902
55 2008 0 100 0.1 6.72144 6.82144
30 2012 0 100 3.50103e-08 6.95894 6.95894
59 2013 0 100 7.00206e-08 6.97879 6.97879
57 2010 0 100 0.3 6.80897 7.10897
45 2005 0 100 0.8 6.61802 7.41802
27 2023 0 100 0.2 7.29119 7.49119
56 2020 0 100 0.4 7.2728 7.6728
64 2022 0 100 0.4 7.28536 7.68536
29 1989 0 100 2.1 5.60352 7.70352
28 2030 0 100 0.1 7.75315 7.85315
33 2031 0 100 0.2 7.76809 7.96809
25 2019 0 100 0.8 7.25882 8.05882
47 1998 0 100 1.8 6.29175 8.09175
38 2025 0 100 0.8 7.36039 8.16039
51 2038 0 100 3.50103e-08 8.16577 8.16577
43 2040 0 100 0.1 8.23024 8.33024
49 2035 0 100 0.5 7.88633 8.38633
63 2016 0 100 1.5 7.08526 8.58526
61 2018 0 100 1.4 7.25495 8.65495
52 2045 0 100 0.3 8.53781 8.83781
53 2053 0 100 1.28371e-07 8.9777 8.9777
37 2024 0 100 1.7 7.35809 9.05809
62 2060 0 100 0.3 9.25778 9.55778
29 2055 0 100 0.6 9.00502 9.60502
45 2069 0 100 1.28371e-07 9.78367 9.78367
46 2071 0 100 1.16701e-07 9.80738 9.80738
48 2065 0 100 0.3 9.53184 9.83184
34 2002 0 100 3.3 6.56716 9.86716
39 2033 0 100 2.1 7.87011 9.97011
50 2059 0 100 0.9 9.24006 10.1401
32 2050 0 100 1.4 8.79977 10.1998
58 2051 0 100 1.6 8.8202 10.4202
26 2056 0 100 1.4 9.0419 10.4419
59 2085 0 100 3.50103e-08 10.7677 10.7677
54 2043 0 100 2.4 8.40378 10.8038
27 2078 0 100 0.6 10.2945 10.8945
25 2089 0 100 8.16907e-08 10.9512 10.9512
49 2093 0 100 3.50103e-08 11.1338 11.1338
47 2047 0 100 2.6 8.64135 11.2414
37 2100 0 100 9.33608e-08 11.5165 11.5165
40 2083 0 100 1.2 10.6464 11.8464
44 2062 0 100 2.7 9.28521 11.9852
30 2098 0 100 0.6 11.4462 12.0462
38 2095 0 100 0.9 11.2248 12.1248
41 2112 0 100 4.66804e-08 12.1602 12.1602
60 2068 0 100 2.4 9.76234 12.1623
55 2091 0 100 1.2 11.0582 12.2582
31 2086 0 100 1.6 10.7729 12.3729
28 2116 0 100 0.2 12.211 12.411
61 2110 0 100 0.6 12.0786 12.6786
56 2105 0 100 0.9 11.7955 12.6955
46 2108 0 100 0.8 12.0063 12.8063
50 2115 0 100 0.9 12.2078 13.1078
34 2117 0 100 1 12.2184 13.2184
42 2079 0 100 3 10.3 13.3
43 2134 0 100 0.1 13.2612 13.3612
53 2131 0 100 0.3 13.0668 13.3668
52 2122 0 100 0.8 12.6133 13.4133
57 2109 0 100 1.4 12.0152 13.4152
36 2139 0 100 3.50103e-08 13.5213 13.5213
39 2136 0 100 0.3 13.2975 13.5975
63 2130 0 100 0.8 13.0628 13.8628
47 2126 0 100 1.1 12.8421 13.9421
35 2103 0 100 2.3 11.7566 14.0566
51 2124 0 100 1.5 12.7375 14.2375
25 2152 0 100 1.28371e-07 14.3163 14.3163
27 2149 0 100 0.2 14.2634 14.4634
37 2151 0 100 0.2 14.3019 14.5019
58 2155 0 100 0.2 14.5005 14.7005
29 2145 0 100 0.8 14.0234 14.8234
59 2160 0 100 0.1 14.7362 14.8362
41 2162 0 100 0.1 14.8236 14.9236
