100 73
111 74
30 74
33 74
45 74
71 74
43 74
13 74
12 74
14 74
11 74
15 74
26 74
28 74
10 74
66 74
16 74
9 74
42 74
17 74
8 74
40 74
70 74
18 74
35 74
41 74
44 74
57 74
76 74
91 74
7 74
29 74
62 74
69 74
89 74
95 74
19 74
32 74
59 74
98 74
6 74
20 74
85 74
86 74
5 74
21 74
37 74
4 74
22 74
3 74
51 74
23 74
34 74
2 74
24 74
1 74
94 74
49 74
88 74
107 74
100 74
90 74
43 76
71 76
103 74
47 73
1 73
2 73
103 73
3 73
4 73
5 73
6 73
7 73
8 73
9 73
10 73
11 73
12 73
13 73
14 73
15 73
16 73
17 73
71 73
18 73
19 73
20 73
21 73
22 73
23 73
24 73
42 75
13 75
12 75
14 75
11 75
15 75
10 75
16 75
9 75
17 75
8 75
18 75
7 75
19 75
6 75
20 75
5 75
21 75
4 75
22 75
3 75
23 75
2 75
24 75
1 75
97 74
109 72
2 72
1 72
3 72
97 72
4 72
5 72
6 72
7 72
8 72
9 72
10 72
11 72
12 72
13 72
14 72
15 72
16 72
17 72
18 72
19 72
20 72
21 72
22 72
23 72
24 72
92 74
92 77
1 77
2 77
3 77
4 77
5 77
6 77
7 77
8 77
9 77
10 77
11 77
12 77
13 77
14 77
15 77
16 77
17 77
18 77
19 77
20 77
21 77
22 77
23 77
24 77
111 76
19 76
18 76
20 76
17 76
21 76
16 76
22 76
15 76
23 76
14 76
24 76
13 76
12 76
11 76
10 76
9 76
8 76
7 76
6 76
5 76
4 76
3 76
2 76
1 76
56 74
83 74
25 74
36 74
101 74
43 73
71 75
108 74
101 78
1 78
2 78
3 78
4 78
5 78
6 78
7 78
8 78
9 78
10 78
11 78
12 78
13 78
14 78
15 78
16 78
17 78
18 78
19 78
20 78
21 78
22 78
23 78
24 78
65 74
113 74
79 74
43 75
71 78
43 78
50 74
114 74
112 74
42 72
112 72
68 74
102 74
84 74
99 74
71 79
43 79
8 79
7 79
9 79
6 79
10 79
5 79
11 79
4 79
112 79
12 79
3 79
13 79
2 79
14 79
1 79
15 79
16 79
17 79
18 79
19 79
20 79
21 79
22 79
23 79
24 79
43 80
96 74
71 80
12 80
11 80
13 80
10 80
14 80
9 80
15 80
8 80
16 80
7 80
17 80
6 80
18 80
5 80
19 80
4 80
20 80
3 80
21 80
2 80
22 80
1 80
23 80
24 80
58 74
74 74
61 74
100 75
109 77
97 77
92 76
93 74
83 78
101 79
78 74
43 81
21 81
20 81
22 81
19 81
23 81
18 81
24 81
17 81
16 81
15 81
14 81
13 81
12 81
11 81
10 81
9 81
8 81
7 81
6 81
5 81
4 81
3 81
2 81
1 81
78 81
101 81
64 74
82 74
79 79
53 74
38 74
77 74
71 81
77 81
50 79
111 73
110 74
104 74
114 79
48 74
71 82
42 79
31 74
112 80
31 80
104 79
43 82
8 82
7 82
9 82
6 82
10 82
5 82
104 82
11 82
4 82
31 82
12 82
3 82
13 82
2 82
14 82
1 82
15 82
16 82
17 82
18 82
19 82
20 82
21 82
22 82
23 82
24 82
43 84
10 84
9 84
11 84
8 84
12 84
7 84
13 84
6 84
14 84
5 84
15 84
4 84
16 84
3 84
17 84
2 84
18 84
1 84
19 84
20 84
21 84
22 84
23 84
24 84
101 83
16 83
15 83
17 83
14 83
18 83
13 83
19 83
12 83
20 83
11 83
21 83
10 83
22 83
9 83
23 83
8 83
24 83
7 83
6 83
5 83
4 83
3 83
2 83
1 83
107 73
61 77
109 81
100 81
72 74
56 78
92 81
108 78
82 82
113 79
39 74
52 74
53 82
79 82
52 82
43 83
111 82
