26 7
4 7
3 7
5 7
2 7
6 7
1 7
7 7
8 7
37 7
9 7
10 7
11 7
12 7
13 7
14 7
15 7
16 7
17 7
18 7
41 7
19 7
20 7
21 7
22 7
23 7
24 7
30 9
14 9
13 9
15 9
12 9
16 9
11 9
17 9
10 9
18 9
9 9
19 9
8 9
20 9
7 9
21 9
6 9
22 9
5 9
23 9
4 9
24 9
3 9
2 9
1 9
36 8
30 8
15 8
14 8
16 8
13 8
17 8
12 8
18 8
11 8
19 8
10 8
20 8
9 8
21 8
8 8
22 8
7 8
23 8
6 8
24 8
5 8
4 8
3 8
2 8
1 8
29 7
33 7
30 7
43 7
35 6
25 7
41 9
33 10
43 11
8 11
7 11
9 11
6 11
10 11
5 11
11 11
4 11
12 11
3 11
13 11
2 11
14 11
1 11
15 11
16 11
17 11
18 11
19 11
20 11
21 11
22 11
23 11
24 11
30 10
33 11
37 9
32 7
43 13
22 13
21 13
23 13
20 13
24 13
19 13
32 13
18 13
17 13
16 13
15 13
14 13
13 13
12 13
11 13
10 13
9 13
8 13
7 13
6 13
5 13
4 13
3 13
2 13
1 13
35 11
33 12
18 12
17 12
19 12
16 12
20 12
15 12
21 12
14 12
22 12
13 12
23 12
12 12
24 12
11 12
10 12
9 12
8 12
7 12
6 12
5 12
4 12
3 12
2 12
1 12
25 11
39 7
36 7
33 14
11 14
10 14
12 14
9 14
13 14
8 14
14 14
7 14
15 14
6 14
16 14
5 14
17 14
4 14
18 14
3 14
19 14
2 14
20 14
1 14
21 14
22 14
23 14
24 14
42 7
35 12
38 7
33 15
36 14
30 11
