39 6278 1.01257
51 6280 1.04656
44 6281 1.10675
57 6283 1.13731
52 6284 1.14447
85 6285 1.18684
62 6286 1.19593
63 6287 1.19951
93 6288 1.2232
84 6290 1.25136
83 6291 1.27992
41 6292 1.30823
64 6293 1.31137
61 6295 1.36567
45 6296 1.37511
38 6297 1.39342
77 6299 1.46734
79 6300 1.53075
68 6302 1.57307
70 6303 1.58998
48 6305 1.65103
47 6306 1.65164
35 6307 1.66804
71 6309 1.75757
87 6310 1.78569
78 6311 1.80351
73 6312 1.80495
91 6313 1.81127
43 6315 1.84605
50 6316 1.86766
86 6317 1.88115
58 6318 1.90204
55 6319 1.90345
54 6320 1.91223
88 6322 2.02487
75 6324 2.12547
49 6326 2.14539
72 6327 2.14632
34 6328 2.20727
67 6329 2.21557
66 6331 2.25613
94 6332 2.32476
74 6334 2.3552
28 6335 2.36277
36 6336 2.36518
69 6337 2.39052
60 6339 2.43795
81 6340 2.45332
82 6341 2.46042
42 6342 2.49916
53 6343 2.51048
37 6345 2.5795
80 6346 2.60495
65 6347 2.61934
56 6349 2.68198
32 6350 2.70819
46 6351 2.71551
76 6353 2.8227
29 6355 2.83502
27 6357 2.93898
30 6358 2.95947
33 6359 2.98457
26 6360 2.99846
57 6369 3.74171
93 6370 3.79296
41 6372 3.83521
87 6373 3.83894
47 6375 3.97938
45 6377 4.08437
88 6378 4.10566
51 6381 4.30755
31 6383 4.34489
54 6386 4.56123
68 6388 4.66052
83 6390 4.7765
53 6391 4.78009
77 6392 4.8143
39 6396 5.05589
29 6397 5.06699
43 6398 5.10337
34 6400 5.15409
64 6401 5.16749
69 6403 5.23788
72 6404 5.24229
80 6406 5.3435
71 6407 5.39223
61 6409 5.45539
28 6411 5.58616
70 6412 5.59018
67 6413 5.59565
90 6414 5.60383
26 6415 5.6158
94 6417 5.65603
73 6418 5.68112
32 6420 5.80083
44 6421 5.81563
66 6423 5.84068
59 6424 5.86242
37 6425 5.8625
56 6426 5.8656
78 6428 5.9403
91 6429 5.94211
48 6430 5.9742
50 6431 5.99251
38 6433 6.03629
65 6434 6.05368
27 6435 6.05578
52 6437 6.17387
84 6438 6.17703
47 6439 6.18533
79 6440 6.21996
42 6442 6.24814
58 6443 6.33079
85 6445 6.34632
30 6446 6.38336
74 6447 6.42283
63 6450 6.59182
31 6451 6.6265
62 6454 6.78185
25 6456 6.84701
86 6457 6.89856
88 6458 6.92376
60 6459 6.92781
75 6461 6.95595
49 6462 6.97945
76 6463 6.9884
51 6465 7.08113
81 6467 7.22989
82 6468 7.23056
55 6470 7.23444
93 6471 7.32261
89 6474 7.51698
36 6477 7.65166
33 6478 7.68326
53 6482 8.0157
78 6486 8.2773
56 6491 8.69225
72 6492 8.73212
38 6494 8.7603
73 6495 8.80511
67 6496 8.80923
68 6498 8.83699
39 6499 8.86955
26 6500 8.92777
54 6502 8.96611
34 6504 9.07715
64 6505 9.10518
29 6507 9.2035
45 6509 9.29509
84 6510 9.30823
32 6511 9.33236
49 6513 9.35451
47 6516 9.59423
61 6517 9.61644
48 6518 9.61799
89 6520 9.69145
59 6522 9.7708
80 6524 9.83677
44 6526 9.98774
77 6529 10.1356
27 6530 10.138
90 6531 10.1793
71 6533 10.2946
70 6534 10.3269
42 6536 10.3543
30 6538 10.449
33 6539 10.458
81 6540 10.5014
31 6541 10.5232
37 6542 10.5318
41 6544 10.5452
79 6545 10.5826
28 6546 10.5828
63 6547 10.6173
94 6549 10.6645
74 6551 10.7636
57 6553 10.8852
69 6554 10.8952
86 6555 10.9063
35 6557 10.9465
88 6558 11.0041
65 6560 11.0473
46 6561 11.074
53 6563 11.1343
66 6564 11.1748
52 6567 11.3859
60 6568 11.4209
58 6569 11.4232
40 6571 11.4636
93 6572 11.4859
54 6573 11.5213
87 6575 11.5805
76 6577 11.688
48 6579 11.7925
25 6581 11.9101
75 6583 11.9539
80 6584 12.0273
47 6586 12.0519
55 6587 12.1141
84 6589 12.1373
82 6590 12.2195
29 6594 12.4902
44 6596 12.5473
67 6597 12.6011
36 6599 12.7139
33 6601 12.7862
68 6602 12.7886
85 6604 12.8884
72 6606 12.9826
78 6607 13.0286
43 6609 13.0876
49 6611 13.1582
69 6612 13.206
61 6614 13.2721
46 6616 13.3642
70 6618 13.4477
32 6619 13.4649
39 6620 13.4683
73 6621 13.5244
37 6624 13.7019
92 6626 13.8239
66 6628 13.8835
50 6629 13.9112
26 6631 13.9369
59 6632 13.9506
54 6633 13.9667
88 6634 13.9732
71 6635 14.0319
41 6637 14.0362
34 6638 14.0552
89 6639 14.0608
64 6641 14.157
65 6643 14.2364
45 6646 14.4943
79 6648 14.5706
40 6649 14.6324
52 6651 14.6805
30 6652 14.7031
82 6654 14.7731
28 6655 14.8198
63 6657 14.8368
