0 5029
0 5030
0 5031
0 5032
0 5033
0 5034
0 5035
0 5036
0 5037
0 5038
0 5039
0 5042
0 5043
0 5047
33 5048
10 5048
9 5048
8 5048
7 5048
6 5048
5 5048
4 5048
3 5048
2 5048
1 5048
30 5049
2 5049
1 5049
35 5041
15 5041
16 5041
17 5041
18 5041
19 5041
20 5041
21 5041
22 5041
23 5041
24 5041
0 5050
0 5053
43 5054
19 5054
20 5054
21 5054
22 5054
23 5054
24 5054
38 5051
3 5051
2 5051
1 5051
0 5055
0 5056
34 5044
10 5044
9 5044
8 5044
7 5044
6 5044
5 5044
4 5044
3 5044
2 5044
1 5044
27 5045
0 5060
0 5062
0 5064
50 5063
19 5063
20 5063
21 5063
22 5063
23 5063
24 5063
0 5067
0 5068
37 5057
21 5057
22 5057
23 5057
24 5057
0 5072
52 5065
24 5065
46 5070
21 5070
22 5070
23 5070
24 5070
28 5059
39 5071
0 5076
36 5058
22 5058
23 5058
24 5058
49 5074
21 5074
22 5074
23 5074
24 5074
0 5079
45 5066
21 5066
22 5066
23 5066
24 5066
54 5077
6 5077
5 5077
4 5077
3 5077
2 5077
1 5077
33 5045
16 5045
17 5045
18 5045
19 5045
20 5045
21 5045
22 5045
23 5045
24 5045
0 5080
0 5082
51 5083
1 5083
41 5075
32 5081
19 5081
20 5081
21 5081
22 5081
23 5081
24 5081
0 5084
42 5085
11 5085
10 5085
9 5085
8 5085
7 5085
6 5085
5 5085
4 5085
3 5085
2 5085
1 5085
26 5073
10 5073
9 5073
8 5073
7 5073
6 5073
5 5073
4 5073
3 5073
2 5073
1 5073
40 5052
4 5052
3 5052
2 5052
1 5052
27 5075
0 5086
0 5088
44 5078
6 5078
5 5078
4 5078
3 5078
2 5078
1 5078
0 5089
48 5087
18 5087
19 5087
20 5087
21 5087
22 5087
23 5087
24 5087
34 5059
17 5059
18 5059
19 5059
20 5059
21 5059
22 5059
23 5059
24 5059
0 5090
47 5040
4 5040
3 5040
2 5040
1 5040
0 5091
0 5092
0 5093
0 5094
29 5061
0 5095
0 5097
30 5098
14 5098
15 5098
16 5098
17 5098
18 5098
19 5098
20 5098
21 5098
22 5098
23 5098
24 5098
31 5046
1 5046
0 5099
25 5071
0 5100
38 5096
15 5096
16 5096
17 5096
18 5096
19 5096
20 5096
21 5096
22 5096
23 5096
24 5096
0 5101
0 5102
26 5071
17 5071
18 5071
19 5071
20 5071
21 5071
22 5071
23 5071
24 5071
33 5075
24 5075
0 5103
0 5104
0 5105
53 5069
3 5069
2 5069
1 5069
0 5106
0 5108
33 5107
0 5109
27 5107
0 5111
43 5110
10 5110
9 5110
8 5110
7 5110
6 5110
5 5110
4 5110
3 5110
2 5110
1 5110
0 5112
0 5113
48 5114
3 5114
2 5114
1 5114
0 5115
39 5116
21 5116
22 5116
23 5116
24 5116
0 5117
0 5120
49 5118
10 5118
9 5118
8 5118
7 5118
6 5118
5 5118
4 5118
3 5118
2 5118
1 5118
0 5122
0 5124
0 5126
0 5127
50 5125
12 5125
11 5125
10 5125
9 5125
8 5125
7 5125
6 5125
5 5125
4 5125
3 5125
2 5125
1 5125
0 5130
35 5129
12 5129
11 5129
10 5129
9 5129
8 5129
7 5129
6 5129
5 5129
4 5129
3 5129
2 5129
1 5129
29 5132
0 5133
0 5135
28 5128
44 5134
21 5134
22 5134
23 5134
24 5134
0 5136
26 5123
1 5123
0 5139
52 5138
0 5141
25 5140
2 5140
1 5140
47 5121
19 5121
20 5121
21 5121
22 5121
23 5121
24 5121
0 5142
54 5119
41 5107
10 5107
9 5107
8 5107
7 5107
6 5107
5 5107
4 5107
3 5107
2 5107
1 5107
0 5144
0 5145
36 5131
17 5131
18 5131
19 5131
20 5131
21 5131
22 5131
23 5131
24 5131
0 5146
0 5147
0 5151
45 5149
0 5153
27 5152
0 5154
32 5137
15 5137
16 5137
17 5137
18 5137
19 5137
20 5137
21 5137
22 5137
23 5137
24 5137
41 5152
13 5152
14 5152
15 5152
16 5152
17 5152
18 5152
19 5152
20 5152
21 5152
22 5152
23 5152
24 5152
0 5155
0 5156
0 5157
30 5158
50 5149
20 5149
21 5149
22 5149
23 5149
24 5149
0 5160
46 5143
21 5143
22 5143
23 5143
24 5143
37 5150
22 5150
23 5150
24 5150
0 5161
51 5138
0 5162
34 5128
14 5128
15 5128
16 5128
17 5128
18 5128
19 5128
20 5128
21 5128
22 5128
23 5128
24 5128
0 5163
0 5164
0 5165
0 5167
0 5169
33 5170
31 5132
22 5132
23 5132
24 5132
0 5171
0 5173
52 5174
0 5175
27 5170
53 5166
23 5166
24 5166
0 5176
38 5158
12 5158
11 5158
10 5158
9 5158
8 5158
7 5158
6 5158
5 5158
4 5158
3 5158
2 5158
1 5158
40 5148
7 5148
6 5148
5 5148
4 5148
3 5148
2 5148
1 5148
28 5168
19 5168
20 5168
21 5168
22 5168
23 5168
24 5168
0 5178
0 5179
0 5181
0 5182
41 5170
22 5170
23 5170
24 5170
54 5180
12 5180
11 5180
10 5180
9 5180
8 5180
7 5180
6 5180
5 5180
4 5180
3 5180
2 5180
1 5180
0 5184
0 5185
0 5186
49 5187
4 5187
3 5187
2 5187
1 5187
45 5189
4 5189
3 5189
2 5189
1 5189
0 5190
48 5188
24 5188
0 5192
0 5193
0 5195
26 5194
0 5196
0 5199
39 5172
19 5172
20 5172
21 5172
22 5172
23 5172
24 5172
0 5200
27 5197
2 5197
1 5197
0 5201
0 5203
44 5202
16 5202
17 5202
18 5202
19 5202
20 5202
21 5202
22 5202
23 5202
24 5202
0 5204
35 5177
8 5177
7 5177
6 5177
5 5177
4 5177
3 5177
2 5177
1 5177
36 5198
10 5198
9 5198
8 5198
7 5198
6 5198
5 5198
4 5198
3 5198
2 5198
1 5198
0 5205
51 5174
13 5174
14 5174
15 5174
16 5174
17 5174
18 5174
19 5174
20 5174
21 5174
22 5174
23 5174
24 5174
29 5183
8 5183
7 5183
6 5183
5 5183
4 5183
3 5183
2 5183
1 5183
42 5159
23 5159
24 5159
0 5206
25 5194
22 5194
23 5194
24 5194
0 5207
0 5210
50 5211
0 5212
41 5209
6 5209
5 5209
4 5209
3 5209
2 5209
1 5209
0 5213
0 5214
52 5208
16 5208
17 5208
18 5208
19 5208
20 5208
21 5208
22 5208
23 5208
24 5208
0 5216
45 5211
12 5211
11 5211
10 5211
9 5211
8 5211
7 5211
6 5211
5 5211
4 5211
3 5211
2 5211
1 5211
34 5215
47 5218
17 5218
18 5218
19 5218
20 5218
21 5218
22 5218
23 5218
24 5218
0 5219
0 5221
33 5220
0 5224
27 5220
9 5220
8 5220
7 5220
6 5220
5 5220
4 5220
3 5220
2 5220
1 5220
45 5223
50 5223
14 5223
15 5223
16 5223
17 5223
18 5223
19 5223
20 5223
21 5223
22 5223
23 5223
24 5223
0 5225
28 5215
7 5215
6 5215
5 5215
4 5215
3 5215
2 5215
1 5215
43 5191
17 5191
18 5191
19 5191
20 5191
21 5191
22 5191
23 5191
24 5191
0 5227
0 5228
46 5226
16 5226
17 5226
18 5226
19 5226
20 5226
21 5226
22 5226
23 5226
24 5226
0 5230
0 5231
0 5233
0 5235
0 5237
53 5236
15 5236
16 5236
17 5236
18 5236
19 5236
20 5236
21 5236
22 5236
23 5236
24 5236
0 5239
0 5240
0 5244
54 5242
4 5242
3 5242
2 5242
1 5242
0 5246
40 5234
1 5234
0 5248
28 5247
13 5247
14 5247
15 5247
16 5247
17 5247
18 5247
19 5247
20 5247
21 5247
22 5247
23 5247
24 5247
32 5222
17 5222
18 5222
19 5222
20 5222
21 5222
22 5222
23 5222
24 5222
44 5245
3 5245
2 5245
1 5245
0 5249
48 5243
0 5250
41 5243
27 5243
16 5243
17 5243
18 5243
19 5243
20 5243
21 5243
22 5243
23 5243
24 5243
0 5251
38 5229
8 5229
7 5229
6 5229
5 5229
4 5229
3 5229
2 5229
1 5229
0 5252
52 5253
1 5253
0 5254
37 5217
24 5217
26 5256
25 5256
10 5256
9 5256
8 5256
7 5256
6 5256
5 5256
4 5256
3 5256
2 5256
1 5256
0 5257
0 5258
0 5260
0 5261
27 5263
19 5263
20 5263
21 5263
22 5263
23 5263
24 5263
0 5264
25 5262
31 5238
23 5238
24 5238
49 5241
0 5265
29 5259
24 5259
30 5232
12 5232
11 5232
10 5232
9 5232
8 5232
7 5232
6 5232
5 5232
4 5232
3 5232
2 5232
1 5232
0 5266
34 5268
19 5268
20 5268
21 5268
22 5268
23 5268
24 5268
0 5269
0 5273
0 5274
50 5271
0 5276
0 5277
0 5279
0 5280
0 5281
47 5255
9 5255
8 5255
7 5255
6 5255
5 5255
4 5255
3 5255
2 5255
1 5255
0 5283
