93 6288 0 100 8.16907e-08 1.2232 1.2232
57 6283 0 100 0.1 1.13731 1.23731
51 6280 0 100 0.2 1.04656 1.24656
44 6281 0 100 0.2 1.10675 1.30675
64 6293 0 100 4.66804e-08 1.31137 1.31137
84 6290 0 100 0.2 1.25136 1.45136
38 6297 0 100 0.1 1.39342 1.49342
52 6284 0 100 0.4 1.14447 1.54447
45 6296 0 100 0.2 1.37511 1.57511
47 6306 0 100 4.66804e-08 1.65164 1.65164
85 6285 0 100 0.5 1.18684 1.68684
70 6303 0 100 0.1 1.58998 1.68998
61 6295 0 100 0.4 1.36567 1.76567
68 6302 0 100 0.2 1.57307 1.77307
87 6310 0 100 1.51711e-07 1.78569 1.78569
73 6312 0 100 1.16701e-08 1.80495 1.80495
43 6315 0 100 0.1 1.84605 1.94605
50 6316 0 100 0.1 1.86766 1.96766
62 6286 0 100 0.8 1.19593 1.99593
91 6313 0 100 0.2 1.81127 2.01127
54 6320 0 100 0.1 1.91223 2.01223
88 6322 0 100 5.83505e-08 2.02487 2.02487
79 6300 0 100 0.5 1.53075 2.03075
75 6324 0 100 0.1 2.12547 2.22547
63 6287 0 100 1.1 1.19951 2.29951
34 6328 0 100 0.1 2.20727 2.30727
49 6326 0 100 0.2 2.14539 2.34539
74 6334 0 100 7.00206e-08 2.3552 2.3552
58 6318 0 100 0.5 1.90204 2.40204
55 6319 0 100 0.5 1.90345 2.40345
94 6332 0 100 0.1 2.32476 2.42476
60 6339 0 100 8.16907e-08 2.43795 2.43795
35 6307 0 100 0.8 1.66804 2.46804
39 6278 0 100 1.5 1.01257 2.51257
67 6329 0 100 0.3 2.21557 2.51557
48 6305 0 100 0.9 1.65103 2.55103
81 6340 0 100 0.1 2.45332 2.55332
28 6335 0 100 0.2 2.36277 2.56277
37 6345 0 100 5.83505e-08 2.5795 2.5795
86 6317 0 100 0.7 1.88115 2.58115
53 6343 0 100 0.1 2.51048 2.61048
42 6342 0 100 0.2 2.49916 2.69916
36 6336 0 100 0.4 2.36518 2.76518
77 6299 0 100 1.3 1.46734 2.76734
72 6327 0 100 0.7 2.14632 2.84632
32 6350 0 100 0.2 2.70819 2.90819
65 6347 0 100 0.3 2.61934 2.91934
66 6331 0 100 0.7 2.25613 2.95613
69 6337 0 100 0.6 2.39052 2.99052
80 6346 0 100 0.4 2.60495 3.00495
76 6353 0 100 0.2 2.8227 3.0227
27 6357 0 100 0.1 2.93898 3.03898
33 6359 0 100 0.1 2.98457 3.08457
26 6360 0 100 0.1 2.99846 3.09846
41 6292 0 100 1.8 1.30823 3.10823
82 6341 0 100 0.7 2.46042 3.16042
29 6355 0 100 0.5 2.83502 3.33502
46 6351 0 100 0.7 2.71551 3.41551
78 6311 0 100 1.7 1.80351 3.50351
71 6309 0 100 1.8 1.75757 3.55757
30 6358 0 100 0.6 2.95947 3.55947
56 6349 0 100 1.1 2.68198 3.78198
47 6375 0 100 1.40041e-07 3.97938 3.97938
83 6291 0 100 2.8 1.27992 4.07992
93 6370 0 100 0.4 3.79296 4.19296
88 6378 0 100 0.1 4.10566 4.20566
31 6383 0 100 1.51711e-07 4.34489 4.34489
51 6381 0 100 0.1 4.30755 4.40755
87 6373 0 100 0.7 3.83894 4.53894
57 6369 0 100 1 3.74171 4.74171
53 6391 0 100 0.2 4.78009 4.98009
68 6388 0 100 0.4 4.66052 5.06052
45 6377 0 100 1.1 4.08437 5.18437
39 6396 0 100 0.2 5.05589 5.25589
83 6390 0 100 0.5 4.7765 5.2765
77 6392 0 100 0.5 4.8143 5.3143
72 6404 0 100 0.1 5.24229 5.34229
80 6406 0 100 5.83505e-08 5.3435 5.3435
29 6397 0 100 0.4 5.06699 5.46699
64 6401 0 100 0.5 5.16749 5.66749
67 6413 0 100 0.1 5.59565 5.69565
90 6414 0 100 0.1 5.60383 5.70383
94 6417 0 100 0.1 5.65603 5.75603
73 6418 0 100 0.1 5.68112 5.78112
56 6426 0 100 1.05031e-07 5.8656 5.8656
54 6386 0 100 1.4 4.56123 5.96123
59 6424 0 100 0.1 5.86242 5.96242
78 6428 0 100 0.1 5.9403 6.0403
38 6433 0 100 0.1 6.03629 6.13629
47 6439 0 100 0.1 6.18533 6.28533
32 6420 0 100 0.5 5.80083 6.30083
66 6423 0 100 0.5 5.84068 6.34068
69 6403 0 100 1.2 5.23788 6.43788
70 6412 0 100 0.9 5.59018 6.49018
61 6409 0 100 1.1 5.45539 6.55539
91 6429 0 100 0.8 5.94211 6.74211
85 6445 0 100 0.4 6.34632 6.74632
42 6442 0 100 0.5 6.24814 6.74814
74 6447 0 100 0.4 6.42283 6.82283
58 6443 0 100 0.5 6.33079 6.83079
34 6400 0 100 1.7 5.15409 6.85409
26 6415 0 100 1.3 5.6158 6.9158
88 6458 0 100 8.16907e-08 6.92376 6.92376
60 6459 0 100 1.28371e-07 6.92781 6.92781
48 6430 0 100 1 5.9742 6.9742
76 6463 0 100 1.40041e-07 6.9884 6.9884
86 6457 0 100 0.1 6.89856 6.99856
30 6446 0 100 0.7 6.38336 7.08336
63 6450 0 100 0.5 6.59182 7.09182
71 6407 0 100 1.7 5.39223 7.09223
41 6372 0 100 3.3 3.83521 7.13521
51 6465 0 100 0.1 7.08113 7.18113
79 6440 0 100 1 6.21996 7.21996
55 6470 0 100 3.50103e-08 7.23444 7.23444
62 6454 0 100 0.5 6.78185 7.28185
93 6471 0 100 3.50103e-08 7.32261 7.32261
81 6467 0 100 0.1 7.22989 7.32989
82 6468 0 100 0.1 7.23056 7.33056
28 6411 0 100 1.9 5.58616 7.48616
89 6474 0 100 5.83505e-08 7.51698 7.51698
84 6438 0 100 1.4 6.17703 7.57703
33 6478 0 100 8.16907e-08 7.68326 7.68326
27 6435 0 100 1.8 6.05578 7.85578
49 6462 0 100 0.9 6.97945 7.87945
50 6431 0 100 2 5.99251 7.99251
25 6456 0 100 1.2 6.84701 8.04701
75 6461 0 100 1.1 6.95595 8.05595
37 6425 0 100 2.4 5.8625 8.2625
65 6434 0 100 2.3 6.05368 8.35368
43 6398 0 100 3.4 5.10337 8.50337
72 6492 0 100 2.33402e-08 8.73212 8.73212
56 6491 0 100 0.1 8.69225 8.79225
73 6495 0 100 1.05031e-07 8.80511 8.80511
67 6496 0 100 1.40041e-07 8.80923 8.80923
39 6499 0 100 8.16907e-08 8.86955 8.86955
54 6502 0 100 1.40041e-07 8.96611 8.96611
52 6437 0 100 2.8 6.17387 8.97387
53 6482 0 100 1 8.0157 9.0157
26 6500 0 100 0.1 8.92777 9.02777
34 6504 0 100 1.05031e-07 9.07715 9.07715
44 6421 0 100 3.3 5.81563 9.11563
38 6494 0 100 0.4 8.7603 9.1603
29 6507 0 100 0.1 9.2035 9.3035
64 6505 0 100 0.2 9.10518 9.30518
78 6486 0 100 1.1 8.2773 9.3773
49 6513 0 100 0.2 9.35451 9.55451
36 6477 0 100 2 7.65166 9.65166
61 6517 0 100 0.1 9.61644 9.71644
32 6511 0 100 0.6 9.33236 9.93236
68 6498 0 100 1.2 8.83699 10.037
90 6531 0 100 1.51711e-07 10.1793 10.1793
31 6451 0 100 3.6 6.6265 10.2265
71 6533 0 100 7.00206e-08 10.2946 10.2946
84 6510 0 100 1 9.30823 10.3082
33 6539 0 100 9.33608e-08 10.458 10.458
89 6520 0 100 0.8 9.69145 10.4915
81 6540 0 100 1.05031e-07 10.5014 10.5014
37 6542 0 100 1.05031e-07 10.5318 10.5318
41 6544 0 100 1.05031e-07 10.5452 10.5452
30 6538 0 100 0.1 10.449 10.549
79 6545 0 100 1.05031e-07 10.5826 10.5826
28 6546 0 100 1.51711e-07 10.5828 10.5828
74 6551 0 100 1.40041e-07 10.7636 10.7636
31 6541 0 100 0.3 10.5232 10.8232
45 6509 0 100 1.6 9.29509 10.8951
77 6529 0 100 0.8 10.1356 10.9356
69 6554 0 100 0.1 10.8952 10.9952
47 6516 0 100 1.5 9.59423 11.0942
88 6558 0 100 0.1 11.0041 11.1041
66 6564 0 100 9.33608e-08 11.1748 11.1748
86 6555 0 100 0.3 10.9063 11.2063
63 6547 0 100 0.7 10.6173 11.3173
70 6534 0 100 1 10.3269 11.3269
35 6557 0 100 0.4 10.9465 11.3465
65 6560 0 100 0.3 11.0473 11.3473
57 6553 0 100 0.5 10.8852 11.3852
40 6571 0 100 2.33402e-08 11.4636 11.4636
59 6522 0 100 1.7 9.7708 11.4708
80 6524 0 100 1.8 9.83677 11.6368
46 6561 0 100 0.6 11.074 11.674
87 6575 0 100 0.1 11.5805 11.6805
48 6579 0 100 7.00206e-08 11.7925 11.7925
52 6567 0 100 0.6 11.3859 11.9859
25 6581 0 100 0.1 11.9101 12.0101
27 6530 0 100 1.9 10.138 12.038
75 6583 0 100 0.1 11.9539 12.0539
54 6573 0 100 0.6 11.5213 12.1213
84 6589 0 100 1.16701e-07 12.1373 12.1373
55 6587 0 100 0.1 12.1141 12.2141
44 6526 0 100 2.3 9.98774 12.2877
48 6518 0 100 2.7 9.61799 12.318
60 6568 0 100 0.9 11.4209 12.3209
76 6577 0 100 1 11.688 12.688
93 6572 0 100 1.3 11.4859 12.7859
58 6569 0 100 1.4 11.4232 12.8232
53 6563 0 100 1.7 11.1343 12.8343
33 6601 0 100 0.1 12.7862 12.8862
80 6584 0 100 0.9 12.0273 12.9273
85 6604 0 100 0.1 12.8884 12.9884
68 6602 0 100 0.2 12.7886 12.9886
82 6590 0 100 0.8 12.2195 13.0195
42 6536 0 100 2.7 10.3543 13.0543
94 6549 0 100 2.4 10.6645 13.0645
78 6607 0 100 0.1 13.0286 13.1286
61 6614 0 100 0.1 13.2721 13.3721
47 6586 0 100 1.6 12.0519 13.6519
67 6597 0 100 1.2 12.6011 13.8011
46 6616 0 100 0.5 13.3642 13.8642
54 6633 0 100 1.28371e-07 13.9667 13.9667
69 6612 0 100 0.8 13.206 14.006
26 6631 0 100 0.1 13.9369 14.0369
70 6618 0 100 0.6 13.4477 14.0477
59 6632 0 100 0.1 13.9506 14.0506
88 6634 0 100 0.1 13.9732 14.0732
72 6606 0 100 1.1 12.9826 14.0826
71 6635 0 100 0.1 14.0319 14.1319
65 6643 0 100 3.50103e-08 14.2364 14.2364
43 6609 0 100 1.3 13.0876 14.3876
37 6624 0 100 0.7 13.7019 14.4019
36 6599 0 100 1.7 12.7139 14.4139
29 6594 0 100 2 12.4902 14.4902
41 6637 0 100 0.5 14.0362 14.5362
64 6641 0 100 0.4 14.157 14.557
79 6648 0 100 1.63381e-07 14.5706 14.5706
66 6628 0 100 0.7 13.8835 14.5835
45 6646 0 100 0.1 14.4943 14.5943
32 6619 0 100 1.2 13.4649 14.6649
34 6638 0 100 0.7 14.0552 14.7552
50 6629 0 100 0.9 13.9112 14.8112
89 6639 0 100 0.8 14.0608 14.8608
73 6621 0 100 1.4 13.5244 14.9244
