0 6268
0 6269
0 6270
0 6271
0 6272
0 6273
0 6274
0 6275
0 6276
0 6277
39 6278
85 6278
0 6279
51 6280
44 6281
0 6282
83 6281
48 6278
93 6288
19 6288
20 6288
21 6288
22 6288
23 6288
24 6288
0 6289
57 6283
10 6283
9 6283
8 6283
7 6283
6 6283
5 6283
4 6283
3 6283
2 6283
1 6283
47 6280
1 6280
25 6281
13 6281
14 6281
15 6281
16 6281
17 6281
18 6281
19 6281
20 6281
21 6281
22 6281
23 6281
24 6281
64 6293
3 6293
2 6293
1 6293
34 6278
0 6294
84 6290
83 6291
0 6298
59 6290
15 6290
16 6290
17 6290
18 6290
19 6290
20 6290
21 6290
22 6290
23 6290
24 6290
44 6291
85 6285
38 6297
11 6297
10 6297
9 6297
8 6297
7 6297
6 6297
5 6297
4 6297
3 6297
2 6297
1 6297
79 6300
0 6301
52 6284
20 6284
21 6284
22 6284
23 6284
24 6284
45 6296
5 6296
4 6296
3 6296
2 6296
1 6296
55 6300
78 6300
0 6304
47 6306
3 6306
2 6306
1 6306
68 6302
39 6285
22 6285
23 6285
24 6285
70 6303
18 6303
19 6303
20 6303
21 6303
22 6303
23 6303
24 6303
41 6292
0 6308
48 6305
71 6309
61 6295
76 6295
11 6295
10 6295
9 6295
8 6295
7 6295
6 6295
5 6295
4 6295
3 6295
2 6295
1 6295
92 6302
17 6302
18 6302
19 6302
20 6302
21 6302
22 6302
23 6302
24 6302
87 6310
12 6310
11 6310
10 6310
9 6310
8 6310
7 6310
6 6310
5 6310
4 6310
3 6310
2 6310
1 6310
73 6312
0 6314
85 6305
34 6305
0 6321
43 6315
14 6315
15 6315
16 6315
17 6315
18 6315
19 6315
20 6315
21 6315
22 6315
23 6315
24 6315
50 6316
13 6316
14 6316
15 6316
16 6316
17 6316
18 6316
19 6316
20 6316
21 6316
22 6316
23 6316
24 6316
62 6286
3 6286
2 6286
1 6286
58 6318
31 6292
91 6313
11 6313
10 6313
9 6313
8 6313
7 6313
6 6313
5 6313
4 6313
3 6313
2 6313
1 6313
54 6320
3 6320
2 6320
1 6320
88 6322
21 6322
22 6322
23 6322
24 6322
89 6300
2 6300
1 6300
0 6323
0 6325
78 6311
75 6324
16 6324
17 6324
18 6324
19 6324
20 6324
21 6324
22 6324
23 6324
24 6324
0 6330
49 6326
63 6287
12 6287
11 6287
10 6287
9 6287
8 6287
7 6287
6 6287
5 6287
4 6287
3 6287
2 6287
1 6287
34 6328
0 6333
76 6326
14 6326
15 6326
16 6326
17 6326
18 6326
19 6326
20 6326
21 6326
22 6326
23 6326
24 6326
74 6334
20 6334
21 6334
22 6334
23 6334
24 6334
26 6318
19 6318
20 6318
21 6318
22 6318
23 6318
24 6318
55 6319
4 6319
3 6319
2 6319
1 6319
94 6332
7 6332
6 6332
5 6332
4 6332
3 6332
2 6332
1 6332
0 6338
60 6339
19 6339
20 6339
21 6339
22 6339
23 6339
24 6339
35 6307
20 6307
21 6307
22 6307
23 6307
24 6307
53 6343
90 6278
1 6278
67 6329
9 6329
8 6329
7 6329
6 6329
5 6329
4 6329
3 6329
2 6329
1 6329
0 6344
56 6305
1 6305
81 6340
4 6340
3 6340
2 6340
1 6340
28 6335
37 6345
4 6345
3 6345
2 6345
1 6345
86 6317
11 6317
10 6317
9 6317
8 6317
7 6317
6 6317
5 6317
4 6317
3 6317
2 6317
1 6317
69 6337
58 6343
20 6343
21 6343
22 6343
23 6343
24 6343
0 6348
36 6336
42 6342
15 6342
16 6342
17 6342
18 6342
19 6342
20 6342
21 6342
22 6342
23 6342
24 6342
0 6352
74 6336
22 6336
23 6336
24 6336
77 6299
56 6349
85 6349
0 6354
29 6355
72 6327
23 6327
24 6327
90 6349
80 6346
32 6350
11 6350
10 6350
9 6350
8 6350
7 6350
6 6350
5 6350
4 6350
3 6350
2 6350
1 6350
65 6347
23 6347
24 6347
0 6356
27 6357
66 6331
4 6331
3 6331
2 6331
1 6331
30 6358
34 6349
39 6337
3 6337
2 6337
1 6337
50 6346
18 6346
19 6346
20 6346
21 6346
22 6346
23 6346
24 6346
76 6353
61 6353
17 6353
18 6353
19 6353
20 6353
21 6353
22 6353
23 6353
24 6353
0 6361
28 6357
52 6357
2 6357
1 6357
53 6358
33 6359
22 6359
23 6359
24 6359
26 6360
22 6360
23 6360
24 6360
73 6292
6 6292
5 6292
4 6292
3 6292
2 6292
1 6292
0 6362
58 6358
59 6358
82 6341
6 6341
5 6341
4 6341
3 6341
2 6341
1 6341
46 6351
0 6363
52 6351
0 6364
42 6355
18 6355
19 6355
20 6355
21 6355
22 6355
23 6355
24 6355
28 6351
4 6351
3 6351
2 6351
1 6351
0 6365
35 6358
89 6311
9 6311
8 6311
7 6311
6 6311
5 6311
4 6311
3 6311
2 6311
1 6311
0 6366
40 6309
13 6309
14 6309
15 6309
16 6309
17 6309
18 6309
19 6309
20 6309
21 6309
22 6309
23 6309
24 6309
84 6358
0 6367
0 6368
48 6349
7 6349
6 6349
5 6349
4 6349
3 6349
2 6349
1 6349
0 6371
0 6374
87 6373
47 6375
14 6375
15 6375
16 6375
17 6375
18 6375
19 6375
20 6375
21 6375
22 6375
23 6375
24 6375
0 6376
25 6291
1 6291
0 6379
93 6370
8 6370
7 6370
6 6370
5 6370
4 6370
3 6370
2 6370
1 6370
88 6378
6 6378
5 6378
4 6378
3 6378
2 6378
1 6378
0 6380
50 6373
51 6381
0 6382
31 6383
12 6383
11 6383
10 6383
9 6383
8 6383
7 6383
6 6383
5 6383
4 6383
3 6383
2 6383
1 6383
47 6381
16 6381
17 6381
18 6381
19 6381
20 6381
21 6381
22 6381
23 6381
24 6381
0 6384
41 6372
0 6385
80 6373
0 6387
57 6369
68 6388
54 6386
0 6389
38 6369
50 6369
80 6369
1 6369
83 6390
53 6391
0 6393
44 6390
0 6394
92 6388
26 6391
6 6391
5 6391
4 6391
3 6391
2 6391
1 6391
0 6395
36 6388
74 6388
8 6388
7 6388
6 6388
5 6388
4 6388
3 6388
2 6388
1 6388
0 6399
34 6400
45 6377
22 6377
23 6377
24 6377
0 6402
37 6372
39 6396
34 6396
14 6396
15 6396
16 6396
17 6396
18 6396
19 6396
20 6396
21 6396
22 6396
23 6396
24 6396
29 6397
25 6390
7 6390
6 6390
5 6390
4 6390
3 6390
2 6390
1 6390
77 6392
12 6392
11 6392
10 6392
9 6392
8 6392
7 6392
6 6392
5 6392
4 6392
3 6392
2 6392
1 6392
0 6405
72 6404
10 6404
9 6404
8 6404
7 6404
6 6404
5 6404
4 6404
3 6404
2 6404
1 6404
80 6406
4 6406
3 6406
2 6406
1 6406
0 6408
90 6400
42 6397
3 6397
2 6397
1 6397
71 6407
0 6410
73 6372
0 6416
64 6401
32 6401
24 6401
28 6411
27 6411
67 6413
32 6413
24 6413
90 6414
16 6414
17 6414
18 6414
19 6414
20 6414
21 6414
22 6414
23 6414
24 6414
26 6415
0 6419
61 6409
94 6417
23 6417
24 6417
73 6418
19 6418
20 6418
21 6418
22 6418
23 6418
24 6418
52 6411
44 6421
30 6415
0 6422
59 6424
56 6426
17 6426
18 6426
19 6426
20 6426
21 6426
22 6426
23 6426
24 6426
53 6415
0 6427
48 6400
85 6400
62 6386
22 6386
23 6386
24 6386
58 6424
11 6424
10 6424
9 6424
8 6424
7 6424
6 6424
5 6424
4 6424
3 6424
2 6424
1 6424
50 6431
0 6432
78 6428
21 6428
22 6428
23 6428
24 6428
27 6435
37 6425
48 6430
80 6431
32 6420
0 6436
38 6433
8 6433
7 6433
6 6433
5 6433
4 6433
3 6433
2 6433
1 6433
84 6438
0 6441
34 6430
90 6430
47 6439
64 6420
2 6420
1 6420
0 6444
66 6423
20 6423
21 6423
22 6423
23 6423
24 6423
33 6415
0 6448
69 6403
19 6403
20 6403
21 6403
22 6403
23 6403
24 6403
85 6445
30 6446
26 6446
70 6412
16 6412
17 6412
18 6412
19 6412
20 6412
21 6412
22 6412
23 6412
24 6412
58 6443
0 6449
31 6372
91 6429
48 6445
49 6409
76 6409
9 6409
8 6409
7 6409
6 6409
5 6409
4 6409
3 6409
2 6409
1 6409
53 6446
74 6447
0 6452
31 6451
30 6443
0 6453
29 6429
9 6429
8 6429
7 6429
6 6429
5 6429
4 6429
3 6429
2 6429
1 6429
34 6445
21 6445
22 6445
23 6445
24 6445
42 6442
9 6442
8 6442
7 6442
6 6442
5 6442
4 6442
3 6442
2 6442
1 6442
36 6447
16 6447
17 6447
18 6447
19 6447
20 6447
21 6447
22 6447
23 6447
24 6447
53 6443
15 6443
16 6443
17 6443
18 6443
19 6443
20 6443
21 6443
22 6443
23 6443
24 6443
0 6455
56 6400
22 6400
23 6400
24 6400
87 6431
38 6431
60 6415
15 6415
16 6415
17 6415
18 6415
19 6415
20 6415
21 6415
22 6415
23 6415
24 6415
88 6458
19 6458
20 6458
21 6458
22 6458
23 6458
24 6458
60 6459
15 6459
16 6459
17 6459
18 6459
19 6459
20 6459
21 6459
22 6459
23 6459
24 6459
0 6460
25 6456
39 6430
22 6430
23 6430
24 6430
76 6463
11 6463
10 6463
9 6463
8 6463
7 6463
6 6463
5 6463
4 6463
3 6463
2 6463
1 6463
86 6457
7 6457
6 6457
5 6457
4 6457
3 6457
2 6457
1 6457
0 6464
33 6446
16 6446
17 6446
18 6446
19 6446
20 6446
21 6446
22 6446
23 6446
24 6446
63 6450
10 6450
9 6450
8 6450
7 6450
6 6450
5 6450
4 6450
3 6450
2 6450
1 6450
40 6407
5 6407
4 6407
3 6407
2 6407
1 6407
0 6466
82 6372
49 6462
51 6465
4 6465
3 6465
2 6465
1 6465
79 6440
2 6440
1 6440
0 6469
55 6470
2 6470
1 6470
62 6454
3 6454
2 6454
1 6454
93 6471
23 6471
24 6471
81 6467
2 6467
1 6467
82 6468
1 6468
0 6472
0 6473
46 6411
23 6411
24 6411
89 6474
81 6474
3 6474
2 6474
1 6474
0 6475
52 6437
35 6438
19 6438
20 6438
21 6438
22 6438
23 6438
24 6438
73 6451
0 6476
33 6478
19 6478
20 6478
21 6478
22 6478
23 6478
24 6478
0 6479
36 6477
0 6480
28 6435
61 6462
15 6462
16 6462
17 6462
18 6462
19 6462
20 6462
21 6462
22 6462
23 6462
24 6462
83 6421
0 6481
57 6431
17 6431
18 6431
19 6431
20 6431
21 6431
22 6431
23 6431
24 6431
0 6483
44 6456
20 6456
21 6456
22 6456
23 6456
24 6456
74 6477
75 6461
19 6461
20 6461
21 6461
22 6461
23 6461
24 6461
0 6484
68 6477
53 6482
0 6485
41 6425
6 6425
5 6425
4 6425
3 6425
2 6425
1 6425
0 6487
65 6434
24 6434
0 6488
43 6398
20 6398
21 6398
22 6398
23 6398
24 6398
26 6482
0 6489
60 6482
0 6490
56 6491
72 6492
1 6492
0 6493
38 6494
48 6491
6 6491
5 6491
4 6491
3 6491
2 6491
1 6491
73 6495
8 6495
7 6495
6 6495
5 6495
4 6495
3 6495
2 6495
1 6495
67 6496
14 6496
15 6496
16 6496
17 6496
18 6496
19 6496
20 6496
21 6496
22 6496
23 6496
24 6496
0 6497
92 6477
39 6499
6 6499
5 6499
4 6499
3 6499
2 6499
1 6499
0 6501
68 6498
54 6502
11 6502
10 6502
9 6502
8 6502
7 6502
6 6502
5 6502
4 6502
3 6502
2 6502
1 6502
46 6437
5 6437
4 6437
3 6437
2 6437
1 6437
33 6482
26 6500
0 6503
84 6477
34 6504
39 6504
7 6504
6 6504
5 6504
4 6504
3 6504
2 6504
1 6504
25 6421
0 6506
50 6494
22 6494
23 6494
24 6494
64 6505
0 6508
29 6507
21 6507
22 6507
23 6507
24 6507
32 6505
16 6505
17 6505
18 6505
19 6505
20 6505
21 6505
22 6505
23 6505
24 6505
32 6511
0 6512
49 6513
78 6486
12 6486
11 6486
10 6486
9 6486
8 6486
7 6486
6 6486
5 6486
4 6486
3 6486
2 6486
1 6486
0 6514
0 6515
76 6513
61 6513
23 6513
24 6513
61 6517
48 6518
0 6519
35 6477
4 6477
3 6477
2 6477
1 6477
47 6516
76 6517
49 6517
24 6517
0 6521
0 6523
59 6522
84 6510
64 6511
19 6511
20 6511
21 6511
22 6511
23 6511
24 6511
0 6525
80 6524
35 6522
89 6520
0 6527
92 6498
6 6498
5 6498
4 6498
3 6498
2 6498
1 6498
44 6526
0 6528
90 6531
12 6531
11 6531
10 6531
9 6531
8 6531
7 6531
6 6531
5 6531
4 6531
3 6531
2 6531
1 6531
82 6451
15 6451
16 6451
17 6451
18 6451
19 6451
20 6451
21 6451
22 6451
23 6451
24 6451
0 6532
87 6524
71 6533
20 6533
21 6533
22 6533
23 6533
24 6533
59 6510
7 6510
6 6510
5 6510
4 6510
3 6510
2 6510
1 6510
0 6535
42 6536
25 6526
0 6537
33 6539
7 6539
6 6539
5 6539
4 6539
3 6539
2 6539
1 6539
81 6520
17 6520
18 6520
19 6520
20 6520
21 6520
22 6520
23 6520
24 6520
81 6540
17 6540
18 6540
19 6540
20 6540
21 6540
22 6540
23 6540
24 6540
85 6518
31 6541
37 6542
17 6542
18 6542
19 6542
20 6542
21 6542
22 6542
23 6542
24 6542
0 6543
41 6544
17 6544
18 6544
19 6544
20 6544
21 6544
22 6544
23 6544
24 6544
30 6538
8 6538
7 6538
6 6538
5 6538
4 6538
3 6538
2 6538
1 6538
79 6545
55 6545
18 6545
19 6545
20 6545
21 6545
22 6545
23 6545
24 6545
28 6546
13 6546
14 6546
15 6546
16 6546
17 6546
18 6546
19 6546
20 6546
21 6546
22 6546
23 6546
24 6546
0 6548
0 6550
74 6551
36 6551
10 6551
9 6551
8 6551
7 6551
6 6551
5 6551
4 6551
3 6551
2 6551
1 6551
45 6509
82 6541
18 6541
19 6541
20 6541
21 6541
22 6541
23 6541
24 6541
0 6552
50 6524
94 6549
67 6509
24 6509
69 6554
0 6556
77 6529
14 6529
15 6529
16 6529
17 6529
18 6529
19 6529
20 6529
21 6529
22 6529
23 6529
24 6529
90 6554
16 6554
17 6554
18 6554
19 6554
20 6554
21 6554
22 6554
23 6554
24 6554
0 6559
29 6536
46 6561
51 6516
23 6516
24 6516
88 6558
14 6558
15 6558
16 6558
17 6558
18 6558
19 6558
20 6558
21 6558
22 6558
23 6558
24 6558
0 6562
53 6563
35 6557
52 6561
66 6564
18 6564
19 6564
20 6564
21 6564
22 6564
23 6564
24 6564
86 6555
2 6555
1 6555
0 6565
33 6563
63 6547
5 6547
4 6547
3 6547
2 6547
1 6547
70 6534
14 6534
15 6534
16 6534
17 6534
18 6534
19 6534
20 6534
21 6534
22 6534
23 6534
24 6534
0 6566
60 6563
59 6557
12 6557
11 6557
10 6557
9 6557
8 6557
7 6557
6 6557
5 6557
4 6557
3 6557
2 6557
1 6557
65 6560
13 6560
14 6560
15 6560
16 6560
17 6560
18 6560
19 6560
20 6560
21 6560
22 6560
23 6560
24 6560
84 6522
57 6553
8 6553
7 6553
6 6553
5 6553
4 6553
3 6553
2 6553
1 6553
58 6569
0 6570
40 6571
1 6571
92 6522
13 6522
14 6522
15 6522
16 6522
17 6522
18 6522
19 6522
20 6522
21 6522
22 6522
23 6522
24 6522
60 6568
0 6574
87 6575
52 6567
33 6568
54 6573
0 6576
38 6524
9 6524
8 6524
7 6524
6 6524
5 6524
4 6524
3 6524
2 6524
1 6524
28 6561
18 6561
19 6561
20 6561
21 6561
22 6561
23 6561
24 6561
80 6575
50 6575
9 6575
8 6575
7 6575
6 6575
5 6575
4 6575
3 6575
2 6575
1 6575
0 6578
76 6577
48 6579
20 6579
21 6579
22 6579
23 6579
24 6579
0 6580
25 6581
0 6582
46 6567
77 6567
19 6567
20 6567
21 6567
22 6567
23 6567
24 6567
44 6581
14 6581
15 6581
16 6581
17 6581
18 6581
19 6581
20 6581
21 6581
22 6581
23 6581
24 6581
0 6585
27 6530
20 6530
21 6530
22 6530
23 6530
24 6530
47 6586
75 6583
13 6583
14 6583
15 6583
16 6583
17 6583
18 6583
19 6583
20 6583
21 6583
22 6583
23 6583
24 6583
55 6587
62 6573
1 6573
80 6584
0 6588
84 6589
16 6589
17 6589
18 6589
19 6589
20 6589
21 6589
22 6589
23 6589
24 6589
79 6587
1 6587
82 6590
87 6584
50 6584
0 6591
83 6526
15 6526
16 6526
17 6526
18 6526
19 6526
20 6526
21 6526
22 6526
23 6526
24 6526
56 6518
23 6518
24 6518
53 6568
16 6568
17 6568
18 6568
19 6568
20 6568
21 6568
22 6568
23 6568
24 6568
0 6592
31 6590
0 6593
0 6595
67 6597
0 6598
44 6596
49 6577
13 6577
14 6577
15 6577
16 6577
17 6577
18 6577
19 6577
20 6577
21 6577
22 6577
23 6577
24 6577
0 6600
93 6572
24 6572
68 6602
30 6569
19 6569
20 6569
21 6569
22 6569
23 6569
24 6569
0 6603
26 6563
18 6563
19 6563
20 6563
21 6563
22 6563
23 6563
24 6563
33 6601
19 6601
20 6601
21 6601
22 6601
23 6601
24 6601
92 6602
84 6602
38 6584
15 6584
16 6584
17 6584
18 6584
19 6584
20 6584
21 6584
22 6584
23 6584
24 6584
0 6605
85 6604
1 6604
59 6602
20 6602
21 6602
22 6602
23 6602
24 6602
29 6594
36 6599
73 6590
3 6590
2 6590
1 6590
0 6608
91 6536
14 6536
15 6536
16 6536
17 6536
18 6536
19 6536
20 6536
21 6536
22 6536
23 6536
24 6536
71 6549
8 6549
7 6549
6 6549
5 6549
4 6549
3 6549
2 6549
1 6549
92 6599
78 6607
5 6607
4 6607
3 6607
2 6607
1 6607
0 6610
83 6596
0 6613
69 6612
0 6615
46 6616
61 6614
16 6614
17 6614
18 6614
19 6614
20 6614
21 6614
22 6614
23 6614
24 6614
0 6617
68 6599
0 6622
39 6620
73 6621
0 6623
51 6586
10 6586
9 6586
8 6586
7 6586
6 6586
5 6586
4 6586
3 6586
2 6586
1 6586
34 6620
72 6606
0 6625
45 6597
13 6597
14 6597
15 6597
16 6597
17 6597
18 6597
19 6597
20 6597
21 6597
22 6597
23 6597
24 6597
0 6627
77 6616
3 6616
2 6616
1 6616
50 6629
92 6626
0 6630
54 6633
10 6633
9 6633
8 6633
7 6633
6 6633
5 6633
4 6633
3 6633
2 6633
1 6633
90 6612
5 6612
4 6612
3 6612
2 6612
1 6612
0 6636
26 6631
24 6631
70 6618
2 6618
1 6618
59 6632
34 6638
89 6639
88 6634
3 6634
2 6634
1 6634
65 6606
1 6606
71 6635
13 6635
14 6635
15 6635
16 6635
17 6635
18 6635
19 6635
20 6635
21 6635
22 6635
23 6635
24 6635
0 6640
42 6594
0 6642
65 6643
2 6643
1 6643
32 6619
0 6644
43 6609
23 6609
24 6609
37 6624
10 6624
9 6624
8 6624
7 6624
6 6624
5 6624
4 6624
3 6624
2 6624
1 6624
74 6599
2 6599
1 6599
36 6626
74 6626
0 6645
91 6594
21 6594
22 6594
23 6594
24 6594
0 6647
41 6637
11 6637
10 6637
9 6637
8 6637
7 6637
6 6637
5 6637
4 6637
3 6637
2 6637
1 6637
64 6641
16 6641
17 6641
18 6641
19 6641
20 6641
21 6641
22 6641
23 6641
24 6641
49 6611
79 6648
55 6648
12 6648
11 6648
10 6648
9 6648
8 6648
7 6648
6 6648
5 6648
4 6648
3 6648
2 6648
1 6648
66 6628
9 6628
8 6628
7 6628
6 6628
5 6628
4 6628
3 6628
2 6628
1 6628
45 6646
17 6646
18 6646
19 6646
20 6646
21 6646
22 6646
23 6646
24 6646
0 6650
67 6619
17 6619
18 6619
19 6619
20 6619
21 6619
22 6619
23 6619
24 6619
0 6653
39 6638
9 6638
8 6638
7 6638
6 6638
5 6638
4 6638
3 6638
2 6638
1 6638
52 6651
38 6629
24 6629
0 6656
81 6639
13 6639
14 6639
15 6639
16 6639
17 6639
18 6639
19 6639
20 6639
21 6639
22 6639
23 6639
24 6639
82 6654
31 6621
12 6621
11 6621
10 6621
9 6621
8 6621
7 6621
6 6621
5 6621
4 6621
3 6621
2 6621
1 6621
0 6658
