122 7585 0 100 4.66804e-08 1.29586 1.29586
119 7589 0 100 5.83505e-08 1.32996 1.32996
92 7577 0 100 0.3 1.0537 1.3537
93 7586 0 100 0.1 1.30005 1.40005
50 7590 0 100 0.1 1.34133 1.44133
25 7591 0 100 0.1 1.34175 1.44175
78 7593 0 100 0.1 1.40299 1.50299
41 7594 0 100 0.1 1.40911 1.50911
68 7592 0 100 0.2 1.38928 1.58928
112 7576 0 100 0.6 1.02783 1.62783
84 7596 0 100 0.2 1.43772 1.63772
76 7606 0 100 8.16907e-08 1.66058 1.66058
63 7583 0 100 0.4 1.28562 1.68562
64 7613 0 100 1.63381e-07 1.71834 1.71834
110 7602 0 100 0.2 1.51975 1.71975
37 7599 0 100 0.3 1.49375 1.79375
58 7588 0 100 0.5 1.32323 1.82323
83 7614 0 100 0.1 1.73099 1.83099
100 7624 0 100 7.00206e-08 1.85689 1.85689
94 7611 0 100 0.2 1.71638 1.91638
86 7621 0 100 0.1 1.82786 1.92786
47 7598 0 100 0.5 1.45562 1.95562
40 7603 0 100 0.4 1.56418 1.96418
61 7619 0 100 0.2 1.81426 2.01426
74 7635 0 100 3.50103e-08 2.08806 2.08806
79 7604 0 100 0.5 1.60758 2.10758
114 7623 0 100 0.3 1.84621 2.14621
87 7642 0 100 1.63381e-07 2.17108 2.17108
44 7574 0 100 1.2 1.00299 2.20299
26 7618 0 100 0.4 1.80345 2.20345
66 7615 0 100 0.5 1.7433 2.2433
124 7607 0 100 0.6 1.67672 2.27672
45 7640 0 100 0.2 2.16033 2.36033
67 7629 0 100 0.4 1.96291 2.36291
34 7633 0 100 0.4 2.02329 2.42329
71 7578 0 100 1.4 1.06668 2.46668
103 7582 0 100 1.2 1.28194 2.48194
30 7617 0 100 0.7 1.79387 2.49387
80 7609 0 100 0.8 1.70765 2.50765
43 7634 0 100 0.5 2.02833 2.52833
88 7655 0 100 0.1 2.48732 2.58732
108 7647 0 100 0.3 2.29572 2.59572
49 7581 0 100 1.4 1.27376 2.67376
121 7643 0 100 0.5 2.17384 2.67384
101 7631 0 100 0.7 1.99396 2.69396
97 7667 0 100 2.33402e-08 2.72095 2.72095
99 7662 0 100 0.1 2.62273 2.72273
90 7639 0 100 0.6 2.1513 2.7513
82 7625 0 100 0.9 1.86385 2.76385
46 7641 0 100 0.6 2.16691 2.76691
95 7659 0 100 0.2 2.57576 2.77576
70 7610 0 100 1.1 1.70796 2.80796
113 7597 0 100 1.4 1.44263 2.84263
55 7668 0 100 0.1 2.74935 2.84935
69 7658 0 100 0.3 2.55302 2.85302
85 7673 0 100 9.33608e-08 2.87678 2.87678
123 7645 0 100 0.7 2.21381 2.91381
75 7622 0 100 1.1 1.83675 2.93675
77 7651 0 100 0.6 2.37442 2.97442
36 7670 0 100 0.2 2.78009 2.98009
60 7672 0 100 0.2 2.83337 3.03337
81 7654 0 100 0.6 2.46489 3.06489
27 7649 0 100 0.8 2.31898 3.11898
29 7679 0 100 0.2 2.92398 3.12398
104 7664 0 100 0.5 2.62673 3.12673
39 7616 0 100 1.4 1.74957 3.14957
35 7680 0 100 0.3 2.92816 3.22816
111 7628 0 100 1.3 1.94007 3.24007
116 7681 0 100 0.3 2.94221 3.24221
59 7669 0 100 0.5 2.75444 3.25444
54 7626 0 100 1.4 1.8746 3.2746
118 7652 0 100 1 2.38659 3.38659
89 7676 0 100 0.6 2.9016 3.5016
102 7663 0 100 0.9 2.62468 3.52468
48 7657 0 100 1 2.53448 3.53448
107 7630 0 100 1.6 1.98822 3.58822
98 7600 0 100 2.1 1.49986 3.59986
52 7677 0 100 0.7 2.91504 3.61504
62 7675 0 100 0.8 2.88787 3.68787
109 7638 0 100 1.6 2.12649 3.72649
25 7691 0 100 1.40041e-07 3.83399 3.83399
106 7674 0 100 1.1 2.87933 3.97933
31 7584 0 100 2.7 1.28742 3.98742
91 7665 0 100 1.3 2.70981 4.00981
64 7694 0 100 0.1 3.92517 4.02517
26 7698 0 100 0.2 4.14964 4.34964
112 7692 0 100 0.5 3.85689 4.35689
56 7660 0 100 1.8 2.61447 4.41447
110 7695 0 100 0.5 3.95651 4.45651
47 7704 0 100 0.1 4.36793 4.46793
96 7644 0 100 2.3 2.19866 4.49866
33 7701 0 100 0.2 4.30199 4.50199
121 7707 0 100 1.40041e-07 4.55719 4.55719
73 7710 0 100 1.51711e-07 4.6631 4.6631
115 7636 0 100 2.6 2.09599 4.69599
98 7713 0 100 0.1 4.72573 4.82573
63 7703 0 100 0.5 4.33207 4.83207
76 7709 0 100 0.3 4.65665 4.95665
40 7700 0 100 0.7 4.27665 4.97665
99 7717 0 100 0.1 4.90598 5.00598
93 7722 0 100 0.1 5.05739 5.15739
54 7719 0 100 0.2 5.01136 5.21136
88 7736 0 100 1.16701e-07 5.34612 5.34612
80 7715 0 100 0.6 4.84006 5.44006
101 7721 0 100 0.4 5.04497 5.44497
104 7723 0 100 0.4 5.08167 5.48167
36 7740 0 100 1.51711e-07 5.49296 5.49296
90 7742 0 100 1.51711e-07 5.5058 5.5058
67 7730 0 100 0.3 5.25504 5.55504
49 7739 0 100 0.1 5.4738 5.5738
28 7608 0 100 3.9 1.6884 5.5884
92 7725 0 100 0.5 5.1042 5.6042
84 7737 0 100 0.2 5.40754 5.60754
43 7716 0 100 0.8 4.86144 5.66144
117 7748 0 100 1.05031e-07 5.68017 5.68017
114 7711 0 100 1 4.70786 5.70786
120 7650 0 100 3.4 2.3733 5.7733
79 7744 0 100 0.3 5.53458 5.83458
38 7750 0 100 0.1 5.76019 5.86019
105 7746 0 100 0.3 5.62835 5.92835
111 7757 0 100 1.28371e-07 5.95786 5.95786
32 7747 0 100 0.3 5.67184 5.97184
122 7735 0 100 0.7 5.33718 6.03718
41 7724 0 100 1 5.10218 6.10218
106 7758 0 100 0.2 5.96864 6.16864
87 7755 0 100 0.3 5.87038 6.17038
96 7768 0 100 0.1 6.17447 6.27447
119 7733 0 100 1 5.32011 6.32011
69 7773 0 100 0.1 6.28017 6.38017
71 7765 0 100 0.3 6.08391 6.38391
50 7731 0 100 1.1 5.29591 6.39591
83 7760 0 100 0.4 6.00656 6.40656
86 7774 0 100 0.2 6.29362 6.49362
115 7782 0 100 1.28371e-07 6.51201 6.51201
66 7776 0 100 0.2 6.31421 6.51421
70 7762 0 100 0.5 6.03242 6.53242
44 7786 0 100 1.40041e-07 6.61334 6.61334
28 7788 0 100 1.28371e-07 6.65511 6.65511
97 7759 0 100 0.7 5.98419 6.68419
60 7780 0 100 0.3 6.49344 6.79344
124 7741 0 100 1.3 5.49457 6.79457
68 7766 0 100 0.7 6.11366 6.81366
59 7729 0 100 1.6 5.22739 6.82739
116 7764 0 100 0.8 6.06066 6.86066
120 7792 0 100 0.1 6.79085 6.89085
94 7775 0 100 0.6 6.29425 6.89425
75 7753 0 100 1.1 5.83725 6.93725
29 7795 0 100 0.1 6.84653 6.94653
100 7791 0 100 0.3 6.77519 7.07519
46 7799 0 100 0.2 6.94784 7.14784
74 7772 0 100 0.9 6.27668 7.17668
95 7781 0 100 0.7 6.49671 7.19671
57 7803 0 100 3.50103e-08 7.205 7.205
45 7763 0 100 1.2 6.05592 7.25592
30 7770 0 100 1.1 6.21628 7.31628
35 7805 0 100 0.1 7.22353 7.32353
56 7809 0 100 5.83505e-08 7.36894 7.36894
102 7811 0 100 5.83505e-08 7.43905 7.43905
110 7790 0 100 0.7 6.74207 7.44207
108 7784 0 100 0.9 6.55021 7.45021
55 7814 0 100 1.16701e-07 7.51777 7.51777
39 7734 0 100 2.2 5.3273 7.5273
114 7821 0 100 1.40041e-07 7.62055 7.62055
27 7794 0 100 0.8 6.83015 7.63015
81 7818 0 100 0.1 7.57033 7.67033
121 7813 0 100 0.2 7.50147 7.70147
103 7769 0 100 1.5 6.21495 7.71495
52 7824 0 100 0.1 7.67127 7.77127
109 7796 0 100 0.9 6.87771 7.77771
78 7754 0 100 2 5.86022 7.86022
77 7812 0 100 0.4 7.46825 7.86825
65 7825 0 100 0.2 7.71319 7.91319
33 7808 0 100 0.6 7.33021 7.93021
34 7798 0 100 1 6.94217 7.94217
51 7785 0 100 1.4 6.60819 8.00819
124 7839 0 100 1.51711e-07 8.11627 8.11627
42 7834 0 100 0.2 7.935 8.135
99 7830 0 100 0.3 7.85336 8.15336
113 7827 0 100 0.5 7.81347 8.31347
26 7836 0 100 0.3 8.06313 8.36313
107 7837 0 100 0.3 8.07997 8.37997
92 7843 0 100 0.1 8.39487 8.49487
83 7847 0 100 0.1 8.46148 8.56148
90 7838 0 100 0.5 8.11158 8.61158
78 7844 0 100 0.2 8.41744 8.61744
98 7829 0 100 0.8 7.85006 8.65006
37 7726 0 100 3.6 5.1152 8.7152
112 7846 0 100 0.3 8.43907 8.73907
82 7819 0 100 1.2 7.57491 8.77491
118 7806 0 100 1.5 7.28726 8.78726
58 7859 0 100 8.16907e-08 8.79713 8.79713
80 7855 0 100 0.1 8.69882 8.79882
48 7751 0 100 3 5.8047 8.8047
63 7778 0 100 2.6 6.33651 8.93651
67 7849 0 100 0.5 8.47776 8.97776
39 7852 0 100 0.5 8.57377 9.07377
96 7867 0 100 5.83505e-08 9.08888 9.08888
38 7850 0 100 0.7 8.50325 9.20325
27 7866 0 100 0.2 9.02791 9.22791
101 7822 0 100 1.7 7.64339 9.34339
50 7877 0 100 0.2 9.39658 9.59658
76 7833 0 100 1.7 7.92136 9.62136
120 7882 0 100 0.1 9.53782 9.63782
48 7848 0 100 1.2 8.47145 9.67145
54 7853 0 100 1.1 8.61068 9.71068
36 7885 0 100 9.33608e-08 9.72592 9.72592
47 7876 0 100 0.4 9.38041 9.78041
97 7872 0 100 0.6 9.2294 9.8294
64 7892 0 100 2.33402e-08 9.89389 9.89389
43 7816 0 100 2.4 7.54334 9.94334
63 7861 0 100 1.1 8.86632 9.96632
108 7858 0 100 1.2 8.78543 9.98543
123 7817 0 100 2.5 7.55786 10.0579
49 7869 0 100 0.9 9.18919 10.0892
111 7881 0 100 0.6 9.5251 10.1251
84 7900 0 100 5.83505e-08 10.2172 10.2172
115 7896 0 100 0.3 9.9974 10.2974
74 7862 0 100 1.4 8.89951 10.2995
32 7889 0 100 0.5 9.81833 10.3183
122 7874 0 100 1 9.33106 10.3311
88 7893 0 100 0.5 9.9094 10.4094
33 7898 0 100 0.3 10.1123 10.4123
121 7908 0 100 1.40041e-07 10.4642 10.4642
91 7864 0 100 1.5 9.00378 10.5038
73 7802 0 100 3.4 7.14322 10.5432
34 7902 0 100 0.3 10.2812 10.5812
60 7887 0 100 0.8 9.80108 10.6011
79 7909 0 100 0.2 10.5011 10.7011
90 7915 0 100 0.1 10.6452 10.7452
75 7906 0 100 0.4 10.3811 10.7811
103 7914 0 100 0.2 10.6429 10.8429
57 7875 0 100 1.5 9.34461 10.8446
25 7831 0 100 3 7.90731 10.9073
86 7921 0 100 0.1 10.8183 10.9183
65 7918 0 100 0.2 10.7757 10.9757
105 7886 0 100 1.2 9.77616 10.9762
59 7870 0 100 1.8 9.18922 10.9892
95 7879 0 100 1.5 9.48942 10.9894
28 7922 0 100 0.2 10.8406 11.0406
106 7903 0 100 0.8 10.2861 11.0861
68 7933 0 100 1.16701e-07 11.1728 11.1728
70 7890 0 100 1.4 9.83572 11.2357
109 7925 0 100 0.3 10.954 11.254
44 7931 0 100 0.2 11.1134 11.3134
100 7936 0 100 0.1 11.2407 11.3407
66 7919 0 100 0.6 10.7768 11.3768
73 7941 0 100 8.16907e-08 11.3864 11.3864
117 7904 0 100 1.2 10.3073 11.5073
26 7938 0 100 0.3 11.3083 11.6083
122 7947 0 100 0.1 11.5257 11.6257
78 7924 0 100 0.8 10.9201 11.7201
54 7937 0 100 0.5 11.2489 11.7489
57 7948 0 100 0.2 11.5639 11.7639
41 7857 0 100 3.1 8.7197 11.8197
114 7940 0 100 0.5 11.3327 11.8327
123 7913 0 100 1.3 10.624 11.924
94 7926 0 100 1 10.9614 11.9614
51 7943 0 100 0.5 11.4877 11.9877
69 7929 0 100 1 11.0198 12.0198
29 7930 0 100 1 11.0543 12.0543
124 7954 0 100 0.3 11.8001 12.1001
71 7911 0 100 1.6 10.5599 12.1599
98 7962 0 100 0.1 12.0876 12.1876
52 7964 0 100 0.1 12.1465 12.2465
30 7950 0 100 0.6 11.6504 12.2504
53 7955 0 100 0.5 11.8052 12.3052
37 7952 0 100 0.6 11.7296 12.3296
105 7971 0 100 2.33402e-08 12.3927 12.3927
95 7956 0 100 0.6 11.8126 12.4126
107 7969 0 100 0.1 12.3263 12.4263
104 7895 0 100 2.5 9.98293 12.4829
38 7975 0 100 2.33402e-08 12.4919 12.4919
112 7927 0 100 1.5 11.007 12.507
99 7977 0 100 2.33402e-08 12.5328 12.5328
115 7973 0 100 0.2 12.4098 12.6098
72 7953 0 100 0.9 11.7439 12.6439
87 7988 0 100 1.51711e-07 12.82 12.82
82 7960 0 100 0.9 11.9238 12.8238
117 7989 0 100 1.05031e-07 12.8308 12.8308
97 7990 0 100 4.66804e-08 12.8379 12.8379
111 7982 0 100 0.2 12.6754 12.8754
85 7823 0 100 5.3 7.66629 12.9663
80 7993 0 100 0.1 12.9384 13.0384
25 7970 0 100 0.7 12.3809 13.0809
90 7998 0 100 3.50103e-08 13.0865 13.0865
59 7996 0 100 0.1 13.0195 13.1195
65 7992 0 100 0.2 12.9227 13.1227
118 7983 0 100 0.5 12.6802 13.1802
89 7979 0 100 0.6 12.5952 13.1952
43 7978 0 100 0.7 12.5718 13.2718
83 7981 0 100 0.7 12.6674 13.3674
113 7967 0 100 1.1 12.2825 13.3825
42 7994 0 100 0.4 12.9945 13.3945
93 8006 0 100 0.1 13.3047 13.4047
55 7945 0 100 1.9 11.5175 13.4175
116 8003 0 100 0.3 13.1524 13.4524
76 7965 0 100 1.4 12.1689 13.5689
27 8011 0 100 0.1 13.518 13.618
46 7934 0 100 2.5 11.208 13.708
120 8000 0 100 0.6 13.1152 13.7152
61 8013 0 100 0.2 13.5331 13.7331
56 7944 0 100 2.3 11.4953 13.7953
32 7999 0 100 0.8 13.1026 13.9026
66 7997 0 100 0.9 13.0328 13.9328
64 8018 0 100 0.3 13.7497 14.0497
41 8020 0 100 0.2 13.8596 14.0596
75 7986 0 100 1.3 12.7974 14.0974
77 7972 0 100 1.7 12.4028 14.1028
54 8008 0 100 0.7 13.4121 14.1121
110 7916 0 100 3.5 10.6824 14.1824
47 8005 0 100 0.9 13.2858 14.1858
57 8022 0 100 0.2 14.0168 14.2168
87 7891 0 100 4.4 9.83689 14.2369
62 8002 0 100 1.1 13.1516 14.2516
96 8034 0 100 5.83505e-08 14.3001 14.3001
73 8024 0 100 0.3 14.0314 14.3314
39 8010 0 100 0.9 13.4726 14.3726
70 8033 0 100 0.1 14.2733 14.3733
35 8032 0 100 0.2 14.226 14.426
58 7985 0 100 1.7 12.7669 14.4669
26 8042 0 100 1.40041e-07 14.5719 14.5719
67 8014 0 100 1 13.5927 14.5927
56 8028 0 100 0.6 14.0951 14.6951
94 8045 0 100 1.40041e-07 14.7031 14.7031
82 8053 0 100 1.16701e-07 14.7505 14.7505
122 8054 0 100 1.40041e-07 14.7677 14.7677
108 8056 0 100 0.1 14.86 14.96
