0 4616
0 4617
0 4618
0 4619
0 4620
0 4621
0 4622
0 4623
0 4624
0 4625
0 4626
0 4627
0 4629
0 4630
0 4631
0 4632
0 4634
0 4636
31 4635
6 4635
5 4635
4 4635
3 4635
2 4635
1 4635
0 4638
0 4640
32 4628
17 4628
18 4628
19 4628
20 4628
21 4628
22 4628
23 4628
24 4628
0 4642
28 4639
21 4639
22 4639
23 4639
24 4639
25 4643
12 4643
11 4643
10 4643
9 4643
8 4643
7 4643
6 4643
5 4643
4 4643
3 4643
2 4643
1 4643
0 4644
30 4641
3 4641
2 4641
1 4641
0 4645
0 4646
0 4648
26 4637
4 4637
3 4637
2 4637
1 4637
0 4649
0 4651
0 4652
29 4650
2 4650
1 4650
0 4654
0 4655
33 4633
20 4633
21 4633
22 4633
23 4633
24 4633
0 4656
0 4657
0 4658
0 4659
27 4647
12 4647
11 4647
10 4647
9 4647
8 4647
7 4647
6 4647
5 4647
4 4647
3 4647
2 4647
1 4647
0 4660
0 4661
0 4662
0 4663
0 4664
34 4653
3 4653
2 4653
1 4653
0 4665
0 4666
0 4667
0 4668
0 4669
0 4671
0 4672
0 4673
0 4675
31 4674
20 4674
21 4674
22 4674
23 4674
24 4674
0 4676
0 4677
0 4678
0 4680
0 4681
0 4682
0 4683
0 4685
0 4687
26 4686
19 4686
20 4686
21 4686
22 4686
23 4686
24 4686
0 4688
0 4689
0 4690
0 4691
0 4693
32 4670
12 4670
11 4670
10 4670
9 4670
8 4670
7 4670
6 4670
5 4670
4 4670
3 4670
2 4670
1 4670
0 4694
0 4695
0 4696
0 4697
0 4698
25 4679
9 4679
8 4679
7 4679
6 4679
5 4679
4 4679
3 4679
2 4679
1 4679
0 4699
28 4700
18 4700
19 4700
20 4700
21 4700
22 4700
23 4700
24 4700
0 4701
0 4702
0 4703
0 4704
30 4684
2 4684
1 4684
0 4706
0 4707
27 4692
6 4692
5 4692
4 4692
3 4692
2 4692
1 4692
0 4709
0 4710
31 4708
8 4708
7 4708
6 4708
5 4708
4 4708
3 4708
2 4708
1 4708
0 4712
0 4713
0 4714
0 4715
0 4717
0 4718
0 4719
0 4720
29 4705
4 4705
3 4705
2 4705
1 4705
0 4721
0 4722
0 4724
33 4716
22 4716
23 4716
24 4716
34 4711
1 4711
0 4725
0 4726
0 4727
0 4728
0 4729
0 4730
0 4731
0 4732
32 4723
3 4723
2 4723
1 4723
0 4733
0 4734
0 4736
0 4737
30 4735
15 4735
16 4735
17 4735
18 4735
19 4735
20 4735
21 4735
22 4735
23 4735
24 4735
0 4739
0 4741
0 4742
0 4743
27 4740
20 4740
21 4740
22 4740
23 4740
24 4740
0 4745
0 4746
26 4744
17 4744
18 4744
19 4744
20 4744
21 4744
22 4744
23 4744
24 4744
0 4747
0 4748
31 4738
23 4738
24 4738
0 4749
0 4750
0 4752
0 4753
0 4754
0 4757
25 4756
6 4756
5 4756
4 4756
3 4756
2 4756
1 4756
0 4758
0 4759
28 4751
16 4751
17 4751
18 4751
19 4751
20 4751
21 4751
22 4751
23 4751
24 4751
0 4760
0 4761
0 4762
0 4763
0 4764
33 4755
13 4755
14 4755
15 4755
16 4755
17 4755
18 4755
19 4755
20 4755
21 4755
22 4755
23 4755
24 4755
0 4765
0 4766
0 4767
0 4768
0 4769
0 4770
0 4771
0 4772
0 4773
0 4774
0 4776
0 4779
0 4781
0 4782
0 4783
34 4778
24 4778
0 4784
29 4780
4 4780
3 4780
2 4780
1 4780
0 4786
0 4787
0 4788
0 4789
0 4791
32 4785
0 4792
0 4793
26 4777
10 4777
9 4777
8 4777
7 4777
6 4777
5 4777
4 4777
3 4777
2 4777
1 4777
0 4794
30 4775
11 4775
10 4775
9 4775
8 4775
7 4775
6 4775
5 4775
4 4775
3 4775
2 4775
1 4775
33 4790
24 4790
0 4795
0 4797
27 4798
15 4798
16 4798
17 4798
18 4798
19 4798
20 4798
21 4798
22 4798
23 4798
24 4798
0 4799
0 4800
0 4801
25 4796
23 4796
24 4796
0 4802
