36 160 1.01919
53 161 1.08932
46 162 1.13066
49 163 1.17697
35 164 1.17911
48 165 1.25612
44 166 1.40772
45 167 1.42437
27 168 1.67254
34 169 1.72612
29 170 1.76395
51 171 1.77721
42 172 1.82981
47 173 2.00717
33 174 2.08659
26 175 2.10883
31 176 2.13133
50 177 2.32043
41 178 2.41966
54 179 2.47232
37 180 2.75648
46 181 4.405
51 182 4.75092
30 183 5.05018
32 184 5.28005
47 185 5.39925
27 186 5.55044
35 187 5.82485
53 188 6.12034
45 189 6.29265
34 190 6.32847
26 191 6.78363
28 192 6.79482
52 193 8.05673
37 194 8.41896
48 195 9.08712
31 196 9.20985
42 197 9.34153
38 198 9.40965
34 199 9.5822
26 200 9.96493
46 201 10.3536
28 202 10.9135
41 203 12.1293
39 204 12.514
31 205 12.5474
38 206 12.7832
25 207 12.795
34 208 12.8454
42 209 13.2616
47 210 13.4118
37 211 13.4643
46 212 13.5054
54 213 13.8433
53 214 14.8725
26 215 14.9302
