34 169 0 100 0.3 1.72612 2.02612
46 162 0 100 1.1 1.13066 2.23066
36 160 0 100 1.5 1.01919 2.51919
45 167 0 100 1.2 1.42437 2.62437
50 177 0 100 0.8 2.32043 3.12043
42 172 0 100 1.8 1.82981 3.62981
27 168 0 100 2.3 1.67254 3.97254
41 178 0 100 1.9 2.41966 4.31966
47 173 0 100 2.4 2.00717 4.40717
48 165 0 100 3.2 1.25612 4.45613
46 181 0 100 1 4.405 5.405
33 174 0 100 4.6 2.08659 6.68659
34 190 0 100 0.7 6.32847 7.02847
37 180 0 100 5 2.75648 7.75648
53 161 0 100 7.2 1.08932 8.28932
48 195 0 100 0.1 9.08712 9.18712
47 185 0 100 3.9 5.39925 9.29925
35 187 0 100 3.9 5.82485 9.72485
51 171 0 100 8 1.77721 9.77721
31 196 0 100 1.2 9.20985 10.4099
35 164 0 100 9.5 1.17911 10.6791
27 186 0 100 6.3 5.55044 11.8504
38 198 0 100 2.6 9.40965 12.0096
51 182 0 100 7.4 4.75092 12.1509
52 193 0 100 4.1 8.05673 12.1567
26 191 0 100 5.8 6.78363 12.5836
31 205 0 100 0.7 12.5474 13.2474
46 212 0 100 0.1 13.5054 13.6054
28 202 0 100 2.9 10.9135 13.8135
