28 292 1.06074
27 293 1.08788
48 294 1.08793
72 295 1.14059
42 296 1.14792
71 297 1.14944
74 298 1.17039
62 299 1.28497
53 300 1.30896
61 301 1.36352
55 302 1.53128
65 303 1.70026
46 304 1.70925
30 305 1.75396
67 306 1.814
32 307 1.84368
25 308 1.85025
57 309 1.87817
33 310 1.92429
35 311 1.9748
37 312 2.06979
69 313 2.22676
63 314 2.25926
50 315 2.31536
56 316 2.40861
54 317 2.44954
36 318 2.45421
44 319 2.45545
73 320 2.47342
41 321 2.5545
49 322 2.57247
59 323 2.63607
60 324 2.67793
26 325 2.6786
40 326 2.68404
51 327 2.6955
47 328 2.69993
70 329 2.8499
52 330 2.88041
58 331 2.89233
39 332 2.91108
65 333 4.08936
46 334 4.44198
48 335 4.67268
47 336 4.95107
49 337 4.98936
54 338 5.00491
72 339 5.01262
68 340 5.02371
55 341 5.10984
34 342 5.28129
64 343 5.32662
27 344 5.44382
51 345 5.93965
74 346 6.0444
71 347 6.19702
61 348 6.2172
38 349 6.24887
39 350 6.32652
70 351 6.37867
65 352 6.50165
63 353 6.55365
30 354 6.58528
44 355 6.60695
69 356 6.61352
57 357 6.70004
52 358 6.79887
66 359 7.16917
32 360 7.32215
40 361 7.57103
68 362 8.4459
43 363 8.80544
64 364 8.94863
37 365 8.97608
62 366 9.22898
25 367 9.3033
61 368 9.35961
48 369 9.36958
54 370 9.3919
51 371 9.41543
30 372 9.42138
31 373 9.49155
26 374 9.6456
70 375 9.75459
67 376 9.80968
60 377 10.1333
45 378 10.1335
69 379 10.2609
68 380 10.6694
33 381 10.6783
38 382 11.106
39 383 11.1131
43 384 11.1433
40 385 11.8523
61 386 12.0435
32 387 12.4494
41 388 12.465
27 389 12.7264
42 390 12.7989
69 391 13.1244
36 392 13.1443
38 393 13.1765
28 394 13.7588
62 395 13.925
72 396 14.4483
52 397 14.6282
33 398 14.8513
