36 160
31 160
16 160
53 161
11 161
35 164
42 164
29 161
12 161
51 161
46 162
48 165
15 165
14 165
27 168
16 168
51 165
38 160
20 160
42 172
35 172
41 172
13 172
12 172
11 172
31 162
26 164
13 164
28 164
12 164
11 164
10 164
9 164
8 164
7 164
6 164
5 164
54 164
44 166
6 166
34 169
2 169
1 169
36 162
21 162
31 176
36 176
21 176
51 171
16 171
15 171
41 171
26 175
42 175
14 175
28 175
13 175
12 175
11 175
10 175
9 175
8 175
7 175
6 175
5 175
4 175
38 162
22 162
23 162
24 162
50 177
49 163
21 163
31 163
54 166
7 166
8 166
9 166
10 166
11 166
12 166
13 166
14 166
15 166
35 171
26 171
32 160
24 160
41 178
26 178
39 176
22 176
30 161
18 161
17 161
16 161
45 167
40 172
14 172
15 172
16 172
17 172
18 172
47 173
27 177
21 177
51 172
28 166
16 166
17 166
18 166
51 166
19 166
20 166
21 166
50 166
27 166
22 166
23 166
24 166
30 172
20 172
19 172
49 176
24 176
48 177
22 177
23 177
24 177
53 165
36 163
1 163
41 161
19 161
20 161
21 161
22 161
23 161
30 165
21 165
20 165
19 165
39 166
29 170
22 170
30 170
51 170
49 166
1 166
54 179
12 179
38 173
3 173
47 163
3 163
35 178
21 178
20 178
19 178
26 172
21 172
22 172
23 172
24 172
41 165
26 165
44 179
14 179
38 163
4 163
5 163
6 163
7 163
8 163
9 163
10 163
11 163
12 163
13 163
46 176
4 176
47 176
43 168
50 168
2 168
1 168
31 166
35 165
23 165
22 165
40 178
22 178
23 178
24 178
38 176
7 176
6 176
5 176
33 174
9 174
32 173
8 173
33 173
9 173
10 173
11 173
12 173
13 173
14 173
15 173
16 173
17 173
18 173
19 173
20 173
21 173
22 173
23 173
24 173
35 173
28 165
24 165
54 163
17 163
16 163
15 163
14 163
51 182
3 182
53 170
3 170
2 170
35 170
26 170
48 161
5 161
27 161
6 161
7 161
49 161
43 176
50 176
52 175
18 175
17 175
16 175
30 183
51 183
27 176
8 176
9 176
10 176
11 176
12 176
33 176
13 176
14 176
15 176
16 176
17 176
18 176
19 176
20 176
37 180
15 180
14 180
13 180
12 180
47 180
42 171
4 171
25 164
21 164
47 185
12 185
46 181
11 181
47 181
12 181
13 181
14 181
15 181
16 181
17 181
18 181
19 181
20 181
21 181
22 181
23 181
24 181
53 183
6 183
5 183
35 183
27 186
45 174
14 174
13 174
12 174
34 163
20 163
19 163
31 185
13 185
50 186
28 171
7 171
6 171
5 171
53 188
10 188
47 174
16 174
26 183
9 183
31 174
49 185
15 185
14 185
27 185
35 187
42 183
10 183
11 183
12 183
13 183
14 183
29 182
12 182
30 188
46 174
17 174
18 174
19 174
20 174
21 174
22 174
23 174
24 174
29 188
13 188
26 187
11 187
28 192
10 192
9 192
8 192
7 192
6 192
5 192
4 192
3 192
48 183
15 183
16 183
17 183
18 183
46 183
38 180
19 180
18 180
26 191
42 187
12 187
13 187
14 187
34 190
1 190
31 183
19 183
20 183
47 183
30 187
41 170
35 191
50 185
18 185
17 185
16 185
32 184
22 184
49 180
21 180
31 180
22 180
23 180
24 180
45 189
24 189
33 180
42 170
16 170
40 171
14 171
13 171
12 171
11 171
10 171
9 171
8 171
41 191
39 161
24 161
46 161
31 161
32 189
2 189
33 189
3 189
4 189
5 189
6 189
7 189
8 189
9 189
10 189
11 189
12 189
13 189
14 189
15 189
16 189
17 189
18 189
35 189
26 189
19 189
20 189
21 189
22 189
23 189
28 170
18 170
17 170
50 189
42 191
21 191
20 191
19 191
18 191
17 191
16 191
15 191
14 191
13 191
12 191
11 191
10 191
9 191
8 191
7 191
6 191
5 191
38 183
4 183
3 183
47 184
5 184
31 184
48 195
1 195
37 194
8 194
7 194
6 194
30 185
38 194
40 170
21 170
20 170
54 192
16 192
15 192
14 192
13 192
12 192
29 187
2 187
1 187
25 171
54 171
17 171
18 171
19 171
20 171
21 171
22 171
23 171
24 171
46 184
38 198
8 198
31 196
8 196
42 197
1 197
26 197
35 197
43 186
6 186
5 186
4 186
26 200
38 196
9 196
10 196
11 196
52 193
18 193
17 193
16 193
15 193
14 193
13 193
12 193
11 193
10 193
39 184
9 184
8 184
45 196
12 196
13 196
14 196
15 196
16 196
17 196
18 196
19 196
54 196
20 196
21 196
22 196
23 196
24 196
47 194
11 194
51 188
5 188
4 188
48 186
7 186
8 186
9 186
10 186
11 186
12 186
13 186
53 182
5 182
46 201
10 201
50 184
30 182
6 182
7 182
8 182
38 193
44 164
22 164
23 164
24 164
41 197
5 197
4 197
3 197
35 200
34 199
19 199
18 199
17 199
16 199
15 199
14 199
13 199
12 199
42 188
41 200
35 188
41 188
26 188
6 188
7 188
8 188
9 188
45 186
15 186
14 186
43 184
12 184
13 184
14 184
15 184
36 166
14 166
28 202
6 202
7 202
31 194
36 194
14 194
15 194
16 194
17 194
18 194
19 194
20 194
21 194
26 202
48 188
11 188
12 188
39 201
14 201
15 201
50 182
13 182
14 182
41 202
43 188
39 182
15 182
40 197
7 197
8 197
31 201
16 201
17 201
18 201
19 201
35 202
10 202
11 202
28 197
9 197
10 197
11 197
51 197
12 197
38 186
18 186
19 186
20 186
21 186
22 186
23 186
24 186
36 182
17 182
18 182
46 199
32 198
19 198
20 198
21 198
22 198
23 198
24 198
30 202
38 182
19 182
41 203
32 182
20 182
21 182
22 182
23 182
24 182
47 193
19 193
32 193
20 193
21 193
22 193
23 193
24 193
31 199
51 202
34 194
2 194
3 194
26 203
31 205
20 205
21 205
33 191
23 191
24 191
53 202
16 202
17 202
52 194
5 194
42 200
15 200
16 200
38 206
25 207
54 207
7 207
8 207
47 206
23 206
24 206
30 200
53 200
51 200
18 200
19 200
20 200
21 200
33 206
1 206
2 206
3 206
4 206
5 206
6 206
7 206
35 203
17 203
18 203
32 205
36 199
24 199
23 199
22 199
21 199
50 188
22 188
23 188
31 188
42 209
35 209
41 209
45 184
1 184
2 184
44 207
10 207
11 207
12 207
13 207
14 207
15 207
46 188
24 188
29 197
20 197
21 197
22 197
37 201
3 201
4 201
5 201
6 201
7 201
8 201
9 201
46 212
47 210
38 210
1 210
2 210
50 197
23 197
24 197
31 212
48 202
22 202
23 202
46 197
54 201
11 201
50 202
24 202
30 203
53 203
26 209
20 209
21 209
29 209
22 209
43 200
37 211
6 211
7 211
8 211
9 211
10 211
11 211
12 211
13 211
54 213
13 213
14 213
15 213
16 213
17 213
18 213
19 213
20 213
49 183
2 183
1 183
40 207
19 207
20 207
21 207
41 207
51 203
24 203
23 203
39 204
4 204
5 204
44 211
16 211
17 211
18 211
19 211
20 211
21 211
26 207
32 210
7 210
8 210
38 204
30 209
1 209
2 209
53 214
26 215
28 213
24 213
23 213
22 213
