33 96
1 96
34 101
19 101
20 101
21 101
22 101
23 101
24 101
26 100
16 100
17 100
18 100
19 100
27 102
7 102
8 102
9 102
10 102
11 102
12 102
13 102
14 102
15 102
16 102
32 97
1 97
31 99
2 99
26 102
17 102
18 102
19 102
20 102
21 102
22 102
23 102
24 102
32 99
4 99
5 99
6 99
34 100
23 100
24 100
30 96
8 96
9 96
10 96
11 96
33 99
8 99
28 97
5 97
31 97
6 97
7 97
8 97
25 98
17 98
18 98
19 98
20 98
21 98
22 98
33 97
10 97
11 97
12 97
13 97
14 97
15 97
16 97
17 97
26 98
23 98
24 98
25 97
18 97
19 97
20 97
21 97
22 97
23 97
33 104
11 104
12 104
13 104
14 104
15 104
16 104
17 104
18 104
26 97
24 97
29 103
17 103
18 103
19 103
20 103
21 103
22 103
23 103
24 103
32 105
12 105
30 99
16 99
17 99
29 99
18 99
19 99
20 99
21 99
22 99
23 99
24 99
31 105
14 105
27 96
20 96
21 96
22 96
23 96
24 96
28 105
16 105
17 105
18 105
19 105
27 106
2 106
3 106
4 106
5 106
6 106
7 106
8 106
9 106
10 106
33 105
24 105
34 107
15 107
16 107
17 107
18 107
19 107
20 107
21 107
32 107
22 107
30 105
31 107
23 107
32 108
24 108
28 107
24 107
31 108
25 104
10 104
9 104
8 104
7 104
26 106
16 106
17 106
18 106
19 106
34 106
20 106
21 106
22 106
23 106
24 106
31 109
3 109
32 109
4 109
29 110
9 110
10 110
11 110
12 110
13 110
14 110
25 110
15 110
16 110
17 110
18 110
19 110
20 110
33 112
8 112
9 112
10 112
28 109
5 109
6 109
7 109
33 109
8 109
9 109
10 109
11 109
12 109
13 109
14 109
15 109
25 109
16 109
17 109
18 109
19 109
20 109
21 109
22 109
23 109
24 109
30 111
10 111
29 112
16 112
17 112
18 112
19 112
20 112
21 112
22 112
23 112
24 112
25 113
23 113
24 113
33 111
17 111
18 111
19 111
26 110
7 110
27 104
23 104
24 104
32 114
33 116
29 111
31 117
21 117
28 114
21 114
27 115
3 115
4 115
5 115
6 115
28 118
22 118
23 118
24 118
32 117
23 117
25 115
9 115
10 115
11 115
12 115
13 115
14 115
31 114
34 109
26 115
22 115
23 115
24 115
29 120
12 120
13 120
27 120
14 120
15 120
16 120
17 120
26 121
23 121
24 121
30 116
11 116
12 116
29 116
14 116
15 116
28 117
9 117
10 117
11 117
12 117
33 117
32 119
27 116
17 116
18 116
19 116
20 116
21 116
22 116
23 116
24 116
30 117
14 117
15 117
