57 970
98 970
21 970
114 970
42 970
44 972
109 972
56 972
10 972
83 972
11 972
56 974
109 974
44 974
10 974
11 974
49 971
34 976
121 976
40 976
14 976
30 976
61 977
123 977
92 977
92 979
123 979
102 982
124 982
119 983
83 974
25 974
39 975
91 976
74 976
15 976
66 977
14 977
121 977
40 977
34 977
89 977
80 978
53 978
60 978
103 978
75 980
17 980
106 981
19 981
122 974
96 976
31 986
74 986
91 986
72 978
1 978
116 978
113 980
86 980
52 989
87 990
43 990
67 975
115 975
9 975
108 975
115 991
67 991
9 991
99 992
114 987
113 993
27 994
97 994
65 995
98 996
68 996
85 976
17 976
16 976
92 976
124 998
71 984
57 995
98 995
122 1000
65 996
58 973
73 1002
88 974
14 974
13 974
109 1003
56 1003
77 971
30 1004
108 991
61 979
67 1005
38 1006
29 988
104 1007
59 999
21 999
25 1000
14 1000
88 1000
69 1001
12 1001
79 1008
41 1002
81 985
15 985
70 997
2 997
62 1009
33 975
11 975
10 975
102 998
85 988
101 999
71 973
12 973
109 1001
117 1009
45 1009
31 1004
121 1004
123 976
37 986
18 986
105 978
4 978
82 972
14 972
88 972
15 972
43 1011
62 999
83 1000
15 1000
16 1000
57 996
36 1008
106 1009
22 1009
121 986
34 986
86 993
21 993
101 993
35 981
23 981
41 981
73 981
96 988
19 988
31 988
30 988
123 1000
17 1000
18 1000
121 1000
107 983
6 983
26 990
122 985
88 985
74 1010
31 1010
47 1012
88 1012
62 993
22 993
106 993
95 994
115 1005
39 1005
12 1005
11 1005
10 1005
9 1005
8 1005
7 1005
6 1005
119 1005
80 1006
4 1006
103 1006
91 988
112 1013
114 990
2 990
64 1002
50 1002
122 1012
61 976
18 976
36 993
79 993
23 993
72 1006
5 1006
84 1013
34 1000
19 1000
101 1014
112 1002
84 1002
95 1015
97 1015
53 997
80 997
54 975
12 975
13 975
14 975
15 975
40 1004
34 1004
19 1004
123 1004
18 1004
118 984
14 984
94 994
4 994
87 1011
3 1011
62 1014
23 1014
108 973
104 983
8 983
7 983
98 990
65 990
38 997
5 997
72 997
59 1009
24 1009
46 970
3 970
97 970
4 970
109 975
16 975
58 991
90 1018
2 1018
65 1018
46 1019
3 1019
63 980
23 980
62 980
81 972
18 972
116 1006
40 1020
45 1008
24 1008
36 1022
88 1023
44 1003
16 1003
15 1003
108 1003
42 987
115 984
68 995
3 995
57 990
68 990
3 990
103 997
7 997
122 1023
18 1023
81 1023
19 1023
30 1010
21 1010
37 1010
82 975
17 975
46 987
4 987
95 987
97 987
39 984
111 1025
65 1019
68 1019
84 1021
112 1021
27 1015
5 1015
116 997
8 997
9 997
87 970
5 970
95 970
49 1025
98 1018
99 994
6 994
80 994
7 994
103 994
51 989
113 1014
86 1014
78 1017
48 983
9 983
10 983
11 983
12 983
13 983
14 983
66 979
21 979
103 1026
8 1026
51 1026
90 995
4 995
5 995
87 995
43 995
61 1000
99 1017
7 1017
54 983
15 983
16 983
42 990
5 990
4 990
106 1008
1 1008
113 1008
79 1022
106 1022
1 1022
46 1015
119 997
10 997
32 981
118 1016
50 1021
3 1021
2 1021
45 1021
73 1009
71 991
41 1024
94 987
7 987
99 987
110 978
9 978
68 1018
5 1018
4 1018
36 1021
79 1021
33 973
17 973
16 973
15 973
60 1028
42 1015
6 1015
68 1015
58 1003
35 993
3 993
117 999
45 999
53 1017
115 983
59 1022
3 1022
117 1022
83 985
21 985
22 985
25 1012
83 1012
21 1012
89 986
23 986
97 1029
77 1025
1 1025
112 1018
121 979
31 979
30 979
24 979
49 1030
34 1020
120 1007
12 1007
36 999
79 999
3 999
2 999
1 999
86 1008
2 1008
62 1008
61 985
23 985
24 985
104 997
12 997
118 991
19 991
18 991
17 991
16 991
15 991
14 991
13 991
120 991
78 987
9 987
8 987
111 1030
1 1030
105 1006
89 1020
24 1020
121 1020
31 1020
116 989
105 989
11 989
10 989
99 989
9 989
97 989
39 983
18 983
33 983
117 1008
3 1008
4 1008
47 1023
22 1023
25 1023
71 1003
19 1003
18 1003
39 1003
93 976
23 976
101 980
3 980
29 1030
30 1020
106 1021
4 1021
5 1021
6 1021
7 1021
66 1000
24 1000
108 983
19 983
71 983
90 990
7 990
6 990
32 1009
5 1009
4 1009
92 1004
73 1024
84 1018
6 1018
7 1018
8 1018
46 1018
96 979
1 979
79 980
4 980
76 982
15 982
14 982
13 982
12 982
11 982
116 982
80 1031
38 1031
114 1011
85 1030
89 1000
63 1014
3 1014
111 1014
54 973
18 973
19 973
20 973
21 973
22 973
118 983
112 990
36 1009
91 1010
1 1010
28 977
50 993
29 979
57 1019
8 1019
123 972
68 1021
57 1021
8 1021
9 1021
41 1008
61 1004
32 1024
6 1024
73 1008
65 1015
48 997
14 997
82 1012
23 1012
22 1012
118 1012
50 1024
7 1024
8 1024
9 1024
68 1024
106 980
64 981
7 981
6 981
101 981
5 981
4 981
110 1006
13 1006
12 1006
78 1006
73 1033
7 1033
109 973
23 973
24 973
32 1008
7 1008
79 1009
6 1009
7 1009
8 1009
9 1009
10 1009
44 975
23 975
22 975
21 975
20 975
19 975
109 1034
23 1034
95 1029
11 1029
42 1018
10 1018
90 1019
9 1019
10 1019
11 1019
97 1019
105 982
46 1011
42 1011
10 1011
64 1033
41 1033
84 990
8 990
64 990
50 1008
8 1008
75 971
5 971
113 971
78 1029
12 1029
13 1029
93 972
1 972
52 1026
116 1026
34 1036
89 1036
2 1036
77 999
75 999
5 999
59 1035
7 1035
101 1035
62 1035
113 1037
6 1037
112 993
51 978
95 1019
12 1019
13 1019
36 980
7 980
96 1030
4 1030
3 1030
89 1030
28 1030
69 1016
23 1016
33 1016
26 995
114 995
46 995
60 1017
14 1017
45 1022
7 1022
87 1009
12 1009
114 1009
115 1003
22 1003
29 1032
53 1029
105 1026
15 1026
122 1038
1 1038
27 970
13 970
12 970
11 970
10 970
33 1003
23 1003
24 1003
43 987
63 999
49 1014
6 1014
117 1035
26 1009
86 971
87 987
26 987
13 987
12 987
11 987
10 987
111 981
53 1026
113 999
75 1014
7 1014
8 1014
9 1014
64 1008
10 1008
9 1008
100 1027
11 1027
64 1027
10 1027
9 1027
79 1027
36 1027
83 1023
2 1023
1 1023
72 994
16 994
15 994
14 994
87 994
36 1039
79 1039
9 1039
8 1039
110 982
72 982
16 982
17 982
18 982
19 982
20 982
21 982
22 982
23 982
119 1007
18 1007
17 1007
116 1007
104 991
50 987
87 1040
14 1040
93 1036
4 1036
123 1036
61 1036
92 1036
74 988
98 1021
13 1021
12 1021
11 1021
10 1021
38 1017
16 1017
15 1017
95 1017
56 1001
2 1001
45 1035
36 1035
101 1037
9 1037
45 1037
81 976
4 976
88 976
60 1029
124 1041
76 1041
49 981
8 981
9 981
37 1042
91 1042
31 1042
30 1042
74 1042
6 1042
28 1042
80 1026
42 995
14 995
13 995
12 995
121 988
6 988
97 1017
32 1033
11 1033
62 1022
63 971
9 971
44 1034
2 1034
65 1024
40 986
6 986
5 986
4 986
122 986
25 986
72 1029
73 1021
117 1014
10 1014
11 1014
12 1014
13 1014
14 1014
103 1028
59 1008
11 1008
12 1008
13 1008
14 1008
15 1008
106 1027
36 1037
106 1037
11 1037
43 1009
15 1009
62 971
47 976
122 976
40 1043
26 994
108 1016
1 1016
81 1045
5 1045
123 1045
6 1045
92 1045
31 1046
30 1046
73 1037
12 1037
13 1037
14 1037
15 1037
45 971
119 991
20 991
21 991
22 991
23 991
24 991
96 1032
8 1032
91 1032
31 1032
78 1019
17 1019
16 1019
15 1019
35 980
54 982
114 1040
39 1016
28 988
7 988
94 989
17 989
46 1014
114 1014
16 1014
94 1014
17 1014
18 1014
80 1014
50 1033
13 1033
58 983
2 983
1 983
41 990
13 990
12 990
62 990
11 990
10 990
79 1035
101 1022
11 1022
10 1022
9 1022
42 1009
117 971
11 971
79 971
71 1012
58 1012
2 1012
1 1012
25 976
5 976
6 976
7 976
8 976
55 998
23 998
22 998
21 998
119 998
64 987
110 1029
85 979
9 979
75 981
10 981
11 981
43 994
26 1040
61 1045
7 1045
8 1045
36 971
12 971
13 971
14 971
45 1047
84 993
14 993
13 993
12 993
11 993
10 993
85 993
73 980
13 980
12 980
11 980
10 980
9 980
77 1039
84 1048
14 1048
73 1048
13 1048
12 1048
11 1048
115 1016
2 1016
3 1016
4 1016
5 1016
122 1016
92 988
53 1014
19 1014
20 1014
21 1014
91 1045
9 1045
65 1037
16 1037
17 1037
18 1037
39 1049
2 1049
56 1034
5 1034
4 1034
71 1034
3 1034
31 976
9 976
10 976
41 987
14 987
37 979
75 1039
11 1039
10 1039
31 1039
25 1016
6 1016
81 1016
7 1016
8 1016
42 1051
17 1051
16 1051
15 1051
100 995
15 995
16 995
17 995
18 995
19 995
60 995
27 1017
18 1017
42 1017
17 1017
87 1017
95 1008
18 1008
64 971
117 1050
52 978
21 978
67 984
3 984
107 1005
22 1005
21 1005
60 1005
20 1005
19 1005
18 1005
101 1048
62 1048
111 1044
11 1044
10 1044
53 995
20 995
51 1007
49 1022
101 1054
13 1054
12 1054
11 1054
10 1054
9 1054
8 1054
94 1037
19 1037
20 1037
21 1037
79 1047
84 987
30 1032
10 1032
121 1043
30 1043
10 1043
91 979
10 979
11 979
12 979
13 979
14 979
15 979
16 979
17 979
18 979
114 994
18 994
37 1039
30 1039
68 1011
17 1011
100 1011
16 1011
110 995
21 995
22 995
23 995
52 1007
22 1007
21 1007
20 1007
19 1007
94 1007
95 1007
119 1053
40 1045
10 1045
37 1045
108 1049
4 1049
67 1049
118 1055
33 1034
36 1047
14 1047
13 1047
12 1047
11 1047
10 1047
9 1047
8 1047
47 1047
45 1050
36 1050
14 1050
13 1050
12 1050
11 1050
10 1050
9 1050
8 1050
7 1050
105 1056
116 1056
51 1056
22 1056
21 1056
20 1056
19 1056
112 987
16 987
65 979
117 1048
45 1048
36 1048
50 1051
97 1007
26 1017
72 1028
71 1055
5 1055
87 1056
110 1028
22 1028
23 1028
52 1028
51 1028
116 1028
106 1035
15 1035
46 1009
19 1009
104 998
24 998
121 1039
42 1005
96 1044
12 1044
13 1044
14 1044
15 1044
36 1044
45 1044
117 1044
92 1052
10 1052
63 990
14 990
15 990
16 990
17 990
111 1022
13 1022
12 1022
37 1022
74 1046
53 1037
28 1032
11 1032
12 1032
31 1043
37 1043
12 1043
11 1043
85 980
113 981
79 1048
70 1031
22 1031
21 1031
20 1031
19 1031
18 1031
17 1031
64 1031
38 1026
70 1026
22 1026
21 1026
20 1026
19 1026
18 1026
17 1026
16 1026
36 1026
45 1026
77 1059
114 1017
20 1017
110 1058
23 1058
22 1058
38 1058
91 1022
121 1046
12 1046
11 1046
10 1046
122 1046
9 1046
8 1046
108 1034
6 1034
7 1034
40 1039
12 1039
13 1039
14 1039
15 1039
16 1039
17 1039
18 1039
19 1039
20 1039
21 1039
99 1006
112 1051
18 1051
19 1051
20 1051
105 1028
24 1028
107 1053
123 1054
30 1045
60 1037
23 1037
38 1037
33 1055
91 1060
37 1060
13 1060
12 1060
11 1060
10 1060
122 1060
74 1032
37 1032
13 1032
50 1031
84 1011
50 1011
93 1016
75 1059
15 1059
14 1059
13 1059
37 1059
91 1059
50 1061
31 1022
121 1045
108 1055
7 1055
6 1055
39 1055
41 971
85 1032
14 1032
15 1032
75 1032
96 980
14 980
64 1011
101 1044
114 1051
86 999
16 999
15 999
14 999
37 999
32 1021
18 1021
74 1059
121 1059
35 1033
18 1033
17 1033
73 1035
35 1035
18 1035
31 1045
44 1057
9 1057
8 1057
7 1057
6 1057
5 1057
4 1057
50 971
19 971
18 971
73 971
26 1056
60 1065
28 1043
13 1043
14 1043
41 1011
19 1011
94 1006
23 1006
22 1006
21 1006
20 1006
19 1006
50 1006
62 1044
17 1044
16 1044
113 1044
36 1033
45 1033
30 1022
59 1027
18 1027
17 1027
124 1057
95 1063
23 1063
22 1063
21 1063
20 1063
19 1063
106 1048
18 1048
17 1048
79 1026
87 1051
52 1066
51 1066
1 1066
2 1066
3 1066
4 1066
91 999
30 999
78 989
24 989
62 1027
48 978
2 978
3 978
4 978
5 978
6 978
7 978
8 978
9 978
10 978
63 981
17 981
62 981
18 981
19 981
20 981
21 981
22 981
23 981
24 981
89 1042
14 1042
62 1068
18 1068
36 1068
45 1068
82 1001
11 1001
10 1001
30 1069
15 1069
16 1069
17 1069
18 1069
103 1029
1 1029
2 1029
3 1029
4 1029
68 979
22 979
21 979
20 979
19 979
46 1005
23 1005
86 1044
18 1044
124 1066
5 1066
6 1066
7 1066
8 1066
9 1066
10 1066
11 1066
81 1052
13 1052
65 1009
35 971
20 971
21 971
22 971
23 971
118 1034
10 1034
9 1034
8 1034
69 1064
118 1064
10 1064
9 1064
108 1064
114 1056
98 1024
23 1024
97 1062
34 1030
15 1030
14 1030
13 1030
12 1030
11 1030
10 1030
9 1030
8 1030
7 1030
6 1030
26 1051
24 1051
82 1066
12 1066
13 1066
14 1066
15 1066
30 1066
71 1001
70 1058
1 1058
2 1058
3 1058
4 1058
5 1058
6 1058
7 1058
8 1058
9 1058
10 1058
11 1058
12 1058
57 1015
23 1015
80 1037
70 1037
1 1037
72 1037
68 1009
23 1009
22 1009
65 971
57 971
114 1024
24 1024
83 986
13 986
25 1060
77 1032
18 1032
17 1032
16 1032
34 1032
113 1048
104 1067
119 1067
4 1067
3 1067
2 1067
1 1067
73 1011
75 1044
40 1059
16 1059
17 1059
18 1059
19 1059
20 1059
21 1059
84 1061
22 1061
21 1061
20 1061
86 1061
19 1061
18 1061
17 1061
16 1061
117 1033
45 1069
115 1049
10 1049
9 1049
8 1049
7 1049
6 1049
5 1049
104 1049
67 1055
10 1055
9 1055
120 1029
63 1048
19 1048
20 1048
21 1048
22 1048
23 1048
24 1048
116 1071
3 1071
52 1071
93 1042
15 1042
16 1042
17 1042
18 1042
19 1042
20 1042
64 1021
22 1021
21 1021
20 1021
19 1021
122 1052
62 1033
20 1033
21 1033
22 1033
23 1033
24 1033
82 1058
13 1058
14 1058
15 1058
16 1058
117 1069
62 1069
20 1069
21 1069
22 1069
23 1069
24 1069
74 1045
17 1045
16 1045
15 1045
14 1045
13 1045
12 1045
101 1027
20 1027
19 1027
63 1027
33 1064
11 1064
12 1064
13 1064
14 1064
15 1064
16 1064
83 1060
14 1060
15 1060
16 1060
17 1060
18 1060
19 1060
20 1060
21 1060
22 1060
23 1060
24 1060
29 993
18 993
17 993
16 993
15 993
14 993
13 993
87 1005
112 1031
45 1042
117 1042
62 1042
61 988
16 988
15 988
14 988
13 988
12 988
33 988
11 988
10 988
9 988
31 999
74 999
17 999
18 999
19 999
20 999
21 999
22 999
73 1059
22 1059
23 1059
24 1059
30 1061
31 1061
39 1034
67 1034
72 1070
60 1070
3 1070
2 1070
80 1070
94 1062
99 1062
2 1062
1 1062
26 1048
84 1031
23 1031
24 1031
108 1001
58 984
38 1070
123 1016
79 1068
66 1036
17 1036
16 1036
15 1036
14 1036
13 1036
27 1007
2 1007
3 1007
37 1066
91 1066
31 1066
18 1066
17 1066
25 1052
83 1052
15 1052
37 1072
30 1072
31 1072
103 1037
4 1037
47 1050
83 1050
25 1050
96 1043
19 1043
18 1043
17 1043
16 1043
25 1043
83 1043
102 1041
8 1041
7 1041
6 1041
35 1011
23 1011
22 1011
21 1011
20 1011
29 1011
124 1030
58 1036
71 1036
38 1007
4 1007
113 1027
88 1047
16 1047
15 1047
14 1047
58 1047
122 1050
16 1050
15 1050
14 1050
29 1073
20 1073
21 1073
22 1073
36 1073
53 1065
72 1065
100 987
56 978
15 978
16 978
25 978
47 1043
70 1070
4 1070
41 1006
24 1006
106 1026
23 1026
24 1026
60 1007
86 1027
22 1027
21 1027
90 970
1 970
79 1073
23 1073
24 1073
73 1073
122 978
49 980
21 980
20 980
19 980
30 980
42 1039
2 1039
1 1039
57 1039
114 1005
87 1048
64 1026
50 1026
112 1026
117 1068
23 1068
24 1068
83 978
17 978
89 1032
19 1032
20 1032
21 1032
22 1032
23 1032
86 1032
63 1032
41 1068
33 1001
14 1001
13 1001
92 1054
19 1054
20 1054
21 1054
22 1054
23 1054
109 1046
16 1046
15 1046
14 1046
122 1075
17 1075
18 1075
25 1075
34 1064
35 1073
82 993
56 993
53 1070
6 1070
5 1070
94 1070
99 1070
48 1041
51 1071
7 1071
8 1071
9 1071
10 1071
11 1071
12 1071
13 1071
14 1071
15 1071
16 1071
17 1071
18 1071
25 1071
85 1011
72 1007
6 1007
7 1007
74 1061
28 1058
20 1058
121 1022
91 1072
29 1027
98 1015
3 1015
2 1015
50 1015
1 1015
35 1015
59 1063
67 1076
108 984
15 984
14 984
13 984
12 984
11 984
10 984
9 984
8 984
51 984
31 980
114 1048
4 1048
43 1040
4 1040
5 1040
6 1040
60 1040
61 1016
77 1044
23 1044
22 1044
21 1044
74 1022
21 1022
20 1022
121 1072
74 1072
21 1072
20 1072
19 1072
18 1072
28 1077
21 1077
22 1077
57 1048
53 1040
72 1040
7 1040
8 1040
84 1026
2 1026
1 1026
37 1061
91 1061
34 1022
63 1054
24 1054
83 1075
77 1080
24 1080
23 1080
22 1080
21 1080
31 1080
37 1080
74 1080
65 1039
4 1039
3 1039
30 1077
31 1077
37 1077
98 1048
51 1040
122 1071
48 1007
9 1007
8 1007
41 1078
2 1078
3 1078
50 1078
66 1058
21 1058
25 1072
54 1012
15 1012
14 1012
13 1012
12 1012
11 1012
10 1012
9 1012
46 1056
78 1070
7 1070
8 1070
9 1070
10 1070
11 1070
12 1070
13 1070
14 1070
15 1070
16 1070
91 1080
74 1077
116 1040
92 1016
64 1078
53 1082
60 1082
72 1082
8 1082
9 1082
10 1082
11 1082
12 1082
13 1082
14 1082
15 1082
16 1082
17 1082
18 1082
19 1082
20 1082
21 1082
22 1082
23 1082
31 1082
37 1082
28 1022
22 1022
23 1022
24 1022
44 1045
18 1045
19 1045
20 1045
21 1045
22 1045
23 1045
24 1045
47 1075
20 1075
19 1075
115 1034
16 1034
15 1034
14 1034
13 1034
12 1034
71 1047
17 1047
18 1047
19 1047
20 1047
21 1047
22 1047
43 1056
6 1056
7 1056
75 1079
33 1046
17 1046
18 1046
19 1046
20 1046
85 1027
24 1027
23 1027
31 1027
58 1050
49 1054
28 1047
23 1047
26 1005
43 1005
7 1005
6 1005
5 1005
50 1005
4 1005
3 1005
65 1048
6 1048
106 1086
3 1086
36 1086
25 1046
21 1046
22 1046
54 1070
17 1070
18 1070
33 1070
40 1066
24 1066
94 1056
39 1076
18 1076
17 1076
16 1076
15 1076
14 1076
13 1076
12 1076
11 1076
63 1084
2 1084
3 1084
62 1084
45 1084
38 1085
80 1085
10 1085
11 1085
12 1085
13 1085
14 1085
15 1085
16 1085
17 1085
18 1085
52 984
107 1041
12 1041
11 1041
99 1087
87 1089
8 1089
46 1089
26 1089
43 1089
50 1090
5 1090
6 1090
7 1090
65 1090
57 1090
101 1042
3 1042
4 1042
37 1027
48 1012
31 1047
97 1056
9 1056
10 1056
117 1084
91 1077
105 1040
66 1016
24 1016
79 1086
4 1086
5 1086
6 1086
7 1086
8 1086
65 1086
57 1086
32 1035
5 1035
4 1035
3 1035
2 1035
76 1057
15 1057
14 1057
13 1057
12 1057
11 1057
10 1057
44 1075
21 1075
22 1075
23 1075
24 1075
61 1075
92 1075
101 1084
4 1084
5 1084
59 1084
106 1084
36 1084
35 1042
29 1044
118 1036
120 1074
14 1074
13 1074
12 1074
11 1074
10 1074
27 1057
95 1057
37 1047
91 1047
1 1047
71 1050
38 1056
80 1056
53 1056
55 1083
16 1083
15 1083
14 1083
13 1083
12 1083
11 1083
10 1083
104 1029
14 1029
13 1029
12 1029
11 1029
10 1029
9 1029
43 1029
32 1042
6 1042
5 1042
36 1042
106 1042
73 1015
6 1015
5 1015
115 1091
20 1091
21 1091
22 1091
23 1091
24 1091
60 1056
12 1056
11 1056
27 1056
116 984
84 1088
50 1088
70 1007
12 1007
86 1015
66 1075
1 1075
91 1075
37 1075
31 1075
2 1075
40 1075
89 1064
66 1064
1 1064
46 1083
87 1083
26 1029
87 1029
88 1043
24 1043
82 1043
56 1043
109 1043
23 1043
52 1041
96 1011
3 1011
37 1011
91 1011
36 1092
6 1092
35 1092
73 1092
32 1092
7 1092
74 1082
72 1093
111 1054
4 1054
5 1054
65 1094
43 1083
51 1076
78 1087
12 1087
93 1081
1 1081
2 1081
123 1081
31 1011
53 1093
49 1035
94 1074
31 1096
38 1087
70 1087
13 1087
83 1071
59 1042
7 1042
85 1044
4 1044
5 1044
86 1054
6 1054
45 1054
117 1054
47 1046
118 1050
23 1050
24 1050
109 1050
56 1050
79 1084
7 1084
86 1084
6 1084
116 1041
15 1041
72 1041
88 1071
56 1098
106 1092
78 1099
13 1099
38 1099
45 1100
117 1100
101 1100
7 1100
8 1100
112 1078
9 1078
98 1086
11 1086
43 1086
62 1054
7 1054
99 1074
83 1046
57 1094
98 1094
11 1094
82 1050
96 1097
85 1097
29 1097
5 1097
6 1097
108 1070
23 1070
109 1098
68 1090
102 1030
55 1030
19 1030
20 1030
21 1030
59 1092
8 1092
101 1092
117 1092
70 1099
14 1099
106 1100
122 1072
1 1072
63 1015
7 1015
25 1095
86 1101
63 1101
7 1101
117 1101
64 1088
53 1041
57 1102
68 1102
54 1030
22 1030
69 1036
24 1036
115 1036
67 1036
23 1036
124 1103
19 1103
121 1061
87 1086
13 1086
101 1015
8 1015
80 1041
74 1011
59 1100
9 1100
73 1100
36 1054
9 1054
90 1094
12 1094
33 1085
70 1041
101 1104
61 1081
66 1081
98 1090
13 1090
35 1100
32 1100
10 1100
50 1100
76 1103
20 1103
55 1103
67 1105
24 1105
23 1105
22 1105
21 1105
88 1046
3 1046
4 1046
92 1064
61 1064
45 1101
9 1101
10 1101
37 1096
121 1096
74 1096
6 1096
85 1096
82 1098
2 1098
3 1098
87 1090
14 1090
62 1092
91 1082
79 1054
10 1054
83 1072
77 1084
8 1084
29 1084
96 1096
7 1096
25 1098
49 1044
8 1044
9 1044
99 1099
16 1099
17 1099
84 1078
12 1078
13 1078
98 1078
14 1078
87 1078
111 1035
8 1035
88 1072
4 1072
5 1072
92 1072
66 1072
78 1074
16 1074
17 1074
72 1074
46 1029
15 1029
110 1040
18 1040
19 1040
47 1071
4 1071
82 1071
109 1071
83 1098
47 1098
88 1098
4 1098
5 1098
66 1098
89 1081
6 1081
7 1081
74 1081
91 1081
39 1030
64 1100
12 1100
43 1078
46 1078
15 1078
103 1065
18 1065
84 1100
13 1100
74 1110
91 1110
60 1093
53 1074
18 1074
73 1109
12 1109
79 1109
88 1113
5 1113
101 1101
11 1101
106 1101
112 1088
13 1088
35 1088
94 1087
17 1087
18 1087
48 1040
20 1040
120 1040
37 1081
8 1081
9 1081
31 1110
8 1110
9 1110
77 1110
10 1110
103 1093
19 1093
20 1093
62 1107
96 1035
9 1035
113 1015
11 1015
122 1095
5 1095
6 1095
88 1095
85 1084
96 1084
9 1084
91 1084
74 1084
108 1085
2 1085
115 1085
67 1085
53 1087
72 1087
103 1087
19 1087
80 1099
53 1099
72 1099
103 1099
19 1099
20 1099
21 1099
42 1086
16 1086
55 1105
60 1111
37 1035
74 1035
34 1058
8 1058
118 1112
28 1075
34 1075
8 1075
9 1075
123 1064
7 1064
8 1064
74 1064
98 1029
16 1029
38 1041
19 1041
99 1041
94 1041
18 1041
65 1102
16 1102
17 1102
87 1102
43 1102
48 1093
21 1093
22 1093
23 1093
72 1111
53 1111
70 1074
38 1074
19 1074
96 1075
81 986
7 986
56 1071
5 1071
92 1098
8 1098
41 1100
14 1100
54 1036
2 1036
3 1036
33 1036
87 1115
57 1078
65 1078
102 1103
24 1103
23 1103
22 1103
21 1103
40 1061
9 1061
124 1105
93 1046
123 1046
8 1046
107 1012
22 1012
23 1012
31 1084
105 984
21 984
72 984
73 1088
34 1098
9 1098
45 1092
13 1092
113 1092
101 1107
95 1056
19 1056
20 1056
83 1095
7 1095
29 1096
11 1096
12 1096
117 1104
64 1118
41 1116
15 1116
27 1090
95 1090
19 1090
20 1090
108 1036
4 1036
5 1036
6 1036
34 1119
90 1086
17 1086
18 1086
19 1086
95 1086
102 1105
55 1093
102 1093
45 1107
91 1035
61 1072
123 1072
85 1075
33 1117
62 1104
14 1104
74 1098
112 1100
16 1100
17 1100
117 1107
14 1107
15 1107
73 1107
93 1072
9 1072
10 1072
97 1057
20 1057
29 1075
12 1075
13 1075
110 1065
52 1076
23 1076
77 1096
13 1096
14 1096
101 1096
30 1080
11 1080
77 1120
13 1120
14 1120
101 1120
91 1098
50 1118
84 1116
86 1092
14 1092
15 1092
16 1092
66 1061
10 1061
93 1061
123 1061
123 1121
105 1065
23 1065
24 1065
110 1076
53 984
22 984
95 1122
45 1120
15 1120
113 1120
116 1087
23 1087
24 1087
112 1118
17 1118
73 1118
16 1118
50 1116
112 1116
111 1081
13 1081
72 1090
53 1090
22 1090
84 1092
112 1092
98 1123
103 1103
72 1103
47 1113
25 1113
108 1117
6 1117
115 1117
37 1064
26 1083
20 1083
88 986
105 1076
46 1102
30 1098
37 1098
12 1098
13 1098
31 1035
12 1035
60 1074
122 1113
9 1113
109 1113
79 1015
16 1015
91 1064
112 1125
82 1095
116 1076
24 1076
117 1096
75 1097
63 1097
15 1097
64 1116
18 1116
17 1116
16 1116
70 1090
43 1115
121 1082
35 1107
17 1107
18 1107
19 1107
20 1107
21 1107
98 1107
66 1035
56 1113
31 1064
121 1064
13 1064
109 1095
59 1101
17 1101
73 1101
96 1080
29 1080
14 1080
15 1080
106 1104
59 1104
17 1104
16 1104
15 1104
100 1108
19 1108
41 1118
18 1118
19 1118
29 1126
96 1126
14 1126
121 1126
74 1126
31 1126
37 1126
13 1126
83 1124
89 1058
12 1058
11 1058
107 1087
1 1087
2 1087
3 1087
124 1087
112 1108
65 1123
21 1123
87 1123
28 1119
13 1119
121 1119
31 1119
74 1119
92 1035
34 1072
69 1112
71 1112
71 1127
76 1012
3 1012
85 1064
96 1064
39 1085
7 1085
6 1085
110 984
48 1114
1 1114
117 1097
17 1097
32 1088
41 1088
19 1088
18 1088
117 1088
17 1088
16 1088
79 1116
25 1128
83 1128
27 1086
23 1086
24 1086
72 1086
51 1106
1 1106
105 1106
69 1127
9 1127
124 1012
52 1065
51 1065
1 1065
107 1114
2 1114
3 1114
44 1043
10 1043
11 1043
12 1043
85 1130
42 1078
22 1078
23 1078
57 1107
65 1107
80 1111
62 1015
94 1057
24 1057
23 1057
98 1057
65 1057
119 1049
26 1102
23 1102
22 1102
100 1118
21 1118
22 1118
101 1116
77 1081
17 1081
18 1081
38 1090
43 1123
120 1099
3 1099
46 1115
23 1115
24 1115
70 1134
84 1125
21 1125
54 1085
8 1085
9 1085
78 1041
65 1118
23 1118
24 1118
94 1115
43 1133
87 1133
61 1061
14 1061
92 1061
66 1136
116 1106
106 1137
105 1129
100 1125
22 1125
23 1125
87 1125
43 1125
24 1125
56 1095
12 1095
11 1095
10 1095
47 986
13 986
14 986
123 986
75 1104
18 1104
64 1108
21 1108
41 1108
50 1092
64 1092
21 1092
20 1092
88 1124
47 1124
13 1124
56 1124
12 1124
121 1135
31 1135
92 1136
15 1136
36 1109
20 1109
19 1109
107 1049
4 1049
29 1064
17 1064
99 1056
78 1056
1 1056
71 1085
86 1120
19 1120
20 1120
96 1130
90 1100
23 1100
22 1100
72 1131
2 1131
78 1131
99 1131
1 1131
42 1107
24 1107
58 1112
11 1112
108 1112
116 1129
3 1129
118 1127
58 1127
11 1127
10 1127
68 1094
24 1094
87 1094
67 1117
10 1117
9 1117
106 1120
21 1120
22 1120
114 1089
62 1116
20 1116
106 1116
21 1116
26 1123
114 1123
47 1139
88 1139
14 1139
83 1139
91 1126
17 1126
46 1133
114 1133
26 1133
37 1119
91 1119
17 1119
16 1119
15 1119
74 1135
91 1135
37 1135
17 1135
43 1094
114 1094
69 1085
118 1085
102 1087
7 1087
8 1087
9 1087
10 1087
101 1081
21 1081
92 1119
53 1103
3 1103
57 1057
79 1132
101 1132
21 1132
46 1094
1 1094
61 986
58 1085
12 1085
13 1085
35 1101
22 1101
45 1096
62 1096
21 1096
22 1096
23 1096
64 1096
112 1096
88 1141
73 1120
46 1142
1 1142
26 1142
114 1142
111 1098
19 1098
20 1098
21 1098
101 1098
62 1098
100 1100
24 1100
123 1136
103 1074
4 1074
116 1074
65 1125
95 1083
2 1083
94 1083
99 1083
84 1096
81 1043
16 1043
113 1080
21 1080
32 1108
23 1108
22 1108
36 1116
22 1116
23 1116
118 1144
71 1144
27 1078
61 1136
17 1136
81 1136
16 1136
88 1136
91 1145
31 1145
28 1072
18 1072
19 1072
111 1072
20 1072
21 1072
75 1109
21 1109
62 1109
22 1109
23 1109
24 1109
112 1109
42 1057
1 1057
43 1057
114 1057
2 1057
3 1057
68 1125
57 1125
50 1096
24 1096
76 1114
8 1114
7 1114
6 1114
63 1088
75 1088
21 1088
20 1088
101 1080
22 1080
75 1080
76 1146
8 1146
7 1146
74 1147
91 1147
109 1124
15 1124
16 1124
93 1121
84 1109
86 1132
22 1132
56 1140
53 1148
77 1104
21 1104
22 1104
23 1104
113 1108
37 1147
81 1124
17 1124
89 1061
18 1061
81 1061
17 1061
60 1086
90 1107
1 1107
26 1150
46 1150
114 1150
115 1095
13 1095
72 1148
73 1143
24 1143
112 1143
62 1149
117 1149
23 1149
98 1102
2 1102
114 1102
3 1102
67 1087
104 1040
8 1040
9 1040
10 1040
93 1124
18 1124
19 1124
66 1119
121 1145
39 1127
84 1151
36 1104
24 1104
45 1098
95 1078
4 1078
123 1124
89 1119
105 1074
7 1074
50 1109
54 1117
13 1117
12 1117
78 1083
5 1083
6 1083
7 1083
79 1101
24 1101
63 1080
23 1080
66 1124
103 1086
37 1145
74 1145
21 1145
43 1150
4 1150
57 1150
120 1049
9 1049
10 1049
36 1153
27 1102
95 1102
5 1102
99 1102
86 1108
24 1108
101 1108
36 1108
31 1147
121 1147
21 1147
20 1147
85 1126
22 1126
23 1126
86 1126
24 1126
101 1126
36 1126
89 1124
20 1124
124 1138
11 1138
12 1138
13 1138
14 1138
96 1135
22 1135
21 1135
20 1135
19 1135
54 1152
14 1152
15 1152
118 1152
71 1152
33 1112
15 1112
14 1112
68 1150
108 1095
60 1148
113 1149
111 1088
23 1088
35 1120
1 1120
114 1078
5 1078
70 1103
7 1103
99 1103
30 1082
22 1082
21 1082
20 1082
19 1082
18 1082
110 1074
8 1074
48 1074
82 1113
18 1113
19 1113
20 1113
21 1113
121 1113
91 1113
59 1137
51 1129
9 1129
120 1129
104 1129
10 1129
109 1140
92 986
106 1081
119 1099
49 1110
24 1110
113 1110
65 1150
61 1121
92 1121
31 1113
37 1113
74 1113
75 1132
40 1084
22 1084
21 1084
92 1084
116 1114
9 1114
10 1114
96 1088
112 1151
3 1151
4 1151
65 1151
87 1142
73 1104
2 1104
112 1104
3 1104
107 1146
10 1146
9 1146
72 1146
79 1108
1 1108
102 1040
124 1040
12 1040
13 1040
14 1040
58 1144
17 1144
18 1144
109 1144
35 1137
105 1083
85 1088
24 1088
68 1151
97 1122
7 1122
6 1122
5 1122
65 1122
32 1116
3 1116
41 1092
3 1092
4 1092
54 1112
16 1112
17 1112
18 1112
19 1112
89 1121
22 1121
40 1121
121 1121
74 1121
37 1121
91 1121
42 1125
6 1125
7 1125
8 1125
9 1125
10 1125
11 1125
44 1085
19 1085
20 1085
57 1151
42 1151
6 1151
84 1104
4 1104
41 1104
80 1090
9 1090
93 1147
22 1147
92 1147
120 1155
90 1092
109 1112
20 1112
30 1113
24 1113
48 1129
11 1129
12 1129
13 1129
55 1012
50 1120
89 1147
23 1147
56 1144
20 1144
21 1144
22 1144
89 1144
119 1155
12 1155
25 1139
21 1139
22 1139
53 1086
55 1156
14 1156
15 1156
16 1156
54 1156
17 1156
18 1156
58 1156
87 1157
107 1125
12 1125
120 1125
103 1148
10 1148
11 1148
107 1148
12 1148
77 1088
1 1088
40 1147
24 1147
92 1144
23 1144
24 1144
121 1144
91 1144
74 1144
122 1128
21 1128
22 1128
23 1128
92 1128
39 1138
18 1138
83 1136
34 1145
98 1150
119 1125
13 1125
14 1125
120 1148
119 1148
13 1148
14 1148
15 1148
16 1148
17 1148
18 1148
47 1141
68 1122
98 1122
30 1147
104 1099
13 1099
28 1124
88 1061
85 1158
1 1158
2 1158
3 1158
4 1158
44 1112
21 1112
115 1087
19 1087
71 1087
108 1154
115 1154
19 1154
37 1144
67 1127
115 1127
46 1157
55 1125
82 1140
22 1140
23 1140
39 1148
67 1148
45 1080
4 1080
60 1146
103 1146
106 1108
5 1108
45 1108
4 1108
3 1108
30 1144
1 1144
31 1121
33 1095
20 1095
21 1095
44 1095
22 1095
23 1095
24 1095
33 1162
20 1162
21 1162
44 1162
22 1162
115 1148
33 1148
20 1148
21 1148
44 1148
22 1148
109 1148
41 1159
6 1159
5 1159
86 1149
4 1149
101 1149
5 1149
79 1080
5 1080
112 1120
53 1146
80 1146
12 1146
78 1103
11 1103
10 1103
81 1135
24 1135
23 1135
69 1152
21 1152
22 1152
36 1158
79 1158
101 1158
5 1158
42 1150
9 1150
10 1150
27 1150
64 1109
7 1109
75 1160
4 1160
108 1127
116 1083
13 1083
12 1083
53 1083
72 1083
103 1083
60 1083
62 1101
5 1101
6 1101
82 1148
23 1148
24 1148
106 1149
6 1149
57 1122
84 1120
43 1142
10 1142
9 1142
98 1142
71 1154
48 1155
14 1155
118 1156
68 1142
98 1164
44 1152
23 1152
82 1152
24 1152
71 1156
22 1156
23 1156
82 1156
24 1156
122 1112
24 1112
121 1165
63 1132
5 1132
62 1132
6 1132
124 1129
17 1129
76 1049
124 1049
17 1049
18 1049
19 1049
20 1049
21 1049
118 1049
58 1049
71 1049
22 1049
23 1049
94 1102
12 1102
26 1078
11 1078
12 1078
99 1078
38 1134
13 1134
12 1134
70 1161
30 1121
3 1121
4 1121
91 1165
74 1165
30 1165
37 1165
66 986
2 986
56 1162
24 1162
122 1162
92 1163
66 1163
2 1163
3 1163
121 1163
91 1163
74 1163
37 1163
86 1080
6 1080
78 1102
13 1102
53 1102
69 1154
58 1154
99 1134
89 1128
66 1128
2 1128
3 1128
4 1128
121 1128
91 1128
74 1128
123 1119
2 1119
3 1119
4 1119
54 1138
21 1138
67 1138
115 1138
113 1158
28 986
3 986
105 1146
15 1146
48 1146
16 1146
104 1146
120 1146
17 1146
35 1116
8 1116
9 1116
10 1116
106 1132
33 1127
23 1127
24 1127
102 1125
124 1125
51 1114
16 1114
30 1163
4 1163
60 1102
15 1102
32 1104
9 1104
29 1130
5 1130
6 1130
63 1130
78 1134
14 1134
53 1134
60 1134
15 1134
103 1134
37 1128
97 1103
44 1156
82 1112
1 1112
41 1109
73 1137
55 1129
114 1157
13 1157
12 1157
11 1157
10 1157
73 1157
9 1157
63 1166
7 1166
64 1120
10 1120
11 1120
12 1120
65 1142
111 1108
6 1108
75 1130
7 1130
8 1130
91 1167
41 1137
10 1137
9 1137
8 1137
75 1137
31 1165
5 1165
88 1140
98 1120
119 1146
18 1146
19 1146
30 1128
121 1167
30 1167
37 1167
25 1136
122 1136
2 1136
