38 653 1.05836
70 654 1.0721
102 655 1.10084
67 656 1.10722
55 657 1.11447
31 658 1.16146
61 659 1.16441
37 660 1.23475
63 661 1.36284
72 662 1.39339
57 663 1.39686
48 664 1.4143
97 665 1.44913
95 666 1.48631
60 667 1.49109
104 668 1.50711
39 669 1.51248
49 670 1.53513
42 671 1.54414
83 672 1.54964
56 673 1.55457
28 674 1.63072
54 675 1.65637
85 676 1.66136
43 677 1.6927
44 678 1.70206
86 679 1.71433
73 680 1.80314
74 681 1.83796
76 682 1.86792
45 683 1.88005
40 684 1.89522
77 685 1.90471
96 686 1.91565
69 687 1.98443
52 688 2.01572
26 689 2.03487
50 690 2.05637
62 691 2.10096
90 692 2.10547
75 693 2.11664
34 694 2.24052
66 695 2.25745
33 696 2.27369
100 697 2.27619
93 698 2.36377
25 699 2.45699
29 700 2.63351
27 701 2.66323
101 702 2.77136
68 703 2.85988
71 704 2.86355
80 705 2.87487
99 706 2.94867
31 707 3.2592
43 708 3.70663
57 709 4.03568
91 710 4.52666
69 711 4.59752
76 712 4.64844
73 713 4.96367
86 714 5.10984
37 715 5.16206
90 716 5.67547
102 717 5.75183
88 718 5.86956
31 719 5.89627
55 720 6.07585
84 721 6.11421
34 722 6.15089
101 723 6.15306
30 724 6.18272
100 725 6.31205
46 726 6.45535
35 727 6.51515
85 728 6.6428
66 729 6.67532
47 730 6.8023
33 731 6.90123
71 732 6.92536
32 733 6.94204
41 734 6.97493
51 735 6.99196
25 736 7.15125
57 737 7.18622
81 738 7.55284
38 739 7.56282
99 740 7.85257
58 741 7.97543
82 742 8.03294
101 743 8.47014
63 744 8.79503
87 745 8.84931
102 746 8.85272
69 747 8.99289
97 748 9.07406
35 749 9.6225
92 750 9.69957
94 751 9.7387
38 752 9.81173
44 753 9.81795
73 754 9.86108
67 755 9.89841
79 756 9.90424
86 757 10.0204
50 758 10.2555
100 759 10.4505
48 760 10.5633
71 761 10.6495
56 762 10.831
72 763 10.918
74 764 10.9431
93 765 11.2146
95 766 11.3532
57 767 11.4541
84 768 11.4695
91 769 11.514
66 770 11.5512
62 771 11.5719
94 772 12.0821
103 773 12.1092
32 774 12.1684
44 775 12.1893
81 776 12.1943
83 777 12.256
102 778 12.9288
82 779 13.0046
35 780 13.0715
104 781 13.5159
56 782 13.5205
37 783 13.5884
65 784 13.6564
100 785 13.9191
67 786 14.2976
99 787 14.3562
74 788 14.5143
88 789 14.6177
80 790 14.6459
89 791 14.7683
28 792 14.7782
72 793 14.863
39 794 14.8631
86 795 14.8767
94 796 14.9038
97 797 14.9938
