63 2471 0 100 1.28371e-07 1.01595 1.01595
76 2475 0 100 0.1 1.142 1.242
61 2478 0 100 0.1 1.16231 1.26231
32 2479 0 100 0.1 1.19236 1.29236
80 2480 0 100 0.1 1.1933 1.2933
29 2489 0 100 7.00206e-08 1.38067 1.38067
41 2491 0 100 5.83505e-08 1.41002 1.41002
27 2484 0 100 0.2 1.28491 1.48491
49 2490 0 100 0.1 1.40842 1.50842
83 2486 0 100 0.2 1.32185 1.52185
62 2495 0 100 0.1 1.58707 1.68707
52 2499 0 100 1.28371e-07 1.71875 1.71875
66 2477 0 100 0.6 1.16202 1.76202
81 2473 0 100 0.8 1.10479 1.90479
60 2511 0 100 5.83505e-08 1.99767 1.99767
59 2513 0 100 1.28371e-07 2.02516 2.02516
25 2514 0 100 4.66804e-08 2.03703 2.03703
64 2487 0 100 0.8 1.3429 2.1429
67 2485 0 100 0.9 1.31022 2.21022
30 2498 0 100 0.6 1.66031 2.26031
82 2502 0 100 0.5 1.77251 2.27251
47 2526 0 100 9.33608e-08 2.31438 2.31438
40 2522 0 100 0.1 2.24268 2.34268
50 2527 0 100 1.05031e-07 2.34744 2.34744
73 2501 0 100 0.6 1.765 2.365
69 2520 0 100 0.3 2.18041 2.48041
28 2525 0 100 0.2 2.29337 2.49337
31 2506 0 100 0.6 1.91097 2.51097
44 2507 0 100 0.6 1.94805 2.54805
54 2534 0 100 9.33608e-08 2.56082 2.56082
68 2530 0 100 0.1 2.46892 2.56892
35 2535 0 100 1.16701e-07 2.59388 2.59388
57 2538 0 100 9.33608e-08 2.63482 2.63482
78 2503 0 100 0.9 1.79517 2.69517
48 2521 0 100 0.5 2.22305 2.72305
72 2539 0 100 0.1 2.64904 2.74904
65 2510 0 100 0.8 1.98583 2.78583
74 2531 0 100 0.3 2.48846 2.78846
77 2512 0 100 0.8 2.00793 2.80793
39 2474 0 100 1.7 1.13935 2.83935
42 2505 0 100 1.1 1.9065 3.0065
43 2509 0 100 1.1 1.95696 3.05696
34 2541 0 100 0.5 2.65608 3.15608
51 2493 0 100 1.7 1.46847 3.16847
46 2532 0 100 0.8 2.49925 3.29925
53 2536 0 100 0.8 2.60274 3.40274
75 2549 0 100 0.5 2.97433 3.47433
55 2482 0 100 2.5 1.26055 3.76055
56 2523 0 100 1.6 2.25209 3.85209
41 2562 0 100 1.16701e-07 3.85692 3.85692
79 2483 0 100 2.6 1.27572 3.87572
58 2515 0 100 1.9 2.05249 3.95249
61 2558 0 100 0.4 3.62383 4.02383
38 2546 0 100 1.2 2.92607 4.12607
33 2542 0 100 1.5 2.67502 4.17502
63 2553 0 100 1.1 3.27628 4.37628
62 2566 0 100 0.2 4.19954 4.39954
84 2543 0 100 1.8 2.68454 4.48454
36 2537 0 100 1.9 2.6084 4.5084
69 2572 0 100 1.51711e-07 4.5653 4.5653
47 2576 0 100 9.33608e-08 4.6756 4.6756
70 2517 0 100 2.7 2.11799 4.81799
71 2548 0 100 1.9 2.95422 4.85422
27 2557 0 100 1.6 3.61267 5.21267
67 2587 0 100 0.2 5.09455 5.29455
78 2580 0 100 0.6 4.87145 5.47145
68 2570 0 100 1.1 4.54214 5.64214
57 2597 0 100 0.1 5.548 5.648
64 2599 0 100 0.1 5.5835 5.6835
81 2584 0 100 0.7 5 5.7
25 2575 0 100 1.1 4.6623 5.7623
73 2589 0 100 0.6 5.16781 5.76781
49 2577 0 100 1.2 4.72663 5.92663
76 2596 0 100 0.4 5.53496 5.93496
59 2583 0 100 1.1 4.96442 6.06442
31 2593 0 100 0.7 5.39677 6.09677
37 2518 0 100 4 2.15199 6.15199
72 2601 0 100 0.5 5.6521 6.1521
32 2586 0 100 1.1 5.08518 6.18518
30 2573 0 100 1.6 4.60697 6.20697
28 2581 0 100 1.4 4.92729 6.32729
45 2614 0 100 5.83505e-08 6.33518 6.33518
80 2600 0 100 0.7 5.64314 6.34314
43 2595 0 100 0.9 5.51909 6.41909
83 2609 0 100 0.6 6.02741 6.62741
46 2619 0 100 0.2 6.48805 6.68805
29 2608 0 100 0.7 6.02058 6.72058
35 2622 0 100 0.1 6.64575 6.74575
74 2590 0 100 1.5 5.25098 6.75098
53 2629 0 100 1.16701e-07 6.77651 6.77651
48 2630 0 100 0.1 6.79218 6.89218
42 2631 0 100 0.1 6.84166 6.94166
38 2612 0 100 0.9 6.16057 7.06057
79 2628 0 100 0.4 6.77433 7.17433
39 2634 0 100 0.3 6.92077 7.22077
26 2496 0 100 5.7 1.61585 7.31585
50 2633 0 100 0.5 6.91263 7.41263
71 2645 0 100 0.1 7.41797 7.51797
40 2626 0 100 0.8 6.76662 7.56662
28 2642 0 100 0.5 7.29452 7.79452
65 2605 0 100 2 5.86624 7.86624
77 2651 0 100 0.2 7.66638 7.86638
60 2607 0 100 1.9 6.01057 7.91057
61 2652 0 100 0.3 7.68109 7.98109
55 2647 0 100 0.5 7.52827 8.02827
75 2656 0 100 0.2 7.86794 8.06794
43 2658 0 100 0.1 8.00091 8.10091
63 2618 0 100 1.7 6.46803 8.16803
82 2627 0 100 1.4 6.77265 8.17265
51 2620 0 100 1.8 6.55249 8.35249
52 2616 0 100 2 6.44025 8.44025
66 2624 0 100 1.8 6.67523 8.47523
30 2667 0 100 0.1 8.44383 8.54383
76 2664 0 100 0.3 8.30498 8.60498
73 2673 0 100 0.1 8.58808 8.68808
41 2649 0 100 1.1 7.62619 8.72619
36 2660 0 100 0.6 8.1499 8.7499
44 2636 0 100 1.8 6.97063 8.77063
62 2638 0 100 1.7 7.12521 8.82521
54 2640 0 100 1.7 7.20003 8.90003
84 2665 0 100 0.6 8.31915 8.91915
27 2663 0 100 0.7 8.26291 8.96291
47 2684 0 100 1.40041e-07 9.08877 9.08877
59 2681 0 100 0.1 9.0513 9.1513
57 2672 0 100 0.6 8.57914 9.17914
33 2685 0 100 0.1 9.12478 9.22478
70 2670 0 100 0.7 8.52519 9.22519
80 2683 0 100 0.2 9.06042 9.26042
69 2687 0 100 0.2 9.20205 9.40205
48 2688 0 100 0.2 9.23573 9.43573
31 2679 0 100 0.5 8.93688 9.43688
67 2674 0 100 0.9 8.64024 9.54024
74 2696 0 100 0.1 9.56684 9.66684
49 2694 0 100 0.2 9.50123 9.70123
38 2703 0 100 1.16701e-08 9.78001 9.78001
45 2701 0 100 0.1 9.75778 9.85778
50 2708 0 100 8.16907e-08 9.92652 9.92652
78 2690 0 100 0.8 9.29532 10.0953
46 2699 0 100 0.4 9.69648 10.0965
56 2644 0 100 2.8 7.37126 10.1713
63 2715 0 100 0.1 10.1743 10.2743
68 2707 0 100 0.4 9.88824 10.2882
72 2713 0 100 0.2 10.1291 10.3291
53 2710 0 100 0.4 9.9744 10.3744
34 2654 0 100 2.7 7.84243 10.5424
64 2702 0 100 0.8 9.75931 10.5593
25 2706 0 100 0.7 9.86562 10.5656
76 2722 0 100 0.2 10.515 10.715
83 2727 0 100 7.00206e-08 10.786 10.786
28 2729 0 100 0.2 10.8527 11.0527
43 2719 0 100 0.6 10.4705 11.0705
58 2669 0 100 2.7 8.46929 11.1693
32 2712 0 100 1.1 10.0787 11.1787
51 2728 0 100 0.5 10.7984 11.2984
81 2678 0 100 2.4 8.90082 11.3008
37 2692 0 100 2.2 9.36974 11.5697
40 2704 0 100 1.9 9.80501 11.705
33 2741 0 100 0.2 11.5085 11.7085
61 2748 0 100 1.05031e-07 11.7678 11.7678
75 2725 0 100 1.1 10.7176 11.8176
60 2697 0 100 2.3 9.61316 11.9132
42 2739 0 100 0.5 11.4861 11.9861
71 2721 0 100 1.5 10.5111 12.0111
65 2753 0 100 0.1 11.9769 12.0769
35 2740 0 100 0.7 11.4886 12.1886
82 2746 0 100 0.5 11.6961 12.1961
44 2733 0 100 1.2 11.0593 12.2593
67 2762 0 100 9.33608e-08 12.2761 12.2761
29 2743 0 100 0.8 11.5606 12.3606
26 2759 0 100 0.4 12.163 12.563
79 2749 0 100 0.8 11.8281 12.6281
45 2766 0 100 0.1 12.5503 12.6503
84 2768 0 100 0.1 12.5769 12.6769
31 2756 0 100 0.7 12.1091 12.8091
48 2754 0 100 1 12.0488 13.0488
77 2745 0 100 1.4 11.6913 13.0913
69 2761 0 100 0.9 12.2715 13.1715
50 2764 0 100 0.9 12.4292 13.3292
47 2773 0 100 0.6 12.8343 13.4343
73 2775 0 100 0.6 12.8962 13.4962
71 2785 0 100 0.4 13.2322 13.6322
46 2780 0 100 0.6 13.0442 13.6442
72 2778 0 100 0.7 12.9834 13.6834
62 2788 0 100 0.5 13.335 13.835
52 2779 0 100 0.9 13.0315 13.9315
53 2771 0 100 1.2 12.7347 13.9347
56 2783 0 100 0.8 13.1655 13.9655
78 2806 0 100 0.1 13.9771 14.0771
49 2787 0 100 0.8 13.2922 14.0922
83 2795 0 100 0.6 13.5378 14.1378
66 2734 0 100 3.1 11.0741 14.1741
59 2752 0 100 2.2 11.9756 14.1756
39 2720 0 100 3.7 10.4817 14.1817
41 2784 0 100 1 13.2161 14.2161
57 2801 0 100 0.4 13.8432 14.2432
76 2807 0 100 0.3 14.0091 14.3091
58 2809 0 100 0.2 14.1247 14.3247
27 2776 0 100 1.5 12.9055 14.4055
70 2794 0 100 1.2 13.5083 14.7083
74 2791 0 100 1.3 13.4328 14.7328
68 2805 0 100 0.8 13.9557 14.7557
26 2818 0 100 0.4 14.5979 14.9979
