0 2126
0 2127
0 2128
0 2129
0 2130
0 2131
0 2132
0 2133
0 2134
0 2135
0 2137
51 2140
15 2140
16 2140
17 2140
18 2140
19 2140
20 2140
21 2140
22 2140
23 2140
24 2140
0 2142
0 2147
71 2138
23 2138
24 2138
61 2141
24 2141
0 2150
35 2151
23 2151
24 2151
40 2143
10 2143
9 2143
8 2143
7 2143
6 2143
5 2143
4 2143
3 2143
2 2143
1 2143
58 2155
21 2155
22 2155
23 2155
24 2155
0 2156
0 2158
34 2136
3 2136
2 2136
1 2136
0 2161
43 2152
11 2152
10 2152
9 2152
8 2152
7 2152
6 2152
5 2152
4 2152
3 2152
2 2152
1 2152
31 2145
1 2145
0 2165
50 2163
0 2168
47 2160
2 2160
1 2160
64 2144
2 2144
1 2144
57 2166
18 2166
19 2166
20 2166
21 2166
22 2166
23 2166
24 2166
30 2154
14 2154
15 2154
16 2154
17 2154
18 2154
19 2154
20 2154
21 2154
22 2154
23 2154
24 2154
0 2172
29 2171
14 2171
15 2171
16 2171
17 2171
18 2171
19 2171
20 2171
21 2171
22 2171
23 2171
24 2171
37 2167
3 2167
2 2167
1 2167
0 2174
69 2175
2 2175
1 2175
48 2163
18 2163
19 2163
20 2163
21 2163
22 2163
23 2163
24 2163
62 2153
15 2153
16 2153
17 2153
18 2153
19 2153
20 2153
21 2153
22 2153
23 2153
24 2153
42 2177
8 2177
7 2177
6 2177
5 2177
4 2177
3 2177
2 2177
1 2177
0 2178
26 2173
21 2173
22 2173
23 2173
24 2173
0 2179
0 2182
44 2185
24 2185
41 2176
24 2176
0 2188
48 2181
20 2181
21 2181
22 2181
23 2181
24 2181
0 2192
70 2180
15 2180
16 2180
17 2180
18 2180
19 2180
20 2180
21 2180
22 2180
23 2180
24 2180
67 2183
11 2183
10 2183
9 2183
8 2183
7 2183
6 2183
5 2183
4 2183
3 2183
2 2183
1 2183
66 2193
4 2193
3 2193
2 2193
1 2193
68 2186
7 2186
6 2186
5 2186
4 2186
3 2186
2 2186
1 2186
0 2197
59 2159
15 2159
16 2159
17 2159
18 2159
19 2159
20 2159
21 2159
22 2159
23 2159
24 2159
54 2191
4 2191
3 2191
2 2191
1 2191
38 2196
24 2196
0 2200
25 2198
15 2198
16 2198
17 2198
18 2198
19 2198
20 2198
21 2198
22 2198
23 2198
24 2198
56 2195
20 2195
21 2195
22 2195
23 2195
24 2195
0 2202
0 2204
60 2203
24 2203
0 2206
33 2162
11 2162
10 2162
9 2162
8 2162
7 2162
6 2162
5 2162
4 2162
3 2162
2 2162
1 2162
39 2164
7 2164
6 2164
5 2164
4 2164
3 2164
2 2164
1 2164
65 2139
7 2139
6 2139
5 2139
4 2139
3 2139
2 2139
1 2139
49 2149
10 2149
9 2149
8 2149
7 2149
6 2149
5 2149
4 2149
3 2149
2 2149
1 2149
0 2207
0 2208
28 2169
19 2169
20 2169
21 2169
22 2169
23 2169
24 2169
46 2205
24 2205
0 2209
53 2146
7 2146
6 2146
5 2146
4 2146
3 2146
2 2146
1 2146
32 2201
20 2201
21 2201
22 2201
23 2201
24 2201
0 2210
52 2199
12 2199
11 2199
10 2199
9 2199
8 2199
7 2199
6 2199
5 2199
4 2199
3 2199
2 2199
1 2199
0 2211
63 2148
1 2148
0 2212
45 2189
12 2189
11 2189
10 2189
9 2189
8 2189
7 2189
6 2189
5 2189
4 2189
3 2189
2 2189
1 2189
72 2194
7 2194
6 2194
5 2194
4 2194
3 2194
2 2194
1 2194
27 2187
20 2187
21 2187
22 2187
23 2187
24 2187
0 2213
55 2170
6 2170
5 2170
4 2170
3 2170
2 2170
1 2170
0 2215
36 2184
0 2216
0 2217
0 2219
0 2222
0 2225
0 2228
30 2220
1 2220
74 2190
12 2190
11 2190
10 2190
9 2190
8 2190
7 2190
6 2190
5 2190
4 2190
3 2190
2 2190
1 2190
0 2229
0 2231
50 2221
5 2221
4 2221
3 2221
2 2221
1 2221
0 2232
73 2157
19 2157
20 2157
21 2157
22 2157
23 2157
24 2157
0 2234
64 2224
16 2224
17 2224
18 2224
19 2224
20 2224
21 2224
22 2224
23 2224
24 2224
0 2235
34 2230
19 2230
20 2230
21 2230
22 2230
23 2230
24 2230
62 2226
4 2226
3 2226
2 2226
1 2226
51 2236
9 2236
8 2236
7 2236
6 2236
5 2236
4 2236
3 2236
2 2236
1 2236
31 2214
18 2214
19 2214
20 2214
21 2214
22 2214
23 2214
24 2214
40 2240
4 2240
3 2240
2 2240
1 2240
0 2244
59 2239
3 2239
2 2239
1 2239
0 2247
58 2223
15 2223
16 2223
17 2223
18 2223
19 2223
20 2223
21 2223
22 2223
23 2223
24 2223
68 2248
21 2248
22 2248
23 2248
24 2248
42 2218
24 2218
0 2249
0 2252
28 2245
5 2245
4 2245
3 2245
2 2245
1 2245
66 2250
19 2250
20 2250
21 2250
22 2250
23 2250
24 2250
0 2254
0 2256
36 2259
0 2260
33 2253
0 2263
57 2243
13 2243
14 2243
15 2243
16 2243
17 2243
18 2243
19 2243
20 2243
21 2243
22 2243
23 2243
24 2243
35 2246
21 2246
22 2246
23 2246
24 2246
0 2266
38 2261
15 2261
16 2261
17 2261
18 2261
19 2261
20 2261
21 2261
22 2261
23 2261
24 2261
69 2265
0 2267
47 2264
23 2264
24 2264
0 2269
44 2270
18 2270
19 2270
20 2270
21 2270
22 2270
23 2270
24 2270
0 2271
54 2272
22 2272
23 2272
24 2272
72 2257
20 2257
21 2257
22 2257
23 2257
24 2257
0 2273
0 2275
48 2262
15 2262
16 2262
17 2262
18 2262
19 2262
20 2262
21 2262
22 2262
23 2262
24 2262
0 2276
56 2259
14 2259
15 2259
16 2259
17 2259
18 2259
19 2259
20 2259
21 2259
22 2259
23 2259
24 2259
61 2255
0 2280
0 2281
32 2285
12 2285
11 2285
10 2285
9 2285
8 2285
7 2285
6 2285
5 2285
4 2285
3 2285
2 2285
1 2285
29 2274
13 2274
14 2274
15 2274
16 2274
17 2274
18 2274
19 2274
20 2274
21 2274
22 2274
23 2274
24 2274
0 2286
25 2284
11 2284
10 2284
9 2284
8 2284
7 2284
6 2284
5 2284
4 2284
3 2284
2 2284
1 2284
71 2233
1 2233
0 2288
56 2282
16 2282
17 2282
18 2282
19 2282
20 2282
21 2282
22 2282
23 2282
24 2282
34 2289
70 2290
37 2251
3 2251
2 2251
1 2251
0 2291
46 2268
18 2268
19 2268
20 2268
21 2268
22 2268
23 2268
24 2268
49 2289
5 2289
4 2289
3 2289
2 2289
1 2289
59 2290
12 2290
11 2290
10 2290
9 2290
8 2290
7 2290
6 2290
5 2290
4 2290
3 2290
2 2290
1 2290
63 2278
73 2295
6 2295
5 2295
4 2295
3 2295
2 2295
1 2295
0 2296
30 2293
15 2293
16 2293
17 2293
18 2293
19 2293
20 2293
21 2293
22 2293
23 2293
24 2293
60 2283
20 2283
21 2283
22 2283
23 2283
24 2283
55 2287
23 2287
24 2287
46 2278
19 2278
20 2278
21 2278
22 2278
23 2278
24 2278
0 2297
41 2292
23 2292
24 2292
62 2294
52 2279
6 2279
5 2279
4 2279
3 2279
2 2279
1 2279
0 2298
29 2294
16 2294
17 2294
18 2294
19 2294
20 2294
21 2294
22 2294
23 2294
24 2294
0 2299
0 2301
65 2242
4 2242
3 2242
2 2242
1 2242
26 2258
22 2258
23 2258
24 2258
0 2304
0 2305
66 2265
5 2265
4 2265
3 2265
2 2265
1 2265
0 2306
39 2302
6 2302
5 2302
4 2302
3 2302
2 2302
1 2302
0 2307
43 2227
17 2227
18 2227
19 2227
20 2227
21 2227
22 2227
23 2227
24 2227
67 2277
13 2277
14 2277
15 2277
16 2277
17 2277
18 2277
19 2277
20 2277
21 2277
22 2277
23 2277
24 2277
0 2309
0 2311
36 2312
56 2312
22 2312
23 2312
24 2312
0 2313
53 2308
6 2308
5 2308
4 2308
3 2308
2 2308
1 2308
0 2315
49 2300
11 2300
10 2300
9 2300
8 2300
7 2300
6 2300
5 2300
4 2300
3 2300
2 2300
1 2300
0 2316
28 2314
20 2314
21 2314
22 2314
23 2314
24 2314
0 2317
27 2310
19 2310
20 2310
21 2310
22 2310
23 2310
24 2310
0 2320
68 2318
12 2318
11 2318
10 2318
9 2318
8 2318
7 2318
6 2318
5 2318
4 2318
3 2318
2 2318
1 2318
45 2303
12 2303
11 2303
10 2303
9 2303
8 2303
7 2303
6 2303
5 2303
4 2303
3 2303
2 2303
1 2303
0 2321
0 2323
0 2325
40 2322
0 2326
64 2327
12 2327
11 2327
10 2327
9 2327
8 2327
7 2327
6 2327
5 2327
4 2327
3 2327
2 2327
1 2327
0 2332
69 2324
70 2333
59 2333
22 2333
23 2333
24 2333
0 2334
74 2331
11 2331
10 2331
9 2331
8 2331
7 2331
6 2331
5 2331
4 2331
3 2331
2 2331
1 2331
0 2336
28 2322
0 2339
57 2335
46 2330
5 2330
4 2330
3 2330
2 2330
1 2330
0 2341
32 2322
0 2343
33 2338
18 2338
19 2338
20 2338
21 2338
22 2338
23 2338
24 2338
29 2346
2 2346
1 2346
0 2348
0 2351
48 2337
6 2337
5 2337
4 2337
3 2337
2 2337
1 2337
41 2345
11 2345
10 2345
9 2345
8 2345
7 2345
6 2345
5 2345
4 2345
3 2345
2 2345
1 2345
42 2352
21 2352
22 2352
23 2352
24 2352
0 2353
30 2349
3 2349
2 2349
1 2349
66 2324
15 2324
16 2324
17 2324
18 2324
19 2324
20 2324
21 2324
22 2324
23 2324
24 2324
54 2319
15 2319
16 2319
17 2319
18 2319
19 2319
20 2319
21 2319
22 2319
23 2319
24 2319
0 2354
50 2329
7 2329
6 2329
5 2329
4 2329
3 2329
2 2329
1 2329
56 2347
6 2347
5 2347
4 2347
3 2347
2 2347
1 2347
51 2350
9 2350
8 2350
7 2350
6 2350
5 2350
4 2350
3 2350
2 2350
1 2350
37 2358
18 2358
19 2358
20 2358
21 2358
22 2358
23 2358
24 2358
59 2355
2 2355
1 2355
47 2362
18 2362
19 2362
20 2362
21 2362
22 2362
23 2362
24 2362
0 2363
35 2328
17 2328
18 2328
19 2328
20 2328
21 2328
22 2328
23 2328
24 2328
0 2364
0 2366
44 2367
14 2367
15 2367
16 2367
17 2367
18 2367
19 2367
20 2367
21 2367
22 2367
23 2367
24 2367
61 2359
19 2359
20 2359
21 2359
22 2359
23 2359
24 2359
0 2368
39 2361
19 2361
20 2361
21 2361
22 2361
23 2361
24 2361
31 2342
0 2371
58 2344
16 2344
17 2344
18 2344
19 2344
20 2344
21 2344
22 2344
23 2344
24 2344
61 2342
20 2342
21 2342
22 2342
23 2342
24 2342
0 2374
71 2372
20 2372
21 2372
22 2372
23 2372
24 2372
0 2377
72 2357
17 2357
18 2357
19 2357
20 2357
21 2357
22 2357
23 2357
24 2357
34 2373
53 2375
19 2375
20 2375
21 2375
22 2375
23 2375
24 2375
0 2379
0 2380
38 2340
15 2340
16 2340
17 2340
18 2340
19 2340
20 2340
21 2340
22 2340
23 2340
24 2340
0 2381
55 2382
60 2383
52 2373
49 2369
0 2384
44 2382
18 2382
19 2382
20 2382
21 2382
22 2382
23 2382
24 2382
0 2385
25 2376
8 2376
7 2376
6 2376
5 2376
4 2376
3 2376
2 2376
1 2376
73 2370
2 2370
1 2370
0 2389
64 2386
24 2386
0 2390
70 2391
9 2391
8 2391
7 2391
6 2391
5 2391
4 2391
3 2391
2 2391
1 2391
26 2378
17 2378
18 2378
19 2378
20 2378
21 2378
22 2378
23 2378
24 2378
0 2393
0 2394
32 2387
11 2387
10 2387
9 2387
8 2387
7 2387
6 2387
5 2387
4 2387
3 2387
2 2387
1 2387
0 2395
27 2388
10 2388
9 2388
8 2388
7 2388
6 2388
5 2388
4 2388
3 2388
2 2388
1 2388
0 2399
63 2335
17 2335
18 2335
19 2335
20 2335
21 2335
22 2335
23 2335
24 2335
52 2398
4 2398
3 2398
2 2398
1 2398
0 2400
43 2401
12 2401
11 2401
10 2401
9 2401
8 2401
7 2401
6 2401
5 2401
4 2401
3 2401
2 2401
1 2401
67 2365
8 2365
7 2365
6 2365
5 2365
4 2365
3 2365
2 2365
1 2365
62 2396
14 2396
15 2396
16 2396
17 2396
18 2396
19 2396
20 2396
21 2396
22 2396
23 2396
24 2396
65 2392
0 2402
51 2383
19 2383
20 2383
21 2383
22 2383
23 2383
24 2383
0 2405
28 2403
13 2403
14 2403
15 2403
16 2403
17 2403
18 2403
19 2403
20 2403
21 2403
22 2403
23 2403
24 2403
41 2404
23 2404
24 2404
0 2408
29 2397
15 2397
16 2397
17 2397
18 2397
19 2397
20 2397
21 2397
22 2397
23 2397
24 2397
0 2410
0 2411
36 2409
18 2409
19 2409
20 2409
21 2409
22 2409
23 2409
24 2409
0 2412
0 2413
0 2416
0 2420
40 2418
17 2418
18 2418
19 2418
20 2418
21 2418
22 2418
23 2418
24 2418
45 2414
8 2414
7 2414
6 2414
5 2414
4 2414
3 2414
2 2414
1 2414
56 2415
20 2415
21 2415
22 2415
23 2415
24 2415
0 2421
0 2422
57 2417
63 2417
23 2417
24 2417
0 2423
33 2407
0 2426
74 2419
6 2419
5 2419
4 2419
3 2419
2 2419
1 2419
0 2431
59 2427
18 2427
19 2427
20 2427
21 2427
22 2427
23 2427
24 2427
0 2433
68 2429
11 2429
10 2429
9 2429
8 2429
7 2429
6 2429
5 2429
4 2429
3 2429
2 2429
1 2429
61 2425
9 2425
8 2425
7 2425
6 2425
5 2425
4 2425
3 2425
2 2425
1 2425
0 2436
0 2438
0 2439
0 2440
0 2443
35 2424
10 2424
9 2424
8 2424
7 2424
6 2424
5 2424
4 2424
3 2424
2 2424
1 2424
0 2445
30 2444
24 2444
31 2428
73 2407
15 2407
16 2407
17 2407
18 2407
19 2407
20 2407
21 2407
22 2407
23 2407
24 2407
42 2442
17 2442
18 2442
19 2442
20 2442
21 2442
22 2442
23 2442
24 2442
0 2447
72 2437
8 2437
7 2437
6 2437
5 2437
4 2437
3 2437
2 2437
1 2437
0 2450
70 2452
22 2452
23 2452
24 2452
61 2428
13 2428
14 2428
15 2428
16 2428
17 2428
18 2428
19 2428
20 2428
21 2428
22 2428
23 2428
24 2428
27 2449
22 2449
23 2449
24 2449
0 2455
66 2406
12 2406
11 2406
10 2406
9 2406
8 2406
7 2406
6 2406
5 2406
4 2406
3 2406
2 2406
1 2406
0 2457
64 2446
69 2434
65 2456
13 2456
14 2456
15 2456
16 2456
17 2456
18 2456
19 2456
20 2456
21 2456
22 2456
23 2456
24 2456
38 2435
7 2435
6 2435
5 2435
4 2435
3 2435
2 2435
1 2435
73 2459
17 2459
18 2459
19 2459
20 2459
21 2459
22 2459
23 2459
24 2459
0 2460
61 2446
14 2446
15 2446
16 2446
17 2446
18 2446
19 2446
20 2446
21 2446
22 2446
23 2446
24 2446
