0 3656
0 3657
0 3658
0 3659
0 3660
0 3661
0 3662
0 3663
0 3664
78 3665
23 3665
24 3665
0 3667
106 3666
14 3666
15 3666
16 3666
17 3666
18 3666
19 3666
20 3666
21 3666
22 3666
23 3666
24 3666
0 3673
0 3677
77 3680
62 3683
21 3683
22 3683
23 3683
24 3683
0 3686
46 3678
24 3678
40 3668
87 3688
49 3676
3 3676
2 3676
1 3676
0 3689
31 3687
81 3668
2 3668
1 3668
28 3688
2 3688
1 3688
0 3693
64 3674
12 3674
11 3674
10 3674
9 3674
8 3674
7 3674
6 3674
5 3674
4 3674
3 3674
2 3674
1 3674
34 3691
6 3691
5 3691
4 3691
3 3691
2 3691
1 3691
94 3698
0 3700
36 3695
24 3695
0 3704
65 3701
1 3701
98 3670
17 3670
18 3670
19 3670
20 3670
21 3670
22 3670
23 3670
24 3670
0 3712
52 3713
21 3713
22 3713
23 3713
24 3713
60 3679
15 3679
16 3679
17 3679
18 3679
19 3679
20 3679
21 3679
22 3679
23 3679
24 3679
88 3680
6 3680
5 3680
4 3680
3 3680
2 3680
1 3680
45 3708
15 3708
16 3708
17 3708
18 3708
19 3708
20 3708
21 3708
22 3708
23 3708
24 3708
73 3715
33 3710
17 3710
18 3710
19 3710
20 3710
21 3710
22 3710
23 3710
24 3710
37 3697
13 3697
14 3697
15 3697
16 3697
17 3697
18 3697
19 3697
20 3697
21 3697
22 3697
23 3697
24 3697
26 3672
17 3672
18 3672
19 3672
20 3672
21 3672
22 3672
23 3672
24 3672
0 3717
105 3707
38 3718
95 3681
1 3681
63 3716
24 3716
27 3684
24 3684
0 3722
29 3723
110 3675
15 3675
16 3675
17 3675
18 3675
19 3675
20 3675
21 3675
22 3675
23 3675
24 3675
30 3705
2 3705
1 3705
84 3682
6 3682
5 3682
4 3682
3 3682
2 3682
1 3682
50 3720
0 3727
113 3725
12 3725
11 3725
10 3725
9 3725
8 3725
7 3725
6 3725
5 3725
4 3725
3 3725
2 3725
1 3725
70 3709
7 3709
6 3709
5 3709
4 3709
3 3709
2 3709
1 3709
92 3720
3 3720
2 3720
1 3720
59 3698
8 3698
7 3698
6 3698
5 3698
4 3698
3 3698
2 3698
1 3698
0 3733
82 3726
8 3726
7 3726
6 3726
5 3726
4 3726
3 3726
2 3726
1 3726
0 3736
67 3669
9 3669
8 3669
7 3669
6 3669
5 3669
4 3669
3 3669
2 3669
1 3669
108 3671
15 3671
16 3671
17 3671
18 3671
19 3671
20 3671
21 3671
22 3671
23 3671
24 3671
61 3739
0 3740
59 3741
9 3741
8 3741
7 3741
6 3741
5 3741
4 3741
3 3741
2 3741
1 3741
88 3734
9 3734
8 3734
7 3734
6 3734
5 3734
4 3734
3 3734
2 3734
1 3734
76 3738
96 3742
32 3735
2 3735
1 3735
101 3685
1 3685
86 3702
9 3702
8 3702
7 3702
6 3702
5 3702
4 3702
3 3702
2 3702
1 3702
97 3699
6 3699
5 3699
4 3699
3 3699
2 3699
1 3699
93 3739
2 3739
1 3739
0 3746
71 3728
39 3729
9 3729
8 3729
7 3729
6 3729
5 3729
4 3729
3 3729
2 3729
1 3729
80 3696
10 3696
9 3696
8 3696
7 3696
6 3696
5 3696
4 3696
3 3696
2 3696
1 3696
0 3751
48 3732
10 3732
9 3732
8 3732
7 3732
6 3732
5 3732
4 3732
3 3732
2 3732
1 3732
55 3749
20 3749
21 3749
22 3749
23 3749
24 3749
0 3758
54 3747
11 3747
10 3747
9 3747
8 3747
7 3747
6 3747
5 3747
4 3747
3 3747
2 3747
1 3747
93 3759
3 3759
2 3759
1 3759
66 3754
79 3715
43 3756
12 3756
11 3756
10 3756
9 3756
8 3756
7 3756
6 3756
5 3756
4 3756
3 3756
2 3756
1 3756
41 3757
21 3757
22 3757
23 3757
24 3757
42 3763
16 3763
17 3763
18 3763
19 3763
20 3763
21 3763
22 3763
23 3763
24 3763
25 3703
15 3703
16 3703
17 3703
18 3703
19 3703
20 3703
21 3703
22 3703
23 3703
24 3703
0 3764
103 3731
3 3731
2 3731
1 3731
90 3744
7 3744
6 3744
5 3744
4 3744
3 3744
2 3744
1 3744
0 3769
52 3723
1 3723
104 3706
19 3706
20 3706
21 3706
22 3706
23 3706
24 3706
28 3755
9 3755
8 3755
7 3755
6 3755
5 3755
4 3755
3 3755
2 3755
1 3755
0 3772
100 3767
10 3767
9 3767
8 3767
7 3767
6 3767
5 3767
4 3767
3 3767
2 3767
1 3767
44 3770
112 3718
8 3718
7 3718
6 3718
5 3718
4 3718
3 3718
2 3718
1 3718
67 3738
13 3738
14 3738
15 3738
16 3738
17 3738
18 3738
19 3738
20 3738
21 3738
22 3738
23 3738
24 3738
47 3762
2 3762
1 3762
107 3745
75 3711
10 3711
9 3711
8 3711
7 3711
6 3711
5 3711
4 3711
3 3711
2 3711
1 3711
0 3774
85 3753
17 3753
18 3753
19 3753
20 3753
21 3753
22 3753
23 3753
24 3753
0 3775
102 3750
15 3750
16 3750
17 3750
18 3750
19 3750
20 3750
21 3750
22 3750
23 3750
24 3750
0 3777
83 3771
6 3771
5 3771
4 3771
3 3771
2 3771
1 3771
0 3778
72 3748
13 3748
14 3748
15 3748
16 3748
17 3748
18 3748
19 3748
20 3748
21 3748
22 3748
23 3748
24 3748
0 3779
91 3752
22 3752
23 3752
24 3752
69 3760
21 3760
22 3760
23 3760
24 3760
92 3737
10 3737
9 3737
8 3737
7 3737
6 3737
5 3737
4 3737
3 3737
2 3737
1 3737
99 3742
14 3742
15 3742
16 3742
17 3742
18 3742
19 3742
20 3742
21 3742
22 3742
23 3742
24 3742
0 3780
53 3765
16 3765
17 3765
18 3765
19 3765
20 3765
21 3765
22 3765
23 3765
24 3765
68 3719
12 3719
11 3719
10 3719
9 3719
8 3719
7 3719
6 3719
5 3719
4 3719
3 3719
2 3719
1 3719
49 3745
0 3781
51 3730
23 3730
24 3730
0 3783
57 3714
5 3714
4 3714
3 3714
2 3714
1 3714
28 3770
14 3770
15 3770
16 3770
17 3770
18 3770
19 3770
20 3770
21 3770
22 3770
23 3770
24 3770
81 3743
14 3743
15 3743
16 3743
17 3743
18 3743
19 3743
20 3743
21 3743
22 3743
23 3743
24 3743
35 3721
1 3721
0 3786
46 3776
92 3776
12 3776
11 3776
10 3776
9 3776
8 3776
7 3776
6 3776
5 3776
4 3776
3 3776
2 3776
1 3776
58 3761
24 3761
94 3788
0 3789
89 3724
4 3724
3 3724
2 3724
1 3724
0 3790
77 3784
109 3766
11 3766
10 3766
9 3766
8 3766
7 3766
6 3766
5 3766
4 3766
3 3766
2 3766
1 3766
0 3791
0 3793
56 3694
2 3694
1 3694
87 3794
62 3787
11 3787
10 3787
9 3787
8 3787
7 3787
6 3787
5 3787
4 3787
3 3787
2 3787
1 3787
0 3795
111 3768
8 3768
7 3768
6 3768
5 3768
4 3768
3 3768
2 3768
1 3768
37 3792
1 3792
0 3797
108 3796
1 3796
48 3788
20 3788
21 3788
22 3788
23 3788
24 3788
0 3800
82 3801
20 3801
21 3801
22 3801
23 3801
24 3801
114 3692
5 3692
4 3692
3 3692
2 3692
1 3692
0 3802
52 3798
10 3798
9 3798
8 3798
7 3798
6 3798
5 3798
4 3798
3 3798
2 3798
1 3798
0 3803
88 3784
21 3784
22 3784
23 3784
24 3784
36 3806
15 3806
16 3806
17 3806
18 3806
19 3806
20 3806
21 3806
22 3806
23 3806
24 3806
0 3807
33 3808
103 3812
14 3812
15 3812
16 3812
17 3812
18 3812
19 3812
20 3812
21 3812
22 3812
23 3812
24 3812
29 3816
12 3816
11 3816
10 3816
9 3816
8 3816
7 3816
6 3816
5 3816
4 3816
3 3816
2 3816
1 3816
61 3810
0 3818
41 3808
8 3808
7 3808
6 3808
5 3808
4 3808
3 3808
2 3808
1 3808
112 3819
78 3817
0 3821
80 3813
24 3813
0 3824
92 3819
19 3819
20 3819
21 3819
22 3819
23 3819
24 3819
65 3805
19 3805
20 3805
21 3805
22 3805
23 3805
24 3805
0 3825
95 3827
19 3827
20 3827
21 3827
22 3827
23 3827
24 3827
25 3820
4 3820
3 3820
2 3820
1 3820
0 3830
40 3826
66 3831
63 3823
103 3823
17 3823
18 3823
19 3823
20 3823
21 3823
22 3823
23 3823
24 3823
31 3817
21 3817
22 3817
23 3817
24 3817
84 3745
24 3745
0 3833
79 3834
15 3834
16 3834
17 3834
18 3834
19 3834
20 3834
21 3834
22 3834
23 3834
24 3834
34 3782
70 3799
0 3835
49 3837
64 3838
38 3839
22 3839
23 3839
24 3839
0 3840
97 3842
23 3842
24 3842
86 3822
1 3822
74 3690
7 3690
6 3690
5 3690
4 3690
3 3690
2 3690
1 3690
54 3782
2 3782
1 3782
0 3844
0 3847
105 3836
20 3836
21 3836
22 3836
23 3836
24 3836
96 3845
1 3845
45 3828
11 3828
10 3828
9 3828
8 3828
7 3828
6 3828
5 3828
4 3828
3 3828
2 3828
1 3828
0 3849
106 3785
14 3785
15 3785
16 3785
17 3785
18 3785
19 3785
20 3785
21 3785
22 3785
23 3785
24 3785
27 3846
20 3846
21 3846
22 3846
23 3846
24 3846
26 3848
13 3848
14 3848
15 3848
16 3848
17 3848
18 3848
19 3848
20 3848
21 3848
22 3848
23 3848
24 3848
0 3855
0 3858
81 3826
1 3826
100 3843
2 3843
1 3843
88 3854
4 3854
3 3854
2 3854
1 3854
0 3860
28 3794
2 3794
1 3794
48 3862
86 3862
4 3862
3 3862
2 3862
1 3862
54 3863
93 3810
22 3810
23 3810
24 3810
0 3864
113 3861
9 3861
8 3861
7 3861
6 3861
5 3861
4 3861
3 3861
2 3861
1 3861
90 3851
0 3866
57 3831
19 3831
20 3831
21 3831
22 3831
23 3831
24 3831
0 3868
73 3809
20 3809
21 3809
22 3809
23 3809
24 3809
0 3871
104 3850
14 3850
15 3850
16 3850
17 3850
18 3850
19 3850
20 3850
21 3850
22 3850
23 3850
24 3850
99 3874
39 3875
6 3875
5 3875
4 3875
3 3875
2 3875
1 3875
94 3876
0 3877
102 3853
8 3853
7 3853
6 3853
5 3853
4 3853
3 3853
2 3853
1 3853
30 3814
2 3814
1 3814
0 3881
41 3878
17 3878
18 3878
19 3878
20 3878
21 3878
22 3878
23 3878
24 3878
76 3870
8 3870
7 3870
6 3870
5 3870
4 3870
3 3870
2 3870
1 3870
55 3832
17 3832
18 3832
19 3832
20 3832
21 3832
22 3832
23 3832
24 3832
0 3883
71 3879
23 3879
24 3879
59 3882
0 3886
75 3841
5 3841
4 3841
3 3841
2 3841
1 3841
84 3874
7 3874
6 3874
5 3874
4 3874
3 3874
2 3874
1 3874
58 3887
86 3876
8 3876
7 3876
6 3876
5 3876
4 3876
3 3876
2 3876
1 3876
0 3888
43 3865
10 3865
9 3865
8 3865
7 3865
6 3865
5 3865
4 3865
3 3865
2 3865
1 3865
68 3857
5 3857
4 3857
3 3857
2 3857
1 3857
82 3884
69 3829
15 3829
16 3829
17 3829
18 3829
19 3829
20 3829
21 3829
22 3829
23 3829
24 3829
0 3892
81 3891
98 3804
20 3804
21 3804
22 3804
23 3804
24 3804
37 3887
16 3887
17 3887
18 3887
19 3887
20 3887
21 3887
22 3887
23 3887
24 3887
0 3895
107 3889
84 3889
8 3889
7 3889
6 3889
5 3889
4 3889
3 3889
2 3889
1 3889
0 3897
75 3891
7 3891
6 3891
5 3891
4 3891
3 3891
2 3891
1 3891
0 3899
35 3904
20 3904
21 3904
22 3904
23 3904
24 3904
39 3882
10 3882
9 3882
8 3882
7 3882
6 3882
5 3882
4 3882
3 3882
2 3882
1 3882
0 3907
67 3872
11 3872
10 3872
9 3872
8 3872
7 3872
6 3872
5 3872
4 3872
3 3872
2 3872
1 3872
108 3901
17 3901
18 3901
19 3901
20 3901
21 3901
22 3901
23 3901
24 3901
93 3893
83 3906
3 3906
2 3906
1 3906
0 3912
44 3896
53 3898
86 3884
11 3884
10 3884
9 3884
8 3884
7 3884
6 3884
5 3884
4 3884
3 3884
2 3884
1 3884
101 3869
3 3869
2 3869
1 3869
56 3894
20 3894
21 3894
22 3894
23 3894
24 3894
110 3867
20 3867
21 3867
22 3867
23 3867
24 3867
0 3915
103 3903
27 3893
4 3893
3 3893
2 3893
1 3893
47 3914
1 3914
0 3918
97 3909
9 3909
8 3909
7 3909
6 3909
5 3909
4 3909
3 3909
2 3909
1 3909
0 3922
84 3911
12 3911
11 3911
10 3911
9 3911
8 3911
7 3911
6 3911
5 3911
4 3911
3 3911
2 3911
1 3911
0 3925
92 3926
34 3917
14 3917
15 3917
16 3917
17 3917
18 3917
19 3917
20 3917
21 3917
22 3917
23 3917
24 3917
0 3927
112 3908
9 3908
8 3908
7 3908
6 3908
5 3908
4 3908
3 3908
2 3908
1 3908
50 3873
9 3873
8 3873
7 3873
6 3873
5 3873
4 3873
3 3873
2 3873
1 3873
91 3924
85 3852
18 3852
19 3852
20 3852
21 3852
22 3852
23 3852
24 3852
77 3863
14 3863
15 3863
16 3863
17 3863
18 3863
19 3863
20 3863
21 3863
22 3863
23 3863
24 3863
0 3930
42 3856
19 3856
20 3856
21 3856
22 3856
23 3856
24 3856
100 3932
12 3932
11 3932
10 3932
9 3932
8 3932
7 3932
6 3932
5 3932
4 3932
3 3932
2 3932
1 3932
114 3928
24 3928
46 3933
61 3920
7 3920
6 3920
5 3920
4 3920
3 3920
2 3920
1 3920
28 3934
12 3934
11 3934
10 3934
9 3934
8 3934
7 3934
6 3934
5 3934
4 3934
3 3934
2 3934
1 3934
0 3935
80 3910
15 3910
16 3910
17 3910
18 3910
19 3910
20 3910
21 3910
22 3910
23 3910
24 3910
62 3916
7 3916
6 3916
5 3916
4 3916
3 3916
2 3916
1 3916
0 3936
37 3924
22 3924
23 3924
24 3924
72 3880
14 3880
15 3880
16 3880
17 3880
18 3880
19 3880
20 3880
21 3880
22 3880
23 3880
24 3880
0 3938
94 3941
16 3941
17 3941
18 3941
19 3941
20 3941
21 3941
22 3941
23 3941
24 3941
0 3942
33 3931
1 3931
65 3933
11 3933
10 3933
9 3933
8 3933
7 3933
6 3933
5 3933
4 3933
3 3933
2 3933
1 3933
90 3940
12 3940
11 3940
10 3940
9 3940
8 3940
7 3940
6 3940
5 3940
4 3940
3 3940
2 3940
1 3940
87 3937
14 3937
15 3937
16 3937
17 3937
18 3937
19 3937
20 3937
21 3937
22 3937
23 3937
24 3937
0 3945
64 3913
24 3913
95 3902
11 3902
10 3902
9 3902
8 3902
7 3902
6 3902
5 3902
4 3902
3 3902
2 3902
1 3902
25 3929
21 3929
22 3929
23 3929
24 3929
70 3939
16 3939
17 3939
18 3939
19 3939
20 3939
21 3939
22 3939
23 3939
24 3939
0 3948
48 3949
89 3921
4 3921
3 3921
2 3921
1 3921
105 3947
10 3947
9 3947
8 3947
7 3947
6 3947
5 3947
4 3947
3 3947
2 3947
1 3947
0 3950
60 3859
45 3859
1 3859
75 3896
15 3896
16 3896
17 3896
18 3896
19 3896
20 3896
21 3896
22 3896
23 3896
24 3896
54 3898
18 3898
19 3898
20 3898
21 3898
22 3898
23 3898
24 3898
38 3951
77 3943
18 3943
19 3943
20 3943
21 3943
22 3943
23 3943
24 3943
32 3885
10 3885
9 3885
8 3885
7 3885
6 3885
5 3885
4 3885
3 3885
2 3885
1 3885
0 3953
78 3954
14 3954
15 3954
16 3954
17 3954
18 3954
19 3954
20 3954
21 3954
22 3954
23 3954
24 3954
57 3900
7 3900
6 3900
5 3900
4 3900
3 3900
2 3900
1 3900
0 3955
29 3956
8 3956
7 3956
6 3956
5 3956
4 3956
3 3956
2 3956
1 3956
74 3957
24 3957
111 3919
7 3919
6 3919
5 3919
4 3919
3 3919
2 3919
1 3919
101 3903
10 3903
9 3903
8 3903
7 3903
6 3903
5 3903
4 3903
3 3903
2 3903
1 3903
112 3951
14 3951
15 3951
16 3951
17 3951
18 3951
19 3951
20 3951
21 3951
22 3951
23 3951
24 3951
51 3838
1 3838
0 3958
86 3949
19 3949
20 3949
21 3949
22 3949
23 3949
24 3949
0 3959
0 3964
41 3963
5 3963
4 3963
3 3963
2 3963
1 3963
31 3965
0 3968
73 3946
10 3946
9 3946
8 3946
7 3946
6 3946
5 3946
4 3946
3 3946
2 3946
1 3946
0 3969
30 3926
16 3926
17 3926
18 3926
19 3926
20 3926
21 3926
22 3926
23 3926
24 3926
0 3971
55 3962
6 3962
5 3962
4 3962
3 3962
2 3962
1 3962
90 3965
17 3965
18 3965
19 3965
20 3965
21 3965
22 3965
23 3965
24 3965
0 3974
69 3961
3 3961
2 3961
1 3961
49 3976
0 3981
59 3982
96 3923
22 3923
23 3923
24 3923
103 3978
0 3984
86 3982
23 3982
24 3982
101 3978
15 3978
16 3978
17 3978
18 3978
19 3978
20 3978
21 3978
22 3978
23 3978
24 3978
0 3985
0 3986
93 3989
42 3990
4 3990
3 3990
2 3990
1 3990
36 3966
18 3966
19 3966
20 3966
21 3966
22 3966
23 3966
24 3966
0 3992
52 3890
14 3890
15 3890
16 3890
17 3890
18 3890
19 3890
20 3890
21 3890
22 3890
23 3890
24 3890
113 3993
4 3993
3 3993
2 3993
1 3993
110 3994
40 3973
22 3973
23 3973
24 3973
106 3979
11 3979
10 3979
9 3979
8 3979
7 3979
6 3979
5 3979
4 3979
3 3979
2 3979
1 3979
63 3944
17 3944
18 3944
19 3944
20 3944
21 3944
22 3944
23 3944
24 3944
0 3995
27 3975
17 3975
18 3975
19 3975
20 3975
21 3975
22 3975
23 3975
24 3975
104 3994
8 3994
7 3994
6 3994
5 3994
4 3994
3 3994
2 3994
1 3994
43 3991
2 3991
1 3991
0 3997
75 3998
23 3998
24 3998
26 3988
11 3988
10 3988
9 3988
8 3988
7 3988
6 3988
5 3988
4 3988
3 3988
2 3988
1 3988
45 3980
9 3980
8 3980
7 3980
6 3980
5 3980
4 3980
3 3980
2 3980
1 3980
109 3905
19 3905
20 3905
21 3905
22 3905
23 3905
24 3905
66 3967
15 3967
16 3967
17 3967
18 3967
19 3967
20 3967
21 3967
22 3967
23 3967
24 3967
0 4002
88 4003
1 4003
104 4004
9 4004
8 4004
7 4004
6 4004
5 4004
4 4004
3 4004
2 4004
1 4004
0 4006
0 4009
0 4011
60 4012
11 4012
10 4012
9 4012
8 4012
7 4012
6 4012
5 4012
4 4012
3 4012
2 4012
1 4012
68 4000
24 4000
97 3983
24 3983
101 3996
19 3996
20 3996
21 3996
22 3996
23 3996
24 3996
91 4005
10 4005
9 4005
8 4005
7 4005
6 4005
5 4005
4 4005
3 4005
2 4005
1 4005
0 4014
65 3960
23 3960
24 3960
108 4008
9 4008
8 4008
7 4008
6 4008
5 4008
4 4008
3 4008
2 4008
1 4008
92 4015
23 4015
24 4015
54 3952
0 4018
39 4020
3 4020
2 4020
1 4020
44 4021
1 4021
0 4022
50 4001
0 4029
32 4030
0 4034
63 4030
22 4030
23 4030
24 4030
71 4025
20 4025
21 4025
22 4025
23 4025
24 4025
0 4035
76 4010
6 4010
5 4010
4 4010
3 4010
2 4010
1 4010
87 4013
3 4013
2 4013
1 4013
0 4041
77 4027
6 4027
5 4027
4 4027
3 4027
2 4027
1 4027
46 4042
1 4042
53 4040
7 4040
6 4040
5 4040
4 4040
3 4040
2 4040
1 4040
0 4043
83 3999
23 3999
24 3999
82 4007
6 4007
5 4007
4 4007
3 4007
2 4007
1 4007
61 4044
38 4028
2 4028
1 4028
67 3952
7 3952
6 3952
5 3952
4 3952
3 3952
2 3952
1 3952
0 4045
56 4046
0 4048
34 4051
8 4051
7 4051
6 4051
5 4051
4 4051
3 4051
2 4051
1 4051
0 4052
112 3987
3 3987
2 3987
1 3987
63 4044
81 4050
5 4050
4 4050
3 4050
2 4050
1 4050
0 4055
100 4023
6 4023
5 4023
4 4023
3 4023
2 4023
1 4023
107 4026
7 4026
6 4026
5 4026
4 4026
3 4026
2 4026
1 4026
0 4056
51 4049
16 4049
17 4049
18 4049
19 4049
20 4049
21 4049
22 4049
23 4049
24 4049
29 4053
47 4047
23 4047
24 4047
0 4057
59 4058
9 4058
8 4058
7 4058
6 4058
5 4058
4 4058
3 4058
2 4058
1 4058
37 4031
16 4031
17 4031
18 4031
19 4031
20 4031
21 4031
22 4031
23 4031
24 4031
0 4060
70 4061
57 4054
24 4054
0 4063
103 4065
2 4065
1 4065
33 4066
89 4016
22 4016
23 4016
24 4016
0 4067
0 4068
105 4038
0 4074
79 3972
1 3972
74 4070
17 4070
18 4070
19 4070
20 4070
21 4070
22 4070
23 4070
24 4070
25 4073
16 4073
17 4073
18 4073
19 4073
20 4073
21 4073
22 4073
23 4073
24 4073
0 4075
62 3989
4 3989
3 3989
2 3989
1 3989
84 3976
11 3976
10 3976
9 3976
8 3976
7 3976
6 3976
5 3976
4 3976
3 3976
2 3976
1 3976
66 4053
57 4053
1 4053
107 4061
11 4061
10 4061
9 4061
8 4061
7 4061
6 4061
5 4061
4 4061
3 4061
2 4061
1 4061
98 3970
23 3970
24 3970
55 4066
22 4066
23 4066
24 4066
0 4078
43 4079
14 4079
15 4079
16 4079
17 4079
18 4079
19 4079
20 4079
21 4079
22 4079
23 4079
24 4079
35 4039
22 4039
23 4039
24 4039
36 4064
6 4064
5 4064
4 4064
3 4064
2 4064
1 4064
102 4033
14 4033
15 4033
16 4033
17 4033
18 4033
19 4033
20 4033
21 4033
22 4033
23 4033
24 4033
0 4081
80 4019
13 4019
14 4019
15 4019
16 4019
17 4019
18 4019
19 4019
20 4019
21 4019
22 4019
23 4019
24 4019
58 4024
20 4024
21 4024
22 4024
23 4024
24 4024
94 4072
13 4072
14 4072
15 4072
16 4072
17 4072
18 4072
19 4072
20 4072
21 4072
22 4072
23 4072
24 4072
111 4077
2 4077
1 4077
0 4083
101 4084
5 4084
4 4084
3 4084
2 4084
1 4084
78 4080
38 4080
9 4080
8 4080
7 4080
6 4080
5 4080
4 4080
3 4080
2 4080
1 4080
0 4086
0 4088
26 4069
86 4062
14 4062
15 4062
16 4062
17 4062
18 4062
19 4062
20 4062
21 4062
22 4062
23 4062
24 4062
85 4017
19 4017
20 4017
21 4017
22 4017
23 4017
24 4017
93 4090
7 4090
6 4090
5 4090
4 4090
3 4090
2 4090
1 4090
0 4091
0 4094
72 4036
14 4036
15 4036
16 4036
17 4036
18 4036
19 4036
20 4036
21 4036
22 4036
23 4036
24 4036
28 4037
13 4037
14 4037
15 4037
16 4037
17 4037
18 4037
19 4037
20 4037
21 4037
22 4037
23 4037
24 4037
0 4095
96 4092
15 4092
16 4092
17 4092
18 4092
19 4092
20 4092
21 4092
22 4092
23 4092
24 4092
41 4082
1 4082
69 4089
108 4089
22 4089
23 4089
24 4089
108 4097
22 4097
23 4097
24 4097
0 4098
104 4046
24 4046
0 4099
44 4102
14 4102
15 4102
16 4102
17 4102
18 4102
19 4102
20 4102
21 4102
22 4102
23 4102
24 4102
0 4104
31 4101
13 4101
14 4101
15 4101
16 4101
17 4101
18 4101
19 4101
20 4101
21 4101
22 4101
23 4101
24 4101
30 4096
12 4096
11 4096
10 4096
9 4096
8 4096
7 4096
6 4096
5 4096
4 4096
3 4096
2 4096
1 4096
60 4093
1 4093
0 4107
0 4111
48 4085
18 4085
19 4085
20 4085
21 4085
22 4085
23 4085
24 4085
90 4071
14 4071
15 4071
16 4071
17 4071
18 4071
19 4071
20 4071
21 4071
22 4071
23 4071
24 4071
76 4109
19 4109
20 4109
21 4109
22 4109
23 4109
24 4109
0 4113
110 4114
