63 2471 1.01595
81 2473 1.10479
39 2474 1.13935
76 2475 1.142
66 2477 1.16202
61 2478 1.16231
32 2479 1.19236
80 2480 1.1933
55 2482 1.26055
79 2483 1.27572
27 2484 1.28491
67 2485 1.31022
83 2486 1.32185
64 2487 1.3429
29 2489 1.38067
49 2490 1.40842
41 2491 1.41002
51 2493 1.46847
62 2495 1.58707
26 2496 1.61585
30 2498 1.66031
52 2499 1.71875
73 2501 1.765
82 2502 1.77251
78 2503 1.79517
42 2505 1.9065
31 2506 1.91097
44 2507 1.94805
43 2509 1.95696
65 2510 1.98583
60 2511 1.99767
77 2512 2.00793
59 2513 2.02516
25 2514 2.03703
58 2515 2.05249
70 2517 2.11799
37 2518 2.15199
69 2520 2.18041
48 2521 2.22305
40 2522 2.24268
56 2523 2.25209
28 2525 2.29337
47 2526 2.31438
50 2527 2.34744
68 2530 2.46892
74 2531 2.48846
46 2532 2.49925
54 2534 2.56082
35 2535 2.59388
53 2536 2.60274
36 2537 2.6084
57 2538 2.63482
72 2539 2.64904
34 2541 2.65608
33 2542 2.67502
84 2543 2.68454
38 2546 2.92607
71 2548 2.95422
75 2549 2.97433
63 2553 3.27628
27 2557 3.61267
61 2558 3.62383
41 2562 3.85692
62 2566 4.19954
68 2570 4.54214
69 2572 4.5653
30 2573 4.60697
25 2575 4.6623
47 2576 4.6756
49 2577 4.72663
78 2580 4.87145
28 2581 4.92729
59 2583 4.96442
81 2584 5
32 2586 5.08518
67 2587 5.09455
73 2589 5.16781
74 2590 5.25098
31 2593 5.39677
43 2595 5.51909
76 2596 5.53496
57 2597 5.548
64 2599 5.5835
80 2600 5.64314
72 2601 5.6521
65 2605 5.86624
60 2607 6.01057
29 2608 6.02058
83 2609 6.02741
38 2612 6.16057
45 2614 6.33518
52 2616 6.44025
63 2618 6.46803
46 2619 6.48805
51 2620 6.55249
35 2622 6.64575
66 2624 6.67523
40 2626 6.76662
82 2627 6.77265
79 2628 6.77433
53 2629 6.77651
48 2630 6.79218
42 2631 6.84166
50 2633 6.91263
39 2634 6.92077
44 2636 6.97063
62 2638 7.12521
54 2640 7.20003
28 2642 7.29452
56 2644 7.37126
71 2645 7.41797
55 2647 7.52827
41 2649 7.62619
77 2651 7.66638
61 2652 7.68109
34 2654 7.84243
75 2656 7.86794
43 2658 8.00091
36 2660 8.1499
27 2663 8.26291
76 2664 8.30498
84 2665 8.31915
30 2667 8.44383
58 2669 8.46929
70 2670 8.52519
57 2672 8.57914
73 2673 8.58808
67 2674 8.64024
81 2678 8.90082
31 2679 8.93688
59 2681 9.0513
80 2683 9.06042
47 2684 9.08877
33 2685 9.12478
69 2687 9.20205
48 2688 9.23573
78 2690 9.29532
37 2692 9.36974
49 2694 9.50123
74 2696 9.56684
60 2697 9.61316
46 2699 9.69648
45 2701 9.75778
64 2702 9.75931
38 2703 9.78001
40 2704 9.80501
25 2706 9.86562
68 2707 9.88824
50 2708 9.92652
53 2710 9.9744
32 2712 10.0787
72 2713 10.1291
63 2715 10.1743
43 2719 10.4705
39 2720 10.4817
71 2721 10.5111
76 2722 10.515
75 2725 10.7176
83 2727 10.786
51 2728 10.7984
28 2729 10.8527
44 2733 11.0593
66 2734 11.0741
42 2739 11.4861
35 2740 11.4886
33 2741 11.5085
29 2743 11.5606
77 2745 11.6913
82 2746 11.6961
61 2748 11.7678
79 2749 11.8281
59 2752 11.9756
65 2753 11.9769
48 2754 12.0488
31 2756 12.1091
80 2757 12.1499
26 2759 12.163
69 2761 12.2715
67 2762 12.2761
50 2764 12.4292
45 2766 12.5503
84 2768 12.5769
54 2770 12.7161
53 2771 12.7347
47 2773 12.8343
73 2775 12.8962
27 2776 12.9055
72 2778 12.9834
52 2779 13.0315
46 2780 13.0442
56 2783 13.1655
41 2784 13.2161
71 2785 13.2322
49 2787 13.2922
62 2788 13.335
30 2790 13.4065
74 2791 13.4328
60 2792 13.4359
70 2794 13.5083
83 2795 13.5378
63 2798 13.695
36 2799 13.7179
57 2801 13.8432
44 2803 13.873
68 2805 13.9557
78 2806 13.9771
76 2807 14.0091
58 2809 14.1247
38 2813 14.4399
81 2815 14.5221
25 2816 14.539
26 2818 14.5979
34 2819 14.6054
31 2822 14.8394
