0 1168
0 1169
0 1170
0 1171
0 1172
0 1174
0 1175
0 1176
0 1177
0 1178
0 1180
0 1181
0 1182
32 1185
6 1185
5 1185
4 1185
3 1185
2 1185
1 1185
0 1191
0 1192
0 1194
30 1187
5 1187
4 1187
3 1187
2 1187
1 1187
25 1193
9 1193
8 1193
7 1193
6 1193
5 1193
4 1193
3 1193
2 1193
1 1193
0 1195
0 1196
28 1183
5 1183
4 1183
3 1183
2 1183
1 1183
34 1179
22 1179
23 1179
24 1179
0 1198
0 1200
0 1202
0 1203
29 1199
9 1199
8 1199
7 1199
6 1199
5 1199
4 1199
3 1199
2 1199
1 1199
0 1204
0 1205
0 1206
26 1201
4 1201
3 1201
2 1201
1 1201
0 1208
27 1197
5 1197
4 1197
3 1197
2 1197
1 1197
31 1189
12 1189
11 1189
10 1189
9 1189
8 1189
7 1189
6 1189
5 1189
4 1189
3 1189
2 1189
1 1189
30 1230
20 1230
21 1230
22 1230
23 1230
24 1230
0 1232
33 1207
15 1207
16 1207
17 1207
18 1207
19 1207
20 1207
21 1207
22 1207
23 1207
24 1207
0 1233
0 1234
0 1235
0 1239
0 1241
0 1242
0 1243
32 1240
4 1240
3 1240
2 1240
1 1240
0 1244
0 1247
0 1248
0 1250
28 1238
1 1238
34 1246
19 1246
20 1246
21 1246
22 1246
23 1246
24 1246
0 1254
0 1255
0 1256
29 1245
6 1245
5 1245
4 1245
3 1245
2 1245
1 1245
0 1257
0 1259
0 1260
0 1261
27 1258
2 1258
1 1258
0 1262
0 1263
0 1264
0 1266
0 1267
0 1268
0 1269
26 1265
5 1265
4 1265
3 1265
2 1265
1 1265
33 1284
10 1284
9 1284
8 1284
7 1284
6 1284
5 1284
4 1284
3 1284
2 1284
1 1284
32 1283
20 1283
21 1283
22 1283
23 1283
24 1283
34 1278
8 1278
7 1278
6 1278
5 1278
4 1278
3 1278
2 1278
1 1278
31 1288
10 1288
9 1288
8 1288
7 1288
6 1288
5 1288
4 1288
3 1288
2 1288
1 1288
25 1249
22 1249
23 1249
24 1249
29 1295
20 1295
21 1295
22 1295
23 1295
24 1295
0 1298
0 1299
28 1286
20 1286
21 1286
22 1286
23 1286
24 1286
0 1300
0 1301
0 1302
0 1304
0 1305
0 1306
0 1307
0 1308
0 1309
30 1271
1 1271
0 1310
0 1311
27 1313
23 1313
24 1313
0 1318
0 1319
0 1320
0 1321
0 1323
33 1315
0 1324
0 1325
0 1326
0 1327
0 1328
0 1329
0 1330
0 1331
31 1333
2 1333
1 1333
32 1337
15 1337
16 1337
17 1337
18 1337
19 1337
20 1337
21 1337
22 1337
23 1337
24 1337
25 1332
16 1332
17 1332
18 1332
19 1332
20 1332
21 1332
22 1332
23 1332
24 1332
26 1322
10 1322
9 1322
8 1322
7 1322
6 1322
5 1322
4 1322
3 1322
2 1322
1 1322
