26 7
8 7
7 7
9 7
6 7
10 7
5 7
11 7
4 7
12 7
35 7
3 7
13 7
2 7
14 7
1 7
15 7
16 7
17 7
18 7
19 7
20 7
21 7
38 7
22 7
25 7
23 7
24 7
32 7
27 7
39 7
44 6
10 6
9 6
11 6
8 6
12 6
7 6
13 6
6 6
14 6
5 6
15 6
4 6
16 6
3 6
17 6
2 6
18 6
1 6
19 6
20 6
21 6
22 6
23 6
24 6
43 7
27 8
11 8
10 8
12 8
9 8
13 8
8 8
14 8
7 8
15 8
6 8
16 8
5 8
17 8
4 8
18 8
3 8
19 8
2 8
20 8
1 8
21 8
22 8
23 8
24 8
32 9
27 9
14 9
13 9
15 9
12 9
16 9
11 9
17 9
10 9
18 9
9 9
19 9
8 9
20 9
7 9
21 9
6 9
22 9
5 9
23 9
4 9
24 9
3 9
2 9
1 9
30 7
29 7
44 8
27 11
1 11
2 11
3 11
4 11
44 11
5 11
6 11
7 11
8 11
9 11
10 11
11 11
12 11
13 11
14 11
15 11
16 11
17 11
18 11
19 11
20 11
21 11
22 11
23 11
24 11
37 7
39 6
43 8
30 10
21 10
20 10
22 10
19 10
23 10
18 10
24 10
17 10
16 10
15 10
14 10
13 10
12 10
11 10
10 10
9 10
8 10
7 10
6 10
5 10
4 10
3 10
2 10
1 10
42 7
31 7
26 6
31 6
28 7
44 12
21 12
20 12
22 12
19 12
23 12
18 12
24 12
17 12
16 12
15 12
14 12
13 12
12 12
11 12
10 12
9 12
8 12
7 12
6 12
5 12
31 12
4 12
3 12
2 12
1 12
41 7
33 7
32 11
37 10
39 10
44 13
11 13
10 13
12 13
9 13
13 13
8 13
14 13
7 13
15 13
6 13
16 13
5 13
17 13
4 13
18 13
3 13
19 13
2 13
20 13
1 13
21 13
22 13
23 13
24 13
34 7
