65 1088
121 1088
104 1088
88 1088
25 1088
102 1089
113 1089
112 1089
97 1089
111 1090
103 1091
73 1091
122 1091
31 1091
6 1091
98 1094
71 1094
60 1094
96 1094
89 1094
69 1094
32 1096
58 1096
120 1096
76 1096
72 1096
13 1096
106 1087
16 1087
121 1087
104 1087
88 1087
65 1087
25 1087
17 1087
80 1098
114 1098
118 1090
105 1099
77 1094
84 1100
52 1100
67 1100
86 1100
91 1100
36 1100
10 1100
9 1100
92 1100
61 1100
46 1100
37 1095
110 1095
4 1095
3 1095
2 1095
1 1095
110 1101
4 1101
3 1101
2 1101
53 1101
33 1101
101 1090
30 1090
8 1090
7 1090
103 1090
73 1090
31 1090
90 1092
119 1092
26 1092
54 1092
78 1092
53 1103
33 1103
107 1103
2 1103
1 1103
28 1104
64 1104
112 1105
23 1105
22 1105
21 1105
96 1105
89 1105
69 1105
20 1105
80 1105
116 1106
51 1106
63 1106
50 1088
60 1107
27 1107
71 1107
118 1109
75 1104
68 1087
18 1087
19 1087
20 1087
21 1087
34 1087
22 1087
23 1087
74 1087
102 1087
109 1087
44 1088
19 1088
18 1088
17 1088
16 1088
15 1088
14 1088
13 1088
12 1088
86 1088
36 1088
91 1088
67 1088
52 1088
100 1098
62 1098
71 1110
27 1110
60 1110
29 1110
98 1107
39 1099
91 1099
36 1099
86 1099
67 1099
99 1111
117 1111
117 1112
43 1094
27 1094
34 1094
22 1094
21 1094
20 1094
19 1094
18 1094
65 1094
25 1094
50 1094
61 1113
10 1113
9 1113
8 1113
7 1113
6 1113
5 1113
77 1105
43 1105
27 1105
34 1105
98 1105
71 1105
76 1114
15 1114
14 1114
13 1114
12 1114
11 1114
10 1114
9 1114
8 1114
7 1114
6 1114
5 1114
4 1114
3 1114
2 1114
1 1114
68 1115
18 1115
65 1115
19 1115
20 1115
21 1115
89 1115
43 1115
27 1115
34 1115
22 1115
73 1116
95 1098
20 1098
19 1098
18 1098
17 1098
81 1098
108 1110
98 1110
34 1110
22 1110
29 1107
34 1107
22 1107
21 1107
20 1107
19 1107
18 1107
17 1107
16 1107
15 1107
14 1107
13 1107
12 1107
11 1107
10 1107
9 1107
8 1107
7 1107
6 1107
5 1107
4 1107
3 1107
2 1107
1 1107
87 1117
17 1117
16 1117
15 1117
14 1117
13 1117
12 1117
11 1117
10 1117
9 1117
8 1117
7 1117
6 1117
5 1117
4 1117
3 1117
2 1117
1 1117
49 1108
53 1108
33 1108
3 1108
2 1108
1 1108
79 1118
69 1118
43 1118
27 1118
22 1118
21 1118
20 1118
19 1118
65 1118
25 1118
110 1113
60 1105
29 1105
107 1119
70 1093
109 1120
74 1120
29 1121
34 1121
23 1121
22 1121
21 1121
20 1121
19 1121
18 1121
17 1121
16 1121
15 1121
14 1121
13 1121
12 1121
11 1121
10 1121
9 1121
8 1121
7 1121
6 1121
83 1110
89 1110
43 1110
77 1110
69 1110
79 1110
80 1110
114 1110
62 1110
41 1111
2 1111
1 1111
106 1093
19 1093
18 1093
17 1093
16 1093
15 1093
14 1093
13 1093
12 1093
11 1093
10 1093
101 1093
30 1093
47 1104
109 1104
74 1104
102 1104
96 1115
23 1115
62 1123
114 1123
80 1123
69 1123
77 1123
33 1119
53 1119
119 1124
38 1124
34 1125
71 1125
29 1125
60 1125
27 1125
43 1125
23 1125
22 1125
50 1118
121 1118
112 1104
1 1104
51 1127
82 1127
85 1127
116 1127
16 1127
15 1127
14 1127
13 1127
12 1127
11 1127
10 1127
9 1127
8 1127
7 1127
6 1127
26 1128
6 1128
5 1128
4 1128
3 1128
2 1128
1 1128
46 1129
92 1129
12 1129
69 1130
77 1130
80 1130
114 1130
122 1090
11 1090
10 1090
81 1126
19 1126
18 1126
17 1126
16 1126
15 1126
14 1126
13 1126
12 1126
92 1126
30 1126
58 1132
32 1132
48 1132
83 1115
24 1115
45 1133
39 1133
86 1133
36 1133
14 1133
13 1133
12 1133
92 1133
31 1116
103 1116
36 1134
14 1134
13 1134
12 1134
11 1134
10 1134
9 1134
8 1134
7 1134
6 1134
107 1134
5 1134
4 1134
3 1134
2 1134
109 1134
47 1134
75 1134
28 1134
82 1135
51 1135
86 1136
36 1136
14 1136
67 1136
91 1136
39 1136
15 1136
16 1136
82 1136
51 1136
116 1136
17 1136
76 1136
72 1136
120 1136
58 1136
32 1136
104 1118
92 1137
64 1134
1 1134
61 1129
13 1129
14 1129
15 1129
16 1129
17 1129
82 1129
51 1129
40 1089
3 1089
2 1089
1 1089
97 1120
88 1118
106 1118
46 1137
61 1137
13 1137
12 1137
11 1137
10 1137
9 1137
8 1137
7 1137
6 1137
5 1137
4 1137
3 1137
41 1138
4 1138
3 1138
2 1138
1 1138
122 1116
12 1116
11 1116
10 1116
9 1116
8 1116
7 1116
107 1116
6 1116
5 1116
4 1116
3 1116
109 1116
27 1139
83 1139
89 1139
85 1135
31 1140
73 1140
103 1140
116 1129
18 1129
64 1089
28 1089
75 1089
120 1141
58 1141
83 1143
67 1144
16 1144
15 1144
14 1144
13 1144
12 1144
11 1144
10 1144
9 1144
8 1144
7 1144
6 1144
5 1144
4 1144
3 1144
2 1144
1 1144
34 1144
27 1144
60 1144
83 1144
43 1144
95 1125
24 1125
118 1093
92 1093
46 1093
70 1118
64 1145
2 1145
29 1145
34 1145
30 1133
89 1146
1 1146
29 1146
104 1147
65 1147
50 1147
100 1110
95 1110
24 1110
62 1130
100 1130
95 1130
24 1130
25 1149
23 1149
22 1149
111 1109
101 1126
71 1115
29 1115
2 1115
118 1133
121 1147
88 1147
74 1148
4 1148
3 1148
75 1148
64 1148
55 1102
33 1150
8 1150
7 1150
6 1150
5 1150
4 1150
3 1150
71 1150
29 1150
2 1150
1 1150
69 1150
111 1126
72 1151
76 1151
120 1151
101 1133
93 1101
34 1146
54 1127
26 1127
42 1152
16 1152
15 1152
14 1152
49 1119
91 1153
36 1153
67 1153
17 1153
16 1153
15 1153
14 1153
13 1153
12 1153
11 1153
10 1153
9 1153
53 1153
114 1142
43 1154
89 1154
2 1154
1 1154
100 1154
62 1154
87 1149
77 1150
89 1150
27 1150
43 1150
83 1150
77 1155
2 1155
1 1155
97 1137
40 1137
60 1115
3 1115
4 1115
5 1115
6 1115
7 1115
8 1115
9 1115
10 1115
11 1115
12 1115
13 1115
14 1115
113 1087
97 1087
40 1087
6 1087
5 1087
4 1087
3 1087
2 1087
1 1087
112 1116
113 1116
97 1116
93 1119
9 1119
8 1119
7 1119
6 1119
112 1119
109 1119
113 1119
47 1089
33 1153
52 1099
94 1092
10 1092
9 1092
8 1092
7 1092
6 1092
5 1092
75 1092
96 1150
60 1150
102 1120
112 1120
98 1145
60 1145
27 1145
89 1145
83 1145
3 1145
77 1145
69 1145
43 1145
100 1156
71 1146
98 1146
60 1146
27 1146
3 1146
2 1146
69 1146
121 1157
88 1157
65 1157
54 1158
26 1158
11 1158
10 1158
53 1158
34 1150
79 1123
3 1123
83 1123
4 1123
5 1123
6 1123
7 1123
8 1123
9 1123
10 1123
54 1123
11 1123
12 1123
13 1123
14 1123
15 1123
16 1123
17 1123
18 1123
19 1123
45 1123
20 1123
21 1123
22 1123
23 1123
24 1123
63 1135
21 1135
20 1135
91 1135
19 1135
18 1135
17 1135
16 1135
15 1135
14 1135
13 1135
12 1135
11 1135
10 1135
9 1135
8 1135
7 1135
6 1135
5 1135
4 1135
34 1135
28 1148
5 1148
6 1148
7 1148
8 1148
9 1148
10 1148
11 1148
12 1148
13 1148
14 1148
15 1148
16 1148
17 1148
18 1148
19 1148
45 1148
20 1148
91 1148
36 1148
97 1119
59 1102
8 1102
7 1102
6 1102
5 1102
4 1102
60 1102
27 1102
85 1129
63 1129
21 1129
20 1129
91 1129
19 1129
81 1149
24 1149
111 1133
17 1133
16 1133
43 1146
4 1146
5 1146
6 1146
74 1146
7 1146
8 1146
35 1106
29 1135
27 1135
43 1135
101 1152
17 1152
18 1152
19 1152
20 1152
21 1152
22 1152
23 1152
24 1152
30 1109
56 1132
24 1132
78 1122
58 1151
56 1151
24 1151
60 1135
122 1140
30 1140
36 1129
48 1136
24 1136
64 1092
96 1145
5 1145
4 1145
108 1105
64 1105
71 1135
108 1135
111 1140
18 1140
17 1140
16 1140
15 1140
14 1140
13 1140
94 1140
12 1140
83 1102
33 1158
12 1158
98 1150
101 1109
122 1109
73 1109
103 1109
113 1120
8 1120
9 1120
10 1120
117 1120
55 1137
97 1146
113 1146
124 1097
15 1097
16 1097
17 1097
73 1097
43 1102
32 1141
56 1141
48 1141
94 1158
13 1158
14 1158
15 1158
54 1122
94 1122
78 1140
67 1129
124 1158
16 1158
17 1158
18 1158
19 1158
101 1158
30 1158
80 1142
5 1142
4 1142
79 1145
26 1122
14 1122
15 1122
16 1122
85 1106
24 1106
71 1159
98 1159
29 1159
54 1140
89 1102
69 1102
121 1142
65 1142
80 1145
6 1145
7 1145
102 1119
74 1119
10 1119
11 1119
12 1119
79 1102
52 1129
22 1129
105 1129
23 1129
24 1129
88 1142
106 1142
68 1118
4 1118
5 1118
100 1118
6 1118
7 1118
83 1118
124 1122
17 1122
18 1122
19 1122
75 1105
9 1105
10 1105
97 1105
113 1105
102 1105
112 1146
111 1160
30 1160
106 1161
68 1161
88 1161
65 1161
86 1148
122 1158
20 1158
111 1158
21 1158
22 1158
67 1158
91 1158
23 1158
45 1158
61 1093
21 1093
20 1093
38 1131
16 1131
17 1131
119 1127
124 1131
18 1131
19 1131
20 1131
21 1131
22 1131
61 1131
32 1162
48 1162
3 1162
58 1162
120 1162
72 1162
74 1105
11 1105
12 1105
51 1163
117 1119
13 1119
14 1119
15 1119
94 1119
16 1119
116 1163
38 1127
17 1127
18 1127
110 1121
25 1147
6 1147
5 1147
87 1147
121 1161
25 1161
104 1157
25 1157
6 1157
5 1157
4 1157
3 1157
56 1157
32 1157
48 1157
58 1157
70 1142
46 1131
23 1131
24 1131
67 1131
40 1116
13 1116
14 1116
124 1127
19 1127
20 1127
21 1127
22 1127
111 1127
50 1161
7 1161
34 1159
60 1159
27 1159
82 1163
96 1159
83 1159
83 1164
96 1164
60 1164
98 1164
34 1164
75 1165
12 1165
88 1166
121 1166
99 1112
15 1112
16 1112
53 1112
52 1131
63 1163
117 1116
99 1116
15 1116
16 1116
17 1116
18 1116
19 1116
120 1157
109 1089
74 1089
13 1089
14 1089
15 1089
16 1089
99 1089
29 1164
11 1164
10 1164
77 1164
46 1167
24 1167
122 1093
23 1093
33 1112
17 1112
94 1112
78 1112
18 1112
76 1162
4 1162
102 1146
109 1146
47 1146
13 1146
12 1146
101 1160
30 1127
95 1154
9 1154
8 1154
104 1161
8 1161
9 1161
72 1157
45 1168
2 1168
86 1168
36 1168
35 1129
3 1129
4 1129
72 1129
65 1166
104 1166
25 1166
50 1166
9 1166
100 1166
118 1126
24 1126
61 1126
86 1169
110 1116
20 1116
70 1154
29 1170
34 1170
98 1170
60 1170
84 1088
1 1088
2 1088
114 1161
10 1161
11 1161
12 1161
34 1161
29 1161
98 1161
43 1159
11 1159
10 1159
91 1168
67 1168
84 1168
52 1168
1 1168
95 1166
10 1166
11 1166
12 1166
34 1166
98 1166
41 1120
99 1120
16 1120
17 1120
53 1120
33 1120
18 1120
19 1120
20 1120
51 1162
82 1162
36 1169
91 1169
84 1169
67 1169
62 1156
95 1156
10 1156
9 1156
121 1156
104 1156
122 1160
24 1160
83 1170
45 1088
3 1088
35 1088
63 1088
82 1088
60 1161
108 1150
13 1150
14 1150
15 1150
16 1150
99 1150
89 1118
71 1145
65 1171
25 1171
88 1171
9 1171
8 1171
7 1171
6 1171
56 1171
48 1171
32 1171
75 1146
14 1146
15 1146
43 1170
12 1170
51 1088
5 1088
6 1088
83 1161
66 1098
8 1098
92 1172
61 1172
1 1172
118 1172
111 1172
69 1164
12 1164
13 1164
14 1164
74 1164
15 1164
113 1164
41 1150
17 1150
18 1150
110 1120
21 1120
22 1120
23 1120
24 1120
122 1120
77 1118
12 1118
11 1118
10 1118
9 1118
66 1118
122 1173
40 1146
16 1146
70 1174
9 1174
65 1174
25 1174
121 1174
88 1174
82 1175
63 1175
35 1175
5 1175
4 1175
86 1175
60 1176
34 1176
59 1137
17 1137
99 1137
53 1178
58 1171
120 1171
50 1156
11 1156
88 1156
65 1156
101 1127
1 1127
104 1174
50 1174
11 1174
103 1097
106 1154
10 1154
88 1154
65 1154
43 1161
13 1161
77 1161
69 1161
114 1159
12 1159
77 1159
69 1159
13 1159
14 1159
15 1159
16 1159
74 1159
87 1098
9 1098
10 1098
70 1098
36 1175
84 1175
67 1175
102 1164
64 1165
15 1165
71 1165
14 1165
43 1165
83 1165
60 1165
29 1166
14 1166
96 1166
28 1092
15 1092
14 1092
60 1092
83 1092
46 1126
2 1126
3 1126
84 1126
67 1126
4 1126
86 1126
52 1169
3 1169
2 1169
92 1169
61 1169
33 1178
20 1178
94 1178
78 1178
21 1178
22 1178
107 1101
20 1101
19 1101
18 1101
17 1101
74 1101
16 1101
75 1101
64 1101
15 1101
14 1101
113 1159
97 1164
17 1164
109 1164
47 1164
75 1164
34 1165
93 1153
95 1179
100 1179
40 1180
17 1180
61 1181
112 1177
74 1177
109 1177
79 1170
69 1170
76 1157
8 1157
9 1157
87 1157
10 1157
11 1157
12 1157
13 1157
95 1157
80 1102
13 1102
106 1098
11 1098
12 1098
13 1098
14 1098
15 1098
16 1098
17 1098
117 1089
19 1089
18 1089
64 1164
16 1164
107 1153
21 1153
94 1153
97 1180
74 1180
33 1182
107 1182
92 1181
118 1181
111 1181
122 1181
2 1181
36 1126
5 1126
116 1162
7 1162
63 1162
110 1178
23 1178
24 1178
123 1096
8 1096
7 1096
6 1096
72 1171
123 1171
94 1183
22 1183
21 1183
107 1183
33 1183
30 1097
118 1097
111 1097
122 1097
101 1097
2 1097
3 1097
4 1097
84 1097
67 1097
5 1097
86 1097
77 1170
14 1170
13 1170
50 1170
81 1147
10 1147
9 1147
56 1147
32 1147
58 1147
120 1147
123 1147
72 1147
8 1147
116 1147
40 1098
18 1098
74 1098
78 1153
22 1153
23 1153
27 1166
15 1166
116 1184
53 1182
21 1182
20 1182
19 1182
18 1182
17 1182
31 1109
2 1109
3 1109
4 1109
5 1109
6 1109
7 1109
115 1100
4 1100
5 1100
6 1100
7 1100
8 1100
123 1100
120 1100
72 1100
9 1100
10 1100
45 1126
6 1126
7 1126
8 1126
123 1126
46 1169
115 1169
4 1169
5 1169
45 1169
6 1169
7 1169
8 1169
123 1169
120 1169
72 1169
9 1169
10 1169
11 1169
12 1169
70 1169
96 1101
50 1185
13 1185
93 1183
36 1097
6 1097
114 1102
14 1102
77 1102
15 1102
29 1165
16 1165
17 1165
74 1165
18 1165
71 1166
16 1166
17 1166
18 1166
51 1184
8 1184
7 1184
6 1184
5 1184
67 1184
36 1184
98 1176
71 1176
29 1176
16 1176
15 1176
79 1176
80 1176
14 1176
75 1182
116 1109
51 1109
8 1109
123 1109
120 1109
72 1109
9 1109
66 1100
87 1100
27 1101
29 1101
71 1101
98 1101
38 1121
24 1121
82 1147
26 1140
23 1140
107 1140
93 1140
33 1140
22 1140
21 1140
20 1140
19 1140
96 1102
29 1102
71 1102
69 1186
15 1186
59 1089
20 1089
21 1089
22 1089
93 1089
107 1089
97 1166
19 1166
20 1166
103 1181
81 1100
11 1100
12 1100
35 1162
8 1162
9 1162
47 1177
18 1177
17 1177
60 1177
16 1177
96 1177
29 1177
55 1105
59 1105
20 1105
63 1096
82 1096
102 1159
19 1159
18 1159
17 1159
74 1140
119 1119
38 1119
24 1119
78 1119
23 1119
109 1098
113 1165
110 1153
38 1153
117 1166
21 1166
39 1158
7 1158
84 1158
6 1158
112 1180
68 1142
13 1142
50 1142
14 1142
15 1142
79 1142
69 1142
16 1142
96 1142
29 1142
70 1100
68 1100
13 1100
123 1162
10 1162
106 1169
68 1169
13 1169
88 1169
116 1096
9 1096
76 1171
10 1171
116 1171
82 1171
53 1183
23 1183
102 1140
98 1102
17 1102
18 1102
19 1102
20 1102
21 1102
47 1098
19 1098
77 1186
16 1186
17 1186
98 1186
91 1175
7 1175
33 1089
53 1089
23 1089
28 1164
18 1164
19 1164
40 1164
20 1164
59 1164
109 1165
47 1165
19 1165
113 1180
109 1180
47 1180
19 1180
20 1180
27 1142
17 1142
64 1182
58 1109
27 1188
96 1188
93 1187
53 1187
33 1187
78 1183
24 1183
81 1189
104 1170
65 1170
112 1140
113 1140
109 1140
117 1102
22 1102
60 1186
27 1186
96 1186
39 1175
8 1175
9 1175
116 1175
10 1175
123 1175
76 1175
120 1175
72 1175
11 1175
97 1165
20 1165
86 1184
62 1179
80 1179
79 1179
69 1179
77 1179
17 1179
16 1179
15 1179
104 1179
65 1179
64 1190
19 1190
113 1190
109 1190
102 1190
74 1190
20 1190
98 1142
43 1092
69 1092
79 1092
80 1092
29 1188
18 1188
17 1188
80 1188
79 1188
69 1188
77 1188
44 1094
15 1094
41 1137
117 1137
22 1137
23 1137
53 1137
93 1137
41 1191
117 1191
22 1191
23 1191
53 1191
120 1192
76 1192
123 1192
72 1192
11 1192
107 1187
24 1187
94 1187
71 1177
98 1177
87 1189
66 1189
13 1189
106 1189
68 1189
14 1189
99 1166
50 1179
97 1190
40 1190
21 1190
22 1190
60 1142
18 1142
36 1194
86 1194
67 1194
43 1188
60 1188
98 1188
31 1181
5 1181
48 1192
12 1192
13 1192
87 1192
56 1162
12 1162
13 1162
87 1162
27 1177
43 1177
69 1177
79 1177
35 1096
10 1096
11 1096
12 1096
72 1195
123 1195
120 1195
51 1147
11 1147
12 1147
119 1153
1 1153
2 1153
124 1153
3 1153
4 1153
5 1153
6 1153
117 1190
23 1190
24 1190
107 1190
59 1180
22 1180
117 1180
23 1180
24 1180
107 1180
71 1188
19 1188
64 1188
20 1188
109 1188
113 1188
102 1188
33 1137
107 1137
93 1191
33 1191
107 1191
66 1162
14 1162
106 1162
68 1162
15 1162
73 1122
56 1096
13 1096
87 1096
66 1096
14 1096
106 1096
68 1096
15 1096
16 1096
106 1196
68 1196
15 1196
66 1196
14 1196
45 1097
39 1097
9 1097
10 1097
82 1097
116 1097
51 1097
11 1097
123 1097
12 1097
105 1148
26 1119
1 1119
91 1184
9 1184
53 1190
62 1092
17 1092
18 1092
27 1092
98 1092
71 1092
19 1092
54 1112
26 1112
1 1112
97 1188
74 1188
21 1188
22 1188
59 1188
23 1188
78 1187
54 1187
26 1187
1 1187
119 1187
38 1187
108 1145
20 1145
21 1145
113 1145
102 1145
97 1145
74 1145
48 1147
13 1147
14 1147
66 1147
15 1147
106 1147
89 1161
27 1161
19 1161
79 1161
18 1161
39 1148
10 1148
67 1148
83 1186
89 1186
43 1186
19 1186
18 1186
58 1175
56 1175
48 1175
13 1175
14 1175
66 1175
15 1175
105 1184
39 1184
28 1182
32 1109
56 1109
117 1188
24 1188
104 1094
16 1094
17 1094
18 1094
19 1094
83 1094
27 1094
50 1096
85 1163
35 1163
11 1163
39 1163
63 1171
85 1171
35 1171
11 1171
85 1197
63 1197
35 1197
11 1197
82 1197
116 1197
12 1197
76 1195
75 1159
64 1159
106 1175
68 1175
16 1175
102 1198
113 1198
41 1166
24 1166
77 1142
48 1109
14 1109
99 1188
117 1199
24 1199
43 1094
20 1094
109 1145
22 1145
104 1096
17 1096
18 1096
123 1197
13 1197
58 1195
32 1195
56 1195
48 1195
14 1195
15 1195
66 1195
16 1195
106 1195
56 1200
48 1200
32 1200
58 1200
112 1165
102 1165
23 1165
44 1179
18 1179
19 1179
43 1179
27 1179
98 1179
71 1179
21 1179
90 1124
26 1124
94 1124
78 1124
35 1201
85 1201
63 1201
82 1201
116 1201
13 1201
60 1094
101 1181
8 1181
103 1122
31 1122
122 1122
111 1122
118 1122
101 1122
8 1122
92 1122
61 1122
87 1196
16 1196
17 1196
72 1197
58 1197
32 1197
56 1197
77 1202
69 1202
43 1202
27 1202
98 1202
71 1202
21 1202
68 1195
17 1195
18 1195
79 1186
20 1186
21 1186
120 1200
64 1179
22 1179
109 1179
74 1179
113 1179
112 1179
102 1179
23 1179
24 1179
108 1182
22 1182
109 1182
74 1182
113 1182
112 1182
102 1182
23 1182
24 1182
59 1182
123 1201
14 1201
120 1201
58 1201
78 1204
94 1204
104 1196
18 1196
44 1196
19 1196
20 1196
21 1196
48 1197
15 1197
50 1195
100 1157
19 1157
28 1159
108 1159
22 1159
23 1159
71 1186
108 1186
64 1186
22 1186
74 1205
113 1205
102 1205
24 1205
109 1205
23 1205
108 1205
71 1205
22 1205
21 1205
20 1205
19 1205
55 1182
32 1201
56 1201
59 1203
55 1203
30 1181
9 1181
10 1181
39 1171
12 1171
13 1171
14 1171
26 1204
62 1161
20 1161
100 1205
89 1142
43 1142
21 1142
48 1201
16 1201
87 1201
17 1201
106 1201
68 1201
18 1201
105 1163
86 1163
91 1163
67 1163
12 1163
113 1206
112 1206
24 1206
102 1206
74 1206
109 1206
90 1204
119 1204
95 1185
100 1185
20 1185
21 1185
22 1185
60 1202
104 1195
19 1195
20 1195
100 1195
97 1198
74 1198
109 1198
115 1181
11 1181
12 1181
105 1181
86 1181
91 1181
46 1122
115 1122
11 1122
12 1122
13 1122
14 1122
116 1122
51 1171
15 1171
16 1171
17 1171
79 1196
77 1196
98 1185
23 1185
43 1185
60 1185
89 1202
22 1202
112 1198
82 1122
85 1122
47 1206
69 1196
43 1196
89 1196
60 1196
23 1196
27 1185
95 1195
21 1195
22 1195
77 1195
69 1195
55 1207
59 1207
2 1207
62 1205
114 1176
32 1208
56 1208
48 1208
17 1208
123 1208
16 1208
116 1208
82 1208
85 1208
63 1208
48 1209
56 1209
34 1101
24 1101
121 1154
20 1154
88 1170
121 1170
20 1170
43 1195
60 1195
27 1195
98 1195
117 1207
3 1207
4 1207
93 1207
29 1186
34 1186
24 1186
41 1188
3 1188
66 1201
19 1201
20 1201
121 1201
99 1199
41 1199
3 1199
32 1209
81 1192
66 1192
19 1192
20 1192
121 1192
21 1192
65 1162
121 1162
21 1162
22 1162
89 1185
24 1185
104 1154
21 1154
79 1202
23 1202
24 1202
108 1202
53 1207
107 1207
100 1176
103 1210
84 1194
88 1201
67 1181
44 1192
22 1192
100 1192
63 1211
85 1211
82 1211
116 1211
17 1211
43 1212
89 1212
60 1212
98 1212
34 1212
106 1170
21 1170
66 1170
81 1170
64 1202
1 1202
109 1202
112 1202
2 1202
102 1202
97 1202
82 1213
108 1214
115 1215
46 1215
92 1215
118 1215
111 1215
113 1202
3 1202
66 1216
116 1213
18 1213
85 1213
71 1214
98 1214
60 1214
89 1214
43 1214
27 1214
121 1217
104 1217
124 1218
10 1218
11 1218
12 1218
103 1218
31 1218
30 1215
101 1215
13 1215
103 1215
50 1157
122 1210
30 1210
118 1210
83 1142
1 1142
116 1220
82 1220
51 1220
18 1220
59 1199
5 1199
6 1199
7 1199
93 1199
53 1199
33 1199
38 1204
9 1204
10 1204
44 1157
24 1157
23 1157
49 1193
7 1193
6 1193
5 1193
117 1193
41 1193
45 1184
17 1184
18 1184
111 1210
101 1210
14 1210
46 1210
115 1210
15 1210
61 1210
88 1217
50 1217
65 1201
50 1201
98 1221
83 1221
78 1207
95 1205
82 1184
19 1184
20 1184
21 1184
56 1184
42 1099
115 1099
46 1099
85 1220
19 1220
20 1220
21 1220
41 1222
117 1222
7 1222
49 1222
8 1222
93 1222
33 1222
120 1197
21 1197
22 1197
101 1223
15 1223
46 1223
115 1223
61 1099
118 1099
30 1099
15 1099
122 1099
73 1218
14 1218
15 1218
101 1218
118 1218
30 1218
56 1220
58 1209
120 1209
21 1209
22 1209
23 1209
24 1209
121 1209
65 1209
88 1209
53 1222
9 1222
31 1215
48 1184
62 1176
32 1220
22 1220
23 1220
24 1220
96 1221
34 1221
71 1221
64 1221
39 1225
105 1225
45 1225
19 1225
20 1225
116 1225
82 1225
78 1222
10 1222
11 1222
89 1224
27 1224
43 1224
3 1224
79 1224
73 1215
15 1215
16 1215
26 1207
58 1184
120 1184
22 1184
51 1225
21 1225
40 1165
7 1165
6 1165
5 1165
32 1184
23 1184
24 1184
106 1184
95 1176
2 1176
3 1176
122 1218
16 1218
17 1218
18 1218
46 1218
107 1199
28 1221
5 1221
4 1221
60 1221
83 1226
43 1226
96 1226
34 1226
98 1226
4 1226
71 1226
64 1226
28 1226
5 1226
6 1226
47 1226
74 1202
108 1165
89 1176
27 1176
4 1176
43 1176
40 1227
97 1227
7 1227
102 1227
114 1192
80 1177
114 1177
109 1226
74 1226
71 1228
77 1224
4 1224
80 1224
90 1207
96 1176
60 1229
43 1229
89 1229
27 1229
5 1229
71 1229
34 1229
98 1229
113 1227
74 1227
38 1222
90 1222
111 1230
118 1230
108 1228
35 1208
22 1208
21 1208
45 1208
94 1199
85 1225
35 1225
22 1225
23 1225
24 1225
26 1222
94 1222
99 1193
10 1193
9 1193
97 1193
8 1193
113 1193
102 1193
26 1233
50 1209
3 1209
4 1209
5 1209
119 1207
31 1232
65 1234
121 1234
3 1234
4 1234
5 1234
120 1225
79 1236
69 1236
77 1236
6 1236
7 1236
27 1236
98 1236
34 1236
114 1224
5 1224
6 1224
34 1224
28 1165
8 1165
88 1237
121 1237
4 1237
5 1237
106 1231
3 1231
121 1231
50 1231
27 1238
89 1238
69 1238
77 1238
6 1238
7 1238
108 1238
71 1238
30 1230
60 1236
123 1211
113 1239
102 1239
97 1239
10 1239
11 1239
98 1224
33 1240
50 1241
121 1241
88 1241
4 1241
3 1241
51 1242
103 1099
73 1099
19 1099
20 1099
105 1208
23 1208
44 1217
5 1217
6 1217
69 1217
122 1232
103 1232
73 1232
19 1232
18 1232
17 1232
16 1232
15 1232
80 1209
6 1209
7 1209
98 1209
110 1187
34 1238
107 1222
14 1222
15 1222
16 1222
101 1230
20 1230
122 1230
103 1230
73 1230
19 1230
72 1200
1 1200
2 1200
3 1200
4 1200
50 1200
121 1200
111 1099
77 1217
7 1217
8 1217
108 1217
71 1217
114 1237
76 1109
1 1109
95 1234
6 1234
7 1234
62 1192
95 1192
6 1192
7 1192
8 1192
100 1177
62 1177
95 1177
6 1177
5 1177
86 1244
112 1226
102 1226
36 1163
23 1163
22 1163
21 1163
30 1163
111 1163
59 1239
12 1239
117 1239
64 1228
28 1228
9 1228
8 1228
7 1228
69 1228
123 1243
72 1243
120 1243
76 1243
1 1243
2 1243
112 1245
88 1200
5 1200
6 1200
62 1200
101 1099
21 1099
22 1099
23 1099
24 1099
71 1192
97 1226
11 1226
12 1226
89 1236
8 1236
9 1236
118 1163
118 1246
21 1246
73 1246
20 1246
19 1246
18 1246
17 1246
16 1246
102 1245
96 1229
9 1229
8 1229
7 1229
115 1218
22 1218
21 1218
29 1221
27 1209
96 1209
98 1238
96 1238
9 1238
8 1238
46 1235
28 1236
10 1236
11 1236
25 1156
6 1156
7 1156
8 1156
27 1156
96 1156
98 1156
32 1243
56 1243
124 1204
18 1204
19 1204
20 1204
73 1204
122 1204
21 1204
30 1204
74 1193
11 1193
12 1193
13 1193
14 1193
15 1193
33 1193
93 1193
97 1245
12 1245
13 1245
95 1200
7 1200
54 1124
16 1124
17 1124
18 1124
114 1229
62 1229
34 1217
98 1217
96 1217
32 1249
56 1249
3 1249
76 1249
123 1249
2 1249
120 1249
80 1237
8 1237
95 1237
65 1231
6 1231
5 1231
26 1232
78 1199
16 1199
15 1199
89 1209
9 1209
10 1209
75 1209
11 1209
112 1209
102 1209
97 1209
12 1209
37 1113
18 1113
19 1113
20 1113
21 1113
122 1113
103 1113
113 1236
12 1236
97 1236
102 1236
99 1239
14 1239
13 1239
35 1247
1 1247
2 1247
58 1243
3 1243
4 1243
5 1243
6 1243
50 1243
65 1243
118 1204
63 1213
35 1213
1 1213
107 1193
16 1193
17 1193
18 1193
25 1200
124 1124
19 1124
20 1124
21 1124
22 1124
122 1124
103 1124
30 1124
27 1217
72 1249
88 1231
25 1231
7 1231
95 1231
114 1231
54 1232
117 1226
99 1226
14 1226
13 1226
119 1246
26 1246
29 1156
121 1243
7 1243
8 1243
9 1243
114 1243
87 1170
5 1170
6 1170
7 1170
93 1250
16 1250
17 1250
119 1250
106 1241
6 1241
7 1241
8 1241
63 1251
35 1251
58 1249
4 1249
5 1249
29 1252
80 1231
9 1231
90 1187
18 1187
19 1187
115 1235
24 1235
23 1235
30 1235
103 1235
73 1113
22 1113
46 1204
115 1204
24 1204
23 1204
66 1197
6 1197
5 1197
4 1197
26 1250
90 1250
18 1250
19 1250
20 1250
21 1250
22 1250
40 1245
14 1245
114 1241
80 1241
9 1241
69 1241
10 1241
11 1241
118 1124
46 1124
115 1124
24 1124
91 1194
105 1194
1 1194
98 1252
27 1252
124 1187
20 1187
21 1187
22 1187
23 1187
118 1187
46 1187
115 1187
24 1187
67 1244
91 1244
79 1238
112 1236
74 1236
13 1236
14 1236
77 1228
48 1248
120 1248
123 1248
72 1248
58 1248
56 1248
32 1248
5 1248
6 1248
25 1170
8 1170
9 1170
59 1245
15 1245
16 1245
17 1245
33 1245
107 1245
29 1241
83 1176
11 1176
77 1176
69 1176
10 1176
9 1176
8 1176
121 1176
50 1176
87 1249
6 1249
7 1249
88 1249
25 1249
8 1249
50 1249
52 1219
67 1219
91 1219
109 1227
96 1252
11 1252
78 1232
107 1232
104 1201
25 1201
8 1201
9 1201
10 1201
84 1181
43 1234
77 1234
44 1177
9 1177
10 1177
105 1244
80 1238
10 1238
101 1163
24 1163
79 1228
80 1228
10 1228
11 1228
27 1228
34 1156
66 1248
7 1248
8 1248
73 1250
23 1250
24 1250
93 1245
18 1245
19 1245
119 1245
98 1241
65 1200
33 1232
69 1234
11 1234
80 1234
54 1246
78 1246
107 1246
96 1228
12 1228
116 1247
95 1243
10 1243
11 1243
96 1243
27 1243
12 1243
28 1243
13 1243
14 1243
114 1170
118 1250
82 1242
121 1249
9 1249
10 1249
114 1249
86 1219
2 1219
3 1219
4 1219
94 1233
54 1233
78 1233
83 1252
12 1252
120 1254
6 1254
48 1254
51 1247
97 1243
88 1248
9 1248
80 1255
11 1255
10 1255
50 1255
121 1255
25 1255
9 1255
8 1255
101 1250
39 1208
89 1217
12 1217
13 1217
14 1217
107 1233
19 1233
20 1233
69 1252
49 1199
18 1199
19 1199
20 1199
21 1199
124 1199
22 1199
23 1199
24 1199
77 1177
45 1244
39 1244
3 1244
2 1244
1 1244
118 1244
101 1244
113 1226
15 1226
58 1256
120 1256
6 1256
103 1204
36 1208
3 1208
79 1234
12 1234
83 1177
13 1177
14 1177
15 1177
45 1257
39 1257
53 1240
107 1240
78 1240
20 1240
115 1258
46 1258
2 1258
1 1258
101 1258
69 1259
89 1252
13 1252
14 1252
15 1252
16 1252
113 1252
97 1252
93 1232
43 1238
13 1238
12 1238
11 1238
121 1238
25 1238
110 1222
22 1222
23 1222
33 1246
76 1197
7 1197
8 1197
94 1240
77 1259
79 1259
13 1259
14 1259
96 1259
89 1259
35 1219
73 1199
103 1199
1 1199
32 1254
8 1254
122 1235
123 1256
76 1256
7 1256
48 1256
8 1256
60 1224
87 1197
9 1197
10 1197
54 1240
21 1240
34 1241
84 1208
4 1208
67 1208
86 1208
57 1091
111 1218
2 1218
3 1218
84 1218
4 1218
98 1253
96 1253
101 1199
73 1235
30 1113
111 1113
29 1228
98 1228
26 1240
22 1240
110 1240
23 1240
24 1240
60 1241
27 1241
28 1217
16 1217
17 1217
97 1217
36 1218
5 1218
30 1262
53 1232
21 1232
22 1232
58 1254
9 1254
50 1238
31 1230
2 1230
3 1230
115 1230
93 1246
47 1202
17 1202
28 1202
16 1202
118 1258
111 1258
3 1258
96 1241
15 1241
43 1259
15 1259
27 1259
98 1259
113 1217
18 1217
74 1217
45 1218
6 1218
85 1251
7 1251
8 1251
56 1260
48 1260
120 1260
105 1257
36 1257
6 1257
67 1257
84 1257
5 1257
4 1257
118 1257
111 1257
3 1257
31 1257
2 1257
101 1113
71 1156
29 1202
104 1200
13 1200
14 1200
80 1200
59 1261
20 1261
21 1261
89 1253
69 1253
43 1253
15 1253
16 1253
105 1263
45 1263
39 1263
36 1263
6 1263
7 1263
85 1263
118 1113
4 1113
28 1156
17 1156
18 1156
97 1156
83 1224
16 1224
17 1224
65 1248
104 1248
25 1248
121 1248
78 1264
54 1264
23 1264
107 1264
93 1264
33 1264
22 1264
38 1207
24 1207
90 1245
38 1245
24 1245
60 1259
83 1259
16 1259
47 1217
27 1253
83 1253
119 1233
24 1233
23 1233
93 1233
112 1227
58 1260
76 1254
10 1254
11 1254
115 1113
5 1113
6 1113
113 1156
74 1156
50 1248
14 1248
15 1248
96 1202
29 1259
17 1259
113 1266
74 1266
19 1266
86 1218
7 1218
60 1253
17 1253
103 1262
4 1262
118 1262
101 1262
47 1227
19 1227
20 1227
32 1260
11 1260
76 1260
10 1260
9 1260
87 1254
12 1254
13 1254
121 1254
65 1254
104 1254
36 1113
86 1113
7 1113
45 1113
105 1113
53 1246
23 1246
24 1246
90 1246
38 1246
34 1228
60 1228
17 1228
18 1228
19 1228
47 1228
74 1228
112 1156
47 1156
19 1156
20 1156
28 1224
18 1224
19 1224
47 1224
112 1224
80 1248
16 1248
43 1248
69 1248
89 1248
96 1248
34 1248
98 1248
60 1248
30 1258
99 1261
22 1261
23 1261
53 1261
93 1261
122 1091
30 1091
101 1091
111 1262
5 1262
59 1227
99 1227
22 1227
23 1227
93 1227
73 1257
122 1257
30 1257
113 1228
20 1228
74 1224
113 1224
20 1224
21 1224
99 1224
106 1197
14 1197
103 1258
122 1258
118 1091
29 1253
18 1253
53 1227
24 1227
59 1224
22 1224
23 1224
24 1224
26 1245
79 1200
69 1200
89 1200
43 1200
83 1200
60 1200
91 1208
8 1208
9 1208
10 1208
107 1261
123 1251
76 1251
11 1251
12 1251
33 1233
78 1227
81 1216
117 1265
99 1265
23 1265
54 1261
26 1261
119 1261
38 1261
1 1261
2 1261
3 1261
4 1261
5 1261
122 1261
120 1251
58 1251
56 1251
53 1233
31 1262
6 1262
57 1235
31 1235
6 1235
118 1235
7 1235
8 1235
112 1228
21 1228
22 1228
23 1228
82 1247
11 1247
12 1247
87 1216
14 1216
32 1216
56 1216
58 1216
112 1267
47 1267
113 1267
74 1267
21 1267
22 1267
23 1267
117 1267
87 1268
77 1241
89 1241
83 1241
97 1266
112 1266
47 1266
21 1266
28 1266
20 1266
60 1266
29 1266
96 1266
27 1266
98 1266
83 1266
89 1266
77 1266
109 1217
26 1269
54 1269
107 1269
93 1269
78 1269
1 1269
47 1270
74 1270
113 1270
64 1192
28 1192
20 1192
21 1192
47 1192
74 1271
113 1271
97 1271
22 1271
36 1272
91 1272
86 1272
9 1272
39 1272
105 1272
101 1257
7 1257
115 1257
8 1257
9 1257
91 1257
120 1216
13 1216
99 1267
24 1267
73 1258
43 1241
19 1241
116 1242
12 1242
13 1242
56 1242
58 1242
71 1259
64 1259
103 1261
111 1091
122 1262
7 1262
8 1262
47 1271
86 1257
10 1257
11 1257
12 1257
76 1247
13 1247
58 1247
56 1247
32 1247
14 1247
87 1247
15 1247
16 1247
104 1247
50 1247
25 1247
59 1265
24 1265
120 1242
14 1242
33 1269
97 1273
113 1273
74 1273
47 1273
22 1273
64 1273
115 1262
9 1262
10 1262
36 1262
91 1262
85 1260
12 1260
44 1238
18 1238
104 1238
84 1235
116 1257
13 1257
120 1257
14 1257
75 1226
22 1226
23 1226
24 1226
122 1274
31 1274
7 1274
30 1274
8 1274
111 1274
101 1274
57 1258
31 1258
7 1258
8 1258
9 1258
10 1258
36 1258
91 1258
105 1258
39 1258
11 1258
12 1258
69 1266
38 1275
3 1275
4 1275
5 1275
6 1275
7 1275
31 1275
122 1275
30 1275
101 1275
53 1269
2 1269
3 1269
86 1262
11 1262
105 1262
116 1276
13 1276
14 1276
56 1276
32 1276
15 1276
82 1260
116 1260
13 1260
14 1260
15 1260
52 1181
10 1181
11 1181
112 1271
23 1271
85 1258
13 1258
116 1258
79 1241
20 1241
21 1241
22 1241
73 1261
57 1261
31 1261
8 1261
9 1261
30 1261
103 1091
63 1219
85 1219
13 1219
116 1219
14 1219
120 1219
15 1219
56 1219
38 1269
90 1269
58 1276
99 1277
35 1263
13 1263
14 1263
67 1235
86 1235
91 1235
105 1235
12 1235
13 1235
35 1235
85 1235
59 1226
86 1278
91 1278
105 1278
12 1278
35 1278
85 1278
13 1278
14 1278
15 1278
58 1278
118 1274
9 1274
115 1274
10 1274
52 1274
11 1274
105 1274
91 1274
86 1274
67 1274
55 1265
107 1279
93 1279
78 1279
26 1279
101 1261
111 1275
32 1219
39 1262
12 1262
67 1262
56 1278
32 1278
16 1278
17 1278
106 1278
18 1278
25 1278
44 1278
19 1278
104 1278
68 1154
18 1154
25 1154
44 1154
19 1154
20 1154
80 1154
79 1154
21 1154
27 1154
83 1154
98 1154
22 1154
60 1280
96 1280
27 1280
89 1280
83 1280
98 1280
22 1280
27 1281
83 1281
98 1281
22 1281
60 1281
118 1261
10 1261
115 1261
11 1261
120 1276
16 1276
17 1276
18 1276
106 1276
101 1282
118 1282
10 1282
122 1282
31 1282
75 1271
116 1263
15 1263
120 1263
16 1263
56 1263
37 1193
6 1193
38 1193
5 1193
43 1266
22 1266
73 1091
9 1091
10 1091
11 1091
68 1276
19 1276
57 1282
9 1282
64 1271
24 1271
50 1278
20 1278
21 1278
110 1207
6 1207
81 1268
18 1268
19 1268
50 1268
44 1268
25 1268
20 1268
68 1268
96 1281
23 1281
89 1281
103 1275
115 1091
12 1091
67 1091
91 1091
86 1091
39 1091
105 1091
14 1091
15 1091
35 1091
34 1253
23 1253
24 1253
75 1253
62 1237
21 1237
25 1237
50 1237
104 1276
50 1276
25 1276
20 1276
21 1276
87 1260
81 1260
18 1260
19 1260
108 1221
24 1221
75 1221
79 1278
22 1278
77 1278
89 1278
83 1278
98 1278
60 1278
29 1280
37 1207
7 1207
8 1207
9 1207
10 1207
122 1207
103 1207
33 1283
107 1283
28 1259
108 1259
24 1259
23 1259
22 1259
21 1259
25 1259
50 1259
100 1229
22 1229
23 1229
83 1229
57 1275
10 1275
11 1275
64 1253
28 1253
95 1249
100 1249
22 1249
23 1249
89 1249
83 1249
98 1249
60 1249
71 1273
52 1262
13 1262
14 1262
15 1262
109 1270
112 1270
97 1270
1 1270
75 1270
62 1276
100 1276
68 1260
20 1260
50 1260
25 1260
21 1260
100 1260
73 1282
114 1234
100 1234
22 1234
23 1234
83 1234
98 1234
31 1207
57 1207
43 1281
69 1281
108 1253
28 1273
35 1262
16 1262
95 1276
62 1260
60 1234
96 1234
24 1234
89 1234
26 1193
73 1207
11 1207
30 1207
101 1207
80 1266
23 1266
24 1266
44 1237
22 1237
23 1237
108 1273
116 1262
17 1262
61 1215
13 1215
12 1215
34 1280
106 1268
21 1268
22 1268
23 1268
24 1268
83 1268
77 1281
24 1281
34 1281
104 1259
48 1251
19 1251
18 1251
17 1251
16 1251
39 1251
27 1234
34 1234
89 1268
27 1268
60 1268
96 1268
34 1268
67 1284
52 1284
15 1284
91 1284
102 1252
3 1252
112 1252
103 1282
111 1282
13 1282
12 1282
36 1181
39 1181
16 1181
15 1181
14 1181
13 1181
34 1285
60 1285
27 1285
83 1285
86 1284
16 1284
36 1284
29 1229
1 1229
28 1229
64 1229
2 1229
65 1238
23 1238
22 1238
21 1238
121 1247
23 1247
70 1189
22 1189
23 1189
50 1189
104 1189
25 1189
98 1268
39 1284
17 1284
18 1284
58 1219
20 1219
21 1219
32 1263
58 1263
20 1263
19 1263
18 1263
17 1263
91 1286
36 1286
39 1286
17 1286
18 1286
19 1286
20 1286
40 1236
29 1268
2 1268
53 1283
39 1287
36 1287
17 1287
52 1287
16 1287
15 1287
111 1287
30 1287
109 1252
4 1252
47 1252
65 1247
24 1247
68 1247
121 1189
24 1189
66 1255
70 1255
23 1255
22 1255
56 1255
58 1255
21 1255
94 1232
9 1232
8 1232
7 1232
64 1268
4 1268
108 1268
73 1289
14 1289
31 1289
93 1283
86 1263
91 1263
67 1263
46 1230
16 1230
17 1230
18 1230
86 1230
36 1230
79 1237
2 1237
69 1237
48 1219
22 1219
23 1219
24 1219
104 1290
25 1290
65 1290
116 1286
21 1286
22 1286
39 1230
19 1230
106 1247
79 1291
80 1291
2 1291
90 1288
53 1292
10 1292
33 1292
93 1292
119 1269
11 1269
10 1269
9 1269
8 1269
7 1269
6 1269
59 1232
82 1258
21 1258
20 1258
19 1258
28 1268
5 1268
6 1268
103 1289
16 1289
30 1289
111 1289
94 1283
11 1283
38 1283
12 1283
92 1210
17 1210
16 1210
31 1210
118 1275
92 1275
17 1275
16 1275
15 1275
14 1275
13 1275
56 1286
58 1286
48 1286
23 1286
24 1286
43 1237
74 1252
7 1252
6 1252
5 1252
28 1252
81 1286
50 1294
65 1294
104 1294
109 1268
7 1268
54 1279
94 1279
12 1279
53 1279
11 1279
10 1279
9 1279
8 1279
102 1279
107 1292
54 1292
94 1292
12 1292
54 1295
94 1295
12 1295
119 1295
38 1295
13 1295
14 1295
15 1295
16 1295
17 1295
111 1295
30 1295
118 1295
18 1295
19 1295
61 1295
67 1230
20 1230
21 1230
22 1230
26 1288
78 1288
54 1288
94 1288
12 1288
107 1288
89 1285
29 1285
96 1285
101 1287
118 1287
18 1287
19 1287
20 1287
67 1287
86 1287
21 1287
22 1287
23 1287
24 1287
58 1287
99 1232
10 1232
11 1232
12 1232
13 1232
88 1254
68 1254
2 1254
82 1230
23 1230
24 1230
72 1256
24 1256
23 1256
30 1297
111 1297
103 1297
25 1294
3 1294
68 1294
88 1294
90 1283
98 1285
6 1285
5 1285
69 1285
79 1285
71 1253
7 1253
6 1253
5 1253
4 1253
3 1253
88 1253
68 1253
108 1252
38 1232
14 1232
15 1232
117 1277
69 1298
5 1298
6 1298
34 1298
60 1298
83 1298
29 1298
27 1298
50 1254
58 1230
57 1215
18 1215
19 1215
20 1215
21 1215
67 1215
91 1215
36 1215
31 1297
57 1297
18 1297
17 1297
16 1297
15 1297
14 1297
13 1297
12 1297
11 1297
99 1297
76 1242
72 1242
74 1299
73 1210
57 1210
18 1210
19 1210
30 1210
105 1251
36 1251
86 1251
91 1251
46 1295
20 1295
21 1295
86 1295
36 1295
120 1300
72 1300
52 1263
21 1263
22 1263
23 1263
24 1263
25 1254
4 1254
3 1254
39 1215
62 1291
5 1291
4 1291
88 1291
50 1291
65 1291
104 1291
119 1283
14 1283
118 1210
20 1210
21 1210
22 1210
67 1251
22 1251
23 1251
24 1251
100 1296
47 1299
39 1210
36 1210
23 1210
67 1210
70 1254
66 1254
55 1236
11 1236
10 1236
82 1256
62 1296
6 1296
5 1296
65 1296
104 1296
50 1296
88 1296
68 1296
70 1296
94 1301
78 1301
54 1301
107 1301
33 1301
14 1301
15 1301
56 1287
2 1287
3 1287
4 1287
68 1287
88 1287
50 1287
104 1287
71 1252
49 1264
14 1264
15 1264
16 1264
35 1284
65 1287
5 1287
6 1287
56 1303
58 1303
2 1303
1 1303
47 1236
25 1291
6 1291
7 1291
69 1291
8 1291
123 1216
68 1304
83 1305
27 1305
29 1305
96 1305
60 1305
9 1305
85 1091
1 1091
2 1091
106 1253
76 1300
89 1298
96 1298
98 1298
9 1298
8 1298
7 1298
62 1298
105 1215
72 1216
121 1294
6 1294
5 1294
4 1294
58 1294
88 1304
104 1304
50 1304
25 1304
65 1304
6 1304
7 1304
8 1304
9 1304
27 1304
29 1304
89 1304
93 1288
71 1305
52 1210
24 1210
86 1306
43 1291
89 1291
34 1291
60 1291
10 1291
9 1291
96 1291
29 1291
32 1255
4 1255
5 1255
6 1255
68 1255
88 1255
83 1304
96 1304
60 1304
10 1304
36 1307
107 1308
91 1295
64 1252
11 1252
10 1252
114 1276
8 1276
9 1276
10 1276
69 1276
105 1309
1 1309
85 1309
2 1309
3 1309
4 1309
5 1309
32 1309
82 1303
85 1303
100 1298
27 1291
42 1223
52 1223
67 1223
36 1223
112 1299
38 1301
18 1301
19 1301
20 1301
21 1301
22 1301
103 1301
73 1301
31 1301
97 1279
13 1279
33 1308
16 1308
15 1308
113 1269
74 1269
47 1269
12 1269
13 1269
31 1310
73 1310
103 1310
111 1310
23 1310
22 1310
21 1310
20 1310
19 1310
18 1310
17 1310
16 1310
86 1223
1 1223
26 1283
18 1283
19 1283
20 1283
21 1283
22 1283
23 1283
24 1283
55 1279
14 1279
15 1279
16 1279
17 1279
18 1279
38 1279
