84 717
40 717
74 718
22 718
82 718
104 718
25 718
75 718
21 718
68 718
48 718
37 718
20 718
77 719
104 719
25 719
75 719
21 719
71 720
47 720
92 720
58 720
82 719
22 719
75 721
25 721
31 722
61 722
27 723
18 723
65 723
74 719
23 719
34 725
96 725
66 725
56 725
60 726
70 726
2 726
40 727
39 727
5 727
84 727
4 727
3 727
33 728
17 728
90 728
82 730
23 730
77 730
104 730
25 730
73 731
53 731
41 731
29 731
9 731
69 733
29 734
53 734
41 734
9 734
73 734
72 735
102 737
101 738
54 738
76 738
44 738
36 738
78 735
1 735
2 735
3 735
4 735
103 735
94 731
10 731
41 739
53 739
73 739
29 739
94 739
10 739
52 729
2 729
72 729
1 729
91 734
94 734
10 734
11 734
26 737
101 737
44 737
54 737
36 737
76 737
17 737
85 737
18 737
86 737
87 740
35 740
16 740
58 740
75 730
24 730
91 741
41 741
53 741
65 743
20 743
21 743
31 743
47 746
16 746
43 734
12 734
13 734
14 734
97 734
49 723
21 723
20 723
33 723
19 723
102 723
89 727
6 727
99 742
12 742
91 742
53 742
41 742
94 742
11 742
10 742
9 742
8 742
40 742
7 742
6 742
37 749
32 735
6 735
5 735
59 720
17 720
79 722
22 722
27 722
49 722
65 722
21 722
20 722
61 743
79 743
22 743
27 743
67 725
15 725
16 725
17 725
59 725
64 745
26 723
101 723
54 723
44 723
36 723
39 747
90 737
20 737
92 740
17 740
85 751
19 751
101 751
44 751
36 751
70 727
32 727
89 742
32 742
61 752
83 728
21 728
22 728
33 722
90 722
58 725
79 753
27 753
22 753
21 753
33 753
20 753
102 753
26 753
51 744
53 754
41 754
91 754
94 754
12 754
13 754
62 734
15 734
67 734
16 734
96 734
56 734
104 756
25 756
75 756
1 756
48 756
26 757
31 752
79 752
96 758
85 753
36 753
44 753
97 744
62 744
15 744
14 744
13 744
12 744
91 744
53 744
41 744
86 748
33 748
21 748
22 748
23 748
31 748
44 759
43 754
14 754
15 754
16 754
67 754
56 754
47 740
18 740
19 740
73 741
95 738
85 738
58 760
28 720
36 759
95 759
66 758
56 758
101 753
94 744
96 754
80 755
4 755
77 755
74 755
3 755
104 755
25 755
29 741
25 762
82 762
104 762
3 762
74 762
69 739
13 739
12 739
48 761
2 761
3 761
104 761
83 722
23 722
24 722
57 736
9 736
89 736
92 725
94 741
14 741
15 741
43 741
62 763
17 763
56 764
68 749
48 749
2 749
3 749
82 749
25 749
68 765
35 720
74 761
4 761
80 761
5 761
6 761
7 761
8 761
9 761
57 761
37 756
68 756
3 756
2 756
79 748
59 760
20 760
104 749
4 749
5 749
50 750
83 750
90 750
33 750
23 750
24 750
48 765
3 765
4 765
82 765
25 765
87 720
21 720
20 720
19 720
18 720
85 759
22 759
87 759
21 759
76 723
22 723
54 751
22 751
102 757
23 757
22 757
90 766
83 766
24 766
86 766
100 721
4 721
67 758
19 758
18 758
95 753
75 755
85 723
23 723
90 723
83 723
24 723
88 717
76 751
96 764
67 764
19 764
20 764
21 764
104 765
5 765
6 765
72 765
56 720
96 720
54 753
76 753
23 753
24 753
86 753
90 753
83 753
73 744
16 744
43 744
17 744
18 744
19 744
56 744
54 767
76 767
44 767
36 767
95 751
23 751
24 751
102 751
86 751
90 751
83 751
97 763
19 763
20 763
47 763
21 763
22 763
23 763
95 763
76 763
44 763
36 763
94 768
41 768
53 768
32 736
11 736
100 755
5 755
48 755
98 756
4 756
5 756
6 756
7 756
8 756
91 768
73 768
17 768
18 768
19 768
62 768
30 719
6 719
7 719
8 719
9 719
10 719
11 719
12 719
84 719
77 762
33 766
82 721
6 721
52 756
9 756
10 756
11 756
12 756
13 756
84 756
27 752
2 752
1 752
90 752
97 768
20 768
21 768
22 768
30 762
7 762
6 762
75 762
80 765
8 765
9 765
10 765
11 765
12 765
13 765
89 761
57 717
88 756
101 767
54 763
26 738
87 757
24 757
76 757
36 757
44 757
54 757
39 765
14 765
15 765
16 765
17 765
73 765
91 765
41 765
29 765
51 758
68 755
6 755
95 767
75 769
25 769
47 768
23 768
24 768
100 762
68 762
67 720
22 720
23 720
24 720
64 747
15 747
16 747
17 747
18 747
19 747
73 747
53 747
42 740
54 740
95 740
36 740
32 761
13 761
12 761
11 761
10 761
44 740
76 740
1 740
89 717
70 742
13 742
14 742
84 742
15 742
92 760
24 760
23 760
83 752
3 752
33 752
59 768
27 770
4 770
3 770
2 770
49 743
4 743
3 743
2 743
90 743
28 725
50 723
3 723
2 723
1 723
91 747
41 747
32 717
14 717
15 717
16 717
17 717
18 717
19 717
73 717
57 756
89 756
32 756
14 756
15 756
16 756
17 756
18 756
61 748
5 748
6 748
7 748
68 748
8 748
75 748
25 748
64 742
16 742
17 742
18 742
19 742
56 760
104 769
9 769
8 769
78 729
11 729
12 729
13 729
14 729
15 729
88 729
53 717
20 717
21 717
22 717
51 717
97 717
23 717
24 717
101 763
2 763
3 763
4 763
50 763
83 763
63 718
8 718
9 718
10 718
68 769
77 721
30 718
92 768
1 768
71 746
35 759
28 759
1 759
71 759
104 721
10 721
11 721
12 721
13 721
14 721
15 721
16 721
17 721
65 728
5 728
27 728
79 728
6 728
7 728
31 728
81 726
14 726
13 726
12 726
57 729
103 727
15 727
16 727
86 752
4 752
5 752
6 752
60 735
37 755
9 755
10 755
30 755
11 755
12 755
13 755
14 755
15 755
100 748
10 748
82 748
104 748
11 748
12 748
13 748
14 748
15 748
16 748
17 748
64 748
18 748
19 748
90 763
5 763
77 718
11 718
12 718
13 718
14 718
15 718
70 718
67 760
85 757
95 757
74 749
30 749
77 749
11 749
10 749
75 749
81 735
15 735
16 735
17 735
18 735
19 735
20 735
21 735
22 735
23 735
63 769
10 769
62 758
102 740
58 764
92 764
2 764
3 764
28 764
35 764
42 764
44 764
54 764
4 764
95 764
36 764
69 742
21 742
103 718
16 718
100 749
47 773
71 773
2 773
3 773
28 773
35 773
42 773
54 773
4 773
5 773
83 773
50 773
6 773
27 773
7 773
31 773
8 773
9 773
10 773
68 773
100 773
75 773
40 719
18 719
17 719
16 719
15 719
14 719
13 719
91 774
41 774
39 721
40 721
18 721
64 721
19 721
20 721
21 721
22 721
23 721
24 721
61 728
8 728
9 728
10 728
68 728
100 728
96 744
67 744
1 744
29 747
22 747
23 747
24 747
104 775
86 776
5 776
90 776
83 776
50 776
6 776
7 776
8 776
31 776
67 777
1 777
56 777
49 752
7 752
8 752
9 752
10 752
68 752
11 752
25 773
30 773
74 773
77 773
12 773
13 773
14 773
15 773
16 773
26 770
5 770
95 770
36 770
44 770
42 770
73 774
29 774
75 728
25 728
30 728
74 728
77 728
12 728
13 728
14 728
15 728
16 728
33 743
50 743
82 775
12 775
11 775
10 775
9 775
8 775
100 752
75 752
25 752
30 752
74 752
37 769
11 769
12 769
74 769
55 731
94 765
40 778
19 778
53 774
23 774
24 774
93 724
61 776
9 776
63 749
12 749
13 749
14 749
15 749
16 749
17 749
70 749
77 752
13 752
12 752
37 752
41 779
73 779
23 779
84 772
40 772
19 772
20 772
21 772
22 772
23 772
73 772
29 772
46 732
10 732
9 732
8 732
7 732
78 726
15 726
16 726
17 726
18 726
19 726
20 726
21 726
22 726
23 726
41 726
73 726
29 726
89 729
18 729
19 729
40 729
57 727
19 727
20 727
101 757
6 757
5 757
4 757
28 757
35 757
54 770
101 770
6 770
7 770
86 770
94 726
24 726
31 775
61 775
64 727
21 727
22 727
23 727
24 727
41 727
73 727
29 727
32 718
19 718
18 718
77 780
14 780
48 762
37 762
12 762
13 762
14 762
15 762
16 762
17 762
18 762
32 762
19 762
20 762
57 762
88 762
33 770
8 770
9 770
10 770
11 770
31 770
50 732
33 732
81 728
18 728
96 777
3 777
2 777
62 777
103 749
19 749
81 749
69 779
24 779
48 781
94 727
40 762
21 762
22 762
23 762
24 762
55 765
101 783
8 783
9 783
50 783
33 783
74 780
104 780
15 780
68 780
48 780
100 780
25 780
30 769
77 769
15 769
14 769
48 769
60 755
81 755
20 755
19 755
18 755
17 755
16 755
72 771
37 781
63 781
15 781
14 781
13 781
65 763
11 763
12 763
13 763
14 763
15 763
39 778
23 778
22 778
52 761
18 761
19 761
20 761
78 771
18 771
19 771
20 771
21 771
54 785
44 785
36 785
60 761
86 732
30 786
17 786
74 786
89 771
22 771
68 763
16 763
44 788
54 788
101 788
10 788
33 788
57 778
81 761
21 761
22 761
70 761
60 771
92 789
8 789
88 778
24 778
56 790
66 754
7 754
6 754
5 754
4 754
3 754
34 734
66 734
7 734
6 734
5 734
4 734
3 734
2 734
1 734
58 789
9 789
26 787
36 787
44 787
54 787
96 790
7 790
66 790
67 790
103 761
23 761
24 761
102 732
26 732
36 732
44 732
85 740
76 764
101 787
11 787
10 787
58 787
9 787
95 785
54 732
11 732
83 743
13 743
14 743
15 743
16 743
90 783
83 783
13 783
12 783
59 782
92 782
10 782
9 782
84 729
70 794
24 794
89 794
38 745
2 745
1 745
28 789
85 764
12 764
13 764
83 764
47 787
76 785
85 785
12 785
13 785
14 785
15 785
49 785
71 791
45 733
4 733
3 733
2 733
40 733
84 733
1 733
55 754
29 754
99 741
6 741
5 741
4 741
45 741
69 741
80 719
72 719
34 790
9 790
10 790
11 790
87 732
12 732
76 732
85 732
95 732
58 782
11 782
12 782
35 782
85 795
76 795
54 795
44 795
36 795
86 783
14 783
15 783
16 783
17 783
18 783
19 783
68 783
48 783
29 796
41 796
6 796
69 796
5 796
90 764
14 764
15 764
16 764
17 764
18 764
19 764
91 731
6 731
5 731
4 731
3 731
50 788
90 788
83 788
15 788
16 788
17 788
18 788
19 788
58 798
11 798
10 798
67 798
34 798
66 798
87 782
44 782
13 782
54 782
76 782
36 782
33 793
50 793
83 793
15 793
47 791
11 791
12 791
13 791
88 800
2 800
84 800
94 801
29 801
41 801
6 801
5 801
4 801
3 801
2 801
84 801
88 801
65 785
16 785
17 785
18 785
19 785
20 785
21 785
22 785
72 785
78 719
52 719
23 719
22 719
96 798
85 782
14 782
15 782
49 793
65 793
16 793
17 793
18 793
19 793
20 793
39 729
3 729
4 729
5 729
6 729
91 729
29 729
41 729
27 776
49 776
65 776
16 776
15 776
14 776
36 776
44 776
76 776
64 799
43 735
38 731
36 802
76 802
44 802
79 775
27 775
49 775
17 775
18 775
19 775
20 775
21 775
30 775
22 775
23 775
24 775
52 775
78 775
59 789
13 789
12 789
92 787
59 787
13 787
12 787
80 785
78 785
28 790
59 790
58 790
13 790
14 790
44 790
76 790
36 790
85 790
15 790
16 790
65 790
17 790
18 790
27 790
68 793
21 793
22 793
23 793
24 793
87 802
14 802
28 802
59 802
13 802
58 802
103 803
70 803
32 803
2 803
1 803
60 804
1 804
35 791
28 791
59 791
72 775
98 797
20 797
19 797
18 797
17 797
50 797
90 797
39 799
4 799
38 799
5 799
6 799
7 799
8 799
64 731
48 788
21 788
20 788
86 782
16 782
17 782
18 782
102 792
36 792
76 792
44 792
15 792
35 792
14 792
13 792
28 792
86 806
16 806
15 806
35 806
14 806
37 783
21 783
99 735
9 735
29 735
41 735
8 735
7 735
6 735
5 735
4 735
98 788
61 770
19 770
18 770
17 770
46 743
20 743
19 743
18 743
17 743
58 791
14 791
15 791
85 791
36 791
76 791
44 791
59 792
31 781
28 806
39 731
84 731
27 782
19 782
20 782
95 795
16 795
17 795
61 781
20 781
19 781
18 781
50 781
71 787
14 787
15 787
28 787
32 807
4 807
37 788
22 788
23 788
37 808
98 808
22 808
23 808
104 809
24 809
23 809
37 809
98 809
22 809
21 809
87 791
16 791
76 811
44 811
85 811
96 812
13 812
34 812
67 812
69 799
9 799
29 799
91 799
31 782
95 791
17 791
18 791
75 780
24 780
23 780
41 799
10 799
11 799
43 799
25 784
75 784
24 784
30 784
89 807
5 807
68 788
75 788
95 814
76 814
79 805
27 805
20 805
21 805
48 808
68 808
75 808
24 808
83 795
19 795
20 795
27 795
37 780
65 770
20 770
36 814
73 754
11 754
12 754
13 754
102 811
36 811
95 811
18 811
19 811
20 811
53 772
49 790
21 790
22 790
23 790
24 790
31 805
22 805
23 805
24 805
48 805
68 805
75 805
94 729
73 729
104 808
89 817
32 817
6 817
7 817
39 817
64 817
38 817
8 817
77 786
82 755
1 755
65 811
59 806
17 806
100 769
69 816
11 816
41 816
28 813
74 808
77 808
30 808
82 808
1 808
2 808
72 808
78 808
3 808
4 808
5 808
6 808
104 786
82 786
1 786
2 786
72 786
78 786
3 786
4 786
5 786
6 786
32 786
89 786
7 786
8 786
38 786
9 786
39 786
79 795
22 795
23 795
91 772
94 772
41 772
12 772
13 772
14 772
15 772
34 772
67 772
60 807
6 807
25 788
104 788
74 788
77 788
30 788
83 770
21 770
22 770
67 818
34 818
16 818
17 818
18 818
59 813
18 813
19 813
48 819
68 819
75 819
100 819
1 819
25 819
104 819
30 819
2 819
74 819
51 777
15 777
16 777
98 780
96 772
16 772
28 818
73 816
94 816
91 816
86 743
21 743
102 743
85 743
95 743
84 817
9 817
10 817
11 817
12 817
93 754
15 754
16 754
17 754
18 754
31 795
24 795
91 820
94 820
73 820
71 806
18 806
19 806
20 806
85 806
34 777
17 777
71 777
18 777
19 777
20 777
43 815
14 815
15 815
87 813
20 813
85 813
69 817
13 817
62 810
16 810
34 810
64 786
10 786
26 740
21 740
22 740
65 740
23 740
27 740
47 789
71 789
18 789
19 789
87 789
20 789
85 789
21 789
102 806
21 806
22 806
65 806
23 806
99 799
14 799
15 799
16 799
82 788
3 788
4 788
95 813
21 813
86 813
22 813
53 729
99 729
73 817
53 817
27 806
24 806
31 806
76 777
95 777
85 777
51 772
17 772
18 772
47 772
71 772
19 772
83 813
23 813
74 821
104 821
82 821
30 821
4 821
5 821
61 782
99 817
15 817
16 817
51 817
17 817
34 817
18 817
71 817
47 817
19 817
20 817
87 817
21 817
54 776
95 776
85 776
22 776
23 776
24 776
77 819
26 789
22 789
83 789
23 789
90 781
83 781
23 781
24 781
102 777
22 777
62 799
17 799
28 772
20 772
21 772
56 798
18 798
19 798
47 798
65 813
24 813
67 810
56 810
96 810
18 810
19 810
84 786
11 786
12 786
13 786
14 786
27 781
51 799
18 799
56 799
96 799
71 798
20 798
28 798
21 798
93 815
17 815
18 815
34 815
19 815
56 815
71 823
20 823
21 823
78 824
6 824
7 824
8 824
72 821
6 821
43 729
16 729
50 791
47 810
71 810
20 810
21 810
22 810
85 810
102 810
23 810
76 810
95 810
26 777
23 777
42 757
22 757
23 757
24 757
67 799
34 799
19 799
20 799
87 798
42 798
22 798
76 798
95 798
85 798
26 798
102 798
23 798
24 798
65 798
96 815
78 821
7 821
8 821
9 821
10 821
32 821
90 791
86 789
24 789
44 814
42 814
84 825
12 825
13 825
46 809
3 809
4 809
48 809
100 809
90 789
46 828
3 828
31 828
61 828
2 828
50 757
90 757
72 827
7 827
8 827
28 823
22 823
87 814
23 814
24 814
85 814
102 814
37 790
79 740
2 740
31 740
55 741
16 741
17 741
18 741
93 741
19 741
51 741
36 777
24 777
44 777
42 777
27 828
66 812
56 812
20 812
21 812
27 829
2 829
3 829
67 815
39 822
38 825
64 825
14 825
63 826
100 826
68 826
75 809
69 786
61 740
3 740
46 740
4 740
62 741
20 741
34 741
56 741
33 797
86 797
71 812
22 812
23 812
31 829
66 815
21 815
22 815
48 826
6 826
25 826
66 831
34 831
56 831
21 831
51 831
62 831
20 831
83 791
33 791
86 791
1 791
2 791
54 810
36 810
81 771
11 771
12 771
96 741
35 787
42 787
24 787
23 787
22 787
34 787
96 787
56 787
21 787
51 787
62 787
20 787
19 787
47 823
23 823
24 823
35 823
60 824
87 777
61 829
4 829
5 829
71 815
47 815
23 815
24 815
42 823
87 823
81 824
12 824
13 824
14 824
15 824
38 824
39 825
15 825
16 825
17 825
18 825
73 825
55 786
18 786
66 741
35 815
87 815
42 815
44 815
76 815
85 815
54 815
95 815
36 815
29 816
53 816
19 816
20 816
43 816
64 824
101 732
1 732
2 732
83 732
94 825
53 825
29 825
30 832
74 832
41 820
26 814
59 818
39 824
16 824
17 824
18 824
55 824
19 824
41 824
94 824
91 825
29 820
53 820
20 820
21 820
44 833
87 833
42 833
1 833
2 833
26 833
85 833
76 833
54 833
101 833
28 812
68 834
8 834
9 834
86 814
3 814
33 814
35 818
1 818
42 818
87 818
44 818
76 818
54 818
101 818
85 818
26 818
86 818
3 818
4 818
73 824
29 824
91 824
53 824
20 824
21 824
22 824
51 824
93 831
22 831
23 831
59 812
46 829
7 829
8 829
40 800
16 800
17 800
50 814
4 814
65 814
5 814
6 814
31 814
33 818
84 822
40 822
16 822
17 822
62 824
23 824
76 835
54 835
85 835
44 835
42 835
2 835
3 835
26 835
95 833
35 812
88 731
86 835
4 835
87 812
44 812
85 812
76 812
54 812
101 812
40 731
17 731
18 731
19 731
20 731
102 815
26 815
86 815
4 815
61 814
7 814
8 814
50 818
5 818
77 830
11 830
12 830
53 836
94 836
73 836
29 836
91 836
36 833
29 837
91 837
73 837
53 837
36 838
26 838
43 820
23 820
24 820
51 820
94 837
22 837
23 837
86 838
5 838
76 838
54 838
44 838
42 838
4 838
85 838
38 800
19 800
20 800
21 800
94 800
53 800
73 800
29 800
46 814
9 814
10 814
64 822
38 822
19 822
20 822
21 822
22 822
53 822
94 822
73 822
28 839
59 839
35 839
85 840
54 840
76 840
44 840
42 840
4 840
26 840
82 819
12 819
13 819
14 819
15 819
81 819
16 819
55 836
22 836
23 836
24 836
33 835
50 835
59 841
35 841
91 800
55 800
22 800
23 800
24 800
29 822
91 822
38 842
93 836
43 837
24 837
87 839
42 839
44 839
85 839
76 839
94 843
91 843
73 843
32 771
18 771
19 771
84 771
88 771
88 844
84 844
40 844
19 844
20 844
52 785
15 785
16 785
17 785
65 818
8 818
9 818
65 845
8 845
9 845
10 845
54 839
6 839
86 839
92 802
4 802
71 802
70 808
63 809
12 809
38 844
21 844
22 844
23 844
94 844
91 844
73 844
24 844
101 838
6 838
87 838
35 838
103 807
70 807
18 807
19 807
84 807
48 814
46 845
11 845
12 845
63 845
26 839
7 839
32 808
68 809
13 809
82 809
77 809
74 809
49 811
9 811
10 811
60 819
70 819
34 846
88 807
40 807
20 807
21 807
81 785
18 785
70 785
55 822
24 822
48 845
13 845
103 808
19 808
81 808
18 808
17 808
52 808
16 808
15 808
56 846
3 846
78 827
69 731
24 731
94 731
73 731
38 807
22 807
23 807
24 807
94 807
91 807
73 807
55 807
68 845
14 845
82 845
77 845
74 845
15 845
16 845
104 832
82 832
47 802
5 802
6 802
42 802
58 792
39 771
40 771
21 771
22 771
32 819
28 841
6 841
59 838
52 827
17 827
18 827
81 827
19 827
70 827
56 847
51 847
3 847
100 814
68 814
14 814
78 845
52 845
17 845
18 845
19 845
101 839
8 839
9 839
50 839
92 792
6 792
71 792
38 771
23 771
24 771
103 819
20 819
21 819
88 819
40 819
58 841
58 848
57 801
21 801
103 801
69 807
36 840
101 840
8 840
28 838
7 838
95 812
59 848
28 848
7 848
8 848
101 848
76 848
85 848
81 845
20 845
96 831
5 831
6 831
54 848
44 848
93 847
4 847
5 847
103 845
21 845
22 845
88 845
40 845
23 845
71 831
7 831
59 831
8 831
29 843
2 843
69 843
84 819
23 819
53 844
29 844
2 844
32 827
70 801
96 847
6 847
63 850
100 850
68 850
16 850
17 850
82 850
84 851
88 851
66 846
96 846
6 846
58 838
8 838
103 827
22 827
23 827
88 827
34 847
28 831
40 851
24 851
23 851
103 851
37 829
16 829
100 829
68 829
17 829
84 827
40 827
24 827
60 785
22 785
99 816
4 816
5 816
58 831
9 831
10 831
85 831
54 831
55 843
3 843
67 741
7 741
8 741
69 844
3 844
66 847
7 847
46 852
16 852
98 852
86 853
12 853
85 853
101 853
76 853
44 853
11 853
51 846
7 846
8 846
9 846
59 846
28 846
26 854
101 854
85 854
44 854
76 854
11 854
12 854
55 844
4 844
99 844
90 732
13 732
65 732
14 732
41 825
55 825
4 825
33 839
90 839
13 839
65 839
14 839
15 839
16 839
53 843
72 830
20 830
78 830
52 830
21 830
22 830
23 830
86 854
33 854
90 854
13 854
65 854
14 854
15 854
16 854
17 854
82 829
19 829
20 829
78 829
52 829
21 829
93 816
7 816
46 839
17 839
18 839
68 839
100 839
54 853
103 830
24 830
81 830
98 854
18 854
100 854
68 854
19 854
104 854
25 834
51 816
8 816
96 816
66 816
9 816
49 732
15 732
16 732
17 732
75 826
19 826
20 826
21 826
89 821
63 839
64 842
2 842
88 842
40 842
70 851
32 801
69 825
5 825
6 825
7 825
8 825
100 855
35 802
12 802
101 802
85 802
76 802
51 856
96 856
72 829
22 829
23 829
24 829
42 848
89 801
1 801
34 816
49 857
50 849
33 849
27 791
17 791
44 858
101 858
85 858
14 858
73 859
94 859
55 859
91 859
74 850
22 850
23 850
61 818
18 818
37 852
20 852
100 852
63 852
87 840
14 840
59 840
13 840
31 811
61 811
18 811
19 811
60 830
1 830
70 830
32 830
82 854
74 854
22 854
23 854
24 854
71 838
12 838
13 838
14 838
15 838
33 838
90 838
16 838
36 812
15 812
33 812
90 812
16 812
17 812
18 812
61 812
81 829
85 862
101 862
44 862
36 862
15 862
87 862
104 834
82 834
68 855
48 855
63 855
21 855
98 855
38 863
25 861
104 861
69 864
7 864
73 864
94 864
55 864
66 856
58 846
13 846
74 834
23 834
24 834
95 831
54 802
75 852
22 852
104 852
64 863
5 863
88 863
4 863
82 861
74 861
23 861
24 861
91 864
46 811
20 811
21 811
80 775
24 775
23 775
70 865
32 865
3 865
91 866
94 866
73 866
55 866
8 866
79 828
19 828
20 828
21 828
63 828
100 828
72 860
80 860
24 860
23 860
104 860
52 850
27 818
79 818
19 818
78 826
101 831
44 831
87 831
15 831
36 831
16 831
79 867
27 867
19 867
28 840
29 864
9 864
68 828
60 829
70 829
61 867
20 867
46 867
21 867
22 867
100 867
68 867
76 858
95 802
25 852
26 853
36 858
17 858
54 858
83 835
69 866
9 866
29 866
10 866
11 866
12 866
13 866
35 848
16 848
37 855
23 855
75 855
25 855
104 855
24 855
84 842
6 842
7 842
8 842
9 842
91 842
94 842
73 842
89 830
5 830
6 830
88 830
84 830
74 775
62 820
13 820
14 820
15 820
16 820
71 846
15 846
16 846
96 866
14 866
32 829
87 848
17 848
82 860
74 860
52 826
2 826
80 826
72 826
1 826
74 826
30 809
35 846
87 846
17 846
18 846
101 846
45 796
10 796
94 796
91 796
48 828
24 828
89 829
6 829
36 848
18 848
19 848
82 826
95 853
63 867
41 843
11 843
45 843
10 843
9 843
8 843
88 843
84 843
7 843
54 869
101 869
95 869
85 869
19 869
42 862
101 870
95 870
85 870
19 870
59 820
18 820
87 820
83 848
21 848
22 848
79 848
61 848
23 848
44 802
76 846
44 846
95 846
85 846
20 846
21 846
54 870
44 870
30 826
3 826
29 872
41 872
13 872
99 864
14 864
15 864
62 864
40 830
9 830
10 830
53 859
41 859
52 873
5 873
6 873
7 873
70 873
49 791
23 791
94 871
53 871
29 859
14 859
27 848
41 871
29 871
14 871
45 871
69 871
13 871
12 871
11 871
88 871
84 871
40 871
10 871
9 871
89 871
83 846
23 846
24 846
73 796
53 796
14 796
15 796
16 796
99 859
15 859
16 859
17 859
96 859
18 859
31 812
35 862
59 862
20 862
49 848
24 848
60 873
8 873
91 872
73 872
53 872
48 867
3 867
37 867
2 867
1 867
39 819
11 819
10 819
34 856
18 856
19 856
20 856
59 856
65 857
24 857
97 758
18 758
96 758
64 843
12 843
39 843
51 864
97 864
18 864
32 871
70 871
43 844
16 844
17 844
18 844
97 844
59 874
21 874
22 874
101 874
44 874
54 874
95 874
85 874
23 874
24 874
86 849
23 849
95 849
85 849
54 849
44 849
77 832
5 832
6 832
55 842
41 842
34 758
19 758
20 758
21 758
87 802
22 802
23 802
68 852
48 852
4 852
5 852
74 852
82 852
77 852
96 864
34 864
19 864
20 864
21 864
22 864
95 864
85 864
54 864
98 811
3 811
4 811
38 830
62 796
28 862
21 862
22 862
23 862
95 862
65 874
94 872
53 842
16 842
59 758
86 802
24 802
53 875
73 875
44 864
100 811
68 811
83 857
51 844
76 870
23 870
24 870
95 877
85 877
24 877
23 877
44 877
55 872
16 872
17 872
99 872
28 758
22 758
23 758
44 758
95 758
85 758
24 758
49 878
27 878
1 878
2 878
79 878
87 864
23 864
59 864
48 811
50 838
86 870
29 842
17 842
99 842
18 842
19 842
20 842
35 856
23 856
87 856
44 856
95 856
85 856
24 856
86 856
43 872
18 872
19 872
20 872
21 872
80 832
8 832
9 832
40 843
13 843
14 843
68 879
100 879
48 879
6 879
7 879
74 879
82 879
42 820
44 820
95 820
85 820
102 833
85 833
75 828
6 828
7 828
74 828
33 869
50 869
1 869
65 869
2 869
27 869
54 862
67 847
21 847
22 847
23 847
59 847
81 873
11 873
12 873
76 877
54 877
96 842
67 842
21 842
22 842
23 842
59 842
24 842
63 811
97 796
96 796
66 866
32 873
13 873
84 873
39 873
88 873
40 873
14 873
15 873
16 873
17 873
55 873
29 873
41 873
101 849
52 832
10 832
11 832
30 852
8 852
88 880
84 880
40 880
94 875
91 875
55 875
41 875
85 881
95 881
76 881
54 881
101 881
44 881
87 881
75 811
7 811
8 811
67 796
92 841
24 841
23 841
22 841
96 841
82 828
77 828
30 828
8 828
9 828
73 873
94 873
91 873
18 873
45 873
34 872
39 880
15 880
16 880
17 880
18 880
73 880
94 880
26 858
33 858
86 858
2 858
3 858
66 796
67 841
97 866
102 862
26 862
91 880
55 880
31 867
5 867
6 867
66 841
73 883
80 828
10 828
11 828
96 872
66 872
23 872
24 872
92 872
81 832
13 832
14 832
87 884
1 884
101 884
76 884
95 884
54 884
85 884
102 884
26 884
58 840
92 840
28 864
58 864
50 858
94 883
91 883
55 883
20 883
21 883
66 885
99 886
21 886
53 886
20 886
73 886
94 886
91 886
70 832
32 832
15 832
16 832
40 832
88 832
72 852
80 852
11 852
12 852
13 852
86 884
3 884
4 884
83 858
4 858
5 858
33 862
30 887
74 887
82 887
77 887
10 887
11 887
81 852
14 852
15 852
70 852
65 884
5 884
83 884
86 862
4 862
83 862
5 862
35 847
2 847
101 847
76 847
95 847
85 847
102 847
54 847
80 887
36 853
78 868
80 868
12 868
13 868
14 868
43 883
99 883
22 883
52 828
65 862
6 862
7 862
44 847
32 852
61 878
81 868
15 868
16 868
70 868
79 862
63 888
68 888
48 888
100 888
93 825
24 825
23 825
99 825
55 886
22 886
23 886
24 886
54 889
95 889
76 889
101 889
4 889
85 889
26 889
33 889
31 878
8 878
9 878
37 878
10 878
63 878
100 878
68 878
64 830
19 830
32 868
89 868
17 868
18 868
88 868
61 862
75 888
11 888
12 888
74 888
77 888
74 890
77 890
12 890
50 884
6 884
48 878
11 878
36 891
42 881
4 881
35 881
67 866
1 866
2 866
3 866
35 866
4 866
101 866
95 866
54 866
85 866
36 866
5 866
53 883
23 883
24 883
96 885
67 885
1 885
2 885
3 885
35 885
4 885
101 885
95 885
85 885
93 886
102 853
57 863
89 863
32 863
75 878
12 878
77 878
74 878
13 878
80 878
14 878
26 866
30 888
13 888
14 888
56 816
67 816
2 816
3 816
