43 193 1.15215
47 194 1.18857
42 195 1.24126
41 196 1.26925
46 197 1.31147
32 198 1.46864
53 199 1.4801
45 200 1.60227
25 201 1.63297
34 202 1.74161
51 203 1.86714
50 204 1.90137
40 205 1.94252
49 206 2.16262
30 207 2.33232
37 208 2.41584
36 209 2.54851
33 210 2.60835
35 211 2.80495
31 212 2.82974
29 213 2.93896
28 214 2.97906
41 215 4.0403
53 216 4.07919
45 217 4.78874
42 218 4.93651
32 219 5.15511
46 220 5.63791
39 221 5.85128
25 222 6.15186
38 223 6.22269
31 224 6.23004
50 225 6.49821
40 226 6.65328
37 227 7.02917
30 228 7.07265
35 229 7.19418
41 230 7.44965
44 231 7.68155
52 232 7.73116
53 233 7.99694
26 234 8.46732
48 235 8.6345
39 236 8.77036
38 237 8.9061
45 238 9.02143
51 239 9.10467
42 240 9.293
35 241 9.58694
47 242 9.62584
34 243 9.67653
46 244 9.86683
52 245 9.93049
29 246 10.4891
40 247 10.9693
50 248 11.0961
45 249 11.3448
47 250 12.0243
27 251 12.3414
34 252 12.5246
53 253 12.858
49 254 13.3943
32 255 13.682
46 256 13.8479
45 257 14.0246
29 258 14.1293
37 259 14.4097
35 260 14.4365
