94 4172 1.01655
115 4173 1.01946
107 4174 1.04712
70 4176 1.10545
112 4177 1.10822
44 4178 1.11232
66 4179 1.12727
62 4180 1.16934
41 4181 1.20044
88 4183 1.21512
105 4184 1.22281
96 4185 1.22447
117 4186 1.23175
119 4187 1.2433
73 4188 1.29802
45 4190 1.31791
110 4191 1.35156
111 4192 1.39426
79 4194 1.40987
63 4195 1.44218
76 4196 1.45242
64 4197 1.45872
102 4198 1.46201
36 4199 1.49758
56 4200 1.5027
58 4202 1.51398
25 4203 1.5204
109 4204 1.54572
34 4205 1.55391
108 4206 1.56078
90 4208 1.6711
42 4209 1.68295
93 4211 1.7402
106 4212 1.75412
49 4213 1.77488
35 4214 1.80011
61 4215 1.80175
55 4217 1.80665
99 4218 1.80767
85 4219 1.83676
97 4220 1.87624
83 4221 1.89406
33 4223 1.92812
101 4224 1.94372
100 4225 1.96961
124 4226 1.99287
123 4227 1.99894
86 4229 2.01489
30 4230 2.04941
53 4231 2.0962
28 4232 2.09934
31 4234 2.10785
69 4235 2.10965
122 4236 2.1281
47 4237 2.12895
38 4238 2.13673
98 4239 2.16977
104 4240 2.17767
84 4242 2.21744
67 4243 2.2323
92 4244 2.23865
118 4245 2.26728
121 4246 2.26758
39 4248 2.31232
40 4249 2.32791
37 4250 2.32901
77 4251 2.36686
74 4252 2.38479
82 4253 2.39754
46 4255 2.41466
78 4256 2.4363
26 4257 2.46247
89 4259 2.56487
113 4260 2.58574
68 4262 2.65109
120 4263 2.65245
114 4264 2.65388
59 4265 2.67142
54 4266 2.67716
27 4267 2.67962
29 4268 2.68126
72 4269 2.6919
80 4271 2.7103
50 4272 2.73193
87 4273 2.76236
65 4274 2.76989
71 4276 2.8759
91 4278 2.92198
48 4279 2.94683
107 4283 3.29272
96 4286 3.41188
110 4294 4.10955
35 4295 4.1205
38 4297 4.21437
63 4298 4.22228
111 4299 4.27871
76 4300 4.29218
57 4301 4.29626
86 4303 4.36161
44 4305 4.41338
73 4306 4.45988
117 4308 4.52167
95 4310 4.66854
45 4312 4.70682
39 4314 4.88047
109 4316 4.94881
60 4317 4.97969
120 4319 5.07294
81 4321 5.13955
34 4322 5.16235
42 4324 5.23488
46 4326 5.34668
119 4327 5.35137
66 4328 5.36806
83 4330 5.43615
121 4331 5.46282
92 4332 5.47303
54 4333 5.48435
50 4334 5.48811
124 4336 5.55521
28 4337 5.57098
59 4338 5.57692
99 4339 5.59292
100 4340 5.59423
104 4342 5.62797
88 4343 5.64777
53 4344 5.66317
84 4346 5.72466
79 4347 5.7346
115 4348 5.73714
62 4350 5.85582
70 4351 5.90253
90 4353 5.91211
112 4354 5.96226
118 4355 5.97648
114 4356 5.99291
78 4358 6.04372
87 4359 6.07418
106 4363 6.31002
74 4364 6.31378
33 4365 6.35541
105 4367 6.42212
80 4368 6.49316
56 4370 6.5212
69 4371 6.54101
27 4372 6.54383
85 4374 6.64541
71 4375 6.70057
47 4377 6.79244
67 4379 6.86491
36 4380 6.88279
123 4382 6.92319
107 4383 6.93535
51 4384 6.94656
68 4386 7.0173
111 4388 7.12422
91 4389 7.1432
122 4390 7.14676
113 4392 7.28109
61 4394 7.3232
72 4395 7.32622
110 4397 7.45679
25 4398 7.49594
37 4400 7.52064
116 4403 7.72649
64 4404 7.7383
26 4405 7.75875
49 4407 7.84851
48 4408 7.86919
45 4410 7.92211
58 4411 7.97733
101 4413 8.00969
28 4414 8.02372
98 4415 8.05433
88 4416 8.0691
66 4417 8.08533
94 4419 8.10447
55 4420 8.11886
104 4421 8.14996
34 4422 8.1625
63 4423 8.19761
82 4425 8.28799
83 4428 8.42888
76 4429 8.43637
30 4430 8.44789
86 4432 8.53508
38 4433 8.59052
105 4434 8.59495
89 4436 8.63705
114 4438 8.70737
108 4439 8.71637
81 4441 8.80854
57 4442 8.81899
40 4443 8.8782
99 4445 8.92099
46 4446 8.98193
90 4448 9.03693
96 4449 9.06465
121 4450 9.0868
84 4452 9.11912
120 4453 9.15451
112 4454 9.17599
92 4455 9.20012
109 4457 9.21347
44 4458 9.24055
53 4459 9.24689
51 4460 9.26991
65 4461 9.2884
70 4462 9.28911
60 4464 9.37092
95 4466 9.48412
54 4467 9.50182
73 4470 9.61695
78 4471 9.63923
80 4474 9.81812
79 4475 9.83263
69 4476 9.87387
77 4478 9.94734
31 4480 10.0494
107 4481 10.0707
117 4483 10.1047
119 4484 10.1116
39 4485 10.1188
68 4486 10.1307
91 4488 10.2072
94 4489 10.2213
104 4491 10.3252
43 4492 10.3405
56 4493 10.351
67 4494 10.3853
74 4495 10.3897
93 4497 10.4328
64 4498 10.4381
72 4499 10.4411
35 4500 10.4776
115 4501 10.4936
27 4503 10.5246
25 4505 10.6653
28 4507 10.7174
105 4508 10.7443
33 4511 10.9848
38 4513 11.0073
100 4514 11.0643
113 4515 11.0746
57 4516 11.0785
97 4519 11.2206
122 4520 11.2599
103 4521 11.2638
34 4523 11.3056
123 4524 11.3543
108 4525 11.3642
99 4527 11.4113
98 4528 11.4895
70 4530 11.5403
49 4531 11.6038
71 4533 11.618
114 4534 11.6628
55 4535 11.6712
32 4537 11.7066
36 4538 11.7506
109 4539 11.7718
51 4540 11.7738
116 4541 11.7764
102 4543 11.8534
26 4544 11.856
48 4545 11.8999
111 4547 11.924
50 4548 11.9705
73 4549 12.0035
75 4551 12.0162
121 4552 12.0307
42 4553 12.0658
69 4556 12.2994
89 4558 12.3703
81 4559 12.3963
117 4562 12.5953
82 4564 12.6109
76 4565 12.6306
45 4566 12.6497
62 4568 12.7073
63 4570 12.846
83 4571 12.8575
84 4573 12.915
79 4574 13.0014
120 4576 13.0251
53 4577 13.0445
104 4578 13.0659
96 4580 13.105
86 4582 13.2067
118 4583 13.2238
28 4584 13.2488
58 4585 13.2673
61 4586 13.2825
33 4587 13.2906
80 4589 13.3653
43 4590 13.3909
27 4591 13.4037
29 4593 13.4323
107 4594 13.4357
31 4596 13.5323
30 4597 13.5891
37 4599 13.6136
60 4600 13.6244
70 4602 13.7082
66 4603 13.7336
34 4605 13.8159
57 4606 13.8613
110 4607 13.8663
65 4608 13.8664
103 4609 13.8701
38 4610 13.8777
55 4612 13.9626
74 4613 13.977
124 4614 13.9901
95 4616 14.0379
46 4617 14.0594
105 4620 14.2165
54 4621 14.2275
98 4623 14.3047
100 4624 14.3295
108 4625 14.3609
111 4626 14.3736
122 4628 14.4998
78 4631 14.6334
45 4633 14.7071
62 4634 14.7499
64 4635 14.7763
56 4636 14.8015
32 4638 14.8399
26 4639 14.8505
77 4640 14.9034
90 4642 14.9343
