47 518 0 100 2.33402e-08 1.8265 1.8265
112 528 0 100 0.1 2.45594 2.55594
85 517 0 100 1.24 1.78925 3.02925
82 514 0 100 1.4 1.68234 3.08234
73 501 0 100 2.05 1.16681 3.21681
63 532 0 100 0.37 2.85412 3.22412
86 493 0 100 2.65 1.01606 3.66606
97 529 0 100 1.41 2.55523 3.96523
49 526 0 100 1.66 2.37791 4.03791
30 496 0 100 3.09 1.03175 4.12175
31 510 0 100 2.74 1.52839 4.26839
40 522 0 100 2.41 1.92084 4.33084
83 523 0 100 2.43 1.93643 4.36643
96 534 0 100 0.73 3.64236 4.37236
94 507 0 100 3.16 1.26981 4.42981
92 504 0 100 3.34 1.23947 4.57947
58 500 0 100 3.68 1.14696 4.82696
84 527 0 100 2.45 2.38379 4.83379
92 533 0 100 1.47 3.36667 4.83667
114 520 0 100 3.7 1.84519 5.54519
42 499 0 100 4.9 1.08954 5.98954
105 497 0 100 4.95 1.04759 5.99759
110 512 0 100 4.38 1.62487 6.00487
110 536 0 100 1.82 4.18776 6.00776
42 546 0 100 0.44 5.68158 6.12158
111 513 0 100 5.35 1.67514 7.02514
46 545 0 100 1.36 5.66705 7.02705
100 502 0 100 6.34 1.20759 7.54759
50 494 0 100 6.64 1.02159 7.66159
101 538 0 100 3.29 4.45148 7.74148
50 537 0 100 3.56 4.32664 7.88664
101 521 0 100 6.07 1.86218 7.93218
104 509 0 100 6.79 1.31471 8.10471
43 516 0 100 6.56 1.77994 8.33994
43 557 0 100 0.77 7.69288 8.46288
43 542 0 100 3.51 5.07146 8.58146
78 511 0 100 7.23 1.60627 8.83627
106 556 0 100 1.23 7.66061 8.89061
49 539 0 100 4.63 4.55666 9.18666
96 495 0 100 8.17 1.02487 9.19487
108 552 0 100 1.86 7.34118 9.20118
40 562 0 100 1.02 8.55732 9.57732
40 548 0 100 3.77 5.96989 9.73989
84 544 0 100 4.42 5.32563 9.74563
84 560 0 100 1.39 8.36544 9.75544
55 569 0 100 0.69 9.48425 10.1743
114 568 0 100 1.36 9.41486 10.7749
68 550 0 100 4.04 6.81877 10.8588
68 524 0 100 8.96 1.99985 10.9598
65 505 0 100 9.87 1.24584 11.1158
64 567 0 100 1.79 9.32992 11.1199
65 559 0 100 3.03 8.09309 11.1231
95 554 0 100 4.23 7.46743 11.6974
25 551 0 100 4.66 7.2723 11.9323
25 530 0 100 9.38 2.63225 12.0122
111 558 0 100 4.4 7.6995 12.0995
36 578 0 100 0.56 12.2975 12.8575
101 574 0 100 1.52 11.3967 12.9167
101 566 0 100 3.98 9.07511 13.0551
52 579 0 100 0.89 12.4188 13.3088
98 515 0 100 11.83 1.75381 13.5838
82 587 0 100 1.16701e-08 13.6147 13.6147
85 535 0 100 9.8 3.8435 13.6435
43 575 0 100 2.16 11.4924 13.6524
106 582 0 100 1.24 12.9673 14.2073
113 576 0 100 2.68 11.7263 14.4063
49 590 0 100 0.27 14.1448 14.4148
94 564 0 100 6.01 8.87508 14.8851
75 553 0 100 7.62 7.34327 14.9633
