31 1323 0 100 0.13 1.11814 1.24814
91 1334 0 100 0.4 1.26972 1.66972
34 1347 0 100 1.16701e-08 1.79545 1.79545
39 1338 0 100 0.71 1.39985 2.10985
109 1346 0 100 0.5 1.72073 2.22073
73 1361 0 100 0.79 2.18804 2.97804
72 1319 0 100 1.97 1.0182 2.9882
38 1364 0 100 1.03 2.28739 3.31739
43 1343 0 100 1.69 1.66417 3.35417
65 1370 0 100 0.93 2.43008 3.36008
97 1381 0 100 0.29 3.57646 3.86646
92 1333 0 100 2.72 1.26955 3.98955
95 1379 0 100 1.24 2.98432 4.22432
86 1382 0 100 0.92 3.77186 4.69186
100 1387 0 100 0.13 4.73008 4.86008
82 1392 0 100 0.32 5.38617 5.70617
66 1360 0 100 3.68 2.17514 5.85514
62 1349 0 100 4.04 1.88888 5.92888
27 1384 0 100 1.51 4.48791 5.99791
90 1340 0 100 4.52 1.48478 6.00478
57 1326 0 100 4.84 1.17143 6.01143
27 1351 0 100 4.09 1.98147 6.07147
62 1401 0 100 3.50103e-08 6.10343 6.10343
80 1371 0 100 3.67 2.45039 6.12039
83 1330 0 100 5.08 1.23536 6.31536
98 1342 0 100 4.73 1.6055 6.3355
31 1396 0 100 0.62 5.92069 6.54069
93 1399 0 100 0.84 5.97584 6.81584
50 1359 0 100 4.7 2.13245 6.83245
40 1404 0 100 0.56 6.2741 6.8341
50 1407 0 100 0.1 6.73682 6.83682
102 1350 0 100 5.03 1.90939 6.93939
26 1356 0 100 4.86 2.08833 6.94833
40 1363 0 100 4.79 2.27168 7.06168
33 1368 0 100 4.81 2.40399 7.21399
81 1386 0 100 2.6 4.6153 7.2153
91 1397 0 100 1.45 5.92555 7.37555
33 1395 0 100 1.73 5.71786 7.44786
89 1376 0 100 4.9 2.78161 7.68161
89 1406 0 100 1.26 6.47892 7.73892
68 1353 0 100 5.96 2.01931 7.97931
44 1380 0 100 4.83 3.15746 7.98746
48 1405 0 100 1.63 6.36115 7.99115
44 1391 0 100 2.7 5.29205 7.99205
48 1373 0 100 5.38 2.62304 8.00304
114 1388 0 100 3.01 4.99367 8.00367
47 1398 0 100 2.68 5.92796 8.60796
38 1383 0 100 4.16 4.46388 8.62388
96 1414 0 100 0.47 8.22348 8.69348
35 1348 0 100 6.84 1.85963 8.69963
110 1366 0 100 6.47 2.32743 8.79743
29 1367 0 100 6.62 2.34599 8.96599
29 1403 0 100 2.77 6.20189 8.97189
108 1400 0 100 2.92 6.05295 8.97295
97 1337 0 100 7.92 1.32258 9.24258
97 1413 0 100 1.4 7.91278 9.31278
95 1390 0 100 4.35 5.17872 9.52872
86 1409 0 100 2.7 7.28425 9.98425
100 1408 0 100 2.98 7.00431 9.98431
100 1362 0 100 7.96 2.19462 10.1546
32 1389 0 100 5.16 5.07107 10.2311
106 1378 0 100 7.91 2.88915 10.7992
90 1432 0 100 0.4 10.8519 11.2519
25 1377 0 100 8.46 2.85908 11.3191
66 1430 0 100 0.78 10.5458 11.3258
66 1402 0 100 5.27 6.10368 11.3737
62 1417 0 100 2.72 8.66039 11.3804
99 1365 0 100 9.24 2.29305 11.5331
31 1420 0 100 3 8.79819 11.7982
93 1331 0 100 10.69 1.24573 11.9357
79 1410 0 100 4.58 7.56026 12.1403
33 1425 0 100 2.66 9.48487 12.1449
39 1433 0 100 1.04 11.1051 12.1451
46 1412 0 100 5.07 7.85878 12.9288
46 1447 0 100 0.34 12.6223 12.9623
114 1321 0 100 12.1 1.03523 13.1352
44 1322 0 100 12.2 1.08148 13.2815
72 1448 0 100 0.54 12.7445 13.2845
44 1421 0 100 4.14 9.1462 13.2862
55 1443 0 100 1.33 12.1184 13.4484
61 1419 0 100 4.74 8.75481 13.4948
105 1341 0 100 11.91 1.59023 13.5002
61 1357 0 100 11.4 2.10605 13.5061
72 1427 0 100 3.61 9.90277 13.5128
54 1354 0 100 11.6 2.02238 13.6224
96 1394 0 100 8.14 5.5782 13.7182
94 1352 0 100 11.95 1.99574 13.9457
35 1441 0 100 2.03 11.9183 13.9483
35 1393 0 100 8.51 5.44155 13.9515
28 1335 0 100 12.77 1.30475 14.0748
53 1327 0 100 12.98 1.18075 14.1607
92 1458 0 100 0.63 13.8228 14.4528
56 1320 0 100 13.69 1.01958 14.7096
70 1463 0 100 0.37 14.4826 14.8526
70 1344 0 100 13.27 1.69035 14.9604
