46 1061 0 100 0.49 1.30106 1.79106
28 1059 0 100 0.66 1.14458 1.80458
82 1070 0 100 0.25 1.55979 1.80979
26 1057 0 100 1.2 1.10235 2.30235
56 1052 0 100 1.43 1.00383 2.43383
91 1095 0 100 1.16701e-08 2.58722 2.58722
41 1066 0 100 1.18 1.45271 2.63271
85 1076 0 100 1.14 1.72654 2.86654
67 1100 0 100 0.01 2.85812 2.86812
54 1062 0 100 1.54 1.33501 2.87501
64 1067 0 100 1.64 1.47372 3.11372
50 1096 0 100 0.48 2.63477 3.11477
52 1088 0 100 0.78 2.33605 3.11605
89 1082 0 100 1.03 2.09089 3.12089
77 1069 0 100 1.75 1.53101 3.28101
76 1068 0 100 2.24 1.50607 3.74607
38 1053 0 100 2.95 1.02988 3.97988
38 1103 0 100 0.8 3.21249 4.01249
49 1086 0 100 1.84 2.20285 4.04285
27 1073 0 100 2.4 1.65154 4.05154
60 1098 0 100 1.51 2.66791 4.17791
58 1064 0 100 3.24 1.37084 4.61084
53 1090 0 100 3.16 2.37849 5.53849
34 1080 0 100 4.31 1.94659 6.25659
40 1054 0 100 5.39 1.05131 6.44131
86 1071 0 100 4.87 1.5837 6.4537
73 1060 0 100 5.47 1.1909 6.6609
90 1083 0 100 4.63 2.10163 6.73163
70 1119 0 100 1.07 5.88696 6.95696
80 1121 0 100 1.04 6.04665 7.08665
71 1097 0 100 4.92 2.65349 7.57349
84 1084 0 100 5.54 2.13854 7.67854
29 1102 0 100 4.71 2.97123 7.68123
54 1126 0 100 0.96 6.99112 7.95112
85 1106 0 100 3.48 4.48974 7.96974
67 1114 0 100 2.59 5.38087 7.97087
29 1118 0 100 2.2 5.77583 7.97583
85 1129 0 100 0.63 7.44616 8.07616
78 1055 0 100 7.04 1.06162 8.10162
41 1109 0 100 3.04 5.06612 8.10612
88 1115 0 100 2.66 5.45471 8.11471
36 1079 0 100 6.32 1.92752 8.24752
77 1112 0 100 3.01 5.34287 8.35287
89 1111 0 100 3.04 5.33553 8.37553
52 1123 0 100 1.86 6.59238 8.45238
42 1120 0 100 2.56 5.97513 8.53513
25 1092 0 100 6.39 2.43444 8.82444
60 1122 0 100 2.68 6.43249 9.1125
63 1137 0 100 0.49 8.64055 9.13055
79 1128 0 100 2.13 7.2029 9.3329
92 1058 0 100 8.33 1.14087 9.47087
92 1125 0 100 2.53 6.94251 9.47251
45 1063 0 100 8.27 1.36985 9.63985
51 1110 0 100 4.75 5.33365 10.0837
44 1077 0 100 8.95 1.90581 10.8558
44 1113 0 100 5.54 5.38043 10.9204
62 1094 0 100 8.54 2.53604 11.076
48 1072 0 100 9.43 1.65018 11.0802
57 1087 0 100 8.97 2.31258 11.2826
57 1124 0 100 4.55 6.74137 11.2914
68 1074 0 100 9.68 1.65396 11.334
68 1157 0 100 1.16701e-08 11.6109 11.6109
86 1139 0 100 2.94 8.84327 11.7833
47 1142 0 100 2.44 9.41733 11.8573
80 1150 0 100 1.46 10.7252 12.1852
70 1078 0 100 10.39 1.91767 12.3077
69 1081 0 100 10.36 1.94928 12.3093
28 1104 0 100 8.5 3.81136 12.3114
28 1132 0 100 4.34 7.97659 12.3166
80 1089 0 100 9.99 2.34156 12.3316
94 1093 0 100 9.88 2.45327 12.3333
84 1149 0 100 2.11 10.6439 12.7539
26 1134 0 100 4.6 8.21442 12.8144
88 1101 0 100 10.01 2.95328 12.9633
91 1145 0 100 2.83 10.1387 12.9687
91 1161 0 100 0.8 12.1691 12.9691
67 1136 0 100 4.72 8.43545 13.1555
88 1153 0 100 2.18 10.9779 13.1579
29 1141 0 100 3.96 9.30554 13.2655
36 1107 0 100 8.57 4.70193 13.2719
78 1135 0 100 5.08 8.35004 13.43
78 1155 0 100 2.17 11.2663 13.4363
77 1140 0 100 4.59 8.87099 13.461
42 1158 0 100 2.18 11.7436 13.9236
25 1159 0 100 2.31 11.7946 14.1046
30 1133 0 100 6.14 8.11816 14.2582
38 1147 0 100 4.14 10.2749 14.4149
38 1116 0 100 8.8 5.62434 14.4243
60 1143 0 100 4.56 9.89451 14.4545
87 1127 0 100 7.28 7.18183 14.4618
60 1164 0 100 1.68 12.7901 14.4701
87 1151 0 100 3.84 10.816 14.656
92 1156 0 100 3.39 11.322 14.712
75 1163 0 100 2.1 12.6127 14.7127
92 1108 0 100 9.96 4.76019 14.7202
37 1056 0 100 13.65 1.07455 14.7246
75 1099 0 100 12.27 2.67858 14.9486
