78 960 0 100 0.82 1.36065 2.18065
33 978 0 100 2.33402e-08 2.18955 2.18955
34 962 0 100 1.14 1.42653 2.56653
66 970 0 100 1.26 1.77631 3.03631
38 987 0 100 0.8 2.52395 3.32395
36 982 0 100 1.28 2.2242 3.5042
25 976 0 100 1.96 2.03135 3.99135
67 993 0 100 1.55 2.77294 4.32294
44 975 0 100 2.44 1.9005 4.3405
39 984 0 100 2.11 2.38158 4.49158
74 958 0 100 4.1 1.31166 5.41166
73 973 0 100 4.19 1.86884 6.05884
57 972 0 100 4.46 1.84485 6.30485
28 956 0 100 5.28 1.20182 6.48182
47 1007 0 100 0.08 6.41032 6.49032
28 1002 0 100 1.28 5.30069 6.58069
75 966 0 100 5.03 1.63089 6.66089
31 961 0 100 5.63 1.36078 6.99078
55 968 0 100 5.47 1.74059 7.21059
63 986 0 100 4.83 2.43592 7.26592
63 1011 0 100 0.72 6.67482 7.39482
42 998 0 100 2.97 4.60794 7.57794
42 963 0 100 6.1 1.52366 7.62366
71 955 0 100 6.65 1.06711 7.71711
83 1018 0 100 0.01 7.79521 7.80521
83 1001 0 100 2.87 5.01712 7.88712
27 977 0 100 6.47 2.11666 8.58666
70 1000 0 100 3.81 4.77736 8.58736
38 1019 0 100 0.67 7.91804 8.58804
54 957 0 100 7.77 1.20512 8.97512
25 995 0 100 5.1 4.06947 9.16947
25 1008 0 100 2.72 6.45367 9.17367
67 1009 0 100 2.97 6.59164 9.56164
65 994 0 100 6.8 2.78978 9.58978
67 1025 0 100 0.25 9.34294 9.59294
44 999 0 100 4.94 4.66484 9.60484
79 991 0 100 7.27 2.59859 9.86859
59 979 0 100 7.68 2.19641 9.87641
74 1028 0 100 0.69 10.0704 10.7604
69 980 0 100 9.32 2.2218 11.5418
69 1003 0 100 6.06 5.48423 11.5442
50 1014 0 100 4.49 7.05517 11.5452
32 1032 0 100 0.45 11.351 11.801
56 1024 0 100 2.5 9.34243 11.8424
37 971 0 100 10.74 1.82954 12.5695
55 1033 0 100 1.21 11.3636 12.5736
26 1038 0 100 0.72 11.8542 12.5742
78 1031 0 100 1.39 11.1856 12.5756
78 1021 0 100 4.43 8.17663 12.6066
37 1016 0 100 5.1 7.56028 12.6603
68 1030 0 100 2.34 10.4512 12.7912
42 1036 0 100 1.26 11.5312 12.7912
46 1037 0 100 1.16 11.7953 12.9553
80 1006 0 100 7.08 6.26031 13.3403
80 959 0 100 12.08 1.3589 13.4389
70 985 0 100 11.25 2.40107 13.6511
62 965 0 100 12.09 1.59329 13.6833
66 1010 0 100 7.02 6.66517 13.6852
36 1017 0 100 6.38 7.67245 14.0525
54 1004 0 100 8.57 5.63796 14.208
54 1045 0 100 0.57 13.6421 14.2121
84 954 0 100 13.44 1.00775 14.4477
77 974 0 100 12.57 1.88526 14.4553
84 1041 0 100 1.88 12.5797 14.4597
39 1034 0 100 3.44 11.374 14.814
67 1042 0 100 2.23 12.5891 14.8191
65 1035 0 100 3.29 11.5305 14.8205
39 1012 0 100 8.16 6.6768 14.8368
