32 2609 1.03196
37 2610 1.06762
28 2611 1.07461
39 2613 1.18435
42 2614 1.20904
53 2616 1.23174
74 2617 1.28485
52 2619 1.31206
26 2620 1.40749
35 2622 1.43204
31 2624 1.57732
67 2626 1.64324
47 2627 1.66424
44 2628 1.68242
69 2629 1.68956
70 2631 1.77059
57 2632 1.77318
68 2634 1.82159
33 2635 1.82272
54 2636 1.82954
58 2638 1.95204
71 2639 1.97149
27 2640 2.00219
55 2642 2.02092
49 2643 2.07311
63 2645 2.11359
48 2646 2.16387
61 2647 2.18345
62 2648 2.19374
64 2649 2.20793
72 2651 2.21444
73 2652 2.23358
59 2653 2.2393
45 2654 2.24708
40 2656 2.31495
25 2657 2.3172
50 2659 2.42185
36 2660 2.45761
43 2662 2.52598
65 2663 2.53119
30 2664 2.58133
34 2665 2.60195
29 2667 2.65288
66 2668 2.66767
56 2670 2.72541
46 2672 2.81444
38 2673 2.83673
41 2674 2.89072
60 2676 2.93812
51 2677 2.97188
52 2689 4.01672
44 2692 4.29178
28 2694 4.36574
37 2700 4.83947
32 2703 5.10415
66 2706 5.2141
30 2707 5.28199
70 2709 5.34792
55 2710 5.39864
74 2713 5.59598
63 2715 5.65558
58 2717 5.7128
57 2718 5.72953
48 2719 5.8019
59 2721 5.81937
72 2722 5.84815
29 2723 5.87164
31 2724 5.89627
68 2726 5.93181
61 2727 5.9476
53 2730 6.14016
25 2733 6.32069
65 2734 6.36052
33 2735 6.40553
36 2738 6.5591
62 2739 6.56988
51 2740 6.58043
40 2743 6.71992
49 2746 6.93431
45 2748 7.09163
67 2750 7.118
26 2752 7.21692
60 2753 7.23119
34 2755 7.31766
56 2756 7.33215
43 2759 7.55276
38 2760 7.59403
50 2761 7.59893
54 2765 7.81486
59 2766 7.88939
44 2767 7.90552
41 2769 7.95077
29 2770 7.98361
69 2771 7.98567
74 2773 8.03285
30 2775 8.11609
72 2776 8.13848
35 2777 8.19088
52 2780 8.35374
47 2782 8.49086
28 2783 8.50629
48 2786 8.64821
42 2787 8.67845
65 2790 8.90133
57 2792 8.97215
31 2793 8.99194
32 2797 9.21838
39 2798 9.24449
27 2801 9.46228
51 2802 9.50503
58 2804 9.53275
63 2805 9.55854
68 2807 9.63509
61 2808 9.67931
71 2811 9.90747
66 2814 10.0602
37 2817 10.2411
36 2818 10.2982
59 2820 10.3405
55 2821 10.3864
56 2825 10.6769
43 2827 10.7866
38 2831 11.0585
41 2833 11.1768
70 2836 11.3491
72 2838 11.4577
34 2841 11.6355
31 2842 11.6971
33 2844 11.7736
67 2846 11.8658
45 2848 11.9343
26 2849 11.9382
47 2850 12.0017
48 2852 12.0199
50 2853 12.0569
49 2854 12.0741
69 2856 12.1629
68 2859 12.3486
42 2860 12.3593
52 2861 12.3631
29 2863 12.4263
25 2864 12.4997
53 2867 12.6161
54 2868 12.67
51 2869 12.6709
74 2871 12.7173
66 2872 12.7565
28 2875 12.9632
27 2877 13.0712
55 2879 13.1722
30 2880 13.173
63 2884 13.5032
35 2886 13.5639
59 2888 13.6977
61 2890 13.765
65 2892 13.8185
57 2893 13.8774
45 2898 14.2458
60 2899 14.2544
70 2900 14.257
58 2901 14.2872
48 2902 14.3059
46 2904 14.3463
50 2905 14.3987
64 2908 14.5869
43 2911 14.7143
56 2912 14.7244
71 2914 14.9047
36 2916 14.9787
