0 3684
0 3685
0 3686
0 3687
0 3688
0 3689
0 3690
0 3691
0 3692
0 3693
74 3695
19 3695
20 3695
21 3695
22 3695
23 3695
24 3695
84 3700
2 3700
1 3700
72 3701
84 3701
2 3701
1 3701
0 3702
77 3703
68 3703
3 3703
2 3703
1 3703
58 3704
46 3706
9 3706
8 3706
7 3706
6 3706
5 3706
4 3706
3 3706
2 3706
1 3706
0 3708
44 3709
1 3709
50 3699
0 3712
54 3696
9 3696
8 3696
7 3696
6 3696
5 3696
4 3696
3 3696
2 3696
1 3696
80 3713
18 3713
19 3713
20 3713
21 3713
22 3713
23 3713
24 3713
0 3716
62 3719
11 3719
10 3719
9 3719
8 3719
7 3719
6 3719
5 3719
4 3719
3 3719
2 3719
1 3719
98 3718
18 3718
19 3718
20 3718
21 3718
22 3718
23 3718
24 3718
0 3721
35 3722
26 3723
49 3714
3 3714
2 3714
1 3714
82 3698
5 3698
4 3698
3 3698
2 3698
1 3698
27 3715
15 3715
16 3715
17 3715
18 3715
19 3715
20 3715
21 3715
22 3715
23 3715
24 3715
0 3725
0 3727
93 3707
44 3707
3 3707
2 3707
1 3707
43 3728
10 3728
9 3728
8 3728
7 3728
6 3728
5 3728
4 3728
3 3728
2 3728
1 3728
0 3732
72 3704
100 3733
14 3733
15 3733
16 3733
17 3733
18 3733
19 3733
20 3733
21 3733
22 3733
23 3733
24 3733
101 3735
1 3735
0 3737
76 3711
30 3739
6 3739
5 3739
4 3739
3 3739
2 3739
1 3739
94 3740
21 3740
22 3740
23 3740
24 3740
69 3726
18 3726
19 3726
20 3726
21 3726
22 3726
23 3726
24 3726
61 3738
4 3738
3 3738
2 3738
1 3738
0 3742
28 3744
4 3744
3 3744
2 3744
1 3744
36 3743
15 3743
16 3743
17 3743
18 3743
19 3743
20 3743
21 3743
22 3743
23 3743
24 3743
56 3746
88 3747
19 3747
20 3747
21 3747
22 3747
23 3747
24 3747
0 3749
89 3723
73 3745
12 3745
11 3745
10 3745
9 3745
8 3745
7 3745
6 3745
5 3745
4 3745
3 3745
2 3745
1 3745
83 3754
87 3754
4 3754
3 3754
2 3754
1 3754
74 3723
0 3755
29 3758
0 3762
39 3694
15 3694
16 3694
17 3694
18 3694
19 3694
20 3694
21 3694
22 3694
23 3694
24 3694
0 3763
38 3731
6 3731
5 3731
4 3731
3 3731
2 3731
1 3731
65 3765
6 3765
5 3765
4 3765
3 3765
2 3765
1 3765
0 3766
85 3767
16 3767
17 3767
18 3767
19 3767
20 3767
21 3767
22 3767
23 3767
24 3767
0 3770
55 3736
20 3736
21 3736
22 3736
23 3736
24 3736
103 3764
52 3771
14 3771
15 3771
16 3771
17 3771
18 3771
19 3771
20 3771
21 3771
22 3771
23 3771
24 3771
0 3773
66 3769
19 3769
20 3769
21 3769
22 3769
23 3769
24 3769
0 3778
40 3711
4 3711
3 3711
2 3711
1 3711
81 3729
18 3729
19 3729
20 3729
21 3729
22 3729
23 3729
24 3729
33 3697
1 3697
67 3724
10 3724
9 3724
8 3724
7 3724
6 3724
5 3724
4 3724
3 3724
2 3724
1 3724
0 3781
59 3710
8 3710
7 3710
6 3710
5 3710
4 3710
3 3710
2 3710
1 3710
32 3720
94 3720
1 3720
48 3774
22 3774
23 3774
24 3774
79 3779
0 3787
96 3750
18 3750
19 3750
20 3750
21 3750
22 3750
23 3750
24 3750
0 3788
104 3759
0 3789
0 3790
95 3768
86 3730
12 3730
11 3730
10 3730
9 3730
8 3730
7 3730
6 3730
5 3730
4 3730
3 3730
2 3730
1 3730
75 3780
84 3780
13 3780
14 3780
15 3780
16 3780
17 3780
18 3780
19 3780
20 3780
21 3780
22 3780
23 3780
24 3780
26 3779
5 3779
4 3779
3 3779
2 3779
1 3779
0 3791
42 3748
50 3748
24 3748
88 3759
1 3759
104 3768
88 3768
1 3768
60 3761
22 3761
23 3761
24 3761
0 3792
71 3772
90 3756
55 3756
0 3793
91 3722
97 3699
1 3699
51 3704
14 3704
15 3704
16 3704
17 3704
18 3704
19 3704
20 3704
21 3704
22 3704
23 3704
24 3704
0 3794
25 3785
22 3785
23 3785
24 3785
89 3777
7 3777
6 3777
5 3777
4 3777
3 3777
2 3777
1 3777
47 3751
0 3796
45 3776
23 3776
24 3776
92 3753
78 3760
17 3760
18 3760
19 3760
20 3760
21 3760
22 3760
23 3760
24 3760
97 3751
2 3751
1 3751
68 3784
16 3784
17 3784
18 3784
19 3784
20 3784
21 3784
22 3784
23 3784
24 3784
0 3797
37 3717
0 3800
80 3801
66 3717
69 3772
3 3772
2 3772
1 3772
47 3753
69 3753
3 3753
2 3753
1 3753
0 3802
64 3741
8 3741
7 3741
6 3741
5 3741
4 3741
3 3741
2 3741
1 3741
50 3803
55 3803
3 3803
2 3803
1 3803
0 3804
98 3805
6 3805
5 3805
4 3805
3 3805
2 3805
1 3805
0 3806
77 3807
0 3808
101 3798
13 3798
14 3798
15 3798
16 3798
17 3798
18 3798
19 3798
20 3798
21 3798
22 3798
23 3798
24 3798
68 3807
19 3807
20 3807
21 3807
22 3807
23 3807
24 3807
74 3799
11 3799
10 3799
9 3799
8 3799
7 3799
6 3799
5 3799
4 3799
3 3799
2 3799
1 3799
0 3809
85 3764
34 3746
3 3746
2 3746
1 3746
87 3783
15 3783
16 3783
17 3783
18 3783
19 3783
20 3783
21 3783
22 3783
23 3783
24 3783
81 3764
1 3764
0 3810
56 3811
63 3734
13 3734
14 3734
15 3734
16 3734
17 3734
18 3734
19 3734
20 3734
21 3734
22 3734
23 3734
24 3734
72 3812
0 3813
100 3814
3 3814
2 3814
1 3814
0 3815
102 3782
0 3817
52 3816
0 3822
57 3775
14 3775
15 3775
16 3775
17 3775
18 3775
19 3775
20 3775
21 3775
22 3775
23 3775
24 3775
66 3811
5 3811
4 3811
3 3811
2 3811
1 3811
69 3820
31 3705
20 3705
21 3705
22 3705
23 3705
24 3705
26 3824
13 3824
14 3824
15 3824
16 3824
17 3824
18 3824
19 3824
20 3824
21 3824
22 3824
23 3824
24 3824
0 3825
99 3786
73 3782
99 3782
41 3757
30 3821
21 3821
22 3821
23 3821
24 3821
82 3818
22 3818
23 3818
24 3818
52 3786
1 3786
44 3795
20 3795
21 3795
22 3795
23 3795
24 3795
36 3826
0 3830
48 3820
9 3820
8 3820
7 3820
6 3820
5 3820
4 3820
3 3820
2 3820
1 3820
0 3833
103 3835
5 3835
4 3835
3 3835
2 3835
1 3835
0 3836
42 3837
29 3832
18 3832
19 3832
20 3832
21 3832
22 3832
23 3832
24 3832
61 3838
21 3838
22 3838
23 3838
24 3838
54 3834
4 3834
3 3834
2 3834
1 3834
99 3757
0 3839
52 3757
4 3757
3 3757
2 3757
1 3757
0 3840
95 3842
13 3842
14 3842
15 3842
16 3842
17 3842
18 3842
19 3842
20 3842
21 3842
22 3842
23 3842
24 3842
70 3758
19 3758
20 3758
21 3758
22 3758
23 3758
24 3758
33 3843
15 3843
16 3843
17 3843
18 3843
19 3843
20 3843
21 3843
22 3843
23 3843
24 3843
0 3845
76 3846
57 3846
18 3846
19 3846
20 3846
21 3846
22 3846
23 3846
24 3846
0 3849
58 3850
73 3851
49 3848
24 3848
71 3852
13 3852
14 3852
15 3852
16 3852
17 3852
18 3852
19 3852
20 3852
21 3852
22 3852
23 3852
24 3852
0 3853
75 3841
84 3812
1 3812
28 3823
24 3823
35 3831
11 3831
10 3831
9 3831
8 3831
7 3831
6 3831
5 3831
4 3831
3 3831
2 3831
1 3831
72 3841
1 3841
0 3854
99 3851
52 3851
6 3851
5 3851
4 3851
3 3851
2 3851
1 3851
0 3855
104 3856
15 3856
16 3856
17 3856
18 3856
19 3856
20 3856
21 3856
22 3856
23 3856
24 3856
0 3858
27 3722
13 3722
14 3722
15 3722
16 3722
17 3722
18 3722
19 3722
20 3722
21 3722
22 3722
23 3722
24 3722
0 3862
93 3863
86 3863
2 3863
1 3863
0 3864
47 3865
15 3865
16 3865
17 3865
18 3865
19 3865
20 3865
21 3865
22 3865
23 3865
24 3865
0 3866
0 3868
85 3869
77 3861
62 3819
12 3819
11 3819
10 3819
9 3819
8 3819
7 3819
6 3819
5 3819
4 3819
3 3819
2 3819
1 3819
81 3869
12 3869
11 3869
10 3869
9 3869
8 3869
7 3869
6 3869
5 3869
4 3869
3 3869
2 3869
1 3869
0 3870
55 3837
16 3837
17 3837
18 3837
19 3837
20 3837
21 3837
22 3837
23 3837
24 3837
50 3859
55 3859
16 3859
17 3859
18 3859
19 3859
20 3859
21 3859
22 3859
23 3859
24 3859
90 3867
55 3867
16 3867
17 3867
18 3867
19 3867
20 3867
21 3867
22 3867
23 3867
24 3867
0 3871
53 3752
51 3857
5 3857
4 3857
3 3857
2 3857
1 3857
0 3875
65 3876
28 3876
3 3876
2 3876
1 3876
0 3877
0 3880
101 3881
2 3881
1 3881
0 3884
79 3885
24 3885
82 3886
8 3886
7 3886
6 3886
5 3886
4 3886
3 3886
2 3886
1 3886
0 3889
48 3872
55 3872
18 3872
19 3872
20 3872
21 3872
22 3872
23 3872
24 3872
81 3892
62 3892
15 3892
16 3892
17 3892
18 3892
19 3892
20 3892
21 3892
22 3892
23 3892
24 3892
55 3891
19 3891
20 3891
21 3891
22 3891
23 3891
24 3891
0 3893
0 3897
29 3752
3 3752
2 3752
1 3752
91 3887
35 3887
19 3887
20 3887
21 3887
22 3887
23 3887
24 3887
59 3899
6 3899
5 3899
4 3899
3 3899
2 3899
1 3899
0 3900
78 3873
11 3873
10 3873
9 3873
8 3873
7 3873
6 3873
5 3873
4 3873
3 3873
2 3873
1 3873
40 3896
3 3896
2 3896
1 3896
32 3902
24 3902
74 3905
0 3906
41 3907
14 3907
15 3907
16 3907
17 3907
18 3907
19 3907
20 3907
21 3907
22 3907
23 3907
24 3907
45 3826
18 3826
19 3826
20 3826
21 3826
22 3826
23 3826
24 3826
0 3909
36 3879
45 3879
18 3879
19 3879
20 3879
21 3879
22 3879
23 3879
24 3879
46 3844
17 3844
18 3844
19 3844
20 3844
21 3844
22 3844
23 3844
24 3844
39 3847
46 3847
17 3847
18 3847
19 3847
20 3847
21 3847
22 3847
23 3847
24 3847
0 3911
70 3913
5 3913
4 3913
3 3913
2 3913
1 3913
94 3801
1 3801
0 3915
68 3861
12 3861
11 3861
10 3861
9 3861
8 3861
7 3861
6 3861
5 3861
4 3861
3 3861
2 3861
1 3861
73 3912
16 3912
17 3912
18 3912
19 3912
20 3912
21 3912
22 3912
23 3912
24 3912
92 3904
0 3919
88 3829
0 3922
95 3829
63 3917
40 3917
6 3917
5 3917
4 3917
3 3917
2 3917
1 3917
86 3878
11 3878
10 3878
9 3878
8 3878
7 3878
6 3878
5 3878
4 3878
3 3878
2 3878
1 3878
31 3910
86 3910
11 3910
10 3910
9 3910
8 3910
7 3910
6 3910
5 3910
4 3910
3 3910
2 3910
1 3910
67 3895
86 3895
11 3895
10 3895
9 3895
8 3895
7 3895
6 3895
5 3895
4 3895
3 3895
2 3895
1 3895
0 3923
0 3926
97 3901
98 3908
2 3908
1 3908
69 3901
83 3874
10 3874
9 3874
8 3874
7 3874
6 3874
5 3874
4 3874
3 3874
2 3874
1 3874
0 3929
27 3925
24 3925
58 3916
0 3930
60 3921
23 3921
24 3921
80 3933
4 3933
3 3933
2 3933
1 3933
37 3903
23 3903
24 3903
71 3935
0 3936
97 3935
1 3935
47 3904
97 3904
1 3904
61 3898
12 3898
11 3898
10 3898
9 3898
8 3898
7 3898
6 3898
5 3898
4 3898
3 3898
2 3898
1 3898
34 3934
24 3934
38 3860
12 3860
11 3860
10 3860
9 3860
8 3860
7 3860
6 3860
5 3860
4 3860
3 3860
2 3860
1 3860
93 3938
52 3883
19 3883
20 3883
21 3883
22 3883
23 3883
24 3883
102 3937
52 3937
19 3937
20 3937
21 3937
22 3937
23 3937
24 3937
43 3782
19 3782
20 3782
21 3782
22 3782
23 3782
24 3782
99 3920
43 3920
19 3920
20 3920
21 3920
22 3920
23 3920
24 3920
0 3939
100 3931
45 3931
23 3931
24 3931
56 3894
60 3894
24 3894
0 3940
66 3882
69 3941
2 3941
1 3941
0 3942
57 3890
9 3890
8 3890
7 3890
6 3890
5 3890
4 3890
3 3890
2 3890
1 3890
0 3943
0 3945
26 3944
42 3948
3 3948
2 3948
1 3948
0 3949
104 3947
5 3947
4 3947
3 3947
2 3947
1 3947
72 3946
17 3946
18 3946
19 3946
20 3946
21 3946
22 3946
23 3946
24 3946
0 3951
96 3888
0 3952
39 3888
53 3954
12 3954
11 3954
10 3954
9 3954
8 3954
7 3954
6 3954
5 3954
4 3954
3 3954
2 3954
1 3954
30 3928
18 3928
19 3928
20 3928
21 3928
22 3928
23 3928
24 3928
49 3938
17 3938
18 3938
19 3938
20 3938
21 3938
22 3938
23 3938
24 3938
0 3956
0 3957
40 3958
13 3958
14 3958
15 3958
16 3958
17 3958
18 3958
19 3958
20 3958
21 3958
22 3958
23 3958
24 3958
0 3959
45 3960
2 3960
1 3960
0 3962
62 3953
32 3963
10 3963
9 3963
8 3963
7 3963
6 3963
5 3963
4 3963
3 3963
2 3963
1 3963
25 3918
45 3918
3 3918
2 3918
1 3918
95 3964
8 3964
7 3964
6 3964
5 3964
4 3964
3 3964
2 3964
1 3964
76 3965
0 3966
54 3967
1 3967
75 3969
72 3969
20 3969
21 3969
22 3969
23 3969
24 3969
56 3882
0 3971
29 3970
15 3970
16 3970
17 3970
18 3970
19 3970
20 3970
21 3970
22 3970
23 3970
24 3970
84 3932
21 3932
22 3932
23 3932
24 3932
41 3972
1 3972
0 3973
57 3965
15 3965
16 3965
17 3965
18 3965
19 3965
20 3965
21 3965
22 3965
23 3965
24 3965
50 3968
8 3968
7 3968
6 3968
5 3968
4 3968
3 3968
2 3968
1 3968
33 3976
12 3976
11 3976
10 3976
9 3976
8 3976
7 3976
6 3976
5 3976
4 3976
3 3976
2 3976
1 3976
103 3978
4 3978
3 3978
2 3978
1 3978
28 3927
20 3927
21 3927
22 3927
23 3927
24 3927
55 3980
101 3975
18 3975
19 3975
20 3975
21 3975
22 3975
23 3975
24 3975
82 3981
23 3981
24 3981
49 3961
21 3961
22 3961
23 3961
24 3961
94 3974
13 3974
14 3974
15 3974
16 3974
17 3974
18 3974
19 3974
20 3974
21 3974
22 3974
23 3974
24 3974
35 3955
8 3955
7 3955
6 3955
5 3955
4 3955
3 3955
2 3955
1 3955
0 3982
97 3983
10 3983
9 3983
8 3983
7 3983
6 3983
5 3983
4 3983
3 3983
2 3983
1 3983
0 3984
46 3985
5 3985
4 3985
3 3985
2 3985
1 3985
0 3988
73 3989
4 3989
3 3989
2 3989
1 3989
47 3990
11 3990
10 3990
9 3990
8 3990
7 3990
6 3990
5 3990
4 3990
3 3990
2 3990
1 3990
0 3991
34 3992
85 3993
7 3993
6 3993
5 3993
4 3993
3 3993
2 3993
1 3993
93 3995
23 3995
24 3995
59 3986
22 3986
23 3986
24 3986
0 3996
51 3916
0 3997
44 3950
24 3950
0 3998
70 3999
20 3999
21 3999
22 3999
23 3999
24 3999
71 3994
0 4001
84 3916
1 3916
79 3944
18 3944
19 3944
20 3944
21 3944
22 3944
23 3944
24 3944
65 4002
61 4002
24 4002
99 4004
6 4004
5 4004
4 4004
3 4004
2 4004
1 4004
0 4005
60 3882
100 3882
10 3882
9 3882
8 3882
7 3882
6 3882
5 3882
4 3882
3 3882
2 3882
1 3882
36 4006
10 4006
9 4006
8 4006
7 4006
6 4006
5 4006
4 4006
3 4006
2 4006
1 4006
0 4007
77 4000
69 4008
14 4008
15 4008
16 4008
17 4008
18 4008
19 4008
20 4008
21 4008
22 4008
23 4008
24 4008
92 4009
69 4009
14 4009
15 4009
16 4009
17 4009
18 4009
19 4009
20 4009
21 4009
22 4009
23 4009
24 4009
0 4010
0 4011
88 3987
92 3987
47 3987
15 3987
16 3987
17 3987
18 3987
19 3987
20 3987
21 3987
22 3987
23 3987
24 3987
0 4014
87 3924
100 4015
12 4015
11 4015
10 4015
9 4015
8 4015
7 4015
6 4015
5 4015
4 4015
3 4015
2 4015
1 4015
0 4016
78 4017
6 4017
5 4017
4 4017
3 4017
2 4017
1 4017
38 4018
2 4018
1 4018
0 4020
81 4021
12 4021
11 4021
10 4021
9 4021
8 4021
7 4021
6 4021
5 4021
4 4021
3 4021
2 4021
1 4021
48 4019
16 4019
17 4019
18 4019
19 4019
20 4019
21 4019
22 4019
23 4019
24 4019
0 4022
26 4023
79 4023
22 4023
23 4023
24 4023
0 4024
68 4000
6 4000
5 4000
4 4000
3 4000
2 4000
1 4000
0 4025
84 4027
6 4027
5 4027
4 4027
3 4027
2 4027
1 4027
91 4003
17 4003
18 4003
19 4003
20 4003
21 4003
22 4003
23 4003
24 4003
0 4028
64 3914
23 3914
24 3914
0 4031
98 4026
21 4026
22 4026
23 4026
24 4026
31 4032
93 4032
6 4032
5 4032
4 4032
3 4032
2 4032
1 4032
96 4033
14 4033
15 4033
16 4033
17 4033
18 4033
19 4033
20 4033
21 4033
22 4033
23 4033
24 4033
37 3992
16 3992
17 3992
18 3992
19 3992
20 3992
21 3992
22 3992
23 3992
24 3992
62 4034
0 4035
27 3980
18 3980
19 3980
20 3980
21 3980
22 3980
23 3980
24 3980
53 4037
25 4039
85 4039
0 4041
50 4036
19 4036
20 4036
21 4036
22 4036
23 4036
24 4036
62 4039
0 4043
74 4038
83 3924
5 3924
4 3924
3 3924
2 3924
1 3924
68 4045
9 4045
8 4045
7 4045
6 4045
5 4045
4 4045
3 4045
2 4045
1 4045
102 4046
13 4046
14 4046
15 4046
16 4046
17 4046
18 4046
19 4046
20 4046
21 4046
22 4046
23 4046
24 4046
83 4048
5 4048
4 4048
3 4048
2 4048
1 4048
56 4047
18 4047
19 4047
20 4047
21 4047
22 4047
23 4047
24 4047
52 4030
13 4030
14 4030
15 4030
16 4030
17 4030
18 4030
19 4030
20 4030
21 4030
22 4030
23 4030
24 4030
0 4049
75 4050
9 4050
8 4050
7 4050
6 4050
5 4050
4 4050
3 4050
2 4050
1 4050
0 4052
55 4053
20 4053
21 4053
22 4053
23 4053
24 4053
80 4012
32 4012
24 4012
33 4040
80 4040
32 4040
24 4040
97 3994
21 3994
22 3994
23 3994
24 3994
26 4038
79 4038
64 4038
1 4038
0 4056
104 4029
23 4029
24 4029
86 4055
9 4055
8 4055
7 4055
6 4055
5 4055
4 4055
3 4055
2 4055
1 4055
66 4059
0 4060
82 4057
11 4057
10 4057
9 4057
8 4057
7 4057
6 4057
5 4057
4 4057
3 4057
2 4057
1 4057
0 4063
39 3953
18 3953
19 3953
20 3953
21 3953
22 3953
23 3953
24 3953
28 4064
94 4065
1 4065
58 4051
11 4051
10 4051
9 4051
8 4051
7 4051
6 4051
5 4051
4 4051
3 4051
2 4051
1 4051
0 4066
42 4067
22 4067
23 4067
24 4067
0 4068
54 4062
0 4071
76 4073
6 4073
5 4073
4 4073
3 4073
2 4073
1 4073
60 4074
21 4074
22 4074
23 4074
24 4074
0 4075
57 4072
76 4072
6 4072
5 4072
4 4072
3 4072
2 4072
1 4072
56 4059
22 4059
23 4059
24 4059
0 4076
61 4064
11 4064
10 4064
9 4064
8 4064
7 4064
6 4064
5 4064
4 4064
3 4064
2 4064
1 4064
99 4078
18 4078
19 4078
20 4078
21 4078
22 4078
23 4078
24 4078
0 4079
27 4070
55 4070
24 4070
90 4013
65 4081
0 4082
87 4083
35 4084
24 4084
36 4086
72 4085
14 4085
15 4085
16 4085
17 4085
18 4085
19 4085
20 4085
21 4085
22 4085
23 4085
24 4085
0 4087
77 4088
15 4088
16 4088
17 4088
18 4088
19 4088
20 4088
21 4088
22 4088
23 4088
24 4088
79 4089
6 4089
5 4089
4 4089
3 4089
2 4089
1 4089
0 4090
40 4091
92 4092
2 4092
1 4092
41 4044
20 4044
21 4044
22 4044
23 4044
24 4044
0 4094
34 4093
45 4069
24 4069
50 4013
2 4013
1 4013
100 4086
45 4086
24 4086
0 4095
73 4062
21 4062
22 4062
23 4062
24 4062
48 4096
42 4096
55 4096
46 4034
23 4034
24 4034
30 4097
84 4097
16 4097
17 4097
18 4097
19 4097
20 4097
21 4097
22 4097
23 4097
24 4097
73 4098
21 4098
22 4098
23 4098
24 4098
0 4099
27 4096
0 4100
35 4096
2 4096
1 4096
0 4101
97 4102
4 4102
3 4102
2 4102
1 4102
0 4103
95 4104
6 4104
5 4104
4 4104
3 4104
2 4104
1 4104
