36 1846 1.08904
30 1849 1.24529
42 1852 1.44657
32 1853 1.48534
34 1855 1.6039
40 1857 1.62545
28 1858 1.65132
44 1860 1.79008
29 1862 1.84123
41 1863 1.87523
39 1865 1.92887
31 1867 2.02301
35 1868 2.11262
43 1870 2.19134
27 1873 2.36915
25 1876 2.55079
33 1878 2.68237
26 1881 2.85724
38 1883 2.99781
37 1884 2.99895
40 1903 4.7519
36 1904 4.76084
41 1910 5.29986
29 1912 5.39647
43 1914 5.49037
37 1918 5.76489
30 1921 5.9223
26 1922 6.0015
27 1924 6.05166
34 1925 6.09099
33 1927 6.12257
44 1933 6.71175
38 1935 6.71971
35 1939 7.1098
39 1942 7.28401
28 1944 7.37209
36 1951 7.97229
37 1956 8.33467
29 1958 8.42906
25 1961 8.62691
33 1964 8.91072
30 1966 8.92297
26 1967 8.96558
32 1973 9.44819
42 1975 9.53776
31 1976 9.59404
35 1979 9.74726
40 1986 10.3398
44 1989 10.5226
43 1990 10.5902
41 1992 10.7105
25 1994 10.7748
34 1995 10.7965
29 1997 10.9122
38 1999 10.9804
39 2013 12.2794
28 2020 12.8285
27 2021 12.8376
33 2022 12.8941
35 2027 13.2229
25 2028 13.2361
30 2030 13.3781
36 2032 13.4168
40 2033 13.4717
37 2039 13.959
41 2040 13.9925
44 2041 14.0093
31 2044 14.1716
26 2046 14.2271
29 2048 14.3314
43 2051 14.5778
