0 4106
0 4107
0 4108
0 4109
0 4110
0 4111
0 4112
0 4113
0 4114
71 4115
12 4115
11 4115
10 4115
9 4115
8 4115
7 4115
6 4115
5 4115
4 4115
3 4115
2 4115
1 4115
0 4116
93 4119
34 4120
10 4120
9 4120
8 4120
7 4120
6 4120
5 4120
4 4120
3 4120
2 4120
1 4120
92 4121
77 4121
19 4121
20 4121
21 4121
22 4121
23 4121
24 4121
101 4122
2 4122
1 4122
31 4123
17 4123
18 4123
19 4123
20 4123
21 4123
22 4123
23 4123
24 4123
0 4124
40 4125
23 4125
24 4125
82 4126
17 4126
18 4126
19 4126
20 4126
21 4126
22 4126
23 4126
24 4126
100 4127
8 4127
7 4127
6 4127
5 4127
4 4127
3 4127
2 4127
1 4127
43 4129
8 4129
7 4129
6 4129
5 4129
4 4129
3 4129
2 4129
1 4129
0 4130
66 4131
21 4131
22 4131
23 4131
24 4131
83 4132
5 4132
4 4132
3 4132
2 4132
1 4132
50 4117
16 4117
17 4117
18 4117
19 4117
20 4117
21 4117
22 4117
23 4117
24 4117
58 4136
50 4136
16 4136
17 4136
18 4136
19 4136
20 4136
21 4136
22 4136
23 4136
24 4136
89 4137
13 4137
14 4137
15 4137
16 4137
17 4137
18 4137
19 4137
20 4137
21 4137
22 4137
23 4137
24 4137
25 4133
4 4133
3 4133
2 4133
1 4133
0 4140
29 4142
14 4142
15 4142
16 4142
17 4142
18 4142
19 4142
20 4142
21 4142
22 4142
23 4142
24 4142
113 4134
8 4134
7 4134
6 4134
5 4134
4 4134
3 4134
2 4134
1 4134
0 4144
30 4149
12 4149
11 4149
10 4149
9 4149
8 4149
7 4149
6 4149
5 4149
4 4149
3 4149
2 4149
1 4149
0 4151
59 4152
0 4153
81 4154
17 4154
18 4154
19 4154
20 4154
21 4154
22 4154
23 4154
24 4154
26 4155
14 4155
15 4155
16 4155
17 4155
18 4155
19 4155
20 4155
21 4155
22 4155
23 4155
24 4155
65 4156
26 4156
14 4156
15 4156
16 4156
17 4156
18 4156
19 4156
20 4156
21 4156
22 4156
23 4156
24 4156
0 4159
85 4160
10 4160
9 4160
8 4160
7 4160
6 4160
5 4160
4 4160
3 4160
2 4160
1 4160
32 4161
5 4161
4 4161
3 4161
2 4161
1 4161
73 4141
7 4141
6 4141
5 4141
4 4141
3 4141
2 4141
1 4141
95 4165
11 4165
10 4165
9 4165
8 4165
7 4165
6 4165
5 4165
4 4165
3 4165
2 4165
1 4165
0 4167
68 4169
0 4170
0 4171
96 4150
15 4150
16 4150
17 4150
18 4150
19 4150
20 4150
21 4150
22 4150
23 4150
24 4150
62 4174
5 4174
4 4174
3 4174
2 4174
1 4174
0 4178
105 4163
41 4128
5 4128
4 4128
3 4128
2 4128
1 4128
106 4143
15 4143
16 4143
17 4143
18 4143
19 4143
20 4143
21 4143
22 4143
23 4143
24 4143
48 4180
70 4135
12 4135
11 4135
10 4135
9 4135
8 4135
7 4135
6 4135
5 4135
4 4135
3 4135
2 4135
1 4135
0 4182
112 4177
5 4177
4 4177
3 4177
2 4177
1 4177
64 4168
47 4146
22 4146
23 4146
24 4146
0 4184
103 4173
20 4173
21 4173
22 4173
23 4173
24 4173
79 4185
45 4190
5 4190
4 4190
3 4190
2 4190
1 4190
99 4192
21 4192
22 4192
23 4192
24 4192
94 4194
57 4191
108 4169
0 4195
77 4189
1 4189
37 4194
22 4194
23 4194
24 4194
86 4157
3 4157
2 4157
1 4157
0 4196
114 4179
59 4163
9 4163
8 4163
7 4163
6 4163
5 4163
4 4163
3 4163
2 4163
1 4163
88 4197
21 4197
22 4197
23 4197
24 4197
0 4198
104 4175
38 4138
5 4138
4 4138
3 4138
2 4138
1 4138
42 4193
54 4186
17 4186
18 4186
19 4186
20 4186
21 4186
22 4186
23 4186
24 4186
78 4181
15 4181
16 4181
17 4181
18 4181
19 4181
20 4181
21 4181
22 4181
23 4181
24 4181
75 4201
37 4201
23 4201
24 4201
56 4202
14 4202
15 4202
16 4202
17 4202
18 4202
19 4202
20 4202
21 4202
22 4202
23 4202
24 4202
37 4203
23 4203
24 4203
51 4204
10 4204
9 4204
8 4204
7 4204
6 4204
5 4204
4 4204
3 4204
2 4204
1 4204
0 4205
55 4207
10 4207
9 4207
8 4207
7 4207
6 4207
5 4207
4 4207
3 4207
2 4207
1 4207
82 4193
35 4200
22 4200
23 4200
24 4200
61 4210
11 4210
10 4210
9 4210
8 4210
7 4210
6 4210
5 4210
4 4210
3 4210
2 4210
1 4210
0 4212
74 4213
2 4213
1 4213
60 4164
77 4164
3 4164
2 4164
1 4164
91 4147
24 4147
0 4216
76 4218
12 4218
11 4218
10 4218
9 4218
8 4218
7 4218
6 4218
5 4218
4 4218
3 4218
2 4218
1 4218
53 4187
16 4187
17 4187
18 4187
19 4187
20 4187
21 4187
22 4187
23 4187
24 4187
27 4183
86 4183
5 4183
4 4183
3 4183
2 4183
1 4183
0 4219
111 4158
82 4158
42 4158
1 4158
0 4220
28 4145
8 4145
7 4145
6 4145
5 4145
4 4145
3 4145
2 4145
1 4145
46 4211
21 4211
22 4211
23 4211
24 4211
49 4179
3 4179
2 4179
1 4179
109 4175
49 4175
3 4175
2 4175
1 4175
107 4209
24 4209
0 4222
87 4217
69 4148
33 4188
91 4188
1 4188
39 4152
12 4152
11 4152
10 4152
9 4152
8 4152
7 4152
6 4152
5 4152
4 4152
3 4152
2 4152
1 4152
0 4224
0 4225
113 4226
18 4226
19 4226
20 4226
21 4226
22 4226
23 4226
24 4226
0 4227
90 4166
9 4166
8 4166
7 4166
6 4166
5 4166
4 4166
3 4166
2 4166
1 4166
44 4199
1 4199
40 4221
10 4221
9 4221
8 4221
7 4221
6 4221
5 4221
4 4221
3 4221
2 4221
1 4221
0 4228
80 4208
98 4176
36 4118
50 4180
38 4118
10 4118
9 4118
8 4118
7 4118
6 4118
5 4118
4 4118
3 4118
2 4118
1 4118
0 4230
0 4231
25 4217
16 4217
17 4217
18 4217
19 4217
20 4217
21 4217
22 4217
23 4217
24 4217
0 4232
30 4229
0 4233
62 4185
15 4185
16 4185
17 4185
18 4185
19 4185
20 4185
21 4185
22 4185
23 4185
24 4185
91 4180
5 4180
4 4180
3 4180
2 4180
1 4180
0 4234
0 4236
0 4237
48 4148
6 4148
5 4148
4 4148
3 4148
2 4148
1 4148
80 4176
103 4176
5 4176
4 4176
3 4176
2 4176
1 4176
0 4239
0 4241
63 4214
29 4214
67 4168
10 4168
9 4168
8 4168
7 4168
6 4168
5 4168
4 4168
3 4168
2 4168
1 4168
107 4208
5 4208
4 4208
3 4208
2 4208
1 4208
0 4243
97 4139
43 4223
82 4235
106 4246
0 4247
54 4246
2 4246
1 4246
68 4248
13 4248
14 4248
15 4248
16 4248
17 4248
18 4248
19 4248
20 4248
21 4248
22 4248
23 4248
24 4248
32 4251
20 4251
21 4251
22 4251
23 4251
24 4251
0 4252
55 4255
0 4256
77 4242
13 4242
14 4242
15 4242
16 4242
17 4242
18 4242
19 4242
20 4242
21 4242
22 4242
23 4242
24 4242
48 4250
9 4250
8 4250
7 4250
6 4250
5 4250
4 4250
3 4250
2 4250
1 4250
66 4169
14 4169
15 4169
16 4169
17 4169
18 4169
19 4169
20 4169
21 4169
22 4169
23 4169
24 4169
0 4257
56 4258
64 4259
60 4260
42 4235
11 4235
10 4235
9 4235
8 4235
7 4235
6 4235
5 4235
4 4235
3 4235
2 4235
1 4235
102 4215
5 4215
4 4215
3 4215
2 4215
1 4215
79 4261
20 4261
21 4261
22 4261
23 4261
24 4261
95 4139
100 4139
1 4139
47 4262
10 4262
9 4262
8 4262
7 4262
6 4262
5 4262
4 4262
3 4262
2 4262
1 4262
78 4223
100 4223
1 4223
114 4259
12 4259
11 4259
10 4259
9 4259
8 4259
7 4259
6 4259
5 4259
4 4259
3 4259
2 4259
1 4259
0 4265
85 4249
50 4267
0 4269
91 4267
11 4267
10 4267
9 4267
8 4267
7 4267
6 4267
5 4267
4 4267
3 4267
2 4267
1 4267
38 4270
18 4270
19 4270
20 4270
21 4270
22 4270
23 4270
24 4270
77 4260
15 4260
16 4260
17 4260
18 4260
19 4260
20 4260
21 4260
22 4260
23 4260
24 4260
31 4268
42 4268
12 4268
11 4268
10 4268
9 4268
8 4268
7 4268
6 4268
5 4268
4 4268
3 4268
2 4268
1 4268
93 4271
20 4271
21 4271
22 4271
23 4271
24 4271
0 4272
94 4263
87 4273
91 4274
11 4274
10 4274
9 4274
8 4274
7 4274
6 4274
5 4274
4 4274
3 4274
2 4274
1 4274
72 4162
0 4278
58 4277
11 4277
10 4277
9 4277
8 4277
7 4277
6 4277
5 4277
4 4277
3 4277
2 4277
1 4277
52 4172
62 4280
22 4280
23 4280
24 4280
61 4282
24 4282
0 4283
105 4273
25 4273
24 4273
83 4238
101 4245
24 4245
95 4172
29 4284
9 4284
8 4284
7 4284
6 4284
5 4284
4 4284
3 4284
2 4284
1 4284
72 4238
1 4238
0 4286
88 4287
11 4287
10 4287
9 4287
8 4287
7 4287
6 4287
5 4287
4 4287
3 4287
2 4287
1 4287
59 4255
34 4288
7 4288
6 4288
5 4288
4 4288
3 4288
2 4288
1 4288
97 4172
5 4172
4 4172
3 4172
2 4172
1 4172
84 4206
97 4206
5 4206
4 4206
3 4206
2 4206
1 4206
81 4285
44 4285
69 4289
13 4289
14 4289
15 4289
16 4289
17 4289
18 4289
19 4289
20 4289
21 4289
22 4289
23 4289
24 4289
73 4240
1 4240
0 4290
39 4281
101 4281
0 4291
0 4294
51 4255
1 4255
89 4214
11 4214
10 4214
9 4214
8 4214
7 4214
6 4214
5 4214
4 4214
3 4214
2 4214
1 4214
53 4296
108 4297
19 4297
20 4297
21 4297
22 4297
23 4297
24 4297
0 4298
0 4300
57 4244
18 4244
19 4244
20 4244
21 4244
22 4244
23 4244
24 4244
110 4119
112 4119
24 4119
30 4301
10 4301
9 4301
8 4301
7 4301
6 4301
5 4301
4 4301
3 4301
2 4301
1 4301
56 4249
6 4249
5 4249
4 4249
3 4249
2 4249
1 4249
100 4264
7 4264
6 4264
5 4264
4 4264
3 4264
2 4264
1 4264
0 4303
70 4293
0 4305
99 4304
16 4304
17 4304
18 4304
19 4304
20 4304
21 4304
22 4304
23 4304
24 4304
0 4307
80 4308
104 4310
20 4310
21 4310
22 4310
23 4310
24 4310
74 4306
20 4306
21 4306
22 4306
23 4306
24 4306
0 4311
95 4312
97 4312
9 4312
8 4312
7 4312
6 4312
5 4312
4 4312
3 4312
2 4312
1 4312
0 4313
98 4309
16 4309
17 4309
18 4309
19 4309
20 4309
21 4309
22 4309
23 4309
24 4309
33 4299
107 4308
16 4308
17 4308
18 4308
19 4308
20 4308
21 4308
22 4308
23 4308
24 4308
49 4316
0 4318
112 4319
2 4319
1 4319
71 4254
89 4254
15 4254
16 4254
17 4254
18 4254
19 4254
20 4254
21 4254
22 4254
23 4254
24 4254
105 4321
5 4321
4 4321
3 4321
2 4321
1 4321
85 4296
0 4322
28 4295
36 4295
1 4295
91 4299
19 4299
20 4299
21 4299
22 4299
23 4299
24 4299
109 4324
64 4324
21 4324
22 4324
23 4324
24 4324
0 4325
0 4327
35 4328
92 4279
23 4279
24 4279
111 4329
82 4329
0 4330
107 4323
18 4323
19 4323
20 4323
21 4323
22 4323
23 4323
24 4323
26 4292
16 4292
17 4292
18 4292
19 4292
20 4292
21 4292
22 4292
23 4292
24 4292
0 4331
78 4332
53 4332
100 4332
12 4332
11 4332
10 4332
9 4332
8 4332
7 4332
6 4332
5 4332
4 4332
3 4332
2 4332
1 4332
63 4333
0 4334
96 4320
16 4320
17 4320
18 4320
19 4320
20 4320
21 4320
22 4320
23 4320
24 4320
71 4333
89 4333
18 4333
19 4333
20 4333
21 4333
22 4333
23 4333
24 4333
0 4337
37 4338
21 4338
22 4338
23 4338
24 4338
45 4253
5 4253
4 4253
3 4253
2 4253
1 4253
75 4263
21 4263
22 4263
23 4263
24 4263
103 4285
20 4285
21 4285
22 4285
23 4285
24 4285
44 4328
103 4328
20 4328
21 4328
22 4328
23 4328
24 4328
0 4340
51 4341
8 4341
7 4341
6 4341
5 4341
4 4341
3 4341
2 4341
1 4341
40 4342
36 4342
4 4342
3 4342
2 4342
1 4342
66 4276
2 4276
1 4276
0 4343
114 4316
27 4315
66 4315
2 4315
1 4315
86 4302
27 4302
66 4302
2 4302
1 4302
41 4314
7 4314
6 4314
5 4314
4 4314
3 4314
2 4314
1 4314
76 4345
87 4345
10 4345
9 4345
8 4345
7 4345
6 4345
5 4345
4 4345
3 4345
2 4345
1 4345
0 4346
67 4339
97 4344
100 4344
14 4344
15 4344
16 4344
17 4344
18 4344
19 4344
20 4344
21 4344
22 4344
23 4344
24 4344
0 4349
65 4229
19 4229
20 4229
21 4229
22 4229
23 4229
24 4229
0 4351
104 4339
109 4339
1 4339
90 4326
5 4326
4 4326
3 4326
2 4326
1 4326
81 4352
23 4352
24 4352
55 4353
11 4353
10 4353
9 4353
8 4353
7 4353
6 4353
5 4353
4 4353
3 4353
2 4353
1 4353
0 4354
85 4348
15 4348
16 4348
17 4348
18 4348
19 4348
20 4348
21 4348
22 4348
23 4348
24 4348
0 4356
113 4293
16 4293
17 4293
18 4293
19 4293
20 4293
21 4293
22 4293
23 4293
24 4293
56 4296
16 4296
17 4296
18 4296
19 4296
20 4296
21 4296
22 4296
23 4296
24 4296
0 4361
43 4362
17 4362
18 4362
19 4362
20 4362
21 4362
22 4362
23 4362
24 4362
82 4363
31 4363
1 4363
106 4364
19 4364
20 4364
21 4364
22 4364
23 4364
24 4364
52 4365
18 4365
19 4365
20 4365
21 4365
22 4365
23 4365
24 4365
0 4366
83 4367
14 4367
15 4367
16 4367
17 4367
18 4367
19 4367
20 4367
21 4367
22 4367
23 4367
24 4367
102 4368
21 4368
22 4368
23 4368
24 4368
44 4355
103 4355
24 4355
48 4369
1 4369
0 4370
70 4371
58 4347
100 4372
18 4372
19 4372
20 4372
21 4372
22 4372
23 4372
24 4372
0 4373
31 4375
3 4375
2 4375
1 4375
0 4376
54 4336
21 4336
22 4336
23 4336
24 4336
62 4377
12 4377
11 4377
10 4377
9 4377
8 4377
7 4377
6 4377
5 4377
4 4377
3 4377
2 4377
1 4377
0 4378
46 4275
23 4275
24 4275
0 4381
60 4382
7 4382
6 4382
5 4382
4 4382
3 4382
2 4382
1 4382
36 4350
10 4350
9 4350
8 4350
7 4350
6 4350
5 4350
4 4350
3 4350
2 4350
1 4350
0 4384
53 4385
20 4385
21 4385
22 4385
23 4385
24 4385
59 4386
15 4386
16 4386
17 4386
18 4386
19 4386
20 4386
21 4386
22 4386
23 4386
24 4386
0 4388
29 4360
89 4360
1 4360
0 4389
0 4390
88 4391
3 4391
2 4391
1 4391
104 4394
8 4394
7 4394
6 4394
5 4394
4 4394
3 4394
2 4394
1 4394
0 4395
68 4374
99 4392
5 4392
4 4392
3 4392
2 4392
1 4392
42 4329
7 4329
6 4329
5 4329
4 4329
3 4329
2 4329
1 4329
60 4374
10 4374
9 4374
8 4374
7 4374
6 4374
5 4374
4 4374
3 4374
2 4374
1 4374
57 4398
108 4387
0 4399
47 4400
6 4400
5 4400
4 4400
3 4400
2 4400
1 4400
94 4397
37 4397
75 4397
50 4402
37 4402
0 4403
101 4358
18 4358
19 4358
20 4358
21 4358
22 4358
23 4358
24 4358
71 4405
89 4405
3 4405
2 4405
1 4405
0 4406
107 4404
5 4404
4 4404
3 4404
2 4404
1 4404
0 4410
33 4412
8 4412
7 4412
6 4412
5 4412
4 4412
3 4412
2 4412
1 4412
69 4379
48 4379
7 4379
6 4379
5 4379
4 4379
3 4379
2 4379
1 4379
0 4413
105 4407
20 4407
21 4407
22 4407
23 4407
24 4407
25 4317
20 4317
21 4317
22 4317
23 4317
24 4317
0 4414
56 4371
24 4371
30 4415
0 4417
39 4416
20 4416
21 4416
22 4416
23 4416
24 4416
79 4357
19 4357
20 4357
21 4357
22 4357
23 4357
24 4357
0 4418
98 4409
107 4409
7 4409
6 4409
5 4409
4 4409
3 4409
2 4409
1 4409
72 4380
23 4380
24 4380
0 4421
110 4401
19 4401
20 4401
21 4401
22 4401
23 4401
24 4401
35 4423
8 4423
7 4423
6 4423
5 4423
4 4423
3 4423
2 4423
1 4423
40 4411
91 4424
50 4424
27 4425
15 4425
16 4425
17 4425
18 4425
19 4425
20 4425
21 4425
22 4425
23 4425
24 4425
0 4426
84 4427
2 4427
1 4427
97 4428
43 4428
2 4428
1 4428
73 4429
23 4429
24 4429
32 4359
22 4359
23 4359
24 4359
64 4316
13 4316
14 4316
15 4316
16 4316
17 4316
18 4316
19 4316
20 4316
21 4316
22 4316
23 4316
24 4316
80 4432
9 4432
8 4432
7 4432
6 4432
5 4432
4 4432
3 4432
2 4432
1 4432
0 4433
0 4435
106 4437
0 4438
37 4424
81 4424
86 4439
18 4439
19 4439
20 4439
21 4439
22 4439
23 4439
24 4439
66 4440
17 4440
18 4440
19 4440
20 4440
21 4440
22 4440
23 4440
24 4440
0 4441
49 4442
60 4387
17 4387
18 4387
19 4387
20 4387
21 4387
22 4387
23 4387
24 4387
55 4446
0 4447
45 4445
21 4445
22 4445
23 4445
24 4445
83 4448
109 4393
16 4393
17 4393
18 4393
19 4393
20 4393
21 4393
22 4393
23 4393
24 4393
44 4449
0 4451
35 4449
12 4449
11 4449
10 4449
9 4449
8 4449
7 4449
6 4449
5 4449
4 4449
3 4449
2 4449
1 4449
89 4434
10 4434
9 4434
8 4434
7 4434
6 4434
5 4434
4 4434
3 4434
2 4434
1 4434
102 4436
9 4436
8 4436
7 4436
6 4436
5 4436
4 4436
3 4436
2 4436
1 4436
82 4453
42 4453
15 4453
16 4453
17 4453
18 4453
19 4453
20 4453
21 4453
22 4453
23 4453
24 4453
0 4454
61 4396
87 4408
105 4396
1 4396
61 4408
105 4408
1 4408
0 4455
26 4456
10 4456
9 4456
8 4456
7 4456
6 4456
5 4456
4 4456
3 4456
2 4456
1 4456
59 4457
1 4457
0 4458
75 4402
14 4402
15 4402
16 4402
17 4402
18 4402
19 4402
20 4402
21 4402
22 4402
23 4402
24 4402
58 4397
14 4397
15 4397
16 4397
17 4397
18 4397
19 4397
20 4397
21 4397
22 4397
23 4397
24 4397
34 4419
96 4415
0 4460
67 4461
18 4461
19 4461
20 4461
21 4461
22 4461
23 4461
24 4461
28 4411
23 4411
24 4411
103 4462
14 4462
15 4462
16 4462
17 4462
18 4462
19 4462
20 4462
21 4462
22 4462
23 4462
24 4462
41 4444
0 4463
62 4452
79 4452
1 4452
93 4335
106 4419
10 4419
9 4419
8 4419
7 4419
6 4419
5 4419
4 4419
3 4419
2 4419
1 4419
0 4466
88 4464
72 4448
5 4448
4 4448
3 4448
2 4448
1 4448
0 4467
112 4422
110 4422
1 4422
37 4468
16 4468
17 4468
18 4468
19 4468
20 4468
21 4468
22 4468
23 4468
24 4468
0 4470
95 4443
43 4443
9 4443
8 4443
7 4443
6 4443
5 4443
4 4443
3 4443
2 4443
1 4443
85 4472
63 4469
15 4469
16 4469
17 4469
18 4469
19 4469
20 4469
21 4469
22 4469
23 4469
24 4469
65 4450
13 4450
14 4450
15 4450
16 4450
17 4450
18 4450
19 4450
20 4450
21 4450
22 4450
23 4450
24 4450
0 4473
92 4474
21 4474
22 4474
23 4474
24 4474
29 4475
89 4475
15 4475
16 4475
17 4475
18 4475
19 4475
20 4475
21 4475
22 4475
23 4475
24 4475
48 4476
18 4476
19 4476
20 4476
21 4476
22 4476
23 4476
24 4476
0 4477
90 4478
24 4478
78 4431
100 4431
10 4431
9 4431
8 4431
7 4431
6 4431
5 4431
4 4431
3 4431
2 4431
1 4431
46 4459
14 4459
15 4459
16 4459
17 4459
18 4459
19 4459
20 4459
21 4459
22 4459
23 4459
24 4459
0 4479
68 4481
23 4481
24 4481
47 4482
48 4482
19 4482
20 4482
21 4482
22 4482
23 4482
24 4482
0 4483
74 4398
22 4398
23 4398
24 4398
0 4484
51 4480
69 4485
20 4485
21 4485
22 4485
23 4485
24 4485
113 4487
0 4488
31 4486
22 4486
23 4486
24 4486
54 4437
14 4437
15 4437
16 4437
17 4437
18 4437
19 4437
20 4437
21 4437
22 4437
23 4437
24 4437
111 4442
31 4442
22 4442
23 4442
24 4442
114 4465
111 4465
31 4465
22 4465
23 4465
24 4465
0 4490
107 4464
19 4464
20 4464
21 4464
22 4464
23 4464
24 4464
35 4489
107 4489
19 4489
20 4489
21 4489
22 4489
23 4489
24 4489
0 4492
25 4493
8 4493
7 4493
6 4493
5 4493
4 4493
3 4493
2 4493
1 4493
38 4420
3 4420
2 4420
1 4420
76 4471
9 4471
8 4471
7 4471
6 4471
5 4471
4 4471
3 4471
2 4471
1 4471
0 4494
36 4496
4 4496
3 4496
2 4496
1 4496
0 4497
0 4498
81 4491
105 4499
10 4499
9 4499
8 4499
7 4499
6 4499
5 4499
4 4499
3 4499
2 4499
1 4499
50 4500
0 4501
77 4383
2 4383
1 4383
71 4503
20 4503
21 4503
22 4503
23 4503
24 4503
57 4504
91 4505
23 4505
24 4505
0 4506
56 4487
14 4487
15 4487
16 4487
17 4487
18 4487
19 4487
20 4487
21 4487
22 4487
23 4487
24 4487
0 4507
67 4504
109 4504
2 4504
1 4504
0 4508
59 4510
11 4510
10 4510
9 4510
8 4510
7 4510
6 4510
5 4510
4 4510
3 4510
2 4510
1 4510
0 4511
41 4515
110 4515
9 4515
8 4515
7 4515
6 4515
5 4515
4 4515
3 4515
2 4515
1 4515
75 4509
43 4502
17 4502
18 4502
19 4502
20 4502
21 4502
22 4502
23 4502
24 4502
100 4513
17 4513
18 4513
19 4513
20 4513
21 4513
22 4513
23 4513
24 4513
60 4514
5 4514
4 4514
3 4514
2 4514
1 4514
0 4516
80 4517
107 4517
23 4517
24 4517
64 4519
2 4519
1 4519
99 4520
0 4522
97 4523
104 4524
4 4524
3 4524
2 4524
1 4524
100 4523
18 4523
19 4523
20 4523
21 4523
22 4523
23 4523
24 4523
89 4521
23 4521
24 4521
0 4528
0 4530
58 4491
1 4491
48 4500
2 4500
1 4500
26 4531
0 4534
65 4531
23 4531
24 4531
70 4472
18 4472
19 4472
20 4472
21 4472
22 4472
23 4472
24 4472
98 4424
1 4424
98 4535
1 4535
55 4536
94 4509
0 4538
101 4539
112 4540
110 4540
12 4540
11 4540
10 4540
9 4540
8 4540
7 4540
6 4540
5 4540
4 4540
3 4540
2 4540
1 4540
39 4480
14 4480
15 4480
16 4480
17 4480
18 4480
19 4480
20 4480
21 4480
22 4480
23 4480
24 4480
32 4527
39 4527
14 4527
15 4527
16 4527
17 4527
18 4527
19 4527
20 4527
21 4527
22 4527
23 4527
24 4527
59 4539
39 4539
14 4539
15 4539
16 4539
17 4539
18 4539
19 4539
20 4539
21 4539
22 4539
23 4539
24 4539
49 4537
64 4537
5 4537
4 4537
3 4537
2 4537
1 4537
37 4541
2 4541
1 4541
0 4542
52 4495
21 4495
22 4495
23 4495
24 4495
85 4532
56 4532
19 4532
20 4532
21 4532
22 4532
23 4532
24 4532
51 4536
15 4536
16 4536
17 4536
18 4536
19 4536
20 4536
21 4536
22 4536
23 4536
24 4536
30 4545
96 4545
23 4545
24 4545
93 4529
12 4529
11 4529
10 4529
9 4529
8 4529
7 4529
6 4529
5 4529
4 4529
3 4529
2 4529
1 4529
34 4415
23 4415
24 4415
0 4546
84 4547
43 4547
21 4547
22 4547
23 4547
24 4547
78 4543
100 4543
21 4543
22 4543
23 4543
24 4543
0 4549
102 4512
26 4512
82 4551
31 4551
6 4551
5 4551
4 4551
3 4551
2 4551
1 4551
42 4550
6 4550
5 4550
4 4550
3 4550
2 4550
1 4550
0 4553
90 4544
11 4544
10 4544
9 4544
8 4544
7 4544
6 4544
5 4544
4 4544
3 4544
2 4544
1 4544
61 4555
105 4555
17 4555
18 4555
19 4555
20 4555
21 4555
22 4555
23 4555
24 4555
27 4556
10 4556
9 4556
8 4556
7 4556
6 4556
5 4556
4 4556
3 4556
2 4556
1 4556
0 4558
109 4561
8 4561
7 4561
6 4561
5 4561
4 4561
3 4561
2 4561
1 4561
63 4548
0 4562
95 4563
108 4552
68 4552
10 4552
9 4552
8 4552
7 4552
6 4552
5 4552
4 4552
3 4552
2 4552
1 4552
0 4565
33 4525
73 4564
19 4564
20 4564
21 4564
22 4564
23 4564
24 4564
89 4548
3 4548
2 4548
1 4548
100 4563
23 4563
24 4563
87 4567
18 4567
19 4567
20 4567
21 4567
22 4567
23 4567
24 4567
40 4560
14 4560
15 4560
16 4560
17 4560
18 4560
19 4560
20 4560
21 4560
22 4560
23 4560
24 4560
0 4570
