57 2320 0 100 0.0200001 1.06078 1.08078
40 2322 0 100 3.50103e-08 1.19132 1.19132
47 2323 0 100 1.16701e-07 1.20582 1.20582
29 2328 0 100 2.33402e-08 1.31865 1.31865
37 2330 0 100 7.00206e-08 1.36203 1.36203
43 2332 0 100 1.05031e-07 1.38147 1.38147
45 2327 0 100 0.14 1.31376 1.45376
39 2336 0 100 1.16701e-07 1.5329 1.5329
44 2326 0 100 0.28 1.31163 1.59163
46 2337 0 100 0.0900001 1.53825 1.62825
26 2340 0 100 1.28371e-07 1.64053 1.64053
33 2325 0 100 0.49 1.26734 1.75734
54 2346 0 100 3.50103e-08 1.83722 1.83722
31 2345 0 100 0.0400001 1.83027 1.87027
27 2339 0 100 0.4 1.58433 1.98433
35 2352 0 100 0.0100001 1.987 1.997
34 2355 0 100 4.66804e-08 2.13569 2.13569
58 2361 0 100 0.0500001 2.36526 2.41526
36 2362 0 100 9.33608e-08 2.43178 2.43178
53 2363 0 100 0.0300001 2.43504 2.46504
59 2331 0 100 1.1 1.37643 2.47643
38 2365 0 100 4.66804e-08 2.49644 2.49644
41 2348 0 100 0.82 1.8946 2.7146
62 2342 0 100 1.06 1.71639 2.7764
60 2359 0 100 0.5 2.29886 2.79886
25 2372 0 100 0.0300001 2.78835 2.81835
64 2375 0 100 9.33608e-08 2.93493 2.93493
61 2366 0 100 0.44 2.5215 2.9615
32 2333 0 100 1.58 1.40365 2.98365
48 2357 0 100 0.99 2.19387 3.18387
52 2344 0 100 1.44 1.77134 3.21134
56 2354 0 100 1.11 2.1303 3.2403
55 2349 0 100 1.32 1.93407 3.25407
51 2371 0 100 0.92 2.77076 3.69076
47 2382 0 100 0.56 3.35607 3.91607
28 2373 0 100 1.37 2.83558 4.20558
30 2350 0 100 2.38 1.94229 4.32229
36 2397 0 100 1.05031e-07 4.50371 4.50371
40 2396 0 100 0.0500001 4.472 4.522
58 2404 0 100 9.33608e-08 4.76046 4.76046
57 2405 0 100 0.05 4.77251 4.82251
32 2406 0 100 5.83505e-08 4.82987 4.82987
34 2408 0 100 1.16701e-07 4.87333 4.87333
38 2413 0 100 1.28371e-07 4.96869 4.96869
44 2412 0 100 0.0400001 4.96609 5.00609
49 2370 0 100 2.38 2.75777 5.13777
49 2417 0 100 8.16907e-08 5.3196 5.3196
43 2398 0 100 0.85 4.54412 5.39412
45 2401 0 100 0.76 4.64248 5.40248
54 2419 0 100 8.16907e-08 5.41002 5.41002
59 2422 0 100 0.0100001 5.5835 5.5935
31 2389 0 100 1.66 4.00575 5.66575
42 2335 0 100 4.25 1.46321 5.71321
26 2409 0 100 1.09 4.94381 6.03381
29 2430 0 100 0.17 6.06459 6.23459
50 2377 0 100 3.32 2.96775 6.28775
27 2391 0 100 2.22 4.1078 6.32781
62 2432 0 100 0.35 6.24471 6.59471
35 2441 0 100 0.03 6.73936 6.76936
46 2428 0 100 0.8 6.00871 6.80871
25 2435 0 100 0.56 6.37861 6.93861
28 2442 0 100 0.2 6.74194 6.94194
61 2450 0 100 0.0300001 6.99608 7.02608
55 2447 0 100 0.18 6.94448 7.12448
52 2454 0 100 8.16907e-08 7.15197 7.15197
64 2452 0 100 0.3 7.06428 7.36428
60 2411 0 100 2.42 4.96396 7.38396
47 2449 0 100 0.43 6.98155 7.41155
53 2400 0 100 2.92 4.60329 7.52329
36 2440 0 100 0.85 6.68187 7.53187
41 2459 0 100 3.50103e-08 7.54784 7.54784
63 2444 0 100 1.2 6.7881 7.9881
57 2467 0 100 1.51711e-07 8.02512 8.02512
51 2465 0 100 0.13 7.984 8.114
30 2456 0 100 0.81 7.31116 8.12116
37 2425 0 100 2.5 5.78995 8.28995
56 2466 0 100 0.37 8.00946 8.37946
54 2472 0 100 0.0200001 8.36913 8.38913
33 2438 0 100 1.79 6.61699 8.40699
29 2474 0 100 1.28371e-07 8.4523 8.4523
50 2446 0 100 1.66 6.87584 8.53584
49 2477 0 100 0.0300001 8.58463 8.61463
34 2475 0 100 0.17 8.49091 8.66091
40 2486 0 100 1.28371e-07 9.02687 9.02687
28 2496 0 100 4.66804e-08 9.56578 9.56578
58 2482 0 100 0.7 8.88633 9.58633
53 2503 0 100 0.0200001 9.96727 9.98727
43 2501 0 100 0.13 9.92558 10.0556
42 2506 0 100 4.66804e-08 10.1716 10.1716
44 2494 0 100 0.97 9.50653 10.4765
62 2511 0 100 4.66804e-08 10.5358 10.5358
26 2519 0 100 0.0200001 10.8988 10.9188
48 2520 0 100 9.33608e-08 10.9371 10.9371
37 2510 0 100 0.62 10.5168 11.1368
59 2480 0 100 2.43 8.83565 11.2656
25 2530 0 100 1.40041e-07 11.2779 11.2779
57 2531 0 100 0.09 11.2936 11.3836
32 2528 0 100 0.24 11.1808 11.4208
45 2483 0 100 2.6 8.90586 11.5059
34 2532 0 100 0.34 11.3071 11.6471
27 2485 0 100 2.65 9.02095 11.6709
61 2542 0 100 1.05031e-07 11.8156 11.8156
64 2522 0 100 0.91 10.9682 11.8782
63 2544 0 100 5.83505e-08 11.8945 11.8945
35 2492 0 100 2.52 9.4005 11.9205
56 2527 0 100 0.75 11.1762 11.9262
36 2516 0 100 1.12 10.8135 11.9335
49 2523 0 100 1.3 10.9907 12.2907
33 2538 0 100 0.87 11.6906 12.5606
50 2518 0 100 1.69 10.8799 12.5699
60 2541 0 100 0.88 11.7521 12.6321
41 2539 0 100 0.95 11.7394 12.6894
30 2545 0 100 0.79 11.9001 12.6901
54 2556 0 100 5.83505e-08 12.7657 12.7657
46 2557 0 100 4.66804e-08 12.7943 12.7943
53 2552 0 100 0.34 12.4788 12.8188
46 2497 0 100 3.34 9.57812 12.9181
47 2534 0 100 1.48 11.4458 12.9258
39 2515 0 100 2.58 10.7677 13.3477
28 2558 0 100 0.56 12.8215 13.3815
42 2564 0 100 0.32 13.1166 13.4366
62 2563 0 100 0.43 13.0782 13.5082
32 2488 0 100 4.42 9.10041 13.5204
26 2562 0 100 0.54 13.0669 13.6069
32 2571 0 100 1.51711e-07 13.6697 13.6697
39 2572 0 100 2.33402e-08 13.7083 13.7083
40 2573 0 100 0.0300001 13.7438 13.7738
51 2525 0 100 2.91 11.1023 14.0123
57 2582 0 100 1.16701e-07 14.2133 14.2133
27 2579 0 100 0.35 13.9744 14.3244
37 2586 0 100 9.33608e-08 14.5163 14.5163
44 2588 0 100 0.16 14.5403 14.7003
50 2594 0 100 5.83505e-08 14.7652 14.7652
36 2590 0 100 0.23 14.5781 14.8081
47 2595 0 100 0.21 14.7767 14.9867
