91 6333 2.08596
84 6334 2.11527
82 6336 2.14597
64 6337 2.18194
63 6339 2.23184
76 6340 2.26236
72 6341 2.3041
101 6343 2.40279
65 6344 2.41615
43 6346 2.42951
89 6347 2.47096
50 6348 2.50069
69 6350 2.60492
70 6352 2.67906
67 6353 2.70609
38 6355 2.76774
96 6356 2.8111
31 6357 2.81269
48 6359 2.82879
36 6360 2.83582
97 6361 2.84029
78 6362 2.86286
53 6363 2.88109
85 6364 2.92408
52 6366 3.0014
90 6368 3.04947
37 6369 3.06953
98 6370 3.07018
62 6371 3.09933
55 6373 3.19256
88 6374 3.20203
57 6376 3.25804
35 6377 3.31912
103 6379 3.3899
26 6381 3.42658
47 6383 3.56661
83 6384 3.6102
93 6385 3.62347
95 6387 3.65755
41 6388 3.68213
39 6389 3.68901
42 6390 3.72299
51 6392 3.76292
102 6393 3.76692
66 6394 3.81747
80 6396 3.8414
99 6397 3.89519
29 6399 3.93082
74 6400 3.98028
32 6402 4.04081
61 6403 4.0533
27 6404 4.10777
33 6406 4.16387
79 6407 4.16512
68 6408 4.19407
71 6409 4.19928
46 6410 4.20479
44 6411 4.21344
77 6413 4.25811
75 6414 4.27937
92 6415 4.29459
60 6417 4.33605
100 6418 4.35597
81 6419 4.38537
49 6421 4.52269
59 6423 4.53715
94 6424 4.55146
58 6425 4.5661
34 6426 4.57063
63 6427 4.62322
54 6429 4.65974
30 6433 4.94782
104 6434 4.96701
50 6435 5.00797
64 6439 5.23591
88 6441 5.42134
101 6443 5.51881
78 6445 5.59904
57 6448 5.73817
39 6449 5.77888
103 6450 5.8109
48 6451 5.81394
72 6453 5.8444
65 6455 5.9502
73 6457 6.09561
55 6459 6.21867
62 6461 6.27721
91 6462 6.29549
67 6465 6.47603
36 6466 6.4952
33 6468 6.53971
43 6469 6.56532
69 6471 6.71039
40 6473 6.7865
89 6474 6.79947
58 6475 6.8041
37 6477 6.86229
97 6478 6.87891
102 6479 6.89473
63 6480 6.91012
84 6482 6.95469
98 6483 6.95676
31 6485 7.03381
93 6486 7.09823
34 6488 7.13149
71 6489 7.17721
53 6490 7.22542
76 6492 7.22763
42 6493 7.26806
38 6496 7.46139
60 6497 7.47477
51 6498 7.52196
85 6500 7.54746
26 6502 7.69445
41 6504 7.76645
68 6506 7.82894
59 6507 7.91533
49 6508 7.91593
54 6510 7.93176
28 6511 7.93606
87 6512 7.98069
27 6513 7.98811
95 6515 8.07039
100 6516 8.08137
80 6518 8.17641
99 6520 8.22706
66 6521 8.25286
77 6522 8.27148
47 6524 8.35051
79 6526 8.46154
90 6527 8.48169
46 6531 8.75465
89 6533 8.9005
29 6535 8.92733
67 6536 8.9648
35 6538 9.02854
45 6539 9.04165
65 6540 9.07292
50 6541 9.08209
58 6542 9.0886
61 6544 9.14024
44 6545 9.17476
63 6546 9.20518
101 6548 9.29226
81 6549 9.29449
104 6552 9.45897
33 6553 9.51311
48 6555 9.53633
25 6556 9.62277
103 6558 9.63282
40 6559 9.64422
78 6560 9.65116
70 6561 9.71971
86 6563 9.73072
34 6565 9.90055
85 6566 9.92258
30 6568 9.94637
92 6570 10.1184
42 6572 10.1508
64 6573 10.1904
41 6575 10.2534
96 6576 10.2765
53 6577 10.2928
32 6578 10.297
39 6579 10.3187
36 6581 10.3323
102 6582 10.3372
99 6584 10.4451
91 6585 10.4477
94 6586 10.502
28 6587 10.5215
43 6589 10.5268
54 6592 10.7528
73 6594 10.8351
56 6595 10.9245
66 6598 11.0927
84 6600 11.1901
46 6601 11.2163
49 6604 11.3531
60 6605 11.3541
26 6606 11.4258
47 6608 11.44
93 6610 11.5359
97 6611 11.5499
55 6612 11.5543
45 6613 11.5577
69 6615 11.6569
38 6616 11.7023
40 6617 11.7123
59 6619 11.7609
37 6620 11.7696
79 6621 11.7944
98 6623 11.8438
68 6624 11.8524
82 6625 11.8809
31 6626 11.9027
27 6628 11.9856
71 6630 12.0922
62 6631 12.1089
58 6633 12.2165
103 6635 12.2985
72 6637 12.3361
70 6639 12.4369
63 6640 12.455
95 6641 12.4759
51 6642 12.508
28 6644 12.5875
35 6647 12.7951
54 6648 12.8026
29 6650 12.8707
88 6651 12.8807
87 6653 12.9376
67 6654 12.9379
104 6655 12.9394
25 6656 13.005
91 6657 13.019
61 6658 13.0247
83 6660 13.0681
65 6662 13.158
44 6663 13.1684
74 6664 13.1927
85 6666 13.2293
86 6667 13.3093
75 6668 13.3189
89 6671 13.4504
90 6672 13.4584
100 6673 13.498
94 6674 13.5085
34 6676 13.5374
101 6679 13.815
43 6681 13.8708
26 6682 13.8911
81 6685 14.0827
36 6686 14.0967
96 6688 14.1656
33 6690 14.2806
40 6691 14.3256
48 6693 14.3279
32 6694 14.36
82 6695 14.4158
102 6697 14.4758
103 6698 14.5033
92 6699 14.5229
78 6701 14.5422
51 6702 14.5638
46 6703 14.612
99 6705 14.6366
97 6706 14.6483
41 6707 14.7114
63 6708 14.7227
31 6710 14.7797
70 6711 14.7911
57 6713 14.8283
37 6714 14.8856
49 6715 14.9042
71 6717 14.9373
42 6718 14.9453
64 6719 14.9559
