51 492 2.08283
44 493 2.10098
56 494 2.19112
94 495 2.23212
88 496 2.27575
37 497 2.50627
45 498 2.51872
48 499 2.57506
52 500 2.64214
57 501 2.68301
64 502 2.68759
83 503 2.73912
27 504 2.77408
79 505 2.81066
43 506 2.84683
69 507 2.84974
31 508 2.87598
84 509 2.91784
55 510 2.95152
81 511 2.99159
33 512 3.0106
67 513 3.07862
54 514 3.10549
78 515 3.16702
49 516 3.25146
70 517 3.25236
89 518 3.25238
76 519 3.27746
90 520 3.29033
46 521 3.4032
72 522 3.45961
30 523 3.55457
42 524 3.55856
28 525 3.56271
50 526 3.65734
47 527 3.6966
63 528 3.70981
73 529 3.77779
59 530 3.82592
61 531 3.90096
87 532 3.90859
41 533 4.00337
38 534 4.11942
36 535 4.18564
65 536 4.38997
32 537 4.40933
85 538 4.46074
64 539 4.69452
80 540 4.82418
29 541 4.91791
93 542 4.94496
94 543 5.19636
69 544 5.32505
90 545 5.72396
76 546 5.81654
70 547 5.8195
89 548 5.8435
52 549 6.0051
59 550 6.19623
79 551 6.20524
32 552 6.44733
72 553 6.46448
28 554 6.51021
51 555 6.53844
40 556 6.66307
37 557 7.05552
91 558 7.1149
75 559 7.22001
65 560 7.37934
71 561 7.47658
73 562 7.49364
68 563 7.67026
42 564 7.75595
30 565 7.76096
27 566 7.85412
86 567 7.87127
85 568 8.00199
34 569 8.02793
36 570 8.1376
55 571 8.22106
59 572 8.3141
44 573 8.41442
70 574 8.44457
64 575 8.64998
48 576 8.73342
47 577 8.74804
87 578 8.88308
61 579 8.90086
33 580 9.12762
81 581 9.20965
94 582 9.5331
54 583 9.58211
93 584 9.72962
29 585 9.90718
45 586 9.97181
32 587 9.97276
91 588 10.1873
28 589 10.4002
60 590 10.8482
51 591 11.1163
77 592 11.2073
27 593 11.2507
87 594 11.3135
33 595 11.3672
49 596 11.3763
56 597 11.6233
83 598 11.6531
58 599 11.8003
76 600 12.0822
79 601 12.2749
90 602 12.3563
59 603 12.4737
86 604 12.5158
63 605 12.6525
50 606 12.6676
82 607 12.8934
74 608 12.9381
61 609 13.186
75 610 13.2476
73 611 13.3628
60 612 13.5796
62 613 13.6671
51 614 13.8279
72 615 14.3053
80 616 14.3406
79 617 14.406
63 618 14.675
44 619 14.6904
42 620 14.7514
32 621 14.8235
90 622 14.8411
