35 121 2.1181
39 122 2.21127
29 123 2.28449
41 124 2.35138
33 125 2.41068
43 126 2.4358
44 127 2.54638
34 128 2.88424
42 129 3.21739
30 130 3.54261
40 131 3.67128
37 132 4.12225
25 133 4.35813
38 134 4.45194
29 135 4.67953
28 136 4.99693
42 137 5.28755
34 138 5.32999
43 139 5.69184
35 140 5.9874
37 141 6.95008
39 142 6.96348
31 143 7.20185
25 144 7.66912
28 145 7.92037
40 146 8.5113
38 147 9.29837
27 148 10.9026
31 149 10.9514
30 150 11.3324
34 151 11.3912
40 152 11.6164
25 153 11.7059
44 154 12.3402
29 155 13.4939
37 156 13.4964
36 157 13.5366
38 158 13.6155
31 159 14.0389
39 160 14.8071
