73 304 0 100 1.4 2.23404 3.63404
35 303 0 100 2.2 2.20048 4.40048
38 329 0 100 0.6 4.09748 4.69748
71 328 0 100 1.3 4.05084 5.35084
29 307 0 100 3.1 2.41456 5.51456
36 317 0 100 2.9 2.73165 5.63165
39 318 0 100 2.9 2.83212 5.73212
34 320 0 100 2.7 3.09512 5.79512
49 310 0 100 3.6 2.45118 6.05118
66 312 0 100 3.9 2.63169 6.53169
58 327 0 100 2.8 3.98124 6.78124
51 306 0 100 4.7 2.31032 7.01032
47 336 0 100 2.5 4.75562 7.25562
56 339 0 100 1.6 5.72568 7.32568
74 324 0 100 4.1 3.2269 7.3269
40 335 0 100 3.1 4.44096 7.54096
56 314 0 100 5 2.68204 7.68204
52 344 0 100 1.3 6.93264 8.23264
55 340 0 100 2.8 5.89478 8.69478
60 319 0 100 5.9 2.98204 8.88204
43 309 0 100 6.5 2.43707 8.93707
44 347 0 100 1.7 7.49866 9.19866
37 305 0 100 8 2.28772 10.2877
65 313 0 100 8.6 2.66017 11.2602
68 337 0 100 7.2 4.86621 12.0662
40 355 0 100 4 8.68829 12.6883
27 376 0 100 1 12.5099 13.5099
30 366 0 100 3 10.6108 13.6108
44 370 0 100 2.3 11.4162 13.7162
71 349 0 100 5.9 7.83274 13.7327
25 375 0 100 1.8 12.3221 14.1221
72 377 0 100 1.9 12.5958 14.4958
