76 765 0 100 0.7 2.01161 2.71161
30 777 0 100 0.9 2.34742 3.24742
110 775 0 100 1.6 2.2632 3.8632
59 780 0 100 1.6 2.44942 4.04942
55 801 0 100 0.7 3.52126 4.22126
112 803 0 100 0.7 3.59371 4.29371
35 813 0 100 0.3 4.11608 4.41608
111 766 0 100 2.7 2.02632 4.72632
70 802 0 100 1.2 3.52749 4.72749
107 828 0 100 7.00206e-08 4.7623 4.7623
59 826 0 100 0.2 4.74183 4.94183
33 783 0 100 2.3 2.69104 4.99104
28 773 0 100 3.4 2.24479 5.64479
58 794 0 100 2.6 3.23784 5.83784
103 774 0 100 3.6 2.25171 5.85171
83 778 0 100 3.6 2.34807 5.94807
100 787 0 100 3.3 2.95172 6.25172
62 821 0 100 2 4.33951 6.33951
80 834 0 100 1.4 5.78473 7.18473
29 825 0 100 2.7 4.57141 7.27141
25 804 0 100 3.5 3.79072 7.29072
61 805 0 100 3.7 3.80972 7.50972
89 827 0 100 2.8 4.74808 7.54808
110 833 0 100 1.9 5.71425 7.61425
106 798 0 100 4.7 3.35264 8.05264
104 817 0 100 3.8 4.2621 8.0621
100 835 0 100 2.4 5.82932 8.22932
56 844 0 100 1.2 7.04658 8.24658
54 815 0 100 4.1 4.22049 8.32049
87 818 0 100 4.1 4.30039 8.40039
106 837 0 100 2.5 6.30902 8.80902
84 862 0 100 0.1 8.90358 9.00358
27 860 0 100 0.7 8.81098 9.51098
37 851 0 100 1.8 7.90285 9.70285
83 838 0 100 3.4 6.37005 9.77005
42 847 0 100 2.9 7.16543 10.0654
98 845 0 100 3.8 7.04789 10.8479
37 795 0 100 7.6 3.31666 10.9167
103 866 0 100 1.9 9.25984 11.1598
26 864 0 100 2.2 9.1456 11.3456
34 808 0 100 7.6 3.89853 11.4985
74 865 0 100 2.8 9.16212 11.9621
28 832 0 100 6.5 5.48344 11.9834
28 880 0 100 1.1 10.8934 11.9934
57 882 0 100 1 11.0372 12.0372
96 841 0 100 5.5 6.7917 12.2917
102 869 0 100 2.6 9.76764 12.3676
49 811 0 100 8.5 4.09069 12.5907
44 884 0 100 1 11.5955 12.5955
72 889 0 100 0.5 12.1107 12.6107
30 879 0 100 1.9 10.859 12.759
86 892 0 100 0.2 12.5994 12.7994
45 856 0 100 4.4 8.503 12.903
27 819 0 100 8.8 4.30945 13.1095
104 891 0 100 0.9 12.3795 13.2795
105 858 0 100 5 8.65291 13.6529
45 887 0 100 2.1 11.7282 13.8282
77 822 0 100 9.6 4.37074 13.9707
35 852 0 100 6.2 8.15332 14.3533
113 855 0 100 6 8.39028 14.3903
67 896 0 100 1.9 12.8124 14.7124
71 873 0 100 4.6 10.142 14.742
54 863 0 100 5.8 9.02364 14.8236
59 915 0 100 0.3 14.5351 14.8351
38 905 0 100 1.4 13.5258 14.9258
