48 161 2.07405
49 162 2.13874
27 163 2.17286
41 164 2.21785
30 165 2.22184
34 166 2.28329
40 167 2.54069
29 168 2.75592
44 169 2.78603
37 170 3.01197
25 171 3.08895
54 172 3.091
32 173 3.19711
39 174 3.25713
35 175 3.26142
26 176 3.59545
33 177 4.21571
42 178 4.47294
45 179 4.56218
41 180 4.59178
53 181 4.67038
36 182 4.76563
51 183 4.78362
38 184 4.81854
52 185 4.85938
43 186 4.97124
26 187 5.84523
47 188 6.17221
25 189 6.37612
41 190 6.89514
48 191 6.95778
27 192 7.133
50 193 7.55088
40 194 7.62911
37 195 7.71837
33 196 7.94946
28 197 7.96587
54 198 8.09886
35 199 8.40901
43 200 8.77071
36 201 8.8741
49 202 10.0718
51 203 10.1119
39 204 10.1871
31 205 10.3853
54 206 10.4371
44 207 10.533
25 208 10.6647
40 209 10.971
38 210 11.0553
43 211 11.5693
48 212 11.6681
47 213 12.0462
32 214 12.1443
51 215 12.5989
46 216 12.7632
27 217 12.7926
39 218 12.8404
25 219 12.8848
41 220 13.359
37 221 13.6607
36 222 13.7626
34 223 14.4878
31 224 14.5987
54 225 14.6815
43 226 14.7858
26 227 14.8344
44 228 14.8583
38 229 14.8884
