45 1533 2.11037
28 1534 2.18368
54 1539 2.57323
39 1541 2.66489
37 1543 2.7079
25 1545 2.84757
48 1547 2.91097
38 1549 3.00945
47 1550 3.04323
26 1551 3.06839
51 1553 3.13491
29 1554 3.13994
42 1559 3.54178
34 1560 3.5507
41 1562 3.64717
44 1563 3.67033
31 1565 3.72609
27 1567 3.87886
40 1571 4.15538
35 1573 4.23425
33 1574 4.25314
32 1575 4.29465
53 1578 4.4321
52 1579 4.4488
50 1580 4.49318
49 1582 4.51993
30 1583 4.58274
43 1584 4.58911
46 1588 4.89263
36 1589 4.8983
25 1598 5.62744
39 1601 5.84517
37 1602 5.88437
51 1604 5.96617
54 1607 6.14579
48 1608 6.18867
45 1612 6.44343
38 1615 6.66533
47 1620 7.0798
28 1622 7.1402
50 1624 7.24118
40 1626 7.36963
35 1627 7.40091
44 1633 7.86123
41 1634 7.88454
30 1637 8.01227
49 1638 8.02815
26 1640 8.20524
53 1643 8.406
31 1648 8.76838
46 1649 8.7928
27 1652 8.91049
34 1654 9.08292
36 1656 9.20206
29 1658 9.24941
54 1660 9.31806
43 1661 9.36766
42 1663 9.43486
37 1665 9.54359
32 1669 9.84382
25 1671 9.96043
47 1675 10.2964
44 1677 10.3289
52 1678 10.3814
45 1680 10.4241
39 1682 10.5243
51 1686 10.8766
38 1688 10.9267
33 1692 11.235
48 1697 11.6438
43 1699 11.7132
50 1701 11.811
26 1702 11.8426
34 1704 11.9485
31 1706 12.101
35 1709 12.2323
49 1711 12.3895
29 1713 12.4347
28 1714 12.4367
30 1716 12.558
47 1718 12.6615
41 1720 12.7596
25 1722 12.8087
32 1723 12.8692
36 1724 12.8935
46 1726 13.0069
39 1730 13.2757
53 1734 13.5872
44 1738 13.9055
51 1741 14.0978
27 1743 14.1399
40 1746 14.3448
33 1752 14.8441
41 1754 14.9711
