74 3488 2.06417
87 3490 2.07892
44 3491 2.0966
86 3492 2.1046
43 3493 2.15174
52 3495 2.19075
39 3496 2.20342
89 3497 2.24027
82 3499 2.27251
103 3500 2.30708
104 3501 2.31435
61 3502 2.35942
35 3504 2.41485
31 3505 2.42731
33 3506 2.44213
112 3507 2.45136
63 3509 2.48074
100 3510 2.4858
73 3512 2.58872
102 3513 2.62626
94 3514 2.63172
81 3516 2.68567
53 3517 2.68857
28 3518 2.70997
80 3519 2.7119
98 3520 2.71289
32 3521 2.71763
36 3522 2.73789
48 3523 2.75704
60 3525 2.79918
99 3526 2.81211
84 3527 2.84163
101 3528 2.85022
109 3530 2.95651
37 3531 2.96881
62 3534 3.14423
108 3535 3.14889
90 3538 3.33023
76 3539 3.34077
75 3541 3.38718
25 3542 3.42702
97 3543 3.45029
91 3544 3.45546
49 3546 3.48734
45 3547 3.49525
83 3548 3.51317
55 3549 3.54807
51 3550 3.56815
68 3552 3.61787
69 3553 3.62337
77 3554 3.65245
114 3555 3.6594
70 3557 3.68473
50 3558 3.72138
54 3559 3.7356
57 3560 3.74229
85 3562 3.80316
40 3563 3.84046
96 3566 3.99847
64 3567 4.02021
46 3568 4.06298
95 3570 4.11235
113 3571 4.16231
41 3573 4.19021
106 3574 4.19377
47 3575 4.1945
72 3576 4.2192
27 3577 4.22212
59 3579 4.28039
93 3580 4.32865
56 3582 4.37219
66 3583 4.39016
58 3584 4.45578
92 3586 4.48345
107 3587 4.51525
105 3588 4.53736
79 3590 4.58981
65 3591 4.60199
38 3593 4.74567
71 3594 4.76143
35 3595 4.76353
32 3596 4.76616
88 3598 4.81208
30 3599 4.81734
110 3600 4.81766
26 3601 4.82149
42 3602 4.82679
34 3603 4.83189
67 3605 4.91456
29 3606 4.95746
78 3608 4.97696
43 3611 5.19361
74 3615 5.51084
52 3616 5.56797
84 3619 5.6988
28 3620 5.76288
36 3623 5.90177
82 3625 6.00826
112 3626 6.04594
63 3628 6.08618
25 3629 6.12382
76 3631 6.26084
44 3633 6.30607
39 3634 6.33668
95 3636 6.38515
62 3637 6.39591
33 3638 6.41924
100 3640 6.50579
97 3641 6.54958
77 3642 6.56606
91 3644 6.57017
101 3646 6.7226
96 3648 6.7951
102 3649 6.83244
98 3650 6.85835
37 3652 6.87966
80 3653 6.88755
89 3654 6.91091
87 3655 6.94624
49 3657 7.00658
26 3658 7.03627
53 3659 7.05268
75 3660 7.06759
99 3662 7.07611
58 3663 7.08803
103 3664 7.09337
32 3666 7.20855
73 3668 7.31864
81 3669 7.33835
86 3670 7.36771
48 3672 7.39139
31 3673 7.39182
69 3674 7.42558
94 3676 7.49714
114 3677 7.50498
85 3679 7.59585
106 3680 7.5974
47 3682 7.67793
109 3683 7.69969
61 3684 7.71441
90 3685 7.7296
41 3688 7.88066
70 3689 7.88401
35 3693 8.17143
78 3694 8.19121
68 3695 8.26129
40 3696 8.26447
72 3698 8.28761
30 3699 8.32114
74 3700 8.33651
108 3702 8.38278
79 3703 8.43074
45 3704 8.46225
60 3706 8.49359
38 3707 8.53122
55 3708 8.54579
52 3710 8.63683
59 3712 8.69975
46 3713 8.72874
57 3714 8.72918
104 3715 8.7452
56 3717 8.77609
113 3718 8.78347
43 3720 8.8824
29 3721 8.92214
27 3722 8.96644
42 3724 9.06736
67 3726 9.13042
110 3728 9.24899
92 3730 9.27705
89 3731 9.2844
105 3732 9.30148
64 3733 9.32893
36 3735 9.37487
83 3736 9.42624
37 3738 9.49469
111 3739 9.50824
66 3740 9.55289
71 3742 9.6043
53 3744 9.73442
87 3745 9.76083
54 3747 9.79802
107 3748 9.83456
65 3751 10.0095
31 3752 10.0634
109 3753 10.0642
39 3755 10.0923
112 3756 10.1307
77 3757 10.1347
50 3759 10.1709
76 3760 10.177
28 3761 10.1864
84 3763 10.3239
94 3764 10.3328
99 3766 10.3997
25 3767 10.434
48 3768 10.4501
82 3770 10.4907
63 3772 10.5699
40 3773 10.6118
58 3774 10.6269
97 3776 10.6789
106 3777 10.696
80 3779 10.8324
114 3780 10.8355
88 3781 10.8636
100 3783 10.8977
47 3784 10.9663
74 3786 11.0603
69 3789 11.1842
60 3791 11.2772
75 3792 11.3283
61 3793 11.3336
30 3794 11.3535
85 3796 11.4481
93 3797 11.4681
108 3799 11.4958
33 3800 11.503
62 3801 11.5204
38 3802 11.5331
102 3803 11.5562
91 3805 11.6109
41 3808 11.78
87 3809 11.7984
57 3810 11.8149
53 3812 11.8755
96 3813 11.9192
98 3814 11.9311
101 3816 12.0226
49 3818 12.0923
95 3819 12.0938
78 3820 12.0961
111 3821 12.1425
44 3822 12.1528
105 3824 12.2293
37 3825 12.2446
27 3826 12.2565
70 3827 12.2579
110 3829 12.276
86 3830 12.2899
103 3831 12.3251
73 3832 12.3477
26 3834 12.3709
90 3835 12.375
64 3836 12.4117
113 3837 12.4303
52 3839 12.5493
29 3841 12.5833
68 3843 12.6825
35 3844 12.7169
59 3845 12.7312
43 3849 13.0255
83 3850 13.0263
99 3851 13.0513
50 3852 13.069
39 3854 13.1448
72 3856 13.2145
46 3857 13.2344
55 3860 13.3858
54 3861 13.3901
31 3862 13.3938
109 3863 13.4112
56 3864 13.4157
45 3866 13.531
71 3867 13.5577
112 3869 13.6301
32 3871 13.7412
107 3872 13.748
34 3873 13.7645
79 3874 13.7678
104 3876 13.8134
47 3877 13.8185
97 3878 13.8516
42 3880 13.8761
89 3882 13.9878
67 3883 14.0047
81 3884 14.0212
102 3886 14.0812
114 3887 14.0842
75 3889 14.1946
76 3890 14.2346
88 3892 14.3074
69 3893 14.3621
77 3896 14.4723
74 3897 14.5131
66 3898 14.5385
92 3900 14.5726
80 3901 14.5964
100 3903 14.7245
26 3904 14.7648
61 3907 14.8774
30 3908 14.9504
106 3909 14.9627
93 3911 14.9777
