41 1315 2.07022
28 1319 2.40442
40 1320 2.42607
44 1323 2.59507
30 1325 2.74151
37 1327 2.80366
39 1328 2.81348
26 1331 3.04612
34 1333 3.11115
43 1335 3.20826
27 1337 3.28683
38 1339 3.41033
33 1346 3.97432
42 1348 4.05695
31 1351 4.34408
41 1354 4.51136
25 1356 4.54945
35 1357 4.60142
36 1359 4.69851
29 1361 4.7665
44 1366 5.15993
28 1370 5.54112
30 1372 5.60643
34 1376 5.90403
43 1381 6.28956
26 1388 6.90975
39 1389 6.93451
41 1391 7.03614
36 1393 7.14763
37 1396 7.31596
42 1403 7.9134
35 1407 8.20975
40 1410 8.44273
32 1414 8.74239
34 1416 8.81984
33 1418 8.93564
31 1420 9.002
27 1423 9.18835
25 1430 9.84561
39 1435 10.2178
44 1437 10.2499
28 1439 10.3501
26 1440 10.3728
35 1442 10.5469
29 1444 10.6311
30 1446 10.6526
43 1448 10.8034
40 1451 11.0333
42 1456 11.4228
38 1458 11.5033
33 1462 11.7755
37 1466 12.1412
41 1472 12.6191
28 1474 12.7296
34 1481 13.3371
39 1485 13.5845
27 1488 13.8083
30 1489 13.8405
33 1493 14.1224
42 1496 14.2581
32 1497 14.306
25 1498 14.3133
37 1500 14.3489
36 1501 14.3614
31 1502 14.4187
44 1505 14.6195
38 1510 14.9892
