65 49
35 50
41 50
29 52
25 53
9 53
8 53
10 53
7 53
56 53
11 53
61 53
81 53
6 53
48 53
70 53
12 53
80 53
5 53
13 53
49 53
4 53
31 53
51 53
14 53
3 53
15 53
2 53
16 53
1 53
43 53
17 53
54 53
27 53
18 53
19 53
39 53
20 53
21 53
62 53
22 53
42 53
59 53
23 53
24 53
37 53
85 53
50 53
40 53
86 53
50 54
1 54
2 54
86 54
3 54
4 54
5 54
6 54
7 54
8 54
9 54
10 54
11 54
12 54
13 54
14 54
15 54
16 54
17 54
18 54
19 54
20 54
21 54
22 54
23 54
24 54
86 55
1 55
2 55
3 55
4 55
5 55
6 55
7 55
8 55
9 55
10 55
11 55
12 55
13 55
14 55
15 55
16 55
17 55
18 55
19 55
20 55
21 55
22 55
23 55
24 55
91 53
69 49
17 49
16 49
18 49
15 49
19 49
14 49
20 49
13 49
21 49
12 49
22 49
11 49
23 49
10 49
24 49
9 49
8 49
7 49
6 49
5 49
4 49
3 49
2 49
1 49
91 49
65 53
46 51
9 51
8 51
10 51
7 51
11 51
6 51
12 51
5 51
13 51
4 51
14 51
3 51
15 51
2 51
16 51
1 51
17 51
18 51
19 51
20 51
21 51
22 51
23 51
24 51
74 53
75 52
21 52
20 52
22 52
19 52
23 52
18 52
24 52
17 52
16 52
15 52
14 52
13 52
12 52
11 52
10 52
9 52
8 52
7 52
6 52
5 52
4 52
3 52
2 52
1 52
29 53
34 49
68 50
2 50
1 50
3 50
4 50
5 50
6 50
7 50
8 50
9 50
10 50
11 50
12 50
13 50
14 50
15 50
16 50
17 50
18 50
19 50
20 50
21 50
22 50
23 50
24 50
76 53
82 53
65 51
68 56
5 56
4 56
6 56
3 56
7 56
2 56
8 56
1 56
9 56
10 56
11 56
12 56
13 56
14 56
15 56
16 56
17 56
18 56
19 56
20 56
21 56
22 56
23 56
24 56
93 53
45 53
29 49
71 53
77 53
81 54
77 54
80 54
28 53
25 54
28 54
93 49
34 50
75 53
60 53
94 53
29 50
88 53
35 53
75 50
29 58
90 53
66 53
35 57
17 57
16 57
18 57
15 57
19 57
14 57
20 57
13 57
21 57
12 57
22 57
11 57
23 57
10 57
77 57
24 57
9 57
8 57
7 57
25 57
6 57
5 57
4 57
3 57
2 57
1 57
92 53
50 55
40 54
75 58
15 58
14 58
16 58
13 58
17 58
12 58
18 58
11 58
19 58
10 58
20 58
9 58
21 58
8 58
22 58
7 58
23 58
6 58
24 58
5 58
4 58
3 58
2 58
1 58
29 57
87 53
79 53
69 53
34 53
65 56
64 53
38 53
32 53
94 57
78 53
33 53
29 59
8 59
7 59
9 59
6 59
10 59
5 59
11 59
4 59
12 59
3 59
13 59
2 59
14 59
1 59
15 59
16 59
17 59
18 59
19 59
20 59
21 59
22 59
23 59
24 59
67 53
47 53
90 57
55 53
50 58
86 49
52 53
35 58
67 60
12 60
11 60
13 60
10 60
14 60
9 60
15 60
8 60
16 60
7 60
17 60
6 60
18 60
5 60
19 60
4 60
20 60
3 60
21 60
2 60
22 60
1 60
23 60
24 60
73 53
79 59
73 59
