82 88
51 88
46 89
90 89
44 90
22 90
21 90
23 90
98 90
103 90
20 90
49 90
24 90
19 90
46 90
18 90
17 90
41 90
43 90
71 90
86 90
16 90
96 90
15 90
14 90
114 90
13 90
37 90
59 90
70 90
88 90
12 90
31 90
11 90
40 90
83 90
10 90
9 90
8 90
7 90
33 90
51 90
82 90
6 90
30 90
35 90
45 90
89 90
5 90
57 90
4 90
36 90
53 90
66 90
3 90
52 90
105 90
2 90
26 90
1 90
73 90
77 88
8 88
7 88
9 88
6 88
10 88
5 88
11 88
4 88
12 88
3 88
13 88
2 88
14 88
1 88
15 88
16 88
17 88
18 88
19 88
20 88
21 88
22 88
23 88
24 88
60 89
21 89
20 89
22 89
19 89
23 89
18 89
24 89
17 89
16 89
15 89
14 89
13 89
12 89
11 89
10 89
9 89
8 89
7 89
6 89
5 89
4 89
3 89
2 89
1 89
92 90
123 90
90 90
63 90
60 90
123 92
4 92
3 92
5 92
2 92
6 92
1 92
7 92
8 92
9 92
10 92
11 92
12 92
13 92
14 92
15 92
16 92
17 92
18 92
19 92
20 92
21 92
22 92
23 92
24 92
60 92
67 90
80 90
97 90
90 92
63 91
3 91
2 91
4 91
1 91
5 91
97 91
6 91
7 91
8 91
9 91
10 91
11 91
12 91
13 91
14 91
15 91
16 91
17 91
18 91
19 91
20 91
21 91
22 91
23 91
24 91
47 90
111 90
97 93
2 93
1 93
3 93
4 93
5 93
6 93
7 93
8 93
9 93
10 93
11 93
12 93
13 93
14 93
15 93
16 93
17 93
18 93
19 93
20 93
21 93
22 93
23 93
24 93
55 90
114 88
55 88
39 90
114 94
68 90
55 94
4 94
3 94
5 94
2 94
39 94
6 94
1 94
7 94
8 94
9 94
10 94
11 94
12 94
13 94
14 94
15 94
16 94
17 94
18 94
19 94
20 94
21 94
22 94
23 94
24 94
115 90
109 90
79 90
100 90
55 95
27 90
87 90
75 90
112 90
25 90
118 90
63 93
54 90
25 93
63 97
60 91
34 90
64 90
97 94
25 97
5 97
4 97
6 97
3 97
7 97
2 97
8 97
1 97
9 97
10 97
11 97
12 97
13 97
14 97
15 97
16 97
17 97
18 97
19 97
20 97
21 97
22 97
23 97
24 97
56 90
111 93
56 93
109 96
16 96
15 96
17 96
14 96
18 96
13 96
19 96
12 96
20 96
11 96
21 96
10 96
22 96
9 96
23 96
8 96
24 96
7 96
6 96
5 96
25 96
4 96
3 96
2 96
1 96
56 96
94 90
124 90
55 97
78 90
120 90
93 90
69 90
117 90
114 95
9 95
8 95
10 95
7 95
11 95
56 95
6 95
12 95
5 95
13 95
4 95
14 95
3 95
15 95
2 95
16 95
1 95
17 95
18 95
19 95
20 95
21 95
22 95
23 95
24 95
28 90
32 90
27 97
58 90
87 97
84 90
44 88
53 88
60 97
114 99
22 99
21 99
23 99
20 99
24 99
19 99
18 99
17 99
16 99
15 99
14 99
13 99
12 99
11 99
10 99
27 99
9 99
8 99
7 99
6 99
5 99
4 99
3 99
2 99
1 99
55 98
94 95
114 98
24 98
23 98
22 98
21 98
20 98
19 98
18 98
17 98
16 98
15 98
14 98
13 98
12 98
11 98
10 98
9 98
8 98
7 98
6 98
5 98
4 98
3 98
2 98
1 98
124 97
