58 7191 2.05628
78 7192 2.08293
59 7193 2.08678
48 7194 2.08734
80 7195 2.1158
49 7197 2.17674
62 7198 2.17849
68 7199 2.21058
101 7200 2.21545
74 7202 2.23313
100 7203 2.23668
60 7204 2.24735
25 7205 2.26722
56 7206 2.31177
75 7207 2.31664
31 7209 2.32169
33 7210 2.33473
89 7211 2.3492
63 7212 2.36286
65 7213 2.37269
82 7214 2.37811
94 7215 2.37923
99 7216 2.40847
61 7217 2.41114
118 7218 2.41324
83 7220 2.4332
93 7222 2.55289
46 7224 2.63679
28 7225 2.65144
117 7226 2.69388
86 7228 2.75519
30 7229 2.7601
37 7230 2.76834
77 7231 2.79867
102 7232 2.80514
112 7234 2.81824
69 7235 2.83628
121 7236 2.89238
40 7238 2.92346
109 7239 2.92644
36 7240 2.92644
50 7241 2.92803
55 7242 2.94972
95 7243 2.96863
53 7244 3.0124
34 7246 3.06274
67 7247 3.06852
122 7249 3.11858
42 7250 3.15901
27 7251 3.17673
90 7253 3.23402
72 7254 3.23648
81 7255 3.25715
44 7256 3.27134
113 7257 3.2898
98 7258 3.31063
47 7260 3.35622
35 7261 3.38638
108 7262 3.40278
114 7264 3.41768
26 7265 3.43855
54 7266 3.45212
85 7268 3.52439
123 7269 3.57213
76 7271 3.65515
120 7272 3.66629
38 7273 3.70708
115 7275 3.72148
107 7276 3.77326
103 7277 3.80636
97 7279 3.8212
124 7280 3.86649
88 7282 3.93453
119 7283 3.99724
51 7285 4.07137
58 7287 4.1558
45 7288 4.19596
64 7290 4.23693
32 7291 4.28995
106 7293 4.41599
56 7295 4.50451
70 7298 4.61878
100 7299 4.61954
79 7300 4.63467
84 7301 4.65709
74 7302 4.66131
104 7304 4.72406
96 7306 4.82083
71 7307 4.84127
39 7308 4.85402
52 7309 4.87136
25 7311 4.91738
111 7312 4.96738
89 7313 4.97943
109 7314 4.98117
121 7315 5.00708
86 7317 5.03591
102 7319 5.16571
29 7320 5.18703
117 7322 5.23311
49 7325 5.42647
66 7326 5.42798
62 7327 5.48736
75 7329 5.57572
118 7330 5.60475
80 7334 5.8471
101 7335 5.86893
99 7336 5.88208
55 7338 5.92276
78 7339 5.92983
61 7340 6.01328
33 7342 6.08421
107 7343 6.1009
35 7345 6.15993
87 7347 6.2279
63 7348 6.23142
31 7349 6.23449
28 7350 6.28766
122 7351 6.31062
67 7353 6.33555
76 7354 6.33951
53 7355 6.34008
50 7356 6.39245
40 7357 6.41054
65 7359 6.49642
58 7361 6.58467
46 7363 6.714
51 7365 6.75315
113 7366 6.80938
59 7368 6.84318
69 7369 6.84382
82 7370 6.90909
77 7371 6.91147
83 7373 6.92277
103 7374 6.93176
81 7375 6.97059
26 7376 6.98283
93 7377 7.0008
120 7379 7.03459
45 7380 7.07643
72 7382 7.13528
68 7383 7.13979
37 7384 7.16789
100 7386 7.26034
105 7387 7.26895
111 7389 7.33201
115 7391 7.43537
94 7392 7.45801
30 7393 7.48579
60 7394 7.48948
98 7396 7.53377
38 7398 7.62794
84 7399 7.63644
47 7400 7.66205
54 7401 7.66947
25 7402 7.70009
36 7404 7.73496
34 7405 7.78852
95 7407 7.86782
90 7409 7.96906
114 7410 8.00225
124 7412 8.04883
49 7413 8.08754
121 7414 8.09024
27 7415 8.09528
39 7417 8.14283
74 7418 8.168
101 7419 8.2029
112 7421 8.24859
110 7422 8.2823
52 7423 8.28364
64 7424 8.30979
108 7426 8.39235
123 7428 8.51616
75 7430 8.56647
109 7431 8.57676
92 7432 8.58411
119 7433 8.59045
53 7434 8.59844
41 7435 8.60096
61 7436 8.61187
88 7438 8.67743
79 7440 8.80228
76 7442 8.8236
102 7444 8.94177
70 7445 8.96094
116 7447 9.01844
91 7448 9.07719
104 7449 9.09452
55 7450 9.11409
66 7451 9.11482
57 7453 9.1276
35 7454 9.13491
80 7455 9.16113
71 7457 9.22948
42 7458 9.26827
122 7460 9.32364
106 7461 9.32606
83 7462 9.33666
26 7464 9.43894
89 7465 9.47349
62 7467 9.55624
96 7468 9.56235
117 7469 9.58997
31 7471 9.64138
45 7473 9.72544
43 7474 9.72876
87 7476 9.83715
30 7477 9.84303
113 7478 9.84516
37 7479 9.86669
65 7480 9.87977
44 7481 9.91691
86 7483 9.92478
118 7484 9.95267
77 7485 9.96602
99 7486 10.0029
111 7487 10.0101
29 7489 10.0552
40 7491 10.1534
69 7492 10.1749
34 7494 10.2781
67 7496 10.366
63 7497 10.3976
98 7499 10.4264
93 7500 10.4414
82 7501 10.4478
108 7502 10.5156
33 7504 10.5597
58 7506 10.628
36 7507 10.6611
61 7509 10.7971
59 7511 10.8434
114 7512 10.8781
88 7513 10.9137
102 7515 10.9565
64 7516 10.9954
105 7518 11.0558
27 7519 11.1054
101 7521 11.1375
47 7524 11.3295
32 7525 11.403
72 7527 11.435
84 7528 11.5144
107 7530 11.5474
53 7531 11.5501
78 7534 11.7977
95 7536 11.8384
48 7537 11.8417
100 7538 11.8422
42 7539 11.8429
81 7540 11.8722
103 7542 11.9218
86 7543 11.9346
117 7544 11.9777
68 7545 11.9844
71 7546 11.9982
41 7548 12.0182
85 7549 12.0594
74 7550 12.0879
112 7551 12.0894
116 7552 12.0919
97 7553 12.0943
124 7555 12.1266
45 7557 12.2588
122 7559 12.3252
38 7560 12.3679
56 7561 12.3757
94 7562 12.3825
25 7563 12.3943
111 7564 12.4036
98 7566 12.4416
31 7567 12.4522
115 7568 12.5166
49 7570 12.5489
37 7571 12.6017
66 7573 12.6639
91 7574 12.6735
54 7575 12.7111
57 7577 12.7354
39 7578 12.7591
109 7579 12.7687
70 7581 12.8231
113 7582 12.8622
35 7584 12.9383
34 7585 12.9712
44 7586 13.012
76 7588 13.022
63 7589 13.039
121 7590 13.071
79 7591 13.1017
30 7593 13.1254
96 7594 13.1307
52 7597 13.3676
29 7599 13.442
99 7600 13.4481
62 7601 13.4933
108 7602 13.4962
92 7603 13.4989
43 7605 13.5201
55 7606 13.5651
51 7607 13.5729
50 7609 13.6381
110 7610 13.6398
123 7611 13.6735
67 7612 13.6855
69 7614 13.7495
83 7615 13.751
80 7617 13.8426
89 7618 13.8946
28 7620 13.9237
87 7621 13.9466
73 7622 13.9632
77 7624 14.0203
118 7625 14.0257
119 7626 14.0918
40 7628 14.138
58 7629 14.1483
82 7631 14.2284
105 7632 14.3123
88 7635 14.4445
26 7636 14.4489
106 7637 14.4679
42 7638 14.4812
38 7640 14.5319
46 7641 14.541
112 7643 14.6378
104 7644 14.6502
71 7645 14.6752
65 7646 14.6977
86 7648 14.7673
