0 4382
0 4383
0 4384
0 4385
0 4386
0 4387
0 4388
0 4389
0 4390
0 4391
0 4392
0 4393
0 4394
0 4395
0 4396
0 4397
0 4398
0 4399
0 4400
0 4401
27 4402
0 4403
0 4405
0 4406
0 4407
0 4408
0 4409
0 4410
30 4402
21 4402
22 4402
23 4402
24 4402
0 4411
0 4412
0 4413
0 4414
0 4415
0 4416
0 4417
0 4419
0 4421
0 4422
0 4423
0 4424
0 4425
0 4426
34 4418
14 4418
15 4418
16 4418
17 4418
18 4418
19 4418
20 4418
21 4418
22 4418
23 4418
24 4418
0 4427
0 4428
0 4429
32 4420
2 4420
1 4420
0 4430
30 4431
0 4432
0 4435
25 4434
9 4434
8 4434
7 4434
6 4434
5 4434
4 4434
3 4434
2 4434
1 4434
0 4436
27 4431
6 4431
5 4431
4 4431
3 4431
2 4431
1 4431
0 4439
33 4437
2 4437
1 4437
0 4440
0 4442
0 4443
0 4444
29 4433
7 4433
6 4433
5 4433
4 4433
3 4433
2 4433
1 4433
0 4445
0 4446
0 4447
0 4448
0 4449
0 4450
26 4438
1 4438
0 4451
0 4452
0 4453
0 4454
0 4455
0 4456
0 4458
27 4457
0 4459
0 4460
0 4461
0 4462
33 4463
12 4463
11 4463
10 4463
9 4463
8 4463
7 4463
6 4463
5 4463
4 4463
3 4463
2 4463
1 4463
0 4464
0 4465
0 4466
0 4467
0 4468
28 4441
23 4441
24 4441
31 4404
8 4404
7 4404
6 4404
5 4404
4 4404
3 4404
2 4404
1 4404
0 4469
0 4470
0 4471
0 4472
0 4473
0 4474
0 4475
0 4476
29 4477
22 4477
23 4477
24 4477
0 4478
0 4479
0 4480
0 4481
0 4482
0 4483
0 4485
32 4486
24 4486
0 4487
0 4488
0 4489
0 4490
0 4492
0 4493
0 4494
0 4495
25 4491
8 4491
7 4491
6 4491
5 4491
4 4491
3 4491
2 4491
1 4491
0 4496
0 4497
0 4498
0 4499
0 4500
34 4484
18 4484
19 4484
20 4484
21 4484
22 4484
23 4484
24 4484
0 4502
0 4503
0 4504
28 4501
13 4501
14 4501
15 4501
16 4501
17 4501
18 4501
19 4501
20 4501
21 4501
22 4501
23 4501
24 4501
0 4506
0 4507
26 4505
24 4505
0 4508
0 4510
0 4512
0 4513
0 4514
0 4515
0 4518
27 4509
13 4509
14 4509
15 4509
16 4509
17 4509
18 4509
19 4509
20 4509
21 4509
22 4509
23 4509
24 4509
31 4517
2 4517
1 4517
0 4519
0 4520
0 4521
0 4522
32 4516
13 4516
14 4516
15 4516
16 4516
17 4516
18 4516
19 4516
20 4516
21 4516
22 4516
23 4516
24 4516
0 4523
0 4525
0 4526
0 4527
0 4528
0 4529
0 4531
29 4524
17 4524
18 4524
19 4524
20 4524
21 4524
22 4524
23 4524
24 4524
0 4532
0 4533
0 4534
0 4535
30 4457
20 4457
21 4457
22 4457
23 4457
24 4457
0 4536
0 4538
25 4537
24 4537
0 4539
0 4540
0 4541
0 4542
33 4511
18 4511
19 4511
20 4511
21 4511
22 4511
23 4511
24 4511
0 4543
0 4544
0 4545
34 4530
10 4530
9 4530
8 4530
7 4530
6 4530
5 4530
4 4530
3 4530
2 4530
1 4530
0 4546
0 4548
26 4547
15 4547
16 4547
17 4547
18 4547
19 4547
20 4547
21 4547
22 4547
23 4547
24 4547
0 4549
0 4550
0 4552
27 4551
2 4551
1 4551
0 4554
0 4555
0 4556
0 4557
0 4558
0 4559
