47 4794 0 100 1.40041e-07 2.09358 2.09358
29 4796 0 100 8.16907e-08 2.18206 2.18206
46 4793 0 100 0.2 2.08088 2.28088
54 4797 0 100 0.1 2.18802 2.28802
39 4800 0 100 0.2 2.37638 2.57638
52 4802 0 100 0.1 2.56016 2.66016
42 4804 0 100 0.1 2.65051 2.75051
27 4810 0 100 1.28371e-07 2.86203 2.86203
35 4817 0 100 0.1 3.18346 3.28346
51 4808 0 100 0.7 2.80449 3.50449
53 4821 0 100 0.1 3.51332 3.61332
31 4809 0 100 1 2.85418 3.85418
37 4826 0 100 0.4 3.93168 4.33168
38 4834 0 100 0.1 4.36144 4.46144
26 4832 0 100 0.2 4.31349 4.51349
50 4813 0 100 1.5 3.02743 4.52743
40 4845 0 100 2.33402e-08 4.66399 4.66399
43 4814 0 100 1.7 3.05384 4.75384
45 4848 0 100 0.1 4.77931 4.87931
41 4806 0 100 2.3 2.74701 5.04701
25 4851 0 100 0.1 4.96298 5.06298
33 4838 0 100 0.7 4.52092 5.22092
29 4843 0 100 0.7 4.59916 5.29916
39 4856 0 100 0.1 5.23123 5.33123
27 4850 0 100 0.5 4.89607 5.39607
47 4854 0 100 0.5 5.1398 5.6398
32 4844 0 100 1.1 4.62898 5.72898
34 4833 0 100 1.4 4.33379 5.73379
46 4842 0 100 1.5 4.58941 6.08941
36 4840 0 100 1.7 4.57679 6.27679
54 4868 0 100 0.3 6.25078 6.55078
35 4875 0 100 1.40041e-07 6.66011 6.66011
42 4862 0 100 1.1 5.67659 6.77659
52 4878 0 100 8.16907e-08 6.84509 6.84509
28 4841 0 100 2.6 4.58297 7.18297
31 4870 0 100 0.9 6.31775 7.21775
30 4830 0 100 3 4.24805 7.24805
37 4874 0 100 0.7 6.58753 7.28753
26 4887 0 100 5.83505e-08 7.47585 7.47585
48 4836 0 100 3.3 4.39708 7.69708
40 4891 0 100 0.6 7.66775 8.26775
53 4888 0 100 1 7.49409 8.49409
32 4902 0 100 0.5 8.57508 9.07508
44 4883 0 100 2.1 7.18704 9.28704
43 4915 0 100 1.28371e-07 9.42928 9.42929
50 4893 0 100 1.7 7.8073 9.5073
27 4916 0 100 0.1 9.43534 9.53534
45 4920 0 100 1.51711e-07 9.57732 9.57732
30 4918 0 100 0.1 9.50058 9.60058
33 4903 0 100 1 8.6294 9.6294
41 4922 0 100 4.66804e-08 9.67066 9.67066
25 4914 0 100 0.3 9.42581 9.72581
40 4926 0 100 0.1 9.81986 9.91986
39 4933 0 100 0.1 10.0171 10.1171
26 4927 0 100 0.3 9.86277 10.1628
28 4935 0 100 0.3 10.075 10.375
52 4923 0 100 0.7 9.68066 10.3807
29 4928 0 100 0.9 9.86356 10.7636
37 4944 0 100 0.1 10.7443 10.8443
36 4939 0 100 0.6 10.2776 10.8776
48 4947 0 100 0.1 10.9198 11.0198
54 4913 0 100 1.8 9.39616 11.1962
53 4951 0 100 0.1 11.1374 11.2374
51 4956 0 100 0.1 11.4522 11.5522
38 4907 0 100 2.7 8.89615 11.5961
44 4925 0 100 1.8 9.80158 11.6016
34 4937 0 100 1.4 10.2278 11.6278
43 4955 0 100 0.4 11.4384 11.8384
33 4967 0 100 1.40041e-07 12.171 12.171
49 4969 0 100 0.4 12.2792 12.6792
31 4961 0 100 0.9 11.792 12.692
26 4973 0 100 0.1 12.6152 12.7152
42 4932 0 100 2.8 10.0064 12.8064
47 4930 0 100 2.9 9.93389 12.8339
50 4976 0 100 1.28371e-07 12.8342 12.8342
27 4979 0 100 1.51711e-07 12.9375 12.9375
35 4948 0 100 2.3 10.9641 13.2641
38 4983 0 100 0.6 13.1045 13.7045
52 4982 0 100 0.9 13.1023 14.0023
41 4963 0 100 2.2 11.8986 14.0986
29 4998 0 100 0.1 14.0693 14.1693
48 5000 0 100 2.33402e-08 14.1943 14.1943
34 5001 0 100 0.2 14.204 14.404
30 4987 0 100 1.2 13.2712 14.4712
53 4990 0 100 1.1 13.5433 14.6433
44 4996 0 100 0.7 14.0112 14.7112
42 5002 0 100 0.5 14.2284 14.7284
40 5011 0 100 2.33402e-08 14.7429 14.7429
45 4977 0 100 2 12.8346 14.8346
36 5007 0 100 0.3 14.5371 14.8371
25 5009 0 100 0.3 14.6618 14.9618
