50 5039 0 100 5.83505e-08 2.1265 2.1265
30 5042 0 100 0.1 2.25136 2.35136
41 5043 0 100 0.1 2.29994 2.39994
45 5045 0 100 0.3 2.33165 2.63165
59 5050 0 100 0.1 2.53801 2.63801
47 5048 0 100 0.4 2.50286 2.90286
63 5040 0 100 0.7 2.20969 2.90969
60 5060 0 100 5.83505e-08 3.02682 3.02682
54 5062 0 100 0.2 3.04248 3.24248
57 5065 0 100 0.2 3.15103 3.35103
38 5061 0 100 0.4 3.03382 3.43382
29 5058 0 100 0.6 2.95585 3.55585
36 5053 0 100 0.9 2.74549 3.64549
31 5047 0 100 1.3 2.47755 3.77755
61 5079 0 100 0.1 3.88295 3.98295
34 5055 0 100 1.1 2.9011 4.0011
25 5070 0 100 0.6 3.40805 4.00805
56 5069 0 100 0.7 3.36856 4.06856
42 5082 0 100 0.1 4.01172 4.11172
27 5073 0 100 0.6 3.53108 4.13108
48 5076 0 100 0.5 3.67446 4.17446
35 5063 0 100 1.2 3.04663 4.24663
55 5085 0 100 0.3 4.17092 4.47092
44 5091 0 100 0.1 4.41827 4.51827
26 5057 0 100 1.6 2.93114 4.53114
51 5094 0 100 1.63381e-07 4.60374 4.60374
39 5081 0 100 0.7 3.94299 4.64299
40 5098 0 100 1.40041e-07 4.67661 4.67661
32 5067 0 100 1.5 3.26302 4.76302
46 5101 0 100 0.3 4.81073 5.11073
58 5096 0 100 0.5 4.62585 5.12585
37 5099 0 100 0.5 4.70488 5.20488
52 5074 0 100 1.7 3.60828 5.30828
53 5103 0 100 0.5 4.82122 5.32122
62 5089 0 100 1 4.33 5.33
30 5117 0 100 9.33608e-08 5.75451 5.75451
59 5097 0 100 1.3 4.64181 5.94181
33 5090 0 100 1.8 4.36335 6.16335
56 5123 0 100 3.50103e-08 6.18061 6.18061
64 5087 0 100 1.9 4.28454 6.18454
43 5104 0 100 1.3 4.90861 6.20861
54 5109 0 100 1 5.24852 6.24852
50 5125 0 100 0.3 6.23805 6.53805
31 5113 0 100 1.1 5.60828 6.70828
29 5134 0 100 0.1 6.79918 6.89918
36 5126 0 100 0.7 6.23862 6.93862
28 5139 0 100 8.16907e-08 7.09594 7.09594
41 5138 0 100 0.2 7.03271 7.23271
25 5142 0 100 0.1 7.23838 7.33838
38 5144 0 100 9.33608e-08 7.40253 7.40253
32 5133 0 100 0.7 6.79283 7.49283
52 5149 0 100 2.33402e-08 7.59279 7.59279
60 5122 0 100 1.5 6.16259 7.66259
47 5152 0 100 3.50103e-08 7.7513 7.7513
58 5153 0 100 4.66804e-08 7.78589 7.78589
61 5148 0 100 0.6 7.58903 8.18903
57 5115 0 100 2.6 5.62376 8.22376
26 5163 0 100 1.51711e-07 8.31675 8.31675
46 5170 0 100 2.33402e-08 8.52167 8.52167
49 5155 0 100 0.8 7.91629 8.71629
35 5167 0 100 0.8 8.43 9.23
40 5157 0 100 1.4 7.96962 9.36962
27 5168 0 100 0.9 8.51261 9.41261
51 5146 0 100 2 7.4278 9.4278
33 5171 0 100 0.9 8.53614 9.43614
48 5185 0 100 1.28371e-07 9.63219 9.63219
63 5131 0 100 3 6.67772 9.67772
54 5187 0 100 0.1 9.72626 9.82626
55 5165 0 100 1.6 8.3296 9.9296
42 5159 0 100 2 7.99754 9.99754
29 5195 0 100 0.1 10.0748 10.1748
37 5197 0 100 0.1 10.1243 10.2243
53 5158 0 100 2.3 7.99311 10.2931
59 5202 0 100 1.05031e-07 10.3262 10.3262
43 5188 0 100 0.9 9.76287 10.6629
60 5205 0 100 0.4 10.4467 10.8467
34 5208 0 100 0.2 10.6768 10.8768
61 5184 0 100 1.3 9.63047 10.9305
36 5198 0 100 0.8 10.1306 10.9306
56 5211 0 100 0.1 10.882 10.982
32 5212 0 100 0.1 10.9014 11.0014
25 5190 0 100 1.2 9.88654 11.0865
30 5181 0 100 1.8 9.42272 11.2227
50 5218 0 100 0.1 11.232 11.332
64 5215 0 100 0.4 11.063 11.463
62 5200 0 100 1.4 10.2348 11.6348
47 5221 0 100 0.3 11.4017 11.7017
58 5193 0 100 1.8 10.0402 11.8402
41 5230 0 100 1.05031e-07 11.8614 11.8614
45 5220 0 100 0.7 11.4012 12.1012
38 5229 0 100 0.5 11.8234 12.3234
26 5234 0 100 0.3 12.1979 12.4979
37 5239 0 100 0.2 12.3361 12.5361
39 5240 0 100 0.2 12.342 12.542
40 5203 0 100 2.3 10.3827 12.6827
49 5246 0 100 7.00206e-08 12.7861 12.7861
57 5248 0 100 3.50103e-08 12.83 12.83
52 5194 0 100 2.8 10.0488 12.8488
54 5251 0 100 0.2 12.9291 13.1291
63 5256 0 100 4.66804e-08 13.2005 13.2005
25 5245 0 100 0.9 12.7433 13.6433
33 5236 0 100 1.4 12.2501 13.6501
61 5266 0 100 0.1 13.741 13.841
53 5226 0 100 2.1 11.7489 13.8489
55 5249 0 100 1 12.8771 13.8771
48 5271 0 100 1.40041e-07 14.0005 14.0005
27 5237 0 100 1.7 12.3065 14.0065
29 5255 0 100 1 13.1627 14.1627
44 5267 0 100 0.4 13.773 14.173
43 5277 0 100 1.51711e-07 14.1735 14.1735
56 5274 0 100 0.3 14.0964 14.3964
42 5270 0 100 0.6 13.9685 14.5685
52 5290 0 100 1.40041e-07 14.9006 14.9006
28 5263 0 100 1.4 13.582 14.982
