0 4560
0 4561
0 4562
0 4563
0 4564
0 4565
0 4566
0 4567
0 4568
0 4569
0 4570
0 4571
0 4572
0 4573
0 4574
0 4575
0 4576
0 4577
0 4578
0 4579
0 4580
0 4582
0 4583
0 4584
0 4585
0 4586
0 4588
37 4590
8 4590
7 4590
6 4590
5 4590
4 4590
3 4590
2 4590
1 4590
0 4592
41 4589
21 4589
22 4589
23 4589
24 4589
0 4594
0 4596
0 4597
36 4593
8 4593
7 4593
6 4593
5 4593
4 4593
3 4593
2 4593
1 4593
0 4598
0 4600
33 4587
13 4587
14 4587
15 4587
16 4587
17 4587
18 4587
19 4587
20 4587
21 4587
22 4587
23 4587
24 4587
32 4581
3 4581
2 4581
1 4581
0 4604
29 4601
0 4606
0 4607
27 4605
22 4605
23 4605
24 4605
43 4595
0 4608
0 4609
25 4591
0 4610
0 4611
0 4612
35 4602
16 4602
17 4602
18 4602
19 4602
20 4602
21 4602
22 4602
23 4602
24 4602
44 4603
18 4603
19 4603
20 4603
21 4603
22 4603
23 4603
24 4603
0 4613
34 4599
15 4599
16 4599
17 4599
18 4599
19 4599
20 4599
21 4599
22 4599
23 4599
24 4599
0 4615
42 4595
15 4595
16 4595
17 4595
18 4595
19 4595
20 4595
21 4595
22 4595
23 4595
24 4595
0 4616
0 4617
40 4614
5 4614
4 4614
3 4614
2 4614
1 4614
0 4619
0 4620
0 4622
26 4601
1 4601
0 4625
28 4623
14 4623
15 4623
16 4623
17 4623
18 4623
19 4623
20 4623
21 4623
22 4623
23 4623
24 4623
41 4626
6 4626
5 4626
4 4626
3 4626
2 4626
1 4626
30 4624
1 4624
0 4628
0 4630
42 4629
0 4631
0 4632
0 4634
0 4635
38 4621
0 4637
32 4636
14 4636
15 4636
16 4636
17 4636
18 4636
19 4636
20 4636
21 4636
22 4636
23 4636
24 4636
44 4621
31 4627
17 4627
18 4627
19 4627
20 4627
21 4627
22 4627
23 4627
24 4627
0 4638
0 4639
0 4640
0 4641
29 4642
0 4643
43 4629
23 4629
24 4629
26 4642
7 4642
6 4642
5 4642
4 4642
3 4642
2 4642
1 4642
0 4644
39 4618
18 4618
19 4618
20 4618
21 4618
22 4618
23 4618
24 4618
0 4645
0 4648
0 4649
0 4650
0 4651
0 4652
33 4633
5 4633
4 4633
3 4633
2 4633
1 4633
0 4653
0 4655
0 4656
37 4646
4 4646
3 4646
2 4646
1 4646
0 4657
26 4654
12 4654
11 4654
10 4654
9 4654
8 4654
7 4654
6 4654
5 4654
4 4654
3 4654
2 4654
1 4654
36 4647
3 4647
2 4647
1 4647
0 4658
0 4659
0 4660
0 4661
0 4664
43 4662
6 4662
5 4662
4 4662
3 4662
2 4662
1 4662
0 4666
0 4667
0 4668
42 4669
43 4669
7 4669
6 4669
5 4669
4 4669
3 4669
2 4669
1 4669
27 4665
18 4665
19 4665
20 4665
21 4665
22 4665
23 4665
24 4665
0 4670
0 4671
0 4673
0 4674
0 4675
0 4676
0 4678
40 4679
30 4677
19 4677
20 4677
21 4677
22 4677
23 4677
24 4677
0 4680
0 4682
0 4684
0 4685
44 4683
35 4681
15 4681
16 4681
17 4681
18 4681
19 4681
20 4681
21 4681
22 4681
23 4681
24 4681
0 4687
31 4672
9 4672
8 4672
7 4672
6 4672
5 4672
4 4672
3 4672
2 4672
1 4672
34 4686
14 4686
15 4686
16 4686
17 4686
18 4686
19 4686
20 4686
21 4686
22 4686
23 4686
24 4686
0 4688
0 4689
0 4690
0 4691
0 4693
0 4694
25 4663
4 4663
3 4663
2 4663
1 4663
0 4697
0 4698
0 4699
0 4700
0 4702
38 4683
22 4683
23 4683
24 4683
29 4701
0 4704
42 4706
0 4707
0 4708
33 4703
23 4703
24 4703
0 4709
32 4705
13 4705
14 4705
15 4705
16 4705
17 4705
18 4705
19 4705
20 4705
21 4705
22 4705
23 4705
24 4705
28 4692
17 4692
18 4692
19 4692
20 4692
21 4692
22 4692
23 4692
24 4692
0 4711
0 4712
0 4713
0 4715
0 4716
27 4710
8 4710
7 4710
6 4710
5 4710
4 4710
3 4710
2 4710
1 4710
36 4714
22 4714
23 4714
24 4714
0 4717
0 4718
0 4719
26 4701
8 4701
7 4701
6 4701
5 4701
4 4701
3 4701
2 4701
1 4701
0 4720
39 4696
19 4696
20 4696
21 4696
22 4696
23 4696
24 4696
0 4721
43 4706
0 4722
0 4724
31 4725
22 4725
23 4725
24 4725
37 4723
2 4723
1 4723
0 4727
40 4726
16 4726
17 4726
18 4726
19 4726
20 4726
21 4726
22 4726
23 4726
24 4726
0 4729
0 4730
0 4731
41 4695
16 4695
17 4695
18 4695
19 4695
20 4695
21 4695
22 4695
23 4695
24 4695
0 4732
0 4733
43 4734
4 4734
3 4734
2 4734
1 4734
0 4735
38 4736
8 4736
7 4736
6 4736
5 4736
4 4736
3 4736
2 4736
1 4736
0 4737
0 4738
0 4742
35 4739
8 4739
7 4739
6 4739
5 4739
4 4739
3 4739
2 4739
1 4739
0 4744
29 4743
15 4743
16 4743
17 4743
18 4743
19 4743
20 4743
21 4743
22 4743
23 4743
24 4743
34 4740
7 4740
6 4740
5 4740
4 4740
3 4740
2 4740
1 4740
0 4745
0 4746
32 4741
25 4728
20 4728
21 4728
22 4728
23 4728
24 4728
0 4747
0 4748
0 4749
0 4750
44 4752
13 4752
14 4752
15 4752
16 4752
17 4752
18 4752
19 4752
20 4752
21 4752
22 4752
23 4752
24 4752
0 4755
0 4756
42 4757
10 4757
9 4757
8 4757
7 4757
6 4757
5 4757
4 4757
3 4757
2 4757
1 4757
26 4753
19 4753
20 4753
21 4753
22 4753
23 4753
24 4753
0 4758
0 4760
0 4762
0 4763
0 4764
0 4765
0 4766
30 4751
21 4751
22 4751
23 4751
24 4751
0 4767
0 4768
0 4769
0 4770
31 4761
11 4761
10 4761
9 4761
8 4761
7 4761
6 4761
5 4761
4 4761
3 4761
2 4761
1 4761
0 4771
