65 926 0 100 0.4 2.34959 2.74959
73 922 0 100 0.8 2.1933 2.9933
121 929 0 100 0.9 2.44724 3.34724
99 947 0 100 0.6 3.31821 3.91821
103 940 0 100 1.2 2.80126 4.00126
112 949 0 100 0.7 3.32129 4.02129
61 925 0 100 1.7 2.34934 4.04934
43 956 0 100 0.5 3.60397 4.10397
37 973 0 100 0.1 4.14745 4.24745
82 918 0 100 2.3 2.07011 4.37011
108 930 0 100 1.8 2.57081 4.37081
76 976 0 100 4.66804e-08 4.37459 4.37459
29 978 0 100 3.50103e-08 4.40152 4.40152
36 935 0 100 1.8 2.67069 4.47069
93 981 0 100 0.1 4.50048 4.60048
46 965 0 100 0.8 3.89427 4.69427
63 948 0 100 1.4 3.31893 4.71893
111 927 0 100 3.3 2.38768 5.68768
58 936 0 100 3.6 2.69375 6.29375
88 959 0 100 3 3.68848 6.68848
48 919 0 100 4.7 2.09181 6.79181
121 985 0 100 2.2 4.70764 6.90764
116 944 0 100 4 3.09955 7.09955
96 999 0 100 1.1 6.22887 7.32887
75 932 0 100 4.9 2.59161 7.49161
104 993 0 100 2.9 4.9796 7.8796
65 1010 0 100 1 7.2736 8.2736
120 1023 0 100 1.16701e-08 8.32738 8.32738
121 1017 0 100 0.5 7.86865 8.36865
86 984 0 100 3.8 4.59753 8.39753
84 992 0 100 3.7 4.96161 8.66161
38 994 0 100 3.2 5.46349 8.66349
86 1007 0 100 1.8 6.87011 8.67011
62 1026 0 100 0.1 8.59374 8.69374
72 991 0 100 3.8 4.94315 8.74315
83 1027 0 100 0.3 8.60044 8.90044
89 1009 0 100 1.8 7.12143 8.92143
87 924 0 100 6.6 2.33292 8.93292
110 921 0 100 6.9 2.11073 9.01073
84 1015 0 100 1.4 7.69987 9.09987
90 1019 0 100 1.3 8.02226 9.32226
32 1003 0 100 2.7 6.63476 9.33476
61 1008 0 100 2.5 6.89702 9.39702
64 1000 0 100 3.2 6.22953 9.42953
107 1002 0 100 2.9 6.60986 9.50986
123 974 0 100 5.4 4.20276 9.60276
33 980 0 100 5.2 4.43407 9.63407
91 953 0 100 6.2 3.46769 9.66769
63 1038 0 100 3.50103e-08 9.74358 9.74358
56 943 0 100 6.9 2.96696 9.86696
83 961 0 100 6.1 3.79981 9.89981
44 1011 0 100 2.7 7.28254 9.98254
63 998 0 100 4 6.21304 10.213
87 1028 0 100 1.6 8.67129 10.2713
39 970 0 100 6.5 4.03714 10.5371
32 1042 0 100 0.4 10.263 10.663
70 1046 0 100 1.16701e-08 10.7103 10.7103
94 1045 0 100 0.1 10.7048 10.8048
49 962 0 100 7 3.83139 10.8314
118 1036 0 100 1.4 9.44254 10.8425
54 1049 0 100 0.1 10.9892 11.0892
74 1052 0 100 2.33402e-08 11.2412 11.2412
60 1013 0 100 3.8 7.47146 11.2715
122 1040 0 100 1.3 10.088 11.388
85 1048 0 100 0.5 10.9318 11.4318
79 1041 0 100 1.4 10.1571 11.5571
98 1039 0 100 2 10.0284 12.0284
89 1043 0 100 1.7 10.3531 12.0531
111 1065 0 100 0.1 12.0073 12.1073
58 1004 0 100 5.8 6.68537 12.4854
92 1037 0 100 3.9 9.54952 13.4495
102 1070 0 100 1.1 12.3663 13.4663
101 1022 0 100 5.8 8.30041 14.1004
107 1059 0 100 2.5 11.6123 14.1123
56 1035 0 100 4.7 9.42012 14.1201
36 1073 0 100 1.9 12.6116 14.5116
93 1099 0 100 0.3 14.5564 14.8564
