63 303 2.09139
47 304 2.53252
32 305 2.55452
66 306 2.71787
25 307 2.72113
72 308 2.72311
67 309 2.72523
70 310 2.77018
33 311 2.83732
34 312 2.95359
52 313 2.97698
30 314 2.98721
68 315 2.99629
44 316 3.06072
57 317 3.06493
45 318 3.08369
38 319 3.12645
39 320 3.20915
61 321 3.34499
56 322 3.50458
54 323 3.53633
29 324 3.59833
73 325 3.63843
37 326 3.70667
65 327 3.78426
35 328 3.84811
26 329 3.88726
55 330 4.07382
46 331 4.36021
51 332 4.3988
63 333 4.66976
50 334 4.88336
25 335 5.20162
42 336 5.21944
44 337 5.85191
62 338 6.09388
72 339 6.24723
65 340 6.35691
35 341 6.49498
61 342 7.25703
56 343 7.29063
70 344 7.47514
63 345 7.60543
69 346 7.60599
57 347 7.63921
29 348 7.84091
54 349 7.84944
38 350 7.98508
28 351 8.36201
43 352 8.52938
25 353 8.78332
73 354 8.93763
53 355 8.9385
51 356 9.22278
46 357 9.24268
60 358 9.28986
48 359 9.3558
72 360 9.62586
50 361 9.72593
69 362 9.78336
37 363 9.85114
38 364 10.0333
27 365 10.2518
58 366 10.275
67 367 10.6985
70 368 10.7478
63 369 10.8432
74 370 11.0608
34 371 11.1397
71 372 11.1454
66 373 11.1764
35 374 11.4059
39 375 11.5716
55 376 11.7599
30 377 11.8156
61 378 11.825
45 379 12.1566
29 380 12.6847
58 381 12.7063
50 382 12.9265
68 383 13.0069
72 384 13.1753
46 385 13.1762
63 386 13.2994
53 387 13.4152
41 388 13.4174
37 389 13.4281
49 390 13.4664
61 391 13.8565
71 392 14.0133
70 393 14.1276
39 394 14.8061
38 395 14.8317
56 396 14.8435
