63 303
52 303
47 304
22 304
23 304
51 304
57 304
54 304
72 308
67 309
66 306
33 306
25 307
18 307
19 307
58 309
12 309
33 311
70 310
34 312
52 313
30 314
24 314
54 314
57 314
51 314
44 316
38 316
57 317
45 318
69 318
35 318
68 315
6 315
7 315
42 306
17 306
46 307
38 319
51 317
61 307
22 307
54 317
1 317
2 317
43 317
61 321
23 321
53 317
3 317
56 322
11 322
37 312
14 312
66 311
72 306
19 306
20 306
35 306
45 306
44 319
21 319
22 319
50 317
5 317
6 317
29 324
14 324
15 324
36 304
4 304
3 304
42 311
20 311
19 311
35 328
62 310
7 310
8 310
73 325
14 325
15 325
26 329
11 329
54 323
51 323
57 323
36 323
5 323
6 323
70 317
69 306
22 306
23 306
25 319
24 319
23 319
52 310
10 310
11 310
63 313
10 313
30 304
5 304
6 304
65 327
44 306
24 306
69 319
46 321
2 321
3 321
4 321
45 328
46 331
51 332
41 322
29 325
17 325
59 312
18 312
29 312
17 312
16 312
61 331
3 331
4 331
5 331
6 331
57 332
43 323
8 323
34 324
19 324
37 326
34 326
19 326
20 326
35 319
50 323
9 323
10 323
32 305
5 305
6 305
7 305
51 305
57 305
8 305
30 331
7 331
57 331
51 331
8 331
62 317
11 317
63 333
48 315
15 315
67 326
45 319
47 327
7 327
39 320
24 320
23 320
22 320
65 321
52 333
13 333
14 333
15 333
59 324
20 324
36 332
9 332
10 332
11 332
62 332
12 332
13 332
72 311
47 321
8 321
9 321
36 321
57 321
54 305
9 305
37 324
21 324
22 324
23 324
24 324
51 321
30 327
9 327
10 327
57 327
63 332
53 304
11 304
12 304
13 304
31 316
3 316
25 316
4 316
5 316
6 316
61 316
55 330
8 330
7 330
60 313
14 313
15 313
16 313
17 313
18 313
19 313
20 313
25 335
4 335
73 322
20 322
21 322
42 336
66 336
29 313
21 313
52 332
15 332
59 322
22 322
58 326
24 326
23 326
59 326
22 326
28 308
2 308
66 308
46 316
7 316
8 316
55 316
9 316
61 330
49 318
3 318
2 318
28 318
31 335
27 309
24 309
23 309
34 309
70 323
15 323
16 323
69 328
49 328
4 328
3 328
43 331
13 331
38 306
41 325
22 325
23 325
73 313
44 335
29 322
23 322
24 322
67 320
63 323
53 331
14 331
15 331
70 331
16 331
17 331
46 330
9 330
10 330
11 330
65 330
72 318
4 318
5 318
44 318
6 318
25 318
7 318
8 318
9 318
40 314
13 314
43 314
14 314
68 329
19 329
20 329
21 329
22 329
60 332
17 332
70 332
37 309
66 328
5 328
72 328
39 324
4 324
62 304
17 304
18 304
52 323
18 323
19 323
68 323
20 323
21 323
22 323
23 323
24 323
36 305
14 305
13 305
34 322
63 331
61 318
29 323
54 321
28 328
6 328
51 327
54 327
15 327
16 327
62 338
18 338
72 324
6 324
7 324
35 324
69 324
49 324
38 335
8 335
9 335
10 335
11 335
40 321
15 321
16 321
17 321
18 321
72 339
6 339
7 339
69 339
49 339
56 312
24 312
23 312
22 312
26 315
22 315
23 315
24 315
33 336
7 336
62 321
19 321
20 321
52 331
20 331
21 331
22 331
48 333
23 333
24 333
53 314
17 314
70 338
19 338
20 338
42 308
35 339
8 339
44 337
35 341
49 341
56 315
33 308
8 308
9 308
35 308
28 339
33 339
66 339
61 335
13 335
14 335
58 320
5 320
27 320
4 320
72 336
8 336
35 336
9 336
47 330
16 330
17 330
18 330
19 330
63 321
22 321
21 321
39 328
8 328
9 328
65 340
55 335
16 335
71 317
22 317
50 334
20 334
21 334
71 334
22 334
73 329
3 329
4 329
69 341
10 341
9 341
33 328
10 328
11 328
12 328
32 316
16 316
17 316
18 316
63 317
23 317
24 317
28 341
49 308
52 338
33 341
37 322
6 322
5 322
4 322
3 322
2 322
1 322
34 320
6 320
7 320
8 320
9 320
10 320
44 336
12 336
11 336
10 336
64 310
36 314
20 314
19 314
18 314
60 304
24 304
38 337
13 337
12 337
11 337
40 316
20 316
41 313
5 313
4 313
3 313
2 313
1 313
43 327
21 327
45 324
12 324
11 324
10 324
9 324
8 324
69 308
30 305
20 305
19 305
18 305
17 305
16 305
26 331
2 331
1 331
29 329
6 329
5 329
74 307
16 307
15 307
14 307
13 307
12 307
69 307
35 307
70 321
24 321
61 342
17 342
16 342
15 342
14 342
13 342
70 344
24 344
46 318
17 318
16 318
15 318
14 318
13 318
12 318
11 318
10 318
44 342
36 327
22 327
23 327
24 327
63 338
1 338
63 345
1 345
69 346
28 336
13 336
14 336
15 336
16 336
17 336
61 336
18 336
19 336
20 336
21 336
51 336
22 336
57 347
56 343
6 343
5 343
4 343
3 343
2 343
1 343
31 306
15 306
14 306
13 306
12 306
11 306
10 306
9 306
8 306
7 306
6 306
5 306
4 306
3 306
2 306
1 306
38 342
25 328
17 328
16 328
15 328
14 328
54 349
45 308
15 308
14 308
13 308
12 308
11 308
10 308
42 339
15 339
14 339
13 339
12 339
11 339
10 339
9 339
40 349
23 349
39 337
14 337
42 337
15 337
69 337
47 340
22 340
21 340
20 340
19 340
38 350
66 341
42 341
15 341
65 335
52 345
3 345
2 345
33 320
42 320
30 336
23 336
68 312
5 312
53 330
41 329
9 329
8 329
7 329
54 336
32 314
22 314
21 314
66 320
16 320
59 325
11 325
10 325
9 325
8 325
7 325
6 325
64 325
5 325
29 348
10 348
59 348
11 348
12 348
13 348
14 348
15 348
16 348
17 348
42 348
62 334
3 334
2 334
1 334
49 307
17 307
63 325
51 349
45 337
31 342
18 342
19 342
20 342
21 342
22 342
23 342
24 342
28 351
44 350
18 350
35 346
69 320
36 347
1 347
27 324
66 348
18 348
48 312
8 312
7 312
6 312
56 329
60 338
6 338
5 338
4 338
3 338
2 338
42 307
57 349
70 343
53 334
4 334
5 334
6 334
7 334
8 334
9 334
51 338
45 346
20 346
19 346
35 320
45 320
20 320
73 354
69 348
35 348
20 348
44 348
21 348
22 348
23 348
24 348
49 337
20 337
25 353
22 353
21 353
20 353
19 353
18 353
17 353
16 353
15 353
14 353
13 353
12 353
11 353
10 353
33 351
20 351
21 351
22 351
23 351
24 351
48 353
62 343
7 343
8 343
9 343
10 343
11 343
12 343
13 343
14 343
59 343
15 343
16 343
17 343
18 343
19 343
20 343
38 320
61 340
46 314
47 335
3 335
2 335
1 335
40 336
4 336
66 307
21 307
28 337
21 337
63 312
9 312
10 312
11 312
12 312
13 312
14 312
15 312
60 358
9 358
8 358
7 358
6 358
5 358
33 343
28 343
21 343
69 343
35 343
51 356
5 356
53 355
6 355
51 355
5 355
4 355
3 355
66 337
39 341
21 341
20 341
19 341
18 341
17 341
16 341
47 355
36 349
6 349
5 349
4 349
3 349
2 349
1 349
37 339
55 342
4 342
31 350
24 350
61 314
2 314
1 314
71 345
10 345
42 346
23 346
72 360
39 360
22 360
62 345
44 320
28 360
23 360
69 362
35 362
24 362
38 362
49 343
24 343
54 338
7 338
8 338
31 320
32 342
5 342
6 342
7 342
8 342
54 342
34 308
20 308
19 308
18 308
17 308
16 308
37 363
20 363
27 363
21 363
22 363
23 363
24 363
51 342
9 342
10 342
11 342
12 342
58 318
22 318
27 318
21 318
20 318
30 356
9 356
58 366
23 366
22 366
21 366
20 366
19 366
18 366
17 366
16 366
15 366
14 366
40 358
54 358
70 345
13 345
12 345
11 345
36 345
41 354
20 354
19 354
18 354
17 354
16 354
15 354
14 354
70 354
13 354
12 354
11 354
10 354
40 354
65 355
9 355
40 355
10 355
11 355
12 355
13 355
73 312
41 312
20 312
44 362
3 362
66 346
2 346
1 346
47 356
42 360
52 325
15 325
14 325
13 325
12 325
63 366
39 346
70 355
14 355
15 355
63 355
16 355
17 355
18 355
19 355
20 355
21 355
22 355
41 355
53 338
13 338
12 338
11 338
38 364
5 364
49 364
35 364
69 364
4 364
46 357
8 357
56 308
21 308
22 308
23 308
24 308
66 360
4 360
49 360
50 361
14 361
13 361
12 361
11 361
33 337
4 337
3 337
2 337
1 337
35 360
69 360
5 360
42 364
33 364
73 355
23 355
24 355
70 368
16 368
48 359
20 359
19 359
18 359
17 359
16 359
15 359
14 359
13 359
12 359
11 359
10 359
9 359
8 359
7 359
6 359
49 359
35 359
63 369
18 369
17 369
16 369
15 369
14 369
13 369
12 369
11 369
10 369
9 369
8 369
7 369
6 369
5 369
66 373
29 341
24 341
41 341
40 338
14 338
15 338
16 338
71 372
18 372
63 372
19 372
20 372
21 372
22 372
23 372
24 372
35 374
61 357
11 357
10 357
9 357
31 362
8 362
7 362
6 362
5 362
4 362
38 360
42 373
7 373
6 373
5 373
4 373
3 373
2 373
1 373
49 374
8 374
7 374
6 374
5 374
4 374
3 374
2 374
1 374
62 368
19 368
18 368
17 368
72 346
7 346
6 346
5 346
4 346
3 346
43 352
17 352
34 371
3 371
2 371
1 371
33 369
39 375
57 345
17 345
61 378
13 378
12 378
11 378
10 378
9 378
36 325
51 358
17 358
16 358
15 358
14 358
13 358
12 358
11 358
10 358
73 341
2 341
1 341
43 345
18 345
19 345
20 345
21 345
22 345
23 345
24 345
40 352
42 369
55 376
16 376
15 376
14 376
13 376
12 376
11 376
10 376
45 307
10 307
9 307
8 307
7 307
6 307
5 307
4 307
3 307
41 307
31 360
11 360
10 360
9 360
8 360
7 360
47 361
17 361
16 361
15 361
45 379
10 379
38 358
30 377
18 377
27 365
6 365
5 365
4 365
3 365
2 365
1 365
44 376
40 377
19 377
20 377
65 356
18 356
40 356
19 356
20 356
21 356
22 356
70 356
51 352
19 352
26 353
1 353
69 359
50 368
22 368
21 368
51 368
20 368
58 362
9 362
10 362
11 362
12 362
13 362
14 362
15 362
16 362
17 362
18 362
19 362
58 381
9 381
8 381
7 381
6 381
5 381
4 381
3 381
2 381
48 381
37 346
8 346
9 346
30 352
21 352
47 352
55 362
20 362
21 362
25 357
16 357
15 357
49 357
69 357
74 370
18 370
46 370
29 380
8 380
7 380
6 380
5 380
4 380
3 380
2 380
1 380
68 383
4 383
3 383
2 383
1 383
61 370
19 370
20 370
21 370
22 370
40 370
72 375
14 375
13 375
12 375
11 375
10 375
9 375
8 375
7 375
6 375
5 375
4 375
3 375
2 375
72 384
14 384
13 384
12 384
11 384
10 384
9 384
8 384
7 384
6 384
5 384
4 384
3 384
2 384
1 384
34 346
10 346
11 346
12 346
13 346
14 346
15 346
16 346
17 346
18 346
50 382
57 325
24 325
36 368
57 368
24 368
42 379
15 379
14 379
13 379
12 379
11 379
43 377
36 377
62 356
2 356
1 356
60 342
3 342
70 375
31 358
33 378
52 366
4 366
54 354
63 386
42 378
17 378
30 368
38 376
52 386
6 386
5 386
4 386
3 386
43 386
41 388
12 388
11 388
10 388
9 388
8 388
7 388
6 388
66 369
19 369
20 369
21 369
22 369
23 369
24 369
37 389
14 389
29 389
13 389
12 389
11 389
10 389
9 389
8 389
7 389
6 389
5 389
4 389
3 389
35 357
66 357
42 357
26 381
10 381
11 381
12 381
13 381
14 381
73 307
13 307
69 378
20 378
66 378
49 390
57 377
4 377
3 377
2 377
1 377
43 389
46 385
63 388
35 378
21 378
22 378
23 378
24 378
69 390
35 390
66 390
21 390
44 358
22 358
21 358
20 358
19 358
18 358
27 379
17 379
16 379
42 390
22 390
23 390
24 390
67 367
19 367
18 367
17 367
16 367
41 367
40 325
45 359
66 359
38 395
24 395
42 359
23 359
61 391
36 386
7 386
8 386
9 386
10 386
11 386
12 386
13 386
34 381
37 381
18 381
17 381
16 381
57 389
48 386
14 386
15 386
16 386
17 386
18 386
19 386
