31 506
50 508
49 508
44 509
85 510
93 511
49 512
71 509
6 509
7 509
89 510
16 510
75 518
87 511
55 521
66 521
89 522
62 511
77 511
14 511
15 511
53 520
51 520
60 520
37 520
73 520
40 506
15 506
51 506
60 506
37 506
87 523
77 523
70 518
64 518
43 518
3 518
4 518
69 518
72 518
29 519
92 525
24 525
59 525
26 524
71 526
65 524
11 524
12 524
31 511
44 526
9 526
10 526
34 526
62 523
93 523
41 515
7 515
8 515
71 515
44 515
9 515
10 515
50 512
24 512
23 512
58 512
91 512
33 509
10 509
11 509
26 509
88 517
25 510
20 510
48 519
2 519
3 519
28 519
4 519
30 514
12 514
13 514
72 528
60 529
37 529
19 529
20 529
52 505
10 505
11 505
73 506
19 506
20 506
76 523
17 523
18 523
53 523
51 523
60 523
37 523
73 523
19 523
51 530
60 530
37 530
73 530
19 530
20 530
94 524
14 524
15 524
16 524
17 524
62 524
87 524
77 524
93 524
56 510
21 510
78 510
22 510
36 510
90 510
56 532
21 532
22 532
36 532
89 530
21 530
90 532
23 532
66 532
25 529
22 529
83 513
9 513
10 513
34 515
13 515
14 515
79 512
32 516
1 516
2 516
49 516
36 533
33 505
13 505
14 505
94 534
15 534
16 534
17 534
18 534
87 534
54 506
21 506
27 507
11 507
12 507
40 511
20 511
21 511
93 534
62 534
46 519
43 531
50 516
90 533
24 533
23 533
47 519
8 519
9 519
31 523
21 523
22 523
30 515
15 515
42 521
45 510
48 536
53 506
22 506
85 522
24 522
23 522
60 522
55 532
1 532
2 532
79 532
58 532
89 529
85 529
24 529
23 529
51 529
90 539
37 511
60 511
31 541
22 541
23 541
37 541
61 520
23 520
24 520
85 520
44 507
28 537
9 537
73 522
36 539
45 539
1 539
2 539
51 511
23 511
24 511
33 515
16 515
17 515
18 515
45 542
36 542
69 528
12 528
13 528
66 540
42 540
2 540
3 540
89 520
47 537
63 538
3 538
4 538
80 504
14 504
15 504
76 524
22 524
23 524
31 524
38 539
3 539
42 539
41 513
14 513
15 513
82 506
23 506
87 506
81 508
6 508
7 508
59 508
92 508
94 515
19 515
20 515
21 515
22 515
40 524
24 524
79 544
61 511
55 540
62 515
23 515
76 515
65 509
19 509
20 509
90 542
3 542
88 516
7 516
50 547
49 547
7 547
8 547
71 507
17 507
18 507
46 537
12 537
13 537
69 537
53 529
40 529
66 539
4 539
63 539
5 539
70 535
13 535
14 535
83 528
15 528
16 528
59 548
64 531
37 522
1 522
74 518
14 518
15 518
60 541
73 541
1 541
2 541
43 519
93 506
76 506
24 506
39 525
9 525
10 525
29 525
86 508
39 508
9 508
10 508
56 530
3 530
4 530
36 530
68 543
12 543
13 543
26 514
87 515
92 548
39 548
51 524
1 524
60 524
73 524
91 532
6 532
7 532
8 532
39 553
92 553
44 554
58 544
91 544
6 544
7 544
8 544
79 539
58 539
77 534
57 536
11 536
12 536
78 551
4 551
89 551
3 551
48 525
11 525
29 508
48 508
11 508
12 508
45 530
90 530
42 530
66 530
5 530
63 530
6 530
93 515
55 542
66 542
42 542
5 542
6 542
25 533
4 533
53 522
50 544
9 544
39 544
34 505
20 505
21 505
52 513
18 513
19 513
56 551
68 508
13 508
14 508
46 543
14 543
33 545
20 545
21 545
94 509
22 509
23 509
24 509
86 548
10 548
11 548
27 504
18 504
19 504
47 546
46 546
14 546
15 546
16 546
17 546
27 546
18 546
30 507
21 507
22 507
58 530
65 514
22 514
23 514
24 514
49 532
44 513
20 513
62 506
25 551
5 551
36 551
45 551
90 551
81 516
10 516
11 516
26 505
57 525
13 525
14 525
62 555
2 555
87 555
93 555
34 545
22 545
63 542
8 542
9 542
80 546
19 546
20 546
40 522
3 522
4 522
37 524
4 524
5 524
85 524
61 541
4 541
5 541
25 541
56 541
6 541
67 526
22 526
23 526
79 530
9 530
10 530
81 530
11 530
32 538
10 538
11 538
59 553
12 553
13 553
71 554
21 554
22 554
34 554
35 549
13 549
14 549
33 513
22 513
23 513
42 551
66 551
54 523
5 523
6 523
25 523
26 545
24 545
44 546
48 553
14 553
67 554
23 554
64 519
17 519
18 519
19 519
20 519
34 513
49 530
12 530
59 530
13 530
76 555
3 555
4 555
81 538
12 538
29 548
50 532
81 532
12 532
13 532
27 519
21 519
30 526
24 526
55 551
9 551
10 551
94 507
40 555
5 555
72 537
19 537
20 537
21 537
49 538
70 531
18 531
19 531
78 533
8 533
83 518
20 518
21 518
22 518
31 529
5 529
6 529
67 513
24 513
88 547
13 547
14 547
15 547
43 508
70 508
75 543
70 543
61 555
60 555
37 555
6 555
74 552
19 552
20 552
50 538
13 538
41 528
21 528
22 528
23 528
24 528
34 528
45 533
9 533
71 546
23 546
24 546
35 553
15 553
16 553
17 553
47 553
18 553
91 539
11 539
12 539
49 557
81 557
69 535
20 535
21 535
43 543
19 543
20 543
58 542
91 542
42 533
65 505
1 505
2 505
80 519
22 519
23 519
26 526
65 526
1 526
2 526
3 526
4 526
87 526
30 513
63 551
11 551
58 551
84 527
12 527
13 527
67 528
39 516
15 516
16 516
34 546
67 546
59 532
39 532
15 532
16 532
17 532
18 532
92 544
59 544
15 544
16 544
17 544
18 544
19 544
43 544
86 530
69 543
21 543
27 537
23 537
24 537
72 531
69 531
21 531
22 531
70 544
20 544
85 541
9 541
10 541
36 541
90 541
83 552
22 552
23 552
93 526
69 560
66 533
12 533
13 533
76 526
62 526
7 526
8 526
49 527
74 543
22 543
23 543
52 504
36 562
44 518
1 518
2 518
46 553
21 553
22 553
70 553
42 541
12 541
50 557
16 557
59 557
81 527
50 527
16 527
17 527
39 527
68 525
20 525
21 525
53 556
9 556
60 556
73 556
58 533
14 533
66 541
13 541
29 547
19 547
20 547
59 527
90 561
37 556
10 556
11 556
83 543
24 543
80 531
45 562
34 518
93 563
87 563
76 563
86 557
28 536
21 536
22 536
41 535
68 547
21 547
91 551
15 551
16 551
42 561
45 561
36 561
13 561
14 561
58 561
91 561
15 561
16 561
17 561
49 561
81 561
46 525
22 525
23 525
27 552
1 552
73 564
37 564
90 562
51 522
10 522
11 522
12 522
13 522
36 522
45 522
43 553
23 553
24 553
75 544
23 544
24 544
83 544
64 508
29 565
20 565
21 565
60 564
11 564
12 564
13 564
36 564
48 548
20 548
21 548
22 548
71 519
70 536
64 536
50 561
18 561
75 508
24 508
23 508
22 508
21 508
20 508
19 508
18 508
17 508
16 508
79 542
16 542
17 542
18 542
49 542
81 542
35 516
20 516
21 516
29 516
89 524
13 524
69 553
57 549
21 549
22 549
23 549
64 549
55 541
15 541
16 541
79 541
40 526
11 526
37 526
43 536
75 536
24 536
77 506
10 506
11 506
12 506
13 506
59 561
62 563
70 549
43 549
39 557
20 557
21 557
86 561
39 561
20 561
21 561
68 565
23 565
22 565
46 548
24 548
68 548
75 549
89 506
84 551
18 551
19 551
49 551
72 560
1 560
76 570
11 570
10 570
9 570
8 570
7 570
6 570
34 570
88 538
20 538
21 538
22 538
23 538
24 538
63 533
17 533
16 533
15 533
87 567
11 567
12 567
76 567
81 551
20 551
39 551
21 551
22 551
23 551
92 527
21 527
20 527
55 571
46 538
94 505
8 505
7 505
6 505
5 505
4 505
94 572
8 572
9 572
10 572
11 572
12 572
13 572
61 559
14 559
15 559
16 559
85 556
15 556
16 556
17 556
18 556
31 555
13 555
14 555
15 555
16 555
17 555
18 555
19 555
20 555
21 555
89 533
42 562
17 562
16 562
15 562
90 522
42 522
17 522
16 522
15 522
14 522
91 541
40 569
13 569
51 569
60 526
73 526
26 566
8 566
9 566
36 559
42 559
17 559
18 559
79 559
74 525
2 525
1 525
43 525
64 525
56 523
16 523
36 523
90 523
25 558
56 558
16 558
15 558
50 542
21 542
22 542
39 542
46 574
1 574
2 574
64 574
77 563
13 563
14 563
54 529
15 529
16 529
17 529
18 529
36 529
53 569
14 569
54 569
15 569
86 527
22 527
23 527
24 527
57 565
24 565
49 555
59 542
48 516
24 516
23 516
59 516
43 574
64 576
30 518
8 518
9 518
81 577
93 567
13 567
71 575
7 575
6 575
5 575
45 564
18 564
17 564
16 564
45 578
18 578
19 578
20 578
33 554
8 554
9 554
10 554
11 554
12 554
13 554
76 554
55 556
19 556
72 579
4 579
3 579
2 579
26 518
10 518
11 518
12 518
13 518
40 563
15 563
16 563
17 563
18 563
83 580
5 580
4 580
52 552
7 552
8 552
79 578
21 578
22 578
50 577
23 577
24 577
25 563
90 529
38 540
20 540
21 540
51 526
16 526
17 526
18 526
81 578
62 567
63 573
21 573
20 573
19 573
42 523
20 523
36 556
90 556
20 556
21 556
22 556
92 516
45 529
20 529
93 554
82 550
27 568
8 568
9 568
37 572
18 572
17 572
16 572
15 572
40 550
17 550
16 550
76 550
66 571
21 571
45 571
90 571
60 558
80 575
8 575
87 518
16 518
17 518
79 540
23 540
24 540
81 540
73 569
18 569
17 569
35 561
2 561
3 561
48 561
37 558
27 575
9 575
10 575
11 575
30 575
54 564
19 564
51 564
75 574
6 574
5 574
4 574
3 574
78 524
21 524
62 554
17 554
16 554
15 554
14 554
28 547
5 547
4 547
3 547
2 547
1 547
39 547
70 525
73 558
19 558
20 558
21 558
22 558
66 558
63 556
23 556
61 562
56 563
21 563
20 563
19 563
75 525
7 525
6 525
5 525
4 525
36 571
22 571
33 552
12 552
11 552
10 552
9 552
37 583
50 578
1 578
2 578
58 541
24 541
77 567
18 567
17 567
16 567
15 567
14 567
59 547
39 584
67 570
13 570
12 570
73 583
90 585
93 550
87 550
91 559
52 568
11 568
10 568
43 576
54 562
21 562
20 562
19 562
87 562
76 562
31 522
20 522
21 522
54 522
64 580
70 582
8 582
7 582
60 583
21 583
22 583
23 583
25 583
49 578
3 578
4 578
5 578
6 578
50 586
3 586
4 586
33 570
14 570
15 570
16 570
17 570
18 570
19 570
75 576
9 576
43 580
75 580
9 580
8 580
68 580
7 580
65 566
16 566
15 566
14 566
26 567
88 555
81 555
34 575
56 583
24 583
73 587
60 587
45 585
30 566
38 523
1 523
45 523
39 586
5 586
53 564
22 564
21 564
31 564
51 563
53 563
22 563
41 505
12 505
11 505
78 581
80 552
13 552
14 552
15 552
16 552
26 552
17 552
44 519
15 519
16 519
49 586
36 583
46 579
10 579
57 561
8 561
7 561
6 561
5 561
4 561
66 556
2 556
1 556
53 588
45 583
70 579
72 576
12 576
13 576
14 576
27 576
30 519
17 519
18 519
83 568
13 568
14 568
88 586
6 586
7 586
8 586
9 586
87 589
67 575
17 575
16 575
90 583
2 583
1 583
35 574
8 574
7 574
49 574
47 532
11 532
89 573
1 573
2 573
3 573
43 579
12 579
13 579
14 579
15 579
37 587
32 539
6 539
7 539
8 539
36 591
45 591
92 547
8 547
9 547
10 547
11 547
12 547
50 555
7 555
77 570
24 570
23 570
22 570
21 570
51 588
48 578
10 578
9 578
8 578
7 578
34 566
19 566
18 566
44 566
62 550
24 550
23 550
22 550
21 550
20 550
30 550
19 550
18 550
70 547
67 590
19 590
18 590
17 590
16 590
57 586
92 593
73 588
1 588
88 574
50 574
90 591
4 591
3 591
2 591
1 591
41 568
16 568
15 568
48 586
11 586
10 586
49 594
88 594
61 522
65 567
21 567
20 567
19 567
76 589
46 532
14 532
25 595
26 519
51 597
53 597
39 593
10 593
9 593
49 593
59 584
10 584
11 584
12 584
48 584
65 519
22 519
67 567
64 547
15 547
16 547
62 589
1 589
2 589
3 589
4 589
32 555
9 555
8 555
81 574
10 574
11 574
39 574
56 595
5 595
6 595
36 595
45 595
71 566
20 566
21 566
22 566
23 566
24 566
73 597
3 597
2 597
44 550
50 594
33 575
21 575
22 575
26 575
40 564
3 564
2 564
1 564
76 564
86 542
11 542
10 542
9 542
8 542
7 542
54 587
4 587
3 587
62 597
61 596
54 596
4 596
5 596
6 596
36 596
28 582
15 582
16 582
17 582
87 564
76 597
42 571
7 571
8 571
58 571
91 571
9 571
10 571
11 571
57 584
14 584
85 533
6 533
7 533
90 595
94 554
24 554
23 554
22 554
21 554
20 554
19 554
18 554
48 598
57 598
14 598
13 598
60 591
45 596
34 567
23 567
24 567
30 599
23 599
65 575
24 575
93 562
3 562
4 562
42 595
8 595
9 595
73 591
5 591
6 591
54 591
87 597
90 596
34 599
37 589
81 594
12 594
13 594
14 594
48 594
57 594
15 594
16 594
17 594
51 562
5 562
31 563
5 563
4 563
3 563
2 563
1 563
58 595
10 595
11 595
12 595
13 595
35 539
14 539
15 539
48 539
56 601
62 564
52 576
22 576
23 576
40 587
93 597
4 597
5 597
6 597
67 599
24 599
69 568
20 568
19 568
18 568
17 568
41 600
21 600
20 600
59 574
33 576
24 576
79 603
11 603
10 603
9 603
31 587
6 587
5 587
62 587
76 587
87 587
39 598
75 592
19 592
18 592
17 592
16 592
15 592
40 597
54 589
7 589
40 589
6 589
51 589
28 594
18 594
30 576
65 605
1 605
90 606
10 606
11 606
12 606
13 606
50 606
29 557
16 557
17 557
18 557
19 557
86 574
15 574
14 574
13 574
12 574
79 574
91 574
76 609
62 609
31 597
7 597
8 597
55 558
11 558
12 558
79 558
37 562
8 562
87 609
6 609
5 609
4 609
3 609
2 609
1 609
82 569
7 569
76 569
62 569
54 597
42 596
11 596
10 596
9 596
32 571
14 571
15 571
16 571
53 589
33 604
1 604
27 579
24 579
85 596
60 562
9 562
10 562
45 610
36 610
42 610
25 601
11 601
12 601
45 601
92 586
17 586
18 586
19 586
20 586
21 586
22 586
23 586
24 586
27 586
88 593
16 593
17 593
18 593
69 600
23 600
22 600
43 600
49 595
68 607
20 607
19 607
18 607
86 607
17 607
16 607
15 607
66 573
47 568
21 568
22 568
23 568
24 568
56 562
88 595
17 595
18 595
52 586
1 586
29 593
19 593
20 593
46 594
22 594
21 594
44 604
2 604
3 604
4 604
65 604
25 562
12 562
13 562
14 562
74 505
23 505
24 505
94 602
5 602
6 602
7 602
8 602
62 602
89 596
12 596
25 596
91 558
15 558
16 558
17 558
18 558
49 558
77 564
9 564
10 564
11 564
12 564
13 564
38 562
56 596
13 596
14 596
73 589
11 589
10 589
26 604
5 604
34 604
36 601
39 571
48 593
21 593
22 593
23 593
24 593
30 604
78 603
14 603
25 603
28 557
23 557
76 602
10 602
66 596
15 596
92 571
20 571
19 571
26 615
81 606
71 550
4 550
27 550
80 590
3 590
70 611
86 595
59 598
46 613
77 589
12 589
13 589
64 582
39 595
82 602
13 602
31 602
50 571
70 613
1 613
60 589
14 589
15 589
85 589
56 603
16 603
15 603
73 603
60 603
53 603
65 615
8 615
7 615
59 595
22 595
21 595
20 595
19 595
92 616
39 616
59 616
22 616
21 616
20 616
19 616
63 616
18 616
36 618
81 571
27 590
5 590
41 590
88 558
81 558
21 558
43 612
2 612
1 612
72 554
3 554
61 591
15 591
40 602
14 602
31 619
14 619
39 620
32 607
21 607
22 607
89 589
17 589
75 600
49 606
81 607
44 614
64 612
88 606
23 606
32 606
22 606
21 606
20 606
63 606
73 602
52 550
7 550
41 550
6 550
5 550
71 614
8 614
27 614
7 614
50 558
23 558
37 597
70 612
4 612
83 608
6 608
87 569
15 569
49 607
24 607
25 589
19 589
53 591
17 591
77 569
68 557
3 557
48 557
2 557
1 557
55 573
21 573
20 573
19 573
40 619
17 619
56 621
66 617
31 591
40 591
60 602
18 602
52 614
9 614
10 614
11 614
34 614
32 558
24 558
76 622
62 622
59 620
1 620
91 616
23 616
24 616
61 597
19 597
54 573
64 623
93 587
17 587
79 595
37 602
61 573
67 604
12 604
11 604
87 622
90 610
22 610
33 615
12 615
11 615
91 595
24 595
86 598
2 598
49 598
45 618
54 602
20 602
69 550
8 550
81 598
38 606
24 606
60 597
20 597
21 597
89 597
25 621
22 621
93 622
18 622
17 622
16 622
15 622
65 622
63 595
90 618
23 618
61 602
21 602
22 602
23 602
27 627
79 606
29 628
5 628
74 600
9 600
56 610
23 610
24 610
50 598
3 598
4 598
25 618
74 629
9 629
48 628
6 628
7 628
61 630
22 630
69 625
10 625
55 617
51 603
22 603
21 603
40 603
67 631
33 631
15 631
14 631
13 631
90 602
42 601
30 614
67 614
75 612
10 612
69 612
11 612
12 612
13 612
14 612
15 612
67 612
36 589
77 587
21 587
20 587
19 587
18 587
94 587
43 629
10 629
11 629
87 632
76 632
62 632
45 621
93 633
76 633
46 582
10 582
64 600
10 600
32 624
4 624
50 624
49 624
81 624
5 624
6 624
7 624
68 628
9 628
90 601
1 601
53 619
23 619
36 621
1 621
43 582
11 582
12 582
31 603
23 603
24 603
78 596
1 596
83 550
13 550
12 550
11 550
55 601
2 601
44 615
16 615
15 615
14 615
90 636
45 636
49 637
54 630
68 635
10 635
9 635
8 635
39 635
