46 399 0 100 1.16701e-08 2.24022 2.24022
34 400 0 100 0.4 2.25015 2.65015
29 411 0 100 0.4 2.58078 2.98078
78 408 0 100 0.9 2.48253 3.38253
25 412 0 100 0.8 2.62506 3.42506
66 425 0 100 4.66804e-08 3.71901 3.71901
68 431 0 100 0.2 3.99064 4.19064
51 434 0 100 0.1 4.09497 4.19497
33 416 0 100 1.6 2.75384 4.35384
65 423 0 100 1.1 3.47423 4.57423
67 409 0 100 2.1 2.51425 4.61425
59 401 0 100 2.9 2.2852 5.1852
53 405 0 100 2.8 2.40042 5.20042
41 436 0 100 0.8 4.48466 5.28466
44 420 0 100 2.2 3.3342 5.5342
47 426 0 100 1.7 3.83931 5.53931
52 440 0 100 0.9 4.94817 5.84817
57 430 0 100 1.9 3.97293 5.87293
64 398 0 100 5.1 2.06567 7.16567
40 432 0 100 3.2 3.99375 7.19375
43 404 0 100 4.9 2.34738 7.24738
64 446 0 100 0.7 6.63114 7.33114
26 410 0 100 5.5 2.56043 8.06043
34 437 0 100 3.5 4.61859 8.11859
74 413 0 100 6 2.63227 8.63227
72 453 0 100 1.5 7.20319 8.70319
28 418 0 100 6 2.94842 8.94842
51 461 0 100 1.2 8.00827 9.20827
77 397 0 100 7.2 2.01221 9.21221
66 445 0 100 2.9 6.4751 9.3751
58 450 0 100 2.6 6.93356 9.53356
26 452 0 100 2.7 7.14568 9.84568
68 463 0 100 1.8 8.40316 10.2032
56 444 0 100 4 6.31851 10.3185
45 406 0 100 8.4 2.40815 10.8081
36 458 0 100 3.3 7.56299 10.863
26 473 0 100 0.4 10.6048 11.0048
56 474 0 100 0.3 10.7254 11.0254
39 457 0 100 3.7 7.40954 11.1095
50 454 0 100 3.8 7.3177 11.1177
57 471 0 100 1.1 10.093 11.193
74 459 0 100 3.5 7.74542 11.2454
82 447 0 100 4.5 6.82371 11.3237
60 467 0 100 2.8 9.2265 12.0265
56 428 0 100 8.3 3.93289 12.2329
60 448 0 100 5.6 6.82784 12.4278
48 455 0 100 5.2 7.32285 12.5229
34 468 0 100 3.4 9.37605 12.7761
84 491 0 100 0.4 13.5751 13.9751
39 493 0 100 0.6 13.7867 14.3867
25 476 0 100 3.9 10.8618 14.7618
