44 127 2.03241
26 128 2.18564
42 129 2.22581
27 130 2.32151
40 131 2.47737
43 132 2.48409
34 133 2.50088
30 134 2.64414
36 135 2.77651
25 136 2.78774
38 137 3.41474
32 138 3.47921
29 139 3.88903
35 140 3.96782
33 141 4.40471
42 142 5.20647
32 143 6.43247
34 144 6.70965
44 145 6.80509
29 146 7.34658
38 147 7.38815
25 148 7.5349
35 149 8.26825
31 150 8.89702
32 151 9.51997
37 152 9.83629
41 153 10.5612
42 154 10.6065
35 155 10.646
29 156 11.1973
40 157 11.4613
44 158 11.7426
43 159 12.3712
31 160 12.6098
30 161 13.0195
32 162 13.0496
41 163 13.6289
37 164 14.2935
35 165 14.7579
