46 399
59 401
2 401
31 402
2 402
77 397
22 397
21 397
20 397
19 397
27 397
80 403
43 404
60 404
46 404
34 400
77 400
22 400
63 400
59 402
71 407
32 397
27 403
67 409
26 410
78 408
38 401
3 401
4 401
25 412
54 400
24 400
79 410
9 410
42 410
64 398
2 398
43 398
63 408
24 408
42 415
10 415
44 407
50 412
18 412
19 412
20 412
21 412
60 398
74 413
6 413
5 413
38 413
34 408
58 417
8 417
7 417
47 410
11 410
10 410
29 411
1 411
31 401
5 401
6 401
7 401
8 401
56 407
13 407
12 407
11 407
42 407
36 417
59 413
32 403
22 403
73 403
28 418
46 398
4 398
3 398
74 418
8 418
7 418
6 418
5 418
46 418
45 406
19 406
44 420
77 408
2 408
1 408
58 401
10 401
39 406
20 406
37 406
21 406
22 406
50 406
72 417
10 417
9 417
55 412
54 422
63 422
65 423
36 419
61 404
6 404
5 404
4 404
43 418
83 402
31 413
57 410
14 410
13 410
12 410
72 419
11 419
40 401
75 401
12 401
36 401
66 425
22 425
23 425
24 425
50 424
23 424
60 421
58 410
40 410
47 407
15 407
46 421
61 418
69 423
66 423
62 409
21 409
22 409
56 428
43 421
8 421
78 422
5 422
29 422
6 422
7 422
8 422
46 422
82 429
51 423
23 423
40 432
26 407
65 429
51 429
66 429
74 419
12 419
13 419
14 419
15 419
16 419
17 419
18 419
19 419
20 419
21 419
22 419
72 401
13 401
14 401
15 401
16 401
17 401
18 401
19 401
20 401
21 401
68 431
21 431
41 431
51 434
65 434
27 435
49 433
21 433
62 419
81 431
22 431
23 431
65 431
51 431
24 431
66 434
24 434
38 402
11 402
10 402
9 402
8 402
7 402
63 402
80 397
3 397
41 433
81 433
22 433
23 433
24 433
65 433
51 433
47 426
67 419
23 419
24 419
65 419
51 419
76 427
5 427
4 427
3 427
25 406
33 416
2 416
1 416
52 401
22 401
37 424
1 424
35 398
9 398
8 398
41 436
68 401
39 409
45 423
82 419
65 409
1 409
66 433
1 433
34 437
84 403
5 403
4 403
3 403
2 403
51 403
65 403
1 403
42 426
19 426
18 426
17 426
16 426
57 430
19 430
48 414
6 414
80 414
28 417
74 417
15 417
14 417
38 417
31 417
32 435
5 435
48 435
6 435
7 435
8 435
9 435
10 435
11 435
37 433
2 433
3 433
4 433
5 433
48 433
6 433
7 433
8 433
9 433
10 433
11 433
12 433
13 433
14 433
31 433
71 420
75 410
17 410
36 410
73 427
6 427
46 435
12 435
13 435
14 435
15 435
16 435
84 439
6 439
44 428
53 405
16 405
61 421
13 421
12 421
11 421
10 421
9 421
43 422
61 422
13 422
12 422
11 422
10 422
9 422
39 419
3 419
37 419
4 419
5 419
6 419
7 419
27 414
7 414
8 414
9 414
10 414
11 414
12 414
13 414
77 437
10 437
9 437
8 437
73 437
34 421
26 430
21 430
42 430
80 419
49 401
1 401
46 414
43 414
61 414
14 414
15 414
16 414
17 414
18 414
19 414
20 414
21 414
28 405
17 405
18 405
19 405
20 405
21 405
22 405
23 405
24 405
79 407
21 407
20 407
19 407
18 407
17 407
25 424
5 424
4 424
3 424
39 424
65 424
51 424
60 418
14 418
13 418
12 418
11 418
10 418
9 418
81 436
2 436
1 436
36 435
19 435
18 435
17 435
75 438
20 438
19 438
18 438
17 438
16 438
15 438
14 438
43 438
83 413
17 413
16 413
61 413
15 413
60 413
40 426
20 426
21 426
22 426
46 438
60 438
59 417
55 397
10 397
9 397
8 397
7 397
38 433
43 413
56 420
57 426
23 426
24 426
83 417
18 417
17 417
16 417
66 403
6 403
65 442
6 442
5 442
62 442
69 429
6 429
59 433
82 424
6 424
66 424
39 403
59 443
31 443
70 406
8 406
7 406
69 424
7 424
8 424
9 424
10 424
11 424
12 424
13 424
14 424
15 424
16 424
17 424
18 424
59 424
52 440
4 440
3 440
2 440
1 440
47 430
58 432
22 432
80 441
82 403
7 403
8 403
50 403
65 406
70 403
9 403
10 403
11 403
12 403
13 403
14 403
15 403
16 403
17 403
18 403
42 414
47 414
1 414
26 414
82 406
66 406
51 406
43 417
72 410
23 410
22 410
21 410
20 410
19 410
18 410
37 429
9 429
8 429
7 429
48 427
13 427
36 432
38 443
21 443
20 443
19 443
18 443
17 443
16 443
15 443
14 443
13 443
12 443
11 443
10 443
78 402
16 402
31 424
38 424
21 424
63 398
27 441
13 441
12 441
11 441
50 441
71 428
4 428
3 428
54 404
63 404
17 404
16 404
15 404
14 404
78 398
17 398
66 445
65 445
70 441
32 439
47 428
51 445
82 445
60 417
21 417
20 417
19 417
54 417
63 417
56 444
71 444
34 398
18 398
19 398
20 398
21 398
22 398
23 398
38 398
31 398
39 445
11 445
10 445
82 447
60 448
27 439
67 442
10 442
41 442
62 429
61 438
22 438
84 437
16 437
39 447
65 447
51 447
43 448
58 450
2 450
73 418
84 418
16 418
15 418
31 451
69 406
13 406
12 406
11 406
49 406
33 397
15 397
50 397
61 448
23 448
22 448
21 448
20 448
54 448
46 413
23 413
22 413
21 413
20 413
19 413
18 413
59 398
72 432
3 432
2 432
1 432
59 432
31 432
72 453
3 453
27 437
17 437
18 437
19 437
20 437
21 437
22 437
23 437
46 437
64 446
61 446
46 446
73 413
36 450
72 450
3 450
4 450
5 450
6 450
7 450
8 450
9 450
10 450
11 450
48 404
18 404
19 404
20 404
21 404
22 404
23 404
24 404
32 418
38 451
43 437
61 437
60 446
24 446
42 428
7 428
6 428
5 428
81 442
12 442
11 442
29 402
22 402
21 402
20 402
19 402
18 402
17 402
30 415
8 415
40 453
80 439
18 439
17 439
16 439
15 439
65 439
51 439
27 418
18 418
17 418
67 429
13 429
41 429
45 445
14 445
13 445
12 445
39 457
82 457
51 457
28 435
3 435
2 435
1 435
38 435
36 458
55 427
20 427
19 427
18 427
17 427
16 427
15 427
53 407
81 429
14 429
15 429
16 429
17 429
18 429
19 429
20 429
58 453
6 453
5 453
4 453
69 439
57 449
9 449
76 422
22 422
21 422
72 458
6 458
32 402
65 457
61 460
43 460
46 460
48 455
21 455
26 452
9 452
8 452
7 452
62 456
27 402
51 461
17 461
39 461
32 455
77 421
24 421
35 410
1 410
41 445
64 437
3 437
2 437
1 437
25 441
19 441
18 441
17 441
28 407
6 407
5 407
4 407
46 407
61 407
68 406
16 406
15 406
14 406
78 417
1 417
70 397
20 397
19 397
50 454
70 454
20 454
19 454
18 454
17 454
16 454
15 454
14 454
13 454
12 454
11 454
81 445
17 445
70 462
41 441
47 415
12 415
65 461
19 461
18 461
73 422
24 422
32 422
38 453
7 453
8 453
9 453
10 453
11 453
12 453
13 453
14 453
15 453
16 453
17 453
18 453
19 453
20 453
21 453
22 453
23 453
24 453
84 413
24 413
82 439
20 439
48 453
74 459
9 459
50 462
22 462
21 462
51 462
26 415
13 415
14 415
15 415
16 415
17 415
18 415
19 415
20 415
21 415
69 457
21 457
20 457
19 457
18 457
17 457
16 457
15 457
14 457
66 447
21 447
20 447
19 447
18 447
17 447
16 447
15 447
14 447
13 447
12 447
11 447
10 447
72 447
63 448
28 459
54 421
38 464
8 464
7 464
46 464
61 464
82 462
65 462
66 462
51 415
65 415
66 415
29 417
4 417
34 417
3 417
71 465
16 465
15 465
14 465
13 465
12 465
11 465
39 397
65 397
66 397
49 450
19 450
20 450
21 450
66 450
65 450
63 421
4 421
3 421
33 418
24 418
68 463
59 451
9 451
10 451
11 451
31 435
51 397
22 397
23 397
78 448
4 448
53 459
10 459
38 459
58 452
12 452
13 452
14 452
57 452
15 452
16 452
64 407
8 407
9 407
71 452
17 452
18 452
19 452
20 452
40 458
41 461
21 461
22 461
66 461
23 461
24 461
25 397
24 397
60 460
8 460
7 460
60 467
46 467
8 467
58 458
13 458
14 458
15 458
16 458
17 458
27 455
2 455
1 455
64 467
9 467
68 452
21 452
67 456
22 456
21 456
62 445
67 445
22 445
23 445
24 445
54 469
78 469
43 464
60 464
9 464
46 470
60 470
29 448
7 448
8 448
9 448
39 450
24 450
30 449
18 449
19 449
20 449
21 449
22 449
23 449
24 449
51 449
66 449
64 464
10 464
11 464
12 464
13 464
14 464
15 464
16 464
81 441
23 441
67 441
73 466
52 442
22 442
23 442
24 442
55 429
5 429
4 429
32 429
79 414
17 414
16 414
15 414
80 402
4 402
84 466
4 466
77 469
7 469
35 460
9 460
10 460
49 463
23 463
81 463
24 463
38 407
13 407
14 407
15 407
16 407
41 452
81 452
24 452
68 456
48 402
82 415
1 415
2 415
70 415
44 444
21 444
22 444
23 444
24 444
75 428
40 428
39 442
37 443
2 443
51 443
49 456
24 456
81 456
50 415
3 415
4 415
5 415
6 415
56 406
26 464
82 442
51 442
2 442
66 443
82 443
59 435
14 435
15 435
76 421
8 421
37 442
3 442
50 442
34 468
9 468
62 441
1 441
67 463
1 463
65 449
31 459
59 459
15 459
16 459
17 459
40 459
18 459
69 462
3 462
2 462
68 441
52 444
82 449
82 472
65 472
66 472
73 402
64 460
14 460
15 460
59 460
38 460
46 448
14 448
13 448
51 472
4 472
53 435
17 435
31 460
16 460
53 460
17 460
49 441
2 441
72 465
19 465
18 465
26 473
22 473
23 473
83 433
17 433
78 475
44 406
33 455
8 455
9 455
54 475
13 475
75 459
21 459
20 459
37 472
6 472
71 458
81 462
4 462
62 462
52 441
3 441
4 441
5 441
82 441
66 441
65 441
73 455
10 455
11 455
12 455
13 455
54 455
56 474
44 474
27 429
10 429
76 468
12 468
13 468
14 468
15 468
16 468
64 468
17 468
18 468
38 468
59 468
31 468
30 473
71 474
1 474
73 429
11 429
12 429
47 457
53 465
20 465
31 465
42 454
47 454
49 478
57 471
80 466
27 466
11 466
10 466
43 470
64 470
18 470
19 470
20 470
36 447
22 447
23 447
24 447
61 467
35 448
16 448
17 448
64 448
18 448
19 448
72 459
36 459
22 459
23 459
24 459
50 472
9 472
10 472
11 472
80 472
45 427
7 427
65 427
82 427
78 455
15 455
26 447
58 428
84 402
12 402
13 402
14 402
15 402
77 455
72 428
23 428
22 428
27 472
25 476
54 480
43 467
19 467
20 467
21 467
22 467
23 467
24 467
84 472
13 472
70 442
50 476
34 455
16 455
17 455
18 455
29 475
17 475
68 478
7 478
38 465
22 465
23 465
24 465
58 467
59 470
55 421
15 421
72 467
1 467
36 479
72 479
1 479
67 462
10 462
9 462
68 462
73 421
16 421
84 421
27 421
79 464
4 464
25 442
13 442
14 442
15 442
16 442
83 468
24 468
23 468
61 468
43 468
38 470
31 448
38 448
53 428
62 482
11 482
10 482
57 464
5 464
47 464
83 470
59 448
38 484
40 465
35 455
22 455
23 455
83 448
80 421
17 421
18 421
19 421
20 421
21 421
59 484
58 465
64 455
24 455
33 477
16 477
17 477
73 477
84 477
27 477
41 456
12 456
13 456
44 485
28 460
2 460
3 460
4 460
77 475
21 475
20 475
68 482
12 482
56 485
9 485
8 485
32 466
18 466
19 466
20 466
21 466
22 466
74 451
3 451
63 469
22 469
21 469
20 469
19 469
84 469
72 460
37 486
15 486
75 479
5 479
4 479
3 479
2 479
78 480
22 480
46 468
66 427
15 427
14 427
13 427
51 441
15 441
14 441
79 487
58 460
5 460
6 460
25 486
16 486
51 486
66 486
82 456
51 456
43 489
75 488
6 488
70 476
17 476
16 476
82 476
63 480
23 480
26 487
8 487
7 487
31 470
3 470
4 470
79 460
81 478
39 443
16 443
17 443
70 443
50 443
74 470
5 470
6 470
7 470
8 470
36 465
6 465
7 465
8 465
9 465
10 465
40 488
58 488
34 475
23 475
83 484
67 482
15 482
14 482
13 482
40 490
79 470
9 470
10 470
61 489
45 481
16 481
67 481
25 443
18 443
19 443
80 477
21 477
20 477
33 443
20 443
21 443
49 462
15 462
16 462
45 462
17 462
41 478
68 427
48 415
23 415
22 415
72 488
8 488
7 488
67 478
17 478
16 478
15 478
14 478
71 478
13 478
12 478
11 478
47 485
12 485
13 485
49 427
16 427
17 427
52 482
16 482
84 491
23 491
27 491
81 427
60 483
4 483
39 462
19 462
58 490
72 490
9 490
8 490
77 466
41 427
18 427
43 483
61 483
39 493
65 486
20 486
19 486
28 479
8 479
9 479
10 479
11 479
12 479
13 479
51 476
65 476
66 456
82 493
51 493
58 494
49 482
18 482
81 482
61 495
35 492
4 492
5 492
6 492
7 492
83 492
37 476
21 476
20 476
56 496
71 485
15 485
16 485
17 485
18 485
80 491
24 491
66 493
37 493
21 493
25 493
50 493
40 494
75 487
11 487
46 489
43 495
72 494
11 494
10 494
28 494
9 494
58 487
53 451
74 488
10 488
9 488
62 481
20 481
19 481
64 483
7 483
8 483
9 483
70 493
23 493
24 493
47 479
15 479
16 479
17 479
18 479
19 479
20 479
62 479
31 484
9 484
10 484
46 495
7 495
6 495
38 492
31 492
9 492
10 492
11 492
12 492
83 494
38 494
60 489
7 489
6 489
5 489
4 489
59 488
74 484
11 484
12 484
13 484
14 484
15 484
44 496
71 496
17 496
18 496
19 496
33 493
47 484
16 484
17 484
71 484
56 484
75 492
13 492
14 492
15 492
16 492
49 496
65 456
23 456
52 485
20 485
40 487
13 487
12 487
44 484
18 484
19 484
20 484
21 484
57 465
16 465
28 451
12 451
13 451
14 451
58 451
63 499
76 475
5 475
6 475
39 476
24 476
29 480
7 480
8 480
9 480
60 480
53 483
76 500
5 500
6 500
7 500
72 451
41 482
23 482
24 482
47 492
18 492
17 492
38 498
12 498
83 488
38 488
12 488
11 488
81 481
23 481
52 481
22 481
51 482
