57 2365 2.05646
58 2366 2.05873
75 2368 2.0873
29 2369 2.14486
72 2370 2.15835
25 2372 2.26832
37 2373 2.27177
46 2374 2.2795
81 2376 2.30291
67 2377 2.32933
34 2379 2.38347
56 2380 2.38357
45 2381 2.39076
65 2382 2.44283
77 2384 2.55239
51 2387 2.72249
60 2388 2.73733
70 2389 2.77365
78 2391 2.7937
76 2392 2.87475
53 2395 3.05658
40 2399 3.29496
39 2400 3.33243
66 2401 3.34803
64 2402 3.35449
83 2404 3.39389
73 2406 3.51537
82 2407 3.53808
27 2408 3.5435
32 2410 3.59208
36 2411 3.6372
84 2412 3.67238
33 2414 3.72611
43 2415 3.73006
26 2416 3.76048
41 2418 3.80144
74 2421 4.01695
80 2422 4.05022
49 2425 4.26385
57 2426 4.27374
79 2428 4.28073
30 2429 4.28133
47 2430 4.34875
68 2432 4.39996
42 2433 4.44811
55 2435 4.52206
28 2436 4.56346
63 2437 4.5725
52 2439 4.62273
61 2440 4.63143
69 2442 4.69249
35 2443 4.69588
62 2444 4.69766
31 2446 4.80162
38 2447 4.80189
48 2448 4.80612
59 2449 4.83213
50 2451 4.89143
54 2452 4.959
44 2453 4.97031
71 2455 4.99475
78 2457 5.14402
56 2459 5.25281
67 2463 5.49317
37 2468 5.89435
33 2469 5.90862
65 2471 6.01334
29 2473 6.0917
81 2474 6.12896
72 2476 6.18659
27 2478 6.28245
40 2479 6.29093
75 2480 6.3583
58 2482 6.46149
68 2484 6.48226
39 2485 6.51793
83 2486 6.52602
25 2488 6.5899
36 2489 6.59689
47 2490 6.67258
74 2492 6.75787
64 2494 6.84147
73 2496 6.91646
52 2497 6.92477
55 2498 6.92814
70 2500 7.06606
42 2503 7.20679
53 2504 7.26452
34 2506 7.37794
60 2509 7.51655
77 2510 7.53691
46 2512 7.59814
45 2514 7.72545
71 2516 7.78912
57 2517 7.85658
31 2518 7.85934
48 2520 7.91015
66 2521 7.93562
28 2522 7.95748
51 2524 8.0648
30 2526 8.11414
37 2528 8.24097
76 2530 8.30752
82 2531 8.31747
26 2534 8.56214
61 2536 8.63969
59 2539 8.81927
27 2541 8.93552
80 2542 8.96176
49 2543 8.97005
78 2544 8.9737
35 2546 9.06161
79 2550 9.31746
63 2551 9.35622
44 2553 9.39396
39 2554 9.41639
29 2556 9.55748
42 2558 9.59206
72 2559 9.65646
54 2562 9.86849
73 2564 9.91261
50 2565 9.92631
84 2567 10.0149
45 2568 10.0772
62 2572 10.3683
65 2574 10.443
32 2575 10.4555
68 2577 10.4913
53 2578 10.5599
69 2580 10.6286
40 2581 10.6361
83 2582 10.6757
67 2584 10.6882
43 2585 10.7495
55 2588 10.8952
56 2589 10.9475
33 2591 11.0305
30 2593 11.1523
38 2595 11.2364
75 2596 11.2649
76 2597 11.2708
81 2599 11.2856
64 2600 11.2912
36 2602 11.3976
28 2604 11.5326
77 2605 11.5357
47 2607 11.6648
41 2608 11.6784
74 2610 11.7259
52 2612 11.7957
57 2613 11.8142
42 2614 11.8405
78 2615 11.852
46 2616 11.8541
79 2618 11.8972
31 2621 12.1038
34 2622 12.1153
70 2624 12.2517
61 2625 12.2542
37 2628 12.4326
51 2629 12.4709
66 2631 12.5085
49 2634 12.7502
72 2636 12.7958
26 2637 12.8549
45 2639 12.9029
48 2641 12.9878
71 2642 13.0187
50 2643 13.0202
63 2644 13.0611
69 2646 13.1619
29 2649 13.2896
82 2650 13.3695
84 2652 13.3848
60 2653 13.4323
59 2655 13.5472
80 2658 13.7679
27 2659 13.7776
65 2661 13.8054
55 2662 13.8216
62 2664 13.9241
68 2665 13.9284
43 2667 14.0745
64 2669 14.1046
54 2670 14.1308
44 2673 14.3497
33 2675 14.44
39 2676 14.4506
52 2678 14.5297
34 2679 14.5584
53 2680 14.5709
41 2682 14.6252
35 2683 14.6464
67 2686 14.792
75 2687 14.8096
49 2688 14.8706
73 2690 14.9283
