31 1312 0 100 1.16701e-07 2.38572 2.38572
26 1315 0 100 0.2 2.5463 2.7463
40 1321 0 100 0.5 2.80881 3.30881
32 1313 0 100 0.9 2.45042 3.35042
36 1328 0 100 0.2 3.25197 3.45197
44 1326 0 100 0.4 3.15859 3.55859
25 1332 0 100 0.1 3.48831 3.58831
34 1333 0 100 0.3 3.54356 3.84356
35 1320 0 100 1.1 2.78361 3.88361
43 1335 0 100 0.4 3.59863 3.99863
42 1325 0 100 1 3.09606 4.09606
33 1343 0 100 1.05031e-07 4.22193 4.22193
41 1348 0 100 0.1 4.42787 4.52787
38 1344 0 100 0.3 4.2311 4.5311
37 1317 0 100 1.9 2.65924 4.55924
27 1351 0 100 0.1 4.51902 4.61902
28 1354 0 100 0.1 4.74883 4.84883
39 1346 0 100 1 4.27448 5.27448
29 1350 0 100 0.9 4.49634 5.39634
30 1338 0 100 2.2 3.77862 5.97862
36 1367 0 100 0.1 5.89876 5.99876
26 1375 0 100 0.1 6.43554 6.53554
25 1369 0 100 0.7 6.01967 6.71967
35 1383 0 100 2.33402e-08 6.78698 6.78698
31 1377 0 100 0.5 6.48727 6.98727
37 1385 0 100 0.4 6.86071 7.26071
32 1396 0 100 0.1 7.46579 7.56579
27 1394 0 100 0.4 7.4373 7.8373
40 1371 0 100 1.9 6.07602 7.97602
42 1384 0 100 1.3 6.81088 8.11088
41 1380 0 100 1.5 6.64231 8.14231
39 1404 0 100 0.1 8.14063 8.24063
34 1392 0 100 1.4 7.31885 8.71885
25 1413 0 100 7.00206e-08 8.84473 8.84473
43 1401 0 100 1 7.88234 8.88234
29 1415 0 100 0.1 8.90106 9.00106
28 1417 0 100 4.66804e-08 9.05332 9.05332
44 1379 0 100 2.7 6.56328 9.26328
33 1407 0 100 1 8.26881 9.26881
35 1420 0 100 0.1 9.20289 9.30289
38 1387 0 100 2.5 6.91883 9.41883
31 1431 0 100 7.00206e-08 9.92279 9.92279
30 1428 0 100 0.3 9.86064 10.1606
36 1435 0 100 0.3 10.1271 10.4271
27 1430 0 100 0.9 9.89414 10.7941
32 1432 0 100 1 9.92823 10.9282
37 1436 0 100 1.2 10.1363 11.3363
28 1451 0 100 1.40041e-07 11.3756 11.3756
42 1448 0 100 0.2 11.2473 11.4473
41 1457 0 100 2.33402e-08 11.6996 11.6996
39 1453 0 100 0.5 11.5604 12.0604
38 1455 0 100 0.5 11.5901 12.0901
26 1426 0 100 2.4 9.73147 12.1315
25 1465 0 100 0.1 12.3356 12.4356
40 1462 0 100 0.6 12.118 12.718
35 1467 0 100 0.6 12.3644 12.9644
30 1468 0 100 0.7 12.4471 13.1471
29 1483 0 100 3.50103e-08 13.5386 13.5386
44 1477 0 100 0.6 13.08 13.68
34 1480 0 100 0.7 13.2824 13.9825
32 1491 0 100 9.33608e-08 14.0699 14.0699
33 1495 0 100 0.1 14.2632 14.3632
43 1471 0 100 1.9 12.6039 14.5039
