0 1753
0 1754
0 1755
0 1756
0 1757
0 1761
0 1762
0 1763
0 1764
0 1765
0 1766
0 1767
0 1768
0 1769
0 1770
0 1771
0 1772
0 1773
0 1774
0 1775
0 1780
0 1781
30 1776
13 1776
14 1776
15 1776
16 1776
17 1776
18 1776
19 1776
20 1776
21 1776
22 1776
23 1776
24 1776
0 1783
26 1784
5 1784
4 1784
3 1784
2 1784
1 1784
27 1779
1 1779
0 1786
0 1789
0 1793
44 1785
22 1785
23 1785
24 1785
0 1794
54 1790
9 1790
8 1790
7 1790
6 1790
5 1790
4 1790
3 1790
2 1790
1 1790
39 1796
21 1796
22 1796
23 1796
24 1796
0 1797
32 1788
3 1788
2 1788
1 1788
0 1798
48 1800
2 1800
1 1800
0 1801
47 1782
8 1782
7 1782
6 1782
5 1782
4 1782
3 1782
2 1782
1 1782
0 1804
52 1805
4 1805
3 1805
2 1805
1 1805
0 1807
29 1808
3 1808
2 1808
1 1808
40 1792
0 1809
0 1811
63 1810
23 1810
24 1810
0 1813
31 1814
0 1815
57 1777
6 1777
5 1777
4 1777
3 1777
2 1777
1 1777
0 1816
34 1802
5 1802
4 1802
3 1802
2 1802
1 1802
0 1817
0 1821
38 1806
14 1806
15 1806
16 1806
17 1806
18 1806
19 1806
20 1806
21 1806
22 1806
23 1806
24 1806
42 1795
0 1824
56 1778
11 1778
10 1778
9 1778
8 1778
7 1778
6 1778
5 1778
4 1778
3 1778
2 1778
1 1778
46 1826
20 1826
21 1826
22 1826
23 1826
24 1826
0 1828
49 1812
25 1823
8 1823
7 1823
6 1823
5 1823
4 1823
3 1823
2 1823
1 1823
0 1829
43 1803
12 1803
11 1803
10 1803
9 1803
8 1803
7 1803
6 1803
5 1803
4 1803
3 1803
2 1803
1 1803
0 1830
29 1814
8 1814
7 1814
6 1814
5 1814
4 1814
3 1814
2 1814
1 1814
60 1787
12 1787
11 1787
10 1787
9 1787
8 1787
7 1787
6 1787
5 1787
4 1787
3 1787
2 1787
1 1787
45 1819
9 1819
8 1819
7 1819
6 1819
5 1819
4 1819
3 1819
2 1819
1 1819
28 1818
6 1818
5 1818
4 1818
3 1818
2 1818
1 1818
64 1799
11 1799
10 1799
9 1799
8 1799
7 1799
6 1799
5 1799
4 1799
3 1799
2 1799
1 1799
0 1838
62 1837
22 1837
23 1837
24 1837
50 1791
3 1791
2 1791
1 1791
36 1835
22 1835
23 1835
24 1835
0 1841
58 1831
16 1831
17 1831
18 1831
19 1831
20 1831
21 1831
22 1831
23 1831
24 1831
57 1795
11 1795
10 1795
9 1795
8 1795
7 1795
6 1795
5 1795
4 1795
3 1795
2 1795
1 1795
0 1843
55 1825
19 1825
20 1825
21 1825
22 1825
23 1825
24 1825
0 1844
0 1845
59 1820
19 1820
20 1820
21 1820
22 1820
23 1820
24 1820
0 1847
32 1846
14 1846
15 1846
16 1846
17 1846
18 1846
19 1846
20 1846
21 1846
22 1846
23 1846
24 1846
0 1848
53 1842
7 1842
6 1842
5 1842
4 1842
3 1842
2 1842
1 1842
0 1849
51 1839
12 1839
11 1839
10 1839
9 1839
8 1839
7 1839
6 1839
5 1839
4 1839
3 1839
2 1839
1 1839
33 1840
10 1840
9 1840
8 1840
7 1840
6 1840
5 1840
4 1840
3 1840
2 1840
1 1840
0 1851
37 1822
35 1833
13 1833
14 1833
15 1833
16 1833
17 1833
18 1833
19 1833
20 1833
21 1833
22 1833
23 1833
24 1833
61 1827
21 1827
22 1827
23 1827
24 1827
0 1853
40 1852
12 1852
11 1852
10 1852
9 1852
8 1852
7 1852
6 1852
5 1852
4 1852
3 1852
2 1852
1 1852
0 1857
41 1832
8 1832
7 1832
6 1832
5 1832
4 1832
3 1832
2 1832
1 1832
27 1850
18 1850
19 1850
20 1850
21 1850
22 1850
23 1850
24 1850
0 1859
0 1861
31 1858
17 1858
18 1858
19 1858
20 1858
21 1858
22 1858
23 1858
24 1858
0 1862
0 1864
47 1860
24 1860
42 1868
0 1869
0 1870
26 1865
0 1873
34 1871
19 1871
20 1871
21 1871
22 1871
23 1871
24 1871
0 1875
54 1822
0 1877
0 1880
25 1867
21 1867
22 1867
23 1867
24 1867
36 1876
8 1876
7 1876
6 1876
5 1876
4 1876
3 1876
2 1876
1 1876
0 1882
62 1881
8 1881
7 1881
6 1881
5 1881
4 1881
3 1881
2 1881
1 1881
48 1863
21 1863
22 1863
23 1863
24 1863
0 1883
49 1866
14 1866
15 1866
16 1866
17 1866
18 1866
19 1866
20 1866
21 1866
22 1866
23 1866
24 1866
44 1872
18 1872
19 1872
20 1872
21 1872
22 1872
23 1872
24 1872
0 1884
30 1879
12 1879
11 1879
10 1879
9 1879
8 1879
7 1879
6 1879
5 1879
4 1879
3 1879
2 1879
1 1879
0 1885
45 1878
23 1878
24 1878
0 1889
39 1874
18 1874
19 1874
20 1874
21 1874
22 1874
23 1874
24 1874
0 1892
43 1890
3 1890
2 1890
1 1890
0 1894
55 1822
7 1822
6 1822
5 1822
4 1822
3 1822
2 1822
1 1822
63 1888
18 1888
19 1888
20 1888
21 1888
22 1888
23 1888
24 1888
0 1896
0 1900
35 1901
24 1901
53 1899
20 1899
21 1899
22 1899
23 1899
24 1899
0 1902
38 1893
8 1893
7 1893
6 1893
5 1893
4 1893
3 1893
2 1893
1 1893
0 1904
57 1868
2 1868
1 1868
0 1906
29 1886
1 1886
50 1898
20 1898
21 1898
22 1898
23 1898
24 1898
0 1909
57 1908
3 1908
2 1908
1 1908
0 1911
40 1903
24 1903
0 1913
0 1914
60 1912
7 1912
6 1912
5 1912
4 1912
3 1912
2 1912
1 1912
54 1891
12 1891
11 1891
10 1891
9 1891
8 1891
7 1891
6 1891
5 1891
4 1891
3 1891
2 1891
1 1891
0 1915
52 1895
5 1895
4 1895
3 1895
2 1895
1 1895
64 1910
6 1910
5 1910
4 1910
3 1910
2 1910
1 1910
0 1916
0 1919
0 1920
46 1907
18 1907
19 1907
20 1907
21 1907
22 1907
23 1907
24 1907
0 1923
32 1917
7 1917
6 1917
5 1917
4 1917
3 1917
2 1917
1 1917
26 1918
12 1918
11 1918
10 1918
9 1918
8 1918
7 1918
6 1918
5 1918
4 1918
3 1918
2 1918
1 1918
0 1924
0 1927
28 1897
4 1897
3 1897
2 1897
1 1897
0 1928
0 1929
0 1931
58 1905
14 1905
15 1905
16 1905
17 1905
18 1905
19 1905
20 1905
21 1905
22 1905
23 1905
24 1905
48 1926
0 1932
27 1933
11 1933
10 1933
9 1933
8 1933
7 1933
6 1933
5 1933
4 1933
3 1933
2 1933
1 1933
34 1926
9 1926
8 1926
7 1926
6 1926
5 1926
4 1926
3 1926
2 1926
1 1926
0 1938
0 1941
56 1887
14 1887
15 1887
16 1887
17 1887
18 1887
19 1887
20 1887
21 1887
22 1887
23 1887
24 1887
31 1922
10 1922
9 1922
8 1922
7 1922
6 1922
5 1922
4 1922
3 1922
2 1922
1 1922
0 1945
34 1943
10 1943
9 1943
8 1943
7 1943
6 1943
5 1943
4 1943
3 1943
2 1943
1 1943
0 1946
61 1942
18 1942
19 1942
20 1942
21 1942
22 1942
23 1942
24 1942
43 1935
15 1935
16 1935
17 1935
18 1935
19 1935
20 1935
21 1935
22 1935
23 1935
24 1935
37 1940
20 1940
21 1940
22 1940
23 1940
24 1940
0 1949
42 1925
13 1925
14 1925
15 1925
16 1925
17 1925
18 1925
19 1925
20 1925
21 1925
22 1925
23 1925
24 1925
62 1950
24 1950
0 1951
0 1952
41 1921
5 1921
4 1921
3 1921
2 1921
1 1921
0 1953
0 1956
0 1959
36 1936
1 1936
47 1937
20 1937
21 1937
22 1937
23 1937
24 1937
49 1954
7 1954
6 1954
5 1954
4 1954
3 1954
2 1954
1 1954
50 1958
8 1958
7 1958
6 1958
5 1958
4 1958
3 1958
2 1958
1 1958
0 1962
46 1963
3 1963
2 1963
1 1963
0 1966
33 1948
13 1948
14 1948
15 1948
16 1948
17 1948
18 1948
19 1948
20 1948
21 1948
22 1948
23 1948
24 1948
0 1968
45 1930
17 1930
18 1930
19 1930
20 1930
21 1930
22 1930
23 1930
24 1930
0 1969
38 1965
0 1971
0 1976
51 1939
17 1939
18 1939
19 1939
20 1939
21 1939
22 1939
23 1939
24 1939
35 1973
17 1973
18 1973
19 1973
20 1973
21 1973
22 1973
23 1973
24 1973
0 1977
0 1978
44 1967
15 1967
16 1967
17 1967
18 1967
19 1967
20 1967
21 1967
22 1967
23 1967
24 1967
0 1980
0 1981
26 1970
1 1970
0 1982
29 1964
20 1964
21 1964
22 1964
23 1964
24 1964
40 1983
25 1955
0 1984
59 1944
3 1944
2 1944
1 1944
31 1955
21 1955
22 1955
23 1955
24 1955
30 1975
11 1975
10 1975
9 1975
8 1975
7 1975
6 1975
5 1975
4 1975
3 1975
2 1975
1 1975
0 1986
48 1985
21 1985
22 1985
23 1985
24 1985
0 1990
0 1993
0 1994
0 1995
55 1979
6 1979
5 1979
4 1979
3 1979
2 1979
1 1979
0 1996
39 1987
19 1987
20 1987
21 1987
22 1987
23 1987
24 1987
0 1997
63 1989
18 1989
19 1989
20 1989
21 1989
22 1989
23 1989
24 1989
0 2000
32 1974
52 1974
1 1974
56 2002
4 2002
3 2002
2 2002
1 2002
0 2003
33 1983
22 1983
23 1983
24 1983
47 2001
6 2001
5 2001
4 2001
3 2001
2 2001
1 2001
0 2004
53 1991
20 1991
21 1991
22 1991
23 1991
24 1991
27 2006
3 2006
2 2006
1 2006
0 2007
57 1972
2 1972
1 1972
0 2009
61 1998
9 1998
8 1998
7 1998
6 1998
5 1998
4 1998
3 1998
2 1998
1 1998
64 1992
4 1992
3 1992
2 1992
1 1992
58 1988
8 1988
7 1988
6 1988
5 1988
4 1988
3 1988
2 1988
1 1988
0 2011
31 2005
0 2014
28 2012
0 2015
0 2017
60 2008
7 2008
6 2008
5 2008
4 2008
3 2008
2 2008
1 2008
54 1957
12 1957
11 1957
10 1957
9 1957
8 1957
7 1957
6 1957
5 1957
4 1957
3 1957
2 1957
1 1957
52 2010
5 2010
4 2010
3 2010
2 2010
1 2010
0 2018
0 2020
0 2021
0 2022
0 2023
0 2024
34 2025
6 2025
5 2025
4 2025
3 2025
2 2025
1 2025
0 2026
0 2028
49 2027
0 2031
