28 0
10 0
9 0
11 0
8 0
12 0
7 0
13 0
6 0
14 0
5 0
15 0
4 0
16 0
3 0
17 0
2 0
18 0
1 0
19 0
20 0
21 0
22 0
23 0
24 0
33 0
31 0
27 1
13 1
12 1
14 1
11 1
15 1
10 1
16 1
9 1
17 1
8 1
18 1
7 1
19 1
6 1
20 1
5 1
21 1
4 1
22 1
3 1
23 1
2 1
24 1
1 1
26 0
33 1
31 1
32 0
27 3
10 3
9 3
11 3
8 3
12 3
7 3
13 3
6 3
14 3
5 3
15 3
4 3
16 3
3 3
17 3
2 3
18 3
1 3
19 3
20 3
21 3
22 3
23 3
24 3
28 2
5 2
4 2
6 2
3 2
7 2
2 2
8 2
1 2
9 2
10 2
11 2
12 2
13 2
14 2
15 2
16 2
17 2
18 2
19 2
20 2
21 2
22 2
23 2
24 2
29 0
34 0
29 5
15 5
14 5
16 5
13 5
17 5
12 5
18 5
11 5
19 5
10 5
20 5
9 5
21 5
8 5
22 5
7 5
23 5
6 5
24 5
5 5
4 5
3 5
2 5
1 5
30 0
