118 94
30 94
103 94
120 94
25 94
10 94
9 94
11 94
35 94
42 94
8 94
45 94
12 94
7 94
41 94
48 94
52 94
54 94
13 94
39 94
114 94
6 94
91 94
100 94
121 94
14 94
76 94
5 94
15 94
34 94
60 94
67 94
69 94
116 94
4 94
16 94
46 94
72 94
89 94
102 94
104 94
33 94
53 94
3 94
59 94
68 94
17 94
77 94
80 94
106 94
107 94
2 94
18 94
28 94
64 94
88 94
57 94
73 94
101 94
1 94
19 94
32 94
38 94
50 94
51 94
61 94
63 94
65 94
70 94
113 94
29 94
20 94
75 94
21 94
22 94
36 94
37 94
110 94
23 94
83 94
96 94
86 94
109 94
24 94
40 94
119 94
123 94
58 94
87 94
66 94
117 94
62 94
54 98
10 98
9 98
11 98
8 98
12 98
7 98
13 98
25 98
118 98
6 98
14 98
5 98
15 98
4 98
16 98
3 98
17 98
2 98
18 98
1 98
19 98
20 98
21 98
22 98
23 98
24 98
37 98
117 98
62 98
79 94
62 99
3 99
2 99
4 99
1 99
5 99
79 99
6 99
7 99
8 99
9 99
10 99
11 99
12 99
13 99
14 99
15 99
16 99
17 99
18 99
19 99
20 99
21 99
22 99
23 99
24 99
116 96
20 96
19 96
21 96
18 96
22 96
17 96
23 96
16 96
24 96
15 96
14 96
13 96
12 96
11 96
10 96
9 96
8 96
7 96
6 96
5 96
4 96
3 96
2 96
1 96
93 94
124 94
75 97
3 97
2 97
4 97
1 97
5 97
124 97
6 97
7 97
8 97
9 97
10 97
11 97
12 97
13 97
14 97
15 97
16 97
17 97
18 97
19 97
20 97
21 97
22 97
23 97
24 97
94 94
71 94
72 98
71 98
72 100
71 100
104 98
81 94
116 97
97 94
115 94
40 95
12 95
11 95
13 95
10 95
14 95
9 95
15 95
8 95
16 95
7 95
17 95
6 95
18 95
5 95
19 95
4 95
72 95
20 95
3 95
21 95
2 95
22 95
1 95
23 95
24 95
115 95
108 94
42 98
108 98
84 94
54 99
44 94
54 101
3 101
2 101
4 101
1 101
5 101
6 101
7 101
42 101
8 101
9 101
10 101
11 101
12 101
13 101
14 101
15 101
16 101
17 101
18 101
19 101
20 101
21 101
22 101
23 101
24 101
99 94
47 94
87 98
85 94
66 98
85 98
62 96
96 98
117 99
56 94
79 96
49 94
75 95
49 95
40 101
85 101
122 94
94 98
71 95
94 95
72 101
71 101
94 101
115 102
21 102
20 102
22 102
19 102
23 102
18 102
24 102
17 102
16 102
15 102
14 102
13 102
12 102
11 102
10 102
9 102
8 102
7 102
40 102
6 102
96 102
117 102
5 102
4 102
49 102
3 102
2 102
1 102
71 102
72 102
104 95
81 95
47 102
116 95
97 95
120 98
43 94
84 101
54 102
44 101
111 94
54 104
2 104
1 104
3 104
4 104
5 104
6 104
7 104
8 104
9 104
10 104
104 104
11 104
12 104
13 104
14 104
15 104
16 104
17 104
18 104
19 104
20 104
21 104
22 104
23 104
24 104
74 94
31 94
99 102
87 102
47 103
104 105
17 105
16 105
18 105
15 105
19 105
14 105
20 105
13 105
21 105
12 105
22 105
11 105
23 105
10 105
24 105
9 105
8 105
7 105
6 105
5 105
4 105
3 105
2 105
1 105
79 102
93 97
124 95
72 104
99 103
10 103
9 103
11 103
8 103
12 103
7 103
13 103
6 103
14 103
5 103
15 103
4 103
16 103
3 103
17 103
2 103
18 103
1 103
93 103
19 103
20 103
21 103
22 103
23 103
24 103
72 103
47 105
105 94
104 103
105 103
95 94
115 104
82 94
