86 85
110 85
31 85
86 85
7 85
109 85
8 85
37 85
40 85
98 85
98 85
11 85
89 85
89 85
47 85
77 85
81 85
93 85
107 85
93 85
61 85
13 85
26 85
30 85
45 85
57 85
59 85
88 85
95 85
99 85
30 85
45 85
59 85
88 85
95 85
99 85
26 85
45 85
59 85
88 85
95 85
99 85
26 85
30 85
88 85
95 85
45 85
88 85
66 85
76 85
83 85
32 85
66 85
64 85
56 85
82 85
92 85
92 85
17 85
87 85
18 85
27 85
29 85
63 85
71 85
105 85
113 85
29 85
63 85
70 85
71 85
105 85
111 85
113 85
27 85
63 85
105 85
113 85
27 85
29 85
111 85
113 85
18 85
27 85
111 85
27 85
111 85
58 85
106 85
39 85
72 85
85 85
85 85
48 85
73 85
23 85
90 85
90 85
86 88
109 88
9 88
18 89
0 85
14 90
109 90
22 87
0 85
2 91
16 92
14 92
93 92
107 92
80 92
106 92
0 85
4 93
26 93
30 93
68 93
95 93
99 93
