44 50 0.048 49.952
29 50 0.048 49.952
44 50 0.048 49.952
29 50 0.048 49.952
29 49.952 0.0048 49.9472
29 49.9472 0.16 49.7872
29 49.7872 0.0016 49.7856
41 50 0.016 49.984
41 49.984 0.016 49.968
41 49.968 0.048 49.92
33 50 0.016 49.984
33 49.984 0.016 49.968
33 49.968 0.048 49.92
27 50 0.016 49.984
27 49.984 0.016 49.968
27 49.968 0.048 49.92
43 50 0.0048 49.9952
43 49.9952 0.048 49.9472
27 49.92 0.0048 49.9152
27 49.9152 0.16 49.7552
42 50 0.016 49.984
42 49.984 0.016 49.968
42 49.968 0.048 49.92
43 49.9472 0.0048 49.9424
43 49.9424 0.048 49.8944
42 49.92 0.0048 49.9152
42 49.9152 0.16 49.7552
43 49.8944 0.016 49.8784
43 49.8784 0.016 49.8624
43 49.8624 0.048 49.8144
27 49.7552 0.0048 49.7504
42 49.7552 0.0048 49.7504
32 50 0.016 49.984
32 49.984 0.016 49.968
32 49.968 0.048 49.92
34 50 0.016 49.984
34 49.984 0.016 49.968
34 49.968 0.048 49.92
26 50 0.016 49.984
26 49.984 0.016 49.968
26 49.968 0.048 49.92
31 50 0.0048 49.9952
31 49.9952 0.048 49.9472
26 49.92 0.0048 49.9152
26 49.9152 0.16 49.7552
31 49.9472 0.016 49.9312
31 49.9312 0.016 49.9152
31 49.9152 0.048 49.8672
26 49.7552 0.0048 49.7504
38 50 0.016 49.984
38 49.984 0.016 49.968
38 49.968 0.048 49.92
30 50 0.016 49.984
30 49.984 0.016 49.968
30 49.968 0.048 49.92
40 50 0.016 49.984
40 49.984 0.016 49.968
40 49.968 0.048 49.92
37 50 0.016 49.984
37 49.984 0.016 49.968
37 49.968 0.048 49.92
44 50 0.016 49.984
28 50 0.016 49.984
28 49.984 0.016 49.968
28 49.968 0.048 49.92
35 50 0.016 49.984
35 49.984 0.016 49.968
35 49.968 0.048 49.92
36 50 0.0048 49.9952
36 49.9952 0.048 49.9472
35 49.92 0.0048 49.9152
35 49.9152 0.16 49.7552
36 49.9472 0.016 49.9312
36 49.9312 0.016 49.9152
36 49.9152 0.048 49.8672
35 49.7552 0.0048 49.7504
39 50 0.0048 49.9952
39 49.9952 0.048 49.9472
36 49.8672 0.0048 49.8624
36 49.8624 0.16 49.7024
39 49.9472 0.016 49.9312
39 49.9312 0.016 49.9152
39 49.9152 0.048 49.8672
36 49.7024 0.0048 49.6976
44 49.984 0.016 49.968
25 50 0.016 49.984
25 49.984 0.016 49.968
25 49.968 0.048 49.92
44 49.968 0.048 49.92
41 50 0.048 49.952
33 50 0.048 49.952
43 50 0.048 49.952
27 49.9228 0.0048 49.918
32 50 0.048 49.952
34 50 0.048 49.952
31 50 0.048 49.952
38 50 0.048 49.952
30 50 0.048 49.952
40 50 0.048 49.952
37 50 0.048 49.952
28 50 0.048 49.952
39 50 0.048 49.952
36 49.8509 0.0048 49.8461
25 50 0.048 49.952
44 50 0.048 49.952
41 50 0.048 49.952
33 50 0.048 49.952
43 50 0.048 49.952
32 50 0.048 49.952
34 50 0.048 49.952
31 50 0.048 49.952
38 50 0.048 49.952
30 50 0.048 49.952
40 50 0.048 49.952
37 50 0.048 49.952
28 50 0.048 49.952
39 50 0.048 49.952
36 50 0.0048 49.9952
25 50 0.048 49.952
44 50 0.048 49.952
41 50 0.048 49.952
33 50 0.048 49.952
43 50 0.048 49.952
27 50 0.0048 49.9952
42 50 0.0048 49.9952
32 50 0.048 49.952
34 50 0.0048 49.9952
34 49.9952 0.048 49.9472
32 49.952 0.0048 49.9472
31 50 0.048 49.952
38 50 0.048 49.952
30 50 0.048 49.952
40 50 0.048 49.952
37 50 0.048 49.952
28 50 0.048 49.952
39 50 0.048 49.952
36 50 0.0048 49.9952
25 50 0.048 49.952
44 50 0.048 49.952
41 50 0.048 49.952
33 50 0.048 49.952
43 50 0.048 49.952
27 50 0.0048 49.9952
42 50 0.0048 49.9952
32 50 0.048 49.952
34 50 0.0048 49.9952
34 49.9952 0.048 49.9472
32 49.952 0.0048 49.9472
31 50 0.048 49.952
38 50 0.048 49.952
30 50 0.048 49.952
40 50 0.048 49.952
37 50 0.048 49.952
28 50 0.048 49.952
39 50 0.048 49.952
36 50 0.0048 49.9952
25 50 0.048 49.952
44 50 0.048 49.952
41 50 0.048 49.952
33 50 0.048 49.952
43 50 0.048 49.952
42 50 0.0048 49.9952
32 50 0.048 49.952
34 50 0.0048 49.9952
34 49.9952 0.048 49.9472
32 49.952 0.0048 49.9472
31 50 0.048 49.952
38 50 0.048 49.952
30 50 0.048 49.952
40 50 0.048 49.952
37 50 0.048 49.952
28 50 0.048 49.952
39 50 0.048 49.952
25 50 0.048 49.952
44 50 0.048 49.952
41 50 0.048 49.952
33 50 0.048 49.952
43 50 0.048 49.952
42 50 0.0048 49.9952
32 50 0.048 49.952
34 50 0.0048 49.9952
34 49.9952 0.048 49.9472
32 49.952 0.0048 49.9472
31 50 0.048 49.952
26 50 0.0048 49.9952
38 50 0.048 49.952
30 50 0.048 49.952
40 50 0.048 49.952
37 50 0.048 49.952
28 50 0.048 49.952
39 50 0.048 49.952
25 50 0.048 49.952
44 50 0.048 49.952
41 50 0.048 49.952
33 50 0.048 49.952
43 50 0.048 49.952
42 50 0.0048 49.9952
32 50 0.048 49.952
34 50 0.0048 49.9952
34 49.9952 0.048 49.9472
32 49.952 0.0048 49.9472
31 50 0.048 49.952
38 50 0.048 49.952
30 50 0.048 49.952
40 50 0.048 49.952
37 50 0.048 49.952
28 50 0.048 49.952
39 50 0.048 49.952
25 50 0.048 49.952
44 50 0.048 49.952
41 50 0.048 49.952
33 50 0.048 49.952
43 50 0.048 49.952
42 50 0.0048 49.9952
32 50 0.048 49.952
34 50 0.0048 49.9952
34 49.9952 0.048 49.9472
32 49.952 0.0048 49.9472
31 50 0.048 49.952
38 50 0.048 49.952
30 50 0.048 49.952
40 50 0.048 49.952
37 50 0.048 49.952
28 50 0.048 49.952
39 50 0.048 49.952
25 50 0.048 49.952
44 50 0.048 49.952
41 50 0.048 49.952
33 50 0.048 49.952
43 50 0.048 49.952
42 50 0.0048 49.9952
32 50 0.048 49.952
34 50 0.0048 49.9952
34 49.9952 0.048 49.9472
32 49.952 0.0048 49.9472
31 50 0.048 49.952
38 50 0.048 49.952
30 50 0.048 49.952
40 50 0.048 49.952
37 50 0.048 49.952
28 50 0.048 49.952
39 50 0.048 49.952
25 50 0.048 49.952
44 50 0.048 49.952
41 50 0.048 49.952
33 50 0.048 49.952
43 50 0.048 49.952
27 50 0.0048 49.9952
42 50 0.0048 49.9952
32 50 0.048 49.952
34 50 0.0048 49.9952
34 49.9952 0.048 49.9472
32 49.952 0.0048 49.9472
31 50 0.048 49.952
26 50 0.0048 49.9952
38 50 0.048 49.952
30 50 0.048 49.952
40 50 0.048 49.952
37 50 0.048 49.952
28 50 0.048 49.952
44 50 0.0048 49.9952
39 50 0.048 49.952
25 50 0.048 49.952
44 49.9952 0.048 49.9472
28 49.952 0.0048 49.9472
41 50 0.048 49.952
33 50 0.048 49.952
43 50 0.048 49.952
27 50 0.0048 49.9952
42 50 0.0048 49.9952
32 50 0.048 49.952
34 50 0.048 49.952
31 50 0.048 49.952
26 50 0.0048 49.9952
38 50 0.048 49.952
30 50 0.048 49.952
40 50 0.048 49.952
37 50 0.048 49.952
28 50 0.048 49.952
44 50 0.0048 49.9952
39 50 0.048 49.952
25 50 0.048 49.952
44 49.9952 0.048 49.9472
28 49.952 0.0048 49.9472
41 50 0.048 49.952
33 50 0.048 49.952
43 50 0.048 49.952
27 50 0.0048 49.9952
42 50 0.0048 49.9952
32 50 0.048 49.952
34 50 0.048 49.952
31 50 0.048 49.952
26 50 0.0048 49.9952
38 50 0.048 49.952
30 50 0.048 49.952
40 50 0.048 49.952
37 50 0.048 49.952
28 50 0.048 49.952
39 50 0.048 49.952
25 50 0.048 49.952
44 50 0.048 49.952
41 50 0.048 49.952
33 50 0.048 49.952
43 50 0.048 49.952
27 50 0.0048 49.9952
42 50 0.0048 49.9952
32 50 0.048 49.952
34 50 0.0048 49.9952
34 49.9952 0.048 49.9472
32 49.952 0.0048 49.9472
31 50 0.048 49.952
38 50 0.048 49.952
30 50 0.048 49.952
40 50 0.048 49.952
37 50 0.048 49.952
28 50 0.048 49.952
39 50 0.048 49.952
36 50 0.0048 49.9952
25 50 0.048 49.952
44 50 0.048 49.952
41 50 0.048 49.952
33 50 0.048 49.952
43 50 0.048 49.952
27 50 0.0048 49.9952
42 50 0.0048 49.9952
32 50 0.048 49.952
34 50 0.0048 49.9952
34 49.9952 0.048 49.9472
32 49.952 0.0048 49.9472
31 50 0.048 49.952
38 50 0.048 49.952
30 50 0.048 49.952
40 50 0.048 49.952
37 50 0.048 49.952
28 50 0.048 49.952
39 50 0.048 49.952
25 50 0.048 49.952
44 50 0.048 49.952
41 50 0.048 49.952
33 50 0.048 49.952
43 50 0.048 49.952
27 50 0.0048 49.9952
42 50 0.0048 49.9952
32 50 0.048 49.952
34 50 0.048 49.952
31 50 0.048 49.952
38 50 0.048 49.952
30 50 0.048 49.952
40 50 0.048 49.952
37 50 0.048 49.952
28 50 0.048 49.952
39 50 0.048 49.952
25 50 0.048 49.952
44 50 0.048 49.952
41 50 0.048 49.952
33 50 0.048 49.952
43 50 0.048 49.952
27 50 0.0048 49.9952
42 50 0.0048 49.9952
32 50 0.048 49.952
34 50 0.048 49.952
31 50 0.048 49.952
38 50 0.048 49.952
30 50 0.048 49.952
40 50 0.048 49.952
37 50 0.048 49.952
28 50 0.048 49.952
39 50 0.048 49.952
25 50 0.048 49.952
44 50 0.048 49.952
41 50 0.048 49.952
33 50 0.048 49.952
43 50 0.048 49.952
27 50 0.0048 49.9952
42 50 0.0048 49.9952
32 50 0.048 49.952
34 50 0.0048 49.9952
34 49.9952 0.048 49.9472
32 49.952 0.0048 49.9472
38 50 0.0048 49.9952
31 50 0.048 49.952
38 49.9952 0.048 49.9472
34 49.9472 0.0048 49.9424
30 50 0.048 49.952
40 50 0.048 49.952
37 50 0.048 49.952
28 50 0.048 49.952
44 50 0.0048 49.9952
39 50 0.048 49.952
25 50 0.048 49.952
44 49.9952 0.048 49.9472
28 49.952 0.0048 49.9472
41 50 0.048 49.952
33 50 0.048 49.952
43 50 0.048 49.952
27 50 0.0048 49.9952
42 50 0.0048 49.9952
32 50 0.048 49.952
34 50 0.0048 49.9952
34 49.9952 0.048 49.9472
32 49.952 0.0048 49.9472
31 50 0.048 49.952
38 50 0.048 49.952
30 50 0.048 49.952
40 50 0.048 49.952
37 50 0.048 49.952
28 50 0.048 49.952
44 50 0.0048 49.9952
39 50 0.048 49.952
25 50 0.048 49.952
44 49.9952 0.048 49.9472
28 49.952 0.0048 49.9472
41 50 0.048 49.952
33 50 0.048 49.952
43 50 0.048 49.952
27 50 0.0048 49.9952
42 50 0.0048 49.9952
32 50 0.048 49.952
34 50 0.0048 49.9952
34 49.9952 0.048 49.9472
32 49.952 0.0048 49.9472
38 50 0.0048 49.9952
31 50 0.048 49.952
38 49.9952 0.048 49.9472
34 49.9472 0.0048 49.9424
30 50 0.048 49.952
40 50 0.048 49.952
37 50 0.048 49.952
28 50 0.048 49.952
39 50 0.048 49.952
25 50 0.048 49.952
44 50 0.048 49.952
41 50 0.048 49.952
33 50 0.048 49.952
43 50 0.048 49.952
27 50 0.0048 49.9952
42 50 0.0048 49.9952
32 50 0.048 49.952
34 50 0.0048 49.9952
34 49.9952 0.048 49.9472
32 49.952 0.0048 49.9472
38 50 0.0048 49.9952
31 50 0.048 49.952
38 49.9952 0.048 49.9472
34 49.9472 0.0048 49.9424
30 50 0.048 49.952
40 50 0.048 49.952
37 50 0.048 49.952
28 50 0.048 49.952
39 50 0.048 49.952
25 50 0.048 49.952
44 50 0.048 49.952
41 50 0.048 49.952
33 50 0.048 49.952
43 50 0.048 49.952
32 50 0.048 49.952
34 50 0.048 49.952
31 50 0.048 49.952
26 50 0.0048 49.9952
38 50 0.048 49.952
30 50 0.048 49.952
40 50 0.048 49.952
37 50 0.048 49.952
28 50 0.048 49.952
39 50 0.048 49.952
25 50 0.048 49.952
44 50 0.048 49.952
41 50 0.048 49.952
33 50 0.048 49.952
43 50 0.048 49.952
32 50 0.048 49.952
34 50 0.048 49.952
31 50 0.048 49.952
26 50 0.0048 49.9952
38 50 0.048 49.952
30 50 0.048 49.952
40 50 0.048 49.952
37 50 0.048 49.952
28 50 0.048 49.952
39 50 0.048 49.952
36 50 0.0048 49.9952
25 50 0.048 49.952
44 50 0.048 49.952
41 50 0.048 49.952
33 50 0.048 49.952
43 50 0.048 49.952
42 50 0.0048 49.9952
32 50 0.048 49.952
34 50 0.0048 49.9952
34 49.9952 0.048 49.9472
32 49.952 0.0048 49.9472
31 50 0.048 49.952
26 50 0.0048 49.9952
38 50 0.048 49.952
30 50 0.048 49.952
40 50 0.048 49.952
37 50 0.048 49.952
28 50 0.048 49.952
44 50 0.0048 49.9952
39 50 0.048 49.952
25 50 0.048 49.952
44 49.9952 0.048 49.9472
28 49.952 0.0048 49.9472
41 50 0.048 49.952
33 50 0.048 49.952
43 50 0.048 49.952
42 50 0.0048 49.9952
32 50 0.048 49.952
34 50 0.0048 49.9952
34 49.9952 0.048 49.9472
32 49.952 0.0048 49.9472
38 50 0.0048 49.9952
31 50 0.048 49.952
26 50 0.0048 49.9952
38 49.9952 0.048 49.9472
34 49.9472 0.0048 49.9424
30 50 0.048 49.952
40 50 0.048 49.952
37 50 0.048 49.952
28 50 0.048 49.952
44 50 0.0048 49.9952
39 50 0.048 49.952
25 50 0.048 49.952
36 50 0.0048 49.9952
44 49.9952 0.048 49.9472
28 49.952 0.0048 49.9472
41 50 0.048 49.952
33 50 0.048 49.952
43 50 0.048 49.952
42 50 0.0048 49.9952
32 50 0.048 49.952
34 50 0.0048 49.9952
34 49.9952 0.048 49.9472
32 49.952 0.0048 49.9472
38 50 0.0048 49.9952
31 50 0.048 49.952
26 50 0.0048 49.9952
31 49.952 0.0048 49.9472
31 49.9472 0.16 49.7872
38 49.9952 0.048 49.9472
34 49.9472 0.0048 49.9424
30 50 0.048 49.952
40 50 0.048 49.952
37 50 0.048 49.952
28 50 0.048 49.952
44 50 0.0048 49.9952
39 50 0.048 49.952
25 50 0.048 49.952
35 50 0.0048 49.9952
36 50 0.0048 49.9952
44 49.9952 0.048 49.9472
28 49.952 0.0048 49.9472
41 50 0.048 49.952
33 50 0.048 49.952
43 50 0.048 49.952
32 50 0.048 49.952
34 50 0.0048 49.9952
34 49.9952 0.048 49.9472
32 49.952 0.0048 49.9472
38 50 0.048 49.952
30 50 0.048 49.952
40 50 0.048 49.952
37 50 0.048 49.952
28 50 0.048 49.952
39 50 0.048 49.952
25 50 0.048 49.952
35 50 0.0048 49.9952
36 50 0.0048 49.9952
44 50 0.048 49.952
41 50 0.048 49.952
33 50 0.048 49.952
43 50 0.048 49.952
32 50 0.048 49.952
34 50 0.0048 49.9952
34 49.9952 0.048 49.9472
32 49.952 0.0048 49.9472
38 50 0.048 49.952
30 50 0.048 49.952
40 50 0.048 49.952
37 50 0.048 49.952
28 50 0.048 49.952
39 50 0.048 49.952
25 50 0.048 49.952
35 50 0.0048 49.9952
36 50 0.0048 49.9952
44 50 0.048 49.952
41 50 0.048 49.952
33 50 0.048 49.952
43 50 0.048 49.952
32 50 0.048 49.952
34 50 0.048 49.952
38 50 0.048 49.952
30 50 0.048 49.952
40 50 0.048 49.952
37 50 0.048 49.952
28 50 0.048 49.952
39 50 0.048 49.952
25 50 0.048 49.952
36 50 0.0048 49.9952
44 50 0.048 49.952
44 49.952 0.0048 49.9472
44 49.9472 0.16 49.7872
44 49.7872 0.0016 49.7856
28 49.952 0.016 49.936
37 49.952 0.016 49.936
39 50 0.016 49.984
35 50 0.016 49.984
36 49.9952 0.016 49.9792
39 49.984 0.016 49.968
37 49.936 0.016 49.92
25 49.952 0.016 49.936
35 49.984 0.016 49.968
36 49.9792 0.016 49.9632
40 49.952 0.016 49.936
29 50 0.016 49.984
29 49.984 0.016 49.968
29 49.968 0.048 49.92
40 49.936 0.016 49.92
41 49.952 0.016 49.936
33 49.952 0.016 49.936
41 49.936 0.016 49.92
33 49.936 0.016 49.92
27 50 0.016 49.984
32 49.952 0.016 49.936
42 50 0.016 49.984
43 49.952 0.016 49.936
32 49.936 0.016 49.92
34 49.952 0.016 49.936
38 49.952 0.016 49.936
26 50 0.016 49.984
31 50 0.016 49.984
31 49.984 0.016 49.968
31 49.968 0.048 49.92
26 49.984 0.0048 49.9792
26 49.9792 0.016 49.9632
41 50 0.048 49.952
33 50 0.048 49.952
43 50 0.048 49.952
32 50 0.048 49.952
34 50 0.048 49.952
38 50 0.048 49.952
30 50 0.048 49.952
40 50 0.048 49.952
37 50 0.048 49.952
28 50 0.048 49.952
39 49.968 0.048 49.92
25 50 0.048 49.952
36 50 0.0048 49.9952
29 50 0.048 49.952
31 50 0.048 49.952
26 50 0.0048 49.9952
41 50 0.048 49.952
33 50 0.048 49.952
43 50 0.048 49.952
32 50 0.048 49.952
34 50 0.048 49.952
38 50 0.048 49.952
30 50 0.048 49.952
40 50 0.048 49.952
37 50 0.048 49.952
28 50 0.048 49.952
44 50 0.0048 49.9952
44 49.9952 0.048 49.9472
28 49.952 0.0048 49.9472
28 49.9472 0.16 49.7872
39 50 0.048 49.952
25 50 0.048 49.952
36 50 0.0048 49.9952
44 49.9472 0.016 49.9312
44 49.9312 0.016 49.9152
28 49.7872 0.0016 49.7856
44 49.9152 0.048 49.8672
28 49.7856 0.0048 49.7808
29 50 0.048 49.952
31 50 0.048 49.952
26 50 0.0048 49.9952
41 50 0.048 49.952
33 50 0.048 49.952
43 50 0.048 49.952
42 50 0.0048 49.9952
32 50 0.048 49.952
34 50 0.048 49.952
38 50 0.048 49.952
30 50 0.048 49.952
40 50 0.048 49.952
37 50 0.048 49.952
39 50 0.048 49.952
25 50 0.048 49.952
36 50 0.0048 49.9952
44 50 0.048 49.952
28 49.9348 0.0048 49.93
29 50 0.048 49.952
31 50 0.048 49.952
26 50 0.0048 49.9952
41 50 0.048 49.952
33 50 0.048 49.952
43 50 0.048 49.952
32 50 0.048 49.952
34 50 0.048 49.952
38 50 0.048 49.952
30 50 0.048 49.952
40 50 0.048 49.952
37 50 0.048 49.952
39 50 0.048 49.952
25 50 0.048 49.952
35 50 0.0048 49.9952
44 50 0.048 49.952
28 50 0.0048 49.9952
29 50 0.048 49.952
31 50 0.048 49.952
26 50 0.0048 49.9952
41 50 0.048 49.952
33 50 0.048 49.952
43 50 0.048 49.952
32 50 0.048 49.952
34 50 0.048 49.952
38 50 0.048 49.952
30 50 0.048 49.952
40 50 0.048 49.952
37 50 0.048 49.952
39 50 0.048 49.952
25 50 0.048 49.952
35 50 0.0048 49.9952
44 50 0.048 49.952
28 50 0.0048 49.9952
29 50 0.048 49.952
31 50 0.048 49.952
26 50 0.0048 49.9952
41 50 0.048 49.952
33 50 0.048 49.952
43 50 0.048 49.952
32 50 0.048 49.952
34 50 0.048 49.952
38 50 0.0048 49.9952
38 49.9952 0.048 49.9472
34 49.952 0.0048 49.9472
30 50 0.048 49.952
40 50 0.048 49.952
37 50 0.048 49.952
39 50 0.048 49.952
25 50 0.048 49.952
35 50 0.0048 49.9952
44 50 0.048 49.952
28 50 0.0048 49.9952
29 50 0.048 49.952
31 50 0.048 49.952
26 50 0.0048 49.9952
41 50 0.048 49.952
33 50 0.048 49.952
43 50 0.048 49.952
27 50 0.0048 49.9952
32 50 0.048 49.952
34 50 0.048 49.952
38 50 0.048 49.952
30 50 0.048 49.952
40 50 0.048 49.952
37 50 0.048 49.952
39 50 0.048 49.952
25 50 0.048 49.952
35 50 0.0048 49.9952
44 50 0.048 49.952
28 50 0.0048 49.9952
29 50 0.048 49.952
31 50 0.048 49.952
26 50 0.0048 49.9952
41 50 0.048 49.952
33 50 0.048 49.952
43 50 0.048 49.952
27 50 0.0048 49.9952
32 50 0.048 49.952
34 50 0.048 49.952
38 50 0.048 49.952
30 50 0.048 49.952
40 50 0.048 49.952
37 50 0.048 49.952
39 50 0.048 49.952
25 50 0.048 49.952
35 50 0.0048 49.9952
44 50 0.048 49.952
29 50 0.048 49.952
31 50 0.048 49.952
26 50 0.0048 49.9952
41 50 0.048 49.952
33 50 0.048 49.952
43 50 0.048 49.952
32 50 0.048 49.952
34 50 0.048 49.952
38 50 0.048 49.952
30 50 0.048 49.952
40 50 0.048 49.952
37 50 0.048 49.952
39 50 0.048 49.952
25 50 0.048 49.952
35 50 0.0048 49.9952
44 50 0.048 49.952
29 50 0.048 49.952
31 50 0.048 49.952
41 50 0.048 49.952
33 50 0.048 49.952
43 50 0.048 49.952
32 50 0.048 49.952
34 50 0.048 49.952
38 50 0.048 49.952
30 50 0.048 49.952
40 50 0.048 49.952
37 50 0.048 49.952
39 50 0.048 49.952
25 50 0.048 49.952
44 50 0.048 49.952
28 50 0.0048 49.9952
29 50 0.048 49.952
31 50 0.048 49.952
41 50 0.048 49.952
33 50 0.048 49.952
43 50 0.048 49.952
32 50 0.048 49.952
42 50 0.0048 49.9952
34 50 0.048 49.952
38 50 0.048 49.952
30 50 0.048 49.952
40 50 0.048 49.952
37 50 0.048 49.952
39 50 0.048 49.952
25 50 0.048 49.952
36 50 0.0048 49.9952
44 50 0.048 49.952
28 50 0.0048 49.9952
29 50 0.048 49.952
31 50 0.048 49.952
41 50 0.048 49.952
33 50 0.048 49.952
43 50 0.048 49.952
32 50 0.048 49.952
42 50 0.0048 49.9952
34 50 0.048 49.952
38 50 0.048 49.952
30 50 0.048 49.952
40 50 0.048 49.952
37 50 0.048 49.952
39 50 0.048 49.952
25 50 0.048 49.952
44 50 0.048 49.952
28 50 0.0048 49.9952
29 50 0.048 49.952
31 50 0.048 49.952
26 50 0.0048 49.9952
41 50 0.048 49.952
33 50 0.048 49.952
43 50 0.048 49.952
32 50 0.048 49.952
42 50 0.0048 49.9952
34 50 0.048 49.952
38 50 0.048 49.952
30 50 0.048 49.952
40 50 0.048 49.952
37 50 0.048 49.952
39 50 0.048 49.952
25 50 0.048 49.952
44 50 0.048 49.952
28 50 0.0048 49.9952
29 50 0.048 49.952
31 50 0.048 49.952
41 50 0.048 49.952
33 50 0.048 49.952
43 50 0.048 49.952
27 50 0.0048 49.9952
32 50 0.048 49.952
34 50 0.048 49.952
38 50 0.048 49.952
30 50 0.048 49.952
40 50 0.048 49.952
37 50 0.048 49.952
39 50 0.048 49.952
25 50 0.048 49.952
44 50 0.048 49.952
28 50 0.0048 49.9952
29 50 0.048 49.952
31 50 0.048 49.952
41 50 0.048 49.952
33 50 0.048 49.952
43 50 0.048 49.952
27 50 0.0048 49.9952
32 50 0.048 49.952
34 50 0.048 49.952
38 50 0.048 49.952
30 50 0.048 49.952
40 50 0.048 49.952
37 50 0.048 49.952
39 50 0.048 49.952
25 50 0.048 49.952
44 50 0.048 49.952
28 50 0.0048 49.9952
29 50 0.048 49.952
31 50 0.048 49.952
41 50 0.048 49.952
33 50 0.048 49.952
43 50 0.048 49.952
27 50 0.0048 49.9952
32 50 0.048 49.952
34 50 0.048 49.952
38 50 0.048 49.952
30 50 0.048 49.952
40 50 0.048 49.952
37 50 0.048 49.952
39 50 0.048 49.952
25 50 0.048 49.952
44 50 0.048 49.952
28 50 0.0048 49.9952
29 50 0.048 49.952
31 50 0.048 49.952
41 50 0.048 49.952
33 50 0.048 49.952
43 50 0.048 49.952
27 50 0.0048 49.9952
32 50 0.048 49.952
42 50 0.0048 49.9952
34 50 0.048 49.952
38 50 0.048 49.952
30 50 0.048 49.952
40 50 0.048 49.952
37 50 0.048 49.952
39 50 0.048 49.952
25 50 0.048 49.952
44 50 0.048 49.952
44 49.952 0.0048 49.9472
44 49.9472 0.16 49.7872
29 50 0.048 49.952
31 50 0.048 49.952
26 50 0.0048 49.9952
41 50 0.048 49.952
33 50 0.048 49.952
43 50 0.048 49.952
42 50 0.0048 49.9952
32 50 0.048 49.952
42 49.9952 0.0048 49.9904
34 50 0.048 49.952
38 50 0.048 49.952
30 50 0.048 49.952
40 50 0.048 49.952
37 50 0.048 49.952
39 50 0.048 49.952
25 50 0.048 49.952
29 50 0.048 49.952
31 50 0.048 49.952
26 50 0.0048 49.9952
41 50 0.048 49.952
33 50 0.048 49.952
43 50 0.048 49.952
42 50 0.0048 49.9952
32 50 0.048 49.952
34 50 0.048 49.952
38 50 0.048 49.952
30 50 0.048 49.952
40 50 0.048 49.952
37 50 0.048 49.952
39 50 0.048 49.952
39 49.952 0.0048 49.9472
39 49.9472 0.16 49.7872
25 50 0.048 49.952
29 50 0.048 49.952
31 50 0.048 49.952
41 50 0.048 49.952
33 50 0.048 49.952
43 50 0.048 49.952
27 50 0.0048 49.9952
42 50 0.0048 49.9952
32 50 0.048 49.952
34 50 0.048 49.952
38 50 0.048 49.952
30 50 0.048 49.952
40 50 0.048 49.952
37 50 0.048 49.952
25 50 0.048 49.952
29 50 0.048 49.952
31 50 0.048 49.952
41 50 0.048 49.952
33 50 0.048 49.952
43 50 0.048 49.952
27 50 0.0048 49.9952
42 50 0.0048 49.9952
32 50 0.048 49.952
34 50 0.048 49.952
38 50 0.048 49.952
30 50 0.048 49.952
40 50 0.048 49.952
37 50 0.048 49.952
25 50 0.048 49.952
25 49.952 0.0048 49.9472
25 49.9472 0.16 49.7872
29 50 0.048 49.952
31 50 0.048 49.952
41 50 0.048 49.952
33 50 0.048 49.952
43 50 0.048 49.952
27 50 0.0048 49.9952
42 50 0.0048 49.9952
32 50 0.048 49.952
34 50 0.048 49.952
38 50 0.048 49.952
30 50 0.048 49.952
40 50 0.048 49.952
37 50 0.048 49.952
29 50 0.048 49.952
31 50 0.048 49.952
41 50 0.048 49.952
33 50 0.048 49.952
43 50 0.048 49.952
42 50 0.0048 49.9952
32 50 0.048 49.952
34 50 0.048 49.952
38 50 0.048 49.952
30 50 0.048 49.952
40 50 0.048 49.952
37 50 0.048 49.952
29 50 0.048 49.952
31 50 0.048 49.952
28 50 0.048 49.952
44 50 0.0048 49.9952
44 49.9952 0.048 49.9472
28 49.952 0.0096 49.9424
28 49.9424 0.16 49.7824
28 49.7824 0.0016 49.7808
44 49.9472 0.016 49.9312
44 49.9312 0.016 49.9152
28 49.7808 0.0016 49.7792
44 49.9152 0.048 49.8672
28 49.7792 0.0048 49.7744
25 50 0.016 49.984
25 49.984 0.016 49.968
25 49.968 0.048 49.92
35 50 0.016 49.984
36 50 0.016 49.984
39 50 0.016 49.984
39 49.984 0.016 49.968
39 49.968 0.048 49.92
37 50 0.016 49.984
35 49.984 0.016 49.968
40 49.952 0.016 49.936
40 49.936 0.016 49.92
30 50 0.016 49.984
30 49.984 0.016 49.968
31 49.952 0.016 49.936
26 50 0.016 49.984
31 49.936 0.016 49.92
38 50 0.016 49.984
32 49.952 0.016 49.936
34 49.952 0.016 49.936
38 49.984 0.016 49.968
27 50 0.016 49.984
32 49.936 0.016 49.92
42 49.9952 0.016 49.9792
43 50 0.016 49.984
33 50 0.016 49.984
33 49.984 0.016 49.968
41 49.952 0.016 49.936
41 50 0.048 49.952
33 49.968 0.048 49.92
43 49.984 0.048 49.936
42 50 0.0048 49.9952
32 50 0.048 49.952
34 50 0.048 49.952
38 49.968 0.048 49.92
30 49.968 0.048 49.92
40 50 0.048 49.952
37 49.984 0.048 49.936
29 50 0.048 49.952
31 50 0.048 49.952
26 49.984 0.0048 49.9792
44 50 0.048 49.952
28 50 0.0048 49.9952
25 50 0.048 49.952
39 50 0.048 49.952
41 50 0.048 49.952
33 50 0.048 49.952
43 50 0.048 49.952
27 50 0.0048 49.9952
42 50 0.0048 49.9952
32 50 0.048 49.952
34 50 0.048 49.952
38 50 0.048 49.952
30 50 0.048 49.952
40 50 0.048 49.952
37 50 0.048 49.952
29 50 0.048 49.952
31 50 0.048 49.952
26 50 0.0048 49.9952
44 50 0.048 49.952
28 50 0.0048 49.9952
25 50 0.048 49.952
39 50 0.048 49.952
36 50 0.0048 49.9952
41 50 0.048 49.952
33 50 0.048 49.952
43 50 0.048 49.952
27 50 0.0048 49.9952
42 50 0.0048 49.9952
32 50 0.048 49.952
34 50 0.048 49.952
38 50 0.048 49.952
30 50 0.048 49.952
40 50 0.048 49.952
37 50 0.048 49.952
29 50 0.048 49.952
31 50 0.048 49.952
26 50 0.0048 49.9952
44 50 0.048 49.952
28 50 0.0048 49.9952
25 50 0.048 49.952
35 50 0.0048 49.9952
39 50 0.048 49.952
36 50 0.0048 49.9952
41 50 0.048 49.952
33 50 0.048 49.952
43 50 0.048 49.952
42 50 0.0048 49.9952
32 50 0.048 49.952
34 50 0.048 49.952
38 50 0.048 49.952
30 50 0.048 49.952
40 50 0.048 49.952
37 50 0.048 49.952
29 50 0.048 49.952
31 50 0.048 49.952
26 50 0.0048 49.9952
44 50 0.048 49.952
28 50 0.0048 49.9952
25 50 0.048 49.952
35 50 0.0048 49.9952
39 50 0.048 49.952
36 50 0.0048 49.9952
41 50 0.048 49.952
33 50 0.048 49.952
43 50 0.048 49.952
42 50 0.0048 49.9952
32 50 0.048 49.952
42 49.9952 0.0048 49.9904
34 50 0.048 49.952
38 50 0.048 49.952
30 50 0.048 49.952
40 50 0.048 49.952
37 50 0.048 49.952
29 50 0.048 49.952
31 50 0.048 49.952
26 50 0.0048 49.9952
44 50 0.048 49.952
28 50 0.0048 49.9952
25 50 0.048 49.952
35 50 0.0048 49.9952
39 50 0.048 49.952
36 50 0.0048 49.9952
41 50 0.048 49.952
33 50 0.048 49.952
43 50 0.048 49.952
42 50 0.0048 49.9952
32 50 0.048 49.952
34 50 0.0048 49.9952
34 49.9952 0.048 49.9472
32 49.952 0.0048 49.9472
38 50 0.048 49.952
30 50 0.048 49.952
40 50 0.048 49.952
37 50 0.048 49.952
29 50 0.048 49.952
31 50 0.048 49.952
26 50 0.0048 49.9952
44 50 0.048 49.952
28 50 0.0048 49.9952
25 50 0.048 49.952
35 50 0.0048 49.9952
39 50 0.048 49.952
36 50 0.0048 49.9952
41 50 0.048 49.952
33 50 0.048 49.952
43 50 0.048 49.952
42 50 0.0048 49.9952
32 50 0.048 49.952
34 50 0.0048 49.9952
34 49.9952 0.048 49.9472
32 49.952 0.0048 49.9472
38 50 0.048 49.952
30 50 0.048 49.952
40 50 0.048 49.952
37 50 0.048 49.952
29 50 0.048 49.952
31 50 0.048 49.952
26 50 0.0048 49.9952
44 50 0.048 49.952
28 50 0.0048 49.9952
25 50 0.048 49.952
35 50 0.0048 49.9952
39 50 0.048 49.952
36 50 0.0048 49.9952
41 50 0.048 49.952
33 50 0.048 49.952
43 50 0.048 49.952
27 50 0.0048 49.9952
42 50 0.0048 49.9952
32 50 0.048 49.952
34 50 0.0048 49.9952
34 49.9952 0.048 49.9472
32 49.952 0.0048 49.9472
38 50 0.048 49.952
30 50 0.048 49.952
40 50 0.048 49.952
37 50 0.048 49.952
29 50 0.048 49.952
31 50 0.048 49.952
26 50 0.0048 49.9952
44 50 0.048 49.952
28 50 0.0048 49.9952
25 50 0.048 49.952
36 50 0.0048 49.9952
39 50 0.048 49.952
36 49.9952 0.0048 49.9904
41 50 0.048 49.952
33 50 0.048 49.952
33 49.952 0.0048 49.9472
33 49.9472 0.16 49.7872
43 50 0.048 49.952
27 50 0.0048 49.9952
42 50 0.0048 49.9952
32 50 0.048 49.952
34 50 0.0048 49.9952
42 49.9952 0.0048 49.9904
34 49.9952 0.048 49.9472
32 49.952 0.0048 49.9472
38 50 0.048 49.952
30 50 0.048 49.952
40 50 0.048 49.952
37 50 0.048 49.952
29 50 0.048 49.952
31 50 0.048 49.952
26 50 0.0048 49.9952
44 50 0.048 49.952
28 50 0.0048 49.9952
25 50 0.048 49.952
39 50 0.048 49.952
36 50 0.0048 49.9952
41 50 0.048 49.952
43 50 0.048 49.952
27 50 0.0048 49.9952
42 50 0.0048 49.9952
32 50 0.048 49.952
34 50 0.0048 49.9952
42 49.9952 0.0048 49.9904
34 49.9952 0.048 49.9472
32 49.952 0.0048 49.9472
38 50 0.048 49.952
30 50 0.048 49.952
40 50 0.048 49.952
37 50 0.048 49.952
29 50 0.048 49.952
31 50 0.048 49.952
26 50 0.0048 49.9952
44 50 0.048 49.952
28 50 0.0048 49.9952
25 50 0.048 49.952
39 50 0.048 49.952
36 50 0.0048 49.9952
41 50 0.048 49.952
43 50 0.048 49.952
27 50 0.0048 49.9952
42 50 0.0048 49.9952
32 50 0.048 49.952
42 49.9952 0.0048 49.9904
34 50 0.048 49.952
38 50 0.048 49.952
30 50 0.048 49.952
40 50 0.048 49.952
37 50 0.048 49.952
29 50 0.048 49.952
31 50 0.048 49.952
26 50 0.0048 49.9952
44 50 0.048 49.952
28 50 0.0048 49.9952
25 50 0.048 49.952
39 50 0.048 49.952
36 50 0.0048 49.9952
41 50 0.048 49.952
43 50 0.048 49.952
27 50 0.0048 49.9952
42 50 0.0048 49.9952
32 50 0.048 49.952
42 49.9952 0.0048 49.9904
34 50 0.048 49.952
38 50 0.0048 49.9952
38 49.9952 0.048 49.9472
34 49.952 0.0048 49.9472
30 50 0.048 49.952
40 50 0.048 49.952
37 50 0.048 49.952
29 50 0.048 49.952
31 50 0.048 49.952
44 50 0.048 49.952
28 50 0.0048 49.9952
25 50 0.048 49.952
39 50 0.048 49.952
36 50 0.0048 49.9952
41 50 0.048 49.952
43 50 0.048 49.952
27 50 0.0048 49.9952
42 50 0.0048 49.9952
32 50 0.048 49.952
42 49.9952 0.0048 49.9904
34 50 0.048 49.952
38 50 0.0048 49.9952
38 49.9952 0.048 49.9472
34 49.952 0.0048 49.9472
30 50 0.048 49.952
40 50 0.048 49.952
37 50 0.048 49.952
29 50 0.048 49.952
31 50 0.048 49.952
44 50 0.048 49.952
28 50 0.0048 49.9952
25 50 0.048 49.952
39 50 0.048 49.952
36 50 0.0048 49.9952
41 50 0.048 49.952
43 50 0.048 49.952
27 50 0.0048 49.9952
42 50 0.0048 49.9952
32 50 0.048 49.952
42 49.9952 0.0048 49.9904
34 50 0.048 49.952
38 50 0.048 49.952
30 50 0.048 49.952
40 50 0.048 49.952
37 50 0.048 49.952
29 50 0.048 49.952
31 50 0.048 49.952
44 50 0.048 49.952
28 50 0.0048 49.9952
25 50 0.048 49.952
36 50 0.0048 49.9952
39 50 0.048 49.952
36 49.9952 0.0048 49.9904
41 50 0.048 49.952
43 50 0.048 49.952
27 50 0.0048 49.9952
42 50 0.0048 49.9952
32 50 0.048 49.952
34 50 0.048 49.952
38 50 0.048 49.952
30 50 0.048 49.952
40 50 0.048 49.952
37 50 0.048 49.952
29 50 0.048 49.952
31 50 0.048 49.952
26 50 0.0048 49.9952
44 50 0.048 49.952
28 50 0.0048 49.9952
25 50 0.048 49.952
39 50 0.048 49.952
36 50 0.0048 49.9952
41 50 0.048 49.952
43 50 0.048 49.952
42 50 0.0048 49.9952
32 50 0.048 49.952
34 50 0.048 49.952
38 50 0.048 49.952
30 50 0.048 49.952
40 50 0.048 49.952
37 50 0.048 49.952
29 50 0.048 49.952
31 50 0.048 49.952
26 50 0.0048 49.9952
44 50 0.048 49.952
28 50 0.0048 49.9952
25 50 0.048 49.952
39 50 0.048 49.952
36 50 0.0048 49.9952
41 50 0.048 49.952
43 50 0.048 49.952
42 50 0.0048 49.9952
32 50 0.048 49.952
42 49.9952 0.0048 49.9904
34 50 0.048 49.952
38 50 0.048 49.952
30 50 0.048 49.952
40 50 0.048 49.952
37 50 0.048 49.952
29 50 0.048 49.952
31 50 0.048 49.952
26 50 0.0048 49.9952
44 50 0.048 49.952
28 50 0.0048 49.9952
25 50 0.048 49.952
39 50 0.048 49.952
36 50 0.0048 49.9952
41 50 0.048 49.952
43 50 0.048 49.952
42 50 0.0048 49.9952
32 50 0.048 49.952
42 49.9952 0.0048 49.9904
34 50 0.048 49.952
38 50 0.048 49.952
30 50 0.048 49.952
40 50 0.048 49.952
37 50 0.048 49.952
29 50 0.048 49.952
31 50 0.048 49.952
26 50 0.0048 49.9952
44 50 0.048 49.952
28 50 0.0048 49.9952
25 50 0.048 49.952
39 50 0.048 49.952
36 50 0.0048 49.9952
41 50 0.048 49.952
43 50 0.048 49.952
42 50 0.0048 49.9952
32 50 0.048 49.952
42 49.9952 0.0048 49.9904
34 50 0.048 49.952
38 50 0.048 49.952
30 50 0.048 49.952
40 50 0.048 49.952
37 50 0.048 49.952
29 50 0.048 49.952
31 50 0.048 49.952
26 50 0.0048 49.9952
44 50 0.048 49.952
28 50 0.0048 49.9952
25 50 0.048 49.952
35 50 0.0048 49.9952
39 50 0.048 49.952
36 50 0.0048 49.9952
41 50 0.048 49.952
43 50 0.048 49.952
42 50 0.0048 49.9952
32 50 0.048 49.952
42 49.9952 0.0048 49.9904
34 50 0.048 49.952
38 50 0.048 49.952
30 50 0.048 49.952
40 50 0.048 49.952
37 50 0.048 49.952
29 50 0.048 49.952
31 50 0.048 49.952
44 50 0.048 49.952
25 50 0.048 49.952
35 50 0.0048 49.9952
39 50 0.048 49.952
36 50 0.0048 49.9952
41 50 0.048 49.952
43 50 0.048 49.952
27 50 0.0048 49.9952
32 50 0.048 49.952
42 50 0.0048 49.9952
34 50 0.048 49.952
38 50 0.048 49.952
30 50 0.048 49.952
40 50 0.048 49.952
37 50 0.048 49.952
29 50 0.048 49.952
31 50 0.048 49.952
26 50 0.0048 49.9952
44 50 0.048 49.952
25 50 0.048 49.952
39 50 0.048 49.952
36 50 0.0048 49.9952
41 50 0.048 49.952
43 50 0.048 49.952
27 50 0.0048 49.9952
32 50 0.048 49.952
42 50 0.0048 49.9952
32 49.952 0.0048 49.9472
32 49.9472 0.16 49.7872
34 50 0.048 49.952
38 50 0.048 49.952
30 50 0.048 49.952
40 50 0.048 49.952
37 50 0.048 49.952
29 50 0.048 49.952
31 50 0.048 49.952
26 50 0.0048 49.9952
44 50 0.048 49.952
25 50 0.048 49.952
35 50 0.0048 49.9952
39 50 0.048 49.952
36 50 0.0048 49.9952
41 50 0.048 49.952
43 50 0.048 49.952
27 50 0.0048 49.9952
34 50 0.048 49.952
34 49.952 0.0048 49.9472
34 49.9472 0.16 49.7872
38 50 0.048 49.952
30 50 0.048 49.952
40 50 0.048 49.952
37 50 0.048 49.952
29 50 0.048 49.952
31 50 0.048 49.952
26 50 0.0048 49.9952
44 50 0.048 49.952
25 50 0.048 49.952
35 50 0.0048 49.9952
39 50 0.048 49.952
41 50 0.048 49.952
43 50 0.048 49.952
27 50 0.0048 49.9952
38 50 0.048 49.952
30 50 0.048 49.952
40 50 0.048 49.952
37 50 0.048 49.952
29 50 0.048 49.952
31 50 0.048 49.952
26 50 0.0048 49.9952
44 50 0.048 49.952
28 50 0.0048 49.9952
25 50 0.048 49.952
35 50 0.0048 49.9952
39 50 0.048 49.952
41 50 0.048 49.952
43 50 0.048 49.952
42 50 0.0048 49.9952
38 50 0.048 49.952
38 49.952 0.0048 49.9472
38 49.9472 0.16 49.7872
30 50 0.048 49.952
40 50 0.048 49.952
37 50 0.048 49.952
29 50 0.048 49.952
31 50 0.048 49.952
26 50 0.0048 49.9952
44 50 0.048 49.952
25 50 0.048 49.952
35 50 0.0048 49.9952
39 50 0.048 49.952
36 50 0.0048 49.9952
41 50 0.048 49.952
43 50 0.048 49.952
27 50 0.0048 49.9952
42 50 0.0048 49.9952
30 50 0.048 49.952
40 50 0.048 49.952
37 50 0.048 49.952
29 50 0.048 49.952
31 50 0.048 49.952
26 50 0.0048 49.9952
44 50 0.048 49.952
25 50 0.048 49.952
35 50 0.0048 49.9952
39 50 0.048 49.952
36 50 0.0048 49.9952
41 50 0.048 49.952
43 50 0.048 49.952
27 50 0.0048 49.9952
42 50 0.0048 49.9952
30 50 0.048 49.952
40 50 0.048 49.952
37 50 0.048 49.952
29 50 0.048 49.952
31 50 0.048 49.952
26 50 0.0048 49.9952
28 50 0.048 49.952
44 50 0.048 49.952
25 50 0.048 49.952
35 50 0.0048 49.9952
39 50 0.048 49.952
36 50 0.0048 49.9952
41 50 0.048 49.952
43 50 0.048 49.952
27 50 0.0048 49.9952
42 50 0.0048 49.9952
30 50 0.048 49.952
40 50 0.048 49.952
37 50 0.048 49.952
29 50 0.048 49.952
31 50 0.048 49.952
28 50 0.048 49.952
28 49.952 0.0048 49.9472
28 49.9472 0.16 49.7872
28 49.7872 0.0016 49.7856
39 50 0.016 49.984
44 50 0.016 49.984
25 49.952 0.016 49.936
35 50 0.016 49.984
36 50 0.016 49.984
39 49.984 0.016 49.968
37 49.952 0.016 49.936
25 49.936 0.016 49.92
37 49.936 0.016 49.92
29 49.952 0.016 49.936
40 49.952 0.016 49.936
29 49.936 0.016 49.92
33 50 0.016 49.984
33 49.984 0.016 49.968
33 49.968 0.048 49.92
41 49.952 0.016 49.936
30 50 0.016 49.984
27 49.9952 0.016 49.9792
32 50 0.016 49.984
32 49.984 0.016 49.968
32 49.968 0.048 49.92
34 50 0.016 49.984
34 49.984 0.016 49.968
34 49.968 0.048 49.92
42 49.9952 0.016 49.9792
43 49.952 0.016 49.936
38 50 0.016 49.984
38 49.984 0.016 49.968
38 49.968 0.048 49.92
26 50 0.016 49.984
31 49.952 0.016 49.936
44 49.984 0.048 49.936
25 50 0.048 49.952
39 49.968 0.048 49.92
36 49.984 0.0048 49.9792
41 50 0.048 49.952
43 50 0.048 49.952
27 50 0.0048 49.9952
42 50 0.0048 49.9952
30 49.984 0.048 49.936
30 49.936 0.0048 49.9312
30 49.9312 0.16 49.7712
40 50 0.048 49.952
37 50 0.048 49.952
29 50 0.048 49.952
31 50 0.048 49.952
33 50 0.048 49.952
32 50 0.048 49.952
34 50 0.048 49.952
38 50 0.048 49.952
44 50 0.048 49.952
25 50 0.048 49.952
39 50 0.048 49.952
36 50 0.0048 49.9952
41 50 0.048 49.952
43 50 0.048 49.952
27 50 0.0048 49.9952
42 50 0.0048 49.9952
40 50 0.048 49.952
37 50 0.048 49.952
29 50 0.048 49.952
31 50 0.048 49.952
33 50 0.048 49.952
32 50 0.048 49.952
34 50 0.048 49.952
38 50 0.048 49.952
44 50 0.048 49.952
25 50 0.048 49.952
39 50 0.048 49.952
36 50 0.0048 49.9952
41 50 0.048 49.952
43 50 0.048 49.952
27 50 0.0048 49.9952
42 50 0.0048 49.9952
40 50 0.048 49.952
37 50 0.048 49.952
29 50 0.048 49.952
31 50 0.048 49.952
33 50 0.048 49.952
32 50 0.048 49.952
34 50 0.048 49.952
38 50 0.048 49.952
44 50 0.048 49.952
25 50 0.048 49.952
39 50 0.048 49.952
41 50 0.048 49.952
43 50 0.048 49.952
27 50 0.0048 49.9952
42 50 0.0048 49.9952
40 50 0.048 49.952
37 50 0.048 49.952
29 50 0.048 49.952
31 50 0.048 49.952
33 50 0.048 49.952
32 50 0.048 49.952
34 50 0.048 49.952
38 50 0.048 49.952
44 50 0.048 49.952
25 50 0.048 49.952
39 50 0.048 49.952
41 50 0.048 49.952
43 50 0.048 49.952
27 50 0.0048 49.9952
42 50 0.0048 49.9952
40 50 0.048 49.952
37 50 0.048 49.952
29 50 0.048 49.952
31 50 0.048 49.952
33 50 0.048 49.952
32 50 0.048 49.952
34 50 0.048 49.952
38 50 0.048 49.952
44 50 0.048 49.952
25 50 0.048 49.952
39 50 0.048 49.952
41 50 0.048 49.952
43 50 0.048 49.952
42 50 0.0048 49.9952
40 50 0.048 49.952
37 50 0.048 49.952
29 50 0.048 49.952
31 50 0.048 49.952
33 50 0.048 49.952
32 50 0.048 49.952
34 50 0.048 49.952
38 50 0.048 49.952
44 50 0.048 49.952
25 50 0.048 49.952
39 50 0.048 49.952
36 50 0.0048 49.9952
41 50 0.048 49.952
43 50 0.048 49.952
42 50 0.0048 49.9952
40 50 0.048 49.952
37 50 0.048 49.952
29 50 0.048 49.952
31 50 0.048 49.952
33 50 0.048 49.952
32 50 0.048 49.952
34 50 0.048 49.952
38 50 0.048 49.952
44 50 0.048 49.952
25 50 0.048 49.952
39 50 0.048 49.952
36 50 0.0048 49.9952
41 50 0.048 49.952
43 50 0.048 49.952
42 50 0.0048 49.9952
40 50 0.048 49.952
37 50 0.048 49.952
29 50 0.048 49.952
31 50 0.048 49.952
33 50 0.048 49.952
32 50 0.048 49.952
34 50 0.048 49.952
38 50 0.048 49.952
44 50 0.048 49.952
25 50 0.048 49.952
39 50 0.048 49.952
36 50 0.0048 49.9952
41 50 0.048 49.952
43 50 0.048 49.952
42 50 0.0048 49.9952
40 50 0.048 49.952
37 50 0.048 49.952
29 50 0.048 49.952
31 50 0.048 49.952
33 50 0.048 49.952
32 50 0.048 49.952
42 49.9952 0.0048 49.9904
34 50 0.048 49.952
38 50 0.048 49.952
44 50 0.048 49.952
25 50 0.048 49.952
39 50 0.048 49.952
36 50 0.0048 49.9952
41 50 0.048 49.952
43 50 0.048 49.952
42 50 0.0048 49.9952
40 50 0.048 49.952
37 50 0.048 49.952
29 50 0.048 49.952
31 50 0.048 49.952
33 50 0.048 49.952
32 50 0.048 49.952
34 50 0.048 49.952
38 50 0.048 49.952
44 50 0.048 49.952
25 50 0.048 49.952
39 50 0.048 49.952
36 50 0.0048 49.9952
41 50 0.048 49.952
43 50 0.048 49.952
42 50 0.0048 49.9952
40 50 0.048 49.952
37 50 0.048 49.952
29 50 0.048 49.952
31 50 0.048 49.952
33 50 0.048 49.952
32 50 0.048 49.952
34 50 0.048 49.952
38 50 0.048 49.952
44 50 0.048 49.952
25 50 0.048 49.952
39 50 0.048 49.952
36 50 0.0048 49.9952
41 50 0.048 49.952
43 50 0.048 49.952
42 50 0.0048 49.9952
40 50 0.048 49.952
37 50 0.048 49.952
29 50 0.048 49.952
31 50 0.048 49.952
33 50 0.048 49.952
32 50 0.048 49.952
34 50 0.048 49.952
38 50 0.048 49.952
44 50 0.048 49.952
25 50 0.048 49.952
39 50 0.048 49.952
36 50 0.0048 49.9952
41 50 0.048 49.952
43 50 0.048 49.952
27 50 0.0048 49.9952
42 50 0.0048 49.9952
40 50 0.048 49.952
37 50 0.048 49.952
29 50 0.048 49.952
31 50 0.048 49.952
26 50 0.0048 49.9952
33 50 0.048 49.952
32 50 0.048 49.952
34 50 0.048 49.952
38 50 0.048 49.952
44 50 0.048 49.952
25 50 0.048 49.952
39 50 0.048 49.952
36 50 0.0048 49.9952
41 50 0.048 49.952
43 50 0.048 49.952
27 50 0.0048 49.9952
42 50 0.0048 49.9952
40 50 0.048 49.952
37 50 0.048 49.952
29 50 0.048 49.952
31 50 0.048 49.952
26 50 0.0048 49.9952
33 50 0.048 49.952
32 50 0.048 49.952
34 50 0.048 49.952
38 50 0.048 49.952
44 50 0.048 49.952
25 50 0.048 49.952
35 50 0.0048 49.9952
39 50 0.048 49.952
41 50 0.048 49.952
43 50 0.048 49.952
27 50 0.0048 49.9952
42 50 0.0048 49.9952
40 50 0.048 49.952
37 50 0.048 49.952
29 50 0.048 49.952
31 50 0.048 49.952
33 50 0.048 49.952
32 50 0.048 49.952
34 50 0.048 49.952
38 50 0.048 49.952
44 50 0.048 49.952
25 50 0.048 49.952
39 50 0.048 49.952
41 50 0.048 49.952
43 50 0.048 49.952
27 50 0.0048 49.9952
42 50 0.0048 49.9952
40 50 0.048 49.952
37 50 0.048 49.952
29 50 0.048 49.952
31 50 0.048 49.952
33 50 0.048 49.952
32 50 0.048 49.952
34 50 0.048 49.952
38 50 0.048 49.952
44 50 0.048 49.952
28 50 0.0048 49.9952
25 50 0.048 49.952
39 50 0.048 49.952
36 50 0.0048 49.9952
41 50 0.048 49.952
43 50 0.048 49.952
27 50 0.0048 49.9952
42 50 0.0048 49.9952
40 50 0.048 49.952
37 50 0.048 49.952
37 49.952 0.0048 49.9472
37 49.9472 0.16 49.7872
29 50 0.048 49.952
31 50 0.048 49.952
26 50 0.0048 49.9952
33 50 0.048 49.952
32 50 0.048 49.952
34 50 0.048 49.952
38 50 0.048 49.952
44 50 0.048 49.952
28 50 0.0048 49.9952
25 50 0.048 49.952
39 50 0.048 49.952
36 50 0.0048 49.9952
41 50 0.048 49.952
43 50 0.048 49.952
27 50 0.0048 49.9952
42 50 0.0048 49.9952
40 50 0.048 49.952
29 50 0.048 49.952
31 50 0.048 49.952
26 50 0.0048 49.9952
33 50 0.048 49.952
32 50 0.048 49.952
34 50 0.048 49.952
38 50 0.048 49.952
44 50 0.048 49.952
25 50 0.048 49.952
39 50 0.048 49.952
36 50 0.0048 49.9952
41 50 0.048 49.952
43 50 0.048 49.952
27 50 0.0048 49.9952
40 50 0.048 49.952
29 50 0.048 49.952
31 50 0.048 49.952
26 50 0.0048 49.9952
33 50 0.048 49.952
32 50 0.048 49.952
34 50 0.048 49.952
38 50 0.048 49.952
44 50 0.048 49.952
25 50 0.048 49.952
39 50 0.048 49.952
36 50 0.0048 49.9952
41 50 0.048 49.952
43 50 0.048 49.952
27 50 0.0048 49.9952
42 50 0.0048 49.9952
40 50 0.048 49.952
29 50 0.048 49.952
31 50 0.048 49.952
26 50 0.0048 49.9952
33 50 0.048 49.952
32 50 0.048 49.952
34 50 0.048 49.952
38 50 0.048 49.952
44 50 0.048 49.952
25 50 0.048 49.952
39 50 0.048 49.952
41 50 0.048 49.952
43 50 0.048 49.952
27 50 0.0048 49.9952
42 50 0.0048 49.9952
40 50 0.048 49.952
29 50 0.048 49.952
31 50 0.048 49.952
26 50 0.0048 49.9952
33 50 0.048 49.952
32 50 0.048 49.952
34 50 0.0048 49.9952
34 49.9952 0.048 49.9472
32 49.952 0.0048 49.9472
38 50 0.048 49.952
44 50 0.048 49.952
25 50 0.048 49.952
39 50 0.048 49.952
41 50 0.048 49.952
43 50 0.048 49.952
27 50 0.0048 49.9952
42 50 0.0048 49.9952
40 50 0.048 49.952
29 50 0.048 49.952
31 50 0.048 49.952
26 50 0.0048 49.9952
33 50 0.048 49.952
32 50 0.048 49.952
34 50 0.0048 49.9952
34 49.9952 0.048 49.9472
32 49.952 0.0048 49.9472
38 50 0.048 49.952
44 50 0.048 49.952
25 50 0.048 49.952
25 49.952 0.0048 49.9472
25 49.9472 0.16 49.7872
39 50 0.048 49.952
41 50 0.048 49.952
43 50 0.048 49.952
27 50 0.0048 49.9952
42 50 0.0048 49.9952
40 50 0.048 49.952
29 50 0.048 49.952
31 50 0.048 49.952
26 50 0.0048 49.9952
33 50 0.048 49.952
32 50 0.048 49.952
34 50 0.048 49.952
38 50 0.048 49.952
44 50 0.048 49.952
39 50 0.048 49.952
41 50 0.048 49.952
43 50 0.048 49.952
27 50 0.0048 49.9952
42 50 0.0048 49.9952
40 50 0.048 49.952
29 50 0.048 49.952
31 50 0.048 49.952
26 50 0.0048 49.9952
33 50 0.048 49.952
32 50 0.048 49.952
34 50 0.048 49.952
38 50 0.048 49.952
30 50 0.048 49.952
30 49.952 0.0048 49.9472
30 49.9472 0.16 49.7872
30 49.7872 0.0016 49.7856
26 50 0.016 49.984
31 49.952 0.016 49.936
26 49.984 0.016 49.968
31 49.936 0.016 49.92
38 49.952 0.016 49.936
32 49.952 0.016 49.936
34 49.952 0.016 49.936
38 49.936 0.016 49.92
42 49.9952 0.016 49.9792
40 49.952 0.016 49.936
27 49.9952 0.016 49.9792
42 49.9792 0.016 49.9632
43 50 0.016 49.984
40 49.936 0.016 49.92
37 50 0.016 49.984
37 49.984 0.016 49.968
37 49.968 0.048 49.92
28 50 0.016 49.984
28 49.984 0.016 49.968
28 49.968 0.048 49.92
44 50 0.016 49.984
35 50 0.016 49.984
36 50 0.016 49.984
39 50 0.016 49.984
44 49.984 0.016 49.968
25 49.9329 0.016 49.9169
25 49.9169 0.016 49.9009
25 49.9009 0.048 49.8529
35 49.984 0.016 49.968
36 49.984 0.016 49.968
41 49.952 0.016 49.936
41 49.936 0.016 49.92
29 49.952 0.016 49.936
44 49.968 0.048 49.92
39 49.984 0.048 49.936
41 50 0.048 49.952
43 49.984 0.048 49.936
42 50 0.0048 49.9952
40 50 0.048 49.952
29 50 0.048 49.952
31 50 0.048 49.952
26 49.968 0.0048 49.9632
33 50 0.048 49.952
32 50 0.048 49.952
34 50 0.048 49.952
38 50 0.048 49.952
37 50 0.048 49.952
28 50 0.048 49.952
25 50 0.048 49.952
44 50 0.048 49.952
39 50 0.048 49.952
41 50 0.048 49.952
43 50 0.048 49.952
42 50 0.0048 49.9952
40 50 0.048 49.952
29 50 0.048 49.952
31 50 0.048 49.952
26 50 0.0048 49.9952
33 50 0.048 49.952
32 50 0.048 49.952
34 50 0.048 49.952
38 50 0.048 49.952
37 50 0.048 49.952
28 50 0.048 49.952
25 50 0.048 49.952
44 50 0.048 49.952
39 50 0.048 49.952
41 50 0.048 49.952
43 50 0.048 49.952
42 50 0.0048 49.9952
40 50 0.048 49.952
29 50 0.048 49.952
31 50 0.048 49.952
26 50 0.0048 49.9952
33 50 0.048 49.952
32 50 0.048 49.952
34 50 0.0048 49.9952
34 49.9952 0.048 49.9472
32 49.952 0.0048 49.9472
38 50 0.048 49.952
37 50 0.048 49.952
28 50 0.048 49.952
25 50 0.048 49.952
44 50 0.048 49.952
39 50 0.048 49.952
41 50 0.048 49.952
43 50 0.048 49.952
27 50 0.0048 49.9952
42 50 0.0048 49.9952
40 50 0.048 49.952
29 50 0.048 49.952
31 50 0.048 49.952
26 50 0.0048 49.9952
33 50 0.048 49.952
32 50 0.048 49.952
34 50 0.048 49.952
38 50 0.048 49.952
37 50 0.048 49.952
28 50 0.048 49.952
25 50 0.048 49.952
35 50 0.0048 49.9952
44 50 0.048 49.952
39 50 0.048 49.952
36 50 0.0048 49.9952
41 50 0.048 49.952
43 50 0.048 49.952
27 50 0.0048 49.9952
42 50 0.0048 49.9952
40 50 0.048 49.952
29 50 0.048 49.952
31 50 0.048 49.952
33 50 0.048 49.952
32 50 0.048 49.952
34 50 0.048 49.952
38 50 0.048 49.952
37 50 0.048 49.952
28 50 0.048 49.952
25 50 0.048 49.952
35 50 0.0048 49.9952
44 50 0.048 49.952
39 50 0.048 49.952
36 50 0.0048 49.9952
41 50 0.048 49.952
43 50 0.048 49.952
27 50 0.0048 49.9952
42 50 0.0048 49.9952
40 50 0.048 49.952
29 50 0.048 49.952
31 50 0.048 49.952
26 50 0.0048 49.9952
33 50 0.048 49.952
32 50 0.048 49.952
34 50 0.048 49.952
38 50 0.048 49.952
37 50 0.048 49.952
28 50 0.048 49.952
25 50 0.048 49.952
44 50 0.048 49.952
39 50 0.048 49.952
36 50 0.0048 49.9952
41 50 0.048 49.952
43 50 0.048 49.952
27 50 0.0048 49.9952
42 50 0.0048 49.9952
40 50 0.048 49.952
29 50 0.048 49.952
31 50 0.048 49.952
26 50 0.0048 49.9952
33 50 0.048 49.952
32 50 0.048 49.952
34 50 0.048 49.952
38 50 0.048 49.952
37 50 0.048 49.952
28 50 0.048 49.952
25 50 0.048 49.952
35 50 0.0048 49.9952
44 50 0.048 49.952
39 50 0.048 49.952
36 50 0.0048 49.9952
41 50 0.048 49.952
41 49.952 0.0048 49.9472
41 49.9472 0.16 49.7872
43 50 0.048 49.952
27 50 0.0048 49.9952
42 50 0.0048 49.9952
40 50 0.048 49.952
29 50 0.048 49.952
31 50 0.048 49.952
26 50 0.0048 49.9952
33 50 0.048 49.952
32 50 0.048 49.952
34 50 0.048 49.952
38 50 0.048 49.952
37 50 0.048 49.952
28 50 0.048 49.952
25 50 0.048 49.952
44 50 0.048 49.952
39 50 0.048 49.952
43 50 0.048 49.952
27 50 0.0048 49.9952
40 50 0.048 49.952
29 50 0.048 49.952
31 50 0.048 49.952
33 50 0.048 49.952
33 49.952 0.0048 49.9472
33 49.9472 0.16 49.7872
32 50 0.048 49.952
34 50 0.048 49.952
38 50 0.048 49.952
37 50 0.048 49.952
28 50 0.048 49.952
25 50 0.048 49.952
44 50 0.048 49.952
39 50 0.048 49.952
43 50 0.048 49.952
27 50 0.0048 49.9952
40 50 0.048 49.952
29 50 0.048 49.952
31 50 0.048 49.952
26 50 0.0048 49.9952
32 50 0.048 49.952
34 50 0.048 49.952
38 50 0.048 49.952
37 50 0.048 49.952
28 50 0.048 49.952
25 50 0.048 49.952
44 50 0.048 49.952
39 50 0.048 49.952
43 50 0.048 49.952
27 50 0.0048 49.9952
40 50 0.048 49.952
29 50 0.048 49.952
31 50 0.048 49.952
26 50 0.0048 49.9952
32 50 0.048 49.952
34 50 0.0048 49.9952
34 49.9952 0.048 49.9472
32 49.952 0.0048 49.9472
38 50 0.048 49.952
37 50 0.048 49.952
28 50 0.048 49.952
44 50 0.0048 49.9952
25 50 0.048 49.952
44 49.9952 0.048 49.9472
28 49.952 0.0048 49.9472
39 50 0.048 49.952
36 50 0.0048 49.9952
43 50 0.048 49.952
27 50 0.0048 49.9952
40 50 0.048 49.952
29 50 0.048 49.952
31 50 0.048 49.952
32 50 0.048 49.952
34 50 0.0048 49.9952
34 49.9952 0.048 49.9472
32 49.952 0.0048 49.9472
38 50 0.048 49.952
37 50 0.048 49.952
28 50 0.048 49.952
44 50 0.0048 49.9952
25 50 0.048 49.952
44 49.9952 0.048 49.9472
28 49.952 0.0048 49.9472
39 50 0.048 49.952
43 50 0.048 49.952
27 50 0.0048 49.9952
40 50 0.048 49.952
29 50 0.048 49.952
31 50 0.048 49.952
32 50 0.048 49.952
34 50 0.0048 49.9952
34 49.9952 0.048 49.9472
32 49.952 0.0048 49.9472
38 50 0.048 49.952
37 50 0.048 49.952
28 50 0.048 49.952
44 50 0.0048 49.9952
25 50 0.048 49.952
44 49.9952 0.048 49.9472
28 49.952 0.0048 49.9472
39 50 0.048 49.952
36 50 0.0048 49.9952
43 50 0.048 49.952
27 50 0.0048 49.9952
40 50 0.048 49.952
29 50 0.048 49.952
31 50 0.048 49.952
32 50 0.048 49.952
34 50 0.0048 49.9952
34 49.9952 0.048 49.9472
32 49.952 0.0048 49.9472
38 50 0.048 49.952
37 50 0.048 49.952
28 50 0.048 49.952
44 50 0.0048 49.9952
25 50 0.048 49.952
44 49.9952 0.048 49.9472
28 49.952 0.0048 49.9472
39 50 0.048 49.952
43 50 0.048 49.952
27 50 0.0048 49.9952
40 50 0.048 49.952
29 50 0.048 49.952
31 50 0.048 49.952
32 50 0.048 49.952
34 50 0.0048 49.9952
34 49.9952 0.048 49.9472
32 49.952 0.0048 49.9472
38 50 0.048 49.952
37 50 0.048 49.952
28 50 0.048 49.952
44 50 0.0048 49.9952
25 50 0.048 49.952
44 49.9952 0.048 49.9472
28 49.952 0.0048 49.9472
39 50 0.048 49.952
36 50 0.0048 49.9952
43 50 0.048 49.952
42 50 0.0048 49.9952
40 50 0.048 49.952
29 50 0.048 49.952
31 50 0.048 49.952
32 50 0.048 49.952
34 50 0.0048 49.9952
34 49.9952 0.048 49.9472
32 49.952 0.0048 49.9472
38 50 0.048 49.952
37 50 0.048 49.952
28 50 0.048 49.952
44 50 0.0048 49.9952
25 50 0.048 49.952
44 49.9952 0.048 49.9472
28 49.952 0.0048 49.9472
39 50 0.048 49.952
36 50 0.0048 49.9952
43 50 0.048 49.952
42 50 0.0048 49.9952
40 50 0.048 49.952
29 50 0.048 49.952
31 50 0.048 49.952
26 50 0.0048 49.9952
32 50 0.048 49.952
34 50 0.0048 49.9952
34 49.9952 0.048 49.9472
32 49.952 0.0048 49.9472
38 50 0.048 49.952
37 50 0.048 49.952
28 50 0.048 49.952
44 50 0.0048 49.9952
25 50 0.048 49.952
44 49.9952 0.048 49.9472
28 49.952 0.0048 49.9472
39 50 0.048 49.952
36 50 0.0048 49.9952
43 50 0.048 49.952
42 50 0.0048 49.9952
40 50 0.048 49.952
29 50 0.048 49.952
31 50 0.048 49.952
26 50 0.0048 49.9952
32 50 0.048 49.952
34 50 0.0048 49.9952
34 49.9952 0.048 49.9472
32 49.952 0.0048 49.9472
38 50 0.048 49.952
37 50 0.048 49.952
28 50 0.048 49.952
44 50 0.0048 49.9952
25 50 0.048 49.952
44 49.9952 0.048 49.9472
28 49.952 0.0048 49.9472
39 50 0.048 49.952
43 50 0.048 49.952
42 50 0.0048 49.9952
40 50 0.048 49.952
29 50 0.048 49.952
31 50 0.048 49.952
26 50 0.0048 49.9952
32 50 0.048 49.952
34 50 0.048 49.952
38 50 0.048 49.952
37 50 0.048 49.952
28 50 0.048 49.952
44 50 0.0048 49.9952
25 50 0.048 49.952
44 49.9952 0.048 49.9472
39 50 0.048 49.952
36 50 0.0048 49.9952
43 50 0.048 49.952
42 50 0.0048 49.9952
40 50 0.048 49.952
29 50 0.048 49.952
31 50 0.048 49.952
26 50 0.0048 49.9952
32 50 0.048 49.952
34 50 0.0048 49.9952
34 49.9952 0.048 49.9472
32 49.952 0.0048 49.9472
38 50 0.048 49.952
37 50 0.048 49.952
28 50 0.048 49.952
25 50 0.048 49.952
44 50 0.048 49.952
39 50 0.048 49.952
36 50 0.0048 49.9952
43 50 0.048 49.952
42 50 0.0048 49.9952
40 50 0.048 49.952
29 50 0.048 49.952
31 50 0.048 49.952
26 50 0.0048 49.9952
32 50 0.048 49.952
34 50 0.0048 49.9952
34 49.9952 0.048 49.9472
32 49.952 0.0048 49.9472
38 50 0.048 49.952
37 50 0.048 49.952
28 50 0.048 49.952
25 50 0.048 49.952
44 50 0.048 49.952
39 50 0.048 49.952
36 50 0.0048 49.9952
43 50 0.048 49.952
42 50 0.0048 49.9952
40 50 0.048 49.952
29 50 0.048 49.952
31 50 0.048 49.952
26 50 0.0048 49.9952
32 50 0.048 49.952
34 50 0.0048 49.9952
32 49.952 0.0048 49.9472
32 49.9472 0.16 49.7872
34 49.9952 0.048 49.9472
32 49.7872 0.0048 49.7824
38 50 0.048 49.952
37 50 0.048 49.952
28 50 0.048 49.952
25 50 0.048 49.952
44 50 0.048 49.952
39 50 0.048 49.952
36 50 0.0048 49.9952
43 50 0.048 49.952
42 50 0.0048 49.9952
40 50 0.048 49.952
29 50 0.048 49.952
31 50 0.048 49.952
26 50 0.0048 49.9952
34 50 0.048 49.952
32 50 0.0048 49.9952
34 49.952 0.0048 49.9472
34 49.9472 0.16 49.7872
38 50 0.048 49.952
37 50 0.048 49.952
28 50 0.048 49.952
25 50 0.048 49.952
44 50 0.048 49.952
39 50 0.048 49.952
35 50 0.0048 49.9952
36 50 0.0048 49.9952
43 50 0.048 49.952
42 50 0.0048 49.9952
40 50 0.048 49.952
29 50 0.048 49.952
31 50 0.048 49.952
26 50 0.0048 49.9952
38 50 0.048 49.952
37 50 0.048 49.952
28 50 0.048 49.952
25 50 0.048 49.952
44 50 0.048 49.952
39 50 0.048 49.952
35 50 0.0048 49.9952
43 50 0.048 49.952
42 50 0.0048 49.9952
40 50 0.048 49.952
29 50 0.048 49.952
31 50 0.048 49.952
26 50 0.0048 49.9952
38 50 0.048 49.952
38 49.952 0.0048 49.9472
38 49.9472 0.16 49.7872
37 50 0.048 49.952
28 50 0.048 49.952
25 50 0.048 49.952
44 50 0.048 49.952
39 50 0.048 49.952
35 50 0.0048 49.9952
43 50 0.048 49.952
27 50 0.0048 49.9952
42 50 0.0048 49.9952
40 50 0.048 49.952
29 50 0.048 49.952
31 50 0.048 49.952
26 50 0.0048 49.9952
37 50 0.048 49.952
28 50 0.048 49.952
25 50 0.048 49.952
44 50 0.048 49.952
39 50 0.048 49.952
43 50 0.048 49.952
40 50 0.048 49.952
29 50 0.048 49.952
31 50 0.048 49.952
26 50 0.0048 49.9952
37 50 0.048 49.952
28 50 0.048 49.952
25 50 0.048 49.952
44 50 0.048 49.952
39 50 0.048 49.952
43 50 0.048 49.952
40 50 0.048 49.952
29 50 0.048 49.952
31 50 0.048 49.952
26 50 0.0048 49.9952
37 50 0.048 49.952
28 50 0.048 49.952
25 50 0.048 49.952
44 50 0.048 49.952
39 50 0.048 49.952
36 50 0.0048 49.9952
43 50 0.048 49.952
27 50 0.0048 49.9952
42 50 0.0048 49.9952
40 50 0.048 49.952
29 50 0.048 49.952
31 50 0.048 49.952
26 50 0.0048 49.9952
37 50 0.048 49.952
28 50 0.048 49.952
25 50 0.048 49.952
44 50 0.048 49.952
39 50 0.048 49.952
35 50 0.0048 49.9952
43 50 0.048 49.952
27 50 0.0048 49.9952
42 50 0.0048 49.9952
40 50 0.048 49.952
29 50 0.048 49.952
31 50 0.048 49.952
26 50 0.0048 49.9952
37 50 0.048 49.952
28 50 0.048 49.952
25 50 0.048 49.952
44 50 0.048 49.952
39 50 0.048 49.952
35 50 0.0048 49.9952
43 50 0.048 49.952
27 50 0.0048 49.9952
40 50 0.048 49.952
29 50 0.048 49.952
31 50 0.048 49.952
26 50 0.0048 49.9952
37 50 0.048 49.952
28 50 0.048 49.952
25 50 0.048 49.952
44 50 0.048 49.952
39 50 0.048 49.952
30 50 0.048 49.952
43 50 0.048 49.952
27 50 0.0048 49.9952
42 50 0.0048 49.9952
40 50 0.048 49.952
29 50 0.048 49.952
31 50 0.048 49.952
26 50 0.0048 49.9952
37 50 0.048 49.952
28 50 0.048 49.952
25 50 0.048 49.952
44 50 0.048 49.952
39 50 0.048 49.952
30 50 0.048 49.952
43 50 0.048 49.952
27 50 0.0048 49.9952
42 50 0.0048 49.9952
40 50 0.048 49.952
29 50 0.048 49.952
31 50 0.048 49.952
26 50 0.0048 49.9952
37 50 0.048 49.952
28 50 0.048 49.952
44 50 0.0048 49.9952
25 50 0.048 49.952
44 49.9952 0.048 49.9472
28 49.952 0.0048 49.9472
39 50 0.048 49.952
35 50 0.0048 49.9952
30 50 0.048 49.952
43 50 0.048 49.952
27 50 0.0048 49.9952
42 50 0.0048 49.9952
40 50 0.048 49.952
29 50 0.048 49.952
31 50 0.048 49.952
37 50 0.048 49.952
28 50 0.048 49.952
25 50 0.048 49.952
