29 50 0.048 49.952
29 50 0.048 49.952
34 50 0.048 49.952
30 50 0.0048 49.9952
30 49.9952 0.048 49.9472
34 49.952 0.0048 49.9472
34 49.9472 0.16 49.7872
30 49.9472 0.016 49.9312
30 49.9312 0.016 49.9152
34 49.7872 0.0016 49.7856
30 49.9152 0.048 49.8672
34 49.7856 0.0048 49.7808
29 50 0.048 49.952
30 50 0.048 49.952
34 49.9128 0.0048 49.908
29 50 0.048 49.952
30 50 0.048 49.952
34 50 0.0048 49.9952
29 50 0.048 49.952
33 50 0.0048 49.9952
33 49.9952 0.048 49.9472
29 49.952 0.0048 49.9472
29 49.9472 0.16 49.7872
33 49.9472 0.016 49.9312
33 49.9312 0.016 49.9152
29 49.7872 0.0016 49.7856
33 49.9152 0.048 49.8672
29 49.7856 0.0048 49.7808
30 50 0.048 49.952
34 50 0.0048 49.9952
33 50 0.048 49.952
29 50 0.0048 49.9952
30 50 0.048 49.952
34 50 0.0048 49.9952
33 50 0.048 49.952
29 50 0.0048 49.9952
30 50 0.048 49.952
34 50 0.0048 49.9952
33 50 0.048 49.952
29 50 0.0048 49.9952
25 50 0.048 49.952
30 50 0.048 49.952
34 50 0.0048 49.9952
33 50 0.048 49.952
25 50 0.048 49.952
30 50 0.048 49.952
34 50 0.0048 49.9952
33 50 0.048 49.952
31 50 0.048 49.952
26 50 0.0048 49.9952
26 49.9952 0.048 49.9472
31 49.952 0.0096 49.9424
31 49.9424 0.16 49.7824
26 49.9472 0.016 49.9312
26 49.9312 0.016 49.9152
31 49.7824 0.0016 49.7808
26 49.9152 0.048 49.8672
31 49.7808 0.0048 49.776
32 50 0.0048 49.9952
32 49.9952 0.048 49.9472
26 49.8672 0.0096 49.8576
26 49.8576 0.16 49.6976
32 49.9472 0.016 49.9312
32 49.9312 0.016 49.9152
26 49.6976 0.0016 49.696
32 49.9152 0.048 49.8672
26 49.696 0.0048 49.6912
25 50 0.048 49.952
30 50 0.048 49.952
34 50 0.0048 49.9952
33 50 0.048 49.952
33 49.952 0.0048 49.9472
33 49.9472 0.16 49.7872
33 49.7872 0.0016 49.7856
28 50 0.016 49.984
28 49.984 0.016 49.968
28 49.968 0.048 49.92
32 50 0.048 49.952
26 49.9376 0.0048 49.9328
32 49.952 0.0048 49.9472
32 49.9472 0.16 49.7872
32 49.7872 0.0016 49.7856
27 50 0.016 49.984
27 49.984 0.016 49.968
27 49.968 0.048 49.92
27 49.92 0.0048 49.9152
27 49.9152 0.16 49.7552
27 49.7552 0.0016 49.7536
29 50 0.016 49.984
29 49.984 0.016 49.968
29 49.968 0.048 49.92
25 50 0.048 49.952
30 50 0.048 49.952
34 50 0.0048 49.9952
28 50 0.048 49.952
29 50 0.048 49.952
25 50 0.048 49.952
30 50 0.048 49.952
34 50 0.0048 49.9952
27 50 0.048 49.952
27 49.952 0.0048 49.9472
27 49.9472 0.16 49.7872
27 49.7872 0.0016 49.7856
31 50 0.016 49.984
31 49.984 0.016 49.968
31 49.968 0.048 49.92
31 49.92 0.0048 49.9152
31 49.9152 0.16 49.7552
31 49.7552 0.0016 49.7536
32 50 0.016 49.984
32 49.984 0.016 49.968
32 49.968 0.048 49.92
26 50 0.0048 49.9952
26 49.9952 0.048 49.9472
32 49.92 0.0048 49.9152
32 49.9152 0.16 49.7552
26 49.9472 0.016 49.9312
26 49.9312 0.016 49.9152
32 49.7552 0.0016 49.7536
26 49.9152 0.048 49.8672
32 49.7536 0.0048 49.7488
28 50 0.048 49.952
29 50 0.048 49.952
32 50 0.048 49.952
25 50 0.048 49.952
30 50 0.048 49.952
34 50 0.0048 49.9952
26 50 0.048 49.952
31 50 0.0048 49.9952
28 50 0.048 49.952
29 50 0.048 49.952
33 50 0.0048 49.9952
33 49.9952 0.048 49.9472
29 49.952 0.0048 49.9472
29 49.9472 0.16 49.7872
33 49.9472 0.016 49.9312
33 49.9312 0.016 49.9152
29 49.7872 0.0016 49.7856
33 49.9152 0.048 49.8672
29 49.7856 0.0048 49.7808
32 50 0.048 49.952
25 50 0.048 49.952
30 50 0.048 49.952
34 50 0.0048 49.9952
26 50 0.048 49.952
31 50 0.0048 49.9952
28 50 0.048 49.952
28 49.952 0.0048 49.9472
28 49.9472 0.16 49.7872
28 49.7872 0.0016 49.7856
34 50 0.016 49.984
34 49.984 0.016 49.968
34 49.968 0.048 49.92
30 50 0.0048 49.9952
33 50 0.048 49.952
32 50 0.048 49.952
25 50 0.048 49.952
30 49.9952 0.048 49.9472
34 49.92 0.0048 49.9152
26 50 0.048 49.952
31 50 0.0048 49.9952
34 50 0.048 49.952
30 50 0.0048 49.9952
33 50 0.048 49.952
32 50 0.048 49.952
32 49.952 0.0048 49.9472
32 49.9472 0.16 49.7872
32 49.7872 0.0016 49.7856
31 49.9952 0.016 49.9792
31 49.9792 0.016 49.9632
31 49.9632 0.048 49.9152
26 50 0.0048 49.9952
25 50 0.048 49.952
30 49.9952 0.048 49.9472
34 49.952 0.0048 49.9472
26 49.9952 0.048 49.9472
31 50 0.0048 49.9952
34 50 0.048 49.952
30 50 0.0048 49.9952
33 50 0.048 49.952
31 49.9952 0.048 49.9472
26 50 0.0048 49.9952
25 50 0.048 49.952
30 49.9952 0.048 49.9472
34 49.952 0.0048 49.9472
26 49.9952 0.048 49.9472
34 50 0.048 49.952
30 50 0.0048 49.9952
33 50 0.048 49.952
31 50 0.048 49.952
26 50 0.0048 49.9952
25 50 0.048 49.952
30 49.9952 0.048 49.9472
34 49.952 0.0048 49.9472
26 49.9952 0.048 49.9472
31 50 0.0048 49.9952
26 49.9472 0.0048 49.9424
26 49.9424 0.16 49.7824
26 49.7824 0.0016 49.7808
34 50 0.048 49.952
30 50 0.0048 49.9952
33 50 0.048 49.952
31 49.9952 0.048 49.9472
26 50 0.0048 49.9952
26 49.9952 0.048 49.9472
31 49.9472 0.0048 49.9424
31 49.9424 0.16 49.7824
26 49.9472 0.016 49.9312
26 49.9312 0.016 49.9152
31 49.7824 0.0016 49.7808
26 49.9152 0.048 49.8672
31 49.7808 0.0048 49.776
26 49.8672 0.0048 49.8624
26 49.8624 0.16 49.7024
26 49.7024 0.0016 49.7008
27 50 0.016 49.984
27 49.984 0.016 49.968
27 49.968 0.048 49.92
25 50 0.048 49.952
30 49.9952 0.048 49.9472
34 49.952 0.0048 49.9472
34 50 0.048 49.952
30 50 0.0048 49.9952
33 50 0.048 49.952
27 50 0.048 49.952
25 50 0.048 49.952
30 49.9952 0.048 49.9472
34 49.952 0.0048 49.9472
34 50 0.048 49.952
30 50 0.0048 49.9952
33 50 0.048 49.952
27 50 0.048 49.952
25 50 0.048 49.952
30 49.9952 0.048 49.9472
34 49.952 0.0048 49.9472
34 50 0.048 49.952
30 50 0.0048 49.9952
33 50 0.048 49.952
27 50 0.048 49.952
25 50 0.048 49.952
30 49.9952 0.048 49.9472
34 49.952 0.0048 49.9472
34 50 0.048 49.952
30 50 0.0048 49.9952
34 49.952 0.0048 49.9472
34 49.9472 0.16 49.7872
34 49.7872 0.0016 49.7856
32 50 0.016 49.984
32 49.984 0.016 49.968
32 49.968 0.048 49.92
33 50 0.048 49.952
27 50 0.048 49.952
25 50 0.048 49.952
30 49.9952 0.048 49.9472
34 49.7856 0.0048 49.7808
32 50 0.048 49.952
32 49.952 0.0048 49.9472
32 49.9472 0.16 49.7872
32 49.7872 0.0016 49.7856
26 50 0.016 49.984
26 49.984 0.016 49.968
26 49.968 0.048 49.92
33 50 0.048 49.952
27 50 0.048 49.952
25 50 0.048 49.952
30 50 0.048 49.952
34 50 0.0048 49.9952
34 50 0.048 49.952
30 49.952 0.0048 49.9472
34 49.952 0.0048 49.9472
34 49.9472 0.16 49.7872
34 49.7872 0.0016 49.7856
32 50 0.016 49.984
32 49.984 0.016 49.968
32 49.968 0.048 49.92
26 50 0.048 49.952
26 49.952 0.0048 49.9472
26 49.9472 0.16 49.7872
26 49.7872 0.0016 49.7856
33 50 0.048 49.952
27 50 0.048 49.952
25 50 0.048 49.952
30 50 0.048 49.952
32 50 0.048 49.952
33 50 0.048 49.952
27 50 0.048 49.952
25 50 0.048 49.952
30 50 0.048 49.952
32 50 0.048 49.952
33 50 0.048 49.952
27 50 0.048 49.952
25 50 0.048 49.952
30 50 0.048 49.952
32 50 0.048 49.952
33 50 0.048 49.952
27 50 0.048 49.952
25 50 0.048 49.952
30 50 0.048 49.952
32 50 0.048 49.952
32 49.952 0.0048 49.9472
32 49.9472 0.16 49.7872
32 49.7872 0.0016 49.7856
26 50 0.016 49.984
26 49.984 0.016 49.968
26 49.968 0.048 49.92
26 49.92 0.0048 49.9152
26 49.9152 0.16 49.7552
26 49.7552 0.0016 49.7536
31 50 0.016 49.984
31 49.984 0.016 49.968
31 49.968 0.048 49.92
33 50 0.048 49.952
27 50 0.048 49.952
25 50 0.048 49.952
30 50 0.048 49.952
31 50 0.048 49.952
33 50 0.048 49.952
27 50 0.048 49.952
25 50 0.048 49.952
30 50 0.048 49.952
31 50 0.048 49.952
33 50 0.048 49.952
27 50 0.048 49.952
25 50 0.048 49.952
30 50 0.048 49.952
31 50 0.048 49.952
33 50 0.048 49.952
27 50 0.048 49.952
25 50 0.048 49.952
30 50 0.048 49.952
34 50 0.0048 49.9952
31 50 0.048 49.952
33 50 0.048 49.952
27 50 0.048 49.952
25 50 0.048 49.952
30 50 0.048 49.952
34 50 0.0048 49.9952
31 50 0.048 49.952
33 50 0.048 49.952
27 50 0.048 49.952
25 50 0.048 49.952
30 50 0.048 49.952
34 50 0.0048 49.9952
31 50 0.048 49.952
33 50 0.048 49.952
27 50 0.048 49.952
25 50 0.048 49.952
30 50 0.048 49.952
34 50 0.0048 49.9952
31 50 0.048 49.952
33 50 0.048 49.952
27 50 0.048 49.952
25 50 0.048 49.952
30 50 0.048 49.952
34 50 0.0048 49.9952
31 50 0.048 49.952
33 50 0.048 49.952
27 50 0.048 49.952
25 50 0.048 49.952
30 50 0.048 49.952
34 50 0.0048 49.9952
31 50 0.048 49.952
33 50 0.048 49.952
27 50 0.048 49.952
25 50 0.048 49.952
30 50 0.048 49.952
34 50 0.0048 49.9952
31 50 0.048 49.952
26 50 0.0048 49.9952
33 50 0.048 49.952
27 50 0.048 49.952
25 50 0.048 49.952
30 50 0.048 49.952
34 50 0.0048 49.9952
31 50 0.048 49.952
33 50 0.048 49.952
27 50 0.048 49.952
25 50 0.048 49.952
30 50 0.048 49.952
34 50 0.0048 49.9952
31 50 0.048 49.952
33 50 0.048 49.952
27 50 0.048 49.952
25 50 0.048 49.952
30 50 0.048 49.952
34 50 0.0048 49.9952
30 49.952 0.0048 49.9472
30 49.9472 0.16 49.7872
30 49.7872 0.0016 49.7856
31 50 0.048 49.952
26 50 0.0048 49.9952
26 50 0.048 49.952
31 49.952 0.0048 49.9472
33 50 0.048 49.952
27 50 0.048 49.952
25 50 0.048 49.952
25 49.952 0.0048 49.9472
25 49.9472 0.16 49.7872
25 49.7872 0.0016 49.7856
34 50 0.016 49.984
34 49.984 0.016 49.968
34 49.968 0.048 49.92
30 49.9832 0.0048 49.9784
30 49.9784 0.048 49.9304
34 49.92 0.0048 49.9152
34 49.9152 0.16 49.7552
30 49.9304 0.016 49.9144
30 49.9144 0.016 49.8984
34 49.7552 0.0016 49.7536
30 49.8984 0.048 49.8504
34 49.7536 0.0048 49.7488
31 50 0.048 49.952
26 49.952 0.0048 49.9472
29 50 0.048 49.952
32 50 0.048 49.952
26 50 0.048 49.952
31 49.952 0.0048 49.9472
33 50 0.048 49.952
27 50 0.048 49.952
30 50 0.048 49.952
34 50 0.0048 49.9952
30 49.952 0.0048 49.9472
30 49.9472 0.16 49.7872
30 49.7872 0.0016 49.7856
31 50 0.048 49.952
26 49.952 0.0048 49.9472
29 50 0.048 49.952
32 50 0.048 49.952
26 50 0.048 49.952
31 49.952 0.0048 49.9472
33 50 0.048 49.952
27 50 0.048 49.952
31 50 0.048 49.952
26 49.952 0.0048 49.9472
29 50 0.048 49.952
32 50 0.048 49.952
26 50 0.048 49.952
31 49.952 0.0048 49.9472
33 50 0.048 49.952
27 50 0.048 49.952
31 50 0.048 49.952
26 49.952 0.0048 49.9472
29 50 0.048 49.952
32 50 0.048 49.952
26 50 0.048 49.952
26 49.952 0.0048 49.9472
26 49.9472 0.16 49.7872
26 49.7872 0.0016 49.7856
28 50 0.016 49.984
28 49.984 0.016 49.968
28 49.968 0.048 49.92
33 50 0.048 49.952
27 50 0.048 49.952
31 50 0.048 49.952
29 50 0.048 49.952
32 50 0.048 49.952
28 50 0.048 49.952
33 50 0.048 49.952
27 50 0.048 49.952
31 50 0.048 49.952
26 49.9064 0.0048 49.9016
29 50 0.048 49.952
32 50 0.048 49.952
28 50 0.048 49.952
33 50 0.048 49.952
27 50 0.048 49.952
31 50 0.048 49.952
26 50 0.0048 49.9952
29 50 0.048 49.952
32 50 0.048 49.952
28 50 0.048 49.952
33 50 0.048 49.952
27 50 0.048 49.952
31 50 0.048 49.952
26 50 0.0048 49.9952
29 50 0.048 49.952
32 50 0.048 49.952
28 50 0.048 49.952
33 50 0.048 49.952
27 50 0.048 49.952
31 50 0.048 49.952
26 50 0.0048 49.9952
29 50 0.048 49.952
32 50 0.048 49.952
28 50 0.048 49.952
33 50 0.048 49.952
27 50 0.048 49.952
31 50 0.048 49.952
26 50 0.0048 49.9952
29 50 0.048 49.952
32 50 0.048 49.952
28 50 0.048 49.952
33 50 0.048 49.952
27 50 0.048 49.952
31 50 0.048 49.952
26 50 0.0048 49.9952
29 50 0.048 49.952
32 50 0.048 49.952
28 50 0.048 49.952
33 50 0.048 49.952
27 50 0.048 49.952
31 50 0.048 49.952
26 50 0.0048 49.9952
29 50 0.048 49.952
32 50 0.048 49.952
28 50 0.048 49.952
33 50 0.048 49.952
27 50 0.048 49.952
31 50 0.048 49.952
26 50 0.0048 49.9952
29 50 0.048 49.952
32 50 0.048 49.952
28 50 0.048 49.952
28 49.952 0.0048 49.9472
28 49.9472 0.16 49.7872
28 49.7872 0.0016 49.7856
25 50 0.016 49.984
25 49.984 0.016 49.968
25 49.968 0.048 49.92
33 50 0.048 49.952
27 50 0.048 49.952
31 50 0.048 49.952
29 50 0.048 49.952
32 50 0.048 49.952
25 50 0.048 49.952
33 50 0.048 49.952
27 50 0.048 49.952
31 50 0.048 49.952
29 50 0.048 49.952
32 50 0.048 49.952
25 50 0.048 49.952
25 49.952 0.0048 49.9472
25 49.9472 0.16 49.7872
25 49.7872 0.0016 49.7856
34 50 0.016 49.984
34 49.984 0.016 49.968
34 49.968 0.048 49.92
33 50 0.048 49.952
27 50 0.048 49.952
31 50 0.048 49.952
29 50 0.048 49.952
32 50 0.048 49.952
34 50 0.048 49.952
33 50 0.048 49.952
27 50 0.048 49.952
31 50 0.048 49.952
29 50 0.048 49.952
29 49.952 0.0048 49.9472
29 49.9472 0.16 49.7872
29 49.7872 0.0016 49.7856
28 50 0.016 49.984
28 49.984 0.016 49.968
28 49.968 0.048 49.92
32 50 0.048 49.952
34 50 0.048 49.952
33 50 0.048 49.952
27 50 0.048 49.952
31 50 0.048 49.952
28 50 0.048 49.952
32 50 0.048 49.952
34 50 0.048 49.952
34 49.952 0.0048 49.9472
34 49.9472 0.16 49.7872
34 49.7872 0.0016 49.7856
30 50 0.016 49.984
30 49.984 0.016 49.968
30 49.968 0.048 49.92
33 50 0.048 49.952
27 50 0.048 49.952
31 50 0.048 49.952
28 50 0.048 49.952
28 49.952 0.0048 49.9472
28 49.9472 0.16 49.7872
28 49.7872 0.0016 49.7856
25 50 0.016 49.984
25 49.984 0.016 49.968
25 49.968 0.048 49.92
32 50 0.048 49.952
30 50 0.048 49.952
34 49.9724 0.0048 49.9676
33 50 0.048 49.952
27 50 0.048 49.952
31 50 0.048 49.952
25 50 0.048 49.952
32 50 0.048 49.952
30 50 0.048 49.952
34 50 0.0048 49.9952
33 50 0.048 49.952
27 50 0.048 49.952
31 50 0.048 49.952
25 50 0.048 49.952
25 49.952 0.0048 49.9472
25 49.9472 0.16 49.7872
25 49.7872 0.0016 49.7856
32 50 0.048 49.952
30 50 0.048 49.952
34 50 0.0048 49.9952
33 50 0.048 49.952
27 50 0.048 49.952
31 50 0.048 49.952
32 50 0.048 49.952
30 50 0.048 49.952
34 50 0.0048 49.9952
33 50 0.048 49.952
27 50 0.048 49.952
31 50 0.048 49.952
32 50 0.048 49.952
30 50 0.048 49.952
34 50 0.0048 49.9952
30 49.952 0.0048 49.9472
30 49.9472 0.16 49.7872
30 49.7872 0.0016 49.7856
33 50 0.048 49.952
27 50 0.048 49.952
31 50 0.048 49.952
32 50 0.048 49.952
33 50 0.048 49.952
27 50 0.048 49.952
31 50 0.048 49.952
26 50 0.0048 49.9952
32 50 0.048 49.952
33 50 0.048 49.952
27 50 0.048 49.952
31 50 0.048 49.952
32 50 0.048 49.952
33 50 0.048 49.952
27 50 0.048 49.952
31 50 0.048 49.952
26 50 0.0048 49.9952
32 50 0.048 49.952
33 50 0.048 49.952
27 50 0.048 49.952
25 50 0.048 49.952
25 49.952 0.0048 49.9472
25 49.9472 0.16 49.7872
25 49.7872 0.0016 49.7856
34 50 0.016 49.984
34 49.984 0.016 49.968
34 49.968 0.048 49.92
31 50 0.048 49.952
26 50 0.0048 49.9952
32 50 0.048 49.952
33 50 0.048 49.952
27 50 0.048 49.952
34 50 0.048 49.952
31 50 0.048 49.952
26 50 0.0048 49.9952
32 50 0.048 49.952
33 50 0.048 49.952
27 50 0.048 49.952
34 50 0.048 49.952
34 49.952 0.0048 49.9472
34 49.9472 0.16 49.7872
34 49.7872 0.0016 49.7856
30 50 0.016 49.984
30 49.984 0.016 49.968
30 49.968 0.048 49.92
31 50 0.048 49.952
26 50 0.0048 49.9952
32 50 0.048 49.952
33 50 0.048 49.952
27 50 0.048 49.952
27 49.952 0.0048 49.9472
27 49.9472 0.16 49.7872
27 49.7872 0.0016 49.7856
30 50 0.048 49.952
31 50 0.048 49.952
26 50 0.0048 49.9952
32 50 0.048 49.952
33 50 0.048 49.952
30 50 0.048 49.952
31 50 0.048 49.952
32 50 0.048 49.952
33 50 0.048 49.952
30 50 0.048 49.952
31 50 0.048 49.952
32 50 0.048 49.952
33 50 0.048 49.952
30 50 0.048 49.952
31 50 0.048 49.952
32 50 0.048 49.952
33 50 0.048 49.952
30 50 0.048 49.952
31 50 0.048 49.952
32 50 0.048 49.952
33 50 0.048 49.952
30 50 0.048 49.952
31 50 0.048 49.952
32 50 0.048 49.952
33 50 0.048 49.952
33 49.952 0.0048 49.9472
33 49.9472 0.16 49.7872
33 49.7872 0.0016 49.7856
28 50 0.016 49.984
28 49.984 0.016 49.968
28 49.968 0.048 49.92
30 50 0.048 49.952
31 50 0.048 49.952
32 50 0.048 49.952
28 50 0.048 49.952
30 50 0.048 49.952
34 50 0.0048 49.9952
31 50 0.048 49.952
32 50 0.048 49.952
28 50 0.048 49.952
28 49.952 0.0048 49.9472
28 49.9472 0.16 49.7872
28 49.7872 0.0016 49.7856
25 50 0.016 49.984
25 49.984 0.016 49.968
25 49.968 0.048 49.92
25 49.92 0.0048 49.9152
25 49.9152 0.16 49.7552
25 49.7552 0.0016 49.7536
34 50 0.016 49.984
34 49.984 0.016 49.968
34 49.968 0.048 49.92
30 50 0.0048 49.9952
30 49.9952 0.048 49.9472
34 49.92 0.0048 49.9152
31 50 0.048 49.952
32 50 0.048 49.952
34 50 0.048 49.952
30 50 0.0048 49.9952
30 49.9952 0.048 49.9472
34 49.952 0.0048 49.9472
31 50 0.048 49.952
26 50 0.0048 49.9952
26 50 0.048 49.952
31 49.952 0.0048 49.9472
32 50 0.048 49.952
34 50 0.048 49.952
30 50 0.0048 49.9952
30 49.9952 0.048 49.9472
34 49.952 0.0048 49.9472
30 49.9472 0.0048 49.9424
30 49.9424 0.16 49.7824
30 49.7824 0.0016 49.7808
31 50 0.048 49.952
26 49.952 0.0048 49.9472
26 50 0.048 49.952
31 49.952 0.0048 49.9472
32 50 0.048 49.952
34 50 0.048 49.952
31 50 0.048 49.952
26 49.952 0.0048 49.9472
26 50 0.048 49.952
31 49.952 0.0048 49.9472
32 50 0.048 49.952
34 50 0.048 49.952
31 50 0.048 49.952
26 49.952 0.0048 49.9472
26 50 0.048 49.952
31 49.952 0.0048 49.9472
32 50 0.048 49.952
34 50 0.048 49.952
31 50 0.048 49.952
26 49.952 0.0048 49.9472
26 50 0.048 49.952
31 49.952 0.0048 49.9472
32 50 0.048 49.952
34 50 0.048 49.952
31 50 0.048 49.952
26 49.952 0.0048 49.9472
29 50 0.048 49.952
26 50 0.048 49.952
31 49.952 0.0048 49.9472
32 50 0.048 49.952
34 50 0.048 49.952
31 50 0.048 49.952
26 49.952 0.0048 49.9472
29 50 0.048 49.952
26 50 0.048 49.952
31 49.952 0.0048 49.9472
32 50 0.048 49.952
34 50 0.048 49.952
31 50 0.048 49.952
26 49.952 0.0048 49.9472
29 50 0.048 49.952
26 50 0.048 49.952
31 49.952 0.0048 49.9472
32 50 0.048 49.952
34 50 0.048 49.952
31 50 0.048 49.952
26 49.952 0.0048 49.9472
29 50 0.048 49.952
26 50 0.048 49.952
31 49.952 0.0048 49.9472
32 50 0.048 49.952
34 50 0.048 49.952
31 50 0.048 49.952
26 49.952 0.0048 49.9472
29 50 0.048 49.952
26 50 0.048 49.952
31 49.952 0.0048 49.9472
32 50 0.048 49.952
34 50 0.048 49.952
31 50 0.048 49.952
26 49.952 0.0048 49.9472
29 50 0.048 49.952
26 50 0.048 49.952
31 49.952 0.0048 49.9472
32 50 0.048 49.952
34 50 0.048 49.952
30 50 0.0048 49.9952
30 49.9952 0.048 49.9472
34 49.952 0.0048 49.9472
34 49.9472 0.16 49.7872
30 49.9472 0.016 49.9312
30 49.9312 0.016 49.9152
34 49.7872 0.0016 49.7856
30 49.9152 0.048 49.8672
34 49.7856 0.0048 49.7808
31 50 0.048 49.952
26 49.952 0.0048 49.9472
29 50 0.048 49.952
26 50 0.048 49.952
31 49.952 0.0048 49.9472
32 50 0.048 49.952
30 50 0.048 49.952
34 50 0.0048 49.9952
31 50 0.048 49.952
26 49.952 0.0048 49.9472
29 50 0.048 49.952
26 50 0.048 49.952
31 49.952 0.0048 49.9472
32 50 0.048 49.952
30 50 0.048 49.952
34 50 0.0048 49.9952
31 50 0.048 49.952
26 49.952 0.0048 49.9472
29 50 0.048 49.952
26 50 0.048 49.952
31 49.952 0.0048 49.9472
32 50 0.048 49.952
30 50 0.048 49.952
34 50 0.0048 49.9952
28 50 0.048 49.952
28 49.952 0.0048 49.9472
28 49.9472 0.16 49.7872
28 49.7872 0.0016 49.7856
25 50 0.016 49.984
25 49.984 0.016 49.968
25 49.968 0.048 49.92
31 50 0.048 49.952
26 49.952 0.0048 49.9472
29 50 0.048 49.952
26 50 0.048 49.952
31 49.952 0.0048 49.9472
32 50 0.048 49.952
32 49.952 0.0048 49.9472
32 49.9472 0.16 49.7872
32 49.7872 0.0016 49.7856
27 50 0.016 49.984
27 49.984 0.016 49.968
27 49.968 0.048 49.92
30 50 0.048 49.952
34 50 0.0048 49.9952
25 50 0.048 49.952
31 50 0.048 49.952
29 50 0.048 49.952
26 50 0.048 49.952
31 49.952 0.0048 49.9472
27 50 0.048 49.952
30 50 0.048 49.952
25 50 0.048 49.952
25 49.952 0.0048 49.9472
25 49.9472 0.16 49.7872
25 49.7872 0.0016 49.7856
34 50 0.016 49.984
34 49.984 0.016 49.968
34 49.968 0.048 49.92
31 50 0.048 49.952
26 49.952 0.0048 49.9472
29 50 0.048 49.952
26 50 0.048 49.952
31 49.952 0.0048 49.9472
27 50 0.048 49.952
30 50 0.048 49.952
34 50 0.048 49.952
31 50 0.048 49.952
26 49.952 0.0048 49.9472
29 50 0.048 49.952
26 50 0.048 49.952
31 49.952 0.0048 49.9472
27 50 0.048 49.952
30 50 0.048 49.952
34 50 0.048 49.952
31 50 0.048 49.952
26 49.952 0.0048 49.9472
29 50 0.048 49.952
26 50 0.048 49.952
31 49.952 0.0048 49.9472
27 50 0.048 49.952
30 50 0.048 49.952
34 50 0.048 49.952
31 50 0.048 49.952
26 49.952 0.0048 49.9472
29 50 0.048 49.952
26 50 0.048 49.952
31 49.952 0.0048 49.9472
27 50 0.048 49.952
30 50 0.048 49.952
34 50 0.048 49.952
31 50 0.048 49.952
26 49.952 0.0048 49.9472
29 50 0.048 49.952
26 50 0.048 49.952
31 49.952 0.0048 49.9472
27 50 0.048 49.952
27 49.952 0.0048 49.9472
27 49.9472 0.16 49.7872
27 49.7872 0.0016 49.7856
33 50 0.016 49.984
33 49.984 0.016 49.968
33 49.968 0.048 49.92
30 50 0.048 49.952
34 50 0.0048 49.9952
34 49.9952 0.048 49.9472
30 49.952 0.0048 49.9472
31 50 0.048 49.952
26 49.952 0.0048 49.9472
29 50 0.048 49.952
26 50 0.048 49.952
31 49.952 0.0048 49.9472
33 50 0.048 49.952
30 50 0.048 49.952
34 50 0.0048 49.9952
34 49.9952 0.048 49.9472
30 49.952 0.0048 49.9472
31 50 0.048 49.952
26 49.952 0.0048 49.9472
29 50 0.048 49.952
26 50 0.048 49.952
31 49.952 0.0048 49.9472
33 50 0.048 49.952
30 50 0.048 49.952
34 50 0.048 49.952
31 50 0.048 49.952
26 49.952 0.0048 49.9472
29 50 0.048 49.952
26 50 0.048 49.952
31 49.952 0.0048 49.9472
33 50 0.048 49.952
30 50 0.048 49.952
34 50 0.048 49.952
31 50 0.048 49.952
26 49.952 0.0048 49.9472
29 50 0.048 49.952
26 50 0.048 49.952
31 49.952 0.0048 49.9472
33 50 0.048 49.952
30 50 0.048 49.952
34 50 0.048 49.952
31 50 0.048 49.952
26 49.952 0.0048 49.9472
29 50 0.048 49.952
26 50 0.048 49.952
31 49.952 0.0048 49.9472
33 50 0.048 49.952
30 50 0.048 49.952
34 50 0.0048 49.9952
30 49.952 0.0048 49.9472
30 49.9472 0.16 49.7872
30 49.7872 0.0016 49.7856
34 49.9952 0.048 49.9472
30 49.7856 0.0048 49.7808
30 49.7808 0.048 49.7328
34 49.9472 0.0048 49.9424
34 49.9424 0.16 49.7824
30 49.7328 0.016 49.7168
30 49.7168 0.016 49.7008
34 49.7824 0.0016 49.7808
30 49.7008 0.048 49.6528
34 49.7808 0.0048 49.776
30 49.6528 0.0048 49.648
30 49.648 0.16 49.488
30 49.488 0.0016 49.4864
31 50 0.048 49.952
26 49.952 0.0048 49.9472
29 50 0.048 49.952
26 50 0.048 49.952
31 49.952 0.0048 49.9472
33 50 0.048 49.952
31 50 0.048 49.952
29 50 0.048 49.952
26 50 0.048 49.952
33 50 0.048 49.952
31 50 0.048 49.952
29 50 0.048 49.952
26 50 0.048 49.952
31 49.952 0.0048 49.9472
33 50 0.048 49.952
25 50 0.048 49.952
31 50 0.048 49.952
26 49.952 0.0048 49.9472
29 50 0.048 49.952
26 50 0.048 49.952
31 49.952 0.0048 49.9472
33 50 0.048 49.952
25 50 0.048 49.952
31 50 0.048 49.952
26 49.952 0.0048 49.9472
29 50 0.048 49.952
26 50 0.048 49.952
31 49.952 0.0048 49.9472
33 50 0.048 49.952
25 50 0.048 49.952
31 50 0.048 49.952
26 49.952 0.0048 49.9472
29 50 0.048 49.952
26 50 0.048 49.952
31 49.952 0.0048 49.9472
33 50 0.048 49.952
25 50 0.048 49.952
31 50 0.048 49.952
26 49.952 0.0048 49.9472
29 50 0.048 49.952
26 50 0.048 49.952
31 49.952 0.0048 49.9472
33 50 0.048 49.952
25 50 0.048 49.952
31 50 0.048 49.952
26 49.952 0.0048 49.9472
29 50 0.048 49.952
26 50 0.048 49.952
31 49.952 0.0048 49.9472
33 50 0.048 49.952
25 50 0.048 49.952
31 50 0.048 49.952
26 49.952 0.0048 49.9472
29 50 0.048 49.952
26 50 0.048 49.952
31 49.952 0.0048 49.9472
33 50 0.048 49.952
25 50 0.048 49.952
31 50 0.048 49.952
26 49.952 0.0048 49.9472
29 50 0.048 49.952
26 50 0.048 49.952
31 49.952 0.0048 49.9472
33 50 0.048 49.952
25 50 0.048 49.952
31 50 0.048 49.952
26 49.952 0.0048 49.9472
29 50 0.048 49.952
26 50 0.048 49.952
31 49.952 0.0048 49.9472
33 50 0.048 49.952
25 50 0.048 49.952
31 50 0.048 49.952
26 49.952 0.0048 49.9472
29 50 0.048 49.952
26 50 0.048 49.952
31 49.952 0.0048 49.9472
33 50 0.048 49.952
25 50 0.048 49.952
31 50 0.048 49.952
27 50 0.048 49.952
29 50 0.048 49.952
26 50 0.048 49.952
33 50 0.048 49.952
25 50 0.048 49.952
31 50 0.048 49.952
27 50 0.048 49.952
29 50 0.048 49.952
26 50 0.048 49.952
33 50 0.048 49.952
25 50 0.048 49.952
31 50 0.048 49.952
27 50 0.048 49.952
29 50 0.048 49.952
26 50 0.048 49.952
33 50 0.048 49.952
25 50 0.048 49.952
31 50 0.048 49.952
27 50 0.048 49.952
29 50 0.048 49.952
26 50 0.048 49.952
33 50 0.048 49.952
25 50 0.048 49.952
31 50 0.048 49.952
26 49.952 0.0048 49.9472
27 50 0.048 49.952
29 50 0.048 49.952
26 50 0.048 49.952
31 49.952 0.0048 49.9472
33 50 0.048 49.952
25 50 0.048 49.952
31 50 0.048 49.952
26 49.952 0.0048 49.9472
27 50 0.048 49.952
27 49.952 0.0048 49.9472
27 49.9472 0.16 49.7872
27 49.7872 0.0016 49.7856
29 50 0.048 49.952
26 50 0.048 49.952
31 49.952 0.0048 49.9472
33 50 0.048 49.952
25 50 0.048 49.952
31 50 0.048 49.952
26 49.952 0.0048 49.9472
29 50 0.048 49.952
26 50 0.048 49.952
31 49.952 0.0048 49.9472
26 49.952 0.0048 49.9472
26 49.9472 0.16 49.7872
26 49.7872 0.0016 49.7856
32 50 0.016 49.984
32 49.984 0.016 49.968
32 49.968 0.048 49.92
32 49.92 0.0048 49.9152
32 49.9152 0.16 49.7552
32 49.7552 0.0016 49.7536
34 50 0.016 49.984
34 49.984 0.016 49.968
34 49.968 0.048 49.92
30 50 0.0048 49.9952
30 49.9952 0.048 49.9472
34 49.92 0.0096 49.9104
34 49.9104 0.16 49.7504
30 49.9472 0.016 49.9312
30 49.9312 0.016 49.9152
34 49.7504 0.0016 49.7488
30 49.9152 0.048 49.8672
34 49.7488 0.0048 49.744
30 49.8672 0.0048 49.8624
30 49.8624 0.16 49.7024
30 49.7024 0.0016 49.7008
28 50 0.016 49.984
28 49.984 0.016 49.968
28 49.968 0.048 49.92
33 50 0.048 49.952
25 50 0.048 49.952
31 50 0.048 49.952
26 49.7856 0.0048 49.7808
29 50 0.048 49.952
28 50 0.048 49.952
33 50 0.048 49.952
25 50 0.048 49.952
31 50 0.048 49.952
26 50 0.0048 49.9952
29 50 0.048 49.952
28 50 0.048 49.952
33 50 0.048 49.952
25 50 0.048 49.952
31 50 0.048 49.952
26 50 0.0048 49.9952
29 50 0.048 49.952
28 50 0.048 49.952
33 50 0.048 49.952
33 49.952 0.0048 49.9472
33 49.9472 0.16 49.7872
33 49.7872 0.0016 49.7856
25 50 0.048 49.952
31 50 0.048 49.952
26 50 0.0048 49.9952
31 49.952 0.0048 49.9472
31 49.9472 0.16 49.7872
31 49.7872 0.0016 49.7856
29 50 0.048 49.952
28 50 0.048 49.952
25 50 0.048 49.952
29 50 0.048 49.952
28 50 0.048 49.952
25 50 0.048 49.952
29 50 0.048 49.952
33 50 0.0048 49.9952
33 49.9952 0.048 49.9472
29 49.952 0.0096 49.9424
29 49.9424 0.16 49.7824
33 49.9472 0.016 49.9312
33 49.9312 0.016 49.9152
29 49.7824 0.0016 49.7808
33 49.9152 0.048 49.8672
29 49.7808 0.0048 49.776
28 50 0.048 49.952
25 50 0.048 49.952
34 50 0.048 49.952
30 50 0.0048 49.9952
30 49.9952 0.048 49.9472
34 49.952 0.0096 49.9424
34 49.9424 0.16 49.7824
30 49.9472 0.016 49.9312
30 49.9312 0.016 49.9152
34 49.7824 0.0016 49.7808
30 49.9152 0.048 49.8672
34 49.7808 0.0048 49.776
30 49.8672 0.0048 49.8624
30 49.8624 0.16 49.7024
30 49.7024 0.0016 49.7008
32 50 0.016 49.984
32 49.984 0.016 49.968
32 49.968 0.048 49.92
33 50 0.048 49.952
33 49.952 0.0048 49.9472
33 49.9472 0.16 49.7872
33 49.7872 0.0016 49.7856
34 49.776 0.016 49.76
34 49.76 0.016 49.744
34 49.744 0.048 49.696
30 49.7008 0.0048 49.696
30 49.696 0.048 49.648
34 49.696 0.0048 49.6912
34 49.6912 0.16 49.5312
30 49.648 0.016 49.632
30 49.632 0.016 49.616
34 49.5312 0.0016 49.5296
30 49.616 0.048 49.568
34 49.5296 0.0048 49.5248
28 50 0.048 49.952
25 50 0.048 49.952
32 50 0.048 49.952
30 49.8885 0.048 49.8405
34 49.875 0.0048 49.8702
28 50 0.048 49.952
25 50 0.048 49.952
32 50 0.048 49.952
30 50 0.048 49.952
34 50 0.0048 49.9952
28 50 0.048 49.952
25 50 0.048 49.952
32 50 0.048 49.952
30 50 0.048 49.952
34 50 0.0048 49.9952
28 50 0.048 49.952
25 50 0.048 49.952
32 50 0.048 49.952
30 50 0.048 49.952
34 50 0.0048 49.9952
28 50 0.048 49.952
25 50 0.048 49.952
32 50 0.048 49.952
30 50 0.048 49.952
34 50 0.0048 49.9952
28 50 0.048 49.952
25 50 0.048 49.952
32 50 0.048 49.952
30 50 0.048 49.952
34 50 0.0048 49.9952
28 50 0.048 49.952
25 50 0.048 49.952
32 50 0.048 49.952
30 50 0.048 49.952
34 50 0.0048 49.9952
28 50 0.048 49.952
25 50 0.048 49.952
