25 716 0 100 0.5 1.18729 1.68729
45 729 0 100 1.16701e-08 1.74877 1.74877
83 755 0 100 3.50103e-08 2.49574 2.49574
72 756 0 100 2.33402e-08 2.5595 2.5595
92 726 0 100 1.2 1.55457 2.75457
70 751 0 100 0.4 2.38156 2.78156
99 753 0 100 0.4 2.43124 2.83124
82 745 0 100 0.7 2.13286 2.83286
28 746 0 100 0.7 2.13981 2.83981
71 750 0 100 0.8 2.30898 3.10898
34 730 0 100 1.5 1.75113 3.25113
57 719 0 100 2 1.35634 3.35634
65 740 0 100 1.4 2.00779 3.40779
101 744 0 100 1.3 2.1236 3.4236
96 727 0 100 1.9 1.6336 3.5336
103 739 0 100 1.6 2.00187 3.60187
62 747 0 100 1.9 2.16372 4.06372
43 738 0 100 2.2 1.99156 4.19156
68 743 0 100 2.3 2.11426 4.41426
43 768 0 100 1.16701e-08 4.54469 4.54469
87 761 0 100 1.8 2.77818 4.57818
27 758 0 100 2 2.61196 4.61196
26 766 0 100 0.2 4.45851 4.65851
47 717 0 100 3.6 1.24765 4.84765
96 771 0 100 3.50103e-08 4.87397 4.87397
89 720 0 100 3.6 1.3836 4.9836
61 759 0 100 2.4 2.63313 5.03313
100 772 0 100 2.45072e-07 5.04389 5.04389
40 770 0 100 0.4 4.83203 5.23203
79 760 0 100 2.6 2.65409 5.25409
75 754 0 100 2.8 2.47438 5.27438
45 767 0 100 0.9 4.48448 5.38448
42 723 0 100 3.9 1.49007 5.39007
75 774 0 100 9.33608e-08 5.40033 5.40033
59 775 0 100 2.45072e-07 5.44714 5.44714
26 742 0 100 3.5 2.06017 5.56017
80 780 0 100 2.33402e-08 5.73954 5.73954
74 741 0 100 3.9 2.02713 5.92713
81 714 0 100 4.9 1.10836 6.00836
65 778 0 100 0.4 5.64528 6.04528
73 765 0 100 2 4.09529 6.09529
44 757 0 100 3.5 2.59564 6.09564
92 779 0 100 0.4 5.70545 6.10545
31 728 0 100 4.4 1.72097 6.12097
89 787 0 100 3.50103e-08 6.19259 6.19259
32 773 0 100 1.1 5.11309 6.21309
34 789 0 100 1.05031e-07 6.25456 6.25456
70 790 0 100 1.40041e-07 6.2771 6.2771
63 788 0 100 0.1 6.23771 6.33771
57 782 0 100 0.5 5.95012 6.45012
67 793 0 100 1.16701e-08 6.49009 6.49009
76 794 0 100 1.75051e-07 6.52374 6.52374
47 764 0 100 2.5 4.03034 6.53034
84 786 0 100 0.4 6.17965 6.57965
69 785 0 100 0.5 6.16449 6.66449
55 783 0 100 0.7 6.0349 6.7349
50 749 0 100 4.5 2.2361 6.7361
59 724 0 100 5.3 1.50216 6.80216
97 799 0 100 4.66804e-08 6.81449 6.81449
100 732 0 100 5.2 1.79057 6.99057
52 762 0 100 4.2 2.84311 7.04311
100 805 0 100 7.00206e-08 7.06569 7.06569
85 798 0 100 0.3 6.77499 7.07499
51 800 0 100 0.3 6.84454 7.14454
60 784 0 100 1 6.16373 7.16373
77 776 0 100 1.7 5.49655 7.19655
31 791 0 100 0.8 6.42922 7.22922
95 806 0 100 0.1 7.23437 7.33438
73 807 0 100 0.1 7.27759 7.37759
86 808 0 100 2.33402e-08 7.42909 7.42909
72 796 0 100 1 6.69435 7.69435
52 811 0 100 1.05031e-07 7.75828 7.75828
81 813 0 100 1.16701e-08 7.96499 7.96499
71 801 0 100 1.2 6.87766 8.07766
29 819 0 100 2.33402e-08 8.42338 8.42338
65 817 0 100 0.5 8.283 8.783
56 825 0 100 0.2 8.78628 8.98628
62 824 0 100 0.7 8.69062 9.39062
54 804 0 100 2.4 7.04753 9.44753
55 834 0 100 0.1 9.51754 9.61754
94 815 0 100 1.7 8.15768 9.85768
86 722 0 100 8.5 1.40374 9.90374
87 843 0 100 7.00206e-08 9.94384 9.94384
35 845 0 100 1.63381e-07 9.9654 9.9654
26 830 0 100 1.1 8.99573 10.0957
39 835 0 100 0.6 9.53056 10.1306
50 846 0 100 0.5 10.1721 10.6721
58 832 0 100 1.5 9.32379 10.8238
47 838 0 100 1.2 9.69299 10.893
78 836 0 100 1.5 9.56538 11.0654
77 849 0 100 1 10.2873 11.2873
46 853 0 100 0.8 10.5204 11.3204
52 841 0 100 1.8 9.85305 11.6531
41 822 0 100 3.3 8.5051 11.8051
59 840 0 100 2.5 9.74782 12.2478
100 842 0 100 2.4 9.92158 12.3216
29 865 0 100 0.9 11.6738 12.5738
93 857 0 100 1.9 10.7183 12.6183
43 812 0 100 5.2 7.90641 13.1064
65 855 0 100 2.6 10.6115 13.2115
37 877 0 100 3.50103e-08 13.3891 13.3891
32 848 0 100 3.2 10.284 13.484
104 862 0 100 2.4 11.1986 13.5986
34 851 0 100 3.6 10.4505 14.0505
68 878 0 100 0.5 13.5835 14.0835
27 827 0 100 5.2 8.88454 14.0845
90 882 0 100 0.3 13.9618 14.2618
49 852 0 100 3.9 10.4976 14.3976
57 880 0 100 0.7 13.7832 14.4832
