90 1114
60 1114
47 1114
26 1114
28 1114
108 1114
43 1114
100 1114
77 1114
26 1115
60 1115
90 1115
73 1116
76 1116
108 1116
28 1116
26 1116
60 1116
91 1118
102 1118
93 1118
84 1118
18 1118
83 1114
4 1114
98 1119
54 1120
89 1120
101 1120
25 1120
102 1121
93 1121
91 1121
84 1121
18 1121
57 1122
12 1122
33 1122
42 1117
24 1117
99 1113
102 1113
93 1113
91 1113
112 1123
105 1123
78 1123
103 1123
48 1123
10 1123
11 1123
45 1123
39 1123
109 1123
49 1123
92 1124
114 1124
124 1124
45 1125
39 1125
109 1125
49 1125
11 1125
103 1125
112 1125
105 1125
116 1126
74 1126
123 1127
41 1127
35 1127
13 1127
72 1127
120 1118
30 1128
101 1128
89 1128
122 1124
9 1124
40 1124
10 1124
112 1124
103 1124
122 1129
124 1129
114 1129
92 1129
64 1129
96 1130
97 1130
95 1130
38 1130
66 1130
95 1131
97 1131
96 1131
38 1131
114 1132
124 1132
122 1132
9 1132
104 1132
69 1132
65 1133
29 1133
3 1133
51 1133
85 1134
63 1134
98 1123
12 1123
57 1123
67 1114
5 1114
76 1114
48 1124
11 1124
31 1120
23 1120
24 1120
46 1135
101 1135
89 1135
30 1135
68 1135
70 1135
59 1135
119 1135
106 1135
56 1135
107 1135
21 1135
22 1135
86 1136
52 1136
15 1136
85 1136
63 1136
29 1137
82 1137
115 1137
71 1138
94 1138
118 1133
115 1133
82 1133
4 1133
60 1133
75 1121
19 1121
97 1121
96 1121
95 1121
36 1126
55 1126
32 1126
62 1126
94 1126
71 1126
1 1126
42 1126
48 1139
103 1139
53 1134
16 1134
110 1140
25 1141
101 1141
89 1141
46 1141
30 1141
68 1141
70 1141
59 1141
56 1141
119 1141
40 1142
11 1142
103 1142
54 1128
90 1116
115 1116
118 1116
50 1132
10 1132
64 1132
65 1137
100 1144
77 1144
83 1144
6 1144
108 1144
76 1144
79 1138
62 1138
32 1138
74 1138
116 1138
113 1138
3 1138
4 1138
60 1138
90 1138
115 1138
82 1138
26 1133
28 1133
108 1133
68 1145
101 1145
30 1145
89 1145
94 1146
79 1146
71 1146
62 1146
32 1146
74 1146
116 1146
113 1146
3 1146
55 1146
107 1141
48 1142
12 1142
98 1142
49 1142
13 1142
39 1142
99 1118
21 1118
22 1118
119 1118
106 1118
107 1118
59 1118
70 1118
68 1118
101 1118
89 1118
46 1118
43 1144
76 1133
54 1145
111 1140
107 1140
119 1140
59 1140
106 1140
80 1127
52 1127
16 1127
17 1127
85 1127
63 1127
59 1151
119 1151
107 1151
35 1152
123 1152
41 1152
15 1152
80 1152
72 1152
52 1152
30 1118
24 1118
103 1143
13 1143
14 1143
45 1143
67 1144
28 1144
29 1138
65 1138
5 1138
6 1138
28 1138
108 1138
100 1138
77 1138
83 1138
7 1138
101 1153
89 1153
68 1153
70 1153
59 1153
119 1153
43 1133
6 1133
100 1133
77 1133
83 1133
7 1133
8 1133
9 1133
121 1133
10 1133
104 1133
34 1134
18 1134
124 1150
37 1122
45 1122
14 1122
87 1117
71 1117
94 1117
62 1117
3 1117
4 1117
116 1117
53 1127
34 1127
18 1127
19 1127
96 1127
97 1127
60 1154
90 1154
115 1154
82 1154
65 1154
109 1142
45 1142
37 1142
115 1155
82 1155
65 1155
5 1155
116 1155
4 1155
74 1155
32 1155
33 1123
43 1156
100 1156
108 1156
70 1157
68 1157
101 1157
89 1157
46 1157
98 1143
58 1130
75 1130
21 1130
102 1130
93 1130
99 1130
22 1130
82 1158
65 1158
67 1138
80 1159
72 1159
52 1159
17 1159
85 1159
63 1159
53 1159
18 1159
39 1148
98 1148
45 1148
37 1148
81 1134
19 1134
20 1134
97 1134
113 1117
5 1117
82 1117
110 1141
23 1141
41 1123
123 1123
119 1161
28 1156
7 1156
90 1156
109 1143
66 1131
75 1131
21 1131
115 1158
32 1162
107 1153
34 1159
19 1159
33 1148
41 1148
96 1134
21 1134
75 1134
65 1117
6 1117
83 1164
100 1164
77 1164
67 1164
8 1164
63 1165
18 1165
57 1142
33 1142
37 1160
117 1119
27 1129
44 1136
58 1131
22 1131
102 1131
90 1158
7 1158
74 1162
116 1162
92 1132
43 1138
110 1153
24 1153
23 1153
50 1133
12 1133
114 1133
81 1159
20 1159
21 1159
58 1159
22 1159
123 1148
17 1148
18 1148
80 1148
72 1148
107 1163
110 1163
24 1163
122 1150
49 1122
98 1122
85 1165
29 1154
6 1154
116 1154
74 1154
86 1152
18 1152
41 1142
123 1142
17 1142
80 1142
86 1142
93 1166
99 1166
23 1166
58 1166
22 1166
97 1166
109 1119
69 1147
50 1147
113 1162
6 1162
65 1162
118 1137
7 1137
52 1148
66 1134
58 1134
22 1134
23 1134
99 1134
117 1122
115 1117
118 1117
7 1117
8 1117
106 1141
72 1142
52 1142
18 1142
19 1142
72 1167
80 1167
52 1167
18 1167
123 1167
73 1114
9 1114
10 1114
11 1114
12 1114
78 1125
48 1125
15 1125
60 1156
8 1156
118 1156
118 1168
65 1168
7 1168
116 1168
113 1168
6 1168
104 1147
113 1169
116 1169
6 1169
7 1169
118 1169
28 1158
60 1158
8 1158
90 1137
60 1137
64 1133
14 1133
75 1159
66 1159
112 1139
114 1150
50 1170
62 1171
94 1171
79 1171
71 1171
87 1171
66 1172
75 1172
58 1172
23 1172
24 1172
79 1173
94 1173
71 1173
55 1155
6 1155
113 1155
7 1155
8 1155
90 1155
35 1123
18 1123
19 1123
80 1123
117 1125
16 1125
49 1119
16 1119
30 1157
2 1157
3 1157
4 1157
5 1157
94 1157
79 1157
122 1147
58 1174
66 1174
86 1148
19 1148
119 1163
106 1163
1 1163
92 1150
89 1175
101 1175
30 1175
2 1175
68 1175
43 1117
9 1117
73 1117
83 1117
100 1117
77 1176
83 1176
104 1170
32 1154
62 1154
94 1154
72 1123
86 1123
121 1114
13 1114
69 1114
50 1114
82 1156
114 1147
65 1169
8 1169
90 1169
38 1121
23 1121
22 1121
64 1150
15 1150
14 1150
13 1150
12 1150
11 1150
83 1150
10 1150
9 1150
8 1150
7 1150
6 1150
5 1150
4 1150
3 1150
2 1150
101 1150
109 1122
17 1122
103 1122
16 1122
64 1122
15 1122
67 1117
10 1117
11 1117
12 1117
13 1117
14 1117
15 1117
16 1117
100 1176
67 1176
10 1176
9 1176
8 1176
7 1176
55 1176
32 1176
62 1176
95 1127
38 1127
23 1127
22 1127
21 1127
20 1127
108 1164
43 1164
10 1164
99 1172
54 1118
3 1118
2 1118
1 1118
52 1123
20 1123
21 1123
22 1123
23 1123
24 1123
47 1115
9 1115
8 1115
7 1115
55 1115
32 1115
96 1166
38 1166
51 1116
39 1143
117 1143
17 1143
16 1143
64 1143
92 1147
29 1162
28 1137
10 1137
108 1137
100 1137
26 1144
47 1144
9 1144
8 1144
7 1144
32 1144
124 1133
97 1159
38 1159
34 1177
22 1177
21 1177
20 1177
19 1177
114 1122
122 1170
60 1155
47 1155
26 1155
28 1155
10 1155
9 1155
121 1178
14 1178
69 1178
112 1119
74 1168
8 1168
9 1168
10 1168
108 1168
43 1168
28 1168
26 1168
60 1168
47 1168
64 1147
16 1147
15 1147
14 1147
13 1147
12 1147
83 1147
11 1147
43 1147
108 1147
97 1179
38 1179
24 1179
67 1137
11 1137
12 1137
83 1137
96 1159
24 1159
70 1163
3 1163
30 1150
124 1122
73 1164
11 1164
28 1164
26 1164
60 1164
59 1161
106 1161
107 1161
2 1161
1 1161
100 1147
75 1174
76 1138
11 1138
10 1138
9 1138
35 1148
20 1148
21 1148
22 1148
23 1148
24 1148
123 1177
84 1113
1 1113
108 1180
43 1180
11 1180
60 1180
26 1180
67 1147
91 1131
84 1131
1 1131
77 1137
102 1153
84 1153
1 1153
93 1134
84 1134
1 1134
33 1181
20 1181
37 1181
45 1181
39 1181
117 1181
19 1181
18 1181
17 1181
16 1181
15 1181
121 1181
57 1160
33 1160
20 1160
19 1160
103 1160
18 1160
17 1160
16 1160
104 1114
16 1114
15 1114
48 1119
103 1119
18 1119
106 1182
119 1182
4 1182
107 1182
110 1182
3 1182
2 1182
99 1131
2 1131
3 1131
4 1131
106 1131
91 1153
2 1153
3 1153
106 1153
4 1153
5 1153
6 1153
7 1153
8 1153
9 1153
10 1153
11 1153
12 1153
108 1153
67 1153
77 1153
83 1153
13 1153
102 1134
91 1134
2 1134
3 1134
4 1134
111 1151
110 1151
3 1151
2 1151
75 1151
58 1151
66 1151
1 1151
44 1165
23 1165
34 1165
24 1165
87 1173
8 1173
7 1173
6 1173
101 1173
5 1173
4 1173
106 1173
110 1173
107 1173
28 1180
12 1180
100 1180
67 1180
77 1180
83 1180
13 1180
14 1180
15 1180
16 1180
40 1129
18 1129
17 1129
16 1129
15 1129
14 1129
13 1129
100 1129
108 1129
67 1129
77 1129
76 1147
28 1147
84 1184
73 1137
76 1137
61 1149
38 1149
70 1134
5 1134
101 1134
6 1134
7 1134
29 1155
11 1155
12 1155
13 1155
100 1155
67 1155
108 1155
76 1155
50 1178
104 1178
17 1178
124 1178
18 1178
19 1178
112 1178
64 1119
119 1131
107 1131
43 1137
13 1137
14 1137
15 1137
16 1137
17 1137
104 1137
63 1142
44 1142
24 1142
73 1155
49 1178
20 1178
48 1178
121 1180
17 1180
18 1180
19 1180
20 1180
112 1180
40 1119
19 1119
20 1119
21 1119
37 1119
57 1119
83 1129
73 1129
76 1129
93 1182
52 1183
80 1183
102 1184
3 1184
58 1184
66 1184
2 1184
1 1184
50 1137
18 1137
124 1137
64 1137
19 1137
35 1177
23 1177
80 1177
54 1150
89 1150
69 1181
50 1181
46 1175
70 1175
6 1175
54 1175
7 1175
8 1175
9 1175
10 1175
85 1152
44 1152
24 1152
81 1121
1 1121
61 1121
2 1121
3 1121
66 1121
68 1150
86 1127
24 1127
43 1155
14 1155
41 1167
35 1167
23 1167
22 1167
49 1167
21 1167
20 1167
19 1167
40 1167
64 1167
33 1119
23 1119
22 1119
39 1119
28 1129
72 1183
24 1183
51 1162
13 1162
12 1162
11 1162
10 1162
9 1162
8 1162
54 1162
30 1162
101 1162
68 1162
7 1162
52 1177
72 1177
24 1177
78 1139
21 1139
40 1139
20 1139
19 1139
18 1139
17 1139
16 1139
15 1139
108 1139
100 1139
67 1139
34 1142
1 1142
81 1142
2 1142
3 1142
103 1178
48 1180
21 1180
22 1180
115 1156
51 1156
29 1156
90 1168
115 1168
51 1168
53 1136
1 1136
82 1169
115 1169
59 1162
106 1162
86 1177
46 1150
92 1122
87 1175
11 1175
12 1175
13 1175
14 1175
15 1175
77 1175
100 1175
67 1175
108 1175
114 1170
64 1170
113 1156
13 1156
12 1156
11 1156
10 1156
9 1156
101 1156
30 1156
46 1156
68 1156
54 1156
71 1157
87 1157
11 1157
10 1157
9 1157
8 1157
59 1157
7 1157
119 1157
65 1116
73 1186
108 1186
67 1186
100 1186
77 1186
16 1186
40 1122
21 1122
48 1122
22 1122
23 1122
24 1122
28 1175
94 1176
71 1176
87 1176
11 1176
12 1176
13 1176
14 1176
15 1176
16 1176
108 1176
63 1152
53 1152
2 1152
1 1152
48 1187
112 1187
62 1115
12 1115
11 1115
87 1115
71 1115
39 1180
109 1180
23 1180
24 1180
57 1180
41 1180
47 1164
90 1164
45 1119
24 1119
82 1116
91 1182
102 1182
6 1182
5 1182
123 1188
35 1188
83 1186
17 1186
18 1186
19 1186
20 1186
21 1186
22 1186
23 1186
112 1186
104 1181
21 1181
22 1181
64 1181
73 1175
83 1175
17 1175
16 1175
60 1175
90 1175
28 1176
56 1140
8 1140
7 1140
6 1140
93 1140
91 1140
102 1140
99 1185
91 1185
30 1189
68 1189
101 1189
54 1189
10 1189
9 1189
8 1189
7 1189
6 1189
106 1157
120 1130
7 1130
76 1139
28 1139
60 1139
40 1181
23 1181
24 1181
73 1176
122 1160
114 1160
97 1149
6 1149
5 1149
96 1149
48 1186
24 1186
115 1164
82 1164
78 1178
24 1178
124 1167
122 1167
86 1190
3 1190
53 1190
4 1190
5 1190
6 1190
7 1190
8 1190
9 1190
10 1190
119 1190
59 1190
51 1169
16 1169
15 1169
118 1158
51 1158
16 1158
15 1158
14 1158
13 1158
12 1158
11 1158
10 1158
90 1139
82 1139
118 1139
65 1164
92 1170
23 1170
22 1170
111 1173
9 1173
64 1160
92 1160
23 1160
22 1160
21 1160
69 1160
100 1191
73 1191
108 1191
67 1191
83 1191
19 1191
105 1124
51 1139
109 1192
118 1164
51 1164
17 1164
113 1164
16 1164
114 1167
92 1167
24 1167
29 1168
17 1168
38 1182
96 1182
7 1182
26 1147
90 1147
51 1147
59 1158
25 1145
12 1145
11 1145
32 1193
16 1193
15 1193
36 1146
16 1146
15 1146
14 1146
13 1146
12 1146
68 1146
30 1146
25 1146
49 1192
1 1192
37 1192
57 1192
2 1192
3 1192
72 1192
116 1164
36 1164
124 1170
24 1170
79 1154
103 1187
31 1128
25 1128
12 1128
11 1128
89 1156
106 1190
11 1190
12 1190
118 1147
62 1169
119 1158
55 1144
119 1194
11 1194
10 1194
59 1145
37 1195
57 1195
54 1146
89 1146
84 1140
9 1140
10 1140
11 1140
12 1140
13 1140
14 1140
15 1140
16 1140
17 1140
18 1140
32 1164
93 1185
84 1185
9 1185
120 1173
10 1173
77 1191
20 1191
21 1191
22 1191
23 1191
24 1191
78 1124
1 1124
97 1182
8 1182
9 1182
10 1182
11 1182
33 1195
3 1195
35 1195
4 1195
5 1195
63 1195
53 1195
6 1195
60 1140
90 1140
118 1140
123 1192
4 1192
5 1192
53 1192
6 1192
95 1166
8 1166
7 1166
6 1166
5 1166
72 1166
123 1166
4 1166
3 1166
90 1196
63 1192
57 1197
33 1197
4 1197
35 1197
123 1197
72 1197
5 1197
6 1197
7 1197
8 1197
38 1197
95 1197
96 1197
9 1197
10 1197
11 1197
12 1197
13 1197
14 1197
54 1197
30 1197
105 1187
68 1128
13 1128
14 1128
15 1128
16 1128
17 1128
18 1128
29 1128
19 1128
104 1191
96 1198
95 1198
38 1198
97 1198
9 1198
8 1198
7 1198
6 1198
63 1198
25 1156
14 1156
15 1156
16 1156
17 1156
18 1156
56 1157
12 1157
13 1157
14 1157
15 1157
16 1157
17 1157
18 1157
19 1157
91 1130
79 1169
17 1169
18 1169
36 1169
106 1158
66 1149
95 1149
9 1149
8 1149
7 1149
85 1192
86 1192
52 1192
89 1197
117 1199
109 1199
45 1199
37 1199
4 1199
3 1199
99 1173
11 1173
12 1173
13 1173
14 1173
15 1173
16 1173
17 1173
18 1173
75 1189
66 1189
95 1189
38 1189
96 1189
43 1129
26 1129
79 1200
18 1200
122 1201
104 1201
78 1187
3 1187
109 1187
45 1187
66 1203
50 1160
104 1160
1 1160
89 1204
25 1204
15 1204
30 1204
120 1182
12 1182
13 1182
14 1182
15 1182
30 1182
25 1182
32 1169
19 1169
20 1169
21 1169
28 1169
69 1201
72 1202
6 1202
5 1202
4 1202
112 1202
78 1202
3 1202
2 1202
70 1150
14 1150
51 1140
29 1140
20 1140
19 1140
68 1197
46 1197
39 1205
109 1205
116 1206
20 1206
19 1206
18 1206
17 1206
16 1206
15 1206
14 1206
13 1206
12 1206
11 1206
10 1206
9 1206
8 1206
7 1206
6 1206
5 1206
4 1206
3 1206
112 1206
48 1206
78 1206
54 1204
68 1204
89 1182
68 1182
65 1139
40 1202
64 1202
92 1202
114 1202
122 1202
59 1150
76 1176
102 1185
12 1185
11 1185
10 1185
38 1185
96 1185
66 1185
45 1205
5 1205
4 1205
3 1205
2 1205
1 1205
113 1128
20 1128
21 1128
65 1128
51 1128
45 1207
54 1182
16 1182
115 1147
50 1201
2 1201
1 1201
44 1195
8 1195
7 1195
86 1195
104 1202
70 1197
15 1197
16 1197
17 1197
18 1197
19 1197
20 1197
39 1207
46 1204
107 1162
14 1162
15 1162
16 1162
27 1132
3 1132
2 1132
1 1132
58 1121
12 1121
11 1121
10 1121
9 1121
63 1121
85 1121
59 1209
15 1209
68 1209
54 1209
16 1209
30 1209
25 1209
106 1150
15 1150
71 1154
19 1154
18 1154
17 1154
30 1154
54 1154
16 1154
15 1154
14 1154
13 1154
58 1154
12 1154
11 1154
10 1154
9 1154
8 1154
7 1154
6 1154
37 1187
97 1189
58 1189
12 1189
11 1189
75 1203
58 1203
12 1203
11 1203
10 1203
9 1203
8 1203
85 1203
68 1210
16 1210
15 1210
106 1210
41 1166
70 1204
16 1204
17 1204
18 1204
19 1204
20 1204
21 1204
22 1204
26 1169
23 1169
104 1211
46 1162
87 1193
34 1149
10 1149
11 1149
12 1149
13 1149
14 1149
91 1149
93 1149
29 1139
22 1139
23 1139
24 1139
77 1139
101 1146
17 1146
18 1146
19 1146
20 1146
21 1146
22 1146
54 1212
17 1212
18 1212
19 1212
20 1212
21 1212
43 1176
26 1176
23 1176
22 1176
93 1213
13 1213
14 1213
15 1213
107 1213
43 1214
26 1214
23 1214
28 1214
108 1214
67 1214
83 1214
77 1214
114 1215
27 1215
74 1173
21 1173
83 1217
67 1217
24 1217
65 1147
29 1147
22 1147
74 1147
21 1147
20 1147
60 1196
26 1196
28 1196
71 1193
20 1193
19 1193
18 1193
54 1193
17 1193
68 1193
30 1193
25 1193
89 1209
17 1209
18 1209
19 1209
20 1209
21 1209
22 1209
23 1209
24 1209
26 1209
28 1209
108 1209
67 1209
51 1146
29 1146
112 1218
48 1218
103 1208
48 1208
70 1162
17 1162
18 1162
19 1162
20 1162
101 1193
106 1213
16 1213
17 1213
25 1213
18 1213
19 1213
20 1213
21 1213
95 1185
46 1216
70 1216
17 1216
101 1216
25 1216
18 1216
54 1216
30 1216
76 1219
108 1219
28 1219
26 1219
90 1129
24 1129
29 1129
23 1129
22 1129
21 1129
20 1129
19 1129
110 1131
16 1131
15 1131
14 1131
13 1131
12 1131
11 1131
10 1131
9 1131
8 1131
56 1158
17 1158
18 1158
25 1158
101 1158
30 1158
43 1196
76 1196
67 1196
102 1149
15 1149
16 1149
17 1149
107 1149
106 1149
52 1195
10 1195
9 1195
79 1212
22 1212
23 1212
51 1212
100 1214
59 1210
17 1210
18 1210
19 1210
30 1210
25 1210
94 1115
79 1115
22 1115
21 1115
20 1115
19 1115
18 1115
17 1115
46 1115
77 1217
113 1204
23 1204
24 1204
106 1220
17 1220
16 1220
93 1220
15 1220
58 1220
14 1220
13 1220
62 1144
94 1144
71 1144
21 1144
79 1144
22 1144
23 1144
24 1144
110 1221
17 1221
16 1221
15 1221
99 1221
91 1221
93 1221
56 1149
83 1209
1 1209
29 1212
24 1212
55 1164
62 1164
94 1164
79 1164
22 1164
74 1213
55 1213
62 1213
94 1213
79 1213
22 1213
23 1213
92 1215
124 1215
6 1215
5 1215
4 1215
3 1215
2 1215
1 1215
85 1222
11 1222
10 1222
71 1223
22 1223
23 1223
24 1223
91 1224
93 1224
100 1217
108 1217
1 1217
28 1217
26 1217
36 1200
55 1200
54 1158
19 1158
20 1158
21 1158
22 1158
59 1149
18 1149
46 1149
30 1149
19 1149
113 1213
24 1213
97 1185
58 1185
15 1185
14 1185
13 1185
68 1216
19 1216
20 1216
21 1216
22 1216
23 1216
24 1216
101 1210
70 1115
59 1115
56 1115
106 1115
107 1115
31 1190
25 1190
30 1190
68 1190
19 1190
18 1190
17 1190
16 1190
15 1190
96 1190
95 1190
38 1190
66 1190
58 1190
124 1225
6 1225
114 1225
27 1225
89 1193
46 1193
70 1193
59 1193
56 1193
106 1193
39 1187
9 1187
8 1187
7 1187
27 1187
114 1187
78 1218
54 1210
56 1226
59 1226
70 1226
19 1226
18 1226
17 1226
93 1226
88 1135
62 1228
112 1208
94 1230
119 1145
56 1145
19 1145
18 1145
17 1145
16 1145
38 1145
95 1145
66 1145
58 1145
63 1203
13 1203
14 1203
15 1203
16 1203
93 1203
17 1203
18 1203
19 1203
88 1203
56 1203
59 1203
70 1203
68 1203
20 1203
25 1203
30 1203
54 1203
46 1203
89 1203
79 1228
40 1229
62 1230
79 1230
55 1230
44 1121
13 1121
14 1121
15 1121
16 1121
41 1195
123 1195
11 1195
12 1195
13 1195
14 1195
15 1195
16 1195
17 1195
49 1199
122 1187
51 1227
65 1227
1 1227
95 1231
38 1231
16 1231
15 1231
14 1231
63 1231
13 1231
12 1231
11 1231
33 1231
48 1229
74 1200
36 1230
74 1230
32 1173
53 1198
44 1198
14 1198
52 1198
13 1198
47 1116
2 1116
1 1116
57 1231
41 1231
102 1221
18 1221
19 1221
20 1221
21 1221
22 1221
23 1221
24 1221
93 1195
18 1195
115 1176
65 1176
2 1176
67 1232
4 1232
3 1232
26 1232
28 1232
39 1199
11 1199
10 1199
9 1199
8 1199
7 1199
6 1199
118 1128
71 1221
98 1125
109 1207
98 1207
117 1207
11 1207
10 1207
9 1207
8 1207
7 1207
6 1207
5 1207
77 1207
67 1207
4 1207
3 1207
26 1207
64 1225
92 1225
9 1225
8 1225
111 1194
20 1194
19 1194
73 1139
113 1233
116 1233
2 1233
3 1233
121 1205
8 1205
7 1205
119 1235
56 1235
88 1235
21 1235
20 1235
19 1235
18 1235
17 1235
16 1235
15 1235
14 1235
13 1235
110 1115
111 1115
37 1125
29 1116
3 1116
4 1116
5 1116
6 1116
7 1116
8 1116
9 1116
27 1116
92 1116
114 1116
64 1116
10 1116
122 1116
43 1217
107 1193
21 1193
22 1193
23 1193
24 1193
108 1232
5 1232
6 1232
7 1232
8 1232
9 1232
10 1232
11 1232
12 1232
13 1232
14 1232
15 1232
16 1232
17 1232
18 1232
95 1232
96 1232
76 1214
5 1214
4 1214
3 1214
29 1214
118 1214
26 1233
43 1233
108 1233
76 1233
5 1233
6 1233
77 1233
35 1166
14 1166
15 1166
85 1166
28 1207
43 1207
108 1207
99 1224
20 1224
111 1224
70 1237
46 1237
89 1237
68 1237
30 1237
54 1237
37 1238
98 1238
117 1238
49 1238
39 1238
115 1128
4 1128
3 1128
91 1226
20 1226
30 1239
89 1239
68 1239
54 1239
46 1239
77 1240
6 1240
5 1240
90 1240
93 1194
29 1241
118 1241
38 1232
19 1232
20 1232
93 1232
21 1232
111 1232
41 1235
63 1166
44 1166
16 1166
75 1190
20 1190
58 1236
65 1214
67 1233
7 1233
8 1233
9 1233
121 1233
10 1233
11 1233
64 1242
114 1242
92 1242
112 1229
13 1229
14 1229
117 1229
98 1229
115 1241
65 1241
5 1241
28 1244
43 1244
108 1244
67 1244
77 1244
7 1244
8 1244
9 1244
10 1244
122 1233
114 1233
92 1233
42 1171
2 1171
3 1171
32 1171
36 1171
74 1171
4 1171
109 1238
14 1238
112 1238
48 1238
104 1187
11 1187
92 1187
12 1187
13 1187
14 1187
117 1187
33 1125
87 1245
71 1245
3 1245
4 1245
5 1245
36 1245
74 1245
111 1243
23 1243
59 1243
24 1243
119 1243
88 1243
49 1229
92 1246
121 1244
11 1244
104 1244
98 1187
82 1168
6 1168
7 1168
67 1168
77 1168
8 1168
9 1168
10 1168
121 1168
11 1168
70 1239
88 1239
109 1229
15 1229
37 1229
45 1229
66 1247
96 1247
95 1247
100 1234
77 1234
67 1234
41 1248
16 1248
17 1248
51 1214
82 1214
55 1171
5 1171
6 1171
118 1171
82 1171
65 1171
49 1187
15 1187
16 1187
27 1242
13 1242
124 1116
13 1116
108 1234
43 1234
113 1241
6 1241
36 1241
52 1248
18 1248
85 1248
48 1249
64 1233
41 1187
17 1187
18 1187
54 1251
89 1251
68 1251
28 1234
91 1194
23 1194
24 1194
112 1249
15 1249
14 1249
27 1249
92 1249
121 1252
12 1252
13 1252
92 1252
27 1252
14 1252
15 1252
117 1252
98 1252
49 1252
16 1252
37 1252
34 1185
20 1185
21 1185
22 1185
23 1185
24 1185
32 1245
6 1245
27 1253
96 1250
22 1250
21 1250
52 1254
19 1254
20 1254
85 1254
74 1241
124 1233
111 1185
104 1242
14 1242
106 1135
59 1135
1 1135
111 1135
94 1228
71 1228
87 1228
42 1228
5 1228
6 1228
74 1228
119 1239
106 1239
59 1239
1 1239
111 1239
56 1243
89 1255
54 1255
3 1255
46 1255
2 1255
59 1255
56 1255
119 1255
83 1139
10 1139
63 1248
20 1248
21 1248
22 1248
23 1248
24 1248
107 1232
119 1232
27 1233
15 1233
16 1233
117 1233
51 1171
8 1171
7 1171
57 1125
18 1125
55 1245
62 1245
94 1245
106 1243
75 1236
47 1240
82 1240
51 1240
65 1240
30 1251
3 1251
4 1251
5 1251
87 1251
71 1251
94 1251
62 1251
55 1251
74 1251
7 1251
8 1251
51 1251
82 1251
97 1145
88 1255
102 1195
91 1195
53 1166
21 1166
52 1166
20 1166
19 1166
41 1125
19 1125
20 1125
104 1256
15 1256
102 1257
93 1257
91 1257
38 1247
44 1254
63 1254
53 1254
21 1254
22 1254
23 1254
96 1254
24 1254
66 1236
96 1236
24 1236
118 1240
65 1251
9 1251
47 1251
90 1251
10 1251
11 1251
26 1234
10 1234
9 1234
51 1234
82 1234
39 1233
52 1125
21 1125
22 1125
23 1125
24 1125
66 1125
79 1245
7 1245
58 1254
45 1252
19 1252
80 1192
21 1192
113 1171
9 1171
10 1171
26 1171
47 1171
40 1238
17 1238
18 1238
19 1238
60 1219
47 1219
82 1219
10 1219
99 1226
1 1226
2 1226
96 1125
86 1198
34 1250
23 1250
66 1254
108 1251
43 1251
28 1251
65 1234
117 1258
98 1258
49 1258
19 1258
41 1252
20 1252
21 1252
44 1192
22 1192
34 1192
23 1192
24 1192
96 1192
66 1192
122 1244
16 1244
17 1244
51 1219
56 1259
119 1259
124 1242
76 1207
12 1207
73 1217
12 1217
36 1228
9 1228
10 1228
11 1228
28 1228
108 1228
73 1228
67 1228
53 1250
85 1250
63 1250
81 1220
24 1220
34 1220
23 1220
53 1220
85 1220
60 1251
47 1234
60 1234
11 1234
12 1234
64 1249
17 1249
18 1249
19 1249
49 1249
117 1249
40 1244
18 1244
90 1171
60 1171
28 1171
108 1171
45 1238
20 1238
88 1259
59 1259
70 1259
4 1259
46 1259
111 1226
3 1226
4 1226
46 1226
5 1226
89 1226
30 1226
27 1256
81 1260
24 1260
90 1261
60 1261
83 1228
26 1251
12 1251
67 1251
65 1219
11 1219
100 1207
13 1207
64 1256
18 1256
19 1256
20 1256
47 1261
26 1261
76 1217
13 1217
14 1217
15 1217
16 1217
42 1245
8 1245
9 1245
10 1245
77 1228
100 1228
76 1228
13 1228
26 1228
60 1228
38 1236
73 1234
76 1234
13 1234
14 1234
15 1234
16 1234
17 1234
54 1259
6 1259
7 1259
8 1259
35 1235
22 1235
23 1235
122 1242
18 1242
19 1242
83 1207
14 1207
45 1256
110 1224
4 1224
59 1224
119 1224
88 1224
34 1260
28 1261
92 1253
46 1262
70 1262
59 1262
119 1262
90 1219
13 1219
100 1219
77 1219
83 1219
42 1259
9 1259
71 1259
94 1259
79 1259
62 1259
10 1259
36 1259
74 1259
11 1259
12 1259
51 1259
82 1259
52 1235
24 1235
112 1242
20 1242
43 1261
108 1261
76 1261
100 1261
77 1261
47 1228
84 1130
3 1130
96 1130
2 1130
1 1130
33 1229
57 1229
22 1229
32 1241
115 1214
47 1214
41 1238
33 1238
57 1238
22 1238
23 1238
24 1238
116 1128
74 1128
36 1128
65 1259
118 1259
37 1256
22 1256
21 1256
117 1256
83 1261
15 1261
16 1261
17 1261
18 1261
122 1261
19 1261
27 1261
107 1243
35 1229
23 1229
24 1229
79 1263
94 1263
69 1211
18 1211
122 1211
19 1211
86 1252
24 1252
23 1252
33 1252
57 1252
53 1238
31 1210
8 1210
9 1210
42 1210
10 1210
94 1210
85 1235
53 1235
73 1207
15 1207
16 1207
17 1207
18 1207
56 1224
64 1261
20 1261
112 1261
21 1261
105 1206
21 1206
22 1206
37 1206
57 1206
33 1206
90 1228
14 1228
82 1228
118 1228
65 1228
52 1229
114 1246
92 1211
29 1240
13 1240
116 1240
88 1262
98 1249
22 1249
21 1249
60 1214
112 1264
21 1264
22 1264
37 1264
57 1264
45 1264
23 1264
80 1198
62 1263
71 1263
122 1246
20 1246
21 1246
27 1246
55 1241
62 1241
91 1265
102 1265
93 1265
99 1265
84 1265
5 1265
66 1265
96 1265
32 1128
79 1210
62 1210
55 1210
36 1210
49 1256
23 1256
57 1256
24 1256
107 1224
7 1224
70 1224
8 1224
9 1224
72 1222
36 1267
55 1267
62 1267
79 1267
94 1267
12 1267
42 1267
11 1267
10 1267
9 1267
8 1267
59 1267
68 1226
9 1226
30 1224
68 1224
89 1224
68 1268
105 1249
23 1249
24 1249
37 1249
45 1249
35 1252
29 1269
82 1269
65 1269
118 1269
31 1266
10 1266
11 1266
42 1266
12 1266
94 1266
79 1266
62 1266
55 1266
61 1189
4 1189
5 1189
84 1189
6 1189
7 1189
99 1189
93 1189
102 1189
119 1267
103 1218
105 1218
23 1218
40 1242
103 1242
105 1242
23 1242
22 1242
124 1253
122 1253
21 1253
20 1253
19 1253
18 1253
17 1253
77 1253
73 1253
76 1253
28 1253
26 1253
16 1253
15 1253
65 1253
29 1253
82 1253
47 1253
64 1246
57 1249
48 1244
103 1244
105 1244
23 1244
22 1244
21 1244
20 1244
49 1218
24 1218
93 1270
99 1270
81 1130
4 1130
5 1130
6 1130
7 1130
8 1130
9 1130
68 1130
10 1130
11 1130
12 1130
114 1211
77 1271
73 1271
17 1271
16 1271
47 1271
26 1271
28 1271
43 1271
76 1271
58 1192
6 1192
5 1192
4 1192
109 1233
49 1233
24 1233
59 1272
9 1272
119 1272
113 1245
123 1231
35 1231
1 1231
72 1231
2 1231
86 1231
100 1271
71 1241
70 1272
10 1272
11 1272
12 1272
13 1272
14 1272
15 1272
16 1272
65 1272
29 1272
82 1272
47 1272
26 1272
28 1272
43 1272
76 1272
73 1272
77 1272
18 1272
115 1259
47 1259
17 1259
29 1259
16 1259
41 1206
35 1206
80 1231
3 1231
4 1231
5 1231
6 1231
96 1231
66 1231
58 1231
7 1231
8 1231
9 1231
10 1231
47 1274
17 1274
28 1274
108 1271
18 1271
19 1271
20 1271
21 1271
22 1271
23 1271
79 1241
119 1275
59 1275
10 1275
9 1275
8 1275
99 1275
28 1276
43 1276
76 1276
73 1276
51 1269
115 1269
47 1269
17 1269
16 1269
15 1269
37 1277
45 1277
1 1277
41 1277
35 1277
2 1277
3 1277
4 1277
5 1277
6 1277
7 1277
8 1277
9 1277
10 1277
11 1277
70 1277
59 1277
36 1266
15 1266
14 1266
33 1256
41 1256
35 1256
2 1256
1 1256
43 1278
28 1278
76 1278
73 1278
89 1268
26 1274
18 1274
19 1274
20 1274
21 1274
22 1274
23 1274
24 1274
100 1279
43 1279
28 1279
26 1279
18 1279
73 1279
39 1258
1 1258
90 1214
18 1214
17 1214
16 1214
15 1214
14 1214
13 1214
12 1214
11 1214
98 1264
39 1264
1 1264
109 1264
117 1261
39 1261
1 1261
45 1261
2 1261
3 1261
4 1261
108 1278
26 1278
47 1278
18 1278
51 1278
118 1278
60 1253
78 1208
64 1211
27 1211
24 1211
35 1280
41 1280
76 1279
108 1279
19 1279
20 1279
21 1279
22 1279
23 1279
24 1279
114 1279
64 1279
94 1241
15 1241
14 1241
13 1241
12 1241
11 1241
10 1241
9 1241
8 1241
7 1241
83 1273
20 1273
19 1273
47 1273
18 1273
17 1273
16 1273
62 1273
71 1273
79 1273
55 1273
122 1271
24 1271
114 1271
27 1279
50 1202
77 1276
20 1276
49 1264
2 1264
3 1264
4 1264
115 1278
65 1278
64 1271
98 1283
109 1283
39 1283
2 1283
33 1280
57 1280
45 1280
3 1280
2 1280
1 1280
84 1275
113 1269
18 1269
19 1269
20 1269
21 1269
22 1269
23 1269
24 1269
102 1270
10 1270
9 1270
96 1270
72 1261
65 1284
51 1284
105 1208
2 1208
87 1263
99 1285
84 1285
102 1285
10 1285
9 1285
8 1285
7 1285
6 1285
85 1285
117 1208
109 1208
39 1208
3 1208
4 1208
5 1208
57 1208
33 1208
35 1208
41 1208
76 1286
28 1286
43 1286
21 1286
20 1286
51 1286
65 1286
115 1286
118 1287
51 1287
65 1287
49 1283
3 1283
75 1145
52 1285
69 1202
93 1275
108 1276
21 1276
22 1276
23 1276
24 1276
119 1277
13 1277
12 1277
82 1284
20 1284
19 1284
18 1284
71 1284
17 1284
29 1278
82 1278
20 1278
19 1278
110 1243
12 1243
11 1243
10 1243
9 1243
8 1243
7 1243
6 1243
123 1243
5 1243
4 1243
3 1243
48 1243
40 1243
53 1281
47 1286
82 1286
97 1247
115 1287
20 1287
19 1287
18 1287
79 1287
95 1236
56 1262
13 1262
12 1262
11 1262
99 1262
102 1275
11 1275
12 1275
13 1275
14 1275
89 1275
111 1277
107 1267
13 1267
14 1267
15 1267
16 1267
17 1267
18 1267
19 1267
20 1267
65 1267
51 1267
82 1267
47 1267
21 1267
43 1267
28 1267
76 1267
66 1270
25 1237
15 1237
14 1237
13 1237
12 1237
111 1237
107 1237
56 1237
121 1217
69 1217
103 1243
78 1243
40 1288
103 1288
48 1288
3 1288
104 1234
69 1234
1 1234
88 1282
56 1282
107 1282
13 1282
12 1282
101 1203
15 1203
54 1226
25 1226
15 1226
14 1226
13 1226
12 1226
11 1226
50 1217
60 1289
44 1250
8 1250
7 1250
6 1250
41 1250
33 1250
35 1250
63 1220
44 1220
8 1220
7 1220
6 1220
5 1220
41 1220
33 1220
84 1262
122 1290
2 1290
1 1290
106 1255
14 1255
13 1255
12 1255
11 1255
10 1255
9 1255
8 1255
7 1255
6 1255
68 1275
15 1275
56 1275
106 1275
44 1291
8 1291
7 1291
6 1291
5 1291
41 1291
106 1292
14 1292
13 1292
12 1292
11 1292
10 1292
9 1292
94 1284
79 1284
90 1253
22 1253
115 1253
51 1253
85 1281
8 1281
111 1282
14 1282
15 1282
16 1282
54 1282
25 1282
46 1224
54 1224
16 1224
15 1224
14 1224
13 1224
12 1224
11 1224
10 1224
113 1278
21 1278
22 1278
23 1278
45 1208
26 1289
75 1247
12 1247
11 1247
10 1247
9 1247
85 1247
44 1247
105 1288
102 1262
101 1282
89 1282
46 1282
94 1293
71 1293
79 1293
20 1293
19 1293
18 1293
17 1293
46 1293
54 1293
25 1293
101 1293
100 1278
24 1278
30 1268
46 1268
54 1268
25 1268
17 1268
16 1268
88 1268
56 1268
15 1268
119 1268
112 1243
29 1286
22 1286
23 1286
85 1294
9 1294
8 1294
7 1294
6 1294
68 1282
64 1295
27 1295
114 1295
54 1296
46 1296
38 1265
79 1297
71 1297
20 1297
19 1297
18 1297
17 1297
46 1297
32 1210
21 1210
20 1210
19 1210
18 1210
17 1210
16 1210
15 1210
104 1217
3 1217
116 1245
22 1245
21 1245
20 1245
19 1245
18 1245
17 1245
16 1245
15 1245
119 1245
88 1245
37 1208
63 1281
10 1281
9 1281
108 1286
24 1286
41 1298
7 1298
53 1247
71 1299
79 1299
32 1299
21 1299
20 1299
19 1299
18 1299
17 1299
16 1299
15 1299
14 1299
102 1299
57 1250
45 1250
35 1220
57 1220
97 1236
13 1236
12 1236
11 1236
10 1236
9 1236
8 1236
78 1288
112 1288
6 1288
5 1288
4 1288
27 1288
74 1240
32 1240
21 1240
20 1240
94 1240
71 1240
107 1275
16 1275
17 1275
18 1275
19 1275
20 1275
21 1275
22 1275
23 1275
24 1275
110 1277
15 1277
14 1277
75 1277
97 1277
33 1291
35 1291
52 1301
85 1301
10 1301
9 1301
8 1301
7 1301
6 1301
5 1301
48 1301
103 1301
36 1273
74 1273
67 1219
55 1287
36 1287
64 1288
107 1302
16 1302
110 1302
58 1270
75 1270
14 1270
13 1270
12 1270
11 1270
52 1270
44 1281
11 1281
12 1281
13 1281
14 1281
109 1298
49 1294
104 1303
4 1303
66 1277
87 1300
21 1300
20 1300
19 1300
18 1300
17 1300
16 1300
15 1300
14 1300
13 1300
12 1300
11 1300
10 1300
9 1300
8 1300
7 1300
73 1219
43 1219
85 1270
102 1281
15 1281
16 1281
17 1281
18 1281
70 1281
90 1289
39 1298
109 1294
103 1300
32 1273
23 1273
22 1273
21 1273
111 1302
17 1302
18 1302
19 1302
44 1270
59 1237
88 1237
18 1237
17 1237
16 1237
106 1268
59 1268
46 1281
19 1281
20 1281
21 1281
22 1281
23 1281
55 1281
49 1298
8 1298
9 1298
10 1298
11 1298
12 1298
13 1298
14 1298
15 1298
16 1298
17 1298
106 1298
18 1298
59 1298
56 1298
88 1298
63 1247
123 1255
35 1255
101 1302
53 1270
32 1281
72 1236
123 1236
79 1240
82 1305
29 1305
95 1265
15 1265
14 1265
13 1265
12 1265
11 1265
10 1265
9 1265
8 1265
7 1265
6 1265
25 1302
20 1302
21 1302
22 1302
23 1302
94 1302
98 1208
74 1287
24 1287
48 1307
8 1307
58 1277
16 1277
17 1277
18 1277
70 1268
20 1268
19 1268
18 1268
107 1268
111 1268
110 1268
52 1247
13 1247
14 1247
15 1247
16 1247
17 1247
18 1247
19 1247
70 1247
20 1247
101 1247
21 1247
22 1247
23 1247
24 1247
37 1250
10 1250
9 1250
39 1294
10 1294
11 1294
12 1294
13 1294
14 1294
15 1294
16 1294
66 1294
68 1296
70 1296
20 1296
56 1296
59 1296
54 1297
68 1297
89 1293
21 1293
22 1293
23 1293
24 1293
37 1308
11 1308
10 1308
109 1308
115 1309
82 1309
2 1309
1 1309
65 1309
29 1309
68 1310
46 1310
21 1310
31 1310
22 1310
23 1310
24 1310
103 1307
9 1307
10 1307
116 1311
1 1311
32 1311
70 1297
59 1297
56 1297
107 1297
111 1297
102 1304
18 1304
17 1304
16 1304
15 1304
14 1304
85 1304
44 1304
118 1253
2 1253
1 1253
116 1253
48 1250
51 1309
45 1220
37 1220
11 1220
10 1220
9 1220
41 1255
45 1255
106 1296
57 1291
112 1301
33 1306
41 1306
103 1250
114 1288
55 1240
1 1240
38 1294
37 1255
88 1296
21 1296
22 1296
89 1296
101 1296
50 1265
69 1265
77 1312
63 1270
15 1270
16 1270
17 1270
18 1270
19 1270
20 1270
21 1270
107 1270
56 1270
59 1270
70 1270
46 1270
119 1298
21 1298
70 1298
22 1298
23 1298
54 1298
46 1298
68 1298
89 1298
112 1250
11 1250
12 1250
13 1250
14 1250
15 1250
16 1250
17 1250
18 1250
118 1309
3 1309
60 1309
26 1309
121 1303
50 1303
25 1296
23 1296
24 1296
53 1304
90 1313
4 1313
115 1313
82 1313
29 1313
51 1313
65 1313
118 1313
3 1313
2 1313
55 1313
32 1313
74 1313
113 1253
3 1253
101 1298
47 1309
4 1309
43 1309
28 1309
76 1309
5 1309
6 1309
7 1309
8 1309
9 1309
10 1309
11 1309
64 1309
69 1303
9 1303
8 1303
7 1303
6 1303
5 1303
26 1303
28 1303
43 1303
76 1303
67 1303
43 1314
76 1314
28 1314
5 1314
90 1314
116 1313
46 1315
23 1315
54 1315
35 1236
14 1236
15 1236
16 1236
52 1236
109 1307
39 1307
13 1307
12 1307
11 1307
61 1241
18 1241
17 1241
16 1241
66 1316
60 1314
26 1314
73 1312
76 1312
28 1312
26 1312
98 1308
39 1308
13 1308
12 1308
36 1281
74 1281
3 1281
2 1281
1 1281
70 1317
23 1317
106 1317
88 1317
59 1317
85 1236
52 1241
100 1303
73 1303
77 1303
61 1318
19 1318
58 1318
20 1318
63 1304
57 1306
35 1306
15 1306
120 1268
22 1268
21 1268
101 1315
25 1315
24 1315
27 1220
12 1220
64 1307
33 1255
65 1319
115 1319
51 1319
5 1319
4 1319
55 1319
32 1319
3 1319
110 1297
120 1297
22 1297
21 1297
79 1302
72 1306
16 1306
17 1306
18 1306
19 1306
20 1306
21 1306
22 1306
111 1306
23 1306
24 1306
109 1321
14 1321
13 1321
12 1321
11 1321
57 1255
15 1255
16 1255
17 1255
63 1255
72 1322
16 1322
35 1322
57 1322
15 1322
98 1322
14 1322
39 1322
123 1320
35 1320
16 1320
57 1320
33 1320
71 1302
3 1302
2 1302
1 1302
113 1313
5 1313
6 1313
28 1313
7 1313
76 1313
100 1313
67 1313
84 1299
22 1299
23 1299
111 1299
110 1299
119 1317
24 1317
74 1319
113 1319
38 1316
95 1316
21 1316
20 1316
19 1316
18 1316
17 1316
72 1316
123 1316
35 1316
16 1316
102 1297
43 1312
98 1324
15 1324
48 1308
103 1308
116 1319
6 1319
82 1319
29 1319
40 1300
58 1268
95 1268
38 1268
44 1236
53 1236
19 1236
18 1236
17 1236
27 1307
14 1307
15 1307
16 1307
17 1307
72 1307
123 1307
88 1325
106 1325
85 1241
37 1316
84 1297
23 1297
24 1297
78 1301
15 1301
14 1301
13 1301
89 1323
54 1323
25 1323
2 1323
112 1308
15 1308
68 1315
106 1326
59 1326
1 1326
107 1325
111 1325
110 1325
80 1285
19 1285
94 1327
5 1327
4 1327
3 1327
2 1327
70 1327
1 1327
73 1313
26 1328
47 1328
82 1328
29 1328
56 1317
107 1317
111 1317
57 1236
97 1294
96 1145
23 1145
84 1145
24 1145
35 1307
18 1307
19 1307
20 1307
63 1307
50 1301
69 1301
34 1224
21 1224
20 1224
64 1321
27 1321
15 1321
16 1321
103 1321
78 1321
39 1324
17 1324
16 1324
78 1324
66 1268
96 1268
23 1268
24 1268
40 1308
27 1308
51 1328
8 1328
7 1328
113 1328
55 1331
109 1322
17 1322
18 1322
19 1322
20 1322
21 1322
22 1322
23 1322
58 1322
97 1322
98 1316
39 1316
58 1332
73 1333
43 1333
26 1333
60 1333
9 1333
8 1333
80 1329
20 1329
108 1314
73 1314
76 1330
10 1330
73 1330
28 1330
60 1330
26 1330
90 1330
43 1330
29 1334
51 1334
82 1334
122 1288
15 1288
14 1288
13 1288
12 1288
11 1288
10 1288
73 1288
28 1288
60 1288
26 1288
36 1331
93 1262
30 1282
3 1282
59 1282
2 1282
92 1295
122 1295
15 1295
50 1295
14 1295
13 1295
12 1295
11 1295
10 1295
9 1295
82 1295
51 1295
29 1295
115 1295
48 1300
101 1335
25 1335
54 1335
3 1335
70 1335
91 1189
63 1329
21 1329
22 1329
23 1329
24 1329
66 1329
77 1313
11 1313
10 1313
9 1313
8 1313
103 1324
64 1308
92 1308
89 1315
114 1309
69 1336
43 1288
86 1264
59 1335
122 1308
16 1308
17 1308
18 1308
19 1308
116 1328
9 1328
10 1328
11 1328
30 1315
4 1315
3 1315
59 1315
50 1336
15 1336
14 1336
13 1336
12 1336
11 1336
38 1322
83 1303
12 1303
11 1303
10 1303
96 1329
57 1308
20 1308
114 1337
64 1337
27 1337
17 1337
41 1320
20 1320
19 1320
80 1264
22 1264
113 1333
84 1338
93 1338
2 1338
1 1338
52 1304
80 1304
22 1304
21 1304
20 1304
73 1336
43 1336
26 1336
110 1340
3 1340
56 1340
59 1340
4 1340
5 1340
89 1340
30 1340
46 1340
54 1340
25 1340
74 1331
95 1294
96 1294
1 1294
40 1337
18 1337
19 1337
20 1337
37 1337
41 1337
35 1337
63 1264
23 1264
52 1264
116 1333
10 1333
121 1301
16 1301
17 1301
64 1301
27 1301
112 1321
19 1321
18 1321
17 1321
50 1321
69 1321
70 1315
5 1315
6 1315
7 1315
8 1315
9 1315
10 1315
74 1315
101 1340
6 1340
7 1340
8 1340
9 1340
33 1236
63 1341
23 1341
22 1341
86 1341
57 1337
21 1337
22 1337
23 1337
66 1322
96 1322
97 1332
66 1332
96 1332
38 1332
1 1332
51 1333
11 1333
12 1333
13 1333
14 1333
15 1333
16 1333
17 1333
69 1333
75 1318
97 1318
66 1318
96 1318
38 1318
1 1318
107 1339
47 1334
26 1334
43 1334
41 1236
21 1236
78 1300
81 1292
76 1328
105 1243
20 1243
19 1243
42 1263
9 1263
8 1263
7 1263
30 1263
54 1263
25 1263
90 1288
47 1288
115 1288
112 1300
39 1320
21 1320
78 1320
112 1320
87 1273
42 1273
9 1273
8 1273
7 1273
6 1273
68 1273
46 1273
54 1273
67 1314
83 1314
100 1312
67 1312
98 1304
99 1237
48 1324
73 1334
67 1334
43 1328
73 1328
55 1315
11 1315
12 1315
115 1315
47 1315
26 1315
90 1315
43 1315
54 1344
7 1344
6 1344
46 1344
68 1344
29 1288
32 1331
11 1331
80 1341
24 1341
82 1342
47 1342
44 1285
60 1303
47 1303
103 1320
85 1264
119 1335
50 1333
18 1333
19 1333
20 1333
21 1333
113 1343
12 1343
11 1343
59 1345
56 1339
119 1339
73 1315
74 1340
52 1337
115 1342
13 1342
88 1326
119 1326
63 1285
82 1303
115 1303
13 1303
14 1303
15 1303
16 1303
17 1303
105 1300
21 1300
20 1300
19 1300
50 1300
109 1316
22 1316
23 1316
41 1316
107 1335
110 1335
98 1333
22 1333
105 1333
114 1301
20 1301
55 1343
59 1339
112 1324
62 1284
11 1284
42 1284
10 1284
9 1284
8 1284
46 1284
49 1208
22 1208
21 1208
20 1208
114 1208
28 1336
32 1340
55 1340
12 1340
62 1340
11 1340
71 1340
79 1331
62 1331
85 1337
56 1326
107 1326
103 1333
78 1333
40 1301
21 1301
22 1301
98 1301
49 1301
74 1343
32 1343
62 1343
39 1304
54 1284
76 1315
15 1315
63 1337
1 1337
29 1342
14 1342
15 1342
43 1342
95 1322
4 1322
3 1322
2 1322
1 1322
63 1322
109 1301
23 1301
49 1304
109 1304
23 1304
24 1304
41 1304
35 1304
105 1324
109 1324
23 1324
22 1324
21 1324
94 1331
12 1331
13 1331
14 1331
115 1331
47 1331
15 1331
76 1331
16 1331
17 1331
18 1331
19 1331
20 1331
21 1331
22 1331
23 1331
105 1331
49 1331
39 1331
110 1326
7 1326
6 1326
91 1326
84 1326
99 1346
6 1346
84 1346
85 1322
65 1295
50 1348
20 1348
19 1348
18 1348
17 1348
16 1348
15 1348
82 1348
29 1348
65 1348
104 1265
20 1265
19 1265
18 1265
17 1265
16 1265
60 1265
79 1343
13 1343
14 1343
65 1343
15 1343
121 1321
104 1321
20 1321
21 1321
22 1321
105 1321
23 1321
49 1321
114 1324
101 1263
10 1263
11 1263
12 1263
13 1263
51 1288
115 1348
33 1316
75 1349
58 1349
97 1349
96 1349
95 1349
5 1349
6 1349
99 1349
57 1304
33 1304
39 1321
30 1284
74 1350
14 1350
62 1350
94 1350
72 1308
1 1308
90 1336
16 1336
115 1336
82 1336
87 1340
94 1340
13 1340
80 1322
47 1295
16 1295
90 1295
76 1295
28 1295
69 1300
51 1348
71 1350
87 1350
37 1347
41 1347
57 1347
55 1263
14 1263
79 1340
14 1340
15 1340
116 1340
33 1351
57 1351
41 1351
37 1351
89 1344
38 1352
97 1352
96 1352
87 1353
94 1353
71 1353
62 1353
79 1353
55 1353
14 1353
104 1300
90 1354
26 1265
25 1273
77 1314
18 1314
19 1314
20 1314
21 1314
104 1314
60 1343
90 1343
28 1343
17 1343
18 1343
103 1355
78 1355
105 1355
24 1355
40 1355
23 1355
67 1328
18 1328
90 1328
27 1208
23 1208
74 1263
15 1263
30 1344
95 1352
6 1352
7 1352
58 1352
43 1295
76 1354
43 1354
89 1273
69 1314
50 1314
22 1314
23 1314
77 1343
31 1323
12 1323
93 1237
8 1237
9 1237
40 1208
24 1208
120 1299
93 1299
99 1299
8 1299
9 1299
116 1263
16 1263
65 1263
115 1263
51 1263
17 1263
90 1263
73 1342
77 1342
19 1342
20 1342
21 1342
22 1342
104 1342
69 1342
102 1326
8 1326
120 1326
93 1326
121 1300
22 1300
23 1300
28 1354
73 1354
77 1354
19 1354
20 1354
21 1354
22 1354
121 1354
104 1354
45 1291
37 1291
1 1291
2 1291
72 1291
3 1291
72 1357
3 1357
84 1349
102 1349
8 1349
93 1349
27 1314
24 1314
67 1343
114 1355
122 1324
24 1324
122 1358
100 1334
77 1334
19 1334
20 1334
21 1334
22 1334
121 1334
64 1243
43 1263
100 1263
92 1309
122 1309
24 1309
23 1309
99 1326
9 1326
10 1326
11 1326
44 1264
5 1264
81 1264
6 1264
7 1264
97 1264
96 1264
43 1359
40 1314
64 1314
122 1314
27 1355
122 1355
88 1339
11 1339
46 1339
12 1339
114 1358
24 1358
35 1347
29 1336
51 1336
65 1336
18 1336
19 1336
77 1336
67 1336
20 1336
21 1336
22 1336
23 1336
24 1336
122 1336
