27 3819 1.065
48 3820 1.09846
112 3821 1.10003
81 3823 1.15373
65 3825 1.27138
26 3826 1.27422
69 3827 1.27576
38 3828 1.29324
60 3829 1.29523
93 3831 1.37932
45 3832 1.37949
51 3833 1.39052
109 3834 1.3911
88 3835 1.4013
64 3836 1.40659
106 3837 1.40939
42 3839 1.42152
32 3840 1.42337
89 3841 1.43468
72 3842 1.44973
53 3843 1.47092
113 3844 1.48904
56 3845 1.49182
66 3846 1.50395
107 3848 1.54801
25 3849 1.55335
95 3850 1.58482
46 3851 1.60582
41 3853 1.61423
59 3854 1.63872
36 3855 1.70027
110 3857 1.71517
67 3858 1.73199
97 3859 1.75156
96 3860 1.80539
62 3862 1.83592
73 3863 1.84501
71 3864 1.86094
68 3865 1.88208
102 3866 1.8846
94 3868 1.92899
98 3869 1.93465
44 3870 1.94655
30 3871 1.94698
80 3872 1.94937
61 3873 1.97523
47 3874 1.97995
58 3875 2.00009
79 3877 2.01139
31 3878 2.01164
57 3879 2.01228
85 3880 2.0257
35 3881 2.07149
34 3882 2.07347
84 3883 2.09701
111 3885 2.1132
40 3886 2.17841
103 3887 2.18415
82 3889 2.28191
105 3890 2.28765
83 3891 2.30839
77 3893 2.31726
92 3894 2.35873
99 3895 2.40555
54 3897 2.42032
39 3898 2.43479
55 3899 2.47204
90 3900 2.48417
33 3901 2.48695
74 3904 2.62579
87 3905 2.665
63 3906 2.68425
76 3907 2.68916
29 3908 2.70636
86 3910 2.74045
37 3911 2.79253
104 3912 2.79606
91 3914 2.83406
75 3915 2.83546
50 3916 2.84038
108 3917 2.87944
28 3919 2.91148
43 3920 2.91796
52 3921 2.92291
100 3922 2.94294
78 3923 2.96948
101 3924 2.99432
27 3931 3.50971
88 3932 3.5278
72 3937 3.93444
93 3939 4.05174
84 3942 4.21087
42 3943 4.21479
110 3944 4.22685
96 3945 4.28142
60 3947 4.33303
26 3949 4.49269
46 3951 4.56396
83 3953 4.61702
81 3955 4.7371
30 3957 4.8162
39 3958 4.84196
109 3960 4.91025
80 3961 4.92869
107 3962 4.96514
51 3963 4.96638
31 3965 5.03226
99 3967 5.15308
49 3968 5.17169
38 3969 5.18012
73 3971 5.25493
29 3972 5.2744
54 3973 5.28557
111 3975 5.31865
112 3976 5.34098
25 3977 5.40003
36 3979 5.42794
100 3981 5.54604
74 3982 5.56405
53 3984 5.64785
102 3986 5.72742
95 3987 5.72889
65 3988 5.75715
48 3989 5.77916
78 3991 5.8433
37 3992 5.9069
40 3994 5.96296
56 3995 5.9642
64 3997 6.04935
101 3998 6.08317
105 3999 6.09236
69 4000 6.09694
71 4001 6.0975
35 4002 6.10343
98 4004 6.14328
45 4005 6.20742
86 4007 6.21674
63 4008 6.2435
90 4009 6.24425
58 4010 6.24902
42 4011 6.25018
89 4012 6.28764
61 4014 6.38201
108 4015 6.40679
94 4017 6.42055
44 4018 6.48436
88 4020 6.51171
79 4022 6.63271
97 4023 6.648
55 4025 6.72928
68 4027 6.82167
43 4028 6.83678
57 4029 6.88294
77 4030 6.89371
76 4032 6.94241
27 4033 6.9704
50 4034 6.99467
62 4037 7.14334
114 4038 7.18027
59 4039 7.20357
26 4041 7.25781
33 4043 7.33195
83 4044 7.35221
92 4045 7.38666
75 4047 7.50696
91 4049 7.6003
36 4051 7.67032
110 4052 7.68573
96 4053 7.7068
53 4055 7.74383
32 4056 7.78034
52 4057 7.80651
87 4060 7.9239
93 4061 7.95915
47 4063 8.0266
65 4065 8.12907
38 4066 8.14331
84 4068 8.21035
109 4069 8.21232
90 4072 8.43832
67 4073 8.45509
30 4074 8.50076
81 4076 8.52701
29 4077 8.53037
80 4078 8.56279
66 4081 8.73824
97 4082 8.78803
37 4084 8.81619
71 4086 8.95964
82 4090 9.21214
43 4091 9.23757
69 4092 9.27765
102 4094 9.34313
40 4095 9.38325
113 4097 9.45427
46 4098 9.46143
48 4099 9.47227
60 4101 9.55544
98 4102 9.56669
27 4103 9.57962
74 4106 9.77641
59 4108 9.82205
79 4109 9.86601
45 4111 9.96943
93 4112 10.0044
111 4114 10.0486
107 4115 10.0779
32 4116 10.0787
78 4117 10.0903
114 4118 10.1028
25 4119 10.1061
91 4121 10.1172
105 4122 10.1272
104 4123 10.1627
51 4126 10.368
90 4129 10.5152
55 4130 10.5538
39 4131 10.5751
33 4132 10.5946
103 4134 10.6271
68 4135 10.6483
31 4136 10.6891
56 4137 10.6907
112 4139 10.7196
84 4140 10.7261
76 4142 10.8169
58 4143 10.8638
47 4144 10.8778
95 4145 10.8857
42 4147 10.9925
109 4149 11.0204
92 4150 11.0297
85 4151 11.0757
77 4153 11.1542
61 4154 11.2044
100 4156 11.2531
67 4159 11.4424
49 4161 11.5414
66 4162 11.5524
57 4164 11.6106
65 4165 11.6337
28 4166 11.6434
110 4167 11.6513
101 4168 11.6635
38 4169 11.6651
88 4170 11.704
75 4172 11.7473
63 4174 11.8117
96 4175 11.846
29 4177 11.9672
102 4178 11.9949
41 4180 12.0795
82 4182 12.1254
104 4184 12.2104
27 4185 12.2631
98 4186 12.2827
80 4188 12.3447
30 4189 12.357
26 4191 12.4192
36 4192 12.4681
81 4194 12.5605
113 4196 12.6509
87 4197 12.6937
35 4199 12.7661
91 4200 12.7763
64 4203 12.9146
106 4204 12.9672
78 4206 13.023
39 4207 13.0589
105 4208 13.0676
79 4210 13.1261
74 4211 13.128
85 4212 13.1393
25 4214 13.3053
68 4215 13.3057
84 4216 13.309
48 4218 13.3541
114 4219 13.3902
52 4221 13.44
71 4223 13.5208
31 4224 13.5288
108 4225 13.575
97 4227 13.6146
107 4228 13.6599
60 4229 13.6619
40 4230 13.6645
54 4232 13.7967
45 4234 13.8127
111 4235 13.8315
69 4236 13.834
66 4238 13.928
76 4239 13.9466
43 4240 13.9641
93 4242 14.0155
59 4243 14.0377
72 4244 14.0939
61 4246 14.1322
63 4247 14.155
53 4248 14.1681
103 4250 14.2627
28 4252 14.399
65 4256 14.6241
90 4257 14.6499
112 4258 14.7002
81 4261 14.8419
49 4262 14.8543
