0 2982
0 2983
0 2984
0 2985
0 2986
0 2987
0 2988
0 2989
0 2990
0 2991
0 2996
74 2997
3 2997
2 2997
1 2997
31 2998
0 3002
88 3000
11 3000
10 3000
9 3000
8 3000
7 3000
6 3000
5 3000
4 3000
3 3000
2 3000
1 3000
72 2994
59 2994
4 2994
3 2994
2 2994
1 2994
0 3006
86 3007
12 3007
11 3007
10 3007
9 3007
8 3007
7 3007
6 3007
5 3007
4 3007
3 3007
2 3007
1 3007
77 3009
22 3009
23 3009
24 3009
0 3010
41 3012
0 3013
79 3012
4 3012
3 3012
2 3012
1 3012
61 2999
19 2999
20 2999
21 2999
22 2999
23 2999
24 2999
0 3016
68 3017
23 3017
24 3017
33 3018
37 3019
18 3019
19 3019
20 3019
21 3019
22 3019
23 3019
24 3019
0 3020
28 3011
24 3011
0 3023
67 3003
17 3003
18 3003
19 3003
20 3003
21 3003
22 3003
23 3003
24 3003
75 3025
20 3025
21 3025
22 3025
23 3025
24 3025
0 3029
26 3030
54 3031
5 3031
4 3031
3 3031
2 3031
1 3031
64 3032
73 3015
0 3033
56 3008
32 3008
24 3008
48 3026
56 3026
32 3026
24 3026
68 3015
93 3039
16 3039
17 3039
18 3039
19 3039
20 3039
21 3039
22 3039
23 3039
24 3039
0 3040
60 3024
1 3024
51 3005
20 3005
21 3005
22 3005
23 3005
24 3005
44 3001
60 3001
1 3001
0 3043
80 3044
47 3045
13 3045
14 3045
15 3045
16 3045
17 3045
18 3045
19 3045
20 3045
21 3045
22 3045
23 3045
24 3045
76 3041
21 3041
22 3041
23 3041
24 3041
0 3048
0 3050
87 3049
92 3004
6 3004
5 3004
4 3004
3 3004
2 3004
1 3004
78 3037
7 3037
6 3037
5 3037
4 3037
3 3037
2 3037
1 3037
0 3055
32 3059
2 3059
1 3059
49 2998
8 2998
7 2998
6 2998
5 2998
4 2998
3 2998
2 2998
1 2998
43 2992
18 2992
19 2992
20 2992
21 2992
22 2992
23 2992
24 2992
79 3056
9 3056
8 3056
7 3056
6 3056
5 3056
4 3056
3 3056
2 3056
1 3056
42 3058
17 3058
18 3058
19 3058
20 3058
21 3058
22 3058
23 3058
24 3058
39 3054
21 3054
22 3054
23 3054
24 3054
0 3062
66 3063
18 3063
19 3063
20 3063
21 3063
22 3063
23 3063
24 3063
0 3064
25 3051
23 3051
24 3051
94 3068
0 3073
85 3074
17 3074
18 3074
19 3074
20 3074
21 3074
22 3074
23 3074
24 3074
36 3035
76 3035
24 3035
69 3070
24 3070
65 3078
12 3078
11 3078
10 3078
9 3078
8 3078
7 3078
6 3078
5 3078
4 3078
3 3078
2 3078
1 3078
29 3079
45 3042
21 3042
22 3042
23 3042
24 3042
38 3072
0 3080
74 3079
41 3079
70 3027
18 3027
19 3027
20 3027
21 3027
22 3027
23 3027
24 3027
0 3081
49 3077
11 3077
10 3077
9 3077
8 3077
7 3077
6 3077
5 3077
4 3077
3 3077
2 3077
1 3077
0 3082
90 2995
2 2995
1 2995
0 3083
40 3060
0 3085
89 3052
20 3052
21 3052
22 3052
23 3052
24 3052
33 3044
8 3044
7 3044
6 3044
5 3044
4 3044
3 3044
2 3044
1 3044
72 3084
14 3084
15 3084
16 3084
17 3084
18 3084
19 3084
20 3084
21 3084
22 3084
23 3084
24 3084
46 3069
14 3069
15 3069
16 3069
17 3069
18 3069
19 3069
20 3069
21 3069
22 3069
23 3069
24 3069
30 3047
12 3047
11 3047
10 3047
9 3047
8 3047
7 3047
6 3047
5 3047
4 3047
3 3047
2 3047
1 3047
34 3022
19 3022
20 3022
21 3022
22 3022
23 3022
24 3022
59 3071
46 3071
14 3071
15 3071
16 3071
17 3071
18 3071
19 3071
20 3071
21 3071
22 3071
23 3071
24 3071
0 3086
84 3028
16 3028
17 3028
18 3028
19 3028
20 3028
21 3028
22 3028
23 3028
24 3028
0 3087
71 3030
12 3030
11 3030
10 3030
9 3030
8 3030
7 3030
6 3030
5 3030
4 3030
3 3030
2 3030
1 3030
58 3014
19 3014
20 3014
21 3014
22 3014
23 3014
24 3014
0 3088
55 3065
62 3057
0 3089
35 3053
11 3053
10 3053
9 3053
8 3053
7 3053
6 3053
5 3053
4 3053
3 3053
2 3053
1 3053
39 3057
2 3057
1 3057
0 3090
83 3066
52 3075
13 3075
14 3075
15 3075
16 3075
17 3075
18 3075
19 3075
20 3075
21 3075
22 3075
23 3075
24 3075
0 3091
44 3065
10 3065
9 3065
8 3065
7 3065
6 3065
5 3065
4 3065
3 3065
2 3065
1 3065
0 3092
81 2993
0 3094
43 3066
0 3095
0 3097
44 3098
12 3098
11 3098
10 3098
9 3098
8 3098
7 3098
6 3098
5 3098
4 3098
3 3098
2 3098
1 3098
60 3096
12 3096
11 3096
10 3096
9 3096
8 3096
7 3096
6 3096
5 3096
4 3096
3 3096
2 3096
1 3096
82 3038
0 3099
27 3067
39 3067
5 3067
4 3067
3 3067
2 3067
1 3067
56 3101
63 3021
0 3102
86 3066
76 3103
69 3103
53 3076
26 3104
89 3021
1 3021
0 3105
81 3066
3 3066
2 3066
1 3066
37 3100
7 3100
6 3100
5 3100
4 3100
3 3100
2 3100
1 3100
0 3106
88 3107
0 3109
57 3036
3 3036
2 3036
1 3036
42 3107
3 3107
2 3107
1 3107
78 3104
19 3104
20 3104
21 3104
22 3104
23 3104
24 3104
70 3038
2 3038
1 3038
0 3110
91 3034
10 3034
9 3034
8 3034
7 3034
6 3034
5 3034
4 3034
3 3034
2 3034
1 3034
50 3046
1 3046
67 3032
7 3032
6 3032
5 3032
4 3032
3 3032
2 3032
1 3032
74 3111
32 3112
14 3112
15 3112
16 3112
17 3112
18 3112
19 3112
20 3112
21 3112
22 3112
23 3112
24 3112
0 3113
54 3114
86 3115
5 3115
4 3115
3 3115
2 3115
1 3115
68 3068
15 3068
16 3068
17 3068
18 3068
19 3068
20 3068
21 3068
22 3068
23 3068
24 3068
64 3093
8 3093
7 3093
6 3093
5 3093
4 3093
3 3093
2 3093
1 3093
73 3117
15 3117
16 3117
17 3117
18 3117
19 3117
20 3117
21 3117
22 3117
23 3117
24 3117
66 3076
5 3076
4 3076
3 3076
2 3076
1 3076
61 3116
12 3116
11 3116
10 3116
9 3116
8 3116
7 3116
6 3116
5 3116
4 3116
3 3116
2 3116
1 3116
93 3108
7 3108
6 3108
5 3108
4 3108
3 3108
2 3108
1 3108
0 3121
0 3122
77 3123
17 3123
18 3123
19 3123
20 3123
21 3123
22 3123
23 3123
24 3123
0 3124
51 3103
11 3103
10 3103
9 3103
8 3103
7 3103
6 3103
5 3103
4 3103
3 3103
2 3103
1 3103
0 3126
0 3127
38 3128
21 3128
22 3128
23 3128
24 3128
85 3125
40 3129
12 3129
11 3129
10 3129
9 3129
8 3129
7 3129
6 3129
5 3129
4 3129
3 3129
2 3129
1 3129
0 3130
94 3131
19 3131
20 3131
21 3131
22 3131
23 3131
24 3131
80 3072
21 3072
22 3072
23 3072
24 3072
0 3132
0 3135
33 3133
21 3133
22 3133
23 3133
24 3133
30 3114
39 3136
13 3136
14 3136
15 3136
16 3136
17 3136
18 3136
19 3136
20 3136
21 3136
22 3136
23 3136
24 3136
0 3138
36 3139
75 3140
16 3140
17 3140
18 3140
19 3140
20 3140
21 3140
22 3140
23 3140
24 3140
31 3134
1 3134
29 3141
2 3141
1 3141
0 3142
0 3144
68 3143
21 3143
22 3143
23 3143
24 3143
67 3120
14 3120
15 3120
16 3120
17 3120
18 3120
19 3120
20 3120
21 3120
22 3120
23 3120
24 3120
0 3145
79 3079
41 3111
3 3111
2 3111
1 3111
0 3146
25 3147
16 3147
17 3147
18 3147
19 3147
20 3147
21 3147
22 3147
23 3147
24 3147
90 3148
18 3148
19 3148
20 3148
21 3148
22 3148
23 3148
24 3148
76 3149
17 3149
18 3149
19 3149
20 3149
21 3149
22 3149
23 3149
24 3149
63 3150
27 3151
31 3079
3 3079
2 3079
1 3079
0 3152
39 3151
16 3151
17 3151
18 3151
19 3151
20 3151
21 3151
22 3151
23 3151
24 3151
0 3153
35 3154
0 3157
0 3159
0 3161
79 3162
31 3162
5 3162
4 3162
3 3162
2 3162
1 3162
0 3165
47 3166
72 3169
7 3169
6 3169
5 3169
4 3169
3 3169
2 3169
1 3169
46 3170
7 3170
6 3170
5 3170
4 3170
3 3170
2 3170
1 3170
53 3156
15 3156
16 3156
17 3156
18 3156
19 3156
20 3156
21 3156
22 3156
23 3156
24 3156
56 3164
24 3164
0 3172
64 3167
18 3167
19 3167
20 3167
21 3167
22 3167
23 3167
24 3167
43 3175
65 3177
8 3177
7 3177
6 3177
5 3177
4 3177
3 3177
2 3177
1 3177
0 3178
0 3180
0 3181
34 3173
13 3173
14 3173
15 3173
16 3173
17 3173
18 3173
19 3173
20 3173
21 3173
22 3173
23 3173
24 3173
42 3182
16 3182
17 3182
18 3182
19 3182
20 3182
21 3182
22 3182
23 3182
24 3182
55 3183
84 3155
10 3155
9 3155
8 3155
7 3155
6 3155
5 3155
4 3155
3 3155
2 3155
1 3155
87 3174
51 3163
21 3163
22 3163
23 3163
24 3163
59 3185
72 3185
0 3187
44 3183
3 3183
2 3183
1 3183
83 3184
17 3184
18 3184
19 3184
20 3184
21 3184
22 3184
23 3184
24 3184
48 3101
87 3101
1 3101
57 3194
17 3194
18 3194
19 3194
20 3194
21 3194
22 3194
23 3194
24 3194
0 3195
69 3160
23 3160
24 3160
49 3196
9 3196
8 3196
7 3196
6 3196
5 3196
4 3196
3 3196
2 3196
1 3196
37 3139
23 3139
24 3139
28 3137
60 3137
4 3137
3 3137
2 3137
1 3137
0 3197
44 3190
38 3198
35 3198
0 3199
73 3191
4 3191
3 3191
2 3191
1 3191
82 3125
17 3125
18 3125
19 3125
20 3125
21 3125
22 3125
23 3125
24 3125
45 3179
21 3179
22 3179
23 3179
24 3179
58 3186
16 3186
17 3186
18 3186
19 3186
20 3186
21 3186
22 3186
23 3186
24 3186
32 3176
4 3176
3 3176
2 3176
1 3176
80 3198
7 3198
6 3198
5 3198
4 3198
3 3198
2 3198
1 3198
0 3203
93 3201
21 3201
22 3201
23 3201
24 3201
29 3204
12 3204
11 3204
10 3204
9 3204
8 3204
7 3204
6 3204
5 3204
4 3204
3 3204
2 3204
1 3204
0 3205
71 3193
10 3193
9 3193
8 3193
7 3193
6 3193
5 3193
4 3193
3 3193
2 3193
1 3193
94 3207
6 3207
5 3207
4 3207
3 3207
2 3207
1 3207
86 3175
21 3175
22 3175
23 3175
24 3175
62 3188
0 3208
77 3190
6 3190
5 3190
4 3190
3 3190
2 3190
1 3190
85 3209
19 3209
20 3209
21 3209
22 3209
23 3209
24 3209
52 3202
10 3202
9 3202
8 3202
7 3202
6 3202
5 3202
4 3202
3 3202
2 3202
1 3202
39 3188
0 3210
0 3211
75 3212
3 3212
2 3212
1 3212
31 3213
13 3213
14 3213
15 3213
16 3213
17 3213
18 3213
19 3213
20 3213
21 3213
22 3213
23 3213
24 3213
0 3214
78 3114
12 3114
11 3114
10 3114
9 3114
8 3114
7 3114
6 3114
5 3114
4 3114
3 3114
2 3114
1 3114
82 3215
20 3215
21 3215
22 3215
23 3215
24 3215
0 3216
92 3158
90 3218
41 3220
15 3220
16 3220
17 3220
18 3220
19 3220
20 3220
21 3220
22 3220
23 3220
24 3220
25 3188
0 3221
26 3222
13 3222
14 3222
15 3222
16 3222
17 3222
18 3222
19 3222
20 3222
21 3222
22 3222
23 3222
24 3222
60 3217
9 3217
8 3217
7 3217
6 3217
5 3217
4 3217
3 3217
2 3217
1 3217
77 3219
9 3219
8 3219
7 3219
6 3219
5 3219
4 3219
3 3219
2 3219
1 3219
0 3223
40 3188
3 3188
2 3188
1 3188
0 3224
81 3168
0 3226
43 3168
0 3227
54 3228
16 3228
17 3228
18 3228
19 3228
20 3228
21 3228
22 3228
23 3228
24 3228
0 3229
61 3230
0 3231
50 3166
23 3166
24 3166
75 3230
7 3230
6 3230
5 3230
4 3230
3 3230
2 3230
1 3230
25 3225
51 3225
6 3225
5 3225
4 3225
3 3225
2 3225
1 3225
0 3235
88 3206
1 3206
46 3233
19 3233
20 3233
21 3233
22 3233
23 3233
24 3233
66 3171
83 3171
2 3171
1 3171
0 3237
27 3239
0 3240
53 3241
3 3241
2 3241
1 3241
30 3242
78 3242
18 3242
19 3242
20 3242
21 3242
22 3242
23 3242
24 3242
70 3150
1 3150
0 3244
87 3234
12 3234
11 3234
10 3234
9 3234
8 3234
7 3234
6 3234
5 3234
4 3234
3 3234
2 3234
1 3234
0 3246
48 3238
87 3238
12 3238
11 3238
10 3238
9 3238
8 3238
7 3238
6 3238
5 3238
4 3238
3 3238
2 3238
1 3238
68 3247
14 3247
15 3247
16 3247
17 3247
18 3247
19 3247
20 3247
21 3247
22 3247
23 3247
24 3247
80 3245
16 3245
17 3245
18 3245
19 3245
20 3245
21 3245
22 3245
23 3245
24 3245
0 3248
52 3158
18 3158
19 3158
20 3158
21 3158
22 3158
23 3158
24 3158
38 3250
17 3250
18 3250
19 3250
20 3250
21 3250
22 3250
23 3250
24 3250
35 3251
33 3236
16 3236
17 3236
18 3236
19 3236
20 3236
21 3236
22 3236
23 3236
24 3236
0 3253
73 3254
14 3254
15 3254
16 3254
17 3254
18 3254
19 3254
20 3254
21 3254
22 3254
23 3254
24 3254
62 3239
8 3239
7 3239
6 3239
5 3239
4 3239
3 3239
2 3239
1 3239
79 3249
74 3185
22 3185
23 3185
24 3185
28 3259
16 3259
17 3259
18 3259
19 3259
20 3259
21 3259
22 3259
23 3259
24 3259
31 3249
80 3251
76 3232
69 3232
51 3232
10 3232
9 3232
8 3232
7 3232
6 3232
5 3232
4 3232
3 3232
2 3232
1 3232
33 3251
18 3251
19 3251
20 3251
21 3251
22 3251
23 3251
24 3251
0 3261
54 3249
22 3249
23 3249
24 3249
59 3252
46 3252
24 3252
39 3262
10 3262
9 3262
8 3262
7 3262
6 3262
5 3262
4 3262
3 3262
2 3262
1 3262
0 3263
56 3264
16 3264
17 3264
18 3264
19 3264
20 3264
21 3264
22 3264
23 3264
24 3264
0 3266
67 3267
10 3267
9 3267
8 3267
7 3267
6 3267
5 3267
4 3267
3 3267
2 3267
1 3267
65 3243
0 3268
72 3269
89 3200
37 3271
43 3272
83 3272
8 3272
7 3272
6 3272
5 3272
4 3272
3 3272
2 3272
1 3272
0 3273
82 3200
6 3200
5 3200
4 3200
3 3200
2 3200
1 3200
36 3274
13 3274
14 3274
15 3274
16 3274
17 3274
18 3274
19 3274
20 3274
21 3274
22 3274
23 3274
24 3274
0 3275
29 3256
74 3256
1 3256
51 3271
13 3271
14 3271
15 3271
16 3271
17 3271
18 3271
19 3271
20 3271
21 3271
22 3271
23 3271
24 3271
44 3277
20 3277
21 3277
22 3277
23 3277
24 3277
0 3279
71 3280
24 3280
0 3281
0 3285
64 3287
13 3287
14 3287
15 3287
16 3287
17 3287
18 3287
19 3287
20 3287
21 3287
22 3287
23 3287
24 3287
57 3270
9 3270
8 3270
7 3270
6 3270
5 3270
4 3270
3 3270
2 3270
1 3270
0 3290
42 3265
10 3265
9 3265
8 3265
7 3265
6 3265
5 3265
4 3265
3 3265
2 3265
1 3265
0 3291
26 3286
49 3292
2 3292
1 3292
41 3284
3 3284
2 3284
1 3284
0 3295
86 3296
32 3297
21 3297
22 3297
23 3297
24 3297
0 3298
63 3288
82 3288
10 3288
9 3288
8 3288
7 3288
6 3288
5 3288
4 3288
3 3288
2 3288
1 3288
55 3278
24 3278
0 3300
25 3301
40 3301
0 3303
45 3294
15 3294
16 3294
17 3294
18 3294
19 3294
20 3294
21 3294
22 3294
23 3294
24 3294
0 3305
0 3306
60 3289
0 3308
39 3301
18 3301
19 3301
20 3301
21 3301
22 3301
23 3301
24 3301
0 3310
85 3311
13 3311
14 3311
15 3311
16 3311
17 3311
18 3311
19 3311
20 3311
21 3311
22 3311
23 3311
24 3311
75 3309
21 3309
22 3309
23 3309
24 3309
78 3293
5 3293
4 3293
3 3293
2 3293
1 3293
0 3313
77 3289
69 3299
54 3314
53 3312
16 3312
17 3312
18 3312
19 3312
20 3312
21 3312
22 3312
23 3312
24 3312
0 3315
28 3289
68 3289
1 3289
58 3318
12 3318
11 3318
10 3318
9 3318
8 3318
7 3318
6 3318
5 3318
4 3318
3 3318
2 3318
1 3318
28 3320
0 3321
93 3282
17 3282
18 3282
19 3282
20 3282
21 3282
22 3282
23 3282
24 3282
71 3286
6 3286
5 3286
4 3286
3 3286
2 3286
1 3286
83 3283
16 3283
17 3283
18 3283
19 3283
20 3283
21 3283
22 3283
23 3283
24 3283
30 3317
94 3322
2 3322
1 3322
68 3320
0 3323
62 3324
20 3324
21 3324
22 3324
23 3324
24 3324
91 3218
23 3218
24 3218
0 3326
87 3316
1 3316
71 3317
7 3317
6 3317
5 3317
4 3317
3 3317
2 3317
1 3317
61 3327
31 3319
9 3319
8 3319
7 3319
6 3319
5 3319
4 3319
3 3319
2 3319
1 3319
65 3331
74 3331
10 3331
9 3331
8 3331
7 3331
6 3331
5 3331
4 3331
3 3331
2 3331
1 3331
0 3333
76 3330
23 3330
24 3330
35 3334
40 3332
0 3336
80 3334
6 3334
5 3334
4 3334
3 3334
2 3334
1 3334
77 3337
94 3337
33 3339
6 3339
5 3339
4 3339
3 3339
2 3339
1 3339
0 3340
80 3341
6 3341
5 3341
4 3341
3 3341
2 3341
1 3341
34 3304
16 3304
17 3304
18 3304
19 3304
20 3304
21 3304
22 3304
23 3304
24 3304
84 3276
13 3276
14 3276
15 3276
16 3276
17 3276
18 3276
19 3276
20 3276
21 3276
22 3276
23 3276
24 3276
32 3320
4 3320
3 3320
2 3320
1 3320
62 3332
23 3332
24 3332
0 3342
0 3343
81 3344
83 3344
20 3344
21 3344
22 3344
23 3344
24 3344
27 3346
0 3347
73 3348
88 3307
20 3307
21 3307
22 3307
23 3307
24 3307
51 3299
29 3349
62 3346
0 3350
49 3314
12 3314
11 3314
10 3314
9 3314
8 3314
7 3314
6 3314
5 3314
4 3314
3 3314
2 3314
1 3314
0 3352
52 3302
11 3302
10 3302
9 3302
8 3302
7 3302
6 3302
5 3302
4 3302
3 3302
2 3302
1 3302
56 3345
0 3353
75 3327
3 3327
2 3327
1 3327
40 3346
1 3346
0 3356
42 3357
22 3357
23 3357
24 3357
50 3358
20 3358
21 3358
22 3358
23 3358
24 3358
0 3359
90 3328
91 3328
4 3328
3 3328
2 3328
1 3328
25 3361
2 3361
1 3361
59 3354
87 3345
7 3345
6 3345
5 3345
4 3345
3 3345
2 3345
1 3345
0 3362
57 3363
23 3363
24 3363
37 3364
27 3364
62 3364
2 3364
1 3364
0 3365
43 3335
0 3367
66 3296
0 3368
68 3337
10 3337
9 3337
8 3337
7 3337
6 3337
5 3337
4 3337
3 3337
2 3337
1 3337
70 3355
23 3355
24 3355
82 3325
23 3325
24 3325
0 3370
48 3369
86 3335
81 3335
1 3335
0 3371
55 3372
12 3372
11 3372
10 3372
9 3372
8 3372
7 3372
6 3372
5 3372
4 3372
3 3372
2 3372
1 3372
47 3257
23 3257
24 3257
0 3373
