0 4265
0 4266
0 4267
0 4268
0 4269
0 4270
0 4271
0 4272
0 4273
98 4274
8 4274
7 4274
6 4274
5 4274
4 4274
3 4274
2 4274
1 4274
0 4279
39 4280
10 4280
9 4280
8 4280
7 4280
6 4280
5 4280
4 4280
3 4280
2 4280
1 4280
121 4275
14 4275
15 4275
16 4275
17 4275
18 4275
19 4275
20 4275
21 4275
22 4275
23 4275
24 4275
25 4276
9 4276
8 4276
7 4276
6 4276
5 4276
4 4276
3 4276
2 4276
1 4276
41 4282
12 4282
11 4282
10 4282
9 4282
8 4282
7 4282
6 4282
5 4282
4 4282
3 4282
2 4282
1 4282
74 4283
19 4283
20 4283
21 4283
22 4283
23 4283
24 4283
33 4277
0 4284
92 4287
81 4290
4 4290
3 4290
2 4290
1 4290
0 4293
28 4288
23 4288
24 4288
0 4297
26 4294
21 4294
22 4294
23 4294
24 4294
69 4298
9 4298
8 4298
7 4298
6 4298
5 4298
4 4298
3 4298
2 4298
1 4298
44 4301
67 4291
21 4291
22 4291
23 4291
24 4291
0 4303
101 4304
5 4304
4 4304
3 4304
2 4304
1 4304
46 4305
82 4299
23 4299
24 4299
70 4306
15 4306
16 4306
17 4306
18 4306
19 4306
20 4306
21 4306
22 4306
23 4306
24 4306
0 4308
114 4309
22 4309
23 4309
24 4309
113 4285
14 4285
15 4285
16 4285
17 4285
18 4285
19 4285
20 4285
21 4285
22 4285
23 4285
24 4285
122 4286
15 4286
16 4286
17 4286
18 4286
19 4286
20 4286
21 4286
22 4286
23 4286
24 4286
112 4295
14 4295
15 4295
16 4295
17 4295
18 4295
19 4295
20 4295
21 4295
22 4295
23 4295
24 4295
55 4313
24 4313
0 4314
0 4319
75 4310
13 4310
14 4310
15 4310
16 4310
17 4310
18 4310
19 4310
20 4310
21 4310
22 4310
23 4310
24 4310
83 4315
88 4317
13 4317
14 4317
15 4317
16 4317
17 4317
18 4317
19 4317
20 4317
21 4317
22 4317
23 4317
24 4317
111 4320
68 4302
22 4302
23 4302
24 4302
0 4322
85 4323
2 4323
1 4323
42 4316
2 4316
1 4316
117 4324
53 4320
4 4320
3 4320
2 4320
1 4320
0 4327
75 4324
14 4324
15 4324
16 4324
17 4324
18 4324
19 4324
20 4324
21 4324
22 4324
23 4324
24 4324
54 4329
111 4329
53 4329
4 4329
3 4329
2 4329
1 4329
0 4333
80 4287
20 4287
21 4287
22 4287
23 4287
24 4287
0 4339
104 4340
18 4340
19 4340
20 4340
21 4340
22 4340
23 4340
24 4340
100 4341
16 4341
17 4341
18 4341
19 4341
20 4341
21 4341
22 4341
23 4341
24 4341
66 4342
17 4342
18 4342
19 4342
20 4342
21 4342
22 4342
23 4342
24 4342
115 4338
38 4318
23 4318
24 4318
0 4347
78 4334
14 4334
15 4334
16 4334
17 4334
18 4334
19 4334
20 4334
21 4334
22 4334
23 4334
24 4334
109 4349
99 4350
95 4345
22 4345
23 4345
24 4345
40 4278
0 4351
80 4352
21 4352
22 4352
23 4352
24 4352
48 4281
14 4281
15 4281
16 4281
17 4281
18 4281
19 4281
20 4281
21 4281
22 4281
23 4281
24 4281
34 4335
124 4335
2 4335
1 4335
119 4350
19 4350
20 4350
21 4350
22 4350
23 4350
24 4350
30 4307
68 4278
60 4346
61 4312
18 4312
19 4312
20 4312
21 4312
22 4312
23 4312
24 4312
90 4292
19 4292
20 4292
21 4292
22 4292
23 4292
24 4292
0 4355
52 4356
49 4358
5 4358
4 4358
3 4358
2 4358
1 4358
64 4359
9 4359
8 4359
7 4359
6 4359
5 4359
4 4359
3 4359
2 4359
1 4359
91 4326
16 4326
17 4326
18 4326
19 4326
20 4326
21 4326
22 4326
23 4326
24 4326
0 4361
96 4325
57 4363
108 4363
6 4363
5 4363
4 4363
3 4363
2 4363
1 4363
74 4307
76 4289
20 4289
21 4289
22 4289
23 4289
24 4289
45 4332
75 4346
17 4346
18 4346
19 4346
20 4346
21 4346
22 4346
23 4346
24 4346
0 4364
118 4365
79 4365
64 4365
10 4365
9 4365
8 4365
7 4365
6 4365
5 4365
4 4365
3 4365
2 4365
1 4365
51 4336
24 4336
73 4338
35 4367
22 4367
23 4367
24 4367
68 4307
36 4307
1 4307
0 4368
29 4369
44 4369
9 4369
8 4369
7 4369
6 4369
5 4369
4 4369
3 4369
2 4369
1 4369
79 4371
11 4371
10 4371
9 4371
8 4371
7 4371
6 4371
5 4371
4 4371
3 4371
2 4371
1 4371
62 4374
0 4378
43 4370
12 4370
11 4370
10 4370
9 4370
8 4370
7 4370
6 4370
5 4370
4 4370
3 4370
2 4370
1 4370
71 4379
8 4379
7 4379
6 4379
5 4379
4 4379
3 4379
2 4379
1 4379
65 4380
108 4381
7 4381
6 4381
5 4381
4 4381
3 4381
2 4381
1 4381
56 4382
16 4382
17 4382
18 4382
19 4382
20 4382
21 4382
22 4382
23 4382
24 4382
91 4374
18 4374
19 4374
20 4374
21 4374
22 4374
23 4374
24 4374
84 4383
80 4383
24 4383
47 4376
28 4376
6 4376
5 4376
4 4376
3 4376
2 4376
1 4376
36 4384
2 4384
1 4384
0 4385
58 4348
4 4348
3 4348
2 4348
1 4348
102 4386
17 4386
18 4386
19 4386
20 4386
21 4386
22 4386
23 4386
24 4386
27 4357
11 4357
10 4357
9 4357
8 4357
7 4357
6 4357
5 4357
4 4357
3 4357
2 4357
1 4357
31 4337
0 4387
32 4362
101 4362
97 4305
30 4332
36 4332
3 4332
2 4332
1 4332
0 4388
107 4301
11 4301
10 4301
9 4301
8 4301
7 4301
6 4301
5 4301
4 4301
3 4301
2 4301
1 4301
72 4331
20 4331
21 4331
22 4331
23 4331
24 4331
0 4390
33 4389
10 4389
9 4389
8 4389
7 4389
6 4389
5 4389
4 4389
3 4389
2 4389
1 4389
92 4391
1 4391
0 4392
110 4344
23 4344
24 4344
0 4393
59 4328
23 4328
24 4328
73 4372
77 4353
123 4377
19 4377
20 4377
21 4377
22 4377
23 4377
24 4377
0 4394
0 4395
94 4373
80 4373
3 4373
2 4373
1 4373
120 4354
23 4354
24 4354
0 4396
121 4353
2 4353
1 4353
116 4366
0 4397
106 4311
22 4311
23 4311
24 4311
55 4398
10 4398
9 4398
8 4398
7 4398
6 4398
5 4398
4 4398
3 4398
2 4398
1 4398
0 4400
58 4372
9 4372
8 4372
7 4372
6 4372
5 4372
4 4372
3 4372
2 4372
1 4372
67 4337
8 4337
7 4337
6 4337
5 4337
4 4337
3 4337
2 4337
1 4337
105 4330
8 4330
7 4330
6 4330
5 4330
4 4330
3 4330
2 4330
1 4330
63 4300
23 4300
24 4300
87 4296
6 4296
5 4296
4 4296
3 4296
2 4296
1 4296
0 4401
53 4325
14 4325
15 4325
16 4325
17 4325
18 4325
19 4325
20 4325
21 4325
22 4325
23 4325
24 4325
122 4402
104 4402
41 4402
2 4402
1 4402
0 4403
112 4399
1 4399
0 4404
74 4405
9 4405
8 4405
7 4405
6 4405
5 4405
4 4405
3 4405
2 4405
1 4405
0 4406
111 4408
16 4408
17 4408
18 4408
19 4408
20 4408
21 4408
22 4408
23 4408
24 4408
35 4366
5 4366
4 4366
3 4366
2 4366
1 4366
0 4409
25 4407
93 4360
2 4360
1 4360
0 4411
0 4415
61 4413
103 4343
0 4419
81 4416
66 4420
4 4420
3 4420
2 4420
1 4420
100 4421
3 4421
2 4421
1 4421
86 4349
78 4349
1 4349
123 4343
0 4422
101 4416
21 4416
22 4416
23 4416
24 4416
52 4423
22 4423
23 4423
24 4423
104 4418
76 4424
0 4425
37 4356
22 4356
23 4356
24 4356
115 4426
14 4426
15 4426
16 4426
17 4426
18 4426
19 4426
20 4426
21 4426
22 4426
23 4426
24 4426
98 4417
106 4417
2 4417
1 4417
26 4410
113 4427
69 4429
1 4429
112 4413
5 4413
4 4413
3 4413
2 4413
1 4413
110 4427
6 4427
5 4427
4 4427
3 4427
2 4427
1 4427
38 4433
12 4433
11 4433
10 4433
9 4433
8 4433
7 4433
6 4433
5 4433
4 4433
3 4433
2 4433
1 4433
118 4434
101 4434
22 4434
23 4434
24 4434
68 4412
13 4412
14 4412
15 4412
16 4412
17 4412
18 4412
19 4412
20 4412
21 4412
22 4412
23 4412
24 4412
54 4436
20 4436
21 4436
22 4436
23 4436
24 4436
39 4437
79 4428
83 4305
17 4305
18 4305
19 4305
20 4305
21 4305
22 4305
23 4305
24 4305
34 4439
124 4375
16 4375
17 4375
18 4375
19 4375
20 4375
21 4375
22 4375
23 4375
24 4375
101 4442
23 4442
24 4442
0 4443
28 4441
18 4441
19 4441
20 4441
21 4441
22 4441
23 4441
24 4441
117 4414
82 4439
17 4439
18 4439
19 4439
20 4439
21 4439
22 4439
23 4439
24 4439
82 4445
17 4445
18 4445
19 4445
20 4445
21 4445
22 4445
23 4445
24 4445
57 4446
89 4321
21 4321
22 4321
23 4321
24 4321
0 4447
40 4448
15 4448
16 4448
17 4448
18 4448
19 4448
20 4448
21 4448
22 4448
23 4448
24 4448
90 4444
9 4444
8 4444
7 4444
6 4444
5 4444
4 4444
3 4444
2 4444
1 4444
0 4449
96 4450
22 4450
23 4450
24 4450
44 4431
23 4431
24 4431
31 4453
0 4454
46 4455
28 4455
20 4455
21 4455
22 4455
23 4455
24 4455
67 4453
17 4453
18 4453
19 4453
20 4453
21 4453
22 4453
23 4453
24 4453
85 4446
21 4446
22 4446
23 4446
24 4446
41 4418
119 4424
0 4456
27 4428
0 4458
97 4460
41 4424
0 4462
56 4432
6 4432
5 4432
4 4432
3 4432
2 4432
1 4432
35 4463
13 4463
14 4463
15 4463
16 4463
17 4463
18 4463
19 4463
20 4463
21 4463
22 4463
23 4463
24 4463
0 4465
70 4466
64 4362
29 4464
1 4464
0 4467
91 4469
9 4469
8 4469
7 4469
6 4469
5 4469
4 4469
3 4469
2 4469
1 4469
0 4470
55 4471
21 4471
22 4471
23 4471
24 4471
83 4460
22 4460
23 4460
24 4460
48 4468
8 4468
7 4468
6 4468
5 4468
4 4468
3 4468
2 4468
1 4468
0 4472
79 4362
83 4473
23 4473
24 4473
58 4410
21 4410
22 4410
23 4410
24 4410
75 4474
91 4474
10 4474
9 4474
8 4474
7 4474
6 4474
5 4474
4 4474
3 4474
2 4474
1 4474
106 4475
9 4475
8 4475
7 4475
6 4475
5 4475
4 4475
3 4475
2 4475
1 4475
59 4424
13 4424
14 4424
15 4424
16 4424
17 4424
18 4424
19 4424
20 4424
21 4424
22 4424
23 4424
24 4424
0 4477
0 4478
90 4466
14 4466
15 4466
16 4466
17 4466
18 4466
19 4466
20 4466
21 4466
22 4466
23 4466
24 4466
43 4479
5 4479
4 4479
3 4479
2 4479
1 4479
63 4414
58 4480
22 4480
23 4480
24 4480
0 4481
67 4482
21 4482
22 4482
23 4482
24 4482
47 4461
0 4484
64 4485
79 4485
5 4485
4 4485
3 4485
2 4485
1 4485
50 4277
2 4277
1 4277
95 4476
19 4476
20 4476
21 4476
22 4476
23 4476
24 4476
0 4486
109 4487
11 4487
10 4487
9 4487
8 4487
7 4487
6 4487
5 4487
4 4487
3 4487
2 4487
1 4487
53 4488
3 4488
2 4488
1 4488
108 4489
2 4489
1 4489
80 4490
92 4490
18 4490
19 4490
20 4490
21 4490
22 4490
23 4490
24 4490
0 4493
33 4451
99 4491
16 4491
17 4491
18 4491
19 4491
20 4491
21 4491
22 4491
23 4491
24 4491
97 4461
0 4495
25 4496
111 4494
4 4494
3 4494
2 4494
1 4494
114 4338
0 4497
88 4437
14 4437
15 4437
16 4437
17 4437
18 4437
19 4437
20 4437
21 4437
22 4437
23 4437
24 4437
49 4498
46 4498
2 4498
1 4498
58 4338
32 4500
8 4500
7 4500
6 4500
5 4500
4 4500
3 4500
2 4500
1 4500
60 4492
14 4492
15 4492
16 4492
17 4492
18 4492
19 4492
20 4492
21 4492
22 4492
23 4492
24 4492
0 4501
51 4502
21 4502
22 4502
23 4502
24 4502
45 4504
24 4504
30 4505
24 4505
65 4506
95 4506
21 4506
22 4506
23 4506
24 4506
0 4507
42 4459
4 4459
3 4459
2 4459
1 4459
116 4509
66 4510
59 4510
17 4510
18 4510
19 4510
20 4510
21 4510
22 4510
23 4510
24 4510
0 4512
102 4499
48 4499
14 4499
15 4499
16 4499
17 4499
18 4499
19 4499
20 4499
21 4499
22 4499
23 4499
24 4499
110 4418
18 4418
19 4418
20 4418
21 4418
22 4418
23 4418
24 4418
0 4513
94 4508
95 4508
22 4508
23 4508
24 4508
113 4511
110 4511
18 4511
19 4511
20 4511
21 4511
22 4511
23 4511
24 4511
117 4515
0 4517
62 4518
16 4518
17 4518
18 4518
19 4518
20 4518
21 4518
22 4518
23 4518
24 4518
93 4503
57 4520
49 4520
5 4520
4 4520
3 4520
2 4520
1 4520
0 4521
86 4496
16 4496
17 4496
18 4496
19 4496
20 4496
21 4496
22 4496
23 4496
24 4496
40 4522
1 4522
121 4457
22 4457
23 4457
24 4457
0 4525
84 4519
77 4519
0 4527
92 4528
23 4528
24 4528
118 4529
101 4529
11 4529
10 4529
9 4529
8 4529
7 4529
6 4529
5 4529
4 4529
3 4529
2 4529
1 4529
100 4531
19 4531
20 4531
21 4531
22 4531
23 4531
24 4531
73 4452
36 4523
2 4523
1 4523
115 4532
4 4532
3 4532
2 4532
1 4532
72 4533
18 4533
19 4533
20 4533
21 4533
22 4533
23 4533
24 4533
0 4534
46 4535
6 4535
5 4535
4 4535
3 4535
2 4535
1 4535
78 4414
17 4414
18 4414
19 4414
20 4414
21 4414
22 4414
23 4414
24 4414
63 4515
0 4537
78 4515
18 4515
19 4515
20 4515
21 4515
22 4515
23 4515
24 4515
101 4539
12 4539
11 4539
10 4539
9 4539
8 4539
7 4539
6 4539
5 4539
4 4539
3 4539
2 4539
1 4539
0 4541
29 4538
11 4538
10 4538
9 4538
8 4538
7 4538
6 4538
5 4538
4 4538
3 4538
2 4538
1 4538
44 4542
11 4542
10 4542
9 4542
8 4542
7 4542
6 4542
5 4542
4 4542
3 4542
2 4542
1 4542
0 4543
39 4503
20 4503
21 4503
22 4503
23 4503
24 4503
27 4362
12 4362
11 4362
10 4362
9 4362
8 4362
7 4362
6 4362
5 4362
4 4362
3 4362
2 4362
1 4362
105 4545
4 4545
3 4545
2 4545
1 4545
0 4546
61 4549
22 4549
23 4549
24 4549
0 4550
97 4551
35 4509
120 4548
22 4548
23 4548
24 4548
112 4524
100 4524
22 4524
23 4524
24 4524
122 4540
119 4540
41 4540
0 4553
58 4452
0 4555
34 4556
8 4556
7 4556
6 4556
5 4556
4 4556
3 4556
2 4556
1 4556
121 4519
0 4557
103 4558
20 4558
21 4558
22 4558
23 4558
24 4558
81 4536
0 4560
107 4514
14 4514
15 4514
16 4514
17 4514
18 4514
19 4514
20 4514
21 4514
22 4514
23 4514
24 4514
68 4562
0 4563
64 4564
16 4564
17 4564
18 4564
19 4564
20 4564
21 4564
22 4564
23 4564
24 4564
37 4566
26 4452
83 4461
11 4461
10 4461
9 4461
8 4461
7 4461
6 4461
5 4461
4 4461
3 4461
2 4461
1 4461
0 4567
40 4562
8 4562
7 4562
6 4562
5 4562
4 4562
3 4562
2 4562
1 4562
98 4568
48 4568
22 4568
23 4568
24 4568
0 4570
31 4452
9 4452
8 4452
7 4452
6 4452
5 4452
4 4452
3 4452
2 4452
1 4452
119 4572
2 4572
1 4572
0 4573
79 4554
27 4554
17 4554
18 4554
19 4554
20 4554
21 4554
22 4554
23 4554
24 4554
77 4530
63 4547
24 4547
35 4519
4 4519
3 4519
2 4519
1 4519
0 4576
85 4483
14 4483
15 4483
16 4483
17 4483
18 4483
19 4483
20 4483
21 4483
22 4483
23 4483
24 4483
33 4578
15 4578
16 4578
17 4578
18 4578
19 4578
20 4578
21 4578
22 4578
23 4578
24 4578
0 4579
32 4577
19 4577
20 4577
21 4577
22 4577
23 4577
24 4577
0 4581
104 4582
76 4583
4 4583
3 4583
2 4583
1 4583
106 4580
0 4585
99 4582
87 4552
9 4552
8 4552
7 4552
6 4552
5 4552
4 4552
3 4552
2 4552
1 4552
0 4587
51 4588
94 4588
8 4588
7 4588
6 4588
5 4588
4 4588
3 4588
2 4588
1 4588
43 4574
37 4574
31 4586
12 4586
11 4586
10 4586
9 4586
8 4586
7 4586
6 4586
5 4586
4 4586
3 4586
2 4586
1 4586
41 4590
0 4591
32 4574
21 4574
22 4574
23 4574
24 4574
93 4596
39 4596
3 4596
2 4596
1 4596
0 4597
52 4544
22 4544
23 4544
24 4544
55 4594
34 4594
14 4594
15 4594
16 4594
17 4594
18 4594
19 4594
20 4594
21 4594
22 4594
23 4594
24 4594
54 4595
19 4595
20 4595
21 4595
22 4595
23 4595
24 4595
0 4599
91 4592
117 4592
3 4592
2 4592
1 4592
114 4600
14 4600
15 4600
16 4600
17 4600
18 4600
19 4600
20 4600
21 4600
22 4600
23 4600
24 4600
25 4589
3 4589
2 4589
1 4589
59 4540
66 4540
6 4540
5 4540
4 4540
3 4540
2 4540
1 4540
67 4598
117 4603
4 4603
3 4603
2 4603
1 4603
89 4607
53 4607
19 4607
20 4607
21 4607
22 4607
23 4607
24 4607
45 4598
56 4611
103 4611
3 4611
2 4611
1 4611
30 4613
0 4614
0 4616
81 4566
32 4566
24 4566
95 4618
82 4593
17 4593
18 4593
19 4593
20 4593
21 4593
22 4593
23 4593
24 4593
90 4602
36 4613
15 4613
16 4613
17 4613
18 4613
19 4613
20 4613
21 4613
22 4613
23 4613
24 4613
35 4619
10 4619
9 4619
8 4619
7 4619
6 4619
5 4619
4 4619
3 4619
2 4619
1 4619
0 4620
113 4621
8 4621
7 4621
6 4621
5 4621
4 4621
3 4621
2 4621
1 4621
96 4565
22 4565
23 4565
24 4565
123 4526
4 4526
3 4526
2 4526
1 4526
108 4624
20 4624
21 4624
22 4624
23 4624
24 4624
99 4590
9 4590
8 4590
7 4590
6 4590
5 4590
4 4590
3 4590
2 4590
1 4590
0 4625
83 4626
19 4626
20 4626
21 4626
22 4626
23 4626
24 4626
84 4530
12 4530
11 4530
10 4530
9 4530
8 4530
7 4530
6 4530
5 4530
4 4530
3 4530
2 4530
1 4530
101 4536
109 4612
5 4612
4 4612
3 4612
2 4612
1 4612
0 4627
102 4628
6 4628
5 4628
4 4628
3 4628
2 4628
1 4628
70 4629
76 4629
10 4629
9 4629
8 4629
7 4629
6 4629
5 4629
4 4629
3 4629
2 4629
1 4629
28 4575
20 4575
21 4575
22 4575
23 4575
24 4575
75 4631
117 4631
7 4631
6 4631
5 4631
4 4631
3 4631
2 4631
1 4631
0 4632
118 4633
124 4569
19 4569
20 4569
21 4569
22 4569
23 4569
24 4569
0 4635
97 4637
21 4637
22 4637
23 4637
24 4637
69 4516
0 4638
115 4610
114 4610
48 4605
0 4640
110 4582
11 4582
10 4582
9 4582
8 4582
7 4582
6 4582
5 4582
4 4582
3 4582
2 4582
1 4582
101 4633
2 4633
1 4633
62 4641
9 4641
8 4641
7 4641
6 4641
5 4641
4 4641
3 4641
2 4641
1 4641
119 4602
12 4602
11 4602
10 4602
9 4602
8 4602
7 4602
6 4602
5 4602
4 4602
3 4602
2 4602
1 4602
38 4561
17 4561
18 4561
19 4561
20 4561
21 4561
22 4561
23 4561
24 4561
88 4639
0 4643
26 4610
20 4610
21 4610
22 4610
23 4610
24 4610
50 4606
99 4636
12 4636
11 4636
10 4636
9 4636
8 4636
7 4636
6 4636
5 4636
4 4636
3 4636
2 4636
1 4636
47 4634
83 4634
22 4634
23 4634
24 4634
53 4644
0 4645
86 4622
9 4622
8 4622
7 4622
6 4622
5 4622
4 4622
3 4622
2 4622
1 4622
112 4646
12 4646
11 4646
10 4646
9 4646
8 4646
7 4646
6 4646
5 4646
4 4646
3 4646
2 4646
1 4646
42 4584
24 4584
0 4647
92 4615
16 4615
17 4615
18 4615
19 4615
20 4615
21 4615
22 4615
23 4615
24 4615
72 4648
11 4648
10 4648
9 4648
8 4648
7 4648
6 4648
5 4648
4 4648
3 4648
2 4648
1 4648
0 4653
89 4606
91 4639
117 4639
11 4639
10 4639
9 4639
8 4639
7 4639
6 4639
5 4639
4 4639
3 4639
2 4639
1 4639
111 4608
103 4516
9 4516
8 4516
7 4516
6 4516
5 4516
4 4516
3 4516
2 4516
1 4516
0 4657
69 4605
9 4605
8 4605
7 4605
6 4605
5 4605
4 4605
3 4605
2 4605
1 4605
80 4658
17 4658
18 4658
19 4658
20 4658
21 4658
22 4658
23 4658
24 4658
29 4659
101 4650
5 4650
4 4650
3 4650
2 4650
1 4650
43 4660
0 4661
65 4654
18 4654
19 4654
20 4654
21 4654
22 4654
23 4654
24 4654
0 4665
27 4623
5 4623
4 4623
3 4623
2 4623
1 4623
26 4667
23 4667
24 4667
120 4668
0 4670
25 4672
13 4672
14 4672
15 4672
16 4672
17 4672
18 4672
19 4672
20 4672
21 4672
22 4672
23 4672
24 4672
60 4673
86 4673
12 4673
11 4673
10 4673
9 4673
8 4673
7 4673
6 4673
5 4673
4 4673
3 4673
2 4673
1 4673
0 4674
87 4675
21 4675
22 4675
23 4675
24 4675
58 4571
0 4676
46 4551
57 4669
3 4669
2 4669
1 4669
0 4678
28 4551
2 4551
1 4551
114 4680
0 4682
46 4679
45 4617
24 4617
105 4683
122 4684
124 4571
0 4685
28 4679
3 4679
2 4679
1 4679
40 4598
24 4598
39 4655
64 4677
0 4687
78 4689
0 4690
33 4606
6 4606
5 4606
4 4606
3 4606
2 4606
1 4606
71 4451
31 4683
1 4683
93 4668
73 4642
82 4642
3 4642
2 4642
1 4642
116 4630
21 4630
22 4630
23 4630
24 4630
0 4692
61 4693
18 4693
19 4693
20 4693
21 4693
22 4693
23 4693
24 4693
74 4559
0 4694
30 4559
40 4559
1 4559
107 4659
9 4659
8 4659
7 4659
6 4659
5 4659
4 4659
3 4659
2 4659
1 4659
59 4695
110 4695
61 4695
19 4695
20 4695
21 4695
22 4695
23 4695
24 4695
30 4696
40 4696
1 4696
0 4697
100 4671
19 4671
20 4671
21 4671
22 4671
23 4671
24 4671
0 4699
33 4698
8 4698
7 4698
6 4698
5 4698
4 4698
3 4698
2 4698
1 4698
109 4689
17 4689
18 4689
19 4689
20 4689
21 4689
22 4689
23 4689
24 4689
97 4702
6 4702
5 4702
4 4702
3 4702
2 4702
1 4702
66 4652
0 4703
102 4701
17 4701
18 4701
19 4701
20 4701
21 4701
22 4701
23 4701
24 4701
0 4705
36 4656
40 4656
3 4656
2 4656
1 4656
61 4652
21 4652
22 4652
23 4652
24 4652
0 4708
108 4711
107 4706
11 4706
10 4706
9 4706
8 4706
7 4706
6 4706
5 4706
4 4706
3 4706
2 4706
1 4706
95 4707
65 4707
1 4707
113 4712
66 4712
0 4713
91 4714
63 4714
19 4714
20 4714
21 4714
22 4714
23 4714
24 4714
34 4704
6 4704
5 4704
4 4704
3 4704
2 4704
1 4704
124 4716
49 4664
97 4664
8 4664
7 4664
6 4664
5 4664
4 4664
3 4664
2 4664
1 4664
51 4717
2 4717
1 4717
106 4649
19 4649
20 4649
21 4649
22 4649
23 4649
24 4649
0 4718
0 4721
76 4662
24 4662
44 4663
12 4663
11 4663
10 4663
9 4663
8 4663
7 4663
6 4663
5 4663
4 4663
3 4663
2 4663
1 4663
80 4722
28 4723
9 4723
8 4723
7 4723
6 4723
5 4723
4 4723
3 4723
2 4723
1 4723
31 4724
6 4724
5 4724
4 4724
3 4724
2 4724
1 4724
0 4725
119 4684
110 4726
24 4726
98 4727
109 4727
20 4727
21 4727
22 4727
23 4727
24 4727
0 4728
77 4719
0 4730
48 4732
85 4688
11 4688
10 4688
9 4688
8 4688
7 4688
6 4688
5 4688
4 4688
3 4688
2 4688
1 4688
35 4719
2 4719
1 4719
92 4722
3 4722
2 4722
1 4722
53 4720
13 4720
14 4720
15 4720
16 4720
17 4720
18 4720
19 4720
20 4720
21 4720
22 4720
23 4720
24 4720
0 4733
63 4734
22 4734
23 4734
24 4734
75 4655
25 4655
86 4655
22 4655
23 4655
24 4655
119 4729
1 4729
84 4681
3 4681
2 4681
1 4681
0 4736
104 4684
99 4684
109 4737
22 4737
23 4737
24 4737
114 4571
9 4571
8 4571
7 4571
6 4571
5 4571
4 4571
3 4571
2 4571
1 4571
55 4738
10 4738
9 4738
8 4738
7 4738
6 4738
5 4738
4 4738
3 4738
2 4738
1 4738
0 4739
41 4741
2 4741
1 4741
66 4684
59 4684
1 4684
61 4712
1 4712
0 4742
68 4686
9 4686
8 4686
7 4686
6 4686
5 4686
4 4686
3 4686
2 4686
1 4686
39 4668
0 4746
90 4747
3 4747
2 4747
1 4747
82 4716
11 4716
10 4716
9 4716
8 4716
7 4716
6 4716
5 4716
4 4716
3 4716
2 4716
1 4716
120 4743
70 4748
122 4748
76 4748
3 4748
2 4748
1 4748
79 4677
18 4677
19 4677
20 4677
21 4677
22 4677
23 4677
24 4677
104 4744
0 4749
56 4715
23 4715
24 4715
81 4709
93 4743
60 4751
0 4753
79 4709
19 4709
20 4709
21 4709
22 4709
23 4709
24 4709
