98 4274 1.00259
121 4275 1.01043
25 4276 1.01773
33 4277 1.05032
40 4278 1.0646
39 4280 1.07526
48 4281 1.10815
41 4282 1.12985
74 4283 1.13484
113 4285 1.18188
122 4286 1.18257
92 4287 1.20395
28 4288 1.2141
76 4289 1.25808
81 4290 1.26522
67 4291 1.26618
90 4292 1.26872
26 4294 1.28214
112 4295 1.32796
87 4296 1.35473
69 4298 1.41377
82 4299 1.43665
63 4300 1.45459
44 4301 1.45874
68 4302 1.47282
101 4304 1.4892
46 4305 1.49526
70 4306 1.5464
30 4307 1.55684
114 4309 1.57594
75 4310 1.58367
106 4311 1.61273
61 4312 1.6687
55 4313 1.67339
83 4315 1.68796
42 4316 1.69252
88 4317 1.70631
38 4318 1.77164
111 4320 1.86409
89 4321 1.87413
85 4323 1.88089
117 4324 1.91074
96 4325 1.91418
91 4326 1.95799
59 4328 1.98656
54 4329 2.01467
105 4330 2.04945
72 4331 2.06377
45 4332 2.06454
78 4334 2.07728
34 4335 2.12934
51 4336 2.1401
31 4337 2.14078
115 4338 2.14356
104 4340 2.21447
100 4341 2.23786
66 4342 2.23913
103 4343 2.24407
110 4344 2.25922
95 4345 2.26174
60 4346 2.26785
58 4348 2.27766
109 4349 2.3013
99 4350 2.3552
80 4352 2.37562
77 4353 2.41699
120 4354 2.43926
52 4356 2.47609
27 4357 2.50485
49 4358 2.52882
64 4359 2.55364
93 4360 2.57131
32 4362 2.59002
57 4363 2.61523
118 4365 2.72301
116 4366 2.7492
35 4367 2.75335
29 4369 2.78531
43 4370 2.78536
79 4371 2.79389
73 4372 2.80536
94 4373 2.83433
62 4374 2.84346
124 4375 2.84551
47 4376 2.86274
123 4377 2.86422
71 4379 2.90501
65 4380 2.92501
108 4381 2.92522
56 4382 2.94241
84 4383 2.95234
36 4384 2.97301
102 4386 2.9913
33 4389 3.19697
92 4391 3.36482
55 4398 3.93197
112 4399 3.93775
122 4402 4.13906
74 4405 4.30698
25 4407 4.37549
111 4408 4.38902
26 4410 4.52191
68 4412 4.57461
61 4413 4.58346
117 4414 4.60563
81 4416 4.68007
98 4417 4.71949
104 4418 4.75721
66 4420 4.79591
100 4421 4.79949
52 4423 4.92245
76 4424 4.96069
115 4426 5.00195
113 4427 5.03299
79 4428 5.03506
69 4429 5.05108
44 4431 5.09187
56 4432 5.13291
38 4433 5.13517
118 4434 5.1709
54 4436 5.19213
39 4437 5.21343
34 4439 5.31298
28 4441 5.38438
101 4442 5.4049
90 4444 5.52821
82 4445 5.55285
57 4446 5.55688
40 4448 5.58872
96 4450 5.6751
33 4451 5.70032
73 4452 5.70627
31 4453 5.74363
46 4455 5.8209
121 4457 5.96247
42 4459 5.97863
97 4460 5.99396
47 4461 6.07132
35 4463 6.1431
29 4464 6.16726
70 4466 6.17663
48 4468 6.32506
91 4469 6.33449
55 4471 6.3877
83 4473 6.50142
75 4474 6.52632
106 4475 6.53702
95 4476 6.55117
43 4479 6.70449
58 4480 6.76511
67 4482 6.78893
85 4483 6.79453
64 4485 6.91886
109 4487 7.01343
53 4488 7.01368
108 4489 7.01813
80 4490 7.0214
99 4491 7.05681
60 4492 7.07094
111 4494 7.10323
25 4496 7.18802
49 4498 7.32297
102 4499 7.32586
32 4500 7.35777
51 4502 7.38748
93 4503 7.38756
45 4504 7.38983
30 4505 7.40273
65 4506 7.42644
94 4508 7.47846
116 4509 7.48859
66 4510 7.49252
113 4511 7.51869
107 4514 7.70616
117 4515 7.72938
69 4516 7.76033
62 4518 7.77489
84 4519 7.85229
57 4520 7.86423
40 4522 7.89143
36 4523 7.93229
112 4524 7.95044
123 4526 8.02277
92 4528 8.08744
118 4529 8.09652
77 4530 8.1006
100 4531 8.10211
115 4532 8.13861
72 4533 8.14559
46 4535 8.17725
81 4536 8.23448
29 4538 8.29802
101 4539 8.33706
122 4540 8.37135
44 4542 8.39926
52 4544 8.48028
105 4545 8.52834
63 4547 8.60988
120 4548 8.64822
61 4549 8.6697
97 4551 8.68049
87 4552 8.72951
79 4554 8.79613
34 4556 8.88943
103 4558 8.99227
74 4559 9.01435
38 4561 9.12691
68 4562 9.13653
64 4564 9.17802
96 4565 9.19199
37 4566 9.19243
98 4568 9.34676
124 4569 9.36704
58 4571 9.43641
119 4572 9.44716
43 4574 9.49693
28 4575 9.54383
32 4577 9.58256
33 4578 9.63955
106 4580 9.74507
104 4582 9.78221
76 4583 9.81846
42 4584 9.84572
31 4586 9.92213
51 4588 9.98378
25 4589 9.98821
41 4590 10.036
91 4592 10.0775
82 4593 10.1234
55 4594 10.125
54 4595 10.1258
93 4596 10.1591
67 4598 10.1848
114 4600 10.2872
90 4602 10.4266
117 4603 10.4505
48 4605 10.4803
50 4606 10.4808
89 4607 10.492
111 4608 10.5352
115 4610 10.5792
56 4611 10.6175
109 4612 10.6397
30 4613 10.6578
92 4615 10.7139
45 4617 10.7891
95 4618 10.7936
35 4619 10.8595
113 4621 10.8754
86 4622 10.8772
27 4623 10.8797
108 4624 10.9296
83 4626 10.9812
102 4628 11.108
70 4629 11.1425
116 4630 11.1679
75 4631 11.1692
118 4633 11.1843
47 4634 11.2171
99 4636 11.2885
97 4637 11.344
88 4639 11.4309
62 4641 11.5217
73 4642 11.5616
53 4644 11.6302
112 4646 11.7029
72 4648 11.8345
106 4649 11.8471
101 4650 11.8528
121 4651 11.8541
66 4652 11.8603
65 4654 11.8764
39 4655 11.8962
36 4656 11.9317
80 4658 12.0007
29 4659 12.0166
43 4660 12.0641
76 4662 12.0898
44 4663 12.1007
49 4664 12.1044
103 4666 12.2166
26 4667 12.2378
120 4668 12.2472
57 4669 12.2708
100 4671 12.3357
25 4672 12.3672
60 4673 12.3696
87 4675 12.3953
64 4677 12.5294
46 4679 12.5746
114 4680 12.6342
84 4681 12.6392
105 4683 12.7146
122 4684 12.7261
68 4686 12.8325
85 4688 12.9183
78 4689 12.9364
52 4691 13.0572
61 4693 13.078
59 4695 13.2237
30 4696 13.2547
33 4698 13.2855
69 4700 13.4017
102 4701 13.4124
97 4702 13.4601
34 4704 13.4977
107 4706 13.6226
95 4707 13.6432
81 4709 13.683
32 4710 13.7024
108 4711 13.7133
113 4712 13.7712
91 4714 13.7751
56 4715 13.7779
124 4716 13.7985
51 4717 13.8383
77 4719 13.9461
53 4720 13.9721
80 4722 14.0463
28 4723 14.0513
31 4724 14.0713
110 4726 14.1447
98 4727 14.1651
119 4729 14.2223
117 4731 14.2811
48 4732 14.299
63 4734 14.3786
35 4735 14.4654
109 4737 14.5332
55 4738 14.5368
83 4740 14.5792
41 4741 14.6146
120 4743 14.7136
104 4744 14.743
118 4745 14.7454
90 4747 14.7753
70 4748 14.8236
82 4750 14.9144
60 4751 14.9372
38 4752 14.9701
