38 2028 0 100 1.16701e-08 1.00821 1.00821
32 2031 0 100 0.1 1.15196 1.25196
28 2035 0 100 1.16701e-07 1.30168 1.30168
35 2039 0 100 4.66804e-08 1.44266 1.44266
25 2038 0 100 0.2 1.4228 1.6228
27 2034 0 100 0.4 1.28831 1.68831
40 2049 0 100 0.1 1.7739 1.8739
42 2045 0 100 0.2 1.71796 1.91796
48 2055 0 100 0.1 1.88545 1.98545
50 2051 0 100 0.2 1.81716 2.01716
34 2056 0 100 0.1 1.92344 2.02344
39 2058 0 100 1.40041e-07 2.06205 2.06205
46 2060 0 100 3.50103e-08 2.10358 2.10358
37 2052 0 100 0.3 1.83913 2.13913
54 2063 0 100 3.50103e-08 2.151 2.151
52 2047 0 100 0.4 1.7519 2.1519
43 2069 0 100 5.83505e-08 2.40551 2.40551
33 2070 0 100 0.2 2.43034 2.63034
53 2037 0 100 1.3 1.41649 2.71649
26 2061 0 100 0.6 2.11797 2.71797
29 2067 0 100 0.5 2.29878 2.79878
49 2075 0 100 0.2 2.68969 2.88969
64 2082 0 100 3.50103e-08 2.97297 2.97297
57 2076 0 100 0.3 2.73592 3.03592
47 2062 0 100 0.9 2.14832 3.04832
31 2083 0 100 0.1 2.99454 3.09454
56 2065 0 100 1 2.22941 3.22941
30 2050 0 100 1.6 1.78044 3.38045
44 2080 0 100 0.7 2.87537 3.57537
59 2030 0 100 2.5 1.13143 3.63143
45 2074 0 100 1.2 2.68682 3.88682
41 2043 0 100 2.4 1.63761 4.03761
27 2092 0 100 0.4 3.82268 4.22268
62 2102 0 100 1.51711e-07 4.49198 4.49198
43 2100 0 100 0.1 4.44938 4.54938
40 2104 0 100 1.40041e-07 4.55635 4.55635
48 2106 0 100 0.1 4.58604 4.68604
63 2046 0 100 3 1.73809 4.73809
33 2108 0 100 1.51711e-07 4.76383 4.76383
39 2110 0 100 3.50103e-08 4.80266 4.80266
51 2054 0 100 3.4 1.86925 5.26925
26 2115 0 100 0.3 5.12898 5.42898
58 2125 0 100 1.51711e-07 5.48134 5.48134
34 2118 0 100 0.3 5.31546 5.61546
55 2078 0 100 2.8 2.84985 5.64985
32 2128 0 100 8.16907e-08 5.76144 5.76144
37 2130 0 100 8.16907e-08 5.78563 5.78563
49 2132 0 100 1.51711e-07 5.94058 5.94058
35 2095 0 100 2 4.05722 6.05722
42 2103 0 100 1.8 4.54569 6.34569
53 2139 0 100 0.1 6.40329 6.50329
59 2119 0 100 1.2 5.33156 6.53156
51 2141 0 100 5.83505e-08 6.55723 6.55723
46 2144 0 100 2.33402e-08 6.67658 6.67658
28 2112 0 100 1.8 4.88017 6.68017
52 2137 0 100 0.4 6.32267 6.72267
50 2122 0 100 1.3 5.42671 6.72671
30 2148 0 100 8.16907e-08 6.82541 6.82541
57 2149 0 100 1.51711e-07 6.83138 6.83138
38 2123 0 100 1.5 5.43023 6.93023
29 2156 0 100 1.40041e-07 7.15442 7.15442
27 2157 0 100 1.51711e-07 7.15864 7.15864
31 2147 0 100 0.4 6.81887 7.21887
54 2121 0 100 2 5.37335 7.37335
36 2042 0 100 5.9 1.63555 7.53555
43 2167 0 100 0.1 7.82583 7.92583
41 2171 0 100 5.83505e-08 7.9864 7.9864
61 2172 0 100 9.33608e-08 8.00737 8.00737
44 2164 0 100 0.5 7.57007 8.07007
62 2155 0 100 1.3 7.09684 8.39684
55 2176 0 100 0.3 8.24805 8.54805
64 2153 0 100 1.5 7.05868 8.55868
49 2177 0 100 0.4 8.25815 8.65815
60 2162 0 100 1.3 7.55648 8.85648
40 2169 0 100 1 7.91985 8.91985
56 2174 0 100 0.9 8.15004 9.05004
48 2152 0 100 2.2 6.99011 9.19011
33 2197 0 100 1.05031e-07 9.31819 9.31819
35 2179 0 100 1.1 8.28555 9.38555
32 2191 0 100 0.3 9.10755 9.40755
47 2146 0 100 2.8 6.79839 9.59839
36 2206 0 100 0.1 9.83153 9.93153
34 2210 0 100 5.83505e-08 10.0402 10.0402
26 2211 0 100 1.05031e-07 10.0448 10.0448
63 2194 0 100 0.8 9.25452 10.0545
42 2214 0 100 1.40041e-07 10.1397 10.1397
50 2189 0 100 1.2 8.97858 10.1786
53 2216 0 100 0.1 10.208 10.308
45 2184 0 100 1.9 8.62915 10.5291
37 2182 0 100 2.1 8.47337 10.5734
30 2200 0 100 1.2 9.49288 10.6929
49 2223 0 100 1.51711e-07 10.7617 10.7617
61 2227 0 100 5.83505e-08 10.8925 10.8925
51 2228 0 100 1.16701e-08 10.8963 10.8963
40 2231 0 100 0.1 10.981 11.081
38 2201 0 100 1.6 9.54668 11.1467
47 2217 0 100 0.9 10.2497 11.1497
39 2196 0 100 2.1 9.26944 11.3694
31 2240 0 100 5.83505e-08 11.4163 11.4163
64 2234 0 100 0.4 11.1879 11.5879
60 2239 0 100 0.2 11.4108 11.6108
54 2213 0 100 1.7 10.0981 11.7981
57 2246 0 100 1.40041e-07 11.8136 11.8136
29 2248 0 100 1.40041e-07 11.9447 11.9447
44 2249 0 100 0.1 11.9494 12.0494
59 2208 0 100 2.2 9.90049 12.1005
46 2193 0 100 3 9.19469 12.1947
27 2203 0 100 2.7 9.65579 12.3558
36 2251 0 100 0.4 12.0467 12.4467
42 2267 0 100 4.66804e-08 13.0337 13.0337
33 2243 0 100 1.4 11.6417 13.0417
62 2268 0 100 5.83505e-08 13.0515 13.0515
55 2235 0 100 1.9 11.2504 13.1504
63 2270 0 100 1.05031e-07 13.1555 13.1555
30 2272 0 100 1.40041e-07 13.1978 13.1978
34 2278 0 100 1.51711e-07 13.567 13.567
28 2229 0 100 2.7 10.9142 13.6142
39 2265 0 100 0.7 12.9481 13.6481
32 2261 0 100 1.1 12.7158 13.8158
56 2283 0 100 5.83505e-08 13.9171 13.9171
50 2282 0 100 0.1 13.9047 14.0047
58 2286 0 100 5.83505e-08 14.0687 14.0687
40 2290 0 100 9.33608e-08 14.2949 14.2949
48 2257 0 100 2 12.4313 14.4313
46 2297 0 100 1.51711e-07 14.7691 14.7691
29 2295 0 100 0.1 14.7154 14.8154
25 2225 0 100 4 10.8549 14.8549
54 2298 0 100 0.2 14.7803 14.9803
