34 50 0.048 49.952
34 50 0.048 49.952
27 50 0.048 49.952
34 50 0.048 49.952
27 50 0.048 49.952
31 50 0.048 49.952
34 50 0.048 49.952
26 50 0.048 49.952
26 49.952 0.0048 49.9472
26 49.9472 0.16 49.7872
26 49.7872 0.0016 49.7856
30 50 0.016 49.984
30 49.984 0.016 49.968
30 49.968 0.048 49.92
27 50 0.048 49.952
31 50 0.048 49.952
34 50 0.048 49.952
30 50 0.048 49.952
27 50 0.048 49.952
31 50 0.048 49.952
34 50 0.048 49.952
30 50 0.048 49.952
27 50 0.048 49.952
27 49.952 0.0048 49.9472
27 49.9472 0.16 49.7872
27 49.7872 0.0016 49.7856
31 50 0.048 49.952
34 50 0.048 49.952
30 50 0.048 49.952
30 49.952 0.0048 49.9472
30 49.9472 0.16 49.7872
30 49.7872 0.0016 49.7856
25 50 0.016 49.984
25 49.984 0.016 49.968
25 49.968 0.048 49.92
30 49.7856 0.048 49.7376
28 50 0.048 49.952
31 50 0.048 49.952
34 50 0.048 49.952
25 50 0.048 49.952
30 50 0.048 49.952
28 50 0.048 49.952
31 50 0.048 49.952
34 50 0.048 49.952
34 49.952 0.0048 49.9472
34 49.9472 0.16 49.7872
34 49.7872 0.0016 49.7856
29 50 0.016 49.984
29 49.984 0.016 49.968
29 49.968 0.048 49.92
32 50 0.048 49.952
32 49.952 0.0048 49.9472
32 49.9472 0.16 49.7872
32 49.7872 0.0016 49.7856
26 50 0.016 49.984
26 49.984 0.016 49.968
26 49.968 0.048 49.92
25 50 0.048 49.952
30 50 0.048 49.952
28 50 0.048 49.952
31 50 0.048 49.952
29 50 0.048 49.952
26 50 0.048 49.952
26 49.952 0.0048 49.9472
26 49.9472 0.16 49.7872
26 49.7872 0.0016 49.7856
34 50 0.016 49.984
34 49.984 0.016 49.968
34 49.968 0.048 49.92
34 49.92 0.0048 49.9152
34 49.9152 0.16 49.7552
34 49.7552 0.0016 49.7536
27 50 0.016 49.984
27 49.984 0.016 49.968
27 49.968 0.048 49.92
25 50 0.048 49.952
30 50 0.048 49.952
28 50 0.048 49.952
28 49.952 0.0048 49.9472
28 49.9472 0.16 49.7872
28 49.7872 0.0016 49.7856
33 50 0.016 49.984
33 49.984 0.016 49.968
33 49.968 0.048 49.92
31 50 0.0048 49.9952
31 49.9952 0.048 49.9472
33 49.92 0.0048 49.9152
29 50 0.048 49.952
27 50 0.048 49.952
25 50 0.048 49.952
30 50 0.048 49.952
33 50 0.048 49.952
31 50 0.0048 49.9952
31 49.9952 0.048 49.9472
33 49.952 0.0048 49.9472
29 50 0.048 49.952
27 50 0.048 49.952
25 50 0.048 49.952
30 50 0.048 49.952
33 50 0.048 49.952
31 50 0.0048 49.9952
31 49.9952 0.048 49.9472
33 49.952 0.0048 49.9472
29 50 0.048 49.952
27 50 0.048 49.952
25 50 0.048 49.952
25 49.952 0.0048 49.9472
25 49.9472 0.16 49.7872
25 49.7872 0.0016 49.7856
34 50 0.016 49.984
34 49.984 0.016 49.968
34 49.968 0.048 49.92
34 49.92 0.0048 49.9152
34 49.9152 0.16 49.7552
34 49.7552 0.0016 49.7536
30 50 0.048 49.952
30 49.952 0.0048 49.9472
30 49.9472 0.16 49.7872
30 49.7872 0.0016 49.7856
32 50 0.016 49.984
32 49.984 0.016 49.968
32 49.968 0.048 49.92
33 50 0.048 49.952
31 50 0.0048 49.9952
31 49.9952 0.048 49.9472
33 49.952 0.0048 49.9472
29 50 0.048 49.952
27 50 0.048 49.952
32 50 0.048 49.952
33 50 0.048 49.952
31 50 0.0048 49.9952
31 49.9952 0.048 49.9472
33 49.952 0.0048 49.9472
29 50 0.048 49.952
27 50 0.048 49.952
32 50 0.048 49.952
33 50 0.048 49.952
31 50 0.0048 49.9952
31 49.9952 0.048 49.9472
33 49.952 0.0048 49.9472
29 50 0.048 49.952
27 50 0.048 49.952
32 50 0.048 49.952
33 50 0.048 49.952
31 50 0.0048 49.9952
31 49.9952 0.048 49.9472
33 49.952 0.0048 49.9472
29 50 0.048 49.952
27 50 0.048 49.952
32 50 0.048 49.952
33 50 0.048 49.952
31 50 0.0048 49.9952
31 49.9952 0.048 49.9472
33 49.952 0.0048 49.9472
29 50 0.048 49.952
27 50 0.048 49.952
32 50 0.048 49.952
33 50 0.048 49.952
31 50 0.0048 49.9952
31 49.9952 0.048 49.9472
33 49.952 0.0048 49.9472
29 50 0.048 49.952
29 49.952 0.0048 49.9472
29 49.9472 0.16 49.7872
29 49.7872 0.0016 49.7856
28 50 0.016 49.984
28 49.984 0.016 49.968
28 49.968 0.048 49.92
27 50 0.048 49.952
32 50 0.048 49.952
33 50 0.048 49.952
31 50 0.0048 49.9952
31 49.9952 0.048 49.9472
33 49.952 0.0048 49.9472
28 50 0.048 49.952
25 50 0.0048 49.9952
25 49.9952 0.048 49.9472
28 49.952 0.0048 49.9472
28 49.9472 0.16 49.7872
25 49.9472 0.016 49.9312
25 49.9312 0.016 49.9152
28 49.7872 0.0016 49.7856
25 49.9152 0.048 49.8672
28 49.7856 0.0048 49.7808
27 50 0.048 49.952
32 50 0.048 49.952
33 50 0.048 49.952
31 50 0.0048 49.9952
31 49.9952 0.048 49.9472
33 49.952 0.0048 49.9472
25 49.9847 0.048 49.9367
28 50 0.0048 49.9952
27 50 0.048 49.952
32 50 0.048 49.952
33 50 0.048 49.952
31 50 0.0048 49.9952
31 49.9952 0.048 49.9472
33 49.952 0.0048 49.9472
25 50 0.048 49.952
28 50 0.0048 49.9952
27 50 0.048 49.952
32 50 0.048 49.952
33 50 0.048 49.952
31 50 0.048 49.952
25 50 0.048 49.952
28 50 0.0048 49.9952
27 50 0.048 49.952
32 50 0.048 49.952
33 50 0.048 49.952
31 50 0.048 49.952
25 50 0.048 49.952
28 50 0.0048 49.9952
27 50 0.048 49.952
32 50 0.048 49.952
33 50 0.048 49.952
31 50 0.0048 49.9952
31 49.9952 0.048 49.9472
33 49.952 0.0048 49.9472
25 50 0.048 49.952
28 50 0.0048 49.9952
27 50 0.048 49.952
32 50 0.048 49.952
33 50 0.048 49.952
31 50 0.0048 49.9952
31 49.9952 0.048 49.9472
25 50 0.048 49.952
28 50 0.0048 49.9952
27 50 0.048 49.952
32 50 0.048 49.952
33 50 0.048 49.952
31 50 0.048 49.952
25 50 0.048 49.952
28 50 0.0048 49.9952
27 50 0.048 49.952
32 50 0.048 49.952
33 50 0.048 49.952
31 50 0.048 49.952
25 50 0.048 49.952
28 50 0.0048 49.9952
27 50 0.048 49.952
32 50 0.048 49.952
33 50 0.048 49.952
31 50 0.048 49.952
25 50 0.048 49.952
28 50 0.0048 49.9952
27 50 0.048 49.952
26 50 0.048 49.952
32 50 0.048 49.952
33 50 0.048 49.952
31 50 0.048 49.952
25 50 0.048 49.952
27 50 0.048 49.952
26 50 0.048 49.952
32 50 0.048 49.952
33 50 0.048 49.952
31 50 0.048 49.952
25 50 0.048 49.952
27 50 0.048 49.952
26 50 0.048 49.952
26 49.952 0.0048 49.9472
26 49.9472 0.16 49.7872
26 49.7872 0.0016 49.7856
30 50 0.016 49.984
30 49.984 0.016 49.968
30 49.968 0.048 49.92
32 50 0.048 49.952
33 50 0.048 49.952
31 50 0.048 49.952
25 50 0.048 49.952
27 50 0.048 49.952
30 50 0.048 49.952
32 50 0.048 49.952
32 49.952 0.0048 49.9472
32 49.9472 0.16 49.7872
32 49.7872 0.0016 49.7856
26 49.8968 0.016 49.8808
26 49.8808 0.016 49.8648
26 49.8648 0.048 49.8168
26 49.8168 0.0048 49.812
26 49.812 0.16 49.652
26 49.652 0.0016 49.6504
33 50 0.048 49.952
31 50 0.048 49.952
25 50 0.048 49.952
27 50 0.048 49.952
30 50 0.048 49.952
33 50 0.048 49.952
31 50 0.048 49.952
33 49.952 0.0048 49.9472
25 50 0.048 49.952
27 50 0.048 49.952
30 50 0.048 49.952
30 49.952 0.0048 49.9472
30 49.9472 0.16 49.7872
30 49.7872 0.0016 49.7856
33 50 0.048 49.952
31 50 0.0048 49.9952
31 49.9952 0.048 49.9472
33 49.952 0.0048 49.9472
25 50 0.048 49.952
27 50 0.048 49.952
33 50 0.048 49.952
31 50 0.048 49.952
25 50 0.048 49.952
28 50 0.0048 49.9952
25 49.952 0.0048 49.9472
25 49.9472 0.16 49.7872
25 49.7872 0.0016 49.7856
27 50 0.048 49.952
33 50 0.048 49.952
31 50 0.048 49.952
27 50 0.048 49.952
33 50 0.048 49.952
33 49.952 0.0048 49.9472
33 49.9472 0.16 49.7872
33 49.7872 0.0016 49.7856
31 50 0.048 49.952
27 50 0.048 49.952
28 50 0.048 49.952
25 50 0.0048 49.9952
25 49.9952 0.048 49.9472
28 49.952 0.0048 49.9472
28 49.9472 0.16 49.7872
25 49.9472 0.016 49.9312
25 49.9312 0.016 49.9152
28 49.7872 0.0016 49.7856
25 49.9152 0.048 49.8672
28 49.7856 0.0048 49.7808
25 49.8672 0.0048 49.8624
25 49.8624 0.16 49.7024
25 49.7024 0.0016 49.7008
29 50 0.016 49.984
29 49.984 0.016 49.968
29 49.968 0.048 49.92
31 50 0.048 49.952
33 50 0.0048 49.9952
33 49.9952 0.048 49.9472
31 49.952 0.0048 49.9472
31 49.9472 0.16 49.7872
33 49.9472 0.016 49.9312
33 49.9312 0.016 49.9152
31 49.7872 0.0016 49.7856
33 49.9152 0.048 49.8672
31 49.7856 0.0048 49.7808
27 50 0.048 49.952
30 50 0.048 49.952
30 49.952 0.0048 49.9472
30 49.9472 0.16 49.7872
30 49.7872 0.0016 49.7856
32 50 0.016 49.984
32 49.984 0.016 49.968
32 49.968 0.048 49.92
32 49.92 0.0048 49.9152
32 49.9152 0.16 49.7552
32 49.7552 0.0016 49.7536
31 50 0.016 49.984
31 49.984 0.016 49.968
31 49.968 0.048 49.92
29 50 0.048 49.952
32 49.7536 0.048 49.7056
34 50 0.048 49.952
33 50 0.048 49.952
27 50 0.048 49.952
31 50 0.048 49.952
29 50 0.048 49.952
32 50 0.048 49.952
32 49.952 0.0048 49.9472
32 49.9472 0.16 49.7872
32 49.7872 0.0016 49.7856
30 50 0.016 49.984
30 49.984 0.016 49.968
30 49.968 0.048 49.92
34 50 0.048 49.952
33 50 0.048 49.952
33 49.952 0.0048 49.9472
33 49.9472 0.16 49.7872
33 49.7872 0.0016 49.7856
32 49.7856 0.016 49.7696
32 49.7696 0.016 49.7536
32 49.7536 0.048 49.7056
27 50 0.048 49.952
31 50 0.048 49.952
29 50 0.048 49.952
30 50 0.048 49.952
30 49.952 0.0048 49.9472
30 49.9472 0.16 49.7872
30 49.7872 0.0016 49.7856
26 50 0.016 49.984
26 49.984 0.016 49.968
26 49.968 0.048 49.92
26 49.92 0.0048 49.9152
26 49.9152 0.16 49.7552
26 49.7552 0.0016 49.7536
34 50 0.048 49.952
32 50 0.048 49.952
27 50 0.048 49.952
31 50 0.048 49.952
29 50 0.048 49.952
34 50 0.048 49.952
32 50 0.048 49.952
32 49.952 0.0048 49.9472
32 49.9472 0.16 49.7872
32 49.7872 0.0016 49.7856
30 49.8998 0.016 49.8838
30 49.8838 0.016 49.8678
30 49.8678 0.048 49.8198
30 49.8198 0.0048 49.815
30 49.815 0.16 49.655
30 49.655 0.0016 49.6534
26 50 0.016 49.984
26 49.984 0.016 49.968
26 49.968 0.048 49.92
27 50 0.048 49.952
31 50 0.048 49.952
29 50 0.048 49.952
34 50 0.048 49.952
26 50 0.048 49.952
27 50 0.048 49.952
31 50 0.048 49.952
29 50 0.048 49.952
34 50 0.048 49.952
26 50 0.048 49.952
27 50 0.048 49.952
31 50 0.048 49.952
29 50 0.048 49.952
34 50 0.048 49.952
26 50 0.048 49.952
27 50 0.048 49.952
31 50 0.048 49.952
29 50 0.048 49.952
34 50 0.048 49.952
34 49.952 0.0048 49.9472
34 49.9472 0.16 49.7872
34 49.7872 0.0016 49.7856
28 50 0.016 49.984
28 49.984 0.016 49.968
28 49.968 0.048 49.92
25 50 0.0048 49.9952
25 49.9952 0.048 49.9472
28 49.92 0.0048 49.9152
28 49.9152 0.16 49.7552
25 49.9472 0.016 49.9312
25 49.9312 0.016 49.9152
28 49.7552 0.0016 49.7536
25 49.9152 0.048 49.8672
28 49.7536 0.0048 49.7488
26 50 0.048 49.952
27 50 0.048 49.952
31 50 0.048 49.952
29 50 0.048 49.952
25 50 0.048 49.952
28 50 0.0048 49.9952
26 50 0.048 49.952
26 49.952 0.0048 49.9472
26 49.9472 0.16 49.7872
26 49.7872 0.0016 49.7856
34 50 0.016 49.984
34 49.984 0.016 49.968
34 49.968 0.048 49.92
27 50 0.048 49.952
31 50 0.048 49.952
29 50 0.048 49.952
25 50 0.048 49.952
28 50 0.0048 49.9952
25 49.952 0.0048 49.9472
25 49.9472 0.16 49.7872
25 49.7872 0.0016 49.7856
33 50 0.016 49.984
33 49.984 0.016 49.968
33 49.968 0.048 49.92
33 49.92 0.0048 49.9152
33 49.9152 0.16 49.7552
33 49.7552 0.0016 49.7536
32 50 0.016 49.984
32 49.984 0.016 49.968
32 49.968 0.048 49.92
34 50 0.048 49.952
34 49.952 0.0048 49.9472
34 49.9472 0.16 49.7872
34 49.7872 0.0016 49.7856
25 49.7856 0.016 49.7696
25 49.7696 0.016 49.7536
25 49.7536 0.048 49.7056
28 49.9952 0.0048 49.9904
28 49.9904 0.048 49.9424
25 49.7056 0.0096 49.696
25 49.696 0.16 49.536
28 49.9424 0.016 49.9264
28 49.9264 0.016 49.9104
25 49.536 0.0016 49.5344
28 49.9104 0.048 49.8624
25 49.5344 0.0048 49.5296
27 50 0.048 49.952
31 50 0.048 49.952
29 50 0.048 49.952
32 50 0.048 49.952
28 50 0.048 49.952
25 49.7886 0.0048 49.7838
27 50 0.048 49.952
31 50 0.048 49.952
29 50 0.048 49.952
32 50 0.048 49.952
28 50 0.048 49.952
25 50 0.0048 49.9952
27 50 0.048 49.952
31 50 0.048 49.952
29 50 0.048 49.952
32 50 0.048 49.952
28 50 0.048 49.952
27 50 0.048 49.952
31 50 0.048 49.952
29 50 0.048 49.952
32 50 0.048 49.952
28 50 0.048 49.952
25 50 0.0048 49.9952
27 50 0.048 49.952
31 50 0.048 49.952
29 50 0.048 49.952
32 50 0.048 49.952
28 50 0.048 49.952
25 50 0.0048 49.9952
27 50 0.048 49.952
31 50 0.048 49.952
33 50 0.0048 49.9952
33 49.9952 0.048 49.9472
31 49.952 0.0048 49.9472
31 49.9472 0.16 49.7872
33 49.9472 0.016 49.9312
33 49.9312 0.016 49.9152
31 49.7872 0.0016 49.7856
33 49.9152 0.048 49.8672
31 49.7856 0.0048 49.7808
29 50 0.048 49.952
32 50 0.048 49.952
28 50 0.048 49.952
25 50 0.0048 49.9952
27 50 0.048 49.952
33 50 0.048 49.952
31 50 0.0048 49.9952
29 50 0.048 49.952
32 50 0.048 49.952
28 50 0.048 49.952
25 50 0.0048 49.9952
27 50 0.048 49.952
33 50 0.048 49.952
31 50 0.0048 49.9952
29 50 0.048 49.952
32 50 0.048 49.952
28 50 0.048 49.952
25 50 0.0048 49.9952
27 50 0.048 49.952
33 50 0.048 49.952
29 50 0.048 49.952
32 50 0.048 49.952
28 50 0.048 49.952
25 50 0.0048 49.9952
27 50 0.048 49.952
33 50 0.048 49.952
29 50 0.048 49.952
32 50 0.048 49.952
28 50 0.048 49.952
25 50 0.0048 49.9952
31 50 0.048 49.952
27 50 0.048 49.952
33 50 0.048 49.952
31 49.952 0.0048 49.9472
29 50 0.048 49.952
32 50 0.048 49.952
28 50 0.048 49.952
25 50 0.0048 49.9952
31 50 0.048 49.952
33 50 0.0048 49.9952
27 50 0.048 49.952
33 49.9952 0.048 49.9472
29 50 0.048 49.952
32 50 0.048 49.952
28 50 0.048 49.952
25 50 0.0048 49.9952
31 50 0.048 49.952
25 50 0.048 49.952
28 49.952 0.0048 49.9472
27 50 0.048 49.952
33 50 0.048 49.952
29 50 0.048 49.952
32 50 0.048 49.952
28 50 0.048 49.952
25 49.952 0.0048 49.9472
31 50 0.048 49.952
25 50 0.048 49.952
28 49.952 0.0048 49.9472
27 50 0.048 49.952
33 50 0.048 49.952
29 50 0.048 49.952
32 50 0.048 49.952
28 50 0.048 49.952
25 49.952 0.0048 49.9472
31 50 0.048 49.952
25 50 0.048 49.952
28 49.952 0.0048 49.9472
27 50 0.048 49.952
33 50 0.048 49.952
29 50 0.048 49.952
32 50 0.048 49.952
28 50 0.048 49.952
25 49.952 0.0048 49.9472
31 50 0.048 49.952
25 50 0.048 49.952
28 49.952 0.0048 49.9472
27 50 0.048 49.952
33 50 0.048 49.952
29 50 0.048 49.952
32 50 0.048 49.952
28 50 0.048 49.952
25 49.952 0.0048 49.9472
31 50 0.048 49.952
25 50 0.048 49.952
28 49.952 0.0048 49.9472
27 50 0.048 49.952
33 50 0.048 49.952
29 50 0.048 49.952
32 50 0.048 49.952
28 50 0.048 49.952
25 49.952 0.0048 49.9472
31 50 0.048 49.952
25 50 0.048 49.952
28 49.952 0.0048 49.9472
27 50 0.048 49.952
33 50 0.048 49.952
31 49.952 0.0048 49.9472
29 50 0.048 49.952
32 50 0.048 49.952
28 50 0.048 49.952
25 49.952 0.0048 49.9472
31 50 0.048 49.952
33 50 0.0048 49.9952
25 50 0.048 49.952
28 49.952 0.0048 49.9472
27 50 0.048 49.952
33 49.9952 0.048 49.9472
29 50 0.048 49.952
29 49.952 0.0048 49.9472
29 49.9472 0.16 49.7872
29 49.7872 0.0016 49.7856
32 50 0.048 49.952
28 50 0.048 49.952
25 49.952 0.0048 49.9472
31 50 0.048 49.952
25 50 0.048 49.952
28 49.952 0.0048 49.9472
27 50 0.048 49.952
33 50 0.048 49.952
32 50 0.048 49.952
28 50 0.048 49.952
25 49.952 0.0048 49.9472
31 50 0.048 49.952
33 50 0.0048 49.9952
25 50 0.048 49.952
28 49.952 0.0048 49.9472
27 50 0.048 49.952
33 49.9952 0.048 49.9472
31 49.952 0.0048 49.9472
32 50 0.048 49.952
28 50 0.048 49.952
25 49.952 0.0048 49.9472
31 50 0.048 49.952
33 50 0.0048 49.9952
25 50 0.048 49.952
28 49.952 0.0048 49.9472
25 49.952 0.0048 49.9472
25 49.9472 0.16 49.7872
25 49.7872 0.0016 49.7856
34 50 0.016 49.984
34 49.984 0.016 49.968
34 49.968 0.048 49.92
27 50 0.048 49.952
33 49.9952 0.048 49.9472
31 49.952 0.0048 49.9472
32 50 0.048 49.952
28 50 0.048 49.952
25 49.7856 0.0048 49.7808
31 50 0.048 49.952
34 50 0.048 49.952
27 50 0.048 49.952
33 50 0.048 49.952
32 50 0.048 49.952
28 50 0.048 49.952
31 50 0.048 49.952
34 50 0.048 49.952
27 50 0.048 49.952
33 50 0.048 49.952
32 50 0.048 49.952
28 50 0.048 49.952
31 50 0.048 49.952
34 50 0.048 49.952
27 50 0.048 49.952
33 50 0.048 49.952
33 49.952 0.0048 49.9472
33 49.9472 0.16 49.7872
33 49.7872 0.0016 49.7856
32 50 0.048 49.952
28 50 0.048 49.952
31 50 0.048 49.952
34 50 0.048 49.952
34 49.952 0.0048 49.9472
34 49.9472 0.16 49.7872
34 49.7872 0.0016 49.7856
27 50 0.048 49.952
32 50 0.048 49.952
26 50 0.048 49.952
28 50 0.048 49.952
31 50 0.048 49.952
27 50 0.048 49.952
32 50 0.048 49.952
26 50 0.048 49.952
26 49.952 0.0048 49.9472
26 49.9472 0.16 49.7872
26 49.7872 0.0016 49.7856
34 50 0.016 49.984
34 49.984 0.016 49.968
34 49.968 0.048 49.92
34 49.92 0.0048 49.9152
34 49.9152 0.16 49.7552
34 49.7552 0.0016 49.7536
25 50 0.016 49.984
25 49.984 0.016 49.968
25 49.968 0.048 49.92
28 50 0.048 49.952
31 50 0.048 49.952
27 50 0.048 49.952
32 50 0.048 49.952
25 50 0.048 49.952
25 49.952 0.0048 49.9472
25 49.9472 0.16 49.7872
25 49.7872 0.0016 49.7856
28 50 0.048 49.952
31 50 0.048 49.952
27 50 0.048 49.952
32 50 0.048 49.952
28 50 0.048 49.952
31 50 0.048 49.952
30 50 0.048 49.952
27 50 0.048 49.952
32 50 0.048 49.952
28 50 0.048 49.952
31 50 0.048 49.952
33 50 0.0048 49.9952
33 49.9952 0.048 49.9472
31 49.952 0.0048 49.9472
31 49.9472 0.16 49.7872
33 49.9472 0.016 49.9312
33 49.9312 0.016 49.9152
31 49.7872 0.0016 49.7856
33 49.9152 0.048 49.8672
31 49.7856 0.0048 49.7808
30 50 0.048 49.952
27 50 0.048 49.952
32 50 0.048 49.952
28 50 0.048 49.952
33 50 0.048 49.952
31 50 0.0048 49.9952
30 50 0.048 49.952
27 50 0.048 49.952
32 50 0.048 49.952
28 50 0.048 49.952
33 50 0.048 49.952
31 50 0.0048 49.9952
30 50 0.048 49.952
27 50 0.048 49.952
32 50 0.048 49.952
28 50 0.048 49.952
33 50 0.048 49.952
31 50 0.0048 49.9952
33 49.952 0.0048 49.9472
33 49.9472 0.16 49.7872
33 49.7872 0.0016 49.7856
26 50 0.016 49.984
26 49.984 0.016 49.968
26 49.968 0.048 49.92
30 50 0.048 49.952
27 50 0.048 49.952
34 50 0.048 49.952
34 49.952 0.0048 49.9472
34 49.9472 0.16 49.7872
34 49.7872 0.0016 49.7856
32 50 0.048 49.952
28 50 0.048 49.952
25 50 0.0048 49.9952
26 50 0.048 49.952
30 50 0.048 49.952
27 50 0.048 49.952
32 50 0.048 49.952
28 50 0.048 49.952
25 50 0.0048 49.9952
26 50 0.048 49.952
30 50 0.048 49.952
27 50 0.048 49.952
32 50 0.048 49.952
28 50 0.048 49.952
26 50 0.048 49.952
30 50 0.048 49.952
27 50 0.048 49.952
32 50 0.048 49.952
28 50 0.048 49.952
26 50 0.048 49.952
30 50 0.048 49.952
27 50 0.048 49.952
32 50 0.048 49.952
28 50 0.048 49.952
26 50 0.048 49.952
30 50 0.048 49.952
27 50 0.048 49.952
32 50 0.048 49.952
28 50 0.048 49.952
26 50 0.048 49.952
30 50 0.048 49.952
27 50 0.048 49.952
32 50 0.048 49.952
28 50 0.048 49.952
26 50 0.048 49.952
30 50 0.048 49.952
27 50 0.048 49.952
32 50 0.048 49.952
28 50 0.048 49.952
26 50 0.048 49.952
30 50 0.048 49.952
27 50 0.048 49.952
32 50 0.048 49.952
28 50 0.048 49.952
26 50 0.048 49.952
30 50 0.048 49.952
27 50 0.048 49.952
32 50 0.048 49.952
28 50 0.048 49.952
26 50 0.048 49.952
30 50 0.048 49.952
27 50 0.048 49.952
32 50 0.048 49.952
28 50 0.048 49.952
26 50 0.048 49.952
30 50 0.048 49.952
27 50 0.048 49.952
32 50 0.048 49.952
28 50 0.048 49.952
25 50 0.0048 49.9952
26 50 0.048 49.952
30 50 0.048 49.952
27 50 0.048 49.952
32 50 0.048 49.952
28 50 0.048 49.952
26 50 0.048 49.952
30 50 0.048 49.952
27 50 0.048 49.952
32 50 0.048 49.952
28 50 0.048 49.952
25 50 0.0048 49.9952
26 50 0.048 49.952
30 50 0.048 49.952
27 50 0.048 49.952
32 50 0.048 49.952
28 50 0.048 49.952
25 50 0.0048 49.9952
26 50 0.048 49.952
30 50 0.048 49.952
27 50 0.048 49.952
32 50 0.048 49.952
29 50 0.048 49.952
29 49.952 0.0048 49.9472
29 49.9472 0.16 49.7872
29 49.7872 0.0016 49.7856
33 50 0.016 49.984
33 49.984 0.016 49.968
33 49.968 0.048 49.92
28 50 0.048 49.952
25 50 0.0048 49.9952
26 50 0.048 49.952
30 50 0.048 49.952
27 50 0.048 49.952
32 50 0.048 49.952
33 50 0.048 49.952
33 49.952 0.0048 49.9472
33 49.9472 0.16 49.7872
33 49.7872 0.0016 49.7856
31 50 0.016 49.984
31 49.984 0.016 49.968
31 49.968 0.048 49.92
28 50 0.048 49.952
25 50 0.0048 49.9952
26 50 0.048 49.952
30 50 0.048 49.952
27 50 0.048 49.952
32 50 0.048 49.952
31 50 0.048 49.952
28 50 0.048 49.952
25 50 0.0048 49.9952
26 50 0.048 49.952
30 50 0.048 49.952
27 50 0.048 49.952
32 50 0.048 49.952
31 50 0.048 49.952
28 50 0.048 49.952
25 50 0.0048 49.9952
26 50 0.048 49.952
30 50 0.048 49.952
27 50 0.048 49.952
32 50 0.048 49.952
32 49.952 0.0048 49.9472
32 49.9472 0.16 49.7872
32 49.7872 0.0016 49.7856
31 50 0.048 49.952
28 50 0.048 49.952
25 50 0.0048 49.9952
26 50 0.048 49.952
26 49.952 0.0048 49.9472
26 49.9472 0.16 49.7872
26 49.7872 0.0016 49.7856
30 50 0.048 49.952
27 50 0.048 49.952
31 50 0.048 49.952
28 50 0.048 49.952
25 50 0.0048 49.9952
30 50 0.048 49.952
27 50 0.048 49.952
31 50 0.048 49.952
34 50 0.048 49.952
28 50 0.048 49.952
25 50 0.0048 49.9952
28 49.952 0.0048 49.9472
28 49.9472 0.16 49.7872
28 49.7872 0.0016 49.7856
30 50 0.048 49.952
27 50 0.048 49.952
31 50 0.048 49.952
34 50 0.048 49.952
30 50 0.048 49.952
27 50 0.048 49.952
31 50 0.048 49.952
34 50 0.048 49.952
30 50 0.048 49.952
27 50 0.048 49.952
26 50 0.048 49.952
31 50 0.048 49.952
34 50 0.048 49.952
30 50 0.048 49.952
27 50 0.048 49.952
26 50 0.048 49.952
31 50 0.048 49.952
34 50 0.048 49.952
30 50 0.048 49.952
27 50 0.048 49.952
26 50 0.048 49.952
31 50 0.048 49.952
34 50 0.048 49.952
30 50 0.048 49.952
27 50 0.048 49.952
25 50 0.048 49.952
28 50 0.0048 49.9952
28 49.9952 0.048 49.9472
25 49.952 0.0096 49.9424
25 49.9424 0.16 49.7824
28 49.9472 0.016 49.9312
28 49.9312 0.016 49.9152
25 49.7824 0.0016 49.7808
28 49.9152 0.048 49.8672
25 49.7808 0.0048 49.776
28 49.8672 0.0048 49.8624
28 49.8624 0.16 49.7024
28 49.7024 0.0016 49.7008
29 50 0.016 49.984
29 49.984 0.016 49.968
29 49.968 0.048 49.92
26 50 0.048 49.952
31 50 0.048 49.952
34 50 0.048 49.952
34 49.952 0.0048 49.9472
34 49.9472 0.16 49.7872
34 49.7872 0.0016 49.7856
32 50 0.016 49.984
32 49.984 0.016 49.968
32 49.968 0.048 49.92
30 50 0.048 49.952
27 50 0.048 49.952
29 50 0.048 49.952
26 50 0.048 49.952
31 50 0.048 49.952
32 50 0.048 49.952
30 50 0.048 49.952
27 50 0.048 49.952
29 50 0.048 49.952
26 50 0.048 49.952
31 50 0.048 49.952
32 50 0.048 49.952
30 50 0.048 49.952
27 50 0.048 49.952
29 50 0.048 49.952
26 50 0.048 49.952
31 50 0.048 49.952
32 50 0.048 49.952
30 50 0.048 49.952
27 50 0.048 49.952
29 50 0.048 49.952
26 50 0.048 49.952
31 50 0.048 49.952
32 50 0.048 49.952
30 50 0.048 49.952
27 50 0.048 49.952
29 50 0.048 49.952
26 50 0.048 49.952
31 50 0.048 49.952
32 50 0.048 49.952
30 50 0.048 49.952
27 50 0.048 49.952
29 50 0.048 49.952
26 50 0.048 49.952
31 50 0.048 49.952
32 50 0.048 49.952
30 50 0.048 49.952
27 50 0.048 49.952
29 50 0.048 49.952
26 50 0.048 49.952
31 50 0.048 49.952
32 50 0.048 49.952
30 50 0.048 49.952
27 50 0.048 49.952
29 50 0.048 49.952
33 50 0.048 49.952
26 50 0.048 49.952
31 50 0.048 49.952
32 50 0.048 49.952
30 50 0.048 49.952
27 50 0.048 49.952
29 50 0.048 49.952
33 50 0.048 49.952
31 50 0.0048 49.9952
26 50 0.048 49.952
31 49.9952 0.048 49.9472
33 49.952 0.0048 49.9472
32 50 0.048 49.952
30 50 0.048 49.952
27 50 0.048 49.952
29 50 0.048 49.952
33 50 0.048 49.952
31 50 0.0048 49.9952
33 49.952 0.0048 49.9472
33 49.9472 0.16 49.7872
33 49.7872 0.0016 49.7856
26 50 0.048 49.952
31 49.9952 0.048 49.9472
33 49.7856 0.0048 49.7808
32 50 0.048 49.952
30 50 0.048 49.952
27 50 0.048 49.952
29 50 0.048 49.952
26 50 0.048 49.952
31 50 0.048 49.952
33 49.9587 0.0048 49.9539
32 50 0.048 49.952
30 50 0.048 49.952
27 50 0.048 49.952
29 50 0.048 49.952
26 50 0.048 49.952
31 50 0.048 49.952
33 50 0.0048 49.9952
32 50 0.048 49.952
30 50 0.048 49.952
27 50 0.048 49.952
29 50 0.048 49.952
26 50 0.048 49.952
31 50 0.048 49.952
33 50 0.0048 49.9952
32 50 0.048 49.952
30 50 0.048 49.952
27 50 0.048 49.952
29 50 0.048 49.952
26 50 0.048 49.952
31 50 0.048 49.952
33 50 0.0048 49.9952
32 50 0.048 49.952
30 50 0.048 49.952
27 50 0.048 49.952
29 50 0.048 49.952
26 50 0.048 49.952
31 50 0.048 49.952
33 50 0.0048 49.9952
32 50 0.048 49.952
30 50 0.048 49.952
27 50 0.048 49.952
29 50 0.048 49.952
26 50 0.048 49.952
31 50 0.048 49.952
32 50 0.048 49.952
30 50 0.048 49.952
27 50 0.048 49.952
29 50 0.048 49.952
26 50 0.048 49.952
31 50 0.048 49.952
32 50 0.048 49.952
30 50 0.048 49.952
30 49.952 0.0048 49.9472
30 49.9472 0.16 49.7872
30 49.7872 0.0016 49.7856
34 50 0.016 49.984
34 49.984 0.016 49.968
34 49.968 0.048 49.92
27 50 0.048 49.952
29 50 0.048 49.952
26 50 0.048 49.952
31 50 0.048 49.952
32 50 0.048 49.952
34 50 0.048 49.952
27 50 0.048 49.952
29 50 0.048 49.952
26 50 0.048 49.952
31 50 0.048 49.952
32 50 0.048 49.952
34 50 0.048 49.952
27 50 0.048 49.952
29 50 0.048 49.952
26 50 0.048 49.952
26 49.952 0.0048 49.9472
26 49.9472 0.16 49.7872
26 49.7872 0.0016 49.7856
30 50 0.016 49.984
30 49.984 0.016 49.968
30 49.968 0.048 49.92
31 50 0.048 49.952
32 50 0.048 49.952
34 50 0.048 49.952
27 50 0.048 49.952
29 50 0.048 49.952
30 50 0.048 49.952
31 50 0.048 49.952
32 50 0.048 49.952
34 50 0.048 49.952
27 50 0.048 49.952
25 50 0.048 49.952
29 50 0.048 49.952
30 50 0.048 49.952
31 50 0.048 49.952
32 50 0.048 49.952
32 49.952 0.0048 49.9472
32 49.9472 0.16 49.7872
32 49.7872 0.0016 49.7856
26 50 0.016 49.984
26 49.984 0.016 49.968
26 49.968 0.048 49.92
34 50 0.048 49.952
27 50 0.048 49.952
25 50 0.048 49.952
25 49.952 0.0048 49.9472
25 49.9472 0.16 49.7872
25 49.7872 0.0016 49.7856
29 50 0.048 49.952
