30 306 1.00828
28 307 1.01375
44 308 1.0228
26 309 1.03038
27 310 1.1542
59 311 1.16508
68 312 1.36982
65 313 1.42623
71 314 1.49134
64 315 1.49544
66 316 1.51796
37 317 1.52297
34 318 1.54064
36 319 1.56677
47 320 1.57484
51 321 1.73411
69 322 1.76989
40 323 2.04357
43 324 2.05625
74 325 2.073
50 326 2.13144
25 327 2.15845
31 328 2.1783
41 329 2.43185
73 330 2.45756
29 331 2.56387
63 332 2.57011
61 333 2.63648
52 334 2.6812
33 335 2.78686
48 336 2.8318
56 337 2.85718
67 338 2.86832
59 339 3.62692
30 340 3.9699
71 341 4.29254
28 342 4.42615
31 343 4.46237
40 344 4.70683
43 345 4.85757
57 346 4.88113
27 347 4.95776
74 348 4.96541
64 349 4.97644
56 350 5.06039
45 351 5.12005
44 352 5.41867
72 353 5.42741
33 354 5.49498
68 355 5.65125
37 356 5.77926
65 357 5.94711
46 358 6.23681
47 359 6.30957
42 360 6.41055
73 361 6.42254
52 362 6.77148
30 363 6.95082
61 364 7.23128
67 365 7.44294
71 366 7.491
44 367 7.62048
70 368 7.66384
35 369 7.66628
41 370 7.96531
72 371 8.00023
31 372 8.10305
40 373 8.42523
58 374 8.47894
28 375 8.59952
55 376 8.67916
66 377 8.79881
62 378 8.86704
68 379 9.07419
33 380 9.29776
47 381 9.5761
64 382 9.70073
37 383 10.1886
34 384 10.2251
46 385 10.3667
69 386 10.8796
31 387 10.8941
66 388 10.8991
35 389 11.0101
39 390 11.0562
48 391 11.0828
73 392 11.137
38 393 11.1974
53 394 11.3113
74 395 11.5695
44 396 11.594
30 397 11.6951
59 398 11.7149
71 399 11.7964
33 400 11.8221
51 401 11.9343
54 402 11.941
61 403 12.0264
40 404 12.1905
27 405 12.2791
25 406 12.4994
70 407 12.6241
55 408 12.7738
29 409 13.0629
46 410 13.2248
49 411 13.2929
28 412 13.2945
47 413 13.5543
50 414 13.7388
62 415 13.7491
42 416 13.8533
48 417 13.86
63 418 13.9281
53 419 13.972
72 420 14.1058
71 421 14.1586
37 422 14.1973
73 423 14.2282
57 424 14.2757
56 425 14.2883
60 426 14.3511
67 427 14.5276
61 428 14.5796
39 429 14.7854
