58 215
50 216
31 217
60 217
33 218
59 218
30 219
37 219
34 217
35 215
1 215
2 215
35 221
58 221
1 221
2 221
3 221
4 221
53 218
13 218
52 218
44 219
16 219
17 219
18 219
48 215
3 215
4 215
42 223
45 223
20 223
21 223
60 223
49 219
19 219
20 219
45 219
29 224
10 224
61 224
62 224
47 224
41 215
60 225
22 225
34 223
22 223
63 227
49 228
20 228
21 228
38 222
36 222
17 222
18 222
55 216
7 216
56 216
8 216
9 216
10 216
61 216
62 216
45 228
22 228
60 228
34 228
23 228
24 228
50 221
44 222
19 222
47 216
12 216
57 216
34 231
60 231
24 231
23 231
42 219
23 219
60 219
34 219
24 219
26 220
45 231
25 230
2 230
3 230
4 230
5 230
58 230
64 217
62 235
47 235
49 220
23 220
24 220
45 234
24 234
23 234
49 234
32 229
23 229
49 229
24 229
45 229
61 235
14 235
43 226
3 226
54 227
20 227
59 227
36 239
47 240
25 226
4 226
5 226
6 226
7 226
8 226
9 226
10 226
11 226
40 215
10 215
9 215
8 215
7 215
6 215
5 215
57 235
15 235
16 235
17 235
18 235
19 235
20 235
21 235
22 235
23 235
28 223
3 223
2 223
1 223
35 230
8 230
7 230
56 241
12 241
11 241
10 241
9 241
8 241
35 241
42 231
1 231
51 233
7 233
8 233
9 233
10 233
11 233
12 233
13 233
14 233
15 233
16 233
59 242
20 242
19 242
18 242
17 242
16 242
37 222
23 222
22 222
21 222
20 222
44 243
23 243
24 243
29 233
17 233
18 233
19 233
20 233
21 233
22 233
50 226
12 226
13 226
14 226
15 226
64 244
3 244
2 244
1 244
45 244
37 245
23 245
24 245
33 222
39 218
20 218
19 218
18 218
17 218
62 240
57 226
16 226
17 226
18 226
19 226
20 226
21 226
22 226
54 226
47 242
31 225
3 225
2 225
52 236
39 236
21 236
22 236
63 226
23 226
24 226
37 226
42 244
4 244
31 244
60 244
5 244
33 236
23 236
54 236
41 232
63 236
24 236
61 240
19 240
20 240
21 240
22 240
23 240
24 240
62 242
45 225
5 225
4 225
59 222
24 222
33 246
59 246
24 246
23 246
36 233
1 233
2 233
3 233
4 233
5 233
6 233
42 233
39 246
49 225
6 225
7 225
8 225
34 225
30 235
37 235
3 235
2 235
1 235
59 235
29 218
22 218
21 218
26 234
7 234
6 234
5 234
61 242
22 242
46 224
22 224
21 224
20 224
19 224
60 247
38 239
4 239
3 239
57 218
46 218
47 218
61 218
23 218
24 218
54 239
38 248
5 248
6 248
7 248
8 248
26 248
49 248
9 248
10 248
28 244
12 244
13 244
14 244
15 244
16 244
17 244
18 244
19 244
20 244
21 244
22 244
23 244
24 244
57 244
46 244
61 244
47 244
61 250
46 250
30 234
55 221
21 221
22 221
23 221
24 221
48 238
19 238
18 238
17 238
16 238
15 238
14 238
13 238
62 244
50 224
47 250
37 234
8 234
9 234
10 234
11 234
12 234
13 234
14 234
15 234
16 234
17 234
18 234
19 234
20 234
41 234
21 234
22 234
29 251
2 251
1 251
61 251
47 251
57 251
25 215
15 215
16 215
17 215
18 215
19 215
20 215
21 215
22 215
23 215
24 215
34 252
39 253
62 254
2 254
47 254
57 254
1 254
46 254
32 243
11 243
10 243
55 224
23 224
24 224
50 234
30 243
52 253
8 253
7 253
6 253
5 253
4 253
3 253
2 253
1 253
37 243
12 243
13 243
14 243
50 253
26 243
15 243
16 243
17 243
18 243
47 257
55 234
2 234
1 234
56 253
25 258
20 258
21 258
22 258
23 258
24 258
50 256
63 239
12 239
13 239
14 239
15 239
16 239
35 249
24 249
23 249
22 249
21 249
25 249
43 249
20 249
19 249
18 249
17 249
16 249
15 249
14 249
13 249
36 249
46 257
62 257
7 257
6 257
5 257
4 257
3 257
2 257
1 257
34 243
19 243
20 243
21 243
25 243
59 260
12 260
13 260
14 260
15 260
16 260
17 260
18 260
19 260
20 260
21 260
22 260
23 260
24 260
35 260
30 255
15 255
16 255
17 255
18 255
19 255
20 255
21 255
22 255
23 255
24 255
35 255
63 261
13 261
12 261
11 261
43 243
39 261
32 259
18 259
17 259
53 227
14 227
15 227
16 227
17 227
18 227
31 247
60 252
54 262
33 235
28 238
24 238
23 238
22 238
21 238
30 259
19 259
20 259
21 259
22 259
23 259
28 259
24 259
36 265
17 265
18 265
19 265
43 266
63 262
17 262
16 262
33 262
32 227
21 227
22 227
23 227
24 227
49 263
22 263
23 263
24 263
55 253
9 253
10 253
11 253
12 253
46 253
30 265
21 265
22 265
23 265
59 262
18 262
19 262
20 262
51 268
5 268
4 268
3 268
2 268
1 268
58 241
6 241
7 241
62 253
14 253
13 253
57 264
42 248
41 269
10 269
11 269
27 237
17 237
16 237
15 237
36 262
21 262
22 262
23 262
24 262
47 253
15 253
16 253
17 253
18 253
19 253
20 253
33 253
46 264
62 264
16 264
17 264
18 264
19 264
20 264
21 264
22 264
23 264
24 264
50 269
55 269
12 269
13 269
14 269
15 269
16 269
17 269
18 269
19 269
20 269
21 269
22 269
23 269
24 269
55 271
32 265
1 265
2 265
3 265
4 265
26 239
49 239
2 239
1 239
30 239
28 268
6 268
7 268
25 268
30 272
1 272
44 226
47 274
57 274
17 274
16 274
15 274
14 274
48 241
13 241
14 241
15 241
16 241
17 241
18 241
47 241
62 241
19 241
20 241
21 241
22 241
23 241
24 241
42 265
5 265
6 265
7 265
8 265
9 265
10 265
11 265
12 265
35 265
46 273
37 270
53 235
24 235
40 232
15 232
16 232
17 232
18 232
19 232
20 232
50 271
16 271
15 271
59 253
56 256
48 276
15 276
14 276
13 276
57 232
39 267
40 271
17 271
18 271
19 271
20 271
21 271
22 271
53 278
33 278
25 275
12 275
11 275
10 275
9 275
8 275
60 277
10 277
11 277
12 277
13 277
14 277
15 277
16 277
17 277
40 277
18 277
19 277
50 277
41 274
19 274
20 274
21 274
22 274
23 274
24 274
32 279
8 279
7 279
47 273
57 271
44 270
7 270
6 270
5 270
54 270
34 247
12 247
13 247
14 247
15 247
16 247
17 247
18 247
19 247
20 247
40 247
36 270
41 247
21 247
22 247
23 247
24 247
47 271
1 271
30 279
10 279
11 279
12 279
13 279
14 279
15 279
16 279
17 279
18 279
19 279
20 279
21 279
40 279
22 279
23 279
24 279
54 281
7 281
6 281
5 281
27 281
4 281
3 281
2 281
47 281
46 232
59 278
7 278
6 278
5 278
4 278
3 278
2 278
1 278
63 270
8 270
9 270
10 270
11 270
57 281
58 265
20 265
33 282
59 282
7 282
54 282
8 282
35 276
58 276
20 276
19 276
18 276
17 276
16 276
56 277
24 277
50 280
56 280
24 280
38 249
9 249
8 249
59 249
26 275
13 275
14 275
15 275
16 275
17 275
18 275
19 275
20 275
35 275
47 232
3 232
2 232
1 232
58 275
21 275
22 275
23 275
63 283
9 283
8 283
7 283
6 283
5 283
4 283
3 283
47 283
30 270
12 270
13 270
14 270
45 233
15 233
16 233
34 233
31 252
16 252
15 252
40 275
61 254
5 254
4 254
26 270
15 270
45 270
16 270
17 270
18 270
19 270
20 270
21 270
22 270
64 225
17 225
16 225
15 225
14 225
30 285
13 285
12 285
11 285
10 285
9 285
8 285
7 285
6 285
5 285
59 286
55 256
2 256
1 256
62 273
61 273
6 273
5 273
4 273
3 273
2 273
1 273
35 270
58 270
23 270
24 270
46 281
61 281
53 286
10 286
11 286
54 286
47 285
46 285
57 283
42 252
18 252
17 252
36 282
25 276
21 276
22 276
23 276
24 276
60 289
34 289
20 289
19 289
18 289
17 289
16 289
62 281
8 281
9 281
10 281
11 281
12 281
13 281
53 281
33 249
26 225
18 225
19 225
20 225
21 225
22 225
23 225
24 225
61 285
27 287
11 287
10 287
9 287
47 287
49 252
56 290
55 290
5 290
4 290
3 290
2 290
1 290
28 284
22 284
23 284
24 284
26 252
19 252
20 252
21 252
37 288
44 288
17 288
16 288
41 275
6 275
7 275
55 275
39 281
15 281
46 283
11 283
12 283
13 283
14 283
15 283
16 283
17 283
18 283
37 283
43 268
57 287
44 283
19 283
20 283
21 283
22 283
26 283
40 273
7 273
42 291
23 291
24 291
60 291
36 288
18 288
19 288
20 288
21 288
22 288
23 288
57 292
11 292
12 292
52 261
16 261
15 261
14 261
46 287
12 287
13 287
14 287
15 287
16 287
39 287
47 292
53 249
56 275
49 283
23 283
24 283
39 249
17 249
16 249
52 287
17 287
18 287
19 287
46 292
13 292
14 292
15 292
16 292
17 292
18 292
53 292
39 292
41 273
9 273
8 273
45 252
36 287
20 287
31 288
52 292
19 292
20 292
21 292
35 294
44 295
60 288
64 288
3 288
4 288
43 288
58 294
8 294
9 294
10 294
11 294
12 294
47 296
30 289
24 289
34 291
31 291
36 292
22 292
23 292
56 294
13 294
14 294
15 294
57 294
16 294
39 299
21 299
20 299
58 300
25 288
6 288
7 288
8 288
9 288
35 300
10 300
11 300
12 300
13 300
14 300
37 295
44 292
52 299
22 299
40 301
41 301
14 301
15 301
16 301
17 301
57 301
18 301
19 301
20 301
21 301
22 301
23 301
24 301
48 273
13 273
14 273
15 273
16 273
17 273
57 273
18 273
19 273
20 273
21 273
22 273
23 273
24 273
37 292
1 292
46 296
57 296
19 296
20 296
21 296
22 296
52 296
23 296
24 296
58 288
47 294
53 299
31 303
34 303
27 261
22 261
23 261
24 261
33 299
59 296
60 303
64 303
8 303
7 303
53 261
56 300
17 300
16 300
51 265
13 265
14 265
15 265
16 265
17 265
35 288
14 288
13 288
25 302
62 285
22 285
21 285
62 304
47 304
22 304
23 304
24 304
43 302
11 302
12 302
13 302
14 302
15 302
35 302
46 294
62 294
22 294
23 294
24 294
33 296
59 261
55 297
56 297
19 297
20 297
21 297
22 297
62 297
47 297
61 298
62 298
47 298
22 298
23 298
24 298
63 286
3 286
2 286
1 286
34 305
60 305
64 305
10 305
9 305
51 288
38 282
4 282
3 282
