0 3268
0 3269
0 3270
0 3271
0 3272
0 3273
0 3274
0 3275
0 3276
0 3277
92 3278
19 3278
20 3278
21 3278
22 3278
23 3278
24 3278
91 3282
0 3283
59 3286
12 3286
11 3286
10 3286
9 3286
8 3286
7 3286
6 3286
5 3286
4 3286
3 3286
2 3286
1 3286
0 3287
0 3292
76 3290
2 3290
1 3290
60 3294
0 3297
62 3284
80 3302
0 3303
90 3305
84 3293
1 3293
72 3280
31 3309
22 3309
23 3309
24 3309
66 3296
2 3296
1 3296
0 3310
100 3299
18 3299
19 3299
20 3299
21 3299
22 3299
23 3299
24 3299
78 3313
7 3313
6 3313
5 3313
4 3313
3 3313
2 3313
1 3313
0 3315
53 3316
5 3316
4 3316
3 3316
2 3316
1 3316
0 3317
83 3320
100 3320
19 3320
20 3320
21 3320
22 3320
23 3320
24 3320
0 3321
86 3318
1 3318
98 3319
12 3319
11 3319
10 3319
9 3319
8 3319
7 3319
6 3319
5 3319
4 3319
3 3319
2 3319
1 3319
57 3294
6 3294
5 3294
4 3294
3 3294
2 3294
1 3294
0 3322
55 3325
12 3325
11 3325
10 3325
9 3325
8 3325
7 3325
6 3325
5 3325
4 3325
3 3325
2 3325
1 3325
32 3300
54 3300
66 3300
4 3300
3 3300
2 3300
1 3300
41 3327
100 3327
20 3327
21 3327
22 3327
23 3327
24 3327
42 3328
14 3328
15 3328
16 3328
17 3328
18 3328
19 3328
20 3328
21 3328
22 3328
23 3328
24 3328
0 3332
82 3301
89 3334
13 3334
14 3334
15 3334
16 3334
17 3334
18 3334
19 3334
20 3334
21 3334
22 3334
23 3334
24 3334
46 3329
22 3329
23 3329
24 3329
0 3337
58 3338
2 3338
1 3338
102 3340
15 3340
16 3340
17 3340
18 3340
19 3340
20 3340
21 3340
22 3340
23 3340
24 3340
65 3333
104 3331
9 3331
8 3331
7 3331
6 3331
5 3331
4 3331
3 3331
2 3331
1 3331
0 3342
34 3324
20 3324
21 3324
22 3324
23 3324
24 3324
95 3343
13 3343
14 3343
15 3343
16 3343
17 3343
18 3343
19 3343
20 3343
21 3343
22 3343
23 3343
24 3343
30 3344
20 3344
21 3344
22 3344
23 3344
24 3344
88 3345
19 3345
20 3345
21 3345
22 3345
23 3345
24 3345
0 3348
61 3352
6 3352
5 3352
4 3352
3 3352
2 3352
1 3352
0 3353
56 3351
87 3356
63 3295
18 3295
19 3295
20 3295
21 3295
22 3295
23 3295
24 3295
0 3358
39 3284
21 3284
22 3284
23 3284
24 3284
49 3351
38 3298
58 3356
4 3356
3 3356
2 3356
1 3356
28 3307
81 3307
5 3307
4 3307
3 3307
2 3307
1 3307
94 3359
66 3359
7 3359
6 3359
5 3359
4 3359
3 3359
2 3359
1 3359
51 3302
24 3302
0 3360
70 3288
19 3288
20 3288
21 3288
22 3288
23 3288
24 3288
26 3361
22 3361
23 3361
24 3361
40 3355
28 3355
54 3336
66 3336
8 3336
7 3336
6 3336
5 3336
4 3336
3 3336
2 3336
1 3336
0 3365
49 3366
1 3366
103 3368
10 3368
9 3368
8 3368
7 3368
6 3368
5 3368
4 3368
3 3368
2 3368
1 3368
29 3369
3 3369
2 3369
1 3369
73 3333
3 3333
2 3333
1 3333
0 3370
44 3371
22 3371
23 3371
24 3371
0 3372
57 3323
11 3323
10 3323
9 3323
8 3323
7 3323
6 3323
5 3323
4 3323
3 3323
2 3323
1 3323
77 3367
57 3367
11 3367
10 3367
9 3367
8 3367
7 3367
6 3367
5 3367
4 3367
3 3367
2 3367
1 3367
50 3279
74 3364
0 3373
35 3339
17 3339
18 3339
19 3339
20 3339
21 3339
22 3339
23 3339
24 3339
86 3298
0 3374
48 3354
14 3354
15 3354
16 3354
17 3354
18 3354
19 3354
20 3354
21 3354
22 3354
23 3354
24 3354
52 3330
49 3330
3 3330
2 3330
1 3330
0 3375
91 3305
58 3298
7 3298
6 3298
5 3298
4 3298
3 3298
2 3298
1 3298
68 3314
6 3314
5 3314
4 3314
3 3314
2 3314
1 3314
0 3376
67 3291
0 3377
81 3355
9 3355
8 3355
7 3355
6 3355
5 3355
4 3355
3 3355
2 3355
1 3355
0 3378
85 3308
24 3308
0 3379
47 3304
85 3304
24 3304
96 3350
19 3350
20 3350
21 3350
22 3350
23 3350
24 3350
44 3291
1 3291
97 3312
0 3380
0 3382
59 3381
27 3326
23 3326
24 3326
0 3384
0 3385
0 3386
62 3387
88 3387
3 3387
2 3387
1 3387
0 3389
42 3391
101 3357
99 3285
11 3285
10 3285
9 3285
8 3285
7 3285
6 3285
5 3285
4 3285
3 3285
2 3285
1 3285
93 3341
12 3341
11 3341
10 3341
9 3341
8 3341
7 3341
6 3341
5 3341
4 3341
3 3341
2 3341
1 3341
0 3393
71 3281
20 3281
21 3281
22 3281
23 3281
24 3281
43 3335
23 3335
24 3335
31 3392
11 3392
10 3392
9 3392
8 3392
7 3392
6 3392
5 3392
4 3392
3 3392
2 3392
1 3392
0 3394
89 3395
0 3396
66 3305
0 3397
41 3388
0 3399
69 3362
98 3395
1 3395
0 3401
101 3362
3 3362
2 3362
1 3362
79 3346
12 3346
11 3346
10 3346
9 3346
8 3346
7 3346
6 3346
5 3346
4 3346
3 3346
2 3346
1 3346
0 3402
36 3306
20 3306
21 3306
22 3306
23 3306
24 3306
75 3363
4 3363
3 3363
2 3363
1 3363
37 3311
64 3289
23 3289
24 3289
91 3404
19 3404
20 3404
21 3404
22 3404
23 3404
24 3404
100 3364
9 3364
8 3364
7 3364
6 3364
5 3364
4 3364
3 3364
2 3364
1 3364
0 3405
87 3403
16 3403
17 3403
18 3403
19 3403
20 3403
21 3403
22 3403
23 3403
24 3403
0 3407
55 3390
2 3390
1 3390
53 3408
22 3408
23 3408
24 3408
32 3409
20 3409
21 3409
22 3409
23 3409
24 3409
86 3383
17 3383
18 3383
19 3383
20 3383
21 3383
22 3383
23 3383
24 3383
0 3410
51 3411
72 3400
23 3400
24 3400
0 3413
82 3414
16 3414
17 3414
18 3414
19 3414
20 3414
21 3414
22 3414
23 3414
24 3414
80 3411
12 3411
11 3411
10 3411
9 3411
8 3411
7 3411
6 3411
5 3411
4 3411
3 3411
2 3411
1 3411
61 3305
20 3305
21 3305
22 3305
23 3305
24 3305
77 3406
23 3406
24 3406
0 3417
35 3419
4 3419
3 3419
2 3419
1 3419
0 3420
92 3421
60 3422
0 3424
28 3415
20 3415
21 3415
22 3415
23 3415
24 3415
85 3425
9 3425
8 3425
7 3425
6 3425
5 3425
4 3425
3 3425
2 3425
1 3425
76 3423
0 3427
103 3422
54 3416
23 3416
24 3416
91 3423
23 3423
24 3423
98 3430
104 3426
1 3426
0 3431
56 3434
0 3437
90 3438
91 3438
24 3438
30 3412
13 3412
14 3412
15 3412
16 3412
17 3412
18 3412
19 3412
20 3412
21 3412
22 3412
23 3412
24 3412
84 3441
23 3441
24 3441
0 3442
74 3388
14 3388
15 3388
16 3388
17 3388
18 3388
19 3388
20 3388
21 3388
22 3388
23 3388
24 3388
25 3280
2 3280
1 3280
0 3444
78 3445
48 3445
3 3445
2 3445
1 3445
0 3447
33 3349
2 3349
1 3349
59 3448
11 3448
10 3448
9 3448
8 3448
7 3448
6 3448
5 3448
4 3448
3 3448
2 3448
1 3448
0 3450
29 3453
20 3453
21 3453
22 3453
23 3453
24 3453
26 3454
95 3455
58 3398
22 3398
23 3398
24 3398
0 3456
94 3446
0 3458
48 3457
5 3457
4 3457
3 3457
2 3457
1 3457
81 3443
83 3449
54 3446
2 3446
1 3446
0 3460
50 3452
30 3454
16 3454
17 3454
18 3454
19 3454
20 3454
21 3454
22 3454
23 3454
24 3454
74 3449
17 3449
18 3449
19 3449
20 3449
21 3449
22 3449
23 3449
24 3449
0 3462
83 3452
74 3452
17 3452
18 3452
19 3452
20 3452
21 3452
22 3452
23 3452
24 3452
39 3439
16 3439
17 3439
18 3439
19 3439
20 3439
21 3439
22 3439
23 3439
24 3439
99 3459
23 3459
24 3459
38 3463
0 3464
0 3465
0 3468
73 3469
23 3469
24 3469
34 3466
18 3466
19 3466
20 3466
21 3466
22 3466
23 3466
24 3466
63 3435
75 3435
14 3435
15 3435
16 3435
17 3435
18 3435
19 3435
20 3435
21 3435
22 3435
23 3435
24 3435
0 3472
102 3440
14 3440
15 3440
16 3440
17 3440
18 3440
19 3440
20 3440
21 3440
22 3440
23 3440
24 3440
86 3463
0 3474
31 3461
69 3475
0 3476
92 3461
58 3463
2 3463
1 3463
0 3479
0 3482
67 3483
68 3432
92 3432
1 3432
28 3443
4 3443
3 3443
2 3443
1 3443
46 3471
23 3471
24 3471
0 3484
65 3428
1 3428
44 3429
20 3429
21 3429
22 3429
23 3429
24 3429
0 3486
82 3421
73 3421
89 3430
15 3430
16 3430
17 3430
18 3430
19 3430
20 3430
21 3430
22 3430
23 3430
24 3430
0 3488
65 3421
2 3421
1 3421
0 3489
77 3490
10 3490
9 3490
8 3490
7 3490
6 3490
5 3490
4 3490
3 3490
2 3490
1 3490
0 3491
39 3483
22 3483
23 3483
24 3483
0 3493
70 3451
20 3451
21 3451
22 3451
23 3451
24 3451
96 3455
16 3455
17 3455
18 3455
19 3455
20 3455
21 3455
22 3455
23 3455
24 3455
25 3495
12 3495
11 3495
10 3495
9 3495
8 3495
7 3495
6 3495
5 3495
4 3495
3 3495
2 3495
1 3495
80 3436
0 3497
76 3498
10 3498
9 3498
8 3498
7 3498
6 3498
5 3498
4 3498
3 3498
2 3498
1 3498
40 3470
8 3470
7 3470
6 3470
5 3470
4 3470
3 3470
2 3470
1 3470
37 3481
16 3481
17 3481
18 3481
19 3481
20 3481
21 3481
22 3481
23 3481
24 3481
0 3501
87 3500
71 3506
14 3506
15 3506
16 3506
17 3506
18 3506
19 3506
20 3506
21 3506
22 3506
23 3506
24 3506
0 3508
101 3499
20 3499
21 3499
22 3499
23 3499
24 3499
58 3500
7 3500
6 3500
5 3500
4 3500
3 3500
2 3500
1 3500
0 3510
0 3511
41 3509
42 3505
21 3505
22 3505
23 3505
24 3505
0 3513
74 3514
2 3514
1 3514
92 3515
7 3515
6 3515
5 3515
4 3515
3 3515
2 3515
1 3515
0 3516
29 3502
7 3502
6 3502
5 3502
4 3502
3 3502
2 3502
1 3502
100 3503
75 3517
23 3517
24 3517
91 3478
13 3478
14 3478
15 3478
16 3478
17 3478
18 3478
19 3478
20 3478
21 3478
22 3478
23 3478
24 3478
0 3518
0 3519
47 3485
73 3520
28 3523
12 3523
11 3523
10 3523
9 3523
8 3523
7 3523
6 3523
5 3523
4 3523
3 3523
2 3523
1 3523
0 3524
36 3512
15 3512
16 3512
17 3512
18 3512
19 3512
20 3512
21 3512
22 3512
23 3512
24 3512
60 3504
16 3504
17 3504
18 3504
19 3504
20 3504
21 3504
22 3504
23 3504
24 3504
0 3526
39 3527
3 3527
2 3527
1 3527
26 3509
4 3509
3 3509
2 3509
1 3509
72 3528
66 3530
14 3530
15 3530
16 3530
17 3530
18 3530
19 3530
20 3530
21 3530
22 3530
23 3530
24 3530
64 3531
0 3532
53 3528
17 3528
18 3528
19 3528
20 3528
21 3528
22 3528
23 3528
24 3528
83 3503
61 3467
14 3467
15 3467
16 3467
17 3467
18 3467
19 3467
20 3467
21 3467
22 3467
23 3467
24 3467
54 3522
15 3522
16 3522
17 3522
18 3522
19 3522
20 3522
21 3522
22 3522
23 3522
24 3522
0 3533
99 3534
10 3534
9 3534
8 3534
7 3534
6 3534
5 3534
4 3534
3 3534
2 3534
1 3534
26 3503
5 3503
4 3503
3 3503
2 3503
1 3503
48 3531
19 3531
20 3531
21 3531
22 3531
23 3531
24 3531
26 3536
5 3536
4 3536
3 3536
2 3536
1 3536
45 3347
24 3347
0 3537
65 3520
10 3520
9 3520
8 3520
7 3520
6 3520
5 3520
4 3520
3 3520
2 3520
1 3520
0 3539
95 3521
0 3542
102 3538
42 3538
1 3538
93 3477
13 3477
14 3477
15 3477
16 3477
17 3477
18 3477
19 3477
20 3477
21 3477
22 3477
23 3477
24 3477
30 3541
6 3541
5 3541
4 3541
3 3541
2 3541
1 3541
82 3543
0 3544
33 3529
19 3529
20 3529
21 3529
22 3529
23 3529
24 3529
92 3543
12 3543
11 3543
10 3543
9 3543
8 3543
7 3543
6 3543
5 3543
4 3543
3 3543
2 3543
1 3543
51 3436
9 3436
8 3436
7 3436
6 3436
5 3436
4 3436
3 3436
2 3436
1 3436
0 3546
43 3496
96 3496
24 3496
37 3521
0 3548
69 3549
3 3549
2 3549
1 3549
32 3550
18 3550
19 3550
20 3550
21 3550
22 3550
23 3550
24 3550
103 3480
20 3480
21 3480
22 3480
23 3480
24 3480
79 3507
12 3507
11 3507
10 3507
9 3507
8 3507
7 3507
6 3507
5 3507
4 3507
3 3507
2 3507
1 3507
96 3521
0 3552
55 3540
89 3540
1 3540
31 3553
13 3553
14 3553
15 3553
16 3553
17 3553
18 3553
19 3553
20 3553
21 3553
22 3553
23 3553
24 3553
85 3535
5 3535
4 3535
3 3535
2 3535
1 3535
49 3434
11 3434
10 3434
9 3434
8 3434
7 3434
6 3434
5 3434
4 3434
3 3434
2 3434
1 3434
35 3554
53 3551
21 3551
22 3551
23 3551
24 3551
0 3556
90 3557
55 3554
89 3554
2 3554
1 3554
0 3559
97 3433
51 3555
11 3555
10 3555
9 3555
8 3555
7 3555
6 3555
5 3555
4 3555
3 3555
2 3555
1 3555
94 3562
104 3563
23 3563
24 3563
27 3475
0 3565
86 3494
17 3494
18 3494
19 3494
20 3494
21 3494
22 3494
23 3494
24 3494
65 3564
15 3564
16 3564
17 3564
18 3564
19 3564
20 3564
21 3564
22 3564
23 3564
24 3564
0 3567
85 3433
0 3570
37 3571
43 3571
3 3571
2 3571
1 3571
0 3573
57 3422
24 3422
78 3569
0 3574
91 3557
22 3557
23 3557
24 3557
41 3568
12 3568
11 3568
10 3568
9 3568
8 3568
7 3568
6 3568
5 3568
4 3568
3 3568
2 3568
1 3568
63 3547
8 3547
7 3547
6 3547
5 3547
4 3547
3 3547
2 3547
1 3547
0 3577
80 3578
14 3578
15 3578
16 3578
17 3578
18 3578
19 3578
20 3578
21 3578
22 3578
23 3578
24 3578
56 3492
15 3492
16 3492
17 3492
18 3492
19 3492
20 3492
21 3492
22 3492
23 3492
24 3492
91 3579
23 3579
24 3579
54 3562
23 3562
24 3562
62 3487
11 3487
10 3487
9 3487
8 3487
7 3487
6 3487
5 3487
4 3487
3 3487
2 3487
1 3487
77 3575
59 3576
9 3576
8 3576
7 3576
6 3576
5 3576
4 3576
3 3576
2 3576
1 3576
0 3580
0 3583
0 3584
84 3525
23 3525
24 3525
68 3585
70 3433
63 3433
10 3433
9 3433
8 3433
7 3433
6 3433
5 3433
4 3433
3 3433
2 3433
1 3433
52 3418
0 3586
42 3475
9 3475
8 3475
7 3475
6 3475
5 3475
4 3475
3 3475
2 3475
1 3475
0 3589
34 3581
14 3581
15 3581
16 3581
17 3581
18 3581
19 3581
20 3581
21 3581
22 3581
23 3581
24 3581
81 3587
23 3587
24 3587
0 3591
101 3592
10 3592
9 3592
8 3592
7 3592
6 3592
5 3592
4 3592
3 3592
2 3592
1 3592
28 3588
0 3596
38 3590
23 3590
24 3590
49 3418
19 3418
20 3418
21 3418
22 3418
23 3418
24 3418
0 3598
92 3585
67 3545
15 3545
16 3545
17 3545
18 3545
19 3545
20 3545
21 3545
22 3545
23 3545
24 3545
0 3599
0 3601
32 3603
3 3603
2 3603
1 3603
58 3558
24 3558
0 3604
31 3605
87 3602
66 3606
3 3606
2 3606
1 3606
0 3607
75 3600
14 3600
15 3600
16 3600
17 3600
18 3600
19 3600
20 3600
21 3600
22 3600
23 3600
24 3600
61 3608
0 3611
84 3608
3 3608
2 3608
1 3608
64 3569
8 3569
7 3569
6 3569
5 3569
4 3569
3 3569
2 3569
1 3569
96 3594
0 3613
53 3614
88 3473
17 3473
18 3473
19 3473
20 3473
21 3473
22 3473
23 3473
24 3473
0 3616
72 3617
73 3618
24 3618
0 3619
95 3621
12 3621
11 3621
10 3621
9 3621
8 3621
7 3621
6 3621
5 3621
4 3621
3 3621
2 3621
1 3621
0 3623
0 3624
103 3615
8 3615
7 3615
6 3615
5 3615
4 3615
3 3615
2 3615
1 3615
71 3625
53 3617
49 3610
0 3627
40 3620
5 3620
4 3620
3 3620
2 3620
1 3620
65 3585
29 3585
1 3585
64 3625
11 3625
10 3625
9 3625
8 3625
7 3625
6 3625
5 3625
4 3625
3 3625
2 3625
1 3625
42 3629
16 3629
17 3629
18 3629
19 3629
20 3629
21 3629
22 3629
23 3629
24 3629
52 3610
48 3572
11 3572
10 3572
9 3572
8 3572
7 3572
6 3572
5 3572
4 3572
3 3572
2 3572
1 3572
0 3630
76 3612
55 3631
82 3632
46 3593
24 3593
0 3634
99 3632
3 3632
2 3632
1 3632
47 3635
70 3635
25 3636
11 3636
10 3636
9 3636
8 3636
7 3636
6 3636
5 3636
4 3636
3 3636
2 3636
1 3636
36 3637
9 3637
8 3637
7 3637
6 3637
5 3637
4 3637
3 3637
2 3637
1 3637
98 3566
16 3566
17 3566
18 3566
19 3566
20 3566
21 3566
22 3566
23 3566
24 3566
0 3638
95 3631
69 3639
18 3639
19 3639
20 3639
21 3639
22 3639
23 3639
24 3639
92 3605
73 3605
30 3640
23 3640
24 3640
0 3641
35 3642
55 3642
29 3605
3 3605
2 3605
1 3605
29 3643
3 3643
2 3643
1 3643
0 3644
43 3594
16 3594
17 3594
18 3594
19 3594
20 3594
21 3594
22 3594
23 3594
24 3594
89 3595
17 3595
18 3595
19 3595
20 3595
21 3595
22 3595
23 3595
24 3595
0 3647
51 3649
1 3649
26 3633
0 3650
64 3648
14 3648
15 3648
16 3648
17 3648
18 3648
19 3648
20 3648
21 3648
22 3648
23 3648
24 3648
96 3631
43 3631
17 3631
18 3631
19 3631
20 3631
21 3631
22 3631
23 3631
24 3631
93 3609
6 3609
5 3609
4 3609
3 3609
2 3609
1 3609
85 3646
41 3633
0 3651
95 3642
0 3652
43 3642
18 3642
19 3642
20 3642
21 3642
22 3642
23 3642
24 3642
74 3622
41 3622
1 3622
83 3560
74 3560
41 3560
1 3560
0 3655
90 3656
0 3657
57 3617
14 3617
15 3617
16 3617
17 3617
18 3617
19 3617
20 3617
21 3617
22 3617
23 3617
24 3617
34 3658
81 3588
10 3588
9 3588
8 3588
7 3588
6 3588
5 3588
4 3588
3 3588
2 3588
1 3588
50 3582
0 3660
44 3597
37 3645
45 3653
21 3653
22 3653
23 3653
24 3653
68 3662
65 3662
7 3662
6 3662
5 3662
4 3662
3 3662
2 3662
1 3662
74 3582
41 3582
3 3582
2 3582
1 3582
0 3663
62 3597
1 3597
0 3666
104 3667
17 3667
18 3667
19 3667
20 3667
21 3667
22 3667
23 3667
24 3667
102 3668
70 3646
0 3669
54 3612
14 3612
15 3612
16 3612
17 3612
18 3612
19 3612
20 3612
21 3612
22 3612
23 3612
24 3612
63 3635
31 3672
9 3672
8 3672
7 3672
6 3672
5 3672
4 3672
3 3672
2 3672
1 3672
32 3659
54 3659
14 3659
15 3659
16 3659
17 3659
18 3659
19 3659
20 3659
21 3659
22 3659
23 3659
24 3659
0 3673
43 3645
21 3645
22 3645
23 3645
24 3645
100 3628
0 3675
77 3614
17 3614
18 3614
19 3614
20 3614
21 3614
22 3614
23 3614
24 3614
41 3628
5 3628
4 3628
3 3628
2 3628
1 3628
42 3668
0 3676
0 3677
94 3656
54 3656
16 3656
17 3656
18 3656
19 3656
20 3656
21 3656
22 3656
23 3656
24 3656
39 3661
5 3661
4 3661
3 3661
2 3661
1 3661
79 3680
52 3680
9 3680
8 3680
7 3680
6 3680
5 3680
4 3680
3 3680
2 3680
1 3680
67 3658
5 3658
4 3658
3 3658
2 3658
1 3658
