60 2230 1.01885
59 2232 1.13635
50 2233 1.13937
63 2234 1.14956
55 2236 1.21034
71 2237 1.21594
41 2238 1.25391
37 2239 1.26137
45 2242 1.39859
30 2244 1.47529
62 2245 1.49976
38 2246 1.50549
56 2247 1.5107
26 2249 1.59958
33 2251 1.72842
53 2253 1.80057
27 2254 1.80846
69 2255 1.81234
58 2256 1.82994
40 2257 1.85088
43 2259 1.87146
31 2260 1.88043
57 2261 1.8994
42 2262 1.92254
49 2264 2.00499
54 2266 2.07462
29 2267 2.13957
73 2269 2.18878
28 2270 2.18993
65 2271 2.22846
36 2272 2.25795
44 2274 2.29741
74 2276 2.39457
25 2277 2.44012
52 2278 2.46296
51 2280 2.47167
47 2281 2.56914
72 2283 2.61479
39 2284 2.65127
64 2285 2.65224
67 2287 2.67303
34 2288 2.75347
66 2289 2.76242
68 2291 2.7761
32 2292 2.82961
35 2294 2.87998
61 2296 2.98169
45 2308 4.1116
53 2310 4.20219
31 2314 4.49397
33 2316 4.64797
71 2318 4.71373
30 2319 4.76456
49 2321 4.7979
34 2324 5.0185
43 2328 5.27421
55 2329 5.32501
58 2330 5.32961
46 2333 5.48809
26 2334 5.5163
47 2336 5.60314
36 2337 5.65908
32 2339 5.72629
74 2340 5.75879
65 2342 5.85435
61 2344 5.90877
52 2346 5.97375
73 2347 6.0497
62 2349 6.10771
59 2351 6.19885
41 2352 6.21247
37 2354 6.36877
69 2356 6.40472
38 2357 6.46725
50 2359 6.48341
60 2360 6.50467
42 2362 6.58256
25 2364 6.73338
29 2365 6.7561
27 2366 6.75991
68 2368 6.8217
54 2370 6.89518
45 2371 6.93122
67 2375 7.19254
63 2377 7.30269
57 2379 7.37895
40 2380 7.42595
56 2383 7.58866
28 2384 7.60108
72 2387 7.80132
26 2389 7.91053
51 2391 7.99606
47 2392 8.0214
31 2393 8.04605
64 2395 8.11483
33 2397 8.23966
66 2399 8.27374
58 2401 8.45378
71 2403 8.53607
35 2404 8.56369
53 2406 8.64448
38 2409 8.82088
25 2411 8.87824
59 2412 8.89174
34 2417 9.34798
29 2419 9.44267
57 2421 9.47348
61 2422 9.49833
48 2423 9.50502
62 2425 9.57295
46 2426 9.5797
43 2427 9.59782
37 2429 9.69857
52 2432 9.90913
74 2433 9.92914
73 2434 9.9464
45 2436 10.0019
49 2438 10.102
39 2439 10.1657
30 2441 10.1808
41 2443 10.3117
31 2444 10.3629
64 2447 10.4796
65 2448 10.5434
68 2451 10.7499
54 2454 10.9501
67 2455 10.9619
42 2458 11.1334
28 2460 11.2582
33 2463 11.4625
66 2464 11.4687
48 2467 11.6428
27 2469 11.6886
52 2474 12.0908
50 2475 12.1101
46 2476 12.124
55 2478 12.201
69 2480 12.3578
43 2482 12.4319
51 2483 12.4531
71 2485 12.4931
58 2488 12.7202
60 2489 12.7252
72 2491 12.7907
26 2492 12.7992
38 2494 12.9213
25 2495 12.9324
30 2496 12.964
37 2498 12.9868
63 2505 13.6604
47 2507 13.7161
64 2508 13.7558
29 2510 13.8674
31 2512 13.876
74 2514 14.0415
56 2515 14.0482
39 2517 14.106
34 2518 14.1327
36 2519 14.134
59 2521 14.1913
61 2523 14.3706
49 2525 14.3803
40 2526 14.3933
62 2527 14.3938
41 2529 14.552
68 2532 14.7029
42 2534 14.8615
25 2536 14.9648
53 2537 14.9705
54 2539 14.9933
