89 320 0 100 2.33402e-08 1.94504 1.94504
56 302 0 100 1 1.03378 2.03378
46 326 0 100 1.16701e-08 2.13667 2.13667
52 306 0 100 1.1 1.17229 2.27229
38 334 0 100 0.4 2.4802 2.8802
39 341 0 100 0.5 2.87023 3.37023
86 335 0 100 0.9 2.49476 3.39476
45 308 0 100 2.3 1.28698 3.58698
27 316 0 100 1.9 1.69816 3.59816
70 319 0 100 1.7 1.91645 3.61645
71 327 0 100 3.3 2.15994 5.45994
47 313 0 100 4.6 1.57606 6.17606
84 317 0 100 5 1.74449 6.74449
73 336 0 100 4.1 2.65397 6.75397
36 310 0 100 5.7 1.35263 7.05263
74 323 0 100 5 2.08037 7.08037
85 340 0 100 4.4 2.82534 7.22534
46 350 0 100 2.4 4.89194 7.29194
46 361 0 100 1.16701e-08 7.39152 7.39152
52 362 0 100 1.16701e-08 7.53918 7.53918
52 349 0 100 2.7 4.88287 7.58287
40 307 0 100 6.5 1.26393 7.76393
58 332 0 100 5.5 2.47139 7.97139
38 347 0 100 3.5 4.50248 8.00248
38 359 0 100 0.7 7.36965 8.06965
69 325 0 100 6.6 2.10022 8.70022
39 358 0 100 1.4 7.30795 8.70796
70 344 0 100 4.8 4.05224 8.85224
57 351 0 100 3.8 5.08006 8.88006
57 342 0 100 6.2 2.88875 9.08875
57 364 0 100 1.3 7.8005 9.1005
53 311 0 100 8 1.41615 9.41615
90 315 0 100 7.8 1.6228 9.4228
87 343 0 100 5.8 3.74427 9.54427
82 328 0 100 7.4 2.32217 9.72217
48 304 0 100 9 1.13034 10.1303
92 314 0 100 9.6 1.57864 11.1786
29 333 0 100 8.7 2.47883 11.1788
29 356 0 100 4.3 6.92201 11.222
47 363 0 100 3.6 7.65051 11.2505
47 366 0 100 1.6 9.69892 11.2989
59 353 0 100 5.3 6.13723 11.4372
77 355 0 100 5.1 6.58795 11.688
73 367 0 100 2 9.97269 11.9727
56 376 0 100 0.3 12.1867 12.4867
52 372 0 100 1 11.71 12.71
63 370 0 100 1.1 11.6337 12.7337
86 348 0 100 9.1 4.85386 13.9539
39 375 0 100 1.9 12.1075 14.0075
70 382 0 100 0.9 13.3588 14.2588
45 381 0 100 1 13.2642 14.2642
32 378 0 100 1.8 12.5469 14.3469
87 379 0 100 2 12.7858 14.7858
