59 486 1.01672
86 487 1.03529
45 488 1.04268
36 489 1.04686
99 490 1.05911
37 491 1.06736
67 492 1.1028
48 493 1.13626
70 494 1.14173
92 495 1.18908
63 496 1.22524
104 497 1.22797
90 498 1.23583
32 499 1.24065
80 500 1.27831
84 501 1.29028
94 502 1.29137
52 503 1.31973
113 504 1.42788
62 505 1.47808
34 506 1.51422
42 507 1.54653
58 508 1.55887
106 509 1.60652
74 510 1.65591
38 511 1.6836
61 512 1.70688
89 513 1.72479
71 514 1.74238
28 515 1.75221
25 516 1.78493
72 517 1.90133
103 518 1.96054
33 519 1.96298
112 520 1.98402
41 521 2.14137
102 522 2.36809
75 523 2.42112
79 524 2.66774
47 525 2.74333
60 526 2.7592
105 527 2.76055
108 528 2.85664
97 529 2.91479
77 530 2.97903
61 531 4.29928
28 532 4.38494
52 533 4.39123
34 534 4.5194
63 535 4.94261
47 536 5.59984
106 537 5.75141
79 538 5.78089
77 539 5.96865
112 540 6.07425
86 541 6.09267
105 542 6.52882
103 543 6.84737
42 544 6.93249
97 545 6.94603
34 546 6.97694
102 547 7.06788
74 548 7.13519
75 549 7.30097
76 550 7.47226
59 551 7.67399
77 552 8.70694
60 553 8.85862
112 554 9.21518
47 555 9.26406
28 556 9.4577
88 557 9.46686
97 558 10.2701
66 559 10.3102
41 560 10.3408
73 561 10.519
70 562 10.8608
106 563 10.9218
79 564 11.184
105 565 11.2581
88 566 11.814
58 567 12.5176
28 568 12.7907
96 569 13.0706
103 570 13.5112
90 571 13.5231
83 572 13.748
47 573 13.859
95 574 13.9691
106 575 14.3081
66 576 14.3936
42 577 14.4193
52 578 14.5168
