97 1128 0 100 1.16701e-08 1.04329 1.04329
38 1133 0 100 1.16701e-08 1.19757 1.19757
101 1145 0 100 0.8 1.50337 2.30337
74 1135 0 100 1.5 1.2356 2.7356
37 1162 0 100 0.6 2.14543 2.74543
66 1140 0 100 1.7 1.44741 3.14741
40 1177 0 100 0.4 2.78779 3.18779
80 1148 0 100 1.6 1.61222 3.21222
89 1155 0 100 1.8 1.77371 3.57371
47 1156 0 100 1.8 1.77543 3.57543
52 1180 0 100 0.6 2.99463 3.59463
69 1131 0 100 2.6 1.11933 3.71933
73 1139 0 100 2.7 1.38127 4.08127
57 1146 0 100 2.6 1.50695 4.10695
44 1179 0 100 1.4 2.91131 4.31131
42 1170 0 100 2.1 2.34885 4.44885
99 1178 0 100 1.9 2.85815 4.75816
51 1165 0 100 2.6 2.22509 4.82509
30 1147 0 100 3.9 1.59013 5.49013
29 1161 0 100 3.6 2.12749 5.72749
28 1167 0 100 3.6 2.3072 5.9072
62 1157 0 100 4.2 1.80425 6.00425
38 1200 0 100 0.7 5.7831 6.4831
58 1159 0 100 4.8 1.92784 6.72784
67 1189 0 100 2 4.81255 6.81255
59 1171 0 100 4.4 2.41798 6.81798
76 1136 0 100 5.6 1.31031 6.91031
35 1134 0 100 5.9 1.20319 7.10319
35 1191 0 100 2.1 5.05704 7.15704
60 1129 0 100 6.2 1.08458 7.28458
101 1182 0 100 3.1 4.27683 7.37683
102 1173 0 100 5.1 2.47327 7.57327
43 1163 0 100 5.5 2.17922 7.67922
32 1144 0 100 6.2 1.50126 7.70126
96 1130 0 100 6.7 1.09529 7.79529
72 1203 0 100 1.8 6.13973 7.93973
96 1213 0 100 1.16701e-08 7.9409 7.9409
85 1151 0 100 6.3 1.67754 7.97754
32 1196 0 100 2.7 5.32711 8.02711
54 1172 0 100 5.8 2.46342 8.26342
80 1209 0 100 0.8 7.51092 8.31092
104 1201 0 100 2.5 5.82578 8.32578
27 1164 0 100 6.3 2.21189 8.51189
63 1176 0 100 6 2.77558 8.77558
89 1204 0 100 2.3 6.47874 8.77874
84 1193 0 100 3.7 5.10426 8.80426
52 1197 0 100 3.2 5.62188 8.82188
36 1187 0 100 4.3 4.72112 9.02112
36 1143 0 100 7.7 1.4901 9.1901
61 1221 0 100 1.16701e-08 9.24321 9.24321
89 1183 0 100 4.9 4.39651 9.29651
73 1188 0 100 4.7 4.76797 9.46797
100 1137 0 100 8.7 1.34292 10.0429
99 1190 0 100 5.2 4.97253 10.1725
99 1207 0 100 3.1 7.16046 10.2605
48 1169 0 100 8.9 2.3465 11.2465
53 1194 0 100 6.6 5.16071 11.7607
58 1222 0 100 2.7 9.36796 12.068
94 1237 0 100 1 11.3348 12.3348
72 1142 0 100 11.1 1.48457 12.5846
101 1210 0 100 5.1 7.54893 12.6489
60 1226 0 100 2.9 9.7525 12.6525
43 1230 0 100 2.8 10.1379 12.9379
54 1235 0 100 1.8 11.1587 12.9587
64 1158 0 100 11.1 1.9257 13.0257
96 1249 0 100 4.66804e-08 13.189 13.189
96 1234 0 100 2.3 11.1143 13.4143
64 1220 0 100 4.4 9.18108 13.5811
95 1245 0 100 0.6 13.0455 13.6455
64 1206 0 100 6.9 6.90721 13.8072
47 1214 0 100 5.8 8.02998 13.83
66 1185 0 100 9.3 4.59303 13.893
57 1184 0 100 10.1 4.47849 14.5785
73 1208 0 100 7.4 7.36665 14.7666
88 1153 0 100 13.2 1.74098 14.941
42 1212 0 100 7.1 7.84631 14.9463
