50 1417 0 100 1.16701e-08 1.43413 1.43413
57 1419 0 100 1.16701e-08 1.48892 1.48892
122 1404 0 100 0.6 1.07325 1.67325
79 1422 0 100 0.5 1.50952 2.00953
44 1423 0 100 0.5 1.52818 2.02818
109 1414 0 100 0.7 1.36034 2.06034
37 1420 0 100 1.1 1.49552 2.59552
124 1416 0 100 1.2 1.40344 2.60344
54 1430 0 100 0.9 1.73001 2.63001
29 1411 0 100 1.5 1.25861 2.75861
66 1426 0 100 1.4 1.56549 2.96549
45 1431 0 100 1.5 1.73845 3.23845
78 1421 0 100 1.8 1.50405 3.30405
49 1451 0 100 1 2.53864 3.53864
55 1413 0 100 2.3 1.33447 3.63447
35 1432 0 100 1.9 1.74867 3.64867
86 1448 0 100 2 2.36612 4.36612
95 1400 0 100 3.4 1.00728 4.40728
107 1465 0 100 1.8 2.89135 4.69135
70 1471 0 100 0.7 4.07062 4.77062
70 1429 0 100 3.2 1.67579 4.87579
87 1462 0 100 2.1 2.83907 4.93907
25 1403 0 100 4.3 1.04779 5.34779
92 1418 0 100 3.9 1.48181 5.38181
103 1460 0 100 2.8 2.78494 5.58494
75 1484 0 100 1 5.31474 6.31474
71 1410 0 100 5.1 1.23982 6.33982
47 1463 0 100 3.7 2.87122 6.57122
113 1480 0 100 1.7 4.88785 6.58785
113 1402 0 100 5.7 1.01799 6.71799
123 1443 0 100 4.9 2.1672 7.0672
84 1457 0 100 4.5 2.71359 7.21359
61 1464 0 100 4.4 2.89127 7.29127
74 1495 0 100 1.1 6.28015 7.38015
74 1445 0 100 5.2 2.19577 7.39577
40 1458 0 100 4.9 2.72127 7.62127
74 1475 0 100 3.4 4.2535 7.6535
29 1474 0 100 3.8 4.17747 7.97747
46 1468 0 100 4.2 3.8493 8.0493
46 1428 0 100 6.4 1.6561 8.0561
68 1486 0 100 2.7 5.36569 8.06569
30 1436 0 100 6.3 1.9353 8.2353
59 1438 0 100 6.3 1.96801 8.26801
33 1506 0 100 1.1 7.4102 8.5102
49 1479 0 100 4 4.7789 8.7789
41 1447 0 100 6.5 2.3338 8.8338
89 1466 0 100 5.9 2.96968 8.86968
45 1470 0 100 4.9 3.97234 8.87234
78 1472 0 100 4.8 4.08552 8.88552
73 1496 0 100 2.6 6.30611 8.90611
35 1476 0 100 4.6 4.36101 8.96101
56 1408 0 100 7.9 1.18924 9.08924
114 1493 0 100 3 6.17093 9.17093
95 1511 0 100 1.1 8.08039 9.18039
36 1455 0 100 6.7 2.63044 9.33044
36 1487 0 100 3.8 5.55122 9.35122
31 1449 0 100 7.2 2.40298 9.60298
94 1427 0 100 8.2 1.62796 9.82796
117 1515 0 100 1.1 8.76826 9.86826
48 1500 0 100 3.4 6.64503 10.045
106 1489 0 100 4.4 5.71973 10.1197
87 1498 0 100 3.7 6.4489 10.1489
92 1510 0 100 2.7 8.05484 10.7548
101 1450 0 100 8.7 2.52064 11.2206
51 1433 0 100 9.8 1.75922 11.5592
75 1507 0 100 4.2 7.4313 11.6313
88 1520 0 100 1.9 9.80239 11.7024
82 1502 0 100 4.9 6.8499 11.7499
65 1459 0 100 9.4 2.76109 12.1611
28 1482 0 100 7.3 4.99811 12.2981
40 1512 0 100 4.3 8.16863 12.4686
91 1508 0 100 4.7 7.77407 12.4741
28 1424 0 100 11 1.53239 12.5324
85 1534 0 100 0.8 11.774 12.574
98 1530 0 100 1.3 11.4411 12.7411
100 1415 0 100 11.5 1.37007 12.8701
68 1535 0 100 1.1 11.9411 13.0411
81 1513 0 100 4.8 8.24555 13.0455
68 1516 0 100 4.1 8.95078 13.0508
81 1401 0 100 12.1 1.00912 13.1091
46 1504 0 100 5.9 7.2194 13.1194
29 1536 0 100 1.2 11.9824 13.1824
43 1425 0 100 11.7 1.53759 13.2376
67 1541 0 100 0.3 13.0687 13.3687
66 1525 0 100 2.5 10.9744 13.4744
83 1528 0 100 2.6 11.0312 13.6312
49 1549 0 100 1.16701e-08 13.9386 13.9386
49 1518 0 100 4.3 9.68353 13.9835
26 1529 0 100 2.8 11.2359 14.0359
27 1532 0 100 2.5 11.588 14.088
49 1505 0 100 6.7 7.40148 14.1015
35 1540 0 100 1.5 12.6033 14.1033
89 1544 0 100 0.7 13.4545 14.1545
56 1514 0 100 5.8 8.63437 14.4344
31 1548 0 100 0.6 13.8446 14.4446
56 1542 0 100 1.4 13.0935 14.4935
95 1527 0 100 3.5 11.0063 14.5063
76 1454 0 100 12.2 2.59666 14.7967
86 1551 0 100 0.7 14.1194 14.8194
107 1499 0 100 8.5 6.48735 14.9873
