64 1017 1.0043
85 1018 1.01278
42 1019 1.06807
65 1020 1.10474
75 1021 1.11294
93 1022 1.14799
80 1023 1.16973
62 1024 1.17219
77 1025 1.182
82 1026 1.21944
47 1027 1.21987
91 1028 1.29404
28 1029 1.30424
89 1030 1.30641
69 1031 1.31493
79 1032 1.35828
59 1033 1.38397
94 1034 1.4094
32 1035 1.4372
35 1036 1.44383
70 1037 1.52989
36 1038 1.54368
40 1039 1.66057
84 1040 1.68055
57 1041 1.68135
50 1042 1.7274
73 1043 1.88925
33 1044 1.89961
27 1045 1.92859
76 1046 2.01005
60 1047 2.02688
72 1048 2.03324
49 1049 2.12161
37 1050 2.12755
67 1051 2.19141
48 1052 2.20234
88 1053 2.28025
58 1054 2.38023
44 1055 2.39171
31 1056 2.51665
46 1057 2.58235
87 1058 2.60688
53 1059 2.61477
74 1060 2.67209
25 1061 2.76252
54 1062 2.76379
83 1063 2.77766
56 1064 2.87472
90 1065 2.89111
26 1066 2.95065
64 1067 3.13646
42 1068 4.01424
27 1069 4.1012
62 1070 4.29509
67 1071 4.30398
65 1072 4.65429
46 1073 5.03113
47 1074 5.14485
54 1075 5.18882
33 1076 5.22254
59 1077 5.52529
35 1078 5.54779
40 1079 6.00055
94 1080 6.41582
91 1081 6.49528
90 1082 6.50341
48 1083 6.93705
27 1084 6.99387
62 1085 7.13668
56 1086 7.47919
67 1087 7.52905
25 1088 7.5408
76 1089 8.05054
65 1090 8.31619
36 1091 8.78284
53 1092 8.87273
28 1093 9.16393
55 1094 9.19293
94 1095 9.19463
47 1096 9.23659
48 1097 9.27495
27 1098 9.30735
71 1099 9.5148
91 1100 9.62585
38 1101 9.78057
54 1102 9.90245
61 1103 9.92009
76 1104 10.2123
64 1105 10.2965
49 1106 10.6222
35 1107 10.7015
60 1108 10.8378
25 1109 11.1527
65 1110 11.641
44 1111 11.6886
83 1112 12.2997
67 1113 12.3159
28 1114 12.5667
55 1115 12.7902
53 1116 12.8238
86 1117 12.9137
76 1118 13.11
93 1119 13.2744
38 1120 13.6373
62 1121 13.747
25 1122 13.7889
46 1123 14.2451
74 1124 14.3228
32 1125 14.4904
80 1126 14.5585
64 1127 14.7619
