35 924 0 100 1.16701e-08 1.18214 1.18214
54 925 0 100 2.33402e-08 1.19944 1.19944
39 926 0 100 0.6 1.21363 1.81363
64 943 0 100 0.2 1.85726 2.05726
34 923 0 100 1.4 1.10679 2.50679
40 927 0 100 1.3 1.21515 2.51515
58 958 0 100 1.16701e-08 2.7795 2.7795
55 948 0 100 0.7 2.11431 2.81431
29 941 0 100 1.7 1.819 3.519
67 944 0 100 1.7 1.97551 3.67551
53 942 0 100 2.3 1.8227 4.1227
61 938 0 100 4 1.6465 5.6465
43 962 0 100 2.1 3.54857 5.64857
69 947 0 100 4.2 2.10226 6.30226
41 950 0 100 4.3 2.32343 6.62343
65 982 0 100 1.16701e-08 6.63437 6.63437
42 939 0 100 5 1.66583 6.66583
81 970 0 100 1.9 5.08932 6.98932
74 945 0 100 5.1 2.0577 7.1577
60 971 0 100 2.2 5.19737 7.39737
26 978 0 100 1.1 6.5183 7.6183
29 972 0 100 3.6 5.23132 8.83132
80 940 0 100 7.2 1.75368 8.95368
44 946 0 100 6.9 2.06451 8.96451
44 969 0 100 4.1 4.98538 9.08538
53 987 0 100 1 8.41301 9.41301
48 922 0 100 8.7 1.00394 9.70394
31 935 0 100 8.4 1.4782 9.8782
50 932 0 100 8.6 1.38271 9.98271
36 936 0 100 8.5 1.5635 10.0635
43 933 0 100 9.5 1.44919 10.9492
33 990 0 100 2 8.99641 10.9964
43 981 0 100 4.4 6.63424 11.0342
35 976 0 100 5.5 6.00295 11.503
54 988 0 100 3.2 8.47738 11.6774
54 997 0 100 0.8 10.8881 11.6881
65 953 0 100 9.4 2.40979 11.8098
41 985 0 100 4.7 7.1144 11.8144
41 1000 0 100 0.5 11.3486 11.8486
42 967 0 100 7.3 4.63306 11.9331
42 1002 0 100 0.4 11.616 12.016
81 991 0 100 2.8 9.48187 12.2819
81 952 0 100 9.9 2.39931 12.2993
84 955 0 100 10.1 2.49183 12.5918
76 931 0 100 11.3 1.36482 12.6648
63 994 0 100 2.6 10.091 12.691
60 989 0 100 3.9 8.81638 12.7164
63 954 0 100 10.4 2.43449 12.8345
34 961 0 100 9.8 3.27932 13.0793
55 984 0 100 6.2 6.95847 13.1585
55 999 0 100 1.9 11.3015 13.2015
49 951 0 100 10.9 2.38767 13.2877
58 983 0 100 6.5 6.81111 13.3111
73 937 0 100 12 1.58813 13.5881
73 965 0 100 9.1 4.57959 13.6796
78 928 0 100 12.5 1.21719 13.7172
78 964 0 100 9.6 4.13609 13.7361
83 993 0 100 4.1 9.97506 14.0751
