45 782
33 783
46 783
26 780
51 781
35 785
46 787
50 780
64 789
44 788
39 781
50 793
41 790
56 789
43 792
55 792
59 784
53 780
36 798
47 798
26 793
29 803
31 803
62 801
57 782
39 805
47 806
31 807
53 793
49 788
58 800
37 801
53 809
62 800
44 792
25 785
50 809
35 811
50 812
55 808
41 789
27 798
45 810
30 803
29 807
56 814
36 806
47 818
60 795
43 815
31 820
58 801
54 794
33 787
46 819
33 819
42 783
57 810
61 784
59 780
61 780
53 812
50 822
45 824
63 799
33 826
46 826
36 818
47 827
40 804
32 802
40 802
38 797
52 791
28 796
37 800
62 813
58 830
37 830
51 805
59 834
61 834
39 817
42 826
61 836
40 837
53 834
50 829
59 836
25 811
46 831
33 835
38 791
52 796
35 821
56 823
64 814
41 816
53 836
42 831
47 833
