36 50 0.048 49.952
31 50 0.048 49.952
36 50 0.048 49.952
48 50 0.0048 49.9952
48 49.9952 0.048 49.9472
36 49.952 0.0048 49.9472
36 49.9472 0.16 49.7872
48 49.9472 0.016 49.9312
48 49.9312 0.016 49.9152
36 49.7872 0.0016 49.7856
48 49.9152 0.048 49.8672
36 49.7856 0.0048 49.7808
31 50 0.048 49.952
48 50 0.048 49.952
36 50 0.0048 49.9952
27 50 0.048 49.952
31 50 0.048 49.952
48 50 0.048 49.952
36 50 0.0048 49.9952
27 50 0.048 49.952
31 50 0.048 49.952
44 50 0.048 49.952
32 50 0.0048 49.9952
32 49.9952 0.048 49.9472
44 49.952 0.0048 49.9472
44 49.9472 0.16 49.7872
32 49.9472 0.016 49.9312
32 49.9312 0.016 49.9152
44 49.7872 0.0016 49.7856
32 49.9152 0.048 49.8672
44 49.7856 0.0048 49.7808
40 50 0.048 49.952
48 50 0.048 49.952
36 50 0.0048 49.9952
27 50 0.048 49.952
31 50 0.048 49.952
32 50 0.048 49.952
44 49.8862 0.0048 49.8814
52 50 0.0048 49.9952
52 49.9952 0.048 49.9472
32 49.952 0.0048 49.9472
32 49.9472 0.16 49.7872
44 49.8814 0.016 49.8654
52 49.9472 0.016 49.9312
52 49.9312 0.016 49.9152
32 49.7872 0.0016 49.7856
52 49.9152 0.048 49.8672
32 49.7856 0.0048 49.7808
44 49.8654 0.0048 49.8606
40 50 0.048 49.952
26 50 0.048 49.952
41 50 0.0048 49.9952
41 49.9952 0.048 49.9472
54 50 0.0048 49.9952
54 49.9952 0.048 49.9472
26 49.952 0.0096 49.9424
26 49.9424 0.16 49.7824
41 49.9472 0.016 49.9312
41 49.9312 0.016 49.9152
26 49.7824 0.0016 49.7808
41 49.9152 0.048 49.8672
26 49.7808 0.0048 49.776
54 49.9472 0.0048 49.9424
54 49.9424 0.048 49.8944
41 49.8672 0.0048 49.8624
41 49.8624 0.16 49.7024
54 49.8944 0.016 49.8784
26 49.776 0.016 49.76
54 49.8784 0.016 49.8624
54 49.8624 0.016 49.8464
41 49.7024 0.0016 49.7008
54 49.8464 0.048 49.7984
26 49.76 0.0048 49.7552
41 49.7008 0.0048 49.696
42 50 0.048 49.952
48 50 0.048 49.952
36 50 0.0048 49.9952
27 50 0.048 49.952
31 50 0.048 49.952
52 50 0.048 49.952
44 49.9835 0.0048 49.9787
46 50 0.048 49.952
40 50 0.048 49.952
54 50 0.048 49.952
26 50 0.0048 49.9952
41 50 0.0048 49.9952
35 50 0.048 49.952
49 50 0.0048 49.9952
49 49.9952 0.048 49.9472
35 49.952 0.0048 49.9472
35 49.9472 0.16 49.7872
49 49.9472 0.016 49.9312
49 49.9312 0.016 49.9152
35 49.7872 0.0016 49.7856
49 49.9152 0.048 49.8672
35 49.7856 0.0048 49.7808
42 50 0.048 49.952
48 50 0.048 49.952
36 50 0.0048 49.9952
27 50 0.048 49.952
31 50 0.048 49.952
45 50 0.048 49.952
52 50 0.048 49.952
44 50 0.0048 49.9952
46 50 0.048 49.952
40 50 0.048 49.952
54 50 0.048 49.952
41 50 0.0048 49.9952
41 50 0.048 49.952
26 50 0.0048 49.9952
26 49.9952 0.048 49.9472
54 49.952 0.0048 49.9472
41 49.952 0.0048 49.9472
41 49.9472 0.16 49.7872
26 49.9472 0.016 49.9312
26 49.9312 0.016 49.9152
41 49.7872 0.0016 49.7856
26 49.9152 0.048 49.8672
41 49.7856 0.0048 49.7808
54 49.9472 0.016 49.9312
49 50 0.048 49.952
35 49.9109 0.0048 49.9061
42 50 0.048 49.952
48 50 0.048 49.952
36 50 0.0048 49.9952
27 50 0.048 49.952
31 50 0.048 49.952
45 50 0.048 49.952
34 50 0.048 49.952
52 50 0.048 49.952
46 50 0.048 49.952
40 50 0.048 49.952
54 50 0.048 49.952
41 49.7808 0.0048 49.776
54 49.952 0.0048 49.9472
54 49.9472 0.16 49.7872
54 49.7872 0.0016 49.7856
41 49.776 0.016 49.76
26 50 0.048 49.952
41 49.8739 0.0048 49.8691
49 50 0.048 49.952
42 50 0.048 49.952
48 50 0.048 49.952
36 50 0.0048 49.9952
27 50 0.048 49.952
31 50 0.048 49.952
45 50 0.048 49.952
34 50 0.048 49.952
52 50 0.048 49.952
46 50 0.048 49.952
40 50 0.048 49.952
29 50 0.048 49.952
37 50 0.0048 49.9952
37 49.9952 0.048 49.9472
43 50 0.0048 49.9952
43 49.9952 0.048 49.9472
29 49.952 0.0096 49.9424
29 49.9424 0.16 49.7824
37 49.9472 0.016 49.9312
37 49.9312 0.016 49.9152
29 49.7824 0.0016 49.7808
37 49.9152 0.048 49.8672
29 49.7808 0.0048 49.776
43 49.9472 0.016 49.9312
26 50 0.048 49.952
49 50 0.048 49.952
42 50 0.048 49.952
48 50 0.048 49.952
36 50 0.0048 49.9952
27 50 0.048 49.952
31 50 0.048 49.952
45 50 0.048 49.952
34 50 0.048 49.952
52 50 0.048 49.952
46 50 0.048 49.952
40 50 0.048 49.952
37 50 0.048 49.952
29 50 0.0048 49.9952
26 50 0.048 49.952
49 50 0.048 49.952
42 50 0.048 49.952
48 50 0.048 49.952
36 50 0.0048 49.9952
27 50 0.048 49.952
31 50 0.048 49.952
45 50 0.048 49.952
43 50 0.048 49.952
34 50 0.048 49.952
52 50 0.048 49.952
46 50 0.048 49.952
40 50 0.048 49.952
25 50 0.048 49.952
33 50 0.048 49.952
37 50 0.048 49.952
29 50 0.0048 49.9952
26 50 0.048 49.952
54 50 0.0048 49.9952
54 49.9952 0.048 49.9472
26 49.952 0.0048 49.9472
26 49.9472 0.16 49.7872
54 49.9472 0.016 49.9312
54 49.9312 0.016 49.9152
26 49.7872 0.0016 49.7856
54 49.9152 0.048 49.8672
26 49.7856 0.0048 49.7808
41 50 0.0048 49.9952
49 50 0.048 49.952
42 50 0.048 49.952
48 50 0.048 49.952
36 50 0.0048 49.9952
27 50 0.048 49.952
31 50 0.048 49.952
45 50 0.048 49.952
43 50 0.048 49.952
34 50 0.048 49.952
52 50 0.048 49.952
46 50 0.048 49.952
28 50 0.048 49.952
40 50 0.048 49.952
25 50 0.048 49.952
35 50 0.0048 49.9952
35 49.9952 0.048 49.9472
25 49.952 0.0048 49.9472
25 49.9472 0.16 49.7872
35 49.9472 0.016 49.9312
35 49.9312 0.016 49.9152
25 49.7872 0.0016 49.7856
35 49.9152 0.048 49.8672
25 49.7856 0.0048 49.7808
33 50 0.048 49.952
37 50 0.048 49.952
54 50 0.048 49.952
26 50 0.0048 49.9952
41 50 0.0048 49.9952
49 50 0.048 49.952
42 50 0.048 49.952
48 50 0.048 49.952
36 50 0.0048 49.9952
27 50 0.048 49.952
31 50 0.048 49.952
45 50 0.048 49.952
43 50 0.048 49.952
34 50 0.048 49.952
52 50 0.048 49.952
53 50 0.0048 49.9952
53 49.9952 0.048 49.9472
52 49.952 0.0048 49.9472
52 49.9472 0.16 49.7872
53 49.9472 0.016 49.9312
53 49.9312 0.016 49.9152
52 49.7872 0.0016 49.7856
53 49.9152 0.048 49.8672
44 50 0.0048 49.9952
52 49.7856 0.0048 49.7808
46 50 0.048 49.952
28 50 0.048 49.952
51 50 0.048 49.952
40 50 0.048 49.952
35 49.9756 0.048 49.9276
25 50 0.0048 49.9952
33 50 0.048 49.952
37 50 0.048 49.952
54 50 0.048 49.952
26 50 0.0048 49.9952
41 50 0.0048 49.9952
49 50 0.048 49.952
42 50 0.048 49.952
48 50 0.048 49.952
36 50 0.0048 49.9952
48 49.952 0.0048 49.9472
48 49.9472 0.16 49.7872
48 49.7872 0.0016 49.7856
36 49.9952 0.016 49.9792
27 50 0.048 49.952
31 50 0.048 49.952
45 50 0.048 49.952
43 50 0.048 49.952
34 50 0.048 49.952
53 50 0.048 49.952
32 50 0.0048 49.9952
44 50 0.0048 49.9952
46 50 0.048 49.952
28 50 0.048 49.952
51 50 0.048 49.952
50 50 0.0048 49.9952
50 49.9952 0.048 49.9472
51 49.952 0.0048 49.9472
51 49.9472 0.16 49.7872
50 49.9472 0.016 49.9312
50 49.9312 0.016 49.9152
51 49.7872 0.0016 49.7856
50 49.9152 0.048 49.8672
51 49.7856 0.0048 49.7808
40 50 0.048 49.952
35 50 0.048 49.952
25 50 0.0048 49.9952
33 50 0.048 49.952
37 50 0.048 49.952
54 50 0.048 49.952
41 50 0.0048 49.9952
49 50 0.048 49.952
42 50 0.048 49.952
27 50 0.048 49.952
31 50 0.048 49.952
45 50 0.048 49.952
43 50 0.048 49.952
34 50 0.048 49.952
53 50 0.048 49.952
44 50 0.0048 49.9952
46 50 0.048 49.952
28 50 0.048 49.952
50 50 0.048 49.952
51 49.8953 0.0048 49.8905
40 50 0.048 49.952
35 50 0.048 49.952
25 50 0.0048 49.9952
33 50 0.048 49.952
37 50 0.048 49.952
54 50 0.048 49.952
41 50 0.0048 49.9952
49 50 0.048 49.952
42 50 0.048 49.952
27 50 0.048 49.952
31 50 0.048 49.952
45 50 0.048 49.952
43 50 0.048 49.952
34 50 0.048 49.952
53 50 0.048 49.952
44 50 0.0048 49.9952
46 50 0.048 49.952
28 50 0.048 49.952
50 50 0.048 49.952
51 50 0.0048 49.9952
40 50 0.048 49.952
35 50 0.048 49.952
33 50 0.048 49.952
30 50 0.048 49.952
47 50 0.0048 49.9952
47 49.9952 0.048 49.9472
30 49.952 0.0048 49.9472
30 49.9472 0.16 49.7872
47 49.9472 0.016 49.9312
47 49.9312 0.016 49.9152
30 49.7872 0.0016 49.7856
47 49.9152 0.048 49.8672
30 49.7856 0.0048 49.7808
37 50 0.048 49.952
54 50 0.048 49.952
26 50 0.0048 49.9952
41 50 0.0048 49.9952
49 50 0.048 49.952
42 50 0.048 49.952
27 50 0.048 49.952
31 50 0.048 49.952
45 50 0.048 49.952
43 50 0.048 49.952
34 50 0.048 49.952
53 50 0.048 49.952
44 50 0.0048 49.9952
46 50 0.048 49.952
28 50 0.048 49.952
28 49.952 0.0048 49.9472
28 49.9472 0.16 49.7872
28 49.7872 0.0016 49.7856
50 50 0.048 49.952
51 50 0.0048 49.9952
40 50 0.048 49.952
35 50 0.048 49.952
25 50 0.0048 49.9952
33 50 0.048 49.952
47 50 0.048 49.952
37 50 0.048 49.952
54 50 0.048 49.952
41 50 0.0048 49.9952
49 50 0.048 49.952
42 50 0.048 49.952
27 50 0.048 49.952
31 50 0.048 49.952
45 50 0.048 49.952
43 50 0.048 49.952
34 50 0.048 49.952
53 50 0.048 49.952
44 50 0.0048 49.9952
46 50 0.048 49.952
50 50 0.048 49.952
51 50 0.0048 49.9952
40 50 0.048 49.952
35 50 0.048 49.952
25 50 0.0048 49.9952
33 50 0.048 49.952
47 50 0.048 49.952
37 50 0.048 49.952
43 50 0.0048 49.9952
54 50 0.048 49.952
41 50 0.0048 49.9952
49 50 0.048 49.952
25 49.9952 0.0048 49.9904
25 49.9904 0.048 49.9424
49 49.952 0.0048 49.9472
49 49.9472 0.16 49.7872
25 49.9424 0.016 49.9264
25 49.9264 0.016 49.9104
49 49.7872 0.0016 49.7856
25 49.9104 0.048 49.8624
35 49.952 0.0048 49.9472
49 49.7856 0.0048 49.7808
42 50 0.048 49.952
27 50 0.048 49.952
39 50 0.048 49.952
31 50 0.048 49.952
45 50 0.048 49.952
43 49.9952 0.048 49.9472
29 50 0.0048 49.9952
29 49.9952 0.048 49.9472
37 49.952 0.0048 49.9472
43 49.9472 0.0048 49.9424
43 49.9424 0.16 49.7824
29 49.9472 0.016 49.9312
29 49.9312 0.016 49.9152
43 49.7824 0.0016 49.7808
29 49.9152 0.048 49.8672
37 49.9472 0.0048 49.9424
43 49.7808 0.0048 49.776
37 49.9424 0.016 49.9264
34 50 0.048 49.952
53 50 0.048 49.952
44 50 0.0048 49.9952
46 50 0.048 49.952
50 50 0.048 49.952
51 50 0.0048 49.9952
40 50 0.048 49.952
35 50 0.048 49.952
25 50 0.0048 49.9952
38 50 0.048 49.952
33 50 0.048 49.952
47 50 0.048 49.952
37 50 0.048 49.952
29 50 0.0048 49.9952
43 50 0.0048 49.9952
43 49.9952 0.048 49.9472
37 49.952 0.0048 49.9472
37 49.9472 0.16 49.7872
29 49.9952 0.016 49.9792
43 49.9472 0.016 49.9312
43 49.9312 0.016 49.9152
37 49.7872 0.0016 49.7856
43 49.9152 0.048 49.8672
29 49.9792 0.0048 49.9744
37 49.7856 0.0048 49.7808
54 50 0.048 49.952
41 50 0.0048 49.9952
25 49.9952 0.048 49.9472
35 49.952 0.0048 49.9472
49 49.8887 0.0048 49.8839
42 50 0.048 49.952
27 50 0.048 49.952
39 50 0.048 49.952
31 50 0.048 49.952
45 50 0.048 49.952
29 49.9744 0.048 49.9264
37 49.7808 0.0048 49.776
37 49.776 0.048 49.728
29 49.9264 0.0048 49.9216
29 49.9216 0.16 49.7616
37 49.728 0.016 49.712
37 49.712 0.016 49.696
29 49.7616 0.0016 49.76
37 49.696 0.048 49.648
29 49.76 0.0048 49.7552
43 49.8672 0.0048 49.8624
34 50 0.048 49.952
53 50 0.048 49.952
44 50 0.0048 49.9952
46 50 0.048 49.952
50 50 0.048 49.952
51 50 0.0048 49.9952
40 50 0.048 49.952
35 50 0.048 49.952
25 50 0.0048 49.9952
49 49.9966 0.0048 49.9918
49 49.9918 0.048 49.9438
35 49.952 0.0048 49.9472
35 49.9472 0.16 49.7872
25 49.9952 0.016 49.9792
49 49.9438 0.016 49.9278
49 49.9278 0.016 49.9118
35 49.7872 0.0016 49.7856
49 49.9118 0.048 49.8638
25 49.9792 0.0048 49.9744
35 49.7856 0.0048 49.7808
38 50 0.048 49.952
33 50 0.048 49.952
47 50 0.048 49.952
30 50 0.0048 49.9952
43 50 0.048 49.952
54 50 0.048 49.952
41 50 0.0048 49.9952
25 49.9744 0.048 49.9264
35 49.7808 0.0048 49.776
49 49.8638 0.0048 49.859
42 50 0.048 49.952
27 50 0.048 49.952
39 50 0.048 49.952
31 50 0.048 49.952
45 50 0.048 49.952
37 49.8677 0.048 49.8197
34 50 0.048 49.952
53 50 0.048 49.952
44 50 0.0048 49.9952
46 50 0.048 49.952
50 50 0.048 49.952
40 50 0.048 49.952
49 50 0.048 49.952
25 50 0.0048 49.9952
35 50 0.0048 49.9952
38 50 0.048 49.952
33 50 0.048 49.952
47 50 0.048 49.952
30 50 0.0048 49.9952
43 50 0.048 49.952
29 50 0.0048 49.9952
54 50 0.048 49.952
25 49.9952 0.048 49.9472
35 49.9952 0.0048 49.9904
49 49.952 0.0048 49.9472
42 50 0.048 49.952
27 50 0.048 49.952
39 50 0.048 49.952
31 50 0.048 49.952
45 50 0.048 49.952
37 50 0.048 49.952
34 50 0.048 49.952
53 50 0.048 49.952
44 50 0.0048 49.9952
46 50 0.048 49.952
50 50 0.048 49.952
40 50 0.048 49.952
49 50 0.048 49.952
25 50 0.0048 49.9952
35 50 0.0048 49.9952
38 50 0.048 49.952
33 50 0.048 49.952
47 50 0.048 49.952
30 50 0.0048 49.9952
43 50 0.048 49.952
29 50 0.0048 49.9952
54 50 0.048 49.952
41 50 0.0048 49.9952
25 49.9952 0.048 49.9472
35 49.9952 0.0048 49.9904
42 50 0.048 49.952
27 50 0.048 49.952
39 50 0.048 49.952
31 50 0.048 49.952
48 50 0.0048 49.9952
48 49.9952 0.048 49.9472
31 49.952 0.0048 49.9472
31 49.9472 0.16 49.7872
48 49.9472 0.016 49.9312
48 49.9312 0.016 49.9152
31 49.7872 0.0016 49.7856
48 49.9152 0.048 49.8672
31 49.7856 0.0048 49.7808
36 50 0.0048 49.9952
36 49.9952 0.048 49.9472
48 49.8672 0.0048 49.8624
48 49.8624 0.16 49.7024
31 49.7808 0.016 49.7648
36 49.9472 0.016 49.9312
36 49.9312 0.016 49.9152
48 49.7024 0.0016 49.7008
36 49.9152 0.048 49.8672
48 49.7008 0.0048 49.696
45 50 0.048 49.952
37 50 0.048 49.952
34 50 0.048 49.952
53 50 0.048 49.952
44 50 0.0048 49.9952
46 50 0.048 49.952
50 50 0.048 49.952
40 50 0.048 49.952
49 50 0.048 49.952
35 50 0.0048 49.9952
38 50 0.048 49.952
33 50 0.048 49.952
47 50 0.048 49.952
30 50 0.0048 49.9952
43 50 0.048 49.952
29 50 0.0048 49.9952
54 50 0.048 49.952
41 50 0.0048 49.9952
25 50 0.048 49.952
42 50 0.048 49.952
27 50 0.048 49.952
39 50 0.048 49.952
36 50 0.048 49.952
48 49.8327 0.0048 49.8279
45 50 0.048 49.952
37 50 0.048 49.952
34 50 0.048 49.952
53 50 0.048 49.952
44 50 0.0048 49.9952
46 50 0.048 49.952
50 50 0.048 49.952
40 50 0.048 49.952
49 50 0.048 49.952
35 50 0.0048 49.9952
38 50 0.048 49.952
33 50 0.048 49.952
47 50 0.048 49.952
30 50 0.0048 49.9952
43 50 0.048 49.952
54 50 0.048 49.952
26 50 0.0048 49.9952
41 50 0.0048 49.9952
25 50 0.048 49.952
42 50 0.048 49.952
27 50 0.048 49.952
39 50 0.048 49.952
36 50 0.048 49.952
48 50 0.0048 49.9952
45 50 0.048 49.952
37 50 0.048 49.952
34 50 0.048 49.952
53 50 0.048 49.952
44 50 0.0048 49.9952
46 50 0.048 49.952
50 50 0.048 49.952
40 50 0.048 49.952
49 50 0.048 49.952
35 50 0.0048 49.9952
38 50 0.048 49.952
33 50 0.048 49.952
47 50 0.048 49.952
30 50 0.0048 49.9952
43 50 0.048 49.952
54 50 0.048 49.952
41 50 0.0048 49.9952
25 50 0.048 49.952
35 49.9952 0.0048 49.9904
42 50 0.048 49.952
44 50 0.048 49.952
53 50 0.0048 49.9952
27 50 0.048 49.952
39 50 0.048 49.952
36 50 0.048 49.952
48 50 0.0048 49.9952
45 50 0.048 49.952
37 50 0.048 49.952
29 50 0.0048 49.9952
34 50 0.048 49.952
53 49.9952 0.048 49.9472
44 49.952 0.0048 49.9472
46 50 0.048 49.952
50 50 0.048 49.952
40 50 0.048 49.952
49 50 0.048 49.952
35 50 0.0048 49.9952
38 50 0.048 49.952
33 50 0.048 49.952
47 50 0.048 49.952
30 50 0.0048 49.9952
43 50 0.048 49.952
54 50 0.048 49.952
41 50 0.0048 49.9952
25 50 0.048 49.952
35 49.9952 0.0048 49.9904
49 49.952 0.0048 49.9472
42 50 0.048 49.952
44 50 0.048 49.952
53 50 0.0048 49.9952
27 50 0.048 49.952
39 50 0.048 49.952
36 50 0.048 49.952
48 50 0.0048 49.9952
45 50 0.048 49.952
37 50 0.048 49.952
29 50 0.0048 49.9952
34 50 0.048 49.952
53 49.9952 0.048 49.9472
44 49.952 0.0048 49.9472
46 50 0.048 49.952
50 50 0.048 49.952
40 50 0.048 49.952
49 50 0.048 49.952
25 50 0.0048 49.9952
35 50 0.0048 49.9952
38 50 0.048 49.952
33 50 0.048 49.952
47 50 0.048 49.952
30 50 0.0048 49.9952
43 50 0.048 49.952
29 50 0.0048 49.9952
54 50 0.048 49.952
41 50 0.0048 49.9952
25 49.9952 0.048 49.9472
35 49.9952 0.0048 49.9904
49 49.952 0.0048 49.9472
42 50 0.048 49.952
44 50 0.048 49.952
27 50 0.048 49.952
39 50 0.048 49.952
36 50 0.048 49.952
48 50 0.0048 49.9952
45 50 0.048 49.952
37 50 0.048 49.952
29 49.9952 0.0048 49.9904
34 50 0.048 49.952
53 50 0.048 49.952
32 50 0.0048 49.9952
46 50 0.048 49.952
50 50 0.048 49.952
40 50 0.048 49.952
49 50 0.048 49.952
35 50 0.0048 49.9952
38 50 0.048 49.952
33 50 0.048 49.952
47 50 0.048 49.952
43 50 0.048 49.952
29 50 0.0048 49.9952
54 50 0.048 49.952
26 50 0.0048 49.9952
41 50 0.0048 49.9952
25 50 0.048 49.952
35 49.9952 0.0048 49.9904
42 50 0.048 49.952
44 50 0.048 49.952
27 50 0.048 49.952
39 50 0.048 49.952
36 50 0.048 49.952
48 50 0.0048 49.9952
45 50 0.048 49.952
37 50 0.048 49.952
29 49.9952 0.0048 49.9904
43 49.952 0.0048 49.9472
34 50 0.048 49.952
53 50 0.048 49.952
32 50 0.0048 49.9952
46 50 0.048 49.952
50 50 0.048 49.952
40 50 0.048 49.952
49 50 0.048 49.952
35 50 0.0048 49.9952
38 50 0.048 49.952
33 50 0.048 49.952
47 50 0.048 49.952
43 50 0.048 49.952
29 50 0.0048 49.9952
54 50 0.048 49.952
26 50 0.0048 49.9952
41 50 0.0048 49.9952
25 50 0.048 49.952
35 49.9952 0.0048 49.9904
42 50 0.048 49.952
44 50 0.048 49.952
27 50 0.048 49.952
39 50 0.048 49.952
36 50 0.048 49.952
48 50 0.0048 49.9952
45 50 0.048 49.952
32 50 0.048 49.952
52 50 0.0048 49.9952
52 49.9952 0.048 49.9472
53 50 0.0048 49.9952
32 49.952 0.0048 49.9472
32 49.9472 0.16 49.7872
52 49.9472 0.016 49.9312
52 49.9312 0.016 49.9152
32 49.7872 0.0016 49.7856
52 49.9152 0.048 49.8672
32 49.7856 0.0048 49.7808
53 49.9952 0.016 49.9792
37 50 0.048 49.952
29 49.9952 0.0048 49.9904
34 50 0.048 49.952
53 49.9792 0.048 49.9312
32 49.7808 0.0048 49.776
46 50 0.048 49.952
50 50 0.048 49.952
40 50 0.048 49.952
49 50 0.048 49.952
35 50 0.0048 49.9952
38 50 0.048 49.952
33 50 0.048 49.952
47 50 0.048 49.952
43 50 0.048 49.952
29 50 0.0048 49.9952
54 50 0.048 49.952
41 50 0.0048 49.9952
25 50 0.048 49.952
35 49.9952 0.0048 49.9904
42 50 0.048 49.952
44 50 0.048 49.952
27 50 0.048 49.952
39 50 0.048 49.952
28 50 0.0048 49.9952
28 49.9952 0.048 49.9472
39 49.952 0.0048 49.9472
39 49.9472 0.16 49.7872
28 49.9472 0.016 49.9312
28 49.9312 0.016 49.9152
39 49.7872 0.0016 49.7856
28 49.9152 0.048 49.8672
39 49.7856 0.0048 49.7808
36 50 0.048 49.952
48 50 0.0048 49.9952
45 50 0.048 49.952
52 50 0.048 49.952
37 50 0.048 49.952
29 49.9952 0.0048 49.9904
34 50 0.048 49.952
53 50 0.048 49.952
32 50 0.0048 49.9952
46 50 0.048 49.952
50 50 0.048 49.952
40 50 0.048 49.952
49 50 0.048 49.952
38 50 0.048 49.952
33 50 0.048 49.952
47 50 0.048 49.952
43 50 0.048 49.952
54 50 0.048 49.952
41 50 0.0048 49.9952
25 50 0.048 49.952
35 50 0.0048 49.9952
42 50 0.048 49.952
44 50 0.048 49.952
27 50 0.048 49.952
28 50 0.048 49.952
39 50 0.0048 49.9952
36 50 0.048 49.952
48 50 0.0048 49.9952
45 50 0.048 49.952
52 50 0.048 49.952
32 50 0.0048 49.9952
37 50 0.048 49.952
29 50 0.0048 49.9952
34 50 0.048 49.952
53 50 0.048 49.952
32 49.9952 0.0048 49.9904
46 50 0.048 49.952
50 50 0.048 49.952
51 50 0.0048 49.9952
40 50 0.048 49.952
40 49.952 0.0048 49.9472
40 49.9472 0.16 49.7872
40 49.7872 0.0016 49.7856
49 50 0.048 49.952
25 50 0.0048 49.9952
38 50 0.048 49.952
33 50 0.048 49.952
47 50 0.048 49.952
43 50 0.048 49.952
54 50 0.048 49.952
41 50 0.0048 49.9952
25 49.9952 0.048 49.9472
49 49.952 0.0048 49.9472
42 50 0.048 49.952
44 50 0.048 49.952
27 50 0.048 49.952
28 50 0.048 49.952
39 50 0.0048 49.9952
36 50 0.048 49.952
45 50 0.048 49.952
52 50 0.048 49.952
32 50 0.0048 49.9952
37 50 0.048 49.952
29 50 0.0048 49.9952
34 50 0.048 49.952
53 50 0.048 49.952
32 49.9952 0.0048 49.9904
46 50 0.048 49.952
50 50 0.048 49.952
51 50 0.0048 49.9952
49 50 0.048 49.952
38 50 0.048 49.952
33 50 0.048 49.952
47 50 0.048 49.952
30 50 0.0048 49.9952
43 50 0.048 49.952
54 50 0.048 49.952
41 50 0.0048 49.9952
25 50 0.048 49.952
42 50 0.048 49.952
44 50 0.048 49.952
27 50 0.048 49.952
28 50 0.048 49.952
39 50 0.0048 49.9952
36 50 0.048 49.952
48 50 0.0048 49.9952
45 50 0.048 49.952
52 50 0.048 49.952
32 50 0.0048 49.9952
37 50 0.048 49.952
29 50 0.0048 49.9952
34 50 0.048 49.952
53 50 0.048 49.952
46 50 0.048 49.952
50 50 0.048 49.952
51 50 0.0048 49.9952
49 50 0.048 49.952
38 50 0.048 49.952
33 50 0.048 49.952
47 50 0.048 49.952
30 50 0.0048 49.9952
43 50 0.048 49.952
54 50 0.048 49.952
26 50 0.0048 49.9952
41 50 0.0048 49.9952
25 50 0.048 49.952
42 50 0.048 49.952
44 50 0.048 49.952
27 50 0.048 49.952
28 50 0.048 49.952
39 50 0.0048 49.9952
36 50 0.048 49.952
48 50 0.0048 49.9952
45 50 0.048 49.952
52 50 0.048 49.952
32 50 0.0048 49.9952
37 50 0.048 49.952
29 50 0.0048 49.9952
34 50 0.048 49.952
53 50 0.048 49.952
46 50 0.048 49.952
50 50 0.048 49.952
51 50 0.0048 49.9952
49 50 0.048 49.952
38 50 0.048 49.952
33 50 0.048 49.952
47 50 0.048 49.952
30 50 0.0048 49.9952
43 50 0.048 49.952
54 50 0.048 49.952
26 50 0.0048 49.9952
25 50 0.048 49.952
42 50 0.048 49.952
44 50 0.048 49.952
27 50 0.048 49.952
28 50 0.048 49.952
39 50 0.0048 49.9952
36 50 0.048 49.952
48 50 0.0048 49.9952
45 50 0.048 49.952
52 50 0.048 49.952
32 50 0.0048 49.9952
37 50 0.048 49.952
29 50 0.0048 49.9952
34 50 0.048 49.952
51 50 0.048 49.952
50 50 0.0048 49.9952
53 50 0.048 49.952
46 50 0.048 49.952
50 49.9952 0.048 49.9472
51 49.952 0.0048 49.9472
49 50 0.048 49.952
38 50 0.048 49.952
33 50 0.048 49.952
47 50 0.048 49.952
30 50 0.0048 49.9952
43 50 0.048 49.952
54 50 0.048 49.952
26 50 0.0048 49.9952
35 50 0.048 49.952
25 50 0.0048 49.9952
25 49.9952 0.048 49.9472
35 49.952 0.0048 49.9472
42 50 0.048 49.952
44 50 0.048 49.952
27 50 0.048 49.952
28 50 0.048 49.952
36 50 0.048 49.952
48 50 0.0048 49.9952
45 50 0.048 49.952
52 50 0.048 49.952
32 50 0.0048 49.9952
37 50 0.048 49.952
29 50 0.0048 49.9952
34 50 0.048 49.952
51 50 0.048 49.952
50 50 0.0048 49.9952
53 50 0.048 49.952
46 50 0.048 49.952
50 49.9952 0.048 49.9472
51 49.952 0.0048 49.9472
49 50 0.048 49.952
38 50 0.048 49.952
33 50 0.048 49.952
47 50 0.048 49.952
30 50 0.0048 49.9952
43 50 0.048 49.952
54 50 0.048 49.952
26 50 0.0048 49.9952
35 50 0.048 49.952
25 50 0.048 49.952
42 50 0.048 49.952
44 50 0.048 49.952
27 50 0.048 49.952
28 50 0.048 49.952
36 50 0.048 49.952
48 50 0.0048 49.9952
45 50 0.048 49.952
52 50 0.048 49.952
32 50 0.0048 49.9952
37 50 0.048 49.952
29 50 0.0048 49.9952
34 50 0.048 49.952
51 50 0.048 49.952
50 50 0.0048 49.9952
53 50 0.048 49.952
46 50 0.048 49.952
50 49.9952 0.048 49.9472
51 49.952 0.0048 49.9472
49 50 0.048 49.952
38 50 0.048 49.952
33 50 0.048 49.952
47 50 0.048 49.952
30 50 0.0048 49.9952
48 50 0.048 49.952
43 50 0.048 49.952
54 50 0.048 49.952
35 50 0.048 49.952
25 50 0.048 49.952
42 50 0.048 49.952
44 50 0.048 49.952
27 50 0.048 49.952
28 50 0.048 49.952
39 50 0.0048 49.9952
36 50 0.048 49.952
45 50 0.048 49.952
52 50 0.048 49.952
32 50 0.0048 49.9952
37 50 0.048 49.952
29 50 0.0048 49.9952
34 50 0.048 49.952
34 49.952 0.0048 49.9472
34 49.9472 0.16 49.7872
34 49.7872 0.0016 49.7856
51 50 0.048 49.952
50 50 0.0048 49.9952
53 50 0.048 49.952
46 50 0.048 49.952
50 49.9952 0.048 49.9472
51 49.952 0.0048 49.9472
49 50 0.048 49.952
38 50 0.048 49.952
33 50 0.048 49.952
47 50 0.048 49.952
30 50 0.0048 49.9952
48 50 0.048 49.952
43 50 0.048 49.952
54 50 0.048 49.952
41 50 0.0048 49.9952
35 50 0.048 49.952
25 50 0.048 49.952
42 50 0.048 49.952
44 50 0.048 49.952
32 50 0.0048 49.9952
32 49.9952 0.048 49.9472
52 49.952 0.0048 49.9472
44 49.952 0.0048 49.9472
44 49.9472 0.16 49.7872
32 49.9472 0.016 49.9312
32 49.9312 0.016 49.9152
44 49.7872 0.0016 49.7856
32 49.9152 0.048 49.8672
44 49.7856 0.0048 49.7808
52 49.9472 0.0048 49.9424
52 49.9424 0.016 49.9264
27 50 0.048 49.952
28 50 0.048 49.952
39 50 0.0048 49.9952
36 50 0.048 49.952
45 50 0.048 49.952
52 50 0.048 49.952
32 49.8672 0.0048 49.8624
44 49.7808 0.0048 49.776
44 49.776 0.048 49.728
52 49.952 0.0048 49.9472
52 49.9472 0.16 49.7872
32 49.8624 0.016 49.8464
44 49.728 0.016 49.712
44 49.712 0.016 49.696
52 49.7872 0.0016 49.7856
44 49.696 0.048 49.648
32 49.8464 0.0048 49.8416
52 49.7856 0.0048 49.7808
37 50 0.048 49.952
29 50 0.0048 49.9952
51 50 0.048 49.952
50 50 0.0048 49.9952
53 50 0.048 49.952
46 50 0.048 49.952
50 49.9952 0.048 49.9472
51 49.952 0.0048 49.9472
49 50 0.048 49.952
38 50 0.048 49.952
30 50 0.048 49.952
47 50 0.0048 49.9952
33 50 0.048 49.952
47 49.9952 0.048 49.9472
30 49.952 0.0048 49.9472
48 50 0.048 49.952
43 50 0.048 49.952
54 50 0.048 49.952
41 50 0.0048 49.9952
35 50 0.048 49.952
25 50 0.0048 49.9952
25 49.9952 0.048 49.9472
35 49.952 0.0048 49.9472
42 50 0.048 49.952
32 50 0.048 49.952
44 49.9561 0.0048 49.9513
52 49.7808 0.0048 49.776
52 49.776 0.048 49.728
32 49.952 0.0048 49.9472
32 49.9472 0.16 49.7872
44 49.9513 0.016 49.9353
52 49.728 0.016 49.712
52 49.712 0.016 49.696
32 49.7872 0.0016 49.7856
52 49.696 0.048 49.648
32 49.7856 0.0048 49.7808
44 49.9353 0.0048 49.9305
27 50 0.048 49.952
28 50 0.048 49.952
36 50 0.048 49.952
45 50 0.048 49.952
44 49.9305 0.048 49.8825
32 49.7808 0.0048 49.776
37 50 0.048 49.952
29 50 0.0048 49.9952
51 50 0.048 49.952
50 50 0.0048 49.9952
53 50 0.048 49.952
46 50 0.048 49.952
50 49.9952 0.048 49.9472
51 49.952 0.0048 49.9472
49 50 0.048 49.952
35 50 0.0048 49.9952
38 50 0.048 49.952
30 50 0.048 49.952
47 50 0.0048 49.9952
33 50 0.048 49.952
47 49.9952 0.048 49.9472
30 49.952 0.0048 49.9472
48 50 0.048 49.952
43 50 0.048 49.952
29 50 0.0048 49.9952
54 50 0.048 49.952
35 49.9952 0.048 49.9472
25 50 0.0048 49.9952
49 49.952 0.0048 49.9472
25 49.9952 0.048 49.9472
35 49.9472 0.0048 49.9424
42 50 0.048 49.952
52 50 0.048 49.952
27 50 0.048 49.952
28 50 0.048 49.952
36 50 0.048 49.952
45 50 0.048 49.952
44 50 0.048 49.952
32 50 0.0048 49.9952
53 50 0.0048 49.9952
37 50 0.048 49.952
29 49.9952 0.0048 49.9904
51 50 0.048 49.952
50 50 0.0048 49.9952
53 49.9952 0.048 49.9472
44 49.952 0.0048 49.9472
46 50 0.048 49.952
50 49.9952 0.048 49.9472
51 49.952 0.0048 49.9472
49 50 0.048 49.952
35 50 0.0048 49.9952
38 50 0.048 49.952
30 50 0.048 49.952
47 50 0.0048 49.9952
33 50 0.048 49.952
47 49.9952 0.048 49.9472
30 49.952 0.0048 49.9472
48 50 0.048 49.952
43 50 0.048 49.952
29 50 0.0048 49.9952
54 50 0.048 49.952
35 49.9952 0.048 49.9472
25 50 0.0048 49.9952
49 49.952 0.0048 49.9472
25 49.9952 0.048 49.9472
35 49.9472 0.0048 49.9424
49 49.9472 0.0048 49.9424
42 50 0.048 49.952
52 50 0.048 49.952
32 50 0.0048 49.9952
27 50 0.048 49.952
28 50 0.048 49.952
36 50 0.048 49.952
45 50 0.048 49.952
44 50 0.048 49.952
53 50 0.0048 49.9952
37 50 0.048 49.952
29 49.9952 0.0048 49.9904
51 50 0.048 49.952
50 50 0.0048 49.9952
53 49.9952 0.048 49.9472
44 49.952 0.0048 49.9472
46 50 0.048 49.952
26 50 0.048 49.952
41 50 0.0048 49.9952
41 49.9952 0.048 49.9472
26 49.952 0.0048 49.9472
26 49.9472 0.16 49.7872
41 49.9472 0.016 49.9312
41 49.9312 0.016 49.9152
26 49.7872 0.0016 49.7856
41 49.9152 0.048 49.8672
26 49.7856 0.0048 49.7808
50 49.9952 0.048 49.9472
51 49.952 0.0048 49.9472
49 50 0.048 49.952
25 50 0.0048 49.9952
38 50 0.048 49.952
30 50 0.048 49.952
47 50 0.0048 49.9952
33 50 0.048 49.952
47 49.9952 0.048 49.9472
30 49.952 0.0048 49.9472
48 50 0.048 49.952
43 50 0.048 49.952
54 50 0.048 49.952
41 50 0.0048 49.9952
35 50 0.048 49.952
25 49.9952 0.0048 49.9904
25 49.9904 0.048 49.9424
35 49.952 0.0048 49.9472
49 49.952 0.0048 49.9472
42 50 0.048 49.952
52 50 0.048 49.952
27 50 0.048 49.952
28 50 0.048 49.952
36 50 0.048 49.952
45 50 0.048 49.952
44 50 0.048 49.952
37 50 0.048 49.952
29 50 0.0048 49.9952
51 50 0.048 49.952
50 50 0.0048 49.9952
53 50 0.048 49.952
46 50 0.048 49.952
41 49.9952 0.048 49.9472
26 50 0.0048 49.9952
54 50 0.0048 49.9952
50 49.9952 0.048 49.9472
51 49.952 0.0048 49.9472
49 50 0.048 49.952
25 50 0.0048 49.9952
38 50 0.048 49.952
30 50 0.048 49.952
47 50 0.0048 49.9952
33 50 0.048 49.952
47 49.9952 0.048 49.9472
30 49.952 0.0048 49.9472
48 50 0.048 49.952
43 50 0.048 49.952
54 49.9952 0.048 49.9472
41 50 0.0048 49.9952
35 50 0.048 49.952
25 49.9952 0.0048 49.9904
25 49.9904 0.048 49.9424
35 49.952 0.0048 49.9472
49 49.952 0.0048 49.9472
42 50 0.048 49.952
52 50 0.048 49.952
32 50 0.0048 49.9952
27 50 0.048 49.952
28 50 0.048 49.952
36 50 0.048 49.952
45 50 0.048 49.952
44 50 0.048 49.952
37 50 0.048 49.952
29 50 0.0048 49.9952
37 49.952 0.0048 49.9472
37 49.9472 0.16 49.7872
37 49.7872 0.0016 49.7856
29 49.9952 0.016 49.9792
51 50 0.048 49.952
50 50 0.0048 49.9952
53 50 0.048 49.952
46 50 0.048 49.952
41 49.9952 0.048 49.9472
26 50 0.0048 49.9952
54 50 0.0048 49.9952
50 49.9952 0.048 49.9472
51 49.952 0.0048 49.9472
37 50 0.048 49.952
29 49.9792 0.0048 49.9744
29 49.9744 0.048 49.9264
37 49.952 0.0096 49.9424
37 49.9424 0.16 49.7824
37 49.7824 0.0016 49.7808
29 49.9264 0.016 49.9104
49 50 0.048 49.952
25 50 0.0048 49.9952
35 50 0.0048 49.9952
38 50 0.048 49.952
30 50 0.048 49.952
47 50 0.0048 49.9952
33 50 0.048 49.952
47 49.9952 0.048 49.9472
30 49.952 0.0048 49.9472
48 50 0.048 49.952
43 50 0.048 49.952
54 49.9952 0.048 49.9472
26 50 0.0048 49.9952
35 49.9952 0.048 49.9472
25 49.9952 0.0048 49.9904
49 49.952 0.0048 49.9472
25 49.9904 0.048 49.9424
35 49.9472 0.0048 49.9424
49 49.9472 0.0048 49.9424
42 50 0.048 49.952
52 50 0.048 49.952
32 50 0.0048 49.9952
27 50 0.048 49.952
28 50 0.048 49.952
31 50 0.048 49.952
36 50 0.048 49.952
45 50 0.048 49.952
44 50 0.048 49.952
51 50 0.048 49.952
50 50 0.0048 49.9952
53 50 0.048 49.952
46 50 0.048 49.952
41 50 0.048 49.952
26 49.9952 0.0048 49.9904
54 50 0.0048 49.9952
50 49.9952 0.048 49.9472
51 49.952 0.0048 49.9472
49 50 0.048 49.952
25 50 0.0048 49.9952
35 50 0.0048 49.9952
38 50 0.048 49.952
30 50 0.048 49.952
47 50 0.0048 49.9952
33 50 0.048 49.952
47 49.9952 0.048 49.9472
30 49.952 0.0048 49.9472
48 50 0.048 49.952
43 50 0.048 49.952
54 49.9952 0.048 49.9472
26 50 0.0048 49.9952
41 50 0.0048 49.9952
35 49.9952 0.048 49.9472
25 49.9952 0.0048 49.9904
49 49.952 0.0048 49.9472
25 49.9904 0.048 49.9424
35 49.9472 0.0048 49.9424
42 50 0.048 49.952
52 50 0.048 49.952
32 50 0.0048 49.9952
27 50 0.048 49.952
28 50 0.048 49.952
31 50 0.048 49.952
36 50 0.048 49.952
45 50 0.048 49.952
44 50 0.048 49.952
32 49.9952 0.0048 49.9904
52 50 0.0048 49.9952
51 50 0.048 49.952
50 50 0.0048 49.9952
53 50 0.048 49.952
46 50 0.048 49.952
41 49.9952 0.048 49.9472
26 49.9952 0.0048 49.9904
54 50 0.0048 49.9952
50 49.9952 0.048 49.9472
51 49.952 0.0048 49.9472
49 50 0.048 49.952
38 50 0.048 49.952
30 50 0.048 49.952
47 50 0.0048 49.9952
33 50 0.048 49.952
47 49.9952 0.048 49.9472
30 49.952 0.0048 49.9472
48 50 0.048 49.952
43 50 0.048 49.952
54 49.9952 0.048 49.9472
26 50 0.0048 49.9952
41 50 0.0048 49.9952
35 50 0.048 49.952
25 50 0.048 49.952
42 50 0.048 49.952
52 49.9952 0.048 49.9472
44 50 0.0048 49.9952
27 50 0.048 49.952
28 50 0.048 49.952
31 50 0.048 49.952
36 50 0.048 49.952
45 50 0.048 49.952
44 49.9952 0.048 49.9472
32 50 0.0048 49.9952
52 50 0.0048 49.9952
51 50 0.048 49.952
50 50 0.0048 49.9952
53 50 0.048 49.952
46 50 0.048 49.952
41 49.9952 0.048 49.9472
26 49.9952 0.0048 49.9904
54 50 0.0048 49.9952
50 49.9952 0.048 49.9472
51 49.952 0.0048 49.9472
49 50 0.048 49.952
38 50 0.048 49.952
30 50 0.048 49.952
47 50 0.0048 49.9952
33 50 0.048 49.952
47 49.9952 0.048 49.9472
30 49.952 0.0048 49.9472
48 50 0.048 49.952
43 50 0.048 49.952
54 49.9952 0.048 49.9472
26 50 0.0048 49.9952
41 50 0.0048 49.9952
35 50 0.048 49.952
25 50 0.048 49.952
42 50 0.048 49.952
52 49.9952 0.048 49.9472
44 50 0.0048 49.9952
27 50 0.048 49.952
28 50 0.048 49.952
31 50 0.048 49.952
36 50 0.048 49.952
45 50 0.048 49.952
44 49.9952 0.048 49.9472
32 50 0.0048 49.9952
52 50 0.0048 49.9952
53 50 0.0048 49.9952
51 50 0.048 49.952
50 50 0.0048 49.9952
53 49.9952 0.048 49.9472
46 50 0.048 49.952
41 49.9952 0.048 49.9472
26 49.9952 0.0048 49.9904
54 50 0.0048 49.9952
50 49.9952 0.048 49.9472
51 49.952 0.0048 49.9472
49 50 0.048 49.952
35 50 0.0048 49.9952
38 50 0.048 49.952
30 50 0.048 49.952
47 50 0.0048 49.9952
30 49.952 0.0048 49.9472
30 49.9472 0.16 49.7872
30 49.7872 0.0016 49.7856
47 49.9952 0.016 49.9792
33 50 0.048 49.952
47 49.9792 0.048 49.9312
30 49.7856 0.0048 49.7808
47 49.9312 0.0048 49.9264
47 49.9264 0.16 49.7664
47 49.7664 0.0016 49.7648
30 49.7808 0.016 49.7648
48 50 0.048 49.952
43 50 0.048 49.952
29 50 0.0048 49.9952
54 49.9952 0.048 49.9472
26 50 0.0048 49.9952
41 50 0.0048 49.9952
35 49.9952 0.048 49.9472
25 50 0.0048 49.9952
49 49.952 0.0048 49.9472
25 49.9952 0.048 49.9472
35 49.9472 0.0048 49.9424
42 50 0.048 49.952
52 49.9952 0.048 49.9472
27 50 0.048 49.952
28 50 0.048 49.952
31 50 0.048 49.952
36 50 0.048 49.952
45 50 0.048 49.952
44 50 0.048 49.952
32 50 0.0048 49.9952
51 50 0.048 49.952
50 50 0.0048 49.9952
53 50 0.048 49.952
46 50 0.048 49.952
41 49.9952 0.048 49.9472
26 49.9952 0.0048 49.9904
54 50 0.0048 49.9952
50 49.9952 0.048 49.9472
51 49.952 0.0048 49.9472
49 50 0.048 49.952
35 50 0.0048 49.9952
38 50 0.048 49.952
33 50 0.048 49.952
29 50 0.048 49.952
37 50 0.0048 49.9952
37 49.9952 0.048 49.9472
29 49.952 0.0048 49.9472
29 49.9472 0.16 49.7872
37 49.9472 0.016 49.9312
37 49.9312 0.016 49.9152
29 49.7872 0.0016 49.7856
37 49.9152 0.048 49.8672
29 49.7856 0.0048 49.7808
48 50 0.048 49.952
36 50 0.0048 49.9952
43 50 0.048 49.952
54 49.9952 0.048 49.9472
26 50 0.0048 49.9952
41 50 0.0048 49.9952
35 49.9952 0.048 49.9472
25 50 0.0048 49.9952
49 49.952 0.0048 49.9472
25 49.9952 0.048 49.9472
35 49.9472 0.0048 49.9424
42 50 0.048 49.952
32 50 0.048 49.952
44 50 0.0048 49.9952
52 50 0.048 49.952
27 50 0.048 49.952
28 50 0.048 49.952
31 50 0.048 49.952
36 49.9952 0.048 49.9472
48 49.952 0.0048 49.9472
45 50 0.048 49.952
44 49.9952 0.048 49.9472
32 49.952 0.0048 49.9472
53 50 0.0048 49.9952
51 50 0.048 49.952
50 50 0.0048 49.9952
53 49.9952 0.048 49.9472
44 49.9472 0.0048 49.9424
53 49.9472 0.0048 49.9424
53 49.9424 0.16 49.7824
53 49.7824 0.0016 49.7808
44 49.9424 0.016 49.9264
46 50 0.048 49.952
41 49.9952 0.048 49.9472
26 49.9952 0.0048 49.9904
54 50 0.0048 49.9952
50 49.9952 0.048 49.9472
51 49.952 0.0048 49.9472
49 50 0.048 49.952
38 50 0.048 49.952
51 50 0.0048 49.9952
33 50 0.048 49.952
37 50 0.048 49.952
29 50 0.0048 49.9952
48 50 0.048 49.952
36 50 0.0048 49.9952
43 50 0.048 49.952
29 49.9952 0.0048 49.9904
54 49.9952 0.048 49.9472
26 50 0.0048 49.9952
41 50 0.0048 49.9952
35 50 0.048 49.952
25 50 0.0048 49.9952
25 49.9952 0.048 49.9472
35 49.952 0.0048 49.9472
42 50 0.048 49.952
32 50 0.048 49.952
44 50 0.0048 49.9952
52 50 0.048 49.952
27 50 0.048 49.952
28 50 0.048 49.952
39 50 0.0048 49.9952
31 50 0.048 49.952
36 49.9952 0.048 49.9472
48 49.952 0.0048 49.9472
45 50 0.048 49.952
44 49.9952 0.048 49.9472
32 49.952 0.0048 49.9472
53 49.9129 0.0048 49.9081
53 49.9081 0.048 49.8601
44 49.9472 0.0096 49.9376
44 49.9376 0.16 49.7776
44 49.7776 0.0016 49.776
32 49.9472 0.016 49.9312
53 49.8601 0.016 49.8441
51 49.9952 0.048 49.9472
38 50 0.0048 49.9952
50 50 0.0048 49.9952
46 50 0.048 49.952
41 49.9952 0.048 49.9472
54 50 0.0048 49.9952
50 49.9952 0.048 49.9472
51 49.9472 0.0048 49.9424
49 50 0.048 49.952
38 49.9952 0.048 49.9472
51 50 0.0048 49.9952
33 50 0.048 49.952
37 50 0.048 49.952
29 50 0.0048 49.9952
43 50 0.0048 49.9952
48 50 0.048 49.952
36 50 0.0048 49.9952
43 49.9952 0.048 49.9472
37 49.952 0.0048 49.9472
54 49.9952 0.048 49.9472
26 50 0.0048 49.9952
41 50 0.0048 49.9952
35 50 0.048 49.952
25 50 0.0048 49.9952
25 49.9952 0.048 49.9472
35 49.952 0.0048 49.9472
42 50 0.048 49.952
32 50 0.048 49.952
44 50 0.0048 49.9952
44 49.9952 0.048 49.9472
32 49.952 0.0048 49.9472
32 49.9472 0.16 49.7872
44 49.9472 0.016 49.9312
44 49.9312 0.016 49.9152
32 49.7872 0.0016 49.7856
44 49.9152 0.048 49.8672
32 49.7856 0.0048 49.7808
53 49.8441 0.0048 49.8393
53 49.8393 0.048 49.7913
44 49.8672 0.0048 49.8624
44 49.8624 0.16 49.7024
32 49.7808 0.016 49.7648
53 49.7913 0.016 49.7753
53 49.7753 0.016 49.7593
44 49.7024 0.0016 49.7008
53 49.7593 0.048 49.7113
44 49.7008 0.0048 49.696
52 50 0.048 49.952
27 50 0.048 49.952
28 50 0.048 49.952
39 50 0.0048 49.9952
31 50 0.048 49.952
36 49.9952 0.048 49.9472
48 49.952 0.0048 49.9472
45 50 0.048 49.952
51 49.9952 0.048 49.9472
38 50 0.0048 49.9952
50 50 0.0048 49.9952
46 50 0.048 49.952
41 49.9952 0.048 49.9472
26 49.9952 0.0048 49.9904
54 50 0.0048 49.9952
50 49.9952 0.048 49.9472
51 49.9472 0.0048 49.9424
49 50 0.048 49.952
38 49.9952 0.048 49.9472
51 50 0.0048 49.9952
33 50 0.048 49.952
37 50 0.048 49.952
29 50 0.0048 49.9952
43 50 0.0048 49.9952
48 50 0.048 49.952
36 50 0.0048 49.9952
43 49.9952 0.048 49.9472
37 49.952 0.0048 49.9472
54 49.9952 0.048 49.9472
26 50 0.0048 49.9952
41 50 0.0048 49.9952
35 50 0.048 49.952
25 50 0.0048 49.9952
39 50 0.048 49.952
28 49.952 0.0048 49.9472
25 49.9952 0.048 49.9472
35 49.952 0.0048 49.9472
25 49.9472 0.0048 49.9424
25 49.9424 0.16 49.7824
25 49.7824 0.0016 49.7808
35 49.9472 0.016 49.9312
42 50 0.048 49.952
53 49.8775 0.048 49.8295
32 50 0.0048 49.9952
44 49.8391 0.0048 49.8343
52 50 0.0048 49.9952
52 49.9952 0.048 49.9472
53 50 0.0048 49.9952
27 50 0.048 49.952
28 50 0.048 49.952
39 49.952 0.0048 49.9472
31 50 0.048 49.952
36 49.9952 0.048 49.9472
48 49.952 0.0048 49.9472
45 50 0.048 49.952
51 49.9952 0.048 49.9472
38 50 0.0048 49.9952
46 50 0.048 49.952
41 49.9952 0.048 49.9472
26 49.9952 0.0048 49.9904
54 50 0.0048 49.9952
50 50 0.048 49.952
49 50 0.048 49.952
49 49.952 0.0048 49.9472
49 49.9472 0.16 49.7872
49 49.7872 0.0016 49.7856
38 49.9952 0.048 49.9472
51 50 0.0048 49.9952
33 50 0.048 49.952
37 50 0.048 49.952
29 50 0.0048 49.9952
43 50 0.0048 49.9952
48 50 0.048 49.952
36 50 0.0048 49.9952
43 49.9952 0.048 49.9472
37 49.952 0.0048 49.9472
54 49.9952 0.048 49.9472
26 50 0.0048 49.9952
41 50 0.0048 49.9952
35 50 0.048 49.952
25 49.9709 0.0048 49.9661
25 49.9661 0.048 49.9181
35 49.952 0.0096 49.9424
35 49.9424 0.16 49.7824
35 49.7824 0.0016 49.7808
25 49.9181 0.016 49.9021
39 50 0.048 49.952
28 49.952 0.0048 49.9472
42 50 0.048 49.952
53 49.9952 0.048 49.9472
32 50 0.0048 49.9952
44 50 0.0048 49.9952
52 50 0.048 49.952
27 50 0.048 49.952
28 50 0.048 49.952
39 49.952 0.0048 49.9472
31 50 0.048 49.952
36 49.9952 0.048 49.9472
48 49.952 0.0048 49.9472
45 50 0.048 49.952
51 49.9952 0.048 49.9472
38 50 0.0048 49.9952
46 50 0.048 49.952
41 49.9952 0.048 49.9472
26 49.9952 0.0048 49.9904
54 50 0.0048 49.9952
50 50 0.048 49.952
38 49.9952 0.048 49.9472
51 50 0.0048 49.9952
33 50 0.048 49.952
37 50 0.048 49.952
29 50 0.0048 49.9952
48 50 0.048 49.952
36 50 0.0048 49.9952
43 50 0.048 49.952
54 49.9952 0.048 49.9472
26 50 0.0048 49.9952
41 50 0.0048 49.9952
39 50 0.048 49.952
28 49.952 0.0048 49.9472
42 50 0.048 49.952
53 50 0.048 49.952
32 50 0.0048 49.9952
52 50 0.0048 49.9952
52 49.9952 0.048 49.9472
53 50 0.0048 49.9952
27 50 0.048 49.952
28 50 0.048 49.952
39 49.952 0.0048 49.9472
31 50 0.048 49.952
36 49.9952 0.048 49.9472
48 49.952 0.0048 49.9472
45 50 0.048 49.952
51 49.9952 0.048 49.9472
38 50 0.0048 49.9952
46 50 0.048 49.952
41 49.9952 0.048 49.9472
26 49.9952 0.0048 49.9904
50 50 0.048 49.952
38 49.9952 0.048 49.9472
51 50 0.0048 49.9952
33 50 0.048 49.952
37 50 0.048 49.952
29 50 0.0048 49.9952
48 50 0.048 49.952
36 50 0.0048 49.9952
43 50 0.048 49.952
54 50 0.048 49.952
26 50 0.0048 49.9952
39 50 0.048 49.952
28 49.952 0.0048 49.9472
42 50 0.048 49.952
53 49.9952 0.048 49.9472
52 50 0.048 49.952
27 50 0.048 49.952
28 50 0.048 49.952
39 49.952 0.0048 49.9472
31 50 0.048 49.952
36 49.9952 0.048 49.9472
48 49.952 0.0048 49.9472
45 50 0.048 49.952
51 49.9952 0.048 49.9472
38 50 0.0048 49.9952
50 50 0.0048 49.9952
46 50 0.048 49.952
41 50 0.048 49.952
26 49.9952 0.0048 49.9904
50 49.9952 0.048 49.9472
51 49.9472 0.0048 49.9424
38 49.9952 0.048 49.9472
51 50 0.0048 49.9952
33 50 0.048 49.952
37 50 0.048 49.952
29 50 0.0048 49.9952
48 50 0.048 49.952
36 50 0.0048 49.9952
43 50 0.048 49.952
54 50 0.048 49.952
26 50 0.0048 49.9952
39 50 0.048 49.952
28 49.952 0.0048 49.9472
42 50 0.048 49.952
53 50 0.048 49.952
52 50 0.048 49.952
32 50 0.0048 49.9952
27 50 0.048 49.952
28 50 0.048 49.952
39 49.952 0.0048 49.9472
31 50 0.048 49.952
36 49.9952 0.048 49.9472
48 49.952 0.0048 49.9472
45 50 0.048 49.952
51 49.9952 0.048 49.9472
46 50 0.048 49.952
41 50 0.048 49.952
26 49.9952 0.0048 49.9904
50 50 0.048 49.952
38 50 0.048 49.952
51 50 0.0048 49.9952
33 50 0.048 49.952
37 50 0.048 49.952
29 50 0.0048 49.9952
48 50 0.048 49.952
36 50 0.0048 49.9952
43 50 0.048 49.952
29 49.9952 0.0048 49.9904
54 50 0.048 49.952
26 50 0.0048 49.9952
39 50 0.048 49.952
28 49.952 0.0048 49.9472
42 50 0.048 49.952
53 50 0.048 49.952
32 50 0.0048 49.9952
52 50 0.048 49.952
30 50 0.0048 49.9952
30 49.9952 0.048 49.9472
52 49.952 0.0048 49.9472
52 49.9472 0.16 49.7872
30 49.9472 0.016 49.9312
30 49.9312 0.016 49.9152
52 49.7872 0.0016 49.7856
30 49.9152 0.048 49.8672
52 49.7856 0.0048 49.7808
27 50 0.048 49.952
28 50 0.048 49.952
39 49.952 0.0048 49.9472
31 50 0.048 49.952
36 49.9952 0.048 49.9472
48 49.952 0.0048 49.9472
45 50 0.048 49.952
51 49.9952 0.048 49.9472
38 50 0.0048 49.9952
50 50 0.0048 49.9952
46 50 0.048 49.952
41 50 0.048 49.952
26 49.9952 0.0048 49.9904
50 49.9952 0.048 49.9472
51 49.9472 0.0048 49.9424
38 49.9952 0.048 49.9472
51 50 0.0048 49.9952
33 50 0.048 49.952
37 50 0.048 49.952
29 50 0.0048 49.9952
48 50 0.048 49.952
36 50 0.0048 49.9952
43 50 0.048 49.952
52 50 0.048 49.952
30 50 0.0048 49.9952
32 50 0.0048 49.9952
32 49.9952 0.048 49.9472
52 49.952 0.0048 49.9472
52 49.9472 0.16 49.7872
30 49.9952 0.016 49.9792
32 49.9472 0.016 49.9312
32 49.9312 0.016 49.9152
52 49.7872 0.0016 49.7856
32 49.9152 0.048 49.8672
52 49.7856 0.0048 49.7808
54 50 0.048 49.952
39 50 0.048 49.952
28 49.952 0.0048 49.9472
42 50 0.048 49.952
53 50 0.048 49.952
30 49.9792 0.048 49.9312
52 49.7808 0.0048 49.776
27 50 0.048 49.952
27 49.952 0.0048 49.9472
27 49.9472 0.16 49.7872
27 49.7872 0.0016 49.7856
28 50 0.048 49.952
39 49.952 0.0048 49.9472
31 50 0.048 49.952
36 49.9952 0.048 49.9472
48 49.952 0.0048 49.9472
45 50 0.048 49.952
51 49.9952 0.048 49.9472
38 50 0.0048 49.9952
50 50 0.0048 49.9952
46 50 0.048 49.952
41 50 0.048 49.952
26 50 0.0048 49.9952
50 49.9952 0.048 49.9472
51 49.9472 0.0048 49.9424
38 49.9952 0.048 49.9472
51 50 0.0048 49.9952
33 50 0.048 49.952
37 50 0.048 49.952
29 50 0.0048 49.9952
48 50 0.048 49.952
36 50 0.0048 49.9952
43 50 0.048 49.952
29 49.9952 0.0048 49.9904
32 50 0.048 49.952
52 50 0.0048 49.9952
53 50 0.0048 49.9952
54 50 0.048 49.952
54 49.952 0.0048 49.9472
54 49.9472 0.16 49.7872
54 49.7872 0.0016 49.7856
39 50 0.048 49.952
28 49.952 0.0048 49.9472
42 50 0.048 49.952
53 49.9952 0.048 49.9472
32 49.952 0.0048 49.9472
30 50 0.048 49.952
28 50 0.048 49.952
39 49.952 0.0048 49.9472
31 50 0.048 49.952
36 49.9952 0.048 49.9472
48 49.952 0.0048 49.9472
45 50 0.048 49.952
51 49.9952 0.048 49.9472
38 50 0.0048 49.9952
50 50 0.0048 49.9952
46 50 0.048 49.952
41 50 0.048 49.952
26 50 0.0048 49.9952
50 49.9952 0.048 49.9472
38 49.9952 0.048 49.9472
51 50 0.0048 49.9952
33 50 0.048 49.952
37 50 0.048 49.952
29 50 0.0048 49.9952
48 50 0.048 49.952
36 50 0.0048 49.9952
43 50 0.048 49.952
29 49.9952 0.0048 49.9904
32 50 0.048 49.952
53 50 0.0048 49.9952
39 50 0.048 49.952
28 49.952 0.0048 49.9472
42 50 0.048 49.952
53 49.9952 0.048 49.9472
32 49.952 0.0048 49.9472
30 50 0.048 49.952
28 50 0.048 49.952
39 49.952 0.0048 49.9472
31 50 0.048 49.952
36 49.9952 0.048 49.9472
48 49.952 0.0048 49.9472
45 50 0.048 49.952
51 49.9952 0.048 49.9472
38 50 0.0048 49.9952
46 50 0.048 49.952
41 50 0.048 49.952
26 50 0.0048 49.9952
50 50 0.048 49.952
40 50 0.048 49.952
38 49.9952 0.048 49.9472
51 50 0.0048 49.9952
33 50 0.048 49.952
37 50 0.048 49.952
29 50 0.0048 49.9952
48 50 0.048 49.952
43 50 0.048 49.952
29 49.9952 0.0048 49.9904
32 50 0.048 49.952
53 50 0.0048 49.9952
39 50 0.048 49.952
28 49.952 0.0048 49.9472
42 50 0.048 49.952
53 49.9952 0.048 49.9472
32 49.952 0.0048 49.9472
52 50 0.0048 49.9952
52 49.9952 0.048 49.9472
53 49.9472 0.0048 49.9424
53 49.9424 0.16 49.7824
32 49.9472 0.016 49.9312
52 49.9472 0.016 49.9312
52 49.9312 0.016 49.9152
53 49.7824 0.0016 49.7808
52 49.9152 0.048 49.8672
53 49.7808 0.0048 49.776
30 50 0.048 49.952
28 50 0.048 49.952
39 49.952 0.0048 49.9472
31 50 0.048 49.952
36 50 0.048 49.952
45 50 0.048 49.952
51 49.9952 0.048 49.9472
38 50 0.0048 49.9952
46 50 0.048 49.952
41 50 0.048 49.952
26 50 0.0048 49.9952
50 50 0.048 49.952
40 50 0.048 49.952
38 49.9952 0.048 49.9472
51 50 0.0048 49.9952
33 50 0.048 49.952
37 50 0.048 49.952
29 50 0.0048 49.9952
48 50 0.048 49.952
43 50 0.048 49.952
29 49.9952 0.0048 49.9904
32 50 0.048 49.952
53 50 0.0048 49.9952
53 49.9952 0.048 49.9472
32 49.952 0.0048 49.9472
32 49.9472 0.16 49.7872
53 49.9472 0.016 49.9312
53 49.9312 0.016 49.9152
32 49.7872 0.0016 49.7856
53 49.9152 0.048 49.8672
32 49.7856 0.0048 49.7808
39 50 0.048 49.952
28 49.952 0.0048 49.9472
42 50 0.048 49.952
52 50 0.048 49.952
30 50 0.048 49.952
28 50 0.048 49.952
39 49.952 0.0048 49.9472
31 50 0.048 49.952
36 50 0.048 49.952
48 49.952 0.0048 49.9472
45 50 0.048 49.952
51 49.9952 0.048 49.9472
38 50 0.0048 49.9952
46 50 0.048 49.952
41 50 0.048 49.952
26 50 0.0048 49.9952
50 50 0.048 49.952
40 50 0.048 49.952
38 49.9952 0.048 49.9472
51 50 0.0048 49.9952
33 50 0.048 49.952
37 50 0.048 49.952
29 50 0.0048 49.9952
48 50 0.048 49.952
43 50 0.048 49.952
53 50 0.048 49.952
32 50 0.0048 49.9952
39 50 0.048 49.952
28 49.952 0.0048 49.9472
42 50 0.048 49.952
52 50 0.048 49.952
30 50 0.048 49.952
28 50 0.048 49.952
39 49.952 0.0048 49.9472
31 50 0.048 49.952
36 50 0.048 49.952
45 50 0.048 49.952
51 49.9952 0.048 49.9472
38 50 0.0048 49.9952
46 50 0.048 49.952
41 50 0.048 49.952
26 50 0.0048 49.9952
50 50 0.048 49.952
40 50 0.048 49.952
38 49.9952 0.048 49.9472
51 50 0.0048 49.9952
33 50 0.048 49.952
37 50 0.048 49.952
29 50 0.0048 49.9952
48 50 0.048 49.952
43 50 0.048 49.952
53 50 0.048 49.952
32 50 0.0048 49.9952
39 50 0.048 49.952
28 49.952 0.0048 49.9472
42 50 0.048 49.952
52 50 0.048 49.952
32 49.9952 0.0048 49.9904
30 50 0.048 49.952
28 50 0.048 49.952
39 49.952 0.0048 49.9472
31 50 0.048 49.952
36 50 0.048 49.952
45 50 0.048 49.952
51 49.9952 0.048 49.9472
38 50 0.0048 49.9952
46 50 0.048 49.952
41 50 0.048 49.952
26 50 0.0048 49.9952
50 50 0.048 49.952
40 50 0.048 49.952
38 49.9952 0.048 49.9472
51 50 0.0048 49.9952
33 50 0.048 49.952
37 50 0.048 49.952
29 50 0.0048 49.9952
48 50 0.048 49.952
48 49.952 0.0048 49.9472
48 49.9472 0.16 49.7872
48 49.7872 0.0016 49.7856
43 50 0.048 49.952
53 50 0.048 49.952
32 50 0.0048 49.9952
39 50 0.048 49.952
28 49.952 0.0048 49.9472
42 50 0.048 49.952
52 50 0.048 49.952
30 50 0.048 49.952
28 50 0.048 49.952
39 49.952 0.0048 49.9472
31 50 0.048 49.952
36 50 0.048 49.952
45 50 0.048 49.952
51 49.9952 0.048 49.9472
38 50 0.0048 49.9952
46 50 0.048 49.952
41 50 0.048 49.952
26 50 0.0048 49.9952
50 50 0.048 49.952
40 50 0.048 49.952
44 50 0.048 49.952
38 49.9952 0.048 49.9472
51 50 0.0048 49.9952
33 50 0.048 49.952
37 50 0.048 49.952
29 50 0.0048 49.9952
43 50 0.048 49.952
29 49.9952 0.0048 49.9904
53 50 0.048 49.952
32 50 0.0048 49.9952
39 50 0.048 49.952
28 49.952 0.0048 49.9472
42 50 0.048 49.952
52 50 0.048 49.952
30 50 0.048 49.952
28 50 0.048 49.952
39 49.952 0.0048 49.9472
31 50 0.048 49.952
31 49.952 0.0048 49.9472
31 49.9472 0.16 49.7872
31 49.7872 0.0016 49.7856
36 50 0.048 49.952
48 49.9986 0.0048 49.9938
45 50 0.048 49.952
51 49.9952 0.048 49.9472
38 50 0.0048 49.9952
46 50 0.048 49.952
41 50 0.048 49.952
26 50 0.0048 49.9952
50 50 0.048 49.952
40 50 0.048 49.952
44 50 0.048 49.952
52 50 0.0048 49.9952
38 49.9952 0.048 49.9472
51 50 0.0048 49.9952
33 50 0.048 49.952
37 50 0.048 49.952
29 50 0.0048 49.9952
43 50 0.048 49.952
29 49.9952 0.0048 49.9904
53 50 0.048 49.952
32 50 0.0048 49.9952
39 50 0.048 49.952
28 49.952 0.0048 49.9472
42 50 0.048 49.952
52 49.9952 0.048 49.9472
44 49.952 0.0048 49.9472
30 50 0.048 49.952
28 50 0.048 49.952
39 49.952 0.0048 49.9472
36 50 0.048 49.952
48 50 0.0048 49.9952
45 50 0.048 49.952
51 49.9952 0.048 49.9472
38 50 0.0048 49.9952
46 50 0.048 49.952
41 50 0.048 49.952
26 50 0.0048 49.9952
50 50 0.048 49.952
40 50 0.048 49.952
44 50 0.048 49.952
38 49.9952 0.048 49.9472
51 50 0.0048 49.9952
33 50 0.048 49.952
37 50 0.048 49.952
29 50 0.0048 49.9952
43 50 0.048 49.952
29 49.9952 0.0048 49.9904
53 50 0.048 49.952
32 50 0.0048 49.9952
52 50 0.0048 49.9952
39 50 0.048 49.952
28 49.952 0.0048 49.9472
42 50 0.048 49.952
52 49.9952 0.048 49.9472
53 49.952 0.0048 49.9472
30 50 0.048 49.952
28 50 0.048 49.952
39 49.952 0.0048 49.9472
28 49.952 0.0048 49.9472
28 49.9472 0.16 49.7872
28 49.7872 0.0016 49.7856
39 49.9472 0.016 49.9312
36 50 0.048 49.952
45 50 0.048 49.952
51 49.9952 0.048 49.9472
38 50 0.0048 49.9952
50 50 0.0048 49.9952
46 50 0.048 49.952
41 50 0.048 49.952
26 50 0.0048 49.9952
54 50 0.0048 49.9952
54 49.9952 0.048 49.9472
41 49.952 0.0048 49.9472
41 49.9472 0.16 49.7872
26 49.9952 0.016 49.9792
54 49.9472 0.016 49.9312
54 49.9312 0.016 49.9152
41 49.7872 0.0016 49.7856
54 49.9152 0.048 49.8672
26 49.9792 0.0048 49.9744
41 49.7856 0.0048 49.7808
50 49.9952 0.048 49.9472
51 49.9472 0.0048 49.9424
40 50 0.048 49.952
44 50 0.048 49.952
38 49.9952 0.048 49.9472
51 50 0.0048 49.9952
33 50 0.048 49.952
37 50 0.048 49.952
29 50 0.0048 49.9952
43 50 0.0048 49.9952
43 49.9952 0.048 49.9472
29 49.9952 0.0048 49.9904
37 49.952 0.0048 49.9472
53 50 0.048 49.952
32 50 0.0048 49.9952
52 50 0.0048 49.9952
39 50 0.048 49.952
28 49.7856 0.0048 49.7808
28 49.7808 0.048 49.7328
39 49.952 0.0096 49.9424
39 49.9424 0.16 49.7824
39 49.7824 0.0016 49.7808
28 49.7328 0.016 49.7168
42 50 0.048 49.952
52 49.9952 0.048 49.9472
53 49.952 0.0048 49.9472
30 50 0.048 49.952
36 50 0.048 49.952
45 50 0.048 49.952
51 49.9952 0.048 49.9472
38 50 0.0048 49.9952
46 50 0.048 49.952
54 50 0.048 49.952
26 50 0.0048 49.9952
50 50 0.048 49.952
40 50 0.048 49.952
44 50 0.048 49.952
38 49.9952 0.048 49.9472
51 50 0.0048 49.9952
33 50 0.048 49.952
37 50 0.048 49.952
29 50 0.0048 49.9952
43 50 0.0048 49.9952
43 49.9952 0.048 49.9472
29 49.9952 0.0048 49.9904
37 49.952 0.0048 49.9472
53 50 0.048 49.952
32 50 0.0048 49.9952
42 50 0.048 49.952
52 50 0.048 49.952
32 49.9952 0.0048 49.9904
44 49.952 0.0048 49.9472
30 50 0.048 49.952
36 50 0.048 49.952
48 50 0.0048 49.9952
45 50 0.048 49.952
51 49.9952 0.048 49.9472
38 50 0.0048 49.9952
46 50 0.048 49.952
54 50 0.048 49.952
26 50 0.0048 49.9952
41 50 0.0048 49.9952
50 50 0.048 49.952
40 50 0.048 49.952
44 50 0.048 49.952
32 49.9904 0.0048 49.9856
32 49.9856 0.048 49.9376
52 50 0.0048 49.9952
44 49.952 0.0048 49.9472
44 49.9472 0.16 49.7872
32 49.9376 0.016 49.9216
32 49.9216 0.016 49.9056
44 49.7872 0.0016 49.7856
32 49.9056 0.048 49.8576
44 49.7856 0.0048 49.7808
52 49.9952 0.0048 49.9904
53 50 0.0048 49.9952
52 49.9904 0.016 49.9744
38 49.9952 0.048 49.9472
51 50 0.0048 49.9952
33 50 0.048 49.952
33 49.952 0.0048 49.9472
33 49.9472 0.16 49.7872
33 49.7872 0.0016 49.7856
37 50 0.048 49.952
29 50 0.0048 49.9952
43 50 0.0048 49.9952
43 49.9952 0.048 49.9472
29 49.9952 0.0048 49.9904
37 49.952 0.0048 49.9472
53 49.9952 0.048 49.9472
32 49.96 0.0048 49.9552
44 49.7808 0.0048 49.776
44 49.776 0.048 49.728
52 49.9744 0.0048 49.9696
53 49.9472 0.0048 49.9424
53 49.9424 0.16 49.7824
32 49.9552 0.016 49.9392
44 49.728 0.016 49.712
44 49.712 0.016 49.696
53 49.7824 0.0016 49.7808
44 49.696 0.048 49.648
32 49.9392 0.0048 49.9344
52 49.9696 0.0048 49.9648
53 49.7808 0.0048 49.776
52 49.9648 0.016 49.9488
42 50 0.048 49.952
52 49.9488 0.048 49.9008
32 49.9344 0.0048 49.9296
44 49.648 0.0048 49.6432
53 49.776 0.0048 49.7712
30 50 0.048 49.952
36 50 0.048 49.952
48 50 0.0048 49.9952
45 50 0.048 49.952
51 49.9952 0.048 49.9472
38 50 0.0048 49.9952
46 50 0.048 49.952
54 50 0.048 49.952
26 50 0.0048 49.9952
50 50 0.048 49.952
40 50 0.048 49.952
32 49.9296 0.048 49.8816
44 49.7569 0.0048 49.7521
52 50 0.0048 49.9952
53 49.9008 0.0048 49.896
53 49.896 0.048 49.848
32 49.8816 0.0048 49.8768
32 49.8768 0.16 49.7168
44 49.7521 0.016 49.7361
52 49.9952 0.016 49.9792
53 49.848 0.016 49.832
53 49.832 0.016 49.816
32 49.7168 0.0016 49.7152
53 49.816 0.048 49.768
32 49.7152 0.0048 49.7104
52 49.9792 0.0048 49.9744
38 49.9952 0.048 49.9472
51 50 0.0048 49.9952
37 50 0.048 49.952
29 50 0.0048 49.9952
43 50 0.0048 49.9952
43 49.9952 0.048 49.9472
29 49.9952 0.0048 49.9904
37 49.952 0.0048 49.9472
44 49.7361 0.048 49.6881
32 49.9898 0.0048 49.985
42 50 0.048 49.952
52 49.9744 0.048 49.9264
32 49.985 0.0048 49.9802
53 49.768 0.0048 49.7632
30 50 0.048 49.952
36 50 0.048 49.952
45 50 0.048 49.952
51 49.9952 0.048 49.9472
38 50 0.0048 49.9952
46 50 0.048 49.952
54 50 0.048 49.952
26 50 0.0048 49.9952
50 50 0.048 49.952
40 50 0.048 49.952
53 50 0.048 49.952
32 49.9802 0.0048 49.9754
52 50 0.0048 49.9952
38 49.9952 0.048 49.9472
51 50 0.0048 49.9952
37 50 0.048 49.952
29 50 0.0048 49.9952
43 50 0.0048 49.9952
43 49.9952 0.048 49.9472
29 49.9952 0.0048 49.9904
37 49.952 0.0048 49.9472
44 50 0.048 49.952
32 50 0.0048 49.9952
42 50 0.048 49.952
52 49.9952 0.048 49.9472
30 50 0.048 49.952
36 50 0.048 49.952
45 50 0.048 49.952
51 49.9952 0.048 49.9472
38 50 0.0048 49.9952
46 50 0.048 49.952
54 50 0.048 49.952
26 50 0.0048 49.9952
50 50 0.048 49.952
40 50 0.048 49.952
53 50 0.048 49.952
52 50 0.0048 49.9952
38 49.9952 0.048 49.9472
51 50 0.0048 49.9952
38 49.9472 0.0048 49.9424
38 49.9424 0.16 49.7824
38 49.7824 0.0016 49.7808
51 49.9952 0.016 49.9792
37 50 0.048 49.952
29 50 0.0048 49.9952
43 50 0.0048 49.9952
43 49.9952 0.048 49.9472
29 49.9952 0.0048 49.9904
37 49.952 0.0048 49.9472
44 50 0.048 49.952
32 50 0.0048 49.9952
52 49.9952 0.0048 49.9904
42 50 0.048 49.952
52 49.9904 0.048 49.9424
32 49.9952 0.0048 49.9904
44 49.952 0.0048 49.9472
53 49.952 0.0048 49.9472
30 50 0.048 49.952
36 50 0.048 49.952
48 50 0.0048 49.9952
45 50 0.048 49.952
51 49.9792 0.048 49.9312
38 50 0.0048 49.9952
38 49.9952 0.048 49.9472
50 50 0.0048 49.9952
51 49.9312 0.0048 49.9264
51 49.9264 0.16 49.7664
38 49.9472 0.016 49.9312
38 49.9312 0.016 49.9152
51 49.7664 0.0016 49.7648
38 49.9152 0.048 49.8672
51 49.7648 0.0048 49.76
38 49.8672 0.0048 49.8624
38 49.8624 0.16 49.7024
50 49.9952 0.016 49.9792
38 49.7024 0.0016 49.7008
51 49.76 0.016 49.744
46 50 0.048 49.952
54 50 0.048 49.952
41 50 0.0048 49.9952
50 49.9792 0.048 49.9312
51 49.744 0.0048 49.7392
40 50 0.048 49.952
53 50 0.048 49.952
32 49.9904 0.0048 49.9856
52 50 0.0048 49.9952
37 50 0.048 49.952
29 50 0.0048 49.9952
43 50 0.048 49.952
44 50 0.048 49.952
32 50 0.0048 49.9952
52 49.9952 0.0048 49.9904
42 50 0.048 49.952
52 49.9904 0.048 49.9424
32 49.9952 0.0048 49.9904
44 49.952 0.0048 49.9472
30 50 0.048 49.952
29 49.9952 0.048 49.9472
37 49.952 0.0048 49.9472
36 50 0.048 49.952
45 50 0.048 49.952
46 50 0.048 49.952
54 50 0.048 49.952
26 50 0.0048 49.9952
50 50 0.048 49.952
51 50 0.0048 49.9952
40 50 0.048 49.952
53 50 0.048 49.952
32 49.9904 0.0048 49.9856
37 50 0.048 49.952
29 50 0.0048 49.9952
43 50 0.048 49.952
29 49.9952 0.0048 49.9904
44 50 0.048 49.952
32 50 0.0048 49.9952
52 50 0.0048 49.9952
42 50 0.048 49.952
52 49.9952 0.048 49.9472
32 49.9952 0.0048 49.9904
44 49.952 0.0048 49.9472
53 49.952 0.0048 49.9472
30 50 0.048 49.952
29 49.9904 0.048 49.9424
37 49.952 0.0048 49.9472
36 50 0.048 49.952
48 50 0.0048 49.9952
45 50 0.048 49.952
46 50 0.048 49.952
54 50 0.048 49.952
26 50 0.0048 49.9952
50 50 0.048 49.952
51 50 0.0048 49.9952
40 50 0.048 49.952
53 50 0.048 49.952
32 49.9904 0.0048 49.9856
52 50 0.0048 49.9952
37 50 0.048 49.952
29 50 0.0048 49.9952
43 50 0.048 49.952
44 50 0.048 49.952
32 50 0.0048 49.9952
52 49.9952 0.0048 49.9904
42 50 0.048 49.952
52 49.9904 0.048 49.9424
32 49.9952 0.0048 49.9904
44 49.952 0.0048 49.9472
53 49.952 0.0048 49.9472
30 50 0.048 49.952
29 49.9952 0.048 49.9472
37 49.952 0.0048 49.9472
36 50 0.048 49.952
48 50 0.0048 49.9952
45 50 0.048 49.952
46 50 0.048 49.952
54 50 0.048 49.952
50 50 0.048 49.952
51 50 0.0048 49.9952
40 50 0.048 49.952
53 50 0.048 49.952
44 50 0.0048 49.9952
37 50 0.048 49.952
29 50 0.0048 49.9952
43 50 0.048 49.952
44 49.9952 0.048 49.9472
32 50 0.0048 49.9952
52 50 0.0048 49.9952
53 49.952 0.0048 49.9472
42 50 0.048 49.952
52 49.9952 0.048 49.9472
32 49.9952 0.0048 49.9904
44 49.9472 0.0048 49.9424
30 50 0.048 49.952
29 49.9952 0.048 49.9472
37 49.952 0.0048 49.9472
36 50 0.048 49.952
48 50 0.0048 49.9952
45 50 0.048 49.952
46 50 0.048 49.952
54 50 0.048 49.952
50 50 0.048 49.952
51 50 0.0048 49.9952
40 50 0.048 49.952
53 50 0.048 49.952
44 50 0.0048 49.9952
37 50 0.048 49.952
29 50 0.0048 49.9952
43 50 0.048 49.952
44 49.9952 0.048 49.9472
32 50 0.0048 49.9952
52 50 0.0048 49.9952
53 49.952 0.0048 49.9472
42 50 0.048 49.952
52 49.9952 0.048 49.9472
44 49.9472 0.0048 49.9424
53 49.9472 0.0048 49.9424
30 50 0.048 49.952
29 49.9952 0.048 49.9472
37 49.952 0.0048 49.9472
36 50 0.048 49.952
48 50 0.0048 49.9952
45 50 0.048 49.952
46 50 0.048 49.952
54 50 0.048 49.952
50 50 0.048 49.952
51 50 0.0048 49.9952
40 50 0.048 49.952
53 50 0.048 49.952
44 50 0.0048 49.9952
52 50 0.0048 49.9952
37 50 0.048 49.952
29 50 0.0048 49.9952
43 50 0.048 49.952
44 49.9952 0.048 49.9472
32 50 0.0048 49.9952
52 49.9952 0.0048 49.9904
53 49.952 0.0048 49.9472
42 50 0.048 49.952
52 49.9904 0.048 49.9424
32 49.9952 0.0048 49.9904
44 49.9472 0.0048 49.9424
53 49.9472 0.0048 49.9424
30 50 0.048 49.952
47 50 0.0048 49.9952
47 49.9952 0.048 49.9472
30 49.952 0.0048 49.9472
30 49.9472 0.16 49.7872
47 49.9472 0.016 49.9312
47 49.9312 0.016 49.9152
30 49.7872 0.0016 49.7856
47 49.9152 0.048 49.8672
30 49.7856 0.0048 49.7808
29 49.9952 0.048 49.9472
37 49.952 0.0048 49.9472
36 50 0.048 49.952
45 50 0.048 49.952
46 50 0.048 49.952
54 50 0.048 49.952
26 50 0.0048 49.9952
50 50 0.048 49.952
51 50 0.0048 49.9952
25 50 0.048 49.952
35 50 0.0048 49.9952
35 49.9952 0.048 49.9472
49 50 0.0048 49.9952
49 49.9952 0.048 49.9472
25 49.952 0.0096 49.9424
25 49.9424 0.16 49.7824
35 49.9472 0.016 49.9312
49 49.9472 0.016 49.9312
49 49.9312 0.016 49.9152
25 49.7824 0.0016 49.7808
49 49.9152 0.048 49.8672
25 49.7808 0.0048 49.776
35 49.9312 0.0048 49.9264
35 49.9264 0.048 49.8784
49 49.8672 0.0048 49.8624
49 49.8624 0.16 49.7024
25 49.776 0.016 49.76
35 49.8784 0.016 49.8624
35 49.8624 0.016 49.8464
49 49.7024 0.0016 49.7008
35 49.8464 0.048 49.7984
25 49.76 0.0048 49.7552
49 49.7008 0.0048 49.696
40 50 0.048 49.952
53 50 0.048 49.952
37 50 0.048 49.952
43 50 0.048 49.952
44 50 0.048 49.952
42 50 0.048 49.952
52 50 0.048 49.952
32 50 0.0048 49.9952
47 50 0.048 49.952
30 50 0.0048 49.9952
29 50 0.048 49.952
36 50 0.048 49.952
45 50 0.048 49.952
46 50 0.048 49.952
54 50 0.048 49.952
26 50 0.0048 49.9952
50 50 0.048 49.952
51 50 0.0048 49.9952
35 49.9704 0.048 49.9224
49 50 0.0048 49.9952
40 50 0.048 49.952
53 50 0.048 49.952
37 50 0.048 49.952
43 50 0.048 49.952
44 50 0.048 49.952
42 50 0.048 49.952
52 50 0.048 49.952
32 50 0.0048 49.9952
47 50 0.048 49.952
30 50 0.0048 49.9952
29 50 0.048 49.952
36 50 0.048 49.952
45 50 0.048 49.952
46 50 0.048 49.952
54 50 0.048 49.952
26 50 0.0048 49.9952
50 50 0.048 49.952
51 50 0.0048 49.9952
35 50 0.048 49.952
49 50 0.0048 49.9952
40 50 0.048 49.952
40 49.952 0.0048 49.9472
40 49.9472 0.16 49.7872
40 49.7872 0.0016 49.7856
53 50 0.048 49.952
37 50 0.048 49.952
29 50 0.0048 49.9952
43 50 0.048 49.952
44 50 0.048 49.952
42 50 0.048 49.952
52 50 0.048 49.952
32 50 0.0048 49.9952
47 50 0.048 49.952
30 50 0.0048 49.9952
29 49.9952 0.048 49.9472
37 49.952 0.0048 49.9472
36 50 0.048 49.952
45 50 0.048 49.952
46 50 0.048 49.952
54 50 0.048 49.952
26 50 0.0048 49.9952
50 50 0.048 49.952
51 50 0.0048 49.9952
35 50 0.048 49.952
53 50 0.048 49.952
37 50 0.048 49.952
29 50 0.0048 49.9952
43 50 0.048 49.952
44 50 0.048 49.952
32 50 0.0048 49.9952
42 50 0.048 49.952
52 50 0.048 49.952
32 49.9952 0.0048 49.9904
47 50 0.048 49.952
30 50 0.0048 49.9952
29 49.9952 0.048 49.9472
37 49.952 0.0048 49.9472
36 50 0.048 49.952
45 50 0.048 49.952
46 50 0.048 49.952
54 50 0.048 49.952
26 50 0.0048 49.9952
50 50 0.048 49.952
51 50 0.0048 49.9952
35 50 0.048 49.952
49 50 0.0048 49.9952
53 50 0.048 49.952
37 50 0.048 49.952
43 50 0.048 49.952
44 50 0.048 49.952
32 50 0.0048 49.9952
42 50 0.048 49.952
52 50 0.048 49.952
47 50 0.048 49.952
30 50 0.0048 49.9952
29 50 0.048 49.952
36 50 0.048 49.952
45 50 0.048 49.952
46 50 0.048 49.952
54 50 0.048 49.952
41 50 0.0048 49.9952
50 50 0.048 49.952
51 50 0.0048 49.9952
35 50 0.048 49.952
49 50 0.0048 49.9952
53 50 0.048 49.952
44 50 0.0048 49.9952
37 50 0.048 49.952
43 50 0.048 49.952
29 50 0.0048 49.9952
44 49.9952 0.048 49.9472
32 50 0.0048 49.9952
53 49.952 0.0048 49.9472
42 50 0.048 49.952
52 50 0.048 49.952
47 50 0.048 49.952
27 50 0.048 49.952
29 49.9952 0.048 49.9472
43 49.952 0.0048 49.9472
36 50 0.048 49.952
45 50 0.048 49.952
46 50 0.048 49.952
54 50 0.048 49.952
41 50 0.0048 49.9952
34 50 0.048 49.952
50 50 0.048 49.952
51 50 0.0048 49.9952
35 50 0.048 49.952
49 50 0.0048 49.9952
53 50 0.048 49.952
44 50 0.0048 49.9952
37 50 0.048 49.952
43 50 0.048 49.952
29 50 0.0048 49.9952
44 49.9952 0.048 49.9472
32 50 0.0048 49.9952
53 49.952 0.0048 49.9472
42 50 0.048 49.952
26 50 0.048 49.952
52 50 0.048 49.952
47 50 0.048 49.952
27 50 0.048 49.952
29 49.9952 0.048 49.9472
43 49.952 0.0048 49.9472
36 50 0.048 49.952
45 50 0.048 49.952
46 50 0.048 49.952
54 50 0.048 49.952
41 50 0.0048 49.9952
34 50 0.048 49.952
50 50 0.048 49.952
51 50 0.0048 49.9952
35 50 0.048 49.952
49 50 0.0048 49.9952
53 50 0.048 49.952
44 50 0.0048 49.9952
37 50 0.048 49.952
43 50 0.048 49.952
29 50 0.0048 49.9952
44 49.9952 0.048 49.9472
32 50 0.0048 49.9952
53 49.952 0.0048 49.9472
42 50 0.048 49.952
26 50 0.048 49.952
52 50 0.048 49.952
47 50 0.048 49.952
27 50 0.048 49.952
29 49.9952 0.048 49.9472
43 49.952 0.0048 49.9472
36 50 0.048 49.952
45 50 0.048 49.952
46 50 0.048 49.952
54 50 0.048 49.952
41 50 0.0048 49.9952
34 50 0.048 49.952
50 50 0.048 49.952
51 50 0.0048 49.9952
35 50 0.048 49.952
49 50 0.0048 49.9952
53 50 0.048 49.952
37 50 0.048 49.952
43 50 0.048 49.952
29 50 0.0048 49.9952
44 50 0.048 49.952
32 50 0.0048 49.9952
52 50 0.0048 49.9952
42 50 0.048 49.952
26 50 0.048 49.952
52 49.9952 0.048 49.9472
44 49.952 0.0048 49.9472
47 50 0.048 49.952
27 50 0.048 49.952
29 49.9952 0.048 49.9472
43 49.952 0.0048 49.9472
36 50 0.048 49.952
45 50 0.048 49.952
46 50 0.048 49.952
54 50 0.048 49.952
41 50 0.0048 49.9952
34 50 0.048 49.952
50 50 0.048 49.952
51 50 0.0048 49.9952
35 50 0.048 49.952
49 50 0.0048 49.9952
53 50 0.048 49.952
37 50 0.048 49.952
43 50 0.048 49.952
29 50 0.0048 49.9952
44 50 0.048 49.952
32 50 0.0048 49.9952
52 50 0.0048 49.9952
53 49.952 0.0048 49.9472
42 50 0.048 49.952
26 50 0.048 49.952
52 49.9952 0.048 49.9472
32 49.9952 0.0048 49.9904
44 49.952 0.0048 49.9472
47 50 0.048 49.952
27 50 0.048 49.952
29 49.9952 0.048 49.9472
43 49.952 0.0048 49.9472
36 50 0.048 49.952
48 50 0.0048 49.9952
45 50 0.048 49.952
46 50 0.048 49.952
54 50 0.048 49.952
41 50 0.0048 49.9952
34 50 0.048 49.952
50 50 0.048 49.952
51 50 0.0048 49.9952
35 50 0.048 49.952
49 50 0.0048 49.9952
53 50 0.048 49.952
44 50 0.0048 49.9952
37 50 0.048 49.952
43 50 0.048 49.952
44 49.9952 0.048 49.9472
32 50 0.0048 49.9952
52 50 0.0048 49.9952
53 49.952 0.0048 49.9472
42 50 0.048 49.952
26 50 0.048 49.952
52 49.9952 0.048 49.9472
44 49.9472 0.0048 49.9424
47 50 0.048 49.952
27 50 0.048 49.952
29 50 0.048 49.952
36 50 0.048 49.952
48 50 0.0048 49.9952
45 50 0.048 49.952
46 50 0.048 49.952
54 50 0.048 49.952
41 50 0.0048 49.9952
34 50 0.048 49.952
50 50 0.048 49.952
51 50 0.0048 49.9952
35 50 0.048 49.952
49 50 0.0048 49.9952
53 50 0.048 49.952
32 49.9952 0.0048 49.9904
44 50 0.0048 49.9952
37 50 0.048 49.952
43 50 0.048 49.952
29 50 0.0048 49.9952
44 49.9952 0.048 49.9472
32 50 0.0048 49.9952
52 50 0.0048 49.9952
53 49.952 0.0048 49.9472
42 50 0.048 49.952
26 50 0.048 49.952
52 49.9952 0.048 49.9472
32 49.9952 0.0048 49.9904
44 49.9472 0.0048 49.9424
53 49.9472 0.0048 49.9424
47 50 0.048 49.952
27 50 0.048 49.952
29 49.9952 0.048 49.9472
43 49.952 0.0048 49.9472
36 50 0.048 49.952
48 50 0.0048 49.9952
45 50 0.048 49.952
46 50 0.048 49.952
54 50 0.048 49.952
34 50 0.048 49.952
50 50 0.048 49.952
51 50 0.0048 49.9952
35 50 0.048 49.952
49 50 0.0048 49.9952
53 50 0.048 49.952
32 49.9904 0.0048 49.9856
44 50 0.0048 49.9952
52 50 0.0048 49.9952
37 50 0.048 49.952
32 50 0.048 49.952
44 49.9952 0.0048 49.9904
52 49.9952 0.0048 49.9904
53 49.952 0.0048 49.9472
43 50 0.048 49.952
29 50 0.0048 49.9952
44 49.9904 0.048 49.9424
32 49.952 0.0048 49.9472
53 49.9472 0.0048 49.9424
42 50 0.048 49.952
26 50 0.048 49.952
52 49.9904 0.048 49.9424
32 49.9472 0.0048 49.9424
53 49.9424 0.0048 49.9376
47 50 0.048 49.952
27 50 0.048 49.952
29 49.9952 0.048 49.9472
43 49.952 0.0048 49.9472
36 50 0.048 49.952
48 50 0.0048 49.9952
45 50 0.048 49.952
46 50 0.048 49.952
54 50 0.048 49.952
34 50 0.048 49.952
50 50 0.048 49.952
51 50 0.0048 49.9952
35 50 0.048 49.952
25 50 0.0048 49.9952
49 50 0.0048 49.9952
53 50 0.048 49.952
32 49.9424 0.0048 49.9376
44 50 0.0048 49.9952
52 50 0.0048 49.9952
37 50 0.048 49.952
32 50 0.048 49.952
44 49.9952 0.0048 49.9904
53 49.952 0.0048 49.9472
43 50 0.048 49.952
44 49.9904 0.048 49.9424
32 49.952 0.0048 49.9472
52 49.9952 0.0048 49.9904
53 49.9472 0.0048 49.9424
42 50 0.048 49.952
26 50 0.048 49.952
49 49.9952 0.048 49.9472
25 50 0.0048 49.9952
25 49.9952 0.048 49.9472
35 50 0.0048 49.9952
49 49.9472 0.0048 49.9424
49 49.9424 0.16 49.7824
25 49.9472 0.016 49.9312
25 49.9312 0.016 49.9152
49 49.7824 0.0016 49.7808
25 49.9152 0.048 49.8672
35 49.9952 0.0048 49.9904
49 49.7808 0.0048 49.776
35 49.9904 0.016 49.9744
52 49.9904 0.048 49.9424
44 49.9424 0.0048 49.9376
53 49.9424 0.0048 49.9376
47 50 0.048 49.952
27 50 0.048 49.952
29 50 0.048 49.952
36 50 0.048 49.952
48 50 0.0048 49.9952
45 50 0.048 49.952
41 50 0.048 49.952
46 50 0.048 49.952
54 50 0.048 49.952
34 50 0.048 49.952
50 50 0.048 49.952
51 50 0.0048 49.9952
35 49.9744 0.048 49.9264
25 49.8672 0.0048 49.8624
49 50 0.0048 49.9952
53 50 0.048 49.952
44 50 0.0048 49.9952
52 50 0.0048 49.9952
37 50 0.048 49.952
32 50 0.048 49.952
43 50 0.048 49.952
44 49.9952 0.048 49.9472
53 49.952 0.0048 49.9472
42 50 0.048 49.952
26 50 0.048 49.952
25 50 0.048 49.952
35 50 0.0048 49.9952
49 49.9952 0.0048 49.9904
52 49.9952 0.048 49.9472
47 50 0.048 49.952
27 50 0.048 49.952
29 50 0.048 49.952
36 50 0.048 49.952
48 50 0.0048 49.9952
45 50 0.048 49.952
41 50 0.048 49.952
46 50 0.048 49.952
54 50 0.048 49.952
34 50 0.048 49.952
50 50 0.048 49.952
51 50 0.0048 49.9952
35 49.9952 0.048 49.9472
25 49.952 0.0048 49.9472
39 50 0.048 49.952
28 50 0.0048 49.9952
28 49.9952 0.048 49.9472
39 49.952 0.0048 49.9472
39 49.9472 0.16 49.7872
28 49.9472 0.016 49.9312
28 49.9312 0.016 49.9152
39 49.7872 0.0016 49.7856
28 49.9152 0.048 49.8672
39 49.7856 0.0048 49.7808
53 50 0.048 49.952
44 50 0.0048 49.9952
37 50 0.048 49.952
29 50 0.0048 49.9952
37 49.952 0.0048 49.9472
37 49.9472 0.16 49.7872
37 49.7872 0.0016 49.7856
29 49.9952 0.016 49.9792
32 50 0.048 49.952
52 50 0.0048 49.9952
43 50 0.048 49.952
44 49.9952 0.048 49.9472
53 49.952 0.0048 49.9472
42 50 0.048 49.952
26 50 0.048 49.952
25 50 0.048 49.952
35 50 0.0048 49.9952
49 50 0.0048 49.9952
52 49.9952 0.048 49.9472
32 49.952 0.0048 49.9472
47 50 0.048 49.952
27 50 0.048 49.952
29 49.9792 0.048 49.9312
37 49.7856 0.0048 49.7808
37 49.7808 0.048 49.7328
29 49.9312 0.0096 49.9216
29 49.9216 0.16 49.7616
29 49.7616 0.0016 49.76
37 49.7328 0.016 49.7168
36 50 0.048 49.952
48 50 0.0048 49.9952
45 50 0.048 49.952
41 50 0.048 49.952
46 50 0.048 49.952
54 50 0.048 49.952
34 50 0.048 49.952
50 50 0.048 49.952
35 49.9952 0.048 49.9472
25 49.952 0.0048 49.9472
28 50 0.048 49.952
53 50 0.048 49.952
44 50 0.0048 49.9952
32 50 0.048 49.952
43 50 0.048 49.952
37 50 0.0048 49.9952
44 49.9952 0.048 49.9472
53 49.952 0.0048 49.9472
42 50 0.048 49.952
26 50 0.048 49.952
25 50 0.048 49.952
49 50 0.0048 49.9952
52 50 0.048 49.952
47 50 0.048 49.952
27 50 0.048 49.952
36 50 0.048 49.952
48 50 0.0048 49.9952
45 50 0.048 49.952
41 50 0.048 49.952
46 50 0.048 49.952
54 50 0.048 49.952
34 50 0.048 49.952
50 50 0.048 49.952
35 50 0.048 49.952
28 50 0.048 49.952
53 50 0.048 49.952
44 50 0.0048 49.9952
52 50 0.0048 49.9952
32 50 0.048 49.952
43 50 0.048 49.952
44 49.9952 0.048 49.9472
52 49.9952 0.0048 49.9904
53 49.952 0.0048 49.9472
42 50 0.048 49.952
26 50 0.048 49.952
54 49.952 0.0048 49.9472
25 50 0.048 49.952
52 49.9904 0.048 49.9424
44 49.9472 0.0048 49.9424
53 49.9472 0.0048 49.9424
47 50 0.048 49.952
27 50 0.048 49.952
36 50 0.048 49.952
48 50 0.0048 49.9952
48 49.9952 0.048 49.9472
36 49.952 0.0048 49.9472
45 50 0.048 49.952
41 50 0.048 49.952
46 50 0.048 49.952
54 50 0.048 49.952
34 50 0.048 49.952
50 50 0.048 49.952
35 50 0.048 49.952
28 50 0.048 49.952
53 50 0.048 49.952
44 50 0.0048 49.9952
52 50 0.0048 49.9952
31 50 0.048 49.952
32 50 0.048 49.952
43 50 0.048 49.952
44 49.9952 0.048 49.9472
52 49.9952 0.0048 49.9904
53 49.952 0.0048 49.9472
42 50 0.048 49.952
26 50 0.048 49.952
25 50 0.048 49.952
52 49.9904 0.048 49.9424
44 49.9472 0.0048 49.9424
47 50 0.048 49.952
27 50 0.048 49.952
36 50 0.048 49.952
48 50 0.0048 49.9952
48 49.9952 0.048 49.9472
36 49.952 0.0048 49.9472
45 50 0.048 49.952
41 50 0.048 49.952
46 50 0.048 49.952
54 50 0.048 49.952
34 50 0.048 49.952
50 50 0.048 49.952
35 50 0.048 49.952
49 50 0.0048 49.9952
28 50 0.048 49.952
53 50 0.048 49.952
44 50 0.0048 49.9952
31 50 0.048 49.952
32 50 0.048 49.952
43 50 0.048 49.952
44 49.9952 0.048 49.9472
52 50 0.0048 49.9952
53 49.952 0.0048 49.9472
42 50 0.048 49.952
26 50 0.048 49.952
54 49.952 0.0048 49.9472
25 50 0.048 49.952
49 49.9952 0.0048 49.9904
52 49.9952 0.048 49.9472
44 49.9472 0.0048 49.9424
47 50 0.048 49.952
27 50 0.048 49.952
36 50 0.048 49.952
48 50 0.0048 49.9952
48 49.9952 0.048 49.9472
45 50 0.048 49.952
41 50 0.048 49.952
54 49.9472 0.0048 49.9424
46 50 0.048 49.952
54 50 0.048 49.952
26 49.952 0.0048 49.9472
41 49.952 0.0048 49.9472
34 50 0.048 49.952
50 50 0.048 49.952
35 50 0.048 49.952
49 50 0.0048 49.9952
28 50 0.048 49.952
53 50 0.048 49.952
44 50 0.0048 49.9952
31 50 0.048 49.952
32 50 0.048 49.952
43 50 0.048 49.952
29 50 0.0048 49.9952
44 49.9952 0.048 49.9472
52 50 0.0048 49.9952
53 49.952 0.0048 49.9472
42 50 0.048 49.952
26 50 0.048 49.952
41 50 0.0048 49.9952
54 49.952 0.0048 49.9472
25 50 0.048 49.952
49 49.9952 0.0048 49.9904
52 49.9952 0.048 49.9472
44 49.9472 0.0048 49.9424
47 50 0.048 49.952
27 50 0.048 49.952
36 50 0.048 49.952
48 50 0.048 49.952
45 50 0.048 49.952
41 49.9952 0.048 49.9472
54 49.9472 0.0048 49.9424
46 50 0.048 49.952
54 50 0.048 49.952
26 49.952 0.0048 49.9472
41 49.9472 0.0048 49.9424
34 50 0.048 49.952
50 50 0.048 49.952
35 50 0.048 49.952
49 50 0.0048 49.9952
28 50 0.048 49.952
53 50 0.048 49.952
44 50 0.0048 49.9952
31 50 0.048 49.952
32 50 0.048 49.952
43 50 0.048 49.952
29 50 0.0048 49.9952
37 50 0.0048 49.9952
44 49.9952 0.048 49.9472
52 50 0.0048 49.9952
53 49.952 0.0048 49.9472
42 50 0.048 49.952
26 50 0.048 49.952
54 49.952 0.0048 49.9472
25 50 0.048 49.952
49 49.9952 0.0048 49.9904
52 49.9952 0.048 49.9472
44 49.9472 0.0048 49.9424
53 49.9472 0.0048 49.9424
47 50 0.048 49.952
27 50 0.048 49.952
36 50 0.048 49.952
48 50 0.048 49.952
45 50 0.048 49.952
41 50 0.048 49.952
54 49.9472 0.0048 49.9424
46 50 0.048 49.952
54 50 0.048 49.952
26 49.952 0.0048 49.9472
41 49.952 0.0048 49.9472
34 50 0.048 49.952
50 50 0.048 49.952
35 50 0.048 49.952
49 50 0.0048 49.9952
28 50 0.048 49.952
53 50 0.048 49.952
44 50 0.0048 49.9952
31 50 0.048 49.952
32 50 0.048 49.952
43 50 0.048 49.952
29 50 0.0048 49.9952
44 49.9952 0.048 49.9472
52 50 0.0048 49.9952
53 49.952 0.0048 49.9472
42 50 0.048 49.952
26 50 0.048 49.952
54 49.952 0.0048 49.9472
25 50 0.048 49.952
49 49.9952 0.0048 49.9904
52 49.9952 0.048 49.9472
44 49.9472 0.0048 49.9424
47 50 0.048 49.952
27 50 0.048 49.952
36 50 0.048 49.952
48 50 0.048 49.952
45 50 0.048 49.952
41 50 0.048 49.952
54 49.9472 0.0048 49.9424
46 50 0.048 49.952
54 50 0.048 49.952
26 49.952 0.0048 49.9472
41 49.952 0.0048 49.9472
34 50 0.048 49.952
50 50 0.048 49.952
35 50 0.048 49.952
28 50 0.048 49.952
53 50 0.048 49.952
44 50 0.0048 49.9952
31 50 0.048 49.952
32 50 0.048 49.952
43 50 0.048 49.952
44 49.9952 0.048 49.9472
52 50 0.0048 49.9952
53 49.952 0.0048 49.9472
42 50 0.048 49.952
26 50 0.048 49.952
54 49.952 0.0048 49.9472
25 50 0.048 49.952
49 50 0.0048 49.9952
52 49.9952 0.048 49.9472
44 49.9472 0.0048 49.9424
47 50 0.048 49.952
27 50 0.048 49.952
36 50 0.048 49.952
48 50 0.048 49.952
45 50 0.048 49.952
41 50 0.048 49.952
54 49.9472 0.0048 49.9424
46 50 0.048 49.952
54 50 0.048 49.952
26 49.952 0.0048 49.9472
41 49.952 0.0048 49.9472
34 50 0.048 49.952
50 50 0.048 49.952
35 50 0.048 49.952
35 49.952 0.0048 49.9472
35 49.9472 0.16 49.7872
35 49.7872 0.0016 49.7856
28 50 0.048 49.952
53 50 0.048 49.952
44 50 0.0048 49.9952
31 50 0.048 49.952
32 50 0.048 49.952
43 50 0.048 49.952
29 50 0.0048 49.9952
44 49.9952 0.048 49.9472
52 50 0.0048 49.9952
53 49.952 0.0048 49.9472
42 50 0.048 49.952
26 50 0.048 49.952
54 49.952 0.0048 49.9472
25 50 0.048 49.952
49 50 0.0048 49.9952
52 49.9952 0.048 49.9472
44 49.9472 0.0048 49.9424
47 50 0.048 49.952
27 50 0.048 49.952
36 50 0.048 49.952
48 50 0.048 49.952
45 50 0.048 49.952
41 50 0.048 49.952
54 49.9472 0.0048 49.9424
46 50 0.048 49.952
54 50 0.048 49.952
26 49.952 0.0048 49.9472
41 49.952 0.0048 49.9472
34 50 0.048 49.952
50 50 0.048 49.952
28 50 0.048 49.952
53 50 0.048 49.952
44 50 0.0048 49.9952
31 50 0.048 49.952
32 50 0.048 49.952
43 50 0.048 49.952
29 50 0.0048 49.9952
44 49.9952 0.048 49.9472
52 50 0.0048 49.9952
53 49.952 0.0048 49.9472
42 50 0.048 49.952
26 50 0.048 49.952
54 49.952 0.0048 49.9472
25 50 0.048 49.952
49 50 0.0048 49.9952
52 49.9952 0.048 49.9472
44 49.9472 0.0048 49.9424
47 50 0.048 49.952
27 50 0.048 49.952
36 50 0.048 49.952
48 50 0.048 49.952
45 50 0.048 49.952
41 50 0.048 49.952
46 50 0.048 49.952
54 50 0.048 49.952
26 49.952 0.0048 49.9472
34 50 0.048 49.952
50 50 0.048 49.952
28 50 0.048 49.952
53 50 0.048 49.952
44 50 0.0048 49.9952
31 50 0.048 49.952
32 50 0.048 49.952
53 49.952 0.0048 49.9472
43 50 0.048 49.952
29 50 0.0048 49.9952
44 49.9952 0.048 49.9472
52 50 0.0048 49.9952
53 49.9472 0.0048 49.9424
42 50 0.048 49.952
26 50 0.048 49.952
54 49.952 0.0048 49.9472
25 50 0.048 49.952
49 50 0.0048 49.9952
52 49.9952 0.048 49.9472
44 49.9472 0.0048 49.9424
47 50 0.048 49.952
27 50 0.048 49.952
36 50 0.048 49.952
48 50 0.048 49.952
45 50 0.048 49.952
41 50 0.048 49.952
46 50 0.048 49.952
54 50 0.048 49.952
34 50 0.048 49.952
50 50 0.048 49.952
28 50 0.048 49.952
53 50 0.048 49.952
32 49.952 0.0048 49.9472
44 50 0.0048 49.9952
31 50 0.048 49.952
32 50 0.048 49.952
44 49.9952 0.0048 49.9904
53 49.952 0.0048 49.9472
43 50 0.048 49.952
44 49.9904 0.048 49.9424
32 49.952 0.0048 49.9472
52 50 0.0048 49.9952
53 49.9472 0.0048 49.9424
42 50 0.048 49.952
26 50 0.048 49.952
25 50 0.048 49.952
49 50 0.0048 49.9952
52 49.9952 0.048 49.9472
44 49.9424 0.0048 49.9376
47 50 0.048 49.952
27 50 0.048 49.952
36 50 0.048 49.952
48 50 0.048 49.952
45 50 0.048 49.952
41 50 0.048 49.952
46 50 0.048 49.952
54 50 0.048 49.952
34 50 0.048 49.952
50 50 0.048 49.952
28 50 0.048 49.952
53 50 0.048 49.952
44 50 0.0048 49.9952
31 50 0.048 49.952
32 50 0.048 49.952
44 49.9952 0.0048 49.9904
43 50 0.048 49.952
44 49.9904 0.048 49.9424
32 49.952 0.0048 49.9472
52 50 0.0048 49.9952
53 49.952 0.0048 49.9472
42 50 0.048 49.952
26 50 0.048 49.952
25 50 0.048 49.952
49 50 0.0048 49.9952
52 49.9952 0.048 49.9472
44 49.9424 0.0048 49.9376
47 50 0.048 49.952
27 50 0.048 49.952
36 50 0.048 49.952
48 50 0.048 49.952
45 50 0.048 49.952
41 50 0.048 49.952
46 50 0.048 49.952
54 50 0.048 49.952
34 50 0.048 49.952
50 50 0.048 49.952
28 50 0.048 49.952
53 50 0.048 49.952
32 49.9472 0.0048 49.9424
44 50 0.0048 49.9952
31 50 0.048 49.952
32 50 0.048 49.952
44 49.9952 0.0048 49.9904
53 49.952 0.0048 49.9472
43 50 0.048 49.952
44 49.9904 0.048 49.9424
32 49.952 0.0048 49.9472
52 50 0.0048 49.9952
53 49.9472 0.0048 49.9424
42 50 0.048 49.952
26 50 0.048 49.952
25 50 0.048 49.952
49 50 0.0048 49.9952
52 49.9952 0.048 49.9472
44 49.9424 0.0048 49.9376
47 50 0.048 49.952
30 50 0.0048 49.9952
40 50 0.048 49.952
27 50 0.048 49.952
36 50 0.048 49.952
48 50 0.048 49.952
45 50 0.048 49.952
41 50 0.048 49.952
46 50 0.048 49.952
54 50 0.048 49.952
34 50 0.048 49.952
50 50 0.048 49.952
51 50 0.0048 49.9952
28 50 0.048 49.952
53 50 0.048 49.952
32 49.9472 0.0048 49.9424
44 50 0.0048 49.9952
31 50 0.048 49.952
32 50 0.048 49.952
44 49.9952 0.0048 49.9904
53 49.952 0.0048 49.9472
43 50 0.048 49.952
44 49.9904 0.048 49.9424
32 49.952 0.0048 49.9472
53 49.9472 0.0048 49.9424
42 50 0.048 49.952
26 50 0.048 49.952
25 50 0.048 49.952
49 50 0.0048 49.9952
52 50 0.048 49.952
47 50 0.048 49.952
45 50 0.0048 49.9952
40 50 0.048 49.952
27 50 0.048 49.952
36 50 0.048 49.952
48 50 0.0048 49.9952
48 49.9952 0.048 49.9472
36 49.952 0.0048 49.9472
45 49.9952 0.048 49.9472
47 50 0.0048 49.9952
41 50 0.048 49.952
54 49.952 0.0048 49.9472
46 50 0.048 49.952
54 50 0.048 49.952
41 49.952 0.0048 49.9472
34 50 0.048 49.952
50 50 0.048 49.952
51 50 0.0048 49.9952
28 50 0.048 49.952
53 50 0.048 49.952
32 49.9472 0.0048 49.9424
44 50 0.0048 49.9952
31 50 0.048 49.952
32 50 0.048 49.952
44 49.9952 0.0048 49.9904
53 49.952 0.0048 49.9472
43 50 0.048 49.952
44 49.9904 0.048 49.9424
32 49.952 0.0048 49.9472
52 50 0.0048 49.9952
53 49.9472 0.0048 49.9424
42 50 0.048 49.952
26 50 0.048 49.952
25 50 0.048 49.952
49 50 0.0048 49.9952
52 49.9952 0.048 49.9472
44 49.9424 0.0048 49.9376
47 49.9952 0.048 49.9472
45 50 0.0048 49.9952
40 50 0.048 49.952
27 50 0.048 49.952
36 50 0.048 49.952
48 50 0.0048 49.9952
48 49.9952 0.048 49.9472
36 49.952 0.0048 49.9472
45 49.9952 0.048 49.9472
47 50 0.0048 49.9952
41 50 0.048 49.952
54 49.952 0.0048 49.9472
46 50 0.048 49.952
54 50 0.048 49.952
41 49.952 0.0048 49.9472
54 49.952 0.0048 49.9472
54 49.9472 0.16 49.7872
54 49.7872 0.0016 49.7856
41 49.9472 0.016 49.9312
34 50 0.048 49.952
50 50 0.048 49.952
51 50 0.0048 49.9952
28 50 0.048 49.952
53 50 0.048 49.952
32 49.9472 0.0048 49.9424
31 50 0.048 49.952
32 50 0.048 49.952
44 50 0.0048 49.9952
53 49.952 0.0048 49.9472
43 50 0.048 49.952
44 49.9952 0.048 49.9472
32 49.952 0.0048 49.9472
42 50 0.048 49.952
26 50 0.048 49.952
41 50 0.0048 49.9952
25 50 0.048 49.952
52 50 0.048 49.952
47 49.9952 0.048 49.9472
30 50 0.0048 49.9952
45 50 0.0048 49.9952
40 50 0.048 49.952
38 50 0.048 49.952
27 50 0.048 49.952
36 50 0.048 49.952
48 50 0.0048 49.9952
48 49.9952 0.048 49.9472
36 49.952 0.0048 49.9472
45 49.9952 0.048 49.9472
47 50 0.0048 49.9952
41 49.9952 0.048 49.9472
54 49.7856 0.0048 49.7808
54 49.7808 0.048 49.7328
41 49.9472 0.0048 49.9424
41 49.9424 0.16 49.7824
54 49.7328 0.016 49.7168
54 49.7168 0.016 49.7008
41 49.7824 0.0016 49.7808
54 49.7008 0.048 49.6528
41 49.7808 0.0048 49.776
46 50 0.048 49.952
34 50 0.048 49.952
50 50 0.048 49.952
51 50 0.0048 49.9952
33 50 0.048 49.952
28 50 0.048 49.952
53 50 0.048 49.952
32 49.9472 0.0048 49.9424
31 50 0.048 49.952
32 50 0.048 49.952
44 50 0.0048 49.9952
53 49.952 0.0048 49.9472
43 50 0.048 49.952
44 49.9952 0.048 49.9472
32 49.952 0.0048 49.9472
42 50 0.048 49.952
26 50 0.048 49.952
25 50 0.048 49.952
49 50 0.0048 49.9952
52 50 0.048 49.952
47 49.9952 0.048 49.9472
45 50 0.0048 49.9952
40 50 0.048 49.952
38 50 0.048 49.952
27 50 0.048 49.952
36 50 0.048 49.952
48 50 0.0048 49.9952
48 49.9952 0.048 49.9472
36 49.952 0.0048 49.9472
45 49.9952 0.048 49.9472
47 50 0.0048 49.9952
54 49.9365 0.048 49.8885
41 50 0.0048 49.9952
46 50 0.048 49.952
34 50 0.048 49.952
50 50 0.048 49.952
51 50 0.0048 49.9952
33 50 0.048 49.952
28 50 0.048 49.952
53 50 0.048 49.952
32 49.9472 0.0048 49.9424
31 50 0.048 49.952
32 50 0.048 49.952
44 50 0.0048 49.9952
53 49.952 0.0048 49.9472
43 50 0.048 49.952
44 49.9952 0.048 49.9472
32 49.952 0.0048 49.9472
52 50 0.0048 49.9952
42 50 0.048 49.952
26 50 0.048 49.952
25 50 0.048 49.952
49 50 0.0048 49.9952
52 49.9952 0.048 49.9472
44 49.9472 0.0048 49.9424
47 49.9952 0.048 49.9472
45 50 0.0048 49.9952
40 50 0.048 49.952
38 50 0.048 49.952
27 50 0.048 49.952
36 50 0.048 49.952
48 50 0.0048 49.9952
48 49.9952 0.048 49.9472
36 49.952 0.0048 49.9472
45 49.9952 0.048 49.9472
47 50 0.0048 49.9952
54 50 0.048 49.952
26 49.952 0.0048 49.9472
41 50 0.0048 49.9952
46 50 0.048 49.952
34 50 0.048 49.952
50 50 0.048 49.952
33 50 0.048 49.952
28 50 0.048 49.952
53 50 0.048 49.952
32 49.9472 0.0048 49.9424
31 50 0.048 49.952
32 50 0.048 49.952
44 50 0.0048 49.9952
53 49.952 0.0048 49.9472
43 50 0.048 49.952
44 49.9952 0.048 49.9472
32 49.952 0.0048 49.9472
42 50 0.048 49.952
26 50 0.048 49.952
54 50 0.0048 49.9952
25 50 0.048 49.952
49 50 0.0048 49.9952
52 50 0.048 49.952
47 49.9952 0.048 49.9472
30 50 0.0048 49.9952
45 50 0.0048 49.9952
40 50 0.048 49.952
38 50 0.048 49.952
27 50 0.048 49.952
36 50 0.048 49.952
48 50 0.0048 49.9952
48 49.9952 0.048 49.9472
36 49.952 0.0048 49.9472
45 49.9952 0.048 49.9472
47 50 0.0048 49.9952
54 49.9952 0.048 49.9472
26 49.952 0.0048 49.9472
41 50 0.0048 49.9952
46 50 0.048 49.952
34 50 0.048 49.952
50 50 0.048 49.952
33 50 0.048 49.952
28 50 0.048 49.952
53 50 0.048 49.952
32 49.9472 0.0048 49.9424
31 50 0.048 49.952
32 50 0.048 49.952
44 50 0.0048 49.9952
53 49.952 0.0048 49.9472
43 50 0.048 49.952
29 50 0.0048 49.9952
44 49.9952 0.048 49.9472
32 49.952 0.0048 49.9472
42 50 0.048 49.952
26 50 0.048 49.952
54 50 0.0048 49.9952
25 50 0.048 49.952
49 50 0.0048 49.9952
52 50 0.048 49.952
32 49.9472 0.0048 49.9424
53 49.9472 0.0048 49.9424
47 49.9952 0.048 49.9472
30 50 0.0048 49.9952
45 50 0.0048 49.9952
40 50 0.048 49.952
38 50 0.048 49.952
27 50 0.048 49.952
36 50 0.048 49.952
48 50 0.0048 49.9952
36 49.952 0.0048 49.9472
36 49.9472 0.16 49.7872
36 49.7872 0.0016 49.7856
48 49.9952 0.016 49.9792
48 49.9792 0.048 49.9312
36 49.7856 0.0048 49.7808
36 49.7808 0.048 49.7328
48 49.9312 0.0096 49.9216
48 49.9216 0.16 49.7616
48 49.7616 0.0016 49.76
36 49.7328 0.016 49.7168
45 49.9952 0.048 49.9472
47 50 0.0048 49.9952
54 49.9952 0.048 49.9472
26 49.952 0.0048 49.9472
41 50 0.0048 49.9952
46 50 0.048 49.952
34 50 0.048 49.952
50 50 0.048 49.952
33 50 0.048 49.952
28 50 0.048 49.952
53 50 0.048 49.952
32 49.9424 0.0048 49.9376
52 50 0.0048 49.9952
31 50 0.048 49.952
31 49.952 0.0048 49.9472
31 49.9472 0.16 49.7872
31 49.7872 0.0016 49.7856
32 50 0.048 49.952
44 50 0.0048 49.9952
52 49.9952 0.0048 49.9904
53 49.952 0.0048 49.9472
43 50 0.048 49.952
29 50 0.0048 49.9952
44 49.9952 0.048 49.9472
32 49.952 0.0048 49.9472
42 50 0.048 49.952
26 50 0.048 49.952
54 50 0.0048 49.9952
25 50 0.048 49.952
49 50 0.0048 49.9952
52 49.9904 0.048 49.9424
32 49.9472 0.0048 49.9424
53 49.9472 0.0048 49.9424
47 49.9952 0.048 49.9472
30 50 0.0048 49.9952
40 50 0.048 49.952
38 50 0.048 49.952
51 50 0.0048 49.9952
51 49.9952 0.048 49.9472
38 49.952 0.0048 49.9472
38 49.9472 0.16 49.7872
51 49.9472 0.016 49.9312
51 49.9312 0.016 49.9152
38 49.7872 0.0016 49.7856
51 49.9152 0.048 49.8672
38 49.7856 0.0048 49.7808
27 50 0.048 49.952
45 50 0.048 49.952
47 50 0.0048 49.9952
54 49.9952 0.048 49.9472
26 49.952 0.0048 49.9472
41 50 0.0048 49.9952
46 50 0.048 49.952
34 50 0.048 49.952
50 50 0.048 49.952
33 50 0.048 49.952
28 50 0.048 49.952
53 50 0.048 49.952
32 49.9424 0.0048 49.9376
52 50 0.0048 49.9952
32 50 0.048 49.952
53 49.952 0.0048 49.9472
43 50 0.048 49.952
29 50 0.0048 49.9952
44 50 0.048 49.952
42 50 0.048 49.952
26 50 0.048 49.952
54 50 0.0048 49.9952
25 50 0.048 49.952
49 50 0.0048 49.9952
52 49.9952 0.048 49.9472
47 49.9952 0.048 49.9472
30 50 0.0048 49.9952
45 50 0.0048 49.9952
40 50 0.048 49.952
51 50 0.048 49.952
38 50 0.0048 49.9952
27 50 0.048 49.952
45 49.9952 0.048 49.9472
47 50 0.0048 49.9952
54 49.9952 0.048 49.9472
26 49.952 0.0048 49.9472
46 50 0.048 49.952
34 50 0.048 49.952
50 50 0.048 49.952
33 50 0.048 49.952
28 50 0.048 49.952
53 50 0.048 49.952
32 49.952 0.0048 49.9472
32 50 0.048 49.952
43 50 0.048 49.952
29 50 0.0048 49.9952
37 50 0.0048 49.9952
44 50 0.048 49.952
42 50 0.048 49.952
26 50 0.048 49.952
54 50 0.0048 49.9952
25 50 0.048 49.952
49 50 0.0048 49.9952
52 50 0.048 49.952
47 49.9952 0.048 49.9472
30 50 0.0048 49.9952
45 50 0.0048 49.9952
40 50 0.048 49.952
51 50 0.048 49.952
38 50 0.0048 49.9952
27 50 0.048 49.952
45 49.9952 0.048 49.9472
47 50 0.0048 49.9952
54 49.9952 0.048 49.9472
26 49.952 0.0048 49.9472
46 50 0.048 49.952
34 50 0.048 49.952
50 50 0.048 49.952
33 50 0.048 49.952
28 50 0.048 49.952
28 49.952 0.0048 49.9472
28 49.9472 0.16 49.7872
28 49.7872 0.0016 49.7856
53 50 0.048 49.952
32 50 0.048 49.952
43 50 0.048 49.952
29 50 0.0048 49.9952
44 50 0.048 49.952
42 50 0.048 49.952
26 50 0.048 49.952
54 50 0.0048 49.9952
25 50 0.048 49.952
49 50 0.0048 49.9952
52 50 0.048 49.952
47 49.9952 0.048 49.9472
30 50 0.0048 49.9952
45 50 0.0048 49.9952
40 50 0.048 49.952
51 50 0.048 49.952
38 50 0.0048 49.9952
27 50 0.048 49.952
45 49.9952 0.048 49.9472
47 50 0.0048 49.9952
54 49.9952 0.048 49.9472
26 49.952 0.0048 49.9472
46 50 0.048 49.952
34 50 0.048 49.952
50 50 0.048 49.952
33 50 0.048 49.952
53 50 0.048 49.952
32 50 0.048 49.952
43 50 0.048 49.952
29 50 0.0048 49.9952
44 50 0.048 49.952
42 50 0.048 49.952
26 50 0.048 49.952
54 50 0.0048 49.9952
25 50 0.048 49.952
49 50 0.0048 49.9952
52 50 0.048 49.952
47 49.9952 0.048 49.9472
30 50 0.0048 49.9952
45 50 0.0048 49.9952
40 50 0.048 49.952
51 50 0.048 49.952
27 50 0.048 49.952
45 49.9952 0.048 49.9472
30 49.9952 0.0048 49.9904
30 49.9904 0.048 49.9424
47 50 0.0048 49.9952
45 49.9472 0.0048 49.9424
45 49.9424 0.16 49.7824
30 49.9424 0.016 49.9264
30 49.9264 0.016 49.9104
45 49.7824 0.0016 49.7808
30 49.9104 0.048 49.8624
45 49.7808 0.0048 49.776
47 49.9952 0.0048 49.9904
47 49.9904 0.016 49.9744
54 49.9952 0.048 49.9472
26 49.952 0.0048 49.9472
46 50 0.048 49.952
34 50 0.048 49.952
50 50 0.048 49.952
33 50 0.048 49.952
53 50 0.048 49.952
32 50 0.048 49.952
43 50 0.048 49.952
44 50 0.048 49.952
42 50 0.048 49.952
26 50 0.048 49.952
54 50 0.0048 49.9952
25 50 0.048 49.952
49 50 0.0048 49.9952
52 50 0.048 49.952
44 49.952 0.0048 49.9472
47 49.9744 0.048 49.9264
30 50 0.0048 49.9952
45 50 0.0048 49.9952
45 49.9952 0.048 49.9472
47 49.9264 0.0048 49.9216
47 49.9216 0.16 49.7616
30 49.9952 0.016 49.9792
45 49.9472 0.016 49.9312
45 49.9312 0.016 49.9152
47 49.7616 0.0016 49.76
45 49.9152 0.048 49.8672
47 49.76 0.0048 49.7552
40 50 0.048 49.952
51 50 0.048 49.952
38 50 0.0048 49.9952
27 50 0.048 49.952
30 49.9792 0.048 49.9312
47 50 0.0048 49.9952
47 49.9952 0.048 49.9472
30 49.9312 0.0048 49.9264
30 49.9264 0.16 49.7664
47 49.9472 0.016 49.9312
47 49.9312 0.016 49.9152
30 49.7664 0.0016 49.7648
47 49.9152 0.048 49.8672
30 49.7648 0.0048 49.76
45 49.8672 0.0048 49.8624
54 49.9952 0.048 49.9472
26 49.952 0.0048 49.9472
46 50 0.048 49.952
34 50 0.048 49.952
50 50 0.048 49.952
33 50 0.048 49.952
53 50 0.048 49.952
32 50 0.048 49.952
52 50 0.0048 49.9952
43 50 0.048 49.952
44 50 0.048 49.952
52 49.9952 0.0048 49.9904
42 50 0.048 49.952
26 50 0.048 49.952
54 50 0.0048 49.9952
25 50 0.048 49.952
49 50 0.0048 49.9952
52 49.9904 0.048 49.9424
32 49.952 0.0048 49.9472
44 49.952 0.0048 49.9472
45 50 0.048 49.952
40 50 0.048 49.952
51 50 0.048 49.952
27 50 0.048 49.952
47 50 0.048 49.952
30 50 0.0048 49.9952
54 49.9952 0.048 49.9472
26 49.952 0.0048 49.9472
41 50 0.0048 49.9952
46 50 0.048 49.952
34 50 0.048 49.952
50 50 0.048 49.952
33 50 0.048 49.952
33 49.952 0.0048 49.9472
33 49.9472 0.16 49.7872
33 49.7872 0.0016 49.7856
39 50 0.048 49.952
28 50 0.0048 49.9952
28 49.9952 0.048 49.9472
39 49.952 0.0048 49.9472
39 49.9472 0.16 49.7872
28 49.9472 0.016 49.9312
28 49.9312 0.016 49.9152
39 49.7872 0.0016 49.7856
28 49.9152 0.048 49.8672
39 49.7856 0.0048 49.7808
53 50 0.048 49.952
32 50 0.048 49.952
43 50 0.048 49.952
44 50 0.048 49.952
42 50 0.048 49.952
26 50 0.048 49.952
54 50 0.0048 49.9952
25 50 0.048 49.952
52 50 0.048 49.952
45 50 0.048 49.952
40 50 0.048 49.952
51 50 0.048 49.952
38 50 0.0048 49.9952
27 50 0.048 49.952
47 50 0.048 49.952
30 50 0.0048 49.9952
54 49.9952 0.048 49.9472
26 49.952 0.0048 49.9472
41 50 0.0048 49.9952
46 50 0.048 49.952
34 50 0.048 49.952
50 50 0.048 49.952
28 50 0.048 49.952
39 50 0.0048 49.9952
49 50 0.048 49.952
53 50 0.048 49.952
32 50 0.048 49.952
43 50 0.048 49.952
44 50 0.048 49.952
42 50 0.048 49.952
26 50 0.048 49.952
54 50 0.0048 49.9952
25 50 0.048 49.952
53 49.952 0.0048 49.9472
52 50 0.048 49.952
45 50 0.048 49.952
40 50 0.048 49.952
51 50 0.048 49.952
38 50 0.0048 49.9952
27 50 0.048 49.952
47 50 0.048 49.952
54 49.9952 0.048 49.9472
26 49.952 0.0048 49.9472
41 50 0.0048 49.9952
46 50 0.048 49.952
34 50 0.048 49.952
50 50 0.048 49.952
28 50 0.048 49.952
49 50 0.048 49.952
53 50 0.048 49.952
32 50 0.048 49.952
43 50 0.048 49.952
44 50 0.048 49.952
42 50 0.048 49.952
26 50 0.048 49.952
54 50 0.0048 49.9952
25 50 0.048 49.952
52 50 0.048 49.952
45 50 0.048 49.952
40 50 0.048 49.952
51 50 0.048 49.952
38 50 0.0048 49.9952
50 50 0.0048 49.9952
27 50 0.048 49.952
47 50 0.048 49.952
54 49.9952 0.048 49.9472
26 49.952 0.0048 49.9472
41 50 0.0048 49.9952
46 50 0.048 49.952
34 50 0.048 49.952
50 49.9952 0.048 49.9472
51 49.952 0.0048 49.9472
28 50 0.048 49.952
39 50 0.0048 49.9952
49 50 0.048 49.952
53 50 0.048 49.952
32 50 0.048 49.952
43 50 0.048 49.952
44 50 0.048 49.952
42 50 0.048 49.952
26 50 0.048 49.952
25 50 0.048 49.952
52 50 0.048 49.952
45 50 0.048 49.952
30 50 0.0048 49.9952
40 50 0.048 49.952
51 50 0.048 49.952
38 50 0.0048 49.9952
27 50 0.048 49.952
47 50 0.048 49.952
54 50 0.048 49.952
41 50 0.0048 49.9952
46 50 0.048 49.952
34 50 0.048 49.952
50 50 0.048 49.952
28 50 0.048 49.952
39 50 0.0048 49.9952
49 50 0.048 49.952
25 49.952 0.0048 49.9472
53 50 0.048 49.952
32 50 0.048 49.952
44 50 0.0048 49.9952
43 50 0.048 49.952
44 49.9952 0.048 49.9472
32 49.952 0.0048 49.9472
42 50 0.048 49.952
26 50 0.048 49.952
54 50 0.0048 49.9952
25 50 0.048 49.952
49 49.952 0.0048 49.9472
52 50 0.048 49.952
45 50 0.048 49.952
40 50 0.048 49.952
51 50 0.048 49.952
27 50 0.048 49.952
47 50 0.048 49.952
30 50 0.0048 49.9952
54 49.9952 0.048 49.9472
26 49.952 0.0048 49.9472
41 50 0.0048 49.9952
46 50 0.048 49.952
34 50 0.048 49.952
50 50 0.048 49.952
28 50 0.048 49.952
39 50 0.0048 49.9952
49 50 0.048 49.952
25 49.952 0.0048 49.9472
53 50 0.048 49.952
32 50 0.048 49.952
44 50 0.0048 49.9952
53 49.952 0.0048 49.9472
43 50 0.048 49.952
44 49.9952 0.048 49.9472
32 49.952 0.0048 49.9472
42 50 0.048 49.952
26 50 0.048 49.952
25 50 0.048 49.952
49 49.952 0.0048 49.9472
52 50 0.048 49.952
45 50 0.048 49.952
40 50 0.048 49.952
51 50 0.048 49.952
27 50 0.048 49.952
47 50 0.048 49.952
54 50 0.048 49.952
41 50 0.0048 49.9952
46 50 0.048 49.952
34 50 0.048 49.952
50 50 0.048 49.952
28 50 0.048 49.952
39 50 0.0048 49.9952
49 50 0.048 49.952
25 49.952 0.0048 49.9472
35 50 0.0048 49.9952
35 49.9952 0.048 49.9472
49 49.952 0.0048 49.9472
49 49.9472 0.16 49.7872
25 49.9472 0.016 49.9312
35 49.9472 0.016 49.9312
35 49.9312 0.016 49.9152
49 49.7872 0.0016 49.7856
35 49.9152 0.048 49.8672
49 49.7856 0.0048 49.7808
53 50 0.048 49.952
25 49.9312 0.0048 49.9264
32 49.9472 0.0048 49.9424
32 50 0.048 49.952
44 50 0.0048 49.9952
53 49.952 0.0048 49.9472
43 50 0.048 49.952
44 49.9952 0.048 49.9472
32 49.952 0.0048 49.9472
42 50 0.048 49.952
26 50 0.048 49.952
25 50 0.048 49.952
49 49.7808 0.0048 49.776
52 50 0.048 49.952
45 50 0.048 49.952
40 50 0.048 49.952
51 50 0.048 49.952
38 50 0.0048 49.9952
27 50 0.048 49.952
47 50 0.048 49.952
30 50 0.0048 49.9952
54 50 0.048 49.952
41 50 0.0048 49.9952
46 50 0.048 49.952
34 50 0.048 49.952
50 50 0.048 49.952
28 50 0.048 49.952
35 50 0.048 49.952
49 50 0.0048 49.9952
53 50 0.048 49.952
25 49.952 0.0048 49.9472
32 49.9472 0.0048 49.9424
32 50 0.048 49.952
44 50 0.0048 49.9952
53 49.952 0.0048 49.9472
43 50 0.048 49.952
44 49.9952 0.048 49.9472
32 49.952 0.0048 49.9472
42 50 0.048 49.952
26 50 0.048 49.952
25 50 0.048 49.952
49 49.9952 0.0048 49.9904
53 49.9472 0.0048 49.9424
52 50 0.048 49.952
45 50 0.048 49.952
40 50 0.048 49.952
51 50 0.048 49.952
38 50 0.0048 49.9952
27 50 0.048 49.952
47 50 0.048 49.952
30 50 0.0048 49.9952
54 50 0.048 49.952
41 50 0.0048 49.9952
46 50 0.048 49.952
34 50 0.048 49.952
50 50 0.048 49.952
28 50 0.048 49.952
35 50 0.048 49.952
53 50 0.048 49.952
32 49.9472 0.0048 49.9424
32 50 0.048 49.952
44 50 0.0048 49.9952
53 49.952 0.0048 49.9472
43 50 0.048 49.952
44 49.9952 0.048 49.9472
32 49.952 0.0048 49.9472
42 50 0.048 49.952
26 50 0.048 49.952
54 50 0.0048 49.9952
25 50 0.048 49.952
49 50 0.0048 49.9952
52 50 0.048 49.952
45 50 0.048 49.952
30 50 0.0048 49.9952
47 49.952 0.0048 49.9472
40 50 0.048 49.952
51 50 0.048 49.952
27 50 0.048 49.952
47 50 0.048 49.952
30 49.9952 0.0048 49.9904
45 49.952 0.0048 49.9472
54 49.9952 0.048 49.9472
26 49.952 0.0048 49.9472
41 50 0.0048 49.9952
46 50 0.048 49.952
34 50 0.048 49.952
50 50 0.048 49.952
28 50 0.048 49.952
35 50 0.048 49.952
53 50 0.048 49.952
32 49.9472 0.0048 49.9424
32 50 0.048 49.952
44 50 0.0048 49.9952
53 49.952 0.0048 49.9472
43 50 0.048 49.952
44 49.9952 0.048 49.9472
32 49.952 0.0048 49.9472
42 50 0.048 49.952
26 50 0.048 49.952
54 50 0.0048 49.9952
25 50 0.048 49.952
52 50 0.048 49.952
45 50 0.048 49.952
30 50 0.0048 49.9952
47 49.952 0.0048 49.9472
40 50 0.048 49.952
51 50 0.048 49.952
50 50 0.0048 49.9952
27 50 0.048 49.952
47 50 0.048 49.952
30 49.9952 0.0048 49.9904
45 49.952 0.0048 49.9472
54 49.9952 0.048 49.9472
26 49.952 0.0048 49.9472
41 50 0.0048 49.9952
46 50 0.048 49.952
34 50 0.048 49.952
50 49.9952 0.048 49.9472
51 49.952 0.0048 49.9472
28 50 0.048 49.952
39 50 0.0048 49.9952
35 50 0.048 49.952
53 50 0.048 49.952
32 49.9472 0.0048 49.9424
32 50 0.048 49.952
44 50 0.0048 49.9952
53 49.952 0.0048 49.9472
43 50 0.048 49.952
44 49.9952 0.048 49.9472
32 49.952 0.0048 49.9472
42 50 0.048 49.952
26 50 0.048 49.952
54 50 0.0048 49.9952
25 50 0.048 49.952
49 50 0.0048 49.9952
52 50 0.048 49.952
45 50 0.048 49.952
30 50 0.0048 49.9952
47 49.952 0.0048 49.9472
40 50 0.048 49.952
40 49.952 0.0048 49.9472
40 49.9472 0.16 49.7872
40 49.7872 0.0016 49.7856
51 50 0.048 49.952
50 50 0.0048 49.9952
27 50 0.048 49.952
47 50 0.048 49.952
30 49.9952 0.0048 49.9904
45 49.952 0.0048 49.9472
54 49.9952 0.048 49.9472
26 49.952 0.0048 49.9472
41 50 0.0048 49.9952
46 50 0.048 49.952
34 50 0.048 49.952
50 49.9952 0.048 49.9472
51 49.952 0.0048 49.9472
28 50 0.048 49.952
35 50 0.048 49.952
53 50 0.048 49.952
25 49.952 0.0048 49.9472
32 49.9472 0.0048 49.9424
32 50 0.048 49.952
44 50 0.0048 49.9952
53 49.952 0.0048 49.9472
43 50 0.048 49.952
44 49.9952 0.048 49.9472
32 49.952 0.0048 49.9472
42 50 0.048 49.952
26 50 0.048 49.952
54 50 0.0048 49.9952
25 50 0.048 49.952
49 50 0.0048 49.9952
53 49.9472 0.0048 49.9424
52 50 0.048 49.952
45 50 0.048 49.952
30 50 0.0048 49.9952
47 49.952 0.0048 49.9472
51 50 0.048 49.952
50 50 0.0048 49.9952
27 50 0.048 49.952
47 50 0.048 49.952
30 49.9952 0.0048 49.9904
45 49.952 0.0048 49.9472
54 49.9952 0.048 49.9472
26 49.952 0.0048 49.9472
41 50 0.0048 49.9952
46 50 0.048 49.952
34 50 0.048 49.952
50 49.9952 0.048 49.9472
28 50 0.048 49.952
35 50 0.048 49.952
53 50 0.048 49.952
25 49.952 0.0048 49.9472
32 49.9472 0.0048 49.9424
44 50 0.0048 49.9952
32 50 0.048 49.952
44 49.9952 0.0048 49.9904
53 49.952 0.0048 49.9472
43 50 0.048 49.952
44 49.9904 0.048 49.9424
32 49.952 0.0048 49.9472
53 49.9472 0.0048 49.9424
42 50 0.048 49.952
26 50 0.048 49.952
25 50 0.048 49.952
49 50 0.0048 49.9952
53 49.9424 0.0048 49.9376
52 50 0.048 49.952
45 50 0.048 49.952
30 50 0.0048 49.9952
47 49.952 0.0048 49.9472
51 50 0.048 49.952
27 50 0.048 49.952
47 50 0.048 49.952
30 49.9952 0.0048 49.9904
54 50 0.048 49.952
41 50 0.0048 49.9952
46 50 0.048 49.952
34 50 0.048 49.952
50 50 0.048 49.952
28 50 0.048 49.952
35 50 0.048 49.952
49 50 0.0048 49.9952
53 50 0.048 49.952
25 49.952 0.0048 49.9472
32 49.9472 0.0048 49.9424
44 50 0.0048 49.9952
32 50 0.048 49.952
44 49.9952 0.0048 49.9904
53 49.952 0.0048 49.9472
43 50 0.048 49.952
44 49.9904 0.048 49.9424
32 49.952 0.0048 49.9472
42 50 0.048 49.952
26 50 0.048 49.952
25 50 0.048 49.952
49 49.9952 0.0048 49.9904
53 49.9472 0.0048 49.9424
52 50 0.048 49.952
45 50 0.048 49.952
30 50 0.0048 49.9952
