51 781 0 100 0.5 1.0233 1.5233
45 782 0 100 1.4 1.02652 2.42652
50 793 0 100 1.2 1.55939 2.75939
44 788 0 100 1.8 1.21733 3.01733
35 785 0 100 2.4 1.15254 3.55254
64 789 0 100 2.9 1.28633 4.18633
36 798 0 100 2.4 2.01667 4.41667
29 803 0 100 2.3 2.28887 4.58887
60 795 0 100 4.4 1.77819 6.17819
54 794 0 100 5.5 1.62088 7.12088
46 787 0 100 6.1 1.2148 7.3148
46 819 0 100 1.2 6.12583 7.32583
33 783 0 100 6.4 1.0403 7.4403
45 810 0 100 4 3.69136 7.69136
59 784 0 100 6.8 1.09444 7.89444
26 780 0 100 6.9 1.02221 7.92221
50 812 0 100 4 4.01576 8.01576
50 822 0 100 0.8 7.28662 8.08662
63 799 0 100 7 2.16388 9.16388
47 818 0 100 3.9 5.78589 9.68589
40 804 0 100 7.8 2.3046 10.1046
32 802 0 100 7.9 2.26859 10.1686
38 797 0 100 9.1 1.9279 11.0279
58 800 0 100 9.2 2.2422 11.4422
62 813 0 100 7.1 4.43608 11.5361
39 805 0 100 9.5 2.54196 12.042
33 826 0 100 3.1 9.56949 12.6695
59 834 0 100 0.9 12.3491 13.2491
50 829 0 100 2.5 10.8015 13.3015
35 811 0 100 10.2 3.81402 14.014
56 823 0 100 7.2 7.38018 14.5802
56 814 0 100 9.5 5.1165 14.6165
41 816 0 100 9.4 5.26027 14.6603
47 833 0 100 3.2 11.7938 14.9938
