88 3172 0 100 2.33402e-08 1.12301 1.12301
60 3176 0 100 4.66804e-08 1.16768 1.16768
83 3180 0 100 2.33402e-08 1.2267 1.2267
80 3181 0 100 1.40041e-07 1.24067 1.24067
71 3179 0 100 0.1 1.22196 1.32196
82 3186 0 100 1.05031e-07 1.39373 1.39373
25 3185 0 100 0.1 1.37785 1.47785
57 3178 0 100 0.3 1.19286 1.49286
53 3192 0 100 8.16907e-08 1.51572 1.51572
42 3189 0 100 0.1 1.45875 1.55875
41 3197 0 100 8.16907e-08 1.65334 1.65334
39 3193 0 100 0.2 1.54167 1.74167
75 3199 0 100 0.3 1.73182 2.03182
61 3207 0 100 0.1 1.96617 2.06617
92 3187 0 100 0.7 1.41896 2.11896
28 3208 0 100 0.1 2.02257 2.12257
52 3213 0 100 1.28371e-07 2.14335 2.14335
77 3212 0 100 0.1 2.09383 2.19383
33 3218 0 100 8.16907e-08 2.22606 2.22606
36 3219 0 100 1.16701e-08 2.23227 2.23227
66 3175 0 100 1.1 1.16632 2.26632
76 3223 0 100 4.66804e-08 2.27702 2.27702
50 3191 0 100 0.8 1.48478 2.28478
58 3224 0 100 3.50103e-08 2.29793 2.29793
40 3217 0 100 0.1 2.20356 2.30356
59 3225 0 100 8.16907e-08 2.33799 2.33799
30 3227 0 100 8.16907e-08 2.35105 2.35105
84 3222 0 100 0.2 2.27651 2.47651
94 3177 0 100 1.3 1.19113 2.49113
62 3229 0 100 0.1 2.39969 2.49969
45 3231 0 100 0.1 2.41911 2.51911
26 3232 0 100 0.1 2.42608 2.52608
48 3204 0 100 0.7 1.87598 2.57598
29 3211 0 100 0.5 2.08328 2.58328
43 3183 0 100 1.3 1.30387 2.60387
90 3198 0 100 0.9 1.72002 2.62002
49 3243 0 100 7.00206e-08 2.64673 2.64673
37 3190 0 100 1.2 1.47995 2.67995
85 3230 0 100 0.3 2.40221 2.70221
56 3248 0 100 9.33608e-08 2.7222 2.7222
38 3246 0 100 0.1 2.68808 2.78808
79 3251 0 100 0.1 2.75818 2.85818
27 3203 0 100 1 1.86997 2.86997
54 3236 0 100 0.4 2.51376 2.91376
70 3173 0 100 1.8 1.12358 2.92358
63 3241 0 100 0.3 2.64084 2.94084
51 3257 0 100 3.50103e-08 2.94491 2.94491
74 3252 0 100 0.2 2.77609 2.97609
67 3238 0 100 0.5 2.5669 3.0669
87 3255 0 100 0.3 2.84554 3.14554
89 3247 0 100 0.5 2.69238 3.19238
31 3254 0 100 0.4 2.79684 3.19684
81 3221 0 100 1.1 2.24876 3.34876
57 3263 0 100 0.1 3.24888 3.34888
32 3235 0 100 0.9 2.47005 3.37005
91 3259 0 100 0.4 2.97038 3.37038
64 3240 0 100 0.9 2.61772 3.51772
55 3206 0 100 1.7 1.95538 3.65538
35 3249 0 100 1.1 2.74092 3.84092
42 3272 0 100 1.16701e-07 3.87214 3.87214
80 3265 0 100 0.6 3.36158 3.96158
68 3239 0 100 1.4 2.57921 3.97921
65 3242 0 100 1.4 2.64402 4.04402
69 3195 0 100 2.5 1.63878 4.13878
86 3201 0 100 2.4 1.77791 4.17791
61 3275 0 100 0.1 4.08117 4.18117
37 3270 0 100 0.4 3.82758 4.22758
41 3276 0 100 0.3 4.13769 4.43769
46 3253 0 100 1.7 2.78249 4.48249
34 3228 0 100 2.1 2.39844 4.49844
50 3287 0 100 1.51711e-07 4.73089 4.73089
44 3245 0 100 2.3 2.68424 4.98424
74 3295 0 100 4.66804e-08 5.02959 5.02959
29 3285 0 100 0.4 4.66797 5.06797
55 3286 0 100 0.4 4.67779 5.07779
77 3298 0 100 1.05031e-07 5.12247 5.12247
43 3299 0 100 1.16701e-07 5.12702 5.12703
48 3301 0 100 1.51711e-07 5.17843 5.17843
72 3297 0 100 0.1 5.10351 5.20351
45 3302 0 100 1.16701e-07 5.23821 5.23821
80 3308 0 100 1.28371e-07 5.3773 5.3773
60 3309 0 100 7.00206e-08 5.38146 5.38146
75 3310 0 100 9.33608e-08 5.40906 5.40906
92 3311 0 100 1.28371e-07 5.42086 5.42086
87 3305 0 100 0.1 5.33139 5.43139
71 3281 0 100 1 4.51321 5.51321
73 3314 0 100 1.28371e-07 5.51994 5.51994
64 3316 0 100 7.00206e-08 5.58873 5.58873
30 3318 0 100 4.66804e-08 5.6814 5.6814
82 3319 0 100 1.51711e-07 5.72917 5.72917
66 3306 0 100 0.4 5.33146 5.73146
56 3320 0 100 9.33608e-08 5.74031 5.74031
52 3322 0 100 1.05031e-07 5.81631 5.81631
54 3326 0 100 0.1 5.99126 6.09126
57 3331 0 100 7.00206e-08 6.11682 6.11682
90 3332 0 100 5.83505e-08 6.13566 6.13566
38 3304 0 100 0.9 5.30225 6.20225
25 3327 0 100 0.2 6.02438 6.22438
39 3338 0 100 1.28371e-07 6.37207 6.37207
88 3294 0 100 1.4 4.97746 6.37746
70 3339 0 100 1.51711e-07 6.39877 6.39877
27 3343 0 100 3.50103e-08 6.46749 6.46749
53 3340 0 100 0.1 6.41185 6.51185
81 3341 0 100 0.1 6.44686 6.54686
36 3324 0 100 0.8 5.85383 6.65383
61 3345 0 100 0.1 6.60687 6.70687
59 3329 0 100 0.7 6.05077 6.75077
89 3337 0 100 0.4 6.3553 6.7553
26 3347 0 100 0.1 6.68137 6.78137
72 3216 0 100 4.6 2.19706 6.79706
32 3351 0 100 1.63381e-07 6.90358 6.90358
63 3354 0 100 8.16907e-08 6.95299 6.95299
49 3349 0 100 0.2 6.78386 6.98386
65 3330 0 100 1.1 6.05982 7.15982
76 3357 0 100 3.50103e-08 7.17664 7.17664
44 3359 0 100 1.28371e-07 7.26874 7.26874
78 3215 0 100 5.2 2.1852 7.3852
31 3361 0 100 5.83505e-08 7.44372 7.44372
72 3363 0 100 1.16701e-07 7.48898 7.48898
62 3289 0 100 2.8 4.75872 7.55872
80 3368 0 100 9.33608e-08 7.65001 7.65001
85 3291 0 100 2.9 4.83016 7.73016
79 3366 0 100 0.1 7.63873 7.73873
94 3290 0 100 3 4.77706 7.77706
51 3336 0 100 1.5 6.34927 7.84927
69 3374 0 100 1.05031e-07 7.89777 7.89777
29 3375 0 100 1.28371e-07 7.90468 7.90468
37 3372 0 100 0.1 7.84859 7.94859
91 3378 0 100 5.83505e-08 7.99252 7.99252
43 3382 0 100 7.00206e-08 8.06404 8.06404
48 3370 0 100 0.3 7.82114 8.12114
73 3383 0 100 4.66804e-08 8.13061 8.13061
74 3373 0 100 0.3 7.8906 8.1906
35 3365 0 100 0.8 7.61459 8.41459
42 3390 0 100 8.16907e-08 8.44939 8.44939
71 3393 0 100 1.05031e-07 8.57907 8.57907
93 3209 0 100 6.6 2.04742 8.64742
68 3387 0 100 0.4 8.2719 8.6719
40 3283 0 100 4.2 4.60563 8.80563
60 3401 0 100 1.51711e-07 8.88137 8.88137
33 3312 0 100 3.5 5.44255 8.94255
75 3406 0 100 2.33402e-08 9.07004 9.07004
41 3407 0 100 5.83505e-08 9.07533 9.07533
63 3408 0 100 5.83505e-08 9.09957 9.09957
26 3413 0 100 7.00206e-08 9.2474 9.2474
46 3403 0 100 0.3 8.99687 9.29687
86 3352 0 100 2.4 6.92083 9.32083
78 3415 0 100 0.1 9.2606 9.3606
32 3418 0 100 2.33402e-08 9.40942 9.40942
27 3398 0 100 0.6 8.81725 9.41725
36 3385 0 100 1.3 8.18715 9.48715
50 3379 0 100 1.5 8.04006 9.54006
55 3381 0 100 1.5 8.04975 9.54975
25 3411 0 100 0.4 9.2017 9.6017
89 3424 0 100 0.1 9.61086 9.71086
88 3428 0 100 1.05031e-07 9.74345 9.74345
33 3399 0 100 1 8.83181 9.83181
58 3416 0 100 0.5 9.34369 9.84369
51 3421 0 100 0.4 9.47827 9.87827
52 3377 0 100 1.9 7.98425 9.88425
92 3391 0 100 1.4 8.50937 9.90937
39 3434 0 100 9.33608e-08 9.96288 9.96288
64 3425 0 100 0.4 9.61395 10.0139
81 3419 0 100 0.7 9.41199 10.112
62 3397 0 100 1.4 8.74825 10.1482
38 3438 0 100 1.40041e-07 10.1777 10.1777
45 3395 0 100 1.7 8.64994 10.3499
79 3430 0 100 0.6 9.75427 10.3543
87 3447 0 100 9.33608e-08 10.3949 10.3949
83 3448 0 100 7.00206e-08 10.4175 10.4175
66 3423 0 100 0.9 9.55073 10.4507
43 3450 0 100 1.28371e-07 10.464 10.464
56 3452 0 100 8.16907e-08 10.6193 10.6193
69 3443 0 100 0.4 10.279 10.679
28 3404 0 100 1.7 9.01073 10.7107
55 3457 0 100 1.16701e-07 10.7369 10.7369
45 3460 0 100 9.33608e-08 10.7989 10.7989
65 3456 0 100 0.1 10.7064 10.8064
61 3461 0 100 9.33608e-08 10.8349 10.8349
80 3458 0 100 0.1 10.7384 10.8384
47 3432 0 100 0.9 9.94203 10.842
70 3445 0 100 0.5 10.3549 10.8549
29 3463 0 100 1.16701e-08 10.9338 10.9338
90 3465 0 100 8.16907e-08 10.9892 10.9892
72 3466 0 100 2.33402e-08 10.9959 10.9959
74 3468 0 100 0.1 11.1288 11.2288
94 3470 0 100 9.33608e-08 11.2385 11.2385
54 3441 0 100 1.1 10.2426 11.3426
68 3477 0 100 1.51711e-07 11.4951 11.4951
62 3480 0 100 9.33608e-08 11.5463 11.5463
35 3482 0 100 5.83505e-08 11.5546 11.5546
49 3483 0 100 5.83505e-08 11.5885 11.5885
91 3479 0 100 0.1 11.5338 11.6338
85 3473 0 100 0.4 11.3534 11.7534
30 3427 0 100 2.1 9.65551 11.7555
92 3487 0 100 1.40041e-07 11.7722 11.7722
37 3439 0 100 1.6 10.1821 11.7821
82 3490 0 100 1.16701e-07 11.8249 11.8249
82 3410 0 100 2.7 9.16468 11.8647
76 3455 0 100 1.2 10.6709 11.8709
86 3491 0 100 0.1 11.829 11.929
63 3496 0 100 9.33608e-08 11.9551 11.9551
88 3488 0 100 0.2 11.7784 11.9784
36 3478 0 100 0.6 11.5029 12.1029
42 3500 0 100 2.33402e-08 12.2465 12.2465
44 3502 0 100 1.51711e-07 12.2587 12.2587
34 3436 0 100 2.2 10.094 12.294
32 3476 0 100 0.9 11.4673 12.3673
64 3505 0 100 4.66804e-08 12.4126 12.4126
77 3489 0 100 0.6 11.8172 12.4172
33 3485 0 100 0.8 11.6744 12.4744
50 3495 0 100 0.6 11.9523 12.5523
93 3508 0 100 0.1 12.4885 12.5885
53 3440 0 100 2.6 10.2404 12.8404
57 3511 0 100 0.2 12.6732 12.8732
73 3517 0 100 2.33402e-08 12.9443 12.9443
71 3453 0 100 2.3 10.6464 12.9464
47 3234 0 100 10.5 2.46069 12.9607
26 3515 0 100 0.1 12.9055 13.0055
45 3523 0 100 7.00206e-08 13.1126 13.1126
48 3474 0 100 1.7 11.4379 13.1379
25 3493 0 100 1.3 11.8988 13.1988
41 3525 0 100 0.1 13.1613 13.2613
58 3529 0 100 2.33402e-08 13.3757 13.3757
52 3522 0 100 0.4 13.0944 13.4944
39 3497 0 100 1.5 12.0189 13.5189
47 3527 0 100 0.3 13.2905 13.5905
27 3532 0 100 0.1 13.533 13.633
79 3536 0 100 5.83505e-08 13.6961 13.6961
77 3412 0 100 4.6 9.2058 13.8058
59 3446 0 100 3.5 10.3553 13.8553
86 3541 0 100 0.1 13.9536 14.0536
43 3543 0 100 1.05031e-07 14.0577 14.0577
69 3520 0 100 1.1 12.9784 14.0784
51 3545 0 100 2.33402e-08 14.1459 14.1459
88 3549 0 100 1.40041e-07 14.2898 14.2898
56 3539 0 100 0.4 13.9126 14.3126
46 3544 0 100 0.3 14.0602 14.3602
68 3551 0 100 3.50103e-08 14.3603 14.3603
89 3552 0 100 5.83505e-08 14.384 14.384
80 3534 0 100 0.8 13.6445 14.4445
61 3557 0 100 1.40041e-07 14.5911 14.5911
37 3560 0 100 1.16701e-07 14.6683 14.6683
63 3561 0 100 8.16907e-08 14.7137 14.7137
28 3518 0 100 2 12.9457 14.9457
60 3566 0 100 1.05031e-07 14.9826 14.9826
60 3513 0 100 2.2 12.7908 14.9908
