104 3583 0 100 1.28371e-07 1.18281 1.18282
53 3586 0 100 1.28371e-07 1.21611 1.21611
87 3588 0 100 1.05031e-07 1.23957 1.23957
48 3589 0 100 1.40041e-07 1.27244 1.27244
84 3595 0 100 1.16701e-08 1.38175 1.38175
72 3606 0 100 4.66804e-08 1.5366 1.5366
39 3609 0 100 5.83505e-08 1.56018 1.56018
102 3584 0 100 0.4 1.18492 1.58492
83 3614 0 100 2.33402e-08 1.62739 1.62739
61 3612 0 100 0.1 1.6021 1.7021
67 3619 0 100 1.28371e-07 1.75629 1.75629
34 3621 0 100 1.40041e-07 1.79736 1.79736
55 3622 0 100 0.1 1.79739 1.89739
33 3611 0 100 0.4 1.60081 2.00081
77 3624 0 100 0.2 1.80277 2.00277
52 3607 0 100 0.5 1.53711 2.03711
58 3633 0 100 0.1 1.97721 2.07721
93 3640 0 100 1.16701e-08 2.17978 2.17978
78 3635 0 100 0.2 1.98843 2.18843
97 3580 0 100 1.1 1.11718 2.21718
82 3590 0 100 1 1.27993 2.27994
95 3585 0 100 1.1 1.19594 2.29594
51 3596 0 100 1 1.38433 2.38433
98 3651 0 100 7.00206e-08 2.39709 2.39709
68 3604 0 100 0.9 1.51196 2.41196
101 3602 0 100 1 1.46246 2.46246
74 3615 0 100 0.9 1.62815 2.52815
46 3645 0 100 0.3 2.30217 2.60217
99 3657 0 100 1.28371e-07 2.63409 2.63409
90 3608 0 100 1.1 1.55299 2.65299
64 3650 0 100 0.3 2.39288 2.69288
100 3661 0 100 3.50103e-08 2.80749 2.80749
59 3662 0 100 1.05031e-07 2.80962 2.80962
28 3605 0 100 1.3 1.53297 2.83297
40 3663 0 100 1.16701e-08 2.84605 2.84605
50 3637 0 100 0.9 2.0586 2.9586
47 3665 0 100 3.50103e-08 2.96805 2.96805
32 3636 0 100 1.1 2.0422 3.1422
91 3658 0 100 0.5 2.67123 3.17123
65 3647 0 100 1 2.32166 3.32166
36 3587 0 100 2.1 1.22235 3.32235
94 3629 0 100 1.5 1.90119 3.40119
76 3617 0 100 1.8 1.6845 3.4845
60 3628 0 100 1.6 1.88744 3.48744
89 3599 0 100 2.1 1.43375 3.53375
69 3623 0 100 1.8 1.80214 3.60214
96 3601 0 100 2.2 1.44451 3.64451
26 3642 0 100 1.5 2.25313 3.75313
49 3668 0 100 0.8 2.99764 3.79764
45 3676 0 100 0.1 3.70451 3.80451
41 3648 0 100 1.5 2.3583 3.8583
103 3667 0 100 0.9 2.99311 3.89311
85 3598 0 100 2.5 1.43234 3.93234
73 3646 0 100 1.7 2.30864 4.00864
43 3593 0 100 2.8 1.35352 4.15352
38 3625 0 100 2.4 1.80393 4.20393
80 3592 0 100 3 1.28273 4.28273
57 3631 0 100 2.5 1.94213 4.44213
97 3693 0 100 4.66804e-08 4.63187 4.63187
44 3643 0 100 2.6 2.273 4.873
101 3699 0 100 0.1 4.81577 4.91577
37 3706 0 100 1.51711e-07 4.98815 4.98815
66 3579 0 100 3.9 1.1026 5.0026
87 3683 0 100 0.8 4.2094 5.0094
29 3654 0 100 2.5 2.5609 5.0609
86 3638 0 100 3 2.06286 5.06286
54 3679 0 100 1.1 3.96786 5.06786
61 3705 0 100 0.1 4.9837 5.0837
62 3656 0 100 2.5 2.58431 5.08431
93 3708 0 100 1.40041e-07 5.12816 5.12817
55 3709 0 100 4.66804e-08 5.15088 5.15088
95 3700 0 100 0.3 4.85496 5.15496
78 3690 0 100 0.8 4.50937 5.30937
47 3715 0 100 1.28371e-07 5.40398 5.40398
56 3630 0 100 3.5 1.9045 5.4045
29 3702 0 100 0.5 4.90877 5.40877
74 3717 0 100 1.51711e-07 5.46131 5.46131
77 3716 0 100 0.1 5.41483 5.51483
67 3703 0 100 0.6 4.92842 5.52842
45 3600 0 100 4.1 1.43533 5.53533
99 3723 0 100 0.1 5.58984 5.68985
42 3730 0 100 7.00206e-08 5.80519 5.80519
72 3733 0 100 0.2 5.90953 6.10953
100 3739 0 100 9.33608e-08 6.19082 6.19082
48 3728 0 100 0.5 5.72593 6.22593
90 3740 0 100 1.51711e-07 6.24512 6.24512
52 3744 0 100 1.16701e-08 6.31528 6.31528
51 3692 0 100 1.7 4.61884 6.31884
89 3713 0 100 1.1 5.34417 6.44417
49 3738 0 100 0.3 6.1888 6.4888
63 3597 0 100 5.1 1.42106 6.52106
70 3632 0 100 4.6 1.97086 6.57086
91 3753 0 100 1.40041e-07 6.66301 6.66301
82 3749 0 100 0.1 6.58209 6.68209
63 3746 0 100 0.3 6.39474 6.69474
71 3581 0 100 5.6 1.12078 6.72078
65 3755 0 100 1.51711e-07 6.72832 6.72832
57 3751 0 100 0.1 6.63547 6.73547
81 3724 0 100 1.1 5.65175 6.75175
56 3756 0 100 1.51711e-07 6.76043 6.76043
85 3743 0 100 0.5 6.29839 6.79839
69 3687 0 100 2.4 4.41416 6.81416
54 3618 0 100 5.2 1.68531 6.88531
62 3760 0 100 1.63381e-07 6.88921 6.88921
46 3720 0 100 1.4 5.51501 6.91501
98 3757 0 100 0.2 6.76794 6.96794
104 3718 0 100 1.5 5.47134 6.97134
66 3762 0 100 1.51711e-07 7.0284 7.0284
54 3764 0 100 3.50103e-08 7.09655 7.09655
45 3765 0 100 3.50103e-08 7.1239 7.1239
64 3725 0 100 1.5 5.67457 7.17457
94 3767 0 100 1.40041e-07 7.23401 7.23401
53 3711 0 100 2.1 5.18305 7.28305
50 3772 0 100 5.83505e-08 7.45163 7.45163
34 3779 0 100 1.05031e-07 7.64935 7.64935
80 3769 0 100 0.5 7.29778 7.79778
96 3727 0 100 2.1 5.71772 7.81772
103 3775 0 100 0.3 7.52497 7.82497
34 3684 0 100 3.6 4.24919 7.84919
79 3734 0 100 1.9 5.97712 7.87712
76 3776 0 100 0.3 7.57917 7.87917
38 3698 0 100 3.2 4.79589 7.99589
47 3785 0 100 4.66804e-08 8.01261 8.01261
25 3750 0 100 1.4 6.61406 8.01406
69 3787 0 100 4.66804e-08 8.02757 8.02757
79 3788 0 100 5.83505e-08 8.04349 8.04349
87 3789 0 100 0.1 8.04457 8.14457
61 3792 0 100 0.1 8.11596 8.21596
36 3796 0 100 1.51711e-07 8.30126 8.30126
68 3731 0 100 2.5 5.82896 8.32896
60 3793 0 100 0.2 8.1409 8.3409
40 3721 0 100 2.8 5.56265 8.36265
43 3696 0 100 3.7 4.68461 8.38461
37 3613 0 100 6.8 1.62134 8.42134
44 3798 0 100 0.1 8.41025 8.51025
36 3688 0 100 4.1 4.42425 8.52425
92 3783 0 100 0.7 7.89346 8.59346
55 3801 0 100 0.4 8.66621 9.06621
83 3778 0 100 1.6 7.64746 9.24746
104 3813 0 100 3.50103e-08 9.25549 9.25549
29 3822 0 100 1.51711e-07 9.48703 9.48703
53 3818 0 100 0.1 9.39133 9.49133
101 3824 0 100 4.66804e-08 9.5777 9.5777
90 3826 0 100 4.66804e-08 9.5941 9.5941
41 3742 0 100 3.4 6.29012 9.69012
42 3827 0 100 0.1 9.59549 9.69549
28 3832 0 100 1.51711e-07 9.72938 9.72938
42 3652 0 100 7.3 2.43754 9.73754
98 3820 0 100 0.3 9.46655 9.76655
95 3835 0 100 2.33402e-08 9.88765 9.88765
75 3770 0 100 2.7 7.30401 10.004
59 3774 0 100 2.5 7.52294 10.0229
86 3837 0 100 1.28371e-07 10.0323 10.0323
91 3843 0 100 5.83505e-08 10.3068 10.3068
41 3819 0 100 0.9 9.43222 10.3322
72 3844 0 100 1.51711e-07 10.3469 10.3469
80 3845 0 100 5.83505e-08 10.3739 10.3739
47 3847 0 100 1.05031e-07 10.3815 10.3815
85 3809 0 100 1.3 9.09952 10.3995
78 3803 0 100 1.7 8.72456 10.4246
74 3815 0 100 1.2 9.30739 10.5074
62 3850 0 100 8.16907e-08 10.5177 10.5177
63 3812 0 100 1.4 9.20375 10.6037
48 3810 0 100 1.5 9.13501 10.635
81 3828 0 100 1 9.64182 10.6418
46 3851 0 100 0.1 10.5442 10.6442
99 3791 0 100 2.7 8.09056 10.7906
66 3853 0 100 0.2 10.6134 10.8134
99 3840 0 100 0.6 10.2157 10.8157
69 3859 0 100 1.51711e-07 10.8269 10.8269
51 3816 0 100 1.6 9.3207 10.9207
73 3805 0 100 2.2 8.80933 11.0093
52 3865 0 100 0.1 10.9947 11.0947
67 3786 0 100 3.2 8.01932 11.2193
56 3869 0 100 0.1 11.2904 11.3904
61 3872 0 100 4.66804e-08 11.4053 11.4053
87 3863 0 100 0.5 10.9146 11.4146
30 3870 0 100 0.1 11.344 11.444
104 3876 0 100 1.16701e-07 11.5406 11.5406
29 3878 0 100 3.50103e-08 11.6436 11.6436
31 3752 0 100 5 6.64485 11.6448
57 3883 0 100 1.16701e-08 11.7142 11.7142
39 3881 0 100 0.1 11.7063 11.8063
88 3626 0 100 10 1.85421 11.8542
64 3841 0 100 1.6 10.2635 11.8635
102 3886 0 100 1.51711e-07 11.8689 11.8689
73 3862 0 100 1 10.9028 11.9028
40 3860 0 100 1.1 10.8423 11.9423
96 3891 0 100 4.66804e-08 12.0092 12.0092
43 3882 0 100 0.3 11.7094 12.0094
35 3823 0 100 2.6 9.50948 12.1095
97 3892 0 100 0.2 12.0092 12.2092
94 3895 0 100 1.51711e-07 12.2238 12.2238
76 3898 0 100 1.40041e-07 12.3045 12.3045
78 3896 0 100 0.1 12.2737 12.3737
50 3888 0 100 0.5 11.9233 12.4233
83 3829 0 100 2.8 9.67691 12.4769
42 3902 0 100 4.66804e-08 12.5214 12.5214
92 3885 0 100 0.7 11.8267 12.5267
45 3848 0 100 2.2 10.3914 12.5914
27 3909 0 100 1.28371e-07 12.8035 12.8035
98 3907 0 100 0.1 12.7491 12.8491
39 3694 0 100 8.2 4.66908 12.8691
33 3912 0 100 2.33402e-08 12.9104 12.9104
68 3875 0 100 1.4 11.5245 12.9245
72 3915 0 100 0.1 13.0198 13.1198
85 3918 0 100 3.50103e-08 13.1573 13.1573
100 3920 0 100 0.1 13.2273 13.3273
41 3922 0 100 0.1 13.2325 13.3325
64 3923 0 100 0.1 13.2733 13.3733
60 3905 0 100 0.7 12.6878 13.3878
32 3921 0 100 0.2 13.2279 13.4279
103 3901 0 100 1 12.5188 13.5188
62 3926 0 100 0.2 13.3794 13.5794
38 3906 0 100 0.9 12.7413 13.6413
83 3936 0 100 1.05031e-07 13.7417 13.7417
31 3831 0 100 4.1 9.70406 13.8041
45 3934 0 100 0.2 13.6489 13.8489
95 3911 0 100 1 12.9046 13.9046
55 3939 0 100 0.1 13.8141 13.9141
102 3943 0 100 4.66804e-08 13.955 13.955
82 3945 0 100 9.33608e-08 14.0532 14.0532
59 3940 0 100 0.3 13.8148 14.1148
31 3946 0 100 0.1 14.0555 14.1555
66 3951 0 100 4.66804e-08 14.2039 14.2039
86 3947 0 100 0.2 14.0738 14.2738
89 3952 0 100 1.28371e-07 14.2766 14.2766
94 3955 0 100 4.66804e-08 14.3705 14.3705
34 3890 0 100 2.5 11.9948 14.4948
93 3950 0 100 0.4 14.1958 14.5958
36 3856 0 100 4 10.763 14.763
73 3942 0 100 0.9 13.8834 14.7834
77 3965 0 100 2.33402e-08 14.8279 14.8279
79 3913 0 100 1.9 12.9289 14.8289
