51 1967 1.0356
38 1968 1.06798
49 1970 1.10578
54 1971 1.12375
33 1972 1.127
47 1973 1.14525
25 1974 1.16659
28 1975 1.17512
30 1978 1.31929
31 1979 1.34594
45 1981 1.40301
43 1983 1.51036
48 1986 1.71818
52 1988 1.80039
27 1989 1.87376
39 1991 1.93709
26 1992 1.98264
46 1994 1.99302
42 1995 2.0193
36 1996 2.06993
37 1998 2.15937
40 2001 2.32047
32 2003 2.44251
29 2005 2.52031
35 2007 2.61017
50 2009 2.73705
34 2010 2.74671
53 2012 2.84417
41 2013 2.88957
30 2020 3.46071
25 2023 3.61729
33 2030 4.23982
52 2032 4.31322
42 2034 4.41127
38 2035 4.41395
48 2037 4.50247
46 2038 4.57049
43 2040 4.62767
49 2046 5.14097
45 2049 5.35889
28 2051 5.431
39 2054 5.64125
40 2055 5.66306
36 2056 5.68893
47 2059 5.8368
51 2060 5.8631
32 2062 5.91203
37 2063 5.92439
31 2069 6.41987
35 2077 7.1803
34 2080 7.30947
54 2081 7.3328
26 2082 7.39127
41 2087 7.71567
38 2089 7.84202
50 2094 8.21255
52 2096 8.35738
39 2101 8.70114
43 2102 8.78607
44 2111 9.56861
48 2116 9.95147
26 2117 9.9776
28 2120 10.1608
36 2126 10.6157
54 2127 10.618
47 2129 10.7728
32 2132 10.9232
33 2135 11.1861
46 2138 11.3026
45 2139 11.3029
27 2140 11.3694
38 2143 11.5013
31 2144 11.5018
35 2145 11.5625
51 2147 11.6908
37 2149 11.6978
40 2150 11.7796
29 2152 11.8347
44 2153 11.8712
53 2154 11.889
30 2156 11.9263
39 2157 11.9376
34 2161 12.2523
43 2166 12.627
32 2171 13.0293
41 2173 13.1343
52 2175 13.2291
54 2180 13.6844
46 2183 13.8023
51 2184 13.8491
28 2189 14.1968
50 2190 14.2354
29 2192 14.298
27 2193 14.3438
26 2195 14.3936
30 2197 14.5328
49 2201 14.7987
53 2202 14.8764
36 2204 14.9459
