0 2808
0 2809
0 2810
0 2811
0 2812
0 2813
0 2814
0 2815
0 2816
0 2817
43 2818
14 2818
15 2818
16 2818
17 2818
18 2818
19 2818
20 2818
21 2818
22 2818
23 2818
24 2818
59 2820
1 2820
0 2821
0 2823
81 2825
0 2827
0 2829
53 2830
9 2830
8 2830
7 2830
6 2830
5 2830
4 2830
3 2830
2 2830
1 2830
0 2838
49 2828
5 2828
4 2828
3 2828
2 2828
1 2828
42 2826
14 2826
15 2826
16 2826
17 2826
18 2826
19 2826
20 2826
21 2826
22 2826
23 2826
24 2826
0 2844
36 2845
14 2845
15 2845
16 2845
17 2845
18 2845
19 2845
20 2845
21 2845
22 2845
23 2845
24 2845
75 2842
14 2842
15 2842
16 2842
17 2842
18 2842
19 2842
20 2842
21 2842
22 2842
23 2842
24 2842
57 2832
16 2832
17 2832
18 2832
19 2832
20 2832
21 2832
22 2832
23 2832
24 2832
25 2843
21 2843
22 2843
23 2843
24 2843
0 2846
77 2831
0 2850
38 2819
2 2819
1 2819
68 2851
14 2851
15 2851
16 2851
17 2851
18 2851
19 2851
20 2851
21 2851
22 2851
23 2851
24 2851
0 2853
63 2849
14 2849
15 2849
16 2849
17 2849
18 2849
19 2849
20 2849
21 2849
22 2849
23 2849
24 2849
51 2822
0 2856
45 2857
64 2857
4 2857
3 2857
2 2857
1 2857
0 2859
0 2865
56 2867
3 2867
2 2867
1 2867
79 2825
16 2825
17 2825
18 2825
19 2825
20 2825
21 2825
22 2825
23 2825
24 2825
26 2834
6 2834
5 2834
4 2834
3 2834
2 2834
1 2834
0 2870
52 2864
17 2864
18 2864
19 2864
20 2864
21 2864
22 2864
23 2864
24 2864
0 2872
44 2874
0 2876
35 2860
11 2860
10 2860
9 2860
8 2860
7 2860
6 2860
5 2860
4 2860
3 2860
2 2860
1 2860
74 2879
11 2879
10 2879
9 2879
8 2879
7 2879
6 2879
5 2879
4 2879
3 2879
2 2879
1 2879
37 2883
20 2883
21 2883
22 2883
23 2883
24 2883
0 2884
83 2855
0 2885
84 2877
17 2877
18 2877
19 2877
20 2877
21 2877
22 2877
23 2877
24 2877
0 2887
54 2888
24 2888
30 2833
0 2893
60 2873
64 2890
8 2890
7 2890
6 2890
5 2890
4 2890
3 2890
2 2890
1 2890
71 2858
5 2858
4 2858
3 2858
2 2858
1 2858
0 2894
58 2878
16 2878
17 2878
18 2878
19 2878
20 2878
21 2878
22 2878
23 2878
24 2878
27 2871
10 2871
9 2871
8 2871
7 2871
6 2871
5 2871
4 2871
3 2871
2 2871
1 2871
0 2895
76 2854
6 2854
5 2854
4 2854
3 2854
2 2854
1 2854
50 2880
2 2880
1 2880
0 2896
0 2897
61 2881
11 2881
10 2881
9 2881
8 2881
7 2881
6 2881
5 2881
4 2881
3 2881
2 2881
1 2881
59 2898
27 2898
11 2898
10 2898
9 2898
8 2898
7 2898
6 2898
5 2898
4 2898
3 2898
2 2898
1 2898
0 2899
0 2900
67 2855
23 2855
24 2855
44 2833
3 2833
2 2833
1 2833
78 2892
1 2892
0 2901
55 2824
1 2824
0 2902
72 2886
0 2903
0 2904
73 2866
23 2866
24 2866
0 2905
31 2874
6 2874
5 2874
4 2874
3 2874
2 2874
1 2874
38 2907
13 2907
14 2907
15 2907
16 2907
17 2907
18 2907
19 2907
20 2907
21 2907
22 2907
23 2907
24 2907
0 2908
33 2848
9 2848
8 2848
7 2848
6 2848
5 2848
4 2848
3 2848
2 2848
1 2848
41 2868
42 2868
1 2868
0 2909
69 2841
9 2841
8 2841
7 2841
6 2841
5 2841
4 2841
3 2841
2 2841
1 2841
48 2891
4 2891
3 2891
2 2891
1 2891
39 2835
73 2835
0 2910
65 2862
40 2837
10 2837
9 2837
8 2837
7 2837
6 2837
5 2837
4 2837
3 2837
2 2837
1 2837
0 2911
25 2912
9 2912
8 2912
7 2912
6 2912
5 2912
4 2912
3 2912
2 2912
1 2912
36 2906
0 2913
82 2889
0 2915
84 2889
1 2889
51 2914
13 2914
14 2914
15 2914
16 2914
17 2914
18 2914
19 2914
20 2914
21 2914
22 2914
23 2914
24 2914
0 2918
67 2906
4 2906
3 2906
2 2906
1 2906
39 2862
0 2920
30 2873
84 2862
2 2862
1 2862
0 2923
32 2839
2 2839
1 2839
53 2916
63 2919
73 2919
3 2919
2 2919
1 2919
75 2924
5 2924
4 2924
3 2924
2 2924
1 2924
27 2928
20 2928
21 2928
22 2928
23 2928
24 2928
47 2869
2 2869
1 2869
46 2836
54 2873
10 2873
9 2873
8 2873
7 2873
6 2873
5 2873
4 2873
3 2873
2 2873
1 2873
66 2882
3 2882
2 2882
1 2882
29 2875
13 2875
14 2875
15 2875
16 2875
17 2875
18 2875
19 2875
20 2875
21 2875
22 2875
23 2875
24 2875
47 2836
3 2836
2 2836
1 2836
0 2932
26 2933
21 2933
22 2933
23 2933
24 2933
0 2935
52 2921
0 2938
71 2936
54 2939
12 2939
11 2939
10 2939
9 2939
8 2939
7 2939
6 2939
5 2939
4 2939
3 2939
2 2939
1 2939
81 2922
7 2922
6 2922
5 2922
4 2922
3 2922
2 2922
1 2922
0 2940
70 2847
16 2847
17 2847
18 2847
19 2847
20 2847
21 2847
22 2847
23 2847
24 2847
51 2936
18 2936
19 2936
20 2936
21 2936
22 2936
23 2936
24 2936
43 2941
0 2943
79 2930
8 2930
7 2930
6 2930
5 2930
4 2930
3 2930
2 2930
1 2930
77 2937
57 2942
11 2942
10 2942
9 2942
8 2942
7 2942
6 2942
5 2942
4 2942
3 2942
2 2942
1 2942
0 2945
42 2946
75 2921
9 2921
8 2921
7 2921
6 2921
5 2921
4 2921
3 2921
2 2921
1 2921
0 2948
71 2937
20 2937
21 2937
22 2937
23 2937
24 2937
0 2950
31 2951
16 2951
17 2951
18 2951
19 2951
20 2951
21 2951
22 2951
23 2951
24 2951
56 2949
22 2949
23 2949
24 2949
0 2952
0 2953
84 2954
9 2954
8 2954
7 2954
6 2954
5 2954
4 2954
3 2954
2 2954
1 2954
0 2955
64 2944
0 2956
68 2957
11 2957
10 2957
9 2957
8 2957
7 2957
6 2957
5 2957
4 2957
3 2957
2 2957
1 2957
25 2958
19 2958
20 2958
21 2958
22 2958
23 2958
24 2958
0 2959
76 2927
23 2927
24 2927
0 2960
78 2941
16 2941
17 2941
18 2941
19 2941
20 2941
21 2941
22 2941
23 2941
24 2941
0 2962
0 2963
0 2966
62 2840
4 2840
3 2840
2 2840
1 2840
51 2967
24 2967
74 2947
7 2947
6 2947
5 2947
4 2947
3 2947
2 2947
1 2947
36 2968
15 2968
16 2968
17 2968
18 2968
19 2968
20 2968
21 2968
22 2968
23 2968
24 2968
72 2965
16 2965
17 2965
18 2965
19 2965
20 2965
21 2965
22 2965
23 2965
24 2965
37 2934
17 2934
18 2934
19 2934
20 2934
21 2934
22 2934
23 2934
24 2934
0 2970
58 2916
11 2916
10 2916
9 2916
8 2916
7 2916
6 2916
5 2916
4 2916
3 2916
2 2916
1 2916
35 2969
8 2969
7 2969
6 2969
5 2969
4 2969
3 2969
2 2969
1 2969
83 2972
75 2972
15 2972
16 2972
17 2972
18 2972
19 2972
20 2972
21 2972
22 2972
23 2972
24 2972
0 2973
0 2976
44 2961
21 2961
22 2961
23 2961
24 2961
59 2979
0 2980
30 2981
21 2981
22 2981
23 2981
24 2981
28 2863
4 2863
3 2863
2 2863
1 2863
48 2982
37 2982
19 2982
20 2982
21 2982
22 2982
23 2982
24 2982
39 2978
15 2978
16 2978
17 2978
18 2978
19 2978
20 2978
21 2978
22 2978
23 2978
24 2978
80 2852
0 2983
67 2946
62 2979
7 2979
6 2979
5 2979
4 2979
3 2979
2 2979
1 2979
0 2984
82 2977
73 2977
84 2977
15 2977
16 2977
17 2977
18 2977
19 2977
20 2977
21 2977
22 2977
23 2977
24 2977
60 2975
22 2975
23 2975
24 2975
0 2985
50 2964
24 2964
33 2987
0 2988
80 2987
2 2987
1 2987
0 2991
70 2986
1 2986
58 2992
15 2992
16 2992
17 2992
18 2992
19 2992
20 2992
21 2992
22 2992
23 2992
24 2992
81 2990
63 2990
18 2990
19 2990
20 2990
21 2990
22 2990
23 2990
24 2990
27 2994
0 2996
67 2997
19 2997
20 2997
21 2997
22 2997
23 2997
24 2997
46 2993
16 2993
17 2993
18 2993
19 2993
20 2993
21 2993
22 2993
23 2993
24 2993
62 2994
9 2994
8 2994
7 2994
6 2994
5 2994
4 2994
3 2994
2 2994
1 2994
0 2998
53 2999
16 2999
17 2999
18 2999
19 2999
20 2999
21 2999
22 2999
23 2999
24 2999
0 3000
45 2944
28 2944
8 2944
7 2944
6 2944
5 2944
4 2944
3 2944
2 2944
1 2944
0 3003
56 3001
7 3001
6 3001
5 3001
4 3001
3 3001
2 3001
1 3001
0 3004
34 2861
12 2861
11 2861
10 2861
9 2861
8 2861
7 2861
6 2861
5 2861
4 2861
3 2861
2 2861
1 2861
43 3007
0 3008
61 2971
11 2971
10 2971
9 2971
8 2971
7 2971
6 2971
5 2971
4 2971
3 2971
2 2971
1 2971
0 3010
69 3011
5 3011
4 3011
3 3011
2 3011
1 3011
38 3009
9 3009
8 3009
7 3009
6 3009
5 3009
4 3009
3 3009
2 3009
1 3009
55 2974
0 3012
54 3005
2 3005
1 3005
47 2989
19 2989
20 2989
21 2989
22 2989
23 2989
24 2989
73 3002
0 3013
84 3002
21 3002
22 3002
23 3002
24 3002
0 3014
75 2946
23 2946
24 2946
41 3015
0 3016
66 3017
21 3017
22 3017
23 3017
24 3017
25 3018
29 3018
6 3018
5 3018
4 3018
3 3018
2 3018
1 3018
42 3015
0 3020
0 3021
78 3007
55 3007
3 3007
2 3007
1 3007
0 3023
65 3024
40 3022
29 3025
7 3025
6 3025
5 3025
4 3025
3 3025
2 3025
1 3025
0 3026
75 3027
1 3027
0 3028
84 3024
0 3030
79 3031
1 3031
63 3032
1 3032
26 3029
16 3029
17 3029
18 3029
19 3029
20 3029
21 3029
22 3029
23 3029
24 3029
0 3033
80 3034
11 3034
10 3034
9 3034
8 3034
7 3034
6 3034
5 3034
4 3034
3 3034
2 3034
1 3034
28 3037
15 3037
16 3037
17 3037
18 3037
19 3037
20 3037
21 3037
22 3037
23 3037
24 3037
0 3038
59 3036
18 3036
19 3036
20 3036
21 3036
22 3036
23 3036
24 3036
0 3039
69 3022
70 3022
11 3022
10 3022
9 3022
8 3022
7 3022
6 3022
5 3022
4 3022
3 3022
2 3022
1 3022
49 2917
20 2917
21 2917
22 2917
23 2917
24 2917
0 3041
73 3024
2 3024
1 3024
0 3042
0 3044
83 3046
52 3046
68 3046
36 3015
6 3015
5 3015
4 3015
3 3015
2 3015
1 3015
30 3047
52 3049
68 3049
31 3050
0 3053
32 3006
4 3006
3 3006
2 3006
1 3006
64 3054
77 3056
17 3056
18 3056
19 3056
20 3056
21 3056
22 3056
23 3056
24 3056
0 3057
33 3060
16 3060
17 3060
18 3060
19 3060
20 3060
21 3060
22 3060
23 3060
24 3060
0 3061
45 3054
28 3054
60 3047
12 3047
11 3047
10 3047
9 3047
8 3047
7 3047
6 3047
5 3047
4 3047
3 3047
2 3047
1 3047
71 2995
18 2995
19 2995
20 2995
21 2995
22 2995
23 2995
24 2995
0 3062
81 3059
7 3059
6 3059
5 3059
4 3059
3 3059
2 3059
1 3059
51 3035
18 3035
19 3035
20 3035
21 3035
22 3035
23 3035
24 3035
67 3065
8 3065
7 3065
6 3065
5 3065
4 3065
3 3065
2 3065
1 3065
68 3055
81 3055
7 3055
6 3055
5 3055
4 3055
3 3055
2 3055
1 3055
0 3066
74 3067
1 3067
44 3050
14 3050
15 3050
16 3050
17 3050
18 3050
19 3050
20 3050
21 3050
22 3050
23 3050
24 3050
57 3019
11 3019
10 3019
9 3019
8 3019
7 3019
6 3019
5 3019
4 3019
3 3019
2 3019
1 3019
0 3070
72 3058
10 3058
9 3058
8 3058
7 3058
6 3058
5 3058
4 3058
3 3058
2 3058
1 3058
0 3072
84 3073
0 3074
35 3051
3 3051
2 3051
1 3051
69 3075
0 3076
53 3077
7 3077
6 3077
5 3077
4 3077
3 3077
2 3077
1 3077
0 3078
70 3075
19 3075
20 3075
21 3075
22 3075
23 3075
24 3075
0 3080
45 3063
61 3064
63 3049
82 3049
84 3049
9 3049
8 3049
7 3049
6 3049
5 3049
4 3049
3 3049
2 3049
1 3049
32 3073
9 3073
8 3073
7 3073
6 3073
5 3073
4 3073
3 3073
2 3073
1 3073
0 3081
82 3082
10 3082
9 3082
8 3082
7 3082
6 3082
5 3082
4 3082
3 3082
2 3082
1 3082
50 3084
18 3084
19 3084
20 3084
21 3084
22 3084
23 3084
24 3084
0 3085
54 3086
17 3086
18 3086
19 3086
20 3086
21 3086
22 3086
23 3086
24 3086
0 3087
70 3088
20 3088
21 3088
22 3088
23 3088
24 3088
58 3089
9 3089
8 3089
7 3089
6 3089
5 3089
4 3089
3 3089
2 3089
1 3089
0 3090
47 3092
10 3092
9 3092
8 3092
7 3092
6 3092
5 3092
4 3092
3 3092
2 3092
1 3092
0 3093
39 3095
12 3095
11 3095
10 3095
9 3095
8 3095
7 3095
6 3095
5 3095
4 3095
3 3095
2 3095
1 3095
0 3096
0 3097
37 3040
17 3040
18 3040
19 3040
20 3040
21 3040
22 3040
23 3040
24 3040
0 3098
25 3099
22 3099
23 3099
24 3099
0 3103
48 3091
18 3091
19 3091
20 3091
21 3091
22 3091
23 3091
24 3091
40 3102
24 3102
0 3105
49 3094
8 3094
7 3094
6 3094
5 3094
4 3094
3 3094
2 3094
1 3094
62 3083
27 3107
6 3107
5 3107
4 3107
3 3107
2 3107
1 3107
0 3108
79 3046
16 3046
17 3046
18 3046
19 3046
20 3046
21 3046
22 3046
23 3046
24 3046
0 3109
41 3071
0 3112
29 3104
25 3104
24 3104
71 3113
3 3113
2 3113
1 3113
43 3101
21 3101
22 3101
23 3101
24 3101
55 3069
78 3110
0 3115
81 3116
17 3116
18 3116
19 3116
20 3116
21 3116
22 3116
23 3116
24 3116
0 3118
0 3120
65 3119
0 3123
38 3054
7 3054
6 3054
5 3054
4 3054
3 3054
2 3054
1 3054
37 3069
22 3069
23 3069
24 3069
55 3110
37 3110
22 3110
23 3110
24 3110
28 3111
7 3111
6 3111
5 3111
4 3111
3 3111
2 3111
1 3111
0 3124
66 3114
58 3114
16 3114
17 3114
18 3114
19 3114
20 3114
21 3114
22 3114
23 3114
24 3114
34 3121
11 3121
10 3121
9 3121
8 3121
7 3121
6 3121
5 3121
4 3121
3 3121
2 3121
1 3121
0 3126
26 3127
9 3127
8 3127
7 3127
6 3127
5 3127
4 3127
3 3127
2 3127
1 3127
32 3119
18 3119
19 3119
20 3119
21 3119
22 3119
23 3119
24 3119
0 3128
60 3100
68 3129
20 3129
21 3129
22 3129
23 3129
24 3129
73 3125
0 3130
0 3131
76 3079
7 3079
6 3079
5 3079
4 3079
3 3079
2 3079
1 3079
46 3106
58 3106
18 3106
19 3106
20 3106
21 3106
22 3106
23 3106
24 3106
0 3132
63 3133
21 3133
22 3133
23 3133
24 3133
36 3068
23 3068
24 3068
0 3134
59 3135
13 3135
14 3135
15 3135
16 3135
17 3135
18 3135
19 3135
20 3135
21 3135
22 3135
23 3135
24 3135
0 3136
45 3137
11 3137
10 3137
9 3137
8 3137
7 3137
6 3137
5 3137
4 3137
3 3137
2 3137
1 3137
0 3140
75 3141
79 3141
23 3141
24 3141
61 3083
13 3083
14 3083
15 3083
16 3083
17 3083
18 3083
19 3083
20 3083
21 3083
22 3083
23 3083
24 3083
0 3143
47 3144
21 3144
22 3144
23 3144
24 3144
67 3071
0 3145
52 3071
83 3146
0 3147
64 3063
13 3063
14 3063
15 3063
16 3063
17 3063
18 3063
19 3063
20 3063
21 3063
22 3063
23 3063
24 3063
42 3043
75 3071
79 3148
32 3125
23 3125
24 3125
56 3117
12 3117
11 3117
10 3117
9 3117
8 3117
7 3117
6 3117
5 3117
4 3117
3 3117
2 3117
1 3117
0 3149
0 3152
0 3155
40 3158
10 3158
9 3158
8 3158
7 3158
6 3158
5 3158
4 3158
3 3158
2 3158
1 3158
0 3159
35 3156
20 3156
21 3156
22 3156
23 3156
24 3156
