71 398 0 100 0.6 1.33239 1.93239
93 416 0 100 1.16701e-08 1.95597 1.95597
74 412 0 100 0.4 1.82055 2.22055
55 389 0 100 1.8 1.10039 2.90039
48 414 0 100 1.1 1.89476 2.99476
38 419 0 100 0.9 2.28017 3.18017
54 418 0 100 1.1 2.2429 3.3429
102 394 0 100 2.5 1.31016 3.81016
49 388 0 100 3.1 1.08322 4.18322
101 391 0 100 3.1 1.13203 4.23203
59 423 0 100 1.7 2.54325 4.24325
69 401 0 100 2.8 1.44421 4.24421
45 405 0 100 2.8 1.50153 4.30153
32 411 0 100 3.1 1.79719 4.89719
103 390 0 100 4.3 1.1194 5.4194
103 431 0 100 0.9 4.58158 5.48158
41 400 0 100 4.5 1.43918 5.93918
94 396 0 100 5 1.32545 6.32545
75 426 0 100 3.8 2.93534 6.73534
58 397 0 100 5.5 1.32991 6.82991
89 445 0 100 1.16701e-08 6.85767 6.85767
89 421 0 100 4.4 2.47579 6.87579
81 433 0 100 2.3 4.78651 7.08651
97 435 0 100 2.1 5.28373 7.38373
42 420 0 100 5.2 2.47038 7.67038
73 393 0 100 7.5 1.29965 8.79965
33 427 0 100 5 3.9596 8.9596
102 430 0 100 4.5 4.46125 8.96125
104 428 0 100 4.9 4.37644 9.27644
28 404 0 100 7.9 1.46927 9.36927
30 451 0 100 1.8 7.71761 9.51761
59 453 0 100 0.7 8.83556 9.53556
46 415 0 100 8.1 1.90533 10.0053
51 459 0 100 0.2 9.87192 10.0719
51 443 0 100 3.5 6.66005 10.16
32 429 0 100 5.9 4.41299 10.313
52 403 0 100 9.5 1.45249 10.9525
29 410 0 100 9.7 1.68324 11.3832
92 395 0 100 10.1 1.32075 11.4207
92 447 0 100 4.6 6.99358 11.5936
47 441 0 100 5.5 6.33203 11.832
44 406 0 100 10.3 1.5897 11.8897
75 461 0 100 1.4 10.5536 11.9536
75 449 0 100 4.4 7.61327 12.0133
25 402 0 100 10.7 1.44626 12.1463
97 457 0 100 3.1 9.49039 12.5904
97 422 0 100 10.1 2.50182 12.6018
78 407 0 100 11.1 1.62782 12.7278
40 438 0 100 7.3 5.79639 13.0964
55 434 0 100 8.1 5.25857 13.3586
48 444 0 100 6.7 6.71096 13.411
38 464 0 100 1.3 12.3382 13.6382
88 424 0 100 11.3 2.5581 13.8581
54 432 0 100 9.3 4.61969 13.9197
33 467 0 100 1.7 12.4507 14.1507
102 465 0 100 1.8 12.3667 14.1667
104 478 0 100 0.3 14.1153 14.4153
104 409 0 100 12.9 1.65291 14.5529
84 442 0 100 8.4 6.33386 14.7339
69 471 0 100 1.8 12.9642 14.7642
84 462 0 100 4 10.8078 14.8078
45 439 0 100 8.7 6.22291 14.9229
