52 481 1.00544
25 482 1.01169
89 483 1.05906
49 484 1.06717
95 485 1.07042
88 486 1.08136
84 487 1.08686
86 488 1.15799
114 489 1.22298
102 490 1.23617
57 491 1.29242
77 492 1.29539
112 493 1.40723
53 494 1.43419
76 495 1.50821
26 496 1.52487
58 497 1.62674
32 498 1.63046
98 499 1.68054
68 500 1.69412
109 501 1.70825
83 502 1.7439
33 503 1.75167
60 504 1.81166
56 505 1.83193
85 506 1.94632
91 507 1.99292
67 508 1.99574
70 509 2.04415
66 510 2.05175
113 511 2.13873
46 512 2.19502
94 513 2.22233
79 514 2.36094
42 515 2.37787
92 516 2.37949
111 517 2.42675
97 518 2.59364
69 519 2.66968
55 520 2.75875
72 521 2.84053
54 522 2.86868
38 523 2.8828
99 524 2.9046
53 525 3.80152
32 526 4.09547
114 527 4.3352
63 528 4.36197
26 529 4.45091
86 530 4.55754
56 531 4.56754
111 532 4.62712
60 533 4.64437
51 534 4.98462
48 535 5.49462
113 536 6.4356
94 537 6.50833
71 538 6.57113
114 539 6.70818
55 540 7.23947
79 541 7.28675
76 542 7.56169
86 543 7.7974
51 544 7.90722
104 545 8.00442
27 546 8.20267
63 547 8.71727
112 548 8.7368
83 549 9.04384
68 550 9.60166
48 551 9.77898
103 552 9.93465
104 553 10.2564
79 554 10.4056
111 555 10.4756
88 556 10.616
86 557 10.6584
63 558 11.4982
76 559 11.6799
32 560 11.8899
92 561 11.9221
53 562 12.1711
112 563 12.789
51 564 12.8376
91 565 12.8914
98 566 13.0806
110 567 13.1218
108 568 13.4656
88 569 13.5984
57 570 13.9548
32 571 14.0384
79 572 14.3183
55 573 14.4611
86 574 14.7008
85 575 14.7724
94 576 14.8243
