50 153 0 100 0.4 1.05614 1.45614
71 156 0 100 1 1.15126 2.15126
54 178 0 100 0.2 2.36792 2.56792
26 172 0 100 0.7 1.94349 2.64349
59 169 0 100 1.1 1.76771 2.86771
56 176 0 100 0.7 2.26634 2.96634
72 163 0 100 1.7 1.45437 3.15437
55 152 0 100 2.4 1.04977 3.44977
32 168 0 100 2 1.69294 3.69294
44 177 0 100 1.5 2.28221 3.78221
28 155 0 100 3.2 1.13669 4.33669
40 151 0 100 3.8 1.03911 4.83911
40 184 0 100 0.1 4.94229 5.04229
41 170 0 100 4.7 1.78361 6.48361
41 187 0 100 1.1 5.42914 6.52914
29 165 0 100 5.1 1.61188 6.71188
29 193 0 100 0.2 6.56655 6.76655
62 159 0 100 6 1.20451 7.20451
52 181 0 100 3.9 3.36071 7.26071
52 157 0 100 6.3 1.15552 7.45552
58 162 0 100 6.2 1.28468 7.48468
52 189 0 100 1.9 5.60818 7.50818
36 174 0 100 5.7 2.05118 7.75118
31 180 0 100 4.9 2.89819 7.79819
56 196 0 100 0.8 7.39173 8.19173
67 188 0 100 2.9 5.54988 8.44988
28 183 0 100 4.8 4.72342 9.52342
65 195 0 100 2.9 7.20229 10.1023
40 199 0 100 1 9.20806 10.2081
47 158 0 100 9.1 1.15793 10.2579
34 185 0 100 5.9 5.11272 11.0127
73 160 0 100 9.9 1.25029 11.1503
42 154 0 100 11.4 1.07555 12.4756
58 210 0 100 0.9 11.8773 12.7773
31 190 0 100 7.1 5.68257 12.7826
71 202 0 100 3 9.90457 12.9046
54 211 0 100 1 12.1109 13.1109
54 204 0 100 3.2 9.96571 13.1657
49 175 0 100 11.4 2.20666 13.6067
44 191 0 100 8.4 5.99184 14.3918
35 220 0 100 0.5 14.3133 14.8133
