33 307 0 100 0.1 1.45501 1.55501
38 314 0 100 1.6 1.52443 3.12443
66 335 0 100 0.5 2.82993 3.32993
82 312 0 100 2.3 1.5183 3.8183
71 323 0 100 2 1.94924 3.94924
64 298 0 100 3 1.05579 4.05579
87 301 0 100 3.7 1.15694 4.85694
74 305 0 100 3.7 1.32463 5.02463
41 342 0 100 1.1 4.53855 5.63855
48 326 0 100 3.6 2.11525 5.71525
58 332 0 100 3.3 2.66254 5.96254
56 302 0 100 4.9 1.15747 6.05747
51 322 0 100 4.5 1.76712 6.26712
32 300 0 100 5.8 1.0731 6.8731
53 325 0 100 4.8 2.08818 6.88818
61 310 0 100 5.6 1.49644 7.09644
45 318 0 100 5.5 1.66953 7.16953
52 304 0 100 6.6 1.19631 7.79631
62 338 0 100 4.2 3.67827 7.87827
52 348 0 100 2.2 5.72124 7.92124
25 321 0 100 6.6 1.74299 8.34299
77 303 0 100 7.4 1.17049 8.57049
66 346 0 100 3.5 5.10186 8.60186
37 306 0 100 7.5 1.39101 8.89101
82 357 0 100 0.3 8.74314 9.04314
82 340 0 100 4.9 4.18976 9.08976
76 351 0 100 2.2 6.9861 9.1861
78 358 0 100 0.5 8.76342 9.26342
55 361 0 100 1.16701e-08 9.30378 9.30378
72 331 0 100 7 2.52402 9.52402
68 328 0 100 7.2 2.3513 9.5513
79 353 0 100 2.4 7.76491 10.1649
30 308 0 100 9.2 1.48168 10.6817
69 319 0 100 9.2 1.68074 10.8807
48 364 0 100 1.4 9.52713 10.9271
41 309 0 100 9.8 1.49255 11.2925
42 336 0 100 8.4 2.93594 11.3359
39 360 0 100 2.5 9.07351 11.5735
60 311 0 100 10.3 1.50664 11.8066
73 315 0 100 10.3 1.53395 11.8339
32 373 0 100 0.3 11.7977 12.0977
63 366 0 100 1.7 10.8778 12.5778
70 320 0 100 11.2 1.68401 12.884
70 347 0 100 7.6 5.33932 12.9393
62 316 0 100 11.6 1.5387 13.1387
52 367 0 100 2.1 11.0717 13.1717
25 355 0 100 5.3 8.25284 13.5528
86 329 0 100 11.2 2.35862 13.5586
29 333 0 100 11.1 2.71824 13.8182
37 369 0 100 3.1 11.1323 14.2323
72 343 0 100 9.9 4.88222 14.7822
72 380 0 100 1.3 13.5123 14.8123
