53 1256
107 1256
46 1256
92 1256
104 1257
48 1257
76 1257
93 1257
112 1257
83 1258
41 1258
64 1259
27 1259
33 1260
59 1260
98 1260
28 1261
38 1261
87 1261
107 1261
46 1261
53 1261
92 1261
45 1262
57 1262
61 1262
62 1263
60 1263
43 1263
54 1263
114 1264
85 1264
105 1264
103 1266
85 1268
105 1268
114 1268
113 1268
99 1269
25 1265
34 1266
32 1266
51 1268
77 1259
45 1259
44 1272
37 1272
100 1265
35 1257
57 1259
82 1269
25 1269
50 1263
69 1276
26 1276
89 1276
96 1261
99 1265
65 1257
94 1278
83 1278
100 1269
27 1279
64 1279
107 1280
28 1280
38 1280
92 1281
110 1262
70 1282
41 1275
83 1275
89 1283
48 1284
76 1284
93 1284
54 1285
50 1285
87 1280
46 1280
53 1280
92 1280
35 1287
52 1267
56 1267
70 1267
54 1267
101 1268
58 1256
38 1288
46 1288
28 1288
53 1288
87 1288
47 1289
61 1259
26 1283
93 1294
48 1294
76 1294
55 1295
102 1295
111 1296
89 1296
67 1289
72 1289
60 1297
62 1297
113 1298
58 1299
76 1300
48 1300
108 1301
41 1301
56 1302
73 1273
31 1303
30 1303
69 1283
98 1292
70 1302
30 1304
78 1303
59 1286
111 1286
89 1286
50 1267
26 1296
68 1271
57 1305
45 1305
46 1306
96 1306
53 1306
28 1306
38 1306
92 1299
31 1304
58 1273
96 1309
53 1309
46 1309
63 1290
39 1290
88 1297
85 1298
105 1277
92 1273
46 1273
96 1273
67 1308
47 1308
60 1267
62 1267
88 1267
107 1288
92 1288
66 1278
83 1301
33 1292
59 1292
111 1292
28 1309
80 1263
106 1276
111 1276
59 1276
33 1276
80 1312
114 1298
43 1285
80 1285
50 1310
43 1310
80 1310
54 1302
43 1302
85 1277
114 1277
53 1273
28 1273
81 1274
88 1274
79 1282
43 1313
106 1315
101 1293
67 1293
50 1302
60 1302
100 1318
51 1291
101 1291
99 1318
108 1271
41 1278
34 1317
54 1313
50 1313
109 1286
83 1271
89 1292
39 1316
26 1315
108 1278
94 1275
112 1284
89 1315
111 1315
41 1271
93 1300
69 1296
99 1320
45 1322
102 1319
114 1323
38 1309
53 1324
46 1324
73 1299
31 1299
58 1288
73 1288
47 1293
72 1308
92 1309
58 1309
84 1289
87 1306
92 1306
48 1325
107 1273
26 1326
38 1324
107 1324
87 1273
28 1327
46 1327
107 1327
92 1327
86 1295
81 1295
55 1319
86 1319
64 1328
27 1328
67 1291
47 1291
72 1291
92 1329
28 1329
107 1329
46 1329
47 1330
72 1330
67 1330
101 1330
70 1332
56 1332
55 1333
67 1334
97 1260
83 1335
57 1322
89 1331
43 1337
54 1337
32 1311
79 1332
54 1332
86 1333
34 1338
79 1339
56 1339
76 1340
98 1276
45 1342
100 1320
25 1318
96 1324
87 1327
107 1343
46 1343
68 1278
28 1324
87 1343
53 1329
46 1344
96 1327
96 1345
28 1343
94 1271
69 1326
33 1321
59 1315
111 1331
56 1347
87 1329
100 1348
25 1348
89 1326
92 1324
58 1306
107 1344
46 1345
107 1345
28 1345
92 1345
92 1350
55 1351
96 1343
102 1333
28 1350
96 1350
107 1350
29 1307
37 1314
87 1344
96 1344
66 1301
84 1291
46 1350
72 1307
27 1336
47 1352
44 1290
80 1302
39 1314
86 1351
43 1332
50 1337
54 1341
63 1316
67 1353
44 1314
79 1347
54 1347
86 1354
66 1316
63 1314
84 1307
47 1353
39 1355
63 1355
97 1276
67 1307
60 1313
33 1315
59 1331
111 1326
89 1356
26 1356
106 1296
69 1356
106 1356
33 1326
75 1283
26 1359
89 1359
111 1359
46 1361
107 1361
90 1264
114 1349
43 1362
60 1362
50 1362
49 1268
33 1359
72 1352
84 1353
72 1353
62 1274
60 1274
50 1274
101 1334
71 1279
64 1336
88 1295
81 1319
91 1266
107 1369
105 1298
85 1323
32 1338
62 1295
50 1295
76 1365
112 1300
106 1370
26 1370
75 1370
48 1357
111 1368
79 1358
43 1274
104 1294
60 1295
50 1358
93 1325
65 1287
82 1265
67 1372
72 1372
99 1348
88 1319
25 1360
100 1364
25 1364
89 1373
68 1346
41 1335
68 1335
108 1275
26 1373
106 1373
114 1375
63 1376
96 1361
46 1369
96 1369
58 1345
92 1343
58 1343
28 1344
27 1377
64 1377
30 1299
26 1378
53 1327
73 1309
31 1288
72 1379
95 1257
36 1303
55 1354
81 1354
102 1351
86 1374
102 1374
84 1372
67 1379
81 1381
82 1257
99 1257
50 1371
87 1350
70 1339
93 1382
35 1284
52 1260
56 1367
97 1359
52 1359
98 1321
46 1384
107 1384
97 1321
33 1368
98 1368
100 1257
111 1383
33 1383
65 1284
95 1284
82 1284
99 1284
109 1292
103 1317
59 1326
109 1326
91 1338
34 1366
99 1386
82 1386
95 1386
75 1373
106 1378
107 1387
92 1387
46 1387
40 1270
90 1298
67 1389
82 1391
58 1327
105 1323
53 1350
113 1277
68 1388
108 1390
73 1327
31 1327
41 1388
58 1350
73 1350
68 1390
78 1304
30 1327
89 1392
106 1392
31 1350
102 1394
86 1394
47 1307
72 1389
96 1384
92 1384
53 1384
87 1387
29 1291
28 1395
92 1395
85 1375
64 1380
84 1379
65 1386
58 1384
53 1395
