38 847 0 100 1.16701e-08 1.19868 1.19868
37 850 0 100 1.16701e-08 1.31488 1.31488
60 864 0 100 0.2 2.19688 2.39688
27 842 0 100 1.4 1.08256 2.48256
28 856 0 100 1.5 1.64703 3.14703
48 872 0 100 0.7 2.66278 3.36278
51 841 0 100 3.1 1.06809 4.16809
29 849 0 100 2.9 1.29858 4.19858
64 877 0 100 0.4 4.27494 4.67494
67 865 0 100 2.6 2.20584 4.80584
56 852 0 100 3.5 1.36101 4.86101
71 857 0 100 3.8 1.71234 5.51234
47 858 0 100 3.8 1.77992 5.57992
44 844 0 100 4.7 1.12656 5.82656
40 885 0 100 0.5 5.34359 5.84359
40 868 0 100 3.4 2.50126 5.90126
38 882 0 100 1.4 4.9461 6.3461
42 869 0 100 3.9 2.51125 6.41125
42 894 0 100 1.16701e-08 6.45376 6.45376
62 870 0 100 4.7 2.56751 7.26751
61 874 0 100 4.4 2.88618 7.28618
27 881 0 100 2.8 4.87143 7.67143
60 879 0 100 3.2 4.49157 7.69157
36 896 0 100 1.6 6.98319 8.58319
36 880 0 100 4 4.63459 8.63459
57 846 0 100 7.6 1.13643 8.73643
46 862 0 100 6.8 2.1569 8.9569
53 853 0 100 7.6 1.43546 9.03546
74 843 0 100 8 1.11211 9.11211
43 873 0 100 6.6 2.73485 9.33485
54 878 0 100 5.1 4.2899 9.3899
66 892 0 100 3.5 6.15152 9.65152
66 848 0 100 8.4 1.25532 9.65532
67 895 0 100 3.1 6.80844 9.90844
49 876 0 100 6 4.20445 10.2045
45 897 0 100 2.4 7.81308 10.2131
49 851 0 100 8.9 1.34045 10.2405
50 898 0 100 2.9 7.90934 10.8093
69 899 0 100 2.8 8.28808 11.0881
69 908 0 100 0.2 10.9827 11.1827
55 855 0 100 9.7 1.63448 11.3345
55 889 0 100 5.6 5.80823 11.4082
42 903 0 100 2.6 9.10831 11.7083
60 900 0 100 4.5 8.33411 12.8341
25 863 0 100 11.3 2.19339 13.4934
70 893 0 100 7.3 6.2047 13.5047
70 866 0 100 11.3 2.2354 13.5354
36 915 0 100 1.8 11.9873 13.7873
48 922 0 100 0.3 13.4916 13.7916
36 859 0 100 12.2 1.82184 14.0218
34 902 0 100 5.8 8.85963 14.6596
63 916 0 100 2.7 12.2664 14.9664
