40 690 0 100 1.4 1.27804 2.67804
42 693 0 100 1.9 1.35851 3.25851
31 691 0 100 2.9 1.27962 4.17962
43 696 0 100 4.4 1.82852 6.22852
44 695 0 100 4.5 1.73754 6.23754
44 706 0 100 2.5 3.83 6.33
28 692 0 100 5.1 1.32474 6.42474
32 701 0 100 4.6 2.1507 6.7507
36 697 0 100 7.2 1.84134 9.04134
31 707 0 100 4.5 4.7944 9.2944
33 703 0 100 6.9 2.4611 9.3611
26 704 0 100 6.9 2.46847 9.36847
35 711 0 100 1.7 7.69035 9.39035
31 712 0 100 1.5 7.89411 9.39411
43 715 0 100 1.5 9.90114 11.4011
34 713 0 100 2.9 8.63009 11.5301
28 714 0 100 3.1 8.66947 11.7695
36 721 0 100 1.2 13.2176 14.4176
37 718 0 100 2.3 12.237 14.537
26 720 0 100 1.7 12.9071 14.6071
31 719 0 100 1.9 12.7122 14.6122
