83 4419 1.00276
101 4420 1.02066
59 4421 1.03448
91 4422 1.04905
95 4424 1.12144
42 4425 1.12169
79 4426 1.15197
67 4428 1.19274
116 4429 1.20949
29 4430 1.22485
35 4431 1.24407
124 4432 1.24994
112 4433 1.25911
118 4435 1.28321
51 4436 1.29303
107 4437 1.3072
82 4438 1.31489
89 4439 1.31841
113 4441 1.38829
80 4442 1.40092
105 4443 1.41664
97 4444 1.41901
86 4445 1.48005
44 4447 1.5074
39 4448 1.51454
48 4449 1.51782
45 4450 1.56334
38 4451 1.57957
115 4453 1.58742
46 4456 1.78499
55 4457 1.81024
98 4458 1.84178
56 4459 1.88136
27 4461 1.89169
26 4462 1.91556
50 4463 1.92099
33 4464 1.93657
114 4466 2.01535
41 4467 2.02554
64 4468 2.02834
85 4469 2.05382
47 4470 2.05541
100 4471 2.07117
34 4472 2.08071
102 4474 2.09115
30 4475 2.13711
117 4476 2.15482
84 4477 2.17146
103 4478 2.17171
74 4480 2.19562
40 4481 2.22053
90 4482 2.28018
120 4484 2.29077
66 4485 2.29099
31 4486 2.31484
32 4487 2.3182
93 4488 2.34846
61 4489 2.35497
65 4491 2.38835
43 4492 2.39026
52 4493 2.39751
109 4494 2.45512
76 4495 2.45745
96 4497 2.56854
92 4498 2.57495
53 4499 2.58153
88 4501 2.59319
57 4502 2.59562
87 4503 2.5973
71 4504 2.61737
69 4505 2.64152
81 4506 2.64359
94 4507 2.65052
111 4508 2.66086
68 4510 2.70702
49 4511 2.71119
72 4512 2.73952
121 4513 2.7674
37 4515 2.78322
73 4516 2.83216
106 4517 2.83322
78 4518 2.86611
54 4519 2.87023
36 4520 2.87169
119 4521 2.87744
108 4523 2.8909
58 4524 2.89517
104 4525 2.92088
25 4526 2.92314
122 4527 2.93784
60 4528 2.94021
110 4529 2.94525
70 4530 2.94931
99 4532 2.99092
75 4533 2.99211
28 4534 2.99752
42 4538 3.31659
67 4542 3.60005
113 4545 3.84839
95 4548 4.04915
83 4552 4.3106
66 4554 4.42441
43 4556 4.52105
48 4558 4.61479
53 4559 4.62378
50 4560 4.6664
91 4563 4.82176
102 4564 4.83956
89 4565 4.8631
44 4566 4.87221
78 4568 4.94015
25 4570 4.99705
64 4571 5.01559
82 4572 5.03238
56 4573 5.04598
116 4574 5.04656
123 4575 5.07779
27 4578 5.21092
33 4579 5.21293
26 4580 5.21825
77 4582 5.29231
51 4583 5.29742
101 4584 5.32358
87 4585 5.37467
45 4587 5.3917
74 4588 5.43246
100 4589 5.45183
99 4590 5.45554
38 4592 5.5377
41 4593 5.57042
98 4595 5.60619
80 4597 5.75525
104 4599 5.79144
107 4600 5.79795
86 4601 5.82109
115 4603 5.92202
31 4605 6.00665
55 4606 6.06418
94 4608 6.08541
32 4609 6.12372
39 4611 6.21684
72 4612 6.26084
124 4613 6.26394
113 4614 6.28185
65 4616 6.28345
114 4617 6.35135
49 4618 6.3561
110 4620 6.38767
92 4622 6.4862
90 4623 6.54006
109 4625 6.61366
73 4626 6.62603
46 4627 6.65487
40 4629 6.71129
79 4631 6.7961
95 4632 6.82961
30 4633 6.84217
52 4634 6.85229
68 4636 6.9217
83 4637 6.93637
58 4638 6.95639
96 4640 7.0228
84 4642 7.10874
85 4643 7.11165
93 4645 7.24581
54 4646 7.24634
48 4647 7.26122
37 4648 7.26364
57 4650 7.29609
67 4651 7.33825
88 4652 7.35896
111 4653 7.38234
34 4655 7.43577
69 4656 7.4579
42 4658 7.49111
56 4659 7.52367
121 4661 7.60103
105 4662 7.63355
81 4664 7.68379
59 4665 7.69618
36 4666 7.70188
77 4667 7.73175
64 4668 7.75913
60 4670 7.8092
118 4671 7.81216
28 4672 7.81393
45 4673 7.86978
29 4675 7.90547
119 4676 7.90907
89 4678 8.0408
122 4679 8.05271
108 4680 8.06509
123 4682 8.10234
35 4683 8.13652
91 4685 8.18328
51 4686 8.25262
70 4687 8.26194
102 4689 8.30912
100 4691 8.46493
76 4693 8.52136
26 4694 8.54169
99 4695 8.56698
112 4697 8.58298
113 4700 8.81848
47 4701 8.82223
116 4703 8.92145
41 4705 9.04557
46 4706 9.06813
43 4709 9.19108
25 4710 9.24806
53 4711 9.25056
87 4713 9.33264
55 4714 9.33365
124 4716 9.3922
33 4717 9.42894
62 4719 9.48888
78 4720 9.55774
92 4722 9.59831
66 4723 9.60594
101 4725 9.69446
97 4726 9.72218
93 4727 9.74793
37 4728 9.74859
103 4730 9.81191
40 4731 9.81574
50 4732 9.819
44 4733 9.83658
98 4736 10.0389
48 4737 10.0494
109 4738 10.0709
88 4740 10.1527
65 4741 10.1579
49 4742 10.159
27 4744 10.1887
81 4745 10.1912
111 4746 10.2474
69 4747 10.2818
120 4749 10.288
121 4750 10.2921
107 4752 10.4335
32 4753 10.4445
114 4755 10.5564
57 4757 10.6299
96 4758 10.6622
83 4759 10.6751
84 4761 10.7147
91 4762 10.7417
28 4763 10.7737
108 4765 10.8017
56 4766 10.818
89 4767 10.8299
72 4769 10.8834
31 4770 10.9004
110 4771 10.9331
116 4772 10.9716
74 4774 10.9877
39 4775 11.0045
112 4776 11.0363
113 4777 11.0438
106 4779 11.1163
47 4780 11.177
99 4782 11.2178
95 4783 11.2377
76 4784 11.2382
51 4786 11.3429
115 4788 11.4226
68 4789 11.4566
55 4790 11.4578
73 4793 11.631
67 4794 11.6338
42 4796 11.7396
119 4797 11.7482
122 4798 11.7654
59 4800 11.841
90 4801 11.8597
52 4803 11.8901
38 4805 12.0063
100 4806 12.0122
58 4807 12.0664
97 4808 12.0808
64 4811 12.1972
71 4812 12.2096
79 4813 12.2177
60 4815 12.2973
46 4817 12.4017
29 4819 12.5425
118 4820 12.5426
121 4822 12.6
66 4823 12.6098
123 4824 12.6391
77 4826 12.7332
82 4828 12.7909
80 4829 12.7935
75 4830 12.8413
61 4831 12.8691
35 4832 12.8799
94 4833 12.8816
120 4835 12.9076
98 4836 12.9358
102 4838 13.0034
45 4839 13.0282
25 4842 13.235
84 4843 13.246
113 4844 13.2802
105 4846 13.3671
53 4848 13.3909
99 4849 13.3983
31 4850 13.476
117 4852 13.5112
70 4853 13.5594
111 4854 13.5701
65 4855 13.5782
68 4857 13.6108
92 4858 13.6257
62 4859 13.626
78 4861 13.7177
26 4863 13.8283
93 4864 13.8808
88 4867 13.9872
116 4868 14.0486
91 4870 14.0848
67 4871 14.1426
37 4872 14.1486
89 4874 14.2079
33 4876 14.2897
44 4877 14.2977
124 4878 14.3623
87 4879 14.3818
30 4881 14.398
71 4882 14.4265
108 4884 14.4903
109 4886 14.6617
57 4887 14.6749
32 4889 14.6937
73 4890 14.699
83 4891 14.749
50 4892 14.7798
101 4894 14.7868
90 4895 14.8007
60 4896 14.8015
74 4897 14.8238
95 4898 14.8364
46 4899 14.8422
96 4900 14.8546
47 4902 14.9104
81 4903 14.9394
106 4904 14.9442
56 4905 14.9561
61 4907 14.9865
