101 4420 0 100 4.66804e-08 1.02066 1.02066
95 4424 0 100 7.00206e-08 1.12144 1.12144
42 4425 0 100 1.28371e-07 1.12169 1.12169
80 4442 0 100 2.33402e-08 1.40092 1.40092
107 4437 0 100 0.1 1.3072 1.4072
38 4451 0 100 9.33608e-08 1.57957 1.57957
44 4447 0 100 0.3 1.5074 1.8074
89 4439 0 100 0.5 1.31841 1.81841
56 4459 0 100 0.1 1.88136 1.98136
114 4466 0 100 5.83505e-08 2.01535 2.01535
41 4467 0 100 4.66804e-08 2.02554 2.02554
64 4468 0 100 8.16907e-08 2.02834 2.02834
79 4426 0 100 0.9 1.15197 2.05197
27 4461 0 100 0.2 1.89169 2.09169
50 4463 0 100 0.2 1.92099 2.12099
33 4464 0 100 0.2 1.93657 2.13657
84 4477 0 100 1.28371e-07 2.17146 2.17146
98 4458 0 100 0.4 1.84178 2.24178
86 4445 0 100 0.8 1.48005 2.28005
90 4482 0 100 1.16701e-08 2.28018 2.28018
120 4484 0 100 8.16907e-08 2.29077 2.29077
66 4485 0 100 1.16701e-07 2.29099 2.29099
74 4480 0 100 0.1 2.19562 2.29562
83 4419 0 100 1.3 1.00276 2.30276
97 4444 0 100 0.9 1.41901 2.31901
61 4489 0 100 1.16701e-07 2.35497 2.35497
43 4492 0 100 1.28371e-07 2.39026 2.39026
102 4474 0 100 0.3 2.09115 2.39115
85 4469 0 100 0.4 2.05382 2.45382
109 4494 0 100 7.00206e-08 2.45512 2.45512
67 4428 0 100 1.3 1.19274 2.49274
96 4497 0 100 1.28371e-07 2.56854 2.56854
92 4498 0 100 4.66804e-08 2.57495 2.57495
34 4472 0 100 0.5 2.08071 2.58071
53 4499 0 100 3.50103e-08 2.58153 2.58153
91 4422 0 100 1.6 1.04905 2.64905
51 4436 0 100 1.4 1.29303 2.69303
49 4511 0 100 1.40041e-07 2.71119 2.71119
39 4448 0 100 1.2 1.51454 2.71454
82 4438 0 100 1.4 1.31489 2.71489
26 4462 0 100 0.8 1.91556 2.71556
71 4504 0 100 0.1 2.61737 2.71737
45 4450 0 100 1.2 1.56334 2.76334
121 4513 0 100 1.40041e-07 2.7674 2.7674
65 4491 0 100 0.4 2.38835 2.78835
116 4429 0 100 1.6 1.20949 2.80949
55 4457 0 100 1 1.81024 2.81024
72 4512 0 100 0.1 2.73952 2.83952
78 4518 0 100 1.28371e-07 2.86611 2.86611
103 4478 0 100 0.7 2.17171 2.87171
87 4503 0 100 0.3 2.5973 2.8973
25 4526 0 100 7.00206e-08 2.92314 2.92314
106 4517 0 100 0.1 2.83322 2.93322
36 4520 0 100 0.1 2.87169 2.97169
46 4456 0 100 1.2 1.78499 2.98499
113 4441 0 100 1.6 1.38829 2.98829
99 4532 0 100 9.33608e-08 2.99092 2.99092
105 4443 0 100 1.6 1.41664 3.01664
48 4449 0 100 1.5 1.51782 3.01782
40 4481 0 100 0.9 2.22053 3.12053
73 4516 0 100 0.3 2.83216 3.13216
59 4421 0 100 2.1 1.03448 3.13448
60 4528 0 100 0.2 2.94021 3.14021
57 4502 0 100 0.6 2.59562 3.19562
29 4430 0 100 2 1.22485 3.22485
94 4507 0 100 0.6 2.65052 3.25052
32 4487 0 100 1 2.3182 3.3182
104 4525 0 100 0.4 2.92088 3.32088
122 4527 0 100 0.4 2.93784 3.33784
117 4476 0 100 1.2 2.15482 3.35482
54 4519 0 100 0.5 2.87023 3.37023
52 4493 0 100 1 2.39751 3.39751
31 4486 0 100 1.1 2.31484 3.41484
42 4538 0 100 0.1 3.31659 3.41659
81 4506 0 100 0.8 2.64359 3.44359
119 4521 0 100 0.7 2.87744 3.57744
67 4542 0 100 1.51711e-07 3.60005 3.60005
70 4530 0 100 0.7 2.94931 3.64931
110 4529 0 100 0.8 2.94525 3.74525
76 4495 0 100 1.4 2.45745 3.85745
115 4453 0 100 2.3 1.58742 3.88742
30 4475 0 100 1.8 2.13711 3.93711
124 4432 0 100 2.7 1.24994 3.94994
112 4433 0 100 2.7 1.25911 3.95911
95 4548 0 100 1.16701e-07 4.04915 4.04915
47 4470 0 100 2 2.05541 4.05541
108 4523 0 100 1.2 2.8909 4.0909
88 4501 0 100 1.5 2.59319 4.09319
69 4505 0 100 1.7 2.64152 4.34152
58 4524 0 100 1.5 2.89517 4.39517
83 4552 0 100 0.1 4.3106 4.4106
118 4435 0 100 3.2 1.28321 4.48321
68 4510 0 100 1.8 2.70702 4.50702
93 4488 0 100 2.2 2.34846 4.54846
53 4559 0 100 1.05031e-07 4.62378 4.62378
37 4515 0 100 1.9 2.78322 4.68322
100 4471 0 100 2.7 2.07117 4.77117
91 4563 0 100 1.63381e-07 4.82176 4.82176
102 4564 0 100 5.83505e-08 4.83956 4.83956
44 4566 0 100 7.00206e-08 4.87221 4.87221
66 4554 0 100 0.5 4.42441 4.92441
64 4571 0 100 7.00206e-08 5.01559 5.01559
78 4568 0 100 0.1 4.94015 5.04015
111 4508 0 100 2.4 2.66086 5.06086
50 4560 0 100 0.4 4.6664 5.0664
116 4574 0 100 0.1 5.04656 5.14656
77 4582 0 100 4.66804e-08 5.29231 5.29231
33 4579 0 100 0.1 5.21293 5.31293
100 4589 0 100 2.33402e-08 5.45183 5.45183
43 4556 0 100 1 4.52105 5.52105
99 4590 0 100 0.1 5.45554 5.55554
87 4585 0 100 0.2 5.37467 5.57467
101 4584 0 100 0.3 5.32358 5.62358
41 4593 0 100 0.1 5.57042 5.67042
123 4575 0 100 0.6 5.07779 5.67779
104 4599 0 100 1.05031e-07 5.79144 5.79144
31 4605 0 100 2.33402e-08 6.00665 6.00665
51 4583 0 100 0.8 5.29742 6.09742
32 4609 0 100 9.33608e-08 6.12372 6.12372
55 4606 0 100 0.1 6.06418 6.16418
113 4545 0 100 2.4 3.84839 6.24839
124 4613 0 100 1.51711e-07 6.26394 6.26394
113 4614 0 100 3.50103e-08 6.28185 6.28185
114 4617 0 100 2.33402e-08 6.35135 6.35135
89 4565 0 100 1.5 4.8631 6.3631
27 4578 0 100 1.2 5.21092 6.41092
74 4588 0 100 1 5.43246 6.43246
49 4618 0 100 0.1 6.3561 6.4561
110 4620 0 100 0.1 6.38767 6.48767
48 4558 0 100 1.9 4.61479 6.51479
39 4611 0 100 0.3 6.21684 6.51684
90 4623 0 100 7.00206e-08 6.54006 6.54006
35 4431 0 100 5.3 1.24407 6.54407
65 4616 0 100 0.3 6.28345 6.58345
109 4625 0 100 0.1 6.61366 6.71366
73 4626 0 100 0.1 6.62603 6.72603
46 4627 0 100 0.1 6.65487 6.75487
30 4633 0 100 1.28371e-07 6.84217 6.84217
45 4587 0 100 1.5 5.3917 6.8917
86 4601 0 100 1.1 5.82109 6.92109
115 4603 0 100 1 5.92202 6.92202
38 4592 0 100 1.5 5.5377 7.0377
85 4643 0 100 1.28371e-07 7.11165 7.11165
83 4637 0 100 0.2 6.93637 7.13637
98 4595 0 100 1.6 5.60619 7.20619
48 4647 0 100 2.33402e-08 7.26122 7.26122
37 4648 0 100 1.05031e-07 7.26364 7.26364
57 4650 0 100 8.16907e-08 7.29609 7.29609
68 4636 0 100 0.4 6.9217 7.3217
95 4632 0 100 0.5 6.82961 7.32961
111 4653 0 100 1.05031e-07 7.38234 7.38234
26 4580 0 100 2.2 5.21825 7.41825
34 4655 0 100 1.16701e-07 7.43577 7.43577
58 4638 0 100 0.5 6.95639 7.45639
69 4656 0 100 7.00206e-08 7.4579 7.4579
56 4659 0 100 7.00206e-08 7.52367 7.52367
42 4658 0 100 0.1 7.49111 7.59111
28 4534 0 100 4.6 2.99752 7.59752
121 4661 0 100 1.05031e-07 7.60103 7.60103
67 4651 0 100 0.3 7.33825 7.63825
93 4645 0 100 0.4 7.24581 7.64581
52 4634 0 100 0.8 6.85229 7.65229
88 4652 0 100 0.3 7.35896 7.65896
28 4672 0 100 9.33608e-08 7.81393 7.81393
29 4675 0 100 9.33608e-08 7.90547 7.90547
60 4670 0 100 0.1 7.8092 7.9092
107 4600 0 100 2.2 5.79795 7.99795
89 4678 0 100 8.16907e-08 8.0408 8.0408
122 4679 0 100 1.28371e-07 8.05271 8.05271
81 4664 0 100 0.4 7.68379 8.08379
118 4671 0 100 0.3 7.81216 8.11216
108 4680 0 100 0.1 8.06509 8.16509
59 4665 0 100 0.5 7.69618 8.19618
102 4689 0 100 1.51711e-07 8.30912 8.30912
54 4646 0 100 1.1 7.24634 8.34634
72 4612 0 100 2.1 6.26084 8.36084
45 4673 0 100 0.5 7.86978 8.36978
79 4631 0 100 1.6 6.7961 8.3961
25 4570 0 100 3.4 4.99705 8.39705
100 4691 0 100 1.75052e-07 8.46493 8.46493
112 4697 0 100 3.50103e-08 8.58298 8.58298
82 4572 0 100 3.6 5.03238 8.63238
56 4573 0 100 3.6 5.04598 8.64598
99 4695 0 100 0.2 8.56698 8.76698
119 4676 0 100 0.9 7.90907 8.80907
113 4700 0 100 1.40041e-07 8.81848 8.81848
47 4701 0 100 3.50103e-08 8.82223 8.82223
26 4694 0 100 0.3 8.54169 8.84169
70 4687 0 100 0.6 8.26194 8.86194
51 4686 0 100 0.7 8.25262 8.95262
75 4533 0 100 6 2.99211 8.99211
105 4662 0 100 1.4 7.63355 9.03355
91 4685 0 100 1 8.18328 9.18328
43 4709 0 100 4.66804e-08 9.19108 9.19108
25 4710 0 100 1.16701e-08 9.24806 9.24806
53 4711 0 100 7.00206e-08 9.25056 9.25056
116 4703 0 100 0.4 8.92145 9.32145
55 4714 0 100 1.40041e-07 9.33365 9.33365
124 4716 0 100 4.66804e-08 9.3922 9.3922
123 4682 0 100 1.3 8.10234 9.40234
33 4717 0 100 2.33402e-08 9.42894 9.42894
92 4622 0 100 3 6.4862 9.4862
35 4683 0 100 1.4 8.13652 9.53652
92 4722 0 100 7.00206e-08 9.59831 9.59831
66 4723 0 100 8.16907e-08 9.60594 9.60594
46 4706 0 100 0.6 9.06813 9.66813
40 4629 0 100 3 6.71129 9.71129
97 4726 0 100 1.51711e-07 9.72218 9.72218
96 4640 0 100 2.7 7.0228 9.7228
87 4713 0 100 0.4 9.33264 9.73264
93 4727 0 100 1.16701e-08 9.74793 9.74793
101 4725 0 100 0.1 9.69446 9.79446
44 4733 0 100 4.66804e-08 9.83658 9.83658
37 4728 0 100 0.1 9.74859 9.84859
76 4693 0 100 1.4 8.52136 9.92136
94 4608 0 100 3.9 6.08541 9.98541
62 4719 0 100 0.5 9.48888 9.98888
77 4667 0 100 2.3 7.73175 10.0318
98 4736 0 100 0.1 10.0389 10.1389
120 4749 0 100 8.16907e-08 10.288 10.288
81 4745 0 100 0.1 10.1912 10.2912
121 4750 0 100 5.83505e-08 10.2921 10.2921
109 4738 0 100 0.4 10.0709 10.4709
107 4752 0 100 0.1 10.4335 10.5335
32 4753 0 100 0.1 10.4445 10.5445
80 4597 0 100 4.8 5.75525 10.5553
114 4755 0 100 8.16907e-08 10.5564 10.5564
96 4758 0 100 5.83505e-08 10.6622 10.6622
84 4761 0 100 8.16907e-08 10.7147 10.7147
57 4757 0 100 0.1 10.6299 10.7299
91 4762 0 100 1.28371e-07 10.7417 10.7417
89 4767 0 100 1.05031e-07 10.8299 10.8299
56 4766 0 100 0.1 10.818 10.918
48 4737 0 100 1 10.0494 11.0494
108 4765 0 100 0.3 10.8017 11.1017
41 4705 0 100 2.1 9.04557 11.1456
31 4770 0 100 0.3 10.9004 11.2004
36 4666 0 100 3.5 7.70188 11.2019
99 4782 0 100 9.33608e-08 11.2178 11.2178
95 4783 0 100 9.33608e-08 11.2377 11.2377
49 4742 0 100 1.1 10.159 11.259
40 4731 0 100 1.5 9.81574 11.3157
113 4777 0 100 0.3 11.0438 11.3438
78 4720 0 100 1.8 9.55774 11.3577
28 4763 0 100 0.6 10.7737 11.3737
115 4788 0 100 1.05031e-07 11.4226 11.4226
68 4789 0 100 1.28371e-07 11.4566 11.4566
55 4790 0 100 5.83505e-08 11.4578 11.4578
76 4784 0 100 0.3 11.2382 11.5382
111 4746 0 100 1.3 10.2474 11.5474
83 4759 0 100 0.9 10.6751 11.5751
64 4668 0 100 3.9 7.75913 11.6591
73 4793 0 100 0.1 11.631 11.731
122 4798 0 100 4.66804e-08 11.7654 11.7654
84 4642 0 100 4.7 7.10874 11.8087
67 4794 0 100 0.2 11.6338 11.8338
52 4803 0 100 0.1 11.8901 11.9901
100 4806 0 100 7.00206e-08 12.0122 12.0122
58 4807 0 100 2.33402e-08 12.0664 12.0664
38 4805 0 100 0.1 12.0063 12.1063
103 4730 0 100 2.3 9.81191 12.1119
106 4779 0 100 1 11.1163 12.1163
69 4747 0 100 1.9 10.2818 12.1818
64 4811 0 100 5.83505e-08 12.1972 12.1972
71 4812 0 100 2.33402e-08 12.2096 12.2096
50 4732 0 100 2.4 9.819 12.219
42 4796 0 100 0.5 11.7396 12.2396
60 4815 0 100 4.66804e-08 12.2973 12.2973
65 4741 0 100 2.2 10.1579 12.3579
97 4808 0 100 0.3 12.0808 12.3808
46 4817 0 100 1.28371e-07 12.4017 12.4017
90 4801 0 100 0.6 11.8597 12.4597
118 4820 0 100 5.83505e-08 12.5426 12.5426
72 4769 0 100 1.7 10.8834 12.5834
121 4822 0 100 9.33608e-08 12.6 12.6
79 4813 0 100 0.4 12.2177 12.6177
112 4776 0 100 1.6 11.0363 12.6363
74 4774 0 100 1.8 10.9877 12.7877
27 4744 0 100 2.6 10.1887 12.7887
66 4823 0 100 0.2 12.6098 12.8098
61 4831 0 100 1.16701e-07 12.8691 12.8691
80 4829 0 100 0.1 12.7935 12.8935
120 4835 0 100 8.16907e-08 12.9076 12.9076
75 4830 0 100 0.1 12.8413 12.9413
77 4826 0 100 0.3 12.7332 13.0332
47 4780 0 100 1.9 11.177 13.077
39 4775 0 100 2.1 11.0045 13.1045
94 4833 0 100 0.3 12.8816 13.1816
102 4838 0 100 0.2 13.0034 13.2034
25 4842 0 100 8.16907e-08 13.235 13.235
59 4800 0 100 1.4 11.841 13.241
45 4839 0 100 0.3 13.0282 13.3282
105 4846 0 100 1.51711e-07 13.3671 13.3671
53 4848 0 100 1.16701e-08 13.3909 13.3909
31 4850 0 100 1.51711e-07 13.476 13.476
117 4852 0 100 2.33402e-08 13.5112 13.5112
29 4819 0 100 1 12.5425 13.5425
70 4853 0 100 2.33402e-08 13.5594 13.5594
111 4854 0 100 1.63381e-07 13.5701 13.5701
65 4855 0 100 1.05031e-07 13.5782 13.5782
99 4849 0 100 0.2 13.3983 13.5983
92 4858 0 100 2.33402e-08 13.6257 13.6257
98 4836 0 100 0.8 12.9358 13.7358
26 4863 0 100 1.16701e-07 13.8283 13.8283
82 4828 0 100 1.2 12.7909 13.9909
110 4771 0 100 3.2 10.9331 14.1331
116 4868 0 100 0.1 14.0486 14.1486
89 4874 0 100 5.83505e-08 14.2079 14.2079
51 4786 0 100 2.9 11.3429 14.2429
84 4843 0 100 1 13.246 14.246
119 4797 0 100 2.5 11.7482 14.2482
33 4876 0 100 3.50103e-08 14.2897 14.2897
87 4879 0 100 1.51711e-07 14.3818 14.3818
32 4889 0 100 3.50103e-08 14.6937 14.6937
44 4877 0 100 0.4 14.2977 14.6977
83 4891 0 100 1.16701e-07 14.749 14.749
50 4892 0 100 3.50103e-08 14.7798 14.7798
74 4897 0 100 5.83505e-08 14.8238 14.8238
124 4878 0 100 0.5 14.3623 14.8623
88 4867 0 100 0.9 13.9872 14.8872
68 4857 0 100 1.3 13.6108 14.9108
106 4904 0 100 1.40041e-07 14.9442 14.9442
61 4907 0 100 3.50103e-08 14.9865 14.9865
