60 16
13 16
12 16
14 16
11 16
15 16
10 16
16 16
34 16
9 16
17 16
8 16
18 16
7 16
39 16
19 16
6 16
20 16
37 16
47 16
55 16
56 16
5 16
21 16
29 16
4 16
22 16
49 16
3 16
23 16
2 16
24 16
1 16
45 16
56 17
37 17
22 17
21 17
23 17
20 17
24 17
19 17
18 17
17 17
16 17
15 17
14 17
13 17
12 17
11 17
10 17
9 17
8 17
7 17
6 17
5 17
4 17
3 17
2 17
1 17
37 19
63 16
63 20
2 20
1 20
3 20
4 20
5 20
6 20
7 20
8 20
9 20
10 20
11 20
12 20
13 20
14 20
15 20
16 20
17 20
18 20
19 20
20 20
21 20
22 20
23 20
24 20
56 19
4 19
3 19
5 19
2 19
6 19
1 19
7 19
8 19
9 19
10 19
11 19
12 19
13 19
14 19
15 19
16 19
17 19
18 19
19 19
20 19
21 19
22 19
23 19
24 19
42 16
37 20
59 18
12 18
11 18
13 18
10 18
14 18
9 18
15 18
8 18
16 18
7 18
17 18
6 18
18 18
5 18
19 18
4 18
20 18
3 18
21 18
2 18
22 18
1 18
23 18
24 18
26 16
61 16
52 16
61 22
17 22
16 22
18 22
15 22
19 22
14 22
20 22
13 22
21 22
12 22
22 22
11 22
23 22
10 22
24 22
9 22
8 22
7 22
6 22
5 22
4 22
3 22
2 22
1 22
35 16
53 16
59 21
14 21
13 21
15 21
12 21
16 21
11 21
17 21
10 21
18 21
9 21
19 21
8 21
20 21
7 21
21 21
6 21
22 21
5 21
23 21
4 21
24 21
3 21
53 21
2 21
1 21
54 16
30 16
40 16
43 16
56 20
37 18
63 19
53 23
17 23
16 23
18 23
15 23
19 23
14 23
20 23
13 23
21 23
12 23
22 23
11 23
23 23
10 23
24 23
9 23
63 23
8 23
7 23
6 23
5 23
4 23
3 23
2 23
1 23
50 16
42 18
38 16
60 17
46 16
57 16
35 21
