42 77
50 77
13 77
12 77
14 77
29 77
43 77
73 77
87 77
93 77
11 77
15 77
88 77
10 77
16 77
33 77
94 77
9 77
54 77
109 77
17 77
39 77
68 77
96 77
8 77
18 77
7 77
26 77
19 77
72 77
6 77
38 77
44 77
45 77
61 77
65 77
20 77
34 77
46 77
5 77
21 77
4 77
22 77
58 77
66 77
77 77
79 77
3 77
23 77
71 77
104 77
113 77
116 77
2 77
24 77
36 77
106 77
1 77
27 77
40 77
67 77
70 77
74 77
80 77
91 77
111 77
81 77
81 78
32 77
57 77
100 77
35 77
51 77
100 80
2 80
1 80
3 80
51 80
4 80
5 80
6 80
7 80
8 80
9 80
10 80
11 80
12 80
13 80
14 80
15 80
16 80
17 80
42 80
18 80
19 80
20 80
21 80
22 80
23 80
24 80
124 77
49 77
83 77
83 81
1 81
2 81
3 81
4 81
5 81
6 81
7 81
8 81
9 81
10 81
11 81
12 81
13 81
14 81
15 81
16 81
17 81
18 81
19 81
20 81
21 81
22 81
23 81
24 81
112 77
88 80
79 79
9 79
8 79
10 79
7 79
11 79
6 79
12 79
5 79
13 79
4 79
14 79
3 79
15 79
2 79
16 79
1 79
17 79
18 79
19 79
20 79
21 79
22 79
23 79
24 79
92 77
28 77
74 78
14 78
13 78
15 78
12 78
16 78
11 78
17 78
10 78
18 78
9 78
19 78
8 78
20 78
7 78
21 78
6 78
22 78
5 78
23 78
4 78
24 78
3 78
2 78
1 78
28 78
81 80
30 77
118 77
121 77
31 77
25 77
64 77
56 77
32 80
56 80
106 80
81 82
1 82
2 82
3 82
4 82
5 82
6 82
7 82
8 82
9 82
10 82
11 82
12 82
13 82
14 82
15 82
16 82
17 82
18 82
19 82
20 82
21 82
22 82
23 82
24 82
106 82
28 83
12 83
11 83
13 83
10 83
14 83
9 83
15 83
8 83
16 83
7 83
17 83
6 83
18 83
5 83
19 83
4 83
20 83
3 83
21 83
2 83
22 83
1 83
23 83
24 83
106 83
100 81
105 77
51 81
105 81
124 81
84 77
98 77
63 77
69 77
42 81
50 80
92 78
50 78
114 77
123 77
106 85
14 85
13 85
15 85
12 85
16 85
11 85
17 85
10 85
18 85
9 85
19 85
8 85
20 85
7 85
21 85
6 85
63 85
22 85
5 85
23 85
4 85
24 85
3 85
2 85
50 85
1 85
75 77
121 82
31 82
103 77
108 77
62 77
110 77
81 83
100 84
24 84
23 84
22 84
21 84
20 84
19 84
18 84
17 84
16 84
15 84
14 84
13 84
12 84
11 84
10 84
9 84
8 84
7 84
6 84
5 84
4 84
3 84
2 84
1 84
120 77
51 85
60 77
89 77
69 85
112 80
120 86
10 86
9 86
11 86
8 86
12 86
7 86
13 86
6 86
14 86
5 86
15 86
4 86
16 86
3 86
17 86
2 86
18 86
1 86
19 86
20 86
21 86
22 86
23 86
24 86
52 77
92 85
42 78
117 77
