77 70
108 70
31 70
8 70
7 70
9 70
32 70
64 70
6 70
75 70
112 70
10 70
26 70
5 70
11 70
90 70
100 70
4 70
12 70
56 70
3 70
37 70
13 70
83 70
2 70
44 70
61 70
84 70
103 70
14 70
34 70
45 70
54 70
59 70
66 70
1 70
63 70
15 70
70 70
79 70
16 70
17 70
18 70
48 70
51 70
19 70
42 70
85 70
20 70
27 70
21 70
65 70
22 70
58 70
23 70
33 70
49 70
24 70
29 70
36 70
97 70
30 70
69 70
72 70
108 71
31 71
9 71
8 71
10 71
7 71
11 71
6 71
12 71
5 71
13 71
4 71
14 71
3 71
15 71
2 71
16 71
1 71
17 71
30 71
18 71
19 71
20 71
21 71
22 71
23 71
24 71
98 70
98 72
3 72
2 72
4 72
1 72
5 72
6 72
7 72
8 72
9 72
10 72
11 72
12 72
13 72
14 72
15 72
16 72
17 72
18 72
19 72
20 72
21 72
22 72
23 72
24 72
93 70
111 70
67 70
111 73
1 73
2 73
67 73
3 73
4 73
5 73
6 73
7 73
8 73
9 73
10 73
11 73
12 73
13 73
14 73
15 73
16 73
17 73
18 73
19 73
20 73
21 73
22 73
23 73
24 73
92 70
76 70
55 70
104 70
107 70
83 71
39 70
108 72
28 70
102 70
92 74
11 74
10 74
12 74
9 74
13 74
8 74
14 74
7 74
15 74
6 74
16 74
5 74
17 74
4 74
18 74
3 74
19 74
2 74
20 74
1 74
28 74
21 74
22 74
23 74
24 74
81 70
38 70
57 71
95 70
72 71
98 73
47 70
53 70
41 70
67 74
76 74
83 74
60 70
72 75
13 75
12 75
14 75
11 75
15 75
10 75
16 75
9 75
17 75
8 75
18 75
7 75
19 75
6 75
20 75
5 75
21 75
4 75
22 75
3 75
23 75
2 75
24 75
1 75
25 70
35 70
100 71
87 70
94 70
99 70
110 70
81 75
95 75
62 70
40 70
25 76
14 76
13 76
15 76
12 76
16 76
11 76
17 76
10 76
18 76
9 76
19 76
8 76
20 76
7 76
21 76
6 76
22 76
5 76
23 76
4 76
24 76
3 76
2 76
1 76
52 70
93 73
53 75
111 74
60 75
35 71
39 74
