38 49
36 49
92 51
25 54
43 50
92 50
12 50
11 50
13 50
64 50
10 50
14 50
9 50
15 50
88 50
8 50
36 50
16 50
52 50
7 50
17 50
6 50
18 50
5 50
19 50
42 50
48 50
54 50
67 50
4 50
34 50
20 50
31 50
49 50
61 50
3 50
21 50
53 50
2 50
28 50
40 50
44 50
55 50
60 50
22 50
1 50
47 50
23 50
24 50
74 50
29 51
43 51
12 51
11 51
13 51
10 51
14 51
9 51
15 51
8 51
16 51
7 51
17 51
6 51
18 51
5 51
19 51
4 51
20 51
3 51
21 51
2 51
22 51
1 51
23 51
24 51
25 50
77 50
26 50
57 52
2 52
1 52
3 52
4 52
5 52
6 52
7 52
8 52
9 52
10 52
11 52
12 52
13 52
14 52
15 52
16 52
17 52
18 52
19 52
20 52
21 52
22 52
23 52
24 52
58 50
58 55
1 55
2 55
3 55
4 55
5 55
6 55
7 55
8 55
9 55
10 55
11 55
12 55
13 55
14 55
15 55
16 55
17 55
18 55
19 55
20 55
21 55
22 55
23 55
24 55
79 50
81 49
13 49
12 49
14 49
11 49
15 49
10 49
16 49
9 49
17 49
8 49
18 49
7 49
19 49
6 49
20 49
5 49
21 49
4 49
22 49
3 49
23 49
2 49
24 49
1 49
38 50
51 50
37 53
20 53
19 53
21 53
18 53
22 53
17 53
23 53
16 53
24 53
15 53
14 53
13 53
12 53
11 53
10 53
9 53
8 53
7 53
6 53
5 53
4 53
3 53
2 53
1 53
82 50
91 54
9 54
8 54
10 54
7 54
11 54
6 54
12 54
5 54
13 54
4 54
14 54
3 54
15 54
2 54
16 54
1 54
17 54
18 54
19 54
20 54
21 54
22 54
23 54
24 54
37 54
57 55
75 50
68 50
77 52
84 50
85 50
73 50
82 56
14 56
13 56
15 56
12 56
16 56
11 56
17 56
10 56
18 56
9 56
19 56
8 56
20 56
7 56
21 56
6 56
22 56
5 56
23 56
4 56
24 56
3 56
2 56
1 56
57 57
19 57
18 57
20 57
17 57
21 57
16 57
22 57
15 57
23 57
14 57
24 57
13 57
12 57
11 57
10 57
9 57
8 57
7 57
6 57
5 57
4 57
3 57
2 57
1 57
32 50
26 52
79 49
62 50
61 51
57 58
5 58
4 58
6 58
3 58
7 58
2 58
8 58
1 58
9 58
61 58
10 58
11 58
12 58
13 58
14 58
15 58
16 58
17 58
18 58
19 58
20 58
21 58
22 58
23 58
24 58
56 50
27 50
65 50
78 50
68 56
87 50
81 50
61 59
13 59
12 59
14 59
11 59
15 59
10 59
16 59
9 59
17 59
8 59
18 59
7 59
19 59
6 59
20 59
5 59
21 59
4 59
22 59
3 59
23 59
2 59
24 59
1 59
71 50
47 51
94 50
72 50
58 49
74 51
82 57
33 50
62 58
33 58
56 59
27 59
75 56
94 51
85 56
80 50
68 59
47 60
16 60
15 60
17 60
14 60
18 60
13 60
19 60
12 60
20 60
11 60
21 60
10 60
22 60
9 60
23 60
8 60
24 60
7 60
6 60
5 60
4 60
3 60
2 60
1 60
