26 50 0.048 49.952
48 50 0.048 49.952
48 49.952 0.0048 49.9472
48 49.9472 0.16 49.7872
48 49.7872 0.0016 49.7856
29 50 0.016 49.984
29 49.984 0.016 49.968
29 49.968 0.048 49.92
39 50 0.016 49.984
39 49.984 0.016 49.968
39 49.968 0.048 49.92
36 50 0.016 49.984
36 49.984 0.016 49.968
36 49.968 0.048 49.92
43 50 0.016 49.984
43 49.984 0.016 49.968
43 49.968 0.048 49.92
53 50 0.016 49.984
53 49.984 0.016 49.968
53 49.968 0.048 49.92
54 50 0.0048 49.9952
54 49.9952 0.048 49.9472
53 49.92 0.0048 49.9152
53 49.9152 0.16 49.7552
54 49.9472 0.016 49.9312
54 49.9312 0.016 49.9152
54 49.9152 0.048 49.8672
53 49.7552 0.0048 49.7504
26 50 0.016 49.984
31 50 0.016 49.984
31 49.984 0.016 49.968
31 49.968 0.048 49.92
41 50 0.016 49.984
41 49.984 0.016 49.968
41 49.968 0.048 49.92
47 50 0.016 49.984
47 49.984 0.016 49.968
47 49.968 0.048 49.92
35 50 0.016 49.984
35 49.984 0.016 49.968
35 49.968 0.048 49.92
26 49.984 0.016 49.968
33 50 0.016 49.984
33 49.984 0.016 49.968
33 49.968 0.048 49.92
32 50 0.016 49.984
32 49.984 0.016 49.968
32 49.968 0.048 49.92
42 50 0.016 49.984
42 49.984 0.016 49.968
42 49.968 0.048 49.92
28 50 0.016 49.984
28 49.984 0.016 49.968
28 49.968 0.048 49.92
40 50 0.016 49.984
40 49.984 0.016 49.968
40 49.968 0.048 49.92
49 50 0.016 49.984
49 49.984 0.016 49.968
49 49.968 0.048 49.92
25 50 0.016 49.984
25 49.984 0.016 49.968
25 49.968 0.048 49.92
34 50 0.016 49.984
34 49.984 0.016 49.968
34 49.968 0.048 49.92
44 50 0.016 49.984
44 49.984 0.016 49.968
44 49.968 0.048 49.92
38 50 0.016 49.984
38 49.984 0.016 49.968
38 49.968 0.048 49.92
51 50 0.0048 49.9952
51 49.9952 0.048 49.9472
38 49.92 0.0048 49.9152
38 49.9152 0.16 49.7552
51 49.9472 0.016 49.9312
51 49.9312 0.016 49.9152
51 49.9152 0.048 49.8672
38 49.7552 0.0048 49.7504
45 50 0.016 49.984
45 49.984 0.016 49.968
45 49.968 0.048 49.92
30 50 0.016 49.984
30 49.984 0.016 49.968
30 49.968 0.048 49.92
52 50 0.016 49.984
52 49.984 0.016 49.968
52 49.968 0.048 49.92
50 50 0.016 49.984
50 49.984 0.016 49.968
50 49.968 0.048 49.92
27 50 0.016 49.984
27 49.984 0.016 49.968
27 49.968 0.048 49.92
37 50 0.016 49.984
37 49.984 0.016 49.968
37 49.968 0.048 49.92
46 50 0.016 49.984
46 49.984 0.016 49.968
46 49.968 0.048 49.92
26 49.968 0.048 49.92
29 50 0.048 49.952
39 50 0.048 49.952
48 49.8864 0.0048 49.8816
36 50 0.048 49.952
43 50 0.048 49.952
54 50 0.048 49.952
53 50 0.0048 49.9952
31 50 0.048 49.952
47 50 0.0048 49.9952
41 50 0.048 49.952
47 49.9952 0.048 49.9472
31 49.952 0.0048 49.9472
35 50 0.048 49.952
33 50 0.048 49.952
32 50 0.048 49.952
42 50 0.048 49.952
28 50 0.048 49.952
40 50 0.048 49.952
49 50 0.048 49.952
25 50 0.048 49.952
34 50 0.048 49.952
44 50 0.048 49.952
51 50 0.048 49.952
45 50 0.048 49.952
30 50 0.048 49.952
52 50 0.048 49.952
50 50 0.048 49.952
27 50 0.048 49.952
37 50 0.0048 49.9952
46 50 0.0048 49.9952
37 49.9952 0.048 49.9472
27 49.952 0.0048 49.9472
46 49.9952 0.0048 49.9904
46 49.9904 0.048 49.9424
27 49.9472 0.0048 49.9424
37 49.9472 0.0048 49.9424
26 50 0.048 49.952
29 50 0.048 49.952
43 50 0.0048 49.9952
39 50 0.048 49.952
36 50 0.048 49.952
43 49.9952 0.048 49.9472
29 49.952 0.0048 49.9472
54 50 0.048 49.952
53 50 0.0048 49.9952
31 50 0.048 49.952
47 50 0.0048 49.9952
41 50 0.048 49.952
47 49.9952 0.048 49.9472
31 49.952 0.0048 49.9472
35 50 0.048 49.952
33 50 0.048 49.952
32 50 0.048 49.952
42 50 0.048 49.952
28 50 0.048 49.952
40 50 0.048 49.952
49 50 0.048 49.952
25 50 0.048 49.952
34 50 0.048 49.952
44 50 0.048 49.952
51 50 0.048 49.952
45 50 0.048 49.952
30 50 0.048 49.952
52 50 0.048 49.952
50 50 0.048 49.952
27 50 0.048 49.952
37 50 0.0048 49.9952
37 49.9952 0.048 49.9472
27 49.952 0.0048 49.9472
46 50 0.048 49.952
26 50 0.048 49.952
29 50 0.048 49.952
43 50 0.0048 49.9952
39 50 0.048 49.952
36 50 0.048 49.952
43 49.9952 0.048 49.9472
29 49.952 0.0048 49.9472
54 50 0.048 49.952
53 50 0.0048 49.9952
31 50 0.048 49.952
47 50 0.0048 49.9952
41 50 0.048 49.952
47 49.9952 0.048 49.9472
31 49.952 0.0048 49.9472
35 50 0.048 49.952
33 50 0.048 49.952
32 50 0.048 49.952
42 50 0.048 49.952
28 50 0.048 49.952
40 50 0.048 49.952
49 50 0.048 49.952
25 50 0.048 49.952
34 50 0.048 49.952
44 50 0.048 49.952
51 50 0.048 49.952
45 50 0.048 49.952
30 50 0.048 49.952
52 50 0.0048 49.9952
52 49.9952 0.048 49.9472
30 49.952 0.0048 49.9472
50 50 0.048 49.952
27 50 0.048 49.952
37 50 0.048 49.952
46 50 0.048 49.952
26 50 0.048 49.952
29 50 0.048 49.952
43 50 0.0048 49.9952
39 50 0.048 49.952
48 50 0.0048 49.9952
36 50 0.048 49.952
43 49.9952 0.048 49.9472
29 49.952 0.0048 49.9472
54 50 0.048 49.952
53 50 0.0048 49.9952
31 50 0.048 49.952
47 50 0.0048 49.9952
41 50 0.048 49.952
47 49.9952 0.048 49.9472
31 49.952 0.0048 49.9472
35 50 0.048 49.952
33 50 0.048 49.952
32 50 0.048 49.952
42 50 0.048 49.952
28 50 0.048 49.952
40 50 0.048 49.952
49 50 0.048 49.952
25 50 0.048 49.952
34 50 0.048 49.952
44 50 0.048 49.952
51 50 0.048 49.952
45 50 0.048 49.952
30 50 0.048 49.952
52 50 0.048 49.952
50 50 0.048 49.952
27 50 0.048 49.952
37 50 0.048 49.952
46 50 0.048 49.952
26 50 0.048 49.952
29 50 0.048 49.952
39 50 0.048 49.952
36 50 0.048 49.952
43 50 0.048 49.952
54 50 0.048 49.952
31 50 0.048 49.952
47 50 0.0048 49.9952
41 50 0.048 49.952
47 49.9952 0.048 49.9472
31 49.952 0.0048 49.9472
35 50 0.048 49.952
33 50 0.048 49.952
32 50 0.048 49.952
42 50 0.048 49.952
28 50 0.048 49.952
40 50 0.048 49.952
49 50 0.048 49.952
25 50 0.048 49.952
34 50 0.048 49.952
44 50 0.048 49.952
51 50 0.048 49.952
45 50 0.048 49.952
30 50 0.048 49.952
52 50 0.048 49.952
50 50 0.048 49.952
27 50 0.048 49.952
37 50 0.0048 49.9952
37 49.9952 0.048 49.9472
27 49.952 0.0048 49.9472
46 50 0.0048 49.9952
46 49.9952 0.048 49.9472
37 49.9472 0.0048 49.9424
26 50 0.048 49.952
29 50 0.048 49.952
39 50 0.048 49.952
36 50 0.048 49.952
43 50 0.048 49.952
54 50 0.048 49.952
53 50 0.0048 49.9952
31 50 0.048 49.952
47 50 0.0048 49.9952
41 50 0.048 49.952
47 49.9952 0.048 49.9472
31 49.952 0.0048 49.9472
35 50 0.048 49.952
33 50 0.048 49.952
32 50 0.048 49.952
42 50 0.048 49.952
28 50 0.048 49.952
40 50 0.048 49.952
49 50 0.048 49.952
25 50 0.048 49.952
34 50 0.048 49.952
44 50 0.048 49.952
51 50 0.048 49.952
45 50 0.048 49.952
30 50 0.048 49.952
52 50 0.048 49.952
50 50 0.048 49.952
27 50 0.048 49.952
37 50 0.048 49.952
46 50 0.0048 49.9952
46 49.9952 0.048 49.9472
37 49.952 0.0048 49.9472
26 50 0.048 49.952
29 50 0.048 49.952
39 50 0.048 49.952
36 50 0.048 49.952
43 50 0.048 49.952
54 50 0.048 49.952
31 50 0.048 49.952
47 50 0.0048 49.9952
41 50 0.048 49.952
47 49.9952 0.048 49.9472
31 49.952 0.0048 49.9472
35 50 0.048 49.952
33 50 0.048 49.952
32 50 0.048 49.952
42 50 0.048 49.952
28 50 0.048 49.952
40 50 0.048 49.952
49 50 0.048 49.952
25 50 0.048 49.952
34 50 0.048 49.952
44 50 0.048 49.952
51 50 0.048 49.952
45 50 0.048 49.952
30 50 0.048 49.952
52 50 0.0048 49.9952
52 49.9952 0.048 49.9472
30 49.952 0.0048 49.9472
50 50 0.048 49.952
27 50 0.048 49.952
37 50 0.048 49.952
46 50 0.0048 49.9952
46 49.9952 0.048 49.9472
37 49.952 0.0048 49.9472
26 50 0.048 49.952
26 49.952 0.0048 49.9472
26 49.9472 0.16 49.7872
26 49.7872 0.0016 49.7856
31 49.9472 0.016 49.9312
41 49.952 0.016 49.936
47 49.9472 0.016 49.9312
31 49.9312 0.016 49.9152
33 49.952 0.016 49.936
47 49.9312 0.016 49.9152
29 50 0.016 49.984
36 49.952 0.016 49.936
41 49.936 0.016 49.92
43 49.952 0.016 49.936
29 49.984 0.016 49.968
36 49.936 0.016 49.92
39 50 0.016 49.984
43 49.936 0.016 49.92
48 50 0.016 49.984
48 49.984 0.016 49.968
48 49.968 0.048 49.92
42 49.952 0.016 49.936
49 50 0.016 49.984
39 49.984 0.016 49.968
28 50 0.016 49.984
40 49.952 0.016 49.936
42 49.936 0.016 49.92
49 49.984 0.016 49.968
53 50 0.016 49.984
54 49.952 0.016 49.936
25 49.952 0.016 49.936
28 49.984 0.016 49.968
34 49.952 0.016 49.936
40 49.936 0.016 49.92
32 49.952 0.016 49.936
35 50 0.016 49.984
53 49.984 0.016 49.968
25 49.936 0.016 49.92
34 49.936 0.016 49.92
44 49.952 0.016 49.936
32 49.936 0.016 49.92
30 49.9472 0.016 49.9312
45 49.952 0.016 49.936
52 50 0.016 49.984
30 49.9312 0.016 49.9152
45 49.936 0.016 49.92
52 49.984 0.016 49.968
27 49.952 0.016 49.936
37 49.9472 0.016 49.9312
46 49.9472 0.016 49.9312
50 49.952 0.016 49.936
27 49.936 0.016 49.92
37 49.9312 0.016 49.9152
38 50 0.016 49.984
46 49.9312 0.016 49.9152
50 49.936 0.016 49.92
38 49.984 0.016 49.968
51 49.952 0.016 49.936
51 49.936 0.016 49.92
29 49.968 0.048 49.92
39 49.968 0.048 49.92
36 50 0.048 49.952
43 50 0.048 49.952
54 50 0.048 49.952
31 50 0.048 49.952
47 50 0.0048 49.9952
41 50 0.048 49.952
47 49.9952 0.048 49.9472
31 49.952 0.0048 49.9472
35 49.984 0.048 49.936
33 50 0.048 49.952
32 50 0.048 49.952
42 50 0.048 49.952
28 49.968 0.048 49.92
40 50 0.048 49.952
49 49.968 0.048 49.92
25 50 0.048 49.952
34 50 0.048 49.952
44 50 0.048 49.952
51 50 0.048 49.952
45 50 0.048 49.952
30 50 0.048 49.952
52 49.968 0.0048 49.9632
52 49.9632 0.048 49.9152
30 49.952 0.0048 49.9472
50 50 0.048 49.952
27 50 0.048 49.952
37 50 0.048 49.952
46 50 0.0048 49.9952
46 49.9952 0.048 49.9472
37 49.952 0.0048 49.9472
48 50 0.048 49.952
29 50 0.048 49.952
39 50 0.048 49.952
36 50 0.048 49.952
43 50 0.048 49.952
54 50 0.048 49.952
53 50 0.0048 49.9952
31 50 0.048 49.952
41 50 0.048 49.952
47 50 0.048 49.952
35 50 0.048 49.952
33 50 0.048 49.952
32 50 0.048 49.952
42 50 0.048 49.952
28 50 0.048 49.952
40 50 0.048 49.952
49 50 0.048 49.952
25 50 0.048 49.952
34 50 0.048 49.952
44 50 0.048 49.952
51 50 0.048 49.952
38 50 0.0048 49.9952
45 50 0.048 49.952
30 50 0.048 49.952
52 50 0.0048 49.9952
52 49.9952 0.048 49.9472
30 49.952 0.0048 49.9472
50 50 0.048 49.952
27 50 0.048 49.952
37 50 0.048 49.952
46 50 0.0048 49.9952
46 49.9952 0.048 49.9472
37 49.952 0.0048 49.9472
48 50 0.048 49.952
29 50 0.048 49.952
39 50 0.048 49.952
36 50 0.048 49.952
43 50 0.048 49.952
54 50 0.048 49.952
31 50 0.048 49.952
47 50 0.0048 49.9952
41 50 0.048 49.952
47 49.9952 0.048 49.9472
31 49.952 0.0048 49.9472
35 50 0.048 49.952
33 50 0.048 49.952
32 50 0.048 49.952
42 50 0.048 49.952
28 50 0.048 49.952
40 50 0.048 49.952
49 50 0.048 49.952
25 50 0.048 49.952
34 50 0.048 49.952
44 50 0.048 49.952
51 50 0.048 49.952
45 50 0.048 49.952
30 50 0.048 49.952
52 50 0.048 49.952
50 50 0.048 49.952
27 50 0.048 49.952
37 50 0.048 49.952
46 50 0.048 49.952
48 50 0.048 49.952
29 50 0.048 49.952
43 50 0.0048 49.9952
39 50 0.048 49.952
36 50 0.048 49.952
43 49.9952 0.048 49.9472
29 49.952 0.0048 49.9472
54 50 0.048 49.952
31 50 0.048 49.952
47 50 0.0048 49.9952
41 50 0.048 49.952
47 49.9952 0.048 49.9472
31 49.952 0.0048 49.9472
35 50 0.048 49.952
33 50 0.048 49.952
32 50 0.048 49.952
42 50 0.048 49.952
28 50 0.048 49.952
40 50 0.048 49.952
49 50 0.048 49.952
25 50 0.048 49.952
34 50 0.048 49.952
44 50 0.048 49.952
51 50 0.048 49.952
45 50 0.048 49.952
30 50 0.048 49.952
52 50 0.048 49.952
50 50 0.048 49.952
27 50 0.048 49.952
37 50 0.048 49.952
46 50 0.048 49.952
48 50 0.048 49.952
39 50 0.0048 49.9952
29 50 0.048 49.952
43 50 0.0048 49.9952
39 49.9952 0.048 49.9472
36 50 0.048 49.952
43 49.9952 0.048 49.9472
29 49.952 0.0048 49.9472
54 50 0.048 49.952
53 50 0.0048 49.9952
31 50 0.048 49.952
47 50 0.0048 49.9952
41 50 0.048 49.952
47 49.9952 0.048 49.9472
31 49.952 0.0048 49.9472
35 50 0.048 49.952
33 50 0.048 49.952
32 50 0.048 49.952
42 50 0.048 49.952
28 50 0.048 49.952
40 50 0.048 49.952
49 50 0.048 49.952
25 50 0.048 49.952
34 50 0.048 49.952
44 50 0.048 49.952
51 50 0.048 49.952
45 50 0.048 49.952
30 50 0.048 49.952
52 50 0.048 49.952
50 50 0.048 49.952
27 50 0.048 49.952
37 50 0.0048 49.9952
37 49.9952 0.048 49.9472
27 49.952 0.0048 49.9472
46 50 0.048 49.952
48 50 0.048 49.952
29 50 0.048 49.952
39 50 0.048 49.952
36 50 0.048 49.952
43 50 0.048 49.952
54 50 0.048 49.952
31 50 0.048 49.952
47 50 0.0048 49.9952
41 50 0.048 49.952
47 49.9952 0.048 49.9472
31 49.952 0.0048 49.9472
35 50 0.048 49.952
33 50 0.048 49.952
32 50 0.048 49.952
32 49.952 0.0048 49.9472
32 49.9472 0.16 49.7872
42 50 0.048 49.952
28 50 0.048 49.952
40 50 0.048 49.952
49 50 0.048 49.952
25 50 0.048 49.952
34 50 0.048 49.952
44 50 0.048 49.952
51 50 0.048 49.952
45 50 0.048 49.952
30 50 0.048 49.952
52 50 0.048 49.952
50 50 0.048 49.952
27 50 0.048 49.952
37 50 0.0048 49.9952
37 49.9952 0.048 49.9472
27 49.952 0.0048 49.9472
46 50 0.0048 49.9952
46 49.9952 0.048 49.9472
37 49.9472 0.0048 49.9424
48 50 0.048 49.952
29 50 0.048 49.952
39 50 0.048 49.952
36 50 0.048 49.952
43 50 0.048 49.952
54 50 0.048 49.952
31 50 0.048 49.952
47 50 0.0048 49.9952
41 50 0.048 49.952
47 49.9952 0.048 49.9472
31 49.952 0.0048 49.9472
35 50 0.048 49.952
33 50 0.048 49.952
42 50 0.048 49.952
28 50 0.048 49.952
40 50 0.048 49.952
49 50 0.048 49.952
25 50 0.048 49.952
34 50 0.048 49.952
44 50 0.048 49.952
51 50 0.048 49.952
45 50 0.048 49.952
30 50 0.048 49.952
52 50 0.048 49.952
50 50 0.048 49.952
27 50 0.048 49.952
37 50 0.0048 49.9952
46 50 0.0048 49.9952
37 49.9952 0.048 49.9472
27 49.952 0.0048 49.9472
46 49.9952 0.0048 49.9904
46 49.9904 0.048 49.9424
27 49.9472 0.0048 49.9424
37 49.9472 0.0048 49.9424
48 50 0.048 49.952
29 50 0.048 49.952
39 50 0.048 49.952
36 50 0.048 49.952
43 50 0.048 49.952
54 50 0.048 49.952
53 50 0.0048 49.9952
31 50 0.048 49.952
41 50 0.048 49.952
47 50 0.048 49.952
35 50 0.048 49.952
33 50 0.048 49.952
42 50 0.048 49.952
28 50 0.048 49.952
40 50 0.048 49.952
49 50 0.048 49.952
25 50 0.048 49.952
34 50 0.048 49.952
44 50 0.048 49.952
51 50 0.048 49.952
45 50 0.048 49.952
30 50 0.048 49.952
52 50 0.0048 49.9952
52 49.9952 0.048 49.9472
30 49.952 0.0048 49.9472
50 50 0.048 49.952
27 50 0.048 49.952
37 50 0.048 49.952
46 50 0.0048 49.9952
46 49.9952 0.048 49.9472
37 49.952 0.0048 49.9472
48 50 0.048 49.952
29 50 0.048 49.952
39 50 0.048 49.952
36 50 0.048 49.952
43 50 0.048 49.952
54 50 0.048 49.952
53 50 0.0048 49.9952
31 50 0.048 49.952
41 50 0.048 49.952
47 50 0.048 49.952
35 50 0.048 49.952
33 50 0.048 49.952
42 50 0.048 49.952
28 50 0.048 49.952
40 50 0.048 49.952
49 50 0.048 49.952
25 50 0.048 49.952
34 50 0.048 49.952
44 50 0.048 49.952
51 50 0.048 49.952
45 50 0.048 49.952
30 50 0.048 49.952
52 50 0.048 49.952
50 50 0.048 49.952
27 50 0.048 49.952
37 50 0.048 49.952
46 50 0.0048 49.9952
46 49.9952 0.048 49.9472
37 49.952 0.0048 49.9472
48 50 0.048 49.952
29 50 0.048 49.952
39 50 0.048 49.952
36 50 0.048 49.952
43 50 0.048 49.952
54 50 0.048 49.952
31 50 0.048 49.952
41 50 0.048 49.952
47 50 0.048 49.952
35 50 0.048 49.952
33 50 0.048 49.952
42 50 0.048 49.952
28 50 0.048 49.952
40 50 0.048 49.952
49 50 0.048 49.952
25 50 0.048 49.952
34 50 0.048 49.952
44 50 0.048 49.952
51 50 0.048 49.952
45 50 0.048 49.952
30 50 0.048 49.952
52 50 0.048 49.952
50 50 0.048 49.952
27 50 0.048 49.952
37 50 0.048 49.952
46 50 0.0048 49.9952
46 49.9952 0.048 49.9472
37 49.952 0.0048 49.9472
48 50 0.048 49.952
29 50 0.048 49.952
39 50 0.048 49.952
36 50 0.048 49.952
43 50 0.048 49.952
54 50 0.048 49.952
53 50 0.0048 49.9952
31 50 0.048 49.952
41 50 0.048 49.952
47 50 0.048 49.952
35 50 0.048 49.952
33 50 0.048 49.952
42 50 0.048 49.952
28 50 0.048 49.952
40 50 0.048 49.952
49 50 0.048 49.952
25 50 0.048 49.952
34 50 0.048 49.952
44 50 0.048 49.952
51 50 0.048 49.952
45 50 0.048 49.952
30 50 0.048 49.952
52 50 0.0048 49.9952
52 49.9952 0.048 49.9472
30 49.952 0.0048 49.9472
50 50 0.048 49.952
27 50 0.048 49.952
37 50 0.048 49.952
46 50 0.0048 49.9952
46 49.9952 0.048 49.9472
37 49.952 0.0048 49.9472
48 50 0.048 49.952
29 50 0.048 49.952
43 50 0.0048 49.9952
39 50 0.048 49.952
39 49.952 0.0048 49.9472
39 49.9472 0.16 49.7872
36 50 0.048 49.952
43 49.9952 0.048 49.9472
29 49.952 0.0048 49.9472
54 50 0.048 49.952
53 50 0.0048 49.9952
31 50 0.048 49.952
41 50 0.048 49.952
47 50 0.048 49.952
35 50 0.048 49.952
33 50 0.048 49.952
42 50 0.048 49.952
28 50 0.048 49.952
40 50 0.048 49.952
49 50 0.048 49.952
25 50 0.048 49.952
34 50 0.048 49.952
44 50 0.048 49.952
51 50 0.048 49.952
45 50 0.048 49.952
30 50 0.048 49.952
52 50 0.048 49.952
50 50 0.048 49.952
27 50 0.048 49.952
46 50 0.0048 49.9952
37 50 0.048 49.952
46 49.9952 0.0048 49.9904
46 49.9904 0.048 49.9424
27 49.952 0.0048 49.9472
37 49.952 0.0048 49.9472
48 50 0.048 49.952
29 50 0.048 49.952
43 50 0.0048 49.9952
36 50 0.048 49.952
43 49.9952 0.048 49.9472
29 49.952 0.0048 49.9472
54 50 0.048 49.952
53 50 0.0048 49.9952
31 50 0.048 49.952
41 50 0.048 49.952
47 50 0.048 49.952
35 50 0.048 49.952
33 50 0.048 49.952
42 50 0.048 49.952
28 50 0.048 49.952
40 50 0.048 49.952
49 50 0.048 49.952
25 50 0.048 49.952
34 50 0.048 49.952
44 50 0.048 49.952
51 50 0.048 49.952
38 50 0.0048 49.9952
45 50 0.048 49.952
30 50 0.048 49.952
52 50 0.048 49.952
50 50 0.048 49.952
27 50 0.048 49.952
37 50 0.048 49.952
46 50 0.0048 49.9952
46 49.9952 0.048 49.9472
37 49.952 0.0048 49.9472
48 50 0.048 49.952
29 50 0.048 49.952
29 49.952 0.0048 49.9472
29 49.9472 0.16 49.7872
36 50 0.048 49.952
43 50 0.048 49.952
54 50 0.048 49.952
31 50 0.048 49.952
41 50 0.048 49.952
47 50 0.048 49.952
35 50 0.048 49.952
33 50 0.048 49.952
42 50 0.048 49.952
28 50 0.048 49.952
40 50 0.048 49.952
49 50 0.048 49.952
25 50 0.048 49.952
34 50 0.048 49.952
44 50 0.048 49.952
51 50 0.048 49.952
38 50 0.0048 49.9952
45 50 0.048 49.952
30 50 0.048 49.952
52 50 0.0048 49.9952
52 49.9952 0.048 49.9472
30 49.952 0.0048 49.9472
50 50 0.048 49.952
27 50 0.048 49.952
37 50 0.048 49.952
46 50 0.0048 49.9952
46 49.9952 0.048 49.9472
37 49.952 0.0048 49.9472
48 50 0.048 49.952
36 50 0.048 49.952
36 49.952 0.0048 49.9472
36 49.9472 0.16 49.7872
43 50 0.048 49.952
29 50 0.0048 49.9952
54 50 0.048 49.952
31 50 0.048 49.952
41 50 0.048 49.952
47 50 0.048 49.952
35 50 0.048 49.952
33 50 0.048 49.952
42 50 0.048 49.952
28 50 0.048 49.952
40 50 0.048 49.952
49 50 0.048 49.952
25 50 0.048 49.952
34 50 0.048 49.952
44 50 0.048 49.952
51 50 0.048 49.952
45 50 0.048 49.952
30 50 0.048 49.952
52 50 0.0048 49.9952
52 49.9952 0.048 49.9472
30 49.952 0.0048 49.9472
50 50 0.048 49.952
27 50 0.048 49.952
37 50 0.048 49.952
46 50 0.0048 49.9952
46 49.9952 0.048 49.9472
37 49.952 0.0048 49.9472
48 50 0.048 49.952
43 50 0.048 49.952
29 50 0.0048 49.9952
54 50 0.048 49.952
31 50 0.048 49.952
41 50 0.048 49.952
47 50 0.048 49.952
35 50 0.048 49.952
33 50 0.048 49.952
42 50 0.048 49.952
28 50 0.048 49.952
40 50 0.048 49.952
49 50 0.048 49.952
25 50 0.048 49.952
34 50 0.048 49.952
44 50 0.048 49.952
51 50 0.048 49.952
45 50 0.048 49.952
30 50 0.048 49.952
52 50 0.0048 49.9952
52 49.9952 0.048 49.9472
30 49.952 0.0048 49.9472
50 50 0.048 49.952
27 50 0.048 49.952
37 50 0.048 49.952
46 50 0.0048 49.9952
46 49.9952 0.048 49.9472
37 49.952 0.0048 49.9472
48 50 0.048 49.952
43 50 0.048 49.952
29 50 0.0048 49.9952
54 50 0.048 49.952
31 50 0.048 49.952
47 50 0.0048 49.9952
41 50 0.048 49.952
47 49.9952 0.048 49.9472
31 49.952 0.0048 49.9472
35 50 0.048 49.952
33 50 0.048 49.952
42 50 0.048 49.952
28 50 0.048 49.952
40 50 0.048 49.952
49 50 0.048 49.952
25 50 0.048 49.952
34 50 0.048 49.952
44 50 0.048 49.952
51 50 0.048 49.952
45 50 0.048 49.952
30 50 0.048 49.952
52 50 0.048 49.952
50 50 0.048 49.952
27 50 0.048 49.952
46 50 0.0048 49.9952
37 50 0.048 49.952
46 49.9952 0.0048 49.9904
46 49.9904 0.048 49.9424
27 49.952 0.0048 49.9472
37 49.952 0.0048 49.9472
48 50 0.048 49.952
43 50 0.048 49.952
29 50 0.0048 49.9952
54 50 0.048 49.952
31 50 0.048 49.952
47 50 0.0048 49.9952
41 50 0.048 49.952
47 49.9952 0.048 49.9472
31 49.952 0.0048 49.9472
47 49.9472 0.0048 49.9424
47 49.9424 0.16 49.7824
35 50 0.048 49.952
33 50 0.048 49.952
42 50 0.048 49.952
28 50 0.048 49.952
40 50 0.048 49.952
49 50 0.048 49.952
25 50 0.048 49.952
34 50 0.048 49.952
44 50 0.048 49.952
51 50 0.048 49.952
45 50 0.048 49.952
30 50 0.048 49.952
52 50 0.048 49.952
50 50 0.048 49.952
27 50 0.048 49.952
46 50 0.0048 49.9952
37 50 0.048 49.952
46 49.9952 0.0048 49.9904
46 49.9904 0.048 49.9424
27 49.952 0.0048 49.9472
37 49.952 0.0048 49.9472
48 50 0.048 49.952
43 50 0.048 49.952
29 50 0.0048 49.9952
54 50 0.048 49.952
31 50 0.048 49.952
47 49.9551 0.0048 49.9503
41 50 0.048 49.952
35 50 0.048 49.952
33 50 0.048 49.952
33 49.952 0.0048 49.9472
33 49.9472 0.16 49.7872
42 50 0.048 49.952
28 50 0.048 49.952
40 50 0.048 49.952
49 50 0.048 49.952
25 50 0.048 49.952
34 50 0.048 49.952
44 50 0.048 49.952
51 50 0.048 49.952
45 50 0.048 49.952
30 50 0.048 49.952
52 50 0.0048 49.9952
52 49.9952 0.048 49.9472
30 49.952 0.0048 49.9472
50 50 0.048 49.952
27 50 0.048 49.952
46 50 0.0048 49.9952
37 50 0.048 49.952
46 49.9952 0.0048 49.9904
46 49.9904 0.048 49.9424
27 49.952 0.0048 49.9472
37 49.952 0.0048 49.9472
48 50 0.048 49.952
43 50 0.048 49.952
29 50 0.0048 49.9952
54 50 0.048 49.952
31 50 0.048 49.952
41 50 0.048 49.952
35 50 0.048 49.952
42 50 0.048 49.952
28 50 0.048 49.952
40 50 0.048 49.952
49 50 0.048 49.952
25 50 0.048 49.952
34 50 0.048 49.952
44 50 0.048 49.952
51 50 0.048 49.952
45 50 0.048 49.952
30 50 0.048 49.952
52 50 0.0048 49.9952
52 49.9952 0.048 49.9472
30 49.952 0.0048 49.9472
50 50 0.048 49.952
27 50 0.048 49.952
37 50 0.048 49.952
46 50 0.048 49.952
48 50 0.048 49.952
43 50 0.048 49.952
54 50 0.048 49.952
31 50 0.048 49.952
41 50 0.048 49.952
35 50 0.048 49.952
42 50 0.048 49.952
28 50 0.048 49.952
40 50 0.048 49.952
49 50 0.048 49.952
25 50 0.048 49.952
34 50 0.048 49.952
44 50 0.048 49.952
51 50 0.048 49.952
45 50 0.048 49.952
30 50 0.048 49.952
52 50 0.0048 49.9952
52 49.9952 0.048 49.9472
30 49.952 0.0048 49.9472
50 50 0.048 49.952
27 50 0.048 49.952
37 50 0.048 49.952
46 50 0.048 49.952
48 50 0.048 49.952
43 50 0.048 49.952
54 50 0.048 49.952
31 50 0.048 49.952
41 50 0.048 49.952
35 50 0.048 49.952
42 50 0.048 49.952
28 50 0.048 49.952
40 50 0.048 49.952
49 50 0.048 49.952
25 50 0.048 49.952
34 50 0.048 49.952
44 50 0.048 49.952
51 50 0.048 49.952
45 50 0.048 49.952
30 50 0.048 49.952
52 50 0.0048 49.9952
52 49.9952 0.048 49.9472
30 49.952 0.0048 49.9472
50 50 0.048 49.952
27 50 0.048 49.952
46 50 0.0048 49.9952
37 50 0.048 49.952
46 49.9952 0.048 49.9472
27 49.952 0.0048 49.9472
48 50 0.048 49.952
43 50 0.048 49.952
54 50 0.048 49.952
31 50 0.048 49.952
47 50 0.0048 49.9952
41 50 0.048 49.952
35 50 0.048 49.952
42 50 0.048 49.952
28 50 0.048 49.952
40 50 0.048 49.952
49 50 0.048 49.952
25 50 0.048 49.952
34 50 0.048 49.952
44 50 0.048 49.952
51 50 0.048 49.952
45 50 0.048 49.952
30 50 0.048 49.952
52 50 0.0048 49.9952
52 49.9952 0.048 49.9472
30 49.952 0.0048 49.9472
50 50 0.048 49.952
27 50 0.048 49.952
46 50 0.0048 49.9952
37 50 0.048 49.952
46 49.9952 0.0048 49.9904
46 49.9904 0.048 49.9424
27 49.952 0.0048 49.9472
37 49.952 0.0048 49.9472
48 50 0.048 49.952
43 50 0.048 49.952
54 50 0.048 49.952
31 50 0.048 49.952
47 50 0.0048 49.9952
41 50 0.048 49.952
35 50 0.048 49.952
42 50 0.048 49.952
28 50 0.048 49.952
40 50 0.048 49.952
49 50 0.048 49.952
25 50 0.048 49.952
34 50 0.048 49.952
44 50 0.048 49.952
51 50 0.048 49.952
45 50 0.048 49.952
30 50 0.048 49.952
52 50 0.048 49.952
50 50 0.048 49.952
27 50 0.048 49.952
46 50 0.0048 49.9952
37 50 0.048 49.952
46 49.9952 0.0048 49.9904
46 49.9904 0.048 49.9424
27 49.952 0.0048 49.9472
37 49.952 0.0048 49.9472
48 50 0.048 49.952
43 50 0.048 49.952
54 50 0.048 49.952
31 50 0.048 49.952
47 50 0.0048 49.9952
41 50 0.048 49.952
35 50 0.048 49.952
42 50 0.048 49.952
28 50 0.048 49.952
40 50 0.048 49.952
49 50 0.048 49.952
25 50 0.048 49.952
34 50 0.048 49.952
44 50 0.048 49.952
51 50 0.048 49.952
45 50 0.048 49.952
30 50 0.048 49.952
52 50 0.048 49.952
50 50 0.048 49.952
27 50 0.048 49.952
46 50 0.0048 49.9952
37 50 0.048 49.952
46 49.9952 0.0048 49.9904
46 49.9904 0.048 49.9424
27 49.952 0.0048 49.9472
37 49.952 0.0048 49.9472
48 50 0.048 49.952
43 50 0.048 49.952
54 50 0.048 49.952
31 50 0.048 49.952
47 50 0.0048 49.9952
41 50 0.048 49.952
35 50 0.048 49.952
42 50 0.048 49.952
28 50 0.048 49.952
40 50 0.048 49.952
49 50 0.048 49.952
25 50 0.048 49.952
34 50 0.048 49.952
44 50 0.048 49.952
51 50 0.048 49.952
38 50 0.0048 49.9952
45 50 0.048 49.952
30 50 0.048 49.952
52 50 0.0048 49.9952
52 49.9952 0.048 49.9472
30 49.952 0.0048 49.9472
50 50 0.048 49.952
27 50 0.048 49.952
46 50 0.0048 49.9952
37 50 0.048 49.952
46 49.9952 0.0048 49.9904
46 49.9904 0.048 49.9424
27 49.952 0.0048 49.9472
37 49.952 0.0048 49.9472
48 50 0.048 49.952
43 50 0.048 49.952
54 50 0.048 49.952
31 50 0.048 49.952
47 50 0.0048 49.9952
41 50 0.048 49.952
35 50 0.048 49.952
42 50 0.048 49.952
28 50 0.048 49.952
40 50 0.048 49.952
49 50 0.048 49.952
25 50 0.048 49.952
34 50 0.048 49.952
44 50 0.048 49.952
51 50 0.048 49.952
45 50 0.048 49.952
30 50 0.048 49.952
52 50 0.0048 49.9952
52 49.9952 0.048 49.9472
30 49.952 0.0048 49.9472
50 50 0.048 49.952
27 50 0.048 49.952
46 50 0.0048 49.9952
37 50 0.048 49.952
46 49.9952 0.048 49.9472
27 49.952 0.0048 49.9472
48 50 0.048 49.952
32 50 0.048 49.952
43 50 0.048 49.952
29 50 0.0048 49.9952
54 50 0.048 49.952
31 50 0.048 49.952
47 50 0.0048 49.9952
41 50 0.048 49.952
35 50 0.048 49.952
42 50 0.048 49.952
28 50 0.048 49.952
40 50 0.048 49.952
49 50 0.048 49.952
25 50 0.048 49.952
34 50 0.048 49.952
44 50 0.048 49.952
51 50 0.048 49.952
38 50 0.0048 49.9952
45 50 0.048 49.952
30 50 0.048 49.952
52 50 0.0048 49.9952
52 49.9952 0.048 49.9472
30 49.952 0.0048 49.9472
50 50 0.048 49.952
27 50 0.048 49.952
46 50 0.0048 49.9952
37 50 0.048 49.952
46 49.9952 0.0048 49.9904
46 49.9904 0.048 49.9424
27 49.952 0.0048 49.9472
37 49.952 0.0048 49.9472
48 50 0.048 49.952
32 50 0.048 49.952
43 50 0.048 49.952
29 50 0.0048 49.9952
54 50 0.048 49.952
31 50 0.048 49.952
47 50 0.0048 49.9952
41 50 0.048 49.952
35 50 0.048 49.952
42 50 0.048 49.952
28 50 0.048 49.952
40 50 0.048 49.952
49 50 0.048 49.952
25 50 0.048 49.952
25 49.952 0.0048 49.9472
25 49.9472 0.16 49.7872
34 50 0.048 49.952
44 50 0.048 49.952
51 50 0.048 49.952
45 50 0.048 49.952
30 50 0.048 49.952
52 50 0.0048 49.9952
52 49.9952 0.048 49.9472
30 49.952 0.0048 49.9472
50 50 0.048 49.952
27 50 0.048 49.952
46 50 0.0048 49.9952
37 50 0.048 49.952
46 49.9952 0.0048 49.9904
46 49.9904 0.048 49.9424
27 49.952 0.0048 49.9472
37 49.952 0.0048 49.9472
48 50 0.048 49.952
32 50 0.048 49.952
43 50 0.048 49.952
54 50 0.048 49.952
31 50 0.048 49.952
47 50 0.0048 49.9952
41 50 0.048 49.952
35 50 0.048 49.952
42 50 0.048 49.952
28 50 0.048 49.952
40 50 0.048 49.952
49 50 0.048 49.952
34 50 0.048 49.952
44 50 0.048 49.952
51 50 0.048 49.952
45 50 0.048 49.952
30 50 0.048 49.952
52 50 0.0048 49.9952
52 49.9952 0.048 49.9472
30 49.952 0.0048 49.9472
50 50 0.048 49.952
27 50 0.048 49.952
46 50 0.0048 49.9952
37 50 0.048 49.952
46 49.9952 0.0048 49.9904
46 49.9904 0.048 49.9424
27 49.952 0.0048 49.9472
37 49.952 0.0048 49.9472
48 50 0.048 49.952
32 50 0.048 49.952
43 50 0.048 49.952
54 50 0.048 49.952
31 50 0.048 49.952
41 50 0.048 49.952
35 50 0.048 49.952
42 50 0.048 49.952
28 50 0.048 49.952
40 50 0.048 49.952
49 50 0.048 49.952
34 50 0.048 49.952
44 50 0.048 49.952
51 50 0.048 49.952
45 50 0.048 49.952
30 50 0.048 49.952
52 50 0.0048 49.9952
52 49.9952 0.048 49.9472
30 49.952 0.0048 49.9472
50 50 0.048 49.952
27 50 0.048 49.952
37 50 0.048 49.952
46 50 0.0048 49.9952
46 49.9952 0.048 49.9472
37 49.952 0.0048 49.9472
48 50 0.048 49.952
32 50 0.048 49.952
43 50 0.048 49.952
54 50 0.048 49.952
31 50 0.048 49.952
41 50 0.048 49.952
35 50 0.048 49.952
42 50 0.048 49.952
28 50 0.048 49.952
40 50 0.048 49.952
49 50 0.048 49.952
34 50 0.048 49.952
44 50 0.048 49.952
51 50 0.048 49.952
45 50 0.048 49.952
30 50 0.048 49.952
52 50 0.048 49.952
50 50 0.048 49.952
27 50 0.048 49.952
37 50 0.048 49.952
46 50 0.048 49.952
48 50 0.048 49.952
32 50 0.048 49.952
43 50 0.048 49.952
54 50 0.048 49.952
31 50 0.048 49.952
47 50 0.0048 49.9952
41 50 0.048 49.952
35 50 0.048 49.952
42 50 0.048 49.952
28 50 0.048 49.952
40 50 0.048 49.952
49 50 0.048 49.952
34 50 0.048 49.952
44 50 0.048 49.952
51 50 0.048 49.952
38 50 0.0048 49.9952
45 50 0.048 49.952
30 50 0.048 49.952
52 50 0.0048 49.9952
52 49.9952 0.048 49.9472
30 49.952 0.0048 49.9472
50 50 0.048 49.952
27 50 0.048 49.952
37 50 0.048 49.952
46 50 0.0048 49.9952
46 49.9952 0.048 49.9472
37 49.952 0.0048 49.9472
48 50 0.048 49.952
32 50 0.048 49.952
32 49.952 0.0048 49.9472
32 49.9472 0.16 49.7872
32 49.7872 0.0016 49.7856
35 50 0.016 49.984
35 49.984 0.016 49.968
53 50 0.016 49.984
54 49.952 0.016 49.936
48 49.952 0.016 49.936
54 49.936 0.016 49.92
29 50 0.016 49.984
29 49.984 0.016 49.968
29 49.968 0.048 49.92
39 50 0.016 49.984
39 49.984 0.016 49.968
39 49.968 0.048 49.92
48 49.936 0.016 49.92
36 50 0.016 49.984
36 49.984 0.016 49.968
36 49.968 0.048 49.92
41 49.952 0.016 49.936
43 49.952 0.016 49.936
26 50 0.016 49.984
26 49.984 0.016 49.968
26 49.968 0.048 49.92
31 49.952 0.016 49.936
41 49.936 0.016 49.92
47 49.9952 0.016 49.9792
47 49.9792 0.016 49.9632
47 49.9632 0.048 49.9152
31 49.936 0.0048 49.9312
38 49.9952 0.016 49.9792
51 49.952 0.016 49.936
31 49.9312 0.016 49.9152
33 50 0.016 49.984
33 49.984 0.016 49.968
33 49.968 0.048 49.92
27 49.952 0.016 49.936
38 49.9792 0.016 49.9632
51 49.936 0.016 49.92
27 49.936 0.016 49.92
37 49.9472 0.016 49.9312
46 49.9472 0.016 49.9312
50 49.952 0.016 49.936
42 49.952 0.016 49.936
30 49.9472 0.016 49.9312
37 49.9312 0.016 49.9152
50 49.936 0.016 49.92
52 50 0.016 49.984
28 50 0.016 49.984
40 49.952 0.016 49.936
42 49.936 0.016 49.92
49 50 0.016 49.984
30 49.9312 0.016 49.9152
45 49.952 0.016 49.936
52 49.984 0.016 49.968
28 49.984 0.016 49.968
34 49.952 0.016 49.936
40 49.936 0.016 49.92
45 49.936 0.016 49.92
25 50 0.016 49.984
25 49.984 0.016 49.968
25 49.968 0.048 49.92
34 49.936 0.016 49.92
44 49.952 0.016 49.936
44 49.936 0.016 49.92
43 50 0.048 49.952
54 50 0.048 49.952
31 50 0.048 49.952
41 50 0.048 49.952
35 49.968 0.048 49.92
42 50 0.048 49.952
28 49.968 0.048 49.92
40 50 0.048 49.952
49 49.984 0.048 49.936
34 50 0.048 49.952
44 50 0.048 49.952
51 50 0.048 49.952
45 50 0.048 49.952
30 50 0.048 49.952
52 49.968 0.0048 49.9632
52 49.9632 0.048 49.9152
30 49.952 0.0048 49.9472
50 50 0.048 49.952
27 50 0.048 49.952
46 50 0.0048 49.9952
37 50 0.048 49.952
46 49.9952 0.0048 49.9904
46 49.9904 0.048 49.9424
27 49.952 0.0048 49.9472
37 49.952 0.0048 49.9472
48 50 0.048 49.952
29 50 0.048 49.952
39 50 0.048 49.952
36 50 0.048 49.952
26 50 0.048 49.952
47 50 0.048 49.952
33 50 0.048 49.952
25 50 0.048 49.952
43 50 0.048 49.952
54 50 0.048 49.952
31 50 0.048 49.952
47 50 0.0048 49.9952
41 50 0.048 49.952
35 50 0.048 49.952
42 50 0.048 49.952
28 50 0.048 49.952
40 50 0.048 49.952
49 50 0.048 49.952
34 50 0.048 49.952
44 50 0.048 49.952
51 50 0.048 49.952
45 50 0.048 49.952
30 50 0.048 49.952
52 50 0.048 49.952
50 50 0.048 49.952
27 50 0.048 49.952
46 50 0.0048 49.9952
37 50 0.048 49.952
46 49.9952 0.048 49.9472
27 49.952 0.0048 49.9472
48 50 0.048 49.952
29 50 0.048 49.952
39 50 0.048 49.952
36 50 0.048 49.952
26 50 0.048 49.952
47 49.9952 0.048 49.9472
31 49.952 0.0048 49.9472
33 50 0.048 49.952
25 50 0.048 49.952
43 50 0.048 49.952
54 50 0.048 49.952
31 50 0.048 49.952
47 50 0.0048 49.9952
41 50 0.048 49.952
35 50 0.048 49.952
42 50 0.048 49.952
28 50 0.048 49.952
40 50 0.048 49.952
49 50 0.048 49.952
34 50 0.048 49.952
44 50 0.048 49.952
51 50 0.048 49.952
45 50 0.048 49.952
30 50 0.048 49.952
52 50 0.0048 49.9952
52 49.9952 0.048 49.9472
30 49.952 0.0048 49.9472
50 50 0.048 49.952
27 50 0.048 49.952
46 50 0.0048 49.9952
37 50 0.048 49.952
46 49.9952 0.0048 49.9904
46 49.9904 0.048 49.9424
27 49.952 0.0048 49.9472
37 49.952 0.0048 49.9472
48 50 0.048 49.952
29 50 0.048 49.952
39 50 0.048 49.952
36 50 0.048 49.952
26 50 0.048 49.952
47 49.9952 0.048 49.9472
31 49.952 0.0048 49.9472
33 50 0.048 49.952
25 50 0.048 49.952
43 50 0.048 49.952
54 50 0.048 49.952
31 50 0.048 49.952
41 50 0.048 49.952
35 50 0.048 49.952
42 50 0.048 49.952
28 50 0.048 49.952
40 50 0.048 49.952
49 50 0.048 49.952
34 50 0.048 49.952
44 50 0.048 49.952
51 50 0.048 49.952
45 50 0.048 49.952
30 50 0.048 49.952
52 50 0.0048 49.9952
52 49.9952 0.048 49.9472
30 49.952 0.0048 49.9472
50 50 0.048 49.952
27 50 0.048 49.952
37 50 0.048 49.952
46 50 0.0048 49.9952
46 49.9952 0.048 49.9472
37 49.952 0.0048 49.9472
48 50 0.048 49.952
29 50 0.048 49.952
39 50 0.048 49.952
36 50 0.048 49.952
26 50 0.048 49.952
47 50 0.048 49.952
33 50 0.048 49.952
25 50 0.048 49.952
43 50 0.048 49.952
54 50 0.048 49.952
31 50 0.048 49.952
41 50 0.048 49.952
35 50 0.048 49.952
42 50 0.048 49.952
28 50 0.048 49.952
40 50 0.048 49.952
49 50 0.048 49.952
34 50 0.048 49.952
44 50 0.048 49.952
51 50 0.048 49.952
45 50 0.048 49.952
30 50 0.048 49.952
52 50 0.0048 49.9952
52 49.9952 0.048 49.9472
30 49.952 0.0048 49.9472
50 50 0.048 49.952
27 50 0.048 49.952
37 50 0.048 49.952
46 50 0.0048 49.9952
46 49.9952 0.048 49.9472
37 49.952 0.0048 49.9472
48 50 0.048 49.952
29 50 0.048 49.952
39 50 0.048 49.952
36 50 0.048 49.952
26 50 0.048 49.952
47 50 0.048 49.952
33 50 0.048 49.952
25 50 0.048 49.952
43 50 0.048 49.952
54 50 0.048 49.952
31 50 0.048 49.952
41 50 0.048 49.952
35 50 0.048 49.952
42 50 0.048 49.952
28 50 0.048 49.952
40 50 0.048 49.952
49 50 0.048 49.952
34 50 0.048 49.952
44 50 0.048 49.952
51 50 0.048 49.952
45 50 0.048 49.952
30 50 0.048 49.952
52 50 0.0048 49.9952
52 49.9952 0.048 49.9472
30 49.952 0.0048 49.9472
50 50 0.048 49.952
27 50 0.048 49.952
46 50 0.0048 49.9952
37 50 0.048 49.952
46 49.9952 0.048 49.9472
27 49.952 0.0048 49.9472
48 50 0.048 49.952
29 50 0.048 49.952
39 50 0.048 49.952
36 50 0.048 49.952
26 50 0.048 49.952
47 50 0.048 49.952
31 49.952 0.0048 49.9472
33 50 0.048 49.952
25 50 0.048 49.952
43 50 0.048 49.952
54 50 0.048 49.952
31 50 0.048 49.952
47 50 0.0048 49.9952
41 50 0.048 49.952
35 50 0.048 49.952
42 50 0.048 49.952
28 50 0.048 49.952
40 50 0.048 49.952
49 50 0.048 49.952
34 50 0.048 49.952
44 50 0.048 49.952
51 50 0.048 49.952
38 50 0.0048 49.9952
45 50 0.048 49.952
30 50 0.048 49.952
52 50 0.0048 49.9952
52 49.9952 0.048 49.9472
30 49.952 0.0048 49.9472
50 50 0.048 49.952
27 50 0.048 49.952
46 50 0.0048 49.9952
37 50 0.048 49.952
46 49.9952 0.048 49.9472
27 49.952 0.0048 49.9472
48 50 0.048 49.952
29 50 0.048 49.952
39 50 0.048 49.952
36 50 0.048 49.952
26 50 0.048 49.952
47 49.9952 0.048 49.9472
31 49.952 0.0048 49.9472
33 50 0.048 49.952
25 50 0.048 49.952
43 50 0.048 49.952
54 50 0.048 49.952
31 50 0.048 49.952
47 50 0.0048 49.9952
41 50 0.048 49.952
35 50 0.048 49.952
42 50 0.048 49.952
28 50 0.048 49.952
40 50 0.048 49.952
49 50 0.048 49.952
34 50 0.048 49.952
44 50 0.048 49.952
51 50 0.048 49.952
45 50 0.048 49.952
30 50 0.048 49.952
52 50 0.0048 49.9952
52 49.9952 0.048 49.9472
30 49.952 0.0048 49.9472
50 50 0.048 49.952
27 50 0.048 49.952
46 50 0.0048 49.9952
37 50 0.048 49.952
46 49.9952 0.0048 49.9904
46 49.9904 0.048 49.9424
27 49.952 0.0048 49.9472
37 49.952 0.0048 49.9472
48 50 0.048 49.952
29 50 0.048 49.952
39 50 0.048 49.952
36 50 0.048 49.952
26 50 0.048 49.952
47 49.9952 0.048 49.9472
31 49.952 0.0048 49.9472
33 50 0.048 49.952
25 50 0.048 49.952
43 50 0.048 49.952
54 50 0.048 49.952
31 50 0.048 49.952
41 50 0.048 49.952
35 50 0.048 49.952
42 50 0.048 49.952
28 50 0.048 49.952
40 50 0.048 49.952
49 50 0.048 49.952
34 50 0.048 49.952
44 50 0.048 49.952
51 50 0.048 49.952
38 50 0.0048 49.9952
45 50 0.048 49.952
30 50 0.048 49.952
52 50 0.0048 49.9952
52 49.9952 0.048 49.9472
30 49.952 0.0048 49.9472
50 50 0.048 49.952
27 50 0.048 49.952
46 50 0.0048 49.9952
37 50 0.048 49.952
46 49.9952 0.0048 49.9904
46 49.9904 0.048 49.9424
27 49.952 0.0048 49.9472
37 49.952 0.0048 49.9472
48 50 0.048 49.952
29 50 0.048 49.952
39 50 0.048 49.952
36 50 0.048 49.952
26 50 0.048 49.952
47 50 0.048 49.952
31 49.952 0.0048 49.9472
33 50 0.048 49.952
25 50 0.048 49.952
43 50 0.048 49.952
54 50 0.048 49.952
31 50 0.048 49.952
47 50 0.0048 49.9952
41 50 0.048 49.952
35 50 0.048 49.952
42 50 0.048 49.952
28 50 0.048 49.952
40 50 0.048 49.952
49 50 0.048 49.952
34 50 0.048 49.952
44 50 0.048 49.952
51 50 0.048 49.952
45 50 0.048 49.952
30 50 0.048 49.952
52 50 0.0048 49.9952
52 49.9952 0.048 49.9472
30 49.952 0.0048 49.9472
50 50 0.048 49.952
27 50 0.048 49.952
46 50 0.0048 49.9952
37 50 0.048 49.952
46 49.9952 0.0048 49.9904
46 49.9904 0.048 49.9424
27 49.952 0.0048 49.9472
37 49.952 0.0048 49.9472
48 50 0.048 49.952
29 50 0.048 49.952
39 50 0.048 49.952
36 50 0.048 49.952
26 50 0.048 49.952
47 49.9952 0.048 49.9472
31 49.952 0.0048 49.9472
33 50 0.048 49.952
25 50 0.048 49.952
43 50 0.048 49.952
54 50 0.048 49.952
31 50 0.048 49.952
47 50 0.0048 49.9952
41 50 0.048 49.952
35 50 0.048 49.952
42 50 0.048 49.952
28 50 0.048 49.952
40 50 0.048 49.952
49 50 0.048 49.952
34 50 0.048 49.952
44 50 0.048 49.952
51 50 0.048 49.952
45 50 0.048 49.952
30 50 0.048 49.952
52 50 0.0048 49.9952
52 49.9952 0.048 49.9472
30 49.952 0.0048 49.9472
50 50 0.048 49.952
27 50 0.048 49.952
46 50 0.0048 49.9952
37 50 0.048 49.952
46 49.9952 0.0048 49.9904
46 49.9904 0.048 49.9424
27 49.952 0.0048 49.9472
37 49.952 0.0048 49.9472
48 50 0.048 49.952
29 50 0.048 49.952
39 50 0.048 49.952
36 50 0.048 49.952
26 50 0.048 49.952
47 49.9952 0.048 49.9472
33 50 0.048 49.952
25 50 0.048 49.952
43 50 0.048 49.952
54 50 0.048 49.952
31 50 0.048 49.952
41 50 0.048 49.952
35 50 0.048 49.952
42 50 0.048 49.952
28 50 0.048 49.952
40 50 0.048 49.952
49 50 0.048 49.952
34 50 0.048 49.952
44 50 0.048 49.952
51 50 0.048 49.952
45 50 0.048 49.952
30 50 0.048 49.952
52 50 0.048 49.952
50 50 0.048 49.952
27 50 0.048 49.952
46 50 0.0048 49.9952
37 50 0.048 49.952
46 49.9952 0.0048 49.9904
46 49.9904 0.048 49.9424
27 49.952 0.0048 49.9472
37 49.952 0.0048 49.9472
48 50 0.048 49.952
29 50 0.048 49.952
39 50 0.048 49.952
36 50 0.048 49.952
26 50 0.048 49.952
47 50 0.048 49.952
33 50 0.048 49.952
25 50 0.048 49.952
43 50 0.048 49.952
29 49.952 0.0048 49.9472
54 50 0.048 49.952
31 50 0.048 49.952
41 50 0.048 49.952
35 50 0.048 49.952
42 50 0.048 49.952
28 50 0.048 49.952
40 50 0.048 49.952
49 50 0.048 49.952
34 50 0.048 49.952
44 50 0.048 49.952
51 50 0.048 49.952
45 50 0.048 49.952
30 50 0.048 49.952
52 50 0.048 49.952
50 50 0.048 49.952
27 50 0.048 49.952
46 50 0.0048 49.9952
37 50 0.048 49.952
46 49.9952 0.0048 49.9904
46 49.9904 0.048 49.9424
27 49.952 0.0048 49.9472
37 49.952 0.0048 49.9472
48 50 0.048 49.952
29 50 0.048 49.952
43 49.952 0.0048 49.9472
39 50 0.048 49.952
36 50 0.048 49.952
26 50 0.048 49.952
47 50 0.048 49.952
33 50 0.048 49.952
25 50 0.048 49.952
43 50 0.048 49.952
29 49.952 0.0048 49.9472
54 50 0.048 49.952
31 50 0.048 49.952
47 50 0.0048 49.9952
41 50 0.048 49.952
35 50 0.048 49.952
42 50 0.048 49.952
28 50 0.048 49.952
40 50 0.048 49.952
49 50 0.048 49.952
34 50 0.048 49.952
44 50 0.048 49.952
51 50 0.048 49.952
51 49.952 0.0048 49.9472
51 49.9472 0.16 49.7872
45 50 0.048 49.952
30 50 0.048 49.952
52 50 0.048 49.952
50 50 0.048 49.952
27 50 0.048 49.952
37 50 0.048 49.952
46 50 0.0048 49.9952
46 49.9952 0.048 49.9472
37 49.952 0.0048 49.9472
48 50 0.048 49.952
29 50 0.048 49.952
43 49.952 0.0048 49.9472
39 50 0.048 49.952
36 50 0.048 49.952
26 50 0.048 49.952
47 49.9952 0.048 49.9472
31 49.952 0.0048 49.9472
33 50 0.048 49.952
25 50 0.048 49.952
43 50 0.048 49.952
54 50 0.048 49.952
31 50 0.048 49.952
47 50 0.0048 49.9952
41 50 0.048 49.952
35 50 0.048 49.952
42 50 0.048 49.952
28 50 0.048 49.952
40 50 0.048 49.952
49 50 0.048 49.952
34 50 0.048 49.952
44 50 0.048 49.952
45 50 0.048 49.952
30 50 0.048 49.952
52 50 0.0048 49.9952
52 49.9952 0.048 49.9472
30 49.952 0.0048 49.9472
50 50 0.048 49.952
27 50 0.048 49.952
46 50 0.0048 49.9952
37 50 0.048 49.952
46 49.9952 0.0048 49.9904
46 49.9904 0.048 49.9424
27 49.952 0.0048 49.9472
37 49.952 0.0048 49.9472
48 50 0.048 49.952
29 50 0.048 49.952
39 50 0.048 49.952
36 50 0.048 49.952
26 50 0.048 49.952
47 49.9952 0.048 49.9472
31 49.952 0.0048 49.9472
33 50 0.048 49.952
25 50 0.048 49.952
43 50 0.048 49.952
54 50 0.048 49.952
31 50 0.048 49.952
47 50 0.0048 49.9952
41 50 0.048 49.952
35 50 0.048 49.952
42 50 0.048 49.952
28 50 0.048 49.952
40 50 0.048 49.952
49 50 0.048 49.952
34 50 0.048 49.952
44 50 0.048 49.952
45 50 0.048 49.952
30 50 0.048 49.952
52 50 0.0048 49.9952
52 49.9952 0.048 49.9472
30 49.952 0.0048 49.9472
50 50 0.048 49.952
27 50 0.048 49.952
37 50 0.048 49.952
46 50 0.0048 49.9952
46 49.9952 0.048 49.9472
37 49.952 0.0048 49.9472
48 50 0.048 49.952
29 50 0.048 49.952
39 50 0.048 49.952
36 50 0.048 49.952
26 50 0.048 49.952
47 49.9952 0.048 49.9472
31 49.952 0.0048 49.9472
33 50 0.048 49.952
25 50 0.048 49.952
43 50 0.048 49.952
29 49.952 0.0048 49.9472
54 50 0.048 49.952
31 50 0.048 49.952
47 50 0.0048 49.9952
41 50 0.048 49.952
35 50 0.048 49.952
42 50 0.048 49.952
28 50 0.048 49.952
40 50 0.048 49.952
49 50 0.048 49.952
34 50 0.048 49.952
44 50 0.048 49.952
45 50 0.048 49.952
30 50 0.048 49.952
52 50 0.0048 49.9952
52 49.9952 0.048 49.9472
30 49.952 0.0048 49.9472
50 50 0.048 49.952
27 50 0.048 49.952
37 50 0.048 49.952
46 50 0.0048 49.9952
46 49.9952 0.048 49.9472
37 49.952 0.0048 49.9472
48 50 0.048 49.952
29 50 0.048 49.952
43 49.952 0.0048 49.9472
39 50 0.048 49.952
36 50 0.048 49.952
26 50 0.048 49.952
47 49.9952 0.048 49.9472
31 49.952 0.0048 49.9472
33 50 0.048 49.952
25 50 0.048 49.952
43 50 0.048 49.952
54 50 0.048 49.952
31 50 0.048 49.952
47 50 0.0048 49.9952
41 50 0.048 49.952
35 50 0.048 49.952
42 50 0.048 49.952
28 50 0.048 49.952
40 50 0.048 49.952
49 50 0.048 49.952
34 50 0.048 49.952
44 50 0.048 49.952
45 50 0.048 49.952
30 50 0.048 49.952
52 50 0.048 49.952
50 50 0.048 49.952
27 50 0.048 49.952
37 50 0.048 49.952
46 50 0.048 49.952
48 50 0.048 49.952
29 50 0.048 49.952
39 50 0.048 49.952
36 50 0.048 49.952
26 50 0.048 49.952
47 49.9952 0.048 49.9472
31 49.952 0.0048 49.9472
33 50 0.048 49.952
25 50 0.048 49.952
43 50 0.048 49.952
54 50 0.048 49.952
31 50 0.048 49.952
47 50 0.0048 49.9952
41 50 0.048 49.952
35 50 0.048 49.952
42 50 0.048 49.952
28 50 0.048 49.952
40 50 0.048 49.952
49 50 0.048 49.952
34 50 0.048 49.952
44 50 0.048 49.952
45 50 0.048 49.952
30 50 0.048 49.952
52 50 0.048 49.952
50 50 0.048 49.952
27 50 0.048 49.952
37 50 0.048 49.952
46 50 0.048 49.952
48 50 0.048 49.952
29 50 0.048 49.952
39 50 0.048 49.952
36 50 0.048 49.952
26 50 0.048 49.952
47 49.9952 0.048 49.9472
31 49.952 0.0048 49.9472
33 50 0.048 49.952
25 50 0.048 49.952
43 50 0.048 49.952
54 50 0.048 49.952
31 50 0.048 49.952
47 50 0.0048 49.9952
41 50 0.048 49.952
35 50 0.048 49.952
42 50 0.048 49.952
28 50 0.048 49.952
40 50 0.048 49.952
49 50 0.048 49.952
34 50 0.048 49.952
44 50 0.048 49.952
45 50 0.048 49.952
30 50 0.048 49.952
52 50 0.048 49.952
50 50 0.048 49.952
27 50 0.048 49.952
46 50 0.0048 49.9952
37 50 0.048 49.952
46 49.9952 0.0048 49.9904
46 49.9904 0.048 49.9424
27 49.952 0.0048 49.9472
37 49.952 0.0048 49.9472
48 50 0.048 49.952
29 50 0.048 49.952
39 50 0.048 49.952
36 50 0.048 49.952
26 50 0.048 49.952
47 49.9952 0.048 49.9472
31 49.952 0.0048 49.9472
33 50 0.048 49.952
25 50 0.048 49.952
43 50 0.048 49.952
54 50 0.048 49.952
31 50 0.048 49.952
47 50 0.0048 49.9952
41 50 0.048 49.952
35 50 0.048 49.952
42 50 0.048 49.952
49 50 0.0048 49.9952
28 50 0.048 49.952
40 50 0.048 49.952
49 49.9952 0.048 49.9472
42 49.952 0.0048 49.9472
34 50 0.048 49.952
44 50 0.048 49.952
45 50 0.048 49.952
30 50 0.048 49.952
52 50 0.048 49.952
50 50 0.048 49.952
27 50 0.048 49.952
37 50 0.048 49.952
46 50 0.0048 49.9952
46 49.9952 0.048 49.9472
37 49.952 0.0048 49.9472
48 50 0.048 49.952
29 50 0.048 49.952
39 50 0.048 49.952
36 50 0.048 49.952
26 50 0.048 49.952
47 49.9952 0.048 49.9472
31 49.952 0.0048 49.9472
33 50 0.048 49.952
25 50 0.048 49.952
43 50 0.048 49.952
54 50 0.048 49.952
31 50 0.048 49.952
41 50 0.048 49.952
35 50 0.048 49.952
42 50 0.048 49.952
49 50 0.0048 49.9952
28 50 0.048 49.952
40 50 0.048 49.952
49 49.9952 0.048 49.9472
42 49.952 0.0048 49.9472
34 50 0.048 49.952
44 50 0.048 49.952
45 50 0.048 49.952
30 50 0.048 49.952
52 50 0.0048 49.9952
52 49.9952 0.048 49.9472
30 49.952 0.0048 49.9472
50 50 0.048 49.952
27 50 0.048 49.952
37 50 0.048 49.952
46 50 0.0048 49.9952
46 49.9952 0.048 49.9472
37 49.952 0.0048 49.9472
48 50 0.048 49.952
29 50 0.048 49.952
39 50 0.048 49.952
36 50 0.048 49.952
26 50 0.048 49.952
47 50 0.048 49.952
33 50 0.048 49.952
25 50 0.048 49.952
43 50 0.048 49.952
54 50 0.048 49.952
31 50 0.048 49.952
47 50 0.0048 49.9952
41 50 0.048 49.952
35 50 0.048 49.952
42 50 0.048 49.952
28 50 0.048 49.952
40 50 0.048 49.952
49 50 0.048 49.952
34 50 0.048 49.952
44 50 0.048 49.952
45 50 0.048 49.952
30 50 0.048 49.952
52 50 0.048 49.952
50 50 0.048 49.952
27 50 0.048 49.952
37 50 0.048 49.952
46 50 0.0048 49.9952
46 49.9952 0.048 49.9472
37 49.952 0.0048 49.9472
48 50 0.048 49.952
29 50 0.048 49.952
39 50 0.048 49.952
36 50 0.048 49.952
26 50 0.048 49.952
47 49.9952 0.048 49.9472
31 49.952 0.0048 49.9472
33 50 0.048 49.952
25 50 0.048 49.952
43 50 0.048 49.952
54 50 0.048 49.952
31 50 0.048 49.952
47 50 0.0048 49.9952
41 50 0.048 49.952
35 50 0.048 49.952
42 50 0.048 49.952
28 50 0.048 49.952
40 50 0.048 49.952
49 50 0.048 49.952
34 50 0.048 49.952
44 50 0.048 49.952
45 50 0.048 49.952
30 50 0.048 49.952
52 50 0.048 49.952
50 50 0.048 49.952
27 50 0.048 49.952
37 50 0.048 49.952
46 50 0.0048 49.9952
46 49.9952 0.048 49.9472
37 49.952 0.0048 49.9472
48 50 0.048 49.952
29 50 0.048 49.952
39 50 0.048 49.952
36 50 0.048 49.952
26 50 0.048 49.952
47 49.9952 0.048 49.9472
31 49.952 0.0048 49.9472
33 50 0.048 49.952
25 50 0.048 49.952
43 50 0.048 49.952
54 50 0.048 49.952
31 50 0.048 49.952
41 50 0.048 49.952
35 50 0.048 49.952
42 50 0.048 49.952
28 50 0.048 49.952
40 50 0.048 49.952
49 50 0.048 49.952
34 50 0.048 49.952
44 50 0.048 49.952
45 50 0.048 49.952
30 50 0.048 49.952
52 50 0.0048 49.9952
52 49.9952 0.048 49.9472
30 49.952 0.0048 49.9472
50 50 0.048 49.952
27 50 0.048 49.952
37 50 0.048 49.952
46 50 0.0048 49.9952
46 49.9952 0.048 49.9472
37 49.952 0.0048 49.9472
48 50 0.048 49.952
29 50 0.048 49.952
39 50 0.048 49.952
36 50 0.048 49.952
26 50 0.048 49.952
47 50 0.048 49.952
31 49.952 0.0048 49.9472
33 50 0.048 49.952
25 50 0.048 49.952
43 50 0.048 49.952
54 50 0.048 49.952
31 50 0.048 49.952
47 50 0.0048 49.9952
41 50 0.048 49.952
35 50 0.048 49.952
35 49.952 0.0048 49.9472
35 49.9472 0.16 49.7872
42 50 0.048 49.952
28 50 0.048 49.952
40 50 0.048 49.952
49 50 0.048 49.952
34 50 0.048 49.952
44 50 0.048 49.952
25 50 0.0048 49.9952
45 50 0.048 49.952
30 50 0.048 49.952
52 50 0.0048 49.9952
52 49.9952 0.048 49.9472
30 49.952 0.0048 49.9472
50 50 0.048 49.952
27 50 0.048 49.952
37 50 0.048 49.952
46 50 0.0048 49.9952
46 49.9952 0.048 49.9472
37 49.952 0.0048 49.9472
48 50 0.048 49.952
29 50 0.048 49.952
39 50 0.048 49.952
36 50 0.048 49.952
26 50 0.048 49.952
47 49.9952 0.048 49.9472
31 49.952 0.0048 49.9472
33 50 0.048 49.952
25 49.9952 0.048 49.9472
44 49.952 0.0048 49.9472
43 50 0.048 49.952
54 50 0.048 49.952
31 50 0.048 49.952
47 50 0.0048 49.9952
41 50 0.048 49.952
42 50 0.048 49.952
49 50 0.0048 49.9952
28 50 0.048 49.952
40 50 0.048 49.952
49 49.9952 0.048 49.9472
42 49.952 0.0048 49.9472
34 50 0.048 49.952
44 50 0.048 49.952
45 50 0.048 49.952
30 50 0.048 49.952
52 50 0.0048 49.9952
52 49.9952 0.048 49.9472
30 49.952 0.0048 49.9472
50 50 0.048 49.952
27 50 0.048 49.952
37 50 0.048 49.952
46 50 0.048 49.952
48 50 0.048 49.952
29 50 0.048 49.952
39 50 0.048 49.952
36 50 0.048 49.952
26 50 0.048 49.952
47 49.9952 0.048 49.9472
31 49.952 0.0048 49.9472
33 50 0.048 49.952
25 50 0.048 49.952
43 50 0.048 49.952
54 50 0.048 49.952
31 50 0.048 49.952
47 50 0.0048 49.9952
41 50 0.048 49.952
42 50 0.048 49.952
49 50 0.0048 49.9952
28 50 0.048 49.952
40 50 0.048 49.952
49 49.9952 0.048 49.9472
42 49.952 0.0048 49.9472
34 50 0.048 49.952
44 50 0.048 49.952
45 50 0.048 49.952
30 50 0.048 49.952
52 50 0.0048 49.9952
52 49.9952 0.048 49.9472
30 49.952 0.0048 49.9472
50 50 0.048 49.952
27 50 0.048 49.952
37 50 0.048 49.952
46 50 0.0048 49.9952
46 49.9952 0.048 49.9472
37 49.952 0.0048 49.9472
48 50 0.048 49.952
29 50 0.048 49.952
39 50 0.048 49.952
36 50 0.048 49.952
26 50 0.048 49.952
47 49.9952 0.048 49.9472
31 49.952 0.0048 49.9472
33 50 0.048 49.952
25 50 0.048 49.952
43 50 0.048 49.952
54 50 0.048 49.952
31 50 0.048 49.952
47 50 0.0048 49.9952
41 50 0.048 49.952
42 50 0.048 49.952
49 50 0.0048 49.9952
28 50 0.048 49.952
40 50 0.048 49.952
49 49.9952 0.048 49.9472
42 49.952 0.0048 49.9472
34 50 0.048 49.952
44 50 0.048 49.952
25 50 0.0048 49.9952
45 50 0.048 49.952
30 50 0.048 49.952
52 50 0.0048 49.9952
52 49.9952 0.048 49.9472
30 49.952 0.0048 49.9472
50 50 0.048 49.952
27 50 0.048 49.952
37 50 0.048 49.952
46 50 0.0048 49.9952
46 49.9952 0.048 49.9472
37 49.952 0.0048 49.9472
48 50 0.048 49.952
29 50 0.048 49.952
39 50 0.048 49.952
36 50 0.048 49.952
26 50 0.048 49.952
47 49.9952 0.048 49.9472
31 49.952 0.0048 49.9472
33 50 0.048 49.952
25 49.9952 0.048 49.9472
43 50 0.048 49.952
54 50 0.048 49.952
31 50 0.048 49.952
47 50 0.0048 49.9952
41 50 0.048 49.952
42 50 0.048 49.952
28 50 0.048 49.952
40 50 0.048 49.952
49 50 0.048 49.952
34 50 0.048 49.952
44 50 0.048 49.952
45 50 0.048 49.952
30 50 0.048 49.952
52 50 0.0048 49.9952
52 49.9952 0.048 49.9472
30 49.952 0.0048 49.9472
50 50 0.048 49.952
27 50 0.048 49.952
37 50 0.048 49.952
46 50 0.0048 49.9952
46 49.9952 0.048 49.9472
37 49.952 0.0048 49.9472
48 50 0.048 49.952
29 50 0.048 49.952
43 49.952 0.0048 49.9472
39 50 0.048 49.952
36 50 0.048 49.952
26 50 0.048 49.952
47 49.9952 0.048 49.9472
31 49.952 0.0048 49.9472
33 50 0.048 49.952
25 50 0.048 49.952
43 50 0.048 49.952
54 50 0.048 49.952
31 50 0.048 49.952
47 50 0.0048 49.9952
41 50 0.048 49.952
42 50 0.048 49.952
28 50 0.048 49.952
40 50 0.048 49.952
49 50 0.048 49.952
34 50 0.048 49.952
44 50 0.048 49.952
25 50 0.0048 49.9952
45 50 0.048 49.952
30 50 0.048 49.952
52 50 0.048 49.952
50 50 0.048 49.952
27 50 0.048 49.952
37 50 0.048 49.952
46 50 0.0048 49.9952
46 49.9952 0.048 49.9472
37 49.952 0.0048 49.9472
48 50 0.048 49.952
48 49.952 0.0048 49.9472
48 49.9472 0.16 49.7872
29 50 0.048 49.952
39 50 0.048 49.952
36 50 0.048 49.952
26 50 0.048 49.952
47 49.9952 0.048 49.9472
31 49.952 0.0048 49.9472
33 50 0.048 49.952
25 49.9952 0.048 49.9472
44 49.952 0.0048 49.9472
43 50 0.048 49.952
54 50 0.048 49.952
31 50 0.048 49.952
47 50 0.0048 49.9952
41 50 0.048 49.952
42 50 0.048 49.952
28 50 0.048 49.952
40 50 0.048 49.952
49 50 0.048 49.952
34 50 0.048 49.952
44 50 0.048 49.952
25 50 0.0048 49.9952
45 50 0.048 49.952
30 50 0.048 49.952
52 50 0.0048 49.9952
52 49.9952 0.048 49.9472
30 49.952 0.0048 49.9472
50 50 0.048 49.952
27 50 0.048 49.952
37 50 0.048 49.952
46 50 0.0048 49.9952
46 49.9952 0.048 49.9472
37 49.952 0.0048 49.9472
29 50 0.048 49.952
39 50 0.048 49.952
39 49.952 0.0048 49.9472
39 49.9472 0.16 49.7872
36 50 0.048 49.952
26 50 0.048 49.952
47 49.9952 0.048 49.9472
31 49.952 0.0048 49.9472
33 50 0.048 49.952
25 49.9952 0.048 49.9472
44 49.952 0.0048 49.9472
43 50 0.048 49.952
54 50 0.048 49.952
31 50 0.048 49.952
47 50 0.0048 49.9952
41 50 0.048 49.952
42 50 0.048 49.952
28 50 0.048 49.952
40 50 0.048 49.952
49 50 0.048 49.952
34 50 0.048 49.952
44 50 0.048 49.952
45 50 0.048 49.952
30 50 0.048 49.952
52 50 0.0048 49.9952
52 49.9952 0.048 49.9472
30 49.952 0.0048 49.9472
50 50 0.048 49.952
27 50 0.048 49.952
37 50 0.048 49.952
46 50 0.048 49.952
29 50 0.048 49.952
36 50 0.048 49.952
26 50 0.048 49.952
47 49.9952 0.048 49.9472
31 49.952 0.0048 49.9472
33 50 0.048 49.952
25 50 0.048 49.952
43 50 0.048 49.952
54 50 0.048 49.952
31 50 0.048 49.952
41 50 0.048 49.952
42 50 0.048 49.952
28 50 0.048 49.952
40 50 0.048 49.952
49 50 0.048 49.952
34 50 0.048 49.952
44 50 0.048 49.952
45 50 0.048 49.952
30 50 0.048 49.952
52 50 0.0048 49.9952
52 49.9952 0.048 49.9472
30 49.952 0.0048 49.9472
50 50 0.048 49.952
27 50 0.048 49.952
37 50 0.048 49.952
46 50 0.048 49.952
29 50 0.048 49.952
36 50 0.048 49.952
26 50 0.048 49.952
47 50 0.048 49.952
31 49.952 0.0048 49.9472
33 50 0.048 49.952
25 50 0.048 49.952
43 50 0.048 49.952
54 50 0.048 49.952
31 50 0.048 49.952
47 50 0.0048 49.9952
41 50 0.048 49.952
42 50 0.048 49.952
28 50 0.048 49.952
40 50 0.0048 49.9952
40 49.9952 0.048 49.9472
28 49.952 0.0048 49.9472
49 50 0.048 49.952
34 50 0.048 49.952
44 50 0.048 49.952
45 50 0.048 49.952
30 50 0.048 49.952
52 50 0.0048 49.9952
52 49.9952 0.048 49.9472
30 49.952 0.0048 49.9472
50 50 0.048 49.952
27 50 0.048 49.952
37 50 0.048 49.952
46 50 0.048 49.952
29 50 0.048 49.952
36 50 0.048 49.952
26 50 0.048 49.952
47 49.9952 0.048 49.9472
31 49.952 0.0048 49.9472
33 50 0.048 49.952
25 50 0.048 49.952
43 50 0.048 49.952
54 50 0.048 49.952
31 50 0.048 49.952
47 50 0.0048 49.9952
41 50 0.048 49.952
41 49.952 0.0048 49.9472
41 49.9472 0.16 49.7872
42 50 0.048 49.952
28 50 0.048 49.952
40 50 0.048 49.952
49 50 0.048 49.952
34 50 0.048 49.952
44 50 0.048 49.952
45 50 0.048 49.952
30 50 0.048 49.952
52 50 0.048 49.952
50 50 0.048 49.952
27 50 0.048 49.952
37 50 0.048 49.952
46 50 0.048 49.952
29 50 0.048 49.952
36 50 0.048 49.952
26 50 0.048 49.952
47 49.9952 0.048 49.9472
31 49.952 0.0048 49.9472
33 50 0.048 49.952
25 50 0.048 49.952
43 50 0.048 49.952
54 50 0.048 49.952
31 50 0.048 49.952
47 50 0.0048 49.9952
42 50 0.048 49.952
28 50 0.048 49.952
40 50 0.048 49.952
49 50 0.048 49.952
34 50 0.048 49.952
44 50 0.048 49.952
45 50 0.048 49.952
30 50 0.048 49.952
52 50 0.0048 49.9952
52 49.9952 0.048 49.9472
30 49.952 0.0048 49.9472
50 50 0.048 49.952
27 50 0.048 49.952
37 50 0.048 49.952
46 50 0.0048 49.9952
46 49.9952 0.048 49.9472
37 49.952 0.0048 49.9472
29 50 0.048 49.952
36 50 0.048 49.952
26 50 0.048 49.952
47 49.9952 0.048 49.9472
31 49.952 0.0048 49.9472
47 49.9472 0.0048 49.9424
47 49.9424 0.16 49.7824
33 50 0.048 49.952
31 49.9472 0.016 49.9312
25 50 0.048 49.952
43 50 0.048 49.952
54 50 0.048 49.952
31 50 0.048 49.952
42 50 0.048 49.952
28 50 0.048 49.952
40 50 0.048 49.952
49 50 0.048 49.952
34 50 0.048 49.952
44 50 0.048 49.952
45 50 0.048 49.952
30 50 0.048 49.952
52 50 0.048 49.952
50 50 0.048 49.952
27 50 0.048 49.952
37 50 0.048 49.952
46 50 0.0048 49.9952
46 49.9952 0.048 49.9472
37 49.952 0.0048 49.9472
29 50 0.048 49.952
36 50 0.048 49.952
26 50 0.048 49.952
33 50 0.048 49.952
25 50 0.048 49.952
43 50 0.048 49.952
54 50 0.048 49.952
31 50 0.048 49.952
42 50 0.048 49.952
28 50 0.048 49.952
40 50 0.048 49.952
49 50 0.048 49.952
34 50 0.048 49.952
44 50 0.048 49.952
45 50 0.048 49.952
52 50 0.0048 49.9952
30 50 0.048 49.952
52 49.9952 0.0048 49.9904
52 49.9904 0.048 49.9424
30 49.952 0.0048 49.9472
45 49.952 0.0048 49.9472
50 50 0.048 49.952
27 50 0.048 49.952
37 50 0.048 49.952
46 50 0.0048 49.9952
46 49.9952 0.048 49.9472
37 49.952 0.0048 49.9472
29 50 0.048 49.952
36 50 0.048 49.952
26 50 0.048 49.952
33 50 0.048 49.952
25 50 0.048 49.952
43 50 0.048 49.952
54 50 0.048 49.952
31 50 0.048 49.952
47 50 0.0048 49.9952
42 50 0.048 49.952
28 50 0.048 49.952
40 50 0.048 49.952
49 50 0.048 49.952
34 50 0.048 49.952
44 50 0.048 49.952
45 50 0.048 49.952
30 50 0.048 49.952
52 50 0.0048 49.9952
52 49.9952 0.048 49.9472
30 49.952 0.0048 49.9472
50 50 0.048 49.952
27 50 0.048 49.952
37 50 0.048 49.952
46 50 0.048 49.952
29 50 0.048 49.952
36 50 0.048 49.952
26 50 0.048 49.952
33 50 0.048 49.952
25 50 0.048 49.952
43 50 0.048 49.952
54 50 0.048 49.952
31 50 0.048 49.952
47 50 0.0048 49.9952
42 50 0.048 49.952
49 50 0.0048 49.9952
28 50 0.048 49.952
40 50 0.048 49.952
49 49.9952 0.048 49.9472
42 49.952 0.0048 49.9472
34 50 0.048 49.952
44 50 0.048 49.952
45 50 0.048 49.952
30 50 0.048 49.952
52 50 0.048 49.952
50 50 0.048 49.952
27 50 0.048 49.952
37 50 0.048 49.952
46 50 0.048 49.952
29 50 0.048 49.952
36 50 0.048 49.952
26 50 0.048 49.952
33 50 0.048 49.952
25 50 0.048 49.952
43 50 0.048 49.952
54 50 0.048 49.952
31 50 0.048 49.952
47 50 0.0048 49.9952
42 50 0.048 49.952
49 50 0.0048 49.9952
28 50 0.048 49.952
40 50 0.048 49.952
49 49.9952 0.048 49.9472
42 49.952 0.0048 49.9472
34 50 0.048 49.952
44 50 0.048 49.952
45 50 0.048 49.952
30 50 0.048 49.952
52 50 0.048 49.952
50 50 0.048 49.952
27 50 0.048 49.952
37 50 0.048 49.952
46 50 0.048 49.952
29 50 0.048 49.952
36 50 0.048 49.952
26 50 0.048 49.952
33 50 0.048 49.952
25 50 0.048 49.952
43 50 0.048 49.952
54 50 0.048 49.952
31 50 0.048 49.952
47 50 0.0048 49.9952
42 50 0.048 49.952
49 50 0.0048 49.9952
28 50 0.048 49.952
40 50 0.0048 49.9952
40 49.9952 0.048 49.9472
28 49.952 0.0048 49.9472
49 49.9952 0.048 49.9472
42 49.952 0.0048 49.9472
34 50 0.048 49.952
44 50 0.048 49.952
45 50 0.048 49.952
30 50 0.048 49.952
52 50 0.048 49.952
50 50 0.048 49.952
27 50 0.048 49.952
37 50 0.048 49.952
46 50 0.048 49.952
29 50 0.048 49.952
36 50 0.048 49.952
26 50 0.048 49.952
33 50 0.048 49.952
25 50 0.048 49.952
43 50 0.048 49.952
54 50 0.048 49.952
31 50 0.048 49.952
42 50 0.048 49.952
28 50 0.048 49.952
40 50 0.048 49.952
49 50 0.048 49.952
34 50 0.048 49.952
44 50 0.048 49.952
45 50 0.048 49.952
30 50 0.048 49.952
52 50 0.048 49.952
50 50 0.048 49.952
27 50 0.048 49.952
37 50 0.048 49.952
46 50 0.0048 49.9952
46 49.9952 0.048 49.9472
37 49.952 0.0048 49.9472
29 50 0.048 49.952
36 50 0.048 49.952
26 50 0.048 49.952
33 50 0.048 49.952
25 50 0.048 49.952
43 50 0.048 49.952
54 50 0.048 49.952
31 50 0.048 49.952
42 50 0.048 49.952
49 50 0.0048 49.9952
28 50 0.048 49.952
40 50 0.0048 49.9952
40 49.9952 0.048 49.9472
28 49.952 0.0048 49.9472
49 49.9952 0.048 49.9472
42 49.952 0.0048 49.9472
34 50 0.048 49.952
44 50 0.048 49.952
45 50 0.048 49.952
30 50 0.048 49.952
52 50 0.0048 49.9952
52 49.9952 0.048 49.9472
30 49.952 0.0048 49.9472
50 50 0.048 49.952
27 50 0.048 49.952
37 50 0.048 49.952
46 50 0.0048 49.9952
46 49.9952 0.048 49.9472
37 49.952 0.0048 49.9472
32 50 0.048 49.952
29 50 0.048 49.952
36 50 0.048 49.952
26 50 0.048 49.952
33 50 0.048 49.952
25 50 0.048 49.952
43 50 0.048 49.952
54 50 0.048 49.952
31 50 0.048 49.952
47 50 0.0048 49.9952
42 50 0.048 49.952
28 50 0.048 49.952
40 50 0.048 49.952
49 50 0.048 49.952
34 50 0.048 49.952
44 50 0.048 49.952
45 50 0.048 49.952
30 50 0.048 49.952
52 50 0.0048 49.9952
52 49.9952 0.048 49.9472
30 49.952 0.0048 49.9472
50 50 0.048 49.952
27 50 0.048 49.952
37 50 0.048 49.952
46 50 0.0048 49.9952
46 49.9952 0.048 49.9472
37 49.952 0.0048 49.9472
32 50 0.048 49.952
32 49.952 0.0048 49.9472
32 49.9472 0.16 49.7872
32 49.7872 0.0016 49.7856
35 50 0.016 49.984
35 49.984 0.016 49.968
35 49.968 0.048 49.92
53 50 0.016 49.984
54 49.952 0.016 49.936
48 50 0.016 49.984
48 49.984 0.016 49.968
48 49.968 0.048 49.92
53 49.984 0.016 49.968
54 49.936 0.016 49.92
29 49.952 0.016 49.936
39 50 0.016 49.984
39 49.984 0.016 49.968
39 49.968 0.048 49.92
29 49.936 0.016 49.92
36 50 0.016 49.984
43 49.952 0.016 49.936
26 50 0.016 49.984
36 49.984 0.016 49.968
41 50 0.016 49.984
41 49.984 0.016 49.968
41 49.968 0.048 49.92
43 49.936 0.016 49.92
38 50 0.016 49.984
51 50 0.016 49.984
51 49.984 0.016 49.968
51 49.968 0.048 49.92
26 49.984 0.016 49.968
31 49.952 0.016 49.936
33 50 0.016 49.984
47 49.9952 0.016 49.9792
47 49.9792 0.016 49.9632
47 49.9632 0.048 49.9152
31 49.936 0.0048 49.9312
27 49.952 0.016 49.936
38 49.984 0.016 49.968
46 49.9472 0.016 49.9312
33 49.984 0.016 49.968
27 49.936 0.016 49.92
37 49.9472 0.016 49.9312
46 49.9312 0.016 49.9152
50 49.952 0.016 49.936
42 49.952 0.016 49.936
30 49.9472 0.016 49.9312
37 49.9312 0.016 49.9152
50 49.936 0.016 49.92
52 49.9472 0.016 49.9312
28 49.952 0.016 49.936
40 49.952 0.016 49.936
42 49.936 0.016 49.92
49 49.952 0.016 49.936
30 49.9312 0.016 49.9152
45 49.952 0.016 49.936
52 49.9312 0.016 49.9152
45 49.936 0.016 49.92
25 50 0.016 49.984
44 49.952 0.016 49.936
25 49.984 0.016 49.968
34 49.952 0.016 49.936
44 49.936 0.016 49.92
29 50 0.048 49.952
36 49.968 0.048 49.92
26 49.968 0.048 49.92
33 49.968 0.048 49.92
25 49.968 0.048 49.92
43 50 0.048 49.952
29 49.952 0.0048 49.9472
54 50 0.048 49.952
31 50 0.048 49.952
47 50 0.0048 49.9952
42 50 0.048 49.952
28 50 0.048 49.952
40 50 0.0048 49.9952
40 49.9952 0.048 49.9472
28 49.952 0.0048 49.9472
49 50 0.048 49.952
34 50 0.048 49.952
44 50 0.048 49.952
45 50 0.048 49.952
30 50 0.048 49.952
52 50 0.048 49.952
50 50 0.048 49.952
27 50 0.048 49.952
37 50 0.048 49.952
46 50 0.048 49.952
35 50 0.048 49.952
48 50 0.048 49.952
39 50 0.048 49.952
41 50 0.048 49.952
51 50 0.048 49.952
38 50 0.0048 49.9952
47 49.9952 0.048 49.9472
31 49.952 0.0048 49.9472
29 50 0.048 49.952
43 49.952 0.0048 49.9472
36 50 0.048 49.952
26 50 0.048 49.952
33 50 0.048 49.952
25 50 0.048 49.952
43 50 0.048 49.952
29 49.952 0.0048 49.9472
54 50 0.048 49.952
31 50 0.048 49.952
47 50 0.0048 49.9952
42 50 0.048 49.952
49 50 0.0048 49.9952
28 50 0.048 49.952
40 50 0.0048 49.9952
40 49.9952 0.048 49.9472
28 49.952 0.0048 49.9472
49 49.9952 0.048 49.9472
42 49.952 0.0048 49.9472
34 50 0.048 49.952
44 50 0.048 49.952
45 50 0.048 49.952
30 50 0.048 49.952
52 50 0.0048 49.9952
52 49.9952 0.048 49.9472
30 49.952 0.0048 49.9472
50 50 0.048 49.952
27 50 0.048 49.952
37 50 0.048 49.952
46 50 0.048 49.952
35 50 0.048 49.952
48 50 0.048 49.952
39 50 0.048 49.952
41 50 0.048 49.952
51 50 0.048 49.952
38 50 0.0048 49.9952
47 49.9952 0.048 49.9472
31 49.952 0.0048 49.9472
29 50 0.048 49.952
43 49.952 0.0048 49.9472
36 50 0.048 49.952
26 50 0.048 49.952
33 50 0.048 49.952
25 50 0.048 49.952
43 50 0.048 49.952
54 50 0.048 49.952
31 50 0.048 49.952
47 50 0.0048 49.9952
42 50 0.048 49.952
28 50 0.048 49.952
40 50 0.0048 49.9952
40 49.9952 0.048 49.9472
28 49.952 0.0048 49.9472
49 50 0.048 49.952
34 50 0.048 49.952
44 50 0.048 49.952
45 50 0.048 49.952
30 50 0.048 49.952
52 50 0.0048 49.9952
52 49.9952 0.048 49.9472
30 49.952 0.0048 49.9472
50 50 0.048 49.952
27 50 0.048 49.952
37 50 0.048 49.952
46 50 0.048 49.952
35 50 0.048 49.952
48 50 0.048 49.952
39 50 0.048 49.952
41 50 0.048 49.952
51 50 0.048 49.952
38 50 0.0048 49.9952
47 49.9952 0.048 49.9472
31 49.952 0.0048 49.9472
29 50 0.048 49.952
36 50 0.048 49.952
26 50 0.048 49.952
33 50 0.048 49.952
25 50 0.048 49.952
43 50 0.048 49.952
54 50 0.048 49.952
31 50 0.048 49.952
47 50 0.0048 49.9952
42 50 0.048 49.952
28 50 0.048 49.952
40 50 0.0048 49.9952
40 49.9952 0.048 49.9472
28 49.952 0.0048 49.9472
49 50 0.048 49.952
34 50 0.048 49.952
44 50 0.048 49.952
45 50 0.048 49.952
30 50 0.048 49.952
52 50 0.0048 49.9952
52 49.9952 0.048 49.9472
30 49.952 0.0048 49.9472
50 50 0.048 49.952
27 50 0.048 49.952
37 50 0.048 49.952
46 50 0.048 49.952
35 50 0.048 49.952
48 50 0.048 49.952
39 50 0.048 49.952
41 50 0.048 49.952
51 50 0.048 49.952
38 50 0.0048 49.9952
47 49.9952 0.048 49.9472
31 49.952 0.0048 49.9472
29 50 0.048 49.952
36 50 0.048 49.952
26 50 0.048 49.952
33 50 0.048 49.952
25 50 0.048 49.952
43 50 0.048 49.952
29 49.952 0.0048 49.9472
54 50 0.048 49.952
31 50 0.048 49.952
47 50 0.0048 49.9952
42 50 0.048 49.952
28 50 0.048 49.952
40 50 0.048 49.952
49 50 0.048 49.952
34 50 0.048 49.952
44 50 0.048 49.952
45 50 0.048 49.952
30 50 0.048 49.952
52 50 0.0048 49.9952
52 49.9952 0.048 49.9472
30 49.952 0.0048 49.9472
50 50 0.048 49.952
27 50 0.048 49.952
37 50 0.048 49.952
46 50 0.048 49.952
35 50 0.048 49.952
48 50 0.048 49.952
39 50 0.048 49.952
41 50 0.048 49.952
51 50 0.048 49.952
47 49.9952 0.048 49.9472
31 49.952 0.0048 49.9472
29 50 0.048 49.952
43 49.952 0.0048 49.9472
36 50 0.048 49.952
26 50 0.048 49.952
33 50 0.048 49.952
25 50 0.048 49.952
43 50 0.048 49.952
54 50 0.048 49.952
31 50 0.048 49.952
47 50 0.0048 49.9952
42 50 0.048 49.952
49 50 0.0048 49.9952
28 50 0.048 49.952
40 50 0.048 49.952
49 49.9952 0.048 49.9472
42 49.952 0.0048 49.9472
34 50 0.048 49.952
44 50 0.048 49.952
45 50 0.048 49.952
30 50 0.048 49.952
52 50 0.048 49.952
50 50 0.048 49.952
27 50 0.048 49.952
37 50 0.048 49.952
46 50 0.0048 49.9952
46 49.9952 0.048 49.9472
37 49.952 0.0048 49.9472
35 50 0.048 49.952
48 50 0.048 49.952
39 50 0.048 49.952
41 50 0.048 49.952
51 50 0.048 49.952
38 50 0.0048 49.9952
47 49.9952 0.048 49.9472
31 49.952 0.0048 49.9472
29 50 0.048 49.952
36 50 0.048 49.952
26 50 0.048 49.952
33 50 0.048 49.952
25 50 0.048 49.952
43 50 0.048 49.952
54 50 0.048 49.952
31 50 0.048 49.952
47 50 0.0048 49.9952
42 50 0.048 49.952
28 50 0.048 49.952
40 50 0.048 49.952
49 50 0.048 49.952
34 50 0.048 49.952
44 50 0.048 49.952
45 50 0.048 49.952
30 50 0.048 49.952
52 50 0.048 49.952
50 50 0.048 49.952
27 50 0.048 49.952
37 50 0.048 49.952
46 50 0.048 49.952
35 50 0.048 49.952
48 50 0.048 49.952
39 50 0.048 49.952
41 50 0.048 49.952
51 50 0.048 49.952
38 50 0.0048 49.9952
47 49.9952 0.048 49.9472
31 49.952 0.0048 49.9472
29 50 0.048 49.952
36 50 0.048 49.952
26 50 0.048 49.952
41 49.952 0.0048 49.9472
33 50 0.048 49.952
25 50 0.048 49.952
43 50 0.048 49.952
54 50 0.048 49.952
31 50 0.048 49.952
47 50 0.0048 49.9952
42 50 0.048 49.952
28 50 0.048 49.952
40 50 0.0048 49.9952
40 49.9952 0.048 49.9472
28 49.952 0.0048 49.9472
49 50 0.048 49.952
34 50 0.048 49.952
44 50 0.048 49.952
45 50 0.048 49.952
30 50 0.048 49.952
52 50 0.0048 49.9952
52 49.9952 0.048 49.9472
30 49.952 0.0048 49.9472
50 50 0.048 49.952
27 50 0.048 49.952
37 50 0.048 49.952
46 50 0.048 49.952
35 50 0.048 49.952
48 50 0.048 49.952
39 50 0.048 49.952
41 50 0.048 49.952
26 50 0.0048 49.9952
51 50 0.048 49.952
38 50 0.0048 49.9952
47 49.9952 0.048 49.9472
31 49.952 0.0048 49.9472
29 50 0.048 49.952
36 50 0.048 49.952
26 49.9952 0.048 49.9472
41 49.952 0.0048 49.9472
33 50 0.048 49.952
25 50 0.048 49.952
43 50 0.048 49.952
54 50 0.048 49.952
31 50 0.048 49.952
47 50 0.0048 49.9952
42 50 0.048 49.952
28 50 0.048 49.952
40 50 0.048 49.952
49 50 0.048 49.952
34 50 0.048 49.952
44 50 0.048 49.952
45 50 0.048 49.952
30 50 0.048 49.952
52 50 0.0048 49.9952
52 49.9952 0.048 49.9472
30 49.952 0.0048 49.9472
50 50 0.048 49.952
27 50 0.048 49.952
37 50 0.048 49.952
46 50 0.048 49.952
35 50 0.048 49.952
48 50 0.048 49.952
39 50 0.048 49.952
41 50 0.048 49.952
51 50 0.048 49.952
38 50 0.0048 49.9952
47 49.9952 0.048 49.9472
31 49.952 0.0048 49.9472
29 50 0.048 49.952
36 50 0.048 49.952
26 50 0.048 49.952
33 50 0.048 49.952
25 50 0.048 49.952
43 50 0.048 49.952
54 50 0.048 49.952
31 50 0.048 49.952
47 50 0.0048 49.9952
42 50 0.048 49.952
28 50 0.048 49.952
40 50 0.0048 49.9952
40 49.9952 0.048 49.9472
28 49.952 0.0048 49.9472
49 50 0.048 49.952
34 50 0.048 49.952
44 50 0.048 49.952
45 50 0.048 49.952
30 50 0.048 49.952
52 50 0.0048 49.9952
52 49.9952 0.048 49.9472
30 49.952 0.0048 49.9472
50 50 0.048 49.952
27 50 0.048 49.952
37 50 0.048 49.952
46 50 0.048 49.952
35 50 0.048 49.952
48 50 0.048 49.952
39 50 0.048 49.952
41 50 0.048 49.952
51 50 0.048 49.952
38 50 0.0048 49.9952
47 49.9952 0.048 49.9472
31 49.952 0.0048 49.9472
29 50 0.048 49.952
36 50 0.048 49.952
26 50 0.048 49.952
33 50 0.048 49.952
25 50 0.048 49.952
43 50 0.048 49.952
54 50 0.048 49.952
31 50 0.048 49.952
47 50 0.0048 49.9952
42 50 0.048 49.952
28 50 0.048 49.952
40 50 0.048 49.952
49 50 0.048 49.952
34 50 0.048 49.952
44 50 0.048 49.952
45 50 0.048 49.952
30 50 0.048 49.952
52 50 0.048 49.952
50 50 0.048 49.952
27 50 0.048 49.952
37 50 0.048 49.952
46 50 0.048 49.952
35 50 0.048 49.952
48 50 0.048 49.952
39 50 0.048 49.952
41 50 0.048 49.952
51 50 0.048 49.952
38 50 0.0048 49.9952
47 49.9952 0.048 49.9472
31 49.952 0.0048 49.9472
29 50 0.048 49.952
36 50 0.048 49.952
26 50 0.048 49.952
33 50 0.048 49.952
25 50 0.048 49.952
43 50 0.048 49.952
54 50 0.048 49.952
31 50 0.048 49.952
42 50 0.048 49.952
28 50 0.048 49.952
40 50 0.048 49.952
49 50 0.048 49.952
34 50 0.048 49.952
44 50 0.048 49.952
45 50 0.048 49.952
30 50 0.048 49.952
52 50 0.048 49.952
50 50 0.048 49.952
27 50 0.048 49.952
37 50 0.048 49.952
46 50 0.048 49.952
35 50 0.048 49.952
48 50 0.048 49.952
39 50 0.048 49.952
41 50 0.048 49.952
51 50 0.048 49.952
38 50 0.0048 49.9952
47 50 0.048 49.952
29 50 0.048 49.952
36 50 0.048 49.952
26 50 0.048 49.952
33 50 0.048 49.952
25 50 0.048 49.952
43 50 0.048 49.952
29 49.952 0.0048 49.9472
54 50 0.048 49.952
31 50 0.048 49.952
42 50 0.048 49.952
28 50 0.048 49.952
40 50 0.0048 49.9952
40 49.9952 0.048 49.9472
28 49.952 0.0048 49.9472
49 50 0.048 49.952
34 50 0.048 49.952
44 50 0.048 49.952
45 50 0.048 49.952
30 50 0.048 49.952
52 50 0.048 49.952
50 50 0.048 49.952
27 50 0.048 49.952
37 50 0.048 49.952
46 50 0.048 49.952
35 50 0.048 49.952
48 50 0.048 49.952
39 50 0.0048 49.9952
39 49.9952 0.048 49.9472
48 49.952 0.0048 49.9472
41 50 0.048 49.952
51 50 0.048 49.952
38 50 0.0048 49.9952
47 50 0.048 49.952
29 50 0.048 49.952
36 50 0.048 49.952
26 50 0.048 49.952
33 50 0.048 49.952
25 50 0.048 49.952
43 50 0.048 49.952
54 50 0.048 49.952
31 50 0.048 49.952
47 50 0.0048 49.9952
42 50 0.048 49.952
28 50 0.048 49.952
40 50 0.0048 49.9952
40 49.9952 0.048 49.9472
28 49.952 0.0048 49.9472
49 50 0.048 49.952
34 50 0.048 49.952
44 50 0.048 49.952
45 50 0.048 49.952
30 50 0.048 49.952
52 50 0.048 49.952
50 50 0.048 49.952
27 50 0.048 49.952
37 50 0.048 49.952
46 50 0.048 49.952
35 50 0.048 49.952
48 50 0.048 49.952
39 50 0.048 49.952
41 50 0.048 49.952
51 50 0.048 49.952
47 49.9952 0.048 49.9472
31 49.952 0.0048 49.9472
29 50 0.048 49.952
36 50 0.048 49.952
26 50 0.048 49.952
33 50 0.048 49.952
25 50 0.048 49.952
43 50 0.048 49.952
54 50 0.048 49.952
31 50 0.048 49.952
47 50 0.0048 49.9952
42 50 0.048 49.952
28 50 0.048 49.952
40 50 0.048 49.952
49 50 0.048 49.952
34 50 0.048 49.952
44 50 0.048 49.952
45 50 0.048 49.952
30 50 0.048 49.952
52 50 0.0048 49.9952
52 49.9952 0.048 49.9472
30 49.952 0.0048 49.9472
50 50 0.048 49.952
27 50 0.048 49.952
37 50 0.048 49.952
46 50 0.048 49.952
35 50 0.048 49.952
48 50 0.048 49.952
39 50 0.048 49.952
41 50 0.048 49.952
26 50 0.0048 49.9952
51 50 0.048 49.952
38 50 0.0048 49.9952
47 49.9952 0.048 49.9472
31 49.952 0.0048 49.9472
29 50 0.048 49.952
36 50 0.048 49.952
26 49.9952 0.048 49.9472
33 50 0.048 49.952
25 50 0.048 49.952
43 50 0.048 49.952
54 50 0.048 49.952
31 50 0.048 49.952
47 50 0.0048 49.9952
42 50 0.048 49.952
28 50 0.048 49.952
40 50 0.048 49.952
49 50 0.048 49.952
34 50 0.048 49.952
44 50 0.048 49.952
45 50 0.048 49.952
30 50 0.048 49.952
52 50 0.0048 49.9952
52 49.9952 0.048 49.9472
30 49.952 0.0048 49.9472
50 50 0.048 49.952
50 49.952 0.0048 49.9472
50 49.9472 0.16 49.7872
27 50 0.048 49.952
37 50 0.048 49.952
46 50 0.048 49.952
35 50 0.048 49.952
48 50 0.048 49.952
39 50 0.048 49.952
41 50 0.048 49.952
51 50 0.048 49.952
38 50 0.0048 49.9952
47 49.9952 0.048 49.9472
31 49.952 0.0048 49.9472
29 50 0.048 49.952
36 50 0.048 49.952
26 50 0.048 49.952
33 50 0.048 49.952
25 50 0.048 49.952
43 50 0.048 49.952
54 50 0.048 49.952
31 50 0.048 49.952
47 50 0.0048 49.9952
42 50 0.048 49.952
28 50 0.048 49.952
40 50 0.048 49.952
49 50 0.048 49.952
34 50 0.048 49.952
44 50 0.048 49.952
45 50 0.048 49.952
30 50 0.048 49.952
52 50 0.048 49.952
27 50 0.048 49.952
37 50 0.048 49.952
46 50 0.048 49.952
35 50 0.048 49.952
48 50 0.048 49.952
39 50 0.0048 49.9952
39 49.9952 0.048 49.9472
48 49.952 0.0048 49.9472
41 50 0.048 49.952
51 50 0.048 49.952
47 49.9952 0.048 49.9472
31 49.952 0.0048 49.9472
29 50 0.048 49.952
36 50 0.048 49.952
26 50 0.048 49.952
33 50 0.048 49.952
25 50 0.048 49.952
43 50 0.048 49.952
54 50 0.048 49.952
31 50 0.048 49.952
47 50 0.0048 49.9952
42 50 0.048 49.952
28 50 0.048 49.952
40 50 0.0048 49.9952
40 49.9952 0.048 49.9472
28 49.952 0.0048 49.9472
49 50 0.048 49.952
34 50 0.048 49.952
44 50 0.048 49.952
45 50 0.048 49.952
30 50 0.048 49.952
52 50 0.048 49.952
27 50 0.048 49.952
37 50 0.048 49.952
46 50 0.0048 49.9952
46 49.9952 0.048 49.9472
37 49.952 0.0048 49.9472
35 50 0.048 49.952
48 50 0.048 49.952
39 50 0.048 49.952
41 50 0.048 49.952
51 50 0.048 49.952
38 50 0.0048 49.9952
47 49.9952 0.048 49.9472
31 49.952 0.0048 49.9472
29 50 0.048 49.952
36 50 0.048 49.952
26 50 0.048 49.952
33 50 0.048 49.952
25 50 0.048 49.952
43 50 0.048 49.952
54 50 0.048 49.952
31 50 0.048 49.952
47 50 0.0048 49.9952
42 50 0.048 49.952
49 50 0.0048 49.9952
28 50 0.048 49.952
40 50 0.0048 49.9952
40 49.9952 0.048 49.9472
28 49.952 0.0048 49.9472
49 49.9952 0.048 49.9472
42 49.952 0.0048 49.9472
34 50 0.048 49.952
44 50 0.048 49.952
45 50 0.048 49.952
30 50 0.048 49.952
52 50 0.048 49.952
27 50 0.048 49.952
37 50 0.048 49.952
46 50 0.0048 49.9952
46 49.9952 0.048 49.9472
37 49.952 0.0048 49.9472
35 50 0.048 49.952
48 50 0.048 49.952
39 50 0.048 49.952
41 50 0.048 49.952
51 50 0.048 49.952
38 50 0.0048 49.9952
47 49.9952 0.048 49.9472
31 49.952 0.0048 49.9472
29 50 0.048 49.952
36 50 0.048 49.952
26 50 0.048 49.952
33 50 0.048 49.952
25 50 0.048 49.952
43 50 0.048 49.952
54 50 0.048 49.952
31 50 0.048 49.952
47 50 0.0048 49.9952
42 50 0.048 49.952
28 50 0.048 49.952
40 50 0.048 49.952
49 50 0.048 49.952
34 50 0.048 49.952
44 50 0.048 49.952
45 50 0.048 49.952
30 50 0.048 49.952
52 50 0.048 49.952
27 50 0.048 49.952
37 50 0.048 49.952
46 50 0.0048 49.9952
46 49.9952 0.048 49.9472
37 49.952 0.0048 49.9472
35 50 0.048 49.952
48 50 0.048 49.952
39 50 0.048 49.952
41 50 0.048 49.952
51 50 0.048 49.952
38 50 0.0048 49.9952
47 49.9952 0.048 49.9472
31 49.952 0.0048 49.9472
29 50 0.048 49.952
36 50 0.048 49.952
26 50 0.048 49.952
33 50 0.048 49.952
25 50 0.048 49.952
43 50 0.048 49.952
54 50 0.048 49.952
31 50 0.048 49.952
47 50 0.0048 49.9952
42 50 0.048 49.952
28 50 0.048 49.952
40 50 0.048 49.952
49 50 0.048 49.952
34 50 0.048 49.952
44 50 0.048 49.952
45 50 0.048 49.952
30 50 0.048 49.952
52 50 0.048 49.952
27 50 0.048 49.952
37 50 0.048 49.952
46 50 0.048 49.952
35 50 0.048 49.952
48 50 0.048 49.952
39 50 0.048 49.952
41 50 0.048 49.952
51 50 0.048 49.952
38 50 0.0048 49.9952
47 49.9952 0.048 49.9472
31 49.952 0.0048 49.9472
29 50 0.048 49.952
36 50 0.048 49.952
26 50 0.048 49.952
33 50 0.048 49.952
25 50 0.048 49.952
43 50 0.048 49.952
54 50 0.048 49.952
31 50 0.048 49.952
47 50 0.0048 49.9952
42 50 0.048 49.952
28 50 0.048 49.952
40 50 0.048 49.952
49 50 0.048 49.952
34 50 0.048 49.952
44 50 0.048 49.952
45 50 0.048 49.952
30 50 0.048 49.952
52 50 0.048 49.952
27 50 0.048 49.952
37 50 0.048 49.952
46 50 0.048 49.952
35 50 0.048 49.952
48 50 0.048 49.952
39 50 0.048 49.952
41 50 0.048 49.952
51 50 0.048 49.952
38 50 0.0048 49.9952
47 49.9952 0.048 49.9472
31 49.952 0.0048 49.9472
29 50 0.048 49.952
36 50 0.048 49.952
26 50 0.048 49.952
33 50 0.048 49.952
25 50 0.048 49.952
43 50 0.048 49.952
54 50 0.048 49.952
31 50 0.048 49.952
42 50 0.048 49.952
49 50 0.0048 49.9952
28 50 0.048 49.952
40 50 0.048 49.952
49 49.9952 0.048 49.9472
42 49.952 0.0048 49.9472
34 50 0.048 49.952
44 50 0.048 49.952
45 50 0.048 49.952
30 50 0.048 49.952
52 50 0.048 49.952
27 50 0.048 49.952
37 50 0.048 49.952
46 50 0.048 49.952
35 50 0.048 49.952
48 50 0.048 49.952
39 50 0.048 49.952
41 50 0.048 49.952
51 50 0.048 49.952
38 50 0.0048 49.9952
47 50 0.048 49.952
29 50 0.048 49.952
36 50 0.048 49.952
26 50 0.048 49.952
33 50 0.048 49.952
25 50 0.048 49.952
43 50 0.048 49.952
54 50 0.048 49.952
31 50 0.048 49.952
47 50 0.0048 49.9952
42 50 0.048 49.952
49 50 0.0048 49.9952
28 50 0.048 49.952
40 50 0.048 49.952
49 49.9952 0.048 49.9472
42 49.952 0.0048 49.9472
34 50 0.048 49.952
44 50 0.048 49.952
45 50 0.048 49.952
30 50 0.048 49.952
52 50 0.048 49.952
27 50 0.048 49.952
37 50 0.048 49.952
46 50 0.048 49.952
35 50 0.048 49.952
48 50 0.048 49.952
39 50 0.048 49.952
41 50 0.048 49.952
51 50 0.048 49.952
38 50 0.0048 49.9952
47 49.9952 0.048 49.9472
31 49.952 0.0048 49.9472
29 50 0.048 49.952
36 50 0.048 49.952
26 50 0.048 49.952
33 50 0.048 49.952
25 50 0.048 49.952
43 50 0.048 49.952
54 50 0.048 49.952
31 50 0.048 49.952
47 50 0.0048 49.9952
42 50 0.048 49.952
49 50 0.0048 49.9952
28 50 0.048 49.952
40 50 0.0048 49.9952
40 49.9952 0.048 49.9472
28 49.952 0.0048 49.9472
49 49.9952 0.048 49.9472
42 49.952 0.0048 49.9472
34 50 0.048 49.952
44 50 0.048 49.952
45 50 0.048 49.952
30 50 0.048 49.952
52 50 0.048 49.952
27 50 0.048 49.952
37 50 0.048 49.952
46 50 0.048 49.952
35 50 0.048 49.952
48 50 0.048 49.952
39 50 0.048 49.952
41 50 0.048 49.952
51 50 0.048 49.952
38 50 0.0048 49.9952
47 49.9952 0.048 49.9472
31 49.952 0.0048 49.9472
29 50 0.048 49.952
36 50 0.048 49.952
26 50 0.048 49.952
33 50 0.048 49.952
25 50 0.048 49.952
43 50 0.048 49.952
29 49.952 0.0048 49.9472
54 50 0.048 49.952
31 50 0.048 49.952
47 50 0.0048 49.9952
42 50 0.048 49.952
49 50 0.0048 49.9952
28 50 0.048 49.952
40 50 0.0048 49.9952
40 49.9952 0.048 49.9472
28 49.952 0.0048 49.9472
49 49.9952 0.048 49.9472
42 49.952 0.0048 49.9472
34 50 0.048 49.952
44 50 0.048 49.952
45 50 0.048 49.952
30 50 0.048 49.952
52 50 0.048 49.952
27 50 0.048 49.952
37 50 0.048 49.952
46 50 0.048 49.952
35 50 0.048 49.952
48 50 0.048 49.952
39 50 0.048 49.952
41 50 0.048 49.952
51 50 0.048 49.952
38 50 0.0048 49.9952
47 49.9952 0.048 49.9472
31 49.952 0.0048 49.9472
29 50 0.048 49.952
43 49.952 0.0048 49.9472
36 50 0.048 49.952
26 50 0.048 49.952
33 50 0.048 49.952
25 50 0.048 49.952
43 50 0.048 49.952
54 50 0.048 49.952
31 50 0.048 49.952
42 50 0.048 49.952
49 50 0.0048 49.9952
28 50 0.048 49.952
40 50 0.0048 49.9952
40 49.9952 0.048 49.9472
28 49.952 0.0048 49.9472
49 49.9952 0.048 49.9472
42 49.952 0.0048 49.9472
34 50 0.048 49.952
44 50 0.048 49.952
45 50 0.048 49.952
30 50 0.048 49.952
52 50 0.048 49.952
27 50 0.048 49.952
37 50 0.048 49.952
46 50 0.048 49.952
35 50 0.048 49.952
48 50 0.048 49.952
39 50 0.048 49.952
41 50 0.048 49.952
51 50 0.048 49.952
47 50 0.048 49.952
29 50 0.048 49.952
43 49.952 0.0048 49.9472
36 50 0.048 49.952
26 50 0.048 49.952
33 50 0.048 49.952
25 50 0.048 49.952
43 50 0.048 49.952
29 49.952 0.0048 49.9472
54 50 0.048 49.952
31 50 0.048 49.952
42 50 0.048 49.952
28 50 0.048 49.952
40 50 0.048 49.952
49 50 0.048 49.952
34 50 0.048 49.952
44 50 0.048 49.952
45 50 0.048 49.952
30 50 0.048 49.952
52 50 0.048 49.952
27 50 0.048 49.952
37 50 0.048 49.952
46 50 0.0048 49.9952
46 49.9952 0.048 49.9472
37 49.952 0.0048 49.9472
35 50 0.048 49.952
48 50 0.048 49.952
39 50 0.048 49.952
41 50 0.048 49.952
51 50 0.048 49.952
47 50 0.048 49.952
29 50 0.048 49.952
36 50 0.048 49.952
26 50 0.048 49.952
33 50 0.048 49.952
25 50 0.048 49.952
43 50 0.048 49.952
54 50 0.048 49.952
31 50 0.048 49.952
47 50 0.0048 49.9952
42 50 0.048 49.952
28 50 0.048 49.952
40 50 0.0048 49.9952
40 49.9952 0.048 49.9472
28 49.952 0.0048 49.9472
49 50 0.048 49.952
34 50 0.048 49.952
44 50 0.048 49.952
45 50 0.048 49.952
30 50 0.048 49.952
52 50 0.048 49.952
27 50 0.048 49.952
37 50 0.048 49.952
46 50 0.048 49.952
35 50 0.048 49.952
48 50 0.048 49.952
39 50 0.048 49.952
41 50 0.048 49.952
51 50 0.048 49.952
38 50 0.0048 49.9952
47 49.9952 0.048 49.9472
31 49.952 0.0048 49.9472
29 50 0.048 49.952
36 50 0.048 49.952
26 50 0.048 49.952
33 50 0.048 49.952
25 50 0.048 49.952
43 50 0.048 49.952
54 50 0.048 49.952
31 50 0.048 49.952
42 50 0.048 49.952
28 50 0.048 49.952
40 50 0.0048 49.9952
40 49.9952 0.048 49.9472
28 49.952 0.0048 49.9472
49 50 0.048 49.952
34 50 0.048 49.952
44 50 0.048 49.952
45 50 0.048 49.952
30 50 0.048 49.952
52 50 0.048 49.952
27 50 0.048 49.952
37 50 0.048 49.952
46 50 0.048 49.952
35 50 0.048 49.952
48 50 0.048 49.952
39 50 0.048 49.952
41 50 0.048 49.952
51 50 0.048 49.952
38 50 0.0048 49.9952
47 50 0.048 49.952
29 50 0.048 49.952
36 50 0.048 49.952
26 50 0.048 49.952
33 50 0.048 49.952
25 50 0.048 49.952
43 50 0.048 49.952
54 50 0.048 49.952
31 50 0.048 49.952
42 50 0.048 49.952
49 50 0.0048 49.9952
28 50 0.048 49.952
40 50 0.048 49.952
49 49.9952 0.048 49.9472
42 49.952 0.0048 49.9472
34 50 0.048 49.952
44 50 0.048 49.952
45 50 0.048 49.952
30 50 0.048 49.952
52 50 0.048 49.952
27 50 0.048 49.952
37 50 0.048 49.952
46 50 0.048 49.952
35 50 0.048 49.952
48 50 0.048 49.952
39 50 0.048 49.952
41 50 0.048 49.952
51 50 0.048 49.952
38 50 0.0048 49.9952
47 50 0.048 49.952
29 50 0.048 49.952
36 50 0.048 49.952
26 50 0.048 49.952
33 50 0.048 49.952
25 50 0.048 49.952
43 50 0.048 49.952
54 50 0.048 49.952
31 50 0.048 49.952
42 50 0.048 49.952
49 50 0.0048 49.9952
28 50 0.048 49.952
40 50 0.048 49.952
49 49.9952 0.048 49.9472
42 49.952 0.0048 49.9472
34 50 0.048 49.952
44 50 0.048 49.952
45 50 0.048 49.952
30 50 0.048 49.952
52 50 0.048 49.952
27 50 0.048 49.952
37 50 0.048 49.952
46 50 0.048 49.952
35 50 0.048 49.952
48 50 0.048 49.952
39 50 0.048 49.952
41 50 0.048 49.952
51 50 0.048 49.952
47 50 0.048 49.952
29 50 0.048 49.952
36 50 0.048 49.952
26 50 0.048 49.952
33 50 0.048 49.952
25 50 0.048 49.952
43 50 0.048 49.952
54 50 0.048 49.952
31 50 0.048 49.952
42 50 0.048 49.952
49 50 0.0048 49.9952
28 50 0.048 49.952
40 50 0.048 49.952
49 49.9952 0.048 49.9472
42 49.952 0.0048 49.9472
34 50 0.048 49.952
44 50 0.048 49.952
45 50 0.048 49.952
30 50 0.048 49.952
52 50 0.048 49.952
27 50 0.048 49.952
37 50 0.048 49.952
46 50 0.048 49.952
35 50 0.048 49.952
48 50 0.048 49.952
39 50 0.048 49.952
41 50 0.048 49.952
51 50 0.048 49.952
47 50 0.048 49.952
29 50 0.048 49.952
36 50 0.048 49.952
26 50 0.048 49.952
33 50 0.048 49.952
25 50 0.048 49.952
43 50 0.048 49.952
54 50 0.048 49.952
31 50 0.048 49.952
42 50 0.048 49.952
49 50 0.0048 49.9952
28 50 0.048 49.952
40 50 0.048 49.952
49 49.9952 0.048 49.9472
42 49.952 0.0048 49.9472
34 50 0.048 49.952
44 50 0.048 49.952
45 50 0.048 49.952
30 50 0.048 49.952
52 50 0.048 49.952
27 50 0.048 49.952
37 50 0.048 49.952
46 50 0.0048 49.9952
46 49.9952 0.048 49.9472
37 49.952 0.0048 49.9472
35 50 0.048 49.952
48 50 0.048 49.952
39 50 0.0048 49.9952
39 49.9952 0.048 49.9472
48 49.952 0.0048 49.9472
41 50 0.048 49.952
51 50 0.048 49.952
47 50 0.048 49.952
29 50 0.048 49.952
36 50 0.048 49.952
26 50 0.048 49.952
33 50 0.048 49.952
25 50 0.048 49.952
43 50 0.048 49.952
54 50 0.048 49.952
31 50 0.048 49.952
47 50 0.0048 49.9952
42 50 0.048 49.952
49 50 0.0048 49.9952
28 50 0.048 49.952
40 50 0.048 49.952
49 49.9952 0.048 49.9472
42 49.952 0.0048 49.9472
34 50 0.048 49.952
44 50 0.048 49.952
45 50 0.048 49.952
30 50 0.048 49.952
52 50 0.048 49.952
27 50 0.048 49.952
37 50 0.048 49.952
46 50 0.048 49.952
35 50 0.048 49.952
48 50 0.048 49.952
39 50 0.0048 49.9952
39 49.9952 0.048 49.9472
48 49.952 0.0048 49.9472
41 50 0.048 49.952
51 50 0.048 49.952
38 50 0.0048 49.9952
47 49.9952 0.048 49.9472
31 49.952 0.0048 49.9472
29 50 0.048 49.952
36 50 0.048 49.952
26 50 0.048 49.952
33 50 0.048 49.952
25 50 0.048 49.952
43 50 0.048 49.952
29 49.952 0.0048 49.9472
54 50 0.048 49.952
31 50 0.048 49.952
47 50 0.0048 49.9952
42 50 0.048 49.952
49 50 0.0048 49.9952
28 50 0.048 49.952
40 50 0.048 49.952
49 49.9952 0.048 49.9472
42 49.952 0.0048 49.9472
34 50 0.048 49.952
44 50 0.048 49.952
45 50 0.048 49.952
30 50 0.048 49.952
52 50 0.048 49.952
27 50 0.048 49.952
37 50 0.048 49.952
46 50 0.0048 49.9952
46 49.9952 0.048 49.9472
37 49.952 0.0048 49.9472
35 50 0.048 49.952
48 50 0.048 49.952
39 50 0.0048 49.9952
39 49.9952 0.048 49.9472
48 49.952 0.0048 49.9472
41 50 0.048 49.952
51 50 0.048 49.952
47 49.9952 0.048 49.9472
31 49.952 0.0048 49.9472
29 50 0.048 49.952
36 50 0.048 49.952
26 50 0.048 49.952
33 50 0.048 49.952
25 50 0.048 49.952
43 50 0.048 49.952
54 50 0.048 49.952
31 50 0.048 49.952
42 50 0.048 49.952
49 50 0.0048 49.9952
28 50 0.048 49.952
40 50 0.048 49.952
49 49.9952 0.048 49.9472
42 49.952 0.0048 49.9472
34 50 0.048 49.952
44 50 0.048 49.952
45 50 0.048 49.952
30 50 0.048 49.952
52 50 0.048 49.952
27 50 0.048 49.952
37 50 0.048 49.952
46 50 0.0048 49.9952
46 49.9952 0.048 49.9472
37 49.952 0.0048 49.9472
35 50 0.048 49.952
48 50 0.048 49.952
39 50 0.0048 49.9952
39 49.9952 0.048 49.9472
48 49.952 0.0048 49.9472
41 50 0.048 49.952
51 50 0.048 49.952
47 50 0.048 49.952
29 50 0.048 49.952
36 50 0.048 49.952
26 50 0.048 49.952
33 50 0.048 49.952
25 50 0.048 49.952
32 50 0.048 49.952
43 50 0.048 49.952
54 50 0.048 49.952
31 50 0.048 49.952
47 50 0.0048 49.9952
42 50 0.048 49.952
49 50 0.0048 49.9952
28 50 0.048 49.952
40 50 0.048 49.952
49 49.9952 0.048 49.9472
42 49.952 0.0048 49.9472
34 50 0.048 49.952
44 50 0.048 49.952
45 50 0.048 49.952
30 50 0.048 49.952
52 50 0.048 49.952
27 50 0.048 49.952
37 50 0.048 49.952
46 50 0.0048 49.9952
46 49.9952 0.048 49.9472
37 49.952 0.0048 49.9472
35 50 0.048 49.952
48 50 0.048 49.952
39 50 0.0048 49.9952
39 49.9952 0.048 49.9472
48 49.952 0.0048 49.9472
41 50 0.048 49.952
51 50 0.048 49.952
38 50 0.0048 49.9952
47 49.9952 0.048 49.9472
31 49.952 0.0048 49.9472
29 50 0.048 49.952
36 50 0.048 49.952
26 50 0.048 49.952
33 50 0.048 49.952
25 50 0.048 49.952
32 50 0.048 49.952
43 50 0.048 49.952
54 50 0.048 49.952
31 50 0.048 49.952
47 50 0.0048 49.9952
42 50 0.048 49.952
49 50 0.0048 49.9952
28 50 0.048 49.952
40 50 0.048 49.952
49 49.9952 0.048 49.9472
42 49.952 0.0048 49.9472
34 50 0.048 49.952
44 50 0.048 49.952
45 50 0.048 49.952
30 50 0.048 49.952
52 50 0.048 49.952
27 50 0.048 49.952
37 50 0.048 49.952
46 50 0.0048 49.9952
46 49.9952 0.048 49.9472
37 49.952 0.0048 49.9472
35 50 0.048 49.952
48 50 0.048 49.952
39 50 0.0048 49.9952
39 49.9952 0.048 49.9472
48 49.952 0.0048 49.9472
41 50 0.048 49.952
51 50 0.048 49.952
47 49.9952 0.048 49.9472
31 49.952 0.0048 49.9472
29 50 0.048 49.952
36 50 0.048 49.952
26 50 0.048 49.952
33 50 0.048 49.952
25 50 0.048 49.952
32 50 0.048 49.952
32 49.952 0.0048 49.9472
32 49.9472 0.16 49.7872
32 49.7872 0.0016 49.7856
35 49.952 0.016 49.936
35 49.936 0.016 49.92
53 50 0.016 49.984
54 50 0.016 49.984
53 49.984 0.016 49.968
54 49.984 0.016 49.968
39 50 0.016 49.984
48 50 0.016 49.984
38 50 0.016 49.984
51 49.952 0.016 49.936
27 50 0.016 49.984
37 50 0.016 49.984
38 49.984 0.016 49.968
46 50 0.016 49.984
51 49.936 0.016 49.92
27 49.984 0.016 49.968
37 49.984 0.016 49.968
46 49.984 0.016 49.968
50 50 0.016 49.984
50 49.984 0.016 49.968
50 49.968 0.048 49.92
30 49.952 0.016 49.936
52 50 0.016 49.984
30 49.936 0.016 49.92
45 49.952 0.016 49.936
52 49.984 0.016 49.968
25 50 0.016 49.984
44 49.952 0.016 49.936
25 49.984 0.016 49.968
34 50 0.016 49.984
44 49.936 0.016 49.92
28 50 0.016 49.984
34 49.984 0.016 49.968
40 49.952 0.016 49.936
28 49.984 0.016 49.968
42 50 0.016 49.984
49 50 0.016 49.984
42 49.984 0.016 49.968
49 49.984 0.016 49.968
31 50 0.016 49.984
33 49.952 0.016 49.936
47 50 0.016 49.984
26 50 0.016 49.984
31 49.984 0.016 49.968
33 49.936 0.016 49.92
41 49.952 0.016 49.936
47 49.984 0.016 49.968
26 49.984 0.016 49.968
36 49.952 0.016 49.936
41 49.936 0.016 49.92
43 50 0.016 49.984
43 49.984 0.048 49.936
54 49.968 0.048 49.92
31 49.968 0.048 49.92
47 49.968 0.0048 49.9632
42 49.968 0.048 49.92
28 49.968 0.048 49.92
40 50 0.048 49.952
49 49.968 0.048 49.92
34 49.968 0.048 49.92
44 50 0.048 49.952
45 50 0.048 49.952
30 50 0.048 49.952
52 49.968 0.048 49.92
27 49.968 0.048 49.92
37 49.968 0.048 49.92
46 49.968 0.048 49.92
35 50 0.048 49.952
48 49.984 0.048 49.936
39 49.984 0.0048 49.9792
39 49.9792 0.048 49.9312
48 49.936 0.0048 49.9312
41 50 0.048 49.952
51 50 0.048 49.952
47 49.9632 0.048 49.9152
31 49.92 0.0048 49.9152
29 50 0.048 49.952
36 50 0.048 49.952
26 49.968 0.048 49.92
33 50 0.048 49.952
25 49.968 0.048 49.92
50 50 0.048 49.952
43 50 0.048 49.952
54 50 0.048 49.952
31 50 0.048 49.952
47 50 0.0048 49.9952
42 50 0.048 49.952
28 50 0.048 49.952
40 50 0.0048 49.9952
40 49.9952 0.048 49.9472
28 49.952 0.0048 49.9472
49 50 0.048 49.952
34 50 0.048 49.952
44 50 0.048 49.952
45 50 0.048 49.952
30 50 0.048 49.952
52 50 0.048 49.952
27 50 0.048 49.952
37 50 0.048 49.952
46 50 0.048 49.952
35 50 0.048 49.952
48 50 0.048 49.952
39 50 0.0048 49.9952
39 49.9952 0.048 49.9472
48 49.952 0.0048 49.9472
41 50 0.048 49.952
51 50 0.048 49.952
47 49.9952 0.048 49.9472
31 49.952 0.0048 49.9472
29 50 0.048 49.952
43 49.952 0.0048 49.9472
36 50 0.048 49.952
26 50 0.048 49.952
33 50 0.048 49.952
25 50 0.048 49.952
50 50 0.048 49.952
43 50 0.048 49.952
29 49.952 0.0048 49.9472
54 50 0.048 49.952
31 50 0.048 49.952
42 50 0.048 49.952
28 50 0.048 49.952
40 50 0.0048 49.9952
40 49.9952 0.048 49.9472
28 49.952 0.0048 49.9472
49 50 0.048 49.952
34 50 0.048 49.952
44 50 0.048 49.952
45 50 0.048 49.952
30 50 0.048 49.952
52 50 0.048 49.952
27 50 0.048 49.952
37 50 0.048 49.952
46 50 0.048 49.952
35 50 0.048 49.952
48 50 0.048 49.952
39 50 0.048 49.952
41 50 0.048 49.952
51 50 0.048 49.952
47 50 0.048 49.952
29 50 0.048 49.952
43 49.952 0.0048 49.9472
36 50 0.048 49.952
26 50 0.048 49.952
33 50 0.048 49.952
25 50 0.048 49.952
50 50 0.048 49.952
43 50 0.048 49.952
29 49.952 0.0048 49.9472
54 50 0.048 49.952
31 50 0.048 49.952
47 50 0.0048 49.9952
42 50 0.048 49.952
49 50 0.0048 49.9952
28 50 0.048 49.952
40 50 0.0048 49.9952
40 49.9952 0.048 49.9472
28 49.952 0.0048 49.9472
49 49.9952 0.048 49.9472
42 49.952 0.0048 49.9472
34 50 0.048 49.952
44 50 0.048 49.952
45 50 0.048 49.952
30 50 0.048 49.952
52 50 0.048 49.952
27 50 0.048 49.952
37 50 0.048 49.952
46 50 0.048 49.952
35 50 0.048 49.952
48 50 0.048 49.952
39 50 0.0048 49.9952
39 49.9952 0.048 49.9472
48 49.952 0.0048 49.9472
41 50 0.048 49.952
51 50 0.048 49.952
47 49.9952 0.048 49.9472
31 49.952 0.0048 49.9472
29 50 0.048 49.952
43 49.952 0.0048 49.9472
36 50 0.048 49.952
26 50 0.048 49.952
33 50 0.048 49.952
25 50 0.048 49.952
50 50 0.048 49.952
43 50 0.048 49.952
29 49.952 0.0048 49.9472
54 50 0.048 49.952
31 50 0.048 49.952
42 50 0.048 49.952
49 50 0.0048 49.9952
28 50 0.048 49.952
40 50 0.0048 49.9952
40 49.9952 0.048 49.9472
28 49.952 0.0048 49.9472
49 49.9952 0.048 49.9472
42 49.952 0.0048 49.9472
34 50 0.048 49.952
44 50 0.048 49.952
45 50 0.048 49.952
30 50 0.048 49.952
52 50 0.048 49.952
27 50 0.048 49.952
37 50 0.048 49.952
46 50 0.048 49.952
35 50 0.048 49.952
48 50 0.048 49.952
39 50 0.048 49.952
41 50 0.048 49.952
51 50 0.048 49.952
47 50 0.048 49.952
47 49.952 0.0048 49.9472
47 49.9472 0.16 49.7872
29 50 0.048 49.952
43 49.952 0.0048 49.9472
36 50 0.048 49.952
26 50 0.048 49.952
33 50 0.048 49.952
25 50 0.048 49.952
50 50 0.048 49.952
43 50 0.048 49.952
29 49.952 0.0048 49.9472
54 50 0.048 49.952
31 50 0.048 49.952
47 50 0.0048 49.9952
42 50 0.048 49.952
28 50 0.048 49.952
40 50 0.048 49.952
49 50 0.048 49.952
34 50 0.048 49.952
44 50 0.048 49.952
45 50 0.048 49.952
30 50 0.048 49.952
52 50 0.048 49.952
27 50 0.048 49.952
37 50 0.048 49.952
46 50 0.048 49.952
35 50 0.048 49.952
48 50 0.048 49.952
39 50 0.048 49.952
41 50 0.048 49.952
51 50 0.048 49.952
29 50 0.048 49.952
43 49.952 0.0048 49.9472
36 50 0.048 49.952
26 50 0.048 49.952
33 50 0.048 49.952
33 49.952 0.0048 49.9472
33 49.9472 0.16 49.7872
25 50 0.048 49.952
50 50 0.048 49.952
43 50 0.048 49.952
29 49.952 0.0048 49.9472
54 50 0.048 49.952
31 50 0.048 49.952
47 50 0.0048 49.9952
42 50 0.048 49.952
49 50 0.0048 49.9952
28 50 0.048 49.952
40 50 0.048 49.952
49 49.9952 0.048 49.9472
42 49.952 0.0048 49.9472
34 50 0.048 49.952
44 50 0.048 49.952
45 50 0.048 49.952
30 50 0.048 49.952
52 50 0.048 49.952
27 50 0.048 49.952
37 50 0.048 49.952
46 50 0.048 49.952
35 50 0.048 49.952
48 50 0.048 49.952
39 50 0.048 49.952
41 50 0.048 49.952
51 50 0.048 49.952
29 50 0.048 49.952
43 49.952 0.0048 49.9472
36 50 0.048 49.952
26 50 0.048 49.952
25 50 0.048 49.952
50 50 0.048 49.952
43 50 0.048 49.952
29 49.952 0.0048 49.9472
54 50 0.048 49.952
31 50 0.048 49.952
42 50 0.048 49.952
49 50 0.0048 49.9952
28 50 0.048 49.952
40 50 0.048 49.952
49 49.9952 0.048 49.9472
42 49.952 0.0048 49.9472
34 50 0.048 49.952
44 50 0.048 49.952
45 50 0.048 49.952
30 50 0.048 49.952
52 50 0.048 49.952
27 50 0.048 49.952
37 50 0.048 49.952
46 50 0.048 49.952
35 50 0.048 49.952
48 50 0.048 49.952
39 50 0.0048 49.9952
39 49.9952 0.048 49.9472
48 49.952 0.0048 49.9472
41 50 0.048 49.952
51 50 0.048 49.952
29 50 0.048 49.952
43 49.952 0.0048 49.9472
36 50 0.048 49.952
26 50 0.048 49.952
25 50 0.048 49.952
50 50 0.048 49.952
43 50 0.048 49.952
29 49.952 0.0048 49.9472
54 50 0.048 49.952
53 50 0.0048 49.9952
31 50 0.048 49.952
47 50 0.0048 49.9952
42 50 0.048 49.952
28 50 0.048 49.952
40 50 0.048 49.952
49 50 0.048 49.952
34 50 0.048 49.952
44 50 0.048 49.952
45 50 0.048 49.952
30 50 0.048 49.952
52 50 0.048 49.952
27 50 0.048 49.952
37 50 0.048 49.952
46 50 0.048 49.952
35 50 0.048 49.952
48 50 0.048 49.952
39 50 0.048 49.952
41 50 0.048 49.952
51 50 0.048 49.952
29 50 0.048 49.952
36 50 0.048 49.952
26 50 0.048 49.952
25 50 0.048 49.952
50 50 0.048 49.952
43 50 0.048 49.952
54 50 0.048 49.952
53 50 0.0048 49.9952
31 50 0.048 49.952
42 50 0.048 49.952
28 50 0.048 49.952
40 50 0.048 49.952
49 50 0.048 49.952
34 50 0.048 49.952
44 50 0.048 49.952
45 50 0.048 49.952
30 50 0.048 49.952
52 50 0.048 49.952
27 50 0.048 49.952
37 50 0.048 49.952
46 50 0.048 49.952
35 50 0.048 49.952
48 50 0.048 49.952
39 50 0.048 49.952
41 50 0.048 49.952
51 50 0.048 49.952
29 50 0.048 49.952
36 50 0.048 49.952
26 50 0.048 49.952
25 50 0.048 49.952
50 50 0.048 49.952
43 50 0.048 49.952
29 49.952 0.0048 49.9472
54 50 0.048 49.952
53 50 0.0048 49.9952
31 50 0.048 49.952
42 50 0.048 49.952
28 50 0.048 49.952
40 50 0.048 49.952
49 50 0.048 49.952
34 50 0.048 49.952
44 50 0.048 49.952
45 50 0.048 49.952
30 50 0.048 49.952
52 50 0.048 49.952
27 50 0.048 49.952
37 50 0.048 49.952
46 50 0.048 49.952
35 50 0.048 49.952
48 50 0.048 49.952
39 50 0.048 49.952
41 50 0.048 49.952
51 50 0.048 49.952
29 50 0.048 49.952
43 49.952 0.0048 49.9472
36 50 0.048 49.952
26 50 0.048 49.952
25 50 0.048 49.952
50 50 0.048 49.952
43 50 0.048 49.952
29 49.952 0.0048 49.9472
54 50 0.048 49.952
53 50 0.0048 49.9952
31 50 0.048 49.952
42 50 0.048 49.952
28 50 0.048 49.952
40 50 0.048 49.952
49 50 0.048 49.952
34 50 0.048 49.952
44 50 0.048 49.952
45 50 0.048 49.952
30 50 0.048 49.952
52 50 0.048 49.952
27 50 0.048 49.952
37 50 0.048 49.952
46 50 0.048 49.952
35 50 0.048 49.952
48 50 0.048 49.952
39 50 0.0048 49.9952
39 49.9952 0.048 49.9472
48 49.952 0.0048 49.9472
41 50 0.048 49.952
51 50 0.048 49.952
29 50 0.048 49.952
43 49.952 0.0048 49.9472
36 50 0.048 49.952
26 50 0.048 49.952
25 50 0.048 49.952
50 50 0.048 49.952
43 50 0.048 49.952
29 49.952 0.0048 49.9472
54 50 0.048 49.952
53 50 0.0048 49.9952
31 50 0.048 49.952
47 50 0.0048 49.9952
42 50 0.048 49.952
28 50 0.048 49.952
40 50 0.048 49.952
49 50 0.048 49.952
34 50 0.048 49.952
44 50 0.048 49.952
45 50 0.048 49.952
30 50 0.048 49.952
52 50 0.048 49.952
27 50 0.048 49.952
37 50 0.048 49.952
46 50 0.048 49.952
35 50 0.048 49.952
48 50 0.048 49.952
39 50 0.0048 49.9952
39 49.9952 0.048 49.9472
48 49.952 0.0048 49.9472
41 50 0.048 49.952
51 50 0.048 49.952
29 50 0.048 49.952
43 49.952 0.0048 49.9472
36 50 0.048 49.952
26 50 0.048 49.952
25 50 0.048 49.952
50 50 0.048 49.952
