40 4890 0 100 9.33608e-08 1.22336 1.22336
29 4888 0 100 0.2 1.18482 1.38482
44 4898 0 100 5.83505e-08 1.5743 1.5743
30 4896 0 100 0.1 1.49323 1.59323
31 4885 0 100 0.6 1.00965 1.60965
35 4902 0 100 7.00206e-08 1.69282 1.69282
37 4897 0 100 0.2 1.5712 1.7712
39 4894 0 100 0.5 1.4761 1.9761
28 4907 0 100 1.16701e-07 2.09354 2.09354
36 4908 0 100 5.83505e-08 2.12472 2.12472
25 4887 0 100 1.2 1.13392 2.33392
27 4900 0 100 0.7 1.66335 2.36335
33 4912 0 100 0.1 2.34995 2.44995
43 4915 0 100 3.50103e-08 2.52055 2.52055
41 4916 0 100 0.1 2.53023 2.63023
26 4922 0 100 1.28371e-07 2.87346 2.87346
34 4918 0 100 0.3 2.64255 2.94255
38 4921 0 100 0.3 2.83792 3.13792
42 4909 0 100 1.8 2.1522 3.9522
37 4936 0 100 0.3 4.19025 4.49025
32 4891 0 100 3.3 1.26521 4.56521
25 4939 0 100 0.5 4.34147 4.84147
26 4948 0 100 1.16701e-08 4.98017 4.98017
29 4945 0 100 0.1 4.88985 4.98985
28 4947 0 100 0.1 4.97725 5.07725
40 4950 0 100 0.4 5.03339 5.43339
41 4955 0 100 0.3 5.43709 5.73709
38 4966 0 100 4.66804e-08 6.22861 6.22861
31 4962 0 100 0.2 6.05687 6.25687
44 4964 0 100 0.1 6.17641 6.27641
35 4968 0 100 0.3 6.27306 6.57306
39 4978 0 100 1.40041e-07 6.95423 6.95423
27 4969 0 100 0.9 6.2844 7.1844
30 4971 0 100 0.9 6.34031 7.24031
28 4985 0 100 0.3 7.3053 7.6053
33 4967 0 100 1.5 6.23063 7.73063
37 4990 0 100 0.3 7.57131 7.87131
32 4988 0 100 0.5 7.46311 7.96311
36 4980 0 100 0.9 7.07122 7.97122
34 4992 0 100 0.3 7.67775 7.97775
40 5002 0 100 0.1 8.46926 8.56926
43 4987 0 100 1.2 7.43742 8.63742
29 4983 0 100 1.5 7.23438 8.73438
42 4998 0 100 0.7 8.11966 8.81966
44 5004 0 100 0.7 8.51504 9.21504
31 5016 0 100 5.83505e-08 9.39656 9.39656
25 5017 0 100 0.2 9.4799 9.6799
38 5018 0 100 0.4 9.48566 9.88566
35 5010 0 100 0.9 9.01395 9.91395
41 5027 0 100 0.1 10.0746 10.1746
33 5029 0 100 0.3 10.1675 10.4675
39 5020 0 100 1 9.51266 10.5127
37 5025 0 100 0.6 9.98084 10.5808
26 5011 0 100 2.1 9.0283 11.1283
43 5040 0 100 0.1 11.0732 11.1732
42 5039 0 100 0.3 11.026 11.326
32 5044 0 100 0.3 11.1918 11.4918
34 5042 0 100 0.4 11.1139 11.5139
44 5048 0 100 0.1 11.5625 11.6625
40 5055 0 100 1.05031e-07 11.9647 11.9647
25 5054 0 100 0.2 11.9576 12.1576
36 5062 0 100 0.1 12.2915 12.3915
28 5059 0 100 0.5 12.139 12.639
30 5057 0 100 0.9 12.0182 12.9182
39 5073 0 100 9.33608e-08 13.0756 13.0756
38 5071 0 100 0.3 12.9414 13.2414
31 5061 0 100 1 12.2596 13.2596
27 5052 0 100 1.5 11.8109 13.3109
35 5064 0 100 1.2 12.3321 13.5321
42 5082 0 100 0.1 13.572 13.672
29 5081 0 100 0.3 13.5456 13.8456
37 5076 0 100 1.1 13.2635 14.3635
32 5079 0 100 1 13.4691 14.4691
41 5092 0 100 0.4 14.3469 14.7469
