48 7186 1.00266
29 7187 1.01702
87 7188 1.03892
99 7190 1.13867
40 7192 1.15222
39 7193 1.19384
43 7194 1.20347
66 7195 1.2391
67 7197 1.25307
101 7198 1.30289
36 7199 1.3237
108 7201 1.37227
89 7202 1.40354
60 7203 1.40805
26 7204 1.41495
81 7205 1.41805
97 7206 1.43067
63 7208 1.47321
73 7209 1.48634
79 7210 1.51123
57 7211 1.53534
78 7212 1.54321
47 7214 1.55369
86 7215 1.55804
38 7216 1.56767
37 7217 1.58637
103 7218 1.64186
50 7220 1.65422
112 7221 1.71594
44 7222 1.71803
59 7223 1.74833
31 7225 1.79647
109 7227 1.8764
35 7228 1.88565
64 7229 1.93306
45 7230 1.94448
71 7231 1.94926
53 7233 1.99054
110 7234 1.99271
32 7235 2.0109
33 7236 2.02322
74 7238 2.06812
95 7239 2.07062
105 7240 2.09905
42 7241 2.10616
61 7243 2.17336
75 7244 2.174
72 7245 2.17409
76 7246 2.22594
107 7248 2.25312
113 7249 2.29239
30 7250 2.29838
34 7251 2.31003
85 7252 2.33917
55 7253 2.3481
100 7255 2.37668
69 7256 2.38424
70 7257 2.38557
41 7258 2.44347
27 7260 2.47102
93 7261 2.4788
80 7262 2.49476
58 7263 2.49824
65 7264 2.53783
94 7266 2.63285
104 7267 2.64009
49 7268 2.64552
82 7270 2.6779
96 7271 2.70631
84 7273 2.75233
106 7274 2.81295
91 7275 2.81783
56 7277 2.88949
77 7278 2.89049
88 7279 2.92233
98 7281 2.9617
52 7282 2.96799
28 7283 2.98415
25 7284 2.98815
99 7292 3.68772
39 7293 3.71342
54 7296 3.93738
81 7298 3.98639
45 7301 4.17122
60 7302 4.20053
53 7303 4.21074
62 7308 4.61462
59 7309 4.62342
70 7310 4.63865
87 7311 4.63952
55 7313 4.65329
36 7314 4.71434
96 7315 4.73787
107 7317 4.7985
27 7318 4.80105
95 7319 4.83305
66 7320 4.83974
65 7322 4.8714
97 7323 4.88245
104 7325 5.05078
32 7327 5.06042
56 7328 5.07455
69 7329 5.07864
71 7330 5.11916
75 7331 5.14212
67 7332 5.14498
114 7334 5.15975
91 7335 5.17911
86 7337 5.2788
37 7338 5.31022
40 7340 5.35583
74 7341 5.37517
112 7342 5.38046
106 7343 5.38887
35 7345 5.51592
34 7346 5.54694
88 7347 5.54756
47 7349 5.58091
58 7350 5.62271
38 7351 5.64107
46 7353 5.66292
31 7354 5.67126
101 7356 5.77988
85 7357 5.83458
79 7358 5.84485
110 7359 5.84616
43 7361 5.85258
77 7362 5.85618
26 7363 5.90709
41 7364 5.91547
113 7367 6.05143
92 7368 6.07466
42 7369 6.08717
111 7370 6.10001
72 7371 6.10938
61 7372 6.14021
33 7374 6.1597
50 7376 6.28827
76 7377 6.34831
68 7379 6.36793
48 7380 6.42822
81 7382 6.48563
84 7383 6.52258
90 7385 6.55293
54 7386 6.65088
30 7388 6.65647
100 7389 6.67129
44 7390 6.72165
94 7392 6.81079
59 7394 6.90956
89 7396 6.95725
93 7398 7.09883
65 7399 7.10751
25 7401 7.15456
52 7402 7.1652
109 7403 7.18949
103 7404 7.19441
98 7406 7.33895
99 7407 7.34502
49 7409 7.38549
51 7411 7.45572
80 7414 7.65528
36 7415 7.66494
47 7416 7.67978
104 7418 7.77216
58 7419 7.78446
114 7420 7.83033
102 7422 7.85146
45 7423 7.87449
55 7424 7.94049
73 7426 8.0018
95 7428 8.06834
43 7429 8.08878
101 7430 8.11794
74 7432 8.19067
56 7434 8.303
39 7435 8.34728
64 7437 8.38359
112 7438 8.42167
31 7439 8.44557
82 7441 8.47851
37 7443 8.55673
60 7445 8.72543
96 7447 8.7728
53 7448 8.80044
84 7449 8.81573
70 7451 8.86382
42 7452 8.86889
85 7454 9.03973
71 7455 9.04178
26 7457 9.11596
34 7459 9.19587
94 7461 9.27786
40 7462 9.2792
46 7463 9.29024
59 7464 9.29756
67 7466 9.3782
79 7468 9.46176
44 7469 9.47137
66 7470 9.51796
57 7471 9.54091
28 7473 9.55763
68 7474 9.60193
50 7475 9.63946
65 7477 9.67903
32 7479 9.77897
111 7480 9.7942
97 7481 9.81124
88 7483 9.90981
86 7484 9.95002
69 7486 9.98168
51 7487 10.0202
100 7488 10.032
83 7490 10.0559
104 7491 10.0786
106 7492 10.1111
109 7493 10.1205
81 7494 10.1345
62 7496 10.2124
61 7498 10.2523
55 7499 10.318
108 7500 10.3455
36 7502 10.3755
35 7504 10.4903
47 7505 10.5281
92 7506 10.539
72 7508 10.5596
105 7509 10.6461
113 7512 10.7632
89 7513 10.7982
48 7514 10.8128
75 7515 10.8329
76 7517 10.9119
96 7519 11.0136
91 7521 11.0648
90 7522 11.0707
98 7524 11.1631
41 7525 11.2017
43 7528 11.3831
56 7529 11.3852
54 7530 11.3976
87 7531 11.4298
95 7532 11.4459
49 7534 11.4624
103 7535 11.4627
64 7536 11.4674
26 7537 11.5476
94 7539 11.5597
79 7540 11.6237
77 7542 11.73
99 7544 11.7718
46 7545 11.797
33 7546 11.8213
34 7548 11.8778
68 7549 11.9475
78 7552 12.0582
114 7553 12.0795
69 7554 12.0826
40 7555 12.1013
38 7556 12.1433
45 7558 12.1595
44 7559 12.2052
58 7560 12.2283
30 7562 12.2802
52 7563 12.3446
28 7565 12.379
42 7566 12.4211
80 7567 12.4249
53 7568 12.4383
104 7570 12.4613
84 7571 12.4656
50 7572 12.4676
31 7573 12.4878
39 7574 12.4992
107 7578 12.7576
67 7579 12.7701
112 7580 12.785
113 7582 12.8733
73 7583 12.8768
74 7584 12.9318
35 7585 12.9328
55 7586 12.9394
70 7589 13.1091
96 7590 13.1184
29 7591 13.1294
97 7593 13.1687
88 7595 13.3019
81 7597 13.3636
105 7598 13.4368
32 7600 13.4881
66 7601 13.5314
91 7603 13.5715
60 7604 13.62
56 7606 13.653
57 7607 13.696
62 7608 13.7323
92 7610 13.7734
25 7611 13.8434
83 7612 13.846
103 7614 13.8562
47 7615 13.9404
59 7617 14.0084
98 7618 14.0132
102 7620 14.0614
85 7621 14.0651
75 7623 14.1634
93 7624 14.211
27 7626 14.2683
51 7627 14.3385
58 7628 14.3475
101 7630 14.4015
79 7631 14.4183
111 7633 14.4878
109 7634 14.5472
42 7636 14.5807
86 7637 14.5893
43 7638 14.6266
30 7640 14.6606
41 7641 14.7313
50 7643 14.8254
