0 4689
0 4690
0 4691
0 4692
0 4693
0 4694
0 4695
0 4696
0 4697
0 4698
0 4699
0 4700
29 4701
16 4701
17 4701
18 4701
19 4701
20 4701
21 4701
22 4701
23 4701
24 4701
0 4702
0 4704
0 4705
0 4706
0 4708
34 4707
11 4707
10 4707
9 4707
8 4707
7 4707
6 4707
5 4707
4 4707
3 4707
2 4707
1 4707
0 4709
0 4710
0 4711
0 4712
0 4713
26 4703
21 4703
22 4703
23 4703
24 4703
33 4714
15 4714
16 4714
17 4714
18 4714
19 4714
20 4714
21 4714
22 4714
23 4714
24 4714
0 4715
0 4716
0 4718
32 4719
20 4719
21 4719
22 4719
23 4719
24 4719
0 4720
0 4722
0 4723
0 4726
25 4724
24 4724
0 4728
0 4729
27 4717
18 4717
19 4717
20 4717
21 4717
22 4717
23 4717
24 4717
0 4730
0 4731
0 4732
0 4733
0 4734
0 4735
28 4725
20 4725
21 4725
22 4725
23 4725
24 4725
29 4736
3 4736
2 4736
1 4736
0 4737
0 4738
0 4739
0 4740
31 4721
0 4741
0 4742
0 4743
0 4744
0 4745
30 4727
18 4727
19 4727
20 4727
21 4727
22 4727
23 4727
24 4727
0 4747
0 4748
0 4749
0 4750
0 4752
32 4746
7 4746
6 4746
5 4746
4 4746
3 4746
2 4746
1 4746
0 4753
27 4754
3 4754
2 4754
1 4754
0 4755
0 4756
0 4758
0 4759
0 4760
0 4761
26 4762
13 4762
14 4762
15 4762
16 4762
17 4762
18 4762
19 4762
20 4762
21 4762
22 4762
23 4762
24 4762
0 4763
0 4764
0 4765
0 4766
0 4767
0 4768
0 4769
0 4770
0 4771
0 4772
0 4773
0 4774
0 4775
33 4751
13 4751
14 4751
15 4751
16 4751
17 4751
18 4751
19 4751
20 4751
21 4751
22 4751
23 4751
24 4751
0 4776
34 4757
12 4757
11 4757
10 4757
9 4757
8 4757
7 4757
6 4757
5 4757
4 4757
3 4757
2 4757
1 4757
0 4777
32 4778
18 4778
19 4778
20 4778
21 4778
22 4778
23 4778
24 4778
0 4779
0 4781
0 4782
25 4780
0 4783
0 4784
0 4786
0 4787
0 4788
0 4789
29 4780
24 4780
0 4791
0 4792
26 4790
1 4790
0 4793
0 4794
0 4796
31 4785
22 4785
23 4785
24 4785
0 4798
0 4799
0 4800
30 4795
14 4795
15 4795
16 4795
17 4795
18 4795
19 4795
20 4795
21 4795
22 4795
23 4795
24 4795
0 4801
0 4802
0 4803
0 4805
33 4804
24 4804
0 4807
0 4808
27 4806
24 4806
0 4809
0 4810
0 4811
0 4812
0 4813
0 4814
0 4815
0 4817
25 4816
10 4816
9 4816
8 4816
7 4816
6 4816
5 4816
4 4816
3 4816
2 4816
1 4816
0 4818
0 4819
28 4797
3 4797
2 4797
1 4797
0 4820
0 4821
0 4822
0 4823
0 4824
0 4825
0 4826
0 4829
34 4828
0 4830
0 4831
0 4832
0 4835
0 4837
0 4838
28 4828
10 4828
9 4828
8 4828
7 4828
6 4828
5 4828
4 4828
3 4828
2 4828
1 4828
0 4840
0 4841
0 4843
0 4844
0 4845
0 4846
0 4847
0 4848
0 4849
0 4850
33 4836
16 4836
17 4836
18 4836
19 4836
20 4836
21 4836
22 4836
23 4836
24 4836
0 4851
0 4852
0 4853
0 4854
27 4842
17 4842
18 4842
19 4842
20 4842
21 4842
22 4842
23 4842
24 4842
0 4856
0 4857
0 4858
31 4833
21 4833
22 4833
23 4833
24 4833
0 4859
0 4861
25 4860
2 4860
1 4860
0 4863
0 4864
0 4865
0 4866
28 4862
21 4862
22 4862
23 4862
24 4862
0 4867
0 4868
0 4869
0 4870
0 4871
0 4873
30 4827
17 4827
18 4827
19 4827
20 4827
21 4827
22 4827
23 4827
24 4827
0 4874
