72 540 1.0303
66 541 1.06456
85 542 1.08903
86 543 1.09242
36 544 1.10089
84 545 1.11575
64 546 1.13882
28 547 1.14826
68 548 1.21601
30 549 1.24865
73 550 1.29895
70 551 1.35571
63 552 1.40801
42 553 1.42556
33 554 1.44361
45 555 1.48259
58 556 1.52776
56 557 1.56325
40 558 1.61565
78 559 1.66326
81 560 1.70731
46 561 1.73126
54 562 1.82395
55 563 1.82624
69 564 1.89555
60 565 1.90514
51 566 1.91929
79 567 1.93355
48 568 1.95482
57 569 1.97872
53 570 2.05122
37 571 2.05187
87 572 2.08554
61 573 2.10491
65 574 2.1921
49 575 2.29305
50 576 2.30274
47 577 2.33885
74 578 2.35179
38 579 2.40568
43 580 2.57004
90 581 2.62355
26 582 2.6418
27 583 2.68104
93 584 2.69992
44 585 2.82134
88 586 2.86391
66 587 3.3672
68 588 3.7207
84 589 3.76227
36 590 4.29502
85 591 4.49992
63 592 4.57381
78 593 4.61162
46 594 4.70865
42 595 5.30104
94 596 5.40939
27 597 5.46418
86 598 5.51247
49 599 5.78415
93 600 5.81429
35 601 5.88691
53 602 5.96455
50 603 6.08804
74 604 6.09503
60 605 6.26221
71 606 6.31354
45 607 6.32412
40 608 6.3443
39 609 6.41313
65 610 6.44743
38 611 6.48329
52 612 6.55668
41 613 6.73726
62 614 6.78949
80 615 7.27832
25 616 7.49081
32 617 7.60107
67 618 7.71094
49 619 7.79962
88 620 7.83505
90 621 8.00214
61 622 8.03979
91 623 8.53513
36 624 8.7231
83 625 8.98759
35 626 9.01545
26 627 9.02105
65 628 9.02694
94 629 9.06367
93 630 9.18287
42 631 9.21662
33 632 9.33288
46 633 9.62752
86 634 9.65444
44 635 9.68313
61 636 10.3937
89 637 10.4297
92 638 10.5408
81 639 10.6549
82 640 10.7811
38 641 10.8644
58 642 10.8812
30 643 10.9844
60 644 11.0363
75 645 11.086
67 646 11.415
76 647 11.4162
46 648 11.6914
87 649 11.7474
62 650 11.8294
77 651 11.9875
32 652 12.1576
42 653 12.1864
43 654 12.2869
27 655 12.6027
73 656 12.8155
25 657 12.9547
34 658 13.1757
74 659 13.4266
38 660 13.4871
33 661 13.5691
92 662 13.616
84 663 13.6448
30 664 13.6534
89 665 13.8983
55 666 13.992
40 667 14.1444
60 668 14.2245
88 669 14.2245
50 670 14.3226
63 671 14.3378
62 672 14.7853
76 673 14.9521
