26 116 1.02532
30 117 1.02592
25 118 1.58959
41 119 1.65065
39 120 1.72724
36 121 1.80008
35 122 1.93694
32 123 2.04215
29 124 2.13052
27 125 2.27018
38 126 2.37272
43 127 2.48007
42 128 2.59766
40 129 2.64668
33 130 2.78333
31 131 2.83874
34 132 2.86826
32 133 5.01138
44 134 5.10463
31 135 5.46692
39 136 5.57573
34 137 6.16332
37 138 6.73541
40 139 7.09309
27 140 7.32592
42 141 7.46691
35 142 7.57092
30 143 7.99783
39 144 8.18197
43 145 8.98114
34 146 9.52308
32 147 9.78444
28 148 9.80774
41 149 10.2632
33 150 10.5052
40 151 10.9023
38 152 10.9556
37 153 11.6197
31 154 12.0235
42 155 12.113
35 156 12.6948
30 157 12.8499
26 158 14.3066
36 159 14.3347
40 160 14.5572
25 161 14.878
