50 1021
35 1022
107 1022
31 1022
108 1022
87 1022
3 1022
54 1024
114 1025
75 1025
53 1025
39 1025
77 1026
49 1026
114 1026
75 1026
36 1027
122 1020
13 1020
83 1031
51 1024
52 1025
107 1033
31 1033
111 1034
94 1035
104 1035
100 1035
24 1035
110 1023
70 1023
17 1023
18 1023
115 1023
112 1036
71 1036
13 1036
124 1036
118 1036
47 1036
117 1031
108 1033
98 1027
33 1027
21 1027
86 1037
109 1037
46 1038
75 1039
39 1039
66 1020
14 1020
120 1020
31 1040
116 1035
77 1035
41 1036
64 1031
121 1042
78 1020
58 1043
123 1043
80 1043
99 1043
44 1034
114 1035
1 1035
2 1035
30 1044
72 1046
10 1046
11 1046
119 1046
103 1027
25 1028
107 1040
35 1040
6 1040
62 1034
26 1023
80 1048
123 1048
99 1048
16 1048
122 1048
96 1036
14 1036
120 1036
65 1045
113 1042
67 1021
12 1021
61 1032
84 1041
32 1049
76 1038
58 1038
123 1038
99 1038
17 1038
18 1038
51 1050
60 1019
50 1019
63 1029
4 1029
5 1029
108 1040
92 1030
14 1030
15 1030
124 1030
47 1030
96 1030
55 1052
31 1049
7 1049
105 1053
97 1053
68 1047
71 1020
75 1035
62 1054
111 1054
56 1055
25 1021
13 1021
38 1045
19 1045
123 1045
99 1045
80 1045
45 1042
1 1042
2 1042
111 1042
107 1049
8 1049
112 1020
17 1020
124 1020
108 1051
116 1059
77 1059
114 1059
68 1049
9 1049
93 1022
8 1022
68 1022
9 1022
10 1022
11 1022
12 1022
103 1062
33 1062
98 1062
27 1025
5 1025
77 1025
96 1063
17 1063
18 1063
59 1055
62 1042
3 1042
89 1052
121 1052
97 1060
118 1056
35 1047
28 1057
45 1064
88 1065
47 1020
98 1066
33 1066
39 1035
124 1058
101 1024
16 1024
17 1024
70 1067
101 1068
115 1055
55 1042
53 1026
5 1026
104 1026
123 1069
99 1069
90 1029
8 1029
9 1029
41 1030
18 1030
19 1030
73 1023
24 1023
23 1023
81 1044
116 1025
122 1063
19 1063
30 1056
35 1029
118 1020
47 1058
18 1058
120 1058
112 1058
19 1058
124 1024
87 1033
41 1063
47 1063
95 1037
14 1037
113 1052
34 1061
1 1061
2 1061
33 1061
121 1064
84 1021
15 1021
32 1040
42 1030
20 1030
123 1030
64 1073
117 1073
1 1073
2 1073
66 1048
20 1048
21 1048
43 1032
58 1045
21 1045
110 1067
23 1067
117 1074
64 1074
1 1074
2 1074
41 1076
26 1055
69 1057
1 1057
117 1057
83 1057
80 1069
99 1030
85 1043
21 1043
22 1043
23 1043
59 1078
36 1062
3 1062
46 1045
22 1045
82 1046
74 1067
24 1067
59 1067
37 1075
10 1075
61 1075
104 1077
6 1077
7 1077
49 1059
98 1061
36 1061
3 1061
107 1047
113 1064
5 1064
6 1064
54 1050
68 1029
110 1043
70 1043
24 1043
103 1066
3 1066
118 1024
51 1068
124 1063
53 1059
119 1028
17 1028
101 1050
19 1050
60 1050
33 1082
103 1082
113 1083
107 1029
12 1029
13 1029
14 1029
15 1029
86 1029
16 1029
120 1080
74 1043
40 1023
74 1023
75 1059
8 1059
104 1059
7 1059
100 1026
7 1026
99 1084
81 1056
20 1056
58 1069
23 1069
48 1065
10 1065
53 1085
30 1020
81 1020
20 1020
101 1020
80 1030
58 1030
23 1030
24 1030
109 1022
16 1022
48 1086
10 1086
76 1048
58 1048
23 1048
24 1048
88 1032
48 1032
10 1032
11 1032
115 1081
26 1081
2 1081
117 1081
96 1076
47 1076
116 1026
8 1026
9 1026
10 1026
123 1084
23 1084
24 1084
80 1084
58 1084
29 1037
17 1037
119 1037
18 1037
60 1037
19 1037
124 1056
47 1056
96 1056
21 1056
114 1085
95 1021
61 1086
11 1086
12 1086
13 1086
107 1086
68 1086
37 1032
12 1032
13 1032
107 1032
25 1046
18 1046
118 1063
21 1063
88 1026
46 1069
24 1069
98 1082
5 1082
6 1082
109 1021
17 1021
18 1021
112 1080
22 1080
124 1080
118 1080
96 1080
87 1040
13 1040
36 1066
5 1066
6 1066
7 1066
71 1058
22 1058
72 1041
18 1041
19 1041
90 1070
12 1070
31 1051
73 1055
3 1055
4 1055
102 1027
5 1027
6 1027
7 1027
8 1027
116 1027
9 1027
53 1027
84 1028
38 1071
32 1047
63 1065
11 1065
61 1065
12 1065
119 1021
19 1021
20 1021
21 1021
124 1021
118 1021
122 1058
66 1058
23 1058
24 1058
123 1058
78 1036
23 1036
122 1036
44 1054
8 1054
104 1054
30 1076
124 1076
118 1076
22 1076
23 1076
71 1076
112 1076
89 1042
8 1042
111 1059
114 1027
108 1049
14 1049
15 1049
16 1049
17 1049
109 1049
31 1047
55 1064
90 1065
13 1065
14 1065
31 1065
121 1083
49 1085
10 1085
11 1085
87 1051
14 1051
13 1051
12 1051
11 1051
49 1051
10 1051
9 1051
28 1055
72 1028
19 1028
18 1028
52 1039
11 1039
10 1039
9 1039
8 1039
7 1039
6 1039
98 1039
55 1083
63 1085
12 1085
13 1085
14 1085
15 1085
96 1021
23 1021
22 1021
91 1073
7 1073
66 1036
24 1036
85 1045
41 1024
96 1024
23 1024
24 1024
54 1068
22 1068
21 1068
20 1068
19 1068
18 1068
17 1068
16 1068
120 1056
112 1056
24 1056
108 1047
15 1047
14 1047
32 1065
108 1065
87 1065
15 1065
16 1065
17 1065
18 1065
19 1065
20 1065
21 1065
22 1065
89 1083
9 1083
10 1083
49 1083
53 1083
37 1040
14 1040
27 1035
92 1044
23 1044
99 1058
78 1076
66 1056
113 1082
9 1082
8 1082
31 1085
108 1085
51 1020
23 1020
22 1020
119 1020
25 1020
21 1020
84 1020
96 1044
24 1044
112 1044
106 1031
6 1031
7 1031
33 1031
103 1031
83 1081
29 1046
20 1046
107 1068
108 1068
32 1068
39 1077
101 1037
50 1050
22 1050
23 1050
54 1065
82 1029
25 1029
87 1085
16 1085
98 1073
8 1073
9 1073
10 1073
11 1073
49 1073
12 1073
78 1044
77 1051
84 1087
21 1087
20 1087
42 1079
122 1079
76 1084
2 1084
1 1084
51 1037
64 1057
7 1057
8 1057
101 1065
32 1085
47 1080
90 1040
15 1040
16 1040
17 1040
18 1040
19 1040
20 1040
21 1040
25 1040
35 1086
17 1086
16 1086
87 1086
106 1081
64 1081
7 1081
8 1081
9 1081
10 1081
11 1081
12 1081
105 1060
10 1060
111 1064
11 1064
12 1064
13 1064
14 1064
32 1086
26 1089
34 1074
8 1074
98 1074
48 1026
15 1026
14 1026
13 1026
12 1026
11 1026
55 1026
89 1060
121 1060
33 1057
9 1057
10 1057
92 1050
115 1089
59 1089
68 1032
49 1081
103 1074
9 1074
10 1074
31 1068
111 1026
89 1026
61 1047
16 1047
17 1047
18 1047
19 1047
20 1047
21 1047
22 1047
107 1085
108 1086
85 1058
43 1075
16 1075
17 1075
81 1063
1 1063
2 1063
104 1042
13 1042
14 1042
15 1042
16 1042
75 1027
105 1090
11 1090
12 1090
55 1090
113 1060
12 1060
79 1061
11 1061
12 1061
13 1061
55 1061
84 1047
23 1047
68 1085
19 1085
20 1085
21 1085
22 1085
23 1085
43 1042
44 1059
13 1059
14 1059
15 1059
16 1059
17 1059
66 1079
3 1079
96 1079
118 1079
47 1079
2 1079
96 1091
118 1091
47 1091
2 1091
80 1058
58 1058
88 1070
43 1070
17 1070
16 1070
94 1025
95 1049
23 1049
24 1049
98 1057
103 1057
11 1057
84 1085
24 1085
72 1020
24 1020
30 1021
90 1075
18 1075
27 1077
16 1077
17 1077
42 1063
66 1063
4 1063
99 1063
123 1063
5 1063
58 1063
80 1063
94 1092
15 1092
16 1092
54 1037
2 1037
3 1037
112 1037
25 1047
67 1019
1 1019
2 1019
3 1019
97 1062
116 1051
120 1076
4 1076
3 1076
2 1076
1 1076
104 1025
15 1025
14 1025
13 1025
121 1026
49 1027
16 1027
15 1027
78 1037
120 1037
4 1037
5 1037
89 1061
121 1061
14 1061
36 1039
12 1039
118 1093
30 1093
112 1019
4 1019
78 1019
102 1031
12 1031
13 1031
14 1031
55 1031
89 1031
77 1081
16 1081
33 1074
102 1074
12 1074
11 1074
93 1033
20 1033
19 1033
85 1063
6 1063
38 1063
7 1063
8 1063
9 1063
74 1063
99 1037
123 1037
85 1037
80 1037
45 1052
14 1052
15 1052
123 1094
80 1094
85 1094
63 1064
18 1064
19 1064
20 1064
120 1019
5 1019
41 1095
69 1055
11 1055
83 1055
61 1042
19 1042
18 1042
113 1026
71 1044
56 1089
10 1089
11 1089
121 1031
113 1031
15 1031
16 1031
17 1031
18 1031
19 1031
29 1087
1 1087
54 1096
66 1019
42 1019
100 1054
17 1054
88 1075
20 1075
21 1075
22 1075
23 1075
24 1075
117 1055
64 1055
37 1059
21 1059
20 1059
104 1052
100 1052
17 1052
81 1091
5 1091
4 1091
3 1091
34 1057
13 1057
12 1057
26 1057
32 1064
108 1064
22 1064
114 1083
18 1083
100 1083
117 1098
83 1098
96 1095
118 1095
77 1099
29 1100
2 1100
3 1100
4 1100
50 1097
4 1097
5 1097
6 1097
7 1097
8 1097
9 1097
10 1097
11 1097
70 1097
103 1039
33 1039
122 1019
7 1019
8 1019
80 1019
61 1031
21 1031
53 1054
43 1077
67 1091
85 1019
114 1054
75 1081
106 1055
14 1055
13 1055
12 1055
36 1101
92 1079
116 1099
19 1099
18 1099
99 1094
9 1094
10 1094
102 1039
15 1039
14 1039
68 1064
123 1019
99 1019
9 1019
10 1019
11 1019
51 1065
6 1065
5 1065
47 1021
7 1021
64 1098
106 1098
14 1098
13 1098
12 1098
11 1098
10 1098
9 1098
99 1098
123 1098
85 1098
39 1073
20 1073
28 1074
61 1077
22 1077
21 1077
20 1077
40 1063
12 1063
13 1063
88 1059
61 1059
22 1059
23 1059
32 1059
108 1059
24 1059
109 1028
3 1028
2 1028
1 1028
72 1103
84 1103
54 1100
51 1100
6 1100
7 1100
96 1100
43 1102
22 1102
88 1102
121 1104
89 1104
95 1085
109 1085
3 1085
72 1085
4 1085
5 1085
6 1085
86 1022
99 1105
58 1037
10 1037
11 1037
12 1037
118 1100
47 1100
8 1100
120 1100
78 1100
38 1094
11 1094
83 1039
117 1039
106 1039
73 1089
14 1089
60 1041
6 1041
54 1041
51 1041
7 1041
8 1041
118 1041
27 1092
39 1092
21 1092
81 1079
8 1079
78 1079
9 1079
50 1091
100 1099
20 1099
112 1100
9 1100
10 1100
61 1102
23 1102
24 1102
67 1065
28 1089
15 1089
16 1089
83 1089
117 1089
47 1041
69 1074
15 1074
79 1025
18 1025
120 1079
120 1108
78 1108
64 1039
16 1039
69 1039
124 1093
119 1029
6 1029
77 1073
21 1073
106 1089
94 1051
21 1051
83 1074
106 1074
16 1074
73 1074
25 1076
116 1092
44 1027
20 1027
121 1027
111 1090
20 1090
97 1061
19 1061
20 1061
65 1038
81 1093
9 1093
8 1093
84 1029
31 1086
1 1086
88 1106
24 1106
51 1107
46 1088
101 1096
29 1103
6 1103
5 1103
114 1099
22 1099
106 1110
117 1110
83 1110
17 1110
102 1110
33 1110
18 1110
93 1102
1 1102
108 1102
115 1057
92 1021
41 1044
10 1044
30 1095
61 1106
26 1074
54 1107
119 1076
7 1076
65 1088
13 1088
14 1088
15 1088
59 1088
63 1042
24 1042
51 1096
9 1096
123 1100
103 1110
111 1061
21 1061
81 1021
10 1021
9 1021
54 1021
124 1109
118 1109
53 1081
43 1106
75 1077
56 1088
16 1088
88 1042
89 1027
21 1027
121 1090
89 1090
21 1090
32 1102
110 1097
15 1097
16 1097
38 1038
14 1038
15 1038
76 1058
35 1032
3 1032
2 1032
108 1032
47 1095
87 1068
26 1088
17 1088
77 1092
23 1092
111 1027
22 1027
23 1027
31 1102
44 1061
22 1061
23 1061
66 1111
50 1065
9 1065
30 1109
32 1032
96 1041
81 1113
11 1113
118 1113
92 1096
81 1096
11 1096
118 1096
108 1114
110 1038
16 1038
17 1038
70 1019
110 1019
16 1019
17 1019
42 1115
13 1115
12 1115
64 1089
19 1089
39 1051
27 1051
115 1074
18 1074
19 1074
20 1074
21 1074
96 1113
12 1113
77 1027
24 1027
39 1027
109 1103
99 1100
14 1100
66 1100
13 1100
116 1061
47 1109
37 1086
3 1086
4 1086
5 1086
6 1086
7 1086
118 1115
114 1081
69 1088
19 1088
64 1088
117 1088
106 1088
36 1110
21 1110
22 1110
23 1110
24 1110
121 1110
76 1112
15 1112
123 1112
72 1029
9 1029
80 1098
76 1098
15 1098
65 1098
48 1070
63 1070
2 1070
84 1076
113 1025
23 1025
22 1025
103 1025
90 1033
3 1033
59 1097
115 1097
19 1097
57 1072
17 1072
110 1072
67 1093
50 1093
11 1093
12 1093
85 1105
80 1105
31 1032
5 1032
6 1032
7 1032
8 1032
9 1032
124 1095
61 1070
3 1070
4 1070
88 1033
43 1033
30 1096
71 1079
14 1079
67 1116
32 1114
31 1114
5 1114
112 1108
71 1108
14 1108
69 1097
20 1097
117 1097
70 1072
18 1072
19 1072
115 1072
96 1109
14 1109
13 1109
12 1109
47 1115
96 1115
14 1115
112 1115
76 1105
16 1105
85 1119
80 1119
76 1119
16 1119
41 1041
14 1041
83 1088
21 1088
22 1088
103 1088
68 1114
6 1114
60 1091
12 1091
13 1091
14 1091
106 1097
83 1097
64 1097
21 1097
22 1097
58 1094
54 1093
13 1093
26 1019
104 1083
1 1083
29 1029
10 1029
11 1029
12 1029
13 1029
100 1073
102 1089
22 1089
23 1089
24 1089
105 1062
24 1062
65 1119
17 1119
37 1070
5 1070
31 1070
32 1070
44 1120
75 1092
2 1092
98 1101
23 1101
105 1101
24 1101
86 1103
10 1103
11 1103
89 1110
59 1072
20 1072
28 1039
21 1039
62 1066
1 1066
121 1089
113 1062
84 1032
11 1032
49 1054
2 1054
72 1076
11 1076
36 1025
27 1027
3 1027
102 1122
23 1122
22 1122
106 1122
117 1122
94 1099
2 1099
1 1099
118 1108
47 1108
96 1108
15 1108
16 1108
103 1097
99 1112
17 1112
16 1112
96 1112
47 1112
116 1083
2 1083
54 1029
14 1029
15 1029
38 1098
18 1098
19 1098
75 1054
3 1054
79 1074
61 1033
5 1033
111 1120
1 1120
30 1079
15 1079
78 1117
16 1117
15 1117
118 1112
71 1115
16 1115
33 1088
114 1092
49 1092
3 1092
122 1111
17 1111
99 1111
18 1111
19 1111
85 1111
96 1117
118 1117
94 1083
3 1083
104 1073
3 1073
112 1041
29 1076
12 1076
13 1076
14 1076
15 1076
16 1076
17 1076
53 1077
4 1077
94 1077
100 1092
118 1124
87 1102
8 1102
77 1061
76 1094
19 1094
82 1040
110 1098
70 1098
21 1098
69 1125
28 1125
23 1125
22 1125
21 1125
110 1125
71 1041
17 1041
16 1041
122 1076
18 1076
79 1123
1 1123
113 1123
2 1123
92 1113
16 1113
17 1113
122 1113
18 1113
112 1113
54 1079
16 1079
17 1079
83 1122
24 1122
42 1100
122 1100
18 1100
19 1100
66 1108
42 1108
122 1108
18 1108
19 1108
26 1072
23 1072
22 1072
94 1061
4 1061
65 1094
20 1094
21 1094
115 1019
23 1019
22 1019
91 1082
1 1082
119 1040
14 1040
101 1107
16 1107
15 1107
14 1107
29 1107
13 1107
12 1107
11 1107
10 1107
9 1107
8 1107
7 1107
6 1107
5 1107
4 1107
74 1055
22 1055
21 1055
20 1055
19 1055
42 1055
112 1079
18 1079
19 1079
20 1079
21 1079
22 1079
23 1079
25 1103
59 1039
23 1039
22 1039
109 1086
13 1086
12 1086
11 1086
10 1086
9 1086
8 1086
43 1086
89 1089
3 1089
2 1089
1 1089
58 1119
20 1119
19 1119
42 1119
86 1032
109 1032
13 1032
116 1054
77 1054
108 1070
98 1025
1 1025
61 1128
26 1079
24 1079
76 1108
54 1129
80 1111
20 1111
38 1111
60 1093
16 1093
15 1093
14 1093
81 1095
121 1123
50 1116
82 1103
41 1091
96 1124
85 1100
76 1100
75 1083
109 1130
14 1130
13 1130
12 1130
11 1130
10 1130
31 1130
108 1130
92 1095
18 1095
17 1095
16 1095
15 1095
14 1095
13 1095
12 1095
11 1095
10 1095
9 1095
8 1095
7 1095
6 1095
33 1131
93 1068
10 1068
9 1068
8 1068
7 1068
6 1068
5 1068
4 1068
3 1068
2 1068
1 1068
71 1113
19 1113
20 1113
21 1113
72 1127
15 1127
14 1127
13 1127
12 1127
11 1127
10 1127
31 1127
36 1097
25 1093
63 1121
8 1121
7 1121
6 1121
94 1054
6 1054
5 1054
4 1054
91 1126
3 1126
2 1126
1 1126
64 1126
83 1126
53 1107
83 1132
112 1091
41 1124
65 1111
22 1111
21 1111
74 1039
24 1039
84 1040
95 1022
15 1022
14 1022
13 1022
12 1022
11 1022
10 1022
9 1022
8 1022
7 1022
115 1133
46 1058
22 1058
21 1058
20 1058
119 1103
17 1103
16 1103
15 1103
14 1103
13 1103
12 1103
31 1103
58 1108
56 1038
79 1082
4 1082
3 1082
2 1082
67 1109
26 1133
1 1133
2 1133
3 1133
4 1133
5 1133
44 1133
103 1131
97 1090
60 1116
18 1116
17 1116
80 1100
100 1061
7 1061
6 1061
5 1061
101 1129
19 1129
18 1129
17 1129
16 1129
15 1129
14 1129
13 1129
12 1129
11 1129
10 1129
9 1129
8 1129
77 1129
82 1093
28 1082
39 1083
8 1083
7 1083
6 1083
5 1083
4 1083
53 1022
123 1105
22 1105
21 1105
20 1105
19 1105
18 1105
17 1105
29 1105
87 1070
12 1070
11 1070
10 1070
9 1070
8 1070
38 1113
25 1116
71 1091
21 1091
20 1091
19 1091
18 1091
17 1091
112 1124
21 1124
22 1124
58 1100
23 1100
116 1129
121 1136
6 1136
5 1136
4 1136
3 1136
2 1136
1 1136
119 1093
18 1093
17 1093
72 1040
17 1040
16 1040
102 1088
4 1088
3 1088
2 1088
1 1088
104 1092
8 1092
7 1092
6 1092
5 1092
4 1092
117 1132
3 1132
2 1132
1 1132
33 1083
78 1115
22 1115
21 1115
86 1105
95 1105
36 1131
5 1131
4 1131
3 1131
2 1131
112 1138
22 1138
21 1138
81 1138
43 1128
11 1128
10 1128
9 1128
77 1128
86 1139
79 1090
6 1090
5 1090
4 1090
3 1090
2 1090
1 1090
82 1116
108 1103
26 1136
110 1094
1 1094
29 1093
84 1135
18 1135
19 1135
103 1083
70 1125
1 1125
34 1118
4 1118
3 1118
2 1118
1 1118
113 1054
7 1054
8 1054
9 1054
10 1054
11 1054
12 1054
106 1126
4 1126
5 1126
33 1126
108 1140
83 1092
45 1026
7 1026
8 1026
9 1026
10 1026
11 1026
119 1116
19 1116
20 1116
21 1116
22 1116
78 1116
25 1091
82 1091
107 1064
14 1064
13 1064
12 1064
11 1064
10 1064
9 1064
8 1064
7 1064
6 1064
51 1021
54 1115
111 1133
8 1133
9 1133
10 1133
11 1133
12 1133
43 1133
105 1074
65 1113
25 1141
71 1124
23 1124
24 1124
64 1134
33 1064
62 1121
9 1121
10 1121
11 1121
12 1121
13 1121
14 1121
15 1121
16 1121
17 1121
18 1121
19 1121
103 1126
6 1126
7 1126
8 1126
9 1126
10 1126
96 1137
71 1137
23 1137
24 1137
106 1092
40 1037
3 1037
2 1037
83 1134
60 1135
21 1135
20 1135
101 1021
22 1021
50 1109
21 1109
20 1109
19 1109
18 1109
17 1109
16 1109
15 1109
107 1109
41 1058
32 1130
15 1130
16 1130
17 1130
18 1130
19 1130
20 1130
21 1130
22 1130
23 1130
24 1130
41 1130
92 1138
23 1138
89 1123
31 1140
32 1140
15 1140
14 1140
13 1140
12 1140
11 1140
10 1140
9 1140
8 1140
7 1140
33 1140
102 1140
95 1139
19 1139
18 1139
17 1139
16 1139
15 1139
14 1139
13 1139
12 1139
11 1139
10 1139
9 1139
8 1139
69 1082
5 1082
108 1109
31 1109
28 1131
49 1077
11 1077
10 1077
9 1077
8 1077
7 1077
6 1077
5 1077
45 1123
9 1123
10 1123
11 1123
82 1141
21 1141
20 1141
19 1141
18 1141
17 1141
16 1141
15 1141
14 1141
13 1141
12 1141
11 1141
10 1141
9 1141
8 1141
7 1141
6 1141
30 1112
24 1112
23 1112
65 1143
2 1143
1 1143
25 1121
92 1145
37 1054
15 1054
14 1054
13 1054
112 1116
68 1102
47 1117
54 1112
96 1058
71 1130
49 1123
12 1123
13 1123
14 1123
15 1123
16 1123
17 1123
18 1123
19 1123
20 1123
21 1123
22 1123
23 1123
66 1055
1 1055
73 1057
6 1057
5 1057
4 1057
26 1082
73 1082
6 1082
7 1082
8 1082
9 1082
10 1082
11 1082
12 1082
57 1098
4 1098
3 1098
2 1098
1 1098
120 1044
1 1044
2 1044
3 1044
4 1044
53 1070
13 1070
14 1070
15 1070
16 1070
17 1070
18 1070
19 1070
41 1138
71 1138
37 1147
16 1147
15 1147
14 1147
13 1147
12 1147
11 1147
10 1147
9 1147
124 1096
46 1108
80 1108
85 1108
99 1108
115 1136
86 1093
95 1093
21 1093
20 1093
49 1082
13 1082
104 1148
69 1131
96 1138
1 1138
113 1149
11 1149
10 1149
9 1149
8 1149
7 1149
6 1149
5 1149
29 1142
58 1146
46 1146
80 1146
85 1146
57 1044
5 1044
6 1044
122 1119
116 1128
104 1128
13 1128
12 1128
44 1128
28 1077
50 1123
67 1123
86 1142
47 1150
124 1150
55 1104
12 1104
45 1104
56 1044
7 1044
81 1145
124 1145
61 1133
66 1119
3 1119
112 1119
71 1119
90 1144
17 1144
18 1144
34 1141
79 1139
35 1114
19 1114
20 1114
21 1114
22 1114
106 1134
30 1117
82 1121
24 1121
23 1121
51 1115
1 1115
2 1115
47 1145
60 1123
68 1144
83 1141
118 1150
2 1150
71 1150
31 1151
19 1151
20 1151
86 1114
124 1117
81 1117
101 1112
36 1083
11 1083
114 1073
15 1073
109 1105
23 1105
24 1105
82 1105
33 1147
70 1152
48 1033
17 1033
95 1142
109 1142
23 1142
24 1142
103 1140
64 1092
10 1092
93 1127
19 1127
20 1127
25 1105
30 1145
118 1145
3 1145
4 1145
102 1147
111 1128
14 1128
89 1128
82 1142
25 1142
106 1141
66 1153
29 1114
24 1114
23 1114
109 1114
43 1156
61 1156
123 1108
5 1108
6 1108
98 1097
12 1097
92 1117
3 1117
4 1117
53 1082
16 1082
17 1082
122 1153
5 1153
85 1153
76 1153
46 1153
80 1153
6 1153
87 1103
34 1134
11 1134
118 1157
124 1157
91 1083
13 1083
113 1104
14 1104
15 1104
44 1104
116 1073
16 1073
85 1158
80 1158
76 1158
46 1158
77 1155
121 1128
108 1127
53 1073
17 1073
18 1073
19 1073
43 1073
88 1133
19 1133
46 1159
80 1159
85 1159
76 1159
7 1159
8 1159
70 1159
9 1159
48 1156
88 1156
19 1156
20 1156
41 1154
5 1154
6 1154
42 1111
6 1111
41 1111
5 1111
124 1111
66 1117
122 1117
42 1117
6 1117
7 1117
80 1117
76 1117
72 1135
1 1135
84 1121
61 1073
71 1145
5 1145
116 1160
77 1160
17 1160
53 1160
90 1133
20 1133
63 1033
19 1033
20 1033
21 1033
22 1033
23 1033
24 1033
35 1144
22 1144
23 1144
24 1144
123 1153
7 1153
68 1151
22 1151
23 1151
99 1146
123 1146
7 1146
65 1108
8 1108
9 1108
94 1129
59 1038
11 1038
12 1038
115 1038
81 1157
111 1104
16 1104
17 1104
77 1104
32 1109
22 1109
74 1044
10 1044
59 1044
11 1044
114 1160
18 1160
87 1127
32 1127
22 1127
23 1127
24 1127
70 1108
10 1108
30 1111
47 1111
85 1117
8 1117
86 1135
116 1104
18 1104
27 1095
19 1095
75 1107
27 1107
19 1107
77 1107
116 1107
18 1107
17 1107
121 1107
89 1107
113 1107
87 1161
32 1161
60 1162
86 1163
29 1163
2 1163
114 1104
19 1104
75 1104
100 1148
18 1148
114 1148
19 1148
112 1150
7 1150
49 1129
19 1129
94 1160
49 1160
19 1160
101 1164
104 1155
62 1126
18 1126
19 1126
94 1126
40 1149
12 1149
56 1149
66 1150
67 1162
5 1162
107 1102
24 1102
23 1102
102 1134
15 1134
39 1022
20 1022
120 1115
8 1115
9 1115
100 1160
54 1164
6 1164
81 1164
75 1148
55 1128
18 1128
19 1128
122 1150
9 1150
31 1161
108 1161
82 1162
33 1134
16 1134
92 1157
7 1157
41 1145
53 1095
119 1091
5 1091
6 1091
107 1161
25 1162
74 1108
13 1108
94 1022
124 1164
47 1164
30 1164
8 1164
9 1164
100 1128
20 1128
81 1167
124 1167
36 1140
17 1140
18 1140
28 1092
15 1092
95 1114
4 1114
5 1114
101 1091
7 1091
8 1091
84 1163
5 1163
6 1163
60 1163
67 1163
79 1097
18 1097
114 1129
44 1168
48 1133
23 1133
116 1155
49 1126
77 1126
94 1128
49 1128
21 1128
113 1140
19 1140
121 1140
89 1140
42 1153
10 1153
11 1153
99 1117
11 1117
26 1038
15 1038
16 1038
111 1168
20 1168
123 1115
39 1148
22 1148
77 1148
94 1148
75 1095
39 1095
22 1095
23 1095
61 1095
59 1149
15 1149
16 1149
114 1128
39 1128
33 1169
47 1167
55 1140
20 1140
111 1140
53 1129
46 1117
12 1117
109 1135
95 1135
5 1135
113 1168
89 1168
55 1168
63 1133
24 1133
45 1107
20 1107
63 1170
24 1170
91 1134
51 1112
9 1112
92 1112
124 1112
115 1044
16 1044
104 1160
22 1160
23 1160
24 1160
43 1160
80 1171
61 1170
37 1156
1 1156
28 1038
17 1038
106 1038
59 1172
54 1166
85 1115
52 1035
24 1035
23 1035
112 1145
11 1145
12 1145
122 1145
42 1145
58 1158
13 1158
14 1158
15 1158
103 1147
19 1147
34 1092
18 1092
102 1092
35 1151
3 1151
107 1151
76 1146
13 1146
14 1146
15 1146
16 1146
115 1146
17 1146
50 1163
9 1163
10 1163
118 1111
11 1111
12 1111
27 1104
96 1119
118 1119
47 1119
11 1119
100 1155
23 1155
24 1155
116 1126
104 1126
100 1126
23 1126
24 1126
67 1174
50 1174
60 1174
9 1174
10 1174
46 1171
76 1171
30 1167
118 1167
78 1154
12 1154
118 1154
47 1154
11 1154
124 1163
11 1163
30 1163
118 1163
61 1175
1 1175
2 1175
81 1112
11 1112
12 1112
56 1172
17 1172
18 1172
121 1168
22 1168
92 1119
81 1119
58 1171
14 1171
69 1077
18 1077
36 1169
96 1167
12 1167
13 1167
64 1141
19 1141
32 1151
82 1114
87 1156
32 1156
42 1112
13 1112
14 1112
80 1112
83 1038
64 1038
19 1038
29 1135
8 1135
9 1135
106 1172
64 1172
83 1172
19 1172
20 1172
36 1172
33 1172
51 1166
11 1166
81 1166
66 1145
13 1145
91 1147
21 1147
20 1147
83 1147
64 1147
57 1159
16 1159
17 1159
18 1159
102 1141
33 1141
44 1140
23 1140
24 1140
100 1140
104 1140
108 1151
4 1151
54 1154
39 1129
58 1112
122 1176
42 1176
92 1166
12 1166
13 1166
56 1177
18 1177
19 1177
83 1177
70 1158
17 1158
16 1158
97 1074
22 1074
106 1147
28 1159
19 1159
106 1159
20 1159
28 1178
19 1178
107 1156
108 1156
93 1103
4 1103
79 1134
38 1057
16 1057
76 1057
66 1176
14 1176
15 1176
16 1176
76 1176
64 1177
40 1044
18 1044
17 1044
27 1155
1 1155
117 1131
20 1131
19 1131
18 1131
17 1131
55 1179
121 1179
26 1149
75 1128
1 1128
98 1169
22 1169
78 1167
14 1167
87 1151
59 1146
49 1148
94 1155
48 1095
3 1095
89 1179
24 1179
111 1179
115 1077
88 1170
48 1170
3 1170
4 1170
5 1170
122 1167
36 1141
22 1141
23 1141
24 1141
83 1178
93 1151
5 1151
6 1151
7 1151
8 1151
9 1151
95 1151
86 1151
90 1102
4 1102
3 1102
2 1102
71 1157
14 1157
13 1157
82 1135
11 1135
68 1109
6 1109
45 1168
24 1168
118 1166
14 1166
15 1166
96 1145
14 1145
15 1145
16 1145
41 1164
71 1164
96 1164
118 1164
14 1164
13 1164
62 1165
102 1159
22 1159
29 1151
10 1151
11 1151
12 1151
31 1156
6 1156
5 1156
51 1154
13 1154
75 1102
54 1157
30 1180
118 1180
96 1180
71 1180
48 1182
4 1182
87 1170
6 1170
36 1159
23 1159
105 1139
24 1139
97 1134
105 1134
24 1134
67 1135
103 1172
102 1172
23 1172
24 1172
105 1172
97 1172
106 1177
22 1177
49 1155
2 1155
68 1170
107 1170
7 1170
108 1170
32 1170
45 1139
43 1175
5 1175
88 1175
123 1117
17 1117
18 1117
19 1117
20 1117
21 1117
118 1184
30 1184
96 1184
74 1173
20 1173
19 1173
18 1173
101 1174
14 1174
13 1174
12 1174
28 1149
22 1149
21 1149
35 1181
68 1181
107 1181
66 1167
64 1178
112 1111
16 1111
15 1111
89 1185
121 1185
83 1183
79 1172
71 1184
32 1181
93 1109
53 1035
4 1035
3 1035
2 1035
89 1035
124 1119
75 1155
98 1159
101 1111
48 1175
6 1175
7 1175
8 1175
68 1175
35 1175
9 1175
10 1175
11 1175
12 1175
13 1175
46 1112
19 1112
20 1112
21 1112
80 1057
46 1057
19 1057
20 1057
21 1057
58 1176
19 1176
80 1176
41 1180
17 1180
16 1180
15 1180
112 1184
41 1184
17 1184
16 1184
63 1182
6 1182
61 1182
76 1145
80 1145
58 1145
19 1145
20 1145
21 1145
22 1145
116 1148
4 1148
3 1148
2 1148
86 1174
112 1188
71 1188
25 1114
14 1114
13 1114
119 1162
14 1162
15 1162
16 1162
17 1162
96 1162
71 1162
68 1189
118 1188
52 1104
6 1104
5 1104
92 1164
17 1164
18 1164
122 1164
19 1164
20 1164
80 1164
35 1189
10 1189
96 1188
82 1151
15 1151
119 1151
47 1163
18 1163
124 1184
47 1184
18 1184
19 1184
114 1126
6 1126
41 1188
19 1188
124 1188
84 1114
15 1114
81 1154
92 1163
95 1175
14 1175
15 1175
55 1185
4 1185
46 1176
21 1176
22 1176
23 1176
24 1176
87 1109
10 1109
9 1109
61 1109
122 1184
20 1184
21 1184
80 1184
46 1184
72 1121
15 1121
14 1121
121 1035
53 1155
66 1186
122 1186
20 1186
19 1186
92 1186
18 1186
118 1186
96 1186
71 1186
75 1126
85 1171
21 1171
22 1171
23 1171
24 1171
93 1189
26 1077
91 1169
3 1169
84 1191
73 1136
51 1157
18 1157
67 1157
17 1157
16 1157
15 1157
76 1164
44 1179
5 1179
4 1179
105 1179
43 1193
32 1190
107 1190
44 1194
5 1194
65 1153
22 1153
23 1153
24 1153
81 1163
19 1163
96 1163
121 1192
5 1192
38 1131
23 1131
76 1131
80 1131
85 1131
22 1131
87 1189
11 1189
12 1189
13 1189
14 1189
15 1189
16 1189
34 1147
2 1147
1 1147
73 1147
115 1147
111 1141
106 1178
34 1178
2 1178
1 1178
71 1163
20 1163
21 1163
22 1163
80 1163
54 1111
91 1195
4 1195
64 1183
106 1183
100 1104
99 1115
22 1115
76 1115
79 1179
107 1199
32 1199
12 1199
87 1199
108 1181
12 1181
11 1181
68 1190
37 1103
11 1103
10 1103
9 1103
124 1154
20 1154
96 1154
39 1102
8 1102
97 1185
5 1185
123 1173
88 1182
10 1182
9 1182
55 1035
6 1035
7 1035
41 1186
21 1186
22 1186
92 1198
81 1198
20 1198
113 1139
6 1139
112 1162
45 1148
31 1170
13 1170
14 1170
15 1170
16 1170
17 1170
18 1170
19 1170
20 1170
89 1194
121 1194
25 1151
18 1151
19 1151
71 1154
56 1146
2 1146
3 1146
34 1183
4 1183
5 1183
6 1183
7 1183
89 1183
48 1109
58 1184
80 1115
49 1035
59 1145
46 1164
24 1164
96 1198
65 1131
93 1199
13 1199
26 1147
3 1147
106 1202
64 1202
34 1202
4 1202
87 1181
93 1181
13 1181
61 1193
48 1193
110 1152
1 1152
2 1152
56 1152
103 1169
5 1169
4 1169
94 1203
42 1167
23 1167
24 1167
38 1167
119 1114
19 1114
20 1114
85 1163
24 1163
42 1163
23 1163
50 1135
20 1135
19 1135
18 1135
78 1166
66 1166
23 1166
42 1166
62 1192
8 1192
27 1197
10 1197
11 1197
48 1197
30 1119
22 1119
21 1119
78 1204
66 1204
82 1189
119 1189
19 1189
20 1189
21 1189
22 1189
92 1189
49 1205
83 1169
64 1169
106 1169
77 1203
120 1150
78 1150
23 1150
24 1150
65 1150
47 1188
98 1185
6 1185
7 1185
76 1184
124 1201
118 1201
116 1035
61 1197
114 1155
10 1155
11 1155
46 1131
72 1191
19 1191
20 1191
21 1191
22 1191
96 1191
23 1191
24 1191
73 1146
51 1111
22 1111
21 1111
45 1185
8 1185
9 1185
39 1182
91 1179
7 1179
8 1179
94 1205
66 1191
120 1191
54 1114
75 1103
53 1103
73 1206
84 1157
95 1121
19 1121
20 1121
114 1182
11 1182
53 1182
89 1192
9 1192
70 1207
110 1207
3 1207
4 1207
5 1207
33 1202
7 1202
88 1193
13 1193
14 1193
93 1193
15 1193
39 1103
41 1162
24 1162
52 1102
12 1102
13 1102
122 1166
123 1186
1 1186
65 1186
71 1198
42 1204
45 1179
9 1179
10 1179
35 1190
16 1190
17 1190
18 1190
19 1190
30 1188
24 1188
23 1188
22 1188
78 1191
36 1195
75 1182
117 1177
6 1177
7 1177
33 1177
41 1198
81 1189
24 1189
28 1147
6 1147
7 1147
31 1181
16 1181
17 1181
18 1181
19 1181
20 1181
21 1181
95 1190
20 1190
21 1190
22 1190
23 1190
109 1187
20 1187
19 1187
18 1187
17 1187
85 1184
2 1184
3 1184
4 1184
47 1201
27 1182
13 1182
12 1182
50 1119
23 1119
24 1119
46 1186
76 1186
54 1190
24 1190
51 1114
24 1114
100 1185
12 1185
11 1185
10 1185
25 1135
22 1135
23 1135
24 1135
93 1187
31 1187
103 1195
58 1115
36 1177
80 1186
58 1186
95 1209
21 1209
20 1209
49 1203
13 1203
53 1203
39 1203
79 1200
10 1200
9 1200
8 1200
33 1195
9 1195
8 1195
121 1183
11 1183
12 1183
94 1182
105 1196
85 1186
3 1186
2 1186
120 1210
75 1203
27 1203
14 1203
75 1211
54 1135
51 1135
108 1187
107 1187
64 1195
30 1201
1 1201
111 1192
12 1192
11 1192
10 1192
76 1212
85 1212
80 1212
4 1212
74 1149
6 1149
5 1149
4 1149
80 1149
85 1149
67 1170
50 1170
112 1154
2 1154
1 1154
69 1038
8 1038
9 1038
104 1104
38 1184
5 1184
49 1182
14 1182
103 1177
10 1177
11 1177
12 1177
77 1035
14 1035
15 1035
16 1035
17 1035
113 1148
121 1148
67 1213
26 1146
8 1146
9 1146
28 1146
94 1104
117 1147
9 1147
87 1193
19 1193
18 1193
17 1193
16 1193
75 1193
53 1193
59 1152
8 1152
55 1194
113 1194
83 1200
56 1208
36 1192
33 1192
89 1148
42 1186
39 1193
26 1152
9 1152
89 1214
45 1194
13 1194
12 1194
11 1194
33 1194
82 1188
