54 166 0 100 0.1 1.2763 1.3763
33 163 0 100 0.5 1.10944 1.60944
35 165 0 100 0.6 1.23467 1.83467
47 171 0 100 0.4 1.71994 2.11994
53 178 0 100 0.1 2.08167 2.18167
52 176 0 100 0.3 1.90276 2.20277
43 179 0 100 0.5 2.15686 2.65686
46 182 0 100 0.3 2.76163 3.06163
44 180 0 100 1.5 2.3032 3.8032
36 183 0 100 1.6 2.86661 4.46661
39 162 0 100 3.8 1.00464 4.80464
40 181 0 100 2.2 2.66877 4.86877
31 169 0 100 4.5 1.49612 5.99612
25 188 0 100 1.3 5.42279 6.72279
38 198 0 100 0.1 7.40832 7.50832
50 168 0 100 6.1 1.43647 7.53647
51 172 0 100 5.8 1.79674 7.59674
53 195 0 100 1.6 6.95038 8.55038
43 200 0 100 0.3 8.55608 8.85608
44 191 0 100 2.5 6.6053 9.1053
43 187 0 100 4.2 4.96174 9.16174
49 192 0 100 2.6 6.70388 9.30388
28 207 0 100 1.16701e-08 9.96885 9.96885
34 189 0 100 5.3 6.18129 11.4813
29 199 0 100 3.6 8.14965 11.7497
36 202 0 100 3.2 8.68061 11.8806
47 206 0 100 2.2 9.95943 12.1594
42 170 0 100 10.8 1.55365 12.3537
48 210 0 100 1.3 11.0809 12.3809
46 204 0 100 3.1 9.45422 12.5542
39 216 0 100 1.5 12.6533 14.1533
29 211 0 100 3.7 11.0869 14.7869
