102 699 0 100 0.3 1.72367 2.02367
97 711 0 100 0.1 2.05676 2.15676
90 714 0 100 3.50103e-08 2.20097 2.20097
36 717 0 100 4.66804e-08 2.33431 2.33431
31 693 0 100 0.8 1.56182 2.36182
26 715 0 100 0.1 2.26911 2.36911
103 695 0 100 1 1.58216 2.58216
71 680 0 100 1.4 1.20034 2.60034
53 712 0 100 0.6 2.06153 2.66153
66 697 0 100 1.1 1.67122 2.77122
100 707 0 100 0.8 1.98508 2.78508
46 728 0 100 1.51711e-07 2.84419 2.84419
41 704 0 100 1.1 1.83195 2.93195
101 730 0 100 9.33608e-08 2.97749 2.97749
67 701 0 100 1.4 1.75979 3.15979
49 721 0 100 0.8 2.47661 3.27661
79 727 0 100 0.6 2.78664 3.38664
52 689 0 100 2.1 1.43816 3.53816
28 686 0 100 2.4 1.40652 3.80652
83 674 0 100 2.9 1.03574 3.93574
45 734 0 100 2.33402e-08 3.99722 3.99722
64 718 0 100 1.8 2.38361 4.18361
45 685 0 100 3 1.37642 4.37642
68 683 0 100 3.2 1.29202 4.49202
35 726 0 100 1.9 2.77829 4.67829
51 708 0 100 2.7 2.00541 4.70541
81 702 0 100 3.2 1.78048 4.98048
60 720 0 100 2.7 2.45002 5.15002
53 749 0 100 5.83505e-08 5.40164 5.40164
68 733 0 100 1.6 3.84643 5.44643
57 739 0 100 1.2 4.50338 5.70338
65 746 0 100 0.9 5.08265 5.98265
98 716 0 100 3.7 2.3136 6.0136
44 752 0 100 0.3 5.89377 6.19377
25 723 0 100 3.6 2.60689 6.20689
86 754 0 100 0.1 6.13445 6.23445
86 725 0 100 3.6 2.68084 6.28084
38 750 0 100 1 5.47484 6.47484
99 679 0 100 5.3 1.18048 6.48048
93 722 0 100 4.1 2.48783 6.58783
30 700 0 100 4.9 1.73953 6.63953
76 694 0 100 5.2 1.56386 6.76386
57 696 0 100 5.2 1.59257 6.79257
40 724 0 100 4.2 2.64659 6.84659
55 740 0 100 2.2 4.64777 6.84777
74 676 0 100 5.9 1.09128 6.99129
95 765 0 100 0.4 6.89161 7.29161
31 736 0 100 3.3 4.07106 7.37106
84 737 0 100 3.2 4.36972 7.56972
50 719 0 100 5.2 2.39824 7.59824
33 675 0 100 6.6 1.0798 7.6798
29 732 0 100 4.1 3.80027 7.90027
43 771 0 100 0.5 7.47161 7.97161
34 742 0 100 3.5 4.69531 8.19531
62 741 0 100 3.6 4.64992 8.24992
64 759 0 100 1.9 6.52579 8.42579
47 710 0 100 6.5 2.03326 8.53327
84 703 0 100 6.8 1.80982 8.60982
95 705 0 100 7.4 1.88435 9.28435
80 783 0 100 0.5 8.97679 9.47679
96 763 0 100 2.8 6.76284 9.56284
87 777 0 100 1.7 8.29071 9.99071
89 745 0 100 5.2 4.92121 10.1212
42 795 0 100 0.1 10.218 10.318
38 796 0 100 0.5 10.2296 10.7296
32 768 0 100 3.7 7.12019 10.8202
92 776 0 100 2.8 8.10909 10.9091
83 766 0 100 4.2 6.94116 11.1412
58 801 0 100 0.6 10.8226 11.4226
91 747 0 100 6.4 5.13009 11.5301
25 767 0 100 4.6 7.02715 11.6271
34 780 0 100 3.1 8.77543 11.8754
50 758 0 100 5.6 6.33505 11.9351
95 799 0 100 1.3 10.6455 11.9455
92 690 0 100 10.6 1.46315 12.0631
31 773 0 100 4.5 7.56847 12.0685
83 797 0 100 2 10.2964 12.2964
30 806 0 100 0.9 11.4324 12.3324
84 778 0 100 4.1 8.5624 12.6624
50 804 0 100 1.6 11.2567 12.8567
104 786 0 100 3.7 9.3009 13.0009
100 818 0 100 0.4 12.9652 13.3652
79 798 0 100 2.9 10.6186 13.5186
54 755 0 100 7.4 6.15509 13.5551
52 792 0 100 3.9 9.73042 13.6304
64 794 0 100 3.6 10.0734 13.6734
80 812 0 100 1.3 12.3816 13.6816
29 779 0 100 5.1 8.60441 13.7044
82 775 0 100 6.4 8.04708 14.4471
45 821 0 100 1.6 13.1011 14.7011
64 817 0 100 1.9 12.8563 14.7563
86 785 0 100 5.6 9.21524 14.8152
98 823 0 100 1.7 13.1847 14.8847
