60 1019 1.02864
122 1020 1.03227
50 1021 1.03309
35 1022 1.03627
110 1023 1.04215
54 1024 1.05685
114 1025 1.06956
77 1026 1.09323
36 1027 1.09447
25 1028 1.09546
63 1029 1.13164
92 1030 1.13437
83 1031 1.14993
61 1032 1.15266
107 1033 1.17478
111 1034 1.23744
94 1035 1.24209
112 1036 1.24964
86 1037 1.29879
46 1038 1.32066
75 1039 1.32359
31 1040 1.33387
84 1041 1.35332
121 1042 1.37832
58 1043 1.43546
30 1044 1.4426
65 1045 1.45625
72 1046 1.45862
68 1047 1.51986
80 1048 1.54482
32 1049 1.60598
51 1050 1.72751
108 1051 1.76279
55 1052 1.80289
105 1053 1.80599
62 1054 1.8527
56 1055 1.87728
118 1056 2.01492
28 1057 2.0237
124 1058 2.04761
116 1059 2.08168
97 1060 2.11285
34 1061 2.11587
103 1062 2.1503
96 1063 2.17549
45 1064 2.22639
88 1065 2.22978
98 1066 2.23687
70 1067 2.26036
101 1068 2.26644
123 1069 2.32558
90 1070 2.35952
38 1071 2.40783
57 1072 2.41532
64 1073 2.54176
117 1074 2.56283
37 1075 2.56645
41 1076 2.56647
104 1077 2.57439
59 1078 2.64961
42 1079 2.6955
120 1080 2.73384
115 1081 2.75357
33 1082 2.8295
113 1083 2.83115
99 1084 2.89769
53 1085 2.93224
48 1086 2.93774
84 1087 3.67653
46 1088 3.77563
26 1089 3.94929
105 1090 3.99747
96 1091 4.30657
94 1092 4.38879
118 1093 4.62486
123 1094 4.72281
41 1095 4.75781
54 1096 4.88652
50 1097 4.91521
117 1098 5.03939
77 1099 5.11132
29 1100 5.11261
36 1101 5.28913
43 1102 5.31326
72 1103 5.40106
121 1104 5.43149
99 1105 5.44405
88 1106 5.66165
51 1107 5.66638
120 1108 5.71367
124 1109 5.73456
106 1110 5.91279
66 1111 6.21709
76 1112 6.21992
81 1113 6.27745
108 1114 6.29874
42 1115 6.34054
67 1116 6.69782
78 1117 6.71959
34 1118 6.74556
85 1119 6.75112
44 1120 6.87487
63 1121 6.93827
102 1122 7.00291
79 1123 7.27519
118 1124 7.30817
69 1125 7.34437
91 1126 7.45847
72 1127 7.48905
61 1128 7.57087
54 1129 7.61641
109 1130 7.65435
33 1131 7.75951
83 1132 7.90399
115 1133 7.9447
64 1134 8.11432
84 1135 8.12906
121 1136 8.22254
96 1137 8.27355
112 1138 8.36295
86 1139 8.39471
108 1140 8.48395
25 1141 8.57767
29 1142 8.67713
65 1143 8.83002
90 1144 8.8771
92 1145 8.94408
58 1146 9.01272
37 1147 9.06756
104 1148 9.2495
113 1149 9.26766
47 1150 9.38193
31 1151 9.59426
70 1152 9.67148
66 1153 9.69162
41 1154 9.70571
77 1155 9.75334
43 1156 9.80004
118 1157 9.92751
85 1158 9.94987
46 1159 10.0755
116 1160 10.1445
87 1161 10.4069
60 1162 10.4105
86 1163 10.4141
101 1164 10.5468
62 1165 10.7537
54 1166 10.8386
81 1167 10.8774
44 1168 10.9373
33 1169 11.0765
63 1170 11.1752
80 1171 11.2647
59 1172 11.3364
74 1173 11.3387
67 1174 11.3589
61 1175 11.5178
122 1176 11.5258
56 1177 11.5413
28 1178 11.7938
55 1179 11.8636
30 1180 11.9304
35 1181 12.0701
48 1182 12.1409
83 1183 12.2307
118 1184 12.3364
89 1185 12.4257
66 1186 12.4546
109 1187 12.5291
112 1188 12.6933
68 1189 12.7652
32 1190 13.0717
84 1191 13.0974
121 1192 13.1454
43 1193 13.1705
44 1194 13.1799
91 1195 13.2304
105 1196 13.2444
27 1197 13.3483
92 1198 13.3554
107 1199 13.3648
79 1200 13.4132
124 1201 13.6403
106 1202 13.6682
94 1203 13.6769
78 1204 13.7558
49 1205 13.7742
73 1206 14.0209
70 1207 14.051
56 1208 14.4285
95 1209 14.4632
120 1210 14.5587
75 1211 14.6234
76 1212 14.66
67 1213 14.7558
89 1214 14.9799
54 1215 14.9944
