45 416 1.00997
81 417 1.01778
70 418 1.02451
53 419 1.02462
73 420 1.02607
54 421 1.04339
40 422 1.2391
79 423 1.24199
76 424 1.2949
66 425 1.31502
69 426 1.32162
65 427 1.32857
77 428 1.34413
68 429 1.40714
37 430 1.41436
84 431 1.41649
59 432 1.44532
52 433 1.49622
31 434 1.53695
74 435 1.55162
82 436 1.71859
56 437 1.79121
26 438 1.80816
78 439 1.81144
83 440 1.92598
27 441 1.941
49 442 1.9538
46 443 1.96957
25 444 1.98252
35 445 1.9933
42 446 2.14155
64 447 2.28061
71 448 2.35391
67 449 2.41489
60 450 2.47365
58 451 2.82891
43 452 2.8635
48 453 2.86574
52 454 3.57492
39 455 4.29375
80 456 4.38695
40 457 4.55149
29 458 4.75079
73 459 4.86822
26 460 4.88676
31 461 4.94789
56 462 5.04731
77 463 5.09372
59 464 5.14975
25 465 5.4571
82 466 5.49417
63 467 5.50094
61 468 5.53937
84 469 5.61814
27 470 5.66726
58 471 5.68829
81 472 5.69201
37 473 5.86049
62 474 6.03028
72 475 6.50129
74 476 6.53749
35 477 6.95343
44 478 7.05814
71 479 7.06785
39 480 7.15005
67 481 7.22375
76 482 7.41707
46 483 7.96166
59 484 8.14476
25 485 8.23458
43 486 8.41587
28 487 8.54336
32 488 8.65508
70 489 8.75361
74 490 8.81134
68 491 8.92026
80 492 9.13423
40 493 9.23195
81 494 9.38005
29 495 9.53495
58 496 9.57785
26 497 9.65382
79 498 9.78952
48 499 9.82683
72 500 9.89752
77 501 9.90555
49 502 10.0915
37 503 10.1039
84 504 10.194
52 505 10.2192
67 506 10.2576
63 507 10.3205
82 508 10.3896
39 509 10.6636
35 510 10.6871
59 511 10.8495
47 512 10.8826
51 513 11.4569
36 514 11.4957
30 515 11.6637
71 516 11.9298
43 517 12.028
42 518 12.2457
52 519 12.5031
40 520 12.5386
49 521 12.559
38 522 12.6856
29 523 12.913
54 524 12.9185
25 525 13.139
34 526 13.2816
59 527 13.5466
64 528 13.6413
44 529 13.6777
32 530 13.7063
77 531 13.7405
31 532 14.0338
41 533 14.399
73 534 14.557
39 535 14.6998
82 536 14.7152
52 537 14.7953
83 538 14.8754
76 539 14.9807
