42 553 0 100 5.83505e-08 1.42556 1.42556
45 555 0 100 0.1 1.48259 1.58259
57 569 0 100 1.86722e-07 1.97872 1.97872
79 567 0 100 0.1 1.93355 2.03355
68 548 0 100 1 1.21601 2.21601
47 577 0 100 0.2 2.33885 2.53885
36 544 0 100 1.5 1.10089 2.60089
30 549 0 100 1.5 1.24865 2.74865
93 584 0 100 0.2 2.69992 2.89992
58 556 0 100 1.4 1.52776 2.92776
88 586 0 100 0.1 2.86391 2.96391
54 562 0 100 1.2 1.82395 3.02395
72 540 0 100 2 1.0303 3.0303
78 559 0 100 1.6 1.66326 3.26326
64 546 0 100 3 1.13882 4.13882
49 575 0 100 2.3 2.29305 4.59305
53 570 0 100 2.9 2.05122 4.95122
68 588 0 100 1.5 3.7207 5.2207
63 552 0 100 3.9 1.40801 5.30801
50 576 0 100 3.4 2.30274 5.70274
40 558 0 100 4.1 1.61565 5.71565
42 595 0 100 0.5 5.30104 5.80104
46 561 0 100 4.1 1.73126 5.83126
38 579 0 100 3.5 2.40568 5.90568
74 604 0 100 3.50103e-08 6.09503 6.09503
56 557 0 100 4.8 1.56325 6.36325
45 607 0 100 0.1 6.32412 6.42412
33 554 0 100 5.2 1.44361 6.64361
85 591 0 100 2.2 4.49992 6.69992
71 606 0 100 0.4 6.31354 6.71354
84 545 0 100 5.7 1.11575 6.81575
84 589 0 100 3.6 3.76227 7.36227
36 590 0 100 3.1 4.29502 7.39502
26 582 0 100 5.1 2.6418 7.7418
60 605 0 100 1.9 6.26221 8.16221
88 620 0 100 0.5 7.83505 8.33505
39 609 0 100 2 6.41313 8.41313
86 598 0 100 3.1 5.51247 8.61247
86 543 0 100 8 1.09242 9.09242
49 619 0 100 1.7 7.79962 9.49962
63 592 0 100 5.5 4.57381 10.0738
38 611 0 100 3.8 6.48329 10.2833
25 616 0 100 3.4 7.49081 10.8908
28 547 0 100 9.9 1.14826 11.0483
89 637 0 100 0.7 10.4297 11.1297
61 622 0 100 3.6 8.03979 11.6398
90 621 0 100 3.7 8.00214 11.7021
58 642 0 100 1.4 10.8812 12.2812
61 636 0 100 2 10.3937 12.3937
94 596 0 100 7.4 5.40939 12.8094
33 632 0 100 3.7 9.33288 13.0329
75 645 0 100 2.4 11.086 13.486
46 633 0 100 4.4 9.62752 14.0275
62 650 0 100 2.2 11.8294 14.0294
76 647 0 100 2.7 11.4162 14.1162
86 634 0 100 4.7 9.65444 14.3544
93 630 0 100 5.2 9.18287 14.3829
27 655 0 100 1.8 12.6027 14.4027
42 653 0 100 2.3 12.1864 14.4864
63 671 0 100 0.4 14.3378 14.7378
87 649 0 100 3.2 11.7474 14.9474
