0 2185
0 2186
0 2187
0 2188
0 2189
0 2190
0 2191
0 2192
0 2193
0 2194
0 2197
53 2199
3 2199
2 2199
1 2199
0 2202
27 2195
16 2195
17 2195
18 2195
19 2195
20 2195
21 2195
22 2195
23 2195
24 2195
0 2207
0 2211
70 2196
22 2196
23 2196
24 2196
0 2215
28 2212
21 2212
22 2212
23 2212
24 2212
67 2205
11 2205
10 2205
9 2205
8 2205
7 2205
6 2205
5 2205
4 2205
3 2205
2 2205
1 2205
0 2216
31 2210
12 2210
11 2210
10 2210
9 2210
8 2210
7 2210
6 2210
5 2210
4 2210
3 2210
2 2210
1 2210
60 2206
14 2206
15 2206
16 2206
17 2206
18 2206
19 2206
20 2206
21 2206
22 2206
23 2206
24 2206
0 2219
74 2204
16 2204
17 2204
18 2204
19 2204
20 2204
21 2204
22 2204
23 2204
24 2204
38 2214
23 2214
24 2214
0 2222
40 2220
47 2226
6 2226
5 2226
4 2226
3 2226
2 2226
1 2226
0 2229
59 2220
3 2220
2 2220
1 2220
61 2230
14 2230
15 2230
16 2230
17 2230
18 2230
19 2230
20 2230
21 2230
22 2230
23 2230
24 2230
25 2213
16 2213
17 2213
18 2213
19 2213
20 2213
21 2213
22 2213
23 2213
24 2213
30 2231
7 2231
6 2231
5 2231
4 2231
3 2231
2 2231
1 2231
72 2218
0 2232
71 2200
21 2200
22 2200
23 2200
24 2200
29 2221
19 2221
20 2221
21 2221
22 2221
23 2221
24 2221
0 2235
41 2203
24 2203
42 2201
7 2201
6 2201
5 2201
4 2201
3 2201
2 2201
1 2201
0 2239
37 2223
23 2223
24 2223
34 2217
12 2217
11 2217
10 2217
9 2217
8 2217
7 2217
6 2217
5 2217
4 2217
3 2217
2 2217
1 2217
66 2233
16 2233
17 2233
18 2233
19 2233
20 2233
21 2233
22 2233
23 2233
24 2233
46 2240
2 2240
1 2240
62 2238
8 2238
7 2238
6 2238
5 2238
4 2238
3 2238
2 2238
1 2238
0 2243
64 2241
9 2241
8 2241
7 2241
6 2241
5 2241
4 2241
3 2241
2 2241
1 2241
49 2242
16 2242
17 2242
18 2242
19 2242
20 2242
21 2242
22 2242
23 2242
24 2242
0 2246
58 2244
0 2250
48 2251
17 2251
18 2251
19 2251
20 2251
21 2251
22 2251
23 2251
24 2251
69 2209
11 2209
10 2209
9 2209
8 2209
7 2209
6 2209
5 2209
4 2209
3 2209
2 2209
1 2209
73 2249
0 2253
0 2257
63 2254
4 2254
3 2254
2 2254
1 2254
0 2259
45 2258
20 2258
21 2258
22 2258
23 2258
24 2258
36 2247
3 2247
2 2247
1 2247
50 2236
7 2236
6 2236
5 2236
4 2236
3 2236
2 2236
1 2236
26 2245
8 2245
7 2245
6 2245
5 2245
4 2245
3 2245
2 2245
1 2245
44 2248
7 2248
6 2248
5 2248
4 2248
3 2248
2 2248
1 2248
39 2252
10 2252
9 2252
8 2252
7 2252
6 2252
5 2252
4 2252
3 2252
2 2252
1 2252
0 2262
54 2224
5 2224
4 2224
3 2224
2 2224
1 2224
33 2227
3 2227
2 2227
1 2227
0 2264
55 2198
1 2198
43 2208
13 2208
14 2208
15 2208
16 2208
17 2208
18 2208
19 2208
20 2208
21 2208
22 2208
23 2208
24 2208
72 2249
5 2249
4 2249
3 2249
2 2249
1 2249
0 2265
56 2260
18 2260
19 2260
20 2260
21 2260
22 2260
23 2260
24 2260
32 2228
21 2228
22 2228
23 2228
24 2228
0 2266
52 2255
17 2255
18 2255
19 2255
20 2255
21 2255
22 2255
23 2255
24 2255
0 2267
53 2268
14 2268
15 2268
16 2268
17 2268
18 2268
19 2268
20 2268
21 2268
22 2268
23 2268
24 2268
0 2269
0 2270
68 2263
2 2263
1 2263
0 2271
0 2272
0 2273
35 2234
20 2234
21 2234
22 2234
23 2234
24 2234
0 2274
65 2256
17 2256
18 2256
19 2256
20 2256
21 2256
22 2256
23 2256
24 2256
0 2275
28 2276
8 2276
7 2276
6 2276
5 2276
4 2276
3 2276
2 2276
1 2276
0 2278
0 2279
0 2280
0 2281
59 2261
15 2261
16 2261
17 2261
18 2261
19 2261
20 2261
21 2261
22 2261
23 2261
24 2261
0 2283
0 2285
61 2277
2 2277
1 2277
0 2287
57 2237
10 2237
9 2237
8 2237
7 2237
6 2237
5 2237
4 2237
3 2237
2 2237
1 2237
0 2289
0 2291
66 2282
4 2282
3 2282
2 2282
1 2282
27 2288
9 2288
8 2288
7 2288
6 2288
5 2288
4 2288
3 2288
2 2288
1 2288
0 2295
51 2225
16 2225
17 2225
18 2225
19 2225
20 2225
21 2225
22 2225
23 2225
24 2225
49 2294
4 2294
3 2294
2 2294
1 2294
0 2298
54 2299
58 2293
13 2293
14 2293
15 2293
16 2293
17 2293
18 2293
19 2293
20 2293
21 2293
22 2293
23 2293
24 2293
0 2304
64 2292
23 2292
24 2292
41 2296
0 2307
63 2306
17 2306
18 2306
19 2306
20 2306
21 2306
22 2306
23 2306
24 2306
0 2309
0 2312
29 2308
11 2308
10 2308
9 2308
8 2308
7 2308
6 2308
5 2308
4 2308
3 2308
2 2308
1 2308
0 2313
0 2314
40 2316
48 2297
8 2297
7 2297
6 2297
5 2297
4 2297
3 2297
2 2297
1 2297
0 2318
73 2299
0 2320
42 2303
39 2310
74 2284
11 2284
10 2284
9 2284
8 2284
7 2284
6 2284
5 2284
4 2284
3 2284
2 2284
1 2284
0 2322
59 2316
23 2316
24 2316
28 2296
18 2296
19 2296
20 2296
21 2296
22 2296
23 2296
24 2296
38 2317
19 2317
20 2317
21 2317
22 2317
23 2317
24 2317
0 2324
35 2319
6 2319
5 2319
4 2319
3 2319
2 2319
1 2319
0 2325
47 2327
2 2327
1 2327
71 2328
17 2328
18 2328
19 2328
20 2328
21 2328
22 2328
23 2328
24 2328
0 2329
25 2286
12 2286
11 2286
10 2286
9 2286
8 2286
7 2286
6 2286
5 2286
4 2286
3 2286
2 2286
1 2286
0 2331
31 2302
10 2302
9 2302
8 2302
7 2302
6 2302
5 2302
4 2302
3 2302
2 2302
1 2302
33 2332
20 2332
21 2332
22 2332
23 2332
24 2332
60 2311
12 2311
11 2311
10 2311
9 2311
8 2311
7 2311
6 2311
5 2311
4 2311
3 2311
2 2311
1 2311
37 2333
19 2333
20 2333
21 2333
22 2333
23 2333
24 2333
0 2334
0 2336
0 2341
73 2338
23 2338
24 2338
30 2315
5 2315
4 2315
3 2315
2 2315
1 2315
44 2305
1 2305
0 2344
62 2339
5 2339
4 2339
3 2339
2 2339
1 2339
0 2346
0 2348
0 2349
72 2299
66 2351
15 2351
16 2351
17 2351
18 2351
19 2351
20 2351
21 2351
22 2351
23 2351
24 2351
0 2353
27 2354
20 2354
21 2354
22 2354
23 2354
24 2354
51 2350
2 2350
1 2350
0 2356
52 2326
12 2326
11 2326
10 2326
9 2326
8 2326
7 2326
6 2326
5 2326
4 2326
3 2326
2 2326
1 2326
0 2358
0 2360
36 2335
46 2343
3 2343
2 2343
1 2343
0 2361
69 2352
11 2352
10 2352
9 2352
8 2352
7 2352
6 2352
5 2352
4 2352
3 2352
2 2352
1 2352
70 2323
2 2323
1 2323
0 2362
43 2345
11 2345
10 2345
9 2345
8 2345
7 2345
6 2345
5 2345
4 2345
3 2345
2 2345
1 2345
0 2364
65 2365
11 2365
10 2365
9 2365
8 2365
7 2365
6 2365
5 2365
4 2365
3 2365
2 2365
1 2365
0 2367
26 2330
8 2330
7 2330
6 2330
5 2330
4 2330
3 2330
2 2330
1 2330
0 2369
42 2368
10 2368
9 2368
8 2368
7 2368
6 2368
5 2368
4 2368
3 2368
2 2368
1 2368
63 2370
5 2370
4 2370
3 2370
2 2370
1 2370
0 2371
68 2342
0 2372
55 2337
1 2337
50 2359
8 2359
7 2359
6 2359
5 2359
4 2359
3 2359
2 2359
1 2359
32 2357
21 2357
22 2357
23 2357
24 2357
0 2375
28 2340
4 2340
3 2340
2 2340
1 2340
53 2366
13 2366
14 2366
15 2366
16 2366
17 2366
18 2366
19 2366
20 2366
21 2366
22 2366
23 2366
24 2366
45 2290
22 2290
23 2290
24 2290
0 2376
58 2373
4 2373
3 2373
2 2373
1 2373
0 2379
67 2300
20 2300
21 2300
22 2300
23 2300
24 2300
0 2380
31 2378
21 2378
22 2378
23 2378
24 2378
0 2382
41 2363
6 2363
5 2363
4 2363
3 2363
2 2363
1 2363
40 2377
11 2377
10 2377
9 2377
8 2377
7 2377
6 2377
5 2377
4 2377
3 2377
2 2377
1 2377
59 2381
11 2381
10 2381
9 2381
8 2381
7 2381
6 2381
5 2381
4 2381
3 2381
2 2381
1 2381
27 2342
2 2342
1 2342
61 2347
74 2374
0 2383
31 2347
22 2347
23 2347
24 2347
0 2384
56 2355
21 2355
22 2355
23 2355
24 2355
0 2385
0 2386
0 2388
54 2389
0 2390
73 2389
11 2389
10 2389
9 2389
8 2389
7 2389
6 2389
5 2389
4 2389
3 2389
2 2389
1 2389
0 2391
0 2394
29 2387
5 2387
4 2387
3 2387
2 2387
1 2387
0 2395
51 2393
13 2393
14 2393
15 2393
16 2393
17 2393
18 2393
19 2393
20 2393
21 2393
22 2393
23 2393
24 2393
0 2397
0 2401
0 2403
35 2392
24 2392
49 2399
3 2399
2 2399
1 2399
0 2404
0 2406
26 2407
18 2407
19 2407
20 2407
21 2407
22 2407
23 2407
24 2407
57 2396
11 2396
10 2396
9 2396
8 2396
7 2396
6 2396
5 2396
4 2396
3 2396
2 2396
1 2396
0 2409
0 2412
0 2414
65 2402
24 2402
0 2415
27 2417
47 2400
23 2400
24 2400
30 2411
24 2411
0 2421
71 2423
13 2423
14 2423
15 2423
16 2423
17 2423
18 2423
19 2423
20 2423
21 2423
22 2423
23 2423
24 2423
37 2410
14 2410
15 2410
16 2410
17 2410
18 2410
19 2410
20 2410
21 2410
22 2410
23 2410
24 2410
0 2425
68 2417
12 2417
11 2417
10 2417
9 2417
8 2417
7 2417
6 2417
5 2417
4 2417
3 2417
2 2417
1 2417
0 2428
52 2422
4 2422
3 2422
2 2422
1 2422
72 2416
18 2416
19 2416
20 2416
21 2416
22 2416
23 2416
24 2416
34 2321
0 2430
0 2433
64 2405
1 2405
66 2432
9 2432
8 2432
7 2432
6 2432
5 2432
4 2432
3 2432
2 2432
1 2432
35 2321
5 2321
4 2321
3 2321
2 2321
1 2321
0 2435
28 2431
17 2431
18 2431
19 2431
20 2431
21 2431
22 2431
23 2431
24 2431
33 2419
18 2419
19 2419
20 2419
21 2419
22 2419
23 2419
24 2419
0 2438
46 2436
21 2436
22 2436
23 2436
24 2436
73 2408
20 2408
21 2408
22 2408
23 2408
24 2408
38 2335
19 2335
20 2335
21 2335
22 2335
23 2335
24 2335
67 2420
8 2420
7 2420
6 2420
5 2420
4 2420
3 2420
2 2420
1 2420
0 2443
36 2437
39 2427
1 2427
54 2445
0 2446
38 2437
20 2437
21 2437
22 2437
23 2437
24 2437
0 2447
62 2444
3 2444
2 2444
1 2444
70 2429
21 2429
22 2429
23 2429
24 2429
0 2448
60 2398
12 2398
11 2398
10 2398
9 2398
8 2398
7 2398
6 2398
5 2398
4 2398
3 2398
2 2398
1 2398
73 2445
22 2445
23 2445
24 2445
25 2434
13 2434
14 2434
15 2434
16 2434
17 2434
18 2434
19 2434
20 2434
21 2434
22 2434
23 2434
24 2434
0 2450
42 2426
44 2439
48 2418
12 2418
11 2418
10 2418
9 2418
8 2418
7 2418
6 2418
5 2418
4 2418
3 2418
2 2418
1 2418
0 2452
0 2454
32 2441
14 2441
15 2441
16 2441
17 2441
18 2441
19 2441
20 2441
21 2441
22 2441
23 2441
24 2441
0 2455
0 2456
0 2457
39 2426
5 2426
4 2426
3 2426
2 2426
1 2426
68 2453
19 2453
20 2453
21 2453
22 2453
23 2453
24 2453
0 2463
50 2440
3 2440
2 2440
1 2440
63 2462
1 2462
0 2464
58 2424
24 2424
0 2466
0 2468
0 2469
0 2471
40 2459
6 2459
5 2459
4 2459
3 2459
2 2459
1 2459
56 2472
15 2472
16 2472
17 2472
18 2472
19 2472
20 2472
21 2472
22 2472
23 2472
24 2472
26 2470
7 2470
6 2470
5 2470
4 2470
3 2470
2 2470
1 2470
0 2473
43 2465
11 2465
10 2465
9 2465
8 2465
7 2465
6 2465
5 2465
4 2465
3 2465
2 2465
1 2465
31 2451
17 2451
18 2451
19 2451
20 2451
21 2451
22 2451
23 2451
24 2451
61 2461
17 2461
18 2461
19 2461
20 2461
21 2461
22 2461
23 2461
24 2461
0 2476
45 2477
20 2477
21 2477
22 2477
23 2477
24 2477
53 2449
11 2449
10 2449
9 2449
8 2449
7 2449
6 2449
5 2449
4 2449
3 2449
2 2449
1 2449
0 2478
0 2479
29 2474
23 2474
24 2474
69 2460
13 2460
14 2460
15 2460
16 2460
17 2460
18 2460
19 2460
20 2460
21 2460
22 2460
23 2460
24 2460
49 2475
19 2475
20 2475
21 2475
22 2475
23 2475
24 2475
0 2481
59 2458
8 2458
7 2458
6 2458
5 2458
4 2458
3 2458
2 2458
1 2458
55 2467
1 2467
47 2484
11 2484
10 2484
9 2484
8 2484
7 2484
6 2484
5 2484
4 2484
3 2484
2 2484
1 2484
0 2485
41 2442
4 2442
3 2442
2 2442
1 2442
0 2486
73 2480
6 2480
5 2480
4 2480
3 2480
2 2480
1 2480
0 2488
0 2489
0 2490
0 2492
0 2494
0 2497
52 2498
20 2498
21 2498
22 2498
23 2498
24 2498
0 2499
30 2493
17 2493
18 2493
19 2493
20 2493
21 2493
22 2493
23 2493
24 2493
0 2500
0 2502
74 2482
2 2482
1 2482
0 2503
39 2487
16 2487
17 2487
18 2487
19 2487
20 2487
21 2487
22 2487
23 2487
24 2487
68 2505
5 2505
4 2505
3 2505
2 2505
1 2505
0 2506
46 2504
12 2504
11 2504
10 2504
9 2504
8 2504
7 2504
6 2504
5 2504
4 2504
3 2504
2 2504
1 2504
0 2510
