0 1405
0 1406
0 1407
0 1408
0 1409
0 1410
0 1411
0 1412
0 1417
0 1418
32 1415
19 1415
20 1415
21 1415
22 1415
23 1415
24 1415
0 1422
27 1423
13 1423
14 1423
15 1423
16 1423
17 1423
18 1423
19 1423
20 1423
21 1423
22 1423
23 1423
24 1423
43 1421
12 1421
11 1421
10 1421
9 1421
8 1421
7 1421
6 1421
5 1421
4 1421
3 1421
2 1421
1 1421
36 1416
12 1416
11 1416
10 1416
9 1416
8 1416
7 1416
6 1416
5 1416
4 1416
3 1416
2 1416
1 1416
0 1424
41 1419
22 1419
23 1419
24 1419
0 1428
0 1430
0 1431
38 1413
0 1435
0 1436
0 1440
0 1442
34 1425
14 1425
15 1425
16 1425
17 1425
18 1425
19 1425
20 1425
21 1425
22 1425
23 1425
24 1425
39 1414
6 1414
5 1414
4 1414
3 1414
2 1414
1 1414
0 1443
44 1444
16 1444
17 1444
18 1444
19 1444
20 1444
21 1444
22 1444
23 1444
24 1444
0 1445
0 1446
28 1439
3 1439
2 1439
1 1439
0 1448
37 1420
23 1420
24 1420
33 1438
7 1438
6 1438
5 1438
4 1438
3 1438
2 1438
1 1438
35 1441
2 1441
1 1441
42 1429
11 1429
10 1429
9 1429
8 1429
7 1429
6 1429
5 1429
4 1429
3 1429
2 1429
1 1429
25 1433
10 1433
9 1433
8 1433
7 1433
6 1433
5 1433
4 1433
3 1433
2 1433
1 1433
0 1452
0 1453
0 1454
0 1455
29 1437
22 1437
23 1437
24 1437
31 1434
20 1434
21 1434
22 1434
23 1434
24 1434
0 1457
0 1458
40 1451
0 1459
30 1432
12 1432
11 1432
10 1432
9 1432
8 1432
7 1432
6 1432
5 1432
4 1432
3 1432
2 1432
1 1432
0 1460
0 1461
26 1447
9 1447
8 1447
7 1447
6 1447
5 1447
4 1447
3 1447
2 1447
1 1447
0 1462
0 1463
43 1464
0 1465
0 1468
0 1469
0 1470
41 1467
11 1467
10 1467
9 1467
8 1467
7 1467
6 1467
5 1467
4 1467
3 1467
2 1467
1 1467
0 1472
0 1473
38 1466
14 1466
15 1466
16 1466
17 1466
18 1466
19 1466
20 1466
21 1466
22 1466
23 1466
24 1466
27 1479
6 1479
5 1479
4 1479
3 1479
2 1479
1 1479
0 1485
32 1486
15 1486
16 1486
17 1486
18 1486
19 1486
20 1486
21 1486
22 1486
23 1486
24 1486
0 1487
33 1483
21 1483
22 1483
23 1483
24 1483
0 1488
0 1490
0 1491
0 1492
0 1494
31 1493
8 1493
7 1493
6 1493
5 1493
4 1493
3 1493
2 1493
1 1493
0 1495
0 1500
0 1501
0 1503
28 1504
22 1504
23 1504
24 1504
36 1477
12 1477
11 1477
10 1477
9 1477
8 1477
7 1477
6 1477
5 1477
4 1477
3 1477
2 1477
1 1477
25 1505
3 1505
2 1505
1 1505
0 1506
0 1511
0 1512
39 1471
4 1471
3 1471
2 1471
1 1471
0 1513
0 1515
29 1496
15 1496
16 1496
17 1496
18 1496
19 1496
20 1496
21 1496
22 1496
23 1496
24 1496
0 1516
0 1517
34 1489
14 1489
15 1489
16 1489
17 1489
18 1489
19 1489
20 1489
21 1489
22 1489
23 1489
24 1489
0 1518
0 1519
37 1514
22 1514
23 1514
24 1514
0 1520
35 1498
1 1498
0 1521
0 1523
0 1525
0 1527
0 1529
42 1508
13 1508
14 1508
15 1508
16 1508
17 1508
18 1508
19 1508
20 1508
21 1508
22 1508
23 1508
24 1508
26 1502
5 1502
4 1502
3 1502
2 1502
1 1502
0 1531
41 1522
5 1522
4 1522
3 1522
2 1522
1 1522
44 1497
20 1497
21 1497
22 1497
23 1497
24 1497
30 1499
10 1499
9 1499
8 1499
7 1499
6 1499
5 1499
4 1499
3 1499
2 1499
1 1499
0 1533
0 1534
38 1528
8 1528
7 1528
6 1528
5 1528
4 1528
3 1528
2 1528
1 1528
0 1535
40 1526
27 1530
24 1530
0 1536
0 1537
0 1538
0 1540
0 1541
25 1542
16 1542
17 1542
18 1542
19 1542
20 1542
21 1542
22 1542
23 1542
24 1542
0 1543
0 1545
0 1546
0 1547
0 1548
32 1539
10 1539
9 1539
8 1539
7 1539
6 1539
5 1539
4 1539
3 1539
2 1539
1 1539
0 1550
33 1549
18 1549
19 1549
20 1549
21 1549
22 1549
23 1549
24 1549
43 1510
5 1510
4 1510
3 1510
2 1510
1 1510
39 1544
21 1544
22 1544
23 1544
24 1544
0 1560
31 1559
5 1559
4 1559
3 1559
2 1559
1 1559
0 1562
0 1564
29 1565
0 1566
0 1568
36 1563
9 1563
8 1563
7 1563
6 1563
5 1563
4 1563
3 1563
2 1563
1 1563
0 1569
43 1565
9 1565
8 1565
7 1565
6 1565
5 1565
4 1565
3 1565
2 1565
1 1565
0 1570
0 1572
0 1573
0 1574
0 1576
44 1571
11 1571
10 1571
9 1571
8 1571
7 1571
6 1571
5 1571
4 1571
3 1571
2 1571
1 1571
38 1567
22 1567
23 1567
24 1567
37 1575
17 1575
18 1575
19 1575
20 1575
21 1575
22 1575
23 1575
24 1575
0 1577
0 1582
28 1552
24 1552
0 1583
0 1587
0 1590
0 1591
0 1592
32 1593
24 1593
0 1595
0 1596
26 1589
2 1589
1 1589
41 1561
1 1561
0 1597
0 1598
40 1580
21 1580
22 1580
23 1580
24 1580
39 1602
9 1602
8 1602
7 1602
6 1602
5 1602
4 1602
3 1602
2 1602
1 1602
30 1603
8 1603
7 1603
6 1603
5 1603
4 1603
3 1603
2 1603
1 1603
0 1604
35 1586
3 1586
2 1586
1 1586
0 1605
25 1584
11 1584
10 1584
9 1584
8 1584
7 1584
6 1584
5 1584
4 1584
3 1584
2 1584
1 1584
43 1600
20 1600
21 1600
22 1600
23 1600
24 1600
34 1585
18 1585
19 1585
20 1585
21 1585
22 1585
23 1585
24 1585
0 1606
42 1588
13 1588
14 1588
15 1588
16 1588
17 1588
18 1588
19 1588
20 1588
21 1588
22 1588
23 1588
24 1588
0 1610
0 1611
0 1613
0 1614
0 1615
0 1616
27 1594
1 1594
0 1617
0 1618
28 1619
0 1620
26 1619
11 1619
10 1619
9 1619
8 1619
7 1619
6 1619
5 1619
4 1619
3 1619
2 1619
1 1619
0 1621
33 1622
15 1622
16 1622
17 1622
18 1622
19 1622
20 1622
21 1622
22 1622
23 1622
24 1622
0 1623
