64 1896 0 100 3.50103e-08 1.00884 1.00884
49 1897 0 100 0.1 1.02518 1.12518
41 1900 0 100 0.3 1.09089 1.39089
47 1906 0 100 0.1 1.29697 1.39697
29 1909 0 100 5.83505e-08 1.41831 1.41831
43 1904 0 100 0.3 1.21895 1.51895
48 1910 0 100 0.1 1.45866 1.55866
35 1917 0 100 1.28371e-07 1.57124 1.57124
34 1918 0 100 3.50103e-08 1.57126 1.57126
27 1914 0 100 0.1 1.53855 1.63855
39 1919 0 100 0.2 1.59376 1.79376
25 1923 0 100 4.66804e-08 1.80786 1.80786
32 1901 0 100 0.7 1.1171 1.8171
30 1907 0 100 0.5 1.34754 1.84754
61 1926 0 100 1.16701e-08 1.88002 1.88002
31 1927 0 100 8.16907e-08 1.90678 1.90678
33 1913 0 100 0.5 1.47234 1.97234
54 1922 0 100 0.2 1.77471 1.97471
44 1902 0 100 0.9 1.13582 2.03582
56 1929 0 100 0.3 2.00508 2.30508
53 1935 0 100 0.1 2.22471 2.32471
36 1936 0 100 0.1 2.23529 2.33529
37 1931 0 100 0.4 2.06287 2.46287
52 1939 0 100 0.2 2.32014 2.52014
28 1942 0 100 0.1 2.43112 2.53112
50 1898 0 100 1.5 1.03794 2.53794
38 1924 0 100 0.8 1.83198 2.63198
26 1944 0 100 0.2 2.54102 2.74102
46 1912 0 100 1.3 1.46984 2.76984
40 1915 0 100 1.3 1.54499 2.84499
58 1932 0 100 0.8 2.12889 2.92889
55 1947 0 100 0.4 2.64133 3.04133
59 1945 0 100 0.7 2.55167 3.25167
57 1933 0 100 1.2 2.14529 3.34529
49 1959 0 100 0.1 3.3343 3.4343
62 1951 0 100 0.7 2.85231 3.55231
60 1950 0 100 0.8 2.82485 3.62485
63 1953 0 100 0.8 2.89356 3.69356
45 1941 0 100 1.3 2.39775 3.69775
42 1938 0 100 1.6 2.29332 3.89332
64 1967 0 100 0.9 4.04072 4.94072
51 1954 0 100 2 2.95294 4.95294
52 1982 0 100 5.83505e-08 5.06125 5.06125
26 1976 0 100 0.5 4.77647 5.27647
47 1992 0 100 4.66804e-08 5.3896 5.3896
35 1981 0 100 0.5 5.0539 5.5539
41 1988 0 100 0.4 5.24767 5.64767
44 1984 0 100 0.7 5.06706 5.76706
46 2000 0 100 0.1 5.76359 5.86359
25 1985 0 100 0.9 5.06734 5.96734
34 2003 0 100 0.1 5.89876 5.99876
48 1995 0 100 0.6 5.52785 6.12785
29 2007 0 100 0.1 6.12064 6.22064
31 1980 0 100 1.3 4.97166 6.27166
64 2013 0 100 0.1 6.29085 6.39085
39 1986 0 100 1.3 5.15897 6.45897
30 2005 0 100 0.6 6.04697 6.64697
38 2010 0 100 0.6 6.17556 6.77556
37 2025 0 100 0.1 6.79423 6.89423
62 2029 0 100 8.16907e-08 6.96023 6.96023
43 2008 0 100 0.9 6.15089 7.05089
63 2031 0 100 0.1 6.98935 7.08935
57 2028 0 100 0.3 6.88243 7.18243
28 2024 0 100 0.4 6.79259 7.19259
40 2026 0 100 0.4 6.82953 7.22953
55 2036 0 100 7.00206e-08 7.2411 7.2411
54 1990 0 100 1.9 5.3565 7.2565
32 2001 0 100 1.5 5.78563 7.28563
52 2041 0 100 0.1 7.48382 7.58382
58 1994 0 100 2.2 5.50746 7.70746
42 2022 0 100 1 6.71345 7.71345
36 2016 0 100 1.3 6.42242 7.72242
60 2032 0 100 0.8 7.05333 7.85333
50 2040 0 100 0.4 7.46973 7.86973
56 1977 0 100 3.1 4.84955 7.94955
53 2020 0 100 1.4 6.64307 8.04307
47 2047 0 100 0.1 8.02908 8.12908
59 2011 0 100 2.3 6.21898 8.51898
27 2017 0 100 2.2 6.43115 8.63115
61 2015 0 100 2.4 6.37841 8.77841
49 1997 0 100 3.2 5.647 8.847
45 2034 0 100 1.8 7.14572 8.94572
30 2061 0 100 4.66804e-08 9.02018 9.02018
41 2050 0 100 1.2 8.1763 9.3763
26 2075 0 100 0.1 9.5766 9.6766
38 2071 0 100 0.2 9.537 9.737
55 2067 0 100 0.4 9.35784 9.75784
25 2051 0 100 1.6 8.21191 9.81191
33 2065 0 100 0.6 9.21662 9.81662
32 2073 0 100 0.3 9.56021 9.86021
51 2060 0 100 1 8.96946 9.96946
58 2081 0 100 1.51711e-07 9.97271 9.97271
53 2087 0 100 8.16907e-08 10.1544 10.1544
60 2082 0 100 0.2 9.99858 10.1986
42 2085 0 100 0.1 10.1092 10.2092
34 2072 0 100 0.7 9.54422 10.2442
35 2078 0 100 0.6 9.83973 10.4397
48 2090 0 100 0.2 10.3514 10.5514
50 2096 0 100 0.1 10.4703 10.5703
44 2092 0 100 0.3 10.4018 10.7018
57 2069 0 100 1.5 9.44034 10.9403
29 2104 0 100 2.33402e-08 11.0263 11.0263
56 2086 0 100 1.2 10.1168 11.3168
31 2105 0 100 0.3 11.0329 11.3329
46 2062 0 100 2.3 9.03315 11.3331
54 2094 0 100 1.2 10.4537 11.6537
62 2118 0 100 1.05031e-07 11.7465 11.7465
39 2083 0 100 1.8 10.0391 11.8391
61 2111 0 100 0.5 11.4408 11.9408
45 2117 0 100 0.3 11.7433 12.0433
40 2123 0 100 0.1 12.0148 12.1148
64 2101 0 100 1.3 10.8474 12.1474
30 2113 0 100 0.6 11.5518 12.1518
59 2127 0 100 0.1 12.2326 12.3326
37 2093 0 100 1.9 10.4452 12.3452
63 2100 0 100 1.7 10.8028 12.5028
36 2116 0 100 0.8 11.7319 12.5319
42 2138 0 100 0.1 12.6369 12.7369
41 2134 0 100 0.2 12.5521 12.7521
43 2107 0 100 1.8 11.0966 12.8966
57 2145 0 100 1.16701e-08 13.0761 13.0761
60 2136 0 100 0.5 12.6087 13.1087
26 2137 0 100 0.5 12.6104 13.1104
38 2129 0 100 0.9 12.284 13.184
27 2146 0 100 0.1 13.13 13.23
53 2140 0 100 0.6 12.7096 13.3096
47 2133 0 100 0.9 12.5185 13.4185
28 2121 0 100 2 11.9014 13.9014
50 2147 0 100 0.8 13.1467 13.9467
49 2155 0 100 0.4 13.7284 14.1284
25 2159 0 100 0.3 13.9976 14.2976
52 2126 0 100 2.1 12.2029 14.3029
29 2163 0 100 0.1 14.3001 14.4001
64 2164 0 100 0.1 14.3005 14.4005
62 2167 0 100 0.1 14.3878 14.4878
31 2173 0 100 0.1 14.5632 14.6632
34 2174 0 100 0.2 14.6245 14.8245
32 2130 0 100 2.6 12.3262 14.9262
26 2182 0 100 9.33608e-08 14.9555 14.9555
