48 102 0 100 0.3 2.16244 2.46244
38 110 0 100 1.16701e-08 2.61863 2.61863
37 97 0 100 1.5 1.73649 3.23649
44 107 0 100 1.7 2.50101 4.20101
43 94 0 100 3.5 1.51069 5.01069
29 99 0 100 4.3 1.80067 6.10067
50 86 0 100 5.1 1.02185 6.12185
63 108 0 100 4.2 2.51276 6.71276
54 96 0 100 5.3 1.53974 6.83974
58 95 0 100 5.4 1.51188 6.91188
52 114 0 100 3.6 3.56437 7.16437
35 106 0 100 4.9 2.48135 7.38135
60 88 0 100 6.6 1.04385 7.64385
60 119 0 100 2.7 4.95716 7.65716
38 122 0 100 2.1 5.79662 7.89662
30 123 0 100 2.1 6.02699 8.12699
28 109 0 100 5.7 2.53174 8.23174
41 127 0 100 0.1 8.39707 8.49707
51 120 0 100 3.1 5.58707 8.68707
43 116 0 100 5.7 4.46022 10.1602
62 100 0 100 9.6 1.99192 11.5919
54 132 0 100 1.8 10.2614 12.0614
45 131 0 100 2.1 10.2475 12.3475
45 98 0 100 10.7 1.75366 12.4537
48 117 0 100 8.3 4.67455 12.9745
36 136 0 100 1.7 11.6805 13.3805
41 111 0 100 11 2.70379 13.7038
59 90 0 100 12.7 1.19971 13.8997
51 87 0 100 12.9 1.0284 13.9284
59 134 0 100 2.9 11.0521 13.9521
49 101 0 100 12.5 1.99419 14.4942
