54 951 0 100 0.6 1.53651 2.13651
77 964 0 100 0.3 1.97388 2.27388
58 981 0 100 2.33402e-08 2.54617 2.54617
67 978 0 100 0.2 2.48306 2.68306
48 947 0 100 1.6 1.42816 3.02816
36 968 0 100 2.3 2.17879 4.47879
52 966 0 100 2.5 2.13122 4.63122
74 973 0 100 2.5 2.26905 4.76905
32 986 0 100 2.1 2.74686 4.84686
35 972 0 100 3.4 2.24962 5.64962
41 967 0 100 3.8 2.1481 5.9481
43 961 0 100 4.4 1.82269 6.22269
34 959 0 100 4.9 1.7998 6.6998
59 965 0 100 4.8 1.99021 6.79021
73 976 0 100 4.8 2.44818 7.24818
76 969 0 100 5.2 2.19019 7.39019
45 988 0 100 5 2.76946 7.76946
45 1004 0 100 0.6 7.20619 7.80619
79 1002 0 100 1.6 6.45194 8.05194
48 993 0 100 4.2 4.06796 8.26796
42 954 0 100 6.9 1.73347 8.63347
61 1001 0 100 2.7 6.30987 9.00987
50 989 0 100 6.5 2.80602 9.30602
83 996 0 100 4.7 4.62311 9.32311
53 946 0 100 8.2 1.36308 9.56308
40 948 0 100 8.8 1.4353 10.2353
84 982 0 100 8.3 2.54697 10.847
81 987 0 100 9 2.7676 11.7676
80 985 0 100 9.1 2.69348 11.7935
81 1000 0 100 5.6 6.20258 11.8026
78 944 0 100 10.8 1.13989 11.9399
34 1007 0 100 3.6 8.36266 11.9627
59 1012 0 100 2.7 9.29091 11.9909
34 994 0 100 7.7 4.35363 12.0536
27 975 0 100 9.9 2.41852 12.3185
73 1020 0 100 0.7 11.8068 12.5068
79 990 0 100 10.5 2.82746 13.3275
48 1017 0 100 2.4 11.1186 13.5186
42 1027 0 100 0.3 13.6213 13.9213
47 984 0 100 11.3 2.68566 13.9857
33 953 0 100 12.4 1.72123 14.1212
61 1018 0 100 3 11.2594 14.2594
83 1030 0 100 0.1 14.5416 14.6416
83 1019 0 100 2.9 11.7756 14.6756
