98 1237
80 1237
110 1237
37 1238
76 1241
85 1241
57 1243
44 1244
52 1245
42 1245
99 1245
82 1245
59 1245
51 1243
100 1247
87 1247
107 1248
87 1249
74 1239
62 1242
35 1243
72 1243
30 1252
41 1252
43 1247
42 1253
89 1255
108 1257
54 1257
27 1258
45 1259
64 1247
43 1254
51 1261
35 1261
57 1261
100 1249
43 1249
94 1256
101 1256
47 1256
40 1256
96 1263
63 1263
111 1265
41 1265
107 1253
82 1253
103 1253
52 1253
99 1253
87 1254
35 1267
57 1267
93 1260
84 1273
65 1274
75 1275
32 1264
103 1277
71 1262
72 1276
66 1269
42 1277
82 1277
31 1277
109 1274
71 1274
47 1278
101 1278
85 1279
63 1280
96 1280
59 1282
107 1282
82 1282
42 1282
31 1282
35 1276
31 1284
42 1284
82 1284
114 1270
112 1257
65 1262
34 1259
110 1287
98 1287
26 1288
54 1270
99 1277
103 1282
88 1258
63 1258
81 1283
59 1284
82 1289
59 1289
42 1289
103 1289
112 1270
101 1292
69 1290
112 1294
33 1252
88 1295
27 1280
55 1263
57 1276
30 1265
50 1253
100 1254
96 1258
63 1295
53 1247
41 1297
34 1291
88 1280
102 1240
27 1263
88 1263
96 1295
52 1277
99 1282
60 1285
31 1289
114 1257
70 1244
54 1294
63 1300
96 1300
61 1288
30 1298
26 1285
90 1239
100 1302
74 1290
44 1304
39 1286
78 1248
82 1248
38 1250
64 1249
43 1302
40 1293
35 1306
88 1300
98 1307
62 1279
85 1303
49 1255
112 1308
47 1292
101 1293
89 1311
59 1248
42 1248
31 1248
82 1305
59 1305
42 1305
78 1250
82 1250
43 1312
100 1312
113 1296
59 1250
91 1246
97 1269
66 1301
88 1316
63 1316
103 1248
42 1250
31 1305
99 1289
50 1277
52 1282
50 1282
92 1283
61 1317
81 1253
92 1253
107 1284
103 1284
99 1284
69 1319
50 1284
56 1251
110 1307
41 1320
92 1307
44 1322
26 1317
70 1304
63 1321
34 1244
45 1291
75 1309
40 1292
47 1293
87 1312
94 1278
82 1326
38 1326
83 1275
40 1275
59 1327
107 1327
42 1327
99 1327
31 1327
28 1256
101 1315
51 1267
75 1256
32 1298
30 1320
47 1275
48 1264
67 1241
33 1265
62 1303
41 1298
99 1328
32 1320
50 1327
31 1328
42 1328
57 1306
87 1306
42 1330
31 1330
40 1331
35 1312
57 1312
43 1306
35 1332
57 1332
98 1333
78 1326
92 1336
87 1332
90 1290
26 1290
74 1319
90 1319
60 1317
90 1317
74 1317
107 1326
38 1334
82 1334
78 1334
93 1318
64 1302
100 1306
43 1332
37 1299
28 1275
47 1331
68 1260
37 1260
87 1302
35 1302
82 1339
26 1319
43 1341
35 1341
59 1326
42 1326
107 1334
59 1334
78 1339
107 1339
34 1342
39 1324
95 1242
85 1325
67 1303
107 1343
78 1343
38 1343
70 1291
45 1342
76 1279
86 1236
33 1320
31 1326
32 1345
98 1336
42 1334
90 1346
41 1344
32 1344
66 1241
30 1345
47 1349
65 1314
71 1310
33 1344
58 1274
92 1348
111 1252
104 1273
109 1262
41 1345
101 1275
111 1273
30 1344
67 1279
25 1261
79 1243
29 1268
72 1313
41 1273
109 1268
107 1352
30 1273
51 1312
28 1331
40 1349
79 1313
35 1351
55 1258
96 1316
72 1312
88 1321
55 1321
63 1340
27 1295
78 1352
76 1356
53 1249
100 1332
94 1315
101 1331
43 1351
26 1347
28 1349
45 1360
47 1315
71 1268
