52 1245 0 100 5.83505e-08 1.12876 1.12876
45 1259 0 100 0.8 1.49719 2.29719
72 1276 0 100 1.1 1.81134 2.91134
43 1254 0 100 1.5 1.45281 2.95281
100 1247 0 100 1.9 1.23487 3.13487
63 1280 0 100 1.6 2.05747 3.65747
102 1240 0 100 2.6 1.08699 3.68699
96 1263 0 100 2.1 1.59476 3.69476
108 1257 0 100 2.5 1.48125 3.98125
26 1288 0 100 1.9 2.33608 4.23608
60 1285 0 100 2 2.30158 4.30158
74 1239 0 100 3.3 1.07708 4.37708
39 1286 0 100 2.3 2.32173 4.62173
89 1255 0 100 3.5 1.46823 4.96823
113 1296 0 100 2.7 2.74033 5.44033
66 1269 0 100 4.2 1.73243 5.93243
107 1248 0 100 5.2 1.25671 6.45671
38 1250 0 100 5.1 1.37148 6.47148
82 1305 0 100 1.7 4.8005 6.5005
82 1289 0 100 4.1 2.42621 6.52621
103 1277 0 100 4.7 1.85058 6.55058
59 1282 0 100 4.4 2.15135 6.55135
81 1283 0 100 4.4 2.19823 6.59823
42 1253 0 100 5.2 1.45279 6.65279
56 1251 0 100 5.8 1.38249 7.18249
44 1322 0 100 0.1 7.39274 7.49274
44 1304 0 100 2.9 4.60826 7.50826
44 1244 0 100 6.4 1.12746 7.52746
75 1309 0 100 2.6 5.05664 7.65664
101 1292 0 100 5.2 2.54662 7.74662
40 1293 0 100 5.2 2.57848 7.77848
47 1278 0 100 5.9 1.91669 7.81669
35 1267 0 100 6.4 1.67632 8.07632
32 1264 0 100 6.9 1.61944 8.51944
111 1265 0 100 7 1.624 8.624
30 1298 0 100 4.9 3.76053 8.66053
93 1318 0 100 3.3 6.67595 9.97595
37 1299 0 100 6 4.07899 10.079
93 1260 0 100 8.6 1.50123 10.1012
62 1242 0 100 9.8 1.10007 10.9001
85 1325 0 100 3.2 7.80881 11.0088
85 1303 0 100 6.5 4.55981 11.0598
86 1236 0 100 10.5 1.0061 11.5061
82 1326 0 100 4 7.82006 11.8201
92 1336 0 100 2.2 9.7245 11.9245
65 1314 0 100 6.7 5.81113 12.5111
71 1310 0 100 7.4 5.12159 12.5216
65 1274 0 100 10.8 1.78188 12.5819
75 1275 0 100 11.2 1.7935 12.9935
51 1261 0 100 11.8 1.56914 13.3691
84 1273 0 100 12.1 1.77421 13.8742
27 1258 0 100 12.6 1.49071 14.0907
88 1316 0 100 7.9 6.19621 14.0962
63 1321 0 100 6.8 7.32735 14.1273
63 1340 0 100 3.8 10.3369 14.1369
26 1347 0 100 2.8 11.9843 14.7843
