78 944 1.13989
71 945 1.26054
53 946 1.36308
48 947 1.42816
40 948 1.4353
31 949 1.44162
68 950 1.5004
54 951 1.53651
46 952 1.58834
33 953 1.72123
42 954 1.73347
51 955 1.74101
57 956 1.76048
37 957 1.76334
83 958 1.78017
34 959 1.7998
64 960 1.80381
43 961 1.82269
30 962 1.86249
61 963 1.95894
77 964 1.97388
59 965 1.99021
52 966 2.13122
41 967 2.1481
36 968 2.17879
76 969 2.19019
72 970 2.23846
26 971 2.24244
35 972 2.24962
74 973 2.26905
56 974 2.32923
27 975 2.41852
73 976 2.44818
60 977 2.47502
67 978 2.48306
65 979 2.48536
70 980 2.51773
58 981 2.54617
84 982 2.54697
44 983 2.66911
47 984 2.68566
80 985 2.69348
32 986 2.74686
81 987 2.7676
45 988 2.76946
50 989 2.80602
79 990 2.82746
63 991 2.85738
28 992 2.98952
48 993 4.06796
34 994 4.35363
77 995 4.55843
83 996 4.62311
74 997 5.19443
54 998 5.73797
58 999 6.05719
81 1000 6.20258
61 1001 6.30987
79 1002 6.45194
36 1003 7.01904
45 1004 7.20619
77 1005 7.4434
74 1006 8.11991
34 1007 8.36266
55 1008 8.36709
48 1009 8.66219
43 1010 8.746
84 1011 9.24659
59 1012 9.29091
41 1013 10.032
79 1014 10.0841
51 1015 10.3947
77 1016 10.4794
48 1017 11.1186
61 1018 11.2594
83 1019 11.7756
73 1020 11.8068
74 1021 12.8103
34 1022 12.931
84 1023 13.0386
40 1024 13.3062
36 1025 13.3116
53 1026 13.5869
42 1027 13.6213
51 1028 14.4764
80 1029 14.4861
83 1030 14.5416
38 1031 14.7539
