73 4021 1.0042
25 4022 1.01359
29 4023 1.02336
101 4024 1.04467
110 4025 1.07981
77 4026 1.08352
85 4028 1.15973
93 4029 1.1723
100 4030 1.18158
47 4032 1.27282
78 4033 1.27309
36 4035 1.30026
80 4036 1.30523
74 4037 1.31443
35 4038 1.32042
68 4039 1.32417
64 4040 1.36425
97 4042 1.42267
39 4043 1.47212
28 4044 1.49423
65 4046 1.49837
41 4047 1.4994
89 4048 1.5106
96 4049 1.516
109 4050 1.53425
30 4051 1.57926
62 4052 1.59041
55 4054 1.63799
106 4055 1.63934
95 4056 1.65871
86 4057 1.69358
51 4059 1.70698
102 4060 1.73724
54 4061 1.74037
79 4062 1.77755
40 4063 1.78558
48 4065 1.82093
84 4066 1.84614
58 4067 1.8749
57 4068 1.8758
32 4070 1.91891
76 4071 1.93332
45 4072 1.93386
49 4073 1.94812
103 4075 2.02144
70 4076 2.02191
92 4077 2.02669
98 4078 2.04579
72 4079 2.06504
114 4080 2.07483
37 4081 2.08024
52 4083 2.10056
27 4084 2.14155
104 4085 2.1537
82 4086 2.16488
50 4087 2.16967
105 4088 2.18285
90 4090 2.25511
83 4091 2.28601
113 4093 2.30612
112 4094 2.36911
88 4095 2.38763
59 4096 2.39037
94 4097 2.39261
26 4099 2.39832
111 4100 2.40409
60 4101 2.44096
81 4102 2.46682
108 4104 2.51977
56 4105 2.56628
43 4106 2.57134
31 4107 2.57739
107 4109 2.61598
75 4110 2.6375
61 4111 2.63764
71 4112 2.66678
69 4113 2.67919
53 4115 2.75168
99 4116 2.75997
67 4117 2.76864
34 4118 2.77296
91 4119 2.78044
46 4121 2.80192
66 4122 2.85176
33 4123 2.89104
42 4125 2.89975
63 4126 2.91931
28 4137 3.99274
109 4141 4.26594
49 4143 4.29967
64 4144 4.32313
85 4146 4.42814
100 4148 4.51248
36 4149 4.54913
45 4151 4.63395
29 4152 4.65547
101 4154 4.70293
54 4155 4.75842
80 4157 4.8139
102 4158 4.84782
79 4159 4.8791
58 4162 5.00016
60 4163 5.02598
55 4166 5.21149
104 4167 5.21881
99 4168 5.24391
78 4170 5.3134
33 4171 5.31425
62 4172 5.32571
88 4174 5.43797
39 4175 5.43993
47 4176 5.44767
46 4177 5.46144
105 4178 5.49484
25 4181 5.60103
86 4182 5.60438
48 4183 5.6235
57 4184 5.63149
84 4185 5.64939
103 4186 5.69119
75 4188 5.77502
37 4190 5.8926
90 4192 5.91133
73 4193 5.96226
112 4194 5.9695
77 4196 5.99846
70 4198 6.10091
59 4199 6.11064
71 4200 6.1146
44 4201 6.19443
97 4203 6.26488
111 4205 6.334
34 4206 6.34055
81 4207 6.35964
53 4209 6.40156
98 4210 6.41
106 4211 6.47252
65 4212 6.47825
52 4214 6.5197
51 4215 6.5803
30 4217 6.60661
28 4218 6.65835
56 4220 6.70437
66 4221 6.75214
100 4223 6.83998
92 4224 6.8422
76 4225 6.87576
101 4227 6.92756
49 4228 6.97856
61 4229 6.98467
31 4231 7.00665
95 4232 7.00705
50 4233 7.02978
72 4234 7.03181
82 4235 7.03448
58 4236 7.0893
42 4238 7.0989
87 4239 7.14188
89 4240 7.14454
67 4241 7.16563
68 4243 7.20164
91 4244 7.2653
113 4246 7.33946
96 4248 7.48399
41 4250 7.5757
40 4252 7.64463
109 4253 7.6956
99 4255 7.76945
83 4258 7.89809
26 4259 7.90182
107 4260 7.94868
54 4261 7.98678
60 4263 8.007
29 4264 8.09664
94 4267 8.25541
85 4269 8.30289
111 4271 8.42477
78 4272 8.45605
43 4274 8.52843
38 4275 8.54612
93 4277 8.6531
53 4278 8.66627
32 4280 8.75676
103 4281 8.78052
33 4282 8.78648
69 4284 8.80022
104 4285 8.81886
44 4286 8.82516
35 4287 8.84306
46 4288 8.86794
84 4290 8.9016
64 4291 8.99077
47 4294 9.09923
80 4295 9.19251
45 4296 9.19525
27 4298 9.20822
39 4299 9.21742
102 4300 9.27913
112 4302 9.32002
114 4303 9.32348
30 4304 9.33343
55 4305 9.36224
100 4306 9.39733
98 4308 9.49378
34 4310 9.5071
36 4311 9.51996
106 4312 9.57307
66 4313 9.57468
76 4316 9.75013
42 4318 9.81134
96 4319 9.82448
88 4320 9.83924
75 4321 9.86676
73 4322 9.87508
62 4323 9.89686
89 4326 10.0242
57 4327 10.0898
82 4329 10.137
37 4330 10.1927
67 4332 10.1987
77 4333 10.2344
72 4334 10.2826
101 4337 10.417
74 4338 10.4618
63 4339 10.4621
48 4341 10.558
109 4344 10.7568
33 4345 10.7927
29 4347 10.81
97 4348 10.84
53 4350 10.9027
49 4351 10.9621
90 4353 10.9993
93 4354 11.0162
113 4355 11.0695
56 4358 11.2783
70 4359 11.2869
47 4361 11.3091
71 4362 11.3439
59 4363 11.3784
61 4365 11.4129
51 4366 11.4498
25 4367 11.4567
39 4368 11.4782
69 4369 11.4965
86 4371 11.5148
83 4372 11.5333
79 4373 11.5397
81 4374 11.5399
52 4375 11.5517
80 4378 11.7013
87 4380 11.848
104 4381 11.86
50 4382 11.8676
36 4383 11.8724
99 4385 11.927
111 4386 11.9354
78 4387 11.9496
105 4389 12.0788
76 4391 12.1846
27 4393 12.2537
40 4394 12.2553
43 4395 12.2614
75 4396 12.296
58 4398 12.3599
112 4399 12.378
42 4400 12.3942
30 4402 12.4388
114 4403 12.4692
62 4404 12.4882
41 4406 12.5018
107 4407 12.5369
68 4408 12.5441
108 4410 12.6086
110 4411 12.6908
60 4414 12.8964
45 4416 12.9152
92 4417 12.9406
85 4419 13.0156
100 4420 13.0637
101 4421 13.0783
96 4423 13.1086
28 4424 13.1735
95 4426 13.2003
94 4427 13.2585
44 4429 13.3494
46 4431 13.4206
31 4432 13.4721
84 4434 13.4994
106 4435 13.5367
32 4436 13.5437
67 4438 13.6004
103 4439 13.6866
66 4441 13.7864
88 4443 13.8386
93 4444 13.8426
35 4446 13.9245
48 4447 13.9386
49 4448 13.9516
65 4449 13.9877
91 4450 13.9963
52 4452 14.0057
79 4453 14.0887
33 4455 14.1028
61 4457 14.2012
74 4458 14.2149
87 4459 14.2852
47 4460 14.2965
50 4461 14.2975
54 4463 14.3195
38 4464 14.3329
43 4466 14.3993
51 4467 14.4965
53 4469 14.5091
112 4471 14.6388
57 4473 14.7048
76 4474 14.7848
89 4476 14.8559
102 4477 14.8756
75 4478 14.8871
77 4480 14.9154
97 4481 14.9235
72 4482 14.9792
34 4483 14.9925
82 4484 14.9928
