25 1531 1.02038
28 1535 1.26374
34 1536 1.31883
29 1538 1.37457
32 1548 2.33661
33 1550 2.42735
31 1552 2.52877
26 1554 2.56921
27 1556 2.70112
30 1559 2.8975
34 1567 3.61453
29 1570 3.81513
25 1572 3.89216
28 1575 4.11102
30 1588 5.33386
26 1596 5.96261
32 1597 5.97964
28 1603 6.51434
33 1606 6.71872
27 1609 6.94413
31 1611 7.03907
34 1613 7.06986
29 1617 7.43955
30 1628 8.40837
25 1630 8.45899
32 1635 8.85895
33 1643 9.62699
31 1649 10.1334
28 1656 10.7296
26 1660 10.9844
30 1665 11.4461
34 1677 12.5393
29 1682 12.9264
31 1687 13.2927
27 1688 13.3045
25 1695 13.869
32 1706 14.8618
28 1707 14.9157
