65 2491 1.00387
63 2492 1.01245
40 2494 1.13232
42 2496 1.16128
74 2497 1.18921
45 2498 1.19305
32 2499 1.19834
53 2500 1.20346
35 2501 1.21385
57 2502 1.24429
62 2504 1.27472
51 2505 1.286
37 2506 1.28895
30 2507 1.29976
73 2510 1.46948
46 2511 1.49072
26 2513 1.57618
61 2514 1.59449
56 2516 1.71898
27 2518 1.79208
41 2520 1.86544
54 2521 1.93245
38 2522 1.93493
29 2524 1.95402
58 2525 1.99005
70 2526 2.02251
67 2527 2.04528
31 2529 2.09166
52 2532 2.27999
71 2533 2.28818
50 2534 2.28942
72 2535 2.32482
33 2537 2.37271
47 2538 2.41203
59 2539 2.42144
55 2540 2.44507
34 2542 2.46789
64 2543 2.46876
69 2544 2.53406
66 2546 2.60687
28 2548 2.68112
43 2549 2.69054
49 2550 2.69391
44 2551 2.69466
48 2552 2.74467
25 2554 2.75118
68 2555 2.75674
36 2557 2.88583
39 2558 2.92558
63 2567 3.67844
30 2570 3.87346
53 2573 4.05687
42 2575 4.16839
57 2576 4.18748
40 2577 4.21545
51 2580 4.38283
29 2583 4.57857
73 2584 4.60514
58 2587 4.77425
41 2589 4.90289
37 2590 4.93613
39 2594 5.16493
31 2595 5.19453
65 2598 5.378
70 2599 5.40203
66 2601 5.48215
67 2602 5.51155
26 2604 5.59622
46 2607 5.83112
56 2608 5.84562
33 2610 5.88791
47 2611 5.92678
74 2612 5.93183
62 2613 5.94454
54 2615 5.95003
32 2617 6.06311
59 2618 6.11286
44 2620 6.17276
61 2621 6.2056
68 2623 6.32214
35 2625 6.4048
49 2626 6.43225
55 2628 6.5448
45 2630 6.57574
34 2634 6.85201
72 2635 6.94563
27 2637 6.9789
52 2639 7.10823
48 2641 7.16119
43 2643 7.27535
64 2644 7.28943
36 2646 7.41628
31 2648 7.51501
50 2650 7.55766
38 2651 7.61048
42 2654 7.82285
60 2656 7.85762
69 2658 8.03824
28 2661 8.2257
32 2663 8.26536
30 2664 8.31621
37 2668 8.61989
63 2669 8.63714
25 2671 8.6817
57 2672 8.69358
51 2674 8.83758
53 2676 8.85693
35 2677 8.88753
54 2679 8.989
59 2680 8.99235
41 2681 9.02544
46 2683 9.08449
40 2685 9.17037
58 2687 9.28374
62 2688 9.28868
34 2690 9.35773
56 2692 9.51861
29 2695 9.73363
73 2697 9.81438
50 2701 10.0809
44 2703 10.1756
52 2704 10.1793
65 2706 10.2899
26 2708 10.3858
70 2709 10.3912
68 2712 10.5609
74 2714 10.6853
43 2716 10.7568
64 2718 10.931
27 2720 10.9918
33 2722 11.0877
46 2725 11.2894
47 2727 11.3723
66 2728 11.433
57 2730 11.4614
60 2731 11.4697
67 2732 11.4955
72 2734 11.5743
41 2735 11.6233
61 2737 11.7025
48 2738 11.7378
36 2740 11.7576
25 2741 11.764
42 2744 11.9952
55 2748 12.2783
37 2749 12.3195
30 2750 12.3217
31 2751 12.33
49 2755 12.5481
63 2756 12.5683
29 2757 12.573
65 2758 12.6246
34 2762 12.8933
53 2764 12.9974
28 2766 13.0585
35 2768 13.1722
33 2770 13.3047
70 2771 13.3239
45 2773 13.4004
39 2776 13.55
51 2777 13.5963
54 2778 13.6396
46 2781 13.7868
69 2782 13.8069
56 2783 13.8402
25 2786 13.9724
59 2787 14.0206
74 2789 14.0921
40 2791 14.2258
32 2793 14.3189
58 2795 14.4266
62 2797 14.4548
44 2798 14.51
64 2799 14.5444
31 2801 14.5683
47 2804 14.783
50 2805 14.7914
65 2806 14.8436
73 2807 14.8463
26 2809 14.871
72 2810 14.8971
71 2812 14.9846
