0 2190
0 2191
0 2192
0 2193
0 2194
0 2195
0 2196
0 2197
0 2199
0 2200
0 2201
0 2205
64 2204
20 2204
21 2204
22 2204
23 2204
24 2204
0 2207
34 2198
2 2198
1 2198
0 2208
53 2203
6 2203
5 2203
4 2203
3 2203
2 2203
1 2203
0 2211
0 2213
0 2218
35 2216
6 2216
5 2216
4 2216
3 2216
2 2216
1 2216
0 2220
29 2209
14 2209
15 2209
16 2209
17 2209
18 2209
19 2209
20 2209
21 2209
22 2209
23 2209
24 2209
25 2206
11 2206
10 2206
9 2206
8 2206
7 2206
6 2206
5 2206
4 2206
3 2206
2 2206
1 2206
0 2222
0 2226
63 2229
0 2232
64 2229
24 2229
52 2231
6 2231
5 2231
4 2231
3 2231
2 2231
1 2231
0 2233
61 2223
9 2223
8 2223
7 2223
6 2223
5 2223
4 2223
3 2223
2 2223
1 2223
50 2237
40 2210
13 2210
14 2210
15 2210
16 2210
17 2210
18 2210
19 2210
20 2210
21 2210
22 2210
23 2210
24 2210
0 2239
56 2230
3 2230
2 2230
1 2230
0 2244
44 2245
7 2245
6 2245
5 2245
4 2245
3 2245
2 2245
1 2245
48 2241
15 2241
16 2241
17 2241
18 2241
19 2241
20 2241
21 2241
22 2241
23 2241
24 2241
31 2236
5 2236
4 2236
3 2236
2 2236
1 2236
51 2219
2 2219
1 2219
0 2248
28 2228
6 2228
5 2228
4 2228
3 2228
2 2228
1 2228
0 2250
54 2246
17 2246
18 2246
19 2246
20 2246
21 2246
22 2246
23 2246
24 2246
39 2202
55 2242
16 2242
17 2242
18 2242
19 2242
20 2242
21 2242
22 2242
23 2242
24 2242
58 2221
20 2221
21 2221
22 2221
23 2221
24 2221
57 2225
6 2225
5 2225
4 2225
3 2225
2 2225
1 2225
37 2217
5 2217
4 2217
3 2217
2 2217
1 2217
0 2253
33 2215
17 2215
18 2215
19 2215
20 2215
21 2215
22 2215
23 2215
24 2215
38 2234
20 2234
21 2234
22 2234
23 2234
24 2234
27 2254
3 2254
2 2254
1 2254
0 2257
60 2227
23 2227
24 2227
32 2247
1 2247
0 2258
49 2214
22 2214
23 2214
24 2214
30 2240
4 2240
3 2240
2 2240
1 2240
62 2256
10 2256
9 2256
8 2256
7 2256
6 2256
5 2256
4 2256
3 2256
2 2256
1 2256
46 2252
21 2252
22 2252
23 2252
24 2252
0 2259
0 2260
0 2261
47 2243
18 2243
19 2243
20 2243
21 2243
22 2243
23 2243
24 2243
0 2262
59 2249
10 2249
9 2249
8 2249
7 2249
6 2249
5 2249
4 2249
3 2249
2 2249
1 2249
0 2263
0 2264
0 2266
36 2255
21 2255
22 2255
23 2255
24 2255
45 2224
11 2224
10 2224
9 2224
8 2224
7 2224
6 2224
5 2224
4 2224
3 2224
2 2224
1 2224
0 2267
41 2212
10 2212
9 2212
8 2212
7 2212
6 2212
5 2212
4 2212
3 2212
2 2212
1 2212
42 2238
21 2238
22 2238
23 2238
24 2238
0 2268
0 2269
0 2270
0 2271
0 2272
43 2251
0 2273
0 2274
0 2276
0 2277
0 2279
39 2280
10 2280
9 2280
8 2280
7 2280
6 2280
5 2280
4 2280
3 2280
2 2280
1 2280
0 2282
50 2283
12 2283
11 2283
10 2283
9 2283
8 2283
7 2283
6 2283
5 2283
4 2283
3 2283
2 2283
1 2283
0 2284
63 2285
13 2285
14 2285
15 2285
16 2285
17 2285
18 2285
19 2285
20 2285
21 2285
22 2285
23 2285
24 2285
0 2286
56 2251
16 2251
17 2251
18 2251
19 2251
20 2251
21 2251
22 2251
23 2251
24 2251
26 2235
11 2235
10 2235
9 2235
8 2235
7 2235
6 2235
5 2235
4 2235
3 2235
2 2235
1 2235
29 2290
5 2290
4 2290
3 2290
2 2290
1 2290
64 2292
14 2292
15 2292
16 2292
17 2292
18 2292
19 2292
20 2292
21 2292
22 2292
23 2292
24 2292
0 2293
52 2291
21 2291
22 2291
23 2291
24 2291
0 2295
0 2296
0 2300
0 2301
0 2303
40 2278
5 2278
4 2278
3 2278
2 2278
1 2278
0 2305
0 2307
32 2287
16 2287
17 2287
18 2287
19 2287
20 2287
21 2287
22 2287
23 2287
24 2287
33 2281
8 2281
7 2281
6 2281
5 2281
4 2281
3 2281
2 2281
1 2281
0 2308
34 2265
0 2309
35 2302
2 2302
1 2302
0 2312
53 2314
4 2314
3 2314
2 2314
1 2314
0 2315
38 2304
13 2304
14 2304
15 2304
16 2304
17 2304
18 2304
19 2304
20 2304
21 2304
22 2304
23 2304
24 2304
0 2318
45 2310
0 2320
47 2298
9 2298
8 2298
7 2298
6 2298
5 2298
4 2298
3 2298
2 2298
1 2298
48 2299
10 2299
9 2299
8 2299
7 2299
6 2299
5 2299
4 2299
3 2299
2 2299
1 2299
0 2322
0 2323
0 2324
25 2306
10 2306
9 2306
8 2306
7 2306
6 2306
5 2306
4 2306
3 2306
2 2306
1 2306
54 2321
13 2321
14 2321
15 2321
16 2321
17 2321
18 2321
19 2321
20 2321
21 2321
22 2321
23 2321
24 2321
30 2311
23 2311
24 2311
0 2325
58 2313
16 2313
17 2313
18 2313
19 2313
20 2313
21 2313
22 2313
23 2313
24 2313
61 2275
7 2275
6 2275
5 2275
4 2275
3 2275
2 2275
1 2275
56 2294
0 2328
0 2330
51 2297
26 2331
21 2331
22 2331
23 2331
24 2331
57 2329
3 2329
2 2329
1 2329
0 2333
49 2316
18 2316
19 2316
20 2316
21 2316
22 2316
23 2316
24 2316
50 2327
24 2327
36 2317
14 2317
15 2317
16 2317
17 2317
18 2317
19 2317
20 2317
21 2317
22 2317
23 2317
24 2317
0 2335
0 2337
31 2319
4 2319
3 2319
2 2319
1 2319
27 2339
1 2339
28 2332
5 2332
4 2332
3 2332
2 2332
1 2332
59 2340
45 2340
5 2340
4 2340
3 2340
2 2340
1 2340
0 2341
0 2342
37 2338
4 2338
3 2338
2 2338
1 2338
0 2345
60 2344
22 2344
23 2344
24 2344
0 2347
44 2326
8 2326
7 2326
6 2326
5 2326
4 2326
3 2326
2 2326
1 2326
0 2348
0 2350
0 2352
62 2343
10 2343
9 2343
8 2343
7 2343
6 2343
5 2343
4 2343
3 2343
2 2343
1 2343
0 2354
0 2356
40 2353
43 2351
7 2351
6 2351
5 2351
4 2351
3 2351
2 2351
1 2351
0 2359
46 2346
22 2346
23 2346
24 2346
0 2360
42 2349
19 2349
20 2349
21 2349
22 2349
23 2349
24 2349
0 2361
52 2357
12 2357
11 2357
10 2357
9 2357
8 2357
7 2357
6 2357
5 2357
4 2357
3 2357
2 2357
1 2357
55 2336
20 2336
21 2336
22 2336
23 2336
24 2336
0 2362
0 2364
63 2334
7 2334
6 2334
5 2334
4 2334
3 2334
2 2334
1 2334
39 2355
5 2355
4 2355
3 2355
2 2355
1 2355
0 2365
25 2353
20 2353
21 2353
22 2353
23 2353
24 2353
0 2366
0 2368
29 2363
24 2363
25 2369
21 2369
22 2369
23 2369
24 2369
54 2370
24 2370
0 2371
0 2372
0 2373
0 2375
34 2377
0 2380
61 2379
20 2379
21 2379
22 2379
23 2379
24 2379
0 2381
38 2382
4 2382
3 2382
2 2382
1 2382
0 2383
53 2367
21 2367
22 2367
23 2367
24 2367
0 2387
0 2388
0 2389
56 2390
15 2390
16 2390
17 2390
18 2390
19 2390
20 2390
21 2390
22 2390
23 2390
24 2390
52 2377
19 2377
20 2377
21 2377
22 2377
23 2377
24 2377
0 2391
41 2358
17 2358
18 2358
19 2358
20 2358
21 2358
22 2358
23 2358
24 2358
33 2374
4 2374
3 2374
2 2374
1 2374
0 2394
49 2397
9 2397
8 2397
7 2397
6 2397
5 2397
4 2397
3 2397
2 2397
1 2397
0 2398
28 2396
20 2396
21 2396
22 2396
23 2396
24 2396
40 2399
3 2399
2 2399
1 2399
0 2401
35 2384
24 2384
0 2403
32 2376
14 2376
15 2376
16 2376
17 2376
18 2376
19 2376
20 2376
21 2376
22 2376
23 2376
24 2376
48 2385
5 2385
4 2385
3 2385
2 2385
1 2385
0 2407
55 2402
57 2386
21 2386
22 2386
23 2386
24 2386
0 2412
47 2395
5 2395
4 2395
3 2395
2 2395
1 2395
59 2409
22 2409
23 2409
24 2409
0 2413
0 2415
27 2416
0 2417
0 2419
36 2408
9 2408
8 2408
7 2408
6 2408
5 2408
4 2408
3 2408
2 2408
1 2408
0 2420
0 2422
45 2405
62 2421
2 2421
1 2421
0 2423
30 2416
21 2416
22 2416
23 2416
24 2416
54 2424
11 2424
10 2424
9 2424
8 2424
7 2424
6 2424
5 2424
4 2424
3 2424
2 2424
1 2424
64 2378
20 2378
21 2378
22 2378
23 2378
24 2378
0 2426
48 2402
10 2402
9 2402
8 2402
7 2402
6 2402
5 2402
4 2402
3 2402
2 2402
1 2402
30 2425
22 2425
23 2425
24 2425
0 2429
46 2418
14 2418
15 2418
16 2418
17 2418
18 2418
19 2418
20 2418
21 2418
22 2418
23 2418
24 2418
43 2410
0 2431
0 2432
56 2410
51 2406
24 2406
52 2428
4 2428
3 2428
2 2428
1 2428
0 2434
44 2435
4 2435
3 2435
2 2435
1 2435
50 2404
23 2404
24 2404
0 2436
0 2437
61 2427
8 2427
7 2427
6 2427
5 2427
4 2427
3 2427
2 2427
1 2427
0 2439
0 2441
0 2442
0 2445
31 2400
5 2400
4 2400
3 2400
2 2400
1 2400
39 2438
24 2438
0 2446
0 2448
0 2449
38 2433
20 2433
21 2433
22 2433
23 2433
24 2433
0 2451
35 2444
11 2444
10 2444
9 2444
8 2444
7 2444
6 2444
5 2444
4 2444
3 2444
2 2444
1 2444
0 2452
0 2453
63 2450
4 2450
3 2450
2 2450
1 2450
37 2411
7 2411
6 2411
5 2411
4 2411
3 2411
2 2411
1 2411
0 2454
0 2455
58 2414
23 2414
24 2414
0 2457
42 2447
19 2447
20 2447
21 2447
22 2447
23 2447
24 2447
59 2458
10 2458
9 2458
8 2458
7 2458
6 2458
5 2458
4 2458
3 2458
2 2458
1 2458
57 2456
0 2459
0 2462
29 2463
22 2463
23 2463
24 2463
25 2460
19 2460
20 2460
21 2460
22 2460
23 2460
24 2460
0 2464
0 2467
36 2461
22 2461
23 2461
24 2461
0 2469
0 2471
56 2470
10 2470
9 2470
8 2470
7 2470
6 2470
5 2470
4 2470
3 2470
2 2470
1 2470
48 2468
22 2468
23 2468
24 2468
0 2473
0 2476
51 2474
10 2474
9 2474
8 2474
7 2474
6 2474
5 2474
4 2474
3 2474
2 2474
1 2474
0 2478
40 2479
0 2480
