25 1531 0 100 8.16907e-08 1.02038 1.02038
34 1536 0 100 3.50103e-08 1.31883 1.31883
28 1535 0 100 0.3 1.26374 1.56374
29 1538 0 100 0.4 1.37457 1.77457
32 1548 0 100 0.2 2.33661 2.53661
31 1552 0 100 0.4 2.52877 2.92877
30 1559 0 100 0.2 2.8975 3.0975
33 1550 0 100 0.9 2.42735 3.32735
27 1556 0 100 0.7 2.70112 3.40112
26 1554 0 100 1.2 2.56921 3.76921
25 1572 0 100 0.1 3.89216 3.99216
34 1567 0 100 0.4 3.61453 4.01453
29 1570 0 100 0.3 3.81513 4.11513
28 1575 0 100 0.4 4.11102 4.51102
26 1596 0 100 0.1 5.96261 6.06261
32 1597 0 100 0.1 5.97964 6.07964
30 1588 0 100 0.9 5.33386 6.23386
28 1603 0 100 0.1 6.51434 6.61434
33 1606 0 100 0.2 6.71872 6.91872
34 1613 0 100 0.5 7.06986 7.56986
31 1611 0 100 0.7 7.03907 7.73907
29 1617 0 100 0.5 7.43955 7.93955
30 1628 0 100 0.5 8.40837 8.90837
32 1635 0 100 1.2 8.85895 10.0589
31 1649 0 100 0.1 10.1334 10.2334
27 1609 0 100 4 6.94413 10.9441
28 1656 0 100 0.3 10.7296 11.0296
26 1660 0 100 0.1 10.9844 11.0844
30 1665 0 100 1.51711e-07 11.4461 11.4461
25 1630 0 100 3.1 8.45899 11.559
34 1677 0 100 0.3 12.5393 12.8393
33 1643 0 100 3.6 9.62699 13.227
31 1687 0 100 0.7 13.2927 13.9927
29 1682 0 100 1.1 12.9264 14.0264
25 1695 0 100 0.4 13.869 14.269
27 1688 0 100 1.2 13.3045 14.5045
