0 1933
0 1934
0 1935
0 1936
0 1937
0 1938
0 1939
0 1940
0 1941
0 1943
0 1946
40 1948
7 1948
6 1948
5 1948
4 1948
3 1948
2 1948
1 1948
0 1949
0 1951
34 1952
24 1952
0 1954
27 1955
6 1955
5 1955
4 1955
3 1955
2 1955
1 1955
0 1956
39 1953
24 1953
0 1958
0 1960
0 1963
25 1950
14 1950
15 1950
16 1950
17 1950
18 1950
19 1950
20 1950
21 1950
22 1950
23 1950
24 1950
33 1942
17 1942
18 1942
19 1942
20 1942
21 1942
22 1942
23 1942
24 1942
0 1965
28 1947
4 1947
3 1947
2 1947
1 1947
51 1944
23 1944
24 1944
0 1967
29 1945
21 1945
22 1945
23 1945
24 1945
46 1966
0 1969
54 1966
4 1966
3 1966
2 1966
1 1966
0 1972
0 1973
0 1975
0 1982
37 1968
14 1968
15 1968
16 1968
17 1968
18 1968
19 1968
20 1968
21 1968
22 1968
23 1968
24 1968
0 1985
0 1986
30 1962
11 1962
10 1962
9 1962
8 1962
7 1962
6 1962
5 1962
4 1962
3 1962
2 1962
1 1962
0 1989
54 1974
7 1974
6 1974
5 1974
4 1974
3 1974
2 1974
1 1974
41 1976
11 1976
10 1976
9 1976
8 1976
7 1976
6 1976
5 1976
4 1976
3 1976
2 1976
1 1976
47 1988
9 1988
8 1988
7 1988
6 1988
5 1988
4 1988
3 1988
2 1988
1 1988
0 1991
0 1992
0 1993
36 1981
24 1981
0 1994
38 1990
22 1990
23 1990
24 1990
0 1995
32 1959
13 1959
14 1959
15 1959
16 1959
17 1959
18 1959
19 1959
20 1959
21 1959
22 1959
23 1959
24 1959
0 1996
0 1997
48 1961
24 1961
0 1998
0 1999
43 1957
13 1957
14 1957
15 1957
16 1957
17 1957
18 1957
19 1957
20 1957
21 1957
22 1957
23 1957
24 1957
0 2000
31 1983
6 1983
5 1983
4 1983
3 1983
2 1983
1 1983
0 2001
35 1979
2 1979
1 1979
0 2002
52 1987
31 1987
7 1987
6 1987
5 1987
4 1987
3 1987
2 1987
1 1987
45 1980
7 1980
6 1980
5 1980
4 1980
3 1980
2 1980
1 1980
0 2005
0 2006
53 1964
11 1964
10 1964
9 1964
8 1964
7 1964
6 1964
5 1964
4 1964
3 1964
2 1964
1 1964
0 2007
0 2008
50 1984
6 1984
5 1984
4 1984
3 1984
2 1984
1 1984
0 2012
29 2004
9 2004
8 2004
7 2004
6 2004
5 2004
4 2004
3 2004
2 2004
1 2004
0 2013
42 1971
5 1971
4 1971
3 1971
2 1971
1 1971
0 2014
0 2016
30 2017
22 2017
23 2017
24 2017
25 2003
4 2003
3 2003
2 2003
1 2003
46 2015
0 2018
44 1970
11 1970
10 1970
9 1970
8 1970
7 1970
6 1970
5 1970
4 1970
3 1970
2 1970
1 1970
26 1977
17 1977
18 1977
19 1977
20 1977
21 1977
22 1977
23 1977
24 1977
0 2023
0 2025
0 2026
49 1978
6 1978
5 1978
4 1978
3 1978
2 1978
1 1978
0 2027
0 2028
28 2019
22 2019
23 2019
24 2019
0 2029
37 2024
5 2024
4 2024
3 2024
2 2024
1 2024
51 2022
17 2022
18 2022
19 2022
20 2022
21 2022
22 2022
23 2022
24 2022
0 2033
27 2031
2 2031
1 2031
54 2015
22 2015
23 2015
24 2015
0 2034
0 2035
0 2038
34 2037
22 2037
23 2037
24 2037
0 2041
0 2043
48 2040
13 2040
14 2040
15 2040
16 2040
17 2040
18 2040
19 2040
20 2040
21 2040
22 2040
23 2040
24 2040
0 2046
41 2044
4 2044
3 2044
2 2044
1 2044
0 2048
0 2049
50 2045
17 2045
18 2045
19 2045
20 2045
21 2045
22 2045
23 2045
24 2045
0 2050
43 2047
3 2047
2 2047
1 2047
0 2051
36 2036
17 2036
18 2036
19 2036
20 2036
21 2036
22 2036
23 2036
24 2036
0 2052
0 2053
32 2032
6 2032
5 2032
4 2032
3 2032
2 2032
1 2032
0 2054
0 2055
53 2042
1 2042
0 2058
33 2030
18 2030
19 2030
20 2030
21 2030
22 2030
23 2030
24 2030
40 2021
12 2021
11 2021
10 2021
9 2021
8 2021
7 2021
6 2021
5 2021
4 2021
3 2021
2 2021
1 2021
0 2059
0 2060
45 2039
24 2039
44 2057
23 2057
24 2057
0 2062
38 2056
18 2056
19 2056
20 2056
21 2056
22 2056
23 2056
24 2056
0 2064
47 2063
8 2063
7 2063
6 2063
5 2063
4 2063
3 2063
2 2063
1 2063
39 2011
4 2011
3 2011
2 2011
1 2011
0 2065
0 2070
42 2066
20 2066
21 2066
22 2066
23 2066
24 2066
0 2071
0 2074
26 2073
7 2073
6 2073
5 2073
4 2073
3 2073
2 2073
1 2073
0 2076
37 2067
17 2067
18 2067
19 2067
20 2067
21 2067
22 2067
23 2067
24 2067
0 2078
0 2079
29 2072
2 2072
1 2072
0 2080
0 2082
35 2068
0 2083
0 2084
52 2069
6 2069
5 2069
4 2069
3 2069
2 2069
1 2069
0 2086
0 2087
0 2088
34 2089
11 2089
10 2089
9 2089
8 2089
7 2089
6 2089
5 2089
4 2089
3 2089
2 2089
1 2089
0 2090
49 2085
24 2085
0 2091
46 2075
14 2075
15 2075
16 2075
17 2075
18 2075
19 2075
20 2075
21 2075
22 2075
23 2075
24 2075
0 2093
28 2077
15 2077
16 2077
17 2077
18 2077
19 2077
20 2077
21 2077
22 2077
23 2077
24 2077
0 2095
36 2094
5 2094
4 2094
3 2094
2 2094
1 2094
51 2081
10 2081
9 2081
8 2081
7 2081
6 2081
5 2081
4 2081
3 2081
2 2081
1 2081
0 2096
31 2061
10 2061
9 2061
8 2061
7 2061
6 2061
5 2061
4 2061
3 2061
2 2061
1 2061
0 2100
54 2101
16 2101
17 2101
18 2101
19 2101
20 2101
21 2101
22 2101
23 2101
24 2101
0 2103
30 2102
21 2102
22 2102
23 2102
24 2102
0 2104
25 2092
3 2092
2 2092
1 2092
0 2105
0 2106
43 2109
20 2109
21 2109
22 2109
23 2109
24 2109
33 2115
8 2115
7 2115
6 2115
5 2115
4 2115
3 2115
2 2115
1 2115
27 2099
24 2099
42 2110
7 2110
6 2110
5 2110
4 2110
3 2110
2 2110
1 2110
0 2116
0 2117
47 2112
22 2112
23 2112
24 2112
0 2118
41 2097
24 2097
0 2119
0 2120
40 2107
4 2107
3 2107
2 2107
1 2107
37 2122
5 2122
4 2122
3 2122
2 2122
1 2122
0 2123
50 2121
13 2121
14 2121
15 2121
16 2121
17 2121
18 2121
19 2121
20 2121
21 2121
22 2121
23 2121
24 2121
32 2124
0 2125
44 2126
15 2126
16 2126
17 2126
18 2126
19 2126
20 2126
21 2126
22 2126
23 2126
24 2126
45 2111
16 2111
17 2111
18 2111
19 2111
20 2111
21 2111
22 2111
23 2111
24 2111
0 2127
0 2128
0 2130
0 2131
0 2132
0 2135
0 2137
0 2138
48 2113
15 2113
16 2113
17 2113
18 2113
19 2113
20 2113
21 2113
22 2113
23 2113
24 2113
0 2139
0 2141
0 2144
0 2146
53 2143
0 2147
39 2148
1 2148
52 2133
23 2133
24 2133
38 2134
16 2134
17 2134
18 2134
19 2134
20 2134
21 2134
22 2134
23 2134
24 2134
0 2150
25 2142
15 2142
16 2142
17 2142
18 2142
19 2142
20 2142
21 2142
22 2142
23 2142
24 2142
0 2151
35 2149
19 2149
20 2149
21 2149
22 2149
23 2149
24 2149
0 2152
28 2145
6 2145
5 2145
4 2145
3 2145
2 2145
1 2145
26 2136
4 2136
3 2136
2 2136
1 2136
0 2153
29 2129
23 2129
24 2129
0 2154
51 2140
1 2140
0 2155
0 2156
0 2158
0 2161
36 2159
23 2159
24 2159
0 2162
0 2163
0 2165
0 2168
50 2169
1 2169
0 2171
47 2167
0 2172
0 2174
41 2164
15 2164
16 2164
17 2164
18 2164
19 2164
20 2164
21 2164
22 2164
23 2164
24 2164
27 2160
16 2160
17 2160
18 2160
19 2160
20 2160
21 2160
22 2160
23 2160
24 2160
0 2175
0 2178
0 2180
34 2170
11 2170
10 2170
9 2170
8 2170
7 2170
6 2170
5 2170
4 2170
3 2170
2 2170
1 2170
0 2181
0 2182
0 2183
46 2177
14 2177
15 2177
16 2177
17 2177
18 2177
19 2177
20 2177
21 2177
22 2177
23 2177
24 2177
0 2186
44 2176
7 2176
6 2176
5 2176
4 2176
3 2176
2 2176
1 2176
0 2187
30 2185
19 2185
20 2185
21 2185
22 2185
23 2185
24 2185
