40 19 0 100 0.5 1.38429 1.88429
39 27 0 100 0.8 2.50395 3.30395
26 21 0 100 2.1 1.56717 3.66717
37 17 0 100 4.6 1.01915 5.61915
35 33 0 100 3.2 2.79599 5.99599
31 22 0 100 4.6 1.62901 6.22901
28 34 0 100 2.1 4.75358 6.85358
32 18 0 100 5.9 1.22259 7.12259
27 28 0 100 4.5 2.65804 7.15804
34 24 0 100 6.1 1.65571 7.75571
38 32 0 100 5.3 2.74754 8.04754
26 39 0 100 1.5 7.51953 9.01953
42 23 0 100 7.8 1.63513 9.43513
29 30 0 100 7.4 2.68394 10.0839
37 44 0 100 1.16701e-08 10.8635 10.8635
37 35 0 100 5.8 5.08057 10.8806
35 40 0 100 2.8 8.42918 11.2292
28 26 0 100 10 2.11764 12.1176
27 45 0 100 1.3 11.1325 12.4325
38 46 0 100 2.1 11.1879 13.2879
39 38 0 100 7.7 6.12812 13.8281
