76 239 0 100 0.1 1.1299 1.2299
73 253 0 100 0.6 1.5499 2.1499
75 247 0 100 1 1.29363 2.29363
57 257 0 100 1.1 1.72275 2.82275
83 266 0 100 0.8 2.33032 3.13032
60 241 0 100 2.5 1.15874 3.65874
47 234 0 100 2.8 1.0498 3.8498
35 237 0 100 2.8 1.09911 3.89911
56 259 0 100 2.3 1.8788 4.1788
37 248 0 100 2.9 1.30893 4.20893
34 256 0 100 2.8 1.60044 4.40044
74 243 0 100 4.3 1.20787 5.50787
25 264 0 100 3.4 2.22666 5.62666
40 260 0 100 3.7 2.04805 5.74805
42 240 0 100 4.8 1.15387 5.95387
39 236 0 100 5.1 1.08677 6.18677
72 273 0 100 1.9 4.55236 6.45236
77 252 0 100 5.3 1.53445 6.83445
69 265 0 100 4.7 2.24428 6.94428
69 276 0 100 1.8 5.14825 6.94825
77 280 0 100 1.5 5.52426 7.02426
58 249 0 100 5.9 1.31867 7.21867
59 281 0 100 2 5.54984 7.54984
71 277 0 100 2.2 5.35284 7.55284
70 255 0 100 6.4 1.59096 7.99096
80 263 0 100 5.9 2.14872 8.04872
48 279 0 100 2.8 5.50949 8.30949
65 244 0 100 7.4 1.2204 8.6204
60 292 0 100 0.5 8.46367 8.96367
47 289 0 100 1.9 7.28361 9.18361
67 287 0 100 2.8 6.63316 9.43316
53 270 0 100 6.1 3.75376 9.85376
40 293 0 100 2.3 8.64876 10.9488
40 286 0 100 4.5 6.46542 10.9654
74 271 0 100 7.1 4.06232 11.1623
50 245 0 100 10.3 1.26071 11.5607
59 299 0 100 2.5 10.2804 12.7804
83 278 0 100 8.3 5.41037 13.7104
60 308 0 100 2.4 11.8392 14.2392
34 291 0 100 6.5 8.36762 14.8676
67 311 0 100 2.2 12.7131 14.9131
28 312 0 100 1.2 13.719 14.919
