37 50 0.048 49.952
30 50 0.0048 49.9952
30 49.9952 0.048 49.9472
37 49.952 0.0048 49.9472
37 49.9472 0.16 49.7872
30 49.9472 0.016 49.9312
30 49.9312 0.016 49.9152
37 49.7872 0.0016 49.7856
30 49.9152 0.048 49.8672
37 49.7856 0.0048 49.7808
30 50 0.048 49.952
30 50 0.048 49.952
32 50 0.048 49.952
27 50 0.0048 49.9952
27 49.9952 0.048 49.9472
32 49.952 0.0048 49.9472
32 49.9472 0.16 49.7872
27 49.9472 0.016 49.9312
27 49.9312 0.016 49.9152
32 49.7872 0.0016 49.7856
27 49.9152 0.048 49.8672
32 49.7856 0.0048 49.7808
30 50 0.048 49.952
37 50 0.0048 49.9952
27 50 0.048 49.952
32 49.9678 0.0048 49.963
40 50 0.048 49.952
30 50 0.048 49.952
37 50 0.0048 49.9952
27 50 0.048 49.952
40 50 0.048 49.952
30 50 0.048 49.952
27 50 0.048 49.952
32 50 0.0048 49.9952
40 50 0.0048 49.9952
41 50 0.048 49.952
26 50 0.048 49.952
40 49.9952 0.048 49.9472
27 50 0.0048 49.9952
30 50 0.048 49.952
27 49.9952 0.048 49.9472
32 50 0.0048 49.9952
40 50 0.0048 49.9952
31 50 0.048 49.952
42 50 0.048 49.952
41 50 0.048 49.952
34 50 0.048 49.952
26 50 0.048 49.952
40 49.9952 0.048 49.9472
27 50 0.0048 49.9952
30 50 0.048 49.952
37 50 0.0048 49.9952
27 49.9952 0.048 49.9472
32 50 0.0048 49.9952
40 50 0.0048 49.9952
31 50 0.048 49.952
42 50 0.048 49.952
36 50 0.048 49.952
41 50 0.048 49.952
34 50 0.048 49.952
26 50 0.048 49.952
40 49.9952 0.048 49.9472
27 50 0.0048 49.9952
32 50 0.0048 49.9952
32 49.9952 0.048 49.9472
40 49.9472 0.0048 49.9424
40 49.9424 0.16 49.7824
27 49.9952 0.016 49.9792
32 49.9472 0.016 49.9312
32 49.9312 0.016 49.9152
40 49.7824 0.0016 49.7808
32 49.9152 0.048 49.8672
27 49.9792 0.0048 49.9744
40 49.7808 0.0048 49.776
30 50 0.048 49.952
37 50 0.0048 49.9952
27 49.9744 0.048 49.9264
32 49.8672 0.0048 49.8624
40 50 0.0048 49.9952
40 49.9952 0.048 49.9472
27 49.9264 0.0048 49.9216
27 49.9216 0.16 49.7616
32 49.8624 0.016 49.8464
40 49.9472 0.016 49.9312
40 49.9312 0.016 49.9152
27 49.7616 0.0016 49.76
40 49.9152 0.048 49.8672
27 49.76 0.0048 49.7552
32 49.8464 0.0048 49.8416
31 50 0.048 49.952
42 50 0.048 49.952
36 50 0.048 49.952
41 50 0.048 49.952
34 50 0.048 49.952
26 50 0.048 49.952
32 50 0.048 49.952
27 49.9364 0.0048 49.9316
27 49.9316 0.048 49.8836
40 49.8672 0.0048 49.8624
32 49.952 0.0096 49.9424
32 49.9424 0.16 49.7824
32 49.7824 0.0016 49.7808
27 49.8836 0.016 49.8676
27 49.8676 0.016 49.8516
32 49.7808 0.0016 49.7792
27 49.8516 0.048 49.8036
32 49.7792 0.0048 49.7744
40 49.8624 0.0048 49.8576
27 49.8036 0.0048 49.7988
27 49.7988 0.16 49.6388
40 49.8576 0.016 49.8416
32 49.7744 0.016 49.7584
40 49.8416 0.016 49.8256
30 50 0.048 49.952
37 50 0.0048 49.9952
40 50 0.048 49.952
27 49.6388 0.0048 49.634
31 50 0.048 49.952
42 50 0.048 49.952
36 50 0.048 49.952
41 50 0.048 49.952
34 50 0.048 49.952
26 50 0.048 49.952
30 50 0.048 49.952
37 50 0.0048 49.9952
40 50 0.048 49.952
27 49.8794 0.0048 49.8746
31 50 0.048 49.952
42 50 0.048 49.952
36 50 0.048 49.952
41 50 0.048 49.952
34 50 0.048 49.952
26 50 0.048 49.952
28 50 0.048 49.952
30 50 0.048 49.952
37 50 0.0048 49.9952
40 50 0.048 49.952
27 50 0.0048 49.9952
31 50 0.048 49.952
42 50 0.048 49.952
36 50 0.048 49.952
41 50 0.048 49.952
34 50 0.048 49.952
26 50 0.048 49.952
28 50 0.048 49.952
30 50 0.048 49.952
37 50 0.0048 49.9952
40 50 0.048 49.952
27 50 0.0048 49.9952
31 50 0.048 49.952
42 50 0.048 49.952
36 50 0.048 49.952
41 50 0.048 49.952
34 50 0.048 49.952
26 50 0.048 49.952
28 50 0.048 49.952
30 50 0.048 49.952
37 50 0.0048 49.9952
40 50 0.048 49.952
27 50 0.0048 49.9952
31 50 0.048 49.952
42 50 0.048 49.952
36 50 0.048 49.952
43 50 0.0048 49.9952
43 49.9952 0.048 49.9472
36 49.952 0.0048 49.9472
36 49.9472 0.16 49.7872
43 49.9472 0.016 49.9312
43 49.9312 0.016 49.9152
36 49.7872 0.0016 49.7856
43 49.9152 0.048 49.8672
36 49.7856 0.0048 49.7808
41 50 0.048 49.952
34 50 0.048 49.952
26 50 0.048 49.952
28 50 0.048 49.952
30 50 0.048 49.952
37 50 0.0048 49.9952
40 50 0.048 49.952
27 50 0.0048 49.9952
31 50 0.048 49.952
42 50 0.048 49.952
43 50 0.048 49.952
36 50 0.0048 49.9952
41 50 0.048 49.952
34 50 0.048 49.952
26 50 0.048 49.952
39 50 0.048 49.952
28 50 0.048 49.952
30 50 0.048 49.952
37 50 0.0048 49.9952
40 50 0.048 49.952
27 50 0.0048 49.9952
31 50 0.048 49.952
42 50 0.048 49.952
43 50 0.048 49.952
36 50 0.0048 49.9952
41 50 0.048 49.952
34 50 0.048 49.952
26 50 0.048 49.952
39 50 0.048 49.952
28 50 0.048 49.952
30 50 0.048 49.952
37 50 0.0048 49.9952
40 50 0.048 49.952
27 50 0.0048 49.9952
31 50 0.048 49.952
42 50 0.048 49.952
43 50 0.048 49.952
36 50 0.0048 49.9952
41 50 0.048 49.952
34 50 0.048 49.952
27 49.9952 0.048 49.9472
32 50 0.0048 49.9952
32 49.9952 0.048 49.9472
40 49.952 0.0048 49.9472
27 49.9472 0.0048 49.9424
27 49.9424 0.16 49.7824
32 49.9472 0.016 49.9312
32 49.9312 0.016 49.9152
27 49.7824 0.0016 49.7808
32 49.9152 0.048 49.8672
27 49.7808 0.0048 49.776
40 49.9472 0.016 49.9312
44 50 0.048 49.952
26 50 0.048 49.952
29 50 0.048 49.952
39 50 0.048 49.952
28 50 0.048 49.952
25 50 0.0048 49.9952
25 49.9952 0.048 49.9472
28 49.952 0.0048 49.9472
28 49.9472 0.16 49.7872
25 49.9472 0.016 49.9312
25 49.9312 0.016 49.9152
28 49.7872 0.0016 49.7856
25 49.9152 0.048 49.8672
28 49.7856 0.0048 49.7808
30 50 0.048 49.952
37 50 0.0048 49.9952
40 50 0.048 49.952
27 50 0.0048 49.9952
31 50 0.048 49.952
42 50 0.048 49.952
33 50 0.048 49.952
43 50 0.048 49.952
36 50 0.0048 49.9952
38 50 0.048 49.952
41 50 0.048 49.952
34 50 0.048 49.952
32 50 0.048 49.952
27 49.9952 0.0048 49.9904
44 50 0.048 49.952
26 50 0.048 49.952
29 50 0.048 49.952
35 50 0.048 49.952
39 50 0.048 49.952
25 50 0.048 49.952
30 50 0.048 49.952
37 50 0.0048 49.9952
40 50 0.048 49.952
27 50 0.0048 49.9952
32 49.952 0.0048 49.9472
31 50 0.048 49.952
42 50 0.048 49.952
33 50 0.048 49.952
43 50 0.048 49.952
36 50 0.0048 49.9952
38 50 0.048 49.952
41 50 0.048 49.952
34 50 0.048 49.952
32 50 0.048 49.952
27 49.9952 0.0048 49.9904
44 50 0.048 49.952
26 50 0.048 49.952
29 50 0.048 49.952
35 50 0.048 49.952
39 50 0.048 49.952
25 50 0.048 49.952
28 50 0.0048 49.9952
30 50 0.048 49.952
37 50 0.0048 49.9952
40 50 0.048 49.952
27 50 0.0048 49.9952
31 50 0.048 49.952
42 50 0.048 49.952
33 50 0.048 49.952
43 50 0.048 49.952
36 50 0.0048 49.9952
38 50 0.048 49.952
41 50 0.048 49.952
34 50 0.048 49.952
32 50 0.048 49.952
27 49.9952 0.0048 49.9904
40 49.952 0.0048 49.9472
44 50 0.048 49.952
26 50 0.048 49.952
29 50 0.048 49.952
35 50 0.048 49.952
39 50 0.048 49.952
25 50 0.048 49.952
30 50 0.048 49.952
40 50 0.048 49.952
27 50 0.0048 49.9952
32 49.952 0.0048 49.9472
31 50 0.048 49.952
42 50 0.048 49.952
33 50 0.048 49.952
43 50 0.048 49.952
36 50 0.0048 49.9952
38 50 0.048 49.952
41 50 0.048 49.952
34 50 0.048 49.952
32 50 0.048 49.952
40 49.952 0.0048 49.9472
44 50 0.048 49.952
26 50 0.048 49.952
29 50 0.048 49.952
35 50 0.048 49.952
39 50 0.048 49.952
25 50 0.048 49.952
30 50 0.048 49.952
40 50 0.048 49.952
27 50 0.0048 49.9952
32 49.952 0.0048 49.9472
31 50 0.048 49.952
42 50 0.048 49.952
33 50 0.048 49.952
43 50 0.048 49.952
36 50 0.0048 49.9952
38 50 0.048 49.952
41 50 0.048 49.952
34 50 0.048 49.952
32 50 0.048 49.952
40 49.952 0.0048 49.9472
44 50 0.048 49.952
26 50 0.048 49.952
29 50 0.048 49.952
35 50 0.048 49.952
39 50 0.048 49.952
25 50 0.048 49.952
30 50 0.048 49.952
40 50 0.048 49.952
27 50 0.0048 49.9952
32 49.952 0.0048 49.9472
31 50 0.048 49.952
42 50 0.048 49.952
33 50 0.048 49.952
43 50 0.048 49.952
36 50 0.0048 49.9952
38 50 0.048 49.952
41 50 0.048 49.952
34 50 0.048 49.952
32 50 0.048 49.952
40 49.952 0.0048 49.9472
44 50 0.048 49.952
26 50 0.048 49.952
29 50 0.048 49.952
35 50 0.048 49.952
39 50 0.048 49.952
39 49.952 0.0048 49.9472
39 49.9472 0.16 49.7872
39 49.7872 0.0016 49.7856
25 50 0.048 49.952
30 50 0.048 49.952
40 50 0.048 49.952
27 50 0.0048 49.9952
32 49.952 0.0048 49.9472
31 50 0.048 49.952
42 50 0.048 49.952
33 50 0.048 49.952
43 50 0.048 49.952
36 50 0.0048 49.9952
38 50 0.048 49.952
41 50 0.048 49.952
34 50 0.048 49.952
32 50 0.048 49.952
40 49.952 0.0048 49.9472
44 50 0.048 49.952
26 50 0.048 49.952
29 50 0.048 49.952
35 50 0.048 49.952
25 50 0.048 49.952
30 50 0.048 49.952
40 50 0.048 49.952
27 50 0.0048 49.9952
32 49.952 0.0048 49.9472
31 50 0.048 49.952
42 50 0.048 49.952
33 50 0.048 49.952
43 50 0.048 49.952
36 50 0.0048 49.9952
38 50 0.048 49.952
41 50 0.048 49.952
34 50 0.048 49.952
32 50 0.048 49.952
40 49.952 0.0048 49.9472
44 50 0.048 49.952
26 50 0.048 49.952
29 50 0.048 49.952
35 50 0.048 49.952
25 50 0.048 49.952
30 50 0.048 49.952
40 50 0.048 49.952
27 50 0.0048 49.9952
32 49.952 0.0048 49.9472
31 50 0.048 49.952
42 50 0.048 49.952
33 50 0.048 49.952
43 50 0.048 49.952
36 50 0.0048 49.9952
38 50 0.048 49.952
41 50 0.048 49.952
34 50 0.048 49.952
32 50 0.048 49.952
40 49.952 0.0048 49.9472
44 50 0.048 49.952
26 50 0.048 49.952
29 50 0.048 49.952
35 50 0.048 49.952
25 50 0.048 49.952
30 50 0.048 49.952
40 50 0.048 49.952
27 50 0.0048 49.9952
32 49.952 0.0048 49.9472
31 50 0.048 49.952
42 50 0.048 49.952
33 50 0.048 49.952
43 50 0.048 49.952
36 50 0.0048 49.9952
38 50 0.048 49.952
41 50 0.048 49.952
34 50 0.048 49.952
32 50 0.048 49.952
27 49.9952 0.0048 49.9904
40 49.952 0.0048 49.9472
44 50 0.048 49.952
26 50 0.048 49.952
26 49.952 0.0048 49.9472
26 49.9472 0.16 49.7872
26 49.7872 0.0016 49.7856
29 50 0.048 49.952
35 50 0.048 49.952
25 50 0.048 49.952
30 50 0.048 49.952
40 50 0.048 49.952
27 50 0.0048 49.9952
32 49.952 0.0048 49.9472
31 50 0.048 49.952
42 50 0.048 49.952
33 50 0.048 49.952
43 50 0.048 49.952
36 50 0.0048 49.9952
38 50 0.048 49.952
41 50 0.048 49.952
34 50 0.048 49.952
32 50 0.048 49.952
27 49.9952 0.0048 49.9904
40 49.952 0.0048 49.9472
44 50 0.048 49.952
29 50 0.048 49.952
35 50 0.048 49.952
25 50 0.048 49.952
30 50 0.048 49.952
40 50 0.048 49.952
27 50 0.0048 49.9952
32 49.952 0.0048 49.9472
31 50 0.048 49.952
42 50 0.048 49.952
33 50 0.048 49.952
43 50 0.048 49.952
36 50 0.0048 49.9952
38 50 0.048 49.952
41 50 0.048 49.952
34 50 0.048 49.952
32 50 0.048 49.952
27 49.9952 0.0048 49.9904
40 49.952 0.0048 49.9472
44 50 0.048 49.952
29 50 0.048 49.952
35 50 0.048 49.952
25 50 0.048 49.952
30 50 0.048 49.952
40 50 0.048 49.952
27 50 0.0048 49.9952
32 49.952 0.0048 49.9472
31 50 0.048 49.952
42 50 0.048 49.952
33 50 0.048 49.952
43 50 0.048 49.952
36 50 0.0048 49.9952
38 50 0.048 49.952
41 50 0.048 49.952
34 50 0.048 49.952
32 50 0.048 49.952
27 49.9952 0.0048 49.9904
40 49.952 0.0048 49.9472
44 50 0.048 49.952
29 50 0.048 49.952
35 50 0.048 49.952
25 50 0.048 49.952
30 50 0.048 49.952
40 50 0.048 49.952
27 50 0.0048 49.9952
32 49.952 0.0048 49.9472
31 50 0.048 49.952
42 50 0.048 49.952
33 50 0.048 49.952
43 50 0.048 49.952
36 50 0.0048 49.9952
38 50 0.048 49.952
41 50 0.048 49.952
34 50 0.048 49.952
32 50 0.048 49.952
27 49.9952 0.0048 49.9904
40 49.952 0.0048 49.9472
44 50 0.048 49.952
29 50 0.048 49.952
35 50 0.048 49.952
25 50 0.048 49.952
30 50 0.048 49.952
40 50 0.048 49.952
27 50 0.0048 49.9952
32 49.952 0.0048 49.9472
31 50 0.048 49.952
42 50 0.048 49.952
33 50 0.048 49.952
43 50 0.048 49.952
36 50 0.0048 49.9952
38 50 0.048 49.952
41 50 0.048 49.952
34 50 0.048 49.952
32 50 0.048 49.952
27 49.9952 0.0048 49.9904
40 49.952 0.0048 49.9472
44 50 0.048 49.952
29 50 0.048 49.952
35 50 0.048 49.952
25 50 0.048 49.952
30 50 0.048 49.952
40 50 0.048 49.952
27 50 0.0048 49.9952
32 49.952 0.0048 49.9472
31 50 0.048 49.952
42 50 0.048 49.952
33 50 0.048 49.952
43 50 0.048 49.952
36 50 0.0048 49.9952
38 50 0.048 49.952
41 50 0.048 49.952
34 50 0.048 49.952
32 50 0.048 49.952
27 49.9952 0.0048 49.9904
40 49.952 0.0048 49.9472
44 50 0.048 49.952
29 50 0.048 49.952
35 50 0.048 49.952
25 50 0.048 49.952
28 50 0.0048 49.9952
30 50 0.048 49.952
40 50 0.048 49.952
27 50 0.0048 49.9952
32 49.952 0.0048 49.9472
31 50 0.048 49.952
42 50 0.048 49.952
33 50 0.048 49.952
43 50 0.048 49.952
36 50 0.0048 49.9952
38 50 0.048 49.952
41 50 0.048 49.952
34 50 0.048 49.952
32 50 0.048 49.952
27 49.9952 0.0048 49.9904
40 49.952 0.0048 49.9472
44 50 0.048 49.952
29 50 0.048 49.952
35 50 0.048 49.952
25 50 0.048 49.952
30 50 0.048 49.952
40 50 0.048 49.952
27 50 0.0048 49.9952
32 49.952 0.0048 49.9472
31 50 0.048 49.952
42 50 0.048 49.952
33 50 0.048 49.952
43 50 0.048 49.952
36 50 0.0048 49.9952
38 50 0.048 49.952
41 50 0.048 49.952
34 50 0.048 49.952
32 50 0.048 49.952
27 49.9952 0.0048 49.9904
40 49.952 0.0048 49.9472
44 50 0.048 49.952
29 50 0.048 49.952
35 50 0.048 49.952
25 50 0.048 49.952
30 50 0.048 49.952
40 50 0.048 49.952
27 50 0.0048 49.9952
32 49.952 0.0048 49.9472
31 50 0.048 49.952
42 50 0.048 49.952
33 50 0.048 49.952
43 50 0.048 49.952
36 50 0.0048 49.9952
38 50 0.048 49.952
41 50 0.048 49.952
34 50 0.048 49.952
32 50 0.048 49.952
27 49.9952 0.0048 49.9904
40 49.952 0.0048 49.9472
44 50 0.048 49.952
29 50 0.048 49.952
35 50 0.048 49.952
25 50 0.048 49.952
30 50 0.048 49.952
40 50 0.048 49.952
27 50 0.0048 49.9952
32 49.952 0.0048 49.9472
31 50 0.048 49.952
42 50 0.048 49.952
33 50 0.048 49.952
43 50 0.048 49.952
36 50 0.0048 49.9952
38 50 0.048 49.952
41 50 0.048 49.952
34 50 0.048 49.952
32 50 0.048 49.952
27 49.9952 0.0048 49.9904
40 49.952 0.0048 49.9472
44 50 0.048 49.952
29 50 0.048 49.952
35 50 0.048 49.952
25 50 0.048 49.952
30 50 0.048 49.952
40 50 0.048 49.952
27 50 0.0048 49.9952
32 49.952 0.0048 49.9472
31 50 0.048 49.952
42 50 0.048 49.952
33 50 0.048 49.952
43 50 0.048 49.952
36 50 0.0048 49.9952
38 50 0.048 49.952
28 50 0.048 49.952
41 50 0.048 49.952
34 50 0.048 49.952
32 50 0.048 49.952
27 49.9952 0.0048 49.9904
40 49.952 0.0048 49.9472
44 50 0.048 49.952
29 50 0.048 49.952
35 50 0.048 49.952
25 50 0.048 49.952
30 50 0.048 49.952
40 50 0.048 49.952
27 50 0.0048 49.9952
32 49.952 0.0048 49.9472
31 50 0.048 49.952
42 50 0.048 49.952
33 50 0.048 49.952
43 50 0.048 49.952
36 50 0.0048 49.9952
38 50 0.048 49.952
28 50 0.048 49.952
25 49.952 0.0048 49.9472
41 50 0.048 49.952
34 50 0.048 49.952
32 50 0.048 49.952
27 49.9952 0.0048 49.9904
40 49.952 0.0048 49.9472
44 50 0.048 49.952
29 50 0.048 49.952
35 50 0.048 49.952
25 50 0.048 49.952
28 50 0.0048 49.9952
30 50 0.048 49.952
40 50 0.048 49.952
27 50 0.0048 49.9952
32 49.952 0.0048 49.9472
31 50 0.048 49.952
42 50 0.048 49.952
33 50 0.048 49.952
43 50 0.048 49.952
38 50 0.048 49.952
28 49.9952 0.048 49.9472
25 49.952 0.0048 49.9472
41 50 0.048 49.952
34 50 0.048 49.952
32 50 0.048 49.952
27 49.9952 0.0048 49.9904
40 49.952 0.0048 49.9472
44 50 0.048 49.952
29 50 0.048 49.952
35 50 0.048 49.952
25 50 0.048 49.952
28 50 0.0048 49.9952
30 50 0.048 49.952
37 50 0.0048 49.9952
40 50 0.048 49.952
27 50 0.0048 49.9952
32 49.952 0.0048 49.9472
31 50 0.048 49.952
42 50 0.048 49.952
33 50 0.048 49.952
43 50 0.048 49.952
38 50 0.048 49.952
28 49.9952 0.048 49.9472
25 49.952 0.0048 49.9472
41 50 0.048 49.952
34 50 0.048 49.952
32 50 0.048 49.952
40 49.952 0.0048 49.9472
44 50 0.048 49.952
37 50 0.048 49.952
30 50 0.0048 49.9952
29 50 0.048 49.952
35 50 0.048 49.952
25 50 0.048 49.952
30 49.9952 0.048 49.9472
37 49.952 0.0048 49.9472
40 50 0.048 49.952
27 50 0.0048 49.9952
32 49.952 0.0048 49.9472
31 50 0.048 49.952
42 50 0.048 49.952
33 50 0.048 49.952
43 50 0.048 49.952
38 50 0.048 49.952
28 50 0.048 49.952
41 50 0.048 49.952
34 50 0.048 49.952
32 50 0.048 49.952
40 49.952 0.0048 49.9472
44 50 0.048 49.952
37 50 0.048 49.952
29 50 0.048 49.952
35 50 0.048 49.952
25 50 0.048 49.952
30 50 0.048 49.952
40 50 0.048 49.952
27 50 0.0048 49.9952
32 49.952 0.0048 49.9472
31 50 0.048 49.952
42 50 0.048 49.952
33 50 0.048 49.952
43 50 0.048 49.952
38 50 0.048 49.952
28 50 0.048 49.952
25 49.952 0.0048 49.9472
41 50 0.048 49.952
34 50 0.048 49.952
32 50 0.048 49.952
40 49.952 0.0048 49.9472
44 50 0.048 49.952
37 50 0.048 49.952
29 50 0.048 49.952
35 50 0.048 49.952
25 50 0.048 49.952
28 50 0.0048 49.9952
30 50 0.048 49.952
40 50 0.048 49.952
27 50 0.0048 49.9952
32 49.952 0.0048 49.9472
31 50 0.048 49.952
42 50 0.048 49.952
33 50 0.048 49.952
43 50 0.048 49.952
38 50 0.048 49.952
28 49.9952 0.048 49.9472
25 49.952 0.0048 49.9472
41 50 0.048 49.952
34 50 0.048 49.952
32 50 0.048 49.952
40 49.952 0.0048 49.9472
44 50 0.048 49.952
37 50 0.048 49.952
29 50 0.048 49.952
35 50 0.048 49.952
25 50 0.048 49.952
28 50 0.0048 49.9952
30 50 0.048 49.952
40 50 0.048 49.952
27 50 0.0048 49.9952
32 49.952 0.0048 49.9472
31 50 0.048 49.952
42 50 0.048 49.952
33 50 0.048 49.952
43 50 0.048 49.952
38 50 0.048 49.952
28 49.9952 0.048 49.9472
27 49.9952 0.048 49.9472
40 49.952 0.0048 49.9472
41 50 0.048 49.952
34 50 0.048 49.952
32 50 0.048 49.952
40 49.9472 0.0048 49.9424
44 50 0.048 49.952
37 50 0.048 49.952
29 50 0.048 49.952
35 50 0.048 49.952
25 50 0.048 49.952
30 50 0.048 49.952
40 50 0.048 49.952
27 50 0.0048 49.9952
32 49.952 0.0048 49.9472
31 50 0.048 49.952
42 50 0.048 49.952
33 50 0.048 49.952
43 50 0.048 49.952
38 50 0.048 49.952
28 50 0.048 49.952
27 49.9952 0.048 49.9472
40 49.952 0.0048 49.9472
41 50 0.048 49.952
34 50 0.048 49.952
32 50 0.048 49.952
40 49.9472 0.0048 49.9424
44 50 0.048 49.952
37 50 0.048 49.952
29 50 0.048 49.952
35 50 0.048 49.952
25 50 0.048 49.952
28 50 0.0048 49.9952
30 50 0.048 49.952
30 49.952 0.0048 49.9472
30 49.9472 0.16 49.7872
30 49.7872 0.0016 49.7856
40 50 0.048 49.952
27 50 0.0048 49.9952
32 49.952 0.0048 49.9472
31 50 0.048 49.952
42 50 0.048 49.952
33 50 0.048 49.952
43 50 0.048 49.952
38 50 0.048 49.952
28 49.9952 0.048 49.9472
25 49.952 0.0048 49.9472
27 49.9952 0.048 49.9472
40 49.952 0.0048 49.9472
41 50 0.048 49.952
34 50 0.048 49.952
32 50 0.048 49.952
40 49.9472 0.0048 49.9424
44 50 0.048 49.952
37 50 0.048 49.952
29 50 0.048 49.952
35 50 0.048 49.952
25 50 0.048 49.952
28 50 0.0048 49.9952
40 50 0.048 49.952
27 50 0.0048 49.9952
32 49.952 0.0048 49.9472
31 50 0.048 49.952
42 50 0.048 49.952
33 50 0.048 49.952
43 50 0.048 49.952
36 50 0.0048 49.9952
38 50 0.048 49.952
28 49.9952 0.048 49.9472
25 49.952 0.0048 49.9472
27 49.9952 0.048 49.9472
32 50 0.0048 49.9952
40 49.952 0.0048 49.9472
41 50 0.048 49.952
34 50 0.048 49.952
32 49.9952 0.048 49.9472
27 49.9472 0.0048 49.9424
40 49.9472 0.0048 49.9424
44 50 0.048 49.952
37 50 0.048 49.952
29 50 0.048 49.952
35 50 0.048 49.952
25 50 0.048 49.952
28 50 0.0048 49.9952
40 50 0.048 49.952
27 50 0.0048 49.9952
32 49.9472 0.0048 49.9424
31 50 0.048 49.952
42 50 0.048 49.952
33 50 0.048 49.952
43 50 0.048 49.952
36 50 0.0048 49.9952
38 50 0.048 49.952
28 49.9952 0.048 49.9472
27 49.9952 0.048 49.9472
32 50 0.0048 49.9952
40 49.952 0.0048 49.9472
41 50 0.048 49.952
34 50 0.048 49.952
32 49.9952 0.048 49.9472
27 49.9472 0.0048 49.9424
40 49.9472 0.0048 49.9424
44 50 0.048 49.952
37 50 0.048 49.952
29 50 0.048 49.952
35 50 0.048 49.952
25 50 0.048 49.952
40 50 0.048 49.952
27 50 0.0048 49.9952
32 49.9472 0.0048 49.9424
31 50 0.048 49.952
42 50 0.048 49.952
33 50 0.048 49.952
43 50 0.048 49.952
36 50 0.0048 49.9952
38 50 0.048 49.952
28 50 0.048 49.952
27 49.9952 0.048 49.9472
32 50 0.0048 49.9952
40 49.952 0.0048 49.9472
41 50 0.048 49.952
34 50 0.048 49.952
32 49.9952 0.048 49.9472
27 49.9472 0.0048 49.9424
40 49.9472 0.0048 49.9424
44 50 0.048 49.952
37 50 0.048 49.952
29 50 0.048 49.952
35 50 0.048 49.952
35 49.952 0.0048 49.9472
35 49.9472 0.16 49.7872
35 49.7872 0.0016 49.7856
25 50 0.048 49.952
40 50 0.048 49.952
27 50 0.0048 49.9952
32 49.9472 0.0048 49.9424
31 50 0.048 49.952
42 50 0.048 49.952
33 50 0.048 49.952
43 50 0.048 49.952
36 50 0.0048 49.9952
38 50 0.048 49.952
28 50 0.048 49.952
27 49.9952 0.048 49.9472
32 50 0.0048 49.9952
40 49.952 0.0048 49.9472
41 50 0.048 49.952
34 50 0.048 49.952
32 49.9952 0.048 49.9472
27 49.9472 0.0048 49.9424
40 49.9472 0.0048 49.9424
36 49.9952 0.048 49.9472
43 49.952 0.0048 49.9472
44 50 0.048 49.952
37 50 0.048 49.952
29 50 0.048 49.952
25 50 0.048 49.952
40 50 0.048 49.952
27 50 0.0048 49.9952
32 49.9472 0.0048 49.9424
39 50 0.048 49.952
31 50 0.048 49.952
42 50 0.048 49.952
33 50 0.048 49.952
43 50 0.048 49.952
36 50 0.0048 49.9952
38 50 0.048 49.952
28 50 0.048 49.952
27 49.9952 0.048 49.9472
32 50 0.0048 49.9952
40 49.952 0.0048 49.9472
41 50 0.048 49.952
34 50 0.048 49.952
32 49.9952 0.048 49.9472
27 49.9472 0.0048 49.9424
40 49.9472 0.0048 49.9424
36 49.9952 0.048 49.9472
43 49.952 0.0048 49.9472
44 50 0.048 49.952
37 50 0.048 49.952
29 50 0.048 49.952
25 50 0.048 49.952
40 50 0.048 49.952
27 50 0.0048 49.9952
32 49.9472 0.0048 49.9424
39 50 0.048 49.952
31 50 0.048 49.952
31 49.952 0.0048 49.9472
31 49.9472 0.16 49.7872
31 49.7872 0.0016 49.7856
42 50 0.048 49.952
33 50 0.048 49.952
43 50 0.048 49.952
36 50 0.0048 49.9952
38 50 0.048 49.952
28 50 0.048 49.952
27 49.9952 0.048 49.9472
32 50 0.0048 49.9952
40 49.952 0.0048 49.9472
41 50 0.048 49.952
34 50 0.048 49.952
32 49.9952 0.048 49.9472
27 49.9472 0.0048 49.9424
40 49.9472 0.0048 49.9424
36 49.9952 0.048 49.9472
43 49.952 0.0048 49.9472
44 50 0.048 49.952
37 50 0.048 49.952
29 50 0.048 49.952
25 50 0.048 49.952
40 50 0.048 49.952
27 50 0.0048 49.9952
32 49.9472 0.0048 49.9424
39 50 0.048 49.952
42 50 0.048 49.952
33 50 0.048 49.952
43 50 0.048 49.952
36 50 0.0048 49.9952
38 50 0.048 49.952
28 50 0.048 49.952
25 49.952 0.0048 49.9472
27 49.9952 0.048 49.9472
40 49.952 0.0048 49.9472
41 50 0.048 49.952
34 50 0.048 49.952
32 50 0.048 49.952
40 49.9472 0.0048 49.9424
36 49.9952 0.048 49.9472
43 49.952 0.0048 49.9472
44 50 0.048 49.952
37 50 0.048 49.952
29 50 0.048 49.952
25 50 0.048 49.952
28 50 0.0048 49.9952
40 50 0.048 49.952
27 50 0.0048 49.9952
32 49.952 0.0048 49.9472
39 50 0.048 49.952
42 50 0.048 49.952
33 50 0.048 49.952
43 50 0.048 49.952
36 50 0.0048 49.9952
38 50 0.048 49.952
28 49.9952 0.048 49.9472
25 49.952 0.0048 49.9472
27 49.9952 0.048 49.9472
41 50 0.048 49.952
34 50 0.048 49.952
32 50 0.048 49.952
40 49.952 0.0048 49.9472
36 49.9952 0.048 49.9472
43 49.952 0.0048 49.9472
44 50 0.048 49.952
37 50 0.048 49.952
29 50 0.048 49.952
25 50 0.048 49.952
28 50 0.0048 49.9952
40 50 0.048 49.952
32 49.952 0.0048 49.9472
39 50 0.048 49.952
42 50 0.048 49.952
33 50 0.048 49.952
43 50 0.048 49.952
36 50 0.0048 49.9952
38 50 0.048 49.952
28 49.9952 0.048 49.9472
25 49.952 0.0048 49.9472
27 50 0.048 49.952
41 50 0.048 49.952
34 50 0.048 49.952
32 50 0.048 49.952
40 49.952 0.0048 49.9472
36 49.9952 0.048 49.9472
43 49.952 0.0048 49.9472
44 50 0.048 49.952
37 50 0.048 49.952
29 50 0.048 49.952
25 50 0.048 49.952
28 50 0.0048 49.9952
40 50 0.048 49.952
32 49.952 0.0048 49.9472
39 50 0.048 49.952
42 50 0.048 49.952
33 50 0.048 49.952
43 50 0.048 49.952
36 50 0.0048 49.9952
38 50 0.048 49.952
28 49.9952 0.048 49.9472
25 49.952 0.0048 49.9472
27 50 0.048 49.952
41 50 0.048 49.952
34 50 0.048 49.952
32 50 0.048 49.952
40 49.952 0.0048 49.9472
36 49.9952 0.048 49.9472
43 49.952 0.0048 49.9472
44 50 0.048 49.952
37 50 0.048 49.952
29 50 0.048 49.952
25 50 0.048 49.952
28 50 0.0048 49.9952
40 50 0.048 49.952
39 50 0.048 49.952
42 50 0.048 49.952
33 50 0.048 49.952
43 50 0.048 49.952
36 50 0.0048 49.9952
38 50 0.048 49.952
28 49.9952 0.048 49.9472
25 49.952 0.0048 49.9472
27 50 0.048 49.952
41 50 0.048 49.952
34 50 0.048 49.952
32 50 0.048 49.952
36 49.9952 0.048 49.9472
43 49.952 0.0048 49.9472
44 50 0.048 49.952
37 50 0.048 49.952
29 50 0.048 49.952
25 50 0.048 49.952
28 50 0.0048 49.9952
40 50 0.048 49.952
32 49.952 0.0048 49.9472
39 50 0.048 49.952
42 50 0.048 49.952
33 50 0.048 49.952
43 50 0.048 49.952
38 50 0.048 49.952
28 49.9952 0.048 49.9472
25 49.952 0.0048 49.9472
28 49.9472 0.0048 49.9424
28 49.9424 0.16 49.7824
28 49.7824 0.0016 49.7808
25 49.9472 0.016 49.9312
27 50 0.048 49.952
41 50 0.048 49.952
34 50 0.048 49.952
32 50 0.048 49.952
40 49.952 0.0048 49.9472
36 50 0.048 49.952
44 50 0.048 49.952
37 50 0.048 49.952
29 50 0.048 49.952
25 50 0.048 49.952
28 49.9177 0.0048 49.9129
40 50 0.048 49.952
32 49.952 0.0048 49.9472
39 50 0.048 49.952
42 50 0.048 49.952
33 50 0.048 49.952
43 50 0.048 49.952
38 50 0.048 49.952
27 50 0.048 49.952
32 50 0.0048 49.9952
41 50 0.048 49.952
34 50 0.048 49.952
32 49.9952 0.048 49.9472
27 49.952 0.0048 49.9472
40 49.952 0.0048 49.9472
36 50 0.048 49.952
44 50 0.048 49.952
37 50 0.048 49.952
29 50 0.048 49.952
25 50 0.048 49.952
28 50 0.0048 49.9952
40 50 0.048 49.952
32 49.9472 0.0048 49.9424
39 50 0.048 49.952
42 50 0.048 49.952
33 50 0.048 49.952
43 50 0.048 49.952
38 50 0.048 49.952
27 50 0.048 49.952
32 50 0.0048 49.9952
41 50 0.048 49.952
34 50 0.048 49.952
32 49.9952 0.048 49.9472
27 49.952 0.0048 49.9472
40 49.952 0.0048 49.9472
36 50 0.048 49.952
44 50 0.048 49.952
37 50 0.048 49.952
29 50 0.048 49.952
25 50 0.048 49.952
28 50 0.0048 49.9952
40 50 0.048 49.952
32 49.9472 0.0048 49.9424
40 49.952 0.0048 49.9472
40 49.9472 0.16 49.7872
40 49.7872 0.0016 49.7856
32 49.9424 0.016 49.9264
39 50 0.048 49.952
42 50 0.048 49.952
33 50 0.048 49.952
43 50 0.048 49.952
38 50 0.048 49.952
27 50 0.048 49.952
32 50 0.0048 49.9952
41 50 0.048 49.952
34 50 0.048 49.952
32 49.9952 0.048 49.9472
27 49.952 0.0048 49.9472
40 49.7856 0.0048 49.7808
40 49.7808 0.048 49.7328
32 49.9472 0.0096 49.9376
32 49.9376 0.16 49.7776
32 49.7776 0.0016 49.776
27 49.9472 0.016 49.9312
40 49.7328 0.016 49.7168
40 49.7168 0.016 49.7008
32 49.776 0.0016 49.7744
40 49.7008 0.048 49.6528
32 49.7744 0.0048 49.7696
40 49.6528 0.0048 49.648
40 49.648 0.16 49.488
32 49.7696 0.016 49.7536
36 50 0.048 49.952
44 50 0.048 49.952
37 50 0.048 49.952
30 50 0.0048 49.9952
30 49.9952 0.048 49.9472
37 49.952 0.0048 49.9472
37 49.9472 0.16 49.7872
30 49.9472 0.016 49.9312
30 49.9312 0.016 49.9152
37 49.7872 0.0016 49.7856
30 49.9152 0.048 49.8672
37 49.7856 0.0048 49.7808
29 50 0.048 49.952
25 50 0.048 49.952
28 50 0.0048 49.9952
39 50 0.048 49.952
42 50 0.048 49.952
33 50 0.048 49.952
43 50 0.048 49.952
38 50 0.048 49.952
27 50 0.048 49.952
41 50 0.048 49.952
34 50 0.048 49.952
36 50 0.048 49.952
44 50 0.048 49.952
30 50 0.048 49.952
37 50 0.0048 49.9952
29 50 0.048 49.952
25 50 0.048 49.952
28 50 0.0048 49.9952
39 50 0.048 49.952
42 50 0.048 49.952
33 50 0.048 49.952
43 50 0.048 49.952
38 50 0.048 49.952
27 50 0.048 49.952
41 50 0.048 49.952
34 50 0.048 49.952
36 50 0.048 49.952
44 50 0.048 49.952
30 50 0.048 49.952
37 50 0.0048 49.9952
29 50 0.048 49.952
25 50 0.048 49.952
28 50 0.0048 49.9952
39 50 0.048 49.952
42 50 0.048 49.952
33 50 0.048 49.952
43 50 0.048 49.952
38 50 0.048 49.952
27 50 0.048 49.952
41 50 0.048 49.952
34 50 0.048 49.952
36 50 0.048 49.952
44 50 0.048 49.952
30 50 0.048 49.952
37 50 0.0048 49.9952
29 50 0.048 49.952
25 50 0.048 49.952
28 50 0.0048 49.9952
26 50 0.048 49.952
39 50 0.048 49.952
42 50 0.048 49.952
33 50 0.048 49.952
43 50 0.048 49.952
36 50 0.0048 49.9952
38 50 0.048 49.952
27 50 0.048 49.952
32 50 0.0048 49.9952
32 49.9952 0.048 49.9472
27 49.952 0.0048 49.9472
27 49.9472 0.16 49.7872
32 49.9472 0.016 49.9312
32 49.9312 0.016 49.9152
27 49.7872 0.0016 49.7856
32 49.9152 0.048 49.8672
27 49.7856 0.0048 49.7808
40 50 0.0048 49.9952
40 49.9952 0.048 49.9472
32 49.8672 0.0048 49.8624
32 49.8624 0.16 49.7024
27 49.7808 0.016 49.7648
40 49.9472 0.016 49.9312
40 49.9312 0.016 49.9152
32 49.7024 0.0016 49.7008
40 49.9152 0.048 49.8672
32 49.7008 0.0048 49.696
41 50 0.048 49.952
34 50 0.048 49.952
36 49.9952 0.048 49.9472
43 49.952 0.0048 49.9472
44 50 0.048 49.952
30 50 0.048 49.952
37 50 0.0048 49.9952
29 50 0.048 49.952
25 50 0.048 49.952
28 50 0.0048 49.9952
26 50 0.048 49.952
39 50 0.048 49.952
42 50 0.048 49.952
33 50 0.048 49.952
43 50 0.048 49.952
36 50 0.0048 49.9952
38 50 0.048 49.952
40 50 0.048 49.952
41 50 0.048 49.952
34 50 0.048 49.952
36 49.9952 0.048 49.9472
43 49.952 0.0048 49.9472
44 50 0.048 49.952
30 50 0.048 49.952
37 50 0.0048 49.9952
29 50 0.048 49.952
25 50 0.048 49.952
28 50 0.0048 49.9952
26 50 0.048 49.952
39 50 0.048 49.952
42 50 0.048 49.952
33 50 0.048 49.952
43 50 0.048 49.952
38 50 0.048 49.952
40 50 0.048 49.952
41 50 0.048 49.952
34 50 0.048 49.952
34 49.952 0.0048 49.9472
34 49.9472 0.16 49.7872
34 49.7872 0.0016 49.7856
36 50 0.048 49.952
44 50 0.048 49.952
30 50 0.048 49.952
37 50 0.0048 49.9952
29 50 0.048 49.952
25 50 0.048 49.952
26 50 0.048 49.952
39 50 0.048 49.952
42 50 0.048 49.952
33 50 0.048 49.952
43 50 0.048 49.952
38 50 0.048 49.952
40 50 0.048 49.952
27 50 0.0048 49.9952
41 50 0.048 49.952
36 50 0.048 49.952
44 50 0.048 49.952
30 50 0.048 49.952
37 50 0.0048 49.9952
29 50 0.048 49.952
25 50 0.048 49.952
26 50 0.048 49.952
39 50 0.048 49.952
42 50 0.048 49.952
33 50 0.048 49.952
43 50 0.048 49.952
38 50 0.048 49.952
40 50 0.048 49.952
27 50 0.0048 49.9952
32 50 0.0048 49.9952
41 50 0.048 49.952
36 50 0.048 49.952
44 50 0.048 49.952
30 50 0.048 49.952
37 50 0.0048 49.9952
29 50 0.048 49.952
25 50 0.048 49.952
26 50 0.048 49.952
39 50 0.048 49.952
42 50 0.048 49.952
33 50 0.048 49.952
43 50 0.048 49.952
38 50 0.048 49.952
38 49.952 0.0048 49.9472
38 49.9472 0.16 49.7872
38 49.7872 0.0016 49.7856
40 50 0.048 49.952
27 50 0.0048 49.9952
32 50 0.0048 49.9952
41 50 0.048 49.952
36 50 0.048 49.952
44 50 0.048 49.952
30 50 0.048 49.952
29 50 0.048 49.952
25 50 0.048 49.952
28 50 0.0048 49.9952
26 50 0.048 49.952
39 50 0.048 49.952
42 50 0.048 49.952
33 50 0.048 49.952
43 50 0.048 49.952
40 50 0.048 49.952
27 50 0.0048 49.9952
32 50 0.0048 49.9952
41 50 0.048 49.952
36 50 0.048 49.952
44 50 0.048 49.952
30 50 0.048 49.952
29 50 0.048 49.952
25 50 0.048 49.952
28 50 0.0048 49.9952
26 50 0.048 49.952
39 50 0.048 49.952
42 50 0.048 49.952
33 50 0.048 49.952
43 50 0.048 49.952
40 50 0.048 49.952
27 50 0.0048 49.9952
32 50 0.0048 49.9952
41 50 0.048 49.952
36 50 0.048 49.952
44 50 0.048 49.952
30 50 0.048 49.952
37 50 0.0048 49.9952
29 50 0.048 49.952
25 50 0.048 49.952
28 50 0.0048 49.9952
26 50 0.048 49.952
39 50 0.048 49.952
42 50 0.048 49.952
33 50 0.048 49.952
43 50 0.048 49.952
40 50 0.048 49.952
32 50 0.0048 49.9952
41 50 0.048 49.952
36 50 0.048 49.952
44 50 0.048 49.952
30 50 0.048 49.952
29 50 0.048 49.952
25 50 0.048 49.952
28 50 0.0048 49.9952
26 50 0.048 49.952
39 50 0.048 49.952
35 50 0.048 49.952
42 50 0.048 49.952
33 50 0.048 49.952
43 50 0.048 49.952
40 50 0.048 49.952
41 50 0.048 49.952
36 50 0.048 49.952
44 50 0.048 49.952
30 50 0.048 49.952
29 50 0.048 49.952
25 50 0.048 49.952
28 50 0.0048 49.9952
26 50 0.048 49.952
39 50 0.048 49.952
35 50 0.048 49.952
42 50 0.048 49.952
33 50 0.048 49.952
43 50 0.048 49.952
40 50 0.048 49.952
41 50 0.048 49.952
36 50 0.048 49.952
44 50 0.048 49.952
30 50 0.048 49.952
29 50 0.048 49.952
25 50 0.048 49.952
28 50 0.0048 49.9952
26 50 0.048 49.952
39 50 0.048 49.952
35 50 0.048 49.952
42 50 0.048 49.952
33 50 0.048 49.952
43 50 0.048 49.952
36 50 0.0048 49.9952
40 50 0.048 49.952
27 50 0.0048 49.9952
32 50 0.0048 49.9952
41 50 0.048 49.952
36 49.9952 0.048 49.9472
43 49.952 0.0048 49.9472
44 50 0.048 49.952
30 50 0.048 49.952
29 50 0.048 49.952
25 50 0.048 49.952
28 50 0.0048 49.9952
26 50 0.048 49.952
39 50 0.048 49.952
35 50 0.048 49.952
42 50 0.048 49.952
33 50 0.048 49.952
43 50 0.048 49.952
36 50 0.0048 49.9952
31 50 0.048 49.952
40 50 0.048 49.952
27 50 0.0048 49.9952
32 50 0.0048 49.9952
41 50 0.048 49.952
36 49.9952 0.048 49.9472
43 49.952 0.0048 49.9472
44 50 0.048 49.952
30 50 0.048 49.952
29 50 0.048 49.952
25 50 0.048 49.952
28 50 0.0048 49.9952
26 50 0.048 49.952
39 50 0.048 49.952
35 50 0.048 49.952
42 50 0.048 49.952
33 50 0.048 49.952
43 50 0.048 49.952
31 50 0.048 49.952
40 50 0.048 49.952
27 50 0.0048 49.9952
32 50 0.0048 49.9952
41 50 0.048 49.952
36 50 0.048 49.952
44 50 0.048 49.952
30 50 0.048 49.952
29 50 0.048 49.952
25 50 0.048 49.952
28 50 0.0048 49.9952
26 50 0.048 49.952
39 50 0.048 49.952
35 50 0.048 49.952
42 50 0.048 49.952
33 50 0.048 49.952
43 50 0.048 49.952
31 50 0.048 49.952
40 50 0.048 49.952
27 50 0.0048 49.9952
32 50 0.0048 49.9952
41 50 0.048 49.952
36 50 0.048 49.952
44 50 0.048 49.952
30 50 0.048 49.952
37 50 0.0048 49.9952
29 50 0.048 49.952
25 50 0.048 49.952
28 50 0.0048 49.9952
26 50 0.048 49.952
26 49.952 0.0048 49.9472
26 49.9472 0.16 49.7872
26 49.7872 0.0016 49.7856
39 50 0.048 49.952
35 50 0.048 49.952
42 50 0.048 49.952
33 50 0.048 49.952
43 50 0.048 49.952
31 50 0.048 49.952
40 50 0.048 49.952
27 50 0.0048 49.9952
32 50 0.0048 49.9952
41 50 0.048 49.952
36 50 0.048 49.952
44 50 0.048 49.952
30 50 0.048 49.952
37 50 0.0048 49.9952
29 50 0.048 49.952
25 50 0.048 49.952
28 50 0.0048 49.9952
39 50 0.048 49.952
35 50 0.048 49.952
42 50 0.048 49.952
33 50 0.048 49.952
43 50 0.048 49.952
31 50 0.048 49.952
40 50 0.048 49.952
27 50 0.0048 49.9952
32 50 0.0048 49.9952
41 50 0.048 49.952
36 50 0.048 49.952
44 50 0.048 49.952
30 50 0.048 49.952
37 50 0.0048 49.9952
29 50 0.048 49.952
25 50 0.048 49.952
28 50 0.0048 49.9952
39 50 0.048 49.952
35 50 0.048 49.952
42 50 0.048 49.952
33 50 0.048 49.952
43 50 0.048 49.952
31 50 0.048 49.952
40 50 0.048 49.952
27 50 0.0048 49.9952
32 50 0.0048 49.9952
41 50 0.048 49.952
36 50 0.048 49.952
44 50 0.048 49.952
30 50 0.048 49.952
37 50 0.0048 49.9952
29 50 0.048 49.952
25 50 0.048 49.952
28 50 0.0048 49.9952
39 50 0.048 49.952
35 50 0.048 49.952
42 50 0.048 49.952
33 50 0.048 49.952
43 50 0.048 49.952
31 50 0.048 49.952
40 50 0.048 49.952
27 50 0.0048 49.9952
32 50 0.0048 49.9952
41 50 0.048 49.952
36 50 0.048 49.952
44 50 0.048 49.952
30 50 0.048 49.952
37 50 0.0048 49.9952
29 50 0.048 49.952
25 50 0.048 49.952
28 50 0.0048 49.9952
39 50 0.048 49.952
35 50 0.048 49.952
42 50 0.048 49.952
42 49.952 0.0048 49.9472
42 49.9472 0.16 49.7872
42 49.7872 0.0016 49.7856
33 50 0.048 49.952
43 50 0.048 49.952
31 50 0.048 49.952
40 50 0.048 49.952
27 50 0.0048 49.9952
32 50 0.0048 49.9952
41 50 0.048 49.952
36 50 0.048 49.952
44 50 0.048 49.952
30 50 0.048 49.952
29 50 0.048 49.952
25 50 0.048 49.952
39 50 0.048 49.952
35 50 0.048 49.952
33 50 0.048 49.952
43 50 0.048 49.952
31 50 0.048 49.952
40 50 0.048 49.952
27 50 0.0048 49.9952
32 50 0.0048 49.9952
41 50 0.048 49.952
36 50 0.048 49.952
44 50 0.048 49.952
30 50 0.048 49.952
29 50 0.048 49.952
25 50 0.048 49.952
39 50 0.048 49.952
35 50 0.048 49.952
33 50 0.048 49.952
43 50 0.048 49.952
31 50 0.048 49.952
40 50 0.048 49.952
27 50 0.0048 49.9952
32 50 0.0048 49.9952
41 50 0.048 49.952
36 50 0.048 49.952
43 49.952 0.0048 49.9472
44 50 0.048 49.952
30 50 0.048 49.952
29 50 0.048 49.952
25 50 0.048 49.952
39 50 0.048 49.952
35 50 0.048 49.952
33 50 0.048 49.952
43 50 0.048 49.952
36 50 0.0048 49.9952
31 50 0.048 49.952
40 50 0.048 49.952
27 50 0.0048 49.9952
41 50 0.048 49.952
36 49.9952 0.048 49.9472
43 49.952 0.0048 49.9472
44 50 0.048 49.952
30 50 0.048 49.952
29 50 0.048 49.952
25 50 0.048 49.952
39 50 0.048 49.952
35 50 0.048 49.952
33 50 0.048 49.952
43 50 0.048 49.952
36 50 0.0048 49.9952
31 50 0.048 49.952
40 50 0.048 49.952
27 50 0.0048 49.9952
41 50 0.048 49.952
36 49.9952 0.048 49.9472
43 49.952 0.0048 49.9472
44 50 0.048 49.952
30 50 0.048 49.952
29 50 0.048 49.952
34 50 0.048 49.952
25 50 0.048 49.952
39 50 0.048 49.952
35 50 0.048 49.952
33 50 0.048 49.952
43 50 0.048 49.952
31 50 0.048 49.952
40 50 0.048 49.952
27 50 0.0048 49.9952
32 50 0.0048 49.9952
41 50 0.048 49.952
36 50 0.048 49.952
44 50 0.048 49.952
30 50 0.048 49.952
29 50 0.048 49.952
34 50 0.048 49.952
25 50 0.048 49.952
39 50 0.048 49.952
35 50 0.048 49.952
33 50 0.048 49.952
43 50 0.048 49.952
31 50 0.048 49.952
40 50 0.048 49.952
27 50 0.0048 49.9952
32 50 0.0048 49.9952
41 50 0.048 49.952
36 50 0.048 49.952
44 50 0.048 49.952
30 50 0.048 49.952
29 50 0.048 49.952
29 49.952 0.0048 49.9472
29 49.9472 0.16 49.7872
29 49.7872 0.0016 49.7856
34 50 0.048 49.952
25 50 0.048 49.952
39 50 0.048 49.952
35 50 0.048 49.952
33 50 0.048 49.952
43 50 0.048 49.952
31 50 0.048 49.952
40 50 0.048 49.952
32 50 0.0048 49.9952
41 50 0.048 49.952
36 50 0.048 49.952
44 50 0.048 49.952
30 50 0.048 49.952
34 50 0.048 49.952
25 50 0.048 49.952
39 50 0.048 49.952
35 50 0.048 49.952
33 50 0.048 49.952
43 50 0.048 49.952
31 50 0.048 49.952
40 50 0.048 49.952
32 50 0.0048 49.9952
41 50 0.048 49.952
36 50 0.048 49.952
44 50 0.048 49.952
30 50 0.048 49.952
34 50 0.048 49.952
25 50 0.048 49.952
28 50 0.0048 49.9952
39 50 0.048 49.952
35 50 0.048 49.952
33 50 0.048 49.952
43 50 0.048 49.952
31 50 0.048 49.952
40 50 0.048 49.952
32 50 0.0048 49.9952
41 50 0.048 49.952
36 50 0.048 49.952
44 50 0.048 49.952
30 50 0.048 49.952
37 50 0.0048 49.9952
28 49.9952 0.048 49.9472
25 49.952 0.0048 49.9472
34 50 0.048 49.952
25 50 0.048 49.952
28 50 0.0048 49.9952
39 50 0.048 49.952
35 50 0.048 49.952
33 50 0.048 49.952
43 50 0.048 49.952
31 50 0.048 49.952
40 50 0.048 49.952
32 50 0.0048 49.9952
41 50 0.048 49.952
36 50 0.048 49.952
44 50 0.048 49.952
30 50 0.048 49.952
28 49.9952 0.048 49.9472
25 49.952 0.0048 49.9472
34 50 0.048 49.952
25 50 0.048 49.952
28 50 0.0048 49.9952
39 50 0.048 49.952
35 50 0.048 49.952
33 50 0.048 49.952
43 50 0.048 49.952
31 50 0.048 49.952
40 50 0.048 49.952
27 50 0.0048 49.9952
32 50 0.0048 49.9952
41 50 0.048 49.952
36 50 0.048 49.952
44 50 0.048 49.952
30 50 0.048 49.952
28 49.9952 0.048 49.9472
25 49.952 0.0048 49.9472
34 50 0.048 49.952
25 50 0.048 49.952
28 50 0.0048 49.9952
39 50 0.048 49.952
35 50 0.048 49.952
33 50 0.048 49.952
43 50 0.048 49.952
36 50 0.0048 49.9952
31 50 0.048 49.952
40 50 0.048 49.952
27 50 0.0048 49.9952
32 50 0.0048 49.9952
41 50 0.048 49.952
36 49.9952 0.048 49.9472
43 49.952 0.0048 49.9472
44 50 0.048 49.952
30 50 0.048 49.952
28 49.9952 0.048 49.9472
25 49.952 0.0048 49.9472
34 50 0.048 49.952
25 50 0.048 49.952
28 50 0.0048 49.9952
39 50 0.048 49.952
35 50 0.048 49.952
33 50 0.048 49.952
43 50 0.048 49.952
36 50 0.0048 49.9952
31 50 0.048 49.952
40 50 0.048 49.952
27 50 0.0048 49.9952
32 50 0.0048 49.9952
41 50 0.048 49.952
36 49.9952 0.048 49.9472
43 49.952 0.0048 49.9472
44 50 0.048 49.952
30 50 0.048 49.952
28 49.9952 0.048 49.9472
25 49.952 0.0048 49.9472
34 50 0.048 49.952
25 50 0.048 49.952
28 50 0.0048 49.9952
39 50 0.048 49.952
35 50 0.048 49.952
33 50 0.048 49.952
43 50 0.048 49.952
36 50 0.0048 49.9952
31 50 0.048 49.952
40 50 0.048 49.952
27 50 0.0048 49.9952
32 50 0.0048 49.9952
41 50 0.048 49.952
36 49.9952 0.048 49.9472
43 49.952 0.0048 49.9472
37 50 0.048 49.952
37 49.952 0.0048 49.9472
37 49.9472 0.16 49.7872
37 49.7872 0.0016 49.7856
44 50 0.048 49.952
30 50 0.048 49.952
30 49.952 0.0048 49.9472
30 49.9472 0.16 49.7872
30 49.7872 0.0016 49.7856
28 49.9952 0.048 49.9472
25 49.952 0.0048 49.9472
34 50 0.048 49.952
25 50 0.048 49.952
28 50 0.0048 49.9952
39 50 0.048 49.952
35 50 0.048 49.952
33 50 0.048 49.952
43 50 0.048 49.952
36 50 0.0048 49.9952
31 50 0.048 49.952
40 50 0.048 49.952
27 50 0.0048 49.9952
32 50 0.0048 49.9952
41 50 0.048 49.952
36 49.9952 0.048 49.9472
43 49.952 0.0048 49.9472
44 50 0.048 49.952
28 49.9952 0.048 49.9472
25 49.952 0.0048 49.9472
34 50 0.048 49.952
25 50 0.048 49.952
28 50 0.0048 49.9952
39 50 0.048 49.952
35 50 0.048 49.952
33 50 0.048 49.952
43 50 0.048 49.952
31 50 0.048 49.952
40 50 0.048 49.952
27 50 0.0048 49.9952
32 50 0.0048 49.9952
41 50 0.048 49.952
36 50 0.048 49.952
44 50 0.048 49.952
28 49.9952 0.048 49.9472
25 49.952 0.0048 49.9472
34 50 0.048 49.952
25 50 0.048 49.952
28 50 0.0048 49.9952
39 50 0.048 49.952
35 50 0.048 49.952
27 50 0.048 49.952
32 49.9952 0.0048 49.9904
32 49.9904 0.048 49.9424
40 50 0.0048 49.9952
27 49.952 0.0048 49.9472
27 49.9472 0.16 49.7872
32 49.9424 0.016 49.9264
32 49.9264 0.016 49.9104
27 49.7872 0.0016 49.7856
32 49.9104 0.048 49.8624
27 49.7856 0.0048 49.7808
40 49.9952 0.0048 49.9904
40 49.9904 0.016 49.9744
33 50 0.048 49.952
43 50 0.048 49.952
31 50 0.048 49.952
40 49.9744 0.048 49.9264
27 49.7808 0.0048 49.776
32 50 0.0048 49.9952
41 50 0.048 49.952
36 50 0.048 49.952
44 50 0.048 49.952
38 50 0.048 49.952
28 49.9952 0.048 49.9472
25 49.952 0.0048 49.9472
34 50 0.048 49.952
25 50 0.048 49.952
28 50 0.0048 49.9952
39 50 0.048 49.952
35 50 0.048 49.952
35 49.952 0.0048 49.9472
35 49.9472 0.16 49.7872
35 49.7872 0.0016 49.7856
32 49.9952 0.048 49.9472
27 50 0.0048 49.9952
40 50 0.0048 49.9952
33 50 0.048 49.952
43 50 0.048 49.952
31 50 0.048 49.952
40 49.9952 0.048 49.9472
27 49.9952 0.0048 49.9904
32 50 0.0048 49.9952
41 50 0.048 49.952
36 50 0.048 49.952
44 50 0.048 49.952
38 50 0.048 49.952
28 49.9952 0.048 49.9472
25 49.952 0.0048 49.9472
34 50 0.048 49.952
25 50 0.048 49.952
28 50 0.0048 49.9952
39 50 0.048 49.952
32 49.9952 0.048 49.9472
27 50 0.0048 49.9952
40 50 0.0048 49.9952
33 50 0.048 49.952
43 50 0.048 49.952
31 50 0.048 49.952
40 49.9952 0.048 49.9472
27 49.9952 0.0048 49.9904
32 50 0.0048 49.9952
41 50 0.048 49.952
36 50 0.048 49.952
44 50 0.048 49.952
38 50 0.048 49.952
28 49.9952 0.048 49.9472
25 49.952 0.0048 49.9472
34 50 0.048 49.952
25 50 0.048 49.952
39 50 0.048 49.952
32 49.9952 0.048 49.9472
27 50 0.0048 49.9952
40 50 0.0048 49.9952
33 50 0.048 49.952
43 50 0.048 49.952
31 50 0.048 49.952
40 49.9952 0.048 49.9472
27 49.9952 0.0048 49.9904
32 50 0.0048 49.9952
41 50 0.048 49.952
36 50 0.048 49.952
44 50 0.048 49.952
38 50 0.048 49.952
28 50 0.048 49.952
34 50 0.048 49.952
25 50 0.048 49.952
39 50 0.048 49.952
32 49.9952 0.048 49.9472
27 50 0.0048 49.9952
40 50 0.0048 49.9952
33 50 0.048 49.952
43 50 0.048 49.952
36 50 0.0048 49.9952
31 50 0.048 49.952
40 49.9952 0.048 49.9472
27 49.9952 0.0048 49.9904
32 50 0.0048 49.9952
41 50 0.048 49.952
36 49.9952 0.048 49.9472
43 49.952 0.0048 49.9472
44 50 0.048 49.952
38 50 0.048 49.952
28 50 0.048 49.952
34 50 0.048 49.952
25 50 0.048 49.952
39 50 0.048 49.952
32 49.9952 0.048 49.9472
27 50 0.0048 49.9952
40 50 0.0048 49.9952
33 50 0.048 49.952
43 50 0.048 49.952
36 50 0.0048 49.9952
31 50 0.048 49.952
40 49.9952 0.048 49.9472
27 49.9952 0.0048 49.9904
32 50 0.0048 49.9952
41 50 0.048 49.952
42 50 0.048 49.952
36 49.9952 0.048 49.9472
43 49.952 0.0048 49.9472
44 50 0.048 49.952
38 50 0.048 49.952
28 50 0.048 49.952
34 50 0.048 49.952
25 50 0.048 49.952
39 50 0.048 49.952
32 49.9952 0.048 49.9472
27 50 0.0048 49.9952
40 50 0.0048 49.9952
33 50 0.048 49.952
43 50 0.048 49.952
36 50 0.0048 49.9952
31 50 0.048 49.952
40 49.9952 0.048 49.9472
32 50 0.0048 49.9952
41 50 0.048 49.952
42 50 0.048 49.952
36 49.9952 0.048 49.9472
43 49.952 0.0048 49.9472
44 50 0.048 49.952
38 50 0.048 49.952
28 50 0.048 49.952
34 50 0.048 49.952
25 50 0.048 49.952
39 50 0.048 49.952
32 49.9952 0.048 49.9472
27 50 0.0048 49.9952
40 50 0.0048 49.9952
33 50 0.048 49.952
43 50 0.048 49.952
36 50 0.0048 49.9952
31 50 0.048 49.952
40 49.9952 0.048 49.9472
27 49.9952 0.0048 49.9904
32 50 0.0048 49.9952
41 50 0.048 49.952
42 50 0.048 49.952
36 49.9952 0.048 49.9472
43 49.952 0.0048 49.9472
44 50 0.048 49.952
38 50 0.048 49.952
28 50 0.048 49.952
34 50 0.048 49.952
25 50 0.048 49.952
39 50 0.048 49.952
32 49.9952 0.048 49.9472
27 50 0.0048 49.9952
40 50 0.0048 49.9952
33 50 0.048 49.952
43 50 0.048 49.952
36 50 0.0048 49.9952
31 50 0.048 49.952
40 49.9952 0.048 49.9472
41 50 0.048 49.952
42 50 0.048 49.952
36 49.9952 0.048 49.9472
43 49.952 0.0048 49.9472
44 50 0.048 49.952
38 50 0.048 49.952
28 50 0.048 49.952
34 50 0.048 49.952
25 50 0.048 49.952
39 50 0.048 49.952
32 50 0.048 49.952
27 50 0.0048 49.9952
33 50 0.048 49.952
43 50 0.048 49.952
36 50 0.0048 49.9952
31 50 0.048 49.952
40 50 0.048 49.952
41 50 0.048 49.952
42 50 0.048 49.952
36 49.9952 0.048 49.9472
43 49.952 0.0048 49.9472
44 50 0.048 49.952
38 50 0.048 49.952
28 50 0.048 49.952
34 50 0.048 49.952
25 50 0.048 49.952
25 49.952 0.0048 49.9472
25 49.9472 0.16 49.7872
25 49.7872 0.0016 49.7856
39 50 0.048 49.952
32 50 0.048 49.952
27 50 0.0048 49.9952
33 50 0.048 49.952
43 50 0.048 49.952
36 50 0.0048 49.9952
31 50 0.048 49.952
40 50 0.048 49.952
41 50 0.048 49.952
42 50 0.048 49.952
36 49.9952 0.048 49.9472
43 49.952 0.0048 49.9472
44 50 0.048 49.952
38 50 0.048 49.952
28 50 0.048 49.952
34 50 0.048 49.952
39 50 0.048 49.952
32 50 0.048 49.952
27 50 0.0048 49.9952
33 50 0.048 49.952
43 50 0.048 49.952
36 50 0.0048 49.9952
31 50 0.048 49.952
40 50 0.048 49.952
41 50 0.048 49.952
42 50 0.048 49.952
36 49.9952 0.048 49.9472
43 49.952 0.0048 49.9472
44 50 0.048 49.952
38 50 0.048 49.952
28 50 0.048 49.952
34 50 0.048 49.952
39 50 0.048 49.952
32 50 0.048 49.952
27 50 0.0048 49.9952
40 50 0.0048 49.9952
33 50 0.048 49.952
43 50 0.048 49.952
36 50 0.0048 49.9952
31 50 0.048 49.952
40 49.9952 0.048 49.9472
27 49.9952 0.0048 49.9904
32 50 0.0048 49.9952
41 50 0.048 49.952
42 50 0.048 49.952
36 49.9952 0.048 49.9472
43 49.952 0.0048 49.9472
44 50 0.048 49.952
38 50 0.048 49.952
28 50 0.048 49.952
34 50 0.048 49.952
39 50 0.048 49.952
32 49.9952 0.048 49.9472
27 50 0.0048 49.9952
40 50 0.0048 49.9952
32 49.9472 0.0048 49.9424
32 49.9424 0.16 49.7824
32 49.7824 0.0016 49.7808
27 49.9952 0.016 49.9792
40 49.9952 0.016 49.9792
33 50 0.048 49.952
43 50 0.048 49.952
36 50 0.0048 49.9952
31 50 0.048 49.952
40 49.9792 0.048 49.9312
41 50 0.048 49.952
42 50 0.048 49.952
36 49.9952 0.048 49.9472
43 49.952 0.0048 49.9472
44 50 0.048 49.952
38 50 0.048 49.952
28 50 0.048 49.952
25 50 0.0048 49.9952
25 49.9952 0.048 49.9472
28 49.952 0.0048 49.9472
28 49.9472 0.16 49.7872
25 49.9472 0.016 49.9312
25 49.9312 0.016 49.9152
28 49.7872 0.0016 49.7856
25 49.9152 0.048 49.8672
28 49.7856 0.0048 49.7808
34 50 0.048 49.952
39 50 0.048 49.952
33 50 0.048 49.952
43 50 0.048 49.952
36 50 0.0048 49.9952
31 50 0.048 49.952
40 50 0.048 49.952
41 50 0.048 49.952
42 50 0.048 49.952
36 49.9952 0.048 49.9472
43 49.952 0.0048 49.9472
44 50 0.048 49.952
38 50 0.048 49.952
25 50 0.048 49.952
28 50 0.0048 49.9952
34 50 0.048 49.952
39 50 0.048 49.952
33 50 0.048 49.952
43 50 0.048 49.952
36 50 0.0048 49.9952
31 50 0.048 49.952
40 50 0.048 49.952
32 50 0.0048 49.9952
41 50 0.048 49.952
42 50 0.048 49.952
36 49.9952 0.048 49.9472
43 49.952 0.0048 49.9472
44 50 0.048 49.952
38 50 0.048 49.952
25 50 0.048 49.952
28 50 0.0048 49.9952
34 50 0.048 49.952
39 50 0.048 49.952
33 50 0.048 49.952
43 50 0.048 49.952
36 50 0.0048 49.9952
31 50 0.048 49.952
40 50 0.048 49.952
32 50 0.0048 49.9952
41 50 0.048 49.952
42 50 0.048 49.952
36 49.9952 0.048 49.9472
43 49.952 0.0048 49.9472
44 50 0.048 49.952
38 50 0.048 49.952
25 50 0.048 49.952
34 50 0.048 49.952
39 50 0.048 49.952
33 50 0.048 49.952
43 50 0.048 49.952
36 50 0.0048 49.9952
31 50 0.048 49.952
40 50 0.048 49.952
32 50 0.0048 49.9952
41 50 0.048 49.952
42 50 0.048 49.952
36 49.9952 0.048 49.9472
43 49.952 0.0048 49.9472
44 50 0.048 49.952
38 50 0.048 49.952
25 50 0.048 49.952
34 50 0.048 49.952
39 50 0.048 49.952
33 50 0.048 49.952
43 50 0.048 49.952
36 50 0.0048 49.9952
31 50 0.048 49.952
40 50 0.048 49.952
32 50 0.0048 49.9952
41 50 0.048 49.952
42 50 0.048 49.952
36 49.9952 0.048 49.9472
43 49.952 0.0048 49.9472
44 50 0.048 49.952
38 50 0.048 49.952
25 50 0.048 49.952
34 50 0.048 49.952
39 50 0.048 49.952
33 50 0.048 49.952
43 50 0.048 49.952
36 50 0.0048 49.9952
31 50 0.048 49.952
40 50 0.048 49.952
32 50 0.0048 49.9952
41 50 0.048 49.952
42 50 0.048 49.952
36 49.9952 0.048 49.9472
43 49.952 0.0048 49.9472
44 50 0.048 49.952
38 50 0.048 49.952
25 50 0.048 49.952
28 50 0.0048 49.9952
34 50 0.048 49.952
39 50 0.048 49.952
33 50 0.048 49.952
43 50 0.048 49.952
36 50 0.0048 49.9952
31 50 0.048 49.952
40 50 0.048 49.952
32 50 0.0048 49.9952
41 50 0.048 49.952
42 50 0.048 49.952
36 49.9952 0.048 49.9472
43 49.952 0.0048 49.9472
44 50 0.048 49.952
38 50 0.048 49.952
25 50 0.048 49.952
28 50 0.0048 49.9952
34 50 0.048 49.952
39 50 0.048 49.952
33 50 0.048 49.952
43 50 0.048 49.952
31 50 0.048 49.952
40 50 0.048 49.952
32 50 0.0048 49.9952
41 50 0.048 49.952
42 50 0.048 49.952
36 50 0.048 49.952
44 50 0.048 49.952
38 50 0.048 49.952
38 49.952 0.0048 49.9472
38 49.9472 0.16 49.7872
38 49.7872 0.0016 49.7856
25 50 0.048 49.952
28 50 0.0048 49.9952
34 50 0.048 49.952
39 50 0.048 49.952
33 50 0.048 49.952
43 50 0.048 49.952
31 50 0.048 49.952
40 50 0.048 49.952
32 50 0.0048 49.9952
41 50 0.048 49.952
42 50 0.048 49.952
36 50 0.048 49.952
44 50 0.048 49.952
25 50 0.048 49.952
28 50 0.0048 49.9952
34 50 0.048 49.952
39 50 0.048 49.952
33 50 0.048 49.952
43 50 0.048 49.952
36 50 0.0048 49.9952
31 50 0.048 49.952
40 50 0.048 49.952
32 50 0.0048 49.9952
41 50 0.048 49.952
42 50 0.048 49.952
36 49.9952 0.048 49.9472
43 49.952 0.0048 49.9472
44 50 0.048 49.952
25 50 0.048 49.952
28 50 0.0048 49.9952
34 50 0.048 49.952
39 50 0.048 49.952
33 50 0.048 49.952
43 50 0.048 49.952
36 50 0.0048 49.9952
31 50 0.048 49.952
40 50 0.048 49.952
32 50 0.0048 49.9952
41 50 0.048 49.952
42 50 0.048 49.952
36 49.9952 0.048 49.9472
43 49.952 0.0048 49.9472
44 50 0.048 49.952
25 50 0.048 49.952
28 50 0.0048 49.9952
34 50 0.048 49.952
39 50 0.048 49.952
33 50 0.048 49.952
43 50 0.048 49.952
36 50 0.0048 49.9952
31 50 0.048 49.952
40 50 0.048 49.952
32 50 0.0048 49.9952
41 50 0.048 49.952
42 50 0.048 49.952
36 49.9952 0.048 49.9472
43 49.952 0.0048 49.9472
44 50 0.048 49.952
25 50 0.048 49.952
28 50 0.0048 49.9952
34 50 0.048 49.952
26 50 0.048 49.952
39 50 0.048 49.952
33 50 0.048 49.952
43 50 0.048 49.952
36 50 0.0048 49.9952
31 50 0.048 49.952
40 50 0.048 49.952
32 50 0.0048 49.9952
41 50 0.048 49.952
42 50 0.048 49.952
36 49.9952 0.048 49.9472
43 49.952 0.0048 49.9472
44 50 0.048 49.952
25 50 0.048 49.952
28 50 0.0048 49.9952
34 50 0.048 49.952
26 50 0.048 49.952
39 50 0.048 49.952
39 49.952 0.0048 49.9472
39 49.9472 0.16 49.7872
39 49.7872 0.0016 49.7856
33 50 0.048 49.952
43 50 0.048 49.952
31 50 0.048 49.952
40 50 0.048 49.952
27 50 0.0048 49.9952
32 50 0.0048 49.9952
41 50 0.048 49.952
42 50 0.048 49.952
36 50 0.048 49.952
44 50 0.048 49.952
25 50 0.048 49.952
28 50 0.0048 49.9952
34 50 0.048 49.952
26 50 0.048 49.952
33 50 0.048 49.952
43 50 0.048 49.952
31 50 0.048 49.952
40 50 0.048 49.952
27 50 0.0048 49.9952
32 50 0.0048 49.9952
41 50 0.048 49.952
39 50 0.0048 49.9952
39 49.9952 0.048 49.9472
41 49.952 0.0048 49.9472
41 49.9472 0.16 49.7872
39 49.9472 0.016 49.9312
39 49.9312 0.016 49.9152
41 49.7872 0.0016 49.7856
39 49.9152 0.048 49.8672
41 49.7856 0.0048 49.7808
42 50 0.048 49.952
36 50 0.048 49.952
44 50 0.048 49.952
25 50 0.048 49.952
28 50 0.0048 49.9952
34 50 0.048 49.952
26 50 0.048 49.952
33 50 0.048 49.952
43 50 0.048 49.952
31 50 0.048 49.952
40 50 0.048 49.952
27 50 0.0048 49.9952
32 50 0.0048 49.9952
39 49.9945 0.048 49.9465
41 50 0.0048 49.9952
42 50 0.048 49.952
36 50 0.048 49.952
44 50 0.048 49.952
25 50 0.048 49.952
34 50 0.048 49.952
26 50 0.048 49.952
33 50 0.048 49.952
43 50 0.048 49.952
36 50 0.0048 49.9952
31 50 0.048 49.952
40 50 0.048 49.952
27 50 0.0048 49.9952
32 50 0.0048 49.9952
39 50 0.048 49.952
42 50 0.048 49.952
36 49.9952 0.048 49.9472
43 49.952 0.0048 49.9472
44 50 0.048 49.952
25 50 0.048 49.952
34 50 0.048 49.952
26 50 0.048 49.952
33 50 0.048 49.952
43 50 0.048 49.952
36 50 0.0048 49.9952
31 50 0.048 49.952
40 50 0.048 49.952
27 50 0.0048 49.9952
32 50 0.0048 49.9952
39 50 0.048 49.952
42 50 0.048 49.952
36 49.9952 0.048 49.9472
43 49.952 0.0048 49.9472
44 50 0.048 49.952
25 50 0.048 49.952
28 50 0.0048 49.9952
37 50 0.048 49.952
34 50 0.048 49.952
26 50 0.048 49.952
33 50 0.048 49.952
43 50 0.048 49.952
36 50 0.0048 49.9952
31 50 0.048 49.952
40 50 0.048 49.952
27 50 0.0048 49.9952
32 50 0.0048 49.9952
39 50 0.048 49.952
42 50 0.048 49.952
36 49.9952 0.048 49.9472
43 49.952 0.0048 49.9472
44 50 0.048 49.952
25 50 0.048 49.952
28 50 0.0048 49.9952
37 50 0.048 49.952
34 50 0.048 49.952
26 50 0.048 49.952
33 50 0.048 49.952
43 50 0.048 49.952
36 50 0.0048 49.9952
31 50 0.048 49.952
40 50 0.048 49.952
27 50 0.0048 49.9952
39 50 0.048 49.952
42 50 0.048 49.952
36 49.9952 0.048 49.9472
43 49.952 0.0048 49.9472
44 50 0.048 49.952
25 50 0.048 49.952
28 50 0.0048 49.9952
37 50 0.048 49.952
34 50 0.048 49.952
26 50 0.048 49.952
33 50 0.048 49.952
43 50 0.048 49.952
36 50 0.0048 49.9952
31 50 0.048 49.952
40 50 0.048 49.952
27 50 0.0048 49.9952
39 50 0.048 49.952
42 50 0.048 49.952
36 49.9952 0.048 49.9472
43 49.952 0.0048 49.9472
44 50 0.048 49.952
25 50 0.048 49.952
28 50 0.0048 49.9952
37 50 0.048 49.952
34 50 0.048 49.952
26 50 0.048 49.952
35 50 0.048 49.952
33 50 0.048 49.952
43 50 0.048 49.952
36 50 0.0048 49.9952
31 50 0.048 49.952
40 50 0.048 49.952
27 50 0.0048 49.9952
32 50 0.0048 49.9952
39 50 0.048 49.952
42 50 0.048 49.952
36 49.9952 0.048 49.9472
43 49.952 0.0048 49.9472
44 50 0.048 49.952
25 50 0.048 49.952
28 50 0.0048 49.9952
37 50 0.048 49.952
34 50 0.048 49.952
26 50 0.048 49.952
35 50 0.048 49.952
33 50 0.048 49.952
43 50 0.048 49.952
36 50 0.0048 49.9952
31 50 0.048 49.952
40 50 0.048 49.952
32 50 0.0048 49.9952
39 50 0.048 49.952
42 50 0.048 49.952
36 49.9952 0.048 49.9472
43 49.952 0.0048 49.9472
44 50 0.048 49.952
30 50 0.048 49.952
25 50 0.048 49.952
28 50 0.0048 49.9952
37 50 0.048 49.952
34 50 0.048 49.952
26 50 0.048 49.952
35 50 0.048 49.952
33 50 0.048 49.952
43 50 0.048 49.952
36 50 0.0048 49.9952
31 50 0.048 49.952
40 50 0.048 49.952
32 50 0.0048 49.9952
39 50 0.048 49.952
42 50 0.048 49.952
36 49.9952 0.048 49.9472
43 49.952 0.0048 49.9472
44 50 0.048 49.952
30 50 0.048 49.952
25 50 0.048 49.952
37 50 0.048 49.952
34 50 0.048 49.952
26 50 0.048 49.952
35 50 0.048 49.952
29 50 0.048 49.952
33 50 0.048 49.952
43 50 0.048 49.952
36 50 0.0048 49.9952
31 50 0.048 49.952
40 50 0.048 49.952
32 50 0.0048 49.9952
39 50 0.048 49.952
42 50 0.048 49.952
36 49.9952 0.048 49.9472
44 50 0.048 49.952
30 50 0.048 49.952
25 50 0.048 49.952
