60 972
26 972
50 973
53 973
46 974
63 972
34 975
68 975
33 976
57 976
35 977
67 977
76 978
83 979
52 979
40 980
43 975
74 975
77 981
71 980
52 983
27 984
79 984
44 984
82 984
82 985
27 985
44 985
79 985
32 978
67 987
28 987
81 977
35 987
51 989
55 988
64 990
29 990
37 974
43 989
68 989
46 988
59 985
59 994
79 994
27 994
79 995
27 995
25 982
41 982
65 997
40 997
32 998
29 999
39 1000
53 1004
70 975
34 989
74 1006
51 1006
26 1008
70 989
43 1006
28 977
57 1005
81 987
68 1010
34 1010
30 1001
41 1003
37 988
51 1010
69 975
70 1006
68 1006
34 1006
56 992
60 1012
76 998
65 1001
46 1013
79 1014
38 972
45 1007
38 1007
63 1008
38 1008
26 1012
63 1012
38 1012
76 1018
80 993
28 993
67 993
35 1019
28 1019
47 991
43 1010
59 1020
77 1021
81 993
67 1019
34 1023
68 1023
37 1013
63 1024
26 1024
70 1010
51 975
62 1000
70 1026
50 1004
33 1005
53 1028
68 1030
34 1030
61 984
82 995
79 1020
27 1014
39 1031
78 1011
36 1002
46 1033
66 986
59 1000
31 973
50 1028
80 1004
79 1000
26 1032
38 1032
56 1027
51 1026
34 1026
62 1036
32 1018
80 1035
48 978
79 1037
59 1037
27 1000
53 1035
50 1035
65 1015
50 1040
53 1040
71 997
60 1024
30 1021
38 1041
26 1041
45 991
38 991
47 1043
45 1043
63 1032
76 1042
26 991
38 1043
42 982
41 1029
25 1003
40 1001
59 1045
65 1021
79 1045
51 1039
34 1038
51 1038
70 1030
79 1049
83 983
52 1016
83 1016
73 979
77 1034
71 1001
40 1021
53 1047
61 1014
82 1000
61 1000
68 1026
83 1026
27 1045
82 1045
25 1053
78 1002
44 994
66 1044
36 986
48 1050
31 1035
45 1054
28 1025
81 1019
67 1013
81 1013
52 1026
37 1033
65 1056
55 974
35 993
30 1034
46 1051
34 1057
50 1047
75 981
43 1023
68 1057
50 1058
37 993
71 1021
38 1052
63 991
