39 50 0.048 49.952
32 50 0.0048 49.9952
32 49.9952 0.048 49.9472
41 50 0.0048 49.9952
41 49.9952 0.048 49.9472
39 49.952 0.0096 49.9424
39 49.9424 0.16 49.7824
32 49.9472 0.016 49.9312
41 49.9472 0.016 49.9312
41 49.9312 0.016 49.9152
39 49.7824 0.0016 49.7808
41 49.9152 0.048 49.8672
32 49.9312 0.0048 49.9264
32 49.9264 0.048 49.8784
39 49.7808 0.0048 49.776
41 49.8672 0.0048 49.8624
41 49.8624 0.16 49.7024
32 49.8784 0.016 49.8624
32 49.8624 0.016 49.8464
41 49.7024 0.0016 49.7008
32 49.8464 0.048 49.7984
39 49.776 0.0048 49.7712
41 49.7008 0.0048 49.696
39 49.7712 0.016 49.7552
41 49.696 0.048 49.648
32 49.7984 0.0048 49.7936
39 49.7552 0.0048 49.7504
39 49.7504 0.048 49.7024
41 49.648 0.0048 49.6432
41 49.6432 0.16 49.4832
32 49.7936 0.016 49.7776
39 49.7024 0.016 49.6864
39 49.6864 0.016 49.6704
41 49.4832 0.0016 49.4816
39 49.6704 0.048 49.6224
32 49.7776 0.0048 49.7728
41 49.4816 0.0048 49.4768
32 50 0.048 49.952
41 49.6995 0.0048 49.6947
39 49.8698 0.048 49.8218
41 49.6947 0.0048 49.6899
32 50 0.048 49.952
41 50 0.0048 49.9952
39 50 0.048 49.952
41 49.9952 0.0048 49.9904
38 50 0.048 49.952
32 50 0.048 49.952
41 50 0.0048 49.9952
39 50 0.048 49.952
41 49.9952 0.0048 49.9904
38 50 0.048 49.952
43 50 0.048 49.952
32 50 0.048 49.952
41 50 0.0048 49.9952
39 50 0.048 49.952
41 49.9952 0.0048 49.9904
38 50 0.048 49.952
34 50 0.048 49.952
25 50 0.0048 49.9952
25 49.9952 0.048 49.9472
34 49.952 0.0048 49.9472
34 49.9472 0.16 49.7872
25 49.9472 0.016 49.9312
25 49.9312 0.016 49.9152
34 49.7872 0.0016 49.7856
25 49.9152 0.048 49.8672
34 49.7856 0.0048 49.7808
43 50 0.048 49.952
32 50 0.048 49.952
41 50 0.0048 49.9952
39 50 0.048 49.952
41 49.9952 0.0048 49.9904
38 50 0.048 49.952
25 50 0.048 49.952
34 50 0.0048 49.9952
43 50 0.048 49.952
31 50 0.0048 49.9952
31 49.9952 0.048 49.9472
43 49.952 0.0048 49.9472
43 49.9472 0.16 49.7872
31 49.9472 0.016 49.9312
31 49.9312 0.016 49.9152
43 49.7872 0.0016 49.7856
31 49.9152 0.048 49.8672
43 49.7856 0.0048 49.7808
42 50 0.048 49.952
32 50 0.048 49.952
41 50 0.0048 49.9952
39 50 0.048 49.952
38 50 0.048 49.952
25 50 0.048 49.952
34 50 0.0048 49.9952
31 50 0.048 49.952
42 50 0.048 49.952
32 50 0.048 49.952
41 50 0.0048 49.9952
39 50 0.048 49.952
41 49.9952 0.0048 49.9904
38 50 0.048 49.952
25 50 0.048 49.952
34 50 0.0048 49.9952
37 50 0.048 49.952
31 50 0.048 49.952
42 50 0.048 49.952
32 50 0.048 49.952
41 50 0.0048 49.9952
39 50 0.048 49.952
41 49.9952 0.0048 49.9904
38 50 0.048 49.952
25 50 0.048 49.952
34 50 0.0048 49.9952
37 50 0.048 49.952
31 50 0.048 49.952
42 50 0.048 49.952
32 50 0.048 49.952
41 50 0.0048 49.9952
39 50 0.048 49.952
41 49.9952 0.0048 49.9904
38 50 0.048 49.952
25 50 0.048 49.952
34 50 0.0048 49.9952
37 50 0.048 49.952
31 50 0.048 49.952
42 50 0.048 49.952
32 50 0.048 49.952
41 50 0.0048 49.9952
36 50 0.048 49.952
39 50 0.048 49.952
38 50 0.048 49.952
25 50 0.048 49.952
34 50 0.0048 49.9952
37 50 0.048 49.952
31 50 0.048 49.952
43 50 0.0048 49.9952
42 50 0.048 49.952
28 50 0.048 49.952
32 50 0.048 49.952
41 50 0.0048 49.9952
36 50 0.048 49.952
39 50 0.048 49.952
41 49.9952 0.0048 49.9904
27 50 0.048 49.952
38 50 0.048 49.952
25 50 0.048 49.952
34 50 0.0048 49.9952
37 50 0.048 49.952
31 50 0.048 49.952
42 50 0.048 49.952
28 50 0.048 49.952
32 50 0.048 49.952
41 50 0.0048 49.9952
36 50 0.048 49.952
39 50 0.048 49.952
32 49.952 0.0048 49.9472
41 49.9952 0.0048 49.9904
27 50 0.048 49.952
38 50 0.048 49.952
25 50 0.048 49.952
34 50 0.0048 49.9952
37 50 0.048 49.952
35 50 0.048 49.952
31 50 0.048 49.952
42 50 0.048 49.952
28 50 0.048 49.952
32 50 0.048 49.952
39 50 0.0048 49.9952
41 50 0.0048 49.9952
36 50 0.048 49.952
39 49.9952 0.048 49.9472
32 49.952 0.0048 49.9472
41 49.9952 0.0048 49.9904
27 50 0.048 49.952
38 50 0.048 49.952
25 50 0.048 49.952
34 50 0.0048 49.9952
37 50 0.048 49.952
35 50 0.048 49.952
31 50 0.048 49.952
42 50 0.048 49.952
28 50 0.048 49.952
44 50 0.0048 49.9952
44 49.9952 0.048 49.9472
28 49.952 0.0048 49.9472
28 49.9472 0.16 49.7872
44 49.9472 0.016 49.9312
44 49.9312 0.016 49.9152
28 49.7872 0.0016 49.7856
44 49.9152 0.048 49.8672
28 49.7856 0.0048 49.7808
29 50 0.048 49.952
26 50 0.0048 49.9952
26 49.9952 0.048 49.9472
29 49.952 0.0048 49.9472
29 49.9472 0.16 49.7872
26 49.9472 0.016 49.9312
26 49.9312 0.016 49.9152
29 49.7872 0.0016 49.7856
26 49.9152 0.048 49.8672
29 49.7856 0.0048 49.7808
34 50 0.0048 49.9952
34 49.9952 0.048 49.9472
26 49.8672 0.0048 49.8624
26 49.8624 0.16 49.7024
29 49.7808 0.016 49.7648
34 49.9472 0.016 49.9312
34 49.9312 0.016 49.9152
26 49.7024 0.0016 49.7008
34 49.9152 0.048 49.8672
25 50 0.0048 49.9952
26 49.7008 0.0048 49.696
32 50 0.048 49.952
39 50 0.0048 49.9952
41 50 0.0048 49.9952
36 50 0.048 49.952
39 49.9952 0.048 49.9472
32 49.952 0.0048 49.9472
41 49.9952 0.0048 49.9904
27 50 0.048 49.952
38 50 0.048 49.952
25 49.9952 0.048 49.9472
34 49.8672 0.0048 49.8624
37 50 0.048 49.952
35 50 0.048 49.952
31 50 0.048 49.952
42 50 0.048 49.952
33 50 0.048 49.952
44 50 0.048 49.952
28 49.9874 0.0048 49.9826
34 50 0.048 49.952
25 50 0.0048 49.9952
40 50 0.048 49.952
32 50 0.048 49.952
41 50 0.0048 49.9952
36 50 0.048 49.952
39 50 0.048 49.952
41 49.9952 0.0048 49.9904
27 50 0.048 49.952
38 50 0.048 49.952
25 49.9952 0.048 49.9472
34 49.952 0.0048 49.9472
37 50 0.048 49.952
35 50 0.048 49.952
31 50 0.048 49.952
42 50 0.048 49.952
33 50 0.048 49.952
30 50 0.048 49.952
44 50 0.048 49.952
28 50 0.0048 49.9952
34 50 0.048 49.952
25 50 0.0048 49.9952
40 50 0.048 49.952
32 50 0.048 49.952
39 50 0.0048 49.9952
41 50 0.0048 49.9952
36 50 0.048 49.952
39 49.9952 0.048 49.9472
32 49.952 0.0048 49.9472
27 50 0.048 49.952
38 50 0.048 49.952
25 49.9952 0.048 49.9472
34 49.952 0.0048 49.9472
37 50 0.048 49.952
35 50 0.048 49.952
31 50 0.048 49.952
42 50 0.048 49.952
33 50 0.048 49.952
30 50 0.048 49.952
44 50 0.048 49.952
28 50 0.0048 49.9952
34 50 0.048 49.952
25 50 0.0048 49.9952
40 50 0.048 49.952
26 50 0.048 49.952
29 50 0.0048 49.9952
29 49.9952 0.048 49.9472
26 49.952 0.0048 49.9472
26 49.9472 0.16 49.7872
29 49.9472 0.016 49.9312
29 49.9312 0.016 49.9152
26 49.7872 0.0016 49.7856
29 49.9152 0.048 49.8672
26 49.7856 0.0048 49.7808
32 50 0.048 49.952
39 50 0.0048 49.9952
41 50 0.0048 49.9952
36 50 0.048 49.952
39 49.9952 0.048 49.9472
32 49.952 0.0048 49.9472
27 50 0.048 49.952
38 50 0.048 49.952
25 49.9952 0.048 49.9472
34 49.952 0.0048 49.9472
37 50 0.048 49.952
35 50 0.048 49.952
31 50 0.048 49.952
43 50 0.0048 49.9952
42 50 0.048 49.952
33 50 0.048 49.952
30 50 0.048 49.952
44 50 0.048 49.952
34 50 0.048 49.952
25 50 0.0048 49.9952
29 49.8672 0.0048 49.8624
40 50 0.048 49.952
29 50 0.048 49.952
26 49.9723 0.0048 49.9675
34 49.952 0.0048 49.9472
32 50 0.048 49.952
39 50 0.0048 49.9952
36 50 0.048 49.952
39 49.9952 0.048 49.9472
32 49.952 0.0048 49.9472
27 50 0.048 49.952
38 50 0.048 49.952
25 49.9952 0.048 49.9472
34 49.9472 0.0048 49.9424
37 50 0.048 49.952
35 50 0.048 49.952
31 50 0.048 49.952
43 50 0.0048 49.9952
42 50 0.048 49.952
33 50 0.048 49.952
30 50 0.048 49.952
44 50 0.048 49.952
28 50 0.0048 49.9952
34 50 0.048 49.952
25 50 0.0048 49.9952
29 49.952 0.0048 49.9472
40 50 0.048 49.952
29 50 0.048 49.952
26 50 0.0048 49.9952
34 49.952 0.0048 49.9472
32 50 0.048 49.952
39 50 0.0048 49.9952
41 50 0.0048 49.9952
36 50 0.048 49.952
39 49.9952 0.048 49.9472
32 49.952 0.0048 49.9472
27 50 0.048 49.952
38 50 0.048 49.952
25 49.9952 0.048 49.9472
34 49.9472 0.0048 49.9424
37 50 0.048 49.952
35 50 0.048 49.952
31 50 0.048 49.952
42 50 0.048 49.952
33 50 0.048 49.952
30 50 0.048 49.952
44 50 0.048 49.952
34 50 0.048 49.952
25 50 0.0048 49.9952
26 50 0.0048 49.9952
29 49.952 0.0048 49.9472
40 50 0.048 49.952
29 50 0.048 49.952
26 49.9952 0.0048 49.9904
34 49.952 0.0048 49.9472
32 50 0.048 49.952
39 50 0.0048 49.9952
41 50 0.0048 49.9952
36 50 0.048 49.952
39 49.9952 0.048 49.9472
32 49.952 0.0048 49.9472
39 49.9472 0.0048 49.9424
39 49.9424 0.16 49.7824
39 49.7824 0.0016 49.7808
32 49.9472 0.016 49.9312
27 50 0.048 49.952
38 50 0.048 49.952
25 49.9952 0.048 49.9472
34 49.9472 0.0048 49.9424
37 50 0.048 49.952
35 50 0.048 49.952
31 50 0.048 49.952
42 50 0.048 49.952
33 50 0.048 49.952
30 50 0.048 49.952
44 50 0.048 49.952
28 50 0.0048 49.9952
34 50 0.048 49.952
25 50 0.0048 49.9952
26 50 0.0048 49.9952
40 50 0.048 49.952
29 50 0.048 49.952
26 49.9952 0.0048 49.9904
32 50 0.048 49.952
39 50 0.0048 49.9952
41 50 0.0048 49.9952
32 49.952 0.0048 49.9472
32 49.9472 0.16 49.7872
32 49.7872 0.0016 49.7856
39 49.9952 0.016 49.9792
41 49.9952 0.016 49.9792
36 50 0.048 49.952
27 50 0.048 49.952
38 50 0.048 49.952
25 49.9952 0.048 49.9472
26 49.9904 0.0048 49.9856
26 49.9856 0.048 49.9376
34 49.952 0.0048 49.9472
25 49.9472 0.0048 49.9424
25 49.9424 0.16 49.7824
26 49.9376 0.016 49.9216
26 49.9216 0.016 49.9056
25 49.7824 0.0016 49.7808
26 49.9056 0.048 49.8576
25 49.7808 0.0048 49.776
29 49.952 0.0048 49.9472
34 49.9472 0.0048 49.9424
34 49.9424 0.016 49.9264
37 50 0.048 49.952
35 50 0.048 49.952
31 50 0.048 49.952
42 50 0.048 49.952
33 50 0.048 49.952
30 50 0.048 49.952
44 50 0.048 49.952
28 50 0.0048 49.9952
34 50 0.048 49.952
25 50 0.0048 49.9952
25 49.9952 0.048 49.9472
26 50 0.0048 49.9952
29 49.9472 0.0048 49.9424
34 49.952 0.0048 49.9472
34 49.9472 0.16 49.7872
25 49.9472 0.016 49.9312
25 49.9312 0.016 49.9152
34 49.7872 0.0016 49.7856
25 49.9152 0.048 49.8672
26 49.9952 0.0048 49.9904
34 49.7856 0.0048 49.7808
26 49.9904 0.016 49.9744
29 49.9424 0.016 49.9264
40 50 0.048 49.952
29 50 0.048 49.952
26 49.9744 0.0048 49.9696
34 49.7808 0.0048 49.776
34 49.776 0.048 49.728
29 49.952 0.0048 49.9472
29 49.9472 0.16 49.7872
26 49.9696 0.016 49.9536
34 49.728 0.016 49.712
34 49.712 0.016 49.696
29 49.7872 0.0016 49.7856
34 49.696 0.048 49.648
25 49.8672 0.0048 49.8624
26 49.9536 0.0048 49.9488
29 49.7856 0.0048 49.7808
36 50 0.048 49.952
27 50 0.048 49.952
38 50 0.048 49.952
26 49.9488 0.048 49.9008
25 49.8624 0.0048 49.8576
29 49.7808 0.0048 49.776
29 49.776 0.048 49.728
34 49.648 0.0048 49.6432
26 49.9008 0.0048 49.896
26 49.896 0.16 49.736
25 49.8576 0.016 49.8416
29 49.728 0.016 49.712
29 49.712 0.016 49.696
26 49.736 0.0016 49.7344
29 49.696 0.048 49.648
26 49.7344 0.0048 49.7296
34 49.6432 0.0048 49.6384
34 49.6384 0.016 49.6224
37 50 0.048 49.952
35 50 0.048 49.952
31 50 0.048 49.952
42 50 0.048 49.952
33 50 0.048 49.952
30 50 0.048 49.952
44 50 0.048 49.952
25 49.976 0.048 49.928
34 50 0.0048 49.9952
40 50 0.048 49.952
34 49.9952 0.048 49.9472
25 49.928 0.0048 49.9232
26 50 0.0048 49.9952
36 50 0.048 49.952
27 50 0.048 49.952
38 50 0.048 49.952
29 49.9269 0.048 49.8789
37 50 0.048 49.952
35 50 0.048 49.952
31 50 0.048 49.952
42 50 0.048 49.952
33 50 0.048 49.952
30 50 0.048 49.952
44 50 0.048 49.952
25 50 0.048 49.952
26 50 0.0048 49.9952
34 50 0.0048 49.9952
40 50 0.048 49.952
34 49.9952 0.048 49.9472
25 49.952 0.0048 49.9472
26 49.9952 0.0048 49.9904
36 50 0.048 49.952
27 50 0.048 49.952
38 50 0.048 49.952
29 50 0.048 49.952
37 50 0.048 49.952
35 50 0.048 49.952
31 50 0.048 49.952
42 50 0.048 49.952
33 50 0.048 49.952
30 50 0.048 49.952
44 50 0.048 49.952
25 50 0.048 49.952
26 50 0.0048 49.9952
34 50 0.0048 49.9952
40 50 0.048 49.952
34 49.9952 0.048 49.9472
25 49.952 0.0048 49.9472
26 49.9952 0.0048 49.9904
36 50 0.048 49.952
27 50 0.0048 49.9952
27 49.9952 0.048 49.9472
36 49.952 0.0048 49.9472
38 50 0.048 49.952
29 50 0.048 49.952
37 50 0.048 49.952
35 50 0.048 49.952
31 50 0.048 49.952
42 50 0.048 49.952
33 50 0.048 49.952
30 50 0.048 49.952
44 50 0.048 49.952
25 50 0.048 49.952
26 50 0.0048 49.9952
34 50 0.0048 49.9952
40 50 0.048 49.952
34 49.9952 0.048 49.9472
25 49.952 0.0048 49.9472
26 49.9952 0.0048 49.9904
36 50 0.048 49.952
27 50 0.048 49.952
27 49.952 0.0048 49.9472
27 49.9472 0.16 49.7872
27 49.7872 0.0016 49.7856
38 50 0.048 49.952
29 50 0.048 49.952
37 50 0.048 49.952
35 50 0.048 49.952
31 50 0.048 49.952
42 50 0.048 49.952
33 50 0.048 49.952
30 50 0.048 49.952
44 50 0.048 49.952
25 50 0.048 49.952
26 50 0.0048 49.9952
34 50 0.0048 49.9952
40 50 0.048 49.952
34 49.9952 0.048 49.9472
25 49.952 0.0048 49.9472
26 49.9952 0.0048 49.9904
36 50 0.048 49.952
38 50 0.048 49.952
29 50 0.048 49.952
37 50 0.048 49.952
35 50 0.048 49.952
31 50 0.048 49.952
42 50 0.048 49.952
33 50 0.048 49.952
30 50 0.048 49.952
44 50 0.048 49.952
25 50 0.048 49.952
26 50 0.0048 49.9952
34 50 0.0048 49.9952
40 50 0.048 49.952
34 49.9952 0.048 49.9472
25 49.952 0.0048 49.9472
26 49.9952 0.0048 49.9904
36 50 0.048 49.952
38 50 0.048 49.952
29 50 0.048 49.952
34 49.9472 0.0048 49.9424
37 50 0.048 49.952
35 50 0.048 49.952
31 50 0.048 49.952
42 50 0.048 49.952
33 50 0.048 49.952
30 50 0.048 49.952
44 50 0.048 49.952
25 50 0.048 49.952
26 50 0.0048 49.9952
34 50 0.0048 49.9952
40 50 0.048 49.952
34 49.9952 0.048 49.9472
25 49.952 0.0048 49.9472
26 49.9952 0.0048 49.9904
29 50 0.0048 49.9952
36 50 0.048 49.952
38 50 0.048 49.952
29 49.9952 0.048 49.9472
26 49.9904 0.0048 49.9856
34 49.9472 0.0048 49.9424
37 50 0.048 49.952
35 50 0.048 49.952
31 50 0.048 49.952
42 50 0.048 49.952
33 50 0.048 49.952
30 50 0.048 49.952
44 50 0.048 49.952
25 50 0.048 49.952
26 50 0.0048 49.9952
40 50 0.048 49.952
34 50 0.048 49.952
29 50 0.0048 49.9952
36 50 0.048 49.952
38 50 0.048 49.952
38 49.952 0.0048 49.9472
38 49.9472 0.16 49.7872
38 49.7872 0.0016 49.7856
29 49.9952 0.048 49.9472
34 49.952 0.0048 49.9472
37 50 0.048 49.952
35 50 0.048 49.952
31 50 0.048 49.952
42 50 0.048 49.952
33 50 0.048 49.952
30 50 0.048 49.952
44 50 0.048 49.952
25 50 0.048 49.952
26 50 0.0048 49.9952
40 50 0.048 49.952
34 50 0.048 49.952
26 49.9952 0.0048 49.9904
36 50 0.048 49.952
29 50 0.048 49.952
37 50 0.048 49.952
35 50 0.048 49.952
31 50 0.048 49.952
42 50 0.048 49.952
33 50 0.048 49.952
30 50 0.048 49.952
44 50 0.048 49.952
25 50 0.048 49.952
26 50 0.0048 49.9952
40 50 0.048 49.952
34 50 0.048 49.952
26 49.9952 0.0048 49.9904
36 50 0.048 49.952
29 50 0.048 49.952
37 50 0.048 49.952
35 50 0.048 49.952
31 50 0.048 49.952
42 50 0.048 49.952
33 50 0.048 49.952
30 50 0.048 49.952
44 50 0.048 49.952
25 50 0.048 49.952
26 50 0.0048 49.9952
34 50 0.0048 49.9952
40 50 0.048 49.952
34 49.9952 0.048 49.9472
25 49.952 0.0048 49.9472
26 49.9952 0.0048 49.9904
36 50 0.048 49.952
29 50 0.048 49.952
37 50 0.048 49.952
35 50 0.048 49.952
31 50 0.048 49.952
42 50 0.048 49.952
33 50 0.048 49.952
30 50 0.048 49.952
44 50 0.048 49.952
25 50 0.048 49.952
26 50 0.0048 49.9952
34 50 0.0048 49.9952
40 50 0.048 49.952
34 49.9952 0.048 49.9472
25 49.952 0.0048 49.9472
26 49.9952 0.0048 49.9904
36 50 0.048 49.952
29 50 0.048 49.952
37 50 0.048 49.952
35 50 0.048 49.952
31 50 0.048 49.952
42 50 0.048 49.952
33 50 0.048 49.952
30 50 0.048 49.952
44 50 0.048 49.952
25 50 0.048 49.952
26 50 0.0048 49.9952
34 50 0.0048 49.9952
41 50 0.048 49.952
32 50 0.0048 49.9952
32 49.9952 0.048 49.9472
41 49.952 0.0048 49.9472
41 49.9472 0.16 49.7872
32 49.9472 0.016 49.9312
32 49.9312 0.016 49.9152
41 49.7872 0.0016 49.7856
32 49.9152 0.048 49.8672
39 50 0.0048 49.9952
39 49.9952 0.048 49.9472
41 49.7856 0.0048 49.7808
32 49.8672 0.0048 49.8624
32 49.8624 0.16 49.7024
39 49.9472 0.016 49.9312
39 49.9312 0.016 49.9152
32 49.7024 0.0016 49.7008
39 49.9152 0.048 49.8672
32 49.7008 0.0048 49.696
41 49.7808 0.016 49.7648
40 50 0.048 49.952
34 49.9952 0.048 49.9472
25 49.952 0.0048 49.9472
26 49.9952 0.0048 49.9904
36 50 0.048 49.952
29 50 0.048 49.952
37 50 0.048 49.952
35 50 0.048 49.952
31 50 0.048 49.952
42 50 0.048 49.952
33 50 0.048 49.952
30 50 0.048 49.952
44 50 0.048 49.952
25 50 0.048 49.952
26 50 0.0048 49.9952
34 50 0.0048 49.9952
39 50 0.048 49.952
32 50 0.0048 49.9952
40 50 0.048 49.952
34 49.9952 0.048 49.9472
25 49.952 0.0048 49.9472
26 49.9952 0.0048 49.9904
36 50 0.048 49.952
29 50 0.048 49.952
37 50 0.048 49.952
35 50 0.048 49.952
31 50 0.048 49.952
42 50 0.048 49.952
33 50 0.048 49.952
30 50 0.048 49.952
44 50 0.048 49.952
44 49.952 0.0048 49.9472
44 49.9472 0.16 49.7872
44 49.7872 0.0016 49.7856
25 50 0.048 49.952
26 50 0.0048 49.9952
34 50 0.0048 49.9952
39 50 0.048 49.952
32 50 0.0048 49.9952
40 50 0.048 49.952
34 49.9952 0.048 49.9472
25 49.952 0.0048 49.9472
26 49.9952 0.0048 49.9904
36 50 0.048 49.952
29 50 0.048 49.952
37 50 0.048 49.952
35 50 0.048 49.952
31 50 0.048 49.952
42 50 0.048 49.952
33 50 0.048 49.952
30 50 0.048 49.952
30 49.952 0.0048 49.9472
30 49.9472 0.16 49.7872
30 49.7872 0.0016 49.7856
25 50 0.048 49.952
26 50 0.0048 49.9952
34 50 0.0048 49.9952
39 50 0.048 49.952
32 50 0.0048 49.9952
40 50 0.048 49.952
34 49.9952 0.048 49.9472
25 49.952 0.0048 49.9472
26 49.9952 0.0048 49.9904
36 50 0.048 49.952
29 50 0.048 49.952
37 50 0.048 49.952
35 50 0.048 49.952
31 50 0.048 49.952
42 50 0.048 49.952
33 50 0.048 49.952
25 50 0.048 49.952
26 50 0.0048 49.9952
34 50 0.0048 49.9952
39 50 0.048 49.952
32 50 0.0048 49.9952
40 50 0.048 49.952
34 49.9952 0.048 49.9472
25 49.952 0.0048 49.9472
26 49.9952 0.0048 49.9904
36 50 0.048 49.952
29 50 0.048 49.952
37 50 0.048 49.952
35 50 0.048 49.952
31 50 0.048 49.952
42 50 0.048 49.952
33 50 0.048 49.952
25 50 0.048 49.952
26 50 0.0048 49.9952
34 50 0.0048 49.9952
39 50 0.048 49.952
32 50 0.0048 49.9952
40 50 0.048 49.952
34 49.9952 0.048 49.9472
25 49.952 0.0048 49.9472
26 49.9952 0.0048 49.9904
36 50 0.048 49.952
29 50 0.048 49.952
26 49.9904 0.0048 49.9856
37 50 0.048 49.952
35 50 0.048 49.952
31 50 0.048 49.952
42 50 0.048 49.952
33 50 0.048 49.952
25 50 0.048 49.952
34 50 0.0048 49.9952
39 50 0.048 49.952
32 50 0.0048 49.9952
40 50 0.048 49.952
34 49.9952 0.048 49.9472
25 49.952 0.0048 49.9472
26 50 0.0048 49.9952
29 50 0.0048 49.9952
36 50 0.048 49.952
29 49.9952 0.048 49.9472
26 49.9952 0.0048 49.9904
37 50 0.048 49.952
35 50 0.048 49.952
31 50 0.048 49.952
42 50 0.048 49.952
33 50 0.048 49.952
25 50 0.048 49.952
34 50 0.0048 49.9952
39 50 0.048 49.952
32 50 0.0048 49.9952
40 50 0.048 49.952
34 49.9952 0.048 49.9472
25 49.952 0.0048 49.9472
26 50 0.0048 49.9952
36 50 0.048 49.952
29 50 0.048 49.952
26 49.9952 0.0048 49.9904
37 50 0.048 49.952
35 50 0.048 49.952
31 50 0.048 49.952
42 50 0.048 49.952
33 50 0.048 49.952
25 50 0.048 49.952
39 50 0.048 49.952
32 50 0.0048 49.9952
40 50 0.048 49.952
34 50 0.048 49.952
26 50 0.0048 49.9952
36 50 0.048 49.952
29 50 0.048 49.952
26 49.9952 0.0048 49.9904
37 50 0.048 49.952
35 50 0.048 49.952
31 50 0.048 49.952
42 50 0.048 49.952
32 50 0.048 49.952
39 49.952 0.0048 49.9472
33 50 0.048 49.952
25 50 0.048 49.952
39 50 0.048 49.952
32 49.952 0.0048 49.9472
40 50 0.048 49.952
34 50 0.048 49.952
26 50 0.0048 49.9952
36 50 0.048 49.952
29 50 0.048 49.952
26 49.9952 0.0048 49.9904
37 50 0.048 49.952
35 50 0.048 49.952
31 50 0.048 49.952
42 50 0.048 49.952
32 50 0.048 49.952
39 49.952 0.0048 49.9472
33 50 0.048 49.952
26 50 0.048 49.952
34 50 0.0048 49.9952
25 50 0.048 49.952
34 49.9952 0.0048 49.9904
39 50 0.048 49.952
32 49.952 0.0048 49.9472
40 50 0.048 49.952
34 49.9904 0.048 49.9424
25 49.952 0.0048 49.9472
26 49.952 0.0048 49.9472
36 50 0.048 49.952
27 50 0.0048 49.9952
27 49.9952 0.048 49.9472
36 49.952 0.0048 49.9472
36 49.9472 0.16 49.7872
27 49.9472 0.016 49.9312
27 49.9312 0.016 49.9152
36 49.7872 0.0016 49.7856
27 49.9152 0.048 49.8672
36 49.7856 0.0048 49.7808
29 50 0.048 49.952
37 50 0.048 49.952
35 50 0.048 49.952
31 50 0.048 49.952
42 50 0.048 49.952
32 50 0.048 49.952
39 49.952 0.0048 49.9472
33 50 0.048 49.952
26 50 0.048 49.952
34 50 0.0048 49.9952
25 50 0.048 49.952
39 50 0.048 49.952
32 49.952 0.0048 49.9472
40 50 0.048 49.952
34 49.9952 0.048 49.9472
26 49.952 0.0048 49.9472
27 49.9825 0.048 49.9345
36 50 0.0048 49.9952
29 50 0.048 49.952
37 50 0.048 49.952
35 50 0.048 49.952
31 50 0.048 49.952
42 50 0.048 49.952
32 50 0.048 49.952
39 49.952 0.0048 49.9472
33 50 0.048 49.952
26 50 0.048 49.952
34 50 0.0048 49.9952
25 50 0.048 49.952
39 50 0.048 49.952
32 49.952 0.0048 49.9472
40 50 0.048 49.952
34 49.9952 0.048 49.9472
26 49.952 0.0048 49.9472
27 50 0.048 49.952
29 50 0.048 49.952
37 50 0.048 49.952
35 50 0.048 49.952
43 50 0.048 49.952
31 50 0.048 49.952
42 50 0.048 49.952
32 50 0.048 49.952
39 49.952 0.0048 49.9472
33 50 0.048 49.952
26 50 0.048 49.952
34 50 0.0048 49.9952
25 50 0.048 49.952
39 50 0.048 49.952
32 49.952 0.0048 49.9472
40 50 0.048 49.952
34 49.9952 0.048 49.9472
26 49.952 0.0048 49.9472
27 50 0.048 49.952
29 50 0.048 49.952
26 49.9472 0.0048 49.9424
37 50 0.048 49.952
35 50 0.048 49.952
43 50 0.048 49.952
31 50 0.048 49.952
42 50 0.048 49.952
32 50 0.048 49.952
39 49.952 0.0048 49.9472
33 50 0.048 49.952
26 50 0.048 49.952
29 49.952 0.0048 49.9472
34 50 0.0048 49.9952
25 50 0.048 49.952
39 50 0.048 49.952
40 50 0.048 49.952
34 49.9952 0.048 49.9472
26 49.952 0.0048 49.9472
27 50 0.048 49.952
29 50 0.048 49.952
26 49.9472 0.0048 49.9424
37 50 0.048 49.952
35 50 0.048 49.952
43 50 0.048 49.952
31 50 0.048 49.952
42 50 0.048 49.952
32 50 0.048 49.952
41 50 0.0048 49.9952
41 49.9952 0.048 49.9472
32 49.952 0.0048 49.9472
32 49.9472 0.16 49.7872
41 49.9472 0.016 49.9312
41 49.9312 0.016 49.9152
32 49.7872 0.0016 49.7856
41 49.9152 0.048 49.8672
32 49.7856 0.0048 49.7808
33 50 0.048 49.952
26 50 0.048 49.952
29 49.952 0.0048 49.9472
34 50 0.0048 49.9952
25 50 0.048 49.952
39 50 0.048 49.952
40 50 0.048 49.952
34 49.9952 0.048 49.9472
26 49.952 0.0048 49.9472
29 50 0.0048 49.9952
27 50 0.048 49.952
29 49.9952 0.048 49.9472
26 49.9472 0.0048 49.9424
34 49.9472 0.0048 49.9424
37 50 0.048 49.952
35 50 0.048 49.952
43 50 0.048 49.952
31 50 0.048 49.952
42 50 0.048 49.952
41 50 0.048 49.952
32 49.9103 0.0048 49.9055
33 50 0.048 49.952
26 50 0.048 49.952
29 49.9472 0.0048 49.9424
34 50 0.0048 49.9952
25 50 0.048 49.952
34 49.9952 0.0048 49.9904
39 50 0.048 49.952
40 50 0.048 49.952
34 49.9904 0.048 49.9424
25 49.952 0.0048 49.9472
26 49.952 0.0048 49.9472
29 50 0.0048 49.9952
27 50 0.048 49.952
29 49.9952 0.048 49.9472
26 49.9472 0.0048 49.9424
34 49.9424 0.0048 49.9376
37 50 0.048 49.952
35 50 0.048 49.952
43 50 0.048 49.952
31 50 0.048 49.952
42 50 0.048 49.952
41 50 0.048 49.952
32 50 0.0048 49.9952
33 50 0.048 49.952
26 50 0.048 49.952
29 49.9472 0.0048 49.9424
34 50 0.0048 49.9952
25 50 0.048 49.952
39 50 0.048 49.952
40 50 0.048 49.952
34 49.9952 0.048 49.9472
26 49.952 0.0048 49.9472
29 50 0.0048 49.9952
27 50 0.048 49.952
29 49.9952 0.048 49.9472
26 49.9472 0.0048 49.9424
34 49.9472 0.0048 49.9424
37 50 0.048 49.952
35 50 0.048 49.952
43 50 0.048 49.952
31 50 0.048 49.952
42 50 0.048 49.952
41 50 0.048 49.952
32 50 0.0048 49.9952
33 50 0.048 49.952
26 50 0.048 49.952
29 49.9472 0.0048 49.9424
34 50 0.0048 49.9952
25 50 0.048 49.952
39 50 0.048 49.952
40 50 0.048 49.952
34 49.9952 0.048 49.9472
26 49.952 0.0048 49.9472
29 50 0.0048 49.9952
27 50 0.048 49.952
29 49.9952 0.048 49.9472
26 49.9472 0.0048 49.9424
34 49.9472 0.0048 49.9424
37 50 0.048 49.952
35 50 0.048 49.952
43 50 0.048 49.952
31 50 0.048 49.952
42 50 0.048 49.952
41 50 0.048 49.952
33 50 0.048 49.952
26 50 0.048 49.952
29 49.9472 0.0048 49.9424
34 50 0.0048 49.9952
25 50 0.048 49.952
39 50 0.048 49.952
40 50 0.048 49.952
34 49.9952 0.048 49.9472
26 49.952 0.0048 49.9472
29 50 0.0048 49.9952
27 50 0.048 49.952
29 49.9952 0.048 49.9472
26 49.9472 0.0048 49.9424
34 49.9472 0.0048 49.9424
37 50 0.048 49.952
35 50 0.048 49.952
43 50 0.048 49.952
31 50 0.048 49.952
42 50 0.048 49.952
41 50 0.048 49.952
32 50 0.0048 49.9952
33 50 0.048 49.952
26 50 0.048 49.952
29 49.9472 0.0048 49.9424
34 50 0.0048 49.9952
25 50 0.048 49.952
39 50 0.048 49.952
40 50 0.048 49.952
34 49.9952 0.048 49.9472
26 49.952 0.0048 49.9472
29 50 0.0048 49.9952
27 50 0.048 49.952
29 49.9952 0.048 49.9472
26 49.9472 0.0048 49.9424
34 49.9472 0.0048 49.9424
37 50 0.048 49.952
35 50 0.048 49.952
43 50 0.048 49.952
31 50 0.048 49.952
42 50 0.048 49.952
41 50 0.048 49.952
32 50 0.0048 49.9952
33 50 0.048 49.952
26 50 0.048 49.952
29 49.9472 0.0048 49.9424
34 50 0.0048 49.9952
25 50 0.048 49.952
34 49.9952 0.0048 49.9904
39 50 0.048 49.952
40 50 0.048 49.952
34 49.9904 0.048 49.9424
25 49.952 0.0048 49.9472
27 50 0.048 49.952
29 50 0.048 49.952
26 49.952 0.0048 49.9472
37 50 0.048 49.952
35 50 0.048 49.952
43 50 0.048 49.952
31 50 0.048 49.952
42 50 0.048 49.952
41 50 0.048 49.952
32 50 0.0048 49.9952
33 50 0.048 49.952
26 50 0.048 49.952
29 49.952 0.0048 49.9472
25 50 0.048 49.952
34 50 0.0048 49.9952
39 50 0.048 49.952
40 50 0.048 49.952
34 49.9952 0.048 49.9472
25 49.952 0.0048 49.9472
27 50 0.048 49.952
29 50 0.048 49.952
26 49.952 0.0048 49.9472
37 50 0.048 49.952
35 50 0.048 49.952
43 50 0.048 49.952
31 50 0.048 49.952
42 50 0.048 49.952
41 50 0.048 49.952
33 50 0.048 49.952
26 50 0.048 49.952
29 49.952 0.0048 49.9472
25 50 0.048 49.952
34 50 0.0048 49.9952
39 50 0.048 49.952
32 50 0.0048 49.9952
40 50 0.048 49.952
34 49.9952 0.048 49.9472
25 49.952 0.0048 49.9472
27 50 0.048 49.952
29 50 0.048 49.952
26 49.952 0.0048 49.9472
37 50 0.048 49.952
35 50 0.048 49.952
43 50 0.048 49.952
28 50 0.048 49.952
44 50 0.0048 49.9952
44 49.9952 0.048 49.9472
28 49.952 0.0048 49.9472
28 49.9472 0.16 49.7872
44 49.9472 0.016 49.9312
44 49.9312 0.016 49.9152
28 49.7872 0.0016 49.7856
44 49.9152 0.048 49.8672
28 49.7856 0.0048 49.7808
31 50 0.048 49.952
42 50 0.048 49.952
41 50 0.048 49.952
33 50 0.048 49.952
26 50 0.048 49.952
29 49.952 0.0048 49.9472
25 50 0.048 49.952
34 50 0.0048 49.9952
39 50 0.048 49.952
32 50 0.0048 49.9952
40 50 0.048 49.952
34 49.9952 0.048 49.9472
25 49.952 0.0048 49.9472
27 50 0.048 49.952
29 50 0.048 49.952
26 49.952 0.0048 49.9472
37 50 0.048 49.952
35 50 0.048 49.952
43 50 0.048 49.952
44 50 0.048 49.952
28 50 0.0048 49.9952
31 50 0.048 49.952
42 50 0.048 49.952
41 50 0.048 49.952
33 50 0.048 49.952
26 50 0.048 49.952
29 49.952 0.0048 49.9472
25 50 0.048 49.952
34 50 0.0048 49.9952
39 50 0.048 49.952
32 50 0.0048 49.9952
40 50 0.048 49.952
34 49.9952 0.048 49.9472
25 49.952 0.0048 49.9472
27 50 0.048 49.952
29 50 0.048 49.952
26 49.952 0.0048 49.9472
37 50 0.048 49.952
35 50 0.048 49.952
43 50 0.048 49.952
44 50 0.048 49.952
28 50 0.0048 49.9952
31 50 0.048 49.952
42 50 0.048 49.952
41 50 0.048 49.952
33 50 0.048 49.952
26 50 0.048 49.952
29 49.952 0.0048 49.9472
38 50 0.048 49.952
25 50 0.048 49.952
34 50 0.0048 49.9952
39 50 0.048 49.952
32 50 0.0048 49.9952
40 50 0.048 49.952
34 49.9952 0.048 49.9472
25 49.952 0.0048 49.9472
27 50 0.048 49.952
29 50 0.048 49.952
26 49.952 0.0048 49.9472
37 50 0.048 49.952
35 50 0.048 49.952
43 50 0.048 49.952
44 50 0.048 49.952
28 50 0.0048 49.9952
31 50 0.048 49.952
42 50 0.048 49.952
41 50 0.048 49.952
33 50 0.048 49.952
26 50 0.048 49.952
29 49.952 0.0048 49.9472
38 50 0.048 49.952
25 50 0.048 49.952
34 50 0.0048 49.9952
39 50 0.048 49.952
32 50 0.0048 49.9952
40 50 0.048 49.952
34 49.9952 0.048 49.9472
25 49.952 0.0048 49.9472
27 50 0.048 49.952
29 50 0.048 49.952
26 49.952 0.0048 49.9472
37 50 0.048 49.952
35 50 0.048 49.952
43 50 0.048 49.952
44 50 0.048 49.952
28 50 0.0048 49.9952
31 50 0.048 49.952
42 50 0.048 49.952
41 50 0.048 49.952
33 50 0.048 49.952
26 50 0.048 49.952
29 49.952 0.0048 49.9472
38 50 0.048 49.952
25 50 0.048 49.952
34 50 0.0048 49.9952
39 50 0.048 49.952
32 50 0.0048 49.9952
40 50 0.048 49.952
34 49.9952 0.048 49.9472
25 49.952 0.0048 49.9472
27 50 0.048 49.952
29 50 0.048 49.952
26 49.952 0.0048 49.9472
37 50 0.048 49.952
35 50 0.048 49.952
43 50 0.048 49.952
44 50 0.048 49.952
28 50 0.0048 49.9952
31 50 0.048 49.952
42 50 0.048 49.952
41 50 0.048 49.952
33 50 0.048 49.952
26 50 0.048 49.952
29 49.952 0.0048 49.9472
34 50 0.0048 49.9952
38 50 0.048 49.952
25 50 0.048 49.952
34 49.9952 0.0048 49.9904
39 50 0.048 49.952
32 50 0.0048 49.9952
40 50 0.048 49.952
34 49.9904 0.048 49.9424
25 49.952 0.0048 49.9472
26 49.952 0.0048 49.9472
29 50 0.0048 49.9952
27 50 0.048 49.952
29 49.9952 0.048 49.9472
26 49.9472 0.0048 49.9424
34 49.9424 0.0048 49.9376
37 50 0.048 49.952
35 50 0.048 49.952
43 50 0.048 49.952
44 50 0.048 49.952
28 50 0.0048 49.9952
31 50 0.048 49.952
42 50 0.048 49.952
41 50 0.048 49.952
33 50 0.048 49.952
26 50 0.048 49.952
29 49.9472 0.0048 49.9424
34 50 0.0048 49.9952
38 50 0.048 49.952
25 50 0.048 49.952
29 49.9424 0.0048 49.9376
34 49.9952 0.0048 49.9904
39 50 0.048 49.952
32 50 0.0048 49.9952
40 50 0.048 49.952
34 49.9904 0.048 49.9424
25 49.952 0.0048 49.9472
26 49.952 0.0048 49.9472
29 50 0.0048 49.9952
27 50 0.048 49.952
29 49.9952 0.048 49.9472
25 49.9472 0.0048 49.9424
26 49.9472 0.0048 49.9424
34 49.9424 0.0048 49.9376
37 50 0.048 49.952
35 50 0.048 49.952
43 50 0.048 49.952
44 50 0.048 49.952
28 50 0.0048 49.9952
31 50 0.048 49.952
42 50 0.048 49.952
41 50 0.048 49.952
33 50 0.048 49.952
26 50 0.048 49.952
29 49.9472 0.0048 49.9424
34 50 0.0048 49.9952
38 50 0.048 49.952
25 50 0.048 49.952
34 49.9952 0.0048 49.9904
39 50 0.048 49.952
32 50 0.0048 49.9952
40 50 0.048 49.952
34 49.9904 0.048 49.9424
25 49.952 0.0048 49.9472
26 49.952 0.0048 49.9472
29 50 0.0048 49.9952
27 50 0.048 49.952
29 49.9952 0.048 49.9472
26 49.9472 0.0048 49.9424
34 49.9424 0.0048 49.9376
37 50 0.048 49.952
35 50 0.048 49.952
43 50 0.048 49.952
44 50 0.048 49.952
28 50 0.0048 49.9952
31 50 0.048 49.952
42 50 0.048 49.952
41 50 0.048 49.952
33 50 0.048 49.952
26 50 0.048 49.952
29 49.9472 0.0048 49.9424
34 50 0.0048 49.9952
38 50 0.048 49.952
25 50 0.048 49.952
34 49.9952 0.0048 49.9904
39 50 0.048 49.952
32 50 0.0048 49.9952
40 50 0.048 49.952
34 49.9904 0.048 49.9424
25 49.952 0.0048 49.9472
26 49.952 0.0048 49.9472
29 50 0.0048 49.9952
27 50 0.048 49.952
29 49.9952 0.048 49.9472
26 49.9472 0.0048 49.9424
34 49.9424 0.0048 49.9376
37 50 0.048 49.952
35 50 0.048 49.952
43 50 0.048 49.952
44 50 0.048 49.952
28 50 0.0048 49.9952
31 50 0.048 49.952
42 50 0.048 49.952
41 50 0.048 49.952
33 50 0.048 49.952
26 50 0.048 49.952
29 49.9472 0.0048 49.9424
34 50 0.0048 49.9952
26 49.952 0.0048 49.9472
26 49.9472 0.16 49.7872
26 49.7872 0.0016 49.7856
29 49.9424 0.016 49.9264
34 49.9952 0.016 49.9792
38 50 0.048 49.952
25 50 0.048 49.952
34 49.9792 0.0048 49.9744
39 50 0.048 49.952
32 50 0.0048 49.9952
40 50 0.048 49.952
34 49.9744 0.048 49.9264
25 49.952 0.0048 49.9472
29 50 0.0048 49.9952
34 49.9264 0.0048 49.9216
34 49.9216 0.16 49.7616
34 49.7616 0.0016 49.76
25 49.9472 0.016 49.9312
29 49.9952 0.016 49.9792
27 50 0.048 49.952
29 49.9792 0.048 49.9312
26 49.7856 0.0048 49.7808
34 49.76 0.0048 49.7552
29 49.9312 0.0048 49.9264
29 49.9264 0.16 49.7664
29 49.7664 0.0016 49.7648
26 49.7808 0.016 49.7648
34 49.7552 0.016 49.7392
37 50 0.048 49.952
35 50 0.048 49.952
43 50 0.048 49.952
44 50 0.048 49.952
28 50 0.0048 49.9952
31 50 0.048 49.952
42 50 0.048 49.952
41 50 0.048 49.952
33 50 0.048 49.952
38 50 0.048 49.952
25 50 0.048 49.952
34 50 0.0048 49.9952
39 50 0.048 49.952
32 50 0.0048 49.9952
40 50 0.048 49.952
27 50 0.048 49.952
37 50 0.048 49.952
35 50 0.048 49.952
43 50 0.048 49.952
44 50 0.048 49.952
28 50 0.0048 49.9952
31 50 0.048 49.952
42 50 0.048 49.952
41 50 0.048 49.952
33 50 0.048 49.952
38 50 0.048 49.952
25 50 0.048 49.952
29 49.9601 0.0048 49.9553
34 50 0.0048 49.9952
39 50 0.048 49.952
40 50 0.048 49.952
27 50 0.048 49.952
37 50 0.048 49.952
35 50 0.048 49.952
43 50 0.048 49.952
44 50 0.048 49.952
28 50 0.0048 49.9952
31 50 0.048 49.952
42 50 0.048 49.952
41 50 0.048 49.952
33 50 0.048 49.952
33 49.952 0.0048 49.9472
33 49.9472 0.16 49.7872
33 49.7872 0.0016 49.7856
38 50 0.048 49.952
25 50 0.048 49.952
29 50 0.0048 49.9952
34 50 0.0048 49.9952
39 50 0.048 49.952
40 50 0.048 49.952
27 50 0.048 49.952
37 50 0.048 49.952
35 50 0.048 49.952
43 50 0.048 49.952
44 50 0.048 49.952
28 50 0.0048 49.9952
31 50 0.048 49.952
42 50 0.048 49.952
41 50 0.048 49.952
38 50 0.048 49.952
25 50 0.048 49.952
29 50 0.0048 49.9952
34 50 0.0048 49.9952
39 50 0.048 49.952
32 50 0.0048 49.9952
40 50 0.048 49.952
27 50 0.048 49.952
37 50 0.048 49.952
35 50 0.048 49.952
43 50 0.048 49.952
44 50 0.048 49.952
28 50 0.0048 49.9952
31 50 0.048 49.952
42 50 0.048 49.952
41 50 0.048 49.952
38 50 0.048 49.952
25 50 0.048 49.952
29 50 0.0048 49.9952
34 50 0.0048 49.9952
39 50 0.048 49.952
32 50 0.0048 49.9952
39 49.952 0.0048 49.9472
39 49.9472 0.16 49.7872
39 49.7872 0.0016 49.7856
32 49.9952 0.016 49.9792
40 50 0.048 49.952
27 50 0.048 49.952
37 50 0.048 49.952
35 50 0.048 49.952
43 50 0.048 49.952
44 50 0.048 49.952
28 50 0.0048 49.9952
31 50 0.048 49.952
42 50 0.048 49.952
41 50 0.048 49.952
38 50 0.048 49.952
25 50 0.048 49.952
29 50 0.0048 49.9952
34 50 0.0048 49.9952
40 50 0.048 49.952
27 50 0.048 49.952
37 50 0.048 49.952
35 50 0.048 49.952
43 50 0.048 49.952
44 50 0.048 49.952
31 50 0.048 49.952
42 50 0.048 49.952
41 50 0.048 49.952
38 50 0.048 49.952
25 50 0.048 49.952
34 50 0.0048 49.9952
40 50 0.048 49.952
27 50 0.048 49.952
37 50 0.048 49.952
35 50 0.048 49.952
43 50 0.048 49.952
44 50 0.048 49.952
31 50 0.048 49.952
42 50 0.048 49.952
41 50 0.048 49.952
38 50 0.048 49.952
25 50 0.048 49.952
34 50 0.0048 49.9952
40 50 0.048 49.952
27 50 0.048 49.952
37 50 0.048 49.952
35 50 0.048 49.952
43 50 0.048 49.952
44 50 0.048 49.952
31 50 0.048 49.952
42 50 0.048 49.952
41 50 0.048 49.952
38 50 0.048 49.952
25 50 0.048 49.952
34 50 0.0048 49.9952
40 50 0.048 49.952
27 50 0.048 49.952
36 50 0.048 49.952
37 50 0.048 49.952
35 50 0.048 49.952
43 50 0.048 49.952
44 50 0.048 49.952
31 50 0.048 49.952
42 50 0.048 49.952
41 50 0.048 49.952
38 50 0.048 49.952
25 50 0.048 49.952
34 50 0.0048 49.9952
40 50 0.048 49.952
27 50 0.048 49.952
36 50 0.048 49.952
37 50 0.048 49.952
35 50 0.048 49.952
43 50 0.048 49.952
44 50 0.048 49.952
31 50 0.048 49.952
42 50 0.048 49.952
41 50 0.048 49.952
38 50 0.048 49.952
25 50 0.048 49.952
40 50 0.048 49.952
27 50 0.048 49.952
36 50 0.048 49.952
37 50 0.048 49.952
35 50 0.048 49.952
43 50 0.048 49.952
44 50 0.048 49.952
31 50 0.048 49.952
42 50 0.048 49.952
41 50 0.048 49.952
38 50 0.048 49.952
25 50 0.048 49.952
40 50 0.048 49.952
27 50 0.048 49.952
36 50 0.048 49.952
37 50 0.048 49.952
35 50 0.048 49.952
43 50 0.048 49.952
44 50 0.048 49.952
28 50 0.0048 49.9952
31 50 0.048 49.952
42 50 0.048 49.952
41 50 0.048 49.952
38 50 0.048 49.952
25 50 0.048 49.952
40 50 0.048 49.952
27 50 0.048 49.952
36 50 0.048 49.952
37 50 0.048 49.952
35 50 0.048 49.952
43 50 0.048 49.952
44 50 0.048 49.952
28 50 0.0048 49.9952
31 50 0.048 49.952
42 50 0.048 49.952
41 50 0.048 49.952
38 50 0.048 49.952
25 50 0.048 49.952
40 50 0.048 49.952
27 50 0.048 49.952
36 50 0.048 49.952
37 50 0.048 49.952
35 50 0.048 49.952
43 50 0.048 49.952
44 50 0.048 49.952
28 50 0.0048 49.9952
31 50 0.048 49.952
42 50 0.048 49.952
41 50 0.048 49.952
38 50 0.048 49.952
25 50 0.048 49.952
26 50 0.0048 49.9952
40 50 0.048 49.952
27 50 0.048 49.952
36 50 0.048 49.952
37 50 0.048 49.952
35 50 0.048 49.952
43 50 0.048 49.952
44 50 0.048 49.952
28 50 0.0048 49.9952
31 50 0.048 49.952
42 50 0.048 49.952
41 50 0.048 49.952
38 50 0.048 49.952
25 50 0.048 49.952
26 50 0.0048 49.9952
40 50 0.048 49.952
27 50 0.048 49.952
36 50 0.048 49.952
37 50 0.048 49.952
35 50 0.048 49.952
43 50 0.048 49.952
44 50 0.048 49.952
31 50 0.048 49.952
42 50 0.048 49.952
41 50 0.048 49.952
38 50 0.048 49.952
25 50 0.048 49.952
26 50 0.0048 49.9952
29 50 0.0048 49.9952
40 50 0.048 49.952
27 50 0.048 49.952
36 50 0.048 49.952
37 50 0.048 49.952
35 50 0.048 49.952
43 50 0.048 49.952
44 50 0.048 49.952
31 50 0.048 49.952
42 50 0.048 49.952
41 50 0.048 49.952
38 50 0.048 49.952
30 50 0.048 49.952
25 50 0.048 49.952
26 50 0.0048 49.9952
29 50 0.0048 49.9952
34 50 0.0048 49.9952
40 50 0.048 49.952
27 50 0.048 49.952
36 50 0.048 49.952
37 50 0.048 49.952
35 50 0.048 49.952
43 50 0.048 49.952
44 50 0.048 49.952
31 50 0.048 49.952
42 50 0.048 49.952
41 50 0.048 49.952
38 50 0.048 49.952
30 50 0.048 49.952
25 50 0.048 49.952
26 50 0.0048 49.9952
34 50 0.0048 49.9952
40 50 0.048 49.952
27 50 0.048 49.952
36 50 0.048 49.952
37 50 0.048 49.952
35 50 0.048 49.952
43 50 0.048 49.952
44 50 0.048 49.952
31 50 0.048 49.952
42 50 0.048 49.952
41 50 0.048 49.952
38 50 0.048 49.952
30 50 0.048 49.952
25 50 0.048 49.952
26 50 0.0048 49.9952
40 50 0.048 49.952
27 50 0.048 49.952
36 49.952 0.0048 49.9472
36 50 0.048 49.952
27 49.952 0.0048 49.9472
37 50 0.048 49.952
35 50 0.048 49.952
43 50 0.048 49.952
44 50 0.048 49.952
28 50 0.048 49.952
31 50 0.048 49.952
42 50 0.048 49.952
41 50 0.048 49.952
38 50 0.048 49.952
30 50 0.048 49.952
25 50 0.048 49.952
40 50 0.048 49.952
27 50 0.048 49.952
36 50 0.048 49.952
37 50 0.048 49.952
35 50 0.048 49.952
43 50 0.048 49.952
44 50 0.048 49.952
44 49.952 0.0048 49.9472
44 49.9472 0.16 49.7872
44 49.7872 0.0016 49.7856
28 50 0.048 49.952
31 50 0.048 49.952
42 50 0.048 49.952
41 50 0.048 49.952
32 50 0.0048 49.9952
38 50 0.048 49.952
30 50 0.048 49.952
25 50 0.048 49.952
40 50 0.048 49.952
27 50 0.048 49.952
36 50 0.048 49.952
37 50 0.048 49.952
35 50 0.048 49.952
43 50 0.048 49.952
28 50 0.048 49.952
31 50 0.048 49.952
42 50 0.048 49.952
41 50 0.048 49.952
32 50 0.0048 49.9952
38 50 0.048 49.952
30 50 0.048 49.952
25 50 0.048 49.952
40 50 0.048 49.952
27 50 0.048 49.952
36 50 0.048 49.952
37 50 0.048 49.952
35 50 0.048 49.952
43 50 0.048 49.952
28 50 0.048 49.952
31 50 0.048 49.952
42 50 0.048 49.952
41 50 0.048 49.952
32 50 0.0048 49.9952
38 50 0.048 49.952
30 50 0.048 49.952
25 50 0.048 49.952
40 50 0.048 49.952
27 50 0.048 49.952
36 50 0.048 49.952
37 50 0.048 49.952
35 50 0.048 49.952
43 50 0.048 49.952
28 50 0.048 49.952
44 50 0.0048 49.9952
44 49.9952 0.048 49.9472
28 49.952 0.0048 49.9472
28 49.9472 0.16 49.7872
44 49.9472 0.016 49.9312
44 49.9312 0.016 49.9152
28 49.7872 0.0016 49.7856
44 49.9152 0.048 49.8672
28 49.7856 0.0048 49.7808
31 50 0.048 49.952
42 50 0.048 49.952
41 50 0.048 49.952
32 50 0.0048 49.9952
38 50 0.048 49.952
30 50 0.048 49.952
25 50 0.048 49.952
40 50 0.048 49.952
27 50 0.048 49.952
32 49.9952 0.048 49.9472
41 50 0.0048 49.9952
36 50 0.048 49.952
37 50 0.048 49.952
35 50 0.048 49.952
43 50 0.048 49.952
44 50 0.048 49.952
28 49.9971 0.0048 49.9923
31 50 0.048 49.952
42 50 0.048 49.952
41 49.9952 0.048 49.9472
32 50 0.0048 49.9952
38 50 0.048 49.952
30 50 0.048 49.952
25 50 0.048 49.952
40 50 0.048 49.952
27 50 0.048 49.952
32 49.9952 0.048 49.9472
41 50 0.0048 49.9952
36 50 0.048 49.952
37 50 0.048 49.952
35 50 0.048 49.952
43 50 0.048 49.952
44 50 0.048 49.952
28 50 0.0048 49.9952
31 50 0.048 49.952
42 50 0.048 49.952
41 49.9952 0.048 49.9472
32 50 0.0048 49.9952
38 50 0.048 49.952
30 50 0.048 49.952
25 50 0.048 49.952
40 50 0.048 49.952
27 50 0.048 49.952
32 49.9952 0.048 49.9472
41 50 0.0048 49.9952
36 50 0.048 49.952
37 50 0.048 49.952
35 50 0.048 49.952
43 50 0.048 49.952
44 50 0.048 49.952
28 50 0.0048 49.9952
31 50 0.048 49.952
42 50 0.048 49.952
41 49.9952 0.048 49.9472
32 50 0.0048 49.9952
38 50 0.048 49.952
30 50 0.048 49.952
25 50 0.048 49.952
40 50 0.048 49.952
27 50 0.048 49.952
32 49.9952 0.048 49.9472
41 50 0.0048 49.9952
36 50 0.048 49.952
37 50 0.048 49.952
42 50 0.0048 49.9952
35 50 0.048 49.952
43 50 0.048 49.952
44 50 0.048 49.952
28 50 0.0048 49.9952
31 50 0.048 49.952
42 49.9952 0.048 49.9472
37 49.952 0.0048 49.9472
41 49.9952 0.048 49.9472
32 50 0.0048 49.9952
38 50 0.048 49.952
30 50 0.048 49.952
25 50 0.048 49.952
29 50 0.0048 49.9952
40 50 0.048 49.952
27 50 0.048 49.952
32 49.9952 0.048 49.9472
41 50 0.0048 49.9952
36 50 0.048 49.952
37 50 0.048 49.952
35 50 0.048 49.952
43 50 0.048 49.952
44 50 0.048 49.952
31 50 0.048 49.952
42 50 0.048 49.952
41 49.9952 0.048 49.9472
32 50 0.0048 49.9952
38 50 0.048 49.952
30 50 0.048 49.952
25 50 0.048 49.952
40 50 0.048 49.952
27 50 0.048 49.952
32 49.9952 0.048 49.9472
41 50 0.0048 49.9952
36 50 0.048 49.952
37 50 0.048 49.952
35 50 0.048 49.952
43 50 0.048 49.952
44 50 0.048 49.952
28 50 0.0048 49.9952
31 50 0.048 49.952
42 50 0.048 49.952
41 49.9952 0.048 49.9472
32 50 0.0048 49.9952
38 50 0.048 49.952
30 50 0.048 49.952
25 50 0.048 49.952
40 50 0.048 49.952
27 50 0.048 49.952
32 49.9952 0.048 49.9472
41 50 0.0048 49.9952
36 50 0.048 49.952
26 50 0.048 49.952
29 50 0.0048 49.9952
29 49.9952 0.048 49.9472
34 50 0.0048 49.9952
34 49.9952 0.048 49.9472
26 49.952 0.0096 49.9424
26 49.9424 0.16 49.7824
29 49.9472 0.016 49.9312
34 49.9472 0.016 49.9312
34 49.9312 0.016 49.9152
26 49.7824 0.0016 49.7808
34 49.9152 0.048 49.8672
26 49.7808 0.0048 49.776
29 49.9312 0.0048 49.9264
29 49.9264 0.048 49.8784
34 49.8672 0.0048 49.8624
34 49.8624 0.16 49.7024
26 49.776 0.016 49.76
29 49.8784 0.016 49.8624
29 49.8624 0.016 49.8464
34 49.7024 0.0016 49.7008
29 49.8464 0.048 49.7984
26 49.76 0.0048 49.7552
34 49.7008 0.0048 49.696
37 50 0.048 49.952
35 50 0.048 49.952
43 50 0.048 49.952
44 50 0.048 49.952
28 50 0.0048 49.9952
31 50 0.048 49.952
42 50 0.048 49.952
41 49.9952 0.048 49.9472
32 50 0.0048 49.9952
38 50 0.048 49.952
30 50 0.048 49.952
25 50 0.048 49.952
34 49.8105 0.0048 49.8057
40 50 0.048 49.952
27 50 0.048 49.952
32 49.9952 0.048 49.9472
41 50 0.0048 49.9952
36 50 0.048 49.952
29 50 0.048 49.952
26 49.8802 0.0048 49.8754
34 49.8057 0.0048 49.8009
37 50 0.048 49.952
35 50 0.048 49.952
43 50 0.048 49.952
44 50 0.048 49.952
28 50 0.0048 49.9952
31 50 0.048 49.952
42 50 0.048 49.952
41 49.9952 0.048 49.9472
38 50 0.048 49.952
30 50 0.048 49.952
25 50 0.048 49.952
40 50 0.048 49.952
27 50 0.048 49.952
32 50 0.048 49.952
36 50 0.048 49.952
29 50 0.048 49.952
26 50 0.0048 49.9952
37 50 0.048 49.952
35 50 0.048 49.952
43 50 0.048 49.952
44 50 0.048 49.952
28 50 0.0048 49.9952
31 50 0.048 49.952
42 50 0.048 49.952
41 50 0.048 49.952
32 50 0.0048 49.9952
38 50 0.048 49.952
30 50 0.048 49.952
25 50 0.048 49.952
40 50 0.048 49.952
27 50 0.048 49.952
32 49.9952 0.048 49.9472
41 50 0.0048 49.9952
36 50 0.048 49.952
29 50 0.048 49.952
37 50 0.048 49.952
42 50 0.0048 49.9952
35 50 0.048 49.952
43 50 0.048 49.952
44 50 0.048 49.952
28 50 0.0048 49.9952
31 50 0.048 49.952
42 49.9952 0.048 49.9472
37 49.952 0.0048 49.9472
41 49.9952 0.048 49.9472
32 50 0.0048 49.9952
38 50 0.048 49.952
30 50 0.048 49.952
25 50 0.048 49.952
40 50 0.048 49.952
27 50 0.048 49.952
32 49.9952 0.048 49.9472
36 50 0.048 49.952
29 50 0.048 49.952
26 50 0.0048 49.9952
37 50 0.048 49.952
42 50 0.0048 49.9952
35 50 0.048 49.952
43 50 0.048 49.952
44 50 0.048 49.952
28 50 0.0048 49.9952
31 50 0.048 49.952
42 49.9952 0.048 49.9472
37 49.952 0.0048 49.9472
41 50 0.048 49.952
38 50 0.048 49.952
30 50 0.048 49.952
25 50 0.048 49.952
26 50 0.0048 49.9952
40 50 0.048 49.952
27 50 0.048 49.952
32 50 0.048 49.952
36 50 0.048 49.952
29 50 0.048 49.952
37 50 0.048 49.952
42 50 0.0048 49.9952
35 50 0.048 49.952
43 50 0.048 49.952
44 50 0.048 49.952
28 50 0.0048 49.9952
31 50 0.048 49.952
42 49.9952 0.048 49.9472
37 49.952 0.0048 49.9472
41 50 0.048 49.952
38 50 0.048 49.952
30 50 0.048 49.952
25 50 0.048 49.952
26 50 0.0048 49.9952
40 50 0.048 49.952
27 50 0.048 49.952
32 50 0.048 49.952
36 50 0.048 49.952
29 50 0.048 49.952
37 50 0.048 49.952
42 50 0.0048 49.9952
35 50 0.048 49.952
43 50 0.048 49.952
44 50 0.048 49.952
28 50 0.0048 49.9952
31 50 0.048 49.952
42 49.9952 0.048 49.9472
37 49.952 0.0048 49.9472
41 50 0.048 49.952
38 50 0.048 49.952
30 50 0.048 49.952
25 50 0.048 49.952
26 50 0.0048 49.9952
40 50 0.048 49.952
27 50 0.048 49.952
32 50 0.048 49.952
36 50 0.048 49.952
29 50 0.048 49.952
37 50 0.048 49.952
42 50 0.0048 49.9952
35 50 0.048 49.952
43 50 0.048 49.952
44 50 0.048 49.952
28 50 0.0048 49.9952
31 50 0.048 49.952
42 49.9952 0.048 49.9472
37 49.952 0.0048 49.9472
41 50 0.048 49.952
32 50 0.0048 49.9952
38 50 0.048 49.952
30 50 0.048 49.952
25 50 0.048 49.952
26 50 0.0048 49.9952
40 50 0.048 49.952
27 50 0.048 49.952
32 49.9952 0.048 49.9472
41 50 0.0048 49.9952
36 50 0.048 49.952
29 50 0.048 49.952
37 50 0.048 49.952
42 50 0.0048 49.9952
35 50 0.048 49.952
43 50 0.048 49.952
44 50 0.048 49.952
28 50 0.0048 49.9952
31 50 0.048 49.952
33 50 0.048 49.952
42 49.9952 0.048 49.9472
37 49.952 0.0048 49.9472
41 49.9952 0.048 49.9472
32 50 0.0048 49.9952
38 50 0.048 49.952
30 50 0.048 49.952
25 50 0.048 49.952
26 50 0.0048 49.9952
40 50 0.048 49.952
27 50 0.048 49.952
32 49.9952 0.048 49.9472
36 50 0.048 49.952
29 50 0.048 49.952
37 50 0.048 49.952
35 50 0.048 49.952
43 50 0.048 49.952
43 49.952 0.0048 49.9472
43 49.9472 0.16 49.7872
43 49.7872 0.0016 49.7856
44 50 0.048 49.952
28 50 0.0048 49.9952
31 50 0.048 49.952
33 50 0.048 49.952
42 50 0.048 49.952
41 50 0.048 49.952
38 50 0.048 49.952
30 50 0.048 49.952
25 50 0.048 49.952
40 50 0.048 49.952
27 50 0.048 49.952
32 50 0.048 49.952
36 50 0.048 49.952
29 50 0.048 49.952
37 50 0.048 49.952
35 50 0.048 49.952
44 50 0.048 49.952
28 50 0.0048 49.9952
31 50 0.048 49.952
31 49.952 0.0048 49.9472
31 49.9472 0.16 49.7872
31 49.7872 0.0016 49.7856
33 50 0.048 49.952
42 50 0.048 49.952
41 50 0.048 49.952
38 50 0.048 49.952
30 50 0.048 49.952
25 50 0.048 49.952
34 50 0.0048 49.9952
40 50 0.048 49.952
27 50 0.048 49.952
32 50 0.048 49.952
36 50 0.048 49.952
29 50 0.048 49.952
37 50 0.048 49.952
35 50 0.048 49.952
44 50 0.048 49.952
28 50 0.0048 49.9952
33 50 0.048 49.952
42 50 0.048 49.952
41 50 0.048 49.952
38 50 0.048 49.952
30 50 0.048 49.952
39 50 0.048 49.952
25 50 0.048 49.952
40 50 0.048 49.952
27 50 0.048 49.952
32 50 0.048 49.952
36 50 0.048 49.952
29 50 0.048 49.952
37 50 0.048 49.952
35 50 0.048 49.952
44 50 0.048 49.952
28 50 0.0048 49.9952
33 50 0.048 49.952
42 50 0.048 49.952
41 50 0.048 49.952
38 50 0.048 49.952
30 50 0.048 49.952
39 50 0.048 49.952
25 50 0.048 49.952
34 50 0.0048 49.9952
40 50 0.048 49.952
27 50 0.048 49.952
32 50 0.048 49.952
36 50 0.048 49.952
29 50 0.048 49.952
37 50 0.048 49.952
35 50 0.048 49.952
44 50 0.048 49.952
28 50 0.0048 49.9952
33 50 0.048 49.952
42 50 0.048 49.952
41 50 0.048 49.952
38 50 0.048 49.952
30 50 0.048 49.952
39 50 0.048 49.952
25 50 0.048 49.952
34 50 0.0048 49.9952
40 50 0.048 49.952
27 50 0.048 49.952
32 50 0.048 49.952
36 50 0.048 49.952
29 50 0.048 49.952
37 50 0.048 49.952
35 50 0.048 49.952
44 50 0.048 49.952
28 50 0.0048 49.9952
33 50 0.048 49.952
42 50 0.048 49.952
41 50 0.048 49.952
38 50 0.048 49.952
30 50 0.048 49.952
39 50 0.048 49.952
25 50 0.048 49.952
34 50 0.0048 49.9952
40 50 0.048 49.952
27 50 0.048 49.952
32 50 0.048 49.952
36 50 0.048 49.952
29 50 0.048 49.952
37 50 0.048 49.952
35 50 0.048 49.952
44 50 0.048 49.952
28 50 0.0048 49.9952
33 50 0.048 49.952
42 50 0.048 49.952
41 50 0.048 49.952
38 50 0.048 49.952
30 50 0.048 49.952
39 50 0.048 49.952
25 50 0.048 49.952
34 50 0.0048 49.9952
40 50 0.048 49.952
27 50 0.048 49.952
32 50 0.048 49.952
36 50 0.048 49.952
29 50 0.048 49.952
37 50 0.048 49.952
35 50 0.048 49.952
44 50 0.048 49.952
28 50 0.0048 49.9952
33 50 0.048 49.952
42 50 0.048 49.952
41 50 0.048 49.952
38 50 0.048 49.952
30 50 0.048 49.952
39 50 0.048 49.952
25 50 0.048 49.952
26 50 0.0048 49.9952
34 50 0.0048 49.9952
40 50 0.048 49.952
27 50 0.048 49.952
32 50 0.048 49.952
36 50 0.048 49.952
29 50 0.048 49.952
37 50 0.048 49.952
35 50 0.048 49.952
44 50 0.048 49.952
28 50 0.0048 49.9952
33 50 0.048 49.952
42 50 0.048 49.952
41 50 0.048 49.952
38 50 0.048 49.952
30 50 0.048 49.952
39 50 0.048 49.952
25 50 0.048 49.952
26 50 0.0048 49.9952
34 50 0.0048 49.9952
40 50 0.048 49.952
27 50 0.048 49.952
32 50 0.048 49.952
36 50 0.048 49.952
29 50 0.048 49.952
37 50 0.048 49.952
35 50 0.048 49.952
44 50 0.048 49.952
33 50 0.048 49.952
42 50 0.048 49.952
41 50 0.048 49.952
34 50 0.048 49.952
38 50 0.048 49.952
30 50 0.048 49.952
39 50 0.048 49.952
25 50 0.048 49.952
26 50 0.0048 49.9952
40 50 0.048 49.952
27 50 0.048 49.952
32 50 0.048 49.952
36 50 0.048 49.952
29 50 0.048 49.952
37 50 0.048 49.952
35 50 0.048 49.952
44 50 0.048 49.952
33 50 0.048 49.952
42 50 0.048 49.952
41 50 0.048 49.952
34 50 0.048 49.952
38 50 0.048 49.952
30 50 0.048 49.952
39 50 0.048 49.952
25 50 0.048 49.952
26 50 0.0048 49.9952
40 50 0.048 49.952
27 50 0.048 49.952
32 50 0.048 49.952
36 50 0.048 49.952
29 50 0.048 49.952
37 50 0.048 49.952
35 50 0.048 49.952
44 50 0.048 49.952
28 50 0.0048 49.9952
33 50 0.048 49.952
42 50 0.048 49.952
41 50 0.048 49.952
34 50 0.048 49.952
38 50 0.048 49.952
30 50 0.048 49.952
39 50 0.048 49.952
25 50 0.048 49.952
26 50 0.0048 49.9952
40 50 0.048 49.952
27 50 0.048 49.952
32 50 0.048 49.952
36 50 0.048 49.952
29 50 0.048 49.952
37 50 0.048 49.952
35 50 0.048 49.952
44 50 0.048 49.952
28 50 0.0048 49.9952
33 50 0.048 49.952
42 50 0.048 49.952
41 50 0.048 49.952
34 50 0.048 49.952
25 49.952 0.0048 49.9472
38 50 0.048 49.952
30 50 0.048 49.952
39 50 0.048 49.952
25 50 0.048 49.952
26 50 0.0048 49.9952
34 49.952 0.0048 49.9472
25 49.952 0.0048 49.9472
25 49.9472 0.16 49.7872
25 49.7872 0.0016 49.7856
26 49.9952 0.016 49.9792
34 49.9472 0.016 49.9312
40 50 0.048 49.952
27 50 0.048 49.952
32 50 0.048 49.952
36 50 0.048 49.952
29 50 0.048 49.952
26 49.9792 0.0048 49.9744
37 50 0.048 49.952
35 50 0.048 49.952
44 50 0.048 49.952
28 50 0.0048 49.9952
33 50 0.048 49.952
42 50 0.048 49.952
41 50 0.048 49.952
32 50 0.0048 49.9952
34 50 0.048 49.952
25 49.7856 0.0048 49.7808
25 49.7808 0.048 49.7328
34 49.952 0.0048 49.9472
34 49.9472 0.16 49.7872
25 49.7328 0.016 49.7168
25 49.7168 0.016 49.7008
34 49.7872 0.0016 49.7856
25 49.7008 0.048 49.6528
26 50 0.0048 49.9952
26 49.9952 0.048 49.9472
29 49.952 0.0048 49.9472
34 49.7856 0.0048 49.7808
25 49.6528 0.0048 49.648
25 49.648 0.16 49.488
26 49.9472 0.016 49.9312
26 49.9312 0.016 49.9152
25 49.488 0.0016 49.4864
26 49.9152 0.048 49.8672
25 49.4864 0.0048 49.4816
29 49.9472 0.0048 49.9424
29 49.9424 0.016 49.9264
34 49.7808 0.016 49.7648
38 50 0.048 49.952
30 50 0.048 49.952
39 50 0.048 49.952
40 50 0.048 49.952
27 50 0.048 49.952
32 49.9952 0.048 49.9472
41 50 0.0048 49.9952
36 50 0.048 49.952
29 50 0.048 49.952
25 49.8548 0.0048 49.85
25 49.85 0.048 49.802
26 49.8672 0.0048 49.8624
29 49.952 0.0048 49.9472
29 49.9472 0.16 49.7872
25 49.802 0.016 49.786
25 49.786 0.016 49.77
29 49.7872 0.0016 49.7856
25 49.77 0.048 49.722
26 49.8624 0.0048 49.8576
29 49.7856 0.0048 49.7808
34 49.7648 0.0048 49.76
26 49.8576 0.016 49.8416
37 50 0.048 49.952
35 50 0.048 49.952
44 50 0.048 49.952
28 50 0.0048 49.9952
33 50 0.048 49.952
42 50 0.048 49.952
41 49.9952 0.048 49.9472
32 50 0.0048 49.9952
26 50 0.048 49.952
25 49.722 0.0048 49.7172
29 49.7808 0.0048 49.776
29 49.776 0.048 49.728
26 49.952 0.0048 49.9472
26 49.9472 0.16 49.7872
25 49.7172 0.016 49.7012
29 49.728 0.016 49.712
29 49.712 0.016 49.696
26 49.7872 0.0016 49.7856
29 49.696 0.048 49.648
25 49.7012 0.0048 49.6964
26 49.7856 0.0048 49.7808
38 50 0.048 49.952
30 50 0.048 49.952
39 50 0.048 49.952
40 50 0.048 49.952
27 50 0.048 49.952
32 49.9952 0.048 49.9472
41 50 0.0048 49.9952
36 50 0.048 49.952
25 50 0.048 49.952
26 49.7808 0.0048 49.776
29 49.7856 0.0048 49.7808
34 50 0.0048 49.9952
37 50 0.048 49.952
35 50 0.048 49.952
44 50 0.048 49.952
28 50 0.0048 49.9952
33 50 0.048 49.952
42 50 0.048 49.952
41 49.9952 0.048 49.9472
32 50 0.0048 49.9952
29 49.7808 0.048 49.7328
25 49.952 0.0048 49.9472
26 50 0.0048 49.9952
38 50 0.048 49.952
30 50 0.048 49.952
39 50 0.048 49.952
40 50 0.048 49.952
27 50 0.048 49.952
32 49.9952 0.048 49.9472
41 50 0.0048 49.9952
36 50 0.048 49.952
25 50 0.048 49.952
26 49.9952 0.0048 49.9904
29 50 0.0048 49.9952
34 50 0.0048 49.9952
37 50 0.048 49.952
35 50 0.048 49.952
44 50 0.048 49.952
28 50 0.0048 49.9952
33 50 0.048 49.952
42 50 0.048 49.952
41 49.9952 0.048 49.9472
32 50 0.0048 49.9952
29 49.9952 0.048 49.9472
25 49.952 0.0048 49.9472
26 50 0.0048 49.9952
38 50 0.048 49.952
30 50 0.048 49.952
39 50 0.048 49.952
39 49.952 0.0048 49.9472
39 49.9472 0.16 49.7872
39 49.7872 0.0016 49.7856
40 50 0.048 49.952
27 50 0.048 49.952
32 49.9952 0.048 49.9472
36 50 0.048 49.952
25 50 0.048 49.952
26 49.9952 0.0048 49.9904
29 50 0.0048 49.9952
34 50 0.0048 49.9952
37 50 0.048 49.952
35 50 0.048 49.952
44 50 0.048 49.952
28 50 0.0048 49.9952
33 50 0.048 49.952
42 50 0.048 49.952
41 50 0.048 49.952
41 49.952 0.0048 49.9472
41 49.9472 0.16 49.7872
41 49.7872 0.0016 49.7856
29 49.9952 0.048 49.9472
25 49.952 0.0048 49.9472
26 50 0.0048 49.9952
38 50 0.048 49.952
30 50 0.048 49.952
40 50 0.048 49.952
27 50 0.048 49.952
32 50 0.048 49.952
41 50 0.0048 49.9952
41 49.9952 0.048 49.9472
32 49.952 0.0048 49.9472
32 49.9472 0.16 49.7872
41 49.9472 0.016 49.9312
41 49.9312 0.016 49.9152
32 49.7872 0.0016 49.7856
41 49.9152 0.048 49.8672
32 49.7856 0.0048 49.7808
41 49.8672 0.0048 49.8624
41 49.8624 0.16 49.7024
41 49.7024 0.0016 49.7008
32 49.7808 0.016 49.7648
36 50 0.048 49.952
25 50 0.048 49.952
29 50 0.0048 49.9952
34 50 0.0048 49.9952
37 50 0.048 49.952
35 50 0.048 49.952
44 50 0.048 49.952
28 50 0.0048 49.9952
33 50 0.048 49.952
42 50 0.048 49.952
29 49.9952 0.048 49.9472
25 49.952 0.0048 49.9472
26 50 0.0048 49.9952
38 50 0.048 49.952
30 50 0.048 49.952
40 50 0.048 49.952
27 50 0.048 49.952
36 49.952 0.0048 49.9472
36 50 0.048 49.952
27 49.952 0.0048 49.9472
25 50 0.048 49.952
29 50 0.0048 49.9952
34 50 0.0048 49.9952
37 50 0.048 49.952
35 50 0.048 49.952
44 50 0.048 49.952
28 50 0.0048 49.9952
33 50 0.048 49.952
42 50 0.048 49.952
29 49.9952 0.048 49.9472
25 49.952 0.0048 49.9472
26 50 0.0048 49.9952
38 50 0.048 49.952
30 50 0.048 49.952
40 50 0.048 49.952
40 49.952 0.0048 49.9472
40 49.9472 0.16 49.7872
40 49.7872 0.0016 49.7856
27 50 0.048 49.952
36 50 0.048 49.952
25 50 0.048 49.952
29 50 0.0048 49.9952
37 50 0.048 49.952
35 50 0.048 49.952
44 50 0.048 49.952
28 50 0.0048 49.9952
33 50 0.048 49.952
42 50 0.048 49.952
29 49.9952 0.048 49.9472
25 49.952 0.0048 49.9472
26 50 0.0048 49.9952
38 50 0.048 49.952
30 50 0.048 49.952
27 50 0.048 49.952
36 49.952 0.0048 49.9472
36 50 0.048 49.952
27 49.952 0.0048 49.9472
25 50 0.048 49.952
29 50 0.0048 49.9952
34 50 0.0048 49.9952
37 50 0.048 49.952
35 50 0.048 49.952
44 50 0.048 49.952
28 50 0.0048 49.9952
33 50 0.048 49.952
42 50 0.048 49.952
29 49.9952 0.048 49.9472
26 50 0.0048 49.9952
38 50 0.048 49.952
30 50 0.048 49.952
27 50 0.048 49.952
36 50 0.048 49.952
25 50 0.048 49.952
34 50 0.0048 49.9952
37 50 0.048 49.952
35 50 0.048 49.952
44 50 0.048 49.952
28 50 0.0048 49.9952
33 50 0.048 49.952
42 50 0.048 49.952
29 50 0.048 49.952
26 50 0.0048 49.9952
38 50 0.048 49.952
30 50 0.048 49.952
27 50 0.048 49.952
36 50 0.048 49.952
25 50 0.048 49.952
34 50 0.0048 49.9952
37 50 0.048 49.952
35 50 0.048 49.952
44 50 0.048 49.952
28 50 0.0048 49.9952
33 50 0.048 49.952
42 50 0.048 49.952
29 50 0.048 49.952
26 50 0.0048 49.9952
38 50 0.048 49.952
30 50 0.048 49.952
27 50 0.048 49.952
36 50 0.048 49.952
25 50 0.048 49.952
34 50 0.0048 49.9952
37 50 0.048 49.952
35 50 0.048 49.952
44 50 0.048 49.952
28 50 0.0048 49.9952
33 50 0.048 49.952
42 50 0.048 49.952
29 50 0.048 49.952
26 50 0.0048 49.9952
38 50 0.048 49.952
30 50 0.048 49.952
27 50 0.048 49.952
36 49.952 0.0048 49.9472
26 49.9952 0.048 49.9472
29 50 0.0048 49.9952
36 50 0.048 49.952
27 49.952 0.0048 49.9472
25 50 0.048 49.952
34 50 0.0048 49.9952
37 50 0.048 49.952
35 50 0.048 49.952
35 49.952 0.0048 49.9472
35 49.9472 0.16 49.7872
35 49.7872 0.0016 49.7856
44 50 0.048 49.952
28 50 0.0048 49.9952
33 50 0.048 49.952
42 50 0.048 49.952
29 49.9952 0.048 49.9472
26 50 0.0048 49.9952
38 50 0.048 49.952
30 50 0.048 49.952
27 50 0.048 49.952
26 49.9952 0.048 49.9472
29 50 0.0048 49.9952
36 50 0.048 49.952
25 50 0.048 49.952
34 50 0.0048 49.9952
37 50 0.048 49.952
44 50 0.048 49.952
28 50 0.0048 49.9952
33 50 0.048 49.952
42 50 0.048 49.952
29 49.9952 0.048 49.9472
26 50 0.0048 49.9952
38 50 0.048 49.952
30 50 0.048 49.952
27 50 0.048 49.952
26 49.9952 0.048 49.9472
29 50 0.0048 49.9952
36 50 0.048 49.952
25 50 0.048 49.952
34 50 0.0048 49.9952
37 50 0.048 49.952
44 50 0.048 49.952
28 50 0.0048 49.9952
33 50 0.048 49.952
42 50 0.048 49.952
29 49.9952 0.048 49.9472
26 50 0.0048 49.9952
38 50 0.048 49.952
30 50 0.048 49.952
27 50 0.048 49.952
26 49.9952 0.048 49.9472
29 50 0.0048 49.9952
36 50 0.048 49.952
25 50 0.048 49.952
34 50 0.0048 49.9952
37 50 0.048 49.952
44 50 0.048 49.952
28 50 0.0048 49.9952
33 50 0.048 49.952
42 50 0.048 49.952
29 49.9952 0.048 49.9472
26 50 0.0048 49.9952
38 50 0.048 49.952
30 50 0.048 49.952
27 50 0.048 49.952
26 49.9952 0.048 49.9472
29 50 0.0048 49.9952
36 50 0.048 49.952
25 50 0.048 49.952
29 49.9952 0.0048 49.9904
34 50 0.0048 49.9952
37 50 0.048 49.952
44 50 0.048 49.952
28 50 0.0048 49.9952
33 50 0.048 49.952
42 50 0.048 49.952
29 49.9904 0.048 49.9424
25 49.952 0.0048 49.9472
26 50 0.0048 49.9952
38 50 0.048 49.952
30 50 0.048 49.952
27 50 0.048 49.952
26 49.9952 0.048 49.9472
29 50 0.0048 49.9952
36 50 0.048 49.952
25 50 0.048 49.952
29 49.9952 0.0048 49.9904
34 50 0.0048 49.9952
37 50 0.048 49.952
44 50 0.048 49.952
28 50 0.0048 49.9952
33 50 0.048 49.952
42 50 0.048 49.952
29 49.9904 0.048 49.9424
25 49.952 0.0048 49.9472
26 50 0.0048 49.9952
38 50 0.048 49.952
30 50 0.048 49.952
27 50 0.048 49.952
26 49.9952 0.048 49.9472
25 50 0.0048 49.9952
29 50 0.0048 49.9952
36 50 0.048 49.952
25 49.9952 0.048 49.9472
26 49.9472 0.0048 49.9424
29 49.9952 0.0048 49.9904
34 50 0.0048 49.9952
37 50 0.048 49.952
44 50 0.048 49.952
28 50 0.0048 49.9952
33 50 0.048 49.952
42 50 0.048 49.952
29 49.9904 0.048 49.9424
25 49.9472 0.0048 49.9424
26 50 0.0048 49.9952
38 50 0.048 49.952
30 50 0.048 49.952
