46 775 0 100 0.1 1.8268 1.9268
45 783 0 100 0.2 2.40788 2.60788
29 780 0 100 0.7 2.21632 2.91632
27 770 0 100 1.8 1.33742 3.13742
42 774 0 100 2.3 1.69163 3.99163
40 765 0 100 3.7 1.08727 4.78727
40 788 0 100 1.1 3.76255 4.86255
48 773 0 100 4 1.64896 5.64896
26 779 0 100 4 2.17 6.17
35 782 0 100 3.9 2.29707 6.19707
47 785 0 100 4.5 2.61848 7.11848
41 786 0 100 4.8 2.67161 7.47161
25 787 0 100 5.1 2.79267 7.89267
44 791 0 100 3.2 5.36428 8.56428
49 790 0 100 4.1 4.63043 8.73043
49 772 0 100 7.3 1.5252 8.8252
39 768 0 100 7.7 1.29013 8.99013
28 766 0 100 8.1 1.15923 9.25923
31 776 0 100 7.9 1.86149 9.76149
31 796 0 100 3.3 6.55837 9.85837
40 797 0 100 2.5 7.64199 10.142
48 798 0 100 3.2 7.78246 10.9825
30 784 0 100 8.6 2.49168 11.0917
33 777 0 100 9.3 2.00979 11.3098
26 801 0 100 1 10.396 11.396
36 778 0 100 9.4 2.08782 11.4878
41 802 0 100 2.2 10.5134 12.7134
29 792 0 100 7.8 5.58003 13.38
29 799 0 100 4 9.41979 13.4198
51 793 0 100 7.8 5.83073 13.6307
49 806 0 100 2 12.0932 14.0932
37 803 0 100 2.3 11.8732 14.1732
39 804 0 100 2.3 11.9593 14.2593
38 769 0 100 13.3 1.30074 14.6007
38 807 0 100 2.5 12.1222 14.6222
38 789 0 100 10.4 4.30958 14.7096
