55 1305 0 100 0.2 1.07345 1.27345
54 1318 0 100 7.00206e-08 1.32633 1.32633
98 1301 0 100 0.5 1.05711 1.55711
79 1303 0 100 1 1.06214 2.06214
95 1317 0 100 1.1 1.29088 2.39088
102 1347 0 100 1.16701e-08 2.40034 2.40034
101 1352 0 100 1.16701e-08 2.5833 2.5833
30 1328 0 100 1.1 1.56585 2.66585
72 1357 0 100 0.1 2.92899 3.02899
62 1349 0 100 0.7 2.47107 3.17107
50 1308 0 100 2.4 1.15223 3.55223
93 1345 0 100 1.3 2.32345 3.62345
110 1356 0 100 1 2.82909 3.82909
66 1346 0 100 1.8 2.38153 4.18153
43 1331 0 100 2.5 1.75233 4.25233
43 1363 0 100 1.16701e-08 4.27997 4.27997
106 1313 0 100 3.2 1.22214 4.42214
113 1337 0 100 3.5 2.01825 5.51825
58 1355 0 100 2.8 2.7955 5.5955
34 1342 0 100 3.4 2.23774 5.63774
34 1378 0 100 0.1 5.62139 5.72139
36 1314 0 100 4.6 1.23406 5.83406
109 1373 0 100 1.1 5.19698 6.29698
46 1304 0 100 5.4 1.07039 6.47039
48 1312 0 100 5.3 1.21131 6.51131
49 1323 0 100 5.1 1.4178 6.5178
111 1327 0 100 5 1.53441 6.53441
45 1369 0 100 1.6 4.9648 6.5648
78 1385 0 100 3.50103e-08 6.56523 6.56523
91 1364 0 100 2 4.58694 6.58694
45 1358 0 100 3.7 2.93868 6.63868
40 1354 0 100 4 2.7769 6.7769
70 1339 0 100 4.6 2.20484 6.80484
73 1366 0 100 2.2 4.86397 7.06397
64 1329 0 100 6 1.60507 7.60507
114 1360 0 100 3.7 4.0047 7.7047
114 1334 0 100 5.9 1.84757 7.74757
101 1379 0 100 2.1 5.70337 7.80337
107 1316 0 100 6.9 1.25296 8.15296
76 1359 0 100 4.6 3.73599 8.33599
76 1390 0 100 1.1 7.24979 8.34979
88 1336 0 100 6.6 1.97829 8.57829
89 1377 0 100 3.1 5.51035 8.61035
37 1389 0 100 1.7 7.19162 8.89162
82 1375 0 100 3.6 5.33106 8.93106
37 1324 0 100 7.6 1.4708 9.0708
71 1397 0 100 1.5 7.97084 9.47084
100 1315 0 100 8.8 1.24195 10.042
100 1391 0 100 2.8 7.25641 10.0564
85 1341 0 100 8.5 2.23077 10.7308
51 1338 0 100 8.7 2.11236 10.8124
34 1400 0 100 2.2 8.73012 10.9301
77 1332 0 100 9.2 1.7653 10.9653
61 1322 0 100 9.6 1.41406 11.0141
49 1416 0 100 0.3 11.2149 11.5149
49 1395 0 100 3.7 7.82135 11.5214
91 1351 0 100 9.2 2.55038 11.7504
45 1394 0 100 4.2 7.62086 11.8209
46 1404 0 100 2.1 9.72572 11.8257
91 1388 0 100 4.8 7.05061 11.8506
55 1402 0 100 2.8 9.12691 11.9269
70 1419 0 100 0.4 11.5795 11.9795
70 1374 0 100 6.9 5.25385 12.1539
26 1348 0 100 9.8 2.42203 12.222
73 1414 0 100 1.3 10.9517 12.2517
94 1340 0 100 10.2 2.22293 12.4229
108 1344 0 100 10.2 2.27541 12.4754
79 1365 0 100 8 4.65887 12.6589
79 1413 0 100 2.1 10.5718 12.6718
64 1420 0 100 1.1 11.779 12.879
57 1408 0 100 2.9 10.0039 12.9039
64 1398 0 100 4.9 8.20061 13.1006
62 1406 0 100 3.8 9.85356 13.6536
93 1411 0 100 3.4 10.3579 13.7579
82 1325 0 100 12.3 1.48208 13.7821
44 1300 0 100 12.8 1.03887 13.8389
93 1424 0 100 1.7 12.3968 14.0968
37 1361 0 100 10 4.1158 14.1158
63 1372 0 100 9 5.13202 14.132
52 1396 0 100 6.4 7.87149 14.2715
63 1432 0 100 0.6 13.7473 14.3473
86 1309 0 100 13.2 1.15332 14.3533
106 1371 0 100 9.7 5.07885 14.7788
104 1307 0 100 13.8 1.12688 14.9269
