0 2845
0 2846
0 2847
0 2848
0 2849
0 2850
0 2851
0 2852
0 2853
0 2854
40 2855
8 2855
7 2855
6 2855
5 2855
4 2855
3 2855
2 2855
1 2855
0 2859
0 2865
50 2869
20 2869
21 2869
22 2869
23 2869
24 2869
84 2871
16 2871
17 2871
18 2871
19 2871
20 2871
21 2871
22 2871
23 2871
24 2871
0 2872
49 2862
19 2862
20 2862
21 2862
22 2862
23 2862
24 2862
75 2873
4 2873
3 2873
2 2873
1 2873
0 2874
39 2858
30 2858
11 2858
10 2858
9 2858
8 2858
7 2858
6 2858
5 2858
4 2858
3 2858
2 2858
1 2858
0 2876
36 2878
25 2878
14 2878
15 2878
16 2878
17 2878
18 2878
19 2878
20 2878
21 2878
22 2878
23 2878
24 2878
0 2879
0 2882
33 2856
18 2856
19 2856
20 2856
21 2856
22 2856
23 2856
24 2856
71 2883
10 2883
9 2883
8 2883
7 2883
6 2883
5 2883
4 2883
3 2883
2 2883
1 2883
72 2884
14 2884
15 2884
16 2884
17 2884
18 2884
19 2884
20 2884
21 2884
22 2884
23 2884
24 2884
0 2886
59 2887
4 2887
3 2887
2 2887
1 2887
82 2888
23 2888
24 2888
31 2889
2 2889
1 2889
63 2863
0 2890
77 2893
2 2893
1 2893
53 2894
25 2896
16 2896
17 2896
18 2896
19 2896
20 2896
21 2896
22 2896
23 2896
24 2896
29 2885
6 2885
5 2885
4 2885
3 2885
2 2885
1 2885
0 2898
73 2895
83 2895
15 2895
16 2895
17 2895
18 2895
19 2895
20 2895
21 2895
22 2895
23 2895
24 2895
0 2899
48 2901
7 2901
6 2901
5 2901
4 2901
3 2901
2 2901
1 2901
0 2902
65 2903
17 2903
18 2903
19 2903
20 2903
21 2903
22 2903
23 2903
24 2903
81 2904
15 2904
16 2904
17 2904
18 2904
19 2904
20 2904
21 2904
22 2904
23 2904
24 2904
44 2905
5 2905
4 2905
3 2905
2 2905
1 2905
0 2906
27 2891
10 2891
9 2891
8 2891
7 2891
6 2891
5 2891
4 2891
3 2891
2 2891
1 2891
57 2909
79 2868
46 2870
10 2870
9 2870
8 2870
7 2870
6 2870
5 2870
4 2870
3 2870
2 2870
1 2870
0 2912
54 2900
42 2875
0 2914
35 2860
6 2860
5 2860
4 2860
3 2860
2 2860
1 2860
67 2867
23 2867
24 2867
64 2916
9 2916
8 2916
7 2916
6 2916
5 2916
4 2916
3 2916
2 2916
1 2916
0 2917
68 2907
1 2907
0 2919
58 2920
20 2920
21 2920
22 2920
23 2920
24 2920
26 2913
3 2913
2 2913
1 2913
37 2911
70 2897
5 2897
4 2897
3 2897
2 2897
1 2897
0 2923
47 2892
18 2892
19 2892
20 2892
21 2892
22 2892
23 2892
24 2892
55 2921
6 2921
5 2921
4 2921
3 2921
2 2921
1 2921
34 2922
7 2922
6 2922
5 2922
4 2922
3 2922
2 2922
1 2922
0 2925
41 2927
12 2927
11 2927
10 2927
9 2927
8 2927
7 2927
6 2927
5 2927
4 2927
3 2927
2 2927
1 2927
66 2928
3 2928
2 2928
1 2928
76 2929
43 2931
17 2931
18 2931
19 2931
20 2931
21 2931
22 2931
23 2931
24 2931
0 2932
56 2926
4 2926
3 2926
2 2926
1 2926
60 2930
21 2930
22 2930
23 2930
24 2930
52 2864
20 2864
21 2864
22 2864
23 2864
24 2864
0 2933
0 2934
74 2881
24 2881
61 2915
24 2915
0 2935
45 2861
12 2861
11 2861
10 2861
9 2861
8 2861
7 2861
6 2861
5 2861
4 2861
3 2861
2 2861
1 2861
62 2880
8 2880
7 2880
6 2880
5 2880
4 2880
3 2880
2 2880
1 2880
0 2936
51 2909
1 2909
0 2937
50 2938
6 2938
5 2938
4 2938
3 2938
2 2938
1 2938
0 2939
0 2941
31 2929
11 2929
10 2929
9 2929
8 2929
7 2929
6 2929
5 2929
4 2929
3 2929
2 2929
1 2929
0 2942
71 2944
20 2944
21 2944
22 2944
23 2944
24 2944
29 2868
15 2868
16 2868
17 2868
18 2868
19 2868
20 2868
21 2868
22 2868
23 2868
24 2868
0 2945
0 2946
82 2947
78 2857
0 2948
66 2947
9 2947
8 2947
7 2947
6 2947
5 2947
4 2947
3 2947
2 2947
1 2947
38 2866
2 2866
1 2866
36 2949
1 2949
77 2875
12 2875
11 2875
10 2875
9 2875
8 2875
7 2875
6 2875
5 2875
4 2875
3 2875
2 2875
1 2875
0 2950
0 2951
0 2953
0 2954
40 2943
84 2955
83 2924
0 2956
37 2857
9 2857
8 2857
7 2857
6 2857
5 2857
4 2857
3 2857
2 2857
1 2857
30 2918
0 2957
49 2940
10 2940
9 2940
8 2940
7 2940
6 2940
5 2940
4 2940
3 2940
2 2940
1 2940
77 2958
15 2958
16 2958
17 2958
18 2958
19 2958
20 2958
21 2958
22 2958
23 2958
24 2958
0 2959
32 2900
81 2960
0 2961
54 2943
0 2962
57 2964
8 2964
7 2964
6 2964
5 2964
4 2964
3 2964
2 2964
1 2964
0 2965
66 2963
14 2963
15 2963
16 2963
17 2963
18 2963
19 2963
20 2963
21 2963
22 2963
23 2963
24 2963
30 2960
4 2960
3 2960
2 2960
1 2960
73 2924
40 2900
3 2900
2 2900
1 2900
0 2969
31 2968
19 2968
20 2968
21 2968
22 2968
23 2968
24 2968
0 2972
51 2955
11 2955
10 2955
9 2955
8 2955
7 2955
6 2955
5 2955
4 2955
3 2955
2 2955
1 2955
0 2973
33 2974
51 2974
11 2974
10 2974
9 2974
8 2974
7 2974
6 2974
5 2974
4 2974
3 2974
2 2974
1 2974
69 2877
74 2975
10 2975
9 2975
8 2975
7 2975
6 2975
5 2975
4 2975
3 2975
2 2975
1 2975
0 2977
0 2979
73 2978
8 2978
7 2978
6 2978
5 2978
4 2978
3 2978
2 2978
1 2978
0 2980
75 2894
1 2894
41 2981
53 2981
75 2981
1 2981
0 2983
32 2943
72 2982
73 2982
9 2982
8 2982
7 2982
6 2982
5 2982
4 2982
3 2982
2 2982
1 2982
34 2986
22 2986
23 2986
24 2986
0 2987
43 2943
7 2943
6 2943
5 2943
4 2943
3 2943
2 2943
1 2943
58 2989
11 2989
10 2989
9 2989
8 2989
7 2989
6 2989
5 2989
4 2989
3 2989
2 2989
1 2989
65 2990
11 2990
10 2990
9 2990
8 2990
7 2990
6 2990
5 2990
4 2990
3 2990
2 2990
1 2990
55 2991
22 2991
23 2991
24 2991
0 2992
52 2993
10 2993
9 2993
8 2993
7 2993
6 2993
5 2993
4 2993
3 2993
2 2993
1 2993
29 2985
0 2995
53 2996
0 2997
45 2985
79 2985
2 2985
1 2985
64 2994
45 2994
79 2994
2 2994
1 2994
0 2999
63 2988
22 2988
23 2988
24 2988
60 3000
42 3001
34 3001
0 3002
44 2952
1 2952
0 3004
28 2908
18 2908
19 2908
20 2908
21 2908
22 2908
23 2908
24 2908
56 3003
22 3003
23 3003
24 3003
0 3006
59 3005
3 3005
2 3005
1 3005
47 3007
12 3007
11 3007
10 3007
9 3007
8 3007
7 3007
6 3007
5 3007
4 3007
3 3007
2 3007
1 3007
38 3008
15 3008
16 3008
17 3008
18 3008
19 3008
20 3008
21 3008
22 3008
23 3008
24 3008
26 2998
0 3009
81 2924
47 2924
12 2924
11 2924
10 2924
9 2924
8 2924
7 2924
6 2924
5 2924
4 2924
3 2924
2 2924
1 2924
56 2998
23 2998
24 2998
0 3010
82 3011
23 3011
24 3011
48 3013
5 3013
4 3013
3 3013
2 3013
1 3013
0 3014
54 3015
12 3015
11 3015
10 3015
9 3015
8 3015
7 3015
6 3015
5 3015
4 3015
3 3015
2 3015
1 3015
36 3016
15 3016
16 3016
17 3016
18 3016
19 3016
20 3016
21 3016
22 3016
23 3016
24 3016
0 3018
77 3019
0 3021
61 3022
18 3022
19 3022
20 3022
21 3022
22 3022
23 3022
24 3022
66 3023
24 3023
27 3020
9 3020
8 3020
7 3020
6 3020
5 3020
4 3020
3 3020
2 3020
1 3020
39 2918
14 2918
15 2918
16 2918
17 2918
18 2918
19 2918
20 2918
21 2918
22 2918
23 2918
24 2918
0 3025
76 3026
46 2877
9 2877
8 2877
7 2877
6 2877
5 2877
4 2877
3 2877
2 2877
1 2877
75 2996
8 2996
7 2996
6 2996
5 2996
4 2996
3 2996
2 2996
1 2996
68 2971
24 2971
0 3028
42 3026
4 3026
3 3026
2 3026
1 3026
0 3030
51 3032
21 3032
22 3032
23 3032
24 3032
0 3033
35 3012
6 3012
5 3012
4 3012
3 3012
2 3012
1 3012
43 3017
15 3017
16 3017
17 3017
18 3017
19 3017
20 3017
21 3017
22 3017
23 3017
24 3017
0 3034
0 3036
31 3037
6 3037
5 3037
4 3037
3 3037
2 3037
1 3037
0 3038
57 3029
22 3029
23 3029
24 3029
32 3035
43 3035
16 3035
17 3035
18 3035
19 3035
20 3035
21 3035
22 3035
23 3035
24 3035
33 3039
0 3040
0 3043
37 2984
1 2984
78 3041
1 3041
70 3027
6 3027
5 3027
4 3027
3 3027
2 3027
1 3027
62 3019
70 3019
6 3019
5 3019
4 3019
3 3019
2 3019
1 3019
0 3044
45 3031
11 3031
10 3031
9 3031
8 3031
7 3031
6 3031
5 3031
4 3031
3 3031
2 3031
1 3031
51 3039
50 3045
4 3045
3 3045
2 3045
1 3045
0 3046
69 3047
14 3047
15 3047
16 3047
17 3047
18 3047
19 3047
20 3047
21 3047
22 3047
23 3047
24 3047
0 3048
74 3042
24 3042
53 3051
14 3051
15 3051
16 3051
17 3051
18 3051
19 3051
20 3051
21 3051
22 3051
23 3051
24 3051
0 3052
0 3054
83 3055
80 2910
24 2910
0 3056
73 3055
22 3055
23 3055
24 3055
58 3053
24 3053
73 3057
22 3057
23 3057
24 3057
84 3039
2 3039
1 3039
72 3058
23 3058
24 3058
0 3059
0 3061
26 3062
8 3062
7 3062
6 3062
5 3062
4 3062
3 3062
2 3062
1 3062
42 3060
30 3050
0 3063
49 3066
6 3066
5 3066
4 3066
3 3066
2 3066
1 3066
0 3068
40 3067
22 3067
23 3067
24 3067
0 3069
84 3065
4 3065
3 3065
2 3065
1 3065
67 2970
5 2970
4 2970
3 2970
2 2970
1 2970
0 3071
65 3000
36 3000
1 3000
56 3072
0 3074
47 3073
0 3076
54 3077
0 3080
64 3081
25 2976
3 2976
2 2976
1 2976
36 3083
3 3083
2 3083
1 3083
79 3024
18 3024
19 3024
20 3024
21 3024
22 3024
23 3024
24 3024
38 3078
4 3078
3 3078
2 3078
1 3078
28 3079
8 3079
7 3079
6 3079
5 3079
4 3079
3 3079
2 3079
1 3079
0 3084
60 3064
36 3064
3 3064
2 3064
1 3064
52 3085
48 3081
79 3081
18 3081
19 3081
20 3081
21 3081
22 3081
23 3081
24 3081
41 3086
20 3086
21 3086
22 3086
23 3086
24 3086
29 3087
48 3087
79 3087
18 3087
19 3087
20 3087
21 3087
22 3087
23 3087
24 3087
27 3089
21 3089
22 3089
23 3089
24 3089
0 3090
0 3091
72 3085
3 3085
2 3085
1 3085
0 3093
43 3077
40 3077
1 3077
57 3094
0 3095
0 3096
39 3050
3 3050
2 3050
1 3050
62 3098
17 3098
18 3098
19 3098
20 3098
21 3098
22 3098
23 3098
24 3098
65 3099
48 3100
0 3102
44 3070
20 3070
21 3070
22 3070
23 3070
24 3070
0 3104
46 3105
74 3106
10 3106
9 3106
8 3106
7 3106
6 3106
5 3106
4 3106
3 3106
2 3106
1 3106
0 3108
71 3049
3 3049
2 3049
1 3049
34 3107
20 3107
21 3107
22 3107
23 3107
24 3107
0 3111
79 3100
23 3100
24 3100
0 3114
0 3116
37 3117
15 3117
16 3117
17 3117
18 3117
19 3117
20 3117
21 3117
22 3117
23 3117
24 3117
73 3115
8 3115
7 3115
6 3115
5 3115
4 3115
3 3115
2 3115
1 3115
76 3119
0 3120
68 3092
17 3092
18 3092
19 3092
20 3092
21 3092
22 3092
23 3092
24 3092
0 3121
81 3075
43 3122
7 3122
6 3122
5 3122
4 3122
3 3122
2 3122
1 3122
0 3125
75 3082
2 3082
1 3082
0 3127
50 3103
19 3103
20 3103
21 3103
22 3103
23 3103
24 3103
70 3124
22 3124
23 3124
24 3124
0 3128
51 3094
15 3094
16 3094
17 3094
18 3094
19 3094
20 3094
21 3094
22 3094
23 3094
24 3094
0 3129
32 3131
9 3131
8 3131
7 3131
6 3131
5 3131
4 3131
3 3131
2 3131
1 3131
33 3123
16 3123
17 3123
18 3123
19 3123
20 3123
21 3123
22 3123
23 3123
24 3123
0 3132
0 3135
0 3138
59 3088
3 3088
2 3088
1 3088
61 3137
0 3141
83 3110
73 3110
13 3110
14 3110
15 3110
16 3110
17 3110
18 3110
19 3110
20 3110
21 3110
22 3110
23 3110
24 3110
42 3119
1 3119
0 3143
82 3072
23 3072
24 3072
77 3133
56 3136
82 3136
23 3136
24 3136
0 3145
31 3144
2 3144
1 3144
0 3146
27 3142
8 3142
7 3142
6 3142
5 3142
4 3142
3 3142
2 3142
1 3142
0 3147
45 3149
6 3149
5 3149
4 3149
3 3149
2 3149
1 3149
35 3150
44 3150
4 3150
3 3150
2 3150
1 3150
40 3151
13 3151
14 3151
15 3151
16 3151
17 3151
18 3151
19 3151
20 3151
21 3151
22 3151
23 3151
24 3151
0 3152
36 3099
16 3099
17 3099
18 3099
19 3099
20 3099
21 3099
22 3099
23 3099
24 3099
0 3153
80 3130
18 3130
19 3130
20 3130
21 3130
22 3130
23 3130
24 3130
53 3134
9 3134
8 3134
7 3134
6 3134
5 3134
4 3134
3 3134
2 3134
1 3134
0 3156
30 3075
15 3075
16 3075
17 3075
18 3075
19 3075
20 3075
21 3075
22 3075
23 3075
24 3075
64 3155
8 3155
7 3155
6 3155
5 3155
4 3155
3 3155
2 3155
1 3155
0 3158
60 3159
18 3159
19 3159
20 3159
21 3159
22 3159
23 3159
24 3159
39 3126
72 3160
17 3160
18 3160
19 3160
20 3160
21 3160
22 3160
23 3160
24 3160
0 3161
26 3162
2 3162
1 3162
74 3157
21 3157
22 3157
23 3157
24 3157
32 3126
40 3126
15 3126
16 3126
17 3126
18 3126
19 3126
20 3126
21 3126
22 3126
23 3126
24 3126
0 3163
49 3154
78 3118
0 3164
37 3118
0 3165
0 3166
69 3167
13 3167
14 3167
15 3167
16 3167
17 3167
18 3167
19 3167
20 3167
21 3167
22 3167
23 3167
24 3167
0 3168
58 3112
21 3112
22 3112
23 3112
24 3112
54 3140
18 3140
19 3140
20 3140
21 3140
22 3140
23 3140
24 3140
0 3171
0 3172
75 3169
13 3169
14 3169
15 3169
16 3169
17 3169
18 3169
19 3169
20 3169
21 3169
22 3169
23 3169
24 3169
0 3174
84 3148
0 3177
33 3148
52 3170
83 3170
0 3178
36 3173
23 3173
24 3173
41 3179
15 3179
16 3179
17 3179
18 3179
19 3179
20 3179
21 3179
22 3179
23 3179
24 3179
73 3170
22 3170
23 3170
24 3170
38 3137
0 3181
59 3182
13 3182
14 3182
15 3182
16 3182
17 3182
18 3182
19 3182
20 3182
21 3182
22 3182
23 3182
24 3182
55 3060
10 3060
9 3060
8 3060
7 3060
6 3060
5 3060
4 3060
3 3060
2 3060
1 3060
0 3183
77 3184
10 3184
9 3184
8 3184
7 3184
6 3184
5 3184
4 3184
3 3184
2 3184
1 3184
61 3186
1 3186
0 3187
47 3188
0 3189
76 3192
12 3192
11 3192
10 3192
9 3192
8 3192
7 3192
6 3192
5 3192
4 3192
3 3192
2 3192
1 3192
66 3109
8 3109
7 3109
6 3109
5 3109
4 3109
3 3109
2 3109
1 3109
46 3180
18 3180
19 3180
20 3180
21 3180
22 3180
23 3180
24 3180
0 3193
25 3175
48 3194
16 3194
17 3194
18 3194
19 3194
20 3194
21 3194
22 3194
23 3194
24 3194
43 3195
22 3195
23 3195
24 3195
0 3196
60 3175
1 3175
71 3191
21 3191
22 3191
23 3191
24 3191
30 3188
24 3188
81 3198
24 3198
0 3200
63 3113
11 3113
10 3113
9 3113
8 3113
7 3113
6 3113
5 3113
4 3113
3 3113
2 3113
1 3113
80 3137
3 3137
2 3137
1 3137
0 3203
0 3205
