0 4475
0 4476
0 4477
0 4478
0 4479
0 4480
0 4481
0 4482
0 4483
0 4484
0 4487
0 4490
49 4496
14 4496
15 4496
16 4496
17 4496
18 4496
19 4496
20 4496
21 4496
22 4496
23 4496
24 4496
104 4489
85 4486
13 4486
14 4486
15 4486
16 4486
17 4486
18 4486
19 4486
20 4486
21 4486
22 4486
23 4486
24 4486
0 4498
39 4492
85 4492
13 4492
14 4492
15 4492
16 4492
17 4492
18 4492
19 4492
20 4492
21 4492
22 4492
23 4492
24 4492
116 4499
2 4499
1 4499
62 4497
0 4504
96 4506
35 4507
16 4507
17 4507
18 4507
19 4507
20 4507
21 4507
22 4507
23 4507
24 4507
38 4508
76 4502
23 4502
24 4502
83 4510
59 4510
10 4510
9 4510
8 4510
7 4510
6 4510
5 4510
4 4510
3 4510
2 4510
1 4510
84 4511
11 4511
10 4511
9 4511
8 4511
7 4511
6 4511
5 4511
4 4511
3 4511
2 4511
1 4511
0 4512
54 4505
14 4505
15 4505
16 4505
17 4505
18 4505
19 4505
20 4505
21 4505
22 4505
23 4505
24 4505
68 4509
17 4509
18 4509
19 4509
20 4509
21 4509
22 4509
23 4509
24 4509
0 4515
65 4488
9 4488
8 4488
7 4488
6 4488
5 4488
4 4488
3 4488
2 4488
1 4488
60 4518
59 4518
11 4518
10 4518
9 4518
8 4518
7 4518
6 4518
5 4518
4 4518
3 4518
2 4518
1 4518
91 4501
18 4501
19 4501
20 4501
21 4501
22 4501
23 4501
24 4501
0 4519
69 4506
3 4506
2 4506
1 4506
59 4523
11 4523
10 4523
9 4523
8 4523
7 4523
6 4523
5 4523
4 4523
3 4523
2 4523
1 4523
51 4525
16 4525
17 4525
18 4525
19 4525
20 4525
21 4525
22 4525
23 4525
24 4525
79 4527
0 4529
110 4491
11 4491
10 4491
9 4491
8 4491
7 4491
6 4491
5 4491
4 4491
3 4491
2 4491
1 4491
70 4521
7 4521
6 4521
5 4521
4 4521
3 4521
2 4521
1 4521
30 4522
12 4522
11 4522
10 4522
9 4522
8 4522
7 4522
6 4522
5 4522
4 4522
3 4522
2 4522
1 4522
112 4532
84 4532
13 4532
14 4532
15 4532
16 4532
17 4532
18 4532
19 4532
20 4532
21 4532
22 4532
23 4532
24 4532
120 4497
1 4497
97 4528
18 4528
19 4528
20 4528
21 4528
22 4528
23 4528
24 4528
0 4534
77 4535
11 4535
10 4535
9 4535
8 4535
7 4535
6 4535
5 4535
4 4535
3 4535
2 4535
1 4535
90 4536
21 4536
22 4536
23 4536
24 4536
53 4503
10 4503
9 4503
8 4503
7 4503
6 4503
5 4503
4 4503
3 4503
2 4503
1 4503
0 4539
86 4540
1 4540
63 4537
87 4538
19 4538
20 4538
21 4538
22 4538
23 4538
24 4538
31 4542
22 4542
23 4542
24 4542
71 4513
2 4513
1 4513
0 4543
0 4546
95 4545
78 4549
19 4549
20 4549
21 4549
22 4549
23 4549
24 4549
74 4495
40 4495
86 4495
2 4495
1 4495
0 4552
81 4547
25 4555
4 4555
3 4555
2 4555
1 4555
56 4537
19 4537
20 4537
21 4537
22 4537
23 4537
24 4537
114 4500
12 4500
11 4500
10 4500
9 4500
8 4500
7 4500
6 4500
5 4500
4 4500
3 4500
2 4500
1 4500
124 4557
2 4557
1 4557
50 4559
14 4559
15 4559
16 4559
17 4559
18 4559
19 4559
20 4559
21 4559
22 4559
23 4559
24 4559
103 4561
2 4561
1 4561
0 4562
94 4544
123 4563
108 4564
121 4558
16 4558
17 4558
18 4558
19 4558
20 4558
21 4558
22 4558
23 4558
24 4558
52 4550
13 4550
14 4550
15 4550
16 4550
17 4550
18 4550
19 4550
20 4550
21 4550
22 4550
23 4550
24 4550
0 4568
44 4520
13 4520
14 4520
15 4520
16 4520
17 4520
18 4520
19 4520
20 4520
21 4520
22 4520
23 4520
24 4520
73 4533
16 4533
17 4533
18 4533
19 4533
20 4533
21 4533
22 4533
23 4533
24 4533
0 4572
101 4574
10 4574
9 4574
8 4574
7 4574
6 4574
5 4574
4 4574
3 4574
2 4574
1 4574
102 4569
19 4569
20 4569
21 4569
22 4569
23 4569
24 4569
28 4565
5 4565
4 4565
3 4565
2 4565
1 4565
47 4548
4 4548
3 4548
2 4548
1 4548
57 4560
22 4560
23 4560
24 4560
0 4580
82 4553
26 4583
6 4583
5 4583
4 4583
3 4583
2 4583
1 4583
93 4579
19 4579
20 4579
21 4579
22 4579
23 4579
24 4579
0 4585
61 4544
99 4531
2 4531
1 4531
37 4571
0 4589
119 4590
20 4590
21 4590
22 4590
23 4590
24 4590
94 4553
45 4517
19 4517
20 4517
21 4517
22 4517
23 4517
24 4517
0 4592
80 4593
55 4556
0 4599
48 4541
24 4541
87 4593
48 4593
24 4593
92 4594
106 4514
17 4514
18 4514
19 4514
20 4514
21 4514
22 4514
23 4514
24 4514
111 4551
0 4600
109 4516
21 4516
22 4516
23 4516
24 4516
107 4586
106 4586
17 4586
18 4586
19 4586
20 4586
21 4586
22 4586
23 4586
24 4586
61 4594
2 4594
1 4594
115 4591
48 4551
98 4584
2 4584
1 4584
0 4601
64 4530
5 4530
4 4530
3 4530
2 4530
1 4530
105 4596
20 4596
21 4596
22 4596
23 4596
24 4596
0 4602
40 4581
56 4588
100 4567
0 4603
27 4554
14 4554
15 4554
16 4554
17 4554
18 4554
19 4554
20 4554
21 4554
22 4554
23 4554
24 4554
43 4582
32 4597
6 4597
5 4597
4 4597
3 4597
2 4597
1 4597
75 4485
21 4485
22 4485
23 4485
24 4485
78 4588
0 4604
113 4566
19 4566
20 4566
21 4566
22 4566
23 4566
24 4566
67 4587
3 4587
2 4587
1 4587
111 4591
97 4591
2 4591
1 4591
0 4606
0 4607
118 4595
34 4576
15 4576
16 4576
17 4576
18 4576
19 4576
20 4576
21 4576
22 4576
23 4576
24 4576
82 4571
5 4571
4 4571
3 4571
2 4571
1 4571
0 4610
97 4611
3 4611
2 4611
1 4611
58 4564
17 4564
18 4564
19 4564
20 4564
21 4564
22 4564
23 4564
24 4564
42 4575
69 4578
14 4578
15 4578
16 4578
17 4578
18 4578
19 4578
20 4578
21 4578
22 4578
23 4578
24 4578
83 4612
22 4612
23 4612
24 4612
0 4613
36 4524
0 4614
39 4609
69 4524
15 4524
16 4524
17 4524
18 4524
19 4524
20 4524
21 4524
22 4524
23 4524
24 4524
49 4615
3 4615
2 4615
1 4615
0 4616
104 4605
14 4605
15 4605
16 4605
17 4605
18 4605
19 4605
20 4605
21 4605
22 4605
23 4605
24 4605
118 4609
93 4609
1 4609
38 4618
68 4619
4 4619
3 4619
2 4619
1 4619
0 4620
119 4595
102 4595
2 4595
1 4595
91 4556
6 4556
5 4556
4 4556
3 4556
2 4556
1 4556
71 4621
13 4621
14 4621
15 4621
16 4621
17 4621
18 4621
19 4621
20 4621
21 4621
22 4621
23 4621
24 4621
0 4622
76 4623
12 4623
11 4623
10 4623
9 4623
8 4623
7 4623
6 4623
5 4623
4 4623
3 4623
2 4623
1 4623
30 4582
33 4570
45 4570
1 4570
0 4624
66 4493
0 4625
31 4628
9 4628
8 4628
7 4628
6 4628
5 4628
4 4628
3 4628
2 4628
1 4628
73 4618
0 4629
120 4631
14 4631
15 4631
16 4631
17 4631
18 4631
19 4631
20 4631
21 4631
22 4631
23 4631
24 4631
30 4493
72 4526
13 4526
14 4526
15 4526
16 4526
17 4526
18 4526
19 4526
20 4526
21 4526
22 4526
23 4526
24 4526
0 4632
70 4617
21 4617
22 4617
23 4617
24 4617
59 4493
78 4575
6 4575
5 4575
4 4575
3 4575
2 4575
1 4575
89 4508
2 4508
1 4508
78 4633
6 4633
5 4633
4 4633
3 4633
2 4633
1 4633
0 4634
79 4630
71 4630
16 4630
17 4630
18 4630
19 4630
20 4630
21 4630
22 4630
23 4630
24 4630
43 4493
102 4635
5 4635
4 4635
3 4635
2 4635
1 4635
46 4577
4 4577
3 4577
2 4577
1 4577
0 4636
50 4493
1 4493
122 4598
47 4638
0 4639
29 4547
20 4547
21 4547
22 4547
23 4547
24 4547
108 4642
23 4642
24 4642
48 4643
9 4643
8 4643
7 4643
6 4643
5 4643
4 4643
3 4643
2 4643
1 4643
88 4527
17 4527
18 4527
19 4527
20 4527
21 4527
22 4527
23 4527
24 4527
87 4645
9 4645
8 4645
7 4645
6 4645
5 4645
4 4645
3 4645
2 4645
1 4645
0 4647
110 4650
107 4651
2 4651
1 4651
85 4652
7 4652
6 4652
5 4652
4 4652
3 4652
2 4652
1 4652
121 4626
74 4654
106 4650
107 4650
2 4650
1 4650
0 4657
52 4658
2 4658
1 4658
28 4641
19 4641
20 4641
21 4641
22 4641
23 4641
24 4641
0 4660
123 4646
15 4646
16 4646
17 4646
18 4646
19 4646
20 4646
21 4646
22 4646
23 4646
24 4646
0 4661
116 4648
29 4648
22 4648
23 4648
24 4648
82 4649
13 4649
14 4649
15 4649
16 4649
17 4649
18 4649
19 4649
20 4649
21 4649
22 4649
23 4649
24 4649
26 4662
0 4664
38 4582
91 4665
13 4665
14 4665
15 4665
16 4665
17 4665
18 4665
19 4665
20 4665
21 4665
22 4665
23 4665
24 4665
101 4655
53 4644
3 4644
2 4644
1 4644
99 4637
16 4637
17 4637
18 4637
19 4637
20 4637
21 4637
22 4637
23 4637
24 4637
64 4666
17 4666
18 4666
19 4666
20 4666
21 4666
22 4666
23 4666
24 4666
0 4667
105 4626
59 4582
106 4668
107 4668
4 4668
3 4668
2 4668
1 4668
65 4669
4 4669
3 4669
2 4669
1 4669
0 4671
89 4626
7 4626
6 4626
5 4626
4 4626
3 4626
2 4626
1 4626
120 4654
20 4654
21 4654
22 4654
23 4654
24 4654
0 4673
27 4655
1 4655
117 4494
27 4494
1 4494
96 4676
114 4659
5 4659
4 4659
3 4659
2 4659
1 4659
0 4677
0 4680
77 4678
27 4682
2 4682
1 4682
69 4676
60 4670
110 4670
7 4670
6 4670
5 4670
4 4670
3 4670
2 4670
1 4670
0 4683
52 4678
6 4678
5 4678
4 4678
3 4678
2 4678
1 4678
105 4684
92 4681
17 4681
18 4681
19 4681
20 4681
21 4681
22 4681
23 4681
24 4681
84 4618
9 4618
8 4618
7 4618
6 4618
5 4618
4 4618
3 4618
2 4618
1 4618
0 4686
41 4573
1 4573
119 4688
12 4688
11 4688
10 4688
9 4688
8 4688
7 4688
6 4688
5 4688
4 4688
3 4688
2 4688
1 4688
44 4675
55 4689
48 4689
54 4690
85 4690
118 4690
12 4690
11 4690
10 4690
9 4690
8 4690
7 4690
6 4690
5 4690
4 4690
3 4690
2 4690
1 4690
0 4691
124 4674
22 4674
23 4674
24 4674
97 4692
15 4692
16 4692
17 4692
18 4692
19 4692
20 4692
21 4692
22 4692
23 4692
24 4692
0 4693
83 4582
9 4582
8 4582
7 4582
6 4582
5 4582
4 4582
3 4582
2 4582
1 4582
38 4685
73 4694
84 4694
11 4694
10 4694
9 4694
8 4694
7 4694
6 4694
5 4694
4 4694
3 4694
2 4694
1 4694
118 4695
13 4695
14 4695
15 4695
16 4695
17 4695
18 4695
19 4695
20 4695
21 4695
22 4695
23 4695
24 4695
0 4697
59 4685
10 4685
9 4685
8 4685
7 4685
6 4685
5 4685
4 4685
3 4685
2 4685
1 4685
0 4700
113 4701
9 4701
8 4701
7 4701
6 4701
5 4701
4 4701
3 4701
2 4701
1 4701
36 4676
3 4676
2 4676
1 4676
90 4704
19 4704
20 4704
21 4704
22 4704
23 4704
24 4704
0 4705
62 4581
120 4706
81 4703
0 4709
74 4581
103 4598
41 4703
4 4703
3 4703
2 4703
1 4703
71 4662
100 4707
17 4707
18 4707
19 4707
20 4707
21 4707
22 4707
23 4707
24 4707
39 4711
118 4711
15 4711
16 4711
17 4711
18 4711
19 4711
20 4711
21 4711
22 4711
23 4711
24 4711
0 4712
89 4684
13 4684
14 4684
15 4684
16 4684
17 4684
18 4684
19 4684
20 4684
21 4684
22 4684
23 4684
24 4684
49 4699
78 4699
17 4699
18 4699
19 4699
20 4699
21 4699
22 4699
23 4699
24 4699
43 4713
12 4713
11 4713
10 4713
9 4713
8 4713
7 4713
6 4713
5 4713
4 4713
3 4713
2 4713
1 4713
0 4714
32 4702
62 4598
1 4598
76 4716
1 4716
57 4718
97 4718
95 4696
24 4696
0 4719
88 4662
47 4662
74 4662
62 4662
1 4662
86 4638
61 4721
22 4721
23 4721
24 4721
115 4718
19 4718
20 4718
21 4718
22 4718
23 4718
24 4718
78 4722
18 4722
19 4722
20 4722
21 4722
22 4722
23 4722
24 4722
0 4723
25 4710
3 4710
2 4710
1 4710
69 4725
5 4725
4 4725
3 4725
2 4725
1 4725
94 4656
22 4656
23 4656
24 4656
79 4720
111 4727
97 4727
50 4663
13 4663
14 4663
15 4663
16 4663
17 4663
18 4663
19 4663
20 4663
21 4663
22 4663
23 4663
24 4663
121 4728
15 4728
16 4728
17 4728
18 4728
19 4728
20 4728
21 4728
22 4728
23 4728
24 4728
0 4729
123 4702
99 4702
24 4702
75 4726
89 4726
15 4726
16 4726
17 4726
18 4726
19 4726
20 4726
21 4726
22 4726
23 4726
24 4726
0 4730
109 4724
17 4724
18 4724
19 4724
20 4724
21 4724
22 4724
23 4724
24 4724
42 4698
19 4698
20 4698
21 4698
22 4698
23 4698
24 4698
30 4731
43 4731
14 4731
15 4731
16 4731
17 4731
18 4731
19 4731
20 4731
21 4731
22 4731
23 4731
24 4731
88 4720
120 4720
3 4720
2 4720
1 4720
115 4727
20 4727
21 4727
22 4727
23 4727
24 4727
37 4732
0 4733
46 4734
70 4715
10 4715
9 4715
8 4715
7 4715
6 4715
5 4715
4 4715
3 4715
2 4715
1 4715
124 4638
3 4638
2 4638
1 4638
98 4732
23 4732
24 4732
107 4736
14 4736
15 4736
16 4736
17 4736
18 4736
19 4736
20 4736
21 4736
22 4736
23 4736
24 4736
103 4717
124 4717
3 4717
2 4717
1 4717
0 4737
34 4679
9 4679
8 4679
7 4679
6 4679
5 4679
4 4679
3 4679
2 4679
1 4679
93 4708
46 4708
18 4708
19 4708
20 4708
21 4708
22 4708
23 4708
24 4708
36 4740
0 4741
67 4743
91 4743
23 4743
24 4743
0 4744
40 4746
122 4746
0 4747
68 4689
23 4689
24 4689
115 4748
23 4748
24 4748
96 4740
9 4740
8 4740
7 4740
6 4740
5 4740
4 4740
3 4740
2 4740
1 4740
0 4749
35 4608
26 4750
7 4750
6 4750
5 4750
4 4750
3 4750
2 4750
1 4750
56 4672
22 4672
23 4672
24 4672
0 4751
52 4675
16 4675
17 4675
18 4675
19 4675
20 4675
21 4675
22 4675
23 4675
24 4675
0 4753
87 4742
0 4758
63 4627
23 4627
24 4627
117 4759
52 4757
17 4757
18 4757
19 4757
20 4757
21 4757
22 4757
23 4757
24 4757
0 4760
66 4761
0 4763
51 4640
71 4764
88 4764
9 4764
8 4764
7 4764
6 4764
5 4764
4 4764
3 4764
2 4764
1 4764
0 4765
44 4766
92 4767
4 4767
3 4767
2 4767
1 4767
47 4768
9 4768
8 4768
7 4768
6 4768
5 4768
4 4768
3 4768
2 4768
1 4768
80 4738
1 4738
0 4769
43 4761
50 4761
20 4761
21 4761
22 4761
23 4761
24 4761
58 4770
16 4770
17 4770
18 4770
19 4770
20 4770
21 4770
22 4770
23 4770
24 4770
122 4771
118 4773
24 4773
105 4774
48 4755
68 4755
2 4755
1 4755
0 4776
76 4771
9 4771
8 4771
7 4771
6 4771
5 4771
4 4771
3 4771
2 4771
1 4771
124 4762
9 4762
8 4762
7 4762
6 4762
5 4762
4 4762
3 4762
2 4762
1 4762
82 4745
4 4745
3 4745
2 4745
1 4745
116 4739
14 4739
15 4739
16 4739
17 4739
18 4739
19 4739
20 4739
21 4739
22 4739
23 4739
24 4739
0 4779
68 4780
97 4780
3 4780
2 4780
1 4780
0 4782
65 4766
20 4766
21 4766
22 4766
23 4766
24 4766
91 4608
4 4608
3 4608
2 4608
1 4608
89 4774
23 4774
24 4774
54 4781
1 4781
33 4784
121 4784
0 4785
100 4787
3 4787
2 4787
1 4787
64 4788
9 4788
8 4788
7 4788
6 4788
5 4788
4 4788
3 4788
2 4788
1 4788
89 4784
24 4784
0 4789
27 4759
17 4759
18 4759
19 4759
20 4759
21 4759
22 4759
23 4759
24 4759
0 4790
85 4775
54 4775
2 4775
1 4775
113 4793
0 4795
57 4742
65 4791
22 4791
23 4791
24 4791
89 4792
119 4783
2 4783
1 4783
27 4797
18 4797
19 4797
20 4797
21 4797
22 4797
23 4797
24 4797
0 4799
25 4800
14 4800
15 4800
16 4800
17 4800
18 4800
19 4800
20 4800
21 4800
22 4800
23 4800
24 4800
101 4801
72 4796
12 4796
11 4796
10 4796
9 4796
8 4796
7 4796
6 4796
5 4796
4 4796
3 4796
2 4796
1 4796
60 4803
0 4804
112 4687
27 4801
19 4801
20 4801
21 4801
22 4801
23 4801
24 4801
0 4808
120 4809
14 4809
15 4809
16 4809
17 4809
18 4809
19 4809
20 4809
21 4809
22 4809
23 4809
24 4809
29 4806
18 4806
19 4806
20 4806
21 4806
22 4806
23 4806
24 4806
111 4810
6 4810
5 4810
4 4810
3 4810
2 4810
1 4810
0 4813
45 4734
41 4777
18 4777
19 4777
20 4777
21 4777
22 4777
23 4777
24 4777
62 4746
14 4746
15 4746
16 4746
17 4746
18 4746
19 4746
20 4746
21 4746
22 4746
23 4746
24 4746
88 4814
15 4814
16 4814
17 4814
18 4814
19 4814
20 4814
21 4814
22 4814
23 4814
24 4814
0 4817
59 4820
66 4820
50 4820
1 4820
0 4821
94 4822
10 4822
9 4822
8 4822
7 4822
6 4822
5 4822
4 4822
3 4822
2 4822
1 4822
38 4823
2 4823
1 4823
62 4818
15 4818
16 4818
17 4818
18 4818
19 4818
20 4818
21 4818
22 4818
23 4818
24 4818
114 4802
65 4802
115 4824
100 4824
7 4824
6 4824
5 4824
4 4824
3 4824
2 4824
1 4824
110 4816
107 4816
1 4816
0 4825
81 4826
20 4826
21 4826
22 4826
23 4826
24 4826
78 4640
7 4640
6 4640
5 4640
4 4640
3 4640
2 4640
1 4640
55 4794
9 4794
8 4794
7 4794
6 4794
5 4794
4 4794
3 4794
2 4794
1 4794
83 4811
95 4815
14 4815
15 4815
16 4815
17 4815
18 4815
19 4815
20 4815
21 4815
22 4815
23 4815
24 4815
0 4829
77 4786
113 4786
1 4786
46 4830
5 4830
4 4830
3 4830
2 4830
1 4830
102 4798
52 4793
1 4793
0 4831
0 4833
33 4734
121 4734
5 4734
4 4734
3 4734
2 4734
1 4734
0 4835
43 4834
4 4834
3 4834
2 4834
1 4834
70 4805
28 4754
19 4754
20 4754
21 4754
22 4754
23 4754
24 4754
39 4832
106 4803
107 4803
3 4803
2 4803
1 4803
0 4836
102 4832
8 4832
7 4832
6 4832
5 4832
4 4832
3 4832
2 4832
1 4832
60 4811
106 4811
107 4811
113 4811
3 4811
2 4811
1 4811
76 4838
0 4839
92 4840
14 4840
15 4840
16 4840
17 4840
18 4840
19 4840
20 4840
21 4840
22 4840
23 4840
24 4840
108 4735
1 4735
96 4819
22 4819
23 4819
24 4819
0 4842
0 4846
105 4844
7 4844
6 4844
5 4844
4 4844
3 4844
2 4844
1 4844
79 4841
21 4841
22 4841
23 4841
24 4841
0 4847
86 4848
20 4848
21 4848
22 4848
23 4848
24 4848
123 4827
17 4827
18 4827
19 4827
20 4827
21 4827
22 4827
23 4827
24 4827
0 4851
0 4852
74 4772
21 4772
22 4772
23 4772
24 4772
121 4855
9 4855
8 4855
7 4855
6 4855
5 4855
4 4855
3 4855
2 4855
1 4855
91 4856
69 4837
49 4857
0 4859
57 4843
14 4843
15 4843
16 4843
17 4843
18 4843
19 4843
20 4843
21 4843
22 4843
23 4843
24 4843
30 4854
55 4856
15 4856
16 4856
17 4856
18 4856
19 4856
20 4856
21 4856
22 4856
23 4856
24 4856
118 4860
104 4778
24 4778
56 4857
13 4857
14 4857
15 4857
16 4857
17 4857
18 4857
19 4857
20 4857
21 4857
22 4857
23 4857
24 4857
90 4861
0 4862
84 4687
9 4687
8 4687
7 4687
6 4687
5 4687
4 4687
3 4687
2 4687
1 4687
43 4854
50 4854
8 4854
7 4854
6 4854
5 4854
4 4854
3 4854
2 4854
1 4854
31 4756
18 4756
19 4756
20 4756
21 4756
22 4756
23 4756
24 4756
0 4864
47 4863
25 4865
24 4865
0 4866
63 4853
14 4853
15 4853
16 4853
17 4853
18 4853
19 4853
20 4853
21 4853
22 4853
23 4853
24 4853
67 4850
17 4850
18 4850
19 4850
20 4850
21 4850
22 4850
23 4850
24 4850
0 4869
42 4812
15 4812
16 4812
17 4812
18 4812
19 4812
20 4812
21 4812
22 4812
23 4812
24 4812
0 4871
29 4874
3 4874
2 4874
1 4874
50 4875
10 4875
9 4875
8 4875
7 4875
6 4875
5 4875
4 4875
3 4875
2 4875
1 4875
78 4845
15 4845
16 4845
17 4845
18 4845
19 4845
20 4845
21 4845
22 4845
23 4845
24 4845
40 4876
24 4876
33 4858
121 4858
12 4858
11 4858
10 4858
9 4858
8 4858
7 4858
6 4858
5 4858
4 4858
3 4858
2 4858
1 4858
100 4877
16 4877
17 4877
18 4877
19 4877
20 4877
21 4877
22 4877
23 4877
24 4877
0 4878
52 4867
122 4863
32 4880
22 4880
23 4880
24 4880
120 4882
36 4837
102 4860
14 4860
15 4860
16 4860
17 4860
18 4860
19 4860
20 4860
21 4860
22 4860
23 4860
24 4860
98 4883
19 4883
20 4883
21 4883
22 4883
23 4883
24 4883
0 4884
124 4849
24 4849
37 4885
19 4885
20 4885
21 4885
22 4885
23 4885
24 4885
26 4868
28 4868
1 4868
99 4807
22 4807
23 4807
24 4807
119 4886
0 4890
58 4805
7 4805
6 4805
5 4805
4 4805
3 4805
2 4805
1 4805
61 4892
20 4892
21 4892
22 4892
23 4892
24 4892
87 4893
18 4893
19 4893
20 4893
21 4893
22 4893
23 4893
24 4893
82 4861
20 4861
21 4861
22 4861
23 4861
24 4861
0 4894
103 4891
65 4867
10 4867
9 4867
8 4867
7 4867
6 4867
5 4867
4 4867
3 4867
2 4867
1 4867
86 4863
74 4863
1 4863
54 4898
118 4898
16 4898
17 4898
18 4898
19 4898
20 4898
21 4898
22 4898
23 4898
24 4898
107 4889
11 4889
10 4889
9 4889
8 4889
7 4889
6 4889
5 4889
4 4889
3 4889
2 4889
1 4889
0 4899
117 4872
7 4872
6 4872
5 4872
4 4872
3 4872
2 4872
1 4872
110 4900
0 4901
112 4902
96 4837
5 4837
4 4837
3 4837
2 4837
1 4837
72 4838
1 4838
0 4903
109 4881
35 4904
0 4905
56 4908
19 4908
20 4908
21 4908
22 4908
23 4908
24 4908
55 4904
21 4904
22 4904
23 4904
24 4904
73 4828
0 4909
53 4752
65 4752
12 4752
11 4752
10 4752
9 4752
8 4752
7 4752
6 4752
5 4752
4 4752
3 4752
2 4752
1 4752
41 4896
7 4896
6 4896
5 4896
4 4896
3 4896
2 4896
1 4896
88 4897
0 4910
71 4912
4 4912
3 4912
2 4912
1 4912
72 4913
3 4913
2 4913
1 4913
0 4914
0 4917
89 4915
17 4915
18 4915
19 4915
20 4915
21 4915
22 4915
23 4915
24 4915
120 4897
5 4897
4 4897
3 4897
2 4897
1 4897
0 4919
106 4900
107 4900
15 4900
16 4900
17 4900
18 4900
19 4900
20 4900
21 4900
22 4900
23 4900
24 4900
84 4902
17 4902
18 4902
19 4902
20 4902
21 4902
22 4902
23 4902
24 4902
51 4920
21 4920
22 4920
23 4920
24 4920
58 4921
12 4921
11 4921
10 4921
9 4921
8 4921
7 4921
6 4921
5 4921
4 4921
3 4921
2 4921
1 4921
0 4922
60 4923
16 4923
17 4923
18 4923
19 4923
20 4923
21 4923
22 4923
23 4923
24 4923
64 4924
3 4924
2 4924
1 4924
75 4879
115 4925
100 4925
22 4925
23 4925
24 4925
0 4927
46 4881
20 4881
21 4881
22 4881
23 4881
24 4881
93 4798
20 4798
21 4798
22 4798
23 4798
24 4798
68 4928
24 4928
0 4929
85 4930
22 4930
23 4930
24 4930
59 4906
94 4931
65 4932
16 4932
17 4932
18 4932
19 4932
20 4932
21 4932
22 4932
23 4932
24 4932
0 4933
83 4906
118 4935
22 4935
23 4935
24 4935
96 4936
10 4936
9 4936
8 4936
7 4936
6 4936
5 4936
4 4936
3 4936
2 4936
1 4936
62 4926
77 4937
0 4939
44 4870
17 4870
18 4870
19 4870
20 4870
21 4870
22 4870
23 4870
24 4870
48 4934
81 4907
80 4938
0 4940
50 4906
19 4906
20 4906
21 4906
22 4906
23 4906
24 4906
45 4941
33 4941
21 4941
22 4941
23 4941
24 4941
0 4943
97 4742
101 4942
14 4942
15 4942
16 4942
17 4942
18 4942
19 4942
20 4942
21 4942
22 4942
23 4942
24 4942
124 4926
8 4926
7 4926
6 4926
5 4926
4 4926
3 4926
2 4926
1 4926
0 4944
80 4742
68 4938
122 4945
9 4945
8 4945
7 4945
6 4945
5 4945
4 4945
3 4945
2 4945
1 4945
0 4946
114 4948
19 4948
20 4948
21 4948
22 4948
23 4948
24 4948
0 4949
55 4950
3 4950
2 4950
1 4950
102 4886
0 4952
115 4742
2 4742
1 4742
83 4947
111 4938
3 4938
2 4938
1 4938
0 4953
100 4954
42 4954
2 4954
1 4954
0 4956
118 4886
0 4960
98 4931
6 4931
5 4931
4 4931
3 4931
2 4931
1 4931
116 4873
16 4873
17 4873
18 4873
19 4873
20 4873
21 4873
22 4873
23 4873
24 4873
0 4961
91 4962
55 4962
5 4962
4 4962
3 4962
2 4962
1 4962
61 4963
7 4963
6 4963
5 4963
4 4963
3 4963
2 4963
1 4963
52 4937
99 4964
9 4964
8 4964
7 4964
6 4964
5 4964
4 4964
3 4964
2 4964
1 4964
105 4951
0 4965
66 4895
24 4895
104 4967
15 4967
16 4967
17 4967
18 4967
19 4967
20 4967
21 4967
22 4967
23 4967
24 4967
79 4968
30 4969
38 4828
0 4970
43 4916
70 4911
20 4911
21 4911
22 4911
23 4911
24 4911
50 4947
