81 3216 1.00615
94 3217 1.0257
83 3218 1.03436
49 3220 1.04544
79 3221 1.09937
69 3224 1.24934
92 3225 1.27223
32 3226 1.28961
74 3227 1.30134
33 3228 1.31003
84 3229 1.3217
88 3231 1.34348
55 3232 1.36671
25 3233 1.37654
76 3235 1.49224
61 3236 1.49972
50 3238 1.57421
59 3239 1.58958
71 3240 1.59139
45 3241 1.60669
40 3242 1.61244
70 3243 1.62366
51 3244 1.63059
93 3246 1.67173
73 3247 1.73594
42 3249 1.78246
60 3250 1.78616
44 3251 1.78652
85 3252 1.82331
75 3253 1.82917
53 3255 1.88292
64 3256 1.89569
65 3257 1.91202
63 3258 1.92849
48 3259 1.93633
57 3261 2.02597
68 3262 2.03264
46 3265 2.15022
86 3266 2.15823
78 3267 2.16027
87 3268 2.18997
35 3269 2.2147
52 3270 2.22659
58 3272 2.24867
89 3273 2.29978
41 3275 2.41069
66 3277 2.44179
82 3278 2.45429
34 3279 2.472
31 3280 2.48212
56 3281 2.51941
77 3282 2.52912
67 3284 2.58054
47 3286 2.65477
27 3287 2.65554
36 3288 2.67927
30 3289 2.7032
90 3290 2.73664
54 3292 2.74899
91 3293 2.79809
37 3294 2.82011
38 3295 2.83034
80 3297 2.88235
28 3298 2.91534
26 3300 2.96128
39 3301 2.96686
43 3302 2.96916
29 3303 2.99974
73 3314 3.98437
85 3317 4.19322
42 3320 4.42683
94 3322 4.45956
60 3324 4.56236
68 3325 4.61677
76 3327 4.73013
35 3329 4.75382
59 3330 4.78689
49 3333 4.93954
77 3334 4.94793
82 3336 5.04882
69 3338 5.22848
93 3340 5.2784
50 3342 5.3685
30 3343 5.41072
80 3345 5.50387
45 3348 5.65759
57 3349 5.67677
84 3350 5.67682
62 3351 5.73323
40 3353 5.82323
34 3355 5.85553
25 3356 5.93792
32 3358 5.94355
83 3359 5.94734
38 3361 6.06357
78 3362 6.12721
52 3364 6.21932
64 3366 6.24206
61 3367 6.25633
31 3368 6.2564
53 3369 6.25953
46 3370 6.27153
88 3372 6.42946
86 3374 6.45957
54 3375 6.46745
87 3376 6.5345
29 3378 6.55247
44 3379 6.5925
70 3380 6.60573
55 3381 6.61986
75 3384 6.73925
71 3385 6.83192
65 3387 6.88427
76 3389 6.93917
74 3391 7.11922
63 3393 7.16143
36 3394 7.22599
48 3396 7.28067
89 3397 7.33434
73 3399 7.42878
72 3402 7.57796
66 3403 7.59474
37 3405 7.65752
28 3406 7.68271
27 3407 7.71215
67 3408 7.71635
77 3409 7.72644
58 3413 8.01755
26 3415 8.09074
30 3417 8.14983
79 3418 8.20276
83 3419 8.23646
51 3421 8.26586
94 3422 8.29504
68 3424 8.33952
33 3425 8.41951
47 3427 8.45309
62 3428 8.47803
40 3429 8.5356
50 3430 8.53885
42 3433 8.68737
35 3434 8.68897
60 3435 8.71526
84 3436 8.71992
31 3438 8.74617
90 3440 8.91124
93 3443 9.06875
55 3445 9.19103
65 3447 9.32439
32 3449 9.3696
91 3451 9.47754
76 3452 9.4878
69 3455 9.71925
85 3457 9.74909
82 3459 9.91846
75 3461 9.97343
87 3462 9.99821
43 3464 10.0957
59 3466 10.1584
78 3467 10.1751
45 3468 10.199
39 3469 10.2329
29 3471 10.2489
61 3473 10.39
66 3475 10.4596
83 3476 10.4685
53 3477 10.4757
49 3479 10.5539
80 3480 10.5571
46 3482 10.6962
89 3483 10.7036
70 3484 10.7102
58 3488 10.9942
48 3490 11.0752
44 3492 11.1548
86 3493 11.2068
26 3494 11.2139
88 3495 11.2236
41 3497 11.3142
56 3499 11.3638
35 3501 11.467
27 3503 11.5701
25 3504 11.5772
90 3505 11.6305
30 3507 11.655
64 3508 11.7176
92 3512 11.9713
33 3513 12.0104
34 3515 12.064
28 3516 12.1385
36 3518 12.1596
72 3519 12.1858
79 3520 12.218
45 3521 12.2323
40 3523 12.2988
68 3525 12.4009
94 3527 12.5262
47 3529 12.5426
52 3530 12.5508
84 3531 12.6054
91 3533 12.6408
57 3534 12.6427
43 3535 12.6928
59 3536 12.7156
77 3537 12.7259
39 3539 12.7927
51 3542 12.9772
62 3543 13.0339
31 3545 13.0413
49 3546 13.1118
87 3547 13.1188
60 3549 13.165
61 3550 13.1944
55 3553 13.3807
69 3555 13.4984
75 3558 13.6453
82 3559 13.6612
89 3560 13.6712
50 3561 13.6826
42 3562 13.6865
48 3563 13.7308
56 3566 13.9013
78 3568 13.98
32 3569 13.9886
41 3570 13.9922
83 3571 14.0249
65 3573 14.0589
93 3574 14.1032
44 3575 14.114
76 3576 14.1306
38 3580 14.3768
85 3582 14.4886
37 3585 14.7099
