44 2271 1.01235
64 2272 1.04077
38 2273 1.04683
37 2274 1.05493
45 2276 1.14799
57 2278 1.1939
27 2279 1.20204
41 2281 1.3719
63 2283 1.42096
60 2284 1.43524
58 2285 1.4439
39 2286 1.45825
61 2288 1.49795
43 2289 1.54744
33 2291 1.61301
46 2292 1.64682
35 2293 1.66581
55 2295 1.72706
52 2298 1.91174
32 2299 1.95101
40 2301 2.00677
29 2302 2.06239
49 2303 2.06405
53 2304 2.078
25 2306 2.1668
28 2308 2.27587
30 2309 2.27855
51 2311 2.32641
54 2312 2.3734
36 2315 2.53081
42 2317 2.62676
34 2318 2.6274
48 2320 2.70136
31 2321 2.75299
26 2323 2.83105
59 2324 2.8587
56 2325 2.87783
50 2328 2.99399
64 2330 3.16483
38 2334 3.46143
27 2335 3.46983
44 2337 3.53887
63 2341 3.88913
62 2344 3.99751
43 2351 4.59816
33 2352 4.62493
45 2357 5.07616
53 2360 5.249
59 2361 5.27085
42 2363 5.32777
60 2366 5.50881
39 2368 5.68449
57 2370 5.72174
28 2372 5.83879
64 2374 5.91136
31 2377 6.18631
54 2382 6.5164
52 2384 6.59757
36 2386 6.74182
50 2387 6.74572
29 2390 6.94096
40 2394 7.25794
41 2395 7.26957
26 2398 7.43141
38 2399 7.46045
45 2401 7.54119
55 2402 7.5765
25 2404 7.6299
27 2408 7.89648
35 2409 7.89994
51 2411 8.05147
34 2414 8.19551
28 2415 8.22157
62 2416 8.22508
53 2417 8.28942
46 2419 8.33306
63 2422 8.49727
39 2423 8.53174
54 2424 8.5458
48 2430 9.0606
49 2433 9.2179
56 2434 9.23947
44 2437 9.39608
30 2440 9.60885
42 2442 9.78491
59 2444 9.87129
40 2446 9.92354
43 2449 10.1378
57 2451 10.2267
31 2453 10.343
33 2455 10.4612
50 2457 10.5542
26 2461 10.8719
35 2463 10.9679
25 2466 11.1127
32 2467 11.1165
60 2468 11.1187
37 2469 11.1306
55 2475 11.6102
27 2476 11.6145
41 2477 11.6581
58 2479 11.7203
38 2480 11.745
64 2482 11.8037
52 2486 12.1797
29 2487 12.1916
28 2489 12.2219
63 2490 12.2303
36 2492 12.3316
51 2493 12.3887
34 2496 12.5272
39 2497 12.5664
62 2499 12.5998
56 2500 12.6478
45 2507 13.2549
61 2509 13.3178
53 2510 13.3654
26 2511 13.3868
44 2514 13.5852
59 2516 13.6663
42 2518 13.707
38 2519 13.7757
31 2522 13.9088
46 2524 14.0206
28 2528 14.2938
40 2530 14.4905
49 2532 14.4977
32 2536 14.8432
48 2537 14.88
