56 29
52 30
30 31
65 32
27 32
55 29
6 29
5 29
7 29
4 29
8 29
3 29
34 29
9 29
32 29
39 29
2 29
10 29
1 29
11 29
12 29
13 29
14 29
15 29
36 29
16 29
17 29
18 29
19 29
20 29
67 29
21 29
22 29
23 29
25 29
24 29
28 29
58 30
25 30
23 30
22 30
24 30
21 30
20 30
19 30
18 30
17 30
16 30
15 30
14 30
13 30
12 30
11 30
10 30
9 30
8 30
7 30
6 30
55 30
5 30
4 30
3 30
2 30
1 30
52 29
61 29
70 31
5 31
4 31
6 31
3 31
7 31
2 31
8 31
1 31
9 31
10 31
11 31
12 31
13 31
14 31
15 31
16 31
17 31
18 31
19 31
20 31
21 31
22 31
23 31
24 31
30 29
29 29
25 31
69 29
67 30
74 28
24 28
23 28
22 28
21 28
20 28
19 28
18 28
17 28
16 28
15 28
14 28
13 28
12 28
11 28
10 28
9 28
8 28
7 28
6 28
5 28
4 28
3 28
2 28
1 28
45 29
63 29
33 32
47 29
65 29
47 33
2 33
1 33
3 33
63 33
4 33
5 33
6 33
7 33
8 33
9 33
10 33
11 33
12 33
13 33
14 33
15 33
16 33
17 33
18 33
19 33
20 33
21 33
22 33
23 33
24 33
57 29
70 29
30 28
43 29
50 29
66 29
25 28
52 31
47 34
17 34
16 34
18 34
15 34
19 34
14 34
20 34
13 34
21 34
12 34
22 34
11 34
23 34
10 34
24 34
9 34
8 34
7 34
6 34
5 34
4 34
3 34
2 34
1 34
25 34
52 34
29 31
42 29
45 33
74 33
33 29
65 33
33 33
46 29
44 29
64 29
31 29
42 36
17 36
16 36
18 36
15 36
19 36
14 36
20 36
13 36
21 36
12 36
22 36
11 36
23 36
10 36
24 36
9 36
8 36
7 36
6 36
5 36
4 36
3 36
2 36
1 36
70 28
72 31
30 34
72 34
49 29
43 34
38 29
29 37
22 37
21 37
23 37
20 37
24 37
19 37
18 37
17 37
16 37
15 37
14 37
13 37
12 37
11 37
10 37
9 37
8 37
7 37
6 37
5 37
4 37
3 37
30 37
2 37
1 37
60 29
52 35
23 35
22 35
24 35
21 35
20 35
19 35
18 35
17 35
16 35
15 35
14 35
13 35
12 35
11 35
10 35
9 35
8 35
7 35
6 35
5 35
4 35
3 35
2 35
1 35
61 31
67 28
33 36
53 29
73 29
47 36
73 36
