50 48
93 49
5 49
4 49
6 49
38 49
51 49
75 49
90 49
3 49
83 49
7 49
29 49
30 49
41 49
2 49
8 49
49 49
1 49
9 49
53 49
32 49
10 49
11 49
12 49
69 49
13 49
14 49
56 49
82 49
15 49
31 49
16 49
17 49
18 49
63 49
72 49
19 49
20 49
25 49
21 49
22 49
39 49
46 49
52 49
23 49
24 49
42 49
65 49
88 49
54 49
48 49
27 49
64 48
9 48
8 48
10 48
7 48
11 48
6 48
12 48
5 48
13 48
4 48
14 48
3 48
15 48
2 48
16 48
1 48
17 48
18 48
19 48
20 48
21 48
22 48
23 48
24 48
77 49
87 49
70 49
84 49
87 50
3 50
2 50
4 50
1 50
5 50
6 50
7 50
8 50
9 50
10 50
11 50
12 50
13 50
14 50
15 50
16 50
17 50
18 50
19 50
20 50
21 50
22 50
23 50
24 50
86 49
61 49
81 49
73 49
91 49
51 48
36 49
86 51
10 51
9 51
11 51
8 51
12 51
7 51
13 51
6 51
14 51
5 51
15 51
4 51
16 51
3 51
17 51
2 51
18 51
1 51
19 51
20 51
21 51
22 51
23 51
24 51
76 49
77 50
94 49
65 48
48 48
74 49
25 48
58 49
37 49
77 52
84 50
34 49
76 54
15 54
14 54
16 54
13 54
17 54
12 54
18 54
11 54
19 54
10 54
20 54
9 54
21 54
8 54
22 54
7 54
23 54
6 54
24 54
5 54
4 54
3 54
2 54
1 54
65 53
12 53
11 53
13 53
10 53
14 53
9 53
15 53
8 53
16 53
7 53
17 53
6 53
18 53
5 53
19 53
4 53
20 53
3 53
21 53
2 53
22 53
1 53
23 53
24 53
61 51
44 49
81 51
94 52
16 52
15 52
17 52
14 52
18 52
13 52
19 52
12 52
20 52
11 52
21 52
10 52
22 52
9 52
23 52
8 52
24 52
7 52
6 52
5 52
4 52
3 52
2 52
1 52
77 54
85 49
73 51
51 51
45 49
50 49
80 49
60 49
65 52
79 49
68 49
76 53
74 54
89 49
87 51
89 51
77 55
10 55
9 55
11 55
8 55
12 55
7 55
13 55
6 55
14 55
5 55
15 55
4 55
16 55
3 55
17 55
2 55
18 55
1 55
19 55
87 55
20 55
21 55
22 55
23 55
24 55
55 49
84 54
78 49
86 54
