25 38
26 39
54 39
36 39
81 42
46 42
57 42
61 42
60 42
55 43
20 43
19 43
21 43
18 43
70 43
22 43
31 43
62 43
63 43
17 43
23 43
39 43
16 43
24 43
15 43
27 43
71 43
35 43
14 43
13 43
12 43
46 43
57 43
61 43
11 43
28 43
10 43
9 43
8 43
7 43
6 43
5 43
4 43
3 43
34 43
2 43
1 43
29 43
56 38
6 38
5 38
7 38
4 38
8 38
3 38
9 38
2 38
10 38
1 38
11 38
29 38
12 38
13 38
14 38
15 38
16 38
17 38
18 38
19 38
20 38
21 38
22 38
23 38
24 38
53 43
25 43
48 39
15 39
14 39
16 39
13 39
17 39
12 39
18 39
11 39
19 39
10 39
20 39
9 39
21 39
8 39
22 39
7 39
23 39
6 39
24 39
5 39
4 39
3 39
2 39
1 39
59 42
14 42
13 42
15 42
12 42
16 42
11 42
17 42
10 42
18 42
9 42
19 42
8 42
20 42
7 42
21 42
6 42
22 42
5 42
23 42
4 42
24 42
3 42
2 42
1 42
73 43
74 40
23 40
22 40
24 40
21 40
20 40
19 40
18 40
17 40
16 40
15 40
14 40
13 40
12 40
11 40
10 40
9 40
8 40
7 40
6 40
5 40
4 40
3 40
2 40
1 40
84 43
64 41
11 41
10 41
12 41
9 41
13 41
8 41
14 41
7 41
15 41
6 41
16 41
5 41
17 41
4 41
18 41
3 41
19 41
2 41
20 41
1 41
21 41
22 41
23 41
24 41
80 43
44 43
44 44
3 44
2 44
4 44
1 44
5 44
6 44
7 44
8 44
9 44
10 44
11 44
12 44
13 44
14 44
15 44
16 44
17 44
18 44
19 44
20 44
21 44
22 44
23 44
24 44
37 43
42 43
77 43
42 45
2 45
1 45
3 45
4 45
5 45
6 45
7 45
8 45
9 45
10 45
11 45
12 45
13 45
14 45
15 45
16 45
17 45
18 45
19 45
20 45
21 45
22 45
23 45
24 45
64 44
30 43
52 43
29 39
44 45
69 43
74 43
84 41
55 38
37 45
77 45
33 43
30 47
17 47
16 47
18 47
15 47
19 47
14 47
20 47
13 47
21 47
12 47
22 47
11 47
23 47
10 47
24 47
9 47
8 47
7 47
6 47
5 47
4 47
3 47
2 47
1 47
76 43
54 43
67 42
81 43
79 43
53 39
52 47
42 46
13 46
12 46
14 46
11 46
15 46
10 46
16 46
9 46
17 46
8 46
18 46
7 46
19 46
6 46
20 46
5 46
21 46
4 46
22 46
3 46
23 46
2 46
24 46
1 46
68 43
32 43
47 43
66 43
72 43
74 41
65 43
84 47
