0 7134
0 7135
0 7136
0 7137
0 7138
0 7139
0 7140
0 7141
0 7142
0 7143
0 7144
0 7145
0 7146
0 7147
0 7148
0 7149
0 7150
0 7151
0 7152
0 7153
0 7155
54 7154
0 7156
46 7158
5 7158
4 7158
3 7158
2 7158
1 7158
0 7159
67 7161
16 7161
17 7161
18 7161
19 7161
20 7161
21 7161
22 7161
23 7161
24 7161
120 7165
0 7166
115 7162
3 7162
2 7162
1 7162
34 7164
17 7164
18 7164
19 7164
20 7164
21 7164
22 7164
23 7164
24 7164
0 7168
78 7167
104 7167
74 7171
10 7171
9 7171
8 7171
7 7171
6 7171
5 7171
4 7171
3 7171
2 7171
1 7171
112 7172
0 7173
57 7169
11 7169
10 7169
9 7169
8 7169
7 7169
6 7169
5 7169
4 7169
3 7169
2 7169
1 7169
117 7163
2 7163
1 7163
83 7170
20 7170
21 7170
22 7170
23 7170
24 7170
66 7178
0 7181
29 7174
103 7176
95 7179
0 7183
70 7184
68 7175
3 7175
2 7175
1 7175
30 7165
19 7165
20 7165
21 7165
22 7165
23 7165
24 7165
52 7179
73 7182
2 7182
1 7182
0 7188
85 7184
102 7174
50 7174
94 7190
101 7154
24 7154
61 7187
0 7191
71 7189
31 7157
56 7184
122 7160
3 7160
2 7160
1 7160
59 7190
19 7190
20 7190
21 7190
22 7190
23 7190
24 7190
0 7195
37 7189
104 7189
123 7192
36 7178
27 7180
45 7194
64 7194
11 7194
10 7194
9 7194
8 7194
7 7194
6 7194
5 7194
4 7194
3 7194
2 7194
1 7194
0 7196
106 7192
19 7192
20 7192
21 7192
22 7192
23 7192
24 7192
47 7178
84 7199
41 7186
10 7186
9 7186
8 7186
7 7186
6 7186
5 7186
4 7186
3 7186
2 7186
1 7186
80 7180
2 7180
1 7180
0 7201
90 7184
8 7184
7 7184
6 7184
5 7184
4 7184
3 7184
2 7184
1 7184
62 7177
22 7177
23 7177
24 7177
111 7203
99 7172
22 7172
23 7172
24 7172
0 7204
78 7189
4 7189
3 7189
2 7189
1 7189
69 7197
115 7176
87 7178
36 7200
86 7202
108 7187
4 7187
3 7187
2 7187
1 7187
0 7205
104 7206
102 7207
79 7207
81 7174
20 7174
21 7174
22 7174
23 7174
24 7174
26 7176
8 7176
7 7176
6 7176
5 7176
4 7176
3 7176
2 7176
1 7176
26 7208
8 7208
7 7208
6 7208
5 7208
4 7208
3 7208
2 7208
1 7208
0 7209
78 7206
29 7207
20 7207
21 7207
22 7207
23 7207
24 7207
124 7213
0 7214
56 7210
10 7210
9 7210
8 7210
7 7210
6 7210
5 7210
4 7210
3 7210
2 7210
1 7210
90 7211
10 7211
9 7211
8 7211
7 7211
6 7211
5 7211
4 7211
3 7211
2 7211
1 7211
0 7215
114 7217
9 7217
8 7217
7 7217
6 7217
5 7217
4 7217
3 7217
2 7217
1 7217
42 7179
66 7179
2 7179
1 7179
51 7203
22 7203
23 7203
24 7203
0 7218
35 7219
17 7219
18 7219
19 7219
20 7219
21 7219
22 7219
23 7219
24 7219
120 7199
24 7199
106 7221
23 7221
24 7221
0 7223
38 7212
2 7212
1 7212
72 7202
2 7202
1 7202
65 7226
59 7220
24 7220
79 7222
0 7227
28 7197
73 7197
8 7197
7 7197
6 7197
5 7197
4 7197
3 7197
2 7197
1 7197
118 7193
48 7224
0 7229
33 7216
85 7230
49 7225
7 7225
6 7225
5 7225
4 7225
3 7225
2 7225
1 7225
52 7234
0 7235
56 7230
87 7239
4 7239
3 7239
2 7239
1 7239
44 7240
19 7240
20 7240
21 7240
22 7240
23 7240
24 7240
80 7241
77 7231
18 7231
19 7231
20 7231
21 7231
22 7231
23 7231
24 7231
107 7232
7 7232
6 7232
5 7232
4 7232
3 7232
2 7232
1 7232
64 7226
95 7234
5 7234
4 7234
3 7234
2 7234
1 7234
0 7242
32 7193
19 7193
20 7193
21 7193
22 7193
23 7193
24 7193
100 7238
110 7245
22 7245
23 7245
24 7245
0 7246
75 7198
97 7233
29 7222
102 7222
0 7250
92 7243
37 7206
53 7247
121 7233
15 7233
16 7233
17 7233
18 7233
19 7233
20 7233
21 7233
22 7233
23 7233
24 7233
105 7226
18 7226
19 7226
20 7226
21 7226
22 7226
23 7226
24 7226
0 7256
34 7243
118 7247
108 7258
10 7258
9 7258
8 7258
7 7258
6 7258
5 7258
4 7258
3 7258
2 7258
1 7258
37 7260
30 7254
3 7254
2 7254
1 7254
27 7241
9 7241
8 7241
7 7241
6 7241
5 7241
4 7241
3 7241
2 7241
1 7241
63 7255
19 7255
20 7255
21 7255
22 7255
23 7255
24 7255
0 7261
48 7243
91 7262
32 7247
21 7247
22 7247
23 7247
24 7247
74 7198
53 7198
50 7252
1 7252
32 7265
21 7265
22 7265
23 7265
24 7265
104 7260
11 7260
10 7260
9 7260
8 7260
7 7260
6 7260
5 7260
4 7260
3 7260
2 7260
1 7260
60 7228
5 7228
4 7228
3 7228
2 7228
1 7228
0 7267
84 7243
98 7248
105 7264
19 7264
20 7264
21 7264
22 7264
23 7264
24 7264
40 7237
16 7237
17 7237
18 7237
19 7237
20 7237
21 7237
22 7237
23 7237
24 7237
46 7268
18 7268
19 7268
20 7268
21 7268
22 7268
23 7268
24 7268
93 7270
47 7271
7 7271
6 7271
5 7271
4 7271
3 7271
2 7271
1 7271
0 7275
64 7263
88 7251
67 7244
90 7230
70 7230
16 7230
17 7230
18 7230
19 7230
20 7230
21 7230
22 7230
23 7230
24 7230
101 7266
54 7266
9 7266
8 7266
7 7266
6 7266
5 7266
4 7266
3 7266
2 7266
1 7266
55 7185
18 7185
19 7185
20 7185
21 7185
22 7185
23 7185
24 7185
25 7269
1 7269
76 7272
81 7222
0 7278
96 7277
16 7277
17 7277
18 7277
19 7277
20 7277
21 7277
22 7277
23 7277
24 7277
105 7263
20 7263
21 7263
22 7263
23 7263
24 7263
109 7248
82 7213
39 7249
0 7281
30 7243
5 7243
4 7243
3 7243
2 7243
1 7243
98 7251
113 7253
2 7253
1 7253
66 7273
0 7283
88 7248
20 7248
21 7248
22 7248
23 7248
24 7248
36 7273
0 7284
73 7285
83 7279
8 7279
7 7279
6 7279
5 7279
4 7279
3 7279
2 7279
1 7279
103 7286
95 7280
50 7222
4 7222
3 7222
2 7222
1 7222
0 7288
119 7262
15 7262
16 7262
17 7262
18 7262
19 7262
20 7262
21 7262
22 7262
23 7262
24 7262
68 7282
16 7282
17 7282
18 7282
19 7282
20 7282
21 7282
22 7282
23 7282
24 7282
28 7285
99 7257
7 7257
6 7257
5 7257
4 7257
3 7257
2 7257
1 7257
115 7286
0 7289
122 7285
112 7287
8 7287
7 7287
6 7287
5 7287
4 7287
3 7287
2 7287
1 7287
43 7274
0 7290
123 7291
110 7270
63 7249
24 7249
0 7293
86 7294
84 7295
109 7251
23 7251
24 7251
120 7244
8 7244
7 7244
6 7244
5 7244
4 7244
3 7244
2 7244
1 7244
93 7272
4 7272
3 7272
2 7272
1 7272
0 7297
92 7295
118 7198
1 7198
26 7286
81 7296
42 7280
0 7298
34 7295
30 7295
9 7295
8 7295
7 7295
6 7295
5 7295
4 7295
3 7295
2 7295
1 7295
115 7292
122 7299
102 7296
0 7300
26 7292
28 7299
74 7301
2 7301
1 7301
0 7302
100 7291
69 7285
18 7285
19 7285
20 7285
21 7285
22 7285
23 7285
24 7285
94 7216
9 7216
8 7216
7 7216
6 7216
5 7216
4 7216
3 7216
2 7216
1 7216
70 7304
27 7305
42 7306
0 7308
124 7303
106 7291
9 7291
8 7291
7 7291
6 7291
5 7291
4 7291
3 7291
2 7291
1 7291
85 7304
103 7292
21 7292
22 7292
23 7292
24 7292
66 7306
14 7306
15 7306
16 7306
17 7306
18 7306
19 7306
20 7306
21 7306
22 7306
23 7306
24 7306
79 7296
0 7311
72 7294
13 7294
14 7294
15 7294
16 7294
17 7294
18 7294
19 7294
20 7294
21 7294
22 7294
23 7294
24 7294
117 7313
20 7313
21 7313
22 7313
23 7313
24 7313
56 7304
73 7299
69 7299
19 7299
20 7299
21 7299
22 7299
23 7299
24 7299
80 7305
50 7296
9 7296
8 7296
7 7296
6 7296
5 7296
4 7296
3 7296
2 7296
1 7296
0 7314
114 7286
22 7286
23 7286
24 7286
60 7213
13 7213
14 7213
15 7213
16 7213
17 7213
18 7213
19 7213
20 7213
21 7213
22 7213
23 7213
24 7213
45 7307
0 7317
29 7312
54 7309
0 7320
53 7318
5 7318
4 7318
3 7318
2 7318
1 7318
49 7305
19 7305
20 7305
21 7305
22 7305
23 7305
24 7305
78 7319
52 7280
16 7280
17 7280
18 7280
19 7280
20 7280
21 7280
22 7280
23 7280
24 7280
87 7273
80 7316
0 7323
102 7312
106 7324
37 7319
0 7326
81 7312
79 7312
11 7312
10 7312
9 7312
8 7312
7 7312
6 7312
5 7312
4 7312
3 7312
2 7312
1 7312
83 7303
108 7322
0 7327
56 7329
0 7330
101 7309
19 7309
20 7309
21 7309
22 7309
23 7309
24 7309
58 7259
6 7259
5 7259
4 7259
3 7259
2 7259
1 7259
57 7333
8 7333
7 7333
6 7333
5 7333
4 7333
3 7333
2 7333
1 7333
76 7270
10 7270
9 7270
8 7270
7 7270
6 7270
5 7270
4 7270
3 7270
2 7270
1 7270
0 7336
34 7331
15 7331
16 7331
17 7331
18 7331
19 7331
20 7331
21 7331
22 7331
23 7331
24 7331
51 7315
13 7315
14 7315
15 7315
16 7315
17 7315
18 7315
19 7315
20 7315
21 7315
22 7315
23 7315
24 7315
0 7339
89 7276
20 7276
21 7276
22 7276
23 7276
24 7276
82 7303
49 7340
28 7337
121 7332
101 7338
20 7338
21 7338
22 7338
23 7338
24 7338
25 7341
12 7341
11 7341
10 7341
9 7341
8 7341
7 7341
6 7341
5 7341
4 7341
3 7341
2 7341
1 7341
104 7319
23 7319
24 7319
70 7329
2 7329
1 7329
111 7325
0 7342
93 7328
48 7343
80 7340
22 7340
23 7340
24 7340
73 7337
105 7344
61 7322
23 7322
24 7322
27 7316
22 7316
23 7316
24 7316
0 7345
110 7328
67 7343
120 7343
67 7346
69 7337
0 7347
71 7206
24 7206
60 7303
18 7303
19 7303
20 7303
21 7303
22 7303
23 7303
24 7303
94 7348
48 7346
0 7350
116 7236
13 7236
14 7236
15 7236
16 7236
17 7236
18 7236
19 7236
20 7236
21 7236
22 7236
23 7236
24 7236
120 7346
17 7346
18 7346
19 7346
20 7346
21 7346
22 7346
23 7346
24 7346
0 7355
59 7351
122 7337
1 7337
113 7356
14 7356
15 7356
16 7356
17 7356
18 7356
19 7356
20 7356
21 7356
22 7356
23 7356
24 7356
32 7352
0 7357
33 7348
61 7359
53 7352
11 7352
10 7352
9 7352
8 7352
7 7352
6 7352
5 7352
4 7352
3 7352
2 7352
1 7352
118 7353
32 7353
11 7353
10 7353
9 7353
8 7353
7 7353
6 7353
5 7353
4 7353
3 7353
2 7353
1 7353
0 7361
94 7351
90 7304
64 7344
9 7344
8 7344
7 7344
6 7344
5 7344
4 7344
3 7344
2 7344
1 7344
114 7363
0 7364
62 7321
110 7362
103 7363
5 7363
4 7363
3 7363
2 7363
1 7363
63 7335
45 7335
10 7335
9 7335
8 7335
7 7335
6 7335
5 7335
4 7335
3 7335
2 7335
1 7335
41 7360
55 7360
8 7360
7 7360
6 7360
5 7360
4 7360
3 7360
2 7360
1 7360
91 7365
119 7365
3 7365
2 7365
1 7365
0 7366
86 7358
72 7358
93 7362
15 7362
16 7362
17 7362
18 7362
19 7362
20 7362
21 7362
22 7362
23 7362
24 7362
97 7332
7 7332
6 7332
5 7332
4 7332
3 7332
2 7332
1 7332
104 7369
0 7370
36 7371
23 7371
24 7371
33 7351
19 7351
20 7351
21 7351
22 7351
23 7351
24 7351
50 7367
123 7324
82 7372
22 7372
23 7372
24 7372
52 7368
85 7374
71 7369
98 7354
0 7379
81 7367
38 7358
23 7358
24 7358
66 7368
84 7373
21 7373
22 7373
23 7373
24 7373
97 7375
8 7375
7 7375
6 7375
5 7375
4 7375
3 7375
2 7375
1 7375
31 7334
1 7334
60 7349
78 7369
46 7274
10 7274
9 7274
8 7274
7 7274
6 7274
5 7274
4 7274
3 7274
2 7274
1 7274
0 7381
40 7304
8 7304
7 7304
6 7304
5 7304
4 7304
3 7304
2 7304
1 7304
94 7324
20 7324
21 7324
22 7324
23 7324
24 7324
87 7368
112 7376
22 7376
23 7376
24 7376
82 7349
0 7383
103 7380
7 7380
6 7380
5 7380
4 7380
3 7380
2 7380
1 7380
44 7384
96 7374
8 7374
7 7374
6 7374
5 7374
4 7374
3 7374
2 7374
1 7374
72 7378
88 7354
11 7354
10 7354
9 7354
8 7354
7 7354
6 7354
5 7354
4 7354
3 7354
2 7354
1 7354
68 7385
6 7385
5 7385
4 7385
3 7385
2 7385
1 7385
0 7386
46 7387
33 7382
21 7382
22 7382
23 7382
24 7382
59 7348
21 7348
22 7348
23 7348
24 7348
0 7391
99 7321
43 7387
88 7387
87 7392
70 7388
76 7328
18 7328
19 7328
20 7328
21 7328
22 7328
23 7328
24 7328
79 7367
73 7393
69 7393
45 7389
124 7349
0 7394
92 7321
23 7321
24 7321
52 7392
29 7367
102 7367
20 7367
21 7367
22 7367
23 7367
24 7367
35 7384
16 7384
17 7384
18 7384
19 7384
20 7384
21 7384
22 7384
23 7384
24 7384
115 7377
107 7310
4 7310
3 7310
2 7310
1 7310
0 7395
76 7396
110 7396
19 7396
20 7396
21 7396
22 7396
23 7396
24 7396
54 7399
101 7399
3 7399
2 7399
1 7399
75 7400
0 7401
28 7393
7 7393
6 7393
5 7393
4 7393
3 7393
2 7393
1 7393
65 7307
15 7307
16 7307
17 7307
18 7307
19 7307
20 7307
21 7307
22 7307
23 7307
24 7307
40 7390
90 7390
11 7390
10 7390
9 7390
8 7390
7 7390
6 7390
5 7390
4 7390
3 7390
2 7390
1 7390
0 7402
100 7398
37 7369
7 7369
6 7369
5 7369
4 7369
3 7369
2 7369
1 7369
0 7403
56 7388
64 7397
15 7397
16 7397
17 7397
18 7397
19 7397
20 7397
21 7397
22 7397
23 7397
24 7397
56 7404
69 7405
0 7407
117 7408
119 7409
106 7398
24 7398
70 7404
12 7404
11 7404
10 7404
9 7404
8 7404
7 7404
6 7404
5 7404
4 7404
3 7404
2 7404
1 7404
53 7410
124 7411
122 7405
0 7413
118 7410
55 7415
82 7411
73 7405
83 7349
86 7349
3 7349
2 7349
1 7349
0 7416
30 7343
1 7343
60 7411
3 7411
2 7411
1 7411
63 7389
0 7421
29 7417
27 7414
49 7414
8 7414
7 7414
6 7414
5 7414
4 7414
3 7414
2 7414
1 7414
32 7410
89 7412
7 7412
6 7412
5 7412
4 7412
3 7412
2 7412
1 7412
0 7423
44 7410
20 7410
21 7410
22 7410
23 7410
24 7410
41 7415
16 7415
17 7415
18 7415
19 7415
20 7415
21 7415
22 7415
23 7415
24 7415
42 7406
51 7325
0 7425
59 7426
94 7426
98 7387
17 7387
18 7387
19 7387
20 7387
21 7387
22 7387
23 7387
24 7387
79 7417
96 7427
14 7427
15 7427
16 7427
17 7427
18 7427
19 7427
20 7427
21 7427
22 7427
23 7427
24 7427
88 7429
68 7408
12 7408
11 7408
10 7408
9 7408
8 7408
7 7408
6 7408
5 7408
4 7408
3 7408
2 7408
1 7408
122 7422
57 7418
21 7418
22 7418
23 7418
24 7418
36 7368
6 7368
5 7368
4 7368
3 7368
2 7368
1 7368
120 7431
0 7432
50 7417
32 7428
46 7429
43 7429
73 7422
11 7422
10 7422
9 7422
8 7422
7 7422
6 7422
5 7422
4 7422
3 7422
2 7422
1 7422
52 7406
36 7406
48 7431
3 7431
2 7431
1 7431
0 7433
102 7424
53 7428
21 7428
22 7428
23 7428
24 7428
58 7419
20 7419
21 7419
22 7419
23 7419
24 7419
26 7377
103 7377
39 7420
20 7420
21 7420
22 7420
23 7420
24 7420
47 7273
7 7273
6 7273
5 7273
4 7273
3 7273
2 7273
1 7273
118 7438
0 7439
74 7440
65 7389
20 7389
21 7389
22 7389
23 7389
24 7389
41 7443
18 7443
19 7443
20 7443
21 7443
22 7443
23 7443
24 7443
114 7377
15 7377
16 7377
17 7377
18 7377
19 7377
20 7377
21 7377
22 7377
23 7377
24 7377
34 7437
53 7438
22 7438
23 7438
24 7438
0 7444
66 7392
85 7388
16 7388
17 7388
18 7388
19 7388
20 7388
21 7388
22 7388
23 7388
24 7388
78 7442
12 7442
11 7442
10 7442
9 7442
8 7442
7 7442
6 7442
5 7442
4 7442
3 7442
2 7442
1 7442
87 7406
8 7406
7 7406
6 7406
5 7406
4 7406
3 7406
2 7406
1 7406
43 7436
19 7436
20 7436
21 7436
22 7436
23 7436
24 7436
84 7437
92 7437
99 7437
5 7437
4 7437
3 7437
2 7437
1 7437
100 7325
0 7446
101 7447
77 7400
22 7400
23 7400
24 7400
93 7435
95 7445
9 7445
8 7445
7 7445
6 7445
5 7445
4 7445
3 7445
2 7445
1 7445
0 7448
62 7449
6 7449
5 7449
4 7449
3 7449
2 7449
1 7449
76 7435
0 7450
75 7440
23 7440
24 7440
42 7392
110 7435
2 7435
1 7435
38 7378
9 7378
8 7378
7 7378
6 7378
5 7378
4 7378
3 7378
2 7378
1 7378
0 7452
108 7451
121 7453
19 7453
20 7453
21 7453
22 7453
23 7453
24 7453
0 7456
80 7454
27 7454
13 7454
14 7454
15 7454
16 7454
17 7454
18 7454
19 7454
20 7454
21 7454
22 7454
23 7454
24 7454
54 7447
12 7447
11 7447
10 7447
9 7447
8 7447
7 7447
6 7447
5 7447
4 7447
3 7447
2 7447
1 7447
90 7455
0 7458
87 7459
25 7441
4 7441
3 7441
2 7441
1 7441
91 7409
16 7409
17 7409
18 7409
19 7409
20 7409
21 7409
22 7409
23 7409
24 7409
92 7460
51 7461
6 7461
5 7461
4 7461
3 7461
2 7461
1 7461
0 7462
29 7424
5 7424
4 7424
3 7424
2 7424
1 7424
36 7392
11 7392
10 7392
9 7392
8 7392
7 7392
6 7392
5 7392
4 7392
3 7392
2 7392
1 7392
47 7459
11 7459
10 7459
9 7459
8 7459
7 7459
6 7459
5 7459
4 7459
3 7459
2 7459
1 7459
111 7457
6 7457
5 7457
4 7457
3 7457
2 7457
1 7457
34 7460
8 7460
7 7460
6 7460
5 7460
4 7460
3 7460
2 7460
1 7460
105 7430
28 7405
16 7405
17 7405
18 7405
19 7405
20 7405
21 7405
22 7405
23 7405
24 7405
0 7464
109 7434
23 7434
24 7434
26 7463
0 7467
99 7465
9 7465
8 7465
7 7465
6 7465
5 7465
4 7465
3 7465
2 7465
1 7465
115 7463
0 7470
123 7426
8 7426
7 7426
6 7426
5 7426
4 7426
3 7426
2 7426
1 7426
61 7451
16 7451
17 7451
18 7451
19 7451
20 7451
21 7451
22 7451
23 7451
24 7451
37 7471
104 7471
103 7463
0 7473
33 7472
9 7472
8 7472
7 7472
6 7472
5 7472
4 7472
3 7472
2 7472
1 7472
31 7469
15 7469
16 7469
17 7469
18 7469
19 7469
20 7469
21 7469
22 7469
23 7469
24 7469
76 7476
0 7477
91 7475
19 7475
20 7475
21 7475
22 7475
23 7475
24 7475
61 7478
114 7463
21 7463
22 7463
23 7463
24 7463
0 7480
70 7481
79 7468
8 7468
7 7468
6 7468
5 7468
4 7468
3 7468
2 7468
1 7468
71 7471
0 7484
117 7488
20 7488
21 7488
22 7488
23 7488
24 7488
54 7479
16 7479
17 7479
18 7479
19 7479
20 7479
21 7479
22 7479
23 7479
24 7479
106 7325
0 7489
67 7485
48 7485
82 7486
73 7487
78 7471
19 7471
20 7471
21 7471
22 7471
23 7471
24 7471
103 7491
40 7455
24 7455
44 7492
32 7492
0 7493
50 7474
83 7486
124 7486
14 7486
15 7486
16 7486
17 7486
18 7486
19 7486
20 7486
21 7486
22 7486
23 7486
24 7486
85 7481
56 7481
24 7481
110 7476
8 7476
7 7476
6 7476
5 7476
4 7476
3 7476
2 7476
1 7476
30 7490
12 7490
11 7490
10 7490
9 7490
8 7490
7 7490
6 7490
5 7490
4 7490
3 7490
2 7490
1 7490
48 7496
12 7496
11 7496
10 7496
9 7496
8 7496
7 7496
6 7496
5 7496
4 7496
3 7496
2 7496
1 7496
118 7492
53 7492
5 7492
4 7492
3 7492
2 7492
1 7492
0 7497
122 7487
0 7500
120 7485
49 7498
19 7498
20 7498
21 7498
22 7498
23 7498
24 7498
28 7487
46 7499
100 7495
26 7491
0 7502
79 7474
11 7474
10 7474
9 7474
8 7474
7 7474
6 7474
5 7474
4 7474
3 7474
2 7474
1 7474
124 7503
113 7501
10 7501
9 7501
8 7501
7 7501
6 7501
5 7501
4 7501
3 7501
2 7501
1 7501
98 7429
3 7429
2 7429
1 7429
97 7466
1 7466
85 7494
60 7482
15 7482
16 7482
17 7482
18 7482
19 7482
20 7482
21 7482
22 7482
23 7482
24 7482
72 7483
16 7483
17 7483
18 7483
19 7483
20 7483
21 7483
22 7483
23 7483
24 7483
0 7505
82 7503
52 7504
63 7507
5 7507
4 7507
3 7507
2 7507
1 7507
106 7495
0 7509
81 7417
12 7417
11 7417
10 7417
9 7417
8 7417
7 7417
6 7417
5 7417
4 7417
3 7417
2 7417
1 7417
36 7510
66 7504
94 7506
43 7499
64 7430
5 7430
4 7430
3 7430
2 7430
1 7430
0 7512
87 7510
18 7510
19 7510
20 7510
21 7510
22 7510
23 7510
24 7510
69 7487
23 7487
24 7487
36 7504
59 7506
32 7514
122 7508
56 7494
2 7494
1 7494
120 7515
15 7515
16 7515
17 7515
18 7515
19 7515
20 7515
21 7515
22 7515
23 7515
24 7515
96 7511
70 7511
85 7511
2 7511
1 7511
0 7516
98 7499
5 7499
4 7499
3 7499
2 7499
1 7499
73 7508
0 7520
83 7503
78 7517
68 7513
114 7522
26 7522
2 7522
1 7522
77 7523
8 7523
7 7523
6 7523
5 7523
4 7523
3 7523
2 7523
1 7523
28 7508
24 7508
115 7491
2 7491
1 7491
0 7525
110 7527
12 7527
11 7527
10 7527
9 7527
8 7527
7 7527
6 7527
5 7527
4 7527
3 7527
2 7527
1 7527
53 7514
45 7524
0 7529
41 7532
6 7532
5 7532
4 7532
3 7532
2 7532
1 7532
56 7528
4 7528
3 7528
2 7528
1 7528
123 7325
0 7533
87 7534
47 7534
20 7534
21 7534
22 7534
23 7534
24 7534
107 7530
23 7530
24 7530
71 7517
104 7536
59 7325
0 7538
65 7526
35 7521
33 7506
17 7506
18 7506
19 7506
20 7506
21 7506
22 7506
23 7506
24 7506
27 7535
44 7514
43 7537
116 7518
14 7518
15 7518
16 7518
17 7518
18 7518
19 7518
20 7518
21 7518
22 7518
23 7518
24 7518
0 7539
25 7540
15 7540
16 7540
17 7540
18 7540
19 7540
20 7540
21 7540
22 7540
23 7540
24 7540
45 7526
9 7526
8 7526
7 7526
6 7526
5 7526
4 7526
3 7526
2 7526
1 7526
53 7521
0 7541
84 7542
19 7542
20 7542
21 7542
22 7542
23 7542
24 7542
42 7504
22 7504
23 7504
24 7504
80 7535
46 7537
39 7519
0 7544
86 7503
21 7503
22 7503
23 7503
24 7503
58 7519
11 7519
10 7519
9 7519
8 7519
7 7519
6 7519
5 7519
4 7519
3 7519
2 7519
1 7519
93 7543
0 7546
37 7517
2 7517
1 7517
88 7537
9 7537
8 7537
7 7537
6 7537
5 7537
4 7537
3 7537
2 7537
1 7537
76 7543
63 7524
94 7325
19 7325
20 7325
21 7325
22 7325
23 7325
24 7325
0 7552
30 7485
20 7485
21 7485
22 7485
23 7485
24 7485
44 7521
13 7521
14 7521
15 7521
16 7521
17 7521
18 7521
19 7521
20 7521
21 7521
22 7521
23 7521
24 7521
88 7553
95 7531
24 7531
110 7543
0 7554
118 7548
13 7548
14 7548
15 7548
16 7548
17 7548
18 7548
19 7548
20 7548
21 7548
22 7548
23 7548
24 7548
119 7550
0 7555
53 7549
66 7557
0 7558
74 7559
75 7559
14 7559
15 7559
16 7559
17 7559
18 7559
19 7559
20 7559
21 7559
22 7559
23 7559
24 7559
44 7549
91 7550
40 7560
75 7563
14 7563
15 7563
16 7563
17 7563
18 7563
19 7563
20 7563
21 7563
22 7563
23 7563
24 7563
36 7557
0 7564
92 7565
65 7524
0 7566
62 7565
84 7565
23 7565
24 7565
57 7545
16 7545
17 7545
18 7545
19 7545
20 7545
21 7545
22 7545
23 7545
24 7545
89 7568
3 7568
2 7568
1 7568
83 7562
0 7569
54 7556
117 7550
7 7550
6 7550
5 7550
4 7550
3 7550
2 7550
1 7550
35 7514
16 7514
17 7514
18 7514
19 7514
20 7514
21 7514
22 7514
23 7514
24 7514
34 7571
99 7571
124 7562
82 7562
0 7572
76 7575
31 7576
4 7576
3 7576
2 7576
1 7576
50 7567
62 7571
24 7571
29 7561
21 7561
22 7561
23 7561
24 7561
102 7577
21 7577
22 7577
23 7577
24 7577
87 7557
0 7578
69 7547
7 7547
6 7547
5 7547
4 7547
3 7547
2 7547
1 7547
81 7567
28 7570
0 7580
101 7556
4 7556
3 7556
2 7556
1 7556
91 7579
94 7581
69 7570
8 7570
7 7570
6 7570
5 7570
4 7570
3 7570
2 7570
1 7570
73 7584
52 7557
3 7557
2 7557
1 7557
0 7585
46 7553
14 7553
15 7553
16 7553
17 7553
18 7553
19 7553
20 7553
21 7553
22 7553
23 7553
24 7553
38 7582
3 7582
2 7582
1 7582
108 7478
7 7478
6 7478
5 7478
4 7478
3 7478
2 7478
1 7478
32 7549
90 7560
12 7560
11 7560
10 7560
9 7560
8 7560
7 7560
6 7560
5 7560
4 7560
3 7560
2 7560
1 7560
122 7584
39 7524
0 7589
42 7574
4 7574
3 7574
2 7574
1 7574
113 7586
47 7587
0 7590
105 7591
37 7583
100 7588
103 7592
115 7592
26 7592
12 7592
11 7592
10 7592
9 7592
8 7592
7 7592
6 7592
5 7592
4 7592
3 7592
2 7592
1 7592
116 7543
22 7543
23 7543
24 7543
44 7593
0 7594
117 7579
10 7579
9 7579
8 7579
7 7579
6 7579
5 7579
4 7579
3 7579
2 7579
1 7579
110 7575
22 7575
23 7575
24 7575
62 7596
2 7596
1 7596
71 7583
9 7583
8 7583
7 7583
6 7583
5 7583
4 7583
3 7583
2 7583
1 7583
28 7584
35 7593
0 7597
108 7595
98 7598
118 7549
