59 5272 0 100 0.1 2.03292 2.13292
67 5277 0 100 4.66804e-08 2.29832 2.29832
64 5275 0 100 0.2 2.22923 2.42923
72 5280 0 100 1.51711e-07 2.43635 2.43635
48 5283 0 100 1.05031e-07 2.4806 2.4806
56 5293 0 100 1.16701e-08 2.82077 2.82077
66 5295 0 100 9.33608e-08 2.89818 2.89818
50 5278 0 100 0.6 2.31874 2.91874
43 5284 0 100 0.6 2.48094 3.08094
61 5299 0 100 0.2 2.96305 3.16305
28 5297 0 100 0.3 2.93829 3.23829
37 5282 0 100 0.8 2.47643 3.27643
71 5285 0 100 0.8 2.4957 3.2957
40 5296 0 100 0.4 2.91168 3.31168
60 5305 0 100 0.1 3.25229 3.35229
38 5289 0 100 0.8 2.59313 3.39313
44 5309 0 100 1.05031e-07 3.42749 3.42749
62 5307 0 100 0.5 3.40047 3.90047
69 5287 0 100 1.4 2.56017 3.96017
55 5324 0 100 1.40041e-07 4.08538 4.08538
63 5308 0 100 0.7 3.42341 4.12341
26 5302 0 100 1.1 3.0499 4.1499
49 5319 0 100 0.3 3.86575 4.16575
33 5311 0 100 0.9 3.46001 4.36001
45 5313 0 100 0.8 3.56791 4.36791
41 5320 0 100 0.5 3.86867 4.36867
31 5288 0 100 1.9 2.56026 4.46026
73 5332 0 100 0.1 4.38607 4.48607
34 5316 0 100 0.8 3.74299 4.54299
35 5331 0 100 0.2 4.34863 4.54863
70 5326 0 100 0.5 4.15257 4.65257
53 5327 0 100 0.7 4.2087 4.9087
29 5292 0 100 2.1 2.81952 4.91952
37 5349 0 100 4.66804e-08 4.934 4.93401
47 5347 0 100 0.1 4.85228 4.95228
54 5345 0 100 0.3 4.78143 5.08143
30 5335 0 100 0.7 4.45752 5.15752
27 5348 0 100 0.3 4.91721 5.21721
58 5300 0 100 2.3 2.96468 5.26468
29 5357 0 100 1.16701e-07 5.29168 5.29168
42 5342 0 100 0.6 4.70093 5.30093
74 5322 0 100 1.3 4.02934 5.32934
48 5359 0 100 4.66804e-08 5.4027 5.4027
36 5315 0 100 1.8 3.68251 5.48251
59 5361 0 100 1.05031e-07 5.5108 5.5108
64 5354 0 100 0.4 5.16487 5.56487
52 5336 0 100 1.1 4.47787 5.57787
51 5351 0 100 0.7 4.95753 5.65753
44 5364 0 100 0.2 5.72098 5.92098
31 5367 0 100 0.1 5.86293 5.96293
25 5343 0 100 1.4 4.73734 6.13734
43 5355 0 100 1 5.2209 6.2209
46 5341 0 100 1.6 4.66151 6.26151
73 5378 0 100 0.1 6.55117 6.65117
68 5338 0 100 2.1 4.63108 6.73108
65 5333 0 100 2.3 4.43424 6.73424
39 5339 0 100 2.2 4.64461 6.84461
72 5380 0 100 0.2 6.65894 6.85894
49 5385 0 100 1.05031e-07 6.87048 6.87048
50 5371 0 100 0.8 6.1065 6.9065
30 5383 0 100 0.2 6.83002 7.03002
45 5389 0 100 1.05031e-07 7.11614 7.11614
67 5329 0 100 3.4 4.33311 7.73311
69 5373 0 100 1.6 6.1918 7.7918
60 5401 0 100 0.1 7.70809 7.80809
56 5381 0 100 1.1 6.71728 7.81728
71 5406 0 100 1.05031e-07 7.9099 7.9099
41 5393 0 100 0.8 7.22081 8.02081
74 5411 0 100 9.33608e-08 8.06949 8.06949
35 5392 0 100 0.9 7.17714 8.07714
53 5409 0 100 0.1 8.03114 8.13114
66 5400 0 100 0.6 7.66385 8.26385
43 5397 0 100 0.8 7.53017 8.33017
34 5403 0 100 0.5 7.83894 8.33894
38 5405 0 100 0.5 7.87056 8.37056
68 5417 0 100 1.16701e-08 8.38039 8.38039
29 5407 0 100 0.5 7.92494 8.42494
44 5412 0 100 0.6 8.10277 8.70277
42 5428 0 100 0.1 8.99155 9.09155
54 5423 0 100 0.3 8.80506 9.10506
64 5420 0 100 0.7 8.60505 9.30505
55 5424 0 100 0.5 8.8356 9.3356
59 5435 0 100 0.1 9.41542 9.51542
37 5440 0 100 8.16907e-08 9.56557 9.56557
47 5426 0 100 0.7 8.91252 9.61252
36 5432 0 100 0.5 9.16782 9.66782
30 5443 0 100 9.33608e-08 9.73517 9.73517
46 5438 0 100 0.3 9.5235 9.8235
26 5430 0 100 0.7 9.13089 9.83089
65 5415 0 100 1.6 8.32536 9.92536
40 5388 0 100 3.2 7.09465 10.2946
33 5390 0 100 3.2 7.14328 10.3433
72 5449 0 100 0.3 10.0873 10.3873
48 5456 0 100 0.2 10.2791 10.4791
52 5454 0 100 0.3 10.2279 10.5279
49 5462 0 100 1.28371e-07 10.6155 10.6155
27 5442 0 100 1.2 9.68473 10.8847
61 5369 0 100 4.9 6.00434 10.9043
31 5467 0 100 0.1 10.845 10.945
73 5471 0 100 0.1 10.9261 11.0261
45 5465 0 100 0.4 10.6799 11.0799
66 5470 0 100 0.2 10.8958 11.0958
40 5473 0 100 0.1 10.9967 11.0967
62 5477 0 100 0.1 11.1808 11.2808
58 5452 0 100 1.2 10.1446 11.3446
38 5481 0 100 1.16701e-08 11.3567 11.3567
63 5469 0 100 0.5 10.8952 11.3952
39 5461 0 100 0.9 10.5487 11.4487
67 5451 0 100 1.5 10.1233 11.6233
35 5437 0 100 2.2 9.45855 11.6586
28 5459 0 100 1.2 10.5242 11.7242
54 5483 0 100 0.3 11.4992 11.7992
44 5486 0 100 0.1 11.7383 11.8383
60 5488 0 100 0.2 11.7722 11.9722
30 5495 0 100 5.83505e-08 12.0667 12.0667
43 5490 0 100 0.5 11.836 12.336
25 5464 0 100 1.8 10.6505 12.4505
64 5501 0 100 0.1 12.373 12.473
50 5450 0 100 2.5 10.1046 12.6046
26 5499 0 100 0.3 12.3184 12.6184
56 5506 0 100 0.2 12.5861 12.7861
32 5497 0 100 0.6 12.228 12.828
32 5445 0 100 3.1 9.83392 12.9339
65 5508 0 100 0.3 12.7448 13.0448
47 5512 0 100 0.3 12.8805 13.1805
53 5489 0 100 1.4 11.7854 13.1854
57 5518 0 100 0.1 13.2035 13.3035
41 5475 0 100 2.4 11.0529 13.4529
52 5505 0 100 0.9 12.578 13.478
29 5510 0 100 0.7 12.8194 13.5194
33 5514 0 100 0.7 13.0066 13.7066
69 5479 0 100 2.4 11.3148 13.7148
73 5525 0 100 0.1 13.6383 13.7383
55 5522 0 100 0.4 13.4137 13.8137
42 5534 0 100 9.33608e-08 13.9033 13.9033
49 5520 0 100 0.7 13.3409 14.0409
74 5492 0 100 2.2 11.8661 14.0661
34 5533 0 100 0.3 13.8915 14.1915
58 5543 0 100 1.40041e-07 14.2802 14.2802
59 5528 0 100 0.7 13.6723 14.3723
50 5537 0 100 0.5 13.9992 14.4992
36 5529 0 100 0.8 13.713 14.513
38 5540 0 100 0.3 14.2351 14.5351
67 5549 0 100 1.40041e-07 14.5853 14.5853
37 5531 0 100 0.8 13.7976 14.5976
46 5503 0 100 2.3 12.533 14.833
31 5552 0 100 1.05031e-07 14.837 14.837
70 5542 0 100 0.6 14.2793 14.8793
48 5555 0 100 1.05031e-07 14.8824 14.8824
41 5556 0 100 1.28371e-07 14.9116 14.9116
62 5557 0 100 7.00206e-08 14.9464 14.9464
