28 4532 2.36651
44 4533 2.40584
40 4534 2.40696
25 4535 2.435
32 4538 2.57827
37 4540 2.66414
42 4541 2.74787
27 4543 2.83262
38 4547 3.11963
29 4549 3.22875
30 4550 3.23476
31 4552 3.2775
41 4554 3.44798
36 4555 3.45555
43 4557 3.55944
34 4559 3.63819
35 4563 3.94669
39 4565 3.96756
33 4571 4.55771
26 4573 4.61403
41 4584 5.65514
37 4586 5.67888
38 4588 5.77275
25 4592 6.07262
28 4595 6.2983
44 4597 6.43137
29 4599 6.47433
42 4600 6.49958
40 4602 6.64681
30 4607 7.00661
34 4609 7.11694
36 4612 7.34056
43 4617 7.69695
39 4618 7.71773
27 4620 7.82522
33 4623 7.99881
37 4626 8.25804
38 4628 8.27445
26 4630 8.44504
32 4631 8.45345
35 4634 8.57745
34 4641 9.22455
30 4644 9.4187
28 4646 9.47143
44 4649 9.6847
25 4651 9.8012
41 4655 10.1154
42 4661 10.585
29 4666 10.9696
36 4668 11.1457
38 4676 11.8059
40 4679 12.0179
37 4681 12.1493
28 4683 12.1945
30 4685 12.3518
27 4687 12.3775
31 4688 12.4282
32 4690 12.5274
35 4692 12.5972
33 4694 12.7287
39 4696 12.7683
26 4697 12.8455
43 4702 13.1747
44 4704 13.3554
42 4707 13.4767
34 4708 13.5458
25 4712 13.7979
35 4723 14.7805
