46 4747 2.10039
41 4749 2.21355
40 4751 2.3214
28 4752 2.33355
45 4753 2.37207
54 4754 2.37919
44 4755 2.38141
38 4757 2.47738
37 4760 2.67649
33 4762 2.7635
47 4764 2.81988
31 4767 2.99309
32 4768 3.06715
43 4770 3.09036
48 4771 3.17456
49 4773 3.22805
39 4775 3.36567
30 4777 3.44445
52 4778 3.45482
53 4781 3.65373
25 4783 3.69036
35 4784 3.77749
29 4788 4.02718
27 4792 4.36914
34 4794 4.39572
26 4795 4.45564
50 4796 4.46247
42 4799 4.63367
51 4800 4.67127
36 4803 4.79278
43 4812 5.59449
40 4814 5.7055
28 4817 5.89739
45 4820 6.11693
46 4821 6.17053
33 4825 6.45568
38 4828 6.59591
41 4829 6.63434
50 4833 6.95415
37 4835 7.06918
26 4838 7.22541
34 4840 7.33596
25 4843 7.55179
47 4844 7.55434
31 4846 7.61145
54 4847 7.63668
48 4850 7.86291
44 4855 8.23152
32 4856 8.24278
30 4857 8.28045
53 4859 8.34689
49 4861 8.39958
46 4863 8.57562
52 4865 8.65704
27 4867 8.73898
39 4868 8.73932
33 4876 9.39561
51 4878 9.55175
35 4879 9.56982
38 4882 9.74584
28 4885 9.9729
34 4887 10.01
42 4889 10.1693
50 4891 10.1902
31 4892 10.2503
44 4893 10.2585
41 4896 10.4318
40 4899 10.5915
48 4903 10.8879
47 4905 11.005
27 4907 11.1683
43 4909 11.2822
26 4910 11.2865
45 4915 11.6626
29 4920 12.031
37 4921 12.058
38 4924 12.2843
52 4927 12.4044
30 4928 12.4247
54 4931 12.5877
35 4932 12.6328
49 4934 12.7408
25 4936 12.8684
36 4938 12.895
51 4942 13.2233
53 4944 13.3169
46 4946 13.4189
39 4948 13.5432
27 4949 13.5869
32 4951 13.6284
42 4952 13.6562
28 4957 13.9984
50 4958 14.0435
34 4960 14.0911
40 4962 14.2013
41 4964 14.2938
31 4966 14.4156
45 4969 14.6548
38 4973 14.9104
