0 4508
0 4509
0 4510
0 4511
0 4512
0 4513
0 4514
0 4515
0 4516
0 4517
0 4518
0 4519
0 4520
0 4521
0 4522
0 4523
0 4524
0 4525
0 4526
0 4527
0 4528
0 4529
0 4530
0 4531
40 4534
13 4534
14 4534
15 4534
16 4534
17 4534
18 4534
19 4534
20 4534
21 4534
22 4534
23 4534
24 4534
0 4536
0 4537
0 4539
0 4542
42 4541
16 4541
17 4541
18 4541
19 4541
20 4541
21 4541
22 4541
23 4541
24 4541
0 4544
0 4545
28 4532
0 4546
31 4532
44 4533
24 4533
0 4548
0 4551
38 4547
2 4547
1 4547
25 4535
8 4535
7 4535
6 4535
5 4535
4 4535
3 4535
2 4535
1 4535
0 4553
37 4540
20 4540
21 4540
22 4540
23 4540
24 4540
0 4556
31 4552
2 4552
1 4552
30 4550
2 4550
1 4550
41 4554
13 4554
14 4554
15 4554
16 4554
17 4554
18 4554
19 4554
20 4554
21 4554
22 4554
23 4554
24 4554
36 4555
22 4555
23 4555
24 4555
0 4558
0 4560
0 4561
43 4557
10 4557
9 4557
8 4557
7 4557
6 4557
5 4557
4 4557
3 4557
2 4557
1 4557
0 4562
29 4549
16 4549
17 4549
18 4549
19 4549
20 4549
21 4549
22 4549
23 4549
24 4549
0 4564
39 4565
23 4565
24 4565
0 4566
32 4538
13 4538
14 4538
15 4538
16 4538
17 4538
18 4538
19 4538
20 4538
21 4538
22 4538
23 4538
24 4538
27 4543
7 4543
6 4543
5 4543
4 4543
3 4543
2 4543
1 4543
0 4567
0 4568
34 4559
15 4559
16 4559
17 4559
18 4559
19 4559
20 4559
21 4559
22 4559
23 4559
24 4559
0 4569
0 4570
0 4572
33 4571
15 4571
16 4571
17 4571
18 4571
19 4571
20 4571
21 4571
22 4571
23 4571
24 4571
0 4574
0 4575
35 4563
10 4563
9 4563
8 4563
7 4563
6 4563
5 4563
4 4563
3 4563
2 4563
1 4563
0 4576
0 4577
0 4578
0 4579
0 4580
26 4573
9 4573
8 4573
7 4573
6 4573
5 4573
4 4573
3 4573
2 4573
1 4573
0 4581
0 4582
0 4583
41 4584
23 4584
24 4584
0 4585
0 4587
0 4589
38 4588
14 4588
15 4588
16 4588
17 4588
18 4588
19 4588
20 4588
21 4588
22 4588
23 4588
24 4588
37 4586
7 4586
6 4586
5 4586
4 4586
3 4586
2 4586
1 4586
0 4590
0 4591
25 4592
21 4592
22 4592
23 4592
24 4592
0 4593
0 4594
0 4596
0 4598
0 4601
28 4595
17 4595
18 4595
19 4595
20 4595
21 4595
22 4595
23 4595
24 4595
0 4603
44 4597
16 4597
17 4597
18 4597
19 4597
20 4597
21 4597
22 4597
23 4597
24 4597
0 4604
0 4605
42 4600
10 4600
9 4600
8 4600
7 4600
6 4600
5 4600
4 4600
3 4600
2 4600
1 4600
0 4606
0 4608
0 4610
30 4607
34 4609
4 4609
3 4609
2 4609
1 4609
0 4611
36 4612
15 4612
16 4612
17 4612
18 4612
19 4612
20 4612
21 4612
22 4612
23 4612
24 4612
0 4613
0 4614
0 4615
0 4616
0 4619
0 4621
31 4607
23 4607
24 4607
0 4622
0 4624
0 4625
29 4599
11 4599
10 4599
9 4599
8 4599
7 4599
6 4599
5 4599
4 4599
3 4599
2 4599
1 4599
0 4627
0 4629
26 4630
24 4630
0 4632
40 4602
17 4602
18 4602
19 4602
20 4602
21 4602
22 4602
23 4602
24 4602
0 4633
37 4626
20 4626
21 4626
22 4626
23 4626
24 4626
0 4635
43 4617
8 4617
7 4617
6 4617
5 4617
4 4617
3 4617
2 4617
1 4617
27 4620
4 4620
3 4620
2 4620
1 4620
32 4631
10 4631
9 4631
8 4631
7 4631
6 4631
5 4631
4 4631
3 4631
2 4631
1 4631
0 4636
39 4618
21 4618
22 4618
23 4618
24 4618
0 4637
38 4628
0 4638
0 4639
28 4628
4 4628
3 4628
2 4628
1 4628
35 4634
5 4634
4 4634
3 4634
2 4634
1 4634
33 4623
11 4623
10 4623
9 4623
8 4623
7 4623
6 4623
5 4623
4 4623
3 4623
2 4623
1 4623
0 4640
0 4642
34 4641
14 4641
15 4641
16 4641
17 4641
18 4641
19 4641
20 4641
21 4641
22 4641
23 4641
24 4641
0 4643
30 4644
5 4644
4 4644
3 4644
2 4644
1 4644
0 4645
0 4647
0 4648
44 4649
5 4649
4 4649
3 4649
2 4649
1 4649
0 4650
0 4652
0 4653
28 4646
0 4654
25 4651
15 4651
16 4651
17 4651
18 4651
19 4651
20 4651
21 4651
22 4651
23 4651
24 4651
0 4656
0 4657
0 4658
0 4659
0 4660
0 4662
42 4661
3 4661
2 4661
1 4661
0 4663
0 4664
41 4655
23 4655
24 4655
0 4665
0 4667
0 4669
0 4670
0 4671
0 4672
0 4673
0 4674
0 4675
29 4666
3 4666
2 4666
1 4666
38 4646
17 4646
18 4646
19 4646
20 4646
21 4646
22 4646
23 4646
24 4646
38 4676
17 4676
18 4676
19 4676
20 4676
21 4676
22 4676
23 4676
24 4676
0 4677
0 4678
0 4680
37 4681
12 4681
11 4681
10 4681
9 4681
8 4681
7 4681
6 4681
5 4681
4 4681
3 4681
2 4681
1 4681
0 4682
0 4684
28 4683
0 4686
0 4689
40 4679
11 4679
10 4679
9 4679
8 4679
7 4679
6 4679
5 4679
4 4679
3 4679
2 4679
1 4679
32 4690
3 4690
2 4690
1 4690
31 4688
20 4688
21 4688
22 4688
23 4688
24 4688
0 4691
35 4692
22 4692
23 4692
24 4692
0 4693
0 4695
33 4694
4 4694
3 4694
2 4694
1 4694
0 4698
39 4696
30 4685
22 4685
23 4685
24 4685
0 4699
26 4697
21 4697
22 4697
23 4697
24 4697
0 4700
0 4701
36 4668
18 4668
19 4668
20 4668
21 4668
22 4668
23 4668
24 4668
0 4703
0 4705
0 4706
38 4683
34 4708
9 4708
8 4708
7 4708
6 4708
5 4708
4 4708
3 4708
2 4708
1 4708
0 4709
0 4710
0 4711
44 4704
0 4713
0 4714
43 4702
8 4702
7 4702
6 4702
5 4702
4 4702
3 4702
2 4702
1 4702
0 4715
37 4696
21 4696
22 4696
23 4696
24 4696
25 4712
9 4712
8 4712
7 4712
6 4712
5 4712
4 4712
3 4712
2 4712
1 4712
0 4716
0 4717
0 4718
27 4687
6 4687
5 4687
4 4687
3 4687
2 4687
1 4687
0 4719
42 4707
21 4707
22 4707
23 4707
24 4707
0 4720
0 4721
0 4722
0 4724
35 4723
26 4704
5 4704
4 4704
3 4704
2 4704
1 4704
0 4725
