0 6696
0 6697
0 6698
0 6699
0 6700
0 6701
0 6702
0 6703
0 6704
0 6705
0 6706
0 6707
0 6708
0 6709
0 6710
0 6711
0 6712
0 6713
0 6714
0 6715
0 6716
90 6719
11 6719
10 6719
9 6719
8 6719
7 6719
6 6719
5 6719
4 6719
3 6719
2 6719
1 6719
65 6720
66 6720
0 6722
75 6717
59 6723
87 6720
79 6721
2 6721
1 6721
0 6726
62 6717
80 6725
0 6730
70 6717
18 6717
19 6717
20 6717
21 6717
22 6717
23 6717
24 6717
0 6731
38 6727
66 6734
0 6735
70 6727
19 6727
20 6727
21 6727
22 6727
23 6727
24 6727
113 6736
65 6723
15 6723
16 6723
17 6723
18 6723
19 6723
20 6723
21 6723
22 6723
23 6723
24 6723
108 6737
10 6737
9 6737
8 6737
7 6737
6 6737
5 6737
4 6737
3 6737
2 6737
1 6737
0 6738
64 6739
67 6740
0 6742
87 6734
102 6720
16 6720
17 6720
18 6720
19 6720
20 6720
21 6720
22 6720
23 6720
24 6720
106 6741
0 6745
42 6732
65 6734
59 6734
76 6734
17 6734
18 6734
19 6734
20 6734
21 6734
22 6734
23 6734
24 6734
75 6741
91 6748
0 6749
38 6741
96 6748
37 6753
7 6753
6 6753
5 6753
4 6753
3 6753
2 6753
1 6753
0 6754
48 6718
97 6743
5 6743
4 6743
3 6743
2 6743
1 6743
78 6746
19 6746
20 6746
21 6746
22 6746
23 6746
24 6746
62 6750
108 6739
70 6741
52 6752
98 6748
0 6755
106 6750
32 6733
65 6752
45 6748
0 6759
100 6736
38 6750
63 6758
71 6763
22 6763
23 6763
24 6763
27 6751
92 6751
21 6751
22 6751
23 6751
24 6751
74 6748
10 6748
9 6748
8 6748
7 6748
6 6748
5 6748
4 6748
3 6748
2 6748
1 6748
0 6764
86 6756
44 6757
9 6757
8 6757
7 6757
6 6757
5 6757
4 6757
3 6757
2 6757
1 6757
30 6760
56 6762
77 6758
56 6758
3 6758
2 6758
1 6758
82 6765
0 6766
101 6756
63 6762
107 6744
42 6733
2 6733
1 6733
74 6772
11 6772
10 6772
9 6772
8 6772
7 6772
6 6772
5 6772
4 6772
3 6772
2 6772
1 6772
102 6752
0 6773
98 6767
11 6767
10 6767
9 6767
8 6767
7 6767
6 6767
5 6767
4 6767
3 6767
2 6767
1 6767
77 6762
4 6762
3 6762
2 6762
1 6762
44 6744
50 6728
43 6770
76 6771
96 6777
95 6778
66 6752
0 6779
26 6768
53 6780
99 6780
16 6780
17 6780
18 6780
19 6780
20 6780
21 6780
22 6780
23 6780
24 6780
85 6740
6 6740
5 6740
4 6740
3 6740
2 6740
1 6740
101 6770
86 6770
8 6770
7 6770
6 6770
5 6770
4 6770
3 6770
2 6770
1 6770
98 6777
12 6777
11 6777
10 6777
9 6777
8 6777
7 6777
6 6777
5 6777
4 6777
3 6777
2 6777
1 6777
91 6778
0 6781
55 6756
80 6760
7 6760
6 6760
5 6760
4 6760
3 6760
2 6760
1 6760
100 6761
62 6741
96 6778
87 6752
94 6729
15 6729
16 6729
17 6729
18 6729
19 6729
20 6729
21 6729
22 6729
23 6729
24 6729
0 6782
110 6768
103 6775
22 6775
23 6775
24 6775
49 6776
24 6776
98 6778
0 6785
43 6756
9 6756
8 6756
7 6756
6 6756
5 6756
4 6756
3 6756
2 6756
1 6756
30 6768
39 6769
6 6769
5 6769
4 6769
3 6769
2 6769
1 6769
46 6787
17 6787
18 6787
19 6787
20 6787
21 6787
22 6787
23 6787
24 6787
112 6784
0 6788
69 6789
24 6789
89 6786
7 6786
6 6786
5 6786
4 6786
3 6786
2 6786
1 6786
34 6744
12 6744
11 6744
10 6744
9 6744
8 6744
7 6744
6 6744
5 6744
4 6744
3 6744
2 6744
1 6744
58 6783
35 6739
17 6739
18 6739
19 6739
20 6739
21 6739
22 6739
23 6739
24 6739
33 6765
13 6765
14 6765
15 6765
16 6765
17 6765
18 6765
19 6765
20 6765
21 6765
22 6765
23 6765
24 6765
101 6792
0 6793
60 6790
57 6718
22 6718
23 6718
24 6718
81 6736
2 6736
1 6736
93 6774
6 6774
5 6774
4 6774
3 6774
2 6774
1 6774
76 6783
23 6783
24 6783
0 6794
113 6761
77 6797
7 6797
6 6797
5 6797
4 6797
3 6797
2 6797
1 6797
55 6792
0 6801
36 6724
1 6724
109 6802
64 6802
18 6802
19 6802
20 6802
21 6802
22 6802
23 6802
24 6802
52 6771
24 6771
88 6804
74 6778
15 6778
16 6778
17 6778
18 6778
19 6778
20 6778
21 6778
22 6778
23 6778
24 6778
43 6792
0 6805
70 6750
3 6750
2 6750
1 6750
29 6732
7 6732
6 6732
5 6732
4 6732
3 6732
2 6732
1 6732
99 6804
20 6804
21 6804
22 6804
23 6804
24 6804
86 6792
12 6792
11 6792
10 6792
9 6792
8 6792
7 6792
6 6792
5 6792
4 6792
3 6792
2 6792
1 6792
55 6800
0 6807
68 6796
28 6798
13 6798
14 6798
15 6798
16 6798
17 6798
18 6798
19 6798
20 6798
21 6798
22 6798
23 6798
24 6798
41 6806
14 6806
15 6806
16 6806
17 6806
18 6806
19 6806
20 6806
21 6806
22 6806
23 6806
24 6806
0 6809
51 6810
5 6810
4 6810
3 6810
2 6810
1 6810
84 6812
14 6812
15 6812
16 6812
17 6812
18 6812
19 6812
20 6812
21 6812
22 6812
23 6812
24 6812
62 6796
75 6796
102 6813
0 6814
73 6795
7 6795
6 6795
5 6795
4 6795
3 6795
2 6795
1 6795
75 6816
38 6816
68 6816
4 6816
3 6816
2 6816
1 6816
112 6790
106 6796
66 6813
0 6820
38 6796
33 6818
61 6821
92 6822
105 6747
22 6747
23 6747
24 6747
72 6824
65 6813
54 6825
15 6825
16 6825
17 6825
18 6825
19 6825
20 6825
21 6825
22 6825
23 6825
24 6825
0 6826
111 6811
3 6811
2 6811
1 6811
87 6827
114 6818
40 6821
9 6821
8 6821
7 6821
6 6821
5 6821
4 6821
3 6821
2 6821
1 6821
36 6822
4 6822
3 6822
2 6822
1 6822
47 6828
52 6813
43 6800
0 6829
99 6815
88 6815
65 6827
2 6827
1 6827
76 6813
101 6800
0 6830
106 6831
75 6831
46 6815
104 6817
8 6817
7 6817
6 6817
5 6817
4 6817
3 6817
2 6817
1 6817
0 6833
38 6831
53 6815
23 6815
24 6815
80 6768
14 6768
15 6768
16 6768
17 6768
18 6768
19 6768
20 6768
21 6768
22 6768
23 6768
24 6768
49 6790
6 6790
5 6790
4 6790
3 6790
2 6790
1 6790
31 6823
24 6823
44 6824
0 6834
62 6831
7 6831
6 6831
5 6831
4 6831
3 6831
2 6831
1 6831
0 6836
57 6808
3 6808
2 6808
1 6808
48 6728
3 6728
2 6728
1 6728
38 6837
106 6837
108 6832
0 6838
75 6837
58 6813
30 6840
0 6841
62 6837
90 6819
3 6819
2 6819
1 6819
25 6799
24 6799
59 6752
5 6752
4 6752
3 6752
2 6752
1 6752
0 6843
35 6832
0 6844
71 6839
9 6839
8 6839
7 6839
6 6839
5 6839
4 6839
3 6839
2 6839
1 6839
56 6835
15 6835
16 6835
17 6835
18 6835
19 6835
20 6835
21 6835
22 6835
23 6835
24 6835
0 6845
103 6813
7 6813
6 6813
5 6813
4 6813
3 6813
2 6813
1 6813
0 6848
85 6850
0 6851
107 6849
26 6852
64 6846
108 6846
68 6837
11 6837
10 6837
9 6837
8 6837
7 6837
6 6837
5 6837
4 6837
3 6837
2 6837
1 6837
34 6824
22 6824
23 6824
24 6824
65 6847
60 6854
0 6855
101 6853
55 6853
20 6853
21 6853
22 6853
23 6853
24 6853
66 6847
49 6854
11 6854
10 6854
9 6854
8 6854
7 6854
6 6854
5 6854
4 6854
3 6854
2 6854
1 6854
0 6856
81 6761
43 6858
102 6847
93 6859
17 6859
18 6859
19 6859
20 6859
21 6859
22 6859
23 6859
24 6859
86 6800
21 6800
22 6800
23 6800
24 6800
0 6861
110 6852
20 6852
21 6852
22 6852
23 6852
24 6852
101 6858
21 6858
22 6858
23 6858
24 6858
112 6863
59 6847
52 6847
9 6847
8 6847
7 6847
6 6847
5 6847
4 6847
3 6847
2 6847
1 6847
80 6840
20 6840
21 6840
22 6840
23 6840
24 6840
48 6860
8 6860
7 6860
6 6860
5 6860
4 6860
3 6860
2 6860
1 6860
0 6865
89 6867
19 6867
20 6867
21 6867
22 6867
23 6867
24 6867
78 6862
11 6862
10 6862
9 6862
8 6862
7 6862
6 6862
5 6862
4 6862
3 6862
2 6862
1 6862
74 6868
77 6869
93 6869
18 6869
19 6869
20 6869
21 6869
22 6869
23 6869
24 6869
0 6870
96 6868
79 6864
23 6864
24 6864
0 6873
76 6871
52 6871
10 6871
9 6871
8 6871
7 6871
6 6871
5 6871
4 6871
3 6871
2 6871
1 6871
45 6791
1 6791
94 6872
0 6875
0 6879
95 6842
69 6857
110 6881
113 6877
0 6882
91 6842
3 6842
2 6842
1 6842
98 6868
3 6868
2 6868
1 6868
0 6883
59 6884
66 6884
72 6849
2 6849
1 6849
62 6886
83 6803
5 6803
4 6803
3 6803
2 6803
1 6803
25 6872
6 6872
5 6872
4 6872
3 6872
2 6872
1 6872
63 6887
0 6888
103 6866
13 6866
14 6866
15 6866
16 6866
17 6866
18 6866
19 6866
20 6866
21 6866
22 6866
23 6866
24 6866
52 6884
91 6885
95 6885
4 6885
3 6885
2 6885
1 6885
100 6877
17 6877
18 6877
19 6877
20 6877
21 6877
22 6877
23 6877
24 6877
0 6891
84 6892
46 6889
53 6889
88 6889
0 6893
35 6846
8 6846
7 6846
6 6846
5 6846
4 6846
3 6846
2 6846
1 6846
38 6886
78 6857
15 6857
16 6857
17 6857
18 6857
19 6857
20 6857
21 6857
22 6857
23 6857
24 6857
66 6894
36 6880
99 6889
9 6889
8 6889
7 6889
6 6889
5 6889
4 6889
3 6889
2 6889
1 6889
0 6897
41 6892
3 6892
2 6892
1 6892
76 6894
14 6894
15 6894
16 6894
17 6894
18 6894
19 6894
20 6894
21 6894
22 6894
23 6894
24 6894
82 6818
49 6863
17 6863
18 6863
19 6863
20 6863
21 6863
22 6863
23 6863
24 6863
106 6895
98 6901
96 6896
0 6902
97 6903
54 6904
3 6904
2 6904
1 6904
33 6898
5 6898
4 6898
3 6898
2 6898
1 6898
100 6899
19 6899
20 6899
21 6899
22 6899
23 6899
24 6899
74 6901
91 6901
111 6907
16 6907
17 6907
18 6907
19 6907
20 6907
21 6907
22 6907
23 6907
24 6907
0 6908
25 6909
75 6886
106 6886
32 6876
38 6895
72 6906
0 6911
94 6909
9 6909
8 6909
7 6909
6 6909
5 6909
4 6909
3 6909
2 6909
1 6909
99 6910
11 6910
10 6910
9 6910
8 6910
7 6910
6 6910
5 6910
4 6910
3 6910
2 6910
1 6910
35 6912
10 6912
9 6912
8 6912
7 6912
6 6912
5 6912
4 6912
3 6912
2 6912
1 6912
26 6881
2 6881
1 6881
107 6906
61 6900
23 6900
24 6900
55 6913
95 6896
7 6896
6 6896
5 6896
4 6896
3 6896
2 6896
1 6896
0 6914
52 6915
16 6915
17 6915
18 6915
19 6915
20 6915
21 6915
22 6915
23 6915
24 6915
68 6886
42 6878
44 6906
6 6906
5 6906
4 6906
3 6906
2 6906
1 6906
43 6913
0 6918
75 6895
39 6887
1 6887
41 6920
0 6921
58 6884
17 6884
18 6884
19 6884
20 6884
21 6884
22 6884
23 6884
24 6884
86 6916
4 6916
3 6916
2 6916
1 6916
75 6923
84 6920
6 6920
5 6920
4 6920
3 6920
2 6920
1 6920
0 6924
51 6761
22 6761
23 6761
24 6761
105 6925
13 6925
14 6925
15 6925
16 6925
17 6925
18 6925
19 6925
20 6925
21 6925
22 6925
23 6925
24 6925
45 6818
8 6818
7 6818
6 6818
5 6818
4 6818
3 6818
2 6818
1 6818
0 6927
68 6922
21 6922
22 6922
23 6922
24 6922
106 6923
40 6890
61 6890
39 6931
2 6931
1 6931
0 6932
28 6903
6 6903
5 6903
4 6903
3 6903
2 6903
1 6903
49 6928
102 6929
59 6929
53 6930
90 6919
37 6917
8 6917
7 6917
6 6917
5 6917
4 6917
3 6917
2 6917
1 6917
62 6895
0 6934
60 6928
109 6933
13 6933
14 6933
15 6933
16 6933
17 6933
18 6933
19 6933
20 6933
21 6933
22 6933
23 6933
24 6933
52 6929
76 6929
19 6929
20 6929
21 6929
22 6929
23 6929
24 6929
88 6930
50 6926
101 6913
0 6937
38 6923
23 6923
24 6923
34 6935
9 6935
8 6935
7 6935
6 6935
5 6935
4 6935
3 6935
2 6935
1 6935
78 6936
21 6936
22 6936
23 6936
24 6936
0 6940
60 6938
88 6939
0 6941
112 6928
23 6928
24 6928
32 6878
3 6878
2 6878
1 6878
99 6939
0 6942
92 6880
23 6880
24 6880
29 6876
96 6901
12 6901
11 6901
10 6901
9 6901
8 6901
7 6901
6 6901
5 6901
4 6901
3 6901
2 6901
1 6901
0 6947
46 6930
42 6876
4 6876
3 6876
2 6876
1 6876
81 6948
85 6944
7 6944
6 6944
5 6944
4 6944
3 6944
2 6944
1 6944
51 6945
1 6945
74 6949
108 6950
35 6950
16 6950
17 6950
18 6950
19 6950
20 6950
21 6950
22 6950
23 6950
24 6950
105 6939
17 6939
18 6939
19 6939
20 6939
21 6939
22 6939
23 6939
24 6939
0 6951
104 6952
2 6952
1 6952
95 6949
91 6949
0 6954
107 6955
80 6943
99 6930
76 6953
52 6953
27 6874
98 6949
0 6956
72 6955
67 6850
8 6850
7 6850
6 6850
5 6850
4 6850
3 6850
2 6850
1 6850
58 6953
23 6953
24 6953
92 6957
96 6949
14 6949
15 6949
16 6949
17 6949
18 6949
19 6949
20 6949
21 6949
22 6949
23 6949
24 6949
113 6946
2 6946
1 6946
0 6958
83 6959
16 6959
17 6959
18 6959
19 6959
20 6959
21 6959
22 6959
23 6959
24 6959
47 6919
21 6919
22 6919
23 6919
24 6919
0 6962
105 6930
19 6930
20 6930
21 6930
22 6930
23 6930
24 6930
36 6964
0 6965
49 6938
2 6938
1 6938
106 6966
30 6943
10 6943
9 6943
8 6943
7 6943
6 6943
5 6943
4 6943
3 6943
2 6943
1 6943
48 6926
23 6926
24 6926
28 6963
114 6967
93 6961
8 6961
7 6961
6 6961
5 6961
4 6961
3 6961
2 6961
1 6961
0 6968
75 6966
3 6966
2 6966
1 6966
82 6967
15 6967
16 6967
17 6967
18 6967
19 6967
20 6967
21 6967
22 6967
23 6967
24 6967
68 6895
3 6895
2 6895
1 6895
57 6970
24 6970
0 6971
87 6960
79 6963
13 6963
14 6963
15 6963
16 6963
17 6963
18 6963
19 6963
20 6963
21 6963
22 6963
23 6963
24 6963
62 6974
0 6975
59 6960
26 6972
12 6972
11 6972
10 6972
9 6972
8 6972
7 6972
6 6972
5 6972
4 6972
3 6972
2 6972
1 6972
68 6974
4 6974
3 6974
2 6974
1 6974
0 6980
102 6960
65 6960
1 6960
100 6948
52 6978
58 6978
48 6979
56 6973
0 6983
66 6978
65 6978
61 6982
0 6984
96 6985
59 6978
2 6978
1 6978
59 6988
2 6988
1 6988
0 6991
35 6992
98 6985
38 6981
58 6986
43 6977
69 6990
0 6993
95 6969
19 6969
20 6969
21 6969
22 6969
23 6969
24 6969
64 6992
91 6985
74 6985
19 6985
20 6985
21 6985
22 6985
23 6985
24 6985
75 6981
52 6986
55 6977
0 6994
91 6995
66 6986
77 6973
86 6913
16 6913
17 6913
18 6913
19 6913
20 6913
21 6913
22 6913
23 6913
24 6913
0 6996
96 6995
98 6995
20 6995
21 6995
22 6995
23 6995
24 6995
113 6948
8 6948
7 6948
6 6948
5 6948
4 6948
3 6948
2 6948
1 6948
112 6997
7 6997
6 6997
5 6997
4 6997
3 6997
2 6997
1 6997
0 7000
45 7001
20 7001
21 7001
22 7001
23 7001
24 7001
31 6976
105 6998
0 7004
101 6977
17 6977
18 6977
19 6977
20 6977
21 6977
22 6977
23 6977
24 6977
88 7003
0 7006
44 6955
20 6955
21 6955
22 6955
23 6955
24 6955
82 7007
21 7007
22 7007
23 7007
24 7007
93 6973
14 6973
15 6973
16 6973
17 6973
18 6973
19 6973
20 6973
21 6973
22 6973
23 6973
24 6973
89 6999
15 6999
16 6999
17 6999
18 6999
19 6999
20 6999
21 6999
22 6999
23 6999
24 6999
42 7002
13 7002
14 7002
15 7002
16 7002
17 7002
18 7002
19 7002
20 7002
21 7002
22 7002
23 7002
24 7002
94 6989
24 6989
53 7003
0 7008
71 6886
73 6905
12 6905
11 6905
10 6905
9 6905
8 6905
7 6905
6 6905
5 6905
4 6905
3 6905
2 6905
1 6905
76 6986
6 6986
5 6986
4 6986
3 6986
2 6986
1 6986
84 7009
0 7010
65 7012
6 7012
5 7012
4 7012
3 7012
2 7012
1 7012
64 7005
0 7013
108 6992
1 6992
112 6886
39 7015
0 7017
60 6886
106 6981
11 6981
10 6981
9 6981
8 6981
7 6981
6 6981
5 6981
4 6981
3 6981
2 6981
1 6981
50 7011
6 7011
5 7011
4 7011
3 7011
2 7011
1 7011
70 6796
11 6796
10 6796
9 6796
8 6796
7 6796
6 6796
5 6796
4 6796
3 6796
2 6796
1 6796
25 6987
1 6987
0 7018
66 7019
55 7020
86 7020
20 7020
21 7020
22 7020
23 7020
24 7020
90 7016
46 7003
3 7003
2 7003
1 7003
0 7021
59 7019
87 7019
8 7019
7 7019
6 7019
5 7019
4 7019
3 7019
2 7019
1 7019
63 7015
17 7015
18 7015
19 7015
20 7015
21 7015
22 7015
23 7015
24 7015
0 7025
98 7028
92 6964
11 6964
10 6964
9 6964
8 6964
7 6964
6 6964
5 6964
4 6964
3 6964
2 6964
1 6964
0 7030
37 7014
100 7026
93 7031
74 7028
110 7024
35 7005
0 7032
67 7027
77 7031
56 7031
0 7034
101 7035
22 7035
23 7035
24 7035
72 7033
78 6990
12 6990
11 6990
10 6990
9 6990
8 6990
7 6990
6 6990
5 6990
4 6990
3 6990
2 6990
1 6990
108 7005
5 7005
4 7005
3 7005
2 7005
1 7005
0 7036
86 7038
85 7027
21 7027
22 7027
23 7027
24 7027
99 7022
6 7022
5 7022
4 7022
3 7022
2 7022
1 7022
44 7033
0 7043
53 7039
102 7048
11 7048
10 7048
9 7048
8 7048
7 7048
6 7048
5 7048
4 7048
3 7048
2 7048
1 7048
107 7033
74 7042
41 7009
0 7049
60 7050
14 7050
15 7050
16 7050
17 7050
18 7050
19 7050
20 7050
21 7050
22 7050
23 7050
24 7050
27 6886
14 6886
15 6886
16 6886
17 6886
18 6886
19 6886
20 6886
21 6886
22 6886
23 6886
24 6886
108 7045
35 7045
6 7045
5 7045
4 7045
3 7045
2 7045
1 7045
81 7026
16 7026
17 7026
18 7026
19 7026
20 7026
21 7026
22 7026
23 7026
24 7026
103 7023
58 7023
54 7029
0 7054
84 7014
32 7044
52 7055
68 7056
62 7056
109 7046
6 7046
5 7046
4 7046
3 7046
2 7046
1 7046
46 7039
36 7051
14 7051
15 7051
16 7051
17 7051
18 7051
19 7051
20 7051
21 7051
22 7051
23 7051
24 7051
63 7031
21 7031
22 7031
23 7031
24 7031
83 7052
5 7052
4 7052
3 7052
2 7052
1 7052
66 7023
30 7047
80 7047
23 7047
24 7047
0 7057
58 7055
76 7055
43 7038
75 7056
59 7023
33 7033
3 7033
2 7033
1 7033
28 7053
0 7058
101 7038
33 7059
3 7059
2 7059
1 7059
96 7028
4 7028
3 7028
2 7028
1 7028
65 7023
13 7023
14 7023
15 7023
16 7023
17 7023
18 7023
19 7023
20 7023
21 7023
22 7023
23 7023
24 7023
47 7016
11 7016
10 7016
9 7016
8 7016
7 7016
6 7016
5 7016
4 7016
3 7016
2 7016
1 7016
98 7042
4 7042
3 7042
2 7042
1 7042
0 7061
42 7044
21 7044
22 7044
23 7044
24 7044
38 7056
17 7056
18 7056
19 7056
20 7056
21 7056
22 7056
23 7056
24 7056
26 7024
0 7063
80 7064
88 7039
9 7039
8 7039
7 7039
6 7039
5 7039
4 7039
3 7039
2 7039
1 7039
77 7066
63 7066
107 7062
0 7068
49 7069
30 7064
69 7070
16 7070
17 7070
18 7070
19 7070
20 7070
21 7070
22 7070
23 7070
24 7070
48 7060
97 7040
2 7040
1 7040
106 7071
56 7066
23 7066
24 7066
76 7072
105 7067
10 7067
9 7067
8 7067
7 7067
6 7067
5 7067
4 7067
3 7067
2 7067
1 7067
44 7062
0 7073
60 7069
66 7055
61 7074
22 7074
23 7074
24 7074
57 7060
14 7060
15 7060
16 7060
17 7060
18 7060
19 7060
20 7060
21 7060
22 7060
23 7060
24 7060
52 7072
15 7072
16 7072
17 7072
18 7072
19 7072
20 7072
21 7072
22 7072
23 7072
24 7072
111 7041
96 7075
6 7075
5 7075
4 7075
3 7075
2 7075
1 7075
79 7053
3 7053
2 7053
1 7053
0 7076
65 7055
102 7055
59 7055
15 7055
16 7055
17 7055
18 7055
19 7055
20 7055
21 7055
22 7055
23 7055
24 7055
44 7078
34 7065
5 7065
4 7065
3 7065
2 7065
1 7065
69 7041
17 7041
18 7041
19 7041
20 7041
21 7041
22 7041
23 7041
24 7041
0 7080
0 7082
113 7077
20 7077
21 7077
22 7077
23 7077
24 7077
89 7081
1 7081
0 7084
114 7085
59 7087
70 7071
38 7071
73 7083
23 7083
24 7083
0 7088
88 7086
27 7069
112 7069
20 7069
21 7069
22 7069
23 7069
24 7069
65 7087
87 7087
41 7014
6 7014
5 7014
4 7014
3 7014
2 7014
1 7014
75 7071
85 7079
3 7079
2 7079
1 7079
0 7091
53 7086
40 6982
0 7093
55 7094
62 7071
72 7062
0 7095
66 7087
107 7078
57 7089
101 7094
0 7096
82 7085
72 7078
9 7078
8 7078
7 7078
6 7078
5 7078
4 7078
3 7078
2 7078
1 7078
93 7098
81 7099
0 7100
70 7097
77 7098
0 7102
45 7085
96 7085
38 7103
24 7103
106 7097
86 7094
7 7094
6 7094
5 7094
4 7094
3 7094
2 7094
1 7094
90 7101
18 7101
19 7101
20 7101
21 7101
22 7101
23 7101
24 7101
63 7098
4 7098
3 7098
2 7098
1 7098
0 7105
58 7106
68 7071
104 7092
1 7092
94 7104
14 7104
15 7104
16 7104
17 7104
18 7104
19 7104
20 7104
21 7104
22 7104
23 7104
24 7104
0 7108
29 7037
86 7110
8 7110
7 7110
6 7110
5 7110
4 7110
3 7110
2 7110
1 7110
52 7106
76 7106
21 7106
22 7106
23 7106
24 7106
92 7111
23 7111
24 7111
75 7097
62 7097
79 7107
9 7107
8 7107
7 7107
6 7107
5 7107
4 7107
3 7107
2 7107
1 7107
60 7113
24 7113
0 7114
66 7109
65 7109
87 7109
21 7109
22 7109
23 7109
24 7109
100 7099
1 7099
33 7062
12 7062
11 7062
10 7062
9 7062
8 7062
7 7062
6 7062
5 7062
4 7062
3 7062
2 7062
1 7062
0 7115
52 7116
22 7116
23 7116
24 7116
84 7117
0 7118
91 7085
56 7119
6 7119
5 7119
4 7119
3 7119
2 7119
1 7119
50 7112
21 7112
22 7112
23 7112
24 7112
71 7071
0 7120
98 7085
14 7085
15 7085
16 7085
17 7085
18 7085
19 7085
20 7085
21 7085
22 7085
23 7085
24 7085
112 7071
1 7071
35 7123
18 7123
19 7123
20 7123
21 7123
22 7123
23 7123
24 7123
0 7124
42 7037
6 7037
5 7037
4 7037
3 7037
2 7037
1 7037
62 7121
68 7097
71 7097
87 7122
0 7126
75 7121
70 7121
27 7129
65 7122
98 7130
51 7090
0 7131
106 7121
3 7121
2 7121
1 7121
66 7122
91 7130
