40 4534 0 100 1.51711e-07 2.40696 2.40696
42 4541 0 100 0.1 2.74787 2.84787
28 4532 0 100 0.7 2.36651 3.06651
44 4533 0 100 0.7 2.40584 3.10584
38 4547 0 100 0.2 3.11963 3.31963
25 4535 0 100 0.9 2.435 3.335
37 4540 0 100 0.7 2.66414 3.36414
31 4552 0 100 0.2 3.2775 3.4775
30 4550 0 100 0.3 3.23476 3.53476
41 4554 0 100 0.1 3.44798 3.54798
36 4555 0 100 0.1 3.45555 3.55555
43 4557 0 100 0.3 3.55944 3.85944
29 4549 0 100 0.7 3.22875 3.92875
39 4565 0 100 3.50103e-08 3.96756 3.96756
32 4538 0 100 1.5 2.57827 4.07827
27 4543 0 100 1.3 2.83262 4.13262
34 4559 0 100 0.7 3.63819 4.33819
33 4571 0 100 0.1 4.55771 4.65771
35 4563 0 100 0.9 3.94669 4.84669
26 4573 0 100 0.7 4.61403 5.31403
41 4584 0 100 3.50103e-08 5.65514 5.65514
38 4588 0 100 0.1 5.77275 5.87275
37 4586 0 100 0.2 5.67888 5.87888
25 4592 0 100 5.83505e-08 6.07262 6.07262
28 4595 0 100 0.3 6.2983 6.5983
44 4597 0 100 0.3 6.43137 6.73137
42 4600 0 100 0.4 6.49958 6.89958
34 4609 0 100 0.1 7.11694 7.21694
36 4612 0 100 1.28371e-07 7.34056 7.34056
30 4607 0 100 0.9 7.00661 7.90661
29 4599 0 100 1.7 6.47433 8.17433
26 4630 0 100 2.33402e-08 8.44504 8.44504
40 4602 0 100 1.9 6.64681 8.54681
37 4626 0 100 0.4 8.25804 8.65804
43 4617 0 100 1 7.69695 8.69695
27 4620 0 100 0.9 7.82522 8.72522
32 4631 0 100 0.3 8.45345 8.75345
39 4618 0 100 1.1 7.71773 8.81773
38 4628 0 100 0.8 8.27445 9.07445
35 4634 0 100 0.5 8.57745 9.07745
33 4623 0 100 1.1 7.99881 9.09881
34 4641 0 100 0.1 9.22455 9.32455
30 4644 0 100 7.00206e-08 9.4187 9.4187
44 4649 0 100 7.00206e-08 9.6847 9.6847
25 4651 0 100 0.3 9.8012 10.1012
42 4661 0 100 0.1 10.585 10.685
41 4655 0 100 0.8 10.1154 10.9154
29 4666 0 100 0.8 10.9696 11.7696
28 4646 0 100 2.3 9.47143 11.7714
38 4676 0 100 1.05031e-07 11.8059 11.8059
37 4681 0 100 1.51711e-07 12.1493 12.1493
40 4679 0 100 0.5 12.0179 12.5179
32 4690 0 100 4.66804e-08 12.5274 12.5274
31 4688 0 100 0.1 12.4282 12.5282
35 4692 0 100 4.66804e-08 12.5972 12.5972
33 4694 0 100 0.1 12.7287 12.8287
30 4685 0 100 0.6 12.3518 12.9518
26 4697 0 100 0.2 12.8455 13.0455
36 4668 0 100 2.1 11.1457 13.2457
28 4683 0 100 1.3 12.1945 13.4945
34 4708 0 100 1.16701e-07 13.5458 13.5458
43 4702 0 100 0.8 13.1747 13.9747
39 4696 0 100 1.3 12.7683 14.0683
25 4712 0 100 0.3 13.7979 14.0979
27 4687 0 100 2 12.3775 14.3775
42 4707 0 100 1 13.4767 14.4767
44 4704 0 100 1.6 13.3554 14.9554
