47 214 0 100 0.2 2.7075 2.9075
35 222 0 100 2.1 3.55677 5.65677
49 213 0 100 3.6 2.64959 6.24959
43 226 0 100 2.2 4.24205 6.44205
46 218 0 100 3.6 2.97335 6.57335
44 236 0 100 1 5.57743 6.57743
29 212 0 100 4.1 2.52526 6.62526
60 209 0 100 4.7 2.00218 6.70218
38 217 0 100 4.2 2.90736 7.10736
55 228 0 100 2.9 4.41342 7.31342
58 231 0 100 2.8 4.69804 7.49804
32 211 0 100 5.4 2.21427 7.61427
27 232 0 100 3.2 4.71022 7.91022
29 238 0 100 2.5 6.46267 8.96267
51 243 0 100 1.6 7.39534 8.99534
31 248 0 100 0.5 8.69184 9.19184
62 219 0 100 6.4 3.06639 9.46639
63 216 0 100 6.9 2.84051 9.74051
62 253 0 100 0.6 9.5698 10.1698
50 223 0 100 7.1 3.65277 10.7528
29 254 0 100 1.5 9.59217 11.0922
45 249 0 100 2.4 8.86677 11.2668
34 225 0 100 7.5 4.23903 11.739
53 262 0 100 0.1 11.7226 11.8226
41 261 0 100 0.9 11.372 12.272
44 260 0 100 1.1 11.2602 12.3602
36 247 0 100 3.9 8.67097 12.571
58 263 0 100 1 11.7475 12.7475
25 250 0 100 3.8 8.9867 12.7867
64 268 0 100 1.5 12.3003 13.8003
48 251 0 100 5.2 9.44553 14.6455
62 273 0 100 0.6 14.2645 14.8645
