41 463 2.05382
56 464 2.08576
80 465 2.11478
26 466 2.12609
38 467 2.13856
59 468 2.14951
57 469 2.27835
71 470 2.30779
30 471 2.36702
65 472 2.38551
85 473 2.40205
43 474 2.40991
25 475 2.49862
36 476 2.51613
76 477 2.59895
64 478 2.73107
51 479 2.87012
31 480 2.90982
32 481 2.91211
49 482 2.94949
82 483 2.98618
34 484 3.01619
69 485 3.14443
52 486 3.27262
88 487 3.27426
66 488 3.29731
72 489 3.51373
90 490 3.54711
86 491 3.56467
54 492 3.58575
84 493 3.65375
78 494 3.71188
61 495 3.80962
94 496 3.81788
35 497 3.9337
58 498 3.94621
37 499 3.95792
55 500 4.00722
40 501 4.16047
46 502 4.17436
62 503 4.18171
79 504 4.22034
71 505 4.37497
33 506 4.44208
87 507 4.52785
60 508 4.55559
39 509 4.66778
45 510 4.8093
28 511 4.8338
70 512 4.89533
38 513 5.2873
88 514 5.78809
26 515 5.91173
36 516 5.99063
64 517 6.26349
51 518 6.39724
30 519 6.39886
43 520 6.461
87 521 6.63333
92 522 6.69358
77 523 6.69758
58 524 6.70937
86 525 6.7873
67 526 6.80247
48 527 6.99582
25 528 7.3729
69 529 7.46833
55 530 7.62598
33 531 7.98043
73 532 8.59862
47 533 8.62108
45 534 8.90275
90 535 9.10065
88 536 9.155
75 537 9.15785
59 538 9.18999
81 539 9.26634
89 540 9.30391
83 541 9.42166
93 542 9.61731
77 543 9.6467
51 544 9.94148
74 545 10.0573
67 546 10.0887
35 547 10.3546
29 548 10.5665
65 549 10.5919
64 550 10.6813
43 551 10.7115
86 552 10.7745
53 553 10.8318
66 554 10.8875
71 555 10.982
41 556 11.0109
63 557 11.1706
91 558 11.3091
58 559 11.3942
59 560 11.4074
87 561 11.6171
27 562 11.6558
47 563 11.8555
45 564 11.994
89 565 12.0256
81 566 12.0848
37 567 12.1249
33 568 12.2916
52 569 12.4179
57 570 12.5947
85 571 12.6092
54 572 12.6488
42 573 12.7831
72 574 12.9215
60 575 12.9594
93 576 13.0674
88 577 13.0811
51 578 13.2449
67 579 13.2613
56 580 13.6682
77 581 13.7025
75 582 13.9383
90 583 14.0397
84 584 14.1222
69 585 14.3664
26 586 14.37
61 587 14.4209
28 588 14.516
32 589 14.6473
80 590 14.6915
53 591 14.9874
