60 209
64 209
21 209
32 211
5 211
40 211
44 210
3 210
37 210
41 211
61 210
5 210
47 214
39 211
6 211
42 215
63 216
45 215
9 215
10 215
11 215
52 215
34 214
29 212
10 212
55 216
23 216
49 213
9 213
8 213
39 213
41 213
59 215
12 215
35 215
62 219
19 219
18 219
46 218
37 211
59 220
60 216
1 216
28 221
2 221
34 221
42 212
52 220
31 220
15 220
14 220
50 223
6 223
7 223
45 212
13 212
12 212
51 215
15 215
16 215
48 209
3 209
35 222
31 215
17 215
18 215
19 215
20 215
30 215
21 215
22 215
23 215
49 212
14 212
43 210
12 210
45 224
15 224
26 209
63 209
47 221
6 221
7 221
61 211
12 211
43 226
13 226
51 222
17 222
18 222
59 222
54 219
23 219
22 219
55 209
5 209
6 209
7 209
8 209
9 209
55 228
63 228
61 229
13 229
32 212
15 212
50 209
10 209
11 209
12 209
13 209
52 222
48 227
6 227
55 227
33 221
9 221
10 221
37 226
15 226
16 226
56 220
20 220
51 220
41 210
16 210
17 210
32 226
17 226
46 223
13 223
14 223
15 223
16 223
17 223
50 221
12 221
13 221
27 232
6 232
7 232
8 232
44 229
15 229
32 223
18 223
19 223
20 223
51 223
21 223
22 223
53 218
14 218
15 218
29 224
20 224
19 224
18 224
38 217
15 217
14 217
54 233
2 233
3 233
4 233
5 233
6 233
7 233
58 231
7 231
8 231
61 209
17 209
33 234
12 234
13 234
46 221
15 221
53 217
25 211
17 211
16 211
15 211
34 225
12 225
47 225
46 217
16 217
17 217
53 211
40 213
20 213
21 213
22 213
45 213
44 218
18 218
49 210
21 210
44 236
18 236
62 215
6 215
7 215
31 222
36 235
8 235
9 235
61 236
19 236
20 236
27 233
10 233
11 233
28 225
13 225
14 225
37 218
25 217
19 217
61 218
20 218
19 218
57 230
8 230
7 230
55 231
12 231
13 231
28 231
14 231
60 232
13 232
55 232
12 232
11 232
10 232
59 223
1 223
40 236
22 236
23 236
41 226
63 227
13 227
12 227
39 212
62 230
9 230
10 230
11 230
12 230
13 230
14 230
63 230
48 233
14 233
64 216
15 216
48 216
14 216
13 216
12 216
11 216
10 216
9 216
8 216
50 234
18 234
19 234
42 213
31 223
52 223
3 223
2 223
53 234
20 234
21 234
44 217
22 217
40 226
24 226
45 210
34 231
17 231
16 231
61 217
35 220
3 220
4 220
5 220
6 220
7 220
8 220
9 220
10 220
38 218
22 218
23 218
24 218
49 236
1 236
43 209
24 209
41 212
40 212
56 223
4 223
42 210
2 210
1 210
39 209
60 239
17 239
47 237
62 220
12 220
58 235
15 235
16 235
17 235
36 232
14 232
15 232
26 228
17 228
18 228
19 228
20 228
21 228
63 233
26 233
17 233
18 233
28 233
29 238
4 238
3 238
2 238
30 219
10 219
11 219
12 219
13 219
55 230
37 217
1 217
33 225
21 225
22 225
23 225
27 227
17 227
18 227
19 227
20 227
50 228
23 228
24 228
63 242
48 239
63 239
19 239
20 239
21 239
22 239
25 234
1 234
28 227
21 227
22 227
23 227
26 230
19 230
18 230
51 243
7 243
49 238
5 238
6 238
64 231
21 231
22 231
23 231
24 231
55 242
47 233
22 233
21 233
46 211
1 211
45 238
7 238
8 238
56 243
9 243
52 243
51 238
9 238
60 235
22 235
48 235
63 235
32 224
6 224
44 234
4 234
58 232
20 232
21 232
22 232
23 232
24 232
64 233
23 233
61 234
34 237
53 225
3 225
4 225
46 244
42 240
56 238
11 238
10 238
45 240
10 240
9 240
8 240
31 243
13 243
14 243
15 243
16 243
53 244
5 244
4 244
3 244
2 244
1 244
33 239
3 239
4 239
5 239
6 239
44 225
34 246
28 237
2 237
3 237
38 239
7 239
37 234
9 234
8 234
42 238
12 238
13 238
14 238
15 238
16 238
17 238
18 238
19 238
20 238
21 238
33 237
4 237
5 237
6 237
50 227
5 227
33 227
4 227
3 227
39 224
10 224
55 235
1 235
2 235
3 235
30 243
19 243
20 243
21 243
22 243
23 243
24 243
25 225
9 225
41 240
11 240
12 240
13 240
14 240
62 238
22 238
23 238
24 238
25 250
9 250
31 248
16 248
17 248
18 248
19 248
58 243
43 224
11 224
61 225
52 245
30 248
20 248
21 248
22 248
56 240
16 240
62 248
23 248
24 248
52 240
17 240
18 240
19 240
20 240
31 245
17 245
16 245
28 235
5 235
6 235
38 234
10 234
40 210
13 210
14 210
41 224
48 251
57 219
26 242
4 242
3 242
50 252
9 252
10 252
11 252
12 252
13 252
64 244
6 244
59 241
52 241
44 250
12 250
11 250
40 224
14 224
13 224
25 224
44 224
47 246
7 246
6 246
5 246
55 246
46 237
11 237
12 237
13 237
14 237
36 247
2 247
1 247
34 227
53 239
46 239
11 239
12 239
13 239
14 239
54 216
24 216
28 244
45 249
17 249
16 249
15 249
40 237
27 230
5 230
6 230
30 240
24 240
23 240
22 240
21 240
58 242
5 242
61 252
15 252
44 252
57 247
3 247
4 247
5 247
29 254
19 254
27 242
6 242
7 242
8 242
9 242
10 242
11 242
62 253
3 253
2 253
1 253
56 245
21 245
20 245
32 210
18 210
19 210
47 227
10 227
9 227
34 244
38 250
15 250
63 251
9 251
8 251
7 251
26 246
9 246
39 256
40 256
19 256
18 256
47 244
12 244
13 244
14 244
15 244
16 244
41 237
53 250
42 254
37 225
18 225
19 225
20 225
35 223
23 223
24 223
30 257
3 257
4 257
5 257
45 254
22 254
23 254
24 254
38 244
17 244
18 244
19 244
51 245
33 235
14 235
13 235
12 235
11 235
49 249
21 249
41 249
50 242
16 242
17 242
18 242
25 252
19 252
18 252
31 241
1 241
2 241
3 241
4 241
56 254
28 259
34 259
37 244
20 244
21 244
46 250
18 250
19 250
20 250
53 242
44 260
40 249
22 249
23 249
42 249
24 249
47 259
15 259
16 259
41 244
30 241
6 241
7 241
8 241
9 241
54 255
7 255
8 255
9 255
10 255
58 247
12 247
13 247
64 227
15 227
62 257
9 257
10 257
11 257
58 257
12 257
13 257
14 257
15 257
34 257
60 233
15 233
34 233
55 247
14 247
15 247
59 240
3 240
64 247
16 247
41 261
24 261
23 261
22 261
32 225
58 263
13 263
14 263
55 263
15 263
16 263
35 245
3 245
2 245
1 245
46 242
21 242
22 242
23 242
24 242
53 262
46 262
21 262
22 262
23 262
24 262
43 239
24 239
27 251
14 251
13 251
64 263
17 263
42 245
60 247
17 247
18 247
19 247
20 247
47 257
18 257
17 257
16 257
34 264
58 251
15 251
16 251
17 251
28 263
57 241
13 241
12 241
36 255
14 255
13 255
51 240
44 261
56 265
6 265
25 260
61 256
1 256
25 256
51 269
6 269
5 269
50 247
23 247
24 247
29 210
6 210
34 263
21 263
22 263
23 263
35 240
7 240
51 210
35 210
7 210
50 263
24 263
32 267
5 267
4 267
56 210
8 210
9 210
37 250
3 250
2 250
1 250
48 230
20 230
21 230
22 230
23 230
24 230
60 251
21 251
20 251
19 251
18 251
55 257
44 256
3 256
2 256
53 256
63 258
55 258
21 258
20 258
57 255
18 255
17 255
16 255
15 255
25 270
43 267
6 267
61 267
48 257
62 241
18 241
17 241
16 241
15 241
39 237
7 237
63 257
23 257
39 271
7 271
32 271
8 271
9 271
10 271
41 242
45 245
10 245
9 245
44 270
6 270
42 269
52 266
13 266
43 237
8 237
9 237
10 237
37 267
7 267
44 267
59 265
13 265
12 265
11 265
10 265
9 265
43 265
8 265
38 252
6 252
51 271
12 271
64 268
1 268
61 270
8 270
25 267
8 267
9 267
10 267
11 267
12 267
13 267
14 267
15 267
47 264
3 264
2 264
48 264
1 264
60 257
2 257
35 271
14 271
13 271
49 245
12 245
11 245
63 264
46 256
8 256
33 259
6 259
5 259
4 259
3 259
2 259
63 259
34 274
37 270
11 270
10 270
9 270
59 267
17 267
16 267
38 256
10 256
39 242
13 242
12 242
37 242
36 251
1 251
40 244
28 274
6 274
62 273
32 237
15 237
16 237
17 237
18 237
19 237
50 230
9 230
47 274
7 274
8 274
9 274
10 274
11 274
12 274
13 274
14 274
15 274
16 274
30 255
23 255
22 255
21 255
20 255
19 255
