0 1694
0 1695
0 1696
0 1697
0 1698
0 1699
0 1700
0 1701
0 1702
0 1703
0 1704
0 1705
0 1706
0 1707
0 1708
0 1709
0 1710
0 1711
0 1712
0 1716
0 1719
47 1720
12 1720
11 1720
10 1720
9 1720
8 1720
7 1720
6 1720
5 1720
4 1720
3 1720
2 1720
1 1720
0 1723
0 1724
0 1727
34 1713
6 1713
5 1713
4 1713
3 1713
2 1713
1 1713
56 1715
15 1715
16 1715
17 1715
18 1715
19 1715
20 1715
21 1715
22 1715
23 1715
24 1715
0 1728
41 1714
20 1714
21 1714
22 1714
23 1714
24 1714
40 1721
20 1721
21 1721
22 1721
23 1721
24 1721
0 1729
0 1732
39 1730
3 1730
2 1730
1 1730
54 1722
19 1722
20 1722
21 1722
22 1722
23 1722
24 1722
0 1735
43 1733
5 1733
4 1733
3 1733
2 1733
1 1733
0 1736
29 1737
18 1737
19 1737
20 1737
21 1737
22 1737
23 1737
24 1737
27 1738
12 1738
11 1738
10 1738
9 1738
8 1738
7 1738
6 1738
5 1738
4 1738
3 1738
2 1738
1 1738
0 1739
64 1740
3 1740
2 1740
1 1740
61 1742
2 1742
1 1742
38 1743
1 1743
0 1744
0 1746
51 1734
35 1718
20 1718
21 1718
22 1718
23 1718
24 1718
0 1747
0 1749
0 1750
57 1741
16 1741
17 1741
18 1741
19 1741
20 1741
21 1741
22 1741
23 1741
24 1741
0 1752
28 1725
19 1725
20 1725
21 1725
22 1725
23 1725
24 1725
37 1717
13 1717
14 1717
15 1717
16 1717
17 1717
18 1717
19 1717
20 1717
21 1717
22 1717
23 1717
24 1717
0 1753
49 1748
13 1748
14 1748
15 1748
16 1748
17 1748
18 1748
19 1748
20 1748
21 1748
22 1748
23 1748
24 1748
0 1754
44 1751
24 1751
31 1755
15 1755
16 1755
17 1755
18 1755
19 1755
20 1755
21 1755
22 1755
23 1755
24 1755
0 1757
45 1756
23 1756
24 1756
0 1759
0 1762
0 1767
0 1768
53 1745
3 1745
2 1745
1 1745
0 1769
33 1758
10 1758
9 1758
8 1758
7 1758
6 1758
5 1758
4 1758
3 1758
2 1758
1 1758
0 1772
63 1761
20 1761
21 1761
22 1761
23 1761
24 1761
0 1773
0 1776
58 1760
21 1760
22 1760
23 1760
24 1760
52 1774
12 1774
11 1774
10 1774
9 1774
8 1774
7 1774
6 1774
5 1774
4 1774
3 1774
2 1774
1 1774
30 1770
11 1770
10 1770
9 1770
8 1770
7 1770
6 1770
5 1770
4 1770
3 1770
2 1770
1 1770
0 1778
55 1764
20 1764
21 1764
22 1764
23 1764
24 1764
0 1782
42 1777
17 1777
18 1777
19 1777
20 1777
21 1777
22 1777
23 1777
24 1777
0 1783
39 1785
14 1785
15 1785
16 1785
17 1785
18 1785
19 1785
20 1785
21 1785
22 1785
23 1785
24 1785
0 1786
60 1781
10 1781
9 1781
8 1781
7 1781
6 1781
5 1781
4 1781
3 1781
2 1781
1 1781
48 1766
3 1766
2 1766
1 1766
36 1771
2 1771
1 1771
0 1788
0 1789
59 1763
5 1763
4 1763
3 1763
2 1763
1 1763
0 1791
62 1775
8 1775
7 1775
6 1775
5 1775
4 1775
3 1775
2 1775
1 1775
0 1792
0 1796
50 1779
7 1779
6 1779
5 1779
4 1779
3 1779
2 1779
1 1779
61 1794
15 1794
16 1794
17 1794
18 1794
19 1794
20 1794
21 1794
22 1794
23 1794
24 1794
0 1797
46 1765
23 1765
24 1765
0 1798
0 1799
0 1800
0 1803
0 1804
41 1793
13 1793
14 1793
15 1793
16 1793
17 1793
18 1793
19 1793
20 1793
21 1793
22 1793
23 1793
24 1793
0 1805
26 1726
14 1726
15 1726
16 1726
17 1726
18 1726
19 1726
20 1726
21 1726
22 1726
23 1726
24 1726
38 1802
17 1802
18 1802
19 1802
20 1802
21 1802
22 1802
23 1802
24 1802
0 1806
0 1808
32 1731
15 1731
16 1731
17 1731
18 1731
19 1731
20 1731
21 1731
22 1731
23 1731
24 1731
0 1810
25 1780
2 1780
1 1780
0 1814
56 1813
11 1813
10 1813
9 1813
8 1813
7 1813
6 1813
5 1813
4 1813
3 1813
2 1813
1 1813
35 1795
12 1795
11 1795
10 1795
9 1795
8 1795
7 1795
6 1795
5 1795
4 1795
3 1795
2 1795
1 1795
0 1816
0 1817
42 1818
2 1818
1 1818
0 1819
64 1807
23 1807
24 1807
0 1821
31 1815
6 1815
5 1815
4 1815
3 1815
2 1815
1 1815
0 1823
0 1825
40 1811
18 1811
19 1811
20 1811
21 1811
22 1811
23 1811
24 1811
27 1801
8 1801
7 1801
6 1801
5 1801
4 1801
3 1801
2 1801
1 1801
34 1784
5 1784
4 1784
3 1784
2 1784
1 1784
0 1826
47 1790
13 1790
14 1790
15 1790
16 1790
17 1790
18 1790
19 1790
20 1790
21 1790
22 1790
23 1790
24 1790
0 1827
37 1809
7 1809
6 1809
5 1809
4 1809
3 1809
2 1809
1 1809
0 1830
0 1832
58 1824
11 1824
10 1824
9 1824
8 1824
7 1824
6 1824
5 1824
4 1824
3 1824
2 1824
1 1824
0 1835
45 1836
17 1836
18 1836
19 1836
20 1836
21 1836
22 1836
23 1836
24 1836
54 1829
19 1829
20 1829
21 1829
22 1829
23 1829
24 1829
0 1838
43 1822
5 1822
4 1822
3 1822
2 1822
1 1822
0 1840
52 1812
3 1812
2 1812
1 1812
0 1841
0 1843
0 1844
29 1834
19 1834
20 1834
21 1834
22 1834
23 1834
24 1834
0 1847
60 1839
1 1839
0 1849
36 1850
18 1850
19 1850
20 1850
21 1850
22 1850
23 1850
24 1850
49 1820
11 1820
10 1820
9 1820
8 1820
7 1820
6 1820
5 1820
4 1820
3 1820
2 1820
1 1820
57 1833
15 1833
16 1833
17 1833
18 1833
19 1833
20 1833
21 1833
22 1833
23 1833
24 1833
0 1851
51 1842
1 1842
63 1852
15 1852
16 1852
17 1852
18 1852
19 1852
20 1852
21 1852
22 1852
23 1852
24 1852
0 1853
0 1854
0 1855
38 1856
4 1856
3 1856
2 1856
1 1856
0 1857
0 1858
39 1859
9 1859
8 1859
7 1859
6 1859
5 1859
4 1859
3 1859
2 1859
1 1859
0 1861
28 1828
21 1828
22 1828
23 1828
24 1828
44 1831
0 1862
33 1846
9 1846
8 1846
7 1846
6 1846
5 1846
4 1846
3 1846
2 1846
1 1846
50 1860
0 1863
53 1837
3 1837
2 1837
1 1837
0 1865
25 1867
16 1867
17 1867
18 1867
19 1867
20 1867
21 1867
22 1867
23 1867
24 1867
0 1868
0 1870
0 1871
0 1873
35 1874
2 1874
1 1874
56 1872
1 1872
31 1864
19 1864
20 1864
21 1864
22 1864
23 1864
24 1864
0 1877
0 1878
45 1879
3 1879
2 1879
1 1879
0 1880
42 1881
18 1881
19 1881
20 1881
21 1881
22 1881
23 1881
24 1881
62 1869
6 1869
5 1869
4 1869
3 1869
2 1869
1 1869
26 1882
8 1882
7 1882
6 1882
5 1882
4 1882
3 1882
2 1882
1 1882
55 1848
22 1848
23 1848
24 1848
30 1845
13 1845
14 1845
15 1845
16 1845
17 1845
18 1845
19 1845
20 1845
21 1845
22 1845
23 1845
24 1845
59 1866
46 1876
21 1876
22 1876
23 1876
24 1876
61 1885
13 1885
14 1885
15 1885
16 1885
17 1885
18 1885
19 1885
20 1885
21 1885
22 1885
23 1885
24 1885
0 1887
32 1888
0 1889
0 1891
0 1892
45 1866
7 1866
6 1866
5 1866
4 1866
3 1866
2 1866
1 1866
0 1893
60 1894
13 1894
14 1894
15 1894
16 1894
17 1894
18 1894
19 1894
20 1894
21 1894
22 1894
23 1894
24 1894
0 1896
0 1898
0 1899
0 1900
0 1903
0 1905
63 1907
4 1907
3 1907
2 1907
1 1907
26 1888
14 1888
15 1888
16 1888
17 1888
18 1888
19 1888
20 1888
21 1888
22 1888
23 1888
24 1888
27 1902
4 1902
3 1902
2 1902
1 1902
0 1908
48 1875
9 1875
8 1875
7 1875
6 1875
5 1875
4 1875
3 1875
2 1875
1 1875
0 1909
0 1911
0 1914
36 1904
52 1910
22 1910
23 1910
24 1910
0 1917
43 1918
28 1904
10 1904
9 1904
8 1904
7 1904
6 1904
5 1904
4 1904
3 1904
2 1904
1 1904
54 1913
14 1913
15 1913
16 1913
17 1913
18 1913
19 1913
20 1913
21 1913
22 1913
23 1913
24 1913
0 1919
34 1906
3 1906
2 1906
1 1906
0 1920
0 1922
37 1915
5 1915
4 1915
3 1915
2 1915
1 1915
0 1924
47 1897
12 1897
11 1897
10 1897
9 1897
8 1897
7 1897
6 1897
5 1897
4 1897
3 1897
2 1897
1 1897
0 1926
44 1925
16 1925
17 1925
18 1925
19 1925
20 1925
21 1925
22 1925
23 1925
24 1925
0 1928
0 1930
58 1916
10 1916
9 1916
8 1916
7 1916
6 1916
5 1916
4 1916
3 1916
2 1916
1 1916
0 1932
38 1923
23 1923
24 1923
0 1934
51 1929
22 1929
23 1929
24 1929
0 1935
61 1933
46 1931
37 1931
8 1931
7 1931
6 1931
5 1931
4 1931
3 1931
2 1931
1 1931
50 1921
18 1921
19 1921
20 1921
21 1921
22 1921
23 1921
24 1921
0 1937
0 1938
0 1939
29 1895
18 1895
19 1895
20 1895
21 1895
22 1895
23 1895
24 1895
53 1927
22 1927
23 1927
24 1927
0 1943
49 1942
10 1942
9 1942
8 1942
7 1942
6 1942
5 1942
4 1942
3 1942
2 1942
1 1942
0 1946
40 1901
23 1901
24 1901
0 1950
0 1951
0 1954
0 1957
28 1955
19 1955
20 1955
21 1955
22 1955
23 1955
24 1955
33 1940
6 1940
5 1940
4 1940
3 1940
2 1940
1 1940
62 1941
24 1941
60 1956
3 1956
2 1956
1 1956
0 1958
63 1949
16 1949
17 1949
18 1949
19 1949
20 1949
21 1949
22 1949
23 1949
24 1949
0 1959
64 1912
7 1912
6 1912
5 1912
4 1912
3 1912
2 1912
1 1912
59 1961
0 1962
35 1945
23 1945
24 1945
0 1963
26 1944
2 1944
1 1944
48 1964
22 1964
23 1964
24 1964
41 1890
40 1890
2 1890
1 1890
0 1965
55 1948
17 1948
18 1948
19 1948
20 1948
21 1948
22 1948
23 1948
24 1948
0 1968
30 1953
8 1953
7 1953
6 1953
5 1953
4 1953
3 1953
2 1953
1 1953
0 1969
25 1966
15 1966
16 1966
17 1966
18 1966
19 1966
20 1966
21 1966
22 1966
23 1966
24 1966
31 1947
17 1947
18 1947
19 1947
20 1947
21 1947
22 1947
23 1947
24 1947
