33 3442 2.00261
32 3444 2.03753
31 3445 2.10569
98 3446 2.10909
27 3448 2.19493
66 3449 2.21874
99 3451 2.22153
65 3452 2.22968
78 3453 2.2544
63 3454 2.31353
26 3456 2.3398
95 3457 2.34385
79 3458 2.35133
43 3459 2.36135
89 3461 2.47144
50 3462 2.4779
55 3463 2.5153
64 3465 2.5381
93 3466 2.55476
38 3467 2.58171
28 3469 2.65011
70 3470 2.65604
81 3471 2.6683
71 3473 2.72045
68 3475 2.87523
108 3476 2.87658
61 3477 2.88496
109 3478 2.88551
41 3479 2.8869
85 3480 2.90344
67 3482 2.93958
110 3484 3.03517
107 3485 3.06826
60 3486 3.0691
96 3487 3.07725
39 3489 3.14535
114 3490 3.18424
90 3491 3.19675
104 3493 3.2246
34 3495 3.33751
35 3496 3.40013
111 3498 3.45792
76 3499 3.47052
91 3500 3.49966
82 3503 3.64096
97 3504 3.64618
36 3505 3.70218
56 3507 3.72661
101 3508 3.76826
100 3509 3.80352
49 3511 3.86132
29 3512 3.88225
87 3514 3.97994
54 3515 4.00301
74 3517 4.02444
44 3518 4.02777
105 3520 4.12427
30 3521 4.1262
48 3522 4.14057
113 3523 4.16535
73 3524 4.19802
45 3525 4.21644
69 3527 4.30106
88 3528 4.3141
112 3530 4.33949
75 3532 4.43025
106 3533 4.44695
58 3534 4.45077
63 3535 4.46223
72 3537 4.56675
57 3539 4.63922
77 3540 4.65031
62 3541 4.67035
42 3542 4.6906
92 3543 4.69983
46 3545 4.72014
37 3546 4.75335
47 3547 4.77547
102 3548 4.79045
40 3549 4.80667
25 3551 4.83578
51 3552 4.8585
53 3553 4.87786
52 3554 4.88317
80 3555 4.88896
83 3556 4.90224
103 3558 4.94946
59 3559 4.99832
33 3560 5.01891
110 3566 5.50699
31 3568 5.53682
38 3570 5.647
41 3572 5.7254
107 3573 5.75633
99 3574 5.76826
50 3579 6.14229
104 3580 6.16245
65 3581 6.18995
55 3583 6.23694
79 3584 6.24727
68 3586 6.33328
34 3588 6.4632
60 3589 6.49445
89 3591 6.57151
86 3592 6.61369
67 3595 6.75291
85 3596 6.75941
43 3597 6.80038
26 3598 6.80296
64 3600 6.8727
97 3601 6.9174
93 3603 6.92883
71 3604 6.93468
91 3605 6.93527
32 3606 6.9567
83 3608 7.06401
29 3609 7.08996
81 3611 7.14191
113 3612 7.16311
90 3613 7.19559
37 3615 7.22036
74 3616 7.22477
49 3617 7.2635
78 3620 7.44206
72 3621 7.4584
70 3623 7.55488
36 3624 7.58341
57 3626 7.63102
61 3627 7.65078
77 3628 7.67748
27 3629 7.68952
109 3630 7.68962
42 3632 7.72837
28 3633 7.76404
100 3634 7.80027
69 3636 7.83635
25 3637 7.90856
95 3639 7.95183
59 3641 8.03278
54 3642 8.06524
80 3643 8.0691
112 3644 8.07031
101 3645 8.10275
98 3647 8.20504
44 3649 8.2676
94 3651 8.35307
33 3652 8.37632
58 3653 8.41184
104 3655 8.42071
39 3656 8.43167
82 3657 8.47779
76 3658 8.48265
30 3659 8.51514
108 3661 8.5737
87 3662 8.60765
56 3664 8.62293
111 3665 8.62926
73 3668 8.89925
89 3670 8.92329
53 3671 8.92783
105 3672 8.98383
96 3673 9.01501
84 3675 9.05547
46 3676 9.07322
86 3677 9.09762
51 3680 9.2747
41 3681 9.28389
35 3682 9.2961
106 3683 9.29996
40 3685 9.3527
88 3686 9.40938
71 3688 9.4318
47 3689 9.47776
83 3691 9.56738
75 3692 9.59309
68 3694 9.62855
52 3695 9.64832
55 3697 9.75301
62 3698 9.76097
102 3700 9.83707
113 3701 9.84241
74 3702 9.881
60 3703 9.89531
45 3704 9.89698
34 3706 9.94644
43 3707 9.9872
91 3709 10.0401
28 3710 10.0654
67 3711 10.1038
61 3712 10.104
29 3714 10.1856
48 3715 10.19
27 3718 10.3384
65 3720 10.4974
90 3721 10.5043
26 3723 10.537
107 3724 10.6021
57 3726 10.6204
110 3727 10.7111
30 3728 10.7127
99 3730 10.7421
69 3731 10.7461
64 3732 10.7728
50 3733 10.7789
54 3734 10.8041
108 3735 10.8086
109 3737 10.894
37 3739 10.942
44 3740 10.972
49 3741 10.9936
97 3743 11.0659
38 3744 11.0814
92 3746 11.1498
78 3751 11.524
79 3752 11.5561
93 3754 11.7132
46 3756 11.7366
84 3757 11.737
72 3758 11.8037
42 3760 11.8651
25 3762 11.975
76 3763 12.014
73 3765 12.0231
98 3766 12.0495
94 3768 12.1213
36 3769 12.1816
66 3770 12.1937
32 3771 12.1947
82 3772 12.2179
43 3775 12.3614
88 3776 12.4145
114 3778 12.48
100 3780 12.5218
58 3781 12.5908
85 3782 12.6167
105 3784 12.655
87 3787 12.8377
70 3788 12.9169
101 3790 12.9542
103 3791 12.9916
74 3793 13.0456
83 3794 13.0611
39 3795 13.0809
30 3796 13.1118
75 3799 13.2544
102 3800 13.2958
50 3801 13.3128
63 3803 13.3493
110 3804 13.387
111 3806 13.4491
52 3807 13.4692
40 3808 13.4749
106 3809 13.4945
89 3810 13.51
96 3812 13.5209
104 3813 13.5437
71 3814 13.6122
47 3816 13.6274
60 3817 13.6644
91 3818 13.6846
33 3820 13.724
67 3821 13.7268
56 3822 13.731
113 3823 13.7382
41 3824 13.7688
59 3825 13.7927
86 3827 13.8424
84 3829 13.9503
77 3831 14.0798
72 3833 14.1305
29 3834 14.1943
95 3836 14.2222
80 3837 14.2395
68 3838 14.2495
37 3840 14.3605
27 3842 14.4265
53 3844 14.5878
31 3845 14.6091
82 3846 14.6093
51 3848 14.7078
34 3852 14.923
98 3853 14.9321
