34 1713 2.0204
41 1714 2.03202
56 1715 2.06706
37 1717 2.16288
35 1718 2.17977
47 1720 2.23196
40 1721 2.24153
54 1722 2.28813
28 1725 2.42038
26 1726 2.43782
39 1730 2.75803
32 1731 2.77077
43 1733 2.8088
51 1734 2.87329
29 1737 3.06395
27 1738 3.07586
64 1740 3.12348
57 1741 3.12856
61 1742 3.14875
38 1743 3.1821
53 1745 3.28652
49 1748 3.46664
44 1751 3.63802
31 1755 3.97678
45 1756 3.98239
33 1758 4.0475
58 1760 4.13506
63 1761 4.1702
59 1763 4.20506
55 1764 4.21482
46 1765 4.2365
48 1766 4.29876
30 1770 4.59091
36 1771 4.60061
52 1774 4.76338
62 1775 4.77561
42 1777 4.83251
50 1779 4.90291
25 1780 4.9269
60 1781 4.99114
34 1784 5.14953
39 1785 5.17511
47 1790 5.58644
41 1793 5.72533
61 1794 5.77018
35 1795 5.7792
27 1801 6.23836
38 1802 6.27741
64 1807 6.684
37 1809 6.789
40 1811 6.82347
52 1812 6.86568
56 1813 6.8761
31 1815 6.96614
42 1818 7.12313
49 1820 7.2432
43 1822 7.3416
58 1824 7.44549
28 1828 7.71754
54 1829 7.77418
44 1831 7.8719
57 1833 7.97459
29 1834 7.9752
45 1836 8.02691
53 1837 8.09159
60 1839 8.18873
51 1842 8.30361
30 1845 8.56875
33 1846 8.57054
55 1848 8.66245
36 1850 8.70971
63 1852 8.89757
38 1856 9.13003
39 1859 9.36384
50 1860 9.37377
31 1864 9.66894
59 1866 9.78478
25 1867 9.79224
62 1869 9.81435
56 1872 10.0367
35 1874 10.1045
48 1875 10.1277
46 1876 10.1662
45 1879 10.3307
42 1881 10.4107
26 1882 10.4564
61 1885 10.6731
32 1888 10.8617
41 1890 10.9689
60 1894 11.2072
29 1895 11.2408
47 1897 11.3091
40 1901 11.6103
27 1902 11.6908
36 1904 11.7094
34 1906 11.8159
63 1907 11.8187
52 1910 12.028
64 1912 12.1115
54 1913 12.1139
37 1915 12.2467
58 1916 12.2567
43 1918 12.3075
50 1921 12.5789
38 1923 12.6034
44 1925 12.8004
53 1927 12.8764
51 1929 12.9509
46 1931 13.0282
61 1933 13.1214
57 1936 13.3969
33 1940 13.6469
62 1941 13.6816
49 1942 13.6821
26 1944 13.7129
35 1945 13.794
31 1947 13.8455
55 1948 13.8477
63 1949 13.8718
39 1952 14.0165
30 1953 14.0735
28 1955 14.1227
60 1956 14.1906
27 1960 14.4927
59 1961 14.4941
48 1964 14.6596
25 1966 14.7127
56 1967 14.7298
43 1970 14.9376
42 1971 14.9711
