70 63
56 63
60 63
83 63
16 63
15 63
17 63
45 63
14 63
18 63
32 63
61 63
64 63
13 63
36 63
37 63
73 63
19 63
12 63
20 63
63 63
11 63
49 63
21 63
10 63
22 63
9 63
23 63
33 63
8 63
40 63
24 63
67 63
7 63
6 63
5 63
44 63
57 63
4 63
28 63
34 63
75 63
3 63
25 63
50 63
80 63
2 63
54 63
1 63
53 63
35 63
59 63
103 63
39 63
43 62
9 62
8 62
10 62
7 62
11 62
6 62
12 62
5 62
13 62
4 62
14 62
3 62
15 62
2 62
16 62
1 62
17 62
18 62
19 62
56 62
20 62
21 62
22 62
23 62
24 62
29 63
81 63
81 64
1 64
2 64
3 64
4 64
5 64
6 64
7 64
8 64
9 64
10 64
11 64
12 64
13 64
14 64
15 64
16 64
17 64
18 64
19 64
20 64
21 64
22 64
23 64
24 64
83 62
31 63
42 63
30 63
47 63
38 63
72 63
98 63
68 63
78 63
99 63
83 65
13 65
12 65
14 65
11 65
15 65
10 65
16 65
9 65
17 65
8 65
18 65
7 65
19 65
6 65
20 65
5 65
21 65
4 65
22 65
3 65
23 65
2 65
24 65
1 65
97 63
102 62
93 63
65 63
85 63
27 63
84 63
81 65
70 62
101 63
104 63
30 65
41 63
47 65
41 65
93 66
13 66
12 66
14 66
11 66
15 66
10 66
16 66
9 66
17 66
8 66
18 66
7 66
19 66
6 66
20 66
5 66
21 66
4 66
22 66
3 66
23 66
2 66
24 66
1 66
72 65
43 64
99 65
62 63
97 66
62 66
85 65
72 67
15 67
14 67
16 67
13 67
17 67
12 67
18 67
11 67
19 67
10 67
20 67
9 67
21 67
8 67
22 67
7 67
23 67
6 67
24 67
5 67
4 67
3 67
2 67
1 67
84 66
66 63
92 63
83 66
104 65
