43 6
41 7
16 7
15 7
17 7
14 7
18 7
13 7
19 7
12 7
20 7
11 7
21 7
10 7
22 7
9 7
23 7
8 7
24 7
7 7
6 7
30 7
34 7
5 7
4 7
3 7
2 7
1 7
35 7
44 9
35 9
2 9
1 9
3 9
4 9
5 9
6 9
7 9
8 9
9 9
10 9
11 9
12 9
13 9
14 9
15 9
16 9
17 9
18 9
19 9
20 9
21 9
22 9
23 9
24 9
40 6
5 6
4 6
6 6
3 6
7 6
2 6
35 6
8 6
1 6
9 6
10 6
11 6
12 6
13 6
14 6
15 6
16 6
17 6
18 6
19 6
20 6
21 6
22 6
23 6
24 6
43 7
26 7
37 8
23 8
22 8
24 8
21 8
20 8
19 8
18 8
17 8
16 8
15 8
14 8
13 8
12 8
11 8
10 8
9 8
8 8
7 8
6 8
5 8
4 8
3 8
2 8
1 8
42 5
7 5
6 5
8 5
5 5
9 5
4 5
10 5
3 5
11 5
2 5
12 5
1 5
13 5
14 5
15 5
16 5
17 5
18 5
19 5
20 5
21 5
22 5
23 5
24 5
34 10
15 10
14 10
16 10
13 10
17 10
12 10
18 10
11 10
19 10
10 10
20 10
9 10
21 10
8 10
22 10
7 10
23 10
6 10
24 10
5 10
4 10
3 10
2 10
1 10
34 11
8 11
7 11
9 11
6 11
10 11
5 11
11 11
4 11
12 11
3 11
13 11
2 11
14 11
1 11
15 11
16 11
17 11
18 11
19 11
20 11
21 11
22 11
23 11
24 11
36 7
34 12
2 12
1 12
3 12
4 12
5 12
6 12
7 12
8 12
9 12
10 12
11 12
12 12
13 12
14 12
15 12
16 12
17 12
18 12
19 12
20 12
21 12
22 12
23 12
24 12
42 10
33 7
25 7
34 13
15 13
14 13
16 13
13 13
17 13
12 13
18 13
11 13
19 13
10 13
20 13
9 13
21 13
8 13
22 13
7 13
23 13
6 13
24 13
5 13
4 13
3 13
2 13
1 13
