35 4582 2.61223
29 4584 2.68771
26 4585 2.69744
30 4588 2.87637
41 4589 2.88237
44 4590 2.93625
37 4593 3.15285
42 4597 3.36935
36 4598 3.40441
38 4603 3.8101
27 4605 3.87293
25 4606 3.88329
31 4607 3.92173
39 4609 3.95599
28 4612 4.23822
32 4614 4.35207
34 4616 4.39247
33 4619 4.57557
40 4620 4.64887
43 4624 4.85836
44 4630 5.44039
29 4633 5.64481
37 4638 6.03452
30 4641 6.17574
27 4645 6.48018
26 4648 6.75043
41 4654 7.18705
39 4655 7.20269
32 4659 7.50873
35 4663 7.82371
36 4667 8.06812
42 4670 8.26253
34 4673 8.53633
44 4674 8.53814
28 4678 8.84766
40 4681 9.00401
26 4685 9.29551
29 4691 9.78602
25 4696 10.1571
43 4697 10.216
44 4704 10.8414
36 4706 10.8617
41 4710 11.2221
37 4712 11.2543
35 4713 11.2735
28 4715 11.388
33 4717 11.4795
32 4719 11.645
26 4721 11.7097
39 4726 12.1186
30 4729 12.3225
38 4732 12.5456
27 4737 12.8688
42 4739 13.029
29 4741 13.1355
31 4742 13.1427
34 4744 13.2386
36 4747 13.3777
25 4749 13.5115
43 4755 13.9687
28 4756 14.0371
26 4762 14.4659
39 4767 14.8828
41 4768 14.9519
