31 7184 0 100 0.1 2.04495 2.14495
121 7185 0 100 0.1 2.04657 2.14657
108 7186 0 100 0.1 2.06632 2.16632
41 7192 0 100 1.51711e-07 2.19986 2.19986
77 7183 0 100 0.3 2.00075 2.30075
74 7188 0 100 0.2 2.12242 2.32242
80 7197 0 100 0.2 2.36638 2.56638
62 7199 0 100 0.2 2.37574 2.57574
111 7206 0 100 0.1 2.58348 2.68348
83 7193 0 100 0.5 2.21076 2.71076
101 7204 0 100 0.3 2.53737 2.83737
69 7207 0 100 0.2 2.64296 2.84296
81 7213 0 100 0.1 2.74903 2.84903
113 7224 0 100 1.51711e-07 2.89588 2.89588
115 7211 0 100 0.2 2.73655 2.93655
34 7218 0 100 0.1 2.84768 2.94768
48 7201 0 100 0.5 2.44922 2.94922
82 7220 0 100 0.1 2.85337 2.95337
123 7221 0 100 0.1 2.86676 2.96676
45 7209 0 100 0.3 2.69302 2.99302
76 7223 0 100 0.2 2.87708 3.07708
63 7236 0 100 8.16907e-08 3.20289 3.20289
99 7216 0 100 0.4 2.82123 3.22123
51 7227 0 100 0.2 3.02578 3.22578
112 7215 0 100 0.5 2.7994 3.2994
60 7241 0 100 7.00206e-08 3.34119 3.34119
124 7233 0 100 0.2 3.14768 3.34768
106 7228 0 100 0.3 3.05254 3.35254
61 7243 0 100 4.66804e-08 3.43234 3.43234
25 7244 0 100 1.16701e-08 3.43337 3.43337
38 7217 0 100 0.6 2.83786 3.43786
92 7245 0 100 1.05031e-07 3.45977 3.45977
27 7249 0 100 4.66804e-08 3.52158 3.52158
120 7232 0 100 0.4 3.12748 3.52748
119 7189 0 100 1.4 2.14904 3.54904
26 7219 0 100 0.8 2.85276 3.65276
57 7235 0 100 0.5 3.19333 3.69333
39 7195 0 100 1.4 2.32559 3.72559
94 7253 0 100 0.1 3.63429 3.73429
58 7229 0 100 0.8 3.0551 3.8551
36 7230 0 100 0.8 3.06274 3.86274
102 7259 0 100 0.1 3.82123 3.92123
37 7200 0 100 1.6 2.39381 3.99381
103 7248 0 100 0.5 3.50934 4.00934
117 7252 0 100 0.5 3.58519 4.08519
52 7263 0 100 0.2 3.94451 4.14451
122 7260 0 100 0.3 3.86 4.16
54 7250 0 100 0.6 3.56578 4.16578
46 7257 0 100 0.4 3.7982 4.1982
29 7271 0 100 2.33402e-08 4.21426 4.21426
55 7258 0 100 0.5 3.81616 4.31616
42 7210 0 100 1.6 2.73572 4.33572
73 7247 0 100 0.9 3.49327 4.39327
97 7254 0 100 0.8 3.66189 4.46189
104 7225 0 100 1.5 2.96377 4.46377
47 7273 0 100 0.2 4.28023 4.48023
50 7274 0 100 0.3 4.28152 4.58152
53 7203 0 100 2.1 2.49782 4.59783
64 7280 0 100 0.1 4.51136 4.61136
86 7284 0 100 1.05031e-07 4.64886 4.64886
44 7237 0 100 1.5 3.22083 4.72083
93 7269 0 100 0.6 4.13481 4.73481
84 7289 0 100 1.51711e-07 4.7384 4.7384
59 7283 0 100 0.1 4.64649 4.74649
28 7296 0 100 8.16907e-08 4.80136 4.80136
49 7288 0 100 0.1 4.72509 4.82509
43 7268 0 100 0.7 4.13007 4.83007
40 7239 0 100 1.6 3.24252 4.84252
78 7299 0 100 9.33608e-08 4.84907 4.84907
53 7304 0 100 1.16701e-07 4.9178 4.9178
95 7287 0 100 0.3 4.69438 4.99438
68 7305 0 100 0.1 4.93216 5.03216
85 7276 0 100 0.6 4.44497 5.04497
109 7298 0 100 0.2 4.84522 5.04522
31 7301 0 100 0.2 4.85612 5.05612
75 7294 0 100 0.3 4.77708 5.07708
33 7267 0 100 1 4.09008 5.09008
77 7312 0 100 0.1 5.13519 5.23519
80 7295 0 100 0.5 4.79483 5.29483
89 7297 0 100 0.5 4.83038 5.33038
56 7262 0 100 1.4 3.93286 5.33286
96 7300 0 100 0.5 4.85137 5.35137
67 7291 0 100 0.6 4.75726 5.35726
118 7285 0 100 0.7 4.65761 5.35761
123 7314 0 100 0.2 5.1724 5.3724
106 7318 0 100 1.05031e-07 5.42299 5.42299
121 7310 0 100 0.4 5.06272 5.46272
109 7212 0 100 2.8 2.74679 5.54679
70 7265 0 100 1.6 3.98088 5.58088
105 7196 0 100 3.3 2.34507 5.64507
71 7309 0 100 0.7 4.99835 5.69835
66 7277 0 100 1.4 4.46411 5.86411
35 7190 0 100 3.7 2.16951 5.86951
65 7302 0 100 1.1 4.86518 5.96518
42 7324 0 100 0.3 5.7098 6.0098
114 7290 0 100 1.3 4.75205 6.05205
82 7313 0 100 1 5.13742 6.13742
100 7292 0 100 1.4 4.76232 6.16232
113 7320 0 100 0.7 5.54462 6.24462
83 7333 0 100 0.1 6.1584 6.2584
54 7336 0 100 1.40041e-07 6.27648 6.27648
119 7339 0 100 1.05031e-07 6.32498 6.32498
32 7238 0 100 3.1 3.22573 6.32573
61 7321 0 100 0.8 5.57091 6.37091
101 7337 0 100 0.1 6.31256 6.41256
37 7338 0 100 0.1 6.32171 6.42171
92 7343 0 100 4.66804e-08 6.45322 6.45322
45 7341 0 100 0.1 6.37211 6.47211
122 7331 0 100 0.4 6.08388 6.48388
79 7281 0 100 2.1 4.51263 6.61263
72 7328 0 100 0.7 5.9863 6.6863
117 7340 0 100 0.4 6.35259 6.75259
76 7355 0 100 5.83505e-08 6.88092 6.88092
87 7348 0 100 0.3 6.60152 6.90152
99 7351 0 100 0.2 6.75227 6.95227
41 7345 0 100 0.4 6.56805 6.96805
86 7359 0 100 9.33608e-08 6.97853 6.97853
60 7360 0 100 1.51711e-07 7.0075 7.0075
62 7356 0 100 0.1 6.90824 7.00824
112 7364 0 100 9.33608e-08 7.0785 7.0785
105 7365 0 100 1.51711e-07 7.08884 7.08884
32 7366 0 100 9.33608e-08 7.1152 7.1152
115 7362 0 100 0.1 7.03877 7.13877
123 7371 0 100 1.16701e-08 7.22943 7.22943
108 7332 0 100 1.1 6.14208 7.24208
81 7379 0 100 5.83505e-08 7.52054 7.52054
43 7382 0 100 7.00206e-08 7.60556 7.60556
58 7380 0 100 0.1 7.55474 7.65474
110 7306 0 100 2.7 4.95973 7.65973
88 7279 0 100 3.2 4.47827 7.67827
39 7369 0 100 0.5 7.20734 7.70734
50 7372 0 100 0.5 7.23157 7.73157
48 7308 0 100 2.8 4.98483 7.78483
97 7347 0 100 1.3 6.57383 7.87383
56 7375 0 100 0.5 7.38699 7.88699
69 7370 0 100 0.7 7.21546 7.91546
51 7357 0 100 1 6.94097 7.94097
107 7361 0 100 1 7.01706 8.01706
124 7376 0 100 0.6 7.43175 8.03175
40 7386 0 100 0.3 7.73917 8.03917
93 7389 0 100 0.2 7.84737 8.04737
27 7387 0 100 0.4 7.7403 8.1403
34 7378 0 100 0.7 7.48477 8.18477
36 7391 0 100 0.3 7.93754 8.23754
57 7398 0 100 0.1 8.17064 8.27064
114 7392 0 100 0.4 7.97187 8.37187
102 7412 0 100 7.00206e-08 8.53 8.53
70 7415 0 100 5.83505e-08 8.60373 8.60373
71 7385 0 100 0.9 7.72564 8.62564
106 7405 0 100 0.3 8.3517 8.6517
30 7419 0 100 9.33608e-08 8.70464 8.70464
59 7367 0 100 1.6 7.12871 8.72871
73 7397 0 100 0.7 8.12907 8.82907
98 7425 0 100 1.51711e-07 8.8742 8.8742
61 7404 0 100 0.6 8.2938 8.8938
101 7422 0 100 0.1 8.84585 8.94585
108 7423 0 100 0.1 8.84816 8.94816
77 7410 0 100 0.5 8.46662 8.96662
83 7430 0 100 4.66804e-08 8.98181 8.98181
47 7353 0 100 2.2 6.78582 8.98582
91 7407 0 100 0.6 8.40972 9.00972
80 7396 0 100 1 8.07696 9.07696
29 7435 0 100 2.33402e-08 9.09486 9.09486
52 7400 0 100 0.9 8.19583 9.09583
92 7421 0 100 0.3 8.80427 9.10427
113 7408 0 100 0.7 8.45418 9.15418
121 7431 0 100 0.2 9.01494 9.21495
79 7416 0 100 0.6 8.63478 9.23478
85 7438 0 100 1.16701e-07 9.28152 9.28152
48 7426 0 100 0.4 8.90666 9.30666
78 7439 0 100 7.00206e-08 9.32728 9.32728
49 7434 0 100 0.3 9.09057 9.39057
88 7441 0 100 5.83505e-08 9.39769 9.39769
111 7383 0 100 1.8 7.61204 9.41204
38 7443 0 100 1.16701e-08 9.4484 9.4484
68 7445 0 100 1.16701e-07 9.46316 9.46316
63 7448 0 100 0.1 9.47889 9.57889
31 7402 0 100 1.4 8.27329 9.67329
109 7442 0 100 0.3 9.40143 9.70143
35 7329 0 100 3.7 6.00446 9.70446
65 7432 0 100 0.7 9.01725 9.71725
110 7456 0 100 1.63381e-07 9.74405 9.74405
67 7427 0 100 0.8 8.94651 9.74651
95 7417 0 100 1.1 8.65522 9.75522
116 7453 0 100 0.2 9.59222 9.79222
28 7394 0 100 2 8.04919 10.0492
60 7469 0 100 3.50103e-08 10.0997 10.0997
33 7465 0 100 0.1 10.0478 10.1478
36 7463 0 100 0.2 9.95924 10.1592
72 7467 0 100 0.1 10.0774 10.1774
42 7460 0 100 0.3 9.87777 10.1778
25 7458 0 100 0.4 9.7868 10.1868
45 7450 0 100 0.8 9.52555 10.3256
86 7473 0 100 1.40041e-07 10.3342 10.3342
103 7474 0 100 2.33402e-08 10.3499 10.3499
100 7479 0 100 0.1 10.4777 10.5777
41 7483 0 100 5.83505e-08 10.5831 10.5831
39 7480 0 100 0.1 10.548 10.648
37 7451 0 100 1.1 9.54963 10.6496
122 7486 0 100 1.40041e-07 10.715 10.715
124 7455 0 100 1 9.72924 10.7292
32 7476 0 100 0.5 10.3986 10.8986
104 7413 0 100 2.4 8.5364 10.9364
117 7494 0 100 0.1 10.9121 11.0121
59 7492 0 100 0.2 10.8724 11.0724
66 7496 0 100 0.1 10.9903 11.0903
27 7472 0 100 0.8 10.3061 11.1061
80 7497 0 100 0.2 10.9915 11.1915
30 7501 0 100 0.1 11.1053 11.2053
89 7462 0 100 1.3 9.91356 11.2136
56 7504 0 100 0.1 11.1457 11.2457
84 7428 0 100 2.3 8.96193 11.2619
119 7444 0 100 1.8 9.46308 11.2631
99 7477 0 100 0.9 10.442 11.342
51 7506 0 100 0.1 11.256 11.356
75 7401 0 100 3.2 8.20436 11.4044
50 7488 0 100 0.7 10.7514 11.4514
123 7491 0 100 0.9 10.7945 11.6945
44 7349 0 100 5.1 6.63379 11.7338
105 7503 0 100 0.6 11.1429 11.7429
28 7489 0 100 1 10.7561 11.7561
58 7461 0 100 1.9 9.88531 11.7853
97 7509 0 100 0.4 11.3858 11.7858
94 7502 0 100 0.7 11.1421 11.8421
46 7520 0 100 0.2 11.677 11.877
81 7515 0 100 0.3 11.622 11.922
112 7516 0 100 0.3 11.6272 11.9272
57 7481 0 100 1.4 10.5559 11.9559
73 7500 0 100 0.9 11.0787 11.9787
62 7522 0 100 0.2 11.8443 12.0443
35 7468 0 100 2 10.0874 12.0874
107 7528 0 100 0.1 12.0319 12.1319
70 7485 0 100 1.5 10.684 12.184
98 7510 0 100 0.8 11.4732 12.2732
26 7525 0 100 0.4 11.917 12.317
87 7517 0 100 0.7 11.6451 12.3451
64 7541 0 100 7.00206e-08 12.3531 12.3531
71 7542 0 100 9.33608e-08 12.3635 12.3635
118 7446 0 100 2.9 9.47263 12.3726
95 7540 0 100 0.1 12.2864 12.3864
74 7449 0 100 2.9 9.52322 12.4232
91 7487 0 100 1.8 10.7367 12.5367
93 7551 0 100 3.50103e-08 12.6999 12.6999
102 7546 0 100 0.1 12.6226 12.7226
42 7547 0 100 0.1 12.6246 12.7246
47 7533 0 100 0.6 12.1408 12.7408
82 7498 0 100 1.9 10.996 12.896
27 7558 0 100 1.05031e-07 12.9454 12.9454
77 7514 0 100 1.4 11.608 13.008
99 7554 0 100 0.1 12.9081 13.0081
29 7526 0 100 1.1 11.9546 13.0546
57 7548 0 100 0.4 12.6676 13.0676
35 7560 0 100 0.1 12.9928 13.0928
89 7532 0 100 1 12.1055 13.1055
53 7538 0 100 0.9 12.2649 13.1649
34 7549 0 100 0.5 12.6722 13.1722
38 7567 0 100 9.33608e-08 13.191 13.191
92 7529 0 100 1.2 12.038 13.238
69 7524 0 100 1.4 11.8942 13.2942
75 7563 0 100 0.3 13.0219 13.3219
120 7409 0 100 4.9 8.45607 13.3561
114 7518 0 100 1.7 11.67 13.37
63 7569 0 100 0.1 13.2713 13.3713
121 7576 0 100 1.63381e-07 13.3957 13.3957
85 7561 0 100 0.5 12.9943 13.4943
55 7513 0 100 1.9 11.5978 13.4978
41 7573 0 100 0.2 13.3466 13.5466
106 7555 0 100 0.7 12.9086 13.6086
31 7557 0 100 0.7 12.9259 13.6259
94 7574 0 100 0.3 13.3577 13.6577
74 7534 0 100 1.5 12.1649 13.6649
110 7572 0 100 0.4 13.3058 13.7058
113 7530 0 100 1.7 12.0706 13.7706
65 7537 0 100 1.6 12.2606 13.8606
51 7585 0 100 0.2 13.6673 13.8673
48 7556 0 100 1 12.9226 13.9226
49 7568 0 100 0.7 13.2683 13.9683
101 7593 0 100 0.1 13.9017 14.0017
36 7571 0 100 0.7 13.3037 14.0037
78 7536 0 100 1.9 12.1859 14.0859
104 7592 0 100 0.2 13.8979 14.0979
97 7597 0 100 0.1 13.9997 14.0997
32 7587 0 100 0.4 13.706 14.106
96 7565 0 100 1 13.1394 14.1394
55 7591 0 100 0.3 13.8973 14.1973
119 7599 0 100 0.2 14.0521 14.2521
45 7605 0 100 1.40041e-07 14.2806 14.2806
122 7580 0 100 0.7 13.5863 14.2863
116 7594 0 100 0.4 13.9232 14.3232
84 7583 0 100 0.7 13.661 14.361
69 7608 0 100 3.50103e-08 14.3635 14.3635
113 7601 0 100 0.2 14.1709 14.3709
118 7582 0 100 0.8 13.6563 14.4563
86 7589 0 100 0.7 13.8016 14.5016
90 7581 0 100 0.9 13.6338 14.5338
56 7584 0 100 0.9 13.664 14.564
60 7618 0 100 3.50103e-08 14.5755 14.5755
117 7604 0 100 0.3 14.2782 14.5782
54 7613 0 100 0.1 14.5188 14.6188
67 7614 0 100 0.1 14.5278 14.6278
70 7621 0 100 0.1 14.6417 14.7417
46 7622 0 100 0.1 14.6424 14.7424
124 7623 0 100 0.1 14.6519 14.7519
26 7624 0 100 0.1 14.6656 14.7656
123 7616 0 100 0.3 14.5632 14.8632
105 7629 0 100 2.33402e-08 14.8866 14.8866
80 7627 0 100 0.1 14.8139 14.9139
