30 382
58 382
9 382
37 384
3 384
4 384
33 389
27 389
44 383
6 383
57 392
56 392
22 392
83 392
65 394
47 394
76 394
71 394
66 394
50 394
14 394
56 395
22 395
39 388
17 388
80 388
16 388
15 388
79 383
63 396
62 387
17 387
60 397
81 384
5 384
77 384
26 385
1 385
38 389
3 389
68 397
25 392
34 398
20 398
48 386
52 399
6 399
81 399
82 397
14 397
13 397
12 397
58 397
53 401
26 386
2 386
1 386
55 389
64 381
61 390
23 390
67 383
28 385
3 385
75 400
17 400
78 391
11 391
12 391
43 391
36 391
25 404
77 402
6 402
47 400
65 400
83 390
70 384
7 384
6 384
38 384
48 385
4 385
5 385
73 389
5 389
26 389
51 402
8 402
28 405
5 405
73 405
76 400
71 400
66 400
29 393
23 393
81 402
9 402
50 400
19 400
18 400
82 400
59 391
14 391
32 395
3 395
57 395
2 395
51 406
9 406
59 409
30 397
16 397
15 397
43 397
69 396
23 396
48 389
6 389
7 389
8 389
9 389
47 410
76 410
61 404
2 404
31 383
12 383
74 391
16 391
72 403
1 403
64 383
13 383
14 383
78 383
15 383
36 409
70 402
10 402
11 402
12 402
77 389
10 389
67 411
59 397
35 392
3 392
33 384
9 384
80 387
23 387
22 387
66 387
84 388
23 388
44 381
14 381
68 400
20 400
21 400
22 400
23 400
84 400
46 394
21 394
38 385
50 387
71 413
47 413
70 389
11 389
12 389
69 414
63 414
80 400
24 400
65 410
61 392
4 392
5 392
6 392
7 392
8 392
41 404
3 404
4 404
42 398
1 398
81 406
12 406
70 406
46 413
46 416
22 416
28 392
9 392
70 415
12 415
65 413
47 416
48 392
33 385
11 385
10 385
9 385
8 385
7 385
50 419
34 393
3 393
49 401
17 401
75 387
24 387
47 387
45 407
18 407
51 415
14 415
65 416
24 416
50 416
71 410
24 410
60 394
23 394
69 398
35 420
46 387
65 387
52 389
15 389
75 416
58 417
21 417
20 417
19 417
50 410
75 410
54 382
21 382
20 382
19 382
18 382
77 406
14 406
33 406
13 406
76 413
55 405
12 405
30 391
54 391
68 394
24 394
49 407
19 407
20 407
21 407
54 407
44 422
64 422
18 422
49 422
19 422
20 422
21 422
22 422
23 422
24 422
26 392
12 392
53 383
25 420
81 415
16 415
51 389
16 389
17 389
18 389
64 389
67 381
18 381
17 381
16 381
36 397
21 397
20 397
19 397
55 392
13 392
14 392
15 392
70 392
40 403
7 403
6 403
42 393
5 393
84 424
3 424
57 404
9 404
49 383
20 383
19 383
18 383
17 383
16 383
71 387
52 415
17 415
18 415
19 415
82 421
44 389
19 389
20 389
53 389
53 426
20 426
44 426
19 426
18 426
17 426
16 426
15 426
64 397
78 401
21 401
20 401
19 401
18 401
43 409
22 409
41 418
8 418
59 417
22 417
23 417
36 425
59 425
73 384
68 421
1 421
67 415
20 415
21 415
31 411
20 411
19 411
18 411
17 411
16 411
34 403
8 403
66 419
69 393
7 393
8 393
9 393
83 395
11 395
12 395
13 395
14 395
58 391
65 429
71 429
80 424
6 424
7 424
60 422
3 422
49 389
23 389
74 412
44 397
22 397
67 397
56 385
13 385
83 385
12 385
33 428
18 428
19 428
20 428
21 428
22 428
45 382
24 382
59 382
82 422
32 423
14 423
64 415
72 393
11 393
30 407
2 407
81 381
21 381
22 381
23 381
24 381
53 381
54 417
31 397
23 397
24 397
35 404
13 404
51 383
21 383
25 427
79 402
23 402
37 399
51 399
21 399
22 399
23 399
47 429
6 429
66 429
67 428
29 403
11 403
52 401
22 401
51 401
56 423
15 423
16 423
17 423
18 423
30 417
3 417
75 419
7 419
71 419
65 419
47 419
77 392
21 392
81 383
22 383
43 425
2 425
3 425
38 406
20 406
21 406
22 406
61 420
14 420
15 420
35 427
61 427
14 427
15 427
57 385
15 385
25 385
61 385
40 418
13 418
50 429
54 425
30 425
4 425
5 425
52 406
23 406
24 406
70 426
22 426
81 426
23 426
75 429
8 429
9 429
41 393
37 401
23 401
77 383
84 429
38 430
51 392
27 408
81 401
24 401
56 420
17 420
59 432
4 432
51 431
75 433
50 433
66 433
10 433
67 406
2 406
3 406
57 420
18 420
19 420
20 420
21 420
22 420
35 385
17 385
18 385
19 385
20 385
21 385
22 385
23 385
24 385
36 382
5 382
6 382
7 382
38 408
23 408
24 408
47 433
27 420
44 415
3 415
4 415
5 415
59 415
64 402
44 402
3 402
62 388
13 388
14 388
49 381
4 381
5 381
82 425
9 425
43 432
6 432
7 432
81 431
1 431
2 431
3 431
64 431
53 397
37 392
65 433
52 426
2 426
74 417
7 417
26 395
23 395
24 395
63 398
15 398
67 402
4 402
5 402
71 433
12 433
13 433
14 433
39 396
15 396
16 396
17 396
52 434
3 434
4 434
77 401
2 401
3 401
4 401
5 401
70 383
2 383
3 383
54 432
37 426
3 426
43 417
8 417
9 417
10 417
11 417
80 429
15 429
31 428
5 428
6 428
7 428
8 428
33 430
1 430
2 430
42 403
17 403
84 433
80 433
15 433
16 433
17 433
34 396
18 396
19 396
20 396
61 396
32 427
22 427
76 387
13 387
14 387
15 387
59 381
25 396
43 381
9 381
10 381
73 411
1 411
41 435
20 435
21 435
61 435
52 383
5 383
55 384
1 384
58 407
10 407
84 387
28 423
55 423
1 423
34 436
19 436
20 436
44 431
7 431
69 424
18 424
19 424
59 407
47 437
73 423
2 423
33 423
3 423
4 423
5 423
78 409
9 409
10 409
30 432
11 432
12 432
13 432
14 432
65 432
47 432
54 381
11 381
77 426
4 426
5 426
6 426
7 426
8 426
9 426
25 435
22 435
23 435
39 429
18 429
40 393
21 393
22 393
61 393
42 433
19 433
20 433
21 433
34 424
20 424
71 432
15 432
75 432
50 432
46 419
15 419
16 419
17 419
49 397
9 397
10 397
11 397
62 398
26 411
2 411
55 411
56 435
24 435
82 417
14 417
15 417
47 417
71 417
65 417
84 419
80 419
18 419
40 433
22 433
23 433
39 398
19 398
80 398
84 398
18 398
17 398
76 437
71 437
41 436
28 411
3 411
4 411
5 411
46 417
16 417
62 419
83 404
24 404
53 402
77 411
6 411
25 393
24 393
61 433
25 433
24 433
42 424
21 424
22 424
45 406
11 406
71 442
39 419
20 419
21 419
64 401
29 388
22 388
72 418
23 418
29 418
22 418
21 418
62 418
63 403
21 403
56 404
1 404
37 383
8 383
9 383
43 407
13 407
14 407
15 407
16 407
17 407
71 407
47 442
18 442
19 442
84 442
80 442
20 442
21 442
80 443
84 443
20 443
21 443
22 443
76 417
18 417
44 401
11 401
12 401
46 407
65 437
46 437
18 437
19 437
20 437
84 437
66 432
63 442
22 442
23 442
24 442
30 381
78 426
13 426
43 426
14 426
69 429
63 429
22 429
23 429
24 429
80 437
21 437
22 437
69 437
34 388
24 388
23 388
51 411
42 419
23 419
24 419
50 440
75 398
52 423
10 423
49 402
13 402
14 402
72 442
77 445
9 445
10 445
66 440
20 440
35 396
2 396
3 396
4 396
5 396
6 396
56 444
3 444
61 444
35 444
2 444
59 406
15 406
57 427
56 427
3 427
4 427
5 427
6 427
58 409
16 409
17 409
18 409
19 409
34 419
52 445
11 445
12 445
83 393
27 395
8 395
47 407
29 443
54 397
17 397
64 445
43 406
16 406
58 406
17 406
71 409
47 409
41 424
2 424
32 438
5 438
48 405
8 405
74 428
17 428
35 393
4 393
75 440
22 440
71 440
82 441
20 441
21 441
25 444
4 444
67 434
14 434
40 436
3 436
4 436
37 411
12 411
31 431
60 425
21 425
22 425
51 423
69 388
1 388
61 436
35 436
52 411
13 411
14 411
15 411
70 430
12 430
52 446
13 446
44 445
15 445
73 395
10 395
83 444
5 444
6 444
63 437
1 437
2 437
42 388
2 388
40 447
4 447
71 441
23 441
32 444
7 444
8 444
9 444
10 444
38 420
11 420
12 420
83 448
61 448
68 422
22 422
23 422
39 418
1 418
69 418
2 418
72 424
4 424
50 398
24 398
23 398
68 398
75 425
50 425
24 425
23 425
73 444
11 444
70 420
43 449
26 405
10 405
11 405
42 418
3 418
4 418
5 418
6 418
33 439
12 439
67 431
16 431
17 431
62 403
31 445
67 445
16 445
17 445
18 445
19 445
40 424
84 450
1 450
64 434
17 434
30 426
21 426
39 403
3 403
62 451
39 451
3 451
4 451
66 441
55 396
12 396
65 407
28 427
12 427
71 422
83 418
79 399
17 399
53 431
19 431
20 431
21 431
47 440
65 440
74 449
21 449
22 449
23 449
24 449
66 422
47 422
31 399
81 392
16 392
43 445
60 398
38 444
14 444
55 427
37 423
27 405
51 446
35 448
9 448
10 448
82 449
61 418
35 418
9 418
10 418
11 418
29 452
6 452
7 452
74 445
22 445
23 445
24 445
28 454
14 454
76 432
2 432
3 432
53 453
21 453
22 453
74 453
41 447
8 447
9 447
78 402
22 402
30 431
24 431
23 431
37 446
18 446
33 444
16 444
32 448
12 448
13 448
14 448
28 448
15 448
16 448
65 422
3 422
50 422
46 409
65 409
3 409
43 453
24 453
34 437
9 437
76 409
4 409
38 405
17 405
18 405
19 405
52 392
20 392
68 425
27 444
17 444
63 388
8 388
9 388
10 388
41 388
33 448
75 422
5 422
81 423
20 423
21 423
57 438
13 438
61 438
40 388
11 388
12 388
51 405
67 399
22 399
23 399
58 426
1 426
30 453
58 453
1 453
64 455
23 455
31 455
74 402
37 405
56 393
54 406
81 405
21 405
22 405
23 405
59 428
1 428
45 401
55 454
18 454
19 454
28 444
55 444
18 444
19 444
20 444
21 444
22 444
23 444
50 456
83 447
14 447
15 447
49 411
48 395
76 422
7 422
8 422
9 422
39 422
75 456
7 456
35 438
43 402
2 402
61 388
31 405
24 405
46 457
47 457
42 451
11 451
12 451
13 451
57 393
15 393
14 393
13 393
55 395
19 395
20 395
44 434
65 457
7 457
32 447
16 447
56 447
70 446
22 446
23 446
24 446
30 406
4 406
3 406
76 456
8 456
9 456
10 456
11 456
75 457
8 457
62 422
11 422
53 399
2 399
1 399
40 451
75 460
50 460
9 460
29 437
13 437
12 437
39 437
67 455
1 455
2 455
45 455
35 388
16 388
17 388
53 455
3 455
4 455
42 456
71 457
9 457
72 452
15 452
78 431
4 431
63 461
13 461
65 460
43 455
29 456
14 456
15 456
41 451
31 462
40 456
16 456
17 456
35 456
52 458
1 458
69 403
14 403
13 403
72 451
16 451
15 451
14 451
63 451
66 409
75 409
50 409
11 409
12 409
13 409
14 409
37 465
1 465
44 463
46 460
47 460
71 460
66 460
11 460
12 460
13 460
14 460
15 460
38 448
24 448
23 448
48 448
62 437
14 437
15 437
16 437
59 455
6 455
7 455
68 457
10 457
11 457
66 457
43 466
39 461
27 454
24 454
30 455
67 462
4 462
5 462
70 465
2 465
52 465
3 465
47 468
71 468
79 423
59 466
8 466
51 465
66 468
41 437
60 459
12 459
65 459
46 459
47 459
13 459
66 459
62 461
16 461
15 461
14 461
64 463
6 463
36 415
29 460
18 460
19 460
20 460
21 460
22 460
56 464
22 464
23 464
24 464
71 459
14 459
15 459
16 459
17 459
32 460
23 460
24 460
42 409
54 455
11 455
10 455
58 402
11 402
45 431
9 431
81 465
5 465
4 465
62 459
65 475
47 475
46 475
15 475
60 475
14 475
13 475
12 475
11 475
44 462
64 462
8 462
9 462
53 462
72 470
21 470
22 470
23 470
24 470
49 399
9 399
64 399
8 399
68 467
51 476
31 423
8 423
80 450
18 450
19 450
29 409
20 409
21 409
54 402
12 402
54 477
12 477
11 477
10 477
30 466
54 466
12 466
11 466
10 466
60 467
15 467
65 467
46 467
77 430
5 430
4 430
3 430
58 475
54 475
44 423
9 423
47 467
33 465
67 463
9 463
31 463
35 473
24 473
23 473
22 473
29 473
21 473
25 436
24 436
23 436
22 436
29 436
21 436
81 478
7 478
6 478
5 478
4 478
3 478
2 478
1 478
67 479
9 479
34 452
22 452
21 452
20 452
19 452
18 452
17 452
47 452
46 452
71 467
17 467
28 395
4 395
3 395
2 395
1 395
48 469
4 469
5 469
37 476
82 472
16 472
39 459
21 459
20 459
19 459
32 474
2 474
3 474
4 474
5 474
6 474
79 463
10 463
11 463
12 463
13 463
14 463
45 462
12 462
13 462
14 462
15 462
16 462
40 437
66 471
71 471
47 471
18 471
19 471
20 471
21 471
31 479
84 432
20 432
21 432
22 432
23 432
60 472
17 472
46 472
18 472
66 472
71 472
54 463
15 463
16 463
17 463
53 477
33 474
7 474
8 474
60 463
18 463
46 463
68 462
18 462
17 462
55 448
6 448
5 448
4 448
3 448
2 448
36 455
14 455
15 455
16 455
17 455
68 455
18 455
83 438
2 438
3 438
28 469
55 469
6 469
7 469
8 469
43 415
14 415
15 415
54 415
47 472
19 472
20 472
21 472
70 474
9 474
51 474
71 463
65 452
47 463
46 455
39 471
23 471
22 471
62 450
23 450
24 450
70 481
10 481
61 456
3 456
49 466
14 466
15 466
51 481
11 481
12 481
60 462
20 462
45 477
15 477
16 477
17 477
18 477
19 477
68 477
60 477
20 477
21 477
22 477
23 477
24 477
39 477
80 472
23 472
71 452
46 462
21 462
22 462
23 462
24 462
47 455
63 436
57 447
5 447
6 447
81 476
12 476
13 476
14 476
53 480
45 480
16 480
17 480
18 480
19 480
20 480
68 480
39 462
56 456
5 456
4 456
84 471
24 471
76 457
22 457
21 457
20 457
19 457
18 457
17 457
16 457
27 430
10 430
9 430
38 465
27 465
10 465
28 465
37 474
65 463
22 463
72 437
3 437
4 437
33 469
38 469
40 482
73 439
10 439
81 474
13 474
12 474
11 474
75 468
76 468
23 468
46 468
62 477
1 477
52 481
14 481
