67 611 0 100 0.3 2.10475 2.40475
102 609 0 100 0.6 2.05375 2.65375
68 640 0 100 0.5 3.6482 4.1482
70 638 0 100 1.1 3.60712 4.70712
32 608 0 100 2.7 2.04055 4.74055
49 625 0 100 2 2.74296 4.74296
81 643 0 100 1.1 3.8611 4.9611
52 634 0 100 1.7 3.28111 4.98111
38 618 0 100 3.2 2.5065 5.7065
58 632 0 100 2.5 3.21915 5.71915
55 613 0 100 3.8 2.21311 6.01311
64 626 0 100 3.2 2.84241 6.04241
74 616 0 100 3.7 2.38485 6.08485
30 639 0 100 2.5 3.60755 6.10755
36 636 0 100 3 3.32547 6.32547
27 629 0 100 3.5 2.93821 6.43821
40 657 0 100 1.6 4.86528 6.46528
80 665 0 100 0.5 5.96656 6.46656
72 637 0 100 3.1 3.42928 6.52928
99 610 0 100 4.8 2.0976 6.8976
33 615 0 100 4.7 2.24236 6.94236
25 655 0 100 2.3 4.71794 7.01794
78 642 0 100 3.3 3.85022 7.15022
39 676 0 100 3.50103e-08 7.18526 7.18526
65 648 0 100 3.2 4.0506 7.2506
67 661 0 100 1.8 5.5583 7.3583
82 644 0 100 3.5 3.87333 7.37333
103 653 0 100 3.2 4.44229 7.64229
83 641 0 100 3.9 3.76031 7.66031
88 659 0 100 2.6 5.31004 7.91004
103 669 0 100 1.3 6.62991 7.92991
29 651 0 100 4.5 4.13555 8.63555
54 663 0 100 3.2 5.7319 8.9319
97 695 0 100 0.1 9.03231 9.13231
51 617 0 100 6.8 2.49035 9.29035
66 646 0 100 5.4 3.90043 9.30043
51 667 0 100 2.9 6.42825 9.32825
89 677 0 100 2.1 7.44239 9.54239
32 666 0 100 3.4 6.15655 9.55655
38 699 0 100 2.33402e-08 9.55797 9.55797
57 678 0 100 2.2 7.47817 9.67817
44 672 0 100 3.2 6.76117 9.96117
68 673 0 100 3.3 6.90646 10.2065
82 680 0 100 2.7 7.6737 10.3737
40 688 0 100 1.9 8.51732 10.4173
54 709 0 100 0.3 10.4197 10.7197
73 635 0 100 7.7 3.296 10.996
52 683 0 100 3.1 7.93581 11.0358
94 656 0 100 6.5 4.79688 11.2969
104 690 0 100 2.6 8.85302 11.453
36 671 0 100 4.8 6.73742 11.5374
95 715 0 100 0.1 11.5738 11.6738
30 710 0 100 1.6 10.8067 12.4067
27 719 0 100 0.3 12.1274 12.4274
53 685 0 100 4.3 8.24881 12.5488
76 662 0 100 7.4 5.64619 13.0462
101 701 0 100 3.7 9.78157 13.4816
31 738 0 100 0.3 13.208 13.508
25 702 0 100 3.8 9.81813 13.6181
69 733 0 100 1.1 13.0106 14.1106
83 726 0 100 1.8 12.6741 14.4741
31 705 0 100 4.4 10.1574 14.5574
66 730 0 100 1.7 12.8676 14.5676
77 650 0 100 10.8 4.10053 14.9005
