69 486
37 486
36 488
63 489
56 489
14 489
77 490
47 491
73 488
93 493
30 488
32 484
20 484
94 484
34 484
48 492
89 495
24 495
70 495
42 484
21 484
46 484
22 484
23 484
58 484
24 484
89 484
39 499
19 499
69 499
29 500
27 500
34 501
42 501
72 494
44 487
31 496
78 498
94 501
22 501
21 501
20 501
28 506
4 506
73 503
60 492
12 492
79 504
17 504
63 504
18 504
19 504
20 504
57 504
59 505
1 505
94 508
42 508
91 489
42 509
94 509
23 509
24 509
66 486
22 486
23 486
45 502
21 502
68 485
36 503
37 499
26 511
61 512
74 487
7 487
8 487
43 487
53 498
6 498
32 486
78 506
53 506
6 506
7 506
60 515
88 501
28 498
7 498
91 516
34 508
33 494
12 494
11 494
10 494
9 494
30 503
6 503
7 503
56 516
21 516
22 516
23 516
24 516
48 515
15 515
16 515
17 515
18 515
19 515
90 490
13 490
33 490
82 487
9 487
10 487
11 487
12 487
41 492
15 492
16 492
17 492
18 492
19 492
20 492
21 492
57 513
24 513
23 513
64 517
12 517
13 517
67 500
23 500
24 500
37 500
43 506
27 510
67 510
23 510
24 510
45 510
71 519
16 519
17 519
18 519
33 487
13 487
69 516
75 505
4 505
5 505
85 514
20 514
19 514
18 514
82 506
10 506
9 506
36 506
47 515
21 515
22 515
56 515
84 501
72 490
14 490
15 490
16 490
48 490
88 510
28 503
9 503
10 503
43 503
49 517
65 518
9 518
60 490
17 490
18 490
29 496
67 496
28 518
10 518
56 521
58 522
6 522
39 502
1 502
67 502
82 503
11 503
64 487
14 487
72 487
15 487
16 487
61 505
7 505
43 518
91 515
24 515
35 507
14 507
13 507
12 507
51 492
55 517
63 521
24 521
23 521
49 487
87 511
46 520
5 520
36 523
31 513
1 513
44 498
12 498
11 498
10 498
26 498
86 517
18 517
19 517
80 491
24 491
23 491
66 499
4 499
5 499
56 513
27 496
2 496
3 496
67 525
27 525
2 525
3 525
37 516
58 505
8 505
9 505
10 505
45 501
3 501
4 501
37 501
29 502
84 510
3 510
2 510
52 524
8 524
9 524
74 503
44 503
13 503
12 503
86 526
19 526
20 526
21 526
22 526
23 526
24 526
80 526
62 522
9 522
10 522
11 522
12 522
28 522
13 522
44 522
27 502
3 502
4 502
55 487
19 487
20 487
26 505
11 505
33 530
18 530
47 521
76 494
15 494
16 494
85 491
48 487
60 487
21 487
22 487
23 487
24 487
70 511
11 511
12 511
54 504
5 504
6 504
34 504
94 504
53 527
13 527
14 527
78 503
36 511
13 511
14 511
39 496
5 496
71 490
22 490
23 490
24 490
61 524
11 524
12 524
13 524
54 496
6 496
7 496
34 496
87 498
13 498
14 498
15 498
57 525
6 525
42 504
8 504
7 504
38 529
4 529
41 517
22 517
23 517
69 501
43 507
16 507
17 507
37 502
7 502
8 502
9 502
26 524
40 528
79 492
3 492
4 492
31 492
5 492
27 492
94 496
45 533
88 533
84 533
6 533
7 533
37 533
92 489
4 489
5 489
42 496
9 496
10 496
39 525
7 525
66 516
8 516
7 516
89 505
13 505
14 505
15 505
48 517
78 534
16 534
17 534
37 525
56 529
32 520
10 520
11 520
12 520
52 520
83 493
9 493
10 493
51 531
34 502
42 502
53 503
16 503
17 503
18 503
19 503
20 503
50 519
1 519
2 519
3 519
4 519
44 511
17 511
18 511
19 511
20 511
21 511
67 492
7 492
8 492
93 504
36 505
16 505
17 505
47 532
30 506
16 506
17 506
18 506
19 506
20 506
21 506
22 506
28 527
17 527
18 527
19 527
20 527
21 527
22 527
23 527
46 499
11 499
12 499
83 504
10 504
11 504
75 520
13 520
14 520
32 493
11 493
12 493
13 493
85 532
4 532
3 532
2 532
27 489
54 501
9 501
10 501
11 501
35 494
21 494
22 494
23 494
59 512
14 512
15 512
64 503
22 503
21 503
52 499
88 537
63 536
6 536
7 536
27 536
8 536
58 493
82 518
19 518
20 518
21 518
22 518
73 523
17 523
18 523
76 507
20 507
19 507
94 502
11 502
12 502
13 502
87 524
16 524
15 524
51 519
6 519
7 519
43 534
19 534
18 534
36 534
73 534
75 499
14 499
15 499
65 498
18 498
19 498
46 504
12 504
13 504
14 504
15 504
61 520
74 522
19 522
18 522
32 501
12 501
13 501
77 494
24 494
26 512
52 502
90 538
29 510
9 510
10 510
37 492
11 492
10 492
29 492
9 492
43 498
20 498
92 529
31 536
9 536
72 530
24 530
65 522
78 522
40 524
17 524
18 524
19 524
36 524
88 492
68 496
14 496
13 496
84 537
10 537
11 537
57 516
11 516
12 516
83 516
62 493
16 493
17 493
64 518
24 518
46 501
14 501
55 527
1 527
45 492
37 537
12 537
13 537
34 537
94 537
79 531
8 531
56 531
9 531
10 531
11 531
48 540
3 540
4 540
86 494
35 503
24 503
23 503
93 516
13 516
14 516
55 494
2 494
1 494
82 507
22 507
23 507
24 507
87 512
19 512
18 512
17 512
16 512
30 534
20 534
58 499
33 511
72 511
1 511
2 511
55 511
30 542
39 535
12 535
45 535
69 533
13 533
29 536
11 536
12 536
13 536
69 536
26 493
67 489
77 538
2 538
3 538
4 538
5 538
25 497
75 502
65 534
21 534
86 511
3 511
4 511
42 537
15 537
16 537
34 516
42 516
15 516
44 505
22 505
65 505
27 531
58 502
18 502
19 502
20 502
73 524
21 524
85 541
36 542
37 536
14 536
71 540
5 540
6 540
7 540
8 540
61 539
19 539
20 539
30 497
54 510
84 492
13 492
14 492
32 496
16 496
15 496
74 498
23 498
22 498
60 517
5 517
4 517
62 499
19 499
18 499
17 499
41 511
5 511
6 511
7 511
8 511
9 511
10 511
73 542
22 542
21 542
20 542
19 542
58 542
46 537
17 537
18 537
19 537
30 498
59 504
94 516
16 516
46 516
17 516
18 516
19 516
20 516
48 538
93 544
42 545
76 503
90 517
51 511
57 533
15 533
16 533
17 533
39 536
81 514
8 514
9 514
10 514
11 514
12 514
49 506
5 506
70 528
22 528
23 528
47 541
11 541
10 541
9 541
65 548
24 548
91 513
13 513
12 513
47 513
11 513
88 535
84 535
15 535
14 535
78 505
24 505
23 505
31 543
14 543
15 543
53 522
24 522
23 522
22 522
59 522
21 522
68 501
19 501
18 501
93 501
17 501
16 501
15 501
30 528
24 528
53 528
78 528
56 550
39 543
16 543
85 540
29 489
15 489
16 489
26 539
23 539
24 539
25 534
24 534
23 534
27 535
86 547
7 547
40 502
23 502
22 502
38 519
15 519
73 498
63 529
14 529
15 529
16 529
17 529
18 529
51 514
14 514
30 539
36 497
49 547
46 551
20 551
53 552
1 552
73 497
1 497
53 497
68 551
21 551
22 551
23 551
24 551
80 513
14 513
42 533
20 533
70 505
28 523
2 523
67 531
17 531
84 531
39 489
18 489
55 547
8 547
9 547
69 510
19 510
71 546
10 546
27 519
37 496
58 537
23 537
22 537
21 537
20 537
62 516
44 523
3 523
88 531
18 531
19 531
20 531
25 552
30 552
52 512
23 512
82 553
4 553
57 536
19 536
84 536
42 531
21 531
22 531
23 531
48 547
11 547
72 549
8 549
49 549
9 549
86 549
67 519
18 519
19 519
81 541
12 541
13 541
14 541
15 541
16 541
63 541
29 535
18 535
46 533
22 533
61 504
56 514
17 514
74 523
4 523
5 523
54 489
20 489
33 506
60 538
11 538
10 538
92 541
17 541
87 493
63 514
50 532
13 532
55 549
10 549
11 549
39 510
20 510
21 510
22 510
23 510
26 534
56 541
18 541
19 541
29 541
74 555
5 555
88 536
20 536
21 536
22 536
23 536
24 536
83 544
22 544
54 544
21 544
60 549
12 549
13 549
60 556
12 556
93 537
80 557
17 557
57 489
21 489
22 489
23 489
36 552
4 552
62 512
1 512
67 541
20 541
21 541
85 513
17 513
16 513
51 557
18 557
45 543
21 543
67 543
31 501
20 501
88 544
84 519
21 519
65 528
5 528
73 552
5 552
6 552
41 546
13 546
38 535
20 535
43 553
7 553
89 520
3 520
82 523
60 546
14 546
15 546
16 546
17 546
18 546
32 499
52 536
2 536
1 536
77 517
12 517
68 531
1 531
86 538
13 538
94 529
47 540
19 540
93 489
72 506
12 506
76 560
9 560
78 497
7 497
6 497
5 497
61 497
4 497
3 497
2 497
45 544
23 544
48 556
15 556
14 556
55 556
44 553
8 553
9 553
10 553
11 553
12 553
92 514
21 514
88 562
92 563
21 563
77 506
13 506
36 559
30 559
73 559
7 559
85 546
39 541
24 541
58 516
4 516
27 543
23 543
56 563
22 563
23 563
24 563
59 502
61 502
51 561
21 561
54 541
75 542
4 542
3 542
2 542
93 542
1 542
62 520
53 559
52 497
67 544
50 549
18 549
17 549
16 549
15 549
14 549
61 568
25 528
33 517
14 517
39 563
29 519
24 519
83 537
2 537
1 537
72 553
90 506
15 506
44 565
10 565
53 565
9 565
30 565
33 553
15 553
55 553
16 553
17 553
43 523
11 523
27 544
29 544
94 567
87 534
8 534
7 534
74 560
58 520
7 520
6 520
37 554
3 554
39 554
2 554
29 571
67 571
1 571
62 534
49 556
17 556
33 556
72 556
78 559
11 559
43 560
65 552
92 561
34 545
5 545
40 505
28 555
12 555
76 523
14 523
13 523
12 523
65 523
81 532
21 532
20 532
19 532
18 532
36 528
11 528
63 557
70 493
84 564
3 564
29 564
83 545
35 566
16 566
15 566
14 566
54 537
4 537
92 557
1 557
38 514
2 514
72 573
55 532
38 574
2 574
71 547
21 547
94 545
6 545
7 545
8 545
9 545
47 546
58 534
9 534
10 534
11 534
12 534
13 534
88 543
4 543
54 543
5 543
6 543
32 531
7 531
94 531
6 531
80 540
1 540
78 552
13 552
42 510
34 510
7 510
44 534
14 534
15 534
16 534
17 534
57 554
5 554
65 575
39 537
78 575
14 575
32 510
8 510
93 567
7 567
34 567
8 567
42 567
83 531
30 577
14 577
65 577
50 578
24 578
67 564
5 564
27 571
5 571
73 565
14 565
28 552
15 552
64 558
19 558
40 493
13 493
14 493
73 493
29 514
67 514
78 577
15 577
25 559
14 559
13 559
84 571
6 571
7 571
8 571
65 565
78 565
15 565
44 552
16 552
17 552
18 552
19 552
20 552
21 552
22 552
23 552
62 576
77 549
21 549
20 549
19 549
94 510
32 567
9 567
10 567
11 567
59 568
12 568
11 568
10 568
9 568
60 553
23 553
90 570
77 570
21 570
63 572
4 572
30 493
15 493
78 493
53 523
73 577
86 506
22 506
21 506
92 574
28 565
16 565
17 565
18 565
19 565
20 565
21 565
90 565
36 575
30 575
15 575
81 547
58 576
12 576
62 567
12 567
13 567
14 567
36 567
15 567
66 525
8 525
9 525
55 570
22 570
23 570
38 572
5 572
6 572
67 572
37 543
8 543
49 532
22 532
23 532
24 532
88 564
7 564
75 497
58 497
31 535
6 535
59 579
53 577
16 577
70 559
73 575
16 575
62 497
13 497
30 567
16 567
89 579
14 579
62 579
13 579
75 579
39 564
9 564
42 571
61 545
64 549
22 549
23 549
24 549
73 567
17 567
18 567
40 559
16 559
15 559
89 545
15 545
40 545
16 545
17 545
30 545
83 510
11 510
12 510
13 510
14 510
91 550
7 550
54 554
10 554
61 559
63 574
82 560
20 560
44 560
19 560
18 560
30 560
36 560
77 565
24 565
38 550
8 550
63 550
40 581
66 543
11 543
37 564
11 564
49 565
34 568
69 496
56 569
8 569
70 581
17 581
78 523
19 523
93 531
12 531
37 531
91 574
8 574
47 582
67 535
10 535
9 535
38 569
9 569
71 552
3 552
2 552
73 545
74 567
21 567
26 528
18 528
17 528
16 528
48 553
3 553
2 553
1 553
90 553
43 555
65 493
20 493
19 493
18 493
17 493
83 543
13 543
84 554
11 554
94 525
82 555
22 555
21 555
20 555
19 555
40 555
36 545
20 545
65 545
61 581
18 581
19 581
20 581
21 581
22 581
33 573
54 564
13 564
12 564
52 576
17 576
16 576
15 576
14 576
44 567
22 567
68 520
16 520
15 520
14 520
29 572
12 572
11 572
10 572
9 572
8 572
7 572
46 536
16 536
15 536
14 536
30 523
21 523
20 523
67 554
12 554
13 554
14 554
15 554
16 554
17 554
18 554
51 540
10 540
73 583
30 583
83 525
15 525
14 525
13 525
12 525
58 579
18 579
17 579
87 505
20 505
19 505
93 543
89 559
19 559
58 559
32 571
16 571
17 571
18 571
19 571
20 571
42 568
16 568
17 568
18 568
19 568
20 568
21 568
46 585
17 585
18 585
19 585
20 585
21 585
22 585
23 585
30 585
28 577
23 577
43 577
24 577
39 580
14 580
37 580
15 580
16 580
32 580
55 565
4 565
3 565
2 565
1 565
88 584
14 584
15 584
49 552
72 558
3 558
2 558
1 558
36 583
22 583
21 583
20 583
19 583
18 583
17 583
94 543
16 543
15 543
14 543
92 550
12 550
11 550
63 569
62 559
20 559
21 559
22 559
23 559
24 559
43 559
37 584
16 584
85 582
11 582
10 582
9 582
8 582
7 582
40 523
22 523
23 523
24 523
61 554
89 554
21 554
22 554
23 554
24 554
87 571
40 571
22 571
61 571
70 568
87 568
40 568
22 568
23 568
24 568
60 587
7 587
6 587
5 587
4 587
26 555
70 555
73 585
24 585
76 566
2 566
1 566
51 550
13 550
14 550
15 550
59 497
22 497
21 497
20 497
19 497
78 545
65 567
78 567
84 550
16 550
17 550
18 550
91 535
92 569
77 553
6 553
5 553
86 570
7 570
6 570
5 570
4 570
3 570
2 570
1 570
30 592
28 554
1 554
33 586
6 586
7 586
89 571
39 584
17 584
18 584
93 584
83 584
55 552
7 552
8 552
9 552
43 590
2 590
28 590
1 590
30 590
57 537
17 537
16 537
63 535
74 581
43 581
2 581
1 581
45 562
17 562
16 562
15 562
14 562
75 528
22 528
21 528
20 528
19 528
83 528
91 569
15 569
14 569
13 569
12 569
11 569
10 569
81 593
11 593
10 593
9 593
37 550
19 550
57 550
66 496
19 496
87 555
69 531
31 564
17 564
16 564
15 564
47 564
85 564
94 584
20 584
58 589
93 528
90 573
8 573
77 586
8 586
82 559
4 559
62 589
24 589
23 589
22 589
21 589
20 589
69 589
36 568
2 568
1 568
38 525
17 525
18 525
49 573
9 573
59 571
37 589
57 496
45 496
92 535
17 535
16 535
15 535
14 535
13 535
12 535
93 594
21 594
22 594
23 594
24 594
68 497
23 497
24 497
34 576
22 576
83 576
64 587
8 587
9 587
49 587
10 587
27 514
19 514
18 514
17 514
16 514
15 514
14 514
13 514
12 514
11 514
62 594
72 586
9 586
10 586
55 586
25 560
3 560
2 560
1 560
58 560
32 584
86 587
31 525
19 525
20 525
21 525
22 525
23 525
24 525
80 591
17 591
16 591
15 591
14 591
13 591
12 591
11 591
10 591
54 520
21 520
20 520
19 520
18 520
77 573
10 573
11 573
12 573
13 573
14 573
15 573
16 573
80 573
17 573
85 573
34 584
23 584
22 584
21 584
57 584
53 575
4 575
55 587
11 587
12 587
13 587
14 587
15 587
16 587
17 587
18 587
63 587
91 587
75 596
58 596
49 586
11 586
12 586
13 586
14 586
15 586
16 586
17 586
18 586
56 574
19 574
18 574
17 574
16 574
15 574
14 574
13 574
12 574
11 574
10 574
88 496
21 496
20 496
69 598
39 550
22 550
23 550
86 591
55 591
50 572
15 572
14 572
13 572
55 572
29 543
21 543
20 543
19 543
18 543
47 573
18 573
19 573
20 573
25 575
5 575
6 575
7 575
48 582
14 582
13 582
12 582
89 599
59 599
72 597
11 597
12 597
13 597
14 597
15 597
76 595
8 595
7 595
6 595
5 595
29 600
31 573
21 573
41 538
14 538
13 538
12 538
11 538
42 580
93 576
24 576
26 595
70 595
27 600
22 600
23 600
24 600
51 562
79 562
20 562
63 562
33 574
43 575
8 575
76 575
9 575
10 575
11 575
12 575
77 575
60 593
94 528
32 602
67 573
29 573
90 575
13 575
14 575
15 575
16 575
17 575
18 575
19 575
20 575
41 593
15 593
14 593
13 593
77 593
36 601
50 597
17 597
16 597
60 597
27 573
23 573
66 589
69 550
66 550
87 595
52 579
4 579
3 579
2 579
1 579
39 600
37 598
83 603
1 603
65 604
8 604
42 602
2 602
3 602
4 602
52 602
57 600
44 588
10 588
9 588
8 588
30 588
86 572
16 572
17 572
18 572
55 582
70 605
26 605
25 601
9 601
8 601
7 601
70 601
62 596
6 596
7 596
71 569
18 569
17 569
16 569
85 606
92 587
24 587
23 587
75 602
6 602
84 573
1 573
2 573
3 573
80 586
23 586
