67 611
31 612
51 612
32 608
9 608
99 610
21 610
87 612
18 612
17 612
16 612
15 612
14 612
13 612
12 612
11 612
54 612
71 612
55 613
102 609
23 609
67 609
78 611
24 611
81 613
74 616
51 617
87 617
38 618
76 620
82 620
88 620
79 613
87 621
51 621
90 609
95 622
47 622
63 622
73 622
27 616
34 618
17 618
16 618
15 618
14 618
13 618
12 618
11 618
78 609
80 622
7 622
8 622
9 622
28 622
88 623
76 623
54 619
40 624
96 624
5 624
49 624
104 624
39 627
61 627
71 619
15 619
16 619
43 628
21 628
27 629
49 625
104 625
96 625
52 622
10 622
41 627
4 627
5 627
6 627
72 629
98 627
7 627
8 627
63 627
80 627
73 627
84 616
103 617
74 629
84 629
6 629
7 629
49 629
96 629
36 622
101 630
24 630
23 630
43 630
22 630
37 630
82 623
21 623
20 623
29 619
58 619
83 619
18 619
17 619
58 632
29 632
18 632
17 632
16 632
54 632
97 621
23 621
22 621
100 633
65 633
95 627
31 617
23 617
24 617
73 635
80 635
86 628
31 628
51 628
103 628
50 624
8 624
9 624
89 614
10 614
11 614
104 629
8 629
64 626
40 625
8 625
9 625
89 625
10 625
73 625
95 625
52 634
34 623
35 620
22 620
23 620
31 620
103 620
51 620
36 636
13 636
12 636
72 637
74 637
46 619
19 619
50 629
9 629
33 615
5 615
67 615
80 625
11 625
12 625
53 616
8 616
9 616
27 637
45 614
12 614
73 614
95 614
37 621
24 621
88 621
82 621
76 621
92 622
14 622
15 622
16 622
30 639
8 639
74 639
27 639
94 613
15 613
14 613
36 613
57 612
19 612
46 612
20 612
29 612
83 612
53 637
9 637
8 637
7 637
41 637
61 637
83 641
47 627
12 627
13 627
72 639
9 639
53 639
58 612
21 612
78 642
55 622
29 641
58 641
21 641
22 641
34 641
23 641
81 643
82 644
88 644
63 635
70 638
26 631
8 631
80 614
47 614
13 614
64 625
14 625
15 625
68 640
22 640
23 640
67 642
6 642
7 642
96 645
104 645
49 645
95 635
32 618
18 618
19 618
20 618
61 647
9 647
10 647
27 647
72 647
74 647
40 629
11 629
12 629
90 615
79 643
17 643
18 643
45 627
14 627
90 649
25 610
6 610
7 610
87 628
2 628
3 628
62 624
13 624
12 624
11 624
27 624
29 651
78 615
7 615
8 615
34 640
24 640
28 634
16 634
17 634
18 634
19 634
20 634
21 634
67 649
84 639
11 639
12 639
13 639
14 639
73 639
95 639
101 628
4 628
5 628
52 636
58 651
23 651
22 651
86 652
65 648
9 648
10 648
75 622
18 622
17 622
69 617
4 617
5 617
90 610
97 620
3 620
2 620
41 631
53 647
81 622
78 649
8 649
9 649
54 638
22 638
23 638
103 653
32 643
20 643
21 643
22 643
65 649
10 649
11 649
29 638
24 638
98 629
14 629
15 629
60 626
17 626
18 626
64 627
60 627
17 627
18 627
19 627
20 627
30 649
12 649
77 650
1 650
2 650
58 638
53 654
74 624
43 652
4 652
5 652
31 652
51 652
91 616
27 649
38 623
2 623
3 623
4 623
31 623
87 623
57 618
24 618
23 618
22 618
21 618
83 638
37 620
4 620
72 654
71 632
57 632
24 632
23 632
22 632
21 632
44 608
21 608
22 608
23 608
71 608
57 608
24 608
36 625
19 625
20 625
44 625
21 625
22 625
23 625
71 625
57 625
24 625
70 634
71 634
74 649
94 656
20 656
21 656
27 654
100 615
65 615
12 615
13 615
52 626
19 626
33 642
11 642
10 642
54 643
70 643
40 657
96 657
104 657
76 644
4 644
5 644
6 644
7 644
72 649
14 649
15 649
40 649
96 649
67 610
43 620
103 652
87 652
6 652
97 653
87 653
31 653
6 653
7 653
26 648
13 648
14 648
71 643
49 657
16 657
17 657
57 634
98 616
49 616
16 616
17 616
18 616
78 610
11 610
12 610
51 623
89 657
18 657
73 657
45 616
19 616
20 616
50 645
98 645
91 645
17 645
18 645
104 649
50 649
98 649
91 649
17 649
18 649
42 619
1 619
2 619
48 612
3 612
4 612
62 629
18 629
19 629
90 642
12 642
27 648
95 657
19 657
73 645
95 645
19 645
20 645
86 620
7 620
8 620
46 651
2 651
3 651
45 629
20 629
101 653
9 653
10 653
11 653
12 653
67 653
72 648
16 648
17 648
96 648
32 627
24 627
23 627
89 649
19 649
73 649
97 623
88 659
76 659
38 612
5 612
48 651
4 651
38 651
5 651
6 651
76 651
37 652
7 652
90 653
79 622
23 622
24 622
93 630
7 630
8 630
9 630
51 630
81 627
44 656
24 656
23 656
80 639
53 624
17 624
18 624
84 647
17 647
18 647
40 647
30 615
16 615
15 615
100 660
41 658
16 658
17 658
66 646
6 646
7 646
37 646
8 646
34 650
85 633
15 633
16 633
67 661
62 657
20 657
60 645
22 645
23 645
31 646
86 646
87 620
9 620
25 655
13 655
14 655
63 614
21 614
22 614
76 652
8 652
9 652
10 652
76 662
8 662
9 662
31 662
97 630
30 633
17 633
65 660
33 610
15 610
16 610
41 610
17 610
75 618
61 631
17 631
18 631
53 631
55 632
75 632
39 637
17 637
18 637
19 637
49 637
98 637
54 663
88 651
8 651
9 651
10 651
87 630
10 630
11 630
12 630
13 630
80 657
69 644
11 644
12 644
13 644
14 644
15 644
67 655
15 655
16 655
83 664
58 664
28 636
24 636
23 636
50 637
20 637
21 637
86 662
10 662
11 662
12 662
104 648
20 648
19 648
82 659
9 659
10 659
56 628
13 628
14 628
15 628
31 651
96 647
32 622
2 622
3 622
4 622
54 622
25 630
15 630
16 630
17 630
85 660
17 660
18 660
39 660
95 649
23 649
24 649
93 620
10 620
11 620
12 620
13 620
67 628
16 628
92 613
65 655
62 637
22 637
23 637
73 637
78 653
16 653
17 653
36 626
92 626
71 622
5 622
59 641
9 641
10 641
11 641
31 641
87 641
51 641
80 665
23 665
24 665
40 658
33 644
17 644
18 644
39 644
52 616
28 649
89 639
23 639
24 639
68 619
7 619
8 619
74 654
20 654
21 654
22 654
49 654
77 612
8 612
9 612
85 655
18 655
19 655
70 663
5 663
6 663
7 663
27 633
74 633
90 661
97 641
12 641
13 641
14 641
15 641
16 641
98 654
95 637
24 637
80 637
26 615
19 615
20 615
27 615
67 641
17 641
33 641
18 641
73 665
96 658
22 658
23 658
24 658
45 636
101 652
14 652
15 652
16 652
17 652
65 653
19 653
20 653
100 630
65 630
19 630
20 630
21 630
85 641
65 641
81 656
3 656
4 656
103 623
13 623
14 623
51 667
86 651
87 651
13 651
14 651
67 652
64 629
1 629
63 657
95 665
63 665
70 668
54 668
7 668
8 668
94 645
55 656
101 623
15 623
16 623
17 623
18 623
56 620
16 620
17 620
18 620
19 620
84 631
22 631
23 631
24 631
49 631
89 637
60 614
74 615
35 621
12 621
13 621
14 621
31 621
102 642
18 642
19 642
65 642
85 642
20 642
21 642
22 642
32 666
5 666
6 666
7 666
54 666
37 659
13 659
14 659
31 659
29 664
9 664
10 664
64 614
2 614
3 614
78 661
19 661
20 661
65 661
95 670
63 670
30 610
22 610
23 610
67 623
36 671
74 642
23 642
53 648
23 648
24 648
27 630
53 630
23 630
85 661
21 661
22 661
23 661
24 661
27 661
57 668
9 668
10 668
11 668
12 668
35 668
13 668
82 668
41 644
22 644
23 644
40 610
24 610
28 614
92 671
44 672
6 672
7 672
96 610
68 673
58 673
52 614
92 614
84 615
24 615
74 630
53 661
84 661
27 644
38 650
13 650
12 650
11 650
34 619
38 619
13 619
14 619
35 619
39 655
41 655
23 655
24 655
103 669
16 669
17 669
97 667
101 669
18 669
19 669
28 671
30 642
24 642
88 668
15 668
39 676
41 676
24 676
83 673
12 673
11 673
10 673
103 667
17 667
16 667
49 648
2 648
1 648
72 633
73 670
4 670
64 670
62 658
3 658
2 658
53 644
27 675
78 623
22 623
23 623
82 619
50 654
2 654
1 654
96 674
2 674
1 674
51 651
97 651
90 652
74 661
1 661
49 658
72 644
74 644
1 644
53 675
74 675
87 659
51 659
48 664
14 664
38 664
91 624
3 624
4 624
63 624
95 624
103 651
18 651
19 651
60 670
6 670
5 670
57 678
71 678
12 678
11 678
10 678
9 678
8 678
41 679
47 635
5 635
4 635
3 635
52 671
7 671
8 671
9 671
10 671
11 671
12 671
70 666
12 666
13 666
68 666
58 666
32 672
10 672
11 672
12 672
57 672
61 660
66 668
16 668
39 679
73 624
42 671
26 653
1 653
84 633
100 641
82 680
81 645
9 645
8 645
28 645
65 681
98 631
4 631
5 631
40 654
34 664
16 664
17 664
18 664
104 647
4 647
5 647
53 633
3 633
4 633
5 633
6 633
63 633
95 633
45 670
7 670
8 670
9 670
55 670
10 670
97 659
103 659
20 659
21 659
22 659
23 659
24 659
96 654
37 664
19 664
89 677
6 677
7 677
63 677
83 666
15 666
14 666
79 627
10 627
11 627
49 635
98 635
54 673
67 659
90 659
59 612
18 612
76 667
19 667
18 667
56 669
23 669
24 669
86 621
20 621
19 621
18 621
17 621
16 621
68 621
83 621
50 658
104 654
5 654
4 654
38 668
18 668
19 668
99 617
36 614
10 614
11 614
79 614
95 677
8 677
30 660
4 660
3 660
76 668
20 668
92 645
56 617
24 617
23 617
22 617
21 617
76 617
20 617
75 656
12 656
11 656
28 656
29 650
68 650
100 681
85 681
3 681
2 681
1 681
67 681
88 619
20 619
19 619
52 683
45 677
9 677
10 677
98 658
7 658
6 658
5 658
35 680
88 680
20 680
19 680
18 680
17 680
16 680
15 680
36 645
11 645
12 645
13 645
91 635
7 635
59 667
20 667
35 667
27 674
46 663
17 663
18 663
19 663
20 663
21 663
22 663
87 663
103 663
51 663
94 614
28 683
36 683
11 683
10 683
34 684
19 684
48 684
52 677
28 677
36 677
11 677
12 677
13 677
14 677
15 677
16 677
46 677
17 677
18 677
29 677
71 672
16 672
17 672
18 672
82 617
62 631
88 667
63 686
94 687
42 666
17 666
18 666
19 666
92 656
40 688
81 614
13 614
14 614
15 614
16 614
26 682
5 682
65 682
79 687
73 633
10 633
9 633
8 633
54 680
35 617
43 646
23 646
76 646
22 646
21 646
96 688
101 651
53 685
32 670
15 670
16 670
17 670
41 660
6 660
5 660
93 664
34 666
59 689
22 689
21 689
20 689
19 689
18 689
66 619
22 619
21 619
104 688
9 688
10 688
49 688
76 664
23 664
22 664
21 664
95 686
27 685
8 685
7 685
6 685
5 685
104 690
97 663
60 692
26 660
7 660
8 660
9 660
10 660
44 678
16 678
15 678
90 681
5 681
4 681
56 681
84 654
9 654
10 654
11 654
12 654
13 654
77 684
22 684
23 684
91 633
11 633
12 633
13 633
14 633
28 633
92 633
79 678
61 679
8 679
9 679
72 675
48 619
98 688
11 688
74 674
97 695
51 695
87 695
31 695
1 695
62 691
12 691
13 691
14 691
44 693
17 693
18 693
70 673
20 673
21 673
95 691
27 679
72 679
75 645
88 617
35 646
88 646
89 631
13 631
12 631
91 688
12 688
82 667
100 682
8 682
7 682
6 682
81 687
17 687
18 687
19 687
20 687
35 697
88 697
65 685
36 633
16 633
53 674
73 686
14 686
13 686
12 686
49 686
92 696
70 687
21 687
22 687
23 687
96 690
12 690
13 690
40 660
96 660
12 660
11 660
55 698
18 698
17 698
16 698
15 698
14 698
73 698
63 691
74 679
11 679
10 679
104 631
96 631
25 628
7 628
8 628
9 628
10 628
62 688
14 688
15 688
16 688
17 688
68 677
23 677
24 677
34 677
69 662
4 662
3 662
82 697
1 697
2 697
76 697
38 666
38 699
34 699
29 672
95 698
94 678
81 678
18 678
19 678
20 678
21 678
73 691
15 691
46 673
45 683
16 683
17 683
87 662
85 685
54 670
22 670
23 670
30 658
70 678
54 678
22 678
23 678
24 678
39 628
41 628
11 628
36 688
18 688
19 688
53 660
74 660
50 635
14 635
15 635
60 654
17 654
18 654
75 688
87 700
31 700
86 700
4 700
3 700
47 624
16 624
15 624
14 624
13 624
12 624
11 624
10 624
98 686
92 683
18 683
84 675
13 675
14 675
15 675
16 675
47 675
95 675
40 631
14 631
15 631
55 688
20 688
72 674
13 674
12 674
11 674
41 674
57 671
24 671
23 671
22 671
21 671
20 671
19 671
18 671
68 672
27 660
37 668
4 668
3 668
2 668
62 635
16 635
17 635
18 635
92 635
19 635
20 635
21 635
61 658
13 658
12 658
11 658
10 658
101 701
7 701
6 701
55 635
91 631
16 631
17 631
18 631
19 631
58 621
1 621
2 621
38 621
3 621
4 621
5 621
31 705
87 701
103 704
83 650
29 673
1 673
92 631
20 631
90 682
11 682
12 682
96 706
74 708
49 690
46 670
71 680
42 689
1 689
30 628
61 628
14 628
27 628
66 664
4 664
80 647
18 647
17 647
84 708
57 680
1 680
89 691
44 688
23 688
24 688
82 664
50 686
17 686
28 696
21 696
22 696
60 683
20 683
21 683
22 683
88 707
53 708
16 708
98 690
50 690
17 690
18 690
63 698
26 679
14 679
58 650
3 650
33 623
13 623
90 623
12 623
11 623
76 700
6 700
5 700
40 706
17 706
98 706
72 660
16 660
67 658
73 675
97 704
36 654
92 654
28 654
22 654
23 654
94 696
23 696
81 683
23 683
78 652
13 652
90 658
68 689
54 709
70 709
2 709
1 709
104 686
18 686
74 686
85 682
15 682
82 707
7 707
96 708
89 690
20 690
19 690
49 706
19 706
51 662
93 697
8 697
76 707
93 707
8 707
31 701
63 675
21 675
88 700
43 697
9 697
65 679
85 679
16 679
17 679
18 679
19 679
20 679
75 635
87 704
10 704
43 704
9 704
8 704
7 704
58 689
5 689
35 664
53 686
94 683
59 684
8 684
93 684
48 687
97 697
87 697
10 697
100 685
16 685
26 685
17 685
62 690
21 690
95 690
73 690
22 690
78 658
15 658
16 658
100 658
85 658
98 679
72 686
19 686
96 686
20 686
76 684
9 684
43 684
10 684
97 684
77 687
7 687
103 662
51 701
103 701
11 701
51 712
103 712
11 712
82 700
35 700
9 700
63 690
23 690
52 656
99 681
14 681
15 681
16 681
56 703
25 702
16 702
90 702
41 682
19 682
20 682
21 682
74 682
60 690
73 713
95 713
75 714
45 671
31 697
12 697
95 715
53 716
74 716
27 716
21 716
22 716
88 664
11 664
12 664
51 664
13 664
36 696
2 696
72 682
91 647
23 647
62 647
24 647
87 684
51 684
13 684
14 684
97 662
13 662
14 662
15 662
103 697
51 697
13 697
14 697
15 697
16 697
17 697
73 715
98 716
23 716
90 697
18 697
52 717
83 689
9 689
77 689
10 689
43 712
13 712
38 687
11 687
12 687
13 687
88 687
82 687
37 707
13 707
51 707
97 707
103 707
14 707
59 711
12 711
66 704
87 712
67 702
19 702
20 702
100 702
93 700
13 700
101 684
16 684
17 684
64 692
2 692
56 662
17 662
18 662
19 662
76 711
13 711
14 711
103 711
87 711
47 698
1 698
55 714
5 714
70 718
8 718
71 718
96 716
24 716
97 712
15 712
16 712
85 702
39 674
22 674
40 686
24 686
27 686
23 686
22 686
41 686
95 647
90 662
25 697
19 697
20 697
21 697
100 697
57 718
9 718
79 645
5 645
31 664
15 664
27 719
33 652
21 652
47 647
2 647
51 711
60 720
86 705
15 705
103 705
63 713
47 713
2 713
3 713
94 714
91 716
1 716
2 716
95 716
63 716
30 710
23 710
27 710
24 710
101 712
17 712
18 712
100 652
22 652
23 652
45 647
3 647
73 692
85 697
22 697
31 711
97 705
87 705
30 652
24 652
50 706
1 706
67 662
21 662
86 711
16 711
15 711
60 713
4 713
92 723
54 718
10 718
49 679
50 679
1 679
96 679
97 724
103 724
74 710
102 694
21 694
90 694
72 719
74 719
61 685
104 708
50 708
49 708
36 723
6 723
69 701
18 701
97 701
17 701
87 724
17 724
30 685
98 708
2 708
3 708
4 708
64 720
5 720
52 720
6 720
92 720
104 725
43 707
17 707
36 720
7 720
8 720
83 726
68 726
58 726
13 726
14 726
68 728
83 728
56 712
21 712
22 712
65 702
24 702
23 702
22 702
21 702
53 682
2 682
104 682
50 682
49 682
98 682
3 682
51 705
18 705
94 723
8 723
9 723
10 723
11 723
84 660
2 660
44 722
9 722
72 729
84 729
74 729
53 729
2 729
102 712
23 712
91 706
4 706
5 706
6 706
64 706
45 713
6 713
77 726
15 726
16 726
17 726
88 726
40 679
3 679
84 679
103 731
19 731
18 731
98 732
4 732
95 692
6 692
25 662
23 662
93 711
18 711
64 713
7 713
96 725
28 717
8 717
7 717
95 717
6 717
5 717
90 712
24 712
102 662
24 662
104 660
40 725
4 725
72 725
74 725
3 725
42 718
14 718
15 718
55 645
10 645
37 724
19 724
18 724
69 733
21 733
103 733
85 734
100 734
43 705
52 713
9 713
8 713
70 723
62 698
6 698
7 698
8 698
71 735
14 735
13 735
86 701
20 701
53 679
4 679
96 736
46 650
15 650
14 650
73 708
84 725
82 726
19 726
20 726
80 691
7 691
8 691
9 691
83 718
16 718
38 704
18 704
82 704
19 704
20 704
48 689
17 689
18 689
58 728
16 728
77 737
48 737
17 737
83 737
58 737
16 737
60 706
9 706
10 706
92 706
65 734
2 734
3 734
61 734
75 720
66 730
64 698
60 698
9 698
10 698
94 722
11 722
98 717
86 704
21 704
31 738
86 738
21 738
22 738
45 692
9 692
10 692
11 692
43 701
21 701
22 701
23 701
24 701
89 675
8 675
71 650
69 738
23 738
24 738
94 692
12 692
13 692
14 692
15 692
71 692
16 692
17 692
34 668
19 668
77 668
68 718
76 731
21 731
20 731
47 716
9 716
51 704
31 704
22 704
23 704
46 728
17 728
56 702
95 708
50 717
92 698
12 698
94 698
13 698
67 694
3 694
4 694
100 694
85 694
90 739
67 739
3 739
63 647
83 692
47 708
70 735
17 735
18 735
80 675
10 675
32 693
15 693
16 693
17 693
65 694
5 694
6 694
68 692
19 692
37 705
23 705
44 698
15 698
103 726
51 726
31 726
82 689
22 689
34 689
32 698
16 698
17 698
18 698
19 698
75 722
15 722
32 722
16 722
17 722
18 722
19 722
20 722
89 716
80 716
11 716
42 737
19 737
20 737
21 737
97 733
39 686
7 686
8 686
79 714
15 714
57 650
19 650
84 686
9 686
10 686
11 686
76 705
24 705
28 713
14 713
15 713
75 713
16 713
17 713
54 723
19 723
41 721
67 741
70 693
54 693
19 693
20 693
21 693
22 693
23 693
24 693
40 736
10 736
11 736
42 650
20 650
70 650
91 732
11 732
80 732
12 732
95 732
51 742
61 694
8 694
35 687
24 687
87 707
1 707
2 707
3 707
88 711
55 720
16 720
17 720
57 723
20 723
52 691
69 704
2 704
3 704
4 704
5 704
47 732
13 732
55 743
56 707
4 707
5 707
6 707
65 744
86 726
1 726
90 741
6 741
7 741
85 741
66 731
24 731
37 693
101 727
3 727
74 745
67 704
75 743
17 743
18 743
19 743
20 743
81 696
102 739
6 739
7 739
85 739
8 739
9 739
36 706
16 706
15 706
100 744
85 744
8 744
9 744
10 744
32 720
18 720
19 720
20 720
82 705
38 730
24 730
82 730
83 735
68 735
22 735
23 735
24 735
38 735
65 741
100 741
8 741
9 741
10 741
98 736
12 736
87 746
103 746
2 746
84 744
11 744
96 744
50 740
12 740
13 740
104 679
12 679
72 745
84 745
11 745
37 747
2 747
103 747
35 711
1 711
2 711
48 668
24 668
23 668
92 714
17 714
74 741
88 731
49 717
69 727
4 727
78 681
8 681
87 747
3 747
33 707
9 707
10 707
65 707
99 703
6 703
7 703
8 703
33 703
9 703
98 740
53 725
12 725
13 725
77 722
84 741
53 741
12 741
103 727
54 650
22 650
23 650
24 650
70 743
54 743
22 743
23 743
83 743
24 743
37 711
3 711
4 711
29 670
24 670
65 703
10 703
58 718
24 718
39 721
11 721
65 721
10 721
43 693
3 693
4 693
96 745
13 745
14 745
90 704
