42 116 0 100 1.1 3.02928 4.12928
34 112 0 100 1.9 2.26538 4.16538
27 120 0 100 0.9 3.63944 4.53944
25 117 0 100 1.6 3.37736 4.97736
30 113 0 100 3.7 2.54723 6.24723
25 126 0 100 0.1 6.30769 6.40769
39 128 0 100 2.33402e-08 7.203 7.203
34 127 0 100 0.4 6.81774 7.21774
42 125 0 100 1.8 5.5453 7.3453
31 135 0 100 9.33608e-08 8.54547 8.54547
36 130 0 100 1.7 7.71963 9.41963
35 122 0 100 5 4.615 9.615
38 136 0 100 1.3 8.72652 10.0265
30 131 0 100 3 7.74442 10.7444
43 133 0 100 2.9 8.30722 11.2072
25 138 0 100 1.2 10.3271 11.5271
44 139 0 100 1.2 10.3338 11.5338
44 144 0 100 0.2 12.5325 12.7325
43 146 0 100 0.1 12.7831 12.8831
41 141 0 100 2.1 11.2746 13.3746
26 142 0 100 2.2 11.5457 13.7457
32 134 0 100 5.4 8.36272 13.7627
44 129 0 100 7 7.20565 14.2056
26 148 0 100 0.6 13.8896 14.4896
