61 221
62 225
25 225
7 225
44 225
6 225
52 222
64 223
19 223
18 223
35 227
21 227
26 228
53 228
48 228
60 228
16 228
17 228
18 228
19 228
48 229
32 222
2 222
60 229
27 231
22 231
50 231
42 224
15 224
16 224
35 231
53 229
54 227
22 227
46 225
10 225
9 225
28 234
59 227
23 227
32 236
51 222
4 222
37 222
45 230
2 230
3 230
50 227
24 227
38 237
9 237
10 237
47 224
18 224
26 229
20 229
21 229
22 229
23 229
24 229
59 229
57 228
23 228
22 228
21 228
20 228
56 231
1 231
2 231
3 231
34 232
3 232
2 232
50 232
35 232
46 239
50 240
2 240
25 239
14 239
39 226
54 229
2 229
47 241
54 243
61 222
9 222
8 222
7 222
6 222
5 222
37 242
9 242
55 238
7 238
8 238
9 238
37 238
59 243
3 243
4 243
5 243
6 243
7 243
42 241
22 241
21 241
20 241
19 241
18 241
17 241
35 240
4 240
54 240
33 235
8 235
9 235
10 235
31 244
50 229
40 237
14 237
13 237
12 237
11 237
51 242
10 242
11 242
12 242
13 242
14 242
15 242
16 242
56 232
5 232
52 236
11 236
12 236
13 236
14 236
15 236
16 236
25 236
45 243
8 243
9 243
35 229
56 229
5 229
4 229
3 229
58 246
18 246
19 246
20 246
21 246
22 246
23 246
28 231
7 231
6 231
5 231
4 231
61 238
11 238
46 242
27 232
6 232
7 232
8 232
33 243
10 243
11 243
37 243
12 243
42 246
40 245
17 245
18 245
19 245
20 245
21 245
22 245
23 245
24 245
53 247
48 247
31 237
15 237
16 237
17 237
18 237
19 237
60 247
3 247
4 247
29 228
3 228
4 228
5 228
6 228
36 225
19 225
20 225
21 225
30 230
13 230
25 242
21 242
22 242
23 242
24 242
28 232
11 232
12 232
51 238
14 238
33 238
13 238
62 236
21 236
22 236
23 236
24 236
39 228
7 228
34 222
26 247
5 247
64 228
8 228
9 228
56 228
44 239
21 239
50 228
35 228
55 230
14 230
30 238
15 238
16 238
17 238
18 238
45 232
14 232
15 232
46 237
23 237
30 232
16 232
33 230
16 230
17 230
37 230
48 249
61 230
18 230
19 230
20 230
21 230
22 230
63 244
20 244
21 244
22 244
50 250
56 250
64 251
11 251
12 251
50 251
53 249
43 223
10 223
11 223
44 237
24 237
54 231
12 231
13 231
14 231
15 231
45 231
16 231
31 238
40 244
23 244
59 240
13 240
14 240
15 240
16 240
54 252
59 252
13 252
64 252
12 252
11 252
45 240
17 240
18 240
58 225
2 225
3 225
4 225
27 228
15 228
14 228
54 228
34 248
16 248
17 248
27 254
15 254
16 254
39 223
13 223
14 223
25 237
2 237
3 237
46 253
2 253
32 235
22 235
23 235
45 248
19 248
20 248
52 243
22 243
49 233
2 233
3 233
29 247
11 247
12 247
13 247
14 247
30 240
21 240
22 240
57 229
14 229
15 229
33 248
21 248
47 255
42 255
10 255
11 255
28 222
19 222
20 222
39 247
15 247
31 235
64 229
16 229
55 231
21 231
32 257
24 257
23 257
44 253
4 253
5 253
6 253
7 253
8 253
9 253
10 253
56 251
18 251
19 251
53 256
51 232
23 232
24 232
30 248
23 248
24 248
61 243
24 243
23 243
57 247
16 247
64 247
17 247
18 247
50 247
41 241
7 241
8 241
9 241
10 241
11 241
12 241
13 241
32 232
37 257
39 229
17 229
18 229
43 252
16 252
56 247
19 247
20 247
21 247
61 257
42 253
38 230
4 230
45 222
23 222
24 222
28 247
22 247
23 247
40 230
5 230
6 230
47 253
13 253
14 253
15 253
45 247
24 247
49 230
31 258
4 258
5 258
27 251
22 251
23 251
35 250
63 238
5 238
64 260
21 260
22 260
56 260
27 250
23 250
24 250
54 223
22 223
23 223
51 248
3 248
50 260
23 260
56 223
48 256
19 256
20 256
21 256
53 241
26 253
36 244
10 244
11 244
57 252
22 252
23 252
24 252
44 230
11 230
60 249
20 249
21 249
50 223
40 259
10 259
11 259
49 259
48 241
53 253
34 254
2 254
3 254
56 252
1 252
2 252
27 252
44 259
12 259
48 253
21 253
22 253
43 253
23 253
25 233
13 233
14 233
37 261
7 261
61 248
37 248
7 248
8 248
31 248
9 248
54 260
26 249
22 249
23 249
46 244
14 244
15 244
36 259
13 259
14 259
53 263
59 260
2 260
3 260
45 254
6 254
7 254
8 254
28 251
5 251
45 251
6 251
7 251
8 251
46 259
15 259
16 259
17 259
18 259
19 259
20 259
21 259
42 259
48 262
23 262
24 262
39 256
1 256
2 256
25 244
16 244
17 244
18 244
57 253
51 261
9 261
10 261
64 256
3 256
59 256
32 261
11 261
12 261
39 253
3 253
34 266
28 266
7 266
8 266
9 266
10 266
29 255
26 263
1 263
27 260
6 260
7 260
28 260
43 249
3 249
53 262
1 262
62 239
18 239
19 239
34 260
8 260
9 260
10 260
11 260
12 260
31 261
14 261
15 261
16 261
47 259
33 231
11 231
10 231
9 231
60 241
2 241
3 241
48 263
60 263
2 263
3 263
4 263
50 264
57 249
5 249
6 249
39 263
57 263
5 263
44 267
49 267
19 267
20 267
51 266
13 266
14 266
15 266
29 262
31 266
16 266
17 266
18 266
19 266
49 266
30 243
13 243
59 249
8 249
9 249
56 264
9 264
10 264
62 267
25 267
21 267
40 261
19 261
20 261
62 261
25 261
21 261
22 261
23 261
24 261
45 265
12 265
13 265
31 268
17 268
18 268
19 268
55 222
13 222
14 222
41 233
23 233
24 233
40 268
20 268
46 267
22 267
23 267
27 249
11 249
56 249
26 241
6 241
43 263
8 263
9 263
10 263
36 268
22 268
23 268
25 268
38 258
21 258
22 258
41 267
60 262
7 262
8 262
54 256
11 256
12 256
59 269
53 273
48 273
46 272
24 272
23 272
50 249
13 249
14 249
15 249
16 249
39 270
11 270
12 270
47 274
37 254
19 254
20 254
37 275
19 275
20 275
21 275
22 275
26 262
9 262
10 262
64 253
12 253
59 270
13 270
45 249
17 249
49 258
52 240
20 240
61 251
20 251
37 240
30 265
19 265
20 265
62 268
2 268
3 268
52 251
35 252
15 252
28 264
17 264
18 264
37 265
21 265
27 256
35 256
16 256
17 256
25 276
35 277
42 274
9 274
10 274
31 254
23 254
24 254
28 256
56 263
16 263
59 263
15 263
45 264
19 264
20 264
52 265
22 265
23 265
31 265
24 265
33 222
21 222
62 276
4 276
49 276
3 276
60 273
12 273
13 273
30 264
22 264
23 264
57 271
15 271
16 271
61 240
23 240
24 240
48 274
36 272
3 272
49 272
4 272
25 272
43 262
15 262
16 262
60 274
62 272
5 272
6 272
7 272
8 272
9 272
10 272
11 272
34 231
20 231
19 231
18 231
37 264
31 240
1 240
27 277
19 277
20 277
53 274
14 274
15 274
26 273
14 273
15 273
16 273
17 273
18 273
56 273
19 273
54 269
18 269
19 269
29 241
14 241
15 241
41 268
8 268
9 268
10 268
11 268
12 268
13 268
14 268
26 268
35 269
56 269
20 269
21 269
28 277
22 277
23 277
43 274
17 274
18 274
19 274
53 268
60 268
46 276
7 276
8 276
41 276
9 276
10 276
11 276
12 276
13 276
14 276
15 276
60 276
53 276
50 270
45 277
24 277
48 268
16 268
63 248
4 248
5 248
6 248
38 275
6 275
7 275
64 263
20 263
21 263
26 276
17 276
18 276
56 270
22 270
23 270
51 243
2 243
1 243
58 237
10 237
11 237
12 237
13 237
14 237
15 237
27 273
23 273
24 273
57 262
20 262
21 262
54 274
22 274
23 274
60 282
43 276
20 276
21 276
64 262
22 262
53 282
41 280
12 280
13 280
14 280
15 280
16 280
17 280
18 280
53 280
56 274
24 274
33 281
3 281
4 281
52 281
47 272
17 272
18 272
19 272
50 263
24 263
23 263
26 272
42 278
36 275
10 275
11 275
25 275
62 275
53 272
20 272
21 272
30 283
39 271
23 271
24 271
34 269
2 269
3 269
51 284
5 284
6 284
37 281
6 281
7 281
8 281
50 287
53 288
21 288
22 288
33 283
5 283
6 283
59 271
28 270
3 270
4 270
5 270
46 275
13 275
14 275
25 289
62 289
30 270
6 270
48 282
22 282
23 282
24 282
37 283
8 283
9 283
10 283
11 283
12 283
13 283
54 262
52 284
26 288
23 288
56 287
3 287
4 287
63 281
11 281
12 281
13 281
14 281
15 281
25 281
43 272
38 286
13 286
14 286
15 286
55 249
25 286
16 286
58 286
17 286
18 286
19 286
20 286
21 286
22 286
29 268
24 268
61 264
37 284
47 278
23 278
24 278
42 286
47 286
23 286
24 286
