48 386 0 100 0.6 2.20167 2.80167
61 390 0 100 0.9 2.26544 3.16544
69 414 0 100 2.33402e-08 4.05289 4.05289
75 400 0 100 1.3 2.7574 4.0574
46 416 0 100 0.5 4.15386 4.65386
47 410 0 100 1 3.65853 4.65853
71 413 0 100 0.7 4.0254 4.7254
65 394 0 100 2.4 2.38266 4.78266
82 421 0 100 0.6 4.63516 5.23516
78 391 0 100 3.2 2.3589 5.5589
74 412 0 100 1.7 3.93867 5.63867
27 408 0 100 3.4 3.47282 6.87282
41 435 0 100 0.6 7.45485 8.05485
75 433 0 100 1.5 6.78378 8.28378
25 404 0 100 5.5 2.99159 8.49159
65 429 0 100 3.1 5.559 8.659
71 442 0 100 0.5 8.33801 8.83801
50 419 0 100 4.6 4.36246 8.96247
80 443 0 100 0.5 8.55517 9.05517
82 441 0 100 1.8 8.19569 9.99569
45 407 0 100 6.6 3.40439 10.0044
50 440 0 100 1.9 8.18542 10.0854
34 398 0 100 7.5 2.69471 10.1947
43 449 0 100 0.6 9.71307 10.3131
77 445 0 100 1.6 8.77944 10.3794
53 426 0 100 6 5.0424 11.0424
53 453 0 100 0.7 10.3447 11.0447
33 428 0 100 5.9 5.36293 11.2629
53 401 0 100 8.5 2.78849 11.2885
67 411 0 100 7.5 3.85385 11.3539
28 405 0 100 8.3 3.13361 11.4336
52 434 0 100 4.2 7.33011 11.5301
52 446 0 100 2.1 9.46609 11.5661
52 458 0 100 0.6 11.5367 12.1367
28 454 0 100 2 10.3893 12.3893
56 464 0 100 0.7 12.2263 12.9263
75 460 0 100 1.2 11.8031 13.0031
72 470 0 100 0.5 12.7218 13.2218
81 478 0 100 0.1 13.4318 13.5318
56 395 0 100 11.2 2.39247 13.5925
84 450 0 100 4.5 9.72446 14.2245
34 436 0 100 6.9 7.63096 14.531
31 462 0 100 2.5 12.1031 14.6031
66 471 0 100 1.8 12.8194 14.6194
