0 2021
0 2022
0 2023
0 2024
0 2025
0 2026
0 2027
0 2028
0 2029
0 2030
0 2031
0 2032
0 2033
0 2034
0 2035
0 2036
0 2037
0 2038
0 2039
0 2040
0 2042
0 2045
0 2047
38 2044
7 2044
6 2044
5 2044
4 2044
3 2044
2 2044
1 2044
37 2048
68 2048
3 2048
2 2048
1 2048
0 2051
0 2053
58 2054
0 2055
0 2059
0 2062
59 2052
19 2052
20 2052
21 2052
22 2052
23 2052
24 2052
0 2065
66 2058
8 2058
7 2058
6 2058
5 2058
4 2058
3 2058
2 2058
1 2058
67 2046
6 2046
5 2046
4 2046
3 2046
2 2046
1 2046
60 2049
1 2049
0 2069
73 2072
4 2072
3 2072
2 2072
1 2072
0 2075
49 2070
10 2070
9 2070
8 2070
7 2070
6 2070
5 2070
4 2070
3 2070
2 2070
1 2070
68 2063
7 2063
6 2063
5 2063
4 2063
3 2063
2 2063
1 2063
0 2077
72 2071
8 2071
7 2071
6 2071
5 2071
4 2071
3 2071
2 2071
1 2071
25 2041
10 2041
9 2041
8 2041
7 2041
6 2041
5 2041
4 2041
3 2041
2 2041
1 2041
52 2050
13 2050
14 2050
15 2050
16 2050
17 2050
18 2050
19 2050
20 2050
21 2050
22 2050
23 2050
24 2050
0 2085
30 2079
9 2079
8 2079
7 2079
6 2079
5 2079
4 2079
3 2079
2 2079
1 2079
32 2066
20 2066
21 2066
22 2066
23 2066
24 2066
0 2088
51 2073
21 2073
22 2073
23 2073
24 2073
50 2086
3 2086
2 2086
1 2086
42 2074
18 2074
19 2074
20 2074
21 2074
22 2074
23 2074
24 2074
62 2068
7 2068
6 2068
5 2068
4 2068
3 2068
2 2068
1 2068
0 2089
71 2043
15 2043
16 2043
17 2043
18 2043
19 2043
20 2043
21 2043
22 2043
23 2043
24 2043
65 2057
3 2057
2 2057
1 2057
0 2091
0 2093
53 2082
24 2082
43 2087
1 2087
0 2095
46 2090
2 2090
1 2090
45 2092
10 2092
9 2092
8 2092
7 2092
6 2092
5 2092
4 2092
3 2092
2 2092
1 2092
56 2084
6 2084
5 2084
4 2084
3 2084
2 2084
1 2084
0 2097
54 2078
14 2078
15 2078
16 2078
17 2078
18 2078
19 2078
20 2078
21 2078
22 2078
23 2078
24 2078
39 2094
4 2094
3 2094
2 2094
1 2094
31 2064
4 2064
3 2064
2 2064
1 2064
55 2099
5 2099
4 2099
3 2099
2 2099
1 2099
69 2083
16 2083
17 2083
18 2083
19 2083
20 2083
21 2083
22 2083
23 2083
24 2083
0 2100
41 2060
4 2060
3 2060
2 2060
1 2060
27 2098
15 2098
16 2098
17 2098
18 2098
19 2098
20 2098
21 2098
22 2098
23 2098
24 2098
0 2102
0 2104
63 2105
17 2105
18 2105
19 2105
20 2105
21 2105
22 2105
23 2105
24 2105
0 2106
0 2107
47 2108
8 2108
7 2108
6 2108
5 2108
4 2108
3 2108
2 2108
1 2108
28 2096
23 2096
24 2096
37 2109
35 2061
12 2061
11 2061
10 2061
9 2061
8 2061
7 2061
6 2061
5 2061
4 2061
3 2061
2 2061
1 2061
0 2110
40 2109
14 2109
15 2109
16 2109
17 2109
18 2109
19 2109
20 2109
21 2109
22 2109
23 2109
24 2109
29 2076
2 2076
1 2076
0 2112
74 2103
4 2103
3 2103
2 2103
1 2103
33 2113
22 2113
23 2113
24 2113
0 2115
44 2067
22 2067
23 2067
24 2067
0 2117
40 2118
15 2118
16 2118
17 2118
18 2118
19 2118
20 2118
21 2118
22 2118
23 2118
24 2118
67 2121
0 2122
36 2081
13 2081
14 2081
15 2081
16 2081
17 2081
18 2081
19 2081
20 2081
21 2081
22 2081
23 2081
24 2081
40 2121
16 2121
17 2121
18 2121
19 2121
20 2121
21 2121
22 2121
23 2121
24 2121
0 2123
57 2119
18 2119
19 2119
20 2119
21 2119
22 2119
23 2119
24 2119
26 2114
22 2114
23 2114
24 2114
0 2125
61 2120
12 2120
11 2120
10 2120
9 2120
8 2120
7 2120
6 2120
5 2120
4 2120
3 2120
2 2120
1 2120
0 2127
70 2116
9 2116
8 2116
7 2116
6 2116
5 2116
4 2116
3 2116
2 2116
1 2116
0 2128
49 2129
22 2129
23 2129
24 2129
0 2130
0 2133
0 2135
38 2131
24 2131
0 2137
52 2138
1 2138
0 2139
73 2134
18 2134
19 2134
20 2134
21 2134
22 2134
23 2134
24 2134
66 2126
23 2126
24 2126
0 2140
62 2132
20 2132
21 2132
22 2132
23 2132
24 2132
0 2142
34 2080
14 2080
15 2080
16 2080
17 2080
18 2080
19 2080
20 2080
21 2080
22 2080
23 2080
24 2080
39 2145
15 2145
16 2145
17 2145
18 2145
19 2145
20 2145
21 2145
22 2145
23 2145
24 2145
0 2146
53 2143
11 2143
10 2143
9 2143
8 2143
7 2143
6 2143
5 2143
4 2143
3 2143
2 2143
1 2143
72 2144
23 2144
24 2144
0 2147
0 2150
0 2151
71 2141
5 2141
4 2141
3 2141
2 2141
1 2141
0 2152
0 2154
68 2155
24 2155
0 2157
46 2136
17 2136
18 2136
19 2136
20 2136
21 2136
22 2136
23 2136
24 2136
58 2148
21 2148
22 2148
23 2148
24 2148
0 2158
48 2101
10 2101
9 2101
8 2101
7 2101
6 2101
5 2101
4 2101
3 2101
2 2101
1 2101
28 2161
11 2161
10 2161
9 2161
8 2161
7 2161
6 2161
5 2161
4 2161
3 2161
2 2161
1 2161
0 2162
40 2160
1 2160
27 2149
5 2149
4 2149
3 2149
2 2149
1 2149
0 2165
0 2166
0 2168
35 2167
1 2167
63 2164
7 2164
6 2164
5 2164
4 2164
3 2164
2 2164
1 2164
0 2169
64 2056
20 2056
21 2056
22 2056
23 2056
24 2056
0 2173
69 2175
63 2175
8 2175
7 2175
6 2175
5 2175
4 2175
3 2175
2 2175
1 2175
50 2171
23 2171
24 2171
0 2177
43 2178
31 2174
22 2174
23 2174
24 2174
37 2180
4 2180
3 2180
2 2180
1 2180
60 2172
24 2172
0 2181
0 2185
61 2182
24 2182
65 2170
74 2159
19 2159
20 2159
21 2159
22 2159
23 2159
24 2159
0 2187
51 2163
18 2163
19 2163
20 2163
21 2163
22 2163
23 2163
24 2163
0 2188
50 2170
45 2156
5 2156
4 2156
3 2156
2 2156
1 2156
42 2153
15 2153
16 2153
17 2153
18 2153
19 2153
20 2153
21 2153
22 2153
23 2153
24 2153
47 2190
1 2190
55 2186
0 2192
30 2191
8 2191
7 2191
6 2191
5 2191
4 2191
3 2191
2 2191
1 2191
0 2194
56 2193
2 2193
1 2193
0 2197
41 2195
62 2196
6 2196
5 2196
4 2196
3 2196
2 2196
1 2196
0 2198
25 2189
10 2189
9 2189
8 2189
7 2189
6 2189
5 2189
4 2189
3 2189
2 2189
1 2189
0 2200
29 2201
21 2201
22 2201
23 2201
24 2201
0 2203
59 2179
22 2179
23 2179
24 2179
38 2202
13 2202
14 2202
15 2202
16 2202
17 2202
18 2202
19 2202
20 2202
21 2202
22 2202
23 2202
24 2202
0 2207
39 2204
41 2204
2 2204
1 2204
67 2176
9 2176
8 2176
7 2176
6 2176
5 2176
4 2176
3 2176
2 2176
1 2176
26 2184
14 2184
15 2184
16 2184
17 2184
18 2184
19 2184
20 2184
21 2184
22 2184
23 2184
24 2184
0 2208
44 2209
16 2209
17 2209
18 2209
19 2209
20 2209
21 2209
22 2209
23 2209
24 2209
49 2205
13 2205
14 2205
15 2205
16 2205
17 2205
18 2205
19 2205
20 2205
21 2205
22 2205
23 2205
24 2205
32 2183
22 2183
23 2183
24 2183
0 2210
36 2206
7 2206
6 2206
5 2206
4 2206
3 2206
2 2206
1 2206
0 2212
70 2178
1 2178
0 2214
0 2216
0 2217
54 2199
15 2199
16 2199
17 2199
18 2199
19 2199
20 2199
21 2199
22 2199
23 2199
24 2199
0 2218
48 2215
22 2215
23 2215
24 2215
0 2220
66 2219
46 2213
5 2213
4 2213
3 2213
2 2213
1 2213
0 2222
0 2223
0 2224
57 2219
16 2219
17 2219
18 2219
19 2219
20 2219
21 2219
22 2219
23 2219
24 2219
0 2225
73 2228
12 2228
11 2228
10 2228
9 2228
8 2228
7 2228
6 2228
5 2228
4 2228
3 2228
2 2228
1 2228
0 2229
0 2230
0 2231
63 2221
21 2221
22 2221
23 2221
24 2221
0 2233
56 2232
12 2232
11 2232
10 2232
9 2232
8 2232
7 2232
6 2232
5 2232
4 2232
3 2232
2 2232
1 2232
0 2236
71 2234
24 2234
0 2238
57 2227
19 2227
20 2227
21 2227
22 2227
23 2227
24 2227
0 2240
0 2243
52 2239
24 2239
64 2242
11 2242
10 2242
9 2242
8 2242
7 2242
6 2242
5 2242
4 2242
3 2242
2 2242
1 2242
33 2211
1 2211
0 2245
53 2235
8 2235
7 2235
6 2235
5 2235
4 2235
3 2235
2 2235
1 2235
0 2246
31 2247
26 2248
0 2249
41 2247
0 2252
25 2237
23 2237
24 2237
0 2257
37 2253
21 2253
22 2253
23 2253
24 2253
0 2259
0 2265
69 2254
2 2254
1 2254
0 2267
50 2241
17 2241
18 2241
19 2241
20 2241
21 2241
22 2241
23 2241
24 2241
62 2268
21 2268
22 2268
23 2268
24 2268
45 2255
22 2255
23 2255
24 2255
38 2248
2 2248
1 2248
32 2264
10 2264
9 2264
8 2264
7 2264
6 2264
5 2264
4 2264
3 2264
2 2264
1 2264
0 2269
30 2261
24 2261
43 2270
14 2270
15 2270
16 2270
17 2270
18 2270
19 2270
20 2270
21 2270
22 2270
23 2270
24 2270
0 2271
0 2274
0 2275
0 2277
40 2260
42 2272
9 2272
8 2272
7 2272
6 2272
5 2272
4 2272
3 2272
2 2272
1 2272
29 2276
13 2276
14 2276
15 2276
16 2276
17 2276
18 2276
19 2276
20 2276
21 2276
22 2276
23 2276
24 2276
28 2251
10 2251
9 2251
8 2251
7 2251
6 2251
5 2251
4 2251
3 2251
2 2251
1 2251
0 2280
27 2244
4 2244
3 2244
2 2244
1 2244
35 2278
24 2278
0 2281
58 2262
22 2262
23 2262
24 2262
0 2282
0 2283
72 2226
2 2226
1 2226
68 2258
0 2285
54 2286
5 2286
4 2286
3 2286
2 2286
1 2286
45 2258
2 2258
1 2258
0 2289
61 2250
22 2250
23 2250
24 2250
34 2247
20 2247
21 2247
22 2247
23 2247
24 2247
65 2273
22 2273
23 2273
24 2273
0 2292
51 2287
16 2287
17 2287
18 2287
19 2287
20 2287
21 2287
22 2287
23 2287
24 2287
0 2293
0 2294
46 2291
21 2291
22 2291
23 2291
24 2291
67 2263
4 2263
3 2263
2 2263
1 2263
0 2296
0 2299
55 2297
24 2297
0 2300
71 2301
12 2301
11 2301
10 2301
9 2301
8 2301
7 2301
6 2301
5 2301
4 2301
3 2301
2 2301
1 2301
59 2256
19 2256
20 2256
21 2256
22 2256
23 2256
24 2256
0 2304
53 2298
20 2298
21 2298
22 2298
23 2298
24 2298
0 2306
0 2308
60 2279
2 2279
1 2279
0 2309
57 2311
9 2311
8 2311
7 2311
6 2311
5 2311
4 2311
3 2311
2 2311
1 2311
0 2313
39 2284
1 2284
47 2295
3 2295
2 2295
1 2295
0 2315
49 2307
12 2307
11 2307
10 2307
9 2307
8 2307
7 2307
6 2307
5 2307
4 2307
3 2307
2 2307
1 2307
48 2310
18 2310
19 2310
20 2310
21 2310
22 2310
23 2310
24 2310
0 2316
0 2317
0 2318
74 2288
24 2288
70 2312
1 2312
0 2319
66 2290
12 2290
11 2290
10 2290
9 2290
8 2290
7 2290
6 2290
5 2290
4 2290
3 2290
2 2290
1 2290
0 2322
35 2321
0 2323
41 2303
4 2303
3 2303
2 2303
1 2303
0 2325
42 2326
21 2326
22 2326
23 2326
24 2326
32 2324
24 2324
38 2305
16 2305
17 2305
18 2305
19 2305
20 2305
21 2305
22 2305
23 2305
24 2305
0 2327
36 2302
9 2302
8 2302
7 2302
6 2302
5 2302
4 2302
3 2302
2 2302
1 2302
73 2328
10 2328
9 2328
8 2328
7 2328
6 2328
5 2328
4 2328
3 2328
2 2328
1 2328
0 2330
33 2329
20 2329
21 2329
22 2329
23 2329
24 2329
31 2314
6 2314
5 2314
4 2314
3 2314
2 2314
1 2314
0 2332
