87 425 0 100 0.21 1.40656 1.61656
41 426 0 100 0.17 1.45302 1.62302
39 422 0 100 0.36 1.26874 1.62874
72 417 0 100 1 1.17364 2.17364
80 424 0 100 1.09 1.40351 2.49351
68 431 0 100 0.78 1.72196 2.50196
77 438 0 100 0.4 2.10858 2.50858
49 445 0 100 0.25 2.41844 2.66844
34 433 0 100 1.02 1.80551 2.82551
85 449 0 100 0.84 2.49483 3.33483
59 421 0 100 2.45 1.25653 3.70653
92 452 0 100 1.13 2.58427 3.71427
73 440 0 100 1.53 2.18539 3.71539
90 419 0 100 2.51 1.21723 3.72723
59 458 0 100 0.59 3.3187 3.9087
103 434 0 100 2.16 1.88699 4.04699
98 437 0 100 3.43 2.00544 5.43544
27 423 0 100 4.77 1.38366 6.15366
83 418 0 100 5.02 1.21599 6.23599
26 427 0 100 4.76 1.48572 6.24572
60 469 0 100 0.52 5.73334 6.25334
57 428 0 100 4.81 1.58709 6.39709
91 467 0 100 1.08 5.31943 6.39943
91 450 0 100 4.08 2.51474 6.59474
56 420 0 100 5.51 1.22905 6.73905
100 464 0 100 1.9 5.03415 6.93415
96 462 0 100 1.99 4.94925 6.93925
100 454 0 100 4.25 2.74705 6.99705
65 475 0 100 1.03 6.50434 7.53434
68 463 0 100 2.93 4.9706 7.9006
69 443 0 100 5.69 2.31454 8.00454
104 439 0 100 5.99 2.11544 8.10544
76 456 0 100 5.49 2.80349 8.29349
42 453 0 100 5.81 2.64307 8.45307
70 414 0 100 7.37 1.08349 8.45349
104 460 0 100 3.85 4.60631 8.45631
97 459 0 100 4.25 4.34288 8.59288
97 436 0 100 6.68 1.94437 8.62437
97 481 0 100 0.55 8.07756 8.62756
50 416 0 100 7.51 1.1646 8.6746
92 471 0 100 2.98 5.9621 8.9421
103 478 0 100 2.4 6.83947 9.23947
66 455 0 100 6.94 2.7529 9.6929
93 430 0 100 8.66 1.64276 10.3028
93 474 0 100 3.98 6.33829 10.3183
53 457 0 100 8.46 2.80664 11.2666
53 485 0 100 2.16 9.22253 11.3825
91 487 0 100 2.45 9.37026 11.8203
56 484 0 100 3.11 8.976 12.086
41 489 0 100 2.64 9.60568 12.2457
58 501 0 100 0.44 11.8072 12.2472
96 492 0 100 2.4 9.93874 12.3387
96 448 0 100 9.86 2.48061 12.3406
84 415 0 100 11.49 1.16095 12.651
84 465 0 100 7.41 5.24687 12.6569
65 493 0 100 1.91 10.7539 12.6639
47 412 0 100 11.84 1.03431 12.8743
36 470 0 100 7.36 5.84177 13.2018
42 498 0 100 2.1 11.1712 13.2712
50 494 0 100 3.01 10.7884 13.7984
32 506 0 100 1.23 12.7596 13.9896
31 497 0 100 3.08 11.099 14.179
90 491 0 100 4.46 9.88314 14.3431
59 499 0 100 3.27 11.1794 14.4494
66 473 0 100 8.79 6.16755 14.9575
