28 797 1.04551
31 798 1.13074
36 799 1.1809
41 800 1.41386
25 801 1.44681
52 802 1.66312
54 803 1.66367
46 804 1.90746
42 805 2.01343
35 806 2.07259
51 807 2.2296
45 808 2.27855
39 809 2.27931
44 810 2.33268
27 811 2.52264
33 812 2.58767
32 813 2.59374
49 814 2.68667
40 815 2.70976
43 816 2.75024
38 817 2.92675
30 818 2.9711
29 819 2.97719
52 820 4.92685
38 821 4.93852
33 822 5.00079
31 823 5.15793
45 824 5.43077
25 825 5.91111
44 826 6.29572
50 827 6.45216
51 828 6.5249
29 829 6.81547
35 830 7.59849
33 831 8.3838
45 832 8.92288
40 833 9.12929
29 834 9.26282
38 835 9.73836
41 836 10.0771
28 837 10.1523
25 838 10.4378
44 839 10.9882
53 840 11.1734
31 841 11.695
42 842 12.9079
37 843 13.0875
45 844 13.1373
51 845 14.0047
