110 1515 1.01609
101 1516 1.02982
53 1517 1.04279
96 1518 1.0477
43 1519 1.06223
40 1520 1.06628
94 1521 1.07328
52 1522 1.09802
34 1523 1.11129
37 1524 1.15119
83 1525 1.20353
71 1526 1.21602
99 1527 1.24925
88 1528 1.28676
87 1529 1.29291
46 1530 1.30974
35 1531 1.31097
92 1532 1.31188
95 1533 1.32558
85 1534 1.35292
57 1535 1.35308
68 1536 1.36041
116 1537 1.38094
45 1538 1.38187
38 1539 1.38677
121 1540 1.39243
93 1541 1.4236
91 1542 1.43389
75 1543 1.43915
82 1544 1.45007
42 1545 1.46701
105 1546 1.47592
73 1547 1.52412
74 1548 1.54842
58 1549 1.59436
54 1550 1.59684
55 1551 1.63992
104 1552 1.65035
44 1553 1.6761
97 1554 1.68821
86 1555 1.71429
28 1556 1.73778
27 1557 1.74895
64 1558 1.79986
72 1559 1.80382
66 1560 1.85928
49 1561 2.08176
62 1562 2.1228
41 1563 2.14513
123 1564 2.15776
109 1565 2.16579
108 1566 2.21926
31 1567 2.28312
36 1568 2.33033
117 1569 2.33711
106 1570 2.39293
77 1571 2.45202
47 1572 2.46756
76 1573 2.50883
79 1574 2.52592
39 1575 2.5364
32 1576 2.58445
103 1577 2.59124
120 1578 2.64676
61 1579 2.66785
81 1580 2.73996
111 1581 2.75372
112 1582 2.76902
30 1583 2.78192
124 1584 2.82515
78 1585 2.87457
113 1586 2.91154
28 1587 3.84426
54 1588 4.23961
75 1589 4.24564
85 1590 4.2729
70 1591 4.39295
109 1592 4.41956
104 1593 4.43214
40 1594 4.43398
99 1595 4.45402
52 1596 4.4566
79 1597 4.52798
37 1598 4.76927
74 1599 4.86517
69 1600 4.97369
46 1601 5.03672
82 1602 5.19691
106 1603 5.20136
94 1604 5.22239
111 1605 5.23378
44 1606 5.29315
68 1607 5.31256
78 1608 5.32694
76 1609 5.57657
58 1610 5.64913
57 1611 5.95759
49 1612 5.96751
77 1613 6.03347
91 1614 6.17786
27 1615 6.18512
30 1616 6.18798
34 1617 6.20457
88 1618 6.21821
54 1619 6.25602
93 1620 6.2818
86 1621 6.43152
81 1622 6.7421
75 1623 6.86006
32 1624 6.86252
53 1625 7.11049
119 1626 7.29563
117 1627 7.30211
74 1628 7.40438
112 1629 7.58244
100 1630 8.19672
109 1631 8.23273
78 1632 8.30901
40 1633 8.3263
85 1634 8.72119
94 1635 8.86976
92 1636 8.89166
81 1637 9.09017
75 1638 9.16486
105 1639 9.18394
58 1640 9.34071
74 1641 9.61599
77 1642 9.72458
46 1643 9.89876
108 1644 9.94898
63 1645 10.1525
86 1646 10.273
61 1647 10.2883
107 1648 10.3751
68 1649 10.5872
30 1650 10.5993
54 1651 10.7047
76 1652 10.7445
73 1653 10.8902
94 1654 11.1077
53 1655 11.2806
88 1656 11.2925
39 1657 11.3377
75 1658 11.4313
42 1659 11.8825
74 1660 12.003
46 1661 12.4359
79 1662 12.5931
41 1663 12.8216
109 1664 13.0144
65 1665 13.0179
47 1666 13.1184
78 1667 13.1665
40 1668 13.1873
81 1669 13.735
39 1670 13.7617
53 1671 13.8844
52 1672 13.8968
105 1673 13.9707
114 1674 14.1593
42 1675 14.1953
43 1676 14.2383
96 1677 14.3347
63 1678 14.3595
108 1679 14.4381
77 1680 14.5266
46 1681 14.5443
86 1682 14.6632
121 1683 14.9169
107 1684 14.9714
