27 1232 0 100 0.48 1.01259 1.49259
98 1246 0 100 1.27 1.45241 2.72241
68 1243 0 100 1.33 1.39691 2.72691
87 1263 0 100 1.69 1.92937 3.61937
32 1266 0 100 1.77 2.07305 3.84305
57 1250 0 100 2.42 1.59357 4.01357
30 1285 0 100 1.16701e-08 4.11173 4.11173
29 1257 0 100 2.45 1.71896 4.16896
48 1281 0 100 1.57 2.95264 4.52264
67 1255 0 100 2.99 1.63311 4.62311
71 1275 0 100 1.93 2.69861 4.62861
102 1267 0 100 2.55 2.07909 4.62909
51 1280 0 100 1.77 2.85959 4.62959
53 1241 0 100 3.6 1.32412 4.92412
96 1261 0 100 3.61 1.8852 5.4952
28 1251 0 100 4.25 1.59853 5.84853
31 1272 0 100 3.44 2.51163 5.95163
73 1268 0 100 3.84 2.11239 5.95239
33 1254 0 100 4.69 1.61615 6.30615
44 1260 0 100 4.61 1.87829 6.48829
60 1262 0 100 4.57 1.91932 6.48932
35 1298 0 100 0.0700001 6.42681 6.49681
61 1300 0 100 1.16701e-08 6.52597 6.52597
58 1248 0 100 5.47 1.57258 7.04258
58 1293 0 100 1.51 5.68418 7.19418
56 1249 0 100 5.87 1.58521 7.45521
78 1239 0 100 6.66 1.16483 7.82483
69 1233 0 100 6.85 1.02198 7.87198
75 1236 0 100 6.74 1.13199 7.87199
55 1235 0 100 6.77 1.10869 7.87869
78 1283 0 100 4.34 3.54405 7.88405
46 1259 0 100 6.18 1.8712 8.0512
55 1284 0 100 4.38 3.72882 8.10882
92 1234 0 100 7.1 1.02223 8.12223
82 1316 0 100 2.33402e-08 8.22271 8.22271
62 1306 0 100 1.2 7.031 8.231
70 1247 0 100 6.78 1.53622 8.31622
82 1290 0 100 3.22 5.10125 8.32125
82 1273 0 100 5.72 2.63892 8.35892
72 1282 0 100 5.6 2.98442 8.58442
64 1238 0 100 7.51 1.13734 8.64734
101 1314 0 100 0.65 8.15264 8.80264
87 1308 0 100 1.75 7.25861 9.00861
34 1245 0 100 7.68 1.45057 9.13057
49 1319 0 100 0.35 8.78232 9.13232
34 1292 0 100 3.56 5.57429 9.13429
93 1276 0 100 6.75 2.70565 9.45565
29 1288 0 100 4.7 4.75741 9.45741
103 1299 0 100 2.98 6.48092 9.46092
93 1296 0 100 3.25 6.21362 9.46362
103 1278 0 100 6.72 2.79303 9.51303
83 1310 0 100 2.36 7.57161 9.93161
102 1291 0 100 4.67 5.26364 9.93364
96 1295 0 100 4.63 6.1512 10.7812
73 1305 0 100 4.19 6.97478 11.1648
41 1315 0 100 3.27 8.2107 11.4807
41 1335 0 100 0.81 10.6774 11.4874
97 1269 0 100 9.49 2.2662 11.7562
35 1317 0 100 3.32 8.44466 11.7647
61 1252 0 100 10.18 1.60305 11.7831
44 1320 0 100 2.43 9.46264 11.8926
35 1334 0 100 1.26 10.6379 11.8979
35 1279 0 100 9.1 2.83345 11.9335
74 1265 0 100 10.06 2.02345 12.0834
77 1271 0 100 9.6 2.49273 12.0927
52 1274 0 100 9.4 2.69581 12.0958
80 1340 0 100 0.74 11.5692 12.3092
80 1312 0 100 4.64 7.7991 12.4391
27 1346 0 100 1.16701e-08 12.4693 12.4693
42 1277 0 100 10.24 2.73562 12.9756
91 1270 0 100 10.54 2.44456 12.9846
98 1350 0 100 0.09 13.0096 13.0996
26 1326 0 100 3.44 9.99493 13.4349
46 1347 0 100 0.8 12.6362 13.4362
70 1332 0 100 2.83 10.6133 13.4433
64 1352 0 100 0.6 13.2294 13.8294
72 1302 0 100 7.14 6.72629 13.8663
30 1301 0 100 7.66 6.66848 14.3285
90 1322 0 100 4.54 9.79747 14.3375
34 1353 0 100 1.04 13.2977 14.3377
57 1286 0 100 10.65 4.12319 14.7732
81 1359 0 100 0.41 14.3702 14.7802
81 1343 0 100 2.79 11.997 14.787
93 1351 0 100 1.6 13.2083 14.8083
