27 1232
25 1232
69 1233
98 1233
84 1233
92 1234
62 1234
82 1234
55 1235
46 1235
75 1236
82 1236
62 1236
64 1238
72 1238
78 1239
82 1239
79 1239
38 1234
78 1234
30 1240
34 1240
75 1239
79 1234
57 1240
32 1240
90 1240
76 1233
59 1242
58 1242
92 1236
78 1236
68 1243
41 1244
49 1240
34 1245
57 1245
32 1245
98 1246
69 1246
76 1246
42 1243
69 1243
104 1240
50 1232
74 1232
97 1232
35 1232
52 1232
44 1232
25 1237
50 1237
90 1245
49 1245
58 1248
57 1250
61 1252
99 1253
33 1254
67 1255
102 1255
40 1255
28 1251
29 1257
103 1257
81 1257
95 1258
100 1258
83 1258
48 1258
71 1258
34 1250
73 1251
93 1257
47 1244
74 1237
44 1260
52 1260
96 1261
89 1261
60 1262
35 1262
63 1254
41 1254
76 1243
46 1259
54 1244
63 1244
47 1254
77 1260
85 1260
97 1262
77 1262
52 1262
32 1266
90 1266
102 1267
40 1267
73 1268
74 1265
97 1269
35 1269
60 1269
51 1255
71 1255
48 1255
95 1255
67 1267
51 1267
71 1267
48 1267
87 1263
31 1253
86 1256
96 1256
77 1271
52 1271
60 1271
100 1255
82 1273
78 1273
92 1273
35 1271
52 1274
60 1274
35 1274
71 1275
48 1275
93 1276
84 1246
98 1243
84 1243
35 1279
51 1280
103 1278
93 1278
48 1281
71 1281
51 1281
102 1281
72 1282
65 1235
92 1235
82 1235
62 1273
40 1280
102 1280
71 1280
65 1273
67 1281
55 1259
38 1239
84 1239
98 1239
70 1247
78 1235
38 1235
84 1235
65 1259
55 1247
46 1273
55 1273
79 1236
38 1236
84 1236
78 1283
38 1283
65 1247
62 1259
79 1259
78 1259
82 1259
101 1263
55 1284
65 1284
62 1284
79 1284
78 1284
38 1284
49 1266
43 1261
80 1242
59 1248
42 1277
27 1242
80 1248
30 1250
92 1259
82 1284
30 1285
57 1286
39 1257
41 1287
40 1281
32 1286
83 1255
100 1275
83 1275
95 1267
100 1267
83 1267
48 1280
100 1280
95 1280
83 1280
29 1276
49 1286
103 1276
95 1289
83 1289
48 1289
29 1288
103 1288
52 1279
53 1241
44 1269
85 1262
52 1269
81 1278
102 1291
51 1291
82 1290
78 1290
39 1276
97 1271
77 1274
86 1261
34 1292
79 1290
62 1290
93 1288
58 1293
57 1292
40 1291
60 1279
99 1251
100 1289
31 1272
28 1268
31 1268
73 1253
32 1292
43 1294
54 1254
48 1297
95 1297
35 1298
52 1298
96 1295
65 1290
61 1260
44 1262
61 1262
60 1298
44 1298
61 1298
36 1252
44 1252
52 1252
35 1252
85 1269
60 1252
61 1300
30 1301
34 1301
91 1270
36 1269
51 1303
83 1297
63 1304
40 1303
73 1305
62 1306
27 1248
47 1287
41 1304
32 1301
59 1293
52 1307
35 1307
44 1307
56 1249
71 1289
83 1310
95 1310
71 1310
79 1311
82 1311
90 1286
34 1286
49 1292
69 1239
26 1233
76 1236
26 1236
98 1235
76 1235
26 1235
84 1283
98 1283
76 1283
26 1283
67 1291
95 1291
102 1303
67 1303
40 1289
67 1289
102 1289
40 1313
38 1259
92 1284
75 1234
41 1315
82 1316
92 1316
65 1306
46 1247
55 1290
46 1290
80 1312
70 1273
35 1317
52 1317
64 1282
37 1238
78 1311
76 1311
98 1311
101 1314
27 1312
58 1312
72 1302
69 1311
26 1311
49 1319
87 1308
84 1311
38 1311
75 1311
64 1302
44 1317
104 1245
32 1319
104 1319
90 1292
104 1292
81 1276
39 1288
81 1288
103 1299
39 1299
81 1299
44 1320
35 1320
93 1296
81 1296
29 1278
92 1311
62 1311
32 1321
90 1321
104 1321
49 1321
90 1322
32 1322
65 1311
46 1311
70 1311
48 1310
83 1291
48 1291
27 1324
102 1325
40 1325
26 1326
84 1326
78 1326
79 1326
75 1326
82 1326
80 1324
71 1313
67 1325
57 1301
90 1301
34 1322
98 1327
76 1327
26 1327
38 1326
104 1301
73 1329
84 1331
76 1331
98 1331
70 1332
46 1332
40 1336
43 1295
102 1336
64 1333
62 1330
46 1330
65 1332
31 1305
82 1337
65 1338
76 1339
98 1339
75 1337
63 1315
41 1335
63 1335
89 1256
79 1337
70 1330
79 1342
82 1342
61 1269
36 1317
61 1317
85 1252
80 1340
45 1264
52 1320
85 1320
35 1334
52 1334
85 1334
77 1279
46 1338
81 1343
93 1343
103 1343
52 1344
85 1344
61 1344
38 1337
50 1265
32 1345
104 1345
74 1271
50 1271
97 1274
74 1274
50 1274
60 1307
85 1307
57 1322
34 1345
57 1345
27 1340
78 1337
59 1312
27 1346
30 1286
39 1286
81 1286
93 1286
75 1342
38 1342
65 1330
79 1330
75 1330
38 1330
102 1348
58 1324
36 1344
61 1307
46 1347
68 1277
42 1270
65 1347
79 1347
98 1350
34 1353
76 1337
93 1351
81 1351
92 1326
75 1347
92 1347
62 1332
92 1332
65 1354
99 1329
57 1353
82 1330
46 1354
44 1344
60 1344
35 1344
88 1237
25 1242
88 1242
50 1242
69 1327
42 1327
64 1352
37 1302
35 1356
52 1356
44 1356
60 1356
85 1356
26 1331
98 1337
96 1318
49 1301
104 1322
49 1322
32 1353
104 1353
49 1353
38 1358
82 1358
75 1358
81 1359
82 1360
63 1357
73 1355
50 1361
103 1286
93 1359
103 1359
29 1343
75 1360
39 1351
103 1351
25 1361
