31 50 0.0048 49.9952
31 49.9952 0.0048 49.9904
31 50 0.0048 49.9952
29 50 0.0048 49.9952
31 50 0.0048 49.9952
29 50 0.0048 49.9952
29 50 0.0048 49.9952
29 50 0.0048 49.9952
29 50 0.048 49.952
29 50 0.048 49.952
27 50 0.0048 49.9952
29 49.952 0.048 49.904
29 49.904 0.048 49.856
29 49.856 0.048 49.808
29 49.808 0.048 49.76
29 49.76 0.048 49.712
29 49.712 0.048 49.664
29 49.664 0.048 49.616
29 49.616 0.048 49.568
29 49.568 0.048 49.52
29 49.9531 0.048 49.9051
27 50 0.0048 49.9952
29 49.9051 0.048 49.8571
29 49.8571 0.048 49.8091
29 49.8091 0.048 49.7611
29 49.7611 0.048 49.7131
29 49.7131 0.048 49.6651
29 49.6651 0.048 49.6171
27 50 0.048 49.952
29 49.6171 0.048 49.5691
26 50 0.048 49.952
27 49.952 0.048 49.904
29 49.5691 0.048 49.5211
26 49.952 0.048 49.904
27 49.904 0.048 49.856
29 49.5211 0.048 49.4731
26 49.904 0.048 49.856
27 49.856 0.048 49.808
29 49.595 0.048 49.547
27 49.808 0.0048 49.8032
28 50 0.0048 49.9952
26 49.856 0.048 49.808
27 49.8032 0.048 49.7552
25 50 0.048 49.952
29 49.547 0.048 49.499
26 49.808 0.048 49.76
27 49.7552 0.048 49.7072
25 49.952 0.048 49.904
29 49.499 0.048 49.451
26 49.76 0.048 49.712
27 49.7072 0.048 49.6592
25 49.904 0.048 49.856
29 49.451 0.048 49.403
26 49.712 0.048 49.664
27 49.6592 0.048 49.6112
25 49.856 0.048 49.808
29 49.403 0.048 49.355
26 49.664 0.048 49.616
27 49.6112 0.048 49.5632
25 49.808 0.048 49.76
29 49.355 0.048 49.307
26 49.616 0.048 49.568
27 49.5632 0.048 49.5152
25 49.76 0.048 49.712
29 49.307 0.048 49.259
26 49.6979 0.048 49.6499
27 49.6954 0.048 49.6474
25 49.712 0.048 49.664
29 49.259 0.048 49.211
26 49.6499 0.048 49.6019
27 49.6474 0.048 49.5994
25 49.664 0.048 49.616
29 49.211 0.048 49.163
26 49.6019 0.048 49.5539
27 49.5994 0.048 49.5514
25 49.616 0.048 49.568
29 49.163 0.048 49.115
26 49.5539 0.048 49.5059
27 49.5514 0.048 49.5034
25 49.568 0.048 49.52
29 49.2977 0.048 49.2497
28 50 0.0048 49.9952
26 49.5059 0.048 49.4579
27 49.5034 0.048 49.4554
25 50 0.048 49.952
29 49.2497 0.048 49.2017
26 49.4579 0.048 49.4099
27 49.4554 0.048 49.4074
25 49.952 0.048 49.904
29 49.2017 0.048 49.1537
26 49.4099 0.048 49.3619
27 49.4074 0.048 49.3594
25 49.904 0.048 49.856
29 49.1537 0.048 49.1057
26 49.3619 0.048 49.3139
27 49.3594 0.048 49.3114
25 49.856 0.048 49.808
29 49.1057 0.048 49.0577
26 49.3139 0.048 49.2659
27 49.3114 0.048 49.2634
25 49.808 0.048 49.76
29 49.0577 0.048 49.0097
26 49.2659 0.048 49.2179
27 49.2634 0.048 49.2154
25 49.76 0.048 49.712
29 49.0097 0.048 48.9617
26 49.6995 0.048 49.6515
27 49.4597 0.048 49.4117
25 49.712 0.048 49.664
29 48.9617 0.048 48.9137
26 49.6515 0.048 49.6035
27 49.4117 0.048 49.3637
25 49.664 0.048 49.616
29 48.9137 0.048 48.8657
26 49.6035 0.048 49.5555
27 49.3637 0.048 49.3157
25 49.616 0.048 49.568
29 48.8657 0.048 48.8177
26 49.5555 0.048 49.5075
27 49.3157 0.048 49.2677
25 49.568 0.048 49.52
29 49.2011 0.048 49.1531
28 50 0.0048 49.9952
26 49.5075 0.048 49.4595
27 49.2677 0.048 49.2197
25 49.7866 0.048 49.7386
29 49.1531 0.048 49.1051
26 49.4595 0.048 49.4115
27 49.2197 0.048 49.1717
25 49.7386 0.048 49.6906
29 49.1051 0.048 49.0571
26 49.4115 0.048 49.3635
27 49.1717 0.048 49.1237
25 49.6906 0.048 49.6426
29 49.0571 0.048 49.0091
26 49.3635 0.048 49.3155
27 49.1237 0.048 49.0757
25 49.6426 0.048 49.5946
29 49.0091 0.048 48.9611
26 49.3155 0.048 49.2675
27 49.0757 0.048 49.0277
25 49.5946 0.048 49.5466
29 48.9611 0.048 48.9131
26 49.2675 0.048 49.2195
27 49.0277 0.048 48.9797
25 49.5466 0.048 49.4986
29 48.9131 0.048 48.8651
26 49.5873 0.048 49.5393
27 49.0954 0.048 49.0474
30 50 0.048 49.952
30 49.952 0.0048 49.9472
30 49.9472 0.16 49.7872
30 49.7872 0.0016 49.7856
25 49.4986 0.048 49.4506
29 48.8651 0.048 48.8171
26 49.5393 0.048 49.4913
27 49.0474 0.048 48.9994
25 49.4506 0.048 49.4026
29 48.8171 0.048 48.7691
26 49.4913 0.048 49.4433
27 48.9994 0.048 48.9514
25 49.4026 0.048 49.3546
29 48.7691 0.048 48.7211
26 49.4433 0.048 49.3953
27 48.9514 0.048 48.9034
25 49.3546 0.048 49.3066
29 48.9816 0.048 48.9336
26 49.3953 0.048 49.3473
27 48.9034 0.048 48.8554
33 50 0.048 49.952
32 50 0.0048 49.9952
33 49.952 0.0048 49.9472
33 49.9472 0.16 49.7872
33 49.7872 0.0016 49.7856
25 49.6083 0.048 49.5603
29 48.9336 0.048 48.8856
26 49.3473 0.048 49.2993
27 48.8554 0.048 48.8074
25 49.5603 0.048 49.5123
29 48.8856 0.048 48.8376
26 49.2993 0.048 49.2513
27 48.8074 0.048 48.7594
25 49.5123 0.048 49.4643
29 48.8376 0.048 48.7896
26 49.2513 0.048 49.2033
27 48.7594 0.048 48.7114
25 49.4643 0.048 49.4163
29 48.7896 0.048 48.7416
26 49.2033 0.048 49.1553
27 48.7114 0.048 48.6634
25 49.4163 0.048 49.3683
29 48.7416 0.048 48.6936
26 49.1553 0.048 49.1073
27 48.6634 0.048 48.6154
25 49.3683 0.048 49.3203
29 48.6936 0.048 48.6456
26 49.5618 0.048 49.5138
27 48.8047 0.048 48.7567
25 49.3203 0.048 49.2723
29 48.6456 0.048 48.5976
26 49.5138 0.048 49.4658
27 48.7567 0.048 48.7087
25 49.2723 0.048 49.2243
29 48.5976 0.048 48.5496
26 49.4658 0.048 49.4178
27 48.7087 0.048 48.6607
25 49.2243 0.048 49.1763
29 48.5496 0.048 48.5016
26 49.4178 0.048 49.3698
27 48.6607 0.048 48.6127
25 49.1763 0.048 49.1283
29 48.8392 0.048 48.7912
34 50 0.0048 49.9952
26 49.3698 0.048 49.3218
27 48.6127 0.048 48.5647
25 49.3171 0.048 49.2691
29 48.7912 0.048 48.7432
26 49.3218 0.048 49.2738
27 48.5647 0.048 48.5167
25 49.2691 0.048 49.2211
29 48.7432 0.048 48.6952
26 49.2738 0.048 49.2258
27 48.5167 0.048 48.4687
25 49.2211 0.048 49.1731
29 48.6952 0.048 48.6472
26 49.2258 0.048 49.1778
27 48.4687 0.048 48.4207
25 49.1731 0.048 49.1251
29 48.6472 0.048 48.5992
26 49.1778 0.048 49.1298
27 48.4207 0.048 48.3727
25 49.1251 0.048 49.0771
29 48.5992 0.048 48.5512
26 49.1298 0.048 49.0818
27 48.3727 0.048 48.3247
25 49.0771 0.048 49.0291
29 48.5512 0.048 48.5032
26 49.2683 0.048 49.2203
27 48.6273 0.048 48.5793
25 49.0291 0.048 48.9811
29 48.5032 0.048 48.4552
26 49.2203 0.048 49.1723
27 48.5793 0.048 48.5313
25 48.9811 0.048 48.9331
29 48.4552 0.048 48.4072
26 49.1723 0.048 49.1243
27 48.5313 0.048 48.4833
25 48.9331 0.048 48.8851
29 48.4072 0.048 48.3592
26 49.1243 0.048 49.0763
27 48.4833 0.048 48.4353
25 48.8851 0.048 48.8371
29 48.6981 0.048 48.6501
34 50 0.0048 49.9952
26 49.0763 0.048 49.0283
27 48.4353 0.048 48.3873
25 49.1346 0.048 49.0866
29 48.6501 0.048 48.6021
26 49.0283 0.048 48.9803
27 48.3873 0.048 48.3393
25 49.0866 0.048 49.0386
29 48.6021 0.048 48.5541
26 48.9803 0.048 48.9323
27 48.3393 0.048 48.2913
25 49.0386 0.048 48.9906
29 48.5541 0.048 48.5061
26 48.9323 0.048 48.8843
27 48.2913 0.048 48.2433
25 48.9906 0.048 48.9426
29 48.5061 0.048 48.4581
26 48.8843 0.048 48.8363
27 48.2433 0.048 48.1953
25 48.9426 0.048 48.8946
29 48.4581 0.048 48.4101
32 50 0.048 49.952
26 48.8363 0.048 48.7883
27 48.1953 0.048 48.1473
25 48.8946 0.048 48.8466
29 48.4101 0.048 48.3621
32 49.952 0.048 49.904
26 48.92 0.048 48.872
27 48.6004 0.048 48.5524
25 48.8466 0.048 48.7986
29 48.3621 0.048 48.3141
32 49.904 0.048 49.856
26 48.872 0.048 48.824
27 48.5524 0.048 48.5044
25 48.7986 0.048 48.7506
29 48.3141 0.048 48.2661
32 49.856 0.048 49.808
26 48.824 0.048 48.776
27 48.5044 0.048 48.4564
25 48.7506 0.048 48.7026
29 48.2661 0.048 48.2181
32 49.808 0.048 49.76
26 48.776 0.048 48.728
27 48.4564 0.048 48.4084
25 48.7026 0.048 48.6546
29 48.3513 0.048 48.3033
32 49.76 0.048 49.712
26 48.728 0.048 48.68
27 48.4084 0.048 48.3604
25 49.0409 0.048 48.9929
29 48.3033 0.048 48.2553
32 49.712 0.048 49.664
26 48.68 0.048 48.632
27 48.3604 0.048 48.3124
25 48.9929 0.048 48.9449
29 48.2553 0.048 48.2073
32 49.664 0.048 49.616
26 48.632 0.048 48.584
27 48.3124 0.048 48.2644
25 48.9449 0.048 48.8969
29 48.2073 0.048 48.1593
32 49.8789 0.048 49.8309
26 48.584 0.048 48.536
27 48.2644 0.048 48.2164
25 48.8969 0.048 48.8489
29 48.1593 0.048 48.1113
32 49.8309 0.048 49.7829
26 48.536 0.048 48.488
27 48.2164 0.048 48.1684
25 48.8489 0.048 48.8009
29 48.1113 0.048 48.0633
32 49.7829 0.048 49.7349
26 48.488 0.048 48.44
27 48.1684 0.048 48.1204
25 48.8009 0.048 48.7529
29 48.0633 0.048 48.0153
32 49.7349 0.048 49.6869
33 50 0.0048 49.9952
26 48.7779 0.048 48.7299
27 48.5889 0.048 48.5409
25 48.7529 0.048 48.7049
29 48.0153 0.048 47.9673
32 49.6869 0.048 49.6389
33 49.9952 0.0048 49.9904
26 48.7299 0.048 48.6819
27 48.5409 0.048 48.4929
25 48.7049 0.048 48.6569
29 47.9673 0.048 47.9193
32 49.6389 0.048 49.5909
33 50 0.0048 49.9952
26 48.6819 0.048 48.6339
27 48.4929 0.048 48.4449
25 48.6569 0.048 48.6089
29 47.9193 0.048 47.8713
32 49.5909 0.048 49.5429
33 49.9952 0.0048 49.9904
26 48.6339 0.048 48.5859
27 48.4449 0.048 48.3969
25 48.6089 0.048 48.5609
29 48.2141 0.048 48.1661
32 49.5429 0.048 49.4949
33 49.9904 0.0048 49.9856
26 48.5859 0.048 48.5379
27 48.3969 0.048 48.3489
25 48.8751 0.048 48.8271
29 48.1661 0.048 48.1181
32 49.4949 0.048 49.4469
33 49.9856 0.0048 49.9808
26 48.5379 0.048 48.4899
27 48.3489 0.048 48.3009
25 48.8271 0.048 48.7791
29 48.1181 0.048 48.0701
32 49.4469 0.048 49.3989
33 49.9808 0.0048 49.976
26 48.4899 0.048 48.4419
27 48.3009 0.048 48.2529
25 48.7791 0.048 48.7311
29 48.0701 0.048 48.0221
32 49.5099 0.048 49.4619
33 49.976 0.0048 49.9712
26 48.4419 0.048 48.3939
27 48.2529 0.048 48.2049
25 48.7311 0.048 48.6831
29 48.0221 0.048 47.9741
32 49.4619 0.048 49.4139
33 49.9712 0.0048 49.9664
26 48.3939 0.048 48.3459
27 48.2049 0.048 48.1569
25 48.6831 0.048 48.6351
29 47.9741 0.048 47.9261
32 49.4139 0.048 49.3659
33 49.9664 0.0048 49.9616
26 48.3459 0.048 48.2979
27 48.1569 0.048 48.1089
25 48.6351 0.048 48.5871
29 47.9261 0.048 47.8781
32 49.3659 0.048 49.3179
33 49.9616 0.0048 49.9568
26 48.6358 0.048 48.5878
27 48.3917 0.048 48.3437
25 48.5871 0.048 48.5391
29 47.8781 0.048 47.8301
32 49.3179 0.048 49.2699
33 49.9568 0.0048 49.952
26 48.5878 0.048 48.5398
27 48.3437 0.048 48.2957
25 48.5391 0.048 48.4911
29 47.8301 0.048 47.7821
32 49.2699 0.048 49.2219
33 50 0.0048 49.9952
26 48.5398 0.048 48.4918
27 48.2957 0.048 48.2477
25 48.4911 0.048 48.4431
29 47.7821 0.048 47.7341
32 49.2219 0.048 49.1739
33 49.9952 0.0048 49.9904
26 48.4918 0.048 48.4438
27 48.2477 0.048 48.1997
25 48.4431 0.048 48.3951
29 48.1272 0.048 48.0792
32 49.1739 0.048 49.1259
33 49.9904 0.0048 49.9856
26 48.4438 0.048 48.3958
27 48.1997 0.048 48.1517
25 48.721 0.048 48.673
29 48.0792 0.048 48.0312
32 49.1259 0.048 49.0779
33 49.9856 0.0048 49.9808
26 48.3958 0.048 48.3478
27 48.1517 0.048 48.1037
25 48.673 0.048 48.625
29 48.0312 0.048 47.9832
32 49.0779 0.048 49.0299
33 49.9808 0.0048 49.976
26 48.3478 0.048 48.2998
27 48.1037 0.048 48.0557
25 48.625 0.048 48.577
29 47.9832 0.048 47.9352
32 49.3009 0.048 49.2529
33 49.976 0.0048 49.9712
26 48.2998 0.048 48.2518
27 48.0557 0.048 48.0077
25 48.577 0.048 48.529
29 47.9352 0.048 47.8872
32 49.2529 0.048 49.2049
33 49.9712 0.0048 49.9664
26 48.2518 0.048 48.2038
27 48.0077 0.048 47.9597
25 48.529 0.048 48.481
29 47.8872 0.048 47.8392
32 49.2049 0.048 49.1569
33 49.9664 0.0048 49.9616
26 48.2038 0.048 48.1558
27 47.9597 0.048 47.9117
25 48.481 0.048 48.433
29 47.8392 0.048 47.7912
32 49.1569 0.048 49.1089
33 49.9616 0.0048 49.9568
26 48.4246 0.048 48.3766
27 48.0153 0.048 47.9673
25 48.433 0.048 48.385
29 47.7912 0.048 47.7432
32 49.1089 0.048 49.0609
26 48.3766 0.048 48.3286
27 47.9673 0.048 47.9193
25 48.385 0.048 48.337
29 47.7432 0.048 47.6952
32 49.0609 0.048 49.0129
26 48.3286 0.048 48.2806
27 47.9193 0.048 47.8713
25 48.337 0.048 48.289
29 47.6952 0.048 47.6472
32 49.0129 0.048 48.9649
26 48.2806 0.048 48.2326
27 47.8713 0.048 47.8233
25 48.289 0.048 48.241
29 48.0162 0.048 47.9682
32 48.9649 0.048 48.9169
26 48.2326 0.048 48.1846
27 47.8233 0.048 47.7753
25 48.6269 0.048 48.5789
29 47.9682 0.048 47.9202
32 48.9169 0.048 48.8689
33 50 0.0048 49.9952
26 48.1846 0.048 48.1366
27 47.7753 0.048 47.7273
25 48.5789 0.048 48.5309
29 47.9202 0.048 47.8722
32 48.8689 0.048 48.8209
33 49.9952 0.0048 49.9904
26 48.1366 0.048 48.0886
27 47.7273 0.048 47.6793
25 48.5309 0.048 48.4829
29 47.8722 0.048 47.8242
32 48.98 0.048 48.932
33 49.9904 0.0048 49.9856
26 48.0886 0.048 48.0406
27 47.6793 0.048 47.6313
25 48.4829 0.048 48.4349
29 47.8242 0.048 47.7762
32 48.932 0.048 48.884
33 49.9856 0.0048 49.9808
26 48.0406 0.048 47.9926
27 47.6313 0.048 47.5833
25 48.4349 0.048 48.3869
29 47.7762 0.048 47.7282
32 48.884 0.048 48.836
33 49.9808 0.0048 49.976
26 47.9926 0.048 47.9446
27 47.5833 0.048 47.5353
25 48.3869 0.048 48.3389
29 47.7282 0.048 47.6802
32 48.836 0.048 48.788
33 49.976 0.0048 49.9712
26 48.1364 0.048 48.0884
27 48.0089 0.048 47.9609
25 48.3389 0.048 48.2909
29 47.6802 0.048 47.6322
32 48.788 0.048 48.74
33 49.9712 0.0048 49.9664
26 48.0884 0.048 48.0404
27 47.9609 0.048 47.9129
25 48.2909 0.048 48.2429
29 47.6322 0.048 47.5842
32 48.74 0.048 48.692
33 50 0.0048 49.9952
26 48.0404 0.048 47.9924
27 47.9129 0.048 47.8649
25 48.2429 0.048 48.1949
29 47.5842 0.048 47.5362
32 48.692 0.048 48.644
33 49.9952 0.0048 49.9904
26 47.9924 0.048 47.9444
27 47.8649 0.048 47.8169
25 48.1949 0.048 48.1469
29 47.6962 0.048 47.6482
32 48.644 0.048 48.596
33 49.9904 0.0048 49.9856
26 47.9444 0.048 47.8964
27 47.8169 0.048 47.7689
25 48.4925 0.048 48.4445
29 47.6482 0.048 47.6002
32 48.596 0.048 48.548
33 49.9856 0.0048 49.9808
26 47.8964 0.048 47.8484
27 47.7689 0.048 47.7209
25 48.4445 0.048 48.3965
29 47.6002 0.048 47.5522
32 48.548 0.048 48.5
33 49.9808 0.0048 49.976
26 47.8484 0.048 47.8004
27 47.7209 0.048 47.6729
25 48.3965 0.048 48.3485
29 47.5522 0.048 47.5042
32 48.706 0.048 48.658
33 49.976 0.0048 49.9712
26 47.8004 0.048 47.7524
27 47.6729 0.048 47.6249
25 48.3485 0.048 48.3005
29 47.5042 0.048 47.4562
32 48.658 0.048 48.61
33 49.9712 0.0048 49.9664
26 47.7524 0.048 47.7044
27 47.6249 0.048 47.5769
25 48.3005 0.048 48.2525
29 47.4562 0.048 47.4082
32 48.61 0.048 48.562
33 49.9664 0.0048 49.9616
26 47.7044 0.048 47.6564
27 47.5769 0.048 47.5289
25 48.2525 0.048 48.2045
29 47.4082 0.048 47.3602
32 48.562 0.048 48.514
33 49.9616 0.0048 49.9568
26 47.8441 0.048 47.7961
27 47.7057 0.048 47.6577
25 48.2045 0.048 48.1565
29 47.3602 0.048 47.3122
32 48.514 0.048 48.466
33 49.9568 0.0048 49.952
26 47.7961 0.048 47.7481
27 47.6577 0.048 47.6097
25 48.1565 0.048 48.1085
29 47.3122 0.048 47.2642
32 48.466 0.048 48.418
33 50 0.0048 49.9952
26 47.7481 0.048 47.7001
27 47.6097 0.048 47.5617
25 48.1085 0.048 48.0605
29 47.2642 0.048 47.2162
32 48.418 0.048 48.37
33 49.9952 0.0048 49.9904
26 47.7001 0.048 47.6521
27 47.5617 0.048 47.5137
25 48.0605 0.048 48.0125
29 47.5529 0.048 47.5049
25 48.0125 0.0048 48.0077
32 48.37 0.048 48.322
33 49.9904 0.0048 49.9856
26 47.6521 0.048 47.6041
27 47.5137 0.048 47.4657
25 48.389 0.048 48.341
29 47.5049 0.048 47.4569
32 48.322 0.048 48.274
33 49.9856 0.0048 49.9808
26 47.6041 0.048 47.5561
27 47.4657 0.048 47.4177
25 48.341 0.048 48.293
29 47.4569 0.048 47.4089
32 48.274 0.048 48.226
33 49.9808 0.0048 49.976
26 47.5561 0.048 47.5081
27 47.4177 0.048 47.3697
25 48.293 0.048 48.245
29 47.4089 0.048 47.3609
32 48.4641 0.048 48.4161
33 49.976 0.0048 49.9712
26 47.5081 0.048 47.4601
27 47.3697 0.048 47.3217
25 48.245 0.048 48.197
29 47.3609 0.048 47.3129
32 48.4161 0.048 48.3681
33 49.9712 0.0048 49.9664
26 47.4601 0.048 47.4121
27 47.3217 0.048 47.2737
25 48.197 0.048 48.149
29 47.3129 0.048 47.2649
32 48.3681 0.048 48.3201
33 49.9664 0.0048 49.9616
26 47.4121 0.048 47.3641
27 47.2737 0.048 47.2257
25 48.149 0.048 48.101
29 47.2649 0.048 47.2169
32 48.3201 0.048 48.2721
33 49.9616 0.0048 49.9568
26 47.6706 0.048 47.6226
27 47.4404 0.048 47.3924
25 48.101 0.048 48.053
29 47.2169 0.048 47.1689
32 48.2721 0.048 48.2241
33 49.9568 0.0048 49.952
31 50 0.048 49.952
26 47.6226 0.048 47.5746
27 47.3924 0.048 47.3444
25 48.053 0.048 48.005
29 47.1689 0.048 47.1209
32 48.2241 0.048 48.1761
33 50 0.0048 49.9952
31 49.952 0.048 49.904
26 47.5746 0.048 47.5266
27 47.3444 0.048 47.2964
25 48.005 0.048 47.957
29 47.1209 0.048 47.0729
32 48.1761 0.048 48.1281
33 49.9952 0.0048 49.9904
31 49.904 0.048 49.856
26 47.5266 0.048 47.4786
27 47.2964 0.048 47.2484
25 47.957 0.048 47.909
29 47.2356 0.048 47.1876
25 47.909 0.0048 47.9042
32 48.1281 0.048 48.0801
33 49.9904 0.0048 49.9856
31 49.856 0.048 49.808
26 47.4786 0.048 47.4306
27 47.2484 0.048 47.2004
25 48.4018 0.048 48.3538
29 47.1876 0.048 47.1396
32 48.0801 0.048 48.0321
33 49.9856 0.0048 49.9808
31 49.808 0.048 49.76
26 47.4306 0.048 47.3826
27 47.2004 0.048 47.1524
25 48.3538 0.048 48.3058
29 47.1396 0.048 47.0916
32 48.0321 0.048 47.9841
33 49.9808 0.0048 49.976
31 49.76 0.048 49.712
26 47.3826 0.048 47.3346
27 47.1524 0.048 47.1044
25 48.3058 0.048 48.2578
29 47.0916 0.048 47.0436
32 48.4395 0.048 48.3915
33 49.976 0.0048 49.9712
31 49.712 0.048 49.664
26 47.3346 0.048 47.2866
27 47.1044 0.048 47.0564
25 48.2578 0.048 48.2098
29 47.0436 0.048 46.9956
32 48.3915 0.048 48.3435
33 49.9712 0.0048 49.9664
31 49.664 0.048 49.616
26 47.2866 0.048 47.2386
27 47.0564 0.048 47.0084
25 48.2098 0.048 48.1618
29 46.9956 0.048 46.9476
32 48.3435 0.048 48.2955
33 49.9664 0.0048 49.9616
31 49.8302 0.048 49.7822
26 47.2386 0.048 47.1906
27 47.0084 0.048 46.9604
25 48.1618 0.048 48.1138
29 46.9476 0.048 46.8996
32 48.2955 0.048 48.2475
33 49.9616 0.0048 49.9568
31 49.7822 0.048 49.7342
26 47.4282 0.048 47.3802
27 47.375 0.048 47.327
25 48.1138 0.048 48.0658
29 46.8996 0.048 46.8516
32 48.2475 0.048 48.1995
33 49.9568 0.0048 49.952
31 49.7342 0.048 49.6862
26 47.3802 0.048 47.3322
27 47.327 0.048 47.279
25 48.0658 0.048 48.0178
29 46.8516 0.048 46.8036
32 48.1995 0.048 48.1515
33 50 0.0048 49.9952
31 49.6862 0.048 49.6382
26 47.3322 0.048 47.2842
27 47.279 0.048 47.231
25 48.0178 0.048 47.9698
29 46.8036 0.048 46.7556
32 48.1515 0.048 48.1035
33 49.9952 0.0048 49.9904
31 49.6382 0.048 49.5902
26 47.2842 0.048 47.2362
27 47.231 0.048 47.183
25 47.9698 0.048 47.9218
29 46.8759 0.048 46.8279
25 47.9218 0.0048 47.917
32 48.1035 0.0048 48.0987
33 49.9904 0.0048 49.9856
32 48.0987 0.048 48.0507
33 49.9856 0.0048 49.9808
31 49.5902 0.048 49.5422
26 47.2362 0.048 47.1882
27 47.183 0.048 47.135
25 48.2495 0.048 48.2015
29 46.8279 0.048 46.7799
32 48.0507 0.048 48.0027
33 49.9808 0.0048 49.976
31 49.5422 0.048 49.4942
26 47.1882 0.048 47.1402
27 47.135 0.048 47.087
25 48.2015 0.048 48.1535
29 46.7799 0.048 46.7319
32 48.0027 0.048 47.9547
33 49.976 0.0048 49.9712
31 49.4942 0.048 49.4462
26 47.1402 0.048 47.0922
27 47.087 0.048 47.039
25 48.1535 0.048 48.1055
29 46.7319 0.048 46.6839
32 48.3744 0.048 48.3264
33 49.9712 0.0048 49.9664
31 49.4462 0.048 49.3982
26 47.0922 0.048 47.0442
27 47.039 0.048 46.991
25 48.1055 0.048 48.0575
29 46.6839 0.048 46.6359
32 48.3264 0.048 48.2784
33 49.9664 0.0048 49.9616
31 49.3982 0.048 49.3502
26 47.0442 0.048 46.9962
27 46.991 0.048 46.943
25 48.0575 0.048 48.0095
29 46.6359 0.048 46.5879
32 48.2784 0.048 48.2304
33 49.9616 0.0048 49.9568
31 49.7018 0.048 49.6538
26 46.9962 0.048 46.9482
27 46.943 0.048 46.895
25 48.0095 0.048 47.9615
29 46.5879 0.048 46.5399
32 48.2304 0.048 48.1824
31 49.6538 0.048 49.6058
26 47.285 0.048 47.237
27 47.1495 0.048 47.1015
25 47.9615 0.048 47.9135
29 46.5399 0.048 46.4919
32 48.1824 0.048 48.1344
31 49.6058 0.048 49.5578
26 47.237 0.048 47.189
27 47.1015 0.048 47.0535
25 47.9135 0.048 47.8655
29 46.4919 0.048 46.4439
32 48.1344 0.048 48.0864
31 49.5578 0.048 49.5098
26 47.189 0.048 47.141
27 47.0535 0.048 47.0055
25 47.8655 0.048 47.8175
29 46.4439 0.048 46.3959
32 48.0864 0.048 48.0384
31 49.5098 0.048 49.4618
26 47.141 0.048 47.093
27 47.0055 0.048 46.9575
25 47.8175 0.048 47.7695
29 46.7873 0.048 46.7393
32 48.0384 0.0048 48.0336
33 50 0.0048 49.9952
32 48.0336 0.048 47.9856
31 49.4618 0.048 49.4138
26 47.093 0.048 47.045
27 46.9575 0.048 46.9095
25 47.9629 0.048 47.9149
29 46.7393 0.048 46.6913
32 47.9856 0.048 47.9376
31 49.4138 0.048 49.3658
26 47.045 0.048 46.997
27 46.9095 0.048 46.8615
25 47.9149 0.048 47.8669
29 46.6913 0.048 46.6433
32 47.9376 0.048 47.8896
31 49.3658 0.048 49.3178
26 46.997 0.048 46.949
27 46.8615 0.048 46.8135
25 47.8669 0.048 47.8189
29 46.6433 0.048 46.5953
32 48.1853 0.048 48.1373
31 49.3178 0.048 49.2698
26 46.949 0.048 46.901
27 46.8135 0.048 46.7655
25 47.8189 0.048 47.7709
29 46.5953 0.048 46.5473
32 48.1373 0.048 48.0893
31 49.2698 0.048 49.2218
31 49.2218 0.0048 49.217
31 49.217 0.16 49.057
31 49.057 0.0016 49.0554
26 46.901 0.048 46.853
27 46.7655 0.048 46.7175
25 47.7709 0.048 47.7229
29 46.5473 0.048 46.4993
28 50 0.048 49.952
32 48.0893 0.048 48.0413
26 46.853 0.048 46.805
27 46.7175 0.048 46.6695
25 47.7229 0.048 47.6749
29 46.4993 0.048 46.4513
28 49.952 0.048 49.904
32 48.0413 0.048 47.9933
26 46.9977 0.048 46.9497
27 46.8703 0.048 46.8223
25 47.6749 0.048 47.6269
29 46.4513 0.048 46.4033
29 46.4033 0.0048 46.3985
29 46.3985 0.16 46.2385
29 46.2385 0.0016 46.2369
28 49.904 0.048 49.856
32 47.9933 0.048 47.9453
26 46.9497 0.048 46.9017
27 46.8223 0.048 46.7743
25 47.6269 0.048 47.5789
28 49.856 0.048 49.808
32 47.9453 0.048 47.8973
26 46.9017 0.048 46.8537
27 46.7743 0.048 46.7263
25 47.5789 0.048 47.5309
28 49.808 0.048 49.76
32 47.8973 0.048 47.8493
26 46.8537 0.048 46.8057
27 46.7263 0.048 46.6783
25 47.5309 0.048 47.4829
32 47.8493 0.0048 47.8445
33 50 0.0048 49.9952
28 49.76 0.048 49.712
32 47.8445 0.048 47.7965
26 46.8057 0.048 46.7577
27 46.6783 0.048 46.6303
25 47.8141 0.048 47.7661
28 49.712 0.048 49.664
32 47.7965 0.048 47.7485
26 46.7577 0.048 46.7097
27 46.6303 0.048 46.5823
25 47.7661 0.048 47.7181
28 49.664 0.048 49.616
32 47.7485 0.048 47.7005
26 46.7097 0.048 46.6617
27 46.5823 0.048 46.5343
25 47.7181 0.048 47.6701
28 49.616 0.048 49.568
32 48.1006 0.048 48.0526
26 46.6617 0.048 46.6137
27 46.5343 0.048 46.4863
25 47.6701 0.048 47.6221
28 49.7714 0.048 49.7234
32 48.0526 0.048 48.0046
26 46.6137 0.048 46.5657
27 46.4863 0.048 46.4383
25 47.6221 0.048 47.5741
28 49.7234 0.048 49.6754
32 48.0046 0.048 47.9566
26 46.5657 0.048 46.5177
27 46.4383 0.048 46.3903
25 47.5741 0.048 47.5261
28 49.6754 0.048 49.6274
32 47.9566 0.048 47.9086
26 46.7309 0.048 46.6829
27 46.6508 0.048 46.6028
25 47.5261 0.048 47.4781
28 49.6274 0.048 49.5794
32 47.9086 0.048 47.8606
26 46.6829 0.048 46.6349
27 46.6028 0.048 46.5548
25 47.4781 0.048 47.4301
28 49.5794 0.048 49.5314
32 47.8606 0.048 47.8126
34 50 0.048 49.952
26 46.6349 0.048 46.5869
27 46.5548 0.048 46.5068
25 47.4301 0.048 47.3821
28 49.5314 0.048 49.4834
32 47.8126 0.048 47.7646
34 49.952 0.048 49.904
26 46.5869 0.048 46.5389
27 46.5068 0.048 46.4588
25 47.3821 0.048 47.3341
33 50 0.0048 49.9952
28 49.4834 0.048 49.4354
32 47.7646 0.048 47.7166
34 49.904 0.048 49.856
26 46.5389 0.048 46.4909
27 46.4588 0.048 46.4108
25 47.759 0.048 47.711
28 49.4354 0.048 49.3874
32 47.7166 0.048 47.6686
34 49.856 0.048 49.808
26 46.4909 0.048 46.4429
27 46.4108 0.048 46.3628
25 47.711 0.048 47.663
28 49.3874 0.048 49.3394
32 47.6686 0.048 47.6206
34 49.808 0.048 49.76
26 46.4429 0.048 46.3949
27 46.3628 0.048 46.3148
25 47.663 0.048 47.615
28 49.3394 0.048 49.2914
32 47.9237 0.048 47.8757
34 49.76 0.048 49.712
26 46.3949 0.048 46.3469
27 46.3148 0.048 46.2668
25 47.615 0.048 47.567
28 49.5805 0.048 49.5325
32 47.8757 0.048 47.8277
34 49.712 0.048 49.664
26 46.3469 0.048 46.2989
27 46.2668 0.048 46.2188
25 47.567 0.048 47.519
28 49.5325 0.048 49.4845
32 47.8277 0.048 47.7797
34 49.9125 0.048 49.8645
26 46.2989 0.048 46.2509
27 46.2188 0.048 46.1708
25 47.519 0.048 47.471
28 49.4845 0.048 49.4365
32 47.7797 0.048 47.7317
34 49.8645 0.048 49.8165
26 46.3621 0.048 46.3141
27 46.3823 0.048 46.3343
25 47.471 0.048 47.423
28 49.4365 0.048 49.3885
32 47.7317 0.048 47.6837
34 49.8165 0.048 49.7685
26 46.3141 0.048 46.2661
27 46.3343 0.048 46.2863
25 47.423 0.048 47.375
28 49.3885 0.048 49.3405
32 47.6837 0.048 47.6357
34 49.7685 0.048 49.7205
26 46.2661 0.048 46.2181
27 46.2863 0.048 46.2383
25 47.375 0.048 47.327
28 49.3405 0.048 49.2925
32 47.6357 0.048 47.5877
34 49.7205 0.048 49.6725
26 46.2181 0.048 46.1701
27 46.2383 0.048 46.1903
25 47.327 0.048 47.279
28 49.2925 0.048 49.2445
32 47.5877 0.048 47.5397
34 49.6725 0.048 49.6245
26 46.1701 0.048 46.1221
27 46.1903 0.048 46.1423
25 47.6788 0.048 47.6308
28 49.2445 0.048 49.1965
32 47.5397 0.048 47.4917
34 49.6245 0.048 49.5765
26 46.1221 0.048 46.0741
27 46.1423 0.048 46.0943
25 47.6308 0.048 47.5828
28 49.1965 0.048 49.1485
32 47.4917 0.048 47.4437
34 49.5765 0.048 49.5285
26 46.0741 0.048 46.0261
27 46.0943 0.048 46.0463
25 47.5828 0.048 47.5348
28 49.1485 0.048 49.1005
32 47.573 0.048 47.525
34 49.5285 0.048 49.4805
26 46.0261 0.048 45.9781
27 46.0463 0.048 45.9983
25 47.5348 0.048 47.4868
28 49.3343 0.048 49.2863
32 47.525 0.048 47.477
34 49.4805 0.048 49.4325
26 45.9781 0.048 45.9301
27 45.9983 0.048 45.9503
25 47.4868 0.048 47.4388
28 49.2863 0.048 49.2383
32 47.477 0.048 47.429
34 49.8055 0.048 49.7575
26 45.9301 0.048 45.8821
27 45.9503 0.048 45.9023
25 47.4388 0.048 47.3908
28 49.2383 0.048 49.1903
32 47.429 0.048 47.381
34 49.7575 0.048 49.7095
26 46.2506 0.048 46.2026
27 46.0658 0.048 46.0178
25 47.3908 0.048 47.3428
28 49.1903 0.048 49.1423
32 47.381 0.048 47.333
34 49.7095 0.048 49.6615
26 46.2026 0.048 46.1546
27 46.0178 0.048 45.9698
25 47.3428 0.048 47.2948
28 49.1423 0.048 49.0943
32 47.333 0.048 47.285
34 49.6615 0.048 49.6135
26 46.1546 0.048 46.1066
27 45.9698 0.048 45.9218
25 47.2948 0.048 47.2468
28 49.0943 0.048 49.0463
32 47.285 0.048 47.237
34 49.6135 0.048 49.5655
26 46.1066 0.048 46.0586
27 45.9218 0.048 45.8738
25 47.2468 0.048 47.1988
28 49.0463 0.048 48.9983
32 47.237 0.048 47.189
34 49.5655 0.048 49.5175
26 46.0586 0.048 46.0106
27 45.8738 0.048 45.8258
25 47.6841 0.048 47.6361
28 48.9983 0.048 48.9503
32 47.189 0.048 47.141
34 49.5175 0.048 49.4695
26 46.0106 0.048 45.9626
27 45.8258 0.048 45.7778
25 47.6361 0.048 47.5881
28 48.9503 0.048 48.9023
32 47.141 0.048 47.093
34 49.4695 0.048 49.4215
26 45.9626 0.048 45.9146
27 45.7778 0.048 45.7298
25 47.5881 0.048 47.5401
28 48.9023 0.048 48.8543
32 47.1951 0.048 47.1471
34 49.4215 0.048 49.3735
26 45.9146 0.048 45.8666
27 45.7298 0.048 45.6818
25 47.5401 0.048 47.4921
28 48.9866 0.048 48.9386
32 47.1471 0.048 47.0991
33 50 0.0048 49.9952
33 49.9952 0.048 49.9472
32 47.0991 0.0048 47.0943
32 47.0943 0.16 46.9343
33 49.9472 0.016 49.9312
33 49.9312 0.016 49.9152
32 46.9343 0.0016 46.9327
33 49.9152 0.048 49.8672
32 46.9327 0.0048 46.9279
33 49.8672 0.0048 49.8624
33 49.8624 0.16 49.7024
33 49.7024 0.0016 49.7008
34 49.3735 0.048 49.3255
34 49.3255 0.0048 49.3207
34 49.3207 0.16 49.1607
34 49.1607 0.0016 49.1591
26 45.8666 0.048 45.8186
27 45.6818 0.048 45.6338
25 47.4921 0.048 47.4441
28 48.9386 0.048 48.8906
26 45.8186 0.048 45.7706
27 45.6338 0.048 45.5858
25 47.4441 0.048 47.3961
28 48.8906 0.048 48.8426
26 45.9491 0.048 45.9011
27 45.862 0.048 45.814
25 47.3961 0.048 47.3481
28 48.8426 0.048 48.7946
26 45.9011 0.048 45.8531
27 45.814 0.048 45.766
25 47.3481 0.048 47.3001
28 48.7946 0.048 48.7466
26 45.8531 0.048 45.8051
27 45.766 0.048 45.718
25 47.3001 0.048 47.2521
28 48.7466 0.048 48.6986
26 45.8051 0.048 45.7571
27 45.718 0.048 45.67
25 47.2521 0.048 47.2041
28 48.6986 0.048 48.6506
26 45.7571 0.048 45.7091
27 45.67 0.048 45.622
25 47.6389 0.048 47.5909
28 48.6506 0.048 48.6026
26 45.7091 0.048 45.6611
27 45.622 0.048 45.574
25 47.5909 0.048 47.5429
28 48.6026 0.048 48.5546
26 45.6611 0.048 45.6131
27 45.574 0.048 45.526
25 47.5429 0.048 47.4949
28 48.5546 0.048 48.5066
26 45.6131 0.048 45.5651
27 45.526 0.048 45.478
25 47.4949 0.048 47.4469
28 48.6421 0.048 48.5941
26 45.5651 0.048 45.5171
27 45.478 0.048 45.43
25 47.4469 0.048 47.3989
28 48.5941 0.048 48.5461
26 45.5171 0.048 45.4691
27 45.43 0.048 45.382
25 47.3989 0.048 47.3509
28 48.5461 0.048 48.4981
26 45.5824 0.048 45.5344
27 45.7565 0.048 45.7085
25 47.3509 0.048 47.3029
28 48.4981 0.048 48.4501
26 45.5344 0.048 45.4864
27 45.7085 0.048 45.6605
25 47.3029 0.048 47.2549
28 48.4501 0.048 48.4021
26 45.4864 0.048 45.4384
27 45.6605 0.048 45.6125
25 47.2549 0.048 47.2069
28 48.4021 0.048 48.3541
26 45.4384 0.048 45.3904
27 45.6125 0.048 45.5645
25 47.2069 0.048 47.1589
28 48.3541 0.048 48.3061
26 45.3904 0.048 45.3424
27 45.5645 0.048 45.5165
25 47.3676 0.048 47.3196
28 48.3061 0.048 48.2581
26 45.3424 0.048 45.2944
27 45.5165 0.048 45.4685
25 47.3196 0.048 47.2716
28 48.2581 0.048 48.2101
26 45.2944 0.048 45.2464
27 45.4685 0.048 45.4205
25 47.2716 0.048 47.2236
28 48.2101 0.048 48.1621
26 45.2464 0.048 45.1984
27 45.4205 0.048 45.3725
25 47.2236 0.048 47.1756
28 48.5017 0.048 48.4537
26 45.1984 0.048 45.1504
27 45.3725 0.048 45.3245
25 47.1756 0.048 47.1276
28 48.4537 0.048 48.4057
26 45.1504 0.048 45.1024
27 45.3245 0.048 45.2765
25 47.1276 0.048 47.0796
28 48.4057 0.048 48.3577
26 45.2812 0.048 45.2332
27 45.7675 0.048 45.7195
25 47.0796 0.048 47.0316
28 48.3577 0.048 48.3097
26 45.2332 0.048 45.1852
27 45.7195 0.048 45.6715
25 47.0316 0.048 46.9836
28 48.3097 0.048 48.2617
26 45.1852 0.048 45.1372
27 45.6715 0.048 45.6235
25 46.9836 0.048 46.9356
28 48.2617 0.048 48.2137
26 45.1372 0.048 45.0892
27 45.6235 0.048 45.5755
25 46.9356 0.048 46.8876
28 48.2137 0.048 48.1657
26 45.0892 0.048 45.0412
27 45.5755 0.048 45.5275
25 47.0394 0.048 46.9914
28 48.1657 0.048 48.1177
26 45.0412 0.048 44.9932
27 45.5275 0.048 45.4795
25 46.9914 0.048 46.9434
28 48.1177 0.048 48.0697
26 44.9932 0.048 44.9452
27 45.4795 0.048 45.4315
25 46.9434 0.048 46.8954
28 48.0697 0.048 48.0217
26 44.9452 0.048 44.8972
27 45.4315 0.048 45.3835
25 46.8954 0.048 46.8474
28 48.463 0.048 48.415
26 44.8972 0.048 44.8492
27 45.3835 0.048 45.3355
25 46.8474 0.048 46.7994
28 48.415 0.048 48.367
26 44.8492 0.048 44.8012
27 45.3355 0.048 45.2875
25 46.7994 0.048 46.7514
28 48.367 0.048 48.319
26 45.1838 0.048 45.1358
27 45.5668 0.048 45.5188
25 46.7514 0.048 46.7034
28 48.319 0.048 48.271
26 45.1358 0.048 45.0878
27 45.5188 0.048 45.4708
25 46.7034 0.048 46.6554
28 48.271 0.048 48.223
26 45.0878 0.048 45.0398
27 45.4708 0.048 45.4228
25 46.6554 0.048 46.6074
28 48.223 0.048 48.175
26 45.0398 0.048 44.9918
27 45.4228 0.048 45.3748
25 46.6074 0.048 46.5594
28 48.175 0.048 48.127
26 44.9918 0.048 44.9438
27 45.3748 0.048 45.3268
25 46.9997 0.048 46.9517
28 48.127 0.048 48.079
26 44.9438 0.048 44.8958
27 45.3268 0.048 45.2788
25 46.9517 0.048 46.9037
28 48.079 0.048 48.031
26 44.8958 0.048 44.8478
27 45.2788 0.048 45.2308
25 46.9037 0.048 46.8557
28 48.031 0.048 47.983
26 44.8478 0.048 44.7998
27 45.2308 0.048 45.1828
25 46.8557 0.048 46.8077
28 48.1821 0.048 48.1341
26 44.7998 0.048 44.7518
27 45.1828 0.048 45.1348
25 46.8077 0.048 46.7597
28 48.1341 0.048 48.0861
26 44.7518 0.048 44.7038
27 45.1348 0.048 45.0868
25 46.7597 0.048 46.7117
28 48.0861 0.048 48.0381
26 44.871 0.048 44.823
27 45.265 0.048 45.217
25 46.7117 0.048 46.6637
28 48.0381 0.048 47.9901
26 44.823 0.048 44.775
27 45.217 0.048 45.169
25 46.6637 0.048 46.6157
28 47.9901 0.048 47.9421
26 44.775 0.048 44.727
27 45.169 0.048 45.121
25 46.6157 0.048 46.5677
28 47.9421 0.048 47.8941
26 44.727 0.048 44.679
27 45.121 0.048 45.073
25 46.5677 0.048 46.5197
28 47.8941 0.048 47.8461
26 44.679 0.048 44.631
27 45.073 0.048 45.025
25 46.6714 0.048 46.6234
28 47.8461 0.048 47.7981
26 44.631 0.048 44.583
27 45.025 0.048 44.977
25 46.6234 0.048 46.5754
28 47.7981 0.048 47.7501
26 44.583 0.048 44.535
27 44.977 0.048 44.929
25 46.5754 0.048 46.5274
28 47.7501 0.048 47.7021
28 47.7021 0.0048 47.6973
28 47.6973 0.16 47.5373
28 47.5373 0.0016 47.5357
26 44.535 0.048 44.487
27 44.929 0.048 44.881
25 46.5274 0.048 46.4794
26 44.487 0.048 44.439
27 44.881 0.048 44.833
25 46.4794 0.048 46.4314
26 44.439 0.048 44.391
27 44.833 0.048 44.785
25 46.4314 0.048 46.3834
26 44.8603 0.048 44.8123
27 44.9701 0.048 44.9221
25 46.3834 0.048 46.3354
26 44.8123 0.048 44.7643
27 44.9221 0.048 44.8741
25 46.3354 0.048 46.2874
26 44.7643 0.048 44.7163
27 44.8741 0.048 44.8261
25 46.2874 0.048 46.2394
26 44.7163 0.048 44.6683
27 44.8261 0.048 44.7781
25 46.2394 0.048 46.1914
26 44.6683 0.048 44.6203
27 44.7781 0.048 44.7301
25 46.3888 0.048 46.3408
26 44.6203 0.048 44.5723
27 44.7301 0.048 44.6821
25 46.3408 0.048 46.2928
26 44.5723 0.048 44.5243
27 44.6821 0.048 44.6341
25 46.2928 0.048 46.2448
26 44.5243 0.048 44.4763
27 44.6341 0.048 44.5861
25 46.2448 0.048 46.1968
26 44.4763 0.048 44.4283
27 44.5861 0.048 44.5381
25 46.1968 0.048 46.1488
26 44.4283 0.048 44.3803
27 44.5381 0.048 44.4901
25 46.1488 0.048 46.1008
26 44.8637 0.048 44.8157
27 44.6522 0.048 44.6042
25 46.1008 0.048 46.0528
26 44.8157 0.048 44.7677
27 44.6042 0.048 44.5562
25 46.0528 0.048 46.0048
26 44.7677 0.048 44.7197
27 44.5562 0.048 44.5082
25 46.0048 0.048 45.9568
26 44.7197 0.048 44.6717
27 44.5082 0.048 44.4602
25 45.9568 0.048 45.9088
26 44.6717 0.048 44.6237
27 44.4602 0.048 44.4122
25 46.3207 0.048 46.2727
26 44.6237 0.048 44.5757
27 44.4122 0.048 44.3642
25 46.2727 0.048 46.2247
26 44.5757 0.048 44.5277
27 44.3642 0.048 44.3162
25 46.2247 0.048 46.1767
26 44.5277 0.048 44.4797
27 44.3162 0.048 44.2682
25 46.1767 0.048 46.1287
26 44.4797 0.048 44.4317
27 44.2682 0.048 44.2202
25 46.1287 0.048 46.0807
26 44.4317 0.048 44.3837
27 44.2202 0.048 44.1722
25 46.0807 0.048 46.0327
26 44.6988 0.048 44.6508
27 44.4178 0.048 44.3698
25 46.0327 0.048 45.9847
26 44.6508 0.048 44.6028
27 44.3698 0.048 44.3218
25 45.9847 0.048 45.9367
26 44.6028 0.048 44.5548
27 44.3218 0.048 44.2738
25 45.9367 0.048 45.8887
26 44.5548 0.048 44.5068
27 44.2738 0.048 44.2258
25 45.8887 0.048 45.8407
26 44.5068 0.0048 44.502
26 44.502 0.048 44.454
27 44.2258 0.048 44.1778
25 46.0517 0.048 46.0037
33 50 0.048 49.952
32 48.8334 0.0048 48.8286
26 44.454 0.048 44.406
27 44.1778 0.048 44.1298
25 46.0037 0.048 45.9557
33 49.952 0.048 49.904
32 48.8286 0.0048 48.8238
26 44.406 0.048 44.358
27 44.1298 0.048 44.0818
25 45.9557 0.048 45.9077
33 49.904 0.048 49.856
32 48.8238 0.0048 48.819
26 44.358 0.048 44.31
27 44.0818 0.048 44.0338
25 45.9077 0.048 45.8597
33 49.856 0.048 49.808
32 49.1087 0.0048 49.1039
26 44.31 0.048 44.262
27 44.0338 0.048 43.9858
25 45.8597 0.048 45.8117
33 49.808 0.048 49.76
32 49.1039 0.0048 49.0991
26 44.262 0.048 44.214
27 43.9858 0.048 43.9378
25 45.8117 0.048 45.7637
33 49.76 0.048 49.712
32 49.0991 0.0048 49.0943
26 44.482 0.048 44.434
27 44.137 0.048 44.089
25 45.7637 0.048 45.7157
33 49.712 0.048 49.664
32 49.0943 0.0048 49.0895
26 44.434 0.048 44.386
27 44.089 0.048 44.041
25 45.7157 0.048 45.6677
33 50 0.048 49.952
32 49.0895 0.0048 49.0847
26 44.386 0.048 44.338
27 44.041 0.048 43.993
25 45.6677 0.048 45.6197
33 49.952 0.048 49.904
32 49.0847 0.0048 49.0799
26 44.338 0.048 44.29
27 43.993 0.048 43.945
25 45.6197 0.048 45.5717
33 49.904 0.048 49.856
32 49.0799 0.0048 49.0751
26 44.29 0.0048 44.2852
26 44.2852 0.048 44.2372
27 43.945 0.048 43.897
25 45.7701 0.048 45.7221
33 49.856 0.048 49.808
32 49.0751 0.0048 49.0703
26 44.2372 0.048 44.1892
27 43.897 0.048 43.849
25 45.7221 0.048 45.6741
33 49.808 0.048 49.76
32 49.0703 0.0048 49.0655
26 44.1892 0.048 44.1412
27 43.849 0.048 43.801
25 45.6741 0.048 45.6261
33 49.76 0.048 49.712
32 49.0655 0.0048 49.0607
26 44.1412 0.048 44.0932
27 43.801 0.048 43.753
25 45.6261 0.048 45.5781
33 49.712 0.048 49.664
32 49.2955 0.0048 49.2907
26 44.0932 0.048 44.0452
27 43.753 0.048 43.705
25 45.5781 0.048 45.5301
33 49.664 0.048 49.616
32 49.2907 0.0048 49.2859
26 44.0452 0.048 43.9972
27 43.705 0.048 43.657
25 45.5301 0.048 45.4821
33 49.616 0.048 49.568
32 49.2859 0.0048 49.2811
26 44.1234 0.048 44.0754
27 43.923 0.048 43.875
25 45.4821 0.048 45.4341
33 49.568 0.048 49.52
32 49.2811 0.0048 49.2763
26 44.0754 0.048 44.0274
27 43.875 0.048 43.827
25 45.4341 0.048 45.3861
33 49.725 0.048 49.677
32 49.2763 0.0048 49.2715
26 44.0274 0.048 43.9794
27 43.827 0.048 43.779
25 45.3861 0.048 45.3381
33 49.677 0.048 49.629
32 49.2715 0.0048 49.2667
26 43.9794 0.048 43.9314
27 43.779 0.048 43.731
25 45.3381 0.048 45.2901
33 49.629 0.048 49.581
32 49.2667 0.0048 49.2619
26 43.9314 0.048 43.8834
27 43.731 0.048 43.683
25 45.4772 0.048 45.4292
33 49.581 0.048 49.533
32 49.2619 0.0048 49.2571
26 43.8834 0.048 43.8354
27 43.683 0.048 43.635
25 45.4292 0.048 45.3812
33 49.533 0.048 49.485
32 49.2571 0.0048 49.2523
26 43.8354 0.048 43.7874
27 43.635 0.048 43.587
25 45.3812 0.048 45.3332
33 49.485 0.048 49.437
32 49.2523 0.0048 49.2475
26 43.7874 0.048 43.7394
27 43.587 0.048 43.539
25 45.3332 0.048 45.2852
33 49.437 0.048 49.389
32 49.6844 0.0048 49.6796
26 43.7394 0.048 43.6914
27 43.539 0.048 43.491
25 45.2852 0.048 45.2372
33 49.389 0.048 49.341
32 49.6796 0.0048 49.6748
26 43.6914 0.048 43.6434
27 43.491 0.048 43.443
25 45.2372 0.048 45.1892
33 49.341 0.048 49.293
32 49.6748 0.0048 49.67
26 43.7976 0.048 43.7496
27 43.7619 0.048 43.7139
25 45.1892 0.048 45.1412
33 49.293 0.048 49.245
32 49.67 0.0048 49.6652
26 43.7496 0.048 43.7016
27 43.7139 0.048 43.6659
25 45.1412 0.048 45.0932
33 49.6917 0.048 49.6437
32 49.6652 0.0048 49.6604
26 43.7016 0.048 43.6536
27 43.6659 0.048 43.6179
25 45.0932 0.048 45.0452
33 49.6437 0.048 49.5957
32 49.6604 0.0048 49.6556
26 43.6536 0.048 43.6056
27 43.6179 0.048 43.5699
25 45.0452 0.048 44.9972
33 49.5957 0.048 49.5477
32 49.6556 0.0048 49.6508
30 50 0.0048 49.9952
26 43.6056 0.048 43.5576
27 43.5699 0.048 43.5219
25 45.1015 0.048 45.0535
33 49.5477 0.048 49.4997
32 49.6508 0.0048 49.646
26 43.5576 0.048 43.5096
27 43.5219 0.048 43.4739
25 45.0535 0.048 45.0055
33 49.4997 0.048 49.4517
32 49.646 0.0048 49.6412
26 43.5096 0.048 43.4616
27 43.4739 0.048 43.4259
25 45.0055 0.048 44.9575
33 49.4517 0.048 49.4037
32 49.6412 0.0048 49.6364
26 43.4616 0.048 43.4136
27 43.4259 0.048 43.3779
25 44.9575 0.048 44.9095
33 49.4037 0.048 49.3557
32 49.817 0.0048 49.8122
26 43.4136 0.048 43.3656
27 43.3779 0.048 43.3299
25 44.9095 0.048 44.8615
33 49.3557 0.048 49.3077
32 49.8122 0.0048 49.8074
26 43.3656 0.048 43.3176
27 43.3299 0.048 43.2819
25 44.8615 0.048 44.8135
33 49.3077 0.048 49.2597
32 49.8074 0.0048 49.8026
26 43.4643 0.048 43.4163
27 43.671 0.048 43.623
25 44.8135 0.048 44.7655
33 49.2597 0.048 49.2117
32 49.8026 0.0048 49.7978
26 43.4163 0.048 43.3683
26 43.3683 0.0048 43.3635
26 43.3635 0.16 43.2035
26 43.2035 0.0016 43.2019
27 43.623 0.048 43.575
25 44.7655 0.048 44.7175
33 49.4299 0.048 49.3819
32 49.7978 0.0048 49.793
27 43.575 0.048 43.527
25 44.7175 0.048 44.6695
33 49.3819 0.048 49.3339
32 49.793 0.0048 49.7882
27 43.527 0.048 43.479
25 44.6695 0.048 44.6215
33 49.3339 0.048 49.2859
32 49.7882 0.0048 49.7834
30 50 0.0048 49.9952
27 43.479 0.048 43.431
25 44.9571 0.048 44.9091
33 49.2859 0.048 49.2379
32 49.7834 0.0048 49.7786
27 43.431 0.048 43.383
25 44.9091 0.048 44.8611
33 49.2379 0.048 49.1899
32 49.7786 0.0048 49.7738
27 43.383 0.048 43.335
25 44.8611 0.048 44.8131
33 49.1899 0.048 49.1419
32 49.7738 0.0048 49.769
27 43.335 0.048 43.287
25 44.8131 0.048 44.7651
33 49.1419 0.048 49.0939
32 50 0.0048 49.9952
27 43.287 0.048 43.239
25 44.7651 0.048 44.7171
33 49.0939 0.048 49.0459
32 49.9952 0.0048 49.9904
27 43.239 0.048 43.191
25 44.7171 0.048 44.6691
33 49.0459 0.048 48.9979
32 49.9904 0.0048 49.9856
27 43.4934 0.048 43.4454
25 44.6691 0.048 44.6211
33 48.9979 0.048 48.9499
32 49.9856 0.0048 49.9808
27 43.4454 0.048 43.3974
25 44.6211 0.048 44.5731
33 49.279 0.048 49.231
32 49.9808 0.0048 49.976
27 43.3974 0.048 43.3494
25 44.5731 0.048 44.5251
33 49.231 0.048 49.183
32 49.976 0.0048 49.9712
27 43.3494 0.048 43.3014
25 44.5251 0.048 44.4771
33 49.183 0.048 49.135
32 49.9712 0.0048 49.9664
27 43.3014 0.048 43.2534
25 44.9067 0.048 44.8587
33 49.135 0.048 49.087
32 49.9664 0.0048 49.9616
27 43.2534 0.048 43.2054
25 44.8587 0.048 44.8107
33 49.087 0.048 49.039
32 49.9616 0.0048 49.9568
27 43.2054 0.048 43.1574
25 44.8107 0.048 44.7627
33 49.039 0.048 48.991
32 49.9568 0.0048 49.952
27 43.1574 0.048 43.1094
25 44.7627 0.048 44.7147
33 48.991 0.048 48.943
32 50 0.0048 49.9952
27 43.1094 0.048 43.0614
25 44.7147 0.048 44.6667
33 48.943 0.048 48.895
32 49.9952 0.0048 49.9904
27 43.0614 0.048 43.0134
25 44.6667 0.048 44.6187
33 48.895 0.048 48.847
32 49.9904 0.0048 49.9856
27 43.1378 0.048 43.0898
25 44.6187 0.048 44.5707
33 48.847 0.048 48.799
32 49.9856 0.0048 49.9808
27 43.0898 0.048 43.0418
25 44.5707 0.048 44.5227
33 49.2697 0.048 49.2217
32 49.9808 0.0048 49.976
27 43.0418 0.048 42.9938
25 44.5227 0.048 44.4747
33 49.2217 0.048 49.1737
32 49.976 0.0048 49.9712
27 42.9938 0.048 42.9458
25 44.4747 0.048 44.4267
33 49.1737 0.048 49.1257
32 49.9712 0.0048 49.9664
27 42.9458 0.048 42.8978
25 44.8734 0.048 44.8254
33 49.1257 0.048 49.0777
32 49.9664 0.0048 49.9616
27 42.8978 0.048 42.8498
25 44.8254 0.048 44.7774
33 49.0777 0.048 49.0297
32 49.9616 0.0048 49.9568
27 42.8498 0.048 42.8018
25 44.7774 0.048 44.7294
33 49.0297 0.048 48.9817
32 49.9568 0.0048 49.952
27 42.8018 0.048 42.7538
25 44.7294 0.048 44.6814
33 48.9817 0.048 48.9337
32 50 0.0048 49.9952
27 42.7538 0.048 42.7058
25 44.6814 0.048 44.6334
33 48.9337 0.048 48.8857
32 49.9952 0.0048 49.9904
27 42.7058 0.048 42.6578
27 42.6578 0.0048 42.653
27 42.653 0.16 42.493
27 42.493 0.0016 42.4914
25 44.6334 0.048 44.5854
33 48.8857 0.048 48.8377
32 49.9904 0.0048 49.9856
25 44.5854 0.048 44.5374
33 48.8377 0.048 48.7897
32 49.9856 0.0048 49.9808
25 44.5374 0.048 44.4894
33 49.1809 0.048 49.1329
32 49.9808 0.0048 49.976
25 44.4894 0.048 44.4414
33 49.1329 0.048 49.0849
25 44.4414 0.048 44.3934
33 49.0849 0.048 49.0369
25 44.8436 0.048 44.7956
33 49.0369 0.048 48.9889
25 44.7956 0.048 44.7476
33 48.9889 0.048 48.9409
25 44.7476 0.048 44.6996
33 48.9409 0.048 48.8929
25 44.6996 0.048 44.6516
33 48.8929 0.048 48.8449
25 44.6516 0.048 44.6036
33 48.8449 0.048 48.7969
25 44.6036 0.048 44.5556
33 48.7969 0.048 48.7489
25 44.5556 0.048 44.5076
33 48.7489 0.048 48.7009
25 44.5076 0.048 44.4596
33 48.9166 0.048 48.8686
25 44.4596 0.048 44.4116
33 48.8686 0.048 48.8206
25 44.4116 0.048 44.3636
33 48.8206 0.048 48.7726
25 44.7445 0.048 44.6965
33 48.7726 0.048 48.7246
25 44.6965 0.048 44.6485
33 48.7246 0.048 48.6766
25 44.6485 0.048 44.6005
33 48.6766 0.048 48.6286
25 44.6005 0.048 44.5525
33 48.6286 0.048 48.5806
25 44.5525 0.048 44.5045
33 48.5806 0.048 48.5326
25 44.5045 0.048 44.4565
33 48.5326 0.048 48.4846
25 44.4565 0.048 44.4085
33 48.4846 0.048 48.4366
25 44.4085 0.048 44.3605
33 48.8234 0.048 48.7754
25 44.3605 0.048 44.3125
33 48.7754 0.048 48.7274
25 44.3125 0.048 44.2645
33 48.7274 0.048 48.6794
25 44.3697 0.048 44.3217
33 48.6794 0.048 48.6314
31 50 0.048 49.952
25 44.3217 0.048 44.2737
33 48.6314 0.048 48.5834
31 49.952 0.048 49.904
25 44.2737 0.048 44.2257
33 48.5834 0.048 48.5354
31 49.904 0.048 49.856
31 49.856 0.0048 49.8512
31 49.8512 0.16 49.6912
31 49.6912 0.0016 49.6896
25 44.2257 0.048 44.1777
33 48.5354 0.048 48.4874
33 48.4874 0.0048 48.4826
33 48.4826 0.16 48.3226
33 48.3226 0.0016 48.321
25 44.1777 0.048 44.1297
25 44.1297 0.048 44.0817
25 44.0817 0.048 44.0337
25 44.0337 0.048 43.9857
25 43.9857 0.048 43.9377
25 43.9377 0.048 43.8897
25 44.2737 0.048 44.2257
25 44.2257 0.048 44.1777
25 44.1777 0.048 44.1297
25 44.1297 0.048 44.0817
25 44.0817 0.048 44.0337
25 44.0337 0.048 43.9857
25 43.9857 0.048 43.9377
25 43.9377 0.048 43.8897
25 43.8897 0.048 43.8417
25 43.8417 0.048 43.7937
25 44.2382 0.048 44.1902
25 44.1902 0.048 44.1422
25 44.1422 0.048 44.0942
25 44.0942 0.048 44.0462
25 44.0462 0.048 43.9982
25 43.9982 0.048 43.9502
25 43.9502 0.048 43.9022
25 43.9022 0.048 43.8542
25 43.8542 0.048 43.8062
25 43.8062 0.048 43.7582
25 43.8638 0.048 43.8158
25 43.8158 0.048 43.7678
25 43.7678 0.048 43.7198
25 43.7198 0.048 43.6718
25 43.6718 0.048 43.6238
25 43.6238 0.048 43.5758
25 43.5758 0.048 43.5278
25 43.5278 0.048 43.4798
25 43.4798 0.048 43.4318
25 43.4318 0.048 43.3838
25 43.7651 0.048 43.7171
25 43.7171 0.048 43.6691
25 43.6691 0.048 43.6211
25 43.6211 0.048 43.5731
25 43.5731 0.048 43.5251
25 43.5251 0.048 43.4771
25 43.4771 0.048 43.4291
25 43.4291 0.048 43.3811
25 43.3811 0.048 43.3331
25 43.3331 0.048 43.2851
25 43.6427 0.048 43.5947
25 43.5947 0.048 43.5467
25 43.5467 0.048 43.4987
25 43.4987 0.048 43.4507
25 43.4507 0.048 43.4027
25 43.4027 0.048 43.3547
25 43.3547 0.048 43.3067
25 43.3067 0.048 43.2587
30 50 0.048 49.952
25 43.2587 0.048 43.2107
30 50 0.048 49.952
25 43.2107 0.048 43.1627
30 49.952 0.048 49.904
31 50 0.0048 49.9952
25 43.3099 0.048 43.2619
30 49.904 0.048 49.856
25 43.2619 0.048 43.2139
30 49.856 0.048 49.808
25 43.2139 0.048 43.1659
30 49.808 0.048 49.76
25 43.1659 0.048 43.1179
30 49.76 0.048 49.712
25 43.1179 0.048 43.0699
30 49.712 0.048 49.664
25 43.0699 0.048 43.0219
30 49.664 0.048 49.616
25 43.0219 0.048 42.9739
30 49.616 0.048 49.568
25 42.9739 0.048 42.9259
30 49.568 0.048 49.52
25 42.9259 0.048 42.8779
30 49.7428 0.048 49.6948
25 42.8779 0.048 42.8299
30 49.6948 0.048 49.6468
31 50 0.0048 49.9952
25 43.2457 0.048 43.1977
30 49.6468 0.048 49.5988
25 43.1977 0.048 43.1497
30 49.5988 0.048 49.5508
25 43.1497 0.048 43.1017
30 49.5508 0.048 49.5028
25 43.1017 0.048 43.0537
30 49.5028 0.048 49.4548
25 43.0537 0.048 43.0057
30 49.4548 0.048 49.4068
25 43.0057 0.048 42.9577
30 49.4068 0.048 49.3588
25 42.9577 0.048 42.9097
30 49.3588 0.048 49.3108
25 42.9097 0.048 42.8617
30 49.3108 0.048 49.2628
29 50 0.048 49.952
25 42.8617 0.048 42.8137
30 49.6845 0.048 49.6365
29 49.952 0.048 49.904
25 42.8137 0.048 42.7657
30 49.6365 0.048 49.5885
31 50 0.0048 49.9952
29 50 0.048 49.952
25 42.8691 0.048 42.8211
30 49.5885 0.048 49.5405
29 49.952 0.048 49.904
25 42.8211 0.048 42.7731
30 49.5405 0.048 49.4925
29 49.904 0.048 49.856
25 42.7731 0.048 42.7251
30 49.4925 0.048 49.4445
29 49.856 0.048 49.808
25 42.7251 0.048 42.6771
30 49.4445 0.048 49.3965
29 49.808 0.048 49.76
25 42.6771 0.048 42.6291
30 49.3965 0.048 49.3485
29 49.76 0.048 49.712
25 42.6291 0.048 42.5811
30 49.3485 0.048 49.3005
29 49.712 0.048 49.664
25 42.5811 0.048 42.5331
30 49.3005 0.048 49.2525
29 49.664 0.048 49.616
25 42.5331 0.048 42.4851
30 49.2525 0.048 49.2045
29 49.616 0.048 49.568
25 42.4851 0.048 42.4371
30 49.4879 0.048 49.4399
29 49.568 0.048 49.52
25 42.4371 0.048 42.3891
30 49.4399 0.048 49.3919
31 50 0.0048 49.9952
29 49.7828 0.048 49.7348
25 42.8146 0.048 42.7666
30 49.3919 0.048 49.3439
29 49.7348 0.048 49.6868
25 42.7666 0.048 42.7186
30 49.3439 0.048 49.2959
29 49.6868 0.048 49.6388
25 42.7186 0.048 42.6706
30 49.2959 0.048 49.2479
29 49.6388 0.048 49.5908
25 42.6706 0.048 42.6226
30 49.2479 0.048 49.1999
29 49.5908 0.048 49.5428
25 42.6226 0.048 42.5746
30 49.1999 0.048 49.1519
29 49.5428 0.048 49.4948
25 42.5746 0.048 42.5266
30 49.1519 0.048 49.1039
29 49.4948 0.048 49.4468
25 42.5266 0.048 42.4786
30 49.1039 0.048 49.0559
29 49.4468 0.048 49.3988
25 42.4786 0.048 42.4306
30 49.0559 0.048 49.0079
29 49.3988 0.048 49.3508
25 42.4306 0.048 42.3826
30 49.3009 0.048 49.2529
29 49.3508 0.048 49.3028
25 42.3826 0.048 42.3346
30 49.2529 0.048 49.2049
29 49.5793 0.0048 49.5745
29 49.5745 0.048 49.5265
25 42.5449 0.048 42.4969
30 49.2049 0.048 49.1569
29 49.5265 0.048 49.4785
25 42.4969 0.048 42.4489
30 49.1569 0.048 49.1089
29 49.4785 0.048 49.4305
25 42.4489 0.048 42.4009
30 49.1089 0.048 49.0609
29 49.4305 0.048 49.3825
25 42.4009 0.048 42.3529
30 49.0609 0.048 49.0129
29 49.3825 0.048 49.3345
25 42.3529 0.048 42.3049
30 49.0129 0.048 48.9649
29 49.3345 0.048 49.2865
25 42.3049 0.048 42.2569
30 48.9649 0.048 48.9169
29 49.2865 0.048 49.2385
25 42.2569 0.048 42.2089
30 48.9169 0.048 48.8689
29 49.2385 0.048 49.1905
25 42.2089 0.048 42.1609
30 48.8689 0.048 48.8209
29 49.1905 0.048 49.1425
25 42.1609 0.048 42.1129
30 49.1272 0.048 49.0792
29 49.1425 0.048 49.0945
25 42.1129 0.048 42.0649
30 49.0792 0.048 49.0312
29 49.3616 0.048 49.3136
25 42.289 0.048 42.241
30 49.0312 0.048 48.9832
29 49.3136 0.048 49.2656
25 42.241 0.048 42.193
30 48.9832 0.048 48.9352
29 49.2656 0.048 49.2176
25 42.193 0.048 42.145
30 48.9352 0.048 48.8872
29 49.2176 0.048 49.1696
25 42.145 0.048 42.097
30 48.8872 0.048 48.8392
30 48.8392 0.0048 48.8344
30 48.8344 0.16 48.6744
30 48.6744 0.0016 48.6728
29 49.1696 0.048 49.1216
25 42.097 0.048 42.049
29 49.1216 0.048 49.0736
25 42.049 0.048 42.001
29 49.0736 0.048 49.0256
25 42.001 0.048 41.953
29 49.0256 0.048 48.9776
25 41.953 0.048 41.905
29 48.9776 0.048 48.9296
25 41.905 0.048 41.857
29 48.9296 0.048 48.8816
25 41.857 0.048 41.809
29 49.1631 0.048 49.1151
25 42.2494 0.048 42.2014
29 49.1151 0.048 49.0671
25 42.2014 0.048 42.1534
29 49.0671 0.048 49.0191
25 42.1534 0.048 42.1054
29 49.0191 0.048 48.9711
32 50 0.048 49.952
33 50 0.0048 49.9952
33 49.9952 0.048 49.9472
32 49.952 0.0096 49.9424
32 49.9424 0.16 49.7824
32 49.7824 0.0016 49.7808
25 42.1054 0.048 42.0574
29 48.9711 0.048 48.9231
25 42.0574 0.048 42.0094
29 48.9231 0.048 48.8751
25 42.0094 0.048 41.9614
29 48.8751 0.048 48.8271
25 41.9614 0.048 41.9134
29 48.8271 0.048 48.7791
25 41.9134 0.048 41.8654
29 48.7791 0.048 48.7311
25 41.8654 0.048 41.8174
29 48.7311 0.048 48.6831
25 41.8174 0.048 41.7694
29 48.9526 0.048 48.9046
25 42.2163 0.048 42.1683
29 48.9046 0.048 48.8566
25 42.1683 0.048 42.1203
29 48.8566 0.048 48.8086
25 42.1203 0.048 42.0723
29 48.8086 0.048 48.7606
25 42.0723 0.048 42.0243
29 48.7606 0.048 48.7126
25 42.0243 0.048 41.9763
29 48.7126 0.048 48.6646
25 41.9763 0.048 41.9283
29 48.6646 0.048 48.6166
25 41.9283 0.048 41.8803
29 48.6166 0.048 48.5686
25 41.8803 0.048 41.8323
29 48.5686 0.048 48.5206
25 41.8323 0.048 41.7843
29 48.5206 0.048 48.4726
25 41.7843 0.048 41.7363
29 48.6753 0.048 48.6273
25 42.1434 0.048 42.0954
29 48.6273 0.048 48.5793
25 42.0954 0.048 42.0474
29 48.5793 0.048 48.5313
25 42.0474 0.048 41.9994
29 48.5313 0.048 48.4833
25 41.9994 0.048 41.9514
29 48.4833 0.048 48.4353
25 41.9514 0.048 41.9034
29 48.4353 0.048 48.3873
25 41.9034 0.048 41.8554
29 48.3873 0.048 48.3393
25 41.8554 0.048 41.8074
29 48.3393 0.048 48.2913
25 41.8074 0.048 41.7594
29 48.2913 0.048 48.2433
25 41.7594 0.048 41.7114
29 48.2433 0.048 48.1953
25 41.7114 0.048 41.6634
27 47.9448 0.0048 47.94
29 48.3878 0.048 48.3398
25 41.8525 0.048 41.8045
29 48.3398 0.048 48.2918
25 41.8045 0.048 41.7565
29 48.2918 0.048 48.2438
25 41.7565 0.048 41.7085
29 48.2438 0.048 48.1958
25 41.7085 0.048 41.6605
29 48.1958 0.048 48.1478
25 41.6605 0.048 41.6125
29 48.1478 0.048 48.0998
25 41.6125 0.048 41.5645
29 48.0998 0.048 48.0518
25 41.5645 0.048 41.5165
29 48.0518 0.048 48.0038
25 41.5165 0.048 41.4685
29 48.0038 0.048 47.9558
25 41.4685 0.048 41.4205
29 47.9558 0.048 47.9078
25 41.4205 0.048 41.3725
27 48.267 0.0048 48.2622
29 48.3718 0.048 48.3238
25 41.8512 0.048 41.8032
29 48.3238 0.048 48.2758
25 41.8032 0.048 41.7552
29 48.2758 0.048 48.2278
25 41.7552 0.048 41.7072
29 48.2278 0.048 48.1798
25 41.7072 0.048 41.6592
29 48.1798 0.048 48.1318
25 41.6592 0.048 41.6112
29 48.1318 0.048 48.0838
25 41.6112 0.048 41.5632
29 48.0838 0.048 48.0358
25 41.5632 0.048 41.5152
29 48.0358 0.048 47.9878
25 41.5152 0.048 41.4672
29 47.9878 0.048 47.9398
25 41.4672 0.048 41.4192
29 47.9398 0.048 47.8918
25 41.4192 0.048 41.3712
27 48.6259 0.0048 48.6211
28 50 0.0048 49.9952
29 48.26 0.048 48.212
25 41.7552 0.048 41.7072
29 48.212 0.048 48.164
25 41.7072 0.048 41.6592
29 48.164 0.048 48.116
25 41.6592 0.048 41.6112
29 48.116 0.048 48.068
25 41.6112 0.048 41.5632
29 48.068 0.048 48.02
25 41.5632 0.048 41.5152
29 48.02 0.048 47.972
25 41.5152 0.048 41.4672
29 47.972 0.048 47.924
25 41.4672 0.048 41.4192
29 47.924 0.048 47.876
25 41.4192 0.048 41.3712
29 47.876 0.048 47.828
25 41.3712 0.048 41.3232
29 47.828 0.048 47.78
25 41.3232 0.048 41.2752
27 48.9989 0.0048 48.9941
28 50 0.0048 49.9952
29 48.2345 0.048 48.1865
25 41.4789 0.048 41.4309
29 48.1865 0.048 48.1385
25 41.4309 0.048 41.3829
29 48.1385 0.048 48.0905
25 41.3829 0.048 41.3349
29 48.0905 0.048 48.0425
25 41.3349 0.048 41.2869
29 48.0425 0.048 47.9945
25 41.2869 0.048 41.2389
29 47.9945 0.048 47.9465
25 41.2389 0.048 41.1909
29 47.9465 0.048 47.8985
25 41.1909 0.048 41.1429
29 47.8985 0.048 47.8505
25 41.1429 0.048 41.0949
29 47.8505 0.048 47.8025
25 41.0949 0.048 41.0469
29 47.8025 0.048 47.7545
25 41.0469 0.048 40.9989
28 50 0.0048 49.9952
29 48.0679 0.048 48.0199
25 41.1435 0.048 41.0955
29 48.0199 0.048 47.9719
25 41.0955 0.048 41.0475
29 47.9719 0.048 47.9239
25 41.0475 0.048 40.9995
29 47.9239 0.048 47.8759
25 40.9995 0.048 40.9515
29 47.8759 0.048 47.8279
25 40.9515 0.048 40.9035
29 47.8279 0.048 47.7799
25 40.9035 0.048 40.8555
29 47.7799 0.048 47.7319
25 40.8555 0.048 40.8075
29 47.7319 0.048 47.6839
25 40.8075 0.048 40.7595
29 47.6839 0.048 47.6359
25 40.7595 0.048 40.7115
29 47.6359 0.048 47.5879
25 40.7115 0.048 40.6635
28 50 0.0048 49.9952
34 50 0.0048 49.9952
29 47.7535 0.048 47.7055
25 41.0583 0.048 41.0103
29 47.7055 0.048 47.6575
25 41.0103 0.048 40.9623
29 47.6575 0.048 47.6095
25 40.9623 0.048 40.9143
29 47.6095 0.048 47.5615
25 40.9143 0.048 40.8663
29 47.5615 0.048 47.5135
25 40.8663 0.048 40.8183
29 47.5135 0.048 47.4655
25 40.8183 0.048 40.7703
29 47.4655 0.048 47.4175
25 40.7703 0.048 40.7223
29 47.4175 0.048 47.3695
25 40.7223 0.048 40.6743
29 47.3695 0.048 47.3215
25 40.6743 0.048 40.6263
29 47.3215 0.048 47.2735
25 40.6263 0.048 40.5783
34 50 0.0048 49.9952
29 47.702 0.048 47.654
25 40.8613 0.048 40.8133
29 47.654 0.048 47.606
25 40.8133 0.048 40.7653
29 47.606 0.048 47.558
25 40.7653 0.048 40.7173
29 47.558 0.048 47.51
25 40.7173 0.048 40.6693
29 47.51 0.048 47.462
25 40.6693 0.048 40.6213
29 47.462 0.048 47.414
25 40.6213 0.048 40.5733
29 47.414 0.048 47.366
25 40.5733 0.048 40.5253
29 47.366 0.048 47.318
25 40.5253 0.048 40.4773
29 47.318 0.048 47.27
25 40.4773 0.048 40.4293
29 47.27 0.048 47.222
25 40.4293 0.048 40.3813
34 50 0.0048 49.9952
29 47.4306 0.048 47.3826
25 40.8766 0.048 40.8286
29 47.3826 0.048 47.3346
25 40.8286 0.048 40.7806
29 47.3346 0.048 47.2866
25 40.7806 0.048 40.7326
29 47.2866 0.048 47.2386
25 40.7326 0.048 40.6846
29 47.2386 0.048 47.1906
25 40.6846 0.048 40.6366
29 47.1906 0.048 47.1426
25 40.6366 0.048 40.5886
29 47.1426 0.048 47.0946
25 40.5886 0.048 40.5406
29 47.0946 0.048 47.0466
25 40.5406 0.048 40.4926
29 47.0466 0.048 46.9986
25 40.4926 0.048 40.4446
29 46.9986 0.048 46.9506
25 40.4446 0.048 40.3966
34 50 0.0048 49.9952
29 47.1397 0.048 47.0917
25 40.6325 0.048 40.5845
29 47.0917 0.048 47.0437
25 40.5845 0.048 40.5365
29 47.0437 0.048 46.9957
25 40.5365 0.048 40.4885
29 46.9957 0.048 46.9477
25 40.4885 0.048 40.4405
29 46.9477 0.048 46.8997
25 40.4405 0.048 40.3925
29 46.8997 0.048 46.8517
25 40.3925 0.048 40.3445
29 46.8517 0.048 46.8037
25 40.3445 0.048 40.2965
29 46.8037 0.048 46.7557
25 40.2965 0.048 40.2485
29 46.7557 0.048 46.7077
25 40.2485 0.048 40.2005
29 46.7077 0.048 46.6597
25 40.2005 0.048 40.1525
29 46.9555 0.048 46.9075
25 40.4121 0.048 40.3641
29 46.9075 0.048 46.8595
25 40.3641 0.048 40.3161
29 46.8595 0.048 46.8115
25 40.3161 0.048 40.2681
29 46.8115 0.048 46.7635
25 40.2681 0.048 40.2201
29 46.7635 0.048 46.7155
25 40.2201 0.048 40.1721
29 46.7155 0.048 46.6675
25 40.1721 0.048 40.1241
26 50 0.048 49.952
26 49.952 0.0048 49.9472
26 49.9472 0.16 49.7872
26 49.7872 0.0016 49.7856
29 46.6675 0.048 46.6195
25 40.1241 0.048 40.0761
29 46.6195 0.048 46.5715
25 40.0761 0.048 40.0281
29 46.5715 0.048 46.5235
25 40.0281 0.048 39.9801
29 46.5235 0.048 46.4755
25 39.9801 0.048 39.9321
29 46.9426 0.048 46.8946
25 40.1799 0.048 40.1319
29 46.8946 0.048 46.8466
25 40.1319 0.048 40.0839
29 46.8466 0.048 46.7986
34 50 0.048 49.952
25 40.0839 0.048 40.0359
29 46.7986 0.048 46.7506
34 49.952 0.048 49.904
34 49.904 0.0048 49.8992
34 49.8992 0.16 49.7392
34 49.7392 0.0016 49.7376
25 40.0359 0.048 39.9879
29 46.7506 0.048 46.7026
25 39.9879 0.048 39.9399
29 46.7026 0.048 46.6546
25 39.9399 0.048 39.8919
29 46.6546 0.048 46.6066
25 39.8919 0.048 39.8439
29 46.6066 0.048 46.5586
25 39.8439 0.048 39.7959
29 46.5586 0.048 46.5106
25 39.7959 0.048 39.7479
29 46.5106 0.048 46.4626
25 39.7479 0.048 39.6999
29 46.8206 0.048 46.7726
25 40.063 0.048 40.015
29 46.7726 0.048 46.7246
25 40.015 0.048 39.967
29 46.7246 0.048 46.6766
25 39.967 0.048 39.919
29 46.6766 0.048 46.6286
25 39.919 0.048 39.871
29 46.6286 0.048 46.5806
25 39.871 0.048 39.823
29 46.5806 0.048 46.5326
25 39.823 0.048 39.775
29 46.5326 0.048 46.4846
25 39.775 0.048 39.727
29 46.4846 0.048 46.4366
25 39.727 0.048 39.679
29 46.4366 0.048 46.3886
25 39.679 0.048 39.631
29 46.3886 0.048 46.3406
25 39.631 0.048 39.583
29 46.6515 0.048 46.6035
25 39.9797 0.048 39.9317
29 46.6035 0.048 46.5555
25 39.9317 0.048 39.8837
28 50 0.048 49.952
29 46.5555 0.048 46.5075
25 39.8837 0.048 39.8357
28 49.952 0.048 49.904
29 46.5075 0.048 46.4595
25 39.8357 0.048 39.7877
28 50 0.048 49.952
29 46.4595 0.048 46.4115
25 39.7877 0.048 39.7397
28 49.952 0.048 49.904
29 46.4115 0.048 46.3635
25 39.7397 0.048 39.6917
28 49.904 0.048 49.856
29 46.3635 0.048 46.3155
25 39.6917 0.048 39.6437
28 49.856 0.048 49.808
29 46.3155 0.048 46.2675
25 39.6437 0.048 39.5957
28 49.808 0.048 49.76
29 46.2675 0.048 46.2195
25 39.5957 0.048 39.5477
28 49.76 0.048 49.712
29 46.2195 0.048 46.1715
25 39.5477 0.048 39.4997
28 49.712 0.048 49.664
29 46.313 0.048 46.265
25 39.8729 0.048 39.8249
28 49.664 0.048 49.616
29 46.265 0.048 46.217
25 39.8249 0.048 39.7769
28 49.616 0.048 49.568
29 46.217 0.048 46.169
25 39.7769 0.048 39.7289
28 49.568 0.048 49.52
29 46.169 0.048 46.121
25 39.7289 0.048 39.6809
28 49.703 0.048 49.655
29 46.121 0.048 46.073
25 39.6809 0.048 39.6329
28 49.655 0.048 49.607
29 46.073 0.048 46.025
25 39.6329 0.048 39.5849
28 49.607 0.048 49.559
29 46.025 0.048 45.977
25 39.5849 0.048 39.5369
28 49.559 0.048 49.511
29 45.977 0.048 45.929
25 39.5369 0.048 39.4889
28 49.511 0.048 49.463
29 45.929 0.048 45.881
25 39.4889 0.048 39.4409
28 49.463 0.048 49.415
29 45.881 0.048 45.833
25 39.4409 0.048 39.3929
25 39.3929 0.0048 39.3881
28 49.415 0.048 49.367
29 46.2327 0.048 46.1847
25 39.7295 0.048 39.6815
28 49.367 0.048 49.319
29 46.1847 0.048 46.1367
25 39.6815 0.048 39.6335
28 49.319 0.048 49.271
29 46.1367 0.048 46.0887
25 39.6335 0.048 39.5855
28 49.271 0.048 49.223
29 46.0887 0.048 46.0407
25 39.5855 0.048 39.5375
28 49.548 0.048 49.5
29 46.0407 0.048 45.9927
25 39.5375 0.048 39.4895
28 49.5 0.048 49.452
29 45.9927 0.048 45.9447
25 39.4895 0.048 39.4415
28 49.452 0.048 49.404
29 45.9447 0.048 45.8967
25 39.4415 0.048 39.3935
28 49.404 0.048 49.356
29 45.8967 0.048 45.8487
25 39.3935 0.048 39.3455
28 49.356 0.048 49.308
29 45.8487 0.048 45.8007
25 39.3455 0.048 39.2975
28 49.308 0.048 49.26
29 45.8007 0.048 45.7527
27 50 0.048 49.952
25 39.2975 0.048 39.2495
25 39.2495 0.0048 39.2447
32 50 0.0048 49.9952
28 49.26 0.048 49.212
29 45.9534 0.048 45.9054
27 49.952 0.048 49.904
25 39.713 0.048 39.665
28 49.212 0.048 49.164
29 45.9054 0.048 45.8574
27 49.904 0.048 49.856
25 39.665 0.048 39.617
28 49.164 0.048 49.116
29 45.8574 0.048 45.8094
27 49.856 0.048 49.808
25 39.617 0.048 39.569
28 49.116 0.048 49.068
29 45.8094 0.048 45.7614
27 49.808 0.048 49.76
27 49.76 0.0048 49.7552
27 49.7552 0.16 49.5952
27 49.5952 0.0016 49.5936
25 39.569 0.048 39.521
28 49.2876 0.048 49.2396
29 45.7614 0.048 45.7134
25 39.521 0.048 39.473
28 49.2396 0.048 49.1916
29 45.7134 0.048 45.6654
25 39.473 0.048 39.425
28 49.1916 0.048 49.1436
29 45.6654 0.048 45.6174
25 39.425 0.048 39.377
28 49.1436 0.048 49.0956
29 45.6174 0.048 45.5694
25 39.377 0.048 39.329
28 49.0956 0.048 49.0476
29 45.5694 0.048 45.5214
25 39.329 0.048 39.281
28 49.0476 0.048 48.9996
29 45.5214 0.048 45.4734
25 39.281 0.048 39.233
32 50 0.0048 49.9952
33 50 0.0048 49.9952
28 48.9996 0.048 48.9516
29 45.9243 0.048 45.8763
25 39.3921 0.048 39.3441
28 48.9516 0.048 48.9036
29 45.8763 0.048 45.8283
25 39.3441 0.048 39.2961
28 48.9036 0.048 48.8556
29 45.8283 0.048 45.7803
25 39.2961 0.048 39.2481
28 48.8556 0.048 48.8076
29 45.7803 0.048 45.7323
25 39.2481 0.048 39.2001
28 49.2116 0.048 49.1636
29 45.7323 0.048 45.6843
25 39.2001 0.048 39.1521
28 49.1636 0.048 49.1156
29 45.6843 0.048 45.6363
25 39.1521 0.048 39.1041
28 49.1156 0.048 49.0676
29 45.6363 0.048 45.5883
25 39.1041 0.048 39.0561
28 49.0676 0.048 49.0196
29 45.5883 0.048 45.5403
25 39.0561 0.048 39.0081
28 49.0196 0.048 48.9716
29 45.5403 0.048 45.4923
25 39.0081 0.048 38.9601
28 48.9716 0.048 48.9236
29 45.4923 0.048 45.4443
25 38.9601 0.048 38.9121
32 50 0.0048 49.9952
33 50 0.0048 49.9952
28 48.9236 0.048 48.8756
29 45.8001 0.048 45.7521
25 39.1893 0.048 39.1413
28 48.8756 0.048 48.8276
29 45.7521 0.048 45.7041
25 39.1413 0.048 39.0933
28 48.8276 0.048 48.7796
29 45.7041 0.048 45.6561
25 39.0933 0.048 39.0453
28 48.7796 0.048 48.7316
29 45.6561 0.048 45.6081
25 39.0453 0.048 38.9973
28 49.0195 0.048 48.9715
29 45.6081 0.048 45.5601
25 38.9973 0.048 38.9493
28 48.9715 0.048 48.9235
29 45.5601 0.048 45.5121
29 45.5121 0.0048 45.5073
29 45.5073 0.16 45.3473
29 45.3473 0.0016 45.3457
25 38.9493 0.048 38.9013
28 48.9235 0.048 48.8755
25 38.9013 0.048 38.8533
28 48.8755 0.048 48.8275
25 38.8533 0.048 38.8053
28 48.8275 0.048 48.7795
25 38.8053 0.048 38.7573
28 48.7795 0.048 48.7315
25 38.7573 0.048 38.7093
32 50 0.0048 49.9952
28 48.7315 0.048 48.6835
25 38.9704 0.048 38.9224
28 48.6835 0.048 48.6355
25 38.9224 0.048 38.8744
28 48.6355 0.048 48.5875
28 48.5875 0.0048 48.5827
28 48.5827 0.16 48.4227
28 48.4227 0.0016 48.4211
25 38.8744 0.048 38.8264
25 38.8264 0.048 38.7784
25 38.7784 0.048 38.7304
25 38.7304 0.048 38.6824
25 38.6824 0.048 38.6344
25 38.6344 0.048 38.5864
25 38.5864 0.048 38.5384
25 38.5384 0.048 38.4904
25 38.6858 0.048 38.6378
25 38.6378 0.048 38.5898
25 38.5898 0.048 38.5418
25 38.5418 0.048 38.4938
25 38.4938 0.048 38.4458
25 38.4458 0.048 38.3978
25 38.3978 0.048 38.3498
25 38.3498 0.048 38.3018
25 38.3018 0.048 38.2538
25 38.2538 0.048 38.2058
25 38.5873 0.048 38.5393
25 38.5393 0.048 38.4913
25 38.4913 0.048 38.4433
25 38.4433 0.048 38.3953
25 38.3953 0.0048 38.3905
25 38.3905 0.16 38.2305
25 38.2305 0.0016 38.2289
33 50 0.048 49.952
32 50 0.0048 49.9952
32 49.9952 0.048 49.9472
33 49.952 0.0048 49.9472
33 49.9472 0.16 49.7872
32 49.9472 0.016 49.9312
32 49.9312 0.016 49.9152
33 49.7872 0.0016 49.7856
32 49.9152 0.048 49.8672
33 49.7856 0.0048 49.7808
32 49.8672 0.048 49.8192
33 49.7808 0.0048 49.776
32 49.8192 0.048 49.7712
33 49.776 0.0048 49.7712
32 49.7712 0.048 49.7232
33 49.7712 0.0048 49.7664
32 49.7232 0.048 49.6752
33 49.7664 0.0048 49.7616
32 49.6752 0.048 49.6272
33 49.7616 0.0048 49.7568
32 50 0.048 49.952
33 49.7568 0.0048 49.752
32 49.952 0.048 49.904
33 49.752 0.0048 49.7472
32 49.904 0.048 49.856
33 49.7472 0.0048 49.7424
32 49.856 0.048 49.808
33 49.7424 0.0048 49.7376
32 49.808 0.048 49.76
33 50 0.0048 49.9952
32 49.76 0.048 49.712
33 49.9952 0.0048 49.9904
32 49.712 0.048 49.664
33 49.9904 0.0048 49.9856
32 49.664 0.048 49.616
33 49.9856 0.0048 49.9808
32 49.616 0.048 49.568
33 49.9808 0.0048 49.976
32 49.568 0.048 49.52
33 49.976 0.0048 49.9712
32 49.704 0.048 49.656
33 49.9712 0.0048 49.9664
32 49.656 0.048 49.608
33 49.9664 0.0048 49.9616
32 49.608 0.048 49.56
33 49.9616 0.0048 49.9568
32 49.56 0.048 49.512
33 49.9568 0.0048 49.952
32 49.512 0.048 49.464
33 50 0.0048 49.9952
32 49.464 0.048 49.416
33 49.9952 0.0048 49.9904
32 49.416 0.048 49.368
33 49.9904 0.0048 49.9856
32 49.368 0.048 49.32
33 49.9856 0.0048 49.9808
32 49.32 0.048 49.272
33 49.9808 0.0048 49.976
32 49.272 0.048 49.224
33 49.976 0.0048 49.9712
32 49.58 0.048 49.532
33 49.9712 0.0048 49.9664
32 49.532 0.048 49.484
33 49.9664 0.0048 49.9616
32 49.484 0.048 49.436
33 49.9616 0.0048 49.9568
32 49.436 0.048 49.388
33 49.9568 0.0048 49.952
32 49.388 0.048 49.34
33 50 0.0048 49.9952
32 49.34 0.048 49.292
33 49.9952 0.0048 49.9904
32 49.292 0.0048 49.2872
32 49.2872 0.16 49.1272
32 49.1272 0.0016 49.1256
26 50 0.0048 49.9952
26 50 0.0048 49.9952
26 50 0.0048 49.9952
26 50 0.0048 49.9952
30 50 0.0048 49.9952
30 50 0.0048 49.9952
30 50 0.0048 49.9952
30 50 0.0048 49.9952
31 50 0.048 49.952
31 49.952 0.048 49.904
31 49.904 0.048 49.856
31 49.856 0.048 49.808
31 49.808 0.048 49.76
31 49.76 0.048 49.712
31 49.712 0.048 49.664
31 49.664 0.048 49.616
31 49.616 0.048 49.568
31 49.7096 0.048 49.6616
31 49.6616 0.048 49.6136
31 49.6136 0.048 49.5656
31 49.5656 0.048 49.5176
31 49.5176 0.048 49.4696
31 49.4696 0.048 49.4216
31 49.4216 0.048 49.3736
31 49.3736 0.048 49.3256
26 50 0.048 49.952
31 49.3256 0.048 49.2776
26 49.952 0.048 49.904
31 49.2776 0.048 49.2296
26 49.904 0.048 49.856
31 49.6505 0.048 49.6025
26 49.856 0.048 49.808
31 49.6025 0.048 49.5545
26 49.808 0.048 49.76
31 49.5545 0.048 49.5065
26 50 0.048 49.952
31 49.5065 0.048 49.4585
26 49.952 0.048 49.904
31 49.4585 0.048 49.4105
26 49.904 0.048 49.856
31 49.4105 0.048 49.3625
26 49.856 0.048 49.808
31 49.3625 0.048 49.3145
26 49.808 0.048 49.76
31 49.3145 0.048 49.2665
26 49.76 0.048 49.712
31 49.2665 0.048 49.2185
26 49.712 0.048 49.664
31 49.2185 0.048 49.1705
26 49.664 0.048 49.616
31 49.4451 0.048 49.3971
26 49.616 0.048 49.568
31 49.3971 0.048 49.3491
26 49.568 0.048 49.52
31 49.3491 0.048 49.3011
26 49.9335 0.048 49.8855
31 49.3011 0.048 49.2531
26 49.8855 0.048 49.8375
31 49.2531 0.048 49.2051
26 49.8375 0.048 49.7895
31 49.2051 0.048 49.1571
26 49.7895 0.048 49.7415
31 49.1571 0.048 49.1091
26 49.7415 0.048 49.6935
31 49.1091 0.048 49.0611
26 49.6935 0.048 49.6455
31 49.0611 0.048 49.0131
26 49.6455 0.048 49.5975
31 49.0131 0.048 48.9651
26 49.5975 0.048 49.5495
31 49.3533 0.048 49.3053
26 49.5495 0.048 49.5015
31 49.3053 0.048 49.2573
26 49.5015 0.048 49.4535
31 49.2573 0.048 49.2093
26 49.5807 0.048 49.5327
31 49.2093 0.048 49.1613
26 49.5327 0.048 49.4847
31 49.1613 0.048 49.1133
26 49.4847 0.048 49.4367
31 49.1133 0.048 49.0653
26 49.4367 0.048 49.3887
31 49.0653 0.048 49.0173
26 49.3887 0.048 49.3407
31 49.0173 0.048 48.9693
26 49.3407 0.048 49.2927
31 48.9693 0.048 48.9213
26 49.2927 0.048 49.2447
31 48.9213 0.048 48.8733
26 49.2447 0.048 49.1967
31 49.065 0.048 49.017
26 49.1967 0.048 49.1487
31 49.017 0.048 48.969
26 49.1487 0.048 49.1007
31 48.969 0.048 48.921
26 49.5152 0.048 49.4672
31 48.921 0.048 48.873
26 49.4672 0.048 49.4192
31 48.873 0.048 48.825
26 49.4192 0.048 49.3712
31 48.825 0.048 48.777
26 49.3712 0.048 49.3232
31 48.777 0.048 48.729
26 49.3232 0.048 49.2752
31 48.729 0.048 48.681
26 49.2752 0.048 49.2272
31 48.681 0.048 48.633
26 49.2272 0.048 49.1792
31 48.633 0.048 48.585
26 49.1792 0.048 49.1312
31 48.8645 0.048 48.8165
26 49.1312 0.048 49.0832
31 48.8165 0.048 48.7685
26 49.0832 0.048 49.0352
31 48.7685 0.048 48.7205
26 49.3552 0.048 49.3072
31 48.7205 0.048 48.6725
26 49.3072 0.048 49.2592
31 48.6725 0.048 48.6245
26 49.2592 0.048 49.2112
31 48.6245 0.048 48.5765
26 49.2112 0.048 49.1632
31 48.5765 0.048 48.5285
26 49.1632 0.048 49.1152
31 48.5285 0.048 48.4805
26 49.1152 0.048 49.0672
31 48.4805 0.048 48.4325
26 49.0672 0.048 49.0192
31 48.4325 0.048 48.3845
26 49.0192 0.048 48.9712
32 50 0.048 49.952
33 50 0.0048 49.9952
31 48.677 0.048 48.629
26 48.9712 0.048 48.9232
32 49.952 0.048 49.904
33 49.9952 0.0048 49.9904
31 48.629 0.048 48.581
26 48.9232 0.048 48.8752
32 49.904 0.048 49.856
33 49.9904 0.0048 49.9856
31 48.581 0.048 48.533
26 49.3296 0.048 49.2816
32 49.856 0.048 49.808
33 49.9856 0.0048 49.9808
31 48.533 0.048 48.485
26 49.2816 0.048 49.2336
32 49.808 0.048 49.76
33 50 0.0048 49.9952
31 48.485 0.048 48.437
26 49.2336 0.048 49.1856
32 49.76 0.048 49.712
33 49.9952 0.0048 49.9904
31 48.437 0.048 48.389
26 49.1856 0.048 49.1376
32 49.712 0.048 49.664
33 49.9904 0.0048 49.9856
31 48.389 0.048 48.341
26 49.1376 0.048 49.0896
32 49.664 0.048 49.616
33 49.9856 0.0048 49.9808
31 48.341 0.048 48.293
26 49.0896 0.048 49.0416
32 49.616 0.048 49.568
33 49.9808 0.0048 49.976
34 50 0.048 49.952
31 48.293 0.048 48.245
26 49.0416 0.048 48.9936
32 49.568 0.048 49.52
33 49.976 0.0048 49.9712
34 49.952 0.048 49.904
31 48.245 0.048 48.197
26 48.9936 0.048 48.9456
32 49.83 0.048 49.782
33 49.9712 0.0048 49.9664
34 49.904 0.048 49.856
31 48.6101 0.048 48.5621
26 48.9456 0.048 48.8976
32 49.782 0.048 49.734
33 49.9664 0.0048 49.9616
34 50 0.048 49.952
31 48.5621 0.048 48.5141
26 48.8976 0.048 48.8496
32 49.734 0.048 49.686
33 49.9616 0.0048 49.9568
34 49.952 0.048 49.904
31 48.5141 0.048 48.4661
26 49.0267 0.048 48.9787
32 49.686 0.048 49.638
33 49.9568 0.0048 49.952
34 49.904 0.048 49.856
31 48.4661 0.048 48.4181
26 48.9787 0.048 48.9307
32 49.638 0.048 49.59
33 50 0.0048 49.9952
34 49.856 0.048 49.808
31 48.4181 0.048 48.3701
26 48.9307 0.048 48.8827
32 49.59 0.048 49.542
33 49.9952 0.0048 49.9904
34 49.808 0.048 49.76
31 48.3701 0.048 48.3221
31 48.3221 0.0048 48.3173
31 48.3173 0.16 48.1573
31 48.1573 0.0016 48.1557
26 48.8827 0.048 48.8347
32 49.542 0.048 49.494
33 49.9904 0.0048 49.9856
34 49.76 0.048 49.712
26 48.8347 0.048 48.7867
32 49.494 0.048 49.446
33 49.9856 0.0048 49.9808
34 49.712 0.048 49.664
26 48.7867 0.048 48.7387
32 49.446 0.048 49.398
33 49.9808 0.0048 49.976
34 49.664 0.048 49.616
26 48.7387 0.048 48.6907
32 49.398 0.048 49.35
33 49.976 0.0048 49.9712
34 49.616 0.048 49.568
26 48.6907 0.048 48.6427
32 49.6141 0.048 49.5661
33 49.9712 0.0048 49.9664
34 49.568 0.048 49.52
26 48.6427 0.048 48.5947
32 49.5661 0.048 49.5181
33 49.9664 0.0048 49.9616
34 50 0.048 49.952
26 48.5947 0.048 48.5467
32 49.5181 0.048 49.4701
33 49.9616 0.0048 49.9568
34 49.952 0.048 49.904
26 48.8561 0.048 48.8081
32 49.4701 0.048 49.4221
33 49.9568 0.0048 49.952
34 49.904 0.048 49.856
26 48.8081 0.048 48.7601
32 49.4221 0.048 49.3741
33 50 0.0048 49.9952
34 49.856 0.048 49.808
26 48.7601 0.048 48.7121
32 49.3741 0.048 49.3261
33 49.9952 0.0048 49.9904
34 49.808 0.048 49.76
26 48.7121 0.048 48.6641
31 48.504 0.0048 48.4992
32 49.3261 0.048 49.2781
33 49.9904 0.0048 49.9856
34 49.76 0.048 49.712
26 48.6641 0.048 48.6161
32 49.2781 0.048 49.2301
33 49.9856 0.0048 49.9808
34 49.712 0.048 49.664
27 50 0.048 49.952
26 48.6161 0.048 48.5681
32 49.2301 0.048 49.1821
33 49.9808 0.0048 49.976
34 49.664 0.048 49.616
27 49.952 0.048 49.904
26 48.5681 0.048 48.5201
32 49.1821 0.048 49.1341
33 49.976 0.0048 49.9712
34 49.616 0.048 49.568
27 49.904 0.048 49.856
26 48.5201 0.048 48.4721
32 49.4921 0.048 49.4441
33 49.9712 0.0048 49.9664
34 49.568 0.048 49.52
30 50 0.048 49.952
27 49.856 0.048 49.808
26 48.4721 0.048 48.4241
32 49.4441 0.048 49.3961
33 49.9664 0.0048 49.9616
34 49.8654 0.048 49.8174
30 49.952 0.048 49.904
27 49.808 0.048 49.76
26 48.4241 0.048 48.3761
32 49.3961 0.048 49.3481
33 49.9616 0.0048 49.9568
34 49.8174 0.048 49.7694
30 49.904 0.048 49.856
27 50 0.048 49.952
26 48.7563 0.048 48.7083
32 49.3481 0.048 49.3001
33 49.9568 0.0048 49.952
34 49.7694 0.048 49.7214
30 49.856 0.048 49.808
27 49.952 0.048 49.904
26 48.7083 0.048 48.6603
32 49.3001 0.048 49.2521
33 50 0.0048 49.9952
34 49.7214 0.048 49.6734
34 49.6734 0.0048 49.6686
34 49.6686 0.16 49.5086
34 49.5086 0.0016 49.507
30 49.808 0.048 49.76
27 49.904 0.048 49.856
26 48.6603 0.048 48.6123
32 49.2521 0.048 49.2041
33 49.9952 0.0048 49.9904
30 50 0.048 49.952
27 49.856 0.048 49.808
26 48.6123 0.048 48.5643
31 48.6374 0.0048 48.6326
32 49.2041 0.048 49.1561
33 49.9904 0.0048 49.9856
30 49.952 0.048 49.904
27 49.808 0.048 49.76
26 48.5643 0.048 48.5163
32 49.1561 0.048 49.1081
33 49.9856 0.0048 49.9808
30 49.904 0.048 49.856
27 49.76 0.048 49.712
26 48.5163 0.048 48.4683
32 49.1081 0.048 49.0601
33 49.9808 0.0048 49.976
30 49.856 0.048 49.808
27 49.712 0.048 49.664
26 48.4683 0.048 48.4203
32 49.0601 0.048 49.0121
33 49.976 0.0048 49.9712
30 49.808 0.048 49.76
27 49.664 0.048 49.616
26 48.4203 0.048 48.3723
32 49.1633 0.048 49.1153
33 49.9712 0.0048 49.9664
30 49.76 0.048 49.712
27 49.616 0.048 49.568
26 48.3723 0.048 48.3243
32 49.1153 0.048 49.0673
33 49.9664 0.0048 49.9616
30 49.712 0.048 49.664
27 49.568 0.048 49.52
26 48.3243 0.048 48.2763
32 49.0673 0.048 49.0193
33 49.9616 0.0048 49.9568
30 49.664 0.048 49.616
27 50 0.048 49.952
26 48.7167 0.048 48.6687
32 49.0193 0.048 48.9713
33 49.9568 0.0048 49.952
30 49.616 0.048 49.568
27 49.952 0.048 49.904
26 48.6687 0.048 48.6207
32 48.9713 0.048 48.9233
33 50 0.0048 49.9952
30 49.568 0.048 49.52
27 49.904 0.048 49.856
26 48.6207 0.048 48.5727
32 48.9233 0.048 48.8753
33 49.9952 0.0048 49.9904
30 49.9594 0.048 49.9114
27 49.856 0.048 49.808
26 48.5727 0.048 48.5247
31 48.7807 0.0048 48.7759
32 48.8753 0.048 48.8273
33 49.9904 0.0048 49.9856
30 49.9114 0.048 49.8634
27 49.808 0.048 49.76
26 48.5247 0.048 48.4767
32 48.8273 0.048 48.7793
33 49.9856 0.0048 49.9808
30 49.8634 0.048 49.8154
27 49.76 0.048 49.712
26 48.4767 0.048 48.4287
32 48.7793 0.048 48.7313
33 49.9808 0.0048 49.976
30 49.8154 0.048 49.7674
27 49.712 0.048 49.664
26 48.4287 0.048 48.3807
32 48.7313 0.048 48.6833
33 49.976 0.0048 49.9712
30 49.7674 0.048 49.7194
27 49.664 0.048 49.616
26 48.3807 0.048 48.3327
32 48.8629 0.048 48.8149
33 49.9712 0.0048 49.9664
30 49.7194 0.048 49.6714
27 49.616 0.048 49.568
26 48.3327 0.048 48.2847
32 48.8149 0.048 48.7669
33 49.9664 0.0048 49.9616
33 49.9616 0.048 49.9136
32 48.7669 0.0048 48.7621
30 49.6714 0.048 49.6234
27 49.568 0.048 49.52
26 48.2847 0.048 48.2367
32 48.7621 0.048 48.7141
33 49.9136 0.0048 49.9088
33 49.9088 0.048 49.8608
32 48.7141 0.0048 48.7093
30 49.6234 0.048 49.5754
27 49.7017 0.048 49.6537
26 48.6358 0.048 48.5878
32 48.7093 0.048 48.6613
33 49.8608 0.0048 49.856
33 49.856 0.048 49.808
32 48.6613 0.0048 48.6565
30 49.5754 0.048 49.5274
27 49.6537 0.048 49.6057
26 48.5878 0.048 48.5398
32 48.6565 0.048 48.6085
33 50 0.0048 49.9952
33 49.9952 0.048 49.9472
32 48.6085 0.0048 48.6037
30 49.5274 0.048 49.4794
27 49.6057 0.048 49.5577
26 48.5398 0.048 48.4918
28 50 0.048 49.952
32 48.6037 0.048 48.5557
33 49.9472 0.0048 49.9424
33 49.9424 0.048 49.8944
32 48.5557 0.0048 48.5509
30 49.8504 0.048 49.8024
27 49.5577 0.048 49.5097
26 48.4918 0.048 48.4438
28 49.952 0.048 49.904
29 50 0.0048 49.9952
32 48.5509 0.048 48.5029
33 49.8944 0.0048 49.8896
33 49.8896 0.048 49.8416
32 48.5029 0.0048 48.4981
30 49.8024 0.048 49.7544
27 49.5097 0.048 49.4617
26 48.4438 0.048 48.3958
28 49.904 0.048 49.856
32 48.4981 0.048 48.4501
33 49.8416 0.0048 49.8368
33 49.8368 0.048 49.7888
32 48.4501 0.0048 48.4453
30 49.7544 0.048 49.7064
27 49.4617 0.048 49.4137
26 48.3958 0.048 48.3478
28 49.856 0.048 49.808
32 48.4453 0.048 48.3973
33 49.7888 0.0048 49.784
33 49.784 0.048 49.736
32 48.3973 0.0048 48.3925
30 49.7064 0.048 49.6584
27 49.4137 0.048 49.3657
26 48.3478 0.048 48.2998
28 49.808 0.048 49.76
32 48.3925 0.048 48.3445
33 49.736 0.0048 49.7312
33 49.7312 0.048 49.6832
32 48.4814 0.0048 48.4766
30 49.6584 0.048 49.6104
27 49.3657 0.048 49.3177
26 48.2998 0.048 48.2518
28 50 0.048 49.952
32 48.4766 0.048 48.4286
33 49.6832 0.0048 49.6784
33 49.6784 0.048 49.6304
32 48.4286 0.0048 48.4238
30 49.6104 0.048 49.5624
27 49.3177 0.048 49.2697
26 48.2518 0.048 48.2038
28 49.952 0.048 49.904
32 48.4238 0.048 48.3758
33 49.6304 0.0048 49.6256
33 49.6256 0.048 49.5776
32 48.3758 0.0048 48.371
30 49.5624 0.048 49.5144
27 49.2697 0.048 49.2217
26 48.2038 0.048 48.1558
28 49.904 0.048 49.856
32 48.371 0.048 48.323
33 49.5776 0.0048 49.5728
33 49.5728 0.048 49.5248
32 48.323 0.0048 48.3182
30 49.5144 0.048 49.4664
27 49.4586 0.048 49.4106
26 48.2971 0.048 48.2491
28 49.856 0.048 49.808
32 48.3182 0.048 48.2702
33 49.5248 0.0048 49.52
33 49.52 0.048 49.472
32 48.2702 0.0048 48.2654
30 49.4664 0.048 49.4184
27 49.4106 0.048 49.3626
26 48.2491 0.048 48.2011
28 49.808 0.048 49.76
32 48.2654 0.048 48.2174
33 49.7266 0.0048 49.7218
33 49.7218 0.048 49.6738
32 48.2174 0.0048 48.2126
30 49.4184 0.048 49.3704
27 49.3626 0.048 49.3146
26 48.2011 0.048 48.1531
28 49.76 0.048 49.712
32 48.2126 0.048 48.1646
33 49.6738 0.0048 49.669
33 49.669 0.048 49.621
32 48.1646 0.0048 48.1598
30 49.4728 0.048 49.4248
27 49.3146 0.048 49.2666
26 48.1531 0.048 48.1051
28 49.712 0.048 49.664
29 50 0.0048 49.9952
32 48.1598 0.048 48.1118
33 49.621 0.0048 49.6162
33 49.6162 0.048 49.5682
32 48.1118 0.0048 48.107
30 49.4248 0.048 49.3768
27 49.2666 0.048 49.2186
26 48.1051 0.048 48.0571
28 49.664 0.048 49.616
32 48.107 0.048 48.059
33 49.5682 0.0048 49.5634
33 49.5634 0.048 49.5154
32 48.059 0.0048 48.0542
30 49.3768 0.048 49.3288
27 49.2186 0.048 49.1706
26 48.0571 0.048 48.0091
28 49.616 0.048 49.568
32 48.0542 0.048 48.0062
33 49.5154 0.0048 49.5106
33 49.5106 0.048 49.4626
32 48.0062 0.0048 48.0014
30 49.3288 0.048 49.2808
27 49.1706 0.048 49.1226
26 48.0091 0.048 47.9611
28 49.568 0.048 49.52
32 48.0014 0.048 47.9534
33 49.4626 0.0048 49.4578
33 49.4578 0.048 49.4098
32 48.1386 0.0048 48.1338
30 49.2808 0.048 49.2328
27 49.1226 0.048 49.0746
26 47.9611 0.048 47.9131
28 49.889 0.048 49.841
32 48.1338 0.048 48.0858
33 49.4098 0.0048 49.405
33 49.405 0.048 49.357
32 48.0858 0.0048 48.081
30 49.2328 0.048 49.1848
27 49.0746 0.048 49.0266
26 47.9131 0.048 47.8651
28 49.841 0.048 49.793
32 48.081 0.048 48.033
33 49.357 0.0048 49.3522
33 49.3522 0.048 49.3042
32 48.033 0.0048 48.0282
30 49.1848 0.048 49.1368
27 49.0266 0.048 48.9786
26 47.8651 0.048 47.8171
28 49.793 0.048 49.745
32 48.0282 0.048 47.9802
33 49.3042 0.0048 49.2994
33 49.2994 0.048 49.2514
32 47.9802 0.0048 47.9754
30 49.1368 0.048 49.0888
27 49.3162 0.048 49.2682
26 47.9941 0.048 47.9461
28 49.745 0.048 49.697
32 47.9754 0.048 47.9274
33 49.2514 0.0048 49.2466
33 49.2466 0.048 49.1986
32 47.9274 0.0048 47.9226
30 49.0888 0.048 49.0408
27 49.2682 0.048 49.2202
26 47.9461 0.048 47.8981
28 49.697 0.048 49.649
32 47.9226 0.048 47.8746
33 49.534 0.0048 49.5292
33 49.5292 0.048 49.4812
32 47.8746 0.0048 47.8698
30 49.0408 0.048 48.9928
27 49.2202 0.048 49.1722
26 47.8981 0.048 47.8501
28 49.649 0.048 49.601
32 47.8698 0.048 47.8218
33 49.4812 0.0048 49.4764
33 49.4764 0.048 49.4284
32 47.8218 0.0048 47.817
30 49.1153 0.048 49.0673
27 49.1722 0.048 49.1242
26 47.8501 0.048 47.8021
28 49.601 0.048 49.553
29 50 0.0048 49.9952
32 47.817 0.048 47.769
33 49.4284 0.0048 49.4236
33 49.4236 0.048 49.3756
32 47.769 0.0048 47.7642
30 49.0673 0.048 49.0193
27 49.1242 0.048 49.0762
26 47.8021 0.048 47.7541
28 49.553 0.048 49.505
32 47.7642 0.048 47.7162
33 49.3756 0.0048 49.3708
33 49.3708 0.048 49.3228
32 47.7162 0.0048 47.7114
30 49.0193 0.048 48.9713
27 49.0762 0.048 49.0282
26 47.7541 0.048 47.7061
28 49.505 0.048 49.457
32 47.7114 0.048 47.6634
33 49.3228 0.0048 49.318
33 49.318 0.048 49.27
32 47.6634 0.0048 47.6586
30 48.9713 0.048 48.9233
27 49.0282 0.048 48.9802
26 47.7061 0.048 47.6581
28 49.457 0.048 49.409
32 47.6586 0.048 47.6106
33 49.27 0.0048 49.2652
33 49.2652 0.048 49.2172
32 47.9646 0.0048 47.9598
30 48.9233 0.048 48.8753
27 48.9802 0.048 48.9322
26 47.6581 0.048 47.6101
28 49.7405 0.048 49.6925
32 47.9598 0.048 47.9118
33 49.2172 0.0048 49.2124
33 49.2124 0.048 49.1644
32 47.9118 0.0048 47.907
30 48.8753 0.048 48.8273
27 48.9322 0.048 48.8842
26 47.6101 0.048 47.5621
28 49.6925 0.048 49.6445
32 47.907 0.048 47.859
33 49.1644 0.0048 49.1596
33 49.1596 0.048 49.1116
32 47.859 0.0048 47.8542
30 48.8273 0.048 48.7793
27 48.8842 0.048 48.8362
26 47.5621 0.048 47.5141
28 49.6445 0.048 49.5965
32 47.8542 0.048 47.8062
33 49.1116 0.0048 49.1068
33 49.1068 0.048 49.0588
32 47.8062 0.0048 47.8014
30 48.7793 0.048 48.7313
27 49.0106 0.048 48.9626
26 47.7236 0.048 47.6756
28 49.5965 0.048 49.5485
32 47.8014 0.048 47.7534
33 49.0588 0.0048 49.054
33 49.054 0.048 49.006
30 48.7313 0.048 48.6833
27 48.9626 0.048 48.9146
26 47.6756 0.048 47.6276
28 49.5485 0.048 49.5005
32 47.7534 0.048 47.7054
33 49.3978 0.048 49.3498
30 48.6833 0.048 48.6353
27 48.9146 0.048 48.8666
26 47.6276 0.048 47.5796
28 49.5005 0.048 49.4525
32 47.7054 0.048 47.6574
33 49.3498 0.048 49.3018
30 48.8882 0.048 48.8402
27 48.8666 0.048 48.8186
26 47.5796 0.048 47.5316
28 49.4525 0.048 49.4045
29 50 0.0048 49.9952
32 47.6574 0.048 47.6094
33 49.3018 0.048 49.2538
30 48.8402 0.048 48.7922
27 48.8186 0.048 48.7706
26 47.5316 0.048 47.4836
28 49.4045 0.048 49.3565
32 47.6094 0.048 47.5614
33 49.2538 0.0048 49.249
33 49.249 0.048 49.201
32 47.5614 0.0048 47.5566
30 48.7922 0.048 48.7442
27 48.7706 0.048 48.7226
26 47.4836 0.048 47.4356
28 49.3565 0.048 49.3085
32 47.5566 0.048 47.5086
33 49.201 0.0048 49.1962
33 49.1962 0.048 49.1482
32 47.5086 0.0048 47.5038
30 48.7442 0.048 48.6962
27 48.7226 0.048 48.6746
26 47.4356 0.048 47.3876
28 49.3085 0.048 49.2605
32 47.5038 0.048 47.4558
33 49.1482 0.0048 49.1434
33 49.1434 0.048 49.0954
32 47.924 0.0048 47.9192
30 48.6962 0.048 48.6482
27 48.6746 0.048 48.6266
26 47.3876 0.048 47.3396
28 49.4751 0.048 49.4271
32 47.9192 0.048 47.8712
33 49.0954 0.0048 49.0906
33 49.0906 0.048 49.0426
32 47.8712 0.0048 47.8664
30 48.6482 0.048 48.6002
27 48.6266 0.048 48.5786
26 47.3396 0.048 47.2916
28 49.4271 0.048 49.3791
32 47.8664 0.048 47.8184
33 49.0426 0.0048 49.0378
33 49.0378 0.048 48.9898
32 47.8184 0.0048 47.8136
30 48.6002 0.048 48.5522
27 48.5786 0.048 48.5306
26 47.2916 0.048 47.2436
28 49.3791 0.048 49.3311
32 47.8136 0.048 47.7656
33 48.9898 0.0048 48.985
33 48.985 0.048 48.937
32 47.7656 0.0048 47.7608
30 48.5522 0.048 48.5042
27 48.7112 0.048 48.6632
26 47.3762 0.048 47.3282
28 49.3311 0.048 49.2831
32 47.7608 0.048 47.7128
33 48.937 0.0048 48.9322
33 48.9322 0.048 48.8842
32 47.7128 0.0048 47.708
30 48.5042 0.048 48.4562
27 48.6632 0.048 48.6152
26 47.3282 0.048 47.2802
28 49.2831 0.048 49.2351
32 47.708 0.048 47.66
33 49.2961 0.0048 49.2913
33 49.2913 0.048 49.2433
32 47.66 0.0048 47.6552
30 48.4562 0.048 48.4082
27 48.6152 0.048 48.5672
26 47.2802 0.048 47.2322
28 49.2351 0.048 49.1871
32 47.6552 0.048 47.6072
33 49.2433 0.0048 49.2385
33 49.2385 0.048 49.1905
32 47.6072 0.0048 47.6024
30 48.6427 0.048 48.5947
27 48.5672 0.048 48.5192
26 47.2322 0.048 47.1842
28 49.1871 0.048 49.1391
32 47.6024 0.048 47.5544
33 49.1905 0.0048 49.1857
33 49.1857 0.048 49.1377
32 47.5544 0.0048 47.5496
30 48.5947 0.048 48.5467
27 48.5192 0.048 48.4712
26 47.1842 0.048 47.1362
28 49.1391 0.048 49.0911
32 47.5496 0.048 47.5016
33 49.1377 0.0048 49.1329
33 49.1329 0.048 49.0849
32 47.5016 0.0048 47.4968
30 48.5467 0.048 48.4987
27 48.4712 0.048 48.4232
26 47.1362 0.048 47.0882
28 49.0911 0.048 49.0431
32 47.4968 0.048 47.4488
33 49.0849 0.0048 49.0801
33 49.0801 0.048 49.0321
32 47.4488 0.0048 47.444
30 48.4987 0.048 48.4507
27 48.4232 0.048 48.3752
26 47.0882 0.048 47.0402
28 49.0431 0.048 48.9951
32 47.444 0.048 47.396
33 49.0321 0.0048 49.0273
33 49.0273 0.048 48.9793
32 47.6548 0.0048 47.65
30 48.4507 0.048 48.4027
27 48.3752 0.048 48.3272
26 47.0402 0.048 46.9922
28 49.3627 0.048 49.3147
32 47.65 0.048 47.602
33 48.9793 0.0048 48.9745
33 48.9745 0.048 48.9265
32 47.602 0.0048 47.5972
30 48.4027 0.048 48.3547
27 48.3272 0.048 48.2792
26 46.9922 0.048 46.9442
28 49.3147 0.048 49.2667
32 47.5972 0.048 47.5492
33 48.9265 0.0048 48.9217
33 48.9217 0.048 48.8737
32 47.5492 0.0048 47.5444
30 48.3547 0.048 48.3067
30 48.3067 0.0048 48.3019
30 48.3019 0.16 48.1419
30 48.1419 0.0016 48.1403
27 48.2792 0.048 48.2312
26 46.9442 0.048 46.8962
28 49.2667 0.048 49.2187
32 47.5444 0.048 47.4964
33 48.8737 0.0048 48.8689
33 48.8689 0.048 48.8209
32 47.4964 0.0048 47.4916
27 48.5294 0.048 48.4814
26 47.3133 0.048 47.2653
28 49.2187 0.048 49.1707
32 47.4916 0.048 47.4436
33 48.8209 0.0048 48.8161
33 48.8161 0.048 48.7681
32 47.4436 0.0048 47.4388
27 48.4814 0.048 48.4334
26 47.2653 0.048 47.2173
28 49.1707 0.048 49.1227
32 47.4388 0.048 47.3908
33 49.1243 0.0048 49.1195
33 49.1195 0.048 49.0715
32 47.3908 0.0048 47.386
27 48.4334 0.048 48.3854
26 47.2173 0.048 47.1693
28 49.1227 0.048 49.0747
32 47.386 0.048 47.338
33 49.0715 0.0048 49.0667
33 49.0667 0.048 49.0187
32 47.338 0.0048 47.3332
27 48.3854 0.048 48.3374
26 47.1693 0.048 47.1213
28 49.0747 0.048 49.0267
32 47.3332 0.048 47.2852
33 49.0187 0.0048 49.0139
33 49.0139 0.048 48.9659
32 47.2852 0.0048 47.2804
27 48.3374 0.048 48.2894
26 47.1213 0.048 47.0733
28 49.0267 0.048 48.9787
32 47.2804 0.048 47.2324
33 48.9659 0.0048 48.9611
33 48.9611 0.048 48.9131
32 47.2324 0.0048 47.2276
27 48.2894 0.048 48.2414
26 47.0733 0.048 47.0253
28 48.9787 0.048 48.9307
32 47.2276 0.048 47.1796
33 48.9131 0.0048 48.9083
33 48.9083 0.048 48.8603
32 47.1796 0.0048 47.1748
27 48.2414 0.048 48.1934
26 47.0253 0.048 46.9773
28 48.9307 0.048 48.8827
32 47.1748 0.048 47.1268
33 48.8603 0.0048 48.8555
33 48.8555 0.048 48.8075
32 47.5765 0.0048 47.5717
27 48.1934 0.048 48.1454
26 46.9773 0.048 46.9293
28 49.3433 0.048 49.2953
32 47.5717 0.048 47.5237
33 48.8075 0.0048 48.8027
33 48.8027 0.048 48.7547
32 47.5237 0.0048 47.5189
27 48.1454 0.048 48.0974
26 46.9293 0.048 46.8813
28 49.2953 0.048 49.2473
28 49.2473 0.0048 49.2425
28 49.2425 0.16 49.0825
28 49.0825 0.0016 49.0809
32 47.5189 0.048 47.4709
33 48.7547 0.0048 48.7499
33 48.7499 0.048 48.7019
32 47.4709 0.0048 47.4661
27 48.0974 0.048 48.0494
26 46.8813 0.048 46.8333
32 47.4661 0.048 47.4181
33 48.7019 0.0048 48.6971
33 48.6971 0.048 48.6491
32 47.4181 0.0048 47.4133
27 48.5142 0.048 48.4662
26 47.0703 0.048 47.0223
32 47.4133 0.048 47.3653
33 48.6491 0.0048 48.6443
33 48.6443 0.048 48.5963
32 47.3653 0.0048 47.3605
27 48.4662 0.048 48.4182
26 47.0223 0.048 46.9743
32 47.3605 0.048 47.3125
33 48.8055 0.0048 48.8007
33 48.8007 0.048 48.7527
32 47.3125 0.0048 47.3077
27 48.4182 0.048 48.3702
26 46.9743 0.048 46.9263
32 47.3077 0.048 47.2597
33 48.7527 0.0048 48.7479
33 48.7479 0.048 48.6999
32 47.2597 0.0048 47.2549
27 48.3702 0.048 48.3222
26 46.9263 0.048 46.8783
32 47.2549 0.048 47.2069
33 48.6999 0.0048 48.6951
33 48.6951 0.048 48.6471
32 47.2069 0.0048 47.2021
27 48.3222 0.048 48.2742
26 46.8783 0.048 46.8303
32 47.2021 0.048 47.1541
33 48.6471 0.0048 48.6423
33 48.6423 0.048 48.5943
32 47.1541 0.0048 47.1493
27 48.2742 0.048 48.2262
26 46.8303 0.048 46.7823
32 47.1493 0.048 47.1013
33 48.5943 0.0048 48.5895
33 48.5895 0.048 48.5415
32 47.1013 0.0048 47.0965
27 48.2262 0.048 48.1782
26 46.7823 0.048 46.7343
32 47.0965 0.048 47.0485
33 48.5415 0.0048 48.5367
33 48.5367 0.048 48.4887
32 47.4507 0.0048 47.4459
27 48.1782 0.048 48.1302
26 46.7343 0.048 46.6863
32 47.4459 0.048 47.3979
33 48.4887 0.0048 48.4839
33 48.4839 0.048 48.4359
32 47.3979 0.0048 47.3931
27 48.1302 0.048 48.0822
26 46.6863 0.048 46.6383
32 47.3931 0.048 47.3451
33 48.4359 0.0048 48.4311
33 48.4311 0.048 48.3831
32 47.3451 0.0048 47.3403
27 48.0822 0.048 48.0342
26 46.6383 0.048 46.5903
32 47.3403 0.048 47.2923
33 48.3831 0.0048 48.3783
33 48.3783 0.048 48.3303
32 47.2923 0.0048 47.2875
27 48.4274 0.048 48.3794
26 47.0258 0.048 46.9778
32 47.2875 0.048 47.2395
33 48.3303 0.0048 48.3255
33 48.3255 0.048 48.2775
32 47.2395 0.0048 47.2347
27 48.3794 0.048 48.3314
26 46.9778 0.048 46.9298
32 47.2347 0.048 47.1867
33 48.7003 0.0048 48.6955
33 48.6955 0.048 48.6475
32 47.1867 0.0048 47.1819
27 48.3314 0.048 48.2834
26 46.9298 0.048 46.8818
32 47.1819 0.048 47.1339
33 48.6475 0.0048 48.6427
33 48.6427 0.048 48.5947
32 47.1339 0.0048 47.1291
27 48.2834 0.048 48.2354
26 46.8818 0.048 46.8338
32 47.1291 0.048 47.0811
33 48.5947 0.0048 48.5899
33 48.5899 0.048 48.5419
32 47.0811 0.0048 47.0763
27 48.2354 0.048 48.1874
26 46.8338 0.048 46.7858
32 47.0763 0.048 47.0283
33 48.5419 0.0048 48.5371
33 48.5371 0.048 48.4891
32 47.0283 0.0048 47.0235
27 48.1874 0.048 48.1394
26 46.7858 0.048 46.7378
32 47.0235 0.048 46.9755
33 48.4891 0.0048 48.4843
33 48.4843 0.048 48.4363
32 46.9755 0.0048 46.9707
27 48.1394 0.048 48.0914
26 46.7378 0.048 46.6898
32 46.9707 0.048 46.9227
33 48.4363 0.0048 48.4315
33 48.4315 0.048 48.3835
32 47.3456 0.0048 47.3408
29 50 0.048 49.952
29 49.952 0.0048 49.9472
29 49.9472 0.16 49.7872
29 49.7872 0.0016 49.7856
27 48.0914 0.048 48.0434
26 46.6898 0.048 46.6418
32 47.3408 0.048 47.2928
33 48.3835 0.0048 48.3787
33 48.3787 0.048 48.3307
32 47.2928 0.0048 47.288
27 48.0434 0.048 47.9954
26 46.6418 0.048 46.5938
32 47.288 0.048 47.24
33 48.3307 0.0048 48.3259
33 48.3259 0.048 48.2779
32 47.24 0.0048 47.2352
27 47.9954 0.048 47.9474
26 46.5938 0.048 46.5458
32 47.2352 0.048 47.1872
33 48.2779 0.0048 48.2731
33 48.2731 0.048 48.2251
32 47.1872 0.0048 47.1824
27 48.3859 0.048 48.3379
26 46.9176 0.048 46.8696
32 47.1824 0.048 47.1344
33 48.2251 0.0048 48.2203
33 48.2203 0.048 48.1723
32 47.1344 0.0048 47.1296
27 48.3379 0.048 48.2899
26 46.8696 0.048 46.8216
32 47.1296 0.048 47.0816
33 48.6105 0.0048 48.6057
33 48.6057 0.048 48.5577
32 47.0816 0.0048 47.0768
27 48.2899 0.048 48.2419
26 46.8216 0.048 46.7736
32 47.0768 0.048 47.0288
33 48.5577 0.0048 48.5529
33 48.5529 0.048 48.5049
32 47.0288 0.0048 47.024
27 48.2419 0.048 48.1939
26 46.7736 0.048 46.7256
27 48.1939 0.0048 48.1891
28 49.7903 0.0048 49.7855
32 47.024 0.048 46.976
33 48.5049 0.0048 48.5001
33 48.5001 0.048 48.4521
32 46.976 0.0048 46.9712
27 48.1891 0.048 48.1411
26 46.7256 0.048 46.6776
32 46.9712 0.048 46.9232
33 48.4521 0.0048 48.4473
33 48.4473 0.048 48.3993
32 46.9232 0.0048 46.9184
27 48.1411 0.048 48.0931
26 46.6776 0.048 46.6296
32 46.9184 0.048 46.8704
33 48.3993 0.0048 48.3945
33 48.3945 0.048 48.3465
32 46.8704 0.0048 46.8656
27 48.0931 0.048 48.0451
26 46.6296 0.048 46.5816
32 46.8656 0.048 46.8176
33 48.3465 0.0048 48.3417
33 48.3417 0.048 48.2937
32 47.2403 0.0048 47.2355
27 48.0451 0.048 47.9971
26 46.5816 0.048 46.5336
32 47.2355 0.048 47.1875
33 48.2937 0.0048 48.2889
33 48.2889 0.048 48.2409
32 47.1875 0.0048 47.1827
27 47.9971 0.048 47.9491
26 46.5336 0.048 46.4856
32 47.1827 0.048 47.1347
33 48.2409 0.0048 48.2361
33 48.2361 0.048 48.1881
32 47.1347 0.0048 47.1299
27 47.9491 0.048 47.9011
26 46.4856 0.048 46.4376
32 47.1299 0.048 47.0819
33 48.1881 0.0048 48.1833
33 48.1833 0.048 48.1353
32 47.0819 0.0048 47.0771
27 48.3473 0.048 48.2993
26 46.9275 0.048 46.8795
32 47.0771 0.048 47.0291
33 48.1353 0.0048 48.1305
33 48.1305 0.048 48.0825
32 47.0291 0.0048 47.0243
27 48.2993 0.048 48.2513
26 46.8795 0.048 46.8315
32 47.0243 0.048 46.9763
33 48.5456 0.0048 48.5408
33 48.5408 0.048 48.4928
32 46.9763 0.0048 46.9715
27 48.2513 0.048 48.2033
26 46.8315 0.048 46.7835
32 46.9715 0.048 46.9235
33 48.4928 0.0048 48.488
33 48.488 0.048 48.44
32 46.9235 0.0048 46.9187
27 48.2033 0.048 48.1553
26 46.7835 0.048 46.7355
27 48.1553 0.0048 48.1505
28 49.9131 0.0048 49.9083
32 46.9187 0.048 46.8707
33 48.44 0.0048 48.4352
33 48.4352 0.048 48.3872
32 46.8707 0.0048 46.8659
27 48.1505 0.048 48.1025
26 46.7355 0.048 46.6875
32 46.8659 0.048 46.8179
33 48.3872 0.0048 48.3824
33 48.3824 0.048 48.3344
32 46.8179 0.0048 46.8131
27 48.1025 0.048 48.0545
26 46.6875 0.048 46.6395
32 46.8131 0.048 46.7651
33 48.3344 0.0048 48.3296
33 48.3296 0.048 48.2816
32 46.7651 0.0048 46.7603
27 48.0545 0.048 48.0065
26 46.6395 0.048 46.5915
32 46.7603 0.048 46.7123
33 48.2816 0.0048 48.2768
33 48.2768 0.048 48.2288
32 46.9208 0.0048 46.916
27 48.0065 0.048 47.9585
26 46.5915 0.048 46.5435
32 46.916 0.048 46.868
33 48.2288 0.0048 48.224
33 48.224 0.048 48.176
32 46.868 0.0048 46.8632
27 47.9585 0.048 47.9105
26 46.5435 0.048 46.4955
32 46.8632 0.048 46.8152
33 48.176 0.0048 48.1712
33 48.1712 0.048 48.1232
32 46.8152 0.0048 46.8104
27 47.9105 0.048 47.8625
26 46.4955 0.048 46.4475
32 46.8104 0.048 46.7624
33 48.1232 0.0048 48.1184
33 48.1184 0.048 48.0704
32 46.7624 0.0048 46.7576
27 48.0178 0.048 47.9698
26 46.8522 0.048 46.8042
32 46.7576 0.048 46.7096
33 48.0704 0.0048 48.0656
33 48.0656 0.048 48.0176
32 46.7096 0.0048 46.7048
27 47.9698 0.048 47.9218
26 46.8042 0.048 46.7562
32 46.7048 0.048 46.6568
33 48.4952 0.0048 48.4904
32 46.6568 0.0048 46.652
32 46.652 0.16 46.492
32 46.492 0.0016 46.4904
33 48.4904 0.048 48.4424
32 46.4904 0.0048 46.4856
32 46.4856 0.048 46.4376
33 48.4424 0.0048 48.4376
33 48.4376 0.16 48.2776
32 46.4376 0.016 46.4216
32 46.4216 0.016 46.4056
33 48.2776 0.0016 48.276
32 46.4056 0.048 46.3576
33 48.276 0.0048 48.2712
32 46.3576 0.0048 46.3528
32 46.3528 0.16 46.1928
32 46.1928 0.0016 46.1912
27 47.9218 0.048 47.8738
26 46.7562 0.048 46.7082
27 47.8738 0.048 47.8258
26 46.7082 0.048 46.6602
28 50 0.0048 49.9952
27 47.8258 0.048 47.7778
26 46.6602 0.048 46.6122
27 47.7778 0.048 47.7298
26 46.6122 0.048 46.5642
27 47.7298 0.048 47.6818
26 46.5642 0.048 46.5162
27 47.6818 0.048 47.6338
26 46.5162 0.048 46.4682
27 47.6338 0.048 47.5858
26 46.4682 0.048 46.4202
27 47.5858 0.048 47.5378
26 46.4202 0.048 46.3722
27 47.6717 0.048 47.6237
26 46.5989 0.048 46.5509
27 47.6237 0.048 47.5757
26 46.5509 0.048 46.5029
27 47.5757 0.048 47.5277
26 46.5029 0.048 46.4549
27 47.5277 0.048 47.4797
26 46.4549 0.048 46.4069
28 50 0.0048 49.9952
27 47.4797 0.048 47.4317
26 46.4069 0.048 46.3589
27 47.4317 0.048 47.3837
26 46.3589 0.048 46.3109
27 47.3837 0.048 47.3357
26 46.3109 0.048 46.2629
27 47.3357 0.048 47.2877
26 46.2629 0.048 46.2149
27 47.2877 0.048 47.2397
26 46.2149 0.048 46.1669
26 46.1669 0.0048 46.1621
26 46.1621 0.16 46.0021
26 46.0021 0.0016 46.0005
27 47.2397 0.048 47.1917
27 47.3574 0.048 47.3094
27 47.3094 0.048 47.2614
27 47.2614 0.048 47.2134
27 47.2134 0.048 47.1654
34 50 0.0048 49.9952
27 47.1654 0.048 47.1174
27 47.1174 0.048 47.0694
27 47.0694 0.048 47.0214
27 47.0214 0.048 46.9734
27 46.9734 0.048 46.9254
27 46.9254 0.048 46.8774
27 47.0725 0.048 47.0245
27 47.0245 0.048 46.9765
27 46.9765 0.048 46.9285
27 46.9285 0.048 46.8805
34 50 0.0048 49.9952
27 46.8805 0.048 46.8325
27 46.8325 0.048 46.7845
27 46.7845 0.048 46.7365
27 46.7365 0.048 46.6885
27 46.6885 0.048 46.6405
27 46.6405 0.048 46.5925
27 46.8012 0.048 46.7532
27 46.7532 0.048 46.7052
27 46.7052 0.048 46.6572
27 46.6572 0.048 46.6092
34 50 0.0048 49.9952
27 46.6092 0.048 46.5612
27 46.5612 0.048 46.5132
27 46.5132 0.048 46.4652
27 46.4652 0.048 46.4172
27 46.4172 0.048 46.3692
27 46.3692 0.048 46.3212
27 46.752 0.048 46.704
27 46.704 0.048 46.656
27 46.656 0.048 46.608
27 46.608 0.048 46.56
34 50 0.0048 49.9952
27 46.56 0.048 46.512
27 46.512 0.048 46.464
27 46.464 0.048 46.416
27 46.416 0.048 46.368
27 46.368 0.048 46.32
27 46.32 0.048 46.272
27 46.4366 0.048 46.3886
27 46.3886 0.048 46.3406
27 46.3406 0.048 46.2926
27 46.2926 0.048 46.2446
27 46.2446 0.048 46.1966
27 46.1966 0.048 46.1486
27 46.1486 0.048 46.1006
27 46.1006 0.048 46.0526
27 46.0526 0.048 46.0046
27 46.0046 0.048 45.9566
27 46.2893 0.048 46.2413
27 46.2413 0.048 46.1933
27 46.1933 0.048 46.1453
27 46.1453 0.048 46.0973
27 46.0973 0.048 46.0493
27 46.0493 0.048 46.0013
27 46.0013 0.048 45.9533
27 45.9533 0.048 45.9053
27 45.9053 0.048 45.8573
27 45.8573 0.048 45.8093
27 46.2097 0.048 46.1617
27 46.1617 0.048 46.1137
27 46.1137 0.048 46.0657
27 46.0657 0.0048 46.0609
27 46.0609 0.16 45.9009
27 45.9009 0.0016 45.8993
25 50 0.048 49.952
25 49.952 0.0048 49.9472
25 49.9472 0.16 49.7872
25 49.7872 0.0016 49.7856
25 49.7856 0.0048 49.7808
34 50 0.048 49.952
34 49.952 0.048 49.904
25 49.9421 0.0048 49.9373
34 49.904 0.048 49.856
34 49.856 0.048 49.808
34 49.808 0.048 49.76
34 49.76 0.048 49.712
34 49.8807 0.048 49.8327
34 49.8327 0.048 49.7847
34 49.7847 0.048 49.7367
34 49.7367 0.048 49.6887
34 49.6887 0.048 49.6407
34 49.6407 0.048 49.5927
25 50 0.0048 49.9952
33 50 0.0048 49.9952
34 49.5927 0.048 49.5447
34 49.5447 0.048 49.4967
34 49.4967 0.048 49.4487
34 49.4487 0.048 49.4007
34 49.5902 0.048 49.5422
34 49.5422 0.048 49.4942
34 49.4942 0.048 49.4462
34 49.4462 0.048 49.3982
34 49.3982 0.048 49.3502
34 49.3502 0.048 49.3022
25 50 0.0048 49.9952
32 50 0.0048 49.9952
33 50 0.0048 49.9952
34 49.3022 0.048 49.2542
34 49.2542 0.048 49.2062
34 49.2062 0.048 49.1582
34 49.1582 0.048 49.1102
34 49.5019 0.048 49.4539
34 49.4539 0.048 49.4059
34 49.4059 0.048 49.3579
34 49.3579 0.048 49.3099
34 49.3099 0.048 49.2619
34 49.2619 0.048 49.2139
32 50 0.0048 49.9952
33 50 0.0048 49.9952
34 49.2139 0.048 49.1659
34 49.1659 0.048 49.1179
34 49.1179 0.048 49.0699
34 49.0699 0.048 49.0219
34 49.135 0.048 49.087
34 49.087 0.048 49.039
34 49.039 0.048 48.991
34 48.991 0.048 48.943
34 48.943 0.048 48.895
34 48.895 0.048 48.847
32 50 0.0048 49.9952
33 50 0.0048 49.9952
34 48.847 0.048 48.799
34 48.799 0.048 48.751
34 48.751 0.048 48.703
34 48.703 0.048 48.655
34 48.8768 0.048 48.8288
34 48.8288 0.048 48.7808
34 48.7808 0.048 48.7328
34 48.7328 0.048 48.6848
34 48.6848 0.048 48.6368
34 48.6368 0.048 48.5888
33 50 0.0048 49.9952
34 48.5888 0.048 48.5408
34 48.5408 0.048 48.4928
34 48.4928 0.048 48.4448
34 48.4448 0.048 48.3968
34 48.8792 0.048 48.8312
34 48.8312 0.048 48.7832
34 48.7832 0.048 48.7352
34 48.7352 0.048 48.6872
34 48.6872 0.048 48.6392
34 48.6392 0.048 48.5912
34 48.5912 0.048 48.5432
34 48.5432 0.048 48.4952
34 48.4952 0.048 48.4472
34 48.4472 0.048 48.3992
34 48.7534 0.048 48.7054
34 48.7054 0.048 48.6574
34 48.6574 0.048 48.6094
34 48.6094 0.048 48.5614
34 48.5614 0.048 48.5134
34 48.5134 0.048 48.4654
34 48.4654 0.048 48.4174
34 48.4174 0.048 48.3694
34 48.3694 0.048 48.3214
34 48.3214 0.048 48.2734
34 48.41 0.048 48.362
34 48.362 0.048 48.314
34 48.314 0.0048 48.3092
34 48.3092 0.16 48.1492
34 48.1492 0.0016 48.1476
32 50 0.048 49.952
33 50 0.0048 49.9952
33 49.9952 0.048 49.9472
32 49.952 0.0096 49.9424
32 49.9424 0.16 49.7824
32 49.7824 0.0016 49.7808
26 50 0.0048 49.9952
26 50 0.0048 49.9952
30 50 0.0048 49.9952
28 50 0.048 49.952
28 50 0.048 49.952
28 49.952 0.048 49.904
28 49.904 0.048 49.856
28 49.856 0.048 49.808
28 49.808 0.048 49.76
28 49.76 0.048 49.712
28 49.712 0.048 49.664
30 50 0.0048 49.9952
28 49.664 0.048 49.616
33 50 0.048 49.952
32 50 0.0048 49.9952
28 49.616 0.048 49.568
33 49.952 0.048 49.904
32 49.9952 0.0048 49.9904
28 49.568 0.048 49.52
33 49.904 0.048 49.856
32 50 0.0048 49.9952
28 49.7974 0.048 49.7494
33 49.856 0.048 49.808
32 49.9952 0.0048 49.9904
28 49.7494 0.048 49.7014
33 49.808 0.048 49.76
32 49.9904 0.0048 49.9856
28 49.7014 0.048 49.6534
33 49.76 0.048 49.712
32 49.9856 0.0048 49.9808
28 49.6534 0.048 49.6054
33 49.827 0.048 49.779
32 49.9808 0.0048 49.976
28 49.6054 0.048 49.5574
33 49.779 0.048 49.731
32 49.976 0.0048 49.9712
28 49.5574 0.048 49.5094
33 49.731 0.048 49.683
32 49.9712 0.0048 49.9664
28 49.5094 0.048 49.4614
30 50 0.0048 49.9952
33 49.683 0.048 49.635
32 49.9664 0.0048 49.9616
28 49.4614 0.048 49.4134
33 49.635 0.048 49.587
32 49.9616 0.0048 49.9568
28 49.4134 0.048 49.3654
33 49.587 0.048 49.539
32 49.9568 0.0048 49.952
28 49.3654 0.048 49.3174
33 49.539 0.048 49.491
32 50 0.0048 49.9952
28 49.4812 0.048 49.4332
33 49.491 0.048 49.443
32 49.9952 0.0048 49.9904
28 49.4332 0.048 49.3852
33 49.443 0.048 49.395
32 49.9904 0.0048 49.9856
28 49.3852 0.048 49.3372
33 49.395 0.048 49.347
32 49.9856 0.0048 49.9808
28 49.3372 0.048 49.2892
33 49.5102 0.048 49.4622
32 49.9808 0.0048 49.976
28 49.2892 0.048 49.2412
33 49.4622 0.048 49.4142
32 49.976 0.0048 49.9712
28 49.2412 0.048 49.1932
