0 4627
0 4628
0 4629
0 4630
0 4631
0 4632
0 4633
0 4634
0 4635
0 4636
50 4637
14 4637
15 4637
16 4637
17 4637
18 4637
19 4637
20 4637
21 4637
22 4637
23 4637
24 4637
75 4639
16 4639
17 4639
18 4639
19 4639
20 4639
21 4639
22 4639
23 4639
24 4639
0 4641
48 4643
11 4643
10 4643
9 4643
8 4643
7 4643
6 4643
5 4643
4 4643
3 4643
2 4643
1 4643
69 4644
9 4644
8 4644
7 4644
6 4644
5 4644
4 4644
3 4644
2 4644
1 4644
79 4645
26 4647
7 4647
6 4647
5 4647
4 4647
3 4647
2 4647
1 4647
0 4648
123 4638
124 4645
2 4645
1 4645
0 4655
35 4658
14 4658
15 4658
16 4658
17 4658
18 4658
19 4658
20 4658
21 4658
22 4658
23 4658
24 4658
92 4651
29 4651
4 4651
3 4651
2 4651
1 4651
109 4659
29 4659
4 4659
3 4659
2 4659
1 4659
0 4660
88 4662
15 4662
16 4662
17 4662
18 4662
19 4662
20 4662
21 4662
22 4662
23 4662
24 4662
119 4663
95 4665
59 4657
123 4657
1 4657
0 4666
64 4638
107 4667
52 4642
29 4667
5 4667
4 4667
3 4667
2 4667
1 4667
76 4664
97 4668
9 4668
8 4668
7 4668
6 4668
5 4668
4 4668
3 4668
2 4668
1 4668
0 4669
0 4676
82 4675
14 4675
15 4675
16 4675
17 4675
18 4675
19 4675
20 4675
21 4675
22 4675
23 4675
24 4675
84 4677
0 4679
89 4681
32 4638
2 4638
1 4638
47 4652
18 4652
19 4652
20 4652
21 4652
22 4652
23 4652
24 4652
57 4683
23 4683
24 4683
64 4674
87 4685
0 4686
102 4687
14 4687
15 4687
16 4687
17 4687
18 4687
19 4687
20 4687
21 4687
22 4687
23 4687
24 4687
0 4691
29 4694
7 4694
6 4694
5 4694
4 4694
3 4694
2 4694
1 4694
67 4656
11 4656
10 4656
9 4656
8 4656
7 4656
6 4656
5 4656
4 4656
3 4656
2 4656
1 4656
38 4663
91 4663
84 4663
1 4663
0 4696
83 4670
93 4670
5 4670
4 4670
3 4670
2 4670
1 4670
94 4671
99 4692
5 4692
4 4692
3 4692
2 4692
1 4692
118 4698
84 4698
2 4698
1 4698
0 4699
105 4701
121 4680
93 4703
6 4703
5 4703
4 4703
3 4703
2 4703
1 4703
0 4704
49 4697
13 4697
14 4697
15 4697
16 4697
17 4697
18 4697
19 4697
20 4697
21 4697
22 4697
23 4697
24 4697
101 4708
91 4708
84 4708
3 4708
2 4708
1 4708
0 4710
109 4685
29 4685
9 4685
8 4685
7 4685
6 4685
5 4685
4 4685
3 4685
2 4685
1 4685
95 4701
5 4701
4 4701
3 4701
2 4701
1 4701
31 4711
4 4711
3 4711
2 4711
1 4711
103 4681
24 4681
0 4713
113 4672
18 4672
19 4672
20 4672
21 4672
22 4672
23 4672
24 4672
43 4716
18 4716
19 4716
20 4716
21 4716
22 4716
23 4716
24 4716
60 4718
86 4682
14 4682
15 4682
16 4682
17 4682
18 4682
19 4682
20 4682
21 4682
22 4682
23 4682
24 4682
27 4720
3 4720
2 4720
1 4720
0 4721
42 4722
103 4718
29 4722
10 4722
9 4722
8 4722
7 4722
6 4722
5 4722
4 4722
3 4722
2 4722
1 4722
68 4724
99 4724
7 4724
6 4724
5 4724
4 4724
3 4724
2 4724
1 4724
96 4726
93 4726
8 4726
7 4726
6 4726
5 4726
4 4726
3 4726
2 4726
1 4726
0 4729
120 4661
17 4661
18 4661
19 4661
20 4661
21 4661
22 4661
23 4661
24 4661
55 4714
120 4714
17 4714
18 4714
19 4714
20 4714
21 4714
22 4714
23 4714
24 4714
111 4705
90 4719
20 4719
21 4719
22 4719
23 4719
24 4719
32 4674
7 4674
6 4674
5 4674
4 4674
3 4674
2 4674
1 4674
0 4731
106 4689
24 4689
32 4735
7 4735
6 4735
5 4735
4 4735
3 4735
2 4735
1 4735
54 4730
73 4734
12 4734
11 4734
10 4734
9 4734
8 4734
7 4734
6 4734
5 4734
4 4734
3 4734
2 4734
1 4734
122 4742
0 4746
65 4649
60 4649
1 4649
115 4680
94 4680
4 4680
3 4680
2 4680
1 4680
98 4709
1 4709
46 4748
10 4748
9 4748
8 4748
7 4748
6 4748
5 4748
4 4748
3 4748
2 4748
1 4748
0 4750
57 4742
4 4742
3 4742
2 4742
1 4742
29 4730
12 4730
11 4730
10 4730
9 4730
8 4730
7 4730
6 4730
5 4730
4 4730
3 4730
2 4730
1 4730
40 4743
29 4743
12 4743
11 4743
10 4743
9 4743
8 4743
7 4743
6 4743
5 4743
4 4743
3 4743
2 4743
1 4743
0 4752
116 4733
70 4688
18 4688
19 4688
20 4688
21 4688
22 4688
23 4688
24 4688
0 4753
100 4695
1 4695
80 4700
1 4700
28 4702
72 4654
80 4654
1 4654
117 4727
27 4727
6 4727
5 4727
4 4727
3 4727
2 4727
1 4727
66 4650
20 4650
21 4650
22 4650
23 4650
24 4650
53 4690
14 4690
15 4690
16 4690
17 4690
18 4690
19 4690
20 4690
21 4690
22 4690
23 4690
24 4690
0 4755
77 4738
15 4738
16 4738
17 4738
18 4738
19 4738
20 4738
21 4738
22 4738
23 4738
24 4738
78 4712
23 4712
24 4712
0 4756
62 4684
26 4754
18 4754
19 4754
20 4754
21 4754
22 4754
23 4754
24 4754
108 4739
0 4757
63 4706
21 4706
22 4706
23 4706
24 4706
56 4737
2 4737
1 4737
88 4684
44 4728
13 4728
14 4728
15 4728
16 4728
17 4728
18 4728
19 4728
20 4728
21 4728
22 4728
23 4728
24 4728
0 4758
81 4725
19 4725
20 4725
21 4725
22 4725
23 4725
24 4725
45 4747
4 4747
3 4747
2 4747
1 4747
91 4745
84 4745
9 4745
8 4745
7 4745
6 4745
5 4745
4 4745
3 4745
2 4745
1 4745
0 4760
25 4646
22 4646
23 4646
24 4646
61 4642
14 4642
15 4642
16 4642
17 4642
18 4642
19 4642
20 4642
21 4642
22 4642
23 4642
24 4642
62 4739
1 4739
51 4653
11 4653
10 4653
9 4653
8 4653
7 4653
6 4653
5 4653
4 4653
3 4653
2 4653
1 4653
33 4693
51 4693
11 4693
10 4693
9 4693
8 4693
7 4693
6 4693
5 4693
4 4693
3 4693
2 4693
1 4693
74 4732
15 4732
16 4732
17 4732
18 4732
19 4732
20 4732
21 4732
22 4732
23 4732
24 4732
0 4762
110 4736
36 4744
57 4763
8 4763
7 4763
6 4763
5 4763
4 4763
3 4763
2 4763
1 4763
0 4764
97 4761
20 4761
21 4761
22 4761
23 4761
24 4761
114 4740
0 4765
108 4736
2 4736
1 4736
0 4766
71 4640
5 4640
4 4640
3 4640
2 4640
1 4640
37 4741
23 4741
24 4741
0 4769
120 4733
66 4733
24 4733
34 4707
39 4717
48 4770
1 4770
69 4759
120 4759
63 4759
24 4759
82 4768
1 4768
100 4717
6 4717
5 4717
4 4717
3 4717
2 4717
1 4717
0 4771
102 4772
1 4772
119 4773
91 4773
84 4773
12 4773
11 4773
10 4773
9 4773
8 4773
7 4773
6 4773
5 4773
4 4773
3 4773
2 4773
1 4773
0 4774
87 4775
0 4776
41 4715
101 4778
91 4778
84 4778
13 4778
14 4778
15 4778
16 4778
17 4778
18 4778
19 4778
20 4778
21 4778
22 4778
23 4778
24 4778
0 4779
124 4777
18 4777
19 4777
20 4777
21 4777
22 4777
23 4777
24 4777
0 4780
107 4767
111 4767
19 4767
20 4767
21 4767
22 4767
23 4767
24 4767
85 4749
24 4749
112 4664
21 4664
22 4664
23 4664
24 4664
29 4740
20 4740
21 4740
22 4740
23 4740
24 4740
42 4775
29 4775
20 4775
21 4775
22 4775
23 4775
24 4775
30 4723
11 4723
10 4723
9 4723
8 4723
7 4723
6 4723
5 4723
4 4723
3 4723
2 4723
1 4723
0 4781
104 4678
67 4678
24 4678
83 4782
93 4782
18 4782
19 4782
20 4782
21 4782
22 4782
23 4782
24 4782
76 4783
55 4784
0 4786
106 4787
9 4787
8 4787
7 4787
6 4787
5 4787
4 4787
3 4787
2 4787
1 4787
70 4784
2 4784
1 4784
0 4789
122 4791
115 4792
14 4792
15 4792
16 4792
17 4792
18 4792
19 4792
20 4792
21 4792
22 4792
23 4792
24 4792
0 4793
84 4785
16 4785
17 4785
18 4785
19 4785
20 4785
21 4785
22 4785
23 4785
24 4785
103 4795
12 4795
11 4795
10 4795
9 4795
8 4795
7 4795
6 4795
5 4795
4 4795
3 4795
2 4795
1 4795
42 4797
22 4797
23 4797
24 4797
0 4798
52 4705
118 4788
27 4788
16 4788
17 4788
18 4788
19 4788
20 4788
21 4788
22 4788
23 4788
24 4788
88 4796
9 4796
8 4796
7 4796
6 4796
5 4796
4 4796
3 4796
2 4796
1 4796
65 4801
78 4803
8 4803
7 4803
6 4803
5 4803
4 4803
3 4803
2 4803
1 4803
0 4806
96 4808
21 4808
22 4808
23 4808
24 4808
93 4807
22 4807
23 4807
24 4807
109 4809
67 4799
34 4715
6 4715
5 4715
4 4715
3 4715
2 4715
1 4715
0 4811
73 4783
99 4804
75 4813
54 4814
24 4814
0 4815
105 4817
64 4818
21 4818
22 4818
23 4818
24 4818
79 4819
23 4819
24 4819
0 4820
94 4822
18 4822
19 4822
20 4822
21 4822
22 4822
23 4822
24 4822
0 4823
40 4816
33 4824
21 4824
22 4824
23 4824
24 4824
0 4826
114 4816
98 4801
16 4801
17 4801
18 4801
19 4801
20 4801
21 4801
22 4801
23 4801
24 4801
89 4825
16 4825
17 4825
18 4825
19 4825
20 4825
21 4825
22 4825
23 4825
24 4825
47 4828
13 4828
14 4828
15 4828
16 4828
17 4828
18 4828
19 4828
20 4828
21 4828
22 4828
23 4828
24 4828
116 4829
0 4830
107 4816
25 4707
9 4707
8 4707
7 4707
6 4707
5 4707
4 4707
3 4707
2 4707
1 4707
81 4832
52 4831
1 4831
0 4833
66 4836
9 4836
8 4836
7 4836
6 4836
5 4836
4 4836
3 4836
2 4836
1 4836
92 4838
2 4838
1 4838
51 4817
23 4817
24 4817
57 4791
19 4791
20 4791
21 4791
22 4791
23 4791
24 4791
60 4821
17 4821
18 4821
19 4821
20 4821
21 4821
22 4821
23 4821
24 4821
77 4835
4 4835
3 4835
2 4835
1 4835
0 4839
123 4804
61 4705
79 4705
1 4705
72 4843
0 4844
63 4841
10 4841
9 4841
8 4841
7 4841
6 4841
5 4841
4 4841
3 4841
2 4841
1 4841
120 4837
55 4837
9 4837
8 4837
7 4837
6 4837
5 4837
4 4837
3 4837
2 4837
1 4837
59 4834
51 4846
24 4846
0 4847
0 4849
68 4804
1 4804
112 4783
5 4783
4 4783
3 4783
2 4783
1 4783
87 4852
0 4853
85 4799
8 4799
7 4799
6 4799
5 4799
4 4799
3 4799
2 4799
1 4799
48 4854
13 4854
14 4854
15 4854
16 4854
17 4854
18 4854
19 4854
20 4854
21 4854
22 4854
23 4854
24 4854
121 4851
0 4855
38 4842
112 4856
6 4856
5 4856
4 4856
3 4856
2 4856
1 4856
86 4858
9 4858
8 4858
7 4858
6 4858
5 4858
4 4858
3 4858
2 4858
1 4858
0 4859
55 4857
12 4857
11 4857
10 4857
9 4857
8 4857
7 4857
6 4857
5 4857
4 4857
3 4857
2 4857
1 4857
32 4861
1 4861
27 4862
24 4862
0 4863
46 4864
34 4866
13 4866
14 4866
15 4866
16 4866
17 4866
18 4866
19 4866
20 4866
21 4866
22 4866
23 4866
24 4866
113 4867
95 4805
0 4868
119 4869
53 4812
7 4812
6 4812
5 4812
4 4812
3 4812
2 4812
1 4812
45 4850
124 4864
5 4864
4 4864
3 4864
2 4864
1 4864
64 4805
3 4805
2 4805
1 4805
94 4851
24 4851
73 4840
0 4870
58 4673
19 4673
20 4673
21 4673
22 4673
23 4673
24 4673
72 4850
49 4794
54 4852
7 4852
6 4852
5 4852
4 4852
3 4852
2 4852
1 4852
44 4871
5 4871
4 4871
3 4871
2 4871
1 4871
0 4872
85 4873
11 4873
10 4873
9 4873
8 4873
7 4873
6 4873
5 4873
4 4873
3 4873
2 4873
1 4873
53 4840
8 4840
7 4840
6 4840
5 4840
4 4840
3 4840
2 4840
1 4840
39 4843
21 4843
22 4843
23 4843
24 4843
111 4827
7 4827
6 4827
5 4827
4 4827
3 4827
2 4827
1 4827
103 4874
22 4874
23 4874
24 4874
61 4875
90 4876
17 4876
18 4876
19 4876
20 4876
21 4876
22 4876
23 4876
24 4876
0 4877
26 4794
85 4794
12 4794
11 4794
10 4794
9 4794
8 4794
7 4794
6 4794
5 4794
4 4794
3 4794
2 4794
1 4794
68 4878
5 4878
4 4878
3 4878
2 4878
1 4878
97 4832
12 4832
11 4832
10 4832
9 4832
8 4832
7 4832
6 4832
5 4832
4 4832
3 4832
2 4832
1 4832
0 4879
101 4842
119 4842
2 4842
1 4842
115 4880
1 4880
110 4883
19 4883
20 4883
21 4883
22 4883
23 4883
24 4883
0 4884
80 4850
100 4813
22 4813
23 4813
24 4813
69 4885
15 4885
16 4885
17 4885
18 4885
19 4885
20 4885
21 4885
22 4885
23 4885
24 4885
106 4850
22 4850
23 4850
24 4850
0 4886
96 4887
80 4888
31 4848
41 4889
17 4889
18 4889
19 4889
20 4889
21 4889
22 4889
23 4889
24 4889
0 4890
43 4845
18 4845
19 4845
20 4845
21 4845
22 4845
23 4845
24 4845
68 4887
7 4887
6 4887
5 4887
4 4887
3 4887
2 4887
1 4887
91 4881
119 4881
4 4881
3 4881
2 4881
1 4881
122 4891
38 4848
91 4848
119 4848
4 4848
3 4848
2 4848
1 4848
76 4892
11 4892
10 4892
9 4892
8 4892
7 4892
6 4892
5 4892
4 4892
3 4892
2 4892
1 4892
98 4893
106 4888
23 4888
24 4888
0 4894
65 4893
56 4810
23 4810
24 4810
0 4895
104 4860
85 4860
14 4860
15 4860
16 4860
17 4860
18 4860
19 4860
20 4860
21 4860
22 4860
23 4860
24 4860
82 4867
19 4867
20 4867
21 4867
22 4867
23 4867
24 4867
108 4882
21 4882
22 4882
23 4882
24 4882
0 4898
57 4891
3 4891
2 4891
1 4891
26 4899
15 4899
16 4899
17 4899
18 4899
19 4899
20 4899
21 4899
22 4899
23 4899
24 4899
0 4900
117 4902
5 4902
4 4902
3 4902
2 4902
1 4902
0 4904
66 4903
19 4903
20 4903
21 4903
22 4903
23 4903
24 4903
62 4905
79 4875
11 4875
10 4875
9 4875
8 4875
7 4875
6 4875
5 4875
4 4875
3 4875
2 4875
1 4875
0 4907
35 4790
23 4790
24 4790
0 4908
97 4909
17 4909
18 4909
19 4909
20 4909
21 4909
22 4909
23 4909
24 4909
50 4751
114 4910
0 4912
0 4913
0 4915
99 4916
39 4917
3 4917
2 4917
1 4917
37 4896
21 4896
22 4896
23 4896
24 4896
82 4918
23 4918
24 4918
0 4919
120 4920
21 4920
22 4920
23 4920
24 4920
30 4906
6 4906
5 4906
4 4906
3 4906
2 4906
1 4906
83 4901
96 4901
12 4901
11 4901
10 4901
9 4901
8 4901
7 4901
6 4901
5 4901
4 4901
3 4901
2 4901
1 4901
40 4921
42 4921
15 4921
16 4921
17 4921
18 4921
19 4921
20 4921
21 4921
22 4921
23 4921
24 4921
0 4922
29 4809
15 4809
16 4809
17 4809
18 4809
19 4809
20 4809
21 4809
22 4809
23 4809
24 4809
0 4924
71 4923
4 4923
3 4923
2 4923
1 4923
0 4926
36 4914
1 4914
101 4928
11 4928
10 4928
9 4928
8 4928
7 4928
6 4928
5 4928
4 4928
3 4928
2 4928
1 4928
0 4931
52 4932
16 4932
17 4932
18 4932
19 4932
20 4932
21 4932
22 4932
23 4932
24 4932
95 4933
32 4933
81 4929
97 4929
85 4929
21 4929
22 4929
23 4929
24 4929
27 4936
10 4936
9 4936
8 4936
7 4936
6 4936
5 4936
4 4936
3 4936
2 4936
1 4936
0 4937
93 4938
15 4938
16 4938
17 4938
18 4938
19 4938
20 4938
21 4938
22 4938
23 4938
24 4938
112 4939
18 4939
19 4939
20 4939
21 4939
22 4939
23 4939
24 4939
0 4941
78 4927
2 4927
1 4927
48 4942
87 4943
114 4943
33 4940
14 4940
15 4940
16 4940
17 4940
18 4940
19 4940
20 4940
21 4940
22 4940
23 4940
24 4940
0 4944
70 4829
24 4829
109 4910
18 4910
19 4910
20 4910
21 4910
22 4910
23 4910
24 4910
118 4945
12 4945
11 4945
10 4945
9 4945
8 4945
7 4945
6 4945
5 4945
4 4945
3 4945
2 4945
1 4945
54 4943
18 4943
19 4943
20 4943
21 4943
22 4943
23 4943
24 4943
84 4946
117 4946
12 4946
11 4946
10 4946
9 4946
8 4946
7 4946
6 4946
5 4946
4 4946
3 4946
2 4946
1 4946
0 4947
88 4925
62 4925
4 4925
3 4925
2 4925
1 4925
0 4950
38 4953
101 4953
14 4953
15 4953
16 4953
17 4953
18 4953
19 4953
20 4953
21 4953
22 4953
23 4953
24 4953
75 4955
111 4956
19 4956
20 4956
21 4956
22 4956
23 4956
24 4956
0 4957
107 4897
19 4897
20 4897
21 4897
22 4897
23 4897
24 4897
41 4960
2 4960
1 4960
68 4916
17 4916
18 4916
19 4916
20 4916
21 4916
22 4916
23 4916
24 4916
79 4961
18 4961
19 4961
20 4961
21 4961
22 4961
23 4961
24 4961
68 4962
17 4962
18 4962
19 4962
20 4962
21 4962
22 4962
23 4962
24 4962
100 4955
8 4955
7 4955
6 4955
5 4955
4 4955
3 4955
2 4955
1 4955
0 4963
85 4964
24 4964
123 4952
17 4952
18 4952
19 4952
20 4952
21 4952
22 4952
23 4952
24 4952
77 4967
108 4905
65 4968
10 4968
9 4968
8 4968
7 4968
6 4968
5 4968
4 4968
3 4968
2 4968
1 4968
0 4969
67 4959
54 4970
20 4970
21 4970
22 4970
23 4970
24 4970
119 4951
15 4951
16 4951
17 4951
18 4951
19 4951
20 4951
21 4951
22 4951
23 4951
24 4951
76 4967
22 4967
23 4967
24 4967
58 4751
8 4751
7 4751
6 4751
5 4751
4 4751
3 4751
2 4751
1 4751
28 4865
58 4865
8 4865
7 4865
6 4865
5 4865
4 4865
3 4865
2 4865
1 4865
102 4930
34 4972
3 4972
2 4972
1 4972
0 4973
80 4974
57 4975
13 4975
14 4975
15 4975
16 4975
17 4975
18 4975
19 4975
20 4975
21 4975
22 4975
23 4975
24 4975
90 4949
78 4949
5 4949
4 4949
3 4949
2 4949
1 4949
89 4976
61 4977
20 4977
21 4977
22 4977
23 4977
24 4977
0 4978
86 4979
1 4979
96 4980
81 4959
59 4980
19 4980
20 4980
21 4980
22 4980
23 4980
24 4980
0 4981
97 4959
73 4983
23 4983
24 4983
104 4959
1 4959
66 4984
4 4984
3 4984
2 4984
1 4984
100 4974
10 4974
9 4974
8 4974
7 4974
6 4974
5 4974
4 4974
3 4974
2 4974
1 4974
94 4954
15 4954
16 4954
17 4954
18 4954
19 4954
20 4954
21 4954
22 4954
23 4954
24 4954
0 4988
106 4911
11 4911
10 4911
9 4911
8 4911
7 4911
6 4911
5 4911
4 4911
3 4911
2 4911
1 4911
104 4987
2 4987
1 4987
0 4989
53 4935
43 4991
82 4991
7 4991
6 4991
5 4991
4 4991
3 4991
2 4991
1 4991
0 4992
35 4905
9 4905
8 4905
7 4905
6 4905
5 4905
4 4905
3 4905
2 4905
1 4905
25 4993
6 4993
5 4993
4 4993
3 4993
2 4993
1 4993
92 4994
24 4994
32 4995
20 4995
21 4995
22 4995
23 4995
24 4995
72 4996
75 4996
0 4997
103 4998
65 4998
14 4998
15 4998
16 4998
17 4998
18 4998
19 4998
20 4998
21 4998
22 4998
23 4998
24 4998
116 4966
82 4999
8 4999
7 4999
6 4999
5 4999
4 4999
3 4999
2 4999
1 4999
0 5000
76 4935
74 4816
115 4948
57 4948
17 4948
18 4948
19 4948
20 4948
21 4948
22 4948
23 4948
24 4948
41 4930
63 4930
7 4930
6 4930
5 4930
4 4930
3 4930
2 4930
1 4930
113 4942
8 4942
7 4942
6 4942
5 4942
4 4942
3 4942
2 4942
1 4942
112 4935
1 4935
70 4966
6 4966
5 4966
4 4966
3 4966
2 4966
1 4966
97 5001
111 4816
99 5003
22 5003
23 5003
24 5003
0 5004
59 5005
22 5005
23 5005
24 5005
117 5006
19 5006
20 5006
21 5006
22 5006
23 5006
24 5006
47 4971
12 4971
11 4971
10 4971
9 4971
8 4971
7 4971
6 4971
5 4971
4 4971
3 4971
2 4971
1 4971
63 5008
7 5008
6 5008
5 5008
4 5008
3 5008
2 5008
1 5008
0 5009
124 4934
0 5011
42 4965
79 4934
37 5012
116 5012
70 5012
7 5012
6 5012
5 5012
4 5012
3 5012
2 5012
1 5012
49 5013
0 5014
121 4958
0 5015
44 5016
120 5017
116 5017
70 5017
8 5017
7 5017
6 5017
5 5017
4 5017
3 5017
2 5017
1 5017
91 5018
46 5019
79 5019
1 5019
107 4965
2 4965
1 4965
0 5020
62 5021
14 5021
15 5021
16 5021
17 5021
18 5021
19 5021
20 5021
21 5021
22 5021
23 5021
24 5021
0 5024
94 4958
21 4958
22 4958
23 4958
24 4958
50 5023
15 5023
16 5023
17 5023
18 5023
19 5023
20 5023
21 5023
22 5023
23 5023
24 5023
0 5025
51 4933
33 4933
24 4933
0 5028
52 5022
3 5022
2 5022
1 5022
95 5029
70 5030
10 5030
9 5030
8 5030
7 5030
6 5030
5 5030
4 5030
3 5030
2 5030
1 5030
97 5013
104 5013
8 5013
7 5013
6 5013
5 5013
4 5013
3 5013
2 5013
1 5013
122 5031
0 5033
109 5034
108 5002
35 5002
15 5002
16 5002
17 5002
18 5002
19 5002
20 5002
21 5002
22 5002
23 5002
24 5002
57 5031
22 5031
23 5031
24 5031
81 5036
30 5027
21 5027
22 5027
23 5027
24 5027
0 5037
119 5018
0 5039
76 5040
0 5041
35 5042
16 5042
17 5042
18 5042
19 5042
20 5042
21 5042
22 5042
23 5042
24 5042
56 4985
19 4985
20 4985
21 4985
22 4985
23 4985
24 4985
105 4982
0 5043
27 5038
69 5044
13 5044
14 5044
15 5044
16 5044
17 5044
18 5044
19 5044
20 5044
21 5044
22 5044
23 5044
24 5044
101 5018
1 5018
119 5045
1 5045
0 5046
88 5047
62 5047
35 5047
17 5047
18 5047
19 5047
20 5047
21 5047
22 5047
23 5047
24 5047
110 5048
17 5048
18 5048
19 5048
20 5048
21 5048
22 5048
23 5048
24 5048
61 5049
90 5050
71 4996
20 4996
21 4996
22 4996
23 4996
24 4996
0 5051
113 5032
16 5032
17 5032
18 5032
19 5032
20 5032
21 5032
22 5032
23 5032
24 5032
78 5050
17 5050
18 5050
19 5050
20 5050
21 5050
22 5050
23 5050
24 5050
41 5052
15 5052
16 5052
17 5052
18 5052
19 5052
20 5052
21 5052
22 5052
23 5052
24 5052
31 5053
3 5053
2 5053
1 5053
95 4982
4 4982
3 4982
2 4982
1 4982
64 4990
4 4990
3 4990
2 4990
1 4990
0 5054
124 5016
93 5016
94 5055
1 5055
0 5056
98 5026
23 5026
24 5026
112 5059
9 5059
8 5059
7 5059
6 5059
5 5059
4 5059
3 5059
2 5059
1 5059
0 5060
45 5035
23 5035
24 5035
85 5001
13 5001
14 5001
15 5001
16 5001
17 5001
18 5001
19 5001
20 5001
21 5001
22 5001
23 5001
24 5001
83 5016
7 5016
6 5016
5 5016
4 5016
3 5016
2 5016
1 5016
48 5062
17 5062
18 5062
19 5062
20 5062
21 5062
22 5062
23 5062
24 5062
60 4976
0 5063
65 5058
82 5064
18 5064
19 5064
20 5064
21 5064
22 5064
23 5064
24 5064
114 5057
10 5057
9 5057
8 5057
7 5057
6 5057
5 5057
4 5057
3 5057
2 5057
1 5057
0 5066
45 4976
24 4976
73 5068
11 5068
10 5068
9 5068
8 5068
7 5068
6 5068
5 5068
4 5068
3 5068
2 5068
1 5068
84 5061
4 5061
3 5061
2 5061
1 5061
60 5058
45 5058
24 5058
40 5069
10 5069
9 5069
8 5069
7 5069
6 5069
5 5069
4 5069
3 5069
2 5069
1 5069
26 5067
104 5067
14 5067
15 5067
16 5067
17 5067
18 5067
19 5067
20 5067
21 5067
22 5067
23 5067
24 5067
0 5070
39 5071
38 5072
5 5072
4 5072
3 5072
2 5072
1 5072
72 5073
0 5074
47 5075
23 5075
24 5075
45 5073
29 5076
11 5076
10 5076
9 5076
8 5076
7 5076
6 5076
5 5076
4 5076
3 5076
2 5076
1 5076
0 5078
66 5080
18 5080
19 5080
20 5080
21 5080
22 5080
23 5080
24 5080
107 5077
11 5077
10 5077
9 5077
8 5077
7 5077
6 5077
5 5077
4 5077
3 5077
2 5077
1 5077
106 5083
0 5084
25 5085
75 5083
102 5086
100 5007
63 5085
19 5085
20 5085
21 5085
22 5085
23 5085
24 5085
25 5086
63 5086
19 5086
20 5086
21 5086
22 5086
23 5086
24 5086
67 5088
16 5088
17 5088
18 5088
19 5088
20 5088
21 5088
22 5088
23 5088
24 5088
87 5089
12 5089
11 5089
10 5089
9 5089
8 5089
7 5089
6 5089
5 5089
4 5089
3 5089
2 5089
1 5089
0 5090
57 5092
4 5092
3 5092
2 5092
1 5092
0 5093
80 5071
0 5095
36 5081
23 5081
24 5081
0 5096
104 5098
17 5098
18 5098
19 5098
20 5098
21 5098
22 5098
23 5098
24 5098
86 5036
18 5036
19 5036
20 5036
21 5036
22 5036
23 5036
24 5036
0 5101
33 5099
10 5099
9 5099
8 5099
7 5099
6 5099
5 5099
4 5099
3 5099
2 5099
1 5099
103 5102
4 5102
3 5102
2 5102
1 5102
106 5071
0 5105
123 5106
11 5106
10 5106
9 5106
8 5106
7 5106
6 5106
5 5106
4 5106
3 5106
2 5106
1 5106
63 5107
22 5107
23 5107
24 5107
93 5103
13 5103
14 5103
15 5103
16 5103
17 5103
18 5103
19 5103
20 5103
21 5103
22 5103
23 5103
24 5103
0 5108
78 5087
68 5109
123 5109
12 5109
11 5109
10 5109
9 5109
8 5109
7 5109
6 5109
5 5109
4 5109
3 5109
2 5109
1 5109
36 5087
55 5010
22 5010
23 5010
24 5010
0 5110
62 5111
116 5112
56 5071
28 5071
3 5071
2 5071
1 5071
121 5094
9 5094
8 5094
7 5094
6 5094
5 5094
4 5094
3 5094
2 5094
1 5094
0 5113
0 5115
37 5116
46 5117
16 5117
17 5117
18 5117
19 5117
20 5117
21 5117
22 5117
23 5117
24 5117
86 5104
21 5104
22 5104
23 5104
24 5104
0 5118
92 5119
17 5119
18 5119
19 5119
20 5119
21 5119
22 5119
23 5119
24 5119
110 5121
0 5122
49 5123
22 5123
23 5123
24 5123
108 5111
3 5111
2 5111
1 5111
75 5124
6 5124
5 5124
4 5124
3 5124
2 5124
1 5124
91 5114
12 5114
11 5114
10 5114
9 5114
8 5114
7 5114
6 5114
5 5114
4 5114
3 5114
2 5114
1 5114
0 5125
118 5079
12 5079
11 5079
10 5079
9 5079
8 5079
7 5079
6 5079
5 5079
4 5079
3 5079
2 5079
1 5079
117 5038
118 5038
12 5038
11 5038
10 5038
9 5038
8 5038
7 5038
6 5038
5 5038
4 5038
3 5038
2 5038
1 5038
0 5127
116 5116
28 5129
58 5129
5 5129
4 5129
3 5129
2 5129
1 5129
74 5126
18 5126
19 5126
20 5126
21 5126
22 5126
23 5126
24 5126
101 5082
13 5082
14 5082
15 5082
16 5082
17 5082
18 5082
19 5082
20 5082
21 5082
22 5082
23 5082
24 5082
0 5131
69 5116
