53 2099 0 100 1.05031e-07 1.11491 1.11491
31 2101 0 100 4.66804e-08 1.12968 1.12968
33 2105 0 100 1.40041e-07 1.27187 1.27187
43 2106 0 100 0.01 1.29161 1.30161
45 2110 0 100 0.0400001 1.44784 1.48784
49 2119 0 100 4.66804e-08 1.8317 1.8317
44 2120 0 100 8.16907e-08 1.84291 1.84291
46 2121 0 100 1.51711e-07 1.89165 1.89165
50 2102 0 100 0.77 1.14834 1.91834
27 2117 0 100 0.2 1.72477 1.92477
54 2123 0 100 0.24 2.00677 2.24677
35 2111 0 100 0.96 1.48262 2.44262
52 2113 0 100 0.89 1.58687 2.47687
30 2132 0 100 2.33402e-08 2.50254 2.50254
25 2134 0 100 1.05031e-07 2.54429 2.54429
32 2139 0 100 1.40041e-07 2.71992 2.71992
48 2130 0 100 0.36 2.39084 2.75084
38 2129 0 100 0.45 2.34659 2.79659
26 2125 0 100 0.73 2.06702 2.79702
39 2140 0 100 0.08 2.72929 2.80929
28 2144 0 100 7.00206e-08 2.84214 2.84214
42 2103 0 100 1.77 1.16773 2.93773
37 2141 0 100 0.2 2.78255 2.98255
41 2097 0 100 2.08 1.00101 3.08101
40 2115 0 100 1.46 1.64229 3.10229
34 2136 0 100 0.59 2.66254 3.25254
47 2137 0 100 1.36 2.70658 4.06658
27 2160 0 100 1.16701e-07 4.27219 4.27219
44 2158 0 100 0.15 4.13074 4.28074
50 2162 0 100 1.28371e-07 4.34351 4.34351
33 2165 0 100 2.33402e-08 4.53426 4.53426
36 2143 0 100 1.72 2.82273 4.54273
51 2166 0 100 0.0300001 4.54602 4.57602
46 2167 0 100 0.17 4.573 4.743
31 2174 0 100 1.16701e-07 5.11359 5.11359
53 2179 0 100 1.51711e-07 5.36299 5.36299
43 2181 0 100 8.16907e-08 5.44326 5.44326
26 2189 0 100 2.33402e-08 6.03059 6.03059
30 2192 0 100 0.25 6.15029 6.40029
45 2195 0 100 0.31 6.35684 6.66684
33 2199 0 100 0.0300002 6.64896 6.67896
52 2200 0 100 1.63381e-07 6.71265 6.71265
40 2203 0 100 1.16701e-07 6.7828 6.7828
38 2190 0 100 0.73 6.06249 6.79249
49 2172 0 100 1.86 5.00139 6.86139
25 2202 0 100 0.16 6.72168 6.88168
37 2207 0 100 3.50103e-08 6.98482 6.98482
36 2208 0 100 0.0400001 6.99309 7.03309
54 2176 0 100 1.99 5.16735 7.15735
47 2214 0 100 1.40041e-07 7.18722 7.18722
32 2216 0 100 0.0100001 7.23609 7.24609
48 2217 0 100 2.33402e-08 7.3148 7.3148
46 2211 0 100 0.24 7.10993 7.34993
51 2108 0 100 6.11 1.35831 7.46831
50 2221 0 100 0.0700001 7.51525 7.58525
42 2224 0 100 0.36 7.5981 7.9581
51 2204 0 100 1.17 6.81836 7.98836
35 2220 0 100 0.64 7.4342 8.0742
54 2223 0 100 0.69 7.59062 8.28062
44 2238 0 100 1.40041e-07 8.63785 8.63785
43 2247 0 100 1.51711e-07 9.1917 9.1917
52 2249 0 100 0.01 9.25256 9.26256
47 2251 0 100 2.33402e-08 9.33945 9.33945
49 2245 0 100 0.31 9.10995 9.41995
39 2210 0 100 2.38 7.04104 9.42104
33 2242 0 100 0.81 8.84246 9.65246
32 2255 0 100 0.07 9.66448 9.73448
27 2240 0 100 1.21 8.7676 9.9776
37 2260 0 100 1.16701e-07 10.0164 10.0164
45 2262 0 100 1.05031e-07 10.1132 10.1132
53 2263 0 100 1.28371e-07 10.1161 10.1161
34 2228 0 100 2.54 7.83256 10.3726
26 2268 0 100 7.00206e-08 10.4553 10.4553
40 2270 0 100 1.28371e-07 10.5564 10.5564
25 2272 0 100 0.05 10.6422 10.6922
51 2279 0 100 0.1 11.0826 11.1826
30 2275 0 100 0.4 10.8421 11.2421
42 2281 0 100 0.2 11.1423 11.3423
47 2289 0 100 1.28371e-07 11.5674 11.5674
41 2213 0 100 4.42 7.17687 11.5969
31 2236 0 100 3.04 8.55715 11.5972
48 2291 0 100 4.66804e-08 11.6511 11.6511
54 2284 0 100 0.56 11.3139 11.8739
52 2295 0 100 1.51711e-07 11.9971 11.9971
32 2298 0 100 0.0700001 12.2142 12.2842
29 2286 0 100 1.09 11.3585 12.4485
33 2303 0 100 1.40041e-07 12.4544 12.4544
43 2304 0 100 3.50103e-08 12.4609 12.4609
28 2185 0 100 6.71 5.77302 12.483
53 2306 0 100 0.07 12.5825 12.6525
44 2308 0 100 0.0500001 12.6205 12.6705
31 2309 0 100 3.50103e-08 12.7099 12.7099
50 2300 0 100 0.63 12.3004 12.9304
35 2312 0 100 0.04 12.9011 12.9411
46 2282 0 100 1.81 11.2134 13.0234
49 2318 0 100 9.33608e-08 13.2254 13.2254
34 2315 0 100 0.28 13.0258 13.3058
27 2320 0 100 1.16701e-07 13.358 13.358
36 2276 0 100 2.49 10.9018 13.3918
38 2258 0 100 3.53 9.88133 13.4113
39 2324 0 100 0.01 13.5712 13.5812
26 2323 0 100 0.22 13.5442 13.7642
25 2334 0 100 1.51711e-07 14.089 14.089
37 2333 0 100 0.0600001 14.0854 14.1454
51 2327 0 100 0.49 13.7681 14.2581
42 2343 0 100 1.16701e-07 14.5619 14.5619
48 2332 0 100 0.51 14.058 14.568
41 2340 0 100 0.54 14.437 14.977
