50 4637 0 100 1.40041e-07 1.02589 1.02589
75 4639 0 100 1.16701e-07 1.06025 1.06025
48 4643 0 100 1.40041e-07 1.08775 1.08775
69 4644 0 100 1.16701e-07 1.12559 1.12559
26 4647 0 100 9.33608e-08 1.16776 1.16776
79 4645 0 100 0.06 1.14109 1.20109
35 4658 0 100 1.40041e-07 1.32671 1.32671
92 4651 0 100 0.16 1.20158 1.36158
109 4659 0 100 7.00206e-08 1.37501 1.37501
88 4662 0 100 1.28371e-07 1.38213 1.38213
95 4665 0 100 1.16701e-08 1.40464 1.40464
59 4657 0 100 0.11 1.3002 1.4102
107 4667 0 100 0.0500001 1.50964 1.55964
97 4668 0 100 1.16701e-07 1.57312 1.57312
82 4675 0 100 0.0500001 1.65472 1.70472
84 4677 0 100 1.16701e-08 1.74717 1.74717
123 4638 0 100 0.75 1.03288 1.78288
47 4652 0 100 0.57 1.21964 1.78964
57 4683 0 100 3.50103e-08 1.81329 1.81329
102 4687 0 100 1.40041e-07 1.88127 1.88127
29 4694 0 100 9.33608e-08 2.02136 2.02136
67 4656 0 100 0.74 1.29193 2.03193
119 4663 0 100 0.68 1.38459 2.06459
83 4670 0 100 0.5 1.58774 2.08774
94 4671 0 100 0.5 1.61838 2.11838
99 4692 0 100 0.16 1.97813 2.13813
118 4698 0 100 4.66804e-08 2.16548 2.16548
93 4703 0 100 8.16907e-08 2.27484 2.27484
49 4697 0 100 0.16 2.12969 2.28969
101 4708 0 100 7.00206e-08 2.3648 2.3648
87 4685 0 100 0.53 1.86508 2.39508
105 4701 0 100 0.21 2.18679 2.39679
31 4711 0 100 5.83505e-08 2.41906 2.41906
89 4681 0 100 0.65 1.78032 2.43032
113 4672 0 100 0.87 1.62921 2.49921
43 4716 0 100 9.33608e-08 2.52635 2.52635
86 4682 0 100 0.77 1.79651 2.56651
27 4720 0 100 4.66804e-08 2.56744 2.56744
60 4718 0 100 0.08 2.53685 2.61685
42 4722 0 100 0.0200001 2.5992 2.6192
68 4724 0 100 1.05031e-07 2.6334 2.6334
96 4726 0 100 1.16701e-07 2.65329 2.65329
120 4661 0 100 1.32 1.37854 2.69854
55 4714 0 100 0.22 2.48221 2.70221
90 4719 0 100 0.21 2.54602 2.75602
64 4674 0 100 1.11 1.65461 2.76461
106 4689 0 100 0.84 1.94909 2.78909
32 4735 0 100 9.33608e-08 2.8073 2.8073
73 4734 0 100 0.0100002 2.80406 2.81406
65 4649 0 100 1.7 1.18493 2.88493
121 4680 0 100 1.11 1.77713 2.88713
98 4709 0 100 0.52 2.37333 2.89333
46 4748 0 100 1.28371e-07 2.90403 2.90403
122 4742 0 100 0.16 2.8501 3.0101
54 4730 0 100 0.36 2.68326 3.04326
40 4743 0 100 0.2 2.85055 3.05055
70 4688 0 100 1.18 1.90243 3.08243
100 4695 0 100 1.13 2.0518 3.1818
80 4700 0 100 1.02 2.18272 3.20272
28 4702 0 100 0.96 2.24453 3.20453
72 4654 0 100 1.94 1.26627 3.20627
117 4727 0 100 0.56 2.66339 3.22339
66 4650 0 100 2.05 1.18908 3.23908
53 4690 0 100 1.31 1.95125 3.26125
77 4738 0 100 0.49 2.82784 3.31784
78 4712 0 100 0.91 2.41987 3.32987
26 4754 0 100 0.24 3.18266 3.42266
63 4706 0 100 1.17 2.32997 3.49997
56 4737 0 100 0.68 2.82477 3.50477
62 4684 0 100 1.69 1.82668 3.51668
44 4728 0 100 0.88 2.66371 3.54371
81 4725 0 100 0.96 2.63718 3.59718
45 4747 0 100 0.73 2.89566 3.62566
91 4745 0 100 0.77 2.87019 3.64019
25 4646 0 100 2.55 1.14859 3.69859
52 4642 0 100 2.62 1.08593 3.70593
108 4739 0 100 0.89 2.83591 3.72591
51 4653 0 100 2.52 1.24092 3.76092
33 4693 0 100 1.78 1.98976 3.76976
74 4732 0 100 0.98 2.79037 3.77037
36 4744 0 100 0.92 2.86024 3.78024
57 4763 0 100 1.05031e-07 3.85949 3.85949
97 4761 0 100 0.15 3.72598 3.87598
110 4736 0 100 1.18 2.81957 3.99957
71 4640 0 100 3.03 1.06598 4.09598
37 4741 0 100 1.28 2.8421 4.1221
116 4733 0 100 1.38 2.7975 4.1775
48 4770 0 100 2.33402e-08 4.20166 4.20166
69 4759 0 100 0.59 3.6394 4.2294
82 4768 0 100 0.09 4.15241 4.24241
39 4717 0 100 1.73 2.52865 4.25865
102 4772 0 100 2.33402e-08 4.33741 4.33741
119 4773 0 100 0.0100002 4.34189 4.35189
101 4778 0 100 1.75052e-07 4.52122 4.52122
124 4777 0 100 0.1 4.50747 4.60747
107 4767 0 100 0.58 4.09994 4.67994
85 4749 0 100 1.79 2.9282 4.7182
76 4664 0 100 3.33 1.39446 4.72446
114 4740 0 100 1.91 2.83859 4.74859
87 4775 0 100 0.35 4.39999 4.74999
30 4723 0 100 2.14 2.62824 4.76824
104 4678 0 100 3.02 1.76364 4.78364
83 4782 0 100 1.05031e-07 4.78754 4.78754
106 4787 0 100 1.16701e-07 4.91059 4.91059
55 4784 0 100 0.09 4.82097 4.91097
115 4792 0 100 1.40041e-07 5.06783 5.06783
84 4785 0 100 0.26 4.85324 5.11324
103 4795 0 100 1.51711e-07 5.15618 5.15618
42 4797 0 100 4.66804e-08 5.1722 5.1722
118 4788 0 100 0.32 4.97541 5.29541
88 4796 0 100 0.19 5.17093 5.36093
78 4803 0 100 1.05031e-07 5.40609 5.40609
96 4808 0 100 5.83505e-08 5.51786 5.51786
93 4807 0 100 0.01 5.51486 5.52486
41 4715 0 100 3.09 2.4843 5.5743
54 4814 0 100 2.33402e-08 5.67283 5.67283
64 4818 0 100 5.83505e-08 5.74309 5.74309
79 4819 0 100 3.50103e-08 5.76668 5.76668
94 4822 0 100 9.33608e-08 5.84965 5.84965
33 4824 0 100 5.83505e-08 5.92497 5.92497
65 4801 0 100 0.64 5.37403 6.01404
89 4825 0 100 0.0800001 5.96356 6.04356
47 4828 0 100 1.51711e-07 6.06245 6.06245
34 4707 0 100 3.82 2.33791 6.15791
52 4831 0 100 0.02 6.15407 6.17407
66 4836 0 100 1.16701e-07 6.22679 6.22679
92 4838 0 100 3.50103e-08 6.23371 6.23371
105 4817 0 100 0.51 5.72507 6.23507
122 4791 0 100 1.21 5.03483 6.24483
60 4821 0 100 0.43 5.8359 6.2659
77 4835 0 100 0.0600001 6.20764 6.26764
111 4705 0 100 4.02 2.32811 6.34811
63 4841 0 100 0.0400001 6.33761 6.37761
120 4837 0 100 0.16 6.23197 6.39197
59 4834 0 100 0.22 6.18124 6.40124
51 4846 0 100 2.33402e-08 6.44053 6.44053
99 4804 0 100 1.15 5.44635 6.59635
76 4783 0 100 1.81 4.80619 6.61619
67 4799 0 100 1.5 5.18426 6.68426
48 4854 0 100 1.51711e-07 6.7157 6.7157
112 4856 0 100 0.0200001 6.81258 6.83258
86 4858 0 100 1.16701e-07 6.87209 6.87209
55 4857 0 100 0.0600002 6.86046 6.92046
32 4861 0 100 2.33402e-08 6.93606 6.93606
27 4862 0 100 2.33402e-08 6.9543 6.9543
34 4866 0 100 1.51711e-07 7.05651 7.05651
119 4869 0 100 1.16701e-08 7.08536 7.08536
53 4812 0 100 1.49 5.60516 7.09516
46 4864 0 100 0.0900001 7.01501 7.10501
95 4805 0 100 1.66 5.47309 7.13309
121 4851 0 100 0.49 6.65268 7.14268
58 4673 0 100 5.56 1.65211 7.21211
87 4852 0 100 0.56 6.67015 7.23015
44 4871 0 100 7.00206e-08 7.23413 7.23413
85 4873 0 100 1.40041e-07 7.27616 7.27616
73 4840 0 100 0.99 6.28778 7.27778
72 4843 0 100 0.91 6.37136 7.28136
111 4827 0 100 1.29 6.01585 7.30585
103 4874 0 100 4.66804e-08 7.31906 7.31906
90 4876 0 100 1.05031e-07 7.3627 7.3627
49 4794 0 100 2.33 5.10482 7.43482
68 4878 0 100 7.00206e-08 7.44216 7.44216
81 4832 0 100 1.3 6.17022 7.47022
38 4842 0 100 1.14 6.35126 7.49126
115 4880 0 100 0.07 7.49231 7.56231
110 4883 0 100 8.16907e-08 7.56925 7.56925
75 4813 0 100 1.95 5.64677 7.59677
69 4885 0 100 1.28371e-07 7.60876 7.60876
45 4850 0 100 1.06 6.58125 7.64125
41 4889 0 100 1.05031e-07 7.7601 7.7601
43 4845 0 100 1.36 6.42994 7.78994
96 4887 0 100 0.0900001 7.73542 7.82542
91 4881 0 100 0.33 7.51241 7.84241
31 4848 0 100 1.34 6.50633 7.84633
76 4892 0 100 1.40041e-07 7.86006 7.86006
80 4888 0 100 0.12 7.75493 7.87493
98 4893 0 100 0.02 7.86089 7.88089
56 4810 0 100 2.32 5.56923 7.88923
104 4860 0 100 1.07 6.93287 8.00287
113 4867 0 100 0.93 7.07296 8.00296
108 4882 0 100 0.5 7.53344 8.03344
122 4891 0 100 0.32 7.78418 8.10418
26 4899 0 100 1.28371e-07 8.12704 8.12704
117 4902 0 100 7.00206e-08 8.21343 8.21343
66 4903 0 100 0.0200001 8.27136 8.29136
61 4875 0 100 1.01 7.34314 8.35314
35 4790 0 100 3.4 5.01915 8.41915
97 4909 0 100 1.05031e-07 8.52321 8.52321
39 4917 0 100 4.66804e-08 8.84606 8.84606
37 4896 0 100 0.83 8.03324 8.86324
82 4918 0 100 3.50103e-08 8.87391 8.87391
120 4920 0 100 5.83505e-08 8.87662 8.87662
30 4906 0 100 0.63 8.3132 8.9432
83 4901 0 100 0.77 8.1933 8.9633
40 4921 0 100 1.40041e-07 8.97343 8.97343
109 4809 0 100 3.45 5.5445 8.9945
71 4923 0 100 0.0700001 9.03691 9.10691
36 4914 0 100 0.5 8.71021 9.21021
101 4928 0 100 1.40041e-07 9.21595 9.21595
52 4932 0 100 1.16701e-07 9.27883 9.27883
81 4929 0 100 0.1 9.23894 9.33894
27 4936 0 100 1.28371e-07 9.36192 9.36192
93 4938 0 100 1.28371e-07 9.38197 9.38197
112 4939 0 100 9.33608e-08 9.40117 9.40117
78 4927 0 100 0.29 9.19209 9.48209
33 4940 0 100 0.12 9.45032 9.57032
116 4829 0 100 3.51 6.07244 9.58244
114 4910 0 100 1.04 8.55028 9.59028
118 4945 0 100 1.51711e-07 9.60055 9.60055
87 4943 0 100 0.0800001 9.5326 9.6126
84 4946 0 100 1.63381e-07 9.66375 9.66375
88 4925 0 100 0.53 9.17281 9.70281
38 4953 0 100 1.51711e-07 9.82214 9.82214
111 4956 0 100 8.16907e-08 9.87386 9.87386
107 4897 0 100 1.81 8.07074 9.88074
41 4960 0 100 3.50103e-08 9.90186 9.90186
99 4916 0 100 1.14 8.78137 9.92137
79 4961 0 100 9.33608e-08 9.92159 9.92159
68 4962 0 100 1.05031e-07 9.92441 9.92441
75 4955 0 100 0.1 9.84932 9.94932
85 4964 0 100 2.33402e-08 9.99905 9.99905
123 4952 0 100 0.23 9.81386 10.0439
65 4968 0 100 1.28371e-07 10.0734 10.0734
54 4970 0 100 7.00206e-08 10.0944 10.0944
119 4951 0 100 0.33 9.78157 10.1116
77 4967 0 100 0.0900001 10.0611 10.1511
50 4751 0 100 7.11 3.04222 10.1522
28 4865 0 100 3.13 7.02573 10.1557
34 4972 0 100 4.66804e-08 10.1748 10.1748
57 4975 0 100 1.51711e-07 10.1961 10.1961
90 4949 0 100 0.44 9.75912 10.1991
61 4977 0 100 7.00206e-08 10.2426 10.2426
86 4979 0 100 2.33402e-08 10.2892 10.2892
96 4980 0 100 0.0400001 10.3351 10.3751
73 4983 0 100 3.50103e-08 10.396 10.396
67 4959 0 100 0.52 9.88444 10.4044
66 4984 0 100 5.83505e-08 10.4068 10.4068
80 4974 0 100 0.23 10.1911 10.4211
94 4954 0 100 0.64 9.82318 10.4632
106 4911 0 100 2.03 8.56246 10.5925
104 4987 0 100 0.06 10.5519 10.6119
43 4991 0 100 1.05031e-07 10.7185 10.7185
62 4905 0 100 2.49 8.29288 10.7829
25 4993 0 100 8.16907e-08 10.8 10.8
92 4994 0 100 2.33402e-08 10.8138 10.8138
32 4995 0 100 0.0100001 10.8214 10.8314
103 4998 0 100 1.51711e-07 10.8781 10.8781
82 4999 0 100 0.0600001 10.8797 10.9397
115 4948 0 100 1.24 9.74956 10.9896
102 4930 0 100 1.72 9.27346 10.9935
48 4942 0 100 1.48 9.51653 10.9965
53 4935 0 100 1.67 9.35481 11.0248
116 4966 0 100 1 10.0364 11.0364
40 4816 0 100 5.36 5.69577 11.0558
99 5003 0 100 4.66804e-08 11.0671 11.0671
59 5005 0 100 4.66804e-08 11.0883 11.0883
117 5006 0 100 8.16907e-08 11.0907 11.0907
47 4971 0 100 0.95 10.1673 11.1173
63 5008 0 100 9.33608e-08 11.1197 11.1197
124 4934 0 100 2.01 9.28202 11.292
37 5012 0 100 1.16701e-07 11.3111 11.3111
120 5017 0 100 1.28371e-07 11.5331 11.5331
46 5019 0 100 3.50103e-08 11.5423 11.5423
42 4965 0 100 1.53 10.0161 11.5461
62 5021 0 100 1.40041e-07 11.6559 11.6559
121 4958 0 100 1.81 9.88317 11.6932
50 5023 0 100 0.1 11.6729 11.7729
95 4933 0 100 2.5 9.27988 11.7799
52 5022 0 100 0.23 11.6587 11.8887
95 5029 0 100 1.16701e-08 11.8915 11.8915
70 5030 0 100 1.28371e-07 11.909 11.909
49 5013 0 100 0.56 11.3655 11.9255
108 5002 0 100 0.93 11.0665 11.9965
122 5031 0 100 0.1 11.942 12.042
30 5027 0 100 0.23 11.8398 12.0698
35 5042 0 100 1.16701e-07 12.2829 12.2829
56 4985 0 100 1.89 10.4289 12.3189
69 5044 0 100 1.51711e-07 12.3876 12.3876
91 5018 0 100 0.86 11.5366 12.3966
119 5045 0 100 2.33402e-08 12.4405 12.4405
88 5047 0 100 1.28371e-07 12.4759 12.4759
110 5048 0 100 1.05031e-07 12.4863 12.4863
72 4996 0 100 1.71 10.8642 12.5742
113 5032 0 100 0.63 11.9707 12.6007
90 5050 0 100 0.0400001 12.574 12.614
41 5052 0 100 0.0200001 12.5941 12.6141
31 5053 0 100 0.01 12.6349 12.6449
105 4982 0 100 2.27 10.3788 12.6488
64 4990 0 100 1.96 10.7038 12.6638
94 5055 0 100 0.02 12.7367 12.7567
98 5026 0 100 1.03 11.8092 12.8392
112 5059 0 100 1.16701e-07 12.8736 12.8736
45 5035 0 100 0.85 12.0265 12.8765
97 5001 0 100 1.86 11.0457 12.9057
44 5016 0 100 1.43 11.5168 12.9468
48 5062 0 100 1.05031e-07 12.9556 12.9556
82 5064 0 100 9.33608e-08 13.047 13.047
114 5057 0 100 0.27 12.7965 13.0665
89 4976 0 100 2.87 10.2172 13.0872
73 5068 0 100 1.40041e-07 13.1153 13.1153
84 5061 0 100 0.22 12.8971 13.1171
65 5058 0 100 0.33 12.8066 13.1366
40 5069 0 100 1.28371e-07 13.167 13.167
26 5067 0 100 0.0600002 13.1119 13.1719
38 5072 0 100 7.00206e-08 13.1979 13.1979
47 5075 0 100 3.50103e-08 13.321 13.321
72 5073 0 100 0.06 13.2616 13.3216
29 5076 0 100 0.0100001 13.3508 13.3608
66 5080 0 100 9.33608e-08 13.3984 13.3984
107 5077 0 100 0.0500001 13.3518 13.4018
106 5083 0 100 0.02 13.4722 13.4922
100 5007 0 100 2.4 11.1013 13.5013
25 5085 0 100 0.0300001 13.49 13.52
102 5086 0 100 0.0300001 13.4933 13.5233
67 5088 0 100 1.16701e-07 13.545 13.545
87 5089 0 100 1.51711e-07 13.5493 13.5493
57 5092 0 100 5.83505e-08 13.6117 13.6117
36 5081 0 100 0.41 13.4048 13.8148
104 5098 0 100 1.05031e-07 13.8899 13.8899
81 5036 0 100 1.86 12.0438 13.9038
33 5099 0 100 0.0300001 13.9484 13.9784
103 5102 0 100 5.83505e-08 13.9899 13.9899
123 5106 0 100 1.40041e-07 14.098 14.098
63 5107 0 100 0.02 14.1201 14.1401
93 5103 0 100 0.12 14.0334 14.1534
68 5109 0 100 1.63381e-07 14.1979 14.1979
78 5087 0 100 0.74 13.5053 14.2453
55 5010 0 100 3.06 11.2143 14.2743
39 5071 0 100 1.14 13.1929 14.3329
121 5094 0 100 0.57 13.7681 14.3381
46 5117 0 100 1.16701e-07 14.5543 14.5543
86 5104 0 100 0.49 14.0695 14.5595
92 5119 0 100 1.05031e-07 14.5771 14.5771
49 5123 0 100 4.66804e-08 14.6771 14.6771
62 5111 0 100 0.44 14.2843 14.7243
75 5124 0 100 0.0600001 14.6844 14.7444
91 5114 0 100 0.35 14.4086 14.7586
118 5079 0 100 1.46 13.3971 14.8571
27 5038 0 100 2.75 12.1157 14.8657
28 5129 0 100 8.16907e-08 14.8934 14.8934
74 5126 0 100 0.12 14.7905 14.9105
101 5082 0 100 1.51 13.4309 14.9409
37 5116 0 100 0.5 14.4803 14.9803
