0 1869
0 1870
0 1871
0 1872
0 1873
0 1874
0 1875
0 1883
38 1879
4 1879
3 1879
2 1879
1 1879
0 1884
37 1888
9 1888
8 1888
7 1888
6 1888
5 1888
4 1888
3 1888
2 1888
1 1888
28 1885
19 1885
20 1885
21 1885
22 1885
23 1885
24 1885
29 1891
22 1891
23 1891
24 1891
0 1892
0 1894
0 1897
30 1898
21 1898
22 1898
23 1898
24 1898
25 1893
20 1893
21 1893
22 1893
23 1893
24 1893
33 1899
17 1899
18 1899
19 1899
20 1899
21 1899
22 1899
23 1899
24 1899
43 1895
15 1895
16 1895
17 1895
18 1895
19 1895
20 1895
21 1895
22 1895
23 1895
24 1895
0 1901
32 1886
18 1886
19 1886
20 1886
21 1886
22 1886
23 1886
24 1886
0 1902
0 1903
27 1889
38 1889
8 1889
7 1889
6 1889
5 1889
4 1889
3 1889
2 1889
1 1889
0 1906
0 1907
44 1908
23 1908
24 1908
0 1909
0 1913
0 1914
0 1915
35 1916
19 1916
20 1916
21 1916
22 1916
23 1916
24 1916
0 1917
41 1911
18 1911
19 1911
20 1911
21 1911
22 1911
23 1911
24 1911
0 1918
0 1919
0 1920
0 1921
31 1904
6 1904
5 1904
4 1904
3 1904
2 1904
1 1904
0 1922
26 1910
1 1910
0 1923
42 1896
11 1896
10 1896
9 1896
8 1896
7 1896
6 1896
5 1896
4 1896
3 1896
2 1896
1 1896
0 1924
0 1925
0 1927
40 1912
16 1912
17 1912
18 1912
19 1912
20 1912
21 1912
22 1912
23 1912
24 1912
34 1905
11 1905
10 1905
9 1905
8 1905
7 1905
6 1905
5 1905
4 1905
3 1905
2 1905
1 1905
0 1928
0 1929
0 1930
39 1882
19 1882
20 1882
21 1882
22 1882
23 1882
24 1882
0 1931
0 1933
28 1932
8 1932
7 1932
6 1932
5 1932
4 1932
3 1932
2 1932
1 1932
0 1934
0 1936
0 1937
0 1938
25 1940
10 1940
9 1940
8 1940
7 1940
6 1940
5 1940
4 1940
3 1940
2 1940
1 1940
0 1945
0 1946
0 1947
0 1949
0 1950
0 1952
38 1953
1 1953
0 1954
29 1964
20 1964
21 1964
22 1964
23 1964
24 1964
0 1965
27 1955
0 1968
0 1973
0 1974
36 1881
24 1881
0 1976
44 1977
20 1977
21 1977
22 1977
23 1977
24 1977
0 1978
0 1979
0 1980
30 1957
23 1957
24 1957
0 1981
37 1966
13 1966
14 1966
15 1966
16 1966
17 1966
18 1966
19 1966
20 1966
21 1966
22 1966
23 1966
24 1966
0 1982
0 1983
28 1967
24 1967
0 1985
0 1986
42 1956
7 1956
6 1956
5 1956
4 1956
3 1956
2 1956
1 1956
26 1984
22 1984
23 1984
24 1984
0 1987
34 1958
5 1958
4 1958
3 1958
2 1958
1 1958
0 1989
43 1951
20 1951
21 1951
22 1951
23 1951
24 1951
31 1975
4 1975
3 1975
2 1975
1 1975
0 1990
40 1969
11 1969
10 1969
9 1969
8 1969
7 1969
6 1969
5 1969
4 1969
3 1969
2 1969
1 1969
0 1991
35 1961
20 1961
21 1961
22 1961
23 1961
24 1961
0 1992
32 1948
23 1948
24 1948
33 1959
32 1959
23 1959
24 1959
38 1955
13 1955
14 1955
15 1955
16 1955
17 1955
18 1955
19 1955
20 1955
21 1955
22 1955
23 1955
24 1955
0 1993
41 1944
20 1944
21 1944
22 1944
23 1944
24 1944
0 1994
39 1988
15 1988
16 1988
17 1988
18 1988
19 1988
20 1988
21 1988
22 1988
23 1988
24 1988
0 1995
0 1996
0 1997
0 1998
0 1999
0 2000
29 2001
8 2001
7 2001
6 2001
5 2001
4 2001
3 2001
2 2001
1 2001
0 2002
0 2003
0 2004
0 2005
0 2006
0 2007
0 2009
44 2010
9 2010
8 2010
7 2010
6 2010
5 2010
4 2010
3 2010
2 2010
1 2010
0 2011
0 2012
0 2013
25 2008
44 2008
10 2008
9 2008
8 2008
7 2008
6 2008
5 2008
4 2008
3 2008
2 2008
1 2008
31 2017
14 2017
15 2017
16 2017
17 2017
18 2017
19 2017
20 2017
21 2017
22 2017
23 2017
24 2017
33 2020
9 2020
8 2020
7 2020
6 2020
5 2020
4 2020
3 2020
2 2020
1 2020
0 2021
0 2022
0 2025
0 2027
0 2028
32 2029
11 2029
10 2029
9 2029
8 2029
7 2029
6 2029
5 2029
4 2029
3 2029
2 2029
1 2029
28 2024
15 2024
16 2024
17 2024
18 2024
19 2024
20 2024
21 2024
22 2024
23 2024
24 2024
0 2030
0 2032
38 2015
2 2015
1 2015
0 2036
0 2039
37 2037
8 2037
7 2037
6 2037
5 2037
4 2037
3 2037
2 2037
1 2037
29 2040
20 2040
21 2040
22 2040
23 2040
24 2040
0 2041
40 2031
3 2031
2 2031
1 2031
26 2026
16 2026
17 2026
18 2026
19 2026
20 2026
21 2026
22 2026
23 2026
24 2026
0 2045
0 2046
0 2049
0 2050
0 2052
0 2054
44 2055
21 2055
22 2055
23 2055
24 2055
27 2033
0 2056
0 2057
35 2058
16 2058
17 2058
18 2058
19 2058
20 2058
21 2058
22 2058
23 2058
24 2058
0 2059
0 2060
0 2061
36 2038
3 2038
2 2038
1 2038
39 2048
11 2048
10 2048
9 2048
8 2048
7 2048
6 2048
5 2048
4 2048
3 2048
2 2048
1 2048
0 2063
0 2064
0 2065
0 2066
0 2068
0 2069
43 2051
22 2051
23 2051
24 2051
0 2070
42 2023
11 2023
10 2023
9 2023
8 2023
7 2023
6 2023
5 2023
4 2023
3 2023
2 2023
1 2023
0 2071
0 2072
30 2043
5 2043
4 2043
3 2043
2 2043
1 2043
0 2073
32 2062
1 2062
28 2075
5 2075
4 2075
3 2075
2 2075
1 2075
0 2076
0 2078
38 2033
17 2033
18 2033
19 2033
20 2033
21 2033
22 2033
23 2033
24 2033
31 2079
9 2079
8 2079
7 2079
6 2079
5 2079
4 2079
3 2079
2 2079
1 2079
0 2080
0 2081
25 2082
7 2082
6 2082
5 2082
4 2082
3 2082
2 2082
1 2082
33 2077
0 2083
0 2084
26 2085
6 2085
5 2085
4 2085
3 2085
2 2085
1 2085
