27 50 0.048 49.952
27 50 0.048 49.952
42 50 0.048 49.952
26 50 0.0048 49.9952
26 49.9952 0.048 49.9472
42 49.952 0.0048 49.9472
42 49.9472 0.16 49.7872
26 49.9472 0.016 49.9312
26 49.9312 0.016 49.9152
42 49.7872 0.0016 49.7856
26 49.9152 0.048 49.8672
42 49.7856 0.0048 49.7808
27 50 0.048 49.952
27 49.952 0.0048 49.9472
27 49.9472 0.16 49.7872
27 49.7872 0.0016 49.7856
41 50 0.016 49.984
41 49.984 0.016 49.968
41 49.968 0.048 49.92
43 50 0.016 49.984
43 49.984 0.016 49.968
43 49.968 0.048 49.92
28 50 0.016 49.984
28 49.984 0.016 49.968
28 49.968 0.048 49.92
32 50 0.016 49.984
32 49.984 0.016 49.968
32 49.968 0.048 49.92
33 50 0.016 49.984
33 49.984 0.016 49.968
33 49.968 0.048 49.92
29 50 0.016 49.984
29 49.984 0.016 49.968
29 49.968 0.048 49.92
36 50 0.016 49.984
36 49.984 0.016 49.968
36 49.968 0.048 49.92
25 50 0.016 49.984
25 49.984 0.016 49.968
25 49.968 0.048 49.92
40 50 0.016 49.984
40 49.984 0.016 49.968
40 49.968 0.048 49.92
35 50 0.016 49.984
35 49.984 0.016 49.968
35 49.968 0.048 49.92
30 50 0.016 49.984
30 49.984 0.016 49.968
30 49.968 0.048 49.92
37 50 0.016 49.984
37 49.984 0.016 49.968
37 49.968 0.048 49.92
39 50 0.016 49.984
39 49.984 0.016 49.968
39 49.968 0.048 49.92
38 50 0.016 49.984
38 49.984 0.016 49.968
38 49.968 0.048 49.92
34 50 0.016 49.984
34 49.984 0.016 49.968
34 49.968 0.048 49.92
44 50 0.016 49.984
44 49.984 0.016 49.968
44 49.968 0.048 49.92
26 50 0.016 49.984
31 50 0.016 49.984
31 49.984 0.016 49.968
31 49.968 0.048 49.92
42 49.7808 0.016 49.7648
42 49.7648 0.016 49.7488
42 49.7488 0.048 49.7008
26 49.984 0.0048 49.9792
26 49.9792 0.048 49.9312
31 49.92 0.0048 49.9152
42 49.8666 0.0048 49.8618
41 50 0.048 49.952
43 50 0.048 49.952
28 50 0.048 49.952
32 50 0.048 49.952
33 50 0.0048 49.9952
33 49.9952 0.048 49.9472
32 49.952 0.0048 49.9472
29 50 0.048 49.952
36 50 0.048 49.952
25 50 0.048 49.952
40 50 0.048 49.952
35 50 0.048 49.952
30 50 0.048 49.952
37 50 0.048 49.952
39 50 0.048 49.952
38 50 0.048 49.952
34 50 0.048 49.952
44 50 0.048 49.952
31 50 0.048 49.952
26 50 0.0048 49.9952
42 49.8618 0.0048 49.857
42 49.857 0.048 49.809
26 49.9952 0.0048 49.9904
31 49.952 0.0048 49.9472
26 49.9904 0.048 49.9424
31 49.9472 0.0048 49.9424
42 49.9791 0.0048 49.9743
41 50 0.048 49.952
43 50 0.048 49.952
28 50 0.048 49.952
32 50 0.048 49.952
33 50 0.0048 49.9952
33 49.9952 0.048 49.9472
32 49.952 0.0048 49.9472
29 50 0.048 49.952
36 50 0.048 49.952
25 50 0.048 49.952
40 50 0.048 49.952
35 50 0.048 49.952
30 50 0.048 49.952
37 50 0.048 49.952
39 50 0.048 49.952
38 50 0.048 49.952
34 50 0.048 49.952
44 50 0.048 49.952
31 50 0.048 49.952
26 50 0.0048 49.9952
42 49.9743 0.0048 49.9695
42 49.9695 0.048 49.9215
26 49.9952 0.0048 49.9904
31 49.952 0.0048 49.9472
26 49.9904 0.048 49.9424
31 49.9472 0.0048 49.9424
42 50 0.0048 49.9952
41 50 0.048 49.952
43 50 0.048 49.952
28 50 0.048 49.952
32 50 0.048 49.952
33 50 0.048 49.952
29 50 0.048 49.952
36 50 0.048 49.952
25 50 0.048 49.952
40 50 0.048 49.952
35 50 0.048 49.952
30 50 0.048 49.952
37 50 0.048 49.952
39 50 0.048 49.952
38 50 0.048 49.952
34 50 0.048 49.952
44 50 0.048 49.952
31 50 0.048 49.952
26 50 0.0048 49.9952
42 49.9952 0.048 49.9472
26 49.9952 0.0048 49.9904
26 49.9904 0.048 49.9424
31 49.952 0.0048 49.9472
42 50 0.0048 49.9952
41 50 0.048 49.952
43 50 0.048 49.952
28 50 0.048 49.952
32 50 0.048 49.952
33 50 0.048 49.952
29 50 0.048 49.952
36 50 0.048 49.952
25 50 0.048 49.952
40 50 0.048 49.952
35 50 0.048 49.952
30 50 0.048 49.952
37 50 0.048 49.952
39 50 0.048 49.952
38 50 0.048 49.952
34 50 0.048 49.952
44 50 0.048 49.952
31 50 0.048 49.952
42 49.9952 0.048 49.9472
26 50 0.0048 49.9952
26 49.9952 0.048 49.9472
42 50 0.0048 49.9952
41 50 0.048 49.952
43 50 0.048 49.952
28 50 0.048 49.952
32 50 0.048 49.952
33 50 0.048 49.952
29 50 0.048 49.952
36 50 0.048 49.952
25 50 0.048 49.952
40 50 0.048 49.952
35 50 0.048 49.952
30 50 0.048 49.952
37 50 0.048 49.952
39 50 0.048 49.952
38 50 0.048 49.952
34 50 0.048 49.952
44 50 0.048 49.952
31 50 0.048 49.952
42 49.9952 0.0048 49.9904
42 49.9904 0.048 49.9424
26 50 0.0048 49.9952
31 49.952 0.0048 49.9472
26 49.9952 0.048 49.9472
31 49.9472 0.0048 49.9424
41 50 0.048 49.952
43 50 0.048 49.952
28 50 0.048 49.952
32 50 0.048 49.952
33 50 0.048 49.952
29 50 0.048 49.952
36 50 0.048 49.952
25 50 0.048 49.952
40 50 0.048 49.952
35 50 0.048 49.952
30 50 0.048 49.952
37 50 0.048 49.952
39 50 0.048 49.952
38 50 0.048 49.952
38 49.952 0.0048 49.9472
38 49.9472 0.16 49.7872
34 50 0.048 49.952
44 50 0.048 49.952
31 50 0.048 49.952
26 50 0.0048 49.9952
42 50 0.0048 49.9952
42 49.9952 0.048 49.9472
26 49.9952 0.0048 49.9904
31 49.952 0.0048 49.9472
26 49.9904 0.048 49.9424
31 49.9472 0.0048 49.9424
42 50 0.0048 49.9952
41 50 0.048 49.952
43 50 0.048 49.952
28 50 0.048 49.952
32 50 0.048 49.952
33 50 0.048 49.952
29 50 0.048 49.952
36 50 0.048 49.952
25 50 0.048 49.952
40 50 0.048 49.952
35 50 0.048 49.952
30 50 0.048 49.952
37 50 0.048 49.952
39 50 0.048 49.952
34 50 0.048 49.952
44 50 0.048 49.952
31 50 0.048 49.952
26 50 0.0048 49.9952
42 49.9952 0.0048 49.9904
42 49.9904 0.048 49.9424
26 49.9952 0.0048 49.9904
31 49.952 0.0048 49.9472
26 49.9904 0.048 49.9424
31 49.9472 0.0048 49.9424
42 50 0.0048 49.9952
41 50 0.048 49.952
43 50 0.048 49.952
28 50 0.048 49.952
32 50 0.048 49.952
33 50 0.048 49.952
29 50 0.048 49.952
36 50 0.048 49.952
25 50 0.048 49.952
40 50 0.048 49.952
35 50 0.048 49.952
30 50 0.048 49.952
37 50 0.048 49.952
39 50 0.048 49.952
34 50 0.048 49.952
44 50 0.048 49.952
31 50 0.048 49.952
26 50 0.0048 49.9952
42 49.9952 0.0048 49.9904
42 49.9904 0.048 49.9424
26 49.9952 0.0048 49.9904
31 49.952 0.0048 49.9472
26 49.9904 0.048 49.9424
31 49.9472 0.0048 49.9424
42 50 0.0048 49.9952
41 50 0.048 49.952
43 50 0.048 49.952
28 50 0.048 49.952
32 50 0.048 49.952
33 50 0.048 49.952
29 50 0.048 49.952
36 50 0.048 49.952
25 50 0.048 49.952
40 50 0.048 49.952
35 50 0.048 49.952
30 50 0.048 49.952
37 50 0.048 49.952
39 50 0.048 49.952
34 50 0.048 49.952
44 50 0.048 49.952
31 50 0.048 49.952
26 50 0.0048 49.9952
42 49.9952 0.0048 49.9904
42 49.9904 0.048 49.9424
26 49.9952 0.0048 49.9904
31 49.952 0.0048 49.9472
26 49.9904 0.048 49.9424
31 49.9472 0.0048 49.9424
42 50 0.0048 49.9952
41 50 0.048 49.952
43 50 0.048 49.952
28 50 0.048 49.952
32 50 0.048 49.952
33 50 0.048 49.952
29 50 0.048 49.952
36 50 0.048 49.952
25 50 0.048 49.952
40 50 0.048 49.952
35 50 0.048 49.952
30 50 0.048 49.952
37 50 0.048 49.952
39 50 0.048 49.952
34 50 0.048 49.952
44 50 0.048 49.952
31 50 0.048 49.952
26 50 0.0048 49.9952
42 49.9952 0.0048 49.9904
42 49.9904 0.048 49.9424
26 49.9952 0.0048 49.9904
31 49.952 0.0048 49.9472
26 49.9904 0.048 49.9424
31 49.9472 0.0048 49.9424
42 50 0.0048 49.9952
26 49.9424 0.0048 49.9376
26 49.9376 0.16 49.7776
26 49.7776 0.0016 49.776
31 49.9424 0.016 49.9264
31 49.9264 0.016 49.9104
44 50 0.016 49.984
38 50 0.016 49.984
38 49.984 0.016 49.968
38 49.968 0.048 49.92
44 49.984 0.016 49.968
31 49.9104 0.016 49.8944
34 49.952 0.016 49.936
34 49.936 0.016 49.92
39 49.952 0.016 49.936
37 49.952 0.016 49.936
39 49.936 0.016 49.92
37 49.936 0.016 49.92
30 49.952 0.016 49.936
36 49.952 0.016 49.936
36 49.936 0.016 49.92
27 50 0.016 49.984
27 49.984 0.016 49.968
27 49.968 0.048 49.92
41 49.952 0.016 49.936
43 49.952 0.016 49.936
28 49.952 0.016 49.936
32 50 0.016 49.984
33 49.952 0.016 49.936
41 49.936 0.016 49.92
43 49.936 0.016 49.92
28 49.936 0.016 49.92
32 49.984 0.016 49.968
33 49.936 0.016 49.92
29 50 0.016 49.984
25 49.952 0.016 49.936
29 49.984 0.016 49.968
40 50 0.016 49.984
25 49.936 0.016 49.92
35 50 0.016 49.984
40 49.984 0.016 49.968
35 49.984 0.016 49.968
41 50 0.048 49.952
43 50 0.048 49.952
28 50 0.048 49.952
32 49.968 0.048 49.92
33 50 0.048 49.952
29 49.968 0.048 49.92
36 50 0.048 49.952
25 50 0.048 49.952
40 49.968 0.048 49.92
35 49.968 0.048 49.92
30 50 0.048 49.952
37 50 0.048 49.952
39 50 0.048 49.952
34 50 0.048 49.952
44 49.968 0.048 49.92
31 50 0.048 49.952
26 50 0.0048 49.9952
26 49.9952 0.048 49.9472
42 49.9952 0.0048 49.9904
31 49.952 0.0048 49.9472
31 49.9472 0.16 49.7872
42 49.9904 0.048 49.9424
26 49.9472 0.0048 49.9424
26 49.9424 0.048 49.8944
31 49.7872 0.0048 49.7824
42 49.9424 0.0048 49.9376
42 49.9376 0.16 49.7776
26 49.8944 0.016 49.8784
26 49.8784 0.016 49.8624
42 49.7776 0.0016 49.776
26 49.8624 0.048 49.8144
31 49.7824 0.0048 49.7776
42 49.776 0.0048 49.7712
38 50 0.048 49.952
27 50 0.048 49.952
41 50 0.048 49.952
43 50 0.048 49.952
28 50 0.048 49.952
32 50 0.048 49.952
33 50 0.048 49.952
29 50 0.048 49.952
36 50 0.048 49.952
25 50 0.048 49.952
40 50 0.048 49.952
35 50 0.048 49.952
30 50 0.048 49.952
37 50 0.048 49.952
39 50 0.048 49.952
34 50 0.048 49.952
44 50 0.048 49.952
26 49.9437 0.048 49.8957
31 50 0.0048 49.9952
42 49.9158 0.0048 49.911
38 50 0.048 49.952
27 50 0.048 49.952
41 50 0.048 49.952
43 50 0.048 49.952
28 50 0.048 49.952
32 50 0.048 49.952
33 50 0.048 49.952
29 50 0.048 49.952
36 50 0.048 49.952
25 50 0.048 49.952
40 50 0.048 49.952
35 50 0.048 49.952
30 50 0.048 49.952
37 50 0.048 49.952
39 50 0.048 49.952
34 50 0.048 49.952
44 50 0.048 49.952
26 50 0.048 49.952
31 50 0.0048 49.9952
42 50 0.0048 49.9952
38 50 0.048 49.952
27 50 0.048 49.952
41 50 0.048 49.952
43 50 0.048 49.952
28 50 0.048 49.952
32 50 0.048 49.952
33 50 0.048 49.952
29 50 0.048 49.952
36 50 0.048 49.952
25 50 0.048 49.952
40 50 0.048 49.952
35 50 0.048 49.952
30 50 0.048 49.952
37 50 0.048 49.952
39 50 0.048 49.952
34 50 0.048 49.952
44 50 0.048 49.952
26 50 0.048 49.952
31 50 0.0048 49.9952
42 50 0.0048 49.9952
38 50 0.048 49.952
27 50 0.048 49.952
41 50 0.048 49.952
43 50 0.048 49.952
28 50 0.048 49.952
32 50 0.048 49.952
33 50 0.048 49.952
29 50 0.048 49.952
36 50 0.048 49.952
25 50 0.048 49.952
40 50 0.048 49.952
35 50 0.048 49.952
30 50 0.048 49.952
37 50 0.048 49.952
39 50 0.048 49.952
34 50 0.048 49.952
44 50 0.048 49.952
26 50 0.048 49.952
42 50 0.0048 49.9952
38 50 0.048 49.952
27 50 0.048 49.952
41 50 0.048 49.952
43 50 0.048 49.952
28 50 0.048 49.952
32 50 0.048 49.952
33 50 0.048 49.952
29 50 0.048 49.952
36 50 0.048 49.952
25 50 0.048 49.952
40 50 0.048 49.952
35 50 0.048 49.952
30 50 0.048 49.952
37 50 0.048 49.952
39 50 0.048 49.952
34 50 0.048 49.952
44 50 0.048 49.952
26 50 0.048 49.952
31 50 0.0048 49.9952
42 50 0.0048 49.9952
38 50 0.048 49.952
27 50 0.048 49.952
41 50 0.048 49.952
43 50 0.048 49.952
28 50 0.048 49.952
32 50 0.048 49.952
33 50 0.048 49.952
29 50 0.048 49.952
36 50 0.048 49.952
25 50 0.048 49.952
40 50 0.048 49.952
35 50 0.048 49.952
30 50 0.048 49.952
37 50 0.048 49.952
39 50 0.048 49.952
34 50 0.048 49.952
44 50 0.048 49.952
26 50 0.048 49.952
31 50 0.0048 49.9952
42 50 0.0048 49.9952
38 50 0.048 49.952
27 50 0.048 49.952
41 50 0.048 49.952
43 50 0.048 49.952
28 50 0.048 49.952
32 50 0.048 49.952
33 50 0.048 49.952
29 50 0.048 49.952
36 50 0.048 49.952
25 50 0.048 49.952
25 49.952 0.0048 49.9472
25 49.9472 0.16 49.7872
40 50 0.048 49.952
35 50 0.048 49.952
30 50 0.048 49.952
37 50 0.048 49.952
39 50 0.048 49.952
34 50 0.048 49.952
44 50 0.048 49.952
26 50 0.048 49.952
38 50 0.048 49.952
27 50 0.048 49.952
41 50 0.048 49.952
43 50 0.048 49.952
28 50 0.048 49.952
32 50 0.048 49.952
33 50 0.048 49.952
29 50 0.048 49.952
36 50 0.048 49.952
40 50 0.048 49.952
35 50 0.048 49.952
30 50 0.048 49.952
37 50 0.048 49.952
39 50 0.048 49.952
34 50 0.048 49.952
44 50 0.048 49.952
26 50 0.048 49.952
31 50 0.0048 49.9952
38 50 0.048 49.952
27 50 0.048 49.952
41 50 0.048 49.952
43 50 0.048 49.952
28 50 0.048 49.952
32 50 0.048 49.952
33 50 0.048 49.952
29 50 0.048 49.952
36 50 0.048 49.952
40 50 0.048 49.952
35 50 0.048 49.952
30 50 0.048 49.952
37 50 0.048 49.952
39 50 0.048 49.952
34 50 0.048 49.952
44 50 0.048 49.952
26 50 0.048 49.952
31 50 0.0048 49.9952
38 50 0.048 49.952
27 50 0.048 49.952
41 50 0.048 49.952
43 50 0.048 49.952
28 50 0.048 49.952
32 50 0.048 49.952
33 50 0.048 49.952
29 50 0.048 49.952
36 50 0.048 49.952
40 50 0.048 49.952
35 50 0.048 49.952
30 50 0.048 49.952
37 50 0.048 49.952
39 50 0.048 49.952
34 50 0.048 49.952
44 50 0.048 49.952
26 50 0.048 49.952
31 50 0.0048 49.9952
38 50 0.048 49.952
27 50 0.048 49.952
41 50 0.048 49.952
43 50 0.048 49.952
28 50 0.048 49.952
32 50 0.048 49.952
33 50 0.048 49.952
29 50 0.048 49.952
36 50 0.048 49.952
40 50 0.048 49.952
35 50 0.048 49.952
30 50 0.048 49.952
37 50 0.048 49.952
39 50 0.048 49.952
34 50 0.048 49.952
44 50 0.048 49.952
26 50 0.048 49.952
31 50 0.0048 49.9952
38 50 0.048 49.952
27 50 0.048 49.952
41 50 0.048 49.952
43 50 0.048 49.952
28 50 0.048 49.952
32 50 0.048 49.952
33 50 0.048 49.952
29 50 0.048 49.952
36 50 0.048 49.952
40 50 0.048 49.952
35 50 0.048 49.952
30 50 0.048 49.952
37 50 0.048 49.952
39 50 0.048 49.952
34 50 0.048 49.952
44 50 0.048 49.952
26 50 0.048 49.952
38 50 0.048 49.952
27 50 0.048 49.952
41 50 0.048 49.952
43 50 0.048 49.952
28 50 0.048 49.952
32 50 0.048 49.952
33 50 0.048 49.952
29 50 0.048 49.952
36 50 0.048 49.952
40 50 0.048 49.952
35 50 0.048 49.952
30 50 0.048 49.952
37 50 0.048 49.952
39 50 0.048 49.952
34 50 0.048 49.952
44 50 0.048 49.952
42 50 0.0048 49.9952
26 50 0.048 49.952
42 49.9952 0.0048 49.9904
38 50 0.048 49.952
27 50 0.048 49.952
41 50 0.048 49.952
43 50 0.048 49.952
28 50 0.048 49.952
32 50 0.048 49.952
33 50 0.048 49.952
29 50 0.048 49.952
36 50 0.048 49.952
40 50 0.048 49.952
35 50 0.048 49.952
30 50 0.048 49.952
37 50 0.048 49.952
39 50 0.048 49.952
34 50 0.048 49.952
44 50 0.048 49.952
42 50 0.0048 49.9952
26 50 0.048 49.952
42 49.9952 0.0048 49.9904
38 50 0.048 49.952
27 50 0.048 49.952
41 50 0.048 49.952
43 50 0.048 49.952
28 50 0.048 49.952
32 50 0.048 49.952
33 50 0.048 49.952
29 50 0.048 49.952
36 50 0.048 49.952
40 50 0.048 49.952
35 50 0.048 49.952
30 50 0.048 49.952
37 50 0.048 49.952
39 50 0.048 49.952
34 50 0.048 49.952
44 50 0.048 49.952
26 50 0.048 49.952
38 50 0.048 49.952
27 50 0.048 49.952
41 50 0.048 49.952
43 50 0.048 49.952
28 50 0.048 49.952
32 50 0.048 49.952
33 50 0.048 49.952
29 50 0.048 49.952
36 50 0.048 49.952
40 50 0.048 49.952
35 50 0.048 49.952
30 50 0.048 49.952
37 50 0.048 49.952
39 50 0.048 49.952
34 50 0.048 49.952
44 50 0.048 49.952
26 50 0.048 49.952
31 50 0.0048 49.9952
38 50 0.048 49.952
27 50 0.048 49.952
41 50 0.048 49.952
43 50 0.048 49.952
28 50 0.048 49.952
32 50 0.048 49.952
33 50 0.048 49.952
29 50 0.048 49.952
36 50 0.048 49.952
40 50 0.048 49.952
35 50 0.048 49.952
30 50 0.048 49.952
37 50 0.048 49.952
39 50 0.048 49.952
34 50 0.048 49.952
44 50 0.048 49.952
26 50 0.048 49.952
31 50 0.0048 49.9952
38 50 0.048 49.952
27 50 0.048 49.952
41 50 0.048 49.952
43 50 0.048 49.952
28 50 0.048 49.952
32 50 0.048 49.952
33 50 0.048 49.952
29 50 0.048 49.952
36 50 0.048 49.952
40 50 0.048 49.952
35 50 0.048 49.952
30 50 0.048 49.952
37 50 0.048 49.952
39 50 0.048 49.952
34 50 0.048 49.952
44 50 0.048 49.952
42 50 0.0048 49.9952
26 50 0.048 49.952
31 50 0.0048 49.9952
42 49.9952 0.0048 49.9904
38 50 0.048 49.952
27 50 0.048 49.952
41 50 0.048 49.952
43 50 0.048 49.952
28 50 0.048 49.952
32 50 0.048 49.952
33 50 0.048 49.952
29 50 0.048 49.952
36 50 0.048 49.952
40 50 0.048 49.952
35 50 0.048 49.952
30 50 0.048 49.952
37 50 0.048 49.952
39 50 0.048 49.952
34 50 0.048 49.952
44 50 0.048 49.952
42 50 0.0048 49.9952
26 50 0.048 49.952
38 50 0.048 49.952
27 50 0.048 49.952
41 50 0.048 49.952
43 50 0.048 49.952
28 50 0.048 49.952
32 50 0.048 49.952
33 50 0.048 49.952
29 50 0.048 49.952
36 50 0.048 49.952
40 50 0.048 49.952
35 50 0.048 49.952
30 50 0.048 49.952
37 50 0.048 49.952
39 50 0.048 49.952
34 50 0.048 49.952
44 50 0.048 49.952
26 50 0.048 49.952
38 50 0.048 49.952
27 50 0.048 49.952
41 50 0.048 49.952
43 50 0.048 49.952
28 50 0.048 49.952
32 50 0.048 49.952
33 50 0.048 49.952
29 50 0.048 49.952
36 50 0.048 49.952
40 50 0.048 49.952
35 50 0.048 49.952
30 50 0.048 49.952
37 50 0.048 49.952
39 50 0.048 49.952
34 50 0.048 49.952
44 50 0.048 49.952
26 50 0.048 49.952
38 50 0.048 49.952
27 50 0.048 49.952
41 50 0.048 49.952
43 50 0.048 49.952
28 50 0.048 49.952
32 50 0.048 49.952
33 50 0.048 49.952
29 50 0.048 49.952
36 50 0.048 49.952
40 50 0.048 49.952
35 50 0.048 49.952
30 50 0.048 49.952
37 50 0.048 49.952
39 50 0.048 49.952
34 50 0.048 49.952
44 50 0.048 49.952
26 50 0.048 49.952
38 50 0.048 49.952
27 50 0.048 49.952
41 50 0.048 49.952
43 50 0.048 49.952
28 50 0.048 49.952
32 50 0.048 49.952
33 50 0.048 49.952
29 50 0.048 49.952
36 50 0.048 49.952
40 50 0.048 49.952
35 50 0.048 49.952
30 50 0.048 49.952
37 50 0.048 49.952
39 50 0.048 49.952
34 50 0.048 49.952
44 50 0.048 49.952
26 50 0.048 49.952
38 50 0.048 49.952
27 50 0.048 49.952
41 50 0.048 49.952
43 50 0.048 49.952
28 50 0.048 49.952
32 50 0.048 49.952
33 50 0.048 49.952
29 50 0.048 49.952
36 50 0.048 49.952
40 50 0.048 49.952
35 50 0.048 49.952
30 50 0.048 49.952
37 50 0.048 49.952
39 50 0.048 49.952
34 50 0.048 49.952
44 50 0.048 49.952
26 50 0.048 49.952
38 50 0.048 49.952
27 50 0.048 49.952
41 50 0.048 49.952
43 50 0.048 49.952
28 50 0.048 49.952
32 50 0.048 49.952
33 50 0.048 49.952
29 50 0.048 49.952
36 50 0.048 49.952
40 50 0.048 49.952
35 50 0.048 49.952
30 50 0.048 49.952
37 50 0.048 49.952
39 50 0.048 49.952
34 50 0.048 49.952
44 50 0.048 49.952
26 50 0.048 49.952
38 50 0.048 49.952
27 50 0.048 49.952
41 50 0.048 49.952
43 50 0.048 49.952
28 50 0.048 49.952
32 50 0.048 49.952
33 50 0.048 49.952
29 50 0.048 49.952
36 50 0.048 49.952
40 50 0.048 49.952
35 50 0.048 49.952
30 50 0.048 49.952
37 50 0.048 49.952
39 50 0.048 49.952
34 50 0.048 49.952
44 50 0.048 49.952
26 50 0.048 49.952
38 50 0.048 49.952
27 50 0.048 49.952
41 50 0.048 49.952
43 50 0.048 49.952
28 50 0.048 49.952
32 50 0.048 49.952
33 50 0.048 49.952
29 50 0.048 49.952
36 50 0.048 49.952
40 50 0.048 49.952
35 50 0.048 49.952
30 50 0.048 49.952
37 50 0.048 49.952
39 50 0.048 49.952
34 50 0.048 49.952
44 50 0.048 49.952
26 50 0.048 49.952
42 50 0.0048 49.9952
38 50 0.048 49.952
27 50 0.048 49.952
41 50 0.048 49.952
43 50 0.048 49.952
28 50 0.048 49.952
32 50 0.048 49.952
33 50 0.048 49.952
29 50 0.048 49.952
36 50 0.048 49.952
40 50 0.048 49.952
35 50 0.048 49.952
30 50 0.048 49.952
37 50 0.048 49.952
39 50 0.048 49.952
34 50 0.048 49.952
44 50 0.048 49.952
26 50 0.048 49.952
38 50 0.048 49.952
27 50 0.048 49.952
41 50 0.048 49.952
43 50 0.048 49.952
28 50 0.048 49.952
32 50 0.048 49.952
33 50 0.048 49.952
29 50 0.048 49.952
36 50 0.048 49.952
40 50 0.048 49.952
35 50 0.048 49.952
30 50 0.048 49.952
37 50 0.048 49.952
39 50 0.048 49.952
34 50 0.048 49.952
44 50 0.048 49.952
31 50 0.0048 49.9952
26 50 0.048 49.952
38 50 0.048 49.952
27 50 0.048 49.952
41 50 0.048 49.952
43 50 0.048 49.952
28 50 0.048 49.952
32 50 0.048 49.952
33 50 0.048 49.952
29 50 0.048 49.952
36 50 0.048 49.952
40 50 0.048 49.952
35 50 0.048 49.952
30 50 0.048 49.952
37 50 0.048 49.952
39 50 0.048 49.952
34 50 0.048 49.952
44 50 0.048 49.952
26 50 0.048 49.952
38 50 0.048 49.952
27 50 0.048 49.952
41 50 0.048 49.952
43 50 0.048 49.952
28 50 0.048 49.952
32 50 0.048 49.952
33 50 0.048 49.952
29 50 0.048 49.952
36 50 0.048 49.952
40 50 0.048 49.952
35 50 0.048 49.952
30 50 0.048 49.952
37 50 0.048 49.952
39 50 0.048 49.952
34 50 0.048 49.952
44 50 0.048 49.952
26 50 0.048 49.952
38 50 0.048 49.952
27 50 0.048 49.952
41 50 0.048 49.952
43 50 0.048 49.952
28 50 0.048 49.952
32 50 0.048 49.952
33 50 0.048 49.952
29 50 0.048 49.952
36 50 0.048 49.952
40 50 0.048 49.952
35 50 0.048 49.952
30 50 0.048 49.952
37 50 0.048 49.952
39 50 0.048 49.952
34 50 0.048 49.952
44 50 0.048 49.952
31 50 0.0048 49.9952
26 50 0.048 49.952
42 50 0.0048 49.9952
38 50 0.048 49.952
27 50 0.048 49.952
41 50 0.048 49.952
43 50 0.048 49.952
28 50 0.048 49.952
32 50 0.048 49.952
33 50 0.048 49.952
29 50 0.048 49.952
36 50 0.048 49.952
40 50 0.048 49.952
35 50 0.048 49.952
30 50 0.048 49.952
37 50 0.048 49.952
39 50 0.048 49.952
34 50 0.048 49.952
44 50 0.048 49.952
31 50 0.0048 49.9952
26 50 0.048 49.952
42 50 0.0048 49.9952
38 50 0.048 49.952
27 50 0.048 49.952
41 50 0.048 49.952
43 50 0.048 49.952
28 50 0.048 49.952
32 50 0.048 49.952
33 50 0.048 49.952
29 50 0.048 49.952
36 50 0.048 49.952
40 50 0.048 49.952
35 50 0.048 49.952
30 50 0.048 49.952
37 50 0.048 49.952
39 50 0.048 49.952
34 50 0.048 49.952
44 50 0.048 49.952
26 50 0.048 49.952
31 50 0.0048 49.9952
42 50 0.0048 49.9952
38 50 0.048 49.952
27 50 0.048 49.952
41 50 0.048 49.952
43 50 0.048 49.952
28 50 0.048 49.952
32 50 0.048 49.952
33 50 0.048 49.952
29 50 0.048 49.952
36 50 0.048 49.952
40 50 0.048 49.952
35 50 0.048 49.952
30 50 0.048 49.952
37 50 0.048 49.952
39 50 0.048 49.952
34 50 0.048 49.952
44 50 0.048 49.952
26 50 0.048 49.952
31 50 0.0048 49.9952
42 50 0.0048 49.9952
38 50 0.048 49.952
27 50 0.048 49.952
41 50 0.048 49.952
43 50 0.048 49.952
28 50 0.048 49.952
32 50 0.048 49.952
33 50 0.048 49.952
29 50 0.048 49.952
36 50 0.048 49.952
40 50 0.048 49.952
35 50 0.048 49.952
30 50 0.048 49.952
37 50 0.048 49.952
37 49.952 0.0048 49.9472
37 49.9472 0.16 49.7872
39 50 0.048 49.952
34 50 0.048 49.952
44 50 0.048 49.952
26 50 0.048 49.952
31 50 0.0048 49.9952
42 50 0.0048 49.9952
42 49.9952 0.048 49.9472
26 49.952 0.0048 49.9472
31 49.9952 0.0048 49.9904
38 50 0.048 49.952
27 50 0.048 49.952
25 50 0.048 49.952
25 49.952 0.0048 49.9472
25 49.9472 0.16 49.7872
25 49.7872 0.0016 49.7856
40 50 0.016 49.984
29 50 0.016 49.984
35 50 0.016 49.984
40 49.984 0.016 49.968
28 49.952 0.016 49.936
29 49.984 0.016 49.968
32 50 0.016 49.984
33 49.952 0.016 49.936
35 49.984 0.016 49.968
28 49.936 0.016 49.92
32 49.984 0.016 49.968
33 49.936 0.016 49.92
41 50 0.016 49.984
27 49.952 0.016 49.936
41 49.984 0.016 49.968
43 50 0.016 49.984
27 49.936 0.016 49.92
38 49.952 0.016 49.936
26 49.9472 0.016 49.9312
31 49.9904 0.016 49.9744
42 50 0.016 49.984
44 50 0.016 49.984
36 50 0.016 49.984
26 49.9312 0.016 49.9152
31 49.9744 0.016 49.9584
42 49.984 0.016 49.968
44 49.984 0.016 49.968
36 49.984 0.016 49.968
34 49.952 0.016 49.936
34 49.936 0.016 49.92
39 50 0.016 49.984
30 49.952 0.016 49.936
30 49.936 0.016 49.92
37 49.7872 0.016 49.7712
37 49.7712 0.016 49.7552
37 49.7552 0.048 49.7072
41 49.968 0.048 49.92
43 49.984 0.048 49.936
28 50 0.048 49.952
32 49.968 0.048 49.92
33 50 0.048 49.952
29 49.968 0.048 49.92
36 49.968 0.048 49.92
40 49.968 0.048 49.92
35 49.968 0.048 49.92
30 50 0.048 49.952
39 49.984 0.048 49.936
34 50 0.048 49.952
44 49.968 0.048 49.92
31 50 0.0048 49.9952
26 50 0.048 49.952
31 49.9952 0.0048 49.9904
42 49.968 0.0048 49.9632
42 49.9632 0.048 49.9152
26 49.952 0.0048 49.9472
31 49.9904 0.0048 49.9856
42 49.9152 0.0048 49.9104
42 49.9104 0.16 49.7504
42 49.7504 0.0016 49.7488
26 49.9472 0.016 49.9312
31 49.9856 0.016 49.9696
26 49.9312 0.016 49.9152
31 49.9696 0.016 49.9536
44 49.92 0.016 49.904
31 49.9536 0.016 49.9376
38 50 0.016 49.984
44 49.904 0.016 49.888
34 49.952 0.016 49.936
38 49.984 0.016 49.968
34 49.936 0.016 49.92
35 49.92 0.016 49.904
25 49.921 0.016 49.905
25 49.905 0.016 49.889
25 49.889 0.048 49.841
35 49.904 0.016 49.888
40 49.92 0.016 49.904
40 49.904 0.016 49.888
29 49.92 0.016 49.904
28 49.952 0.016 49.936
29 49.904 0.016 49.888
32 49.92 0.016 49.904
33 49.952 0.016 49.936
28 49.936 0.016 49.92
32 49.904 0.016 49.888
33 49.936 0.016 49.92
41 49.92 0.016 49.904
43 49.936 0.016 49.92
27 50 0.016 49.984
41 49.904 0.016 49.888
43 49.92 0.016 49.904
27 49.984 0.016 49.968
36 49.92 0.016 49.904
36 49.904 0.016 49.888
30 49.952 0.016 49.936
30 49.936 0.016 49.92
37 49.8111 0.016 49.7951
38 49.968 0.048 49.92
27 49.968 0.048 49.92
37 49.7951 0.048 49.7471
41 50 0.048 49.952
43 50 0.048 49.952
28 50 0.048 49.952
32 50 0.048 49.952
33 50 0.048 49.952
29 50 0.048 49.952
36 50 0.048 49.952
40 50 0.048 49.952
35 50 0.048 49.952
30 50 0.048 49.952
39 50 0.048 49.952
34 50 0.048 49.952
44 50 0.048 49.952
31 50 0.0048 49.9952
26 50 0.048 49.952
31 49.9952 0.0048 49.9904
42 50 0.0048 49.9952
25 50 0.048 49.952
38 50 0.048 49.952
27 50 0.048 49.952
37 50 0.048 49.952
41 50 0.048 49.952
43 50 0.048 49.952
28 50 0.048 49.952
32 50 0.048 49.952
33 50 0.048 49.952
29 50 0.048 49.952
36 50 0.048 49.952
40 50 0.048 49.952
35 50 0.048 49.952
30 50 0.048 49.952
39 50 0.048 49.952
34 50 0.048 49.952
44 50 0.048 49.952
31 50 0.0048 49.9952
26 50 0.048 49.952
31 49.9952 0.0048 49.9904
25 50 0.048 49.952
38 50 0.048 49.952
27 50 0.048 49.952
37 50 0.048 49.952
41 50 0.048 49.952
43 50 0.048 49.952
28 50 0.048 49.952
32 50 0.048 49.952
33 50 0.048 49.952
29 50 0.048 49.952
36 50 0.048 49.952
40 50 0.048 49.952
35 50 0.048 49.952
30 50 0.048 49.952
39 50 0.048 49.952
34 50 0.048 49.952
44 50 0.048 49.952
31 50 0.0048 49.9952
26 50 0.048 49.952
31 49.9952 0.0048 49.9904
25 50 0.048 49.952
38 50 0.048 49.952
27 50 0.048 49.952
37 50 0.048 49.952
41 50 0.048 49.952
43 50 0.048 49.952
28 50 0.048 49.952
32 50 0.048 49.952
33 50 0.048 49.952
29 50 0.048 49.952
36 50 0.048 49.952
40 50 0.048 49.952
35 50 0.048 49.952
30 50 0.048 49.952
39 50 0.048 49.952
34 50 0.048 49.952
44 50 0.048 49.952
26 50 0.048 49.952
31 50 0.0048 49.9952
42 50 0.0048 49.9952
25 50 0.048 49.952
38 50 0.048 49.952
27 50 0.048 49.952
37 50 0.048 49.952
41 50 0.048 49.952
43 50 0.048 49.952
28 50 0.048 49.952
32 50 0.048 49.952
33 50 0.048 49.952
29 50 0.048 49.952
36 50 0.048 49.952
40 50 0.048 49.952
35 50 0.048 49.952
30 50 0.048 49.952
39 50 0.048 49.952
34 50 0.048 49.952
44 50 0.048 49.952
26 50 0.048 49.952
42 50 0.0048 49.9952
25 50 0.048 49.952
38 50 0.048 49.952
27 50 0.048 49.952
37 50 0.048 49.952
41 50 0.048 49.952
43 50 0.048 49.952
28 50 0.048 49.952
32 50 0.048 49.952
33 50 0.048 49.952
29 50 0.048 49.952
36 50 0.048 49.952
40 50 0.048 49.952
35 50 0.048 49.952
30 50 0.048 49.952
39 50 0.048 49.952
34 50 0.048 49.952
44 50 0.048 49.952
31 50 0.0048 49.9952
26 50 0.048 49.952
25 50 0.048 49.952
38 50 0.048 49.952
27 50 0.048 49.952
37 50 0.048 49.952
41 50 0.048 49.952
43 50 0.048 49.952
28 50 0.048 49.952
32 50 0.048 49.952
33 50 0.048 49.952
29 50 0.048 49.952
36 50 0.048 49.952
40 50 0.048 49.952
35 50 0.048 49.952
30 50 0.048 49.952
39 50 0.048 49.952
34 50 0.048 49.952
44 50 0.048 49.952
44 49.952 0.0048 49.9472
44 49.9472 0.16 49.7872
26 50 0.048 49.952
42 50 0.0048 49.9952
25 50 0.048 49.952
38 50 0.048 49.952
27 50 0.048 49.952
37 50 0.048 49.952
41 50 0.048 49.952
43 50 0.048 49.952
28 50 0.048 49.952
32 50 0.048 49.952
33 50 0.048 49.952
29 50 0.048 49.952
36 50 0.048 49.952
40 50 0.048 49.952
35 50 0.048 49.952
30 50 0.048 49.952
39 50 0.048 49.952
34 50 0.048 49.952
26 50 0.048 49.952
42 50 0.0048 49.9952
25 50 0.048 49.952
38 50 0.048 49.952
27 50 0.048 49.952
37 50 0.048 49.952
41 50 0.048 49.952
43 50 0.048 49.952
27 50 0.0048 49.9952
28 50 0.048 49.952
32 50 0.048 49.952
33 50 0.048 49.952
29 50 0.048 49.952
36 50 0.048 49.952
40 50 0.048 49.952
35 50 0.048 49.952
30 50 0.048 49.952
39 50 0.048 49.952
34 50 0.048 49.952
26 50 0.048 49.952
42 50 0.0048 49.9952
25 50 0.048 49.952
38 50 0.048 49.952
27 49.9952 0.048 49.9472
43 49.952 0.0048 49.9472
37 50 0.048 49.952
41 50 0.048 49.952
43 50 0.048 49.952
28 50 0.048 49.952
32 50 0.048 49.952
33 50 0.048 49.952
29 50 0.048 49.952
36 50 0.048 49.952
40 50 0.048 49.952
35 50 0.048 49.952
30 50 0.048 49.952
39 50 0.048 49.952
34 50 0.048 49.952
26 50 0.048 49.952
42 50 0.0048 49.9952
25 50 0.048 49.952
38 50 0.048 49.952
38 49.952 0.0048 49.9472
38 49.9472 0.16 49.7872
27 50 0.048 49.952
37 50 0.048 49.952
41 50 0.048 49.952
43 50 0.048 49.952
28 50 0.048 49.952
32 50 0.048 49.952
33 50 0.048 49.952
29 50 0.048 49.952
36 50 0.048 49.952
40 50 0.048 49.952
35 50 0.048 49.952
30 50 0.048 49.952
39 50 0.048 49.952
34 50 0.048 49.952
26 50 0.048 49.952
42 50 0.0048 49.9952
25 50 0.048 49.952
27 50 0.048 49.952
43 49.952 0.0048 49.9472
37 50 0.048 49.952
41 50 0.048 49.952
43 50 0.048 49.952
28 50 0.048 49.952
32 50 0.048 49.952
33 50 0.048 49.952
29 50 0.048 49.952
36 50 0.048 49.952
40 50 0.048 49.952
35 50 0.048 49.952
30 50 0.048 49.952
39 50 0.048 49.952
34 50 0.048 49.952
26 50 0.048 49.952
42 50 0.0048 49.9952
25 50 0.048 49.952
27 50 0.048 49.952
37 50 0.048 49.952
41 50 0.048 49.952
43 50 0.048 49.952
28 50 0.048 49.952
32 50 0.048 49.952
33 50 0.048 49.952
29 50 0.048 49.952
36 50 0.048 49.952
40 50 0.048 49.952
35 50 0.048 49.952
30 50 0.048 49.952
39 50 0.048 49.952
34 50 0.048 49.952
26 50 0.048 49.952
25 50 0.048 49.952
27 50 0.048 49.952
37 50 0.048 49.952
41 50 0.048 49.952
43 50 0.048 49.952
27 50 0.0048 49.9952
28 50 0.048 49.952
32 50 0.048 49.952
33 50 0.048 49.952
29 50 0.048 49.952
36 50 0.048 49.952
40 50 0.048 49.952
35 50 0.048 49.952
30 50 0.048 49.952
39 50 0.048 49.952
34 50 0.048 49.952
26 50 0.048 49.952
42 50 0.0048 49.9952
25 50 0.048 49.952
27 49.9952 0.048 49.9472
43 49.952 0.0048 49.9472
37 50 0.048 49.952
41 50 0.048 49.952
43 50 0.048 49.952
27 50 0.0048 49.9952
28 50 0.048 49.952
32 50 0.048 49.952
33 50 0.048 49.952
29 50 0.048 49.952
36 50 0.048 49.952
40 50 0.048 49.952
35 50 0.048 49.952
30 50 0.048 49.952
39 50 0.048 49.952
34 50 0.048 49.952
26 50 0.048 49.952
42 50 0.0048 49.9952
25 50 0.048 49.952
27 49.9952 0.048 49.9472
43 49.952 0.0048 49.9472
37 50 0.048 49.952
41 50 0.048 49.952
43 50 0.048 49.952
28 50 0.048 49.952
32 50 0.048 49.952
33 50 0.048 49.952
29 50 0.048 49.952
36 50 0.048 49.952
40 50 0.048 49.952
35 50 0.048 49.952
30 50 0.048 49.952
39 50 0.048 49.952
34 50 0.048 49.952
26 50 0.048 49.952
31 50 0.0048 49.9952
42 50 0.0048 49.9952
25 50 0.048 49.952
27 50 0.048 49.952
43 49.952 0.0048 49.9472
37 50 0.048 49.952
41 50 0.048 49.952
43 50 0.048 49.952
27 50 0.0048 49.9952
28 50 0.048 49.952
32 50 0.048 49.952
33 50 0.048 49.952
29 50 0.048 49.952
36 50 0.048 49.952
40 50 0.048 49.952
35 50 0.048 49.952
30 50 0.048 49.952
39 50 0.048 49.952
34 50 0.048 49.952
26 50 0.048 49.952
31 50 0.0048 49.9952
42 50 0.0048 49.9952
25 50 0.048 49.952
27 49.9952 0.048 49.9472
43 49.952 0.0048 49.9472
37 50 0.048 49.952
41 50 0.048 49.952
43 50 0.048 49.952
28 50 0.048 49.952
32 50 0.048 49.952
33 50 0.048 49.952
29 50 0.048 49.952
36 50 0.048 49.952
40 50 0.048 49.952
35 50 0.048 49.952
30 50 0.048 49.952
39 50 0.048 49.952
34 50 0.048 49.952
26 50 0.048 49.952
31 50 0.0048 49.9952
25 50 0.048 49.952
27 50 0.048 49.952
37 50 0.048 49.952
41 50 0.048 49.952
43 50 0.048 49.952
28 50 0.048 49.952
32 50 0.048 49.952
33 50 0.048 49.952
29 50 0.048 49.952
36 50 0.048 49.952
40 50 0.048 49.952
35 50 0.048 49.952
30 50 0.048 49.952
39 50 0.048 49.952
34 50 0.048 49.952
26 50 0.048 49.952
25 50 0.048 49.952
27 50 0.048 49.952
37 50 0.048 49.952
41 50 0.048 49.952
43 50 0.048 49.952
28 50 0.048 49.952
32 50 0.048 49.952
33 50 0.048 49.952
29 50 0.048 49.952
36 50 0.048 49.952
40 50 0.048 49.952
35 50 0.048 49.952
30 50 0.048 49.952
39 50 0.048 49.952
34 50 0.048 49.952
26 50 0.048 49.952
25 50 0.048 49.952
27 50 0.048 49.952
37 50 0.048 49.952
41 50 0.048 49.952
43 50 0.048 49.952
28 50 0.048 49.952
32 50 0.048 49.952
33 50 0.048 49.952
29 50 0.048 49.952
36 50 0.048 49.952
40 50 0.048 49.952
35 50 0.048 49.952
30 50 0.048 49.952
39 50 0.048 49.952
34 50 0.048 49.952
26 50 0.048 49.952
31 50 0.0048 49.9952
42 50 0.0048 49.9952
25 50 0.048 49.952
27 50 0.048 49.952
37 50 0.048 49.952
41 50 0.048 49.952
43 50 0.048 49.952
28 50 0.048 49.952
32 50 0.048 49.952
33 50 0.048 49.952
29 50 0.048 49.952
36 50 0.048 49.952
40 50 0.048 49.952
35 50 0.048 49.952
30 50 0.048 49.952
39 50 0.048 49.952
34 50 0.048 49.952
26 50 0.048 49.952
31 50 0.0048 49.9952
42 50 0.0048 49.9952
25 50 0.048 49.952
27 50 0.048 49.952
37 50 0.048 49.952
41 50 0.048 49.952
43 50 0.048 49.952
28 50 0.048 49.952
32 50 0.048 49.952
33 50 0.0048 49.9952
33 49.9952 0.048 49.9472
32 49.952 0.0048 49.9472
29 50 0.048 49.952
36 50 0.048 49.952
40 50 0.048 49.952
35 50 0.048 49.952
30 50 0.048 49.952
39 50 0.048 49.952
34 50 0.048 49.952
26 50 0.048 49.952
31 50 0.0048 49.9952
42 50 0.0048 49.9952
25 50 0.048 49.952
27 50 0.048 49.952
37 50 0.048 49.952
41 50 0.048 49.952
43 50 0.048 49.952
28 50 0.048 49.952
32 50 0.048 49.952
33 50 0.048 49.952
29 50 0.048 49.952
36 50 0.048 49.952
40 50 0.048 49.952
35 50 0.048 49.952
30 50 0.048 49.952
39 50 0.048 49.952
34 50 0.048 49.952
26 50 0.048 49.952
25 50 0.048 49.952
27 50 0.048 49.952
37 50 0.048 49.952
41 50 0.048 49.952
43 50 0.048 49.952
27 50 0.0048 49.9952
28 50 0.048 49.952
32 50 0.048 49.952
33 50 0.048 49.952
29 50 0.048 49.952
36 50 0.048 49.952
40 50 0.048 49.952
35 50 0.048 49.952
30 50 0.048 49.952
39 50 0.048 49.952
34 50 0.048 49.952
26 50 0.048 49.952
25 50 0.048 49.952
27 49.9952 0.048 49.9472
43 49.952 0.0048 49.9472
37 50 0.048 49.952
41 50 0.048 49.952
43 50 0.048 49.952
27 50 0.0048 49.9952
28 50 0.048 49.952
32 50 0.048 49.952
33 50 0.0048 49.9952
33 49.9952 0.048 49.9472
32 49.952 0.0048 49.9472
29 50 0.048 49.952
36 50 0.048 49.952
40 50 0.048 49.952
35 50 0.048 49.952
30 50 0.048 49.952
39 50 0.048 49.952
34 50 0.048 49.952
26 50 0.048 49.952
25 50 0.048 49.952
27 49.9952 0.048 49.9472
43 49.952 0.0048 49.9472
37 50 0.048 49.952
41 50 0.048 49.952
43 50 0.048 49.952
27 50 0.0048 49.9952
28 50 0.048 49.952
32 50 0.048 49.952
33 50 0.048 49.952
29 50 0.048 49.952
36 50 0.048 49.952
40 50 0.048 49.952
35 50 0.048 49.952
30 50 0.048 49.952
39 50 0.048 49.952
34 50 0.048 49.952
26 50 0.048 49.952
42 50 0.0048 49.9952
25 50 0.048 49.952
27 49.9952 0.048 49.9472
37 50 0.048 49.952
44 50 0.048 49.952
41 50 0.048 49.952
43 50 0.048 49.952
28 50 0.048 49.952
32 50 0.048 49.952
33 50 0.048 49.952
29 50 0.048 49.952
36 50 0.048 49.952
40 50 0.048 49.952
35 50 0.048 49.952
30 50 0.048 49.952
39 50 0.048 49.952
34 50 0.048 49.952
26 50 0.048 49.952
42 50 0.0048 49.9952
25 50 0.048 49.952
27 50 0.048 49.952
37 50 0.048 49.952
44 50 0.048 49.952
41 50 0.048 49.952
43 50 0.048 49.952
28 50 0.048 49.952
32 50 0.048 49.952
33 50 0.0048 49.9952
33 49.9952 0.048 49.9472
32 49.952 0.0048 49.9472
29 50 0.048 49.952
36 50 0.048 49.952
40 50 0.048 49.952
35 50 0.048 49.952
30 50 0.048 49.952
39 50 0.048 49.952
34 50 0.048 49.952
26 50 0.048 49.952
31 50 0.0048 49.9952
42 50 0.0048 49.9952
25 50 0.048 49.952
27 50 0.048 49.952
37 50 0.048 49.952
44 50 0.048 49.952
41 50 0.048 49.952
41 49.952 0.0048 49.9472
41 49.9472 0.16 49.7872
43 50 0.048 49.952
28 50 0.048 49.952
32 50 0.048 49.952
33 50 0.048 49.952
29 50 0.048 49.952
36 50 0.048 49.952
40 50 0.048 49.952
35 50 0.048 49.952
30 50 0.048 49.952
39 50 0.048 49.952
34 50 0.048 49.952
26 50 0.048 49.952
31 50 0.0048 49.9952
42 50 0.0048 49.9952
25 50 0.048 49.952
27 50 0.048 49.952
37 50 0.048 49.952
44 50 0.048 49.952
31 49.9952 0.0048 49.9904
43 50 0.048 49.952
28 50 0.048 49.952
32 50 0.048 49.952
33 50 0.048 49.952
29 50 0.048 49.952
36 50 0.048 49.952
40 50 0.048 49.952
35 50 0.048 49.952
30 50 0.048 49.952
39 50 0.048 49.952
34 50 0.048 49.952
26 50 0.048 49.952
31 50 0.0048 49.9952
42 50 0.0048 49.9952
25 50 0.048 49.952
27 50 0.048 49.952
37 50 0.048 49.952
44 50 0.048 49.952
31 49.9952 0.0048 49.9904
43 50 0.048 49.952
28 50 0.048 49.952
32 50 0.048 49.952
33 50 0.048 49.952
29 50 0.048 49.952
36 50 0.048 49.952
40 50 0.048 49.952
35 50 0.048 49.952
30 50 0.048 49.952
39 50 0.048 49.952
34 50 0.048 49.952
26 50 0.048 49.952
31 50 0.0048 49.9952
42 50 0.0048 49.9952
25 50 0.048 49.952
27 50 0.048 49.952
37 50 0.048 49.952
44 50 0.048 49.952
43 50 0.048 49.952
27 50 0.0048 49.9952
28 50 0.048 49.952
32 50 0.048 49.952
33 50 0.048 49.952
29 50 0.048 49.952
36 50 0.048 49.952
40 50 0.048 49.952
35 50 0.048 49.952
30 50 0.048 49.952
39 50 0.048 49.952
34 50 0.048 49.952
26 50 0.048 49.952
31 50 0.0048 49.9952
42 50 0.0048 49.9952
25 50 0.048 49.952
42 49.9952 0.048 49.9472
26 49.952 0.0048 49.9472
31 49.9952 0.0048 49.9904
27 49.9952 0.048 49.9472
43 49.952 0.0048 49.9472
37 50 0.048 49.952
44 50 0.048 49.952
43 50 0.048 49.952
27 50 0.0048 49.9952
28 50 0.048 49.952
32 50 0.048 49.952
33 50 0.048 49.952
29 50 0.048 49.952
36 50 0.048 49.952
40 50 0.048 49.952
35 50 0.048 49.952
30 50 0.048 49.952
39 50 0.048 49.952
34 50 0.048 49.952
26 50 0.048 49.952
42 50 0.0048 49.9952
25 50 0.048 49.952
42 49.9952 0.048 49.9472
26 49.952 0.0048 49.9472
27 49.9952 0.048 49.9472
37 50 0.048 49.952
44 50 0.048 49.952
44 49.952 0.0048 49.9472
44 49.9472 0.16 49.7872
44 49.7872 0.0016 49.7856
26 50 0.016 49.984
31 50 0.016 49.984
42 50 0.016 49.984
38 50 0.016 49.984
38 49.984 0.016 49.968
38 49.968 0.048 49.92
26 49.984 0.016 49.968
31 49.984 0.016 49.968
34 50 0.016 49.984
42 49.984 0.016 49.968
34 49.984 0.016 49.968
39 50 0.016 49.984
37 50 0.016 49.984
39 49.984 0.016 49.968
30 49.952 0.016 49.936
37 49.984 0.016 49.968
35 50 0.016 49.984
40 50 0.016 49.984
30 49.936 0.016 49.92
25 49.952 0.016 49.936
40 49.984 0.016 49.968
25 49.936 0.016 49.92
29 50 0.016 49.984
29 49.984 0.016 49.968
32 50 0.016 49.984
33 50 0.016 49.984
36 50 0.016 49.984
28 49.952 0.016 49.936
32 49.984 0.016 49.968
33 49.984 0.016 49.968
41 50 0.016 49.984
41 49.984 0.016 49.968
41 49.968 0.048 49.92
36 49.984 0.016 49.968
27 50 0.016 49.984
28 49.936 0.016 49.92
43 50 0.016 49.984
27 49.984 0.016 49.968
43 49.984 0.016 49.968
43 49.968 0.048 49.92
27 49.968 0.0048 49.9632
28 50 0.048 49.952
32 49.968 0.048 49.92
33 49.968 0.048 49.92
29 49.968 0.048 49.92
36 49.968 0.048 49.92
40 49.968 0.048 49.92
35 49.984 0.048 49.936
30 50 0.048 49.952
39 49.968 0.048 49.92
34 49.968 0.048 49.92
26 49.968 0.048 49.92
42 49.968 0.0048 49.9632
25 50 0.048 49.952
42 49.9632 0.048 49.9152
26 49.92 0.0048 49.9152
27 49.9632 0.048 49.9152
43 49.92 0.0048 49.9152
37 49.968 0.048 49.92
38 50 0.048 49.952
41 50 0.048 49.952
43 50 0.048 49.952
27 50 0.0048 49.9952
28 50 0.048 49.952
32 50 0.048 49.952
33 50 0.048 49.952
29 50 0.048 49.952
36 50 0.048 49.952
40 50 0.048 49.952
35 50 0.048 49.952
30 50 0.048 49.952
39 50 0.048 49.952
34 50 0.048 49.952
26 50 0.048 49.952
42 50 0.0048 49.9952
25 50 0.048 49.952
42 49.9952 0.048 49.9472
26 49.952 0.0048 49.9472
31 50 0.0048 49.9952
42 49.9472 0.0048 49.9424
42 49.9424 0.16 49.7824
42 49.7824 0.0016 49.7808
26 49.9472 0.016 49.9312
31 49.9952 0.016 49.9792
26 49.9312 0.016 49.9152
31 49.9792 0.016 49.9632
44 50 0.016 49.984
44 49.984 0.016 49.968
44 49.968 0.048 49.92
38 49.952 0.016 49.936
26 49.9152 0.016 49.8992
31 49.9632 0.016 49.9472
34 49.952 0.016 49.936
38 49.936 0.016 49.92
34 49.936 0.016 49.92
37 50 0.016 49.984
39 49.952 0.016 49.936
37 49.984 0.016 49.968
39 49.936 0.016 49.92
30 49.952 0.016 49.936
35 49.952 0.016 49.936
30 49.936 0.016 49.92
25 49.952 0.016 49.936
35 49.936 0.016 49.92
40 49.952 0.016 49.936
25 49.936 0.016 49.92
29 49.952 0.016 49.936
40 49.936 0.016 49.92
36 49.952 0.016 49.936
29 49.936 0.016 49.92
36 49.936 0.016 49.92
28 49.952 0.016 49.936
32 49.952 0.016 49.936
33 49.952 0.016 49.936
27 49.9952 0.016 49.9792
28 49.936 0.016 49.92
33 49.936 0.016 49.92
41 49.952 0.016 49.936
43 49.952 0.016 49.936
27 49.9792 0.016 49.9632
41 49.936 0.016 49.92
43 49.936 0.016 49.92
27 49.9632 0.048 49.9152
37 49.968 0.048 49.92
38 50 0.048 49.952
41 50 0.048 49.952
43 50 0.048 49.952
28 50 0.048 49.952
32 50 0.048 49.952
33 50 0.048 49.952
29 50 0.048 49.952
36 50 0.048 49.952
40 50 0.048 49.952
35 50 0.048 49.952
30 50 0.048 49.952
39 50 0.048 49.952
34 50 0.048 49.952
26 50 0.048 49.952
42 50 0.0048 49.9952
25 50 0.048 49.952
44 50 0.048 49.952
27 50 0.048 49.952
37 50 0.048 49.952
38 50 0.048 49.952
41 50 0.048 49.952
43 50 0.048 49.952
28 50 0.048 49.952
32 50 0.048 49.952
33 50 0.0048 49.9952
33 49.9952 0.048 49.9472
32 49.952 0.0048 49.9472
29 50 0.048 49.952
36 50 0.048 49.952
40 50 0.048 49.952
35 50 0.048 49.952
30 50 0.048 49.952
39 50 0.048 49.952
34 50 0.048 49.952
26 50 0.048 49.952
31 50 0.0048 49.9952
42 50 0.0048 49.9952
25 50 0.048 49.952
44 50 0.048 49.952
27 50 0.048 49.952
37 50 0.048 49.952
38 50 0.048 49.952
41 50 0.048 49.952
43 50 0.048 49.952
28 50 0.048 49.952
32 50 0.048 49.952
33 50 0.048 49.952
29 50 0.048 49.952
36 50 0.048 49.952
40 50 0.048 49.952
35 50 0.048 49.952
30 50 0.048 49.952
39 50 0.048 49.952
34 50 0.048 49.952
26 50 0.048 49.952
31 50 0.0048 49.9952
42 50 0.0048 49.9952
25 50 0.048 49.952
44 50 0.048 49.952
27 50 0.048 49.952
37 50 0.048 49.952
38 50 0.048 49.952
41 50 0.048 49.952
43 50 0.048 49.952
27 50 0.0048 49.9952
28 50 0.048 49.952
32 50 0.048 49.952
33 50 0.048 49.952
29 50 0.048 49.952
36 50 0.048 49.952
40 50 0.048 49.952
35 50 0.048 49.952
30 50 0.048 49.952
39 50 0.048 49.952
34 50 0.048 49.952
26 50 0.048 49.952
31 50 0.0048 49.9952
42 50 0.0048 49.9952
25 50 0.048 49.952
44 50 0.048 49.952
27 49.9952 0.048 49.9472
43 49.952 0.0048 49.9472
37 50 0.048 49.952
38 50 0.048 49.952
41 50 0.048 49.952
43 50 0.048 49.952
27 50 0.0048 49.9952
28 50 0.048 49.952
32 50 0.048 49.952
33 50 0.048 49.952
29 50 0.048 49.952
36 50 0.048 49.952
36 49.952 0.0048 49.9472
36 49.9472 0.16 49.7872
40 50 0.048 49.952
35 50 0.048 49.952
30 50 0.048 49.952
39 50 0.048 49.952
34 50 0.048 49.952
26 50 0.048 49.952
31 50 0.0048 49.9952
42 50 0.0048 49.9952
25 50 0.048 49.952
44 50 0.048 49.952
27 49.9952 0.048 49.9472
43 49.952 0.0048 49.9472
37 50 0.048 49.952
38 50 0.048 49.952
41 50 0.048 49.952
43 50 0.048 49.952
27 50 0.0048 49.9952
28 50 0.048 49.952
32 50 0.048 49.952
33 50 0.048 49.952
29 50 0.048 49.952
40 50 0.048 49.952
35 50 0.048 49.952
30 50 0.048 49.952
39 50 0.048 49.952
34 50 0.048 49.952
26 50 0.048 49.952
31 50 0.0048 49.9952
42 50 0.0048 49.9952
25 50 0.048 49.952
44 50 0.048 49.952
27 49.9952 0.048 49.9472
43 49.952 0.0048 49.9472
37 50 0.048 49.952
38 50 0.048 49.952
41 50 0.048 49.952
43 50 0.048 49.952
27 50 0.0048 49.9952
28 50 0.048 49.952
32 50 0.048 49.952
33 50 0.048 49.952
29 50 0.048 49.952
40 50 0.048 49.952
35 50 0.048 49.952
30 50 0.048 49.952
39 50 0.048 49.952
34 50 0.048 49.952
26 50 0.048 49.952
31 50 0.0048 49.9952
42 50 0.0048 49.9952
25 50 0.048 49.952
44 50 0.048 49.952
27 49.9952 0.048 49.9472
43 49.952 0.0048 49.9472
37 50 0.048 49.952
38 50 0.048 49.952
41 50 0.048 49.952
43 50 0.048 49.952
27 50 0.0048 49.9952
28 50 0.048 49.952
32 50 0.048 49.952
33 50 0.048 49.952
29 50 0.048 49.952
40 50 0.048 49.952
35 50 0.048 49.952
30 50 0.048 49.952
39 50 0.048 49.952
34 50 0.048 49.952
26 50 0.048 49.952
31 50 0.0048 49.9952
42 50 0.0048 49.9952
25 50 0.048 49.952
44 50 0.048 49.952
27 49.9952 0.048 49.9472
43 49.952 0.0048 49.9472
37 50 0.048 49.952
38 50 0.048 49.952
41 50 0.048 49.952
43 50 0.048 49.952
27 50 0.0048 49.9952
28 50 0.048 49.952
33 50 0.0048 49.9952
32 50 0.048 49.952
33 49.9952 0.048 49.9472
28 49.952 0.0048 49.9472
29 50 0.048 49.952
40 50 0.048 49.952
35 50 0.048 49.952
30 50 0.048 49.952
39 50 0.048 49.952
34 50 0.048 49.952
26 50 0.048 49.952
31 50 0.0048 49.9952
42 50 0.0048 49.9952
25 50 0.048 49.952
44 50 0.048 49.952
27 49.9952 0.048 49.9472
43 49.952 0.0048 49.9472
37 50 0.048 49.952
38 50 0.048 49.952
41 50 0.048 49.952
43 50 0.048 49.952
27 50 0.0048 49.9952
28 50 0.048 49.952
33 50 0.0048 49.9952
32 50 0.048 49.952
33 49.9952 0.048 49.9472
28 49.952 0.0048 49.9472
29 50 0.048 49.952
40 50 0.048 49.952
35 50 0.048 49.952
30 50 0.048 49.952
39 50 0.048 49.952
34 50 0.048 49.952
26 50 0.048 49.952
31 50 0.0048 49.9952
42 50 0.0048 49.9952
25 50 0.048 49.952
44 50 0.048 49.952
26 49.952 0.0048 49.9472
27 49.9952 0.048 49.9472
43 49.952 0.0048 49.9472
37 50 0.048 49.952
38 50 0.048 49.952
41 50 0.048 49.952
43 50 0.048 49.952
27 50 0.0048 49.9952
28 50 0.048 49.952
32 50 0.048 49.952
33 50 0.048 49.952
29 50 0.048 49.952
40 50 0.048 49.952
35 50 0.048 49.952
30 50 0.048 49.952
39 50 0.048 49.952
34 50 0.048 49.952
26 50 0.048 49.952
25 50 0.048 49.952
44 50 0.048 49.952
27 49.9952 0.048 49.9472
37 50 0.048 49.952
38 50 0.048 49.952
41 50 0.048 49.952
43 50 0.048 49.952
27 50 0.0048 49.9952
28 50 0.048 49.952
32 50 0.048 49.952
33 50 0.048 49.952
29 50 0.048 49.952
40 50 0.048 49.952
35 50 0.048 49.952
30 50 0.048 49.952
39 50 0.048 49.952
34 50 0.048 49.952
26 50 0.048 49.952
42 50 0.0048 49.9952
25 50 0.048 49.952
44 50 0.048 49.952
27 49.9952 0.048 49.9472
43 49.952 0.0048 49.9472
37 50 0.048 49.952
38 50 0.048 49.952
41 50 0.048 49.952
43 50 0.048 49.952
27 50 0.0048 49.9952
28 50 0.048 49.952
32 50 0.048 49.952
33 50 0.048 49.952
29 50 0.048 49.952
40 50 0.048 49.952
35 50 0.048 49.952
30 50 0.048 49.952
39 50 0.048 49.952
34 50 0.048 49.952
26 50 0.048 49.952
42 50 0.0048 49.9952
25 50 0.048 49.952
44 50 0.048 49.952
27 49.9952 0.048 49.9472
43 49.952 0.0048 49.9472
37 50 0.048 49.952
38 50 0.048 49.952
41 50 0.048 49.952
43 50 0.048 49.952
27 50 0.0048 49.9952
28 50 0.048 49.952
32 50 0.048 49.952
33 50 0.048 49.952
29 50 0.048 49.952
40 50 0.048 49.952
35 50 0.048 49.952
30 50 0.048 49.952
39 50 0.048 49.952
34 50 0.048 49.952
26 50 0.048 49.952
42 50 0.0048 49.9952
25 50 0.048 49.952
44 50 0.048 49.952
27 49.9952 0.048 49.9472
43 49.952 0.0048 49.9472
37 50 0.048 49.952
38 50 0.048 49.952
41 50 0.048 49.952
43 50 0.048 49.952
27 50 0.0048 49.9952
28 50 0.048 49.952
32 50 0.048 49.952
33 50 0.048 49.952
29 50 0.048 49.952
40 50 0.048 49.952
35 50 0.048 49.952
30 50 0.048 49.952
39 50 0.048 49.952
34 50 0.048 49.952
26 50 0.048 49.952
31 50 0.0048 49.9952
42 50 0.0048 49.9952
25 50 0.048 49.952
44 50 0.048 49.952
27 49.9952 0.048 49.9472
43 49.952 0.0048 49.9472
37 50 0.048 49.952
37 49.952 0.0048 49.9472
37 49.9472 0.16 49.7872
38 50 0.048 49.952
41 50 0.048 49.952
43 50 0.048 49.952
27 50 0.0048 49.9952
28 50 0.048 49.952
33 50 0.0048 49.9952
32 50 0.048 49.952
33 49.9952 0.048 49.9472
28 49.952 0.0048 49.9472
29 50 0.048 49.952
40 50 0.048 49.952
35 50 0.048 49.952
30 50 0.048 49.952
39 50 0.048 49.952
34 50 0.048 49.952
26 50 0.048 49.952
31 50 0.0048 49.9952
42 50 0.0048 49.9952
25 50 0.048 49.952
44 50 0.048 49.952
27 49.9952 0.048 49.9472
38 50 0.048 49.952
41 50 0.048 49.952
43 50 0.048 49.952
28 50 0.048 49.952
33 50 0.0048 49.9952
32 50 0.048 49.952
33 49.9952 0.048 49.9472
28 49.952 0.0048 49.9472
29 50 0.048 49.952
40 50 0.048 49.952
35 50 0.048 49.952
30 50 0.048 49.952
39 50 0.048 49.952
34 50 0.048 49.952
26 50 0.048 49.952
31 50 0.0048 49.9952
42 50 0.0048 49.9952
25 50 0.048 49.952
44 50 0.048 49.952
27 50 0.048 49.952
38 50 0.048 49.952
41 50 0.048 49.952
43 50 0.048 49.952
28 50 0.048 49.952
33 50 0.0048 49.9952
32 50 0.048 49.952
33 49.9952 0.048 49.9472
28 49.952 0.0048 49.9472
29 50 0.048 49.952
40 50 0.048 49.952
35 50 0.048 49.952
30 50 0.048 49.952
39 50 0.048 49.952
34 50 0.048 49.952
26 50 0.048 49.952
31 50 0.0048 49.9952
42 50 0.0048 49.9952
25 50 0.048 49.952
44 50 0.048 49.952
27 50 0.048 49.952
43 49.952 0.0048 49.9472
38 50 0.048 49.952
41 50 0.048 49.952
43 50 0.048 49.952
27 50 0.0048 49.9952
28 50 0.048 49.952
33 50 0.0048 49.9952
32 50 0.048 49.952
33 49.9952 0.048 49.9472
28 49.952 0.0048 49.9472
29 50 0.048 49.952
40 50 0.048 49.952
35 50 0.048 49.952
30 50 0.048 49.952
39 50 0.048 49.952
34 50 0.048 49.952
26 50 0.048 49.952
31 50 0.0048 49.9952
25 50 0.048 49.952
44 50 0.048 49.952
27 49.9952 0.048 49.9472
43 49.952 0.0048 49.9472
38 50 0.048 49.952
41 50 0.048 49.952
43 50 0.048 49.952
28 50 0.048 49.952
33 50 0.0048 49.9952
32 50 0.048 49.952
33 49.9952 0.048 49.9472
28 49.952 0.0048 49.9472
29 50 0.048 49.952
40 50 0.048 49.952
35 50 0.048 49.952
30 50 0.048 49.952
39 50 0.048 49.952
34 50 0.048 49.952
26 50 0.048 49.952
31 50 0.0048 49.9952
25 50 0.048 49.952
44 50 0.048 49.952
42 50 0.048 49.952
27 50 0.048 49.952
38 50 0.048 49.952
41 50 0.048 49.952
43 50 0.048 49.952
28 50 0.048 49.952
32 50 0.048 49.952
33 50 0.048 49.952
29 50 0.048 49.952
40 50 0.048 49.952
35 50 0.048 49.952
30 50 0.048 49.952
39 50 0.048 49.952
34 50 0.048 49.952
26 50 0.048 49.952
25 50 0.048 49.952
44 50 0.048 49.952
42 50 0.048 49.952
27 50 0.048 49.952
43 49.952 0.0048 49.9472
38 50 0.048 49.952
41 50 0.048 49.952
43 50 0.048 49.952
27 50 0.0048 49.9952
28 50 0.048 49.952
32 50 0.048 49.952
33 50 0.048 49.952
29 50 0.048 49.952
40 50 0.048 49.952
35 50 0.048 49.952
30 50 0.048 49.952
39 50 0.048 49.952
34 50 0.048 49.952
26 50 0.048 49.952
25 50 0.048 49.952
44 50 0.048 49.952
42 50 0.048 49.952
27 49.9952 0.048 49.9472
43 49.952 0.0048 49.9472
38 50 0.048 49.952
41 50 0.048 49.952
43 50 0.048 49.952
27 50 0.0048 49.9952
28 50 0.048 49.952
32 50 0.048 49.952
33 50 0.048 49.952
29 50 0.048 49.952
40 50 0.048 49.952
35 50 0.048 49.952
30 50 0.048 49.952
39 50 0.048 49.952
34 50 0.048 49.952
26 50 0.048 49.952
25 50 0.048 49.952
44 50 0.048 49.952
42 50 0.048 49.952
27 49.9952 0.048 49.9472
43 49.952 0.0048 49.9472
38 50 0.048 49.952
41 50 0.048 49.952
43 50 0.048 49.952
27 50 0.0048 49.9952
28 50 0.048 49.952
32 50 0.048 49.952
33 50 0.048 49.952
29 50 0.048 49.952
40 50 0.048 49.952
35 50 0.048 49.952
30 50 0.048 49.952
39 50 0.048 49.952
34 50 0.048 49.952
26 50 0.048 49.952
25 50 0.048 49.952
44 50 0.048 49.952
42 50 0.048 49.952
27 49.9952 0.048 49.9472
43 49.952 0.0048 49.9472
38 50 0.048 49.952
41 50 0.048 49.952
43 50 0.048 49.952
27 50 0.0048 49.9952
28 50 0.048 49.952
32 50 0.048 49.952
33 50 0.048 49.952
29 50 0.048 49.952
40 50 0.048 49.952
35 50 0.048 49.952
30 50 0.048 49.952
39 50 0.048 49.952
34 50 0.048 49.952
26 50 0.048 49.952
31 50 0.0048 49.9952
42 50 0.0048 49.9952
25 50 0.048 49.952
44 50 0.048 49.952
42 49.9952 0.048 49.9472
26 49.952 0.0048 49.9472
27 49.9952 0.048 49.9472
38 50 0.048 49.952
41 50 0.048 49.952
43 50 0.048 49.952
27 50 0.0048 49.9952
28 50 0.048 49.952
33 50 0.0048 49.9952
32 50 0.048 49.952
33 49.9952 0.048 49.9472
28 49.952 0.0048 49.9472
29 50 0.048 49.952
40 50 0.048 49.952
35 50 0.048 49.952
30 50 0.048 49.952
39 50 0.048 49.952
34 50 0.048 49.952
26 50 0.048 49.952
31 50 0.0048 49.9952
42 50 0.0048 49.9952
25 50 0.048 49.952
44 50 0.048 49.952
42 49.9952 0.048 49.9472
26 49.952 0.0048 49.9472
27 49.9952 0.048 49.9472
43 49.952 0.0048 49.9472
36 50 0.048 49.952
38 50 0.048 49.952
41 50 0.048 49.952
43 50 0.048 49.952
27 50 0.0048 49.9952
28 50 0.048 49.952
33 50 0.0048 49.9952
32 50 0.048 49.952
33 49.9952 0.048 49.9472
28 49.952 0.0048 49.9472
29 50 0.048 49.952
40 50 0.048 49.952
35 50 0.048 49.952
30 50 0.048 49.952
39 50 0.048 49.952
34 50 0.048 49.952
26 50 0.048 49.952
31 50 0.0048 49.9952
42 50 0.0048 49.9952
25 50 0.048 49.952
44 50 0.048 49.952
42 49.9952 0.048 49.9472
26 49.952 0.0048 49.9472
27 49.9952 0.048 49.9472
43 49.952 0.0048 49.9472
36 50 0.048 49.952
38 50 0.048 49.952
41 50 0.048 49.952
43 50 0.048 49.952
27 50 0.0048 49.9952
28 50 0.048 49.952
33 50 0.0048 49.9952
32 50 0.048 49.952
33 49.9952 0.048 49.9472
28 49.952 0.0048 49.9472
29 50 0.048 49.952
40 50 0.048 49.952
35 50 0.048 49.952
30 50 0.048 49.952
39 50 0.048 49.952
34 50 0.048 49.952
26 50 0.048 49.952
31 50 0.0048 49.9952
42 50 0.0048 49.9952
25 50 0.048 49.952
44 50 0.048 49.952
42 49.9952 0.048 49.9472
26 49.952 0.0048 49.9472
27 49.9952 0.048 49.9472
43 49.952 0.0048 49.9472
36 50 0.048 49.952
38 50 0.048 49.952
41 50 0.048 49.952
43 50 0.048 49.952
27 50 0.0048 49.9952
28 50 0.048 49.952
33 50 0.0048 49.9952
32 50 0.048 49.952
33 49.9952 0.048 49.9472
28 49.952 0.0048 49.9472
29 50 0.048 49.952
40 50 0.048 49.952
35 50 0.048 49.952
30 50 0.048 49.952
39 50 0.048 49.952
34 50 0.048 49.952
26 50 0.048 49.952
31 50 0.0048 49.9952
42 50 0.0048 49.9952
25 50 0.048 49.952
44 50 0.048 49.952
42 49.9952 0.048 49.9472
26 49.952 0.0048 49.9472
31 49.9952 0.0048 49.9904
27 49.9952 0.048 49.9472
43 49.952 0.0048 49.9472
36 50 0.048 49.952
38 50 0.048 49.952
41 50 0.048 49.952
43 50 0.048 49.952
27 50 0.0048 49.9952
28 50 0.048 49.952
33 50 0.0048 49.9952
32 50 0.048 49.952
33 49.9952 0.048 49.9472
28 49.952 0.0048 49.9472
29 50 0.048 49.952
40 50 0.048 49.952
35 50 0.048 49.952
30 50 0.048 49.952
39 50 0.048 49.952
34 50 0.048 49.952
26 50 0.048 49.952
31 50 0.0048 49.9952
42 50 0.0048 49.9952
25 50 0.048 49.952
44 50 0.048 49.952
42 49.9952 0.048 49.9472
26 49.952 0.0048 49.9472
31 49.9952 0.0048 49.9904
27 49.9952 0.048 49.9472
43 49.952 0.0048 49.9472
36 50 0.048 49.952
36 49.952 0.0048 49.9472
36 49.9472 0.16 49.7872
36 49.7872 0.0016 49.7856
30 49.952 0.016 49.936
30 49.936 0.016 49.92
37 50 0.016 49.984
37 49.984 0.016 49.968
37 49.968 0.048 49.92
27 49.9472 0.016 49.9312
43 50 0.016 49.984
39 49.952 0.016 49.936
27 49.9312 0.016 49.9152
41 49.952 0.016 49.936
43 49.984 0.016 49.968
39 49.936 0.016 49.92
28 49.9472 0.016 49.9312
32 50 0.016 49.984
33 49.9472 0.016 49.9312
41 49.936 0.016 49.92
34 49.952 0.016 49.936
29 50 0.016 49.984
32 49.984 0.016 49.968
33 49.9312 0.016 49.9152
26 49.9472 0.016 49.9312
31 49.9904 0.016 49.9744
34 49.936 0.016 49.92
42 50 0.016 49.984
44 49.952 0.016 49.936
25 49.952 0.016 49.936
29 49.984 0.016 49.968
26 49.9312 0.016 49.9152
31 49.9744 0.016 49.9584
42 49.984 0.016 49.968
44 49.936 0.016 49.92
25 49.936 0.016 49.92
40 50 0.016 49.984
38 49.952 0.016 49.936
35 50 0.016 49.984
40 49.984 0.016 49.968
38 49.936 0.016 49.92
35 49.984 0.016 49.968
38 50 0.048 49.952
41 50 0.048 49.952
43 49.968 0.048 49.92
27 50 0.0048 49.9952
28 50 0.048 49.952
32 49.968 0.048 49.92
33 50 0.048 49.952
29 49.968 0.048 49.92
40 49.968 0.048 49.92
35 49.968 0.048 49.92
30 50 0.048 49.952
39 50 0.048 49.952
34 50 0.048 49.952
26 50 0.048 49.952
31 50 0.0048 49.9952
42 49.968 0.0048 49.9632
25 50 0.048 49.952
44 50 0.048 49.952
42 49.9632 0.048 49.9152
26 49.952 0.0048 49.9472
27 49.9952 0.048 49.9472
43 49.92 0.0048 49.9152
37 50 0.048 49.952
38 50 0.048 49.952
41 50 0.048 49.952
43 50 0.048 49.952
27 50 0.0048 49.9952
28 50 0.048 49.952
33 50 0.0048 49.9952
32 50 0.048 49.952
33 49.9952 0.048 49.9472
28 49.952 0.0048 49.9472
29 50 0.048 49.952
40 50 0.048 49.952
35 50 0.048 49.952
30 50 0.048 49.952
39 50 0.048 49.952
34 50 0.048 49.952
26 50 0.048 49.952
42 50 0.0048 49.9952
25 50 0.048 49.952
44 50 0.048 49.952
42 49.9952 0.048 49.9472
26 49.952 0.0048 49.9472
27 49.9952 0.048 49.9472
43 49.952 0.0048 49.9472
37 50 0.048 49.952
38 50 0.048 49.952
41 50 0.048 49.952
43 50 0.048 49.952
27 50 0.0048 49.9952
28 50 0.048 49.952
33 50 0.0048 49.9952
32 50 0.048 49.952
33 49.9952 0.048 49.9472
28 49.952 0.0048 49.9472
29 50 0.048 49.952
40 50 0.048 49.952
35 50 0.048 49.952
30 50 0.048 49.952
39 50 0.048 49.952
34 50 0.048 49.952
26 50 0.048 49.952
42 50 0.0048 49.9952
25 50 0.048 49.952
44 50 0.048 49.952
31 50 0.0048 49.9952
42 49.9952 0.048 49.9472
26 49.952 0.0048 49.9472
27 49.9952 0.048 49.9472
43 49.952 0.0048 49.9472
37 50 0.048 49.952
38 50 0.048 49.952
41 50 0.048 49.952
43 50 0.048 49.952
27 50 0.0048 49.9952
28 50 0.048 49.952
33 50 0.0048 49.9952
32 50 0.048 49.952
33 49.9952 0.048 49.9472
28 49.952 0.0048 49.9472
29 50 0.048 49.952
40 50 0.048 49.952
35 50 0.048 49.952
30 50 0.048 49.952
39 50 0.048 49.952
34 50 0.048 49.952
26 50 0.048 49.952
42 50 0.0048 49.9952
25 50 0.048 49.952
44 50 0.048 49.952
42 49.9952 0.048 49.9472
26 49.952 0.0048 49.9472
27 49.9952 0.048 49.9472
43 49.952 0.0048 49.9472
37 50 0.048 49.952
38 50 0.048 49.952
41 50 0.048 49.952
43 50 0.048 49.952
27 50 0.0048 49.9952
28 50 0.048 49.952
33 50 0.0048 49.9952
32 50 0.048 49.952
33 49.9952 0.048 49.9472
28 49.952 0.0048 49.9472
29 50 0.048 49.952
40 50 0.048 49.952
35 50 0.048 49.952
30 50 0.048 49.952
39 50 0.048 49.952
34 50 0.048 49.952
26 50 0.048 49.952
25 50 0.048 49.952
44 50 0.048 49.952
31 50 0.0048 49.9952
42 50 0.048 49.952
27 49.9952 0.048 49.9472
43 49.952 0.0048 49.9472
37 50 0.048 49.952
38 50 0.048 49.952
41 50 0.048 49.952
43 50 0.048 49.952
27 50 0.0048 49.9952
28 50 0.048 49.952
33 50 0.0048 49.9952
32 50 0.048 49.952
33 49.9952 0.048 49.9472
28 49.952 0.0048 49.9472
29 50 0.048 49.952
40 50 0.048 49.952
35 50 0.048 49.952
30 50 0.048 49.952
39 50 0.048 49.952
34 50 0.048 49.952
26 50 0.048 49.952
25 50 0.048 49.952
44 50 0.048 49.952
31 50 0.0048 49.9952
42 50 0.048 49.952
26 49.952 0.0048 49.9472
27 49.9952 0.048 49.9472
43 49.952 0.0048 49.9472
37 50 0.048 49.952
38 50 0.048 49.952
41 50 0.048 49.952
43 50 0.048 49.952
28 50 0.048 49.952
33 50 0.0048 49.9952
32 50 0.048 49.952
33 49.9952 0.048 49.9472
28 49.952 0.0048 49.9472
29 50 0.048 49.952
40 50 0.048 49.952
35 50 0.048 49.952
30 50 0.048 49.952
39 50 0.048 49.952
34 50 0.048 49.952
26 50 0.048 49.952
42 50 0.0048 49.9952
25 50 0.048 49.952
44 50 0.048 49.952
31 50 0.0048 49.9952
42 49.9952 0.048 49.9472
26 49.952 0.0048 49.9472
27 50 0.048 49.952
37 50 0.048 49.952
38 50 0.048 49.952
41 50 0.048 49.952
43 50 0.048 49.952
28 50 0.048 49.952
33 50 0.0048 49.9952
32 50 0.048 49.952
33 49.9952 0.048 49.9472
28 49.952 0.0048 49.9472
29 50 0.048 49.952
40 50 0.048 49.952
35 50 0.048 49.952
30 50 0.048 49.952
39 50 0.048 49.952
34 50 0.048 49.952
26 50 0.048 49.952
25 50 0.048 49.952
44 50 0.048 49.952
31 50 0.0048 49.9952
42 50 0.048 49.952
26 49.952 0.0048 49.9472
27 50 0.048 49.952
43 49.952 0.0048 49.9472
37 50 0.048 49.952
38 50 0.048 49.952
41 50 0.048 49.952
43 50 0.048 49.952
27 50 0.0048 49.9952
28 50 0.048 49.952
33 50 0.0048 49.9952
32 50 0.048 49.952
33 49.9952 0.048 49.9472
28 49.952 0.0048 49.9472
29 50 0.048 49.952
40 50 0.048 49.952
35 50 0.048 49.952
30 50 0.048 49.952
39 50 0.048 49.952
34 50 0.048 49.952
26 50 0.048 49.952
42 50 0.0048 49.9952
25 50 0.048 49.952
44 50 0.048 49.952
31 50 0.0048 49.9952
42 49.9952 0.048 49.9472
26 49.952 0.0048 49.9472
27 49.9952 0.048 49.9472
43 49.952 0.0048 49.9472
37 50 0.048 49.952
38 50 0.048 49.952
41 50 0.048 49.952
43 50 0.048 49.952
27 50 0.0048 49.9952
28 50 0.048 49.952
32 50 0.048 49.952
33 50 0.048 49.952
29 50 0.048 49.952
40 50 0.048 49.952
35 50 0.048 49.952
30 50 0.048 49.952
39 50 0.048 49.952
34 50 0.048 49.952
26 50 0.048 49.952
42 50 0.0048 49.9952
25 50 0.048 49.952
44 50 0.048 49.952
31 50 0.0048 49.9952
42 49.9952 0.048 49.9472
26 49.952 0.0048 49.9472
27 49.9952 0.048 49.9472
43 49.952 0.0048 49.9472
37 50 0.048 49.952
38 50 0.048 49.952
41 50 0.048 49.952
43 50 0.048 49.952
27 50 0.0048 49.9952
28 50 0.048 49.952
32 50 0.048 49.952
33 50 0.048 49.952
29 50 0.048 49.952
40 50 0.048 49.952
35 50 0.048 49.952
30 50 0.048 49.952
39 50 0.048 49.952
34 50 0.048 49.952
26 50 0.048 49.952
42 50 0.0048 49.9952
25 50 0.048 49.952
44 50 0.048 49.952
31 50 0.0048 49.9952
42 49.9952 0.048 49.9472
26 49.952 0.0048 49.9472
27 49.9952 0.048 49.9472
43 49.952 0.0048 49.9472
37 50 0.048 49.952
38 50 0.048 49.952
41 50 0.048 49.952
43 50 0.048 49.952
27 50 0.0048 49.9952
28 50 0.048 49.952
32 50 0.048 49.952
33 50 0.048 49.952
29 50 0.048 49.952
29 49.952 0.0048 49.9472
29 49.9472 0.16 49.7872
40 50 0.048 49.952
35 50 0.048 49.952
30 50 0.048 49.952
39 50 0.048 49.952
34 50 0.048 49.952
26 50 0.048 49.952
42 50 0.0048 49.9952
25 50 0.048 49.952
44 50 0.048 49.952
42 49.9952 0.048 49.9472
26 49.952 0.0048 49.9472
27 49.9952 0.048 49.9472
43 49.952 0.0048 49.9472
37 50 0.048 49.952
38 50 0.048 49.952
41 50 0.048 49.952
43 50 0.048 49.952
27 50 0.0048 49.9952
28 50 0.048 49.952
33 50 0.0048 49.9952
32 50 0.048 49.952
33 49.9952 0.048 49.9472
28 49.952 0.0048 49.9472
40 50 0.048 49.952
35 50 0.048 49.952
30 50 0.048 49.952
39 50 0.048 49.952
34 50 0.048 49.952
26 50 0.048 49.952
42 50 0.0048 49.9952
25 50 0.048 49.952
44 50 0.048 49.952
42 49.9952 0.048 49.9472
26 49.952 0.0048 49.9472
27 49.9952 0.048 49.9472
43 49.952 0.0048 49.9472
37 50 0.048 49.952
38 50 0.048 49.952
41 50 0.048 49.952
43 50 0.048 49.952
27 50 0.0048 49.9952
28 50 0.048 49.952
33 50 0.0048 49.9952
32 50 0.048 49.952
33 49.9952 0.048 49.9472
28 49.952 0.0048 49.9472
40 50 0.048 49.952
35 50 0.048 49.952
30 50 0.048 49.952
39 50 0.048 49.952
34 50 0.048 49.952
26 50 0.048 49.952
42 50 0.0048 49.9952
25 50 0.048 49.952
44 50 0.048 49.952
31 50 0.0048 49.9952
42 49.9952 0.048 49.9472
26 49.952 0.0048 49.9472
27 49.9952 0.048 49.9472
43 49.952 0.0048 49.9472
37 50 0.048 49.952
38 50 0.048 49.952
41 50 0.048 49.952
43 50 0.048 49.952
27 50 0.0048 49.9952
28 50 0.048 49.952
33 50 0.0048 49.9952
32 50 0.048 49.952
33 49.9952 0.048 49.9472
28 49.952 0.0048 49.9472
33 49.9472 0.0048 49.9424
33 49.9424 0.16 49.7824
40 50 0.048 49.952
35 50 0.048 49.952
30 50 0.048 49.952
39 50 0.048 49.952
34 50 0.048 49.952
26 50 0.048 49.952
42 50 0.0048 49.9952
25 50 0.048 49.952
44 50 0.048 49.952
31 50 0.0048 49.9952
42 49.9952 0.048 49.9472
26 49.952 0.0048 49.9472
27 49.9952 0.048 49.9472
37 50 0.048 49.952
38 50 0.048 49.952
41 50 0.048 49.952
43 50 0.048 49.952
28 50 0.048 49.952
33 50 0.0048 49.9952
32 50 0.048 49.952
40 50 0.048 49.952
35 50 0.048 49.952
30 50 0.048 49.952
39 50 0.048 49.952
34 50 0.048 49.952
26 50 0.048 49.952
42 50 0.0048 49.9952
25 50 0.048 49.952
44 50 0.048 49.952
31 50 0.0048 49.9952
42 49.9952 0.048 49.9472
26 49.952 0.0048 49.9472
27 50 0.048 49.952
43 49.952 0.0048 49.9472
37 50 0.048 49.952
38 50 0.048 49.952
41 50 0.048 49.952
41 49.952 0.0048 49.9472
41 49.9472 0.16 49.7872
43 50 0.048 49.952
27 50 0.0048 49.9952
28 50 0.048 49.952
32 50 0.048 49.952
40 50 0.048 49.952
35 50 0.048 49.952
30 50 0.048 49.952
39 50 0.048 49.952
34 50 0.048 49.952
26 50 0.048 49.952
42 50 0.0048 49.9952
25 50 0.048 49.952
44 50 0.048 49.952
42 49.9952 0.048 49.9472
27 49.9952 0.048 49.9472
43 49.952 0.0048 49.9472
37 50 0.048 49.952
38 50 0.048 49.952
43 50 0.048 49.952
27 50 0.0048 49.9952
43 49.952 0.0048 49.9472
43 49.9472 0.16 49.7872
28 50 0.048 49.952
33 50 0.0048 49.9952
32 50 0.048 49.952
40 50 0.048 49.952
35 50 0.048 49.952
30 50 0.048 49.952
39 50 0.048 49.952
34 50 0.048 49.952
26 50 0.048 49.952
25 50 0.048 49.952
44 50 0.048 49.952
31 50 0.0048 49.9952
42 50 0.048 49.952
26 49.952 0.0048 49.9472
27 49.9952 0.048 49.9472
43 49.7872 0.0048 49.7824
43 49.7824 0.048 49.7344
27 49.9472 0.0096 49.9376
27 49.9376 0.16 49.7776
43 49.7344 0.016 49.7184
43 49.7184 0.016 49.7024
27 49.7776 0.0016 49.776
43 49.7024 0.048 49.6544
27 49.776 0.0048 49.7712
43 49.6544 0.0048 49.6496
43 49.6496 0.16 49.4896
37 50 0.048 49.952
38 50 0.048 49.952
28 50 0.048 49.952
33 50 0.0048 49.9952
32 50 0.048 49.952
40 50 0.048 49.952
35 50 0.048 49.952
30 50 0.048 49.952
39 50 0.048 49.952
34 50 0.048 49.952
26 50 0.048 49.952
42 50 0.0048 49.9952
25 50 0.048 49.952
44 50 0.048 49.952
31 50 0.0048 49.9952
42 49.9952 0.048 49.9472
26 49.952 0.0048 49.9472
37 50 0.048 49.952
38 50 0.048 49.952
28 50 0.048 49.952
33 50 0.0048 49.9952
32 50 0.048 49.952
40 50 0.048 49.952
35 50 0.048 49.952
30 50 0.048 49.952
39 50 0.048 49.952
34 50 0.048 49.952
26 50 0.048 49.952
25 50 0.048 49.952
44 50 0.048 49.952
42 50 0.048 49.952
37 50 0.048 49.952
38 50 0.048 49.952
28 50 0.048 49.952
33 50 0.0048 49.9952
32 50 0.048 49.952
40 50 0.048 49.952
35 50 0.048 49.952
30 50 0.048 49.952
39 50 0.048 49.952
34 50 0.048 49.952
26 50 0.048 49.952
42 50 0.0048 49.9952
25 50 0.048 49.952
44 50 0.048 49.952
42 49.9952 0.048 49.9472
26 49.952 0.0048 49.9472
37 50 0.048 49.952
38 50 0.048 49.952
28 50 0.048 49.952
32 50 0.048 49.952
40 50 0.048 49.952
35 50 0.048 49.952
30 50 0.048 49.952
39 50 0.048 49.952
34 50 0.048 49.952
26 50 0.048 49.952
31 50 0.0048 49.9952
42 50 0.0048 49.9952
25 50 0.048 49.952
44 50 0.048 49.952
42 49.9952 0.048 49.9472
26 49.952 0.0048 49.9472
42 49.9472 0.0048 49.9424
42 49.9424 0.16 49.7824
42 49.7824 0.0016 49.7808
26 49.9472 0.016 49.9312
26 49.9312 0.016 49.9152
31 49.9952 0.016 49.9792
44 49.952 0.016 49.936
26 49.9152 0.016 49.8992
31 49.9792 0.016 49.9632
38 49.952 0.016 49.936
44 49.936 0.016 49.92
34 49.952 0.016 49.936
38 49.936 0.016 49.92
34 49.936 0.016 49.92
39 49.952 0.016 49.936
37 50 0.016 49.984
39 49.936 0.016 49.92
37 49.984 0.016 49.968
30 49.952 0.016 49.936
35 49.952 0.016 49.936
25 49.952 0.016 49.936
35 49.936 0.016 49.92
40 50 0.016 49.984
25 49.936 0.016 49.92
40 49.984 0.016 49.968
36 50 0.016 49.984
36 49.984 0.016 49.968
36 49.968 0.048 49.92
29 50 0.016 49.984
29 49.984 0.016 49.968
29 49.968 0.048 49.92
28 49.952 0.016 49.936
32 49.952 0.016 49.936
33 50 0.016 49.984
33 49.984 0.016 49.968
33 49.968 0.048 49.92
28 49.936 0.016 49.92
32 49.936 0.016 49.92
41 50 0.016 49.984
41 49.984 0.016 49.968
41 49.968 0.048 49.92
27 50 0.016 49.984
27 49.984 0.016 49.968
27 49.968 0.048 49.92
43 50 0.0048 49.9952
43 49.9952 0.048 49.9472
27 49.92 0.0048 49.9152
27 49.9152 0.16 49.7552
43 49.9472 0.016 49.9312
43 49.9312 0.016 49.9152
43 49.9152 0.048 49.8672
27 49.7552 0.0048 49.7504
37 49.968 0.048 49.92
38 50 0.048 49.952
28 50 0.048 49.952
32 50 0.0048 49.9952
32 49.9952 0.048 49.9472
28 49.952 0.0048 49.9472
40 49.968 0.048 49.92
35 50 0.048 49.952
30 50 0.048 49.952
39 50 0.048 49.952
34 50 0.048 49.952
26 50 0.048 49.952
31 50 0.0048 49.9952
25 50 0.048 49.952
44 50 0.048 49.952
31 49.9952 0.0048 49.9904
36 50 0.048 49.952
29 50 0.048 49.952
33 50 0.048 49.952
41 50 0.048 49.952
43 50 0.048 49.952
27 50 0.0048 49.9952
37 50 0.048 49.952
