97 75
46 75
66 75
25 76
44 76
87 78
90 80
39 80
70 81
13 81
31 81
12 81
14 81
11 81
15 81
10 81
16 81
25 81
9 81
17 81
30 81
82 81
8 81
18 81
38 81
7 81
19 81
84 81
6 81
75 81
20 81
42 81
56 81
73 81
5 81
21 81
34 81
4 81
22 81
47 81
3 81
23 81
41 81
2 81
94 81
24 81
62 81
1 81
83 81
100 81
33 81
85 81
63 81
27 76
16 76
15 76
17 76
14 76
18 76
13 76
19 76
12 76
20 76
11 76
21 76
10 76
22 76
9 76
23 76
8 76
24 76
7 76
83 76
6 76
63 76
5 76
4 76
3 76
2 76
1 76
44 81
92 81
77 80
3 80
2 80
4 80
1 80
5 80
6 80
7 80
8 80
9 80
10 80
11 80
12 80
13 80
14 80
15 80
16 80
17 80
18 80
19 80
20 80
21 80
22 80
23 80
24 80
105 81
55 77
1 77
2 77
3 77
4 77
5 77
6 77
7 77
8 77
9 77
10 77
11 77
12 77
13 77
14 77
15 77
16 77
17 77
18 77
19 77
20 77
21 77
22 77
23 77
24 77
105 77
77 83
4 83
3 83
5 83
2 83
6 83
1 83
7 83
8 83
9 83
10 83
11 83
12 83
13 83
14 83
15 83
16 83
17 83
18 83
19 83
20 83
21 83
22 83
23 83
24 83
74 81
50 78
4 78
3 78
5 78
2 78
6 78
1 78
7 78
8 78
9 78
10 78
11 78
12 78
13 78
14 78
15 78
16 78
17 78
18 78
19 78
20 78
21 78
22 78
23 78
24 78
58 79
17 79
16 79
18 79
15 79
19 79
14 79
20 79
13 79
21 79
12 79
22 79
11 79
23 79
10 79
24 79
9 79
8 79
7 79
6 79
5 79
4 79
3 79
2 79
1 79
44 82
19 82
18 82
20 82
17 82
21 82
16 82
22 82
15 82
23 82
14 82
24 82
13 82
12 82
11 82
10 82
9 82
8 82
7 82
6 82
5 82
4 82
3 82
2 82
1 82
64 81
78 81
78 84
113 81
38 76
93 81
53 81
91 81
72 81
49 81
80 81
96 75
19 75
18 75
20 75
17 75
21 75
16 75
22 75
15 75
23 75
14 75
24 75
13 75
12 75
11 75
10 75
9 75
8 75
7 75
6 75
5 75
4 75
3 75
2 75
1 75
72 75
97 81
99 81
71 81
114 81
36 81
70 76
109 81
99 76
97 85
23 85
22 85
24 85
21 85
20 85
19 85
18 85
17 85
16 85
15 85
14 85
13 85
12 85
11 85
10 85
9 85
8 85
7 85
6 85
5 85
4 85
3 85
2 85
1 85
36 85
51 81
59 81
76 81
95 81
101 81
83 80
92 80
32 81
65 81
81 81
106 81
113 75
97 86
15 86
14 86
16 86
13 86
17 86
12 86
18 86
11 86
19 86
10 86
20 86
9 86
21 86
8 86
22 86
7 86
23 86
6 86
24 86
5 86
4 86
3 86
2 86
1 86
51 87
18 87
17 87
19 87
16 87
20 87
15 87
21 87
14 87
22 87
13 87
23 87
12 87
24 87
11 87
10 87
9 87
8 87
7 87
6 87
5 87
4 87
3 87
2 87
1 87
45 81
44 75
110 76
27 81
71 76
70 85
104 81
26 81
97 87
43 81
108 81
76 86
51 88
7 88
6 88
8 88
5 88
9 88
4 88
10 88
3 88
11 88
2 88
12 88
1 88
13 88
27 88
14 88
15 88
16 88
17 88
18 88
19 88
20 88
21 88
22 88
23 88
24 88
77 78
90 81
87 81
89 81
50 79
87 79
61 81
112 81
74 78
68 81
65 86
68 86
78 75
55 83
54 81
98 81
106 86
64 75
68 75
53 75
80 75
58 82
99 85
70 88
99 88
32 86
114 85
87 89
26 88
