37 12
54 13
31 14
51 14
18 14
17 14
19 14
16 14
20 14
15 14
25 14
21 14
14 14
22 14
13 14
23 14
12 14
24 14
11 14
10 14
9 14
8 14
7 14
6 14
5 14
4 14
3 14
28 14
2 14
1 14
42 13
20 13
19 13
21 13
18 13
22 13
17 13
23 13
16 13
24 13
15 13
14 13
13 13
12 13
11 13
10 13
9 13
8 13
7 13
6 13
5 13
4 13
3 13
2 13
1 13
47 16
17 16
16 16
18 16
15 16
19 16
14 16
20 16
13 16
21 16
12 16
22 16
11 16
23 16
10 16
24 16
9 16
8 16
7 16
6 16
5 16
4 16
3 16
2 16
1 16
27 15
33 17
23 17
22 17
24 17
21 17
20 17
19 17
18 17
17 17
16 17
15 17
14 17
13 17
12 17
11 17
10 17
9 17
8 17
7 17
6 17
5 17
4 17
3 17
2 17
1 17
25 19
17 19
16 19
18 19
15 19
19 19
14 19
20 19
13 19
21 19
12 19
22 19
11 19
23 19
10 19
24 19
9 19
8 19
7 19
6 19
5 19
4 19
3 19
2 19
1 19
45 14
49 12
16 12
15 12
17 12
14 12
18 12
13 12
19 12
12 12
20 12
11 12
21 12
10 12
22 12
9 12
23 12
8 12
24 12
7 12
6 12
5 12
4 12
3 12
2 12
1 12
35 18
5 18
4 18
6 18
3 18
7 18
2 18
8 18
1 18
9 18
10 18
11 18
12 18
13 18
14 18
15 18
16 18
17 18
18 18
19 18
20 18
21 18
22 18
23 18
24 18
47 17
43 14
26 14
53 14
47 20
15 20
14 20
16 20
13 20
17 20
12 20
18 20
11 20
19 20
10 20
20 20
9 20
21 20
8 20
22 20
7 20
23 20
6 20
24 20
5 20
4 20
3 20
2 20
1 20
33 19
51 13
40 14
25 12
40 12
46 14
33 21
12 21
11 21
13 21
10 21
14 21
9 21
15 21
8 21
16 21
7 21
17 21
6 21
25 21
18 21
5 21
19 21
4 21
20 21
3 21
21 21
2 21
22 21
1 21
23 21
24 21
26 20
41 14
38 14
29 14
35 20
42 16
54 14
41 22
26 22
14 22
13 22
15 22
12 22
16 22
11 22
17 22
10 22
18 22
9 22
19 22
8 22
20 22
7 22
21 22
6 22
22 22
5 22
23 22
4 22
24 22
3 22
2 22
1 22
47 21
36 14
26 23
