35 5345 1.14522
39 5346 1.20399
41 5348 1.21741
61 5350 1.32236
26 5351 1.34346
49 5352 1.35716
60 5354 1.42927
31 5355 1.47543
45 5357 1.55536
56 5359 1.68224
25 5361 1.71823
57 5362 1.73133
28 5363 1.75213
32 5365 1.8252
64 5368 2.02098
40 5369 2.0428
33 5370 2.06895
43 5371 2.10565
55 5374 2.2457
42 5376 2.33701
54 5377 2.34937
44 5378 2.35404
27 5379 2.36659
30 5381 2.49245
48 5382 2.50597
38 5384 2.51732
52 5385 2.53166
58 5386 2.55823
53 5387 2.56931
59 5388 2.60435
62 5390 2.65365
34 5392 2.71554
51 5394 2.81404
63 5395 2.81781
46 5396 2.82044
36 5397 2.85013
29 5398 2.88858
35 5410 3.95402
60 5413 4.16886
43 5416 4.32698
45 5418 4.49963
56 5421 4.63231
39 5424 4.88755
26 5428 5.17526
37 5430 5.25613
32 5432 5.34767
52 5433 5.40139
57 5435 5.43436
53 5436 5.47545
41 5437 5.49214
29 5439 5.58281
55 5441 5.61297
34 5442 5.66352
49 5443 5.67363
61 5444 5.6794
44 5447 5.83998
35 5453 6.39664
54 5455 6.43177
48 5456 6.43553
25 5460 6.71434
45 5461 6.74664
33 5462 6.80388
63 5464 6.81458
42 5465 6.82067
64 5466 6.83579
50 5467 6.85402
31 5468 6.87974
40 5471 7.04685
51 5473 7.11643
28 5476 7.36756
59 5478 7.4532
27 5479 7.4947
26 5480 7.50656
38 5482 7.55709
30 5483 7.60638
60 5486 7.75463
58 5487 7.75591
61 5489 7.90117
32 5493 8.12205
34 5500 8.73602
29 5502 8.8112
52 5503 8.87734
53 5505 8.91687
43 5507 9.02347
45 5512 9.48499
39 5514 9.52002
40 5515 9.53265
47 5517 9.68764
51 5519 9.71449
56 5521 9.82573
57 5523 9.96486
55 5524 9.96666
46 5525 10.0035
41 5527 10.0487
35 5529 10.1132
49 5531 10.3014
25 5534 10.4502
42 5538 10.7239
52 5541 10.9473
31 5542 10.9739
33 5545 11.1528
59 5546 11.1804
54 5550 11.4532
64 5552 11.5323
26 5554 11.6414
44 5555 11.7053
63 5558 11.8573
50 5559 11.8636
28 5562 12.0979
34 5564 12.1342
27 5565 12.1349
38 5567 12.2534
51 5568 12.2644
48 5570 12.3451
53 5572 12.4583
30 5574 12.5841
62 5576 12.627
49 5578 12.7692
39 5580 12.8213
46 5581 12.8272
58 5585 13.1453
43 5586 13.1553
55 5587 13.1911
42 5591 13.4394
61 5594 13.6361
32 5595 13.6466
47 5596 13.6654
31 5597 13.7037
29 5599 13.7483
41 5602 13.9968
44 5604 14.0121
45 5606 14.122
63 5609 14.4035
25 5611 14.4226
35 5613 14.5725
27 5615 14.6487
34 5617 14.7117
54 5619 14.861
40 5620 14.8623
57 5621 14.8897
