44 4861 1.04095
39 4864 1.16535
27 4865 1.2069
42 4867 1.28655
30 4869 1.36841
38 4870 1.36858
28 4871 1.4242
26 4874 1.6363
43 4878 1.89932
40 4879 1.94057
31 4883 2.16396
37 4885 2.26724
25 4888 2.5329
36 4890 2.58499
29 4892 2.64784
41 4893 2.65275
35 4894 2.73936
32 4896 2.75987
34 4899 2.95696
27 4914 4.42842
39 4916 4.46769
38 4919 4.64649
33 4925 5.19662
44 4926 5.20335
41 4928 5.29253
31 4931 5.44542
42 4934 5.72947
28 4935 5.73559
30 4940 6.05387
37 4947 6.73773
32 4950 6.93691
35 4952 6.94652
43 4953 7.02813
40 4955 7.09236
25 4957 7.20333
44 4959 7.3352
34 4962 7.45176
41 4964 7.62371
36 4967 7.79555
39 4972 8.16665
31 4979 8.82027
38 4984 9.20191
26 4985 9.22206
25 4987 9.3251
27 4989 9.3506
33 4996 9.94408
29 4997 10.0439
32 5002 10.3994
42 5006 10.6711
30 5008 10.7695
35 5010 10.8903
37 5011 10.8925
39 5014 11.1205
43 5015 11.1208
40 5023 11.834
36 5025 11.9188
27 5026 11.9426
34 5028 12.0313
44 5035 12.61
41 5039 12.8972
32 5043 13.2078
42 5048 13.5654
28 5051 13.8241
33 5055 14.1216
30 5060 14.4571
31 5062 14.5503
26 5063 14.5678
