61 587 0 100 1.16701e-08 1.55397 1.55397
84 575 0 100 0.7 1.16525 1.86525
92 596 0 100 0.3 2.00867 2.30867
32 594 0 100 0.4 1.9207 2.3207
25 601 0 100 0.2 2.18678 2.38678
53 599 0 100 0.3 2.08699 2.38699
59 609 0 100 0.1 2.65764 2.75764
89 590 0 100 1.4 1.6291 3.0291
72 576 0 100 2.1 1.20312 3.30312
80 592 0 100 2.3 1.73867 4.03867
85 602 0 100 1.8 2.3112 4.1112
70 620 0 100 1.3 2.99214 4.29214
56 574 0 100 4.1 1.15201 5.25201
47 584 0 100 3.8 1.50833 5.30833
87 616 0 100 2.5 2.90434 5.40434
31 606 0 100 3.1 2.41888 5.51888
76 583 0 100 4.2 1.45645 5.65646
34 591 0 100 4.1 1.64342 5.74342
34 630 0 100 0.1 5.77312 5.87312
39 578 0 100 5 1.24641 6.24641
51 635 0 100 0.3 6.27782 6.57782
60 573 0 100 5.8 1.12259 6.92259
62 623 0 100 2.5 4.43267 6.93267
91 628 0 100 2.3 5.27553 7.57553
25 632 0 100 1.7 5.90651 7.60651
93 586 0 100 6.3 1.55113 7.85113
75 614 0 100 5 2.85395 7.85395
71 652 0 100 0.5 8.14303 8.64303
42 568 0 100 7.9 1.00596 8.90596
69 572 0 100 7.8 1.11512 8.91513
30 636 0 100 3.2 6.39789 9.59789
77 629 0 100 4.7 5.31508 10.0151
88 643 0 100 3.8 6.93531 10.7353
34 659 0 100 1.8 8.97616 10.7762
63 662 0 100 1.5 9.46299 10.963
29 641 0 100 4.8 6.73121 11.5312
61 664 0 100 2.6 9.54709 12.1471
42 650 0 100 4.2 7.98791 12.1879
91 668 0 100 2.9 9.9659 12.8659
80 666 0 100 3.1 9.82866 12.9287
27 644 0 100 6 7.00033 13.0003
74 663 0 100 4.3 9.51305 13.8131
45 675 0 100 2.9 11.79 14.69
64 656 0 100 5.9 8.81842 14.7184
68 645 0 100 7.7 7.02813 14.7281
62 654 0 100 6.5 8.38841 14.8884
