80 732 0 100 0.5 1.92676 2.42676
40 719 0 100 1.1 1.5864 2.6864
92 702 0 100 1.7 1.08089 2.78089
78 706 0 100 1.8 1.20408 3.00408
58 745 0 100 0.6 2.44028 3.04028
43 739 0 100 1.1 2.10011 3.20011
55 723 0 100 1.6 1.62696 3.22696
73 742 0 100 1.3 2.24488 3.54488
95 716 0 100 2.3 1.49988 3.79988
70 744 0 100 1.5 2.39571 3.89571
76 737 0 100 2.2 2.033 4.233
100 713 0 100 2.9 1.37802 4.27802
60 730 0 100 2.6 1.85821 4.45821
31 735 0 100 2.7 1.97412 4.67413
63 740 0 100 2.7 2.12925 4.82925
72 724 0 100 3.2 1.64213 4.84213
86 711 0 100 3.8 1.32261 5.12261
79 709 0 100 4 1.28799 5.28799
31 773 0 100 2.33402e-08 5.32817 5.32817
91 715 0 100 4.2 1.44937 5.64937
36 750 0 100 3.3 2.50278 5.80278
62 755 0 100 3.2 2.84098 6.04098
38 772 0 100 0.8 5.29748 6.09748
97 726 0 100 4.6 1.66944 6.26944
54 712 0 100 5 1.35026 6.35026
42 704 0 100 5.4 1.10824 6.50824
99 756 0 100 3 3.67213 6.67213
50 747 0 100 4.6 2.46563 7.06563
33 731 0 100 5.2 1.90793 7.10793
67 759 0 100 2.9 4.55549 7.45549
93 793 0 100 8.16907e-08 7.47016 7.47016
88 728 0 100 5.8 1.70154 7.50154
70 770 0 100 2.3 5.25873 7.55873
33 798 0 100 0.2 8.23871 8.43871
81 749 0 100 6.2 2.48935 8.68936
73 769 0 100 3.7 5.21931 8.91931
66 766 0 100 4.2 5.01412 9.21412
81 784 0 100 3.1 6.38063 9.48063
62 771 0 100 4.4 5.27181 9.67181
44 805 0 100 0.3 9.38936 9.68936
44 774 0 100 4.6 5.35348 9.95348
104 781 0 100 3.8 6.22708 10.0271
72 804 0 100 1 9.19604 10.196
81 814 0 100 0.4 10.3959 10.7959
65 810 0 100 0.9 9.90229 10.8023
63 790 0 100 3.9 6.9654 10.8654
69 733 0 100 9.1 1.93976 11.0398
100 806 0 100 1.7 9.55061 11.2506
68 820 0 100 0.4 11.0532 11.4532
70 812 0 100 2 10.0533 12.0533
29 803 0 100 3.2 8.95716 12.1572
49 801 0 100 3.3 8.86382 12.1638
92 768 0 100 7.1 5.0905 12.1905
42 834 0 100 3.50103e-08 12.2559 12.2559
40 811 0 100 3.1 9.98763 13.0876
95 796 0 100 6.5 7.76651 14.2665
83 823 0 100 3.1 11.3909 14.4909
98 828 0 100 2.9 11.7514 14.6514
78 841 0 100 1.7 13.0928 14.7928
98 800 0 100 6.1 8.70613 14.8061
104 848 0 100 1 13.9522 14.9522
