67 571
84 571
18 571
93 571
56 574
58 574
84 575
91 575
42 568
86 577
94 577
67 575
19 575
53 575
60 573
51 573
64 577
3 577
39 578
78 575
20 575
92 575
62 579
4 579
34 579
86 579
94 579
38 582
76 582
76 583
75 575
21 575
47 584
23 584
60 584
61 587
25 575
74 589
87 589
79 580
89 590
16 590
17 590
43 590
58 585
3 585
77 585
34 591
86 591
48 574
57 569
17 569
18 569
37 570
12 570
69 572
57 572
17 572
16 572
15 572
14 572
13 572
45 572
52 581
7 581
80 592
94 591
5 591
6 591
44 578
93 586
20 586
19 586
64 579
5 579
6 579
68 579
83 577
5 577
35 592
80 586
26 582
38 583
40 593
81 593
85 593
14 593
15 593
32 575
22 575
23 575
24 575
47 575
76 581
59 571
21 571
34 577
6 577
68 577
42 592
20 592
19 592
69 592
72 576
22 576
21 576
20 576
19 576
18 576
49 576
92 596
31 578
12 578
11 578
10 578
9 578
8 578
49 598
18 598
17 598
16 598
15 598
36 598
81 598
40 598
81 600
30 597
4 597
53 599
24 599
54 570
15 570
16 570
17 570
18 570
29 573
2 573
3 573
4 573
85 600
25 601
75 596
85 602
44 603
32 594
24 594
75 594
26 583
10 583
9 583
53 601
78 599
29 605
3 605
43 569
21 569
38 581
10 581
31 603
76 578
46 605
4 605
65 579
10 579
62 577
65 577
10 577
9 577
8 577
48 577
63 585
8 585
54 607
17 607
18 607
68 583
62 583
59 609
28 588
2 588
53 588
25 588
46 610
5 610
81 602
40 602
18 602
80 571
24 571
85 607
40 607
36 600
18 600
73 597
6 597
46 597
5 597
93 609
88 589
17 589
94 612
10 612
62 612
76 579
12 579
60 605
5 605
6 605
7 605
51 584
5 584
66 580
23 580
70 570
21 570
79 590
23 590
63 613
9 613
8 613
7 613
6 613
60 613
77 574
75 614
27 604
4 604
28 604
3 604
87 616
46 584
6 584
7 584
8 584
9 584
10 584
64 584
94 584
34 584
50 617
92 614
3 614
4 614
91 618
2 618
75 618
92 618
3 618
78 618
83 611
10 611
64 619
88 615
18 615
66 590
24 590
73 605
8 605
9 605
10 605
49 570
23 570
35 586
1 586
63 574
11 574
10 574
9 574
45 593
21 593
34 619
87 615
19 615
20 615
21 615
89 576
24 576
74 616
19 616
18 616
17 616
16 616
15 616
14 616
31 606
41 591
13 591
12 591
11 591
77 591
37 589
20 589
19 589
18 589
90 595
19 595
37 595
20 595
21 595
22 595
23 595
24 595
89 595
38 578
15 578
14 578
34 578
39 603
19 603
44 606
39 606
19 606
18 606
17 606
16 606
15 606
56 617
12 617
83 605
13 605
12 605
11 605
86 584
14 584
13 584
69 569
1 569
2 569
79 569
90 603
20 603
21 603
77 617
13 617
14 617
15 617
34 617
53 618
6 618
50 611
31 589
39 589
25 604
6 604
5 604
58 577
13 577
12 577
86 617
64 578
47 597
9 597
8 597
7 597
53 597
56 611
13 611
12 611
11 611
33 598
42 571
4 571
37 603
51 613
10 613
11 613
12 613
13 613
50 613
29 610
66 569
3 569
4 569
48 585
14 585
57 592
3 592
2 592
1 592
52 582
18 582
17 582
64 582
16 582
15 582
14 582
13 582
12 582
11 582
10 582
9 582
8 582
67 618
55 608
12 608
76 616
54 602
24 602
43 580
4 580
3 580
28 614
9 614
39 622
31 622
22 622
38 616
83 584
16 584
17 584
18 584
76 584
69 580
59 586
7 586
6 586
5 586
43 586
66 586
46 611
85 615
68 612
18 612
17 612
16 612
48 612
70 620
3 620
2 620
1 620
60 608
62 606
33 615
1 615
80 569
7 569
8 569
59 569
50 585
16 585
86 578
18 578
36 593
45 598
2 598
52 616
20 616
21 616
22 616
23 616
26 581
20 581
19 581
18 581
81 607
62 623
19 623
18 623
17 623
16 623
33 593
2 593
1 593
87 593
58 612
72 604
9 604
10 604
67 604
38 584
26 584
89 621
5 621
4 621
3 621
34 581
40 600
65 583
20 583
19 583
42 624
8 624
7 624
6 624
39 616
88 603
1 603
68 606
20 606
63 591
18 591
17 591
58 591
78 597
11 597
28 597
75 597
43 624
49 595
6 595
5 595
4 595
3 595
77 612
90 622
1 622
63 612
19 612
20 612
21 612
26 612
76 612
91 604
11 604
12 604
51 610
15 610
14 610
48 591
19 591
20 591
21 591
68 591
55 611
16 611
15 611
14 611
44 589
1 589
81 595
87 603
2 603
3 603
4 603
5 603
6 603
7 603
8 603
9 603
36 607
4 607
3 607
83 578
20 578
48 578
92 597
13 597
12 597
90 589
2 589
3 589
4 589
81 589
78 604
13 604
92 604
29 608
71 568
30 605
18 605
17 605
16 605
15 605
14 605
93 569
11 569
12 569
13 569
14 569
15 569
16 569
29 569
82 572
5 572
65 606
22 606
62 591
22 591
23 591
24 591
76 591
33 600
82 600
5 600
4 600
3 600
79 586
9 586
53 614
78 614
13 614
84 618
12 618
13 618
14 618
15 618
16 618
17 618
18 618
19 618
40 595
33 595
65 627
81 572
40 572
35 571
11 571
43 603
91 597
73 574
18 574
19 574
20 574
21 574
22 574
23 574
24 574
25 582
78 582
85 598
5 598
4 598
3 598
49 625
91 628
13 628
14 628
62 627
51 608
17 608
80 568
52 584
24 584
33 572
79 603
10 603
11 603
12 603
59 603
61 573
18 573
26 591
66 624
10 624
89 625
9 625
36 589
40 589
33 589
6 589
31 616
3 616
2 616
1 616
77 629
85 572
47 610
17 610
86 581
23 581
22 581
34 606
23 606
24 606
84 597
14 597
64 583
34 583
82 595
7 595
8 595
9 595
10 595
11 595
66 595
45 621
69 586
11 586
49 586
10 586
86 583
24 583
75 604
16 604
15 604
14 604
35 568
13 568
12 568
69 568
11 568
52 591
1 591
79 624
12 624
88 622
6 622
34 630
43 595
12 595
13 595
78 628
16 628
15 628
38 612
80 604
92 626
87 607
81 631
8 631
33 631
67 614
44 598
86 630
66 568
79 568
82 621
33 621
50 623
23 623
30 623
22 623
21 623
45 631
59 597
15 597
27 611
19 611
70 625
11 625
25 632
17 632
89 586
12 586
13 586
14 586
15 586
16 586
17 586
66 634
39 598
94 619
86 619
1 619
62 619
40 621
81 621
9 621
90 600
7 600
6 600
39 600
84 628
17 628
65 619
2 619
3 619
38 619
76 619
88 607
8 607
39 607
7 607
6 607
58 578
46 608
22 608
67 632
85 621
10 621
11 621
12 621
13 621
57 580
14 580
36 572
10 572
9 572
55 573
56 613
48 618
69 624
51 635
22 635
26 619
4 619
5 619
6 619
7 619
8 619
54 615
10 615
36 615
43 568
15 568
14 568
26 637
76 637
4 637
63 629
1 629
78 633
19 633
18 633
17 633
16 633
66 633
15 633
82 631
72 586
18 586
56 618
1 618
79 634
43 634
15 634
14 634
13 634
12 634
45 634
33 634
32 588
19 588
18 588
17 588
16 588
81 615
11 615
12 615
13 615
14 615
15 615
79 615
35 604
17 604
18 604
19 604
20 604
21 604
22 604
23 604
40 631
85 631
36 631
11 631
40 638
33 638
37 622
10 622
9 622
8 622
66 588
59 628
18 628
29 635
23 635
24 635
43 615
66 615
16 615
17 615
64 639
34 639
94 639
84 632
19 632
49 580
15 580
16 580
17 580
18 580
19 580
58 613
2 613
44 600
9 600
63 618
45 638
12 638
11 638
81 638
36 638
79 588
89 568
32 632
20 632
67 586
37 640
11 640
10 640
44 640
57 624
16 624
68 627
5 627
34 627
38 637
6 637
5 637
88 572
11 572
94 627
34 637
46 573
73 623
1 623
46 623
88 643
37 643
12 643
11 643
10 643
9 643
8 643
7 643
41 617
5 617
4 617
3 617
2 617
1 617
55 617
70 621
16 621
15 621
14 621
69 633
68 645
6 645
29 641
38 643
76 643
71 571
20 571
19 571
79 571
34 645
80 597
20 597
64 627
6 627
7 627
76 627
38 627
8 627
9 627
10 627
11 627
12 627
35 615
61 608
2 608
94 637
48 629
90 572
12 572
13 572
14 572
15 572
16 572
17 572
18 572
54 631
14 631
39 640
12 640
13 640
38 646
72 628
22 628
25 628
23 628
44 627
49 568
18 568
83 581
6 581
63 581
71 597
21 597
22 597
23 597
47 611
1 611
42 595
52 612
9 612
8 612
86 639
7 639
6 639
52 647
9 647
30 636
4 636
3 636
59 580
22 580
42 580
21 580
76 646
9 646
74 593
88 593
14 593
13 593
12 593
11 593
10 593
9 593
43 588
20 588
21 588
71 595
80 615
27 644
1 644
41 645
32 597
89 624
42 588
22 588
67 628
24 628
71 615
22 615
59 615
23 615
59 648
23 648
67 648
24 648
45 649
33 649
92 632
93 603
23 603
42 603
22 603
94 645
51 641
3 641
90 640
14 640
15 640
82 634
17 634
56 629
7 629
6 629
5 629
4 629
3 629
48 581
74 640
80 588
23 588
87 619
83 639
8 639
63 639
61 636
5 636
6 636
7 636
8 636
50 642
7 642
66 571
71 603
57 633
21 633
84 586
88 640
91 614
84 614
74 619
78 648
1 648
55 641
5 641
35 595
83 636
9 636
10 636
41 636
47 644
4 644
3 644
2 644
60 569
5 569
83 651
9 651
50 651
8 651
7 651
6 651
5 651
79 572
29 611
5 611
4 611
3 611
2 611
91 611
67 611
93 588
39 627
16 627
74 627
17 627
18 627
45 627
82 627
19 627
20 627
21 627
22 627
32 648
2 648
94 636
63 642
9 642
87 640
17 640
85 638
19 638
81 634
85 634
19 634
18 634
74 634
49 624
22 624
21 624
20 624
45 624
69 627
57 627
23 627
34 636
11 636
73 608
7 608
6 608
5 608
40 649
81 649
89 633
71 652
37 631
18 631
53 582
3 582
2 582
1 582
80 582
68 636
12 636
13 636
14 636
15 636
16 636
78 644
89 653
23 653
57 653
49 633
23 633
35 652
46 617
7 617
71 582
58 618
10 618
33 624
31 598
17 598
44 636
85 649
20 649
19 649
18 649
25 644
55 569
36 621
20 621
19 621
18 621
56 581
75 626
52 646
14 646
13 646
12 646
11 646
63 646
90 598
18 598
19 598
20 598
21 598
22 598
23 598
24 598
65 612
13 612
34 612
74 631
19 631
20 631
21 631
22 631
23 631
24 631
48 639
11 639
10 639
9 639
92 648
39 636
83 642
12 642
86 645
13 645
80 652
2 652
1 652
41 612
90 636
19 636
64 637
13 637
51 629
8 629
9 629
10 629
11 629
12 629
13 629
14 629
15 629
61 641
9 641
8 641
7 641
6 641
54 638
21 638
87 634
20 634
90 634
41 637
14 637
15 637
16 637
17 637
18 637
19 637
20 637
69 653
1 653
74 638
59 588
4 588
42 650
3 650
70 568
66 572
2 572
1 572
64 656
14 656
34 656
41 656
57 631
35 582
76 593
34 659
80 650
4 650
59 650
75 648
7 648
6 648
5 648
4 648
38 647
31 636
20 636
21 636
22 636
26 643
17 643
16 643
15 643
69 631
2 631
66 631
3 631
4 631
52 593
93 650
5 650
6 650
7 650
92 650
37 649
22 649
68 629
16 629
17 629
66 660
3 660
43 571
3 571
77 613
14 613
43 661
3 661
72 615
6 615
62 654
16 654
80 648
83 613
15 613
16 613
84 611
7 611
92 611
8 611
9 611
10 611
41 659
16 659
66 661
4 661
52 629
18 629
67 658
84 658
7 658
74 649
23 649
24 649
28 605
9 605
69 571
4 571
5 571
6 571
7 571
34 654
41 654
17 654
18 654
76 647
19 647
20 647
21 647
22 647
47 608
11 608
91 571
8 571
51 611
12 611
79 661
5 661
52 654
54 636
48 642
16 642
58 581
16 581
17 581
49 653
4 653
55 657
13 657
63 662
48 662
71 588
7 588
8 588
91 588
84 588
67 588
9 588
10 588
11 588
35 648
90 637
24 637
23 637
22 637
64 643
18 643
56 646
85 665
88 619
76 654
20 654
21 654
22 654
23 654
24 654
32 644
10 644
91 644
84 644
74 663
44 621
24 621
23 621
22 621
21 621
26 629
21 629
22 629
23 629
24 629
78 641
32 641
10 641
91 641
62 643
19 643
25 655
32 655
58 662
81 665
2 665
83 659
18 659
69 661
6 661
53 626
11 626
91 626
10 626
32 626
93 658
9 658
42 582
8 582
66 582
7 582
78 655
27 608
13 608
14 608
15 608
16 608
44 629
57 660
35 658
51 657
14 657
32 667
48 646
79 582
39 634
73 639
16 639
76 621
41 581
20 581
78 667
12 667
61 664
16 664
82 624
4 624
85 624
48 669
88 663
2 663
3 663
85 663
40 663
25 626
12 626
59 631
58 646
19 646
20 646
81 624
89 598
7 598
71 648
10 648
11 648
12 648
45 663
60 651
16 651
94 656
21 656
22 656
70 653
7 653
8 653
42 658
10 658
84 641
12 641
13 641
14 641
15 641
16 641
91 668
57 598
8 598
49 661
90 654
63 669
72 571
12 571
32 571
13 571
14 571
79 653
9 653
40 624
5 624
6 624
7 624
8 624
9 624
10 624
89 661
8 661
67 644
13 644
82 663
60 641
17 641
18 641
19 641
20 641
63 641
34 643
94 643
22 643
29 617
93 631
12 631
13 631
64 659
22 659
56 662
21 662
22 662
84 668
71 658
12 658
59 658
13 658
91 658
14 658
80 666
71 666
12 666
59 666
93 666
13 666
91 666
14 666
48 641
41 643
23 643
24 643
64 662
23 662
67 668
14 668
93 668
94 659
23 659
24 659
39 654
4 654
88 654
5 654
33 663
7 663
27 657
17 657
18 657
33 671
83 646
23 646
94 646
25 648
15 648
31 647
4 647
90 647
46 569
19 569
32 658
84 666
73 664
20 664
50 618
22 618
23 618
41 662
94 662
24 662
91 648
77 642
23 642
24 642
94 642
61 651
20 651
82 671
8 671
26 670
2 670
3 670
4 670
31 670
5 670
55 639
20 639
81 663
8 663
9 663
10 663
69 660
12 660
89 660
35 673
80 673
29 657
20 657
21 657
22 657
50 657
23 657
60 617
20 617
21 617
22 617
23 617
63 617
85 671
59 668
15 668
80 668
35 668
57 661
12 661
13 661
14 661
80 661
61 639
21 639
60 639
75 650
17 650
91 650
16 650
92 605
70 663
11 663
46 664
44 634
6 634
53 655
39 647
41 642
1 642
2 642
3 642
71 673
15 673
60 664
21 664
81 671
9 671
45 671
34 646
41 646
1 646
2 646
3 646
4 646
5 646
6 646
38 593
3 593
4 593
5 593
6 593
7 593
29 639
75 605
53 605
18 605
52 621
76 656
52 656
38 656
3 656
4 656
5 656
6 656
7 656
38 674
76 674
44 647
7 647
36 649
10 649
72 644
17 644
25 658
18 658
75 658
56 641
40 671
42 668
71 668
16 668
17 668
35 661
71 661
42 661
16 661
17 661
18 661
86 612
2 612
3 612
4 612
5 612
6 612
7 612
84 648
18 648
19 648
20 648
78 626
19 626
84 626
18 626
17 626
80 626
71 626
42 626
16 626
53 658
19 658
77 657
1 657
63 657
28 667
75 667
53 667
19 667
54 665
10 665
45 665
32 650
19 650
51 569
22 569
62 581
3 581
92 655
20 655
37 619
10 619
85 619
81 619
11 619
53 650
20 650
59 644
18 644
80 644
93 673
59 673
18 673
65 645
4 645
90 670
9 670
10 670
28 650
21 650
22 650
23 650
49 660
15 660
36 671
12 671
13 671
14 671
15 671
83 618
3 618
86 618
87 638
10 638
75 655
21 655
40 665
36 665
12 665
37 670
11 670
91 605
20 605
52 674
6 674
7 674
8 674
9 674
10 674
11 674
84 667
91 667
20 667
93 667
33 665
13 665
14 665
15 665
62 645
5 645
6 645
68 613
48 617
3 617
83 617
55 664
60 650
29 650
70 660
16 660
17 660
79 660
76 645
52 645
56 657
75 677
25 661
32 661
22 661
74 654
12 654
13 654
45 675
89 663
17 663
88 656
74 656
12 656
13 656
81 656
48 657
4 657
83 657
5 657
86 657
28 655
23 655
24 655
49 665
87 670
74 670
91 661
40 675
14 675
30 608
3 608
4 608
42 673
20 673
21 673
36 656
50 678
4 678
63 678
48 678
35 626
20 626
21 626
38 645
8 645
9 645
10 645
11 645
12 645
87 645
41 657
6 657
34 679
86 679
59 667
21 667
90 638
12 638
13 638
14 638
15 638
16 638
17 638
92 677
64 672
34 672
56 678
5 678
93 626
62 657
7 657
60 680
39 646
31 634
12 634
13 634
14 634
40 634
72 668
22 668
23 668
89 665
18 665
19 665
58 669
56 669
5 669
71 644
35 644
21 644
91 673
23 673
67 666
23 666
65 613
8 613
76 613
52 613
38 613
9 613
10 613
11 613
12 613
37 674
14 674
41 679
7 679
65 679
8 679
76 679
52 679
38 679
9 679
10 679
11 679
12 679
80 667
71 667
57 671
19 671
89 671
53 677
24 677
91 677
67 677
23 677
84 661
67 661
23 661
24 661
82 649
16 649
43 660
20 660
21 660
80 660
78 658
24 658
92 668
53 668
79 665
81 675
16 675
86 672
71 660
22 660
23 660
84 660
67 660
66 653
21 653
29 680
3 680
78 668
43 665
21 665
57 665
57 682
20 682
63 683
58 683
56 683
77 608
7 608
64 608
8 608
42 653
22 653
32 666
81 684
33 675
93 644
24 644
41 672
9 672
8 672
71 653
23 653
24 653
84 653
68 657
10 657
70 638
20 638
21 638
85 654
65 681
10 681
56 685
58 685
76 657
11 657
49 671
21 671
62 608
10 608
34 681
41 681
63 685
8 685
7 685
6 685
89 682
90 646
49 682
22 682
69 663
23 663
26 642
13 642
31 679
16 679
39 679
50 669
9 669
8 669
7 669
43 663
24 663
94 581
11 581
90 679
17 679
18 679
19 679
44 646
17 646
88 670
18 670
39 670
44 670
17 670
16 670
15 670
14 670
52 670
92 687
78 687
48 683
10 683
72 673
2 673
28 658
4 658
40 684
20 684
41 689
94 689
53 687
4 687
75 687
76 642
14 642
84 673
3 673
4 673
45 656
85 679
20 679
25 677
54 619
20 619
19 619
44 619
18 619
28 687
5 687
6 687
7 687
8 687
9 687
10 687
48 687
63 687
79 663
68 642
73 651
9 651
74 645
19 645
72 691
87 674
45 679
21 679
22 679
23 679
24 679
35 667
2 667
1 667
36 634
21 634
46 639
8 639
7 639
6 639
81 654
50 683
11 683
12 683
13 683
60 669
30 651
10 651
11 651
58 651
48 651
75 639
94 683
46 669
63 651
12 651
13 651
14 651
74 674
20 674
69 679
1 679
89 679
41 683
14 683
15 683
53 690
6 690
77 672
67 653
5 653
61 685
10 685
42 686
3 686
35 686
76 683
16 683
31 646
20 646
36 654
23 654
78 673
53 673
7 673
59 626
5 626
4 626
3 626
61 692
11 692
71 686
82 675
24 675
58 672
14 672
63 672
72 653
6 653
33 684
46 692
54 634
23 634
74 694
62 693
16 693
52 683
18 683
86 681
16 681
37 645
23 645
85 645
24 645
41 693
56 687
58 687
77 687
15 687
60 692
12 692
13 692
14 692
56 692
58 692
15 692
36 675
26 683
19 683
20 683
21 683
22 683
48 672
40 656
81 645
36 645
40 645
57 638
4 638
78 697
9 697
94 693
17 693
18 693
90 683
23 683
71 698
84 697
52 700
45 654
40 654
1 654
25 690
9 690
62 681
18 681
56 672
16 672
15 672
34 689
18 689
76 700
20 700
