42 177
8 177
35 177
31 176
29 178
21 178
22 178
26 181
53 181
41 181
2 181
36 179
53 179
26 179
41 179
2 179
47 179
25 180
11 180
12 180
54 182
13 182
14 182
15 182
43 178
51 183
17 183
32 176
20 176
21 176
22 176
23 176
38 180
45 188
6 188
7 188
8 188
29 176
24 176
53 190
36 190
41 190
27 178
1 178
2 178
3 178
4 178
53 178
41 178
35 191
12 191
13 191
28 192
19 192
20 192
26 190
5 190
6 190
45 190
7 190
8 190
9 190
10 190
11 190
12 190
47 189
5 189
41 189
53 189
6 189
44 181
6 181
7 181
8 181
26 189
41 193
35 190
14 190
15 190
46 188
11 188
12 188
13 188
14 188
43 194
38 195
18 195
19 195
20 195
21 195
35 188
15 188
16 188
17 188
18 188
25 191
17 191
18 191
19 191
20 191
21 191
30 187
12 187
13 187
44 189
8 189
9 189
10 189
11 189
30 189
12 189
13 189
14 189
15 189
42 190
16 190
17 190
39 186
1 186
2 186
3 186
38 188
19 188
20 188
21 188
22 188
23 188
24 188
33 182
21 182
22 182
23 182
24 182
36 178
9 178
48 183
22 183
23 183
24 183
26 193
36 193
25 190
18 190
19 190
54 180
20 180
21 180
27 194
6 194
7 194
8 194
9 194
41 194
36 194
29 186
4 186
5 186
43 186
27 186
6 186
7 186
8 186
9 186
40 179
9 179
10 179
11 179
12 179
13 179
37 184
5 184
6 184
27 184
35 189
17 189
18 189
32 196
1 196
2 196
31 188
32 188
1 188
2 188
3 188
4 188
52 182
1 182
32 182
39 196
3 196
4 196
5 196
38 190
21 190
22 190
49 185
8 185
9 185
10 185
41 185
45 181
13 181
14 181
15 181
16 181
17 181
18 181
47 178
44 186
11 186
51 191
33 180
24 180
23 180
26 194
36 185
12 185
13 185
45 185
14 185
15 185
16 185
17 185
18 185
19 185
50 177
20 177
21 177
22 177
23 177
40 178
12 178
13 178
35 181
34 192
3 192
4 192
47 186
40 186
13 186
43 184
10 184
11 184
25 189
22 189
23 189
24 189
38 177
24 177
41 186
46 187
19 187
20 187
21 187
22 187
47 197
44 194
15 194
16 194
17 194
29 188
10 188
26 178
28 195
5 195
6 195
36 186
16 186
17 186
18 186
19 186
32 192
7 192
8 192
35 187
23 187
24 187
31 182
7 182
8 182
9 182
10 182
45 194
18 194
19 194
20 194
21 194
22 194
23 194
46 186
20 186
21 186
22 186
23 186
24 186
30 179
20 179
21 179
29 182
11 182
12 182
40 197
16 197
54 190
2 190
3 190
4 190
50 181
24 181
23 181
22 181
21 181
30 181
20 181
36 197
17 197
26 197
35 194
34 195
7 195
50 194
49 184
15 184
16 184
17 184
43 182
26 200
52 195
9 195
32 195
28 199
8 199
9 199
36 200
19 200
20 200
36 201
26 201
19 201
20 201
21 201
22 201
35 202
52 199
10 199
45 200
21 200
22 200
23 200
24 200
50 202
2 202
3 202
4 202
5 202
40 184
44 178
20 178
19 178
18 178
42 185
3 185
50 185
38 202
6 202
27 182
17 182
18 182
19 182
20 182
44 182
47 184
20 184
37 196
16 196
17 196
27 196
46 179
43 196
19 196
20 196
21 196
30 201
1 201
2 201
39 192
15 192
16 192
17 192
40 203
22 203
23 203
35 185
5 185
6 185
25 187
7 187
8 187
47 196
23 196
24 196
53 193
24 193
23 193
26 182
44 184
26 184
24 184
23 184
22 184
46 201
3 201
4 201
5 201
6 201
35 201
44 207
43 208
33 205
12 205
13 205
26 207
32 199
16 199
17 199
28 205
14 205
34 205
15 205
54 202
11 202
12 202
38 187
11 187
49 178
23 178
24 178
50 201
8 201
9 201
49 209
23 209
24 209
51 198
15 198
16 198
27 208
23 208
24 208
52 205
17 205
18 205
36 203
40 196
37 204
22 204
23 204
27 204
53 182
26 203
47 193
2 193
3 193
53 203
3 203
4 203
5 203
6 203
50 211
32 205
19 205
20 205
21 205
22 205
37 205
23 205
24 205
41 197
27 205
36 182
53 197
4 197
5 197
6 197
7 197
35 211
11 211
12 211
54 187
15 187
16 187
17 187
40 193
4 193
5 193
6 193
7 193
8 193
9 193
10 193
11 193
25 201
13 201
14 201
38 201
15 201
29 192
24 192
23 192
22 192
51 187
35 193
12 193
30 203
8 203
9 203
10 203
11 203
12 203
54 201
16 201
17 201
18 201
52 210
21 210
45 206
7 206
8 206
30 206
9 206
10 206
11 206
12 206
13 206
50 193
13 193
14 193
15 193
16 193
35 203
13 203
49 208
3 208
4 208
5 208
31 195
22 195
23 195
24 195
42 211
14 211
15 211
16 211
54 211
17 211
18 211
19 211
20 211
21 211
52 211
22 211
31 211
44 196
6 196
53 196
41 196
50 203
14 203
39 199
24 199
23 199
36 208
53 208
26 196
7 196
26 214
41 208
53 214
38 193
18 193
19 193
42 203
16 203
17 203
18 203
34 210
23 210
24 210
43 204
5 204
6 204
33 202
21 202
22 202
23 202
38 203
19 203
20 203
21 203
31 199
26 208
9 208
44 208
35 215
50 215
17 215
18 215
49 204
7 204
8 204
9 204
53 204
26 204
10 204
47 212
9 212
53 212
26 212
10 212
11 212
51 201
24 201
40 208
10 208
44 204
28 198
45 212
13 212
14 212
15 212
16 212
17 212
18 212
25 206
20 206
21 206
35 212
50 212
19 212
20 212
47 208
11 208
12 208
13 208
32 211
3 211
4 211
5 211
6 211
29 211
7 211
38 206
23 206
24 206
30 213
16 213
17 213
18 213
19 213
39 216
5 216
6 216
7 216
37 211
8 211
9 211
42 215
21 215
22 215
23 215
35 213
29 216
8 216
40 204
13 204
14 204
15 204
16 204
17 204
53 218
36 196
14 196
41 214
46 197
18 197
19 197
20 197
21 197
26 218
30 204
18 204
25 212
23 212
24 212
35 197
22 197
41 218
15 218
42 197
23 197
37 216
11 216
12 216
13 216
25 197
38 215
2 215
3 215
4 215
5 215
28 215
6 215
34 202
7 202
49 216
15 216
16 216
17 216
26 216
40 218
44 218
18 218
19 218
20 218
21 218
53 216
52 219
9 219
31 219
36 214
19 214
40 214
41 216
33 203
32 219
11 219
12 219
39 219
13 219
14 219
44 214
20 214
40 221
20 221
21 221
41 221
53 221
51 215
9 215
10 215
30 218
24 218
23 218
50 213
3 213
4 213
48 190
9 190
38 222
7 222
8 222
9 222
25 213
5 213
6 213
7 213
34 215
12 215
13 215
26 224
41 224
36 216
23 216
24 216
52 215
14 215
31 215
37 225
19 225
20 225
21 225
22 225
23 225
42 220
7 220
45 208
1 208
2 208
44 221
24 221
53 224
40 225
24 225
28 202
14 202
15 202
29 219
19 219
20 219
49 223
22 223
23 223
24 223
41 223
53 225
31 202
16 202
33 222
13 222
14 222
25 220
9 220
10 220
11 220
12 220
13 220
35 227
50 227
8 227
9 227
44 224
47 214
33 220
14 220
53 228
1 228
39 226
19 226
20 226
21 226
28 222
16 222
17 222
41 225
37 219
22 219
23 219
24 219
48 220
15 220
16 220
29 226
22 226
27 211
24 211
49 219
1 219
2 219
3 219
41 219
28 220
19 220
20 220
47 228
4 228
5 228
37 226
53 219
5 219
6 219
7 219
43 217
27 217
2 217
3 217
29 229
36 221
6 221
7 221
8 221
9 221
10 221
11 221
12 221
13 221
50 221
45 219
41 228
6 228
49 217
4 217
5 217
25 227
15 227
16 227
17 227
18 227
19 227
31 222
23 222
24 222
51 227
21 227
39 222
32 215
24 215
44 225
8 225
9 225
10 225
46 204
12 204
52 202
24 202
40 224
8 224
9 224
10 224
11 224
12 224
35 221
16 221
17 221
46 224
13 224
14 224
15 224
16 224
35 224
54 193
20 193
21 193
47 217
9 217
41 217
53 217
38 213
20 213
45 225
12 225
13 225
46 225
14 225
15 225
16 225
17 225
52 232
1 232
2 232
50 224
18 224
19 224
20 224
35 225
50 225
25 230
19 230
20 230
21 230
22 230
23 230
33 230
48 230
24 230
34 220
1 220
2 220
45 234
13 234
14 234
15 234
38 224
22 224
23 224
24 224
33 224
52 220
3 220
4 220
36 228
12 228
13 228
45 228
14 228
15 228
16 228
17 228
18 228
19 228
35 228
46 234
16 234
17 234
18 234
19 234
40 231
53 231
41 231
36 231
12 231
13 231
14 231
50 228
20 228
21 228
35 234
50 234
20 234
21 234
22 234
44 217
48 224
1 224
2 224
3 224
39 220
6 220
25 228
22 228
23 228
24 228
26 223
14 223
15 223
16 223
17 223
46 223
18 223
19 223
20 223
21 223
50 223
42 221
22 221
49 233
12 233
43 233
11 233
51 230
4 230
5 230
6 230
40 217
15 217
36 217
28 227
5 227
6 227
26 217
16 217
17 217
18 217
19 217
20 217
