67 2514 0 100 2.33402e-08 1.09272 1.09272
48 2515 0 100 0.1 1.11383 1.21383
53 2521 0 100 5.83505e-08 1.24765 1.24765
62 2517 0 100 0.1 1.14856 1.24856
43 2519 0 100 0.1 1.16176 1.26176
66 2511 0 100 0.2 1.06381 1.26381
70 2524 0 100 0.1 1.2764 1.3764
73 2513 0 100 0.3 1.09025 1.39025
25 2527 0 100 0.1 1.4402 1.5402
46 2536 0 100 2.33402e-08 1.65766 1.65766
51 2531 0 100 0.1 1.56317 1.66317
56 2537 0 100 1.51711e-07 1.69858 1.69858
33 2542 0 100 5.83505e-08 1.82098 1.82098
84 2532 0 100 0.3 1.57649 1.87649
68 2549 0 100 5.83505e-08 1.98288 1.98288
64 2541 0 100 0.2 1.78736 1.98736
30 2538 0 100 0.3 1.70064 2.00064
72 2556 0 100 2.33402e-08 2.20454 2.20454
55 2550 0 100 0.2 2.00643 2.20643
40 2544 0 100 0.4 1.84769 2.24769
50 2560 0 100 9.33608e-08 2.30197 2.30197
27 2533 0 100 0.8 1.57719 2.37719
34 2546 0 100 0.7 1.8614 2.5614
52 2568 0 100 0.1 2.53971 2.63971
71 2571 0 100 0.1 2.58344 2.68344
59 2564 0 100 0.3 2.38556 2.68556
45 2516 0 100 1.7 1.12755 2.82755
80 2585 0 100 4.66804e-08 2.89397 2.89397
39 2563 0 100 0.6 2.38058 2.98058
54 2559 0 100 0.7 2.29149 2.99149
29 2572 0 100 0.4 2.60167 3.00167
58 2578 0 100 0.3 2.71325 3.01325
35 2552 0 100 0.9 2.11492 3.01492
63 2509 0 100 2 1.02673 3.02673
26 2554 0 100 0.9 2.15364 3.05364
78 2529 0 100 1.6 1.49697 3.09697
41 2539 0 100 1.4 1.73295 3.13295
60 2547 0 100 1.3 1.87889 3.17889
69 2565 0 100 0.9 2.3867 3.2867
37 2573 0 100 0.7 2.65213 3.35213
44 2569 0 100 0.8 2.55269 3.35269
28 2525 0 100 2.1 1.30716 3.40716
74 2561 0 100 1.1 2.34323 3.44323
75 2587 0 100 0.5 2.95101 3.45101
42 2520 0 100 2.5 1.1679 3.6679
31 2512 0 100 2.6 1.06877 3.66877
65 2581 0 100 1 2.80265 3.80265
62 2593 0 100 0.4 3.40499 3.80499
78 2598 0 100 2.33402e-08 3.80547 3.80547
36 2584 0 100 1 2.85756 3.85756
47 2566 0 100 1.5 2.38984 3.88984
84 2601 0 100 0.1 3.90137 4.00137
77 2586 0 100 1.1 2.92993 4.02993
49 2543 0 100 2.3 1.8251 4.1251
32 2557 0 100 1.9 2.2414 4.14141
57 2577 0 100 1.5 2.6877 4.1877
83 2575 0 100 1.6 2.66744 4.26744
81 2576 0 100 1.6 2.68289 4.28289
61 2534 0 100 2.8 1.64454 4.44454
79 2580 0 100 1.7 2.75942 4.45942
48 2600 0 100 0.7 3.88288 4.58288
40 2608 0 100 0.2 4.40899 4.60899
30 2611 0 100 0.3 4.6003 4.9003
51 2622 0 100 4.66804e-08 5.23539 5.23539
56 2623 0 100 5.83505e-08 5.25103 5.25103
67 2621 0 100 0.1 5.16315 5.26315
45 2616 0 100 0.3 4.9825 5.2825
76 2555 0 100 3.3 2.16651 5.46651
38 2523 0 100 4.3 1.25938 5.55938
72 2631 0 100 9.33608e-08 5.73309 5.73309
54 2617 0 100 0.7 5.04043 5.74043
73 2619 0 100 0.7 5.06505 5.76505
39 2635 0 100 0.1 5.8426 5.9426
70 2604 0 100 1.9 4.13376 6.03376
59 2629 0 100 0.5 5.56128 6.06128
66 2625 0 100 0.8 5.27773 6.07773
53 2637 0 100 0.2 5.88121 6.08121
44 2643 0 100 0.4 6.10053 6.50053
78 2639 0 100 0.5 6.00932 6.50932
82 2582 0 100 3.7 2.81762 6.51762
35 2634 0 100 0.8 5.75898 6.55898
55 2659 0 100 0.1 6.48835 6.58835
77 2662 0 100 1.05031e-07 6.59278 6.59278
58 2644 0 100 0.5 6.14903 6.64903
71 2664 0 100 4.66804e-08 6.65908 6.65908
69 2665 0 100 1.16701e-07 6.67473 6.67473
25 2655 0 100 0.3 6.38807 6.68807
29 2649 0 100 0.6 6.22343 6.82343
46 2632 0 100 1.2 5.74202 6.94202
42 2658 0 100 0.6 6.47227 7.07228
43 2648 0 100 0.9 6.19932 7.09932
65 2672 0 100 0.1 7.01907 7.11907
26 2660 0 100 0.7 6.52833 7.22833
37 2669 0 100 0.5 6.90289 7.40289
76 2645 0 100 1.3 6.14909 7.44909
50 2678 0 100 0.3 7.20561 7.50561
79 2670 0 100 0.6 6.93683 7.53683
52 2683 0 100 0.1 7.52397 7.62397
63 2684 0 100 0.1 7.54512 7.64512
62 2651 0 100 1.4 6.26962 7.66962
64 2640 0 100 1.7 6.0434 7.7434
34 2652 0 100 1.5 6.30149 7.80149
27 2654 0 100 1.5 6.3649 7.8649
47 2647 0 100 1.7 6.19138 7.89138
33 2667 0 100 1.1 6.81249 7.91249
80 2673 0 100 0.9 7.04248 7.94248
68 2641 0 100 1.9 6.05162 7.95162
60 2656 0 100 1.6 6.40515 8.00515
61 2676 0 100 0.9 7.15674 8.05674
57 2696 0 100 7.00206e-08 8.15824 8.15824
56 2694 0 100 0.1 8.12112 8.22112
74 2677 0 100 1.1 7.19141 8.29141
66 2697 0 100 0.2 8.16196 8.36196
30 2698 0 100 0.3 8.1739 8.4739
28 2688 0 100 0.8 7.68584 8.48584
31 2690 0 100 0.7 7.7869 8.4869
38 2706 0 100 0.1 8.55934 8.65934
32 2708 0 100 4.66804e-08 8.73157 8.73157
84 2701 0 100 0.5 8.39678 8.89678
59 2703 0 100 0.5 8.51974 9.01974
67 2718 0 100 1.40041e-07 9.09288 9.09288
25 2711 0 100 0.6 8.81295 9.41295
82 2724 0 100 1.40041e-07 9.41672 9.41672
51 2713 0 100 0.6 8.83546 9.43546
41 2686 0 100 2 7.611 9.611
83 2682 0 100 2.2 7.46357 9.66357
81 2704 0 100 1.2 8.53024 9.73024
39 2719 0 100 0.6 9.13223 9.73223
36 2715 0 100 1.1 8.85311 9.95311
48 2710 0 100 1.5 8.77714 10.2771
37 2726 0 100 0.9 9.45284 10.3528
40 2721 0 100 1.2 9.23235 10.4323
73 2743 0 100 0.2 10.289 10.489
65 2744 0 100 0.2 10.3065 10.5065
77 2740 0 100 0.4 10.1167 10.5167
54 2748 0 100 1.28371e-07 10.537 10.537
49 2712 0 100 1.8 8.82855 10.6286
50 2725 0 100 1.2 9.45059 10.6506
53 2753 0 100 1.16701e-07 10.6728 10.6728
63 2756 0 100 9.33608e-08 10.7507 10.7507
45 2735 0 100 0.8 9.96025 10.7602
80 2738 0 100 0.8 10.054 10.854
68 2736 0 100 1 10.0084 11.0084
44 2750 0 100 0.5 10.5835 11.0835
76 2765 0 100 1.40041e-07 11.1692 11.1692
72 2755 0 100 0.5 10.7131 11.2131
64 2762 0 100 0.2 11.1247 11.3247
60 2768 0 100 0.1 11.2904 11.3904
55 2751 0 100 0.8 10.6285 11.4285
78 2772 0 100 0.1 11.4594 11.5594
47 2760 0 100 0.8 10.9538 11.7538
56 2778 0 100 0.1 11.6738 11.7738
67 2773 0 100 0.3 11.5048 11.8048
29 2776 0 100 0.2 11.6216 11.8216
43 2780 0 100 0.1 11.7804 11.8804
26 2784 0 100 1.40041e-07 12.0488 12.0488
58 2754 0 100 1.4 10.7099 12.1099
35 2731 0 100 2.5 9.7343 12.2343
61 2774 0 100 0.9 11.5298 12.4298
75 2746 0 100 2 10.4514 12.4514
52 2781 0 100 0.7 11.7841 12.4841
79 2796 0 100 0.1 12.453 12.553
27 2792 0 100 0.3 12.3354 12.6354
70 2803 0 100 0.1 12.679 12.779
46 2730 0 100 3.1 9.68604 12.786
59 2801 0 100 0.2 12.6626 12.8626
77 2799 0 100 0.3 12.6036 12.9036
57 2791 0 100 0.7 12.3341 13.0341
74 2810 0 100 0.1 13.0431 13.1431
70 2739 0 100 3.1 10.1009 13.2009
82 2809 0 100 0.2 13.0058 13.2058
73 2812 0 100 0.1 13.1087 13.2087
32 2815 0 100 2.33402e-08 13.2111 13.2111
48 2808 0 100 0.3 12.953 13.253
41 2802 0 100 0.6 12.6735 13.2735
30 2818 0 100 1.16701e-07 13.2959 13.2959
69 2766 0 100 2.1 11.1994 13.2994
39 2793 0 100 1 12.3387 13.3387
33 2797 0 100 1.1 12.4689 13.5689
34 2789 0 100 1.4 12.2777 13.6777
28 2817 0 100 0.5 13.2568 13.7568
60 2826 0 100 0.1 13.6743 13.7743
84 2790 0 100 1.6 12.3233 13.9233
66 2804 0 100 1.3 12.7247 14.0247
31 2822 0 100 0.7 13.473 14.173
80 2832 0 100 0.3 13.9427 14.2427
42 2763 0 100 3.1 11.1497 14.2497
40 2836 0 100 0.2 14.1218 14.3218
55 2827 0 100 0.7 13.6782 14.3782
45 2846 0 100 1.16701e-08 14.5106 14.5106
54 2837 0 100 0.4 14.1272 14.5272
38 2813 0 100 1.4 13.1453 14.5453
76 2845 0 100 0.1 14.4757 14.5757
58 2843 0 100 0.2 14.424 14.624
44 2834 0 100 0.6 14.034 14.634
25 2839 0 100 0.5 14.1795 14.6795
27 2852 0 100 1.28371e-07 14.6935 14.6935
65 2848 0 100 0.1 14.6327 14.7327
36 2828 0 100 1 13.7521 14.7521
37 2851 0 100 0.1 14.6855 14.7855
49 2824 0 100 1.2 13.6475 14.8475
71 2858 0 100 9.33608e-08 14.9943 14.9943
52 2856 0 100 0.1 14.8961 14.9961
