61 2180 0 100 0.1 1.03613 1.13613
65 2185 0 100 8.16907e-08 1.22374 1.22374
27 2187 0 100 1.51711e-07 1.2797 1.2797
63 2188 0 100 2.33402e-08 1.28277 1.28277
33 2184 0 100 0.1 1.20781 1.30781
46 2200 0 100 3.50103e-08 1.59046 1.59046
64 2190 0 100 0.4 1.30976 1.70976
71 2199 0 100 0.2 1.55567 1.75567
58 2206 0 100 0.1 1.88829 1.98829
59 2202 0 100 0.3 1.7028 2.0028
69 2191 0 100 0.7 1.34417 2.04417
50 2213 0 100 3.50103e-08 2.07136 2.07136
30 2183 0 100 1 1.15602 2.15602
70 2219 0 100 0.1 2.14597 2.24597
36 2210 0 100 0.3 1.99267 2.29267
49 2217 0 100 0.2 2.13651 2.33651
34 2227 0 100 3.50103e-08 2.35636 2.35636
74 2214 0 100 0.3 2.08314 2.38314
60 2189 0 100 1.1 1.30331 2.40331
45 2216 0 100 0.3 2.12061 2.42061
57 2198 0 100 0.9 1.54912 2.44912
48 2215 0 100 0.4 2.08438 2.48438
47 2237 0 100 3.50103e-08 2.66863 2.66863
25 2235 0 100 0.1 2.5766 2.6766
53 2239 0 100 1.51711e-07 2.76348 2.76348
39 2234 0 100 0.2 2.57142 2.77142
67 2205 0 100 0.9 1.87923 2.77923
68 2225 0 100 0.6 2.30793 2.90793
55 2243 0 100 0.1 2.9245 3.0245
29 2208 0 100 1.1 1.9371 3.0371
56 2221 0 100 0.9 2.16584 3.06584
37 2224 0 100 0.8 2.26668 3.06668
31 2193 0 100 1.7 1.37299 3.07299
73 2220 0 100 1 2.16107 3.16107
62 2245 0 100 0.3 2.95765 3.25765
66 2228 0 100 0.9 2.36401 3.26401
42 2207 0 100 1.4 1.93634 3.33634
26 2231 0 100 0.9 2.4743 3.3743
40 2195 0 100 1.9 1.48369 3.38369
32 2222 0 100 1.2 2.18987 3.38987
43 2248 0 100 0.6 2.98449 3.58449
38 2211 0 100 1.6 1.99595 3.59595
54 2230 0 100 1.3 2.4643 3.7643
65 2257 0 100 0.1 3.68683 3.78683
44 2242 0 100 1 2.90796 3.90796
28 2232 0 100 1.4 2.51073 3.91073
41 2249 0 100 1.2 2.99676 4.19676
51 2247 0 100 1.3 2.96686 4.26686
72 2246 0 100 1.4 2.96018 4.36018
35 2196 0 100 3.4 1.51736 4.91736
69 2263 0 100 0.9 4.07179 4.97179
61 2280 0 100 5.83505e-08 5.05277 5.05277
39 2281 0 100 1.16701e-07 5.10051 5.10051
46 2266 0 100 1.1 4.32572 5.42572
60 2278 0 100 0.5 5.01677 5.51677
47 2284 0 100 0.3 5.24732 5.54732
33 2272 0 100 1 4.56534 5.56534
45 2296 0 100 0.2 5.6367 5.8367
42 2294 0 100 0.3 5.57306 5.87306
52 2240 0 100 3.3 2.78523 6.08523
55 2300 0 100 0.4 5.70917 6.10917
30 2270 0 100 1.6 4.51511 6.11511
49 2288 0 100 0.7 5.42096 6.12096
74 2298 0 100 0.5 5.6517 6.1517
71 2261 0 100 2.2 4.01454 6.21454
36 2299 0 100 0.6 5.65972 6.25972
64 2268 0 100 1.9 4.38692 6.28692
40 2302 0 100 0.5 5.80642 6.30642
66 2311 0 100 5.83505e-08 6.38588 6.38588
57 2291 0 100 0.9 5.52763 6.42763
53 2295 0 100 0.9 5.63243 6.53243
63 2276 0 100 1.6 4.94367 6.54367
27 2293 0 100 1 5.55043 6.55043
56 2310 0 100 0.2 6.37422 6.57422
44 2316 0 100 3.50103e-08 6.61814 6.61814
34 2287 0 100 1.3 5.36215 6.66215
38 2318 0 100 0.1 6.66767 6.76767
32 2323 0 100 4.66804e-08 6.89574 6.89574
73 2285 0 100 1.7 5.25246 6.95246
65 2307 0 100 0.9 6.18138 7.08138
70 2315 0 100 0.5 6.58566 7.08566
72 2327 0 100 0.1 7.02332 7.12332
37 2330 0 100 0.3 7.10358 7.40358
62 2338 0 100 2.33402e-08 7.47081 7.47081
25 2290 0 100 2 5.49559 7.49559
48 2319 0 100 0.8 6.71548 7.51548
67 2313 0 100 1.1 6.48894 7.58894
59 2326 0 100 0.7 6.94727 7.64727
29 2334 0 100 0.3 7.38938 7.68938
28 2342 0 100 0.1 7.73729 7.83729
26 2345 0 100 0.2 7.77018 7.97018
50 2324 0 100 1.3 6.89739 8.19739
58 2321 0 100 1.5 6.79461 8.29461
31 2336 0 100 0.9 7.4352 8.3352
45 2349 0 100 0.5 8.03229 8.53229
51 2360 0 100 0.1 8.57405 8.67405
42 2353 0 100 0.5 8.26068 8.76068
39 2365 0 100 1.16701e-07 8.82773 8.82773
64 2359 0 100 0.3 8.56485 8.86485
54 2340 0 100 1.4 7.61209 9.01209
55 2361 0 100 0.5 8.62259 9.12259
41 2328 0 100 2.4 7.0256 9.4256
61 2371 0 100 0.3 9.19527 9.49527
71 2377 0 100 0.2 9.43119 9.63119
49 2381 0 100 0.1 9.546 9.646
30 2382 0 100 0.1 9.58999 9.68999
46 2355 0 100 1.3 8.43718 9.73718
57 2372 0 100 0.6 9.20538 9.80538
60 2374 0 100 0.7 9.2496 9.9496
44 2388 0 100 9.33608e-08 9.98759 9.98759
52 2357 0 100 1.5 8.50657 10.0066
65 2379 0 100 0.6 9.4759 10.0759
69 2348 0 100 2.1 7.99035 10.0903
56 2393 0 100 4.66804e-08 10.1857 10.1857
67 2394 0 100 0.1 10.2129 10.3129
27 2390 0 100 0.2 10.135 10.335
74 2364 0 100 1.6 8.76109 10.3611
68 2344 0 100 2.7 7.75786 10.4579
43 2335 0 100 3.1 7.3924 10.4924
35 2384 0 100 0.9 9.66849 10.5685
53 2396 0 100 0.3 10.274 10.574
38 2392 0 100 0.4 10.177 10.577
47 2375 0 100 1.6 9.26003 10.86
33 2369 0 100 1.8 9.06475 10.8648
73 2406 0 100 5.83505e-08 10.9118 10.9118
40 2415 0 100 9.33608e-08 11.203 11.203
45 2413 0 100 0.1 11.148 11.248
36 2410 0 100 0.2 11.1114 11.3114
63 2411 0 100 0.2 11.1279 11.3279
32 2421 0 100 3.50103e-08 11.4064 11.4064
66 2420 0 100 0.1 11.3604 11.4604
70 2397 0 100 1.2 10.298 11.498
25 2402 0 100 0.9 10.6352 11.5352
29 2424 0 100 0.1 11.5883 11.6883
42 2433 0 100 1.28371e-07 11.9997 11.9997
72 2398 0 100 1.8 10.3208 12.1208
62 2417 0 100 0.9 11.2653 12.1653
55 2425 0 100 0.6 11.6084 12.2084
37 2430 0 100 0.4 11.928 12.328
28 2414 0 100 1.3 11.1952 12.4952
59 2435 0 100 0.4 12.1097 12.5097
30 2436 0 100 0.5 12.1354 12.6354
26 2447 0 100 0.1 12.7446 12.8446
48 2419 0 100 1.8 11.3587 13.1587
50 2444 0 100 0.7 12.5073 13.2073
74 2456 0 100 1.28371e-07 13.2366 13.2366
43 2452 0 100 0.1 13.1397 13.2397
64 2454 0 100 0.3 13.1797 13.4797
51 2463 0 100 3.50103e-08 13.663 13.663
39 2440 0 100 1.4 12.2941 13.6941
56 2455 0 100 0.5 13.228 13.728
58 2439 0 100 1.5 12.2531 13.7531
41 2466 0 100 0.1 13.7697 13.8697
67 2468 0 100 0.1 13.8526 13.9526
70 2471 0 100 0.1 13.9325 14.0325
68 2473 0 100 0.1 13.9477 14.0477
27 2476 0 100 0.1 14.0499 14.1499
44 2442 0 100 1.8 12.3665 14.1665
49 2477 0 100 0.1 14.0778 14.1778
61 2479 0 100 0.2 14.1647 14.3647
57 2469 0 100 0.5 13.9166 14.4166
31 2432 0 100 2.5 11.9571 14.4571
34 2409 0 100 3.4 11.099 14.499
54 2429 0 100 2.6 11.9243 14.5243
38 2461 0 100 1.2 13.5843 14.7843
46 2489 0 100 0.1 14.6856 14.7856
29 2474 0 100 0.8 14.0245 14.8245
66 2482 0 100 0.4 14.4375 14.8375
65 2491 0 100 0.1 14.7641 14.8641
71 2484 0 100 0.4 14.4757 14.8757
53 2492 0 100 0.1 14.8276 14.9276
55 2494 0 100 0.1 14.8782 14.9782
