31 1232 0 100 0.1 1.36478 1.46478
32 1234 0 100 0.3 1.47281 1.77281
25 1228 0 100 1.1 1.09219 2.19219
26 1236 0 100 0.6 1.61361 2.21361
30 1240 0 100 0.3 1.91871 2.21871
27 1245 0 100 0.1 2.18569 2.28569
33 1242 0 100 0.4 2.01407 2.41407
28 1256 0 100 0.1 2.99861 3.09861
29 1253 0 100 0.3 2.82392 3.12392
34 1248 0 100 1.2 2.39995 3.59995
31 1272 0 100 0.1 4.52539 4.62539
26 1276 0 100 5.83505e-08 4.77373 4.77373
30 1278 0 100 0.2 4.9273 5.1273
32 1289 0 100 0.2 5.75923 5.95923
27 1285 0 100 0.6 5.53247 6.13247
28 1296 0 100 0.9 6.3618 7.2618
30 1309 0 100 0.1 7.37054 7.47054
29 1310 0 100 0.1 7.38899 7.48899
33 1307 0 100 0.3 7.24496 7.54496
34 1318 0 100 0.1 8.05877 8.15877
27 1327 0 100 0.1 8.7553 8.8553
26 1331 0 100 0.5 9.0406 9.5406
31 1336 0 100 0.1 9.5329 9.6329
25 1304 0 100 3.5 7.05827 10.5583
32 1322 0 100 2.8 8.41582 11.2158
33 1356 0 100 0.1 11.2604 11.3604
28 1358 0 100 0.3 11.3888 11.6888
31 1363 0 100 0.2 11.7202 11.9202
30 1353 0 100 0.8 11.1283 11.9283
34 1361 0 100 0.6 11.5663 12.1663
29 1365 0 100 0.6 11.7713 12.3713
27 1377 0 100 0.1 12.7507 12.8507
26 1366 0 100 1.5 11.8296 13.3296
32 1394 0 100 0.1 14.2845 14.3845
