25 1228 1.09219
31 1232 1.36478
32 1234 1.47281
26 1236 1.61361
30 1240 1.91871
33 1242 2.01407
27 1245 2.18569
34 1248 2.39995
29 1253 2.82392
28 1256 2.99861
31 1272 4.52539
26 1276 4.77373
30 1278 4.9273
27 1285 5.53247
32 1289 5.75923
28 1296 6.3618
25 1304 7.05827
33 1307 7.24496
30 1309 7.37054
29 1310 7.38899
34 1318 8.05877
32 1322 8.41582
27 1327 8.7553
26 1331 9.0406
31 1336 9.5329
30 1353 11.1283
33 1356 11.2604
28 1358 11.3888
34 1361 11.5663
31 1363 11.7202
29 1365 11.7713
26 1366 11.8296
27 1377 12.7507
25 1383 13.2666
32 1394 14.2845
30 1401 14.8488
