68 6761 0 100 0.2 2.02089 2.22089
55 6767 0 100 0.1 2.14432 2.24432
107 6763 0 100 0.2 2.06219 2.26219
44 6764 0 100 0.4 2.071 2.471
53 6773 0 100 0.1 2.41081 2.51081
38 6780 0 100 2.33402e-08 2.52718 2.52718
56 6777 0 100 0.1 2.45651 2.55651
41 6778 0 100 0.2 2.48074 2.68074
110 6784 0 100 0.1 2.61513 2.71513
112 6770 0 100 0.6 2.28979 2.88979
34 6771 0 100 0.6 2.3203 2.9203
36 6791 0 100 0.1 2.88412 2.98412
72 6793 0 100 0.1 2.89865 2.99865
48 6779 0 100 0.5 2.52698 3.02698
50 6792 0 100 0.2 2.88701 3.08701
81 6799 0 100 0.1 2.99773 3.09773
33 6794 0 100 0.2 2.91474 3.11474
45 6776 0 100 0.7 2.43937 3.13937
70 6797 0 100 0.2 2.97891 3.17891
67 6802 0 100 0.1 3.08869 3.18869
60 6805 0 100 0.1 3.15212 3.25212
77 6786 0 100 0.6 2.71912 3.31912
100 6795 0 100 0.5 2.92075 3.42075
43 6798 0 100 0.5 2.98981 3.48981
57 6768 0 100 1.3 2.22864 3.52864
82 6815 0 100 0.1 3.49306 3.59306
52 6811 0 100 0.3 3.36981 3.66981
64 6819 0 100 0.1 3.58349 3.68349
102 6816 0 100 0.3 3.5104 3.8104
88 6774 0 100 1.4 2.41189 3.81189
65 6800 0 100 0.8 3.0249 3.8249
26 6826 0 100 0.1 3.78954 3.88954
95 6810 0 100 0.6 3.36823 3.96823
30 6824 0 100 0.3 3.70503 4.00503
83 6823 0 100 0.4 3.64678 4.04678
94 6829 0 100 0.2 3.89123 4.09123
35 6836 0 100 1.28371e-07 4.09876 4.09876
104 6830 0 100 0.3 3.9035 4.2035
90 6806 0 100 1.2 3.15345 4.35345
66 6812 0 100 1 3.40516 4.40516
61 6844 0 100 4.66804e-08 4.40723 4.40723
114 6847 0 100 0.1 4.45469 4.55469
31 6852 0 100 5.83505e-08 4.57796 4.57796
47 6820 0 100 1 3.59 4.59
111 6765 0 100 2.5 2.12202 4.62202
49 6832 0 100 0.7 4.00186 4.70186
39 6783 0 100 2.1 2.60389 4.70389
106 6781 0 100 2.2 2.53045 4.73045
32 6804 0 100 1.6 3.14028 4.74028
113 6857 0 100 0.1 4.70616 4.80616
87 6841 0 100 0.5 4.31603 4.81603
75 6839 0 100 0.6 4.23228 4.83228
89 6864 0 100 1.51711e-07 4.84632 4.84632
51 6851 0 100 0.4 4.54384 4.94384
76 6868 0 100 2.33402e-08 4.97099 4.97099
71 6827 0 100 1.2 3.82073 5.02073
78 6814 0 100 1.6 3.45948 5.05948
108 6869 0 100 0.1 4.97136 5.07136
84 6865 0 100 0.2 4.91856 5.11856
59 6858 0 100 0.4 4.71991 5.11991
25 6817 0 100 1.6 3.52095 5.12095
96 6788 0 100 2.3 2.8247 5.1247
62 6833 0 100 1.1 4.03125 5.13125
56 6871 0 100 0.1 5.03135 5.13135
73 6843 0 100 0.8 4.35441 5.15441
28 6861 0 100 0.4 4.82385 5.22385
112 6873 0 100 0.2 5.10261 5.30261
40 6876 0 100 8.16907e-08 5.31939 5.31939
74 6854 0 100 0.7 4.63359 5.33359
92 6809 0 100 2 3.35293 5.35293
98 6870 0 100 0.4 4.99346 5.39346
93 6821 0 100 1.8 3.62699 5.42699
44 6883 0 100 1.51711e-07 5.64412 5.64412
58 6860 0 100 0.9 4.77158 5.67158
107 6853 0 100 1.2 4.61277 5.81277
81 6886 0 100 1.05031e-07 5.81622 5.81622
63 6887 0 100 9.33608e-08 5.82369 5.82369
99 6846 0 100 1.4 4.45077 5.85077
53 6878 0 100 0.5 5.41846 5.91846
105 6862 0 100 1.1 4.82396 5.92396
106 6889 0 100 0.1 5.87357 5.97357
111 6890 0 100 0.1 5.87786 5.97786
69 6849 0 100 1.6 4.49054 6.09054
55 6894 0 100 1.28371e-07 6.10534 6.10534
45 6895 0 100 1.05031e-07 6.11325 6.11325
57 6893 0 100 0.1 6.06108 6.16108
42 6866 0 100 1.3 4.93166 6.23166
25 6897 0 100 0.1 6.17181 6.27181
40 6790 0 100 3.5 2.84184 6.34184
37 6848 0 100 1.9 4.46153 6.36153
79 6835 0 100 2.3 4.09232 6.39232
35 6907 0 100 2.33402e-08 6.4569 6.4569
62 6900 0 100 0.4 6.23386 6.63386
48 6905 0 100 0.4 6.39765 6.79765
39 6916 0 100 3.50103e-08 6.81632 6.81632
77 6911 0 100 0.3 6.62204 6.92204
54 6921 0 100 2.33402e-08 7.03662 7.03662
43 6898 0 100 0.9 6.19235 7.09235
46 6923 0 100 4.66804e-08 7.0996 7.0996
70 6880 0 100 1.7 5.46784 7.16784
52 6884 0 100 1.5 5.70648 7.20648
107 6932 0 100 1.16701e-08 7.23924 7.23924
68 6910 0 100 0.7 6.56567 7.26567
110 6919 0 100 0.4 6.9667 7.3667
103 6938 0 100 7.00206e-08 7.44567 7.44567
38 6935 0 100 0.1 7.43805 7.53805
29 6924 0 100 0.5 7.11021 7.61021
102 6899 0 100 1.4 6.2282 7.6282
67 6944 0 100 1.28371e-07 7.65069 7.65069
41 6945 0 100 5.83505e-08 7.66439 7.66439
46 6838 0 100 3.5 4.21818 7.71818
90 6948 0 100 1.05031e-07 7.75965 7.75965
61 6908 0 100 1.3 6.47598 7.77598
95 6942 0 100 0.3 7.62261 7.92261
93 6940 0 100 0.5 7.46785 7.96785
26 6913 0 100 1.4 6.63236 8.03236
56 6953 0 100 0.1 7.94107 8.04107
80 6856 0 100 3.4 4.67795 8.07795
60 6925 0 100 1 7.11631 8.11631
111 6952 0 100 0.2 7.93876 8.13876
104 6902 0 100 1.9 6.25101 8.15101
83 6927 0 100 1 7.16114 8.16114
109 6955 0 100 0.1 8.08369 8.18369
45 6962 0 100 9.33608e-08 8.24395 8.24395
57 6958 0 100 0.1 8.17913 8.27913
50 6929 0 100 1.1 7.20262 8.30262
114 6930 0 100 1.1 7.23605 8.33605
73 6956 0 100 0.2 8.13786 8.33786
30 6966 0 100 8.16907e-08 8.40493 8.40493
89 6937 0 100 1 7.43949 8.43949
86 6964 0 100 0.1 8.37739 8.47739
75 6965 0 100 0.1 8.38442 8.48442
36 6946 0 100 0.8 7.70007 8.50007
88 6920 0 100 1.6 6.98941 8.58941
51 6970 0 100 3.50103e-08 8.64354 8.64354
34 6903 0 100 2.4 6.29415 8.69415
101 6912 0 100 2.1 6.62258 8.72258
84 6939 0 100 1.3 7.44604 8.74604
87 6984 0 100 2.33402e-08 9.05984 9.05984
97 6979 0 100 0.1 8.98949 9.08949
110 6991 0 100 8.16907e-08 9.22814 9.22814
44 6982 0 100 0.2 9.03739 9.23739
27 6933 0 100 2 7.28904 9.28904
92 6949 0 100 1.5 7.81707 9.31707
106 6990 0 100 0.2 9.15548 9.35548
71 6985 0 100 0.3 9.06023 9.36023
107 6993 0 100 0.1 9.298 9.398
32 6974 0 100 0.6 8.80438 9.40438
76 6996 0 100 0.1 9.3577 9.4577
78 6987 0 100 0.4 9.08908 9.48908
82 6959 0 100 1.3 8.19046 9.49046
85 7001 0 100 1.28371e-07 9.54168 9.54168
104 6986 0 100 0.5 9.06298 9.56298
43 6977 0 100 0.7 8.90909 9.60909
72 6928 0 100 2.5 7.17154 9.67154
42 6994 0 100 0.4 9.31538 9.71538
37 6989 0 100 0.6 9.14001 9.74001
99 6976 0 100 0.9 8.88101 9.78101
83 7007 0 100 0.1 9.76787 9.86787
113 6973 0 100 1.2 8.7711 9.9711
35 6981 0 100 1 9.01127 10.0113
59 6997 0 100 0.7 9.38637 10.0864
112 7011 0 100 0.3 9.88924 10.1892
103 7013 0 100 0.3 9.92972 10.2297
39 7009 0 100 0.4 9.85641 10.2564
34 7023 0 100 7.00206e-08 10.3264 10.3264
63 7025 0 100 0.1 10.3888 10.4888
89 7021 0 100 0.2 10.3144 10.5144
84 7026 0 100 0.1 10.4377 10.5377
25 7004 0 100 0.9 9.64615 10.5462
41 7032 0 100 0.1 10.609 10.709
53 7022 0 100 0.4 10.3188 10.7188
33 7029 0 100 0.3 10.5175 10.8175
72 7041 0 100 1.16701e-07 10.818 10.818
55 7016 0 100 0.9 9.94493 10.8449
79 6980 0 100 1.9 9.00236 10.9024
93 7039 0 100 0.1 10.8075 10.9075
113 7040 0 100 0.1 10.8107 10.9107
58 7002 0 100 1.3 9.61129 10.9113
108 7015 0 100 1 9.94456 10.9446
26 7031 0 100 0.4 10.5566 10.9566
47 7036 0 100 0.3 10.7081 11.0081
77 7028 0 100 0.6 10.4678 11.0678
38 7006 0 100 1.4 9.75854 11.1585
40 7019 0 100 1 10.1693 11.1693
49 7033 0 100 0.6 10.6341 11.2341
30 7044 0 100 0.5 10.8709 11.3709
94 6960 0 100 3.2 8.20531 11.4053
29 7058 0 100 0.1 11.4696 11.5696
111 7038 0 100 0.9 10.761 11.661
62 7010 0 100 1.8 9.87449 11.6745
57 7050 0 100 0.5 11.2154 11.7154
50 7072 0 100 2.33402e-08 11.7315 11.7315
80 7035 0 100 1.1 10.6438 11.7438
87 7070 0 100 0.1 11.6665 11.7665
88 7052 0 100 0.5 11.2807 11.7807
75 7071 0 100 0.1 11.7271 11.8271
81 6998 0 100 2.6 9.39179 11.9918
28 7012 0 100 2.1 9.90312 12.0031
45 7061 0 100 0.5 11.5243 12.0243
78 7066 0 100 0.4 11.6304 12.0304
68 7069 0 100 0.4 11.6482 12.0482
36 7057 0 100 0.6 11.4663 12.0663
32 7054 0 100 0.8 11.3169 12.1169
95 7078 0 100 0.1 12.0683 12.1683
101 7049 0 100 1.1 11.1926 12.2926
107 7067 0 100 0.7 11.6345 12.3345
64 7088 0 100 5.83505e-08 12.3408 12.3408
60 7081 0 100 0.2 12.1428 12.3428
90 7086 0 100 0.1 12.2547 12.3547
91 7083 0 100 0.2 12.186 12.386
86 7091 0 100 1.40041e-07 12.4756 12.4756
82 7053 0 100 1.2 11.2932 12.4932
31 7064 0 100 1 11.5435 12.5435
73 7082 0 100 0.4 12.1671 12.5671
102 7060 0 100 1.1 11.4886 12.5886
100 7059 0 100 1.2 11.4723 12.6723
61 7099 0 100 0.1 12.706 12.806
38 7093 0 100 0.3 12.5428 12.8428
96 7065 0 100 1.3 11.5508 12.8508
105 7098 0 100 0.2 12.6939 12.8939
97 7075 0 100 1 11.9311 12.9311
99 7084 0 100 0.7 12.2347 12.9347
53 7094 0 100 0.4 12.5738 12.9738
79 7089 0 100 0.6 12.3794 12.9794
25 7109 0 100 5.83505e-08 13.0531 13.0531
84 7110 0 100 1.40041e-07 13.0943 13.0943
35 7107 0 100 0.2 12.9762 13.1762
109 7104 0 100 0.3 12.9152 13.2152
94 7079 0 100 1.2 12.1048 13.3048
37 7118 0 100 0.1 13.428 13.528
65 7115 0 100 0.2 13.343 13.543
76 7124 0 100 1.05031e-07 13.6266 13.6266
27 7062 0 100 2.1 11.5357 13.6357
70 6971 0 100 5 8.68521 13.6852
48 7129 0 100 1.40041e-07 13.7477 13.7477
32 7126 0 100 0.1 13.7041 13.8041
51 7102 0 100 1 12.8096 13.8096
40 7130 0 100 0.1 13.7608 13.8608
108 7097 0 100 1.2 12.6673 13.8673
96 7137 0 100 1.40041e-07 13.9247 13.9247
75 7134 0 100 0.1 13.8802 13.9802
59 7121 0 100 0.5 13.4854 13.9854
106 7095 0 100 1.4 12.587 13.987
110 7113 0 100 0.7 13.2941 13.9941
68 7139 0 100 1.40041e-07 14.0212 14.0212
55 7123 0 100 0.5 13.5771 14.0771
29 7131 0 100 0.3 13.7919 14.0919
30 7117 0 100 0.7 13.4102 14.1102
103 7149 0 100 5.83505e-08 14.2478 14.2478
80 7150 0 100 9.33608e-08 14.2588 14.2588
89 7147 0 100 0.2 14.2013 14.4013
62 7157 0 100 0.1 14.3917 14.4917
27 7158 0 100 0.1 14.3993 14.4993
28 7160 0 100 0.1 14.4107 14.5107
113 7140 0 100 0.5 14.0279 14.5279
102 7151 0 100 0.3 14.2618 14.5618
39 7153 0 100 0.3 14.3085 14.6085
112 7142 0 100 0.6 14.0425 14.6425
31 7154 0 100 0.5 14.3133 14.8133
92 7106 0 100 1.9 12.9474 14.8474
74 7101 0 100 2.1 12.7549 14.8549
114 7146 0 100 0.7 14.1732 14.8732
91 7165 0 100 0.1 14.775 14.875
45 7171 0 100 1.16701e-08 14.9411 14.9411
58 7144 0 100 0.9 14.0454 14.9454
85 7136 0 100 1.1 13.8949 14.9949
