0 4560
0 4561
0 4562
0 4563
0 4564
0 4565
0 4566
0 4567
0 4568
0 4569
0 4570
0 4571
0 4572
0 4573
0 4574
0 4575
0 4576
0 4577
0 4578
0 4579
0 4580
0 4581
0 4583
0 4584
0 4586
0 4587
0 4589
44 4588
21 4588
22 4588
23 4588
24 4588
38 4585
22 4585
23 4585
24 4585
0 4590
0 4592
25 4582
8 4582
7 4582
6 4582
5 4582
4 4582
3 4582
2 4582
1 4582
0 4593
0 4595
26 4594
1 4594
0 4597
0 4598
28 4591
36 4596
0 4599
0 4600
39 4601
4 4601
3 4601
2 4601
1 4601
31 4596
0 4602
26 4596
4 4596
3 4596
2 4596
1 4596
0 4604
31 4603
4 4603
3 4603
2 4603
1 4603
0 4605
0 4607
27 4606
3 4606
2 4606
1 4606
37 4608
23 4608
24 4608
0 4609
0 4611
0 4612
0 4614
0 4615
30 4613
0 4618
34 4616
15 4616
16 4616
17 4616
18 4616
19 4616
20 4616
21 4616
22 4616
23 4616
24 4616
0 4619
0 4620
0 4625
32 4610
12 4610
11 4610
10 4610
9 4610
8 4610
7 4610
6 4610
5 4610
4 4610
3 4610
2 4610
1 4610
0 4626
40 4621
20 4621
21 4621
22 4621
23 4621
24 4621
0 4627
0 4628
0 4629
0 4630
0 4631
0 4632
26 4633
0 4634
36 4633
35 4623
12 4623
11 4623
10 4623
9 4623
8 4623
7 4623
6 4623
5 4623
4 4623
3 4623
2 4623
1 4623
0 4636
0 4637
41 4591
0 4638
0 4639
0 4640
0 4641
29 4624
18 4624
19 4624
20 4624
21 4624
22 4624
23 4624
24 4624
0 4642
43 4617
14 4617
15 4617
16 4617
17 4617
18 4617
19 4617
20 4617
21 4617
22 4617
23 4617
24 4617
0 4643
31 4633
17 4633
18 4633
19 4633
20 4633
21 4633
22 4633
23 4633
24 4633
0 4645
0 4647
39 4646
19 4646
20 4646
21 4646
22 4646
23 4646
24 4646
0 4648
42 4613
21 4613
22 4613
23 4613
24 4613
0 4649
0 4650
33 4622
13 4622
14 4622
15 4622
16 4622
17 4622
18 4622
19 4622
20 4622
21 4622
22 4622
23 4622
24 4622
0 4651
0 4653
36 4652
0 4657
0 4658
44 4656
18 4656
19 4656
20 4656
21 4656
22 4656
23 4656
24 4656
0 4660
28 4635
8 4635
7 4635
6 4635
5 4635
4 4635
3 4635
2 4635
1 4635
34 4659
4 4659
3 4659
2 4659
1 4659
0 4661
0 4663
38 4654
20 4654
21 4654
22 4654
23 4654
24 4654
30 4662
0 4664
37 4644
16 4644
17 4644
18 4644
19 4644
20 4644
21 4644
22 4644
23 4644
24 4644
0 4665
0 4666
0 4668
0 4670
0 4671
0 4672
0 4673
0 4674
0 4676
0 4677
31 4655
3 4655
2 4655
1 4655
0 4678
0 4679
0 4680
32 4669
7 4669
6 4669
5 4669
4 4669
3 4669
2 4669
1 4669
0 4681
0 4682
25 4667
13 4667
14 4667
15 4667
16 4667
17 4667
18 4667
19 4667
20 4667
21 4667
22 4667
23 4667
24 4667
0 4683
0 4686
0 4687
0 4689
26 4652
7 4652
6 4652
5 4652
4 4652
3 4652
2 4652
1 4652
0 4690
0 4691
39 4685
9 4685
8 4685
7 4685
6 4685
5 4685
4 4685
3 4685
2 4685
1 4685
33 4693
2 4693
1 4693
0 4695
36 4684
40 4692
19 4692
20 4692
21 4692
22 4692
23 4692
24 4692
0 4697
42 4662
12 4662
11 4662
10 4662
9 4662
8 4662
7 4662
6 4662
5 4662
4 4662
3 4662
2 4662
1 4662
27 4675
7 4675
6 4675
5 4675
4 4675
3 4675
2 4675
1 4675
0 4698
38 4696
7 4696
6 4696
5 4696
4 4696
3 4696
2 4696
1 4696
0 4699
29 4700
12 4700
11 4700
10 4700
9 4700
8 4700
7 4700
6 4700
5 4700
4 4700
3 4700
2 4700
1 4700
0 4701
35 4688
9 4688
8 4688
7 4688
6 4688
5 4688
4 4688
3 4688
2 4688
1 4688
26 4684
10 4684
9 4684
8 4684
7 4684
6 4684
5 4684
4 4684
3 4684
2 4684
1 4684
0 4702
0 4704
0 4705
34 4694
19 4694
20 4694
21 4694
22 4694
23 4694
24 4694
0 4707
0 4709
42 4708
16 4708
17 4708
18 4708
19 4708
20 4708
21 4708
22 4708
23 4708
24 4708
0 4710
0 4712
28 4706
0 4713
0 4714
43 4715
12 4715
11 4715
10 4715
9 4715
8 4715
7 4715
6 4715
5 4715
4 4715
3 4715
2 4715
1 4715
0 4717
30 4716
0 4718
0 4719
0 4721
0 4722
41 4703
44 4711
14 4711
15 4711
16 4711
17 4711
18 4711
19 4711
20 4711
21 4711
22 4711
23 4711
24 4711
0 4723
0 4724
42 4716
21 4716
22 4716
23 4716
24 4716
0 4726
0 4727
0 4728
32 4725
22 4725
23 4725
24 4725
0 4729
0 4731
0 4732
37 4720
14 4720
15 4720
16 4720
17 4720
18 4720
19 4720
20 4720
21 4720
22 4720
23 4720
24 4720
0 4733
0 4734
0 4735
0 4736
28 4703
9 4703
8 4703
7 4703
6 4703
5 4703
4 4703
3 4703
2 4703
1 4703
26 4737
0 4738
27 4739
21 4739
22 4739
23 4739
24 4739
0 4740
0 4741
0 4742
0 4744
36 4737
0 4745
0 4746
0 4747
0 4750
29 4749
4 4749
3 4749
2 4749
1 4749
0 4753
0 4754
36 4755
3 4755
2 4755
1 4755
0 4756
0 4758
44 4751
1 4751
0 4759
33 4748
23 4748
24 4748
28 4752
0 4760
0 4761
0 4764
39 4765
7 4765
6 4765
5 4765
4 4765
3 4765
2 4765
1 4765
41 4752
17 4752
18 4752
19 4752
20 4752
21 4752
22 4752
23 4752
24 4752
25 4757
14 4757
15 4757
16 4757
17 4757
18 4757
19 4757
20 4757
21 4757
22 4757
23 4757
24 4757
0 4766
0 4768
0 4770
35 4762
6 4762
5 4762
4 4762
3 4762
2 4762
1 4762
0 4771
42 4767
