68 6761 2.02089
107 6763 2.06219
44 6764 2.071
111 6765 2.12202
55 6767 2.14432
57 6768 2.22864
112 6770 2.28979
34 6771 2.3203
53 6773 2.41081
88 6774 2.41189
45 6776 2.43937
56 6777 2.45651
41 6778 2.48074
48 6779 2.52698
38 6780 2.52718
106 6781 2.53045
39 6783 2.60389
110 6784 2.61513
77 6786 2.71912
96 6788 2.8247
40 6790 2.84184
36 6791 2.88412
50 6792 2.88701
72 6793 2.89865
33 6794 2.91474
100 6795 2.92075
70 6797 2.97891
43 6798 2.98981
81 6799 2.99773
65 6800 3.0249
67 6802 3.08869
32 6804 3.14028
60 6805 3.15212
90 6806 3.15345
92 6809 3.35293
95 6810 3.36823
52 6811 3.36981
66 6812 3.40516
78 6814 3.45948
82 6815 3.49306
102 6816 3.5104
25 6817 3.52095
64 6819 3.58349
47 6820 3.59
93 6821 3.62699
83 6823 3.64678
30 6824 3.70503
26 6826 3.78954
71 6827 3.82073
94 6829 3.89123
104 6830 3.9035
49 6832 4.00186
62 6833 4.03125
79 6835 4.09232
35 6836 4.09876
46 6838 4.21818
75 6839 4.23228
87 6841 4.31603
73 6843 4.35441
61 6844 4.40723
99 6846 4.45077
114 6847 4.45469
37 6848 4.46153
69 6849 4.49054
51 6851 4.54384
31 6852 4.57796
107 6853 4.61277
74 6854 4.63359
80 6856 4.67795
113 6857 4.70616
59 6858 4.71991
58 6860 4.77158
28 6861 4.82385
105 6862 4.82396
89 6864 4.84632
84 6865 4.91856
42 6866 4.93166
76 6868 4.97099
108 6869 4.97136
98 6870 4.99346
56 6871 5.03135
112 6873 5.10261
40 6876 5.31939
53 6878 5.41846
70 6880 5.46784
44 6883 5.64412
52 6884 5.70648
81 6886 5.81622
63 6887 5.82369
106 6889 5.87357
111 6890 5.87786
57 6893 6.06108
55 6894 6.10534
45 6895 6.11325
25 6897 6.17181
43 6898 6.19235
102 6899 6.2282
62 6900 6.23386
104 6902 6.25101
34 6903 6.29415
48 6905 6.39765
35 6907 6.4569
61 6908 6.47598
68 6910 6.56567
77 6911 6.62204
101 6912 6.62258
26 6913 6.63236
39 6916 6.81632
110 6919 6.9667
88 6920 6.98941
54 6921 7.03662
46 6923 7.0996
29 6924 7.11021
60 6925 7.11631
83 6927 7.16114
72 6928 7.17154
50 6929 7.20262
114 6930 7.23605
107 6932 7.23924
27 6933 7.28904
38 6935 7.43805
89 6937 7.43949
103 6938 7.44567
84 6939 7.44604
93 6940 7.46785
95 6942 7.62261
67 6944 7.65069
41 6945 7.66439
36 6946 7.70007
90 6948 7.75965
92 6949 7.81707
111 6952 7.93876
56 6953 7.94107
109 6955 8.08369
73 6956 8.13786
57 6958 8.17913
82 6959 8.19046
94 6960 8.20531
45 6962 8.24395
86 6964 8.37739
75 6965 8.38442
30 6966 8.40493
51 6970 8.64354
70 6971 8.68521
113 6973 8.7711
32 6974 8.80438
99 6976 8.88101
43 6977 8.90909
97 6979 8.98949
79 6980 9.00236
35 6981 9.01127
44 6982 9.03739
87 6984 9.05984
71 6985 9.06023
104 6986 9.06298
78 6987 9.08908
37 6989 9.14001
106 6990 9.15548
110 6991 9.22814
107 6993 9.298
42 6994 9.31538
76 6996 9.3577
59 6997 9.38637
81 6998 9.39179
85 7001 9.54168
58 7002 9.61129
25 7004 9.64615
38 7006 9.75854
83 7007 9.76787
39 7009 9.85641
62 7010 9.87449
112 7011 9.88924
28 7012 9.90312
103 7013 9.92972
108 7015 9.94456
55 7016 9.94493
40 7019 10.1693
89 7021 10.3144
53 7022 10.3188
34 7023 10.3264
63 7025 10.3888
84 7026 10.4377
77 7028 10.4678
33 7029 10.5175
26 7031 10.5566
41 7032 10.609
49 7033 10.6341
80 7035 10.6438
47 7036 10.7081
111 7038 10.761
93 7039 10.8075
113 7040 10.8107
72 7041 10.818
65 7042 10.8332
30 7044 10.8709
52 7045 10.9154
101 7049 11.1926
57 7050 11.2154
88 7052 11.2807
82 7053 11.2932
32 7054 11.3169
36 7057 11.4663
29 7058 11.4696
100 7059 11.4723
102 7060 11.4886
45 7061 11.5243
27 7062 11.5357
31 7064 11.5435
96 7065 11.5508
78 7066 11.6304
107 7067 11.6345
68 7069 11.6482
87 7070 11.6665
75 7071 11.7271
50 7072 11.7315
97 7075 11.9311
95 7078 12.0683
94 7079 12.1048
60 7081 12.1428
73 7082 12.1671
91 7083 12.186
99 7084 12.2347
90 7086 12.2547
64 7088 12.3408
79 7089 12.3794
86 7091 12.4756
38 7093 12.5428
53 7094 12.5738
106 7095 12.587
108 7097 12.6673
105 7098 12.6939
61 7099 12.706
74 7101 12.7549
51 7102 12.8096
109 7104 12.9152
92 7106 12.9474
35 7107 12.9762
25 7109 13.0531
84 7110 13.0943
110 7113 13.2941
65 7115 13.343
70 7116 13.3703
30 7117 13.4102
37 7118 13.428
44 7120 13.4559
59 7121 13.4854
55 7123 13.5771
76 7124 13.6266
32 7126 13.7041
71 7127 13.719
48 7129 13.7477
40 7130 13.7608
29 7131 13.7919
26 7132 13.8154
75 7134 13.8802
33 7135 13.8927
85 7136 13.8949
96 7137 13.9247
68 7139 14.0212
113 7140 14.0279
112 7142 14.0425
83 7143 14.0438
58 7144 14.0454
114 7146 14.1732
89 7147 14.2013
103 7149 14.2478
80 7150 14.2588
102 7151 14.2618
57 7152 14.2944
39 7153 14.3085
31 7154 14.3133
63 7155 14.3324
62 7157 14.3917
27 7158 14.3993
43 7159 14.4074
28 7160 14.4107
91 7165 14.775
81 7166 14.7794
72 7168 14.862
47 7169 14.8683
45 7171 14.9411
