30 4400 0 100 0.5 2.12006 2.62006
34 4409 0 100 8.16907e-08 2.74411 2.74411
28 4402 0 100 0.7 2.25965 2.95965
29 4426 0 100 0.1 4.10221 4.20221
26 4422 0 100 0.5 3.85763 4.35763
25 4429 0 100 0.2 4.2954 4.4954
32 4407 0 100 2.6 2.62779 5.22779
31 4432 0 100 1.1 4.56078 5.66078
27 4437 0 100 1.9 4.89233 6.79234
33 4418 0 100 3.3 3.56033 6.86033
30 4447 0 100 1.1 5.78804 6.88804
25 4462 0 100 1.40041e-07 7.2093 7.2093
34 4463 0 100 0.1 7.27781 7.37781
29 4475 0 100 5.83505e-08 8.25808 8.25808
31 4487 0 100 0.1 9.16307 9.26307
32 4480 0 100 1.2 8.59338 9.79338
27 4498 0 100 0.2 10.0268 10.2268
34 4494 0 100 0.6 9.72787 10.3279
28 4471 0 100 2.8 7.95678 10.7568
30 4510 0 100 1.51711e-07 11.0534 11.0534
29 4504 0 100 1.1 10.5048 11.6048
25 4518 0 100 9.33608e-08 11.6107 11.6107
31 4535 0 100 0.2 13.24 13.44
33 4512 0 100 2.7 11.0896 13.7896
32 4542 0 100 1.05031e-07 13.8333 13.8333
27 4548 0 100 5.83505e-08 14.1798 14.1798
26 4486 0 100 5.3 9.15469 14.4547
34 4550 0 100 0.1 14.372 14.472
28 4544 0 100 0.6 13.9509 14.5509
29 4556 0 100 0.1 14.8552 14.9552
