43 513
68 513
16 513
51 513
45 517
22 517
49 517
73 513
87 518
38 515
19 515
62 515
53 515
86 515
34 515
18 515
52 519
32 519
50 520
67 520
27 520
84 520
88 521
28 521
29 516
2 516
77 517
23 517
80 522
13 522
26 514
3 514
25 518
21 518
22 518
51 515
78 516
31 524
9 524
10 524
39 524
49 525
45 525
57 524
28 526
1 526
42 526
93 527
23 527
24 527
49 527
77 525
36 520
18 520
73 515
21 515
22 515
45 527
64 524
11 524
57 532
64 532
11 532
12 532
76 517
1 517
42 517
2 517
29 514
5 514
75 520
70 530
17 530
28 517
58 519
8 519
9 519
37 519
10 519
33 534
11 534
12 534
53 537
86 537
34 537
54 521
3 521
40 538
32 531
94 524
74 539
4 539
28 539
66 526
3 526
4 526
55 526
51 537
56 529
44 523
58 531
9 531
47 541
24 541
69 542
11 542
83 518
1 518
72 523
10 523
32 523
58 523
66 544
4 544
5 544
25 541
42 521
4 521
49 521
89 528
15 528
14 528
13 528
77 527
3 527
63 527
42 527
4 527
94 540
13 540
40 544
6 544
91 513
24 513
34 513
53 513
37 542
12 542
13 542
14 542
15 542
16 542
17 542
18 542
54 539
5 539
46 533
26 516
8 516
33 524
13 524
37 524
12 524
89 533
16 533
15 533
14 533
66 527
5 527
59 538
7 538
29 538
8 538
9 538
10 538
52 523
11 523
12 523
84 546
22 546
36 546
50 546
79 515
1 515
54 527
6 527
7 527
27 543
36 543
50 543
84 543
22 543
58 538
87 541
2 541
85 535
24 535
43 535
64 536
15 536
67 546
39 534
15 534
74 526
7 526
76 521
90 520
22 520
80 542
62 537
1 537
45 521
57 528
16 528
17 528
18 528
19 528
20 528
21 528
22 528
84 528
50 528
75 543
82 530
22 530
34 549
53 549
88 517
64 534
16 534
17 534
67 528
93 529
4 529
31 540
16 540
62 549
2 549
3 549
4 549
92 519
14 519
61 542
21 542
20 542
19 542
46 542
55 539
8 539
42 539
94 533
30 522
22 522
64 540
17 540
18 540
19 540
20 540
21 540
22 540
44 524
14 524
81 544
54 517
8 517
9 517
74 517
86 513
27 546
24 546
60 547
1 547
36 528
48 523
14 523
54 552
28 552
68 535
2 535
3 535
34 535
62 513
3 513
2 513
72 545
48 545
14 545
57 534
18 534
19 534
20 534
21 534
22 534
23 534
43 537
2 537
90 543
24 543
67 543
75 530
90 530
24 530
36 530
84 530
50 530
32 538
14 538
15 538
73 553
91 553
3 553
34 553
41 531
14 531
48 531
72 531
15 531
16 531
17 531
18 531
42 555
9 555
28 555
65 547
2 547
3 547
51 547
91 547
31 533
18 533
57 533
19 533
20 533
21 533
22 533
23 533
24 533
77 521
8 521
7 521
6 521
5 521
80 540
23 540
24 540
64 531
19 531
88 552
10 552
11 552
12 552
90 556
67 557
84 557
36 557
44 545
16 545
32 545
54 555
73 547
4 547
34 547
79 551
5 551
34 551
93 549
7 549
6 549
5 549
91 549
49 558
9 558
45 558
29 544
13 544
12 544
11 544
39 550
55 517
11 517
10 517
70 520
40 526
12 526
11 526
56 518
59 527
40 527
12 527
11 527
57 531
20 531
21 531
58 524
16 524
81 552
13 552
59 552
64 550
20 550
94 550
76 563
49 563
82 534
1 534
91 559
52 545
17 545
18 545
19 545
45 563
10 563
11 563
89 542
22 542
23 542
24 542
63 539
11 539
76 539
49 539
45 539
10 539
80 566
51 551
61 522
46 531
94 545
20 545
21 545
64 545
60 537
5 537
6 537
7 537
27 528
3 528
4 528
5 528
35 516
16 516
17 516
72 516
48 516
52 516
77 558
66 517
12 517
42 563
66 563
12 563
13 563
62 547
7 547
8 547
56 547
9 547
10 547
77 547
45 547
11 547
32 516
18 516
51 567
7 567
6 567
5 567
4 567
84 567
67 567
36 567
89 531
23 531
24 531
73 549
58 565
18 565
53 553
62 553
7 553
8 553
9 553
31 550
21 550
22 550
38 541
8 541
62 541
86 535
62 535
7 535
75 556
3 556
33 536
94 536
25 548
9 548
8 548
86 548
87 521
9 521
10 521
26 568
16 568
81 568
15 568
71 532
23 532
89 532
53 541
85 513
6 513
7 513
8 513
49 547
12 547
42 547
13 547
60 528
47 515
9 515
8 515
7 515
92 523
20 523
21 523
22 523
48 565
32 565
19 565
20 565
74 544
14 544
28 560
14 560
13 560
77 560
49 560
55 527
37 538
21 538
22 538
38 513
90 534
85 528
7 528
8 528
9 528
10 528
11 528
29 568
17 568
18 568
74 527
15 527
14 527
68 561
8 561
7 561
92 565
21 565
34 559
9 559
69 519
22 519
23 519
59 563
16 563
81 563
17 563
18 563
19 563
58 563
20 563
52 563
75 534
5 534
84 534
67 534
6 534
62 548
83 529
12 529
13 529
14 529
15 529
16 529
74 529
91 551
9 551
8 551
7 551
67 551
84 551
6 551
72 565
76 558
14 558
15 558
73 535
53 548
35 568
19 568
20 568
21 568
92 568
22 568
56 553
12 553
11 553
40 552
17 552
18 552
19 552
20 552
21 552
22 552
47 513
11 513
12 513
13 513
14 513
77 513
49 513
34 548
10 548
87 528
12 528
72 568
28 527
16 527
17 527
81 527
18 527
19 527
94 523
24 523
38 553
66 547
16 547
15 547
14 547
45 560
15 560
16 560
55 529
17 529
59 529
90 551
35 527
20 527
65 564
9 564
10 564
62 564
85 561
9 561
52 565
22 565
23 565
24 565
46 532
2 532
3 532
4 532
5 532
6 532
86 541
11 541
10 541
9 541
88 555
17 555
16 555
77 555
49 555
73 548
11 548
38 548
12 548
32 568
33 538
32 569
34 570
66 560
17 560
18 560
93 518
14 518
15 518
16 518
17 518
42 544
17 544
77 544
49 544
16 544
15 544
92 552
24 552
48 563
25 521
14 521
15 521
16 521
17 521
18 521
53 564
94 565
82 532
8 532
7 532
80 532
91 535
12 535
11 535
10 535
9 535
64 519
2 519
76 513
17 513
62 570
52 568
48 568
24 568
72 569
52 569
48 569
24 569
42 513
18 513
53 570
32 563
51 549
13 549
14 549
33 565
2 565
1 565
89 571
94 519
78 514
22 514
21 514
20 514
54 526
19 526
20 526
21 526
88 560
54 560
19 560
66 518
54 518
41 524
24 524
28 513
70 556
9 556
8 556
52 573
48 573
88 518
67 574
75 551
10 551
11 551
12 551
13 551
34 564
14 564
91 564
90 535
50 557
11 557
10 557
9 557
8 557
7 557
6 557
36 534
79 537
15 537
14 537
61 532
9 532
10 532
85 541
13 541
14 541
63 517
20 517
21 517
32 573
1 573
72 563
1 563
40 529
22 529
23 529
24 529
60 515
36 576
67 576
12 576
13 576
69 552
3 552
4 552
57 550
5 550
4 550
69 550
3 550
75 535
31 536
4 536
3 536
59 514
84 574
85 515
14 515
15 515
16 515
17 515
35 524
94 552
90 532
80 556
65 561
14 561
15 561
16 561
59 578
23 578
24 578
47 553
17 553
18 553
19 553
20 553
77 553
31 552
5 552
6 552
7 552
8 552
34 541
16 541
17 541
18 541
19 541
20 541
21 541
30 554
11 554
10 554
73 551
16 551
62 551
51 564
73 564
16 564
17 564
60 576
93 544
19 544
20 544
21 544
22 544
88 544
40 514
24 514
23 514
42 560
22 560
91 537
56 528
48 579
32 579
52 579
75 532
13 532
14 532
15 532
16 532
91 532
17 532
62 532
82 535
13 535
14 535
15 535
16 535
33 519
83 547
20 547
21 547
22 547
28 518
23 518
22 518
27 567
14 567
90 567
80 554
12 554
13 554
14 554
88 514
36 574
25 515
20 515
46 571
9 571
8 571
7 571
6 571
5 571
52 571
48 571
89 557
58 573
4 573
3 573
2 573
26 573
27 574
15 574
14 574
64 577
8 577
37 565
6 565
7 565
8 565
9 565
68 559
18 559
45 555
23 555
24 555
53 551
19 551
18 551
17 551
70 575
14 575
80 575
13 575
57 577
9 577
43 562
49 553
45 553
23 553
24 553
62 559
53 559
19 559
20 559
34 532
77 541
49 541
31 519
8 519
9 519
29 572
2 572
59 572
81 526
2 526
47 564
20 564
21 564
37 580
7 580
8 580
94 580
39 545
9 545
8 545
7 545
87 548
21 548
20 548
91 548
56 564
22 564
71 577
10 577
89 565
11 565
10 565
33 580
61 556
14 556
15 556
16 556
84 556
36 556
67 556
61 582
88 553
1 553
2 553
35 581
5 581
4 581
3 581
2 581
66 555
1 555
2 555
3 555
4 555
5 555
38 549
92 550
8 550
7 550
40 572
3 572
86 570
21 570
30 575
16 575
15 575
79 561
47 549
22 549
39 577
11 577
12 577
59 553
35 555
6 555
41 555
7 555
8 555
76 560
1 560
2 560
3 560
38 561
85 576
20 576
21 576
62 576
53 576
22 576
79 576
89 577
13 577
14 577
15 577
16 577
17 577
18 577
84 577
67 577
72 579
8 579
7 579
6 579
68 562
21 562
53 562
62 562
74 558
3 558
2 558
92 555
9 555
60 551
83 515
38 576
23 576
24 576
82 554
18 554
17 554
39 583
72 555
48 555
87 564
24 564
93 564
40 553
5 553
4 553
32 571
57 519
13 519
12 519
46 557
14 557
15 557
16 557
17 557
80 582
17 582
18 582
52 555
31 580
12 580
13 580
27 556
20 556
21 556
82 582
19 582
20 582
84 582
28 514
4 514
3 514
62 584
85 551
22 551
21 551
20 551
71 565
14 565
13 565
66 558
4 558
72 571
10 571
27 582
77 514
50 534
21 534
20 534
59 560
6 560
53 584
24 584
75 567
20 567
21 567
28 558
5 558
6 558
91 570
24 570
79 570
88 581
51 548
26 526
8 526
7 526
72 586
48 586
90 574
65 535
23 535
24 535
60 556
85 556
23 556
22 556
90 587
21 587
22 587
23 587
24 587
85 587
40 560
7 560
8 560
61 575
19 575
20 575
21 575
47 561
1 561
50 567
22 567
23 567
59 558
81 572
8 572
9 572
10 572
38 570
78 573
9 573
10 573
11 573
28 581
6 581
67 582
50 582
22 582
23 582
24 582
51 582
91 582
26 560
87 561
2 561
56 561
85 567
24 567
84 585
50 585
36 577
65 556
24 556
72 573
12 573
13 573
14 573
33 573
32 555
12 555
13 555
29 526
9 526
52 586
32 586
12 586
13 586
14 586
75 574
22 574
23 574
65 574
24 574
65 588
24 588
23 588
90 575
75 575
22 575
57 580
25 559
3 559
4 559
30 557
21 557
80 557
94 573
15 573
16 573
33 586
54 544
41 572
12 572
13 572
32 572
57 573
17 573
46 573
66 581
7 581
92 571
14 571
15 571
47 570
3 570
4 570
94 586
16 586
17 586
78 560
11 560
12 560
94 591
16 591
17 591
18 591
82 551
23 551
35 579
12 579
13 579
14 579
48 572
14 572
89 573
19 573
20 573
21 573
42 518
8 518
9 518
46 591
89 591
19 591
20 591
21 591
22 591
23 591
43 584
51 584
92 579
15 579
16 579
31 565
17 565
16 565
28 544
9 544
58 550
14 550
54 581
9 581
10 581
81 581
11 581
78 581
52 589
79 590
38 590
27 534
68 548
36 588
27 588
48 550
87 570
5 570
60 587
2 587
3 587
51 587
43 548
3 548
4 548
85 574
69 536
17 536
18 536
19 536
20 536
46 536
61 557
23 557
24 557
82 557
80 573
61 573
23 573
73 537
4 537
3 537
55 521
91 584
73 584
4 584
5 584
44 516
84 575
36 575
27 575
1 575
2 575
94 579
33 571
18 571
32 589
74 521
11 521
12 521
67 585
36 585
31 579
19 579
20 579
21 579
29 521
13 521
38 584
6 584
36 594
39 519
20 519
21 519
66 595
34 562
6 562
7 562
40 558
13 558
14 558
71 580
21 580
22 580
23 580
24 580
61 580
52 550
32 550
17 550
18 550
67 594
80 593
61 593
68 587
47 590
7 590
53 590
59 518
40 518
13 518
74 518
12 518
90 591
27 585
3 585
4 585
5 585
51 585
73 585
38 562
81 558
84 594
27 594
3 594
43 587
6 587
7 587
92 516
19 516
20 516
91 585
72 572
19 572
20 572
26 581
16 581
17 581
18 581
32 581
48 589
72 589
19 589
20 589
21 589
22 589
86 549
8 549
70 554
3 554
4 554
27 554
67 554
84 554
52 581
48 581
19 581
77 592
12 592
13 592
28 592
54 592
34 590
86 590
8 590
43 590
51 590
91 590
65 575
6 575
7 575
91 575
51 575
62 585
8 585
47 562
9 562
10 562
44 550
20 550
21 550
22 550
23 550
25 570
10 570
11 570
12 570
33 597
22 597
23 597
24 597
88 592
14 592
79 548
9 548
85 537
7 537
78 521
43 575
8 575
86 585
92 572
21 572
57 586
24 586
23 586
22 586
21 586
31 596
23 596
24 596
32 600
52 600
50 577
27 577
6 577
36 554
50 554
6 554
7 554
8 554
43 554
51 554
91 554
9 554
37 545
22 545
23 545
73 590
9 590
71 550
89 536
1 536
31 545
24 545
65 537
8 537
9 537
10 537
11 537
75 591
6 591
36 591
67 591
69 516
91 601
73 601
51 601
46 579
94 571
24 571
69 571
23 571
22 571
21 571
20 571
44 572
22 572
92 586
60 574
9 574
10 574
51 574
91 574
30 599
5 599
6 599
43 601
10 601
11 601
68 549
43 549
10 549
11 549
12 549
13 549
14 549
55 518
17 518
18 518
38 587
12 587
13 587
14 587
15 587
16 587
88 587
33 545
39 589
1 589
81 518
19 518
50 591
84 591
73 574
43 574
42 595
66 592
41 560
22 560
85 575
84 604
50 604
29 558
20 558
21 558
90 594
82 599
8 599
36 604
49 514
17 514
18 514
71 589
3 589
4 589
57 596
3 596
53 598
13 598
77 549
17 549
18 549
89 579
4 579
46 589
44 586
86 601
43 598
51 598
83 562
16 562
17 562
59 606
89 589
5 589
6 589
7 589
90 599
10 599
11 599
84 599
36 599
74 607
55 607
20 607
66 607
19 607
18 607
41 603
24 603
23 603
22 603
40 606
21 606
22 606
75 594
10 594
80 589
8 589
25 537
16 537
37 516
2 516
3 516
73 598
14 598
61 602
76 570
19 570
20 570
55 570
21 570
40 570
94 516
93 561
17 561
86 598
15 598
49 562
56 559
59 570
22 570
83 537
18 537
19 537
33 516
4 516
78 558
24 558
23 558
22 558
82 594
11 594
53 601
16 601
17 601
56 601
18 601
34 585
53 585
16 585
17 585
18 585
35 571
36 610
42 592
21 592
22 592
23 592
40 592
27 591
13 591
14 591
15 591
91 591
73 591
83 601
19 601
20 601
84 610
27 610
13 610
14 610
15 610
64 583
6 583
7 583
89 583
28 587
22 587
66 587
50 599
85 608
15 608
16 608
34 608
53 608
70 594
12 594
13 594
46 583
8 583
9 583
10 583
11 583
59 592
24 592
47 548
18 548
19 548
87 584
19 584
20 584
21 584
22 584
40 612
59 612
24 612
23 612
31 516
6 516
67 604
14 604
15 604
30 589
12 589
13 589
38 598
75 611
14 611
15 611
84 611
67 611
61 583
12 583
62 590
18 590
19 590
27 599
67 599
15 599
16 599
17 599
91 599
64 516
25 561
20 561
21 561
22 561
23 561
81 603
1 603
2 603
78 603
50 594
15 594
16 594
17 594
18 594
34 594
30 583
13 583
66 561
24 561
86 608
19 608
20 608
76 562
23 562
24 562
93 559
21 559
22 559
23 559
45 541
23 541
24 541
36 611
90 589
75 589
15 589
50 589
77 607
45 607
23 607
24 607
25 608
21 608
29 606
81 606
2 606
3 606
76 559
24 559
45 559
27 611
50 611
16 611
79 554
88 584
49 601
66 562
53 594
86 594
20 594
21 594
70 583
15 583
67 589
63 595
25 594
22 594
23 594
24 594
42 587
36 589
27 589
17 589
28 612
71 596
11 596
33 614
94 614
26 603
4 603
5 603
6 603
90 611
17 611
18 611
19 611
20 611
34 611
62 611
94 617
32 603
7 603
44 603
8 603
91 611
21 611
53 611
25 615
23 615
24 615
67 618
27 618
50 618
38 554
22 554
53 554
34 554
54 514
2 514
90 619
88 612
2 612
3 612
60 575
20 575
21 575
65 605
60 605
20 605
21 605
62 605
53 605
35 606
6 606
41 606
7 606
43 610
21 610
22 610
38 610
48 600
8 600
9 600
85 604
32 606
45 594
1 594
2 594
51 591
22 591
53 591
60 604
21 604
22 604
73 599
34 605
23 605
24 605
25 605
53 604
42 514
87 590
25 590
39 516
13 516
14 516
34 604
24 604
23 604
80 602
18 602
19 602
33 617
13 617
14 617
54 612
5 612
6 612
66 514
5 514
6 514
7 514
8 514
9 514
71 617
15 617
16 617
68 574
24 574
23 574
22 574
86 611
62 591
86 591
64 596
15 596
16 596
17 596
18 596
19 596
61 596
39 621
64 621
15 621
16 621
57 621
76 601
5 601
30 602
20 602
34 591
1 591
93 608
3 608
4 608
5 608
42 608
66 608
6 608
28 608
74 570
7 570
8 570
91 622
54 608
44 600
13 600
14 600
15 600
33 600
56 585
79 610
2 610
34 610
53 610
73 622
1 622
53 622
38 624
85 625
83 548
5 548
51 599
88 608
8 608
9 608
40 608
94 600
16 600
60 625
1 625
2 625
51 625
91 625
64 600
92 613
86 610
3 610
51 610
36 618
63 587
8 587
49 587
75 619
24 619
23 619
47 598
4 598
5 598
39 600
18 600
19 600
26 623
78 623
12 623
13 623
77 559
7 559
8 559
63 559
42 559
44 613
15 613
16 613
17 613
33 613
79 624
4 624
5 624
73 625
3 625
34 625
86 625
43 599
34 626
71 621
19 621
20 621
21 621
22 621
57 600
41 623
14 623
