41 111
22 111
35 112
14 112
36 113
30 110
6 110
7 110
27 114
1 114
28 114
2 114
3 114
4 114
5 114
6 114
43 111
38 114
7 114
33 115
24 115
23 115
22 115
34 118
31 118
17 118
18 118
19 118
38 120
10 120
11 120
29 119
15 119
31 121
37 113
15 113
42 118
20 118
21 118
22 118
32 112
23 112
25 112
24 112
29 113
16 113
17 113
18 113
40 115
34 121
19 121
20 121
21 121
22 121
23 121
32 121
24 121
42 122
21 122
22 122
23 122
24 122
28 117
8 117
27 117
9 117
10 117
11 117
12 117
31 113
36 119
37 119
17 119
18 119
19 119
20 119
26 114
14 114
15 114
16 114
17 114
35 118
37 114
18 114
25 121
2 121
27 123
13 123
34 113
24 113
23 113
22 113
21 113
20 113
31 119
36 114
21 114
28 123
14 123
15 123
16 123
17 123
18 123
38 117
18 117
19 117
20 117
21 117
44 116
12 116
13 116
33 124
11 124
12 124
13 124
43 116
15 116
16 116
17 116
40 121
10 121
11 121
12 121
30 120
23 120
24 120
39 110
36 117
34 119
4 119
5 119
6 119
33 121
13 121
14 121
15 121
16 121
44 124
15 124
16 124
17 124
18 124
19 124
42 119
7 119
8 119
9 119
32 122
10 122
40 126
12 126
13 126
14 126
26 123
24 123
25 122
12 122
13 122
38 123
37 117
5 117
28 116
22 116
23 116
24 116
27 124
24 124
40 122
16 122
17 122
18 122
19 122
44 122
31 130
26 129
5 129
6 129
29 114
10 114
11 114
12 114
43 121
1 121
42 128
16 128
17 128
18 128
25 127
20 127
21 127
33 126
24 126
23 126
22 126
25 126
21 126
20 126
19 126
18 126
44 131
1 131
2 131
39 117
13 117
14 117
15 117
16 117
41 125
4 125
5 125
6 125
7 125
8 125
9 125
10 125
35 119
21 119
22 119
25 119
23 119
24 119
27 136
7 136
8 136
9 136
10 136
11 136
12 136
13 136
38 132
11 132
12 132
13 132
14 132
15 132
16 132
17 132
18 132
19 132
20 132
21 132
22 132
40 127
37 134
16 134
17 134
18 134
19 134
20 134
21 134
22 134
23 134
24 134
31 114
19 114
25 134
32 128
24 128
23 128
22 128
21 128
20 128
40 137
1 137
25 137
28 124
9 124
30 129
15 129
16 129
17 129
29 133
18 133
19 133
20 133
21 133
22 133
23 133
24 133
26 125
15 125
37 129
19 129
34 130
22 130
23 130
24 130
31 128
36 135
19 135
30 138
17 138
39 136
19 136
29 129
20 129
43 131
10 131
35 132
2 132
37 135
20 135
32 132
3 132
4 132
38 125
17 125
18 125
42 126
1 126
2 126
3 126
30 125
19 125
20 125
21 125
26 138
18 138
39 129
21 129
22 129
23 129
24 129
42 140
2 140
1 140
31 129
25 132
6 132
37 125
22 125
23 125
24 125
26 141
19 141
18 141
17 141
16 141
15 141
14 141
13 141
12 141
11 141
10 141
9 141
8 141
7 141
6 141
5 141
4 141
3 141
2 141
1 141
34 128
1 128
36 136
31 145
43 142
14 142
13 142
12 142
11 142
10 142
9 142
8 142
7 142
6 142
5 142
4 142
3 142
2 142
1 142
25 144
9 144
8 144
7 144
6 144
5 144
4 144
3 144
2 144
1 144
35 126
8 126
7 126
6 126
5 126
4 126
34 145
4 145
3 145
2 145
1 145
38 138
23 138
22 138
21 138
20 138
19 138
33 139
14 139
13 139
12 139
11 139
10 139
9 139
8 139
7 139
6 139
5 139
4 139
3 139
2 139
1 139
31 126
37 136
3 136
2 136
1 136
32 143
11 143
10 143
9 143
8 143
7 143
6 143
5 143
4 143
3 143
37 143
44 146
19 146
18 146
17 146
16 146
15 146
14 146
13 146
12 146
11 146
10 146
9 146
8 146
7 146
6 146
5 146
4 146
3 146
2 146
1 146
27 138
24 138
39 148
6 148
5 148
4 148
3 148
2 148
1 148
27 149
29 135
8 135
7 135
6 135
5 135
4 135
3 135
2 135
1 135
40 147
19 147
18 147
17 147
16 147
15 147
14 147
13 147
12 147
11 147
10 147
9 147
25 154
21 154
20 154
19 154
18 154
17 154
16 154
15 154
14 154
13 154
12 154
11 154
10 154
9 154
8 154
7 154
6 154
5 154
4 154
3 154
2 154
1 154
41 131
4 131
28 151
6 151
5 151
4 151
3 151
2 151
1 151
33 155
1 155
