0 3474
0 3475
0 3476
0 3477
0 3478
0 3479
0 3480
0 3481
0 3482
0 3483
0 3484
0 3485
0 3486
0 3487
0 3488
0 3489
0 3490
0 3491
0 3492
0 3493
96 3494
83 3501
0 3502
101 3495
18 3495
19 3495
20 3495
21 3495
22 3495
23 3495
24 3495
102 3504
18 3504
19 3504
20 3504
21 3504
22 3504
23 3504
24 3504
0 3506
98 3497
33 3497
6 3497
5 3497
4 3497
3 3497
2 3497
1 3497
0 3508
111 3498
84 3500
10 3500
9 3500
8 3500
7 3500
6 3500
5 3500
4 3500
3 3500
2 3500
1 3500
0 3510
30 3509
9 3509
8 3509
7 3509
6 3509
5 3509
4 3509
3 3509
2 3509
1 3509
0 3513
70 3505
16 3505
17 3505
18 3505
19 3505
20 3505
21 3505
22 3505
23 3505
24 3505
113 3512
0 3516
33 3512
8 3512
7 3512
6 3512
5 3512
4 3512
3 3512
2 3512
1 3512
0 3520
0 3524
34 3515
21 3515
22 3515
23 3515
24 3515
0 3528
60 3514
3 3514
2 3514
1 3514
73 3522
87 3519
24 3519
0 3535
55 3496
16 3496
17 3496
18 3496
19 3496
20 3496
21 3496
22 3496
23 3496
24 3496
25 3527
0 3538
77 3525
6 3525
5 3525
4 3525
3 3525
2 3525
1 3525
66 3540
11 3540
10 3540
9 3540
8 3540
7 3540
6 3540
5 3540
4 3540
3 3540
2 3540
1 3540
41 3501
11 3501
10 3501
9 3501
8 3501
7 3501
6 3501
5 3501
4 3501
3 3501
2 3501
1 3501
0 3542
103 3539
8 3539
7 3539
6 3539
5 3539
4 3539
3 3539
2 3539
1 3539
76 3536
18 3536
19 3536
20 3536
21 3536
22 3536
23 3536
24 3536
44 3507
11 3507
10 3507
9 3507
8 3507
7 3507
6 3507
5 3507
4 3507
3 3507
2 3507
1 3507
0 3544
46 3499
24 3499
0 3547
86 3521
11 3521
10 3521
9 3521
8 3521
7 3521
6 3521
5 3521
4 3521
3 3521
2 3521
1 3521
90 3546
23 3546
24 3546
59 3522
24 3522
36 3533
0 3552
81 3545
18 3545
19 3545
20 3545
21 3545
22 3545
23 3545
24 3545
91 3550
24 3550
57 3534
12 3534
11 3534
10 3534
9 3534
8 3534
7 3534
6 3534
5 3534
4 3534
3 3534
2 3534
1 3534
109 3541
18 3541
19 3541
20 3541
21 3541
22 3541
23 3541
24 3541
0 3555
35 3549
4 3549
3 3549
2 3549
1 3549
79 3526
1 3526
94 3553
8 3553
7 3553
6 3553
5 3553
4 3553
3 3553
2 3553
1 3553
0 3559
69 3548
12 3548
11 3548
10 3548
9 3548
8 3548
7 3548
6 3548
5 3548
4 3548
3 3548
2 3548
1 3548
106 3523
1 3523
39 3530
13 3530
14 3530
15 3530
16 3530
17 3530
18 3530
19 3530
20 3530
21 3530
22 3530
23 3530
24 3530
33 3531
13 3531
14 3531
15 3531
16 3531
17 3531
18 3531
19 3531
20 3531
21 3531
22 3531
23 3531
24 3531
0 3561
0 3563
37 3566
21 3566
22 3566
23 3566
24 3566
0 3567
61 3517
6 3517
5 3517
4 3517
3 3517
2 3517
1 3517
0 3570
114 3494
18 3494
19 3494
20 3494
21 3494
22 3494
23 3494
24 3494
88 3554
7 3554
6 3554
5 3554
4 3554
3 3554
2 3554
1 3554
0 3573
102 3575
3 3575
2 3575
1 3575
0 3579
82 3529
6 3529
5 3529
4 3529
3 3529
2 3529
1 3529
58 3576
14 3576
15 3576
16 3576
17 3576
18 3576
19 3576
20 3576
21 3576
22 3576
23 3576
24 3576
99 3572
7 3572
6 3572
5 3572
4 3572
3 3572
2 3572
1 3572
0 3585
100 3537
13 3537
14 3537
15 3537
16 3537
17 3537
18 3537
19 3537
20 3537
21 3537
22 3537
23 3537
24 3537
50 3580
11 3580
10 3580
9 3580
8 3580
7 3580
6 3580
5 3580
4 3580
3 3580
2 3580
1 3580
114 3584
20 3584
21 3584
22 3584
23 3584
24 3584
78 3532
101 3527
4 3527
3 3527
2 3527
1 3527
0 3588
31 3577
111 3577
10 3577
9 3577
8 3577
7 3577
6 3577
5 3577
4 3577
3 3577
2 3577
1 3577
53 3583
0 3591
52 3589
24 3589
45 3593
11 3593
10 3593
9 3593
8 3593
7 3593
6 3593
5 3593
4 3593
3 3593
2 3593
1 3593
0 3598
108 3503
20 3503
21 3503
22 3503
23 3503
24 3503
49 3564
7 3564
6 3564
5 3564
4 3564
3 3564
2 3564
1 3564
65 3556
6 3556
5 3556
4 3556
3 3556
2 3556
1 3556
80 3560
1 3560
112 3557
12 3557
11 3557
10 3557
9 3557
8 3557
7 3557
6 3557
5 3557
4 3557
3 3557
2 3557
1 3557
89 3565
1 3565
0 3602
107 3592
27 3595
7 3595
6 3595
5 3595
4 3595
3 3595
2 3595
1 3595
101 3604
6 3604
5 3604
4 3604
3 3604
2 3604
1 3604
0 3606
0 3611
92 3607
11 3607
10 3607
9 3607
8 3607
7 3607
6 3607
5 3607
4 3607
3 3607
2 3607
1 3607
62 3609
5 3609
4 3609
3 3609
2 3609
1 3609
51 3596
20 3596
21 3596
22 3596
23 3596
24 3596
97 3597
0 3614
28 3613
41 3592
20 3592
21 3592
22 3592
23 3592
24 3592
67 3582
15 3582
16 3582
17 3582
18 3582
19 3582
20 3582
21 3582
22 3582
23 3582
24 3582
0 3615
77 3613
16 3613
17 3613
18 3613
19 3613
20 3613
21 3613
22 3613
23 3613
24 3613
56 3568
10 3568
9 3568
8 3568
7 3568
6 3568
5 3568
4 3568
3 3568
2 3568
1 3568
48 3571
3 3571
2 3571
1 3571
32 3543
15 3543
16 3543
17 3543
18 3543
19 3543
20 3543
21 3543
22 3543
23 3543
24 3543
93 3599
4 3599
3 3599
2 3599
1 3599
110 3601
14 3601
15 3601
16 3601
17 3601
18 3601
19 3601
20 3601
21 3601
22 3601
23 3601
24 3601
105 3551
20 3551
21 3551
22 3551
23 3551
24 3551
0 3617
40 3518
10 3518
9 3518
8 3518
7 3518
6 3518
5 3518
4 3518
3 3518
2 3518
1 3518
47 3610
18 3610
19 3610
20 3610
21 3610
22 3610
23 3610
24 3610
0 3620
26 3587
63 3581
5 3581
4 3581
3 3581
2 3581
1 3581
95 3558
10 3558
9 3558
8 3558
7 3558
6 3558
5 3558
4 3558
3 3558
2 3558
1 3558
0 3622
60 3619
16 3619
17 3619
18 3619
19 3619
20 3619
21 3619
22 3619
23 3619
24 3619
0 3625
0 3627
64 3511
9 3511
8 3511
7 3511
6 3511
5 3511
4 3511
3 3511
2 3511
1 3511
0 3628
0 3629
74 3594
8 3594
7 3594
6 3594
5 3594
4 3594
3 3594
2 3594
1 3594
38 3574
8 3574
7 3574
6 3574
5 3574
4 3574
3 3574
2 3574
1 3574
99 3583
15 3583
16 3583
17 3583
18 3583
19 3583
20 3583
21 3583
22 3583
23 3583
24 3583
0 3632
57 3630
46 3631
0 3634
52 3597
7 3597
6 3597
5 3597
4 3597
3 3597
2 3597
1 3597
55 3624
6 3624
5 3624
4 3624
3 3624
2 3624
1 3624
0 3636
0 3638
85 3586
22 3586
23 3586
24 3586
75 3608
21 3608
22 3608
23 3608
24 3608
43 3603
44 3637
0 3641
109 3635
7 3635
6 3635
5 3635
4 3635
3 3635
2 3635
1 3635
68 3600
86 3600
1 3600
0 3644
0 3648
61 3642
19 3642
20 3642
21 3642
22 3642
23 3642
24 3642
70 3640
0 3651
39 3630
42 3569
21 3569
22 3569
23 3569
24 3569
0 3653
0 3656
73 3623
16 3623
17 3623
18 3623
19 3623
20 3623
21 3623
22 3623
23 3623
24 3623
36 3621
17 3621
18 3621
19 3621
20 3621
21 3621
22 3621
23 3621
24 3621
0 3658
100 3639
1 3639
103 3626
2 3626
1 3626
78 3652
13 3652
14 3652
15 3652
16 3652
17 3652
18 3652
19 3652
20 3652
21 3652
22 3652
23 3652
24 3652
0 3662
83 3645
5 3645
4 3645
3 3645
2 3645
1 3645
82 3649
20 3649
21 3649
22 3649
23 3649
24 3649
76 3618
12 3618
11 3618
10 3618
9 3618
8 3618
7 3618
6 3618
5 3618
4 3618
3 3618
2 3618
1 3618
96 3633
8 3633
7 3633
6 3633
5 3633
4 3633
3 3633
2 3633
1 3633
41 3663
5 3663
4 3663
3 3663
2 3663
1 3663
98 3665
72 3578
2 3578
1 3578
0 3667
57 3665
5 3665
4 3665
3 3665
2 3665
1 3665
29 3590
16 3590
17 3590
18 3590
19 3590
20 3590
21 3590
22 3590
23 3590
24 3590
0 3672
86 3630
5 3630
4 3630
3 3630
2 3630
1 3630
54 3562
2 3562
1 3562
111 3655
24 3655
87 3675
113 3637
6 3637
5 3637
4 3637
3 3637
2 3637
1 3637
0 3676
99 3669
22 3669
23 3669
24 3669
34 3670
18 3670
19 3670
20 3670
21 3670
22 3670
23 3670
24 3670
30 3646
8 3646
7 3646
6 3646
5 3646
4 3646
3 3646
2 3646
1 3646
27 3666
20 3666
21 3666
22 3666
23 3666
24 3666
0 3679
71 3612
23 3612
24 3612
39 3680
53 3678
0 3682
101 3631
20 3631
21 3631
22 3631
23 3631
24 3631
104 3605
18 3605
19 3605
20 3605
21 3605
22 3605
23 3605
24 3605
0 3684
86 3680
7 3680
6 3680
5 3680
4 3680
3 3680
2 3680
1 3680
25 3661
20 3661
21 3661
22 3661
23 3661
24 3661
65 3681
21 3681
22 3681
23 3681
24 3681
102 3685
20 3685
21 3685
22 3685
23 3685
24 3685
35 3650
24 3650
90 3643
19 3643
20 3643
21 3643
22 3643
23 3643
24 3643
0 3688
112 3668
2 3668
1 3668
40 3673
22 3673
23 3673
24 3673
0 3689
66 3654
9 3654
8 3654
7 3654
6 3654
5 3654
4 3654
3 3654
2 3654
1 3654
31 3664
2 3664
1 3664
0 3692
84 3659
12 3659
11 3659
10 3659
9 3659
8 3659
7 3659
6 3659
5 3659
4 3659
3 3659
2 3659
1 3659
0 3697
79 3647
23 3647
24 3647
0 3700
114 3701
13 3701
14 3701
15 3701
16 3701
17 3701
18 3701
19 3701
20 3701
21 3701
22 3701
23 3701
24 3701
108 3693
12 3693
11 3693
10 3693
9 3693
8 3693
7 3693
6 3693
5 3693
4 3693
3 3693
2 3693
1 3693
105 3587
9 3587
8 3587
7 3587
6 3587
5 3587
4 3587
3 3587
2 3587
1 3587
64 3699
21 3699
22 3699
23 3699
24 3699
0 3705
63 3703
19 3703
20 3703
21 3703
22 3703
23 3703
24 3703
0 3707
77 3671
7 3671
6 3671
5 3671
4 3671
3 3671
2 3671
1 3671
81 3704
17 3704
18 3704
19 3704
20 3704
21 3704
22 3704
23 3704
24 3704
91 3657
23 3657
24 3657
44 3710
0 3712
92 3690
3 3690
2 3690
1 3690
107 3709
12 3709
11 3709
10 3709
9 3709
8 3709
7 3709
6 3709
5 3709
4 3709
3 3709
2 3709
1 3709
0 3714
67 3702
7 3702
6 3702
5 3702
4 3702
3 3702
2 3702
1 3702
0 3715
85 3711
9 3711
8 3711
7 3711
6 3711
5 3711
4 3711
3 3711
2 3711
1 3711
0 3716
0 3718
88 3719
5 3719
4 3719
3 3719
2 3719
1 3719
89 3708
21 3708
22 3708
23 3708
24 3708
109 3717
19 3717
20 3717
21 3717
22 3717
23 3717
24 3717
0 3721
80 3640
22 3640
23 3640
24 3640
33 3713
14 3713
15 3713
16 3713
17 3713
18 3713
19 3713
20 3713
21 3713
22 3713
23 3713
24 3713
0 3723
93 3698
23 3698
24 3698
26 3695
14 3695
15 3695
16 3695
17 3695
18 3695
19 3695
20 3695
21 3695
22 3695
23 3695
24 3695
50 3696
9 3696
8 3696
7 3696
6 3696
5 3696
4 3696
3 3696
2 3696
1 3696
32 3674
9 3674
8 3674
7 3674
6 3674
5 3674
4 3674
3 3674
2 3674
1 3674
0 3725
0 3729
47 3730
12 3730
11 3730
10 3730
9 3730
8 3730
7 3730
6 3730
5 3730
4 3730
3 3730
2 3730
1 3730
46 3728
3 3728
2 3728
1 3728
0 3733
96 3734
19 3734
20 3734
21 3734
22 3734
23 3734
24 3734
59 3660
3 3660
2 3660
1 3660
70 3736
0 3737
106 3706
4 3706
3 3706
2 3706
1 3706
54 3738
62 3735
2 3735
1 3735
0 3741
85 3738
13 3738
14 3738
15 3738
16 3738
17 3738
18 3738
19 3738
20 3738
21 3738
22 3738
23 3738
24 3738
94 3686
12 3686
11 3686
10 3686
9 3686
8 3686
7 3686
6 3686
5 3686
4 3686
3 3686
2 3686
1 3686
113 3710
17 3710
18 3710
19 3710
20 3710
21 3710
22 3710
23 3710
24 3710
0 3743
42 3742
10 3742
9 3742
8 3742
7 3742
6 3742
5 3742
4 3742
3 3742
2 3742
1 3742
0 3750
56 3727
7 3727
6 3727
5 3727
4 3727
3 3727
2 3727
1 3727
110 3746
101 3731
5 3731
4 3731
3 3731
2 3731
1 3731
113 3747
18 3747
19 3747
20 3747
21 3747
22 3747
23 3747
24 3747
68 3732
58 3687
16 3687
17 3687
18 3687
19 3687
20 3687
21 3687
22 3687
23 3687
24 3687
95 3749
6 3749
5 3749
4 3749
3 3749
2 3749
1 3749
0 3752
52 3691
0 3755
78 3739
2 3739
1 3739
80 3736
2 3736
1 3736
0 3759
99 3678
10 3678
9 3678
8 3678
7 3678
6 3678
5 3678
4 3678
3 3678
2 3678
1 3678
111 3745
12 3745
11 3745
10 3745
9 3745
8 3745
7 3745
6 3745
5 3745
4 3745
3 3745
2 3745
1 3745
39 3760
73 3740
6 3740
5 3740
4 3740
3 3740
2 3740
1 3740
48 3694
2 3694
1 3694
38 3761
3 3761
2 3761
1 3761
98 3758
19 3758
20 3758
21 3758
22 3758
23 3758
24 3758
0 3763
51 3751
20 3751
21 3751
22 3751
23 3751
24 3751
35 3748
11 3748
10 3748
9 3748
8 3748
7 3748
6 3748
5 3748
4 3748
3 3748
2 3748
1 3748
0 3765
28 3724
16 3724
17 3724
18 3724
19 3724
20 3724
21 3724
22 3724
23 3724
24 3724
42 3746
13 3746
14 3746
15 3746
16 3746
17 3746
18 3746
19 3746
20 3746
21 3746
22 3746
23 3746
24 3746
0 3766
60 3744
14 3744
15 3744
16 3744
17 3744
18 3744
19 3744
20 3744
21 3744
22 3744
23 3744
24 3744
57 3760
20 3760
21 3760
22 3760
23 3760
24 3760
0 3769
36 3754
9 3754
8 3754
7 3754
6 3754
5 3754
4 3754
3 3754
2 3754
1 3754
53 3762
12 3762
11 3762
10 3762
9 3762
8 3762
7 3762
6 3762
5 3762
4 3762
3 3762
2 3762
1 3762
0 3773
61 3726
13 3726
14 3726
15 3726
16 3726
17 3726
18 3726
19 3726
20 3726
21 3726
22 3726
23 3726
24 3726
84 3771
74 3722
6 3722
5 3722
4 3722
3 3722
2 3722
1 3722
65 3757
10 3757
9 3757
8 3757
7 3757
6 3757
5 3757
4 3757
3 3757
2 3757
1 3757
0 3777
45 3720
16 3720
17 3720
18 3720
19 3720
20 3720
21 3720
22 3720
23 3720
24 3720
107 3779
0 3780
29 3768
8 3768
7 3768
6 3768
5 3768
4 3768
3 3768
2 3768
1 3768
86 3732
22 3732
23 3732
24 3732
0 3782
108 3767
69 3683
22 3683
23 3683
24 3683
43 3783
22 3783
23 3783
24 3783
0 3784
27 3756
12 3756
11 3756
10 3756
9 3756
8 3756
7 3756
6 3756
5 3756
4 3756
3 3756
2 3756
1 3756
104 3789
9 3789
8 3789
7 3789
6 3789
5 3789
4 3789
3 3789
2 3789
1 3789
49 3675
13 3675
14 3675
15 3675
16 3675
17 3675
18 3675
19 3675
20 3675
21 3675
22 3675
23 3675
24 3675
0 3791
44 3787
55 3790
5 3790
4 3790
3 3790
2 3790
1 3790
72 3776
21 3776
22 3776
23 3776
24 3776
0 3792
97 3753
6 3753
5 3753
4 3753
3 3753
2 3753
1 3753
103 3788
22 3788
23 3788
24 3788
0 3793
80 3795
8 3795
7 3795
6 3795
5 3795
4 3795
3 3795
2 3795
1 3795
0 3798
40 3799
14 3799
15 3799
16 3799
17 3799
18 3799
19 3799
20 3799
21 3799
22 3799
23 3799
24 3799
0 3800
83 3794
1 3794
0 3802
66 3778
71 3775
18 3775
19 3775
20 3775
21 3775
22 3775
23 3775
24 3775
0 3803
79 3804
0 3805
34 3786
14 3786
15 3786
16 3786
17 3786
18 3786
19 3786
20 3786
21 3786
22 3786
23 3786
24 3786
0 3808
83 3778
3 3778
2 3778
1 3778
86 3809
2 3809
1 3809
82 3796
18 3796
19 3796
20 3796
21 3796
22 3796
23 3796
24 3796
0 3812
30 3785
5 3785
4 3785
3 3785
2 3785
1 3785
88 3810
20 3810
21 3810
22 3810
23 3810
24 3810
33 3787
3 3787
2 3787
1 3787
0 3816
0 3819
89 3817
12 3817
11 3817
10 3817
9 3817
8 3817
7 3817
6 3817
5 3817
4 3817
3 3817
2 3817
1 3817
46 3814
17 3814
18 3814
19 3814
20 3814
21 3814
22 3814
23 3814
24 3814
0 3820
25 3813
17 3813
18 3813
19 3813
20 3813
21 3813
22 3813
23 3813
24 3813
0 3821
112 3807
24 3807
75 3764
0 3824
0 3827
0 3830
93 3831
15 3831
16 3831
17 3831
18 3831
19 3831
20 3831
21 3831
22 3831
23 3831
24 3831
84 3832
10 3832
9 3832
8 3832
7 3832
6 3832
5 3832
4 3832
3 3832
2 3832
1 3832
0 3833
114 3822
10 3822
9 3822
8 3822
7 3822
6 3822
5 3822
4 3822
3 3822
2 3822
1 3822
33 3825
7 3825
6 3825
5 3825
4 3825
3 3825
2 3825
1 3825
85 3834
94 3818
2 3818
1 3818
57 3828
87 3815
22 3815
23 3815
24 3815
0 3836
64 3770
18 3770
19 3770
20 3770
21 3770
22 3770
23 3770
24 3770
102 3811
20 3811
21 3811
22 3811
23 3811
24 3811
0 3839
31 3837
111 3837
1 3837
77 3834
4 3834
3 3834
2 3834
1 3834
73 3838
20 3838
21 3838
22 3838
23 3838
24 3838
67 3829
3 3829
2 3829
1 3829
0 3842
47 3806
5 3806
4 3806
3 3806
2 3806
1 3806
39 3828
8 3828
7 3828
6 3828
5 3828
4 3828
3 3828
2 3828
1 3828
0 3847
41 3781
9 3781
8 3781
7 3781
6 3781
5 3781
4 3781
3 3781
2 3781
1 3781
95 3804
22 3804
23 3804
24 3804
0 3850
42 3853
2 3853
1 3853
92 3826
0 3855
51 3856
49 3845
0 3858
38 3859
19 3859
20 3859
21 3859
22 3859
23 3859
24 3859
81 3774
16 3774
17 3774
18 3774
19 3774
20 3774
21 3774
22 3774
23 3774
24 3774
48 3857
18 3857
19 3857
20 3857
21 3857
22 3857
23 3857
24 3857
98 3860
109 3846
16 3846
17 3846
18 3846
19 3846
20 3846
21 3846
22 3846
23 3846
24 3846
0 3863
35 3854
2 3854
1 3854
113 3779
11 3779
10 3779
9 3779
8 3779
7 3779
6 3779
5 3779
4 3779
3 3779
2 3779
1 3779
0 3866
28 3864
7 3864
6 3864
5 3864
4 3864
3 3864
2 3864
1 3864
99 3868
2 3868
1 3868
68 3865
11 3865
10 3865
9 3865
8 3865
7 3865
6 3865
5 3865
4 3865
3 3865
2 3865
1 3865
62 3848
22 3848
23 3848
24 3848
100 3797
8 3797
7 3797
6 3797
5 3797
4 3797
3 3797
2 3797
1 3797
0 3869
95 3861
0 3871
71 3826
4 3826
3 3826
2 3826
1 3826
0 3873
0 3877
104 3841
24 3841
0 3880
103 3878
11 3878
10 3878
9 3878
8 3878
7 3878
6 3878
5 3878
4 3878
3 3878
2 3878
1 3878
37 3677
20 3677
21 3677
22 3677
23 3677
24 3677
107 3856
14 3856
15 3856
16 3856
17 3856
18 3856
19 3856
20 3856
21 3856
22 3856
23 3856
24 3856
39 3860
13 3860
14 3860
15 3860
16 3860
17 3860
18 3860
19 3860
20 3860
21 3860
22 3860
23 3860
24 3860
29 3874
0 3884
77 3852
10 3852
9 3852
8 3852
7 3852
6 3852
5 3852
4 3852
3 3852
2 3852
1 3852
53 3872
5 3872
4 3872
3 3872
2 3872
1 3872
104 3874
27 3885
91 3849
1 3849
0 3886
61 3879
6 3879
5 3879
4 3879
3 3879
2 3879
1 3879
56 3845
4 3845
3 3845
2 3845
1 3845
65 3885
3 3885
2 3885
1 3885
76 3772
22 3772
23 3772
24 3772
0 3891
54 3851
11 3851
10 3851
9 3851
8 3851
7 3851
6 3851
5 3851
4 3851
3 3851
2 3851
1 3851
30 3892
17 3892
18 3892
19 3892
20 3892
21 3892
22 3892
23 3892
24 3892
0 3893
60 3894
9 3894
8 3894
7 3894
6 3894
5 3894
4 3894
3 3894
2 3894
1 3894
96 3881
19 3881
20 3881
21 3881
22 3881
23 3881
24 3881
70 3882
24 3882
108 3883
18 3883
19 3883
20 3883
21 3883
22 3883
23 3883
24 3883
0 3897
75 3898
11 3898
10 3898
9 3898
8 3898
7 3898
6 3898
5 3898
4 3898
3 3898
2 3898
1 3898
0 3899
32 3875
11 3875
10 3875
9 3875
8 3875
7 3875
6 3875
5 3875
4 3875
3 3875
2 3875
1 3875
0 3903
