0 2694
0 2695
0 2696
0 2697
0 2698
0 2699
0 2700
0 2701
0 2702
0 2703
0 2704
0 2705
0 2706
0 2707
0 2708
0 2709
0 2710
0 2711
0 2712
0 2713
0 2714
0 2716
0 2718
70 2719
2 2719
1 2719
0 2721
52 2724
84 2726
5 2726
4 2726
3 2726
2 2726
1 2726
0 2727
0 2728
0 2730
55 2729
18 2729
19 2729
20 2729
21 2729
22 2729
23 2729
24 2729
0 2733
91 2720
4 2720
3 2720
2 2720
1 2720
62 2737
40 2715
5 2715
4 2715
3 2715
2 2715
1 2715
0 2738
0 2744
38 2731
12 2731
11 2731
10 2731
9 2731
8 2731
7 2731
6 2731
5 2731
4 2731
3 2731
2 2731
1 2731
81 2745
13 2745
14 2745
15 2745
16 2745
17 2745
18 2745
19 2745
20 2745
21 2745
22 2745
23 2745
24 2745
54 2723
3 2723
2 2723
1 2723
0 2749
74 2751
10 2751
9 2751
8 2751
7 2751
6 2751
5 2751
4 2751
3 2751
2 2751
1 2751
0 2752
67 2722
5 2722
4 2722
3 2722
2 2722
1 2722
93 2725
14 2725
15 2725
16 2725
17 2725
18 2725
19 2725
20 2725
21 2725
22 2725
23 2725
24 2725
0 2755
33 2739
11 2739
10 2739
9 2739
8 2739
7 2739
6 2739
5 2739
4 2739
3 2739
2 2739
1 2739
36 2736
78 2748
17 2748
18 2748
19 2748
20 2748
21 2748
22 2748
23 2748
24 2748
0 2758
50 2759
24 2759
64 2743
4 2743
3 2743
2 2743
1 2743
0 2761
44 2724
9 2724
8 2724
7 2724
6 2724
5 2724
4 2724
3 2724
2 2724
1 2724
0 2765
88 2734
6 2734
5 2734
4 2734
3 2734
2 2734
1 2734
73 2717
21 2717
22 2717
23 2717
24 2717
86 2763
13 2763
14 2763
15 2763
16 2763
17 2763
18 2763
19 2763
20 2763
21 2763
22 2763
23 2763
24 2763
42 2766
0 2767
58 2753
90 2760
0 2770
25 2750
21 2750
22 2750
23 2750
24 2750
52 2753
11 2753
10 2753
9 2753
8 2753
7 2753
6 2753
5 2753
4 2753
3 2753
2 2753
1 2753
46 2772
0 2773
43 2732
6 2732
5 2732
4 2732
3 2732
2 2732
1 2732
87 2775
9 2775
8 2775
7 2775
6 2775
5 2775
4 2775
3 2775
2 2775
1 2775
59 2741
3 2741
2 2741
1 2741
0 2777
48 2769
35 2774
56 2782
53 2764
9 2764
8 2764
7 2764
6 2764
5 2764
4 2764
3 2764
2 2764
1 2764
0 2783
39 2774
2 2774
1 2774
41 2784
11 2784
10 2784
9 2784
8 2784
7 2784
6 2784
5 2784
4 2784
3 2784
2 2784
1 2784
29 2742
12 2742
11 2742
10 2742
9 2742
8 2742
7 2742
6 2742
5 2742
4 2742
3 2742
2 2742
1 2742
75 2737
3 2737
2 2737
1 2737
0 2786
37 2779
23 2779
24 2779
85 2787
14 2787
15 2787
16 2787
17 2787
18 2787
19 2787
20 2787
21 2787
22 2787
23 2787
24 2787
0 2788
45 2736
6 2736
5 2736
4 2736
3 2736
2 2736
1 2736
31 2776
0 2790
76 2746
3 2746
2 2746
1 2746
83 2740
5 2740
4 2740
3 2740
2 2740
1 2740
0 2791
93 2782
20 2782
21 2782
22 2782
23 2782
24 2782
0 2794
82 2792
24 2792
92 2796
32 2797
49 2798
61 2799
0 2800
60 2762
15 2762
16 2762
17 2762
18 2762
19 2762
20 2762
21 2762
22 2762
23 2762
24 2762
47 2801
9 2801
8 2801
7 2801
6 2801
5 2801
4 2801
3 2801
2 2801
1 2801
38 2799
21 2799
22 2799
23 2799
24 2799
0 2802
69 2795
6 2795
5 2795
4 2795
3 2795
2 2795
1 2795
25 2776
1 2776
0 2804
72 2768
13 2768
14 2768
15 2768
16 2768
17 2768
18 2768
19 2768
20 2768
21 2768
22 2768
23 2768
24 2768
45 2806
9 2806
8 2806
7 2806
6 2806
5 2806
4 2806
3 2806
2 2806
1 2806
46 2798
5 2798
4 2798
3 2798
2 2798
1 2798
0 2807
0 2811
94 2789
20 2789
21 2789
22 2789
23 2789
24 2789
93 2797
23 2797
24 2797
0 2812
59 2769
9 2769
8 2769
7 2769
6 2769
5 2769
4 2769
3 2769
2 2769
1 2769
40 2813
16 2813
17 2813
18 2813
19 2813
20 2813
21 2813
22 2813
23 2813
24 2813
27 2747
14 2747
15 2747
16 2747
17 2747
18 2747
19 2747
20 2747
21 2747
22 2747
23 2747
24 2747
68 2781
19 2781
20 2781
21 2781
22 2781
23 2781
24 2781
0 2815
55 2810
6 2810
5 2810
4 2810
3 2810
2 2810
1 2810
0 2817
38 2816
24 2816
57 2756
11 2756
10 2756
9 2756
8 2756
7 2756
6 2756
5 2756
4 2756
3 2756
2 2756
1 2756
66 2808
17 2808
18 2808
19 2808
20 2808
21 2808
22 2808
23 2808
24 2808
77 2780
0 2819
80 2805
6 2805
5 2805
4 2805
3 2805
2 2805
1 2805
71 2803
65 2796
24 2796
0 2821
52 2818
20 2818
21 2818
22 2818
23 2818
24 2818
0 2822
33 2820
23 2820
24 2820
0 2824
34 2809
11 2809
10 2809
9 2809
8 2809
7 2809
6 2809
5 2809
4 2809
3 2809
2 2809
1 2809
30 2793
8 2793
7 2793
6 2793
5 2793
4 2793
3 2793
2 2793
1 2793
0 2826
64 2825
16 2825
17 2825
18 2825
19 2825
20 2825
21 2825
22 2825
23 2825
24 2825
79 2785
8 2785
7 2785
6 2785
5 2785
4 2785
3 2785
2 2785
1 2785
0 2828
0 2832
70 2829
21 2829
22 2829
23 2829
24 2829
59 2827
14 2827
15 2827
16 2827
17 2827
18 2827
19 2827
20 2827
21 2827
22 2827
23 2827
24 2827
0 2833
51 2778
2 2778
1 2778
67 2823
20 2823
21 2823
22 2823
23 2823
24 2823
58 2834
60 2834
23 2834
24 2834
26 2757
2 2757
1 2757
0 2835
0 2837
89 2754
17 2754
18 2754
19 2754
20 2754
21 2754
22 2754
23 2754
24 2754
0 2839
0 2842
0 2846
47 2803
19 2803
20 2803
21 2803
22 2803
23 2803
24 2803
39 2831
15 2831
16 2831
17 2831
18 2831
19 2831
20 2831
21 2831
22 2831
23 2831
24 2831
0 2849
36 2836
83 2841
17 2841
18 2841
19 2841
20 2841
21 2841
22 2841
23 2841
24 2841
0 2850
54 2830
22 2830
23 2830
24 2830
0 2853
25 2847
12 2847
11 2847
10 2847
9 2847
8 2847
7 2847
6 2847
5 2847
4 2847
3 2847
2 2847
1 2847
0 2855
28 2735
2 2735
1 2735
50 2856
49 2844
16 2844
17 2844
18 2844
19 2844
20 2844
21 2844
22 2844
23 2844
24 2844
0 2858
86 2852
6 2852
5 2852
4 2852
3 2852
2 2852
1 2852
63 2771
11 2771
10 2771
9 2771
8 2771
7 2771
6 2771
5 2771
4 2771
3 2771
2 2771
1 2771
0 2860
84 2859
4 2859
3 2859
2 2859
1 2859
62 2843
56 2845
9 2845
8 2845
7 2845
6 2845
5 2845
4 2845
3 2845
2 2845
1 2845
0 2863
44 2861
3 2861
2 2861
1 2861
39 2856
18 2856
19 2856
20 2856
21 2856
22 2856
23 2856
24 2856
0 2865
91 2848
2 2848
1 2848
0 2870
93 2871
10 2871
9 2871
8 2871
7 2871
6 2871
5 2871
4 2871
3 2871
2 2871
1 2871
43 2866
24 2866
45 2836
22 2836
23 2836
24 2836
61 2854
10 2854
9 2854
8 2854
7 2854
6 2854
5 2854
4 2854
3 2854
2 2854
1 2854
0 2876
74 2872
7 2872
6 2872
5 2872
4 2872
3 2872
2 2872
1 2872
48 2867
34 2843
20 2843
21 2843
22 2843
23 2843
24 2843
0 2878
69 2874
0 2880
27 2864
2 2864
1 2864
35 2879
21 2879
22 2879
23 2879
24 2879
0 2882
72 2851
3 2851
2 2851
1 2851
39 2874
21 2874
22 2874
23 2874
24 2874
92 2883
65 2883
11 2883
10 2883
9 2883
8 2883
7 2883
6 2883
5 2883
4 2883
3 2883
2 2883
1 2883
0 2887
77 2877
13 2877
14 2877
15 2877
16 2877
17 2877
18 2877
19 2877
20 2877
21 2877
22 2877
23 2877
24 2877
81 2857
13 2857
14 2857
15 2857
16 2857
17 2857
18 2857
19 2857
20 2857
21 2857
22 2857
23 2857
24 2857
57 2868
24 2868
0 2889
0 2891
82 2873
17 2873
18 2873
19 2873
20 2873
21 2873
22 2873
23 2873
24 2873
42 2888
78 2885
16 2885
17 2885
18 2885
19 2885
20 2885
21 2885
22 2885
23 2885
24 2885
55 2886
20 2886
21 2886
22 2886
23 2886
24 2886
0 2892
0 2894
29 2838
8 2838
7 2838
6 2838
5 2838
4 2838
3 2838
2 2838
1 2838
0 2896
0 2901
41 2902
0 2906
88 2893
6 2893
5 2893
4 2893
3 2893
2 2893
1 2893
0 2909
59 2867
2 2867
1 2867
31 2905
21 2905
22 2905
23 2905
24 2905
73 2875
22 2875
23 2875
24 2875
0 2911
94 2910
14 2910
15 2910
16 2910
17 2910
18 2910
19 2910
20 2910
21 2910
22 2910
23 2910
24 2910
0 2914
87 2884
9 2884
8 2884
7 2884
6 2884
5 2884
4 2884
3 2884
2 2884
1 2884
30 2881
24 2881
0 2915
0 2917
70 2902
11 2902
10 2902
9 2902
8 2902
7 2902
6 2902
5 2902
4 2902
3 2902
2 2902
1 2902
66 2907
11 2907
10 2907
9 2907
8 2907
7 2907
6 2907
5 2907
4 2907
3 2907
2 2907
1 2907
65 2912
17 2912
18 2912
19 2912
20 2912
21 2912
22 2912
23 2912
24 2912
38 2898
18 2898
19 2898
20 2898
21 2898
22 2898
23 2898
24 2898
0 2919
37 2895
23 2895
24 2895
28 2916
13 2916
14 2916
15 2916
16 2916
17 2916
18 2916
19 2916
20 2916
21 2916
22 2916
23 2916
24 2916
47 2913
7 2913
6 2913
5 2913
4 2913
3 2913
2 2913
1 2913
0 2920
33 2897
16 2897
17 2897
18 2897
19 2897
20 2897
21 2897
22 2897
23 2897
24 2897
90 2890
3 2890
2 2890
1 2890
76 2862
3 2862
2 2862
1 2862
34 2922
4 2922
3 2922
2 2922
1 2922
0 2923
60 2899
14 2899
15 2899
16 2899
17 2899
18 2899
19 2899
20 2899
21 2899
22 2899
23 2899
24 2899
46 2869
3 2869
2 2869
1 2869
0 2926
51 2924
19 2924
20 2924
21 2924
22 2924
23 2924
24 2924
40 2903
13 2903
14 2903
15 2903
16 2903
17 2903
18 2903
19 2903
20 2903
21 2903
22 2903
23 2903
24 2903
45 2925
57 2925
7 2925
6 2925
5 2925
4 2925
3 2925
2 2925
1 2925
0 2928
75 2840
5 2840
4 2840
3 2840
2 2840
1 2840
86 2931
18 2931
19 2931
20 2931
21 2931
22 2931
23 2931
24 2931
54 2927
11 2927
10 2927
9 2927
8 2927
7 2927
6 2927
5 2927
4 2927
3 2927
2 2927
1 2927
0 2932
0 2933
27 2935
12 2935
11 2935
10 2935
9 2935
8 2935
7 2935
6 2935
5 2935
4 2935
3 2935
2 2935
1 2935
0 2938
49 2934
5 2934
4 2934
3 2934
2 2934
1 2934
43 2941
11 2941
10 2941
9 2941
8 2941
7 2941
6 2941
5 2941
4 2941
3 2941
2 2941
1 2941
0 2943
71 2908
11 2908
10 2908
9 2908
8 2908
7 2908
6 2908
5 2908
4 2908
3 2908
2 2908
1 2908
85 2900
18 2900
19 2900
20 2900
21 2900
22 2900
23 2900
24 2900
0 2944
32 2918
23 2918
24 2918
39 2888
7 2888
6 2888
5 2888
4 2888
3 2888
2 2888
1 2888
68 2939
18 2939
19 2939
20 2939
21 2939
22 2939
23 2939
24 2939
0 2945
0 2947
67 2951
16 2951
17 2951
18 2951
19 2951
20 2951
21 2951
22 2951
23 2951
24 2951
0 2952
25 2948
4 2948
3 2948
2 2948
1 2948
91 2953
16 2953
17 2953
18 2953
19 2953
20 2953
21 2953
22 2953
23 2953
24 2953
80 2929
5 2929
4 2929
3 2929
2 2929
1 2929
79 2950
0 2955
52 2940
0 2960
70 2956
18 2956
19 2956
20 2956
21 2956
22 2956
23 2956
24 2956
83 2957
11 2957
10 2957
9 2957
8 2957
7 2957
6 2957
5 2957
4 2957
3 2957
2 2957
1 2957
63 2942
3 2942
2 2942
1 2942
53 2904
17 2904
18 2904
19 2904
20 2904
21 2904
22 2904
23 2904
24 2904
89 2959
13 2959
14 2959
15 2959
16 2959
17 2959
18 2959
19 2959
20 2959
21 2959
22 2959
23 2959
24 2959
0 2961
69 2930
10 2930
9 2930
8 2930
7 2930
6 2930
5 2930
4 2930
3 2930
2 2930
1 2930
64 2958
15 2958
16 2958
17 2958
18 2958
19 2958
20 2958
21 2958
22 2958
23 2958
24 2958
0 2965
62 2936
11 2936
10 2936
9 2936
8 2936
7 2936
6 2936
5 2936
4 2936
3 2936
2 2936
1 2936
0 2966
72 2954
18 2954
19 2954
20 2954
21 2954
22 2954
23 2954
24 2954
0 2969
59 2949
13 2949
14 2949
15 2949
16 2949
17 2949
18 2949
19 2949
20 2949
21 2949
22 2949
23 2949
24 2949
41 2967
55 2962
9 2962
8 2962
7 2962
6 2962
5 2962
4 2962
3 2962
2 2962
1 2962
0 2970
44 2940
22 2940
23 2940
24 2940
58 2921
22 2921
23 2921
24 2921
0 2972
70 2967
21 2967
22 2967
23 2967
24 2967
61 2973
42 2968
90 2968
12 2968
11 2968
10 2968
9 2968
8 2968
7 2968
6 2968
5 2968
4 2968
3 2968
2 2968
1 2968
82 2971
7 2971
6 2971
5 2971
4 2971
3 2971
2 2971
1 2971
0 2974
36 2976
16 2976
17 2976
18 2976
19 2976
20 2976
21 2976
22 2976
23 2976
24 2976
0 2977
65 2979
0 2980
34 2982
0 2983
0 2989
81 2985
6 2985
5 2985
4 2985
3 2985
2 2985
1 2985
69 2982
15 2982
16 2982
17 2982
18 2982
19 2982
20 2982
21 2982
22 2982
23 2982
24 2982
88 2988
21 2988
22 2988
23 2988
24 2988
0 2991
0 2992
31 2993
11 2993
10 2993
9 2993
8 2993
7 2993
6 2993
5 2993
4 2993
3 2993
2 2993
1 2993
30 2984
13 2984
14 2984
15 2984
16 2984
17 2984
18 2984
19 2984
20 2984
21 2984
22 2984
23 2984
24 2984
73 2950
12 2950
11 2950
10 2950
9 2950
8 2950
7 2950
6 2950
5 2950
4 2950
3 2950
2 2950
1 2950
0 2994
77 2996
0 2997
81 2996
8 2996
7 2996
6 2996
5 2996
4 2996
3 2996
2 2996
1 2996
0 2998
38 2973
8 2973
7 2973
6 2973
5 2973
4 2973
3 2973
2 2973
1 2973
0 3000
93 2975
38 2975
8 2975
7 2975
6 2975
5 2975
4 2975
3 2975
2 2975
1 2975
84 2946
4 2946
3 2946
2 2946
1 2946
0 3002
87 2990
1 2990
48 2986
20 2986
21 2986
22 2986
23 2986
24 2986
92 2999
8 2999
7 2999
6 2999
5 2999
4 2999
3 2999
2 2999
1 2999
0 3005
51 2979
8 2979
7 2979
6 2979
5 2979
4 2979
3 2979
2 2979
1 2979
75 2995
19 2995
20 2995
21 2995
22 2995
23 2995
24 2995
50 2964
19 2964
20 2964
21 2964
22 2964
23 2964
24 2964
0 3010
0 3011
78 2987
13 2987
14 2987
15 2987
16 2987
17 2987
18 2987
19 2987
20 2987
21 2987
22 2987
23 2987
24 2987
0 3014
54 3012
1 3012
0 3017
32 3015
38 3015
11 3015
10 3015
9 3015
8 3015
7 3015
6 3015
5 3015
4 3015
3 3015
2 3015
1 3015
0 3018
35 3008
21 3008
22 3008
23 3008
24 3008
0 3021
74 2981
9 2981
8 2981
7 2981
6 2981
5 2981
4 2981
3 2981
2 2981
1 2981
0 3026
33 3023
10 3023
9 3023
8 3023
7 3023
6 3023
5 3023
4 3023
3 3023
2 3023
1 3023
49 3007
21 3007
22 3007
23 3007
24 3007
47 3009
0 3028
62 3027
23 3027
24 3027
90 3025
22 3025
23 3025
24 3025
25 3004
18 3004
19 3004
20 3004
21 3004
22 3004
23 3004
24 3004
83 3013
24 3013
0 3031
57 3003
42 3032
0 3035
44 2978
8 2978
7 2978
6 2978
5 2978
4 2978
3 2978
2 2978
1 2978
90 3032
23 3032
24 3032
59 3020
0 3041
0 3042
80 3036
21 3036
22 3036
23 3036
24 3036
69 3040
0 3045
28 3001
10 3001
9 3001
8 3001
7 3001
6 3001
5 3001
4 3001
3 3001
2 3001
1 3001
60 3046
10 3046
9 3046
8 3046
7 3046
6 3046
5 3046
4 3046
3 3046
2 3046
1 3046
0 3048
66 3047
9 3047
8 3047
7 3047
6 3047
5 3047
4 3047
3 3047
2 3047
1 3047
0 3050
94 3037
14 3037
15 3037
16 3037
17 3037
18 3037
19 3037
20 3037
21 3037
22 3037
23 3037
24 3037
71 3009
5 3009
4 3009
3 3009
2 3009
1 3009
26 2937
15 2937
16 2937
17 2937
18 2937
19 2937
20 2937
21 2937
22 2937
23 2937
24 2937
0 3054
76 3043
1 3043
43 3024
6 3024
5 3024
4 3024
3 3024
2 3024
1 3024
46 3039
64 3044
43 3044
6 3044
5 3044
4 3044
3 3044
2 3044
1 3044
0 3055
40 3029
10 3029
9 3029
8 3029
7 3029
6 3029
5 3029
4 3029
3 3029
2 3029
1 3029
82 3057
21 3057
22 3057
23 3057
24 3057
86 3033
15 3033
16 3033
17 3033
18 3033
19 3033
20 3033
21 3033
22 3033
23 3033
24 3033
56 2963
18 2963
19 2963
20 2963
21 2963
22 2963
23 2963
24 2963
35 3040
2 3040
1 3040
0 3059
85 3052
13 3052
14 3052
15 3052
16 3052
17 3052
18 3052
19 3052
20 3052
21 3052
22 3052
23 3052
24 3052
39 3034
0 3060
27 3056
9 3056
8 3056
7 3056
6 3056
5 3056
4 3056
3 3056
2 3056
1 3056
72 3053
10 3053
9 3053
8 3053
7 3053
6 3053
5 3053
4 3053
3 3053
2 3053
1 3053
68 3016
14 3016
15 3016
16 3016
17 3016
18 3016
19 3016
20 3016
21 3016
22 3016
23 3016
24 3016
0 3061
0 3063
30 3062
1 3062
0 3067
52 3030
14 3030
15 3030
16 3030
17 3030
18 3030
19 3030
20 3030
21 3030
22 3030
23 3030
24 3030
36 3068
7 3068
6 3068
5 3068
4 3068
3 3068
2 3068
1 3068
