0 1132
0 1133
0 1134
0 1135
0 1142
0 1143
0 1144
0 1145
0 1146
0 1147
0 1148
0 1149
0 1150
0 1151
26 1154
27 1160
11 1160
10 1160
9 1160
8 1160
7 1160
6 1160
5 1160
4 1160
3 1160
2 1160
1 1160
28 1163
5 1163
4 1163
3 1163
2 1163
1 1163
0 1167
0 1169
0 1170
33 1168
10 1168
9 1168
8 1168
7 1168
6 1168
5 1168
4 1168
3 1168
2 1168
1 1168
0 1171
0 1172
0 1173
32 1157
0 1175
0 1176
0 1177
0 1179
0 1180
0 1182
31 1181
13 1181
14 1181
15 1181
16 1181
17 1181
18 1181
19 1181
20 1181
21 1181
22 1181
23 1181
24 1181
25 1174
0 1183
0 1184
34 1178
3 1178
2 1178
1 1178
30 1154
8 1154
7 1154
6 1154
5 1154
4 1154
3 1154
2 1154
1 1154
26 1189
8 1189
7 1189
6 1189
5 1189
4 1189
3 1189
2 1189
1 1189
0 1195
0 1196
29 1152
8 1152
7 1152
6 1152
5 1152
4 1152
3 1152
2 1152
1 1152
0 1197
0 1199
0 1206
0 1207
0 1208
0 1209
27 1210
6 1210
5 1210
4 1210
3 1210
2 1210
1 1210
0 1211
0 1212
0 1213
0 1215
34 1214
14 1214
15 1214
16 1214
17 1214
18 1214
19 1214
20 1214
21 1214
22 1214
23 1214
24 1214
0 1217
0 1219
28 1223
3 1223
2 1223
1 1223
33 1198
7 1198
6 1198
5 1198
4 1198
3 1198
2 1198
1 1198
32 1216
21 1216
22 1216
23 1216
24 1216
29 1227
20 1227
21 1227
22 1227
23 1227
24 1227
25 1218
19 1218
20 1218
21 1218
22 1218
23 1218
24 1218
0 1233
0 1234
0 1236
0 1237
0 1239
0 1240
0 1241
0 1242
0 1243
0 1244
30 1238
4 1238
3 1238
2 1238
1 1238
0 1245
26 1231
4 1231
3 1231
2 1231
1 1231
0 1246
31 1235
13 1235
14 1235
15 1235
16 1235
17 1235
18 1235
19 1235
20 1235
21 1235
22 1235
23 1235
24 1235
0 1247
0 1248
0 1257
0 1258
29 1259
8 1259
7 1259
6 1259
5 1259
4 1259
3 1259
2 1259
1 1259
0 1260
0 1261
0 1269
25 1266
0 1270
0 1272
0 1274
28 1273
23 1273
24 1273
0 1275
0 1276
0 1277
0 1279
0 1281
32 1278
17 1278
18 1278
19 1278
20 1278
21 1278
22 1278
23 1278
24 1278
0 1282
31 1280
3 1280
2 1280
1 1280
34 1266
15 1266
16 1266
17 1266
18 1266
19 1266
20 1266
21 1266
22 1266
23 1266
24 1266
27 1271
11 1271
10 1271
9 1271
8 1271
7 1271
6 1271
5 1271
4 1271
3 1271
2 1271
1 1271
0 1294
33 1284
9 1284
8 1284
7 1284
6 1284
5 1284
4 1284
3 1284
2 1284
1 1284
0 1295
0 1296
0 1297
0 1298
0 1299
0 1302
30 1300
2 1300
1 1300
0 1303
0 1304
26 1301
3 1301
2 1301
1 1301
0 1305
0 1306
0 1308
29 1307
2 1307
1 1307
0 1309
0 1310
