49 2373 0 100 0.2 2.08447 2.28447
73 2382 0 100 0.2 2.32112 2.52112
42 2390 0 100 9.33608e-08 2.52218 2.52218
27 2388 0 100 0.1 2.47155 2.57155
82 2371 0 100 0.6 2.02143 2.62143
54 2393 0 100 0.1 2.62678 2.72678
79 2375 0 100 0.6 2.16334 2.76334
39 2398 0 100 9.33608e-08 2.81792 2.81792
33 2395 0 100 0.1 2.75022 2.85022
36 2377 0 100 0.8 2.1852 2.9852
37 2378 0 100 0.8 2.21228 3.01228
76 2374 0 100 0.9 2.12242 3.02242
45 2397 0 100 0.3 2.81191 3.11191
83 2405 0 100 0.2 3.02492 3.22492
31 2386 0 100 0.8 2.43016 3.23016
56 2413 0 100 0.1 3.31796 3.41796
52 2418 0 100 9.33608e-08 3.43328 3.43328
40 2399 0 100 0.6 2.84031 3.44031
70 2408 0 100 0.4 3.09113 3.49113
64 2383 0 100 1.2 2.34824 3.54824
69 2421 0 100 0.1 3.5101 3.6101
63 2423 0 100 7.00206e-08 3.61596 3.61596
65 2400 0 100 0.8 2.8407 3.6407
74 2424 0 100 1.16701e-07 3.64206 3.64206
75 2381 0 100 1.5 2.2913 3.7913
28 2409 0 100 0.7 3.10189 3.80189
51 2406 0 100 1 3.03859 4.03859
30 2402 0 100 1.1 2.95413 4.05413
29 2425 0 100 0.4 3.66549 4.06549
47 2416 0 100 0.7 3.3913 4.0913
81 2427 0 100 0.5 3.74135 4.24135
72 2435 0 100 0.1 4.1546 4.2546
38 2385 0 100 1.9 2.38095 4.28095
35 2417 0 100 1.1 3.41163 4.51163
32 2404 0 100 1.6 2.99313 4.59313
62 2442 0 100 0.3 4.41197 4.71198
25 2391 0 100 2.2 2.53286 4.73286
66 2410 0 100 1.6 3.14923 4.74923
43 2415 0 100 1.4 3.37147 4.77147
55 2457 0 100 1.28371e-07 4.84958 4.84958
60 2420 0 100 1.4 3.46876 4.86876
44 2453 0 100 0.2 4.70894 4.90894
26 2443 0 100 0.5 4.43386 4.93386
67 2445 0 100 0.5 4.48177 4.98177
53 2456 0 100 0.2 4.84246 5.04246
59 2447 0 100 0.6 4.49407 5.09407
57 2455 0 100 0.3 4.79744 5.09744
50 2389 0 100 2.7 2.50824 5.20824
41 2434 0 100 1.4 4.07597 5.47597
71 2431 0 100 1.6 3.88684 5.48684
84 2449 0 100 0.9 4.59026 5.49026
34 2380 0 100 3.4 2.27141 5.67141
37 2466 0 100 0.3 5.39638 5.69638
39 2458 0 100 0.9 4.8581 5.7581
42 2474 0 100 3.50103e-08 5.90906 5.90906
77 2450 0 100 1.3 4.6519 5.9519
52 2472 0 100 0.2 5.77409 5.97409
68 2438 0 100 1.7 4.31422 6.01422
46 2440 0 100 1.7 4.32142 6.02142
48 2460 0 100 1.3 4.87688 6.17688
78 2428 0 100 2.6 3.76363 6.36363
79 2479 0 100 0.2 6.24214 6.44214
40 2484 0 100 0.1 6.47478 6.57478
27 2485 0 100 0.1 6.48811 6.58811
80 2446 0 100 2.1 4.49288 6.59288
61 2439 0 100 2.5 4.32065 6.82065
73 2497 0 100 0.1 7.03539 7.13539
47 2481 0 100 0.8 6.36644 7.16644
82 2476 0 100 1.3 6.00078 7.30078
64 2507 0 100 1.28371e-07 7.35672 7.35672
81 2491 0 100 0.6 6.81134 7.41134
25 2506 0 100 0.1 7.32795 7.42795
45 2496 0 100 0.5 6.97094 7.47094
76 2489 0 100 0.8 6.68602 7.48602
51 2487 0 100 1 6.56972 7.56972
54 2499 0 100 0.5 7.07192 7.57192
44 2511 0 100 0.1 7.53702 7.63702
70 2468 0 100 2.2 5.52156 7.72156
49 2500 0 100 0.6 7.1337 7.7337
32 2512 0 100 0.2 7.5471 7.7471
46 2514 0 100 0.2 7.59141 7.79141
29 2515 0 100 0.2 7.62144 7.82145
74 2504 0 100 0.6 7.28432 7.88432
33 2502 0 100 0.9 7.18882 8.08882
41 2526 0 100 0.1 8.09327 8.19327
34 2530 0 100 9.33608e-08 8.24408 8.24408
57 2529 0 100 0.1 8.16887 8.26887
43 2519 0 100 0.5 7.78398 8.28398
83 2505 0 100 1 7.28997 8.28997
63 2536 0 100 9.33608e-08 8.41008 8.41008
67 2535 0 100 0.1 8.4085 8.5085
65 2539 0 100 1.51711e-07 8.53167 8.53167
56 2522 0 100 0.7 7.90958 8.60958
60 2524 0 100 0.6 8.03265 8.63265
58 2537 0 100 0.2 8.44187 8.64187
58 2452 0 100 4 4.67095 8.67095
50 2540 0 100 0.4 8.53301 8.93301
66 2551 0 100 1.28371e-07 8.96903 8.96903
39 2521 0 100 1.1 7.88297 8.98297
55 2510 0 100 1.5 7.52731 9.02731
36 2493 0 100 2.4 6.88675 9.28675
31 2495 0 100 2.4 6.96804 9.36804
76 2557 0 100 0.1 9.27929 9.37929
62 2562 0 100 2.33402e-08 9.38381 9.38381
84 2558 0 100 0.1 9.34625 9.44625
38 2543 0 100 0.9 8.63243 9.53243
68 2565 0 100 5.83505e-08 9.58954 9.58954
53 2541 0 100 1.1 8.53378 9.63378
26 2561 0 100 0.3 9.37361 9.67361
72 2527 0 100 1.6 8.15016 9.75016
80 2570 0 100 1.16701e-07 9.95404 9.95404
79 2547 0 100 1.6 8.81423 10.4142
42 2568 0 100 0.8 9.79002 10.59
40 2585 0 100 0.1 10.6808 10.7808
30 2549 0 100 1.9 8.89955 10.7996
44 2582 0 100 0.2 10.6002 10.8002
35 2559 0 100 1.5 9.36133 10.8613
59 2534 0 100 2.5 8.40088 10.9009
81 2583 0 100 0.3 10.6446 10.9446
75 2545 0 100 2.2 8.76457 10.9646
52 2552 0 100 2.1 8.98787 11.0879
34 2590 0 100 0.1 11.0519 11.1519
78 2591 0 100 0.1 11.0568 11.1568
47 2575 0 100 0.9 10.2992 11.1992
74 2594 0 100 0.1 11.1102 11.2102
48 2554 0 100 2.1 9.14793 11.2479
43 2586 0 100 0.8 10.6954 11.4954
50 2606 0 100 1.16701e-07 11.51 11.51
58 2604 0 100 0.2 11.4258 11.6258
45 2597 0 100 0.5 11.1688 11.6688
28 2599 0 100 0.5 11.3042 11.8042
46 2610 0 100 0.1 11.7292 11.8292
27 2593 0 100 0.8 11.0789 11.8789
73 2600 0 100 0.6 11.336 11.936
49 2595 0 100 0.9 11.1227 12.0227
25 2603 0 100 0.7 11.3825 12.0825
70 2577 0 100 1.7 10.3996 12.0996
33 2620 0 100 0.1 12.1179 12.2179
30 2626 0 100 1.16701e-07 12.2368 12.2368
67 2601 0 100 0.9 11.3374 12.2374
82 2615 0 100 0.3 11.9715 12.2715
84 2624 0 100 0.1 12.2031 12.3031
68 2617 0 100 0.3 12.0227 12.3227
63 2628 0 100 1.51711e-07 12.3611 12.3611
37 2532 0 100 4.1 8.33612 12.4361
60 2631 0 100 9.33608e-08 12.4437 12.4437
51 2618 0 100 0.4 12.065 12.465
61 2608 0 100 1.1 11.6033 12.7033
65 2633 0 100 0.2 12.5184 12.7184
32 2635 0 100 0.2 12.5927 12.7927
69 2642 0 100 1.51711e-07 12.8489 12.8489
64 2621 0 100 0.7 12.1642 12.8642
76 2625 0 100 0.7 12.2354 12.9354
77 2579 0 100 2.6 10.4573 13.0573
80 2623 0 100 0.9 12.1849 13.0849
54 2612 0 100 1.4 11.818 13.218
36 2650 0 100 5.83505e-08 13.2588 13.2588
52 2648 0 100 0.1 13.1825 13.2825
26 2616 0 100 1.3 12.0034 13.3034
57 2630 0 100 0.9 12.4073 13.3073
83 2578 0 100 3 10.4517 13.4517
42 2654 0 100 0.2 13.3496 13.5496
31 2649 0 100 0.3 13.2534 13.5534
41 2638 0 100 0.9 12.7293 13.6293
79 2641 0 100 0.8 12.8298 13.6298
29 2640 0 100 0.9 12.7865 13.6865
56 2652 0 100 0.6 13.3135 13.9135
28 2517 0 100 6.4 7.69772 14.0977
46 2668 0 100 1.40041e-07 14.1647 14.1647
38 2646 0 100 1 13.1666 14.1666
27 2666 0 100 0.2 13.9989 14.1989
39 2659 0 100 0.5 13.7076 14.2076
67 2673 0 100 4.66804e-08 14.3058 14.3058
68 2676 0 100 0.1 14.36 14.46
55 2662 0 100 0.7 13.7805 14.4805
78 2682 0 100 1.51711e-07 14.5586 14.5586
30 2680 0 100 0.1 14.4937 14.5937
40 2663 0 100 0.8 13.7945 14.5945
62 2636 0 100 2 12.6059 14.6059
82 2674 0 100 0.3 14.3184 14.6184
70 2675 0 100 0.3 14.3498 14.6498
49 2691 0 100 8.16907e-08 14.8977 14.8977
75 2678 0 100 0.5 14.4146 14.9146
51 2688 0 100 0.1 14.827 14.927
