0 1523
0 1524
0 1525
0 1526
0 1527
0 1528
0 1529
0 1530
0 1531
0 1532
0 1533
0 1535
0 1536
0 1537
0 1538
0 1539
0 1540
0 1541
0 1542
0 1543
0 1545
0 1547
0 1549
0 1550
53 1544
5 1544
4 1544
3 1544
2 1544
1 1544
0 1551
0 1554
0 1557
0 1558
0 1563
0 1564
0 1566
54 1559
17 1559
18 1559
19 1559
20 1559
21 1559
22 1559
23 1559
24 1559
37 1568
17 1568
18 1568
19 1568
20 1568
21 1568
22 1568
23 1568
24 1568
0 1569
46 1553
9 1553
8 1553
7 1553
6 1553
5 1553
4 1553
3 1553
2 1553
1 1553
0 1571
33 1552
3 1552
2 1552
1 1552
0 1572
32 1548
5 1548
4 1548
3 1548
2 1548
1 1548
0 1573
0 1574
36 1560
45 1562
15 1562
16 1562
17 1562
18 1562
19 1562
20 1562
21 1562
22 1562
23 1562
24 1562
49 1576
20 1576
21 1576
22 1576
23 1576
24 1576
0 1577
0 1578
34 1579
10 1579
9 1579
8 1579
7 1579
6 1579
5 1579
4 1579
3 1579
2 1579
1 1579
28 1556
8 1556
7 1556
6 1556
5 1556
4 1556
3 1556
2 1556
1 1556
0 1583
30 1575
6 1575
5 1575
4 1575
3 1575
2 1575
1 1575
44 1567
0 1586
40 1560
15 1560
16 1560
17 1560
18 1560
19 1560
20 1560
21 1560
22 1560
23 1560
24 1560
25 1546
8 1546
7 1546
6 1546
5 1546
4 1546
3 1546
2 1546
1 1546
48 1585
6 1585
5 1585
4 1585
3 1585
2 1585
1 1585
0 1587
31 1582
5 1582
4 1582
3 1582
2 1582
1 1582
0 1589
41 1580
13 1580
14 1580
15 1580
16 1580
17 1580
18 1580
19 1580
20 1580
21 1580
22 1580
23 1580
24 1580
47 1584
9 1584
8 1584
7 1584
6 1584
5 1584
4 1584
3 1584
2 1584
1 1584
0 1592
0 1593
27 1561
23 1561
24 1561
0 1594
0 1596
0 1598
39 1555
16 1555
17 1555
18 1555
19 1555
20 1555
21 1555
22 1555
23 1555
24 1555
38 1599
15 1599
16 1599
17 1599
18 1599
19 1599
20 1599
21 1599
22 1599
23 1599
24 1599
0 1601
43 1597
14 1597
15 1597
16 1597
17 1597
18 1597
19 1597
20 1597
21 1597
22 1597
23 1597
24 1597
0 1602
51 1570
11 1570
10 1570
9 1570
8 1570
7 1570
6 1570
5 1570
4 1570
3 1570
2 1570
1 1570
0 1603
0 1606
42 1590
8 1590
7 1590
6 1590
5 1590
4 1590
3 1590
2 1590
1 1590
40 1591
21 1591
22 1591
23 1591
24 1591
0 1607
0 1608
0 1609
0 1611
54 1605
4 1605
3 1605
2 1605
1 1605
53 1610
20 1610
21 1610
22 1610
23 1610
24 1610
26 1600
23 1600
24 1600
0 1612
0 1613
0 1614
0 1616
35 1581
20 1581
21 1581
22 1581
23 1581
24 1581
0 1617
0 1618
0 1619
52 1595
5 1595
4 1595
3 1595
2 1595
1 1595
0 1622
0 1624
29 1588
11 1588
10 1588
9 1588
8 1588
7 1588
6 1588
5 1588
4 1588
3 1588
2 1588
1 1588
0 1625
0 1627
0 1628
39 1626
2 1626
1 1626
0 1630
0 1631
37 1632
11 1632
10 1632
9 1632
8 1632
7 1632
6 1632
5 1632
4 1632
3 1632
2 1632
1 1632
0 1633
0 1634
33 1615
22 1615
23 1615
24 1615
0 1636
0 1638
0 1639
50 1565
9 1565
8 1565
7 1565
6 1565
5 1565
4 1565
3 1565
2 1565
1 1565
0 1641
0 1642
0 1644
0 1647
49 1645
16 1645
17 1645
18 1645
19 1645
20 1645
21 1645
22 1645
23 1645
24 1645
48 1646
0 1648
0 1650
36 1637
10 1637
9 1637
8 1637
7 1637
6 1637
5 1637
4 1637
3 1637
2 1637
1 1637
47 1649
3 1649
2 1649
1 1649
0 1651
0 1653
0 1655
32 1635
4 1635
3 1635
2 1635
1 1635
51 1654
3 1654
2 1654
1 1654
46 1629
9 1629
8 1629
7 1629
6 1629
5 1629
4 1629
3 1629
2 1629
1 1629
41 1623
9 1623
8 1623
7 1623
6 1623
5 1623
4 1623
3 1623
2 1623
1 1623
0 1657
25 1658
5 1658
4 1658
3 1658
2 1658
1 1658
0 1659
34 1652
9 1652
8 1652
7 1652
6 1652
5 1652
4 1652
3 1652
2 1652
1 1652
0 1661
31 1640
2 1640
1 1640
27 1660
19 1660
20 1660
21 1660
22 1660
23 1660
24 1660
0 1665
0 1666
0 1668
45 1620
16 1620
17 1620
18 1620
19 1620
20 1620
21 1620
22 1620
23 1620
24 1620
44 1656
0 1670
0 1671
28 1643
9 1643
8 1643
7 1643
6 1643
5 1643
4 1643
3 1643
2 1643
1 1643
52 1672
19 1672
20 1672
21 1672
22 1672
23 1672
24 1672
0 1674
0 1675
0 1677
0 1679
40 1673
0 1680
29 1678
1 1678
36 1673
18 1673
19 1673
20 1673
21 1673
22 1673
23 1673
24 1673
0 1681
0 1683
0 1686
38 1667
16 1667
17 1667
18 1667
19 1667
20 1667
21 1667
22 1667
23 1667
24 1667
0 1687
35 1669
15 1669
16 1669
17 1669
18 1669
19 1669
20 1669
21 1669
22 1669
23 1669
24 1669
0 1688
26 1684
20 1684
21 1684
22 1684
23 1684
24 1684
54 1662
27 1662
1 1662
0 1690
30 1663
12 1663
11 1663
10 1663
9 1663
8 1663
7 1663
6 1663
5 1663
4 1663
3 1663
2 1663
1 1663
50 1682
23 1682
24 1682
0 1691
33 1676
12 1676
11 1676
10 1676
9 1676
8 1676
7 1676
6 1676
5 1676
4 1676
3 1676
2 1676
1 1676
0 1692
0 1693
0 1694
0 1695
0 1696
0 1697
42 1685
11 1685
10 1685
9 1685
8 1685
7 1685
6 1685
5 1685
4 1685
3 1685
2 1685
1 1685
0 1698
0 1699
36 1700
0 1701
0 1703
0 1707
44 1708
12 1708
11 1708
10 1708
9 1708
8 1708
7 1708
6 1708
5 1708
4 1708
3 1708
2 1708
1 1708
0 1709
0 1710
0 1713
47 1702
21 1702
22 1702
23 1702
24 1702
0 1714
51 1706
20 1706
21 1706
22 1706
23 1706
24 1706
53 1689
1 1689
0 1717
39 1711
2 1711
1 1711
37 1712
10 1712
9 1712
8 1712
7 1712
6 1712
5 1712
4 1712
3 1712
2 1712
1 1712
0 1718
0 1719
0 1722
32 1721
23 1721
24 1721
43 1664
1 1664
0 1726
25 1704
24 1704
0 1727
49 1720
13 1720
14 1720
15 1720
16 1720
17 1720
18 1720
19 1720
20 1720
21 1720
22 1720
23 1720
24 1720
0 1729
0 1731
0 1732
0 1734
0 1736
0 1737
0 1739
0 1740
0 1742
46 1716
8 1716
7 1716
6 1716
5 1716
4 1716
3 1716
2 1716
1 1716
0 1743
28 1733
5 1733
4 1733
3 1733
2 1733
1 1733
48 1728
2 1728
1 1728
0 1747
26 1744
12 1744
11 1744
10 1744
9 1744
8 1744
7 1744
6 1744
5 1744
4 1744
3 1744
2 1744
1 1744
54 1746
18 1746
19 1746
20 1746
21 1746
22 1746
23 1746
24 1746
50 1738
14 1738
15 1738
16 1738
17 1738
18 1738
19 1738
20 1738
21 1738
22 1738
23 1738
24 1738
40 1715
12 1715
11 1715
10 1715
9 1715
8 1715
7 1715
6 1715
5 1715
4 1715
3 1715
2 1715
1 1715
41 1730
9 1730
8 1730
7 1730
6 1730
5 1730
4 1730
3 1730
2 1730
1 1730
31 1748
1 1748
35 1725
8 1725
7 1725
6 1725
5 1725
4 1725
3 1725
2 1725
1 1725
0 1751
0 1752
0 1753
0 1754
0 1756
52 1735
18 1735
19 1735
20 1735
21 1735
22 1735
23 1735
24 1735
0 1757
45 1741
16 1741
17 1741
18 1741
19 1741
20 1741
21 1741
22 1741
23 1741
24 1741
42 1755
2 1755
1 1755
0 1758
0 1760
34 1723
12 1723
11 1723
10 1723
9 1723
8 1723
7 1723
6 1723
5 1723
4 1723
3 1723
2 1723
1 1723
27 1745
22 1745
23 1745
24 1745
0 1762
38 1761
13 1761
14 1761
15 1761
16 1761
17 1761
18 1761
19 1761
20 1761
21 1761
22 1761
23 1761
24 1761
0 1764
