62 2059 2.04097
48 2062 2.16456
25 2064 2.35317
67 2065 2.35368
41 2067 2.38542
30 2068 2.39992
51 2069 2.41009
45 2070 2.45379
73 2072 2.46387
38 2073 2.53521
28 2075 2.57332
34 2078 2.80939
35 2079 2.82297
68 2080 2.84882
61 2081 2.85591
31 2083 2.87123
47 2084 2.90252
74 2086 2.99063
63 2087 2.99214
52 2088 2.99911
36 2089 3.03403
53 2091 3.09731
27 2093 3.18315
65 2094 3.18874
50 2095 3.20603
60 2096 3.23085
29 2101 3.58358
46 2105 3.93757
44 2107 3.99585
56 2108 4.05335
59 2110 4.08256
39 2112 4.26192
71 2114 4.27405
49 2115 4.31923
32 2116 4.32304
40 2117 4.33333
26 2119 4.44868
58 2121 4.46296
54 2122 4.46991
57 2123 4.51319
67 2125 4.63516
33 2127 4.66909
55 2128 4.67262
72 2129 4.67996
69 2130 4.70246
37 2131 4.73603
70 2133 4.81744
43 2135 4.87413
66 2136 4.89785
64 2137 4.90168
42 2138 4.90492
31 2143 5.30229
28 2147 5.59628
25 2149 5.71662
30 2151 5.78582
62 2154 6.00323
29 2157 6.18699
35 2159 6.36027
41 2162 6.49181
47 2163 6.55076
74 2165 6.59719
51 2166 6.63629
49 2168 6.71661
71 2169 6.74551
38 2171 6.84022
56 2174 7.05397
68 2176 7.14516
36 2178 7.18019
32 2180 7.27079
67 2181 7.33091
70 2182 7.35658
73 2184 7.45195
55 2186 7.46947
50 2187 7.4773
27 2188 7.47733
53 2189 7.47938
65 2193 7.84132
40 2194 7.85109
52 2195 7.85317
64 2197 7.87605
45 2198 7.93787
25 2200 8.04177
44 2202 8.06558
60 2203 8.10237
54 2205 8.20144
39 2210 8.60658
61 2214 8.90261
59 2216 8.99907
57 2218 9.09744
31 2219 9.1016
72 2224 9.47129
37 2225 9.54389
28 2228 9.67714
48 2229 9.73744
29 2230 9.75918
66 2232 9.79095
46 2233 9.79267
58 2234 9.83027
47 2237 10.0243
33 2239 10.0716
26 2241 10.1666
36 2243 10.2729
27 2244 10.32
42 2245 10.3398
49 2247 10.3642
30 2248 10.424
53 2250 10.4743
41 2252 10.5764
32 2253 10.6086
43 2255 10.6931
25 2256 10.7127
62 2258 10.782
74 2259 10.8287
34 2260 10.8358
63 2265 11.1628
70 2268 11.4144
73 2269 11.4158
50 2270 11.4395
40 2271 11.4426
54 2273 11.5166
68 2275 11.6227
35 2276 11.6592
55 2278 11.7322
60 2279 11.7464
37 2285 12.222
61 2286 12.2535
67 2288 12.3289
44 2289 12.3591
26 2291 12.4096
42 2292 12.4096
59 2293 12.4594
45 2297 12.672
33 2298 12.7326
65 2300 12.8247
51 2301 12.8422
36 2303 12.9255
64 2305 12.9687
48 2306 13.01
56 2307 13.0615
39 2309 13.0984
34 2310 13.1045
32 2312 13.2167
41 2314 13.2859
72 2315 13.3441
29 2317 13.424
31 2319 13.4874
40 2324 13.9424
58 2326 13.9691
50 2327 13.9907
49 2329 14.0734
25 2330 14.1092
57 2331 14.1265
52 2333 14.205
74 2335 14.3579
35 2337 14.4408
43 2339 14.5008
66 2340 14.5435
37 2344 14.799
38 2346 14.8663
47 2347 14.9064
59 2348 14.9072
33 2350 14.9647
