29 1
34 1
16 1
15 1
17 1
14 1
18 1
13 1
19 1
12 1
20 1
11 1
21 1
10 1
22 1
9 1
23 1
8 1
24 1
7 1
6 1
5 1
4 1
3 1
2 1
1 1
26 0
12 0
11 0
13 0
10 0
14 0
9 0
15 0
8 0
16 0
7 0
17 0
6 0
18 0
5 0
19 0
29 0
4 0
20 0
3 0
21 0
2 0
22 0
1 0
23 0
24 0
32 1
26 2
7 2
6 2
8 2
5 2
9 2
4 2
10 2
3 2
11 2
2 2
12 2
1 2
13 2
14 2
15 2
16 2
17 2
18 2
19 2
20 2
21 2
22 2
23 2
24 2
27 1
26 3
19 3
18 3
20 3
17 3
21 3
16 3
22 3
15 3
23 3
14 3
24 3
13 3
12 3
11 3
10 3
9 3
8 3
7 3
6 3
5 3
4 3
3 3
2 3
1 3
28 1
26 4
8 4
7 4
9 4
6 4
10 4
5 4
11 4
4 4
12 4
3 4
13 4
2 4
14 4
1 4
15 4
16 4
17 4
18 4
19 4
20 4
21 4
22 4
23 4
24 4
