113 77
75 77
92 77
29 78
67 78
43 80
96 81
61 81
8 81
7 81
9 81
31 81
45 81
6 81
25 81
10 81
5 81
38 81
64 81
11 81
4 81
12 81
59 81
114 81
3 81
13 81
41 81
55 81
70 81
101 81
2 81
73 81
78 81
14 81
51 81
1 81
39 81
63 81
15 81
16 81
17 81
35 81
47 81
18 81
84 81
19 81
20 81
33 81
76 81
83 81
21 81
40 81
103 81
108 81
22 81
42 81
46 81
23 81
60 81
71 81
24 81
75 81
57 81
68 81
28 77
24 77
23 77
22 77
21 77
20 77
19 77
18 77
17 77
16 77
15 77
14 77
13 77
12 77
11 77
10 77
9 77
8 77
7 77
61 77
6 77
5 77
4 77
3 77
2 77
1 77
62 81
54 79
16 79
15 79
17 79
14 79
18 79
13 79
19 79
12 79
20 79
11 79
21 79
10 79
22 79
9 79
23 79
8 79
24 79
7 79
6 79
5 79
4 79
3 79
2 79
1 79
28 82
2 82
1 82
3 82
4 82
5 82
6 82
7 82
8 82
9 82
10 82
11 82
12 82
13 82
14 82
15 82
16 82
17 82
18 82
19 82
20 82
21 82
22 82
23 82
24 82
77 81
113 81
49 81
66 81
44 81
40 77
97 81
121 81
58 81
87 81
99 81
123 81
40 83
44 83
44 84
109 80
19 80
18 80
20 80
17 80
21 80
16 80
22 80
15 80
23 80
14 80
24 80
13 80
12 80
11 80
10 80
9 80
8 80
7 80
6 80
5 80
4 80
3 80
2 80
1 80
53 81
40 84
9 84
8 84
10 84
7 84
11 84
6 84
12 84
5 84
13 84
4 84
14 84
3 84
15 84
2 84
16 84
1 84
17 84
18 84
19 84
20 84
21 84
22 84
23 84
24 84
44 80
85 81
118 81
100 81
45 77
97 83
12 83
11 83
13 83
10 83
14 83
9 83
15 83
8 83
16 83
7 83
17 83
6 83
18 83
5 83
19 83
4 83
20 83
3 83
21 83
2 83
22 83
1 83
23 83
24 83
30 81
82 81
40 80
112 78
22 78
21 78
23 78
20 78
24 78
19 78
18 78
17 78
16 78
15 78
14 78
13 78
12 78
11 78
10 78
9 78
8 78
7 78
6 78
5 78
4 78
3 78
2 78
1 78
29 81
79 81
116 81
111 81
115 81
86 81
90 81
124 77
105 81
28 81
63 77
66 80
107 81
97 80
104 81
40 78
80 81
121 80
99 80
81 81
123 80
90 87
16 87
15 87
17 87
14 87
18 87
13 87
19 87
12 87
20 87
11 87
66 87
21 87
10 87
22 87
9 87
23 87
8 87
24 87
7 87
6 87
5 87
4 87
3 87
2 87
1 87
118 83
100 77
116 86
22 86
21 86
23 86
20 86
24 86
19 86
18 86
17 86
16 86
15 86
14 86
13 86
12 86
11 86
10 86
9 86
8 86
7 86
6 86
5 86
4 86
3 86
2 86
1 86
106 81
82 78
112 81
32 81
93 81
79 85
2 85
1 85
3 85
4 85
5 85
6 85
7 85
8 85
9 85
10 85
11 85
12 85
13 85
14 85
15 85
16 85
17 85
18 85
19 85
20 85
21 85
22 85
23 85
24 85
122 77
28 87
89 81
105 87
40 87
107 87
97 78
52 81
65 81
56 81
123 87
69 81
