58 5028 0 100 0.1 2.01775 2.11775
39 5029 0 100 0.1 2.04067 2.14067
29 5032 0 100 0.1 2.24366 2.34366
35 5038 0 100 0.2 2.42614 2.62614
26 5036 0 100 0.5 2.37367 2.87367
30 5042 0 100 0.3 2.65285 2.95285
40 5034 0 100 0.6 2.364 2.964
41 5040 0 100 0.7 2.50097 3.20097
54 5048 0 100 0.2 3.04049 3.24049
52 5053 0 100 0.1 3.20984 3.30984
60 5045 0 100 0.7 2.78999 3.48999
25 5059 0 100 0.1 3.4101 3.5101
44 5056 0 100 0.2 3.34044 3.54044
56 5061 0 100 0.2 3.44663 3.64663
55 5064 0 100 0.1 3.57583 3.67583
34 5068 0 100 0.1 3.74444 3.84444
31 5049 0 100 0.8 3.04506 3.84506
32 5070 0 100 0.2 3.77852 3.97852
51 5077 0 100 1.28371e-07 4.10889 4.10889
36 5078 0 100 7.00206e-08 4.11092 4.11092
38 5079 0 100 7.00206e-08 4.12865 4.12865
28 5080 0 100 2.33402e-08 4.15468 4.15468
47 5058 0 100 0.8 3.38058 4.18058
27 5037 0 100 1.8 2.40346 4.20346
46 5065 0 100 0.6 3.64403 4.24403
43 5074 0 100 0.3 3.96731 4.26731
64 5085 0 100 1.16701e-08 4.30781 4.30781
63 5052 0 100 1.2 3.18138 4.38138
59 5088 0 100 1.05031e-07 4.48648 4.48648
42 5060 0 100 1.1 3.43898 4.53898
53 5082 0 100 0.4 4.1777 4.5777
61 5084 0 100 0.4 4.2746 4.6746
48 5091 0 100 0.1 4.61417 4.71417
50 5071 0 100 0.9 3.8321 4.7321
33 5055 0 100 1.8 3.29478 5.09478
29 5097 0 100 0.1 5.03667 5.13667
37 5090 0 100 0.7 4.60129 5.30129
41 5104 0 100 1.51711e-07 5.53925 5.53925
40 5096 0 100 0.7 5.01431 5.71431
42 5103 0 100 0.6 5.46755 6.06755
34 5112 0 100 0.1 6.06206 6.16206
46 5108 0 100 0.5 5.8523 6.3523
39 5110 0 100 0.4 5.96563 6.36563
35 5126 0 100 1.51711e-07 6.62448 6.62448
55 5117 0 100 0.3 6.34436 6.64436
50 5125 0 100 0.1 6.61645 6.71645
57 5076 0 100 3 4.08107 7.08107
26 5119 0 100 0.7 6.39976 7.09976
47 5130 0 100 0.5 6.87818 7.37818
49 5131 0 100 0.5 6.90477 7.40477
58 5124 0 100 0.9 6.61206 7.51206
49 5066 0 100 3.9 3.65363 7.55363
45 5141 0 100 7.00206e-08 7.60928 7.60928
59 5121 0 100 1.3 6.52584 7.82584
51 5147 0 100 4.66804e-08 7.89608 7.89608
44 5114 0 100 1.8 6.10443 7.90443
63 5148 0 100 5.83505e-08 7.92123 7.92123
36 5136 0 100 0.8 7.34043 8.14043
28 5122 0 100 1.6 6.54722 8.14722
37 5155 0 100 0.1 8.2001 8.3001
25 5158 0 100 9.33608e-08 8.35376 8.35376
33 5152 0 100 0.5 8.07993 8.57993
42 5164 0 100 0.4 8.55071 8.95071
56 5157 0 100 0.9 8.27318 9.17318
32 5166 0 100 0.6 8.63288 9.23288
64 5145 0 100 1.5 7.7908 9.2908
29 5139 0 100 1.8 7.50609 9.30609
41 5153 0 100 1.4 8.08307 9.48307
40 5160 0 100 1.1 8.39627 9.49627
31 5162 0 100 1.2 8.5039 9.7039
29 5186 0 100 9.33608e-08 9.77432 9.77432
38 5163 0 100 1.3 8.52932 9.82932
62 5150 0 100 1.9 8.05509 9.95509
34 5190 0 100 0.2 10.12 10.32
60 5143 0 100 2.6 7.76242 10.3624
39 5197 0 100 0.1 10.4907 10.5907
30 5198 0 100 0.2 10.4987 10.6987
47 5182 0 100 1.1 9.62918 10.7292
27 5173 0 100 1.7 9.03528 10.7353
26 5180 0 100 1.6 9.53311 11.1331
44 5184 0 100 1.5 9.74697 11.247
58 5210 0 100 4.66804e-08 11.2676 11.2676
61 5168 0 100 2.7 8.68139 11.3814
59 5208 0 100 0.2 11.1991 11.3991
37 5214 0 100 1.40041e-07 11.4303 11.4303
57 5205 0 100 0.7 11.0709 11.7709
48 5170 0 100 3 8.80402 11.804
50 5213 0 100 0.4 11.4279 11.8279
36 5194 0 100 1.7 10.3498 12.0498
51 5217 0 100 0.5 11.5895 12.0895
49 5218 0 100 0.6 11.6374 12.2374
64 5226 0 100 1.51711e-07 12.2404 12.2404
32 5228 0 100 5.83505e-08 12.354 12.354
35 5178 0 100 3.1 9.45806 12.5581
53 5234 0 100 1.16701e-08 12.5623 12.5623
33 5233 0 100 0.1 12.5093 12.6093
63 5231 0 100 0.3 12.4441 12.7441
52 5230 0 100 0.4 12.389 12.789
43 5206 0 100 1.7 11.1359 12.8359
28 5211 0 100 1.7 11.2832 12.9832
40 5224 0 100 0.9 12.1641 13.0641
41 5238 0 100 0.8 12.6464 13.4464
60 5248 0 100 0.3 13.2297 13.5297
56 5237 0 100 1.2 12.6148 13.8148
54 5241 0 100 1.1 12.7819 13.8819
31 5235 0 100 1.5 12.5647 14.0647
27 5259 0 100 0.1 14.1514 14.2514
34 5261 0 100 0.1 14.2286 14.3286
37 5265 0 100 0.1 14.3731 14.4731
39 5267 0 100 1.05031e-07 14.5204 14.5204
64 5271 0 100 1.16701e-08 14.6929 14.6929
42 5242 0 100 2.1 12.7917 14.8917
