28 4385 0 100 9.33608e-08 2.27357 2.27357
30 4393 0 100 1.51711e-07 2.83827 2.83827
27 4388 0 100 0.4 2.45518 2.85518
25 4395 0 100 1.1 2.87434 3.97434
31 4386 0 100 1.8 2.28082 4.08082
32 4407 0 100 0.7 3.93184 4.63184
26 4411 0 100 0.5 4.16939 4.66939
34 4417 0 100 0.2 4.58689 4.78689
33 4405 0 100 1.3 3.80761 5.10761
29 4413 0 100 1.4 4.275 5.675
28 4423 0 100 1 5.10968 6.10968
30 4432 0 100 1 5.90643 6.90643
34 4448 0 100 7.00206e-08 7.30329 7.30329
25 4445 0 100 0.6 7.16248 7.76248
32 4449 0 100 1.1 7.33464 8.43464
31 4458 0 100 0.6 8.00105 8.60105
27 4453 0 100 1 7.6214 8.6214
33 4479 0 100 0.1 9.84779 9.94779
28 4481 0 100 0.4 9.93121 10.3312
30 4487 0 100 3.50103e-08 10.411 10.411
29 4475 0 100 1.2 9.55118 10.7512
26 4470 0 100 2.3 9.1484 11.4484
34 4496 0 100 0.4 11.1272 11.5272
25 4491 0 100 1 10.7496 11.7496
33 4507 0 100 4.66804e-08 12.0106 12.0106
29 4519 0 100 1.16701e-07 13.0877 13.0877
25 4531 0 100 0.3 13.9495 14.2495
32 4521 0 100 1.3 13.1815 14.4815
26 4540 0 100 5.83505e-08 14.5997 14.5997
30 4530 0 100 0.9 13.9076 14.8076
