104 7158 0 100 4.66804e-08 2.02236 2.02236
71 7159 0 100 7.00206e-08 2.03788 2.03788
77 7166 0 100 0.1 2.26379 2.36379
81 7173 0 100 1.16701e-08 2.40971 2.40971
46 7180 0 100 3.50103e-08 2.53411 2.53411
98 7183 0 100 8.16907e-08 2.56272 2.56272
44 7176 0 100 0.1 2.47461 2.57461
52 7165 0 100 0.4 2.22028 2.62028
120 7160 0 100 0.6 2.07995 2.67995
29 7186 0 100 0.1 2.60063 2.70063
117 7179 0 100 0.2 2.50236 2.70236
63 7175 0 100 0.3 2.4694 2.7694
102 7167 0 100 0.5 2.27024 2.77024
91 7191 0 100 1.28371e-07 2.77317 2.77317
61 7196 0 100 7.00206e-08 2.83453 2.83453
57 7195 0 100 0.1 2.81064 2.91064
67 7193 0 100 0.2 2.79861 2.99861
103 7201 0 100 5.83505e-08 3.07691 3.07691
90 7203 0 100 1.28371e-07 3.13073 3.13073
95 7163 0 100 1 2.18163 3.18163
115 7157 0 100 1.2 2.00258 3.20258
53 7208 0 100 1.16701e-08 3.22809 3.22809
32 7197 0 100 0.4 2.85119 3.25119
92 7187 0 100 0.6 2.65725 3.25725
55 7210 0 100 5.83505e-08 3.25736 3.25736
96 7217 0 100 1.40041e-07 3.40954 3.40954
58 7182 0 100 0.9 2.54065 3.44065
112 7205 0 100 0.3 3.16489 3.46489
38 7215 0 100 0.1 3.3649 3.4649
78 7221 0 100 2.33402e-08 3.50753 3.50753
25 7213 0 100 0.2 3.32067 3.52067
73 7214 0 100 0.2 3.33329 3.53329
39 7178 0 100 1.1 2.5002 3.6002
97 7225 0 100 0.1 3.6076 3.7076
27 7181 0 100 1.2 2.53512 3.73512
26 7188 0 100 1.1 2.66451 3.76451
85 7169 0 100 1.5 2.32151 3.82152
36 7171 0 100 1.5 2.37051 3.87051
72 7212 0 100 0.6 3.28796 3.88796
79 7223 0 100 0.4 3.56668 3.96668
116 7184 0 100 1.4 2.57382 3.97382
41 7236 0 100 8.16907e-08 4.00142 4.00142
65 7218 0 100 0.6 3.42587 4.02587
110 7233 0 100 0.2 3.84809 4.04809
47 7204 0 100 0.9 3.15304 4.05304
83 7219 0 100 0.6 3.48296 4.08296
74 7228 0 100 0.4 3.68913 4.08913
105 7237 0 100 0.1 4.02955 4.12955
121 7230 0 100 0.5 3.71829 4.21829
80 7170 0 100 1.9 2.34354 4.24354
42 7245 0 100 1.28371e-07 4.31812 4.31812
56 7239 0 100 0.4 4.10676 4.50676
35 7229 0 100 0.8 3.71363 4.51363
101 7249 0 100 0.1 4.41934 4.51934
86 7255 0 100 1.63381e-07 4.53016 4.53016
89 7250 0 100 0.1 4.45765 4.55765
71 7243 0 100 0.4 4.23474 4.63474
84 7240 0 100 0.6 4.11025 4.71025
51 7261 0 100 0.1 4.62351 4.72351
108 7265 0 100 8.16907e-08 4.75184 4.75184
100 7263 0 100 0.1 4.69872 4.79872
66 7254 0 100 0.3 4.50874 4.80874
80 7256 0 100 0.3 4.53561 4.83561
62 7264 0 100 0.1 4.74161 4.84161
82 7162 0 100 2.8 2.08453 4.88453
43 7259 0 100 0.3 4.62046 4.92046
54 7270 0 100 0.1 4.82316 4.92316
76 7209 0 100 1.7 3.23887 4.93887
123 7222 0 100 1.5 3.51367 5.01367
30 7274 0 100 0.1 4.92082 5.02082
124 7277 0 100 0.1 4.96682 5.06682
120 7272 0 100 0.3 4.86397 5.16397
119 7279 0 100 0.2 4.98586 5.18586
106 7232 0 100 1.4 3.79698 5.19698
34 7276 0 100 0.3 4.94903 5.24903
114 7260 0 100 0.7 4.62091 5.32091
107 7190 0 100 2.6 2.72296 5.32296
49 7247 0 100 1.1 4.32753 5.42753
113 7194 0 100 2.7 2.79904 5.49904
33 7242 0 100 1.3 4.22813 5.52813
87 7271 0 100 0.7 4.86159 5.56159
28 7251 0 100 1.1 4.47084 5.57084
81 7285 0 100 0.2 5.3807 5.5807
88 7253 0 100 1.1 4.48637 5.58637
65 7292 0 100 1.51711e-07 5.68995 5.68995
48 7257 0 100 1.2 4.58315 5.78315
118 7200 0 100 2.8 3.03746 5.83746
116 7284 0 100 0.5 5.36175 5.86175
59 7174 0 100 3.4 2.46615 5.86615
47 7298 0 100 0.1 5.82499 5.92499
45 7268 0 100 1.3 4.79874 6.09874
82 7303 0 100 0.1 6.06948 6.16948
37 7246 0 100 1.9 4.32603 6.22603
36 7295 0 100 0.5 5.72605 6.22605
107 7288 0 100 0.8 5.49276 6.29276
46 7312 0 100 1.16701e-07 6.29836 6.29836
122 7207 0 100 3.1 3.20671 6.30671
44 7269 0 100 1.5 4.82158 6.32158
57 7306 0 100 0.2 6.13751 6.33751
109 7226 0 100 2.7 3.63773 6.33773
103 7283 0 100 1.1 5.35927 6.45927
29 7289 0 100 0.9 5.56279 6.46279
98 7315 0 100 0.1 6.4847 6.5847
32 7325 0 100 2.33402e-08 6.66033 6.66033
75 7327 0 100 1.51711e-07 6.69547 6.69547
64 7266 0 100 2 4.77135 6.77135
42 7322 0 100 0.2 6.58299 6.78299
91 7331 0 100 1.28371e-07 6.78391 6.78391
115 7296 0 100 1.1 5.75311 6.85311
76 7329 0 100 0.1 6.76062 6.86062
31 7318 0 100 0.4 6.54437 6.94437
104 7305 0 100 0.9 6.09245 6.99245
72 7320 0 100 0.5 6.56684 7.06684
70 7333 0 100 0.2 6.94405 7.14405
68 7300 0 100 1.2 5.94995 7.14995
74 7319 0 100 0.6 6.562 7.162
52 7344 0 100 1.16701e-08 7.23813 7.23813
123 7334 0 100 0.4 6.95129 7.35129
90 7345 0 100 0.1 7.25343 7.35343
78 7302 0 100 1.3 6.06137 7.36137
67 7352 0 100 3.50103e-08 7.39283 7.39283
94 7275 0 100 2.5 4.94117 7.44117
85 7309 0 100 1.4 6.21955 7.61955
89 7358 0 100 0.1 7.59173 7.69173
39 7311 0 100 1.4 6.2937 7.6937
59 7317 0 100 1.2 6.5283 7.7283
54 7356 0 100 0.2 7.53621 7.73621
100 7346 0 100 0.5 7.26448 7.76448
69 7340 0 100 0.7 7.10506 7.80506
45 7359 0 100 0.2 7.66428 7.86428
112 7338 0 100 0.8 7.07316 7.87316
25 7324 0 100 1.3 6.5862 7.8862
95 7364 0 100 0.1 7.84024 7.94024
64 7367 0 100 2.33402e-08 7.97612 7.97612
26 7293 0 100 2.4 5.69076 8.09076
63 7328 0 100 1.4 6.71332 8.11332
35 7361 0 100 0.4 7.71642 8.11642
41 7365 0 100 0.3 7.86424 8.16424
77 7336 0 100 1.2 7.03447 8.23447
43 7373 0 100 0.1 8.17551 8.27551
55 7355 0 100 0.8 7.49272 8.29272
60 7343 0 100 1.1 7.22533 8.32533
93 7377 0 100 1.63381e-07 8.3475 8.3475
51 7337 0 100 1.3 7.07094 8.37094
80 7379 0 100 0.1 8.41401 8.51401
48 7372 0 100 0.4 8.16209 8.56209
105 7382 0 100 0.1 8.46304 8.56304
71 7384 0 100 0.1 8.48888 8.58888
34 7380 0 100 0.2 8.42726 8.62726
97 7381 0 100 0.2 8.43614 8.63614
83 7386 0 100 0.2 8.50387 8.70387
104 7388 0 100 0.2 8.53199 8.73199
58 7351 0 100 1.4 7.39022 8.79022
110 7394 0 100 5.83505e-08 8.80932 8.80932
106 7353 0 100 1.4 7.41183 8.81183
61 7348 0 100 1.6 7.29625 8.89625
44 7395 0 100 0.1 8.83273 8.93273
121 7370 0 100 1 8.00422 9.00422
79 7398 0 100 0.1 8.93649 9.03649
50 7397 0 100 0.2 8.88403 9.08403
27 7316 0 100 2.6 6.50894 9.10894
102 7342 0 100 2 7.2041 9.2041
26 7405 0 100 1.16701e-07 9.20955 9.20955
124 7402 0 100 0.1 9.10987 9.20987
84 7393 0 100 0.5 8.80627 9.30627
108 7387 0 100 0.8 8.50641 9.30641
96 7375 0 100 1.2 8.23527 9.43527
49 7362 0 100 1.7 7.7725 9.4725
53 7294 0 100 3.8 5.7036 9.5036
70 7401 0 100 0.4 9.10427 9.50427
30 7413 0 100 9.33608e-08 9.52277 9.52277
114 7415 0 100 1.05031e-07 9.54085 9.54085
73 7321 0 100 3 6.57864 9.57864
66 7414 0 100 0.1 9.54043 9.64043
103 7349 0 100 2.3 7.36152 9.66152
33 7406 0 100 0.4 9.26972 9.66972
37 7409 0 100 0.3 9.37319 9.67319
65 7419 0 100 7.00206e-08 9.68783 9.68783
82 7408 0 100 0.4 9.29216 9.69216
92 7308 0 100 3.6 6.20176 9.80176
119 7420 0 100 0.1 9.72526 9.82526
88 7423 0 100 4.66804e-08 9.85413 9.85413
56 7411 0 100 0.5 9.4635 9.9635
107 7403 0 100 0.9 9.17065 10.0707
46 7385 0 100 1.6 8.49088 10.0909
69 7430 0 100 7.00206e-08 10.1208 10.1208
120 7369 0 100 2.2 8.00068 10.2007
67 7417 0 100 0.6 9.60176 10.2018
59 7432 0 100 0.1 10.1791 10.2791
72 7391 0 100 1.6 8.69632 10.2963
99 7438 0 100 0.1 10.2522 10.3522
118 7445 0 100 7.00206e-08 10.4453 10.4453
29 7437 0 100 0.2 10.2519 10.4519
35 7434 0 100 0.3 10.1968 10.4968
91 7435 0 100 0.3 10.2204 10.5204
95 7442 0 100 0.2 10.323 10.523
77 7451 0 100 4.66804e-08 10.5496 10.5496
53 7447 0 100 0.1 10.4887 10.5887
45 7453 0 100 3.50103e-08 10.5978 10.5978
116 7443 0 100 0.3 10.3637 10.6637
60 7441 0 100 0.4 10.2954 10.6954
112 7459 0 100 1.16701e-07 10.7235 10.7235
27 7421 0 100 1 9.73456 10.7346
98 7461 0 100 7.00206e-08 10.7723 10.7723
117 7462 0 100 7.00206e-08 10.779 10.779
51 7429 0 100 0.7 10.104 10.804
103 7456 0 100 0.2 10.674 10.874
63 7450 0 100 0.4 10.5467 10.9467
57 7466 0 100 0.1 10.8489 10.9489
94 7439 0 100 0.7 10.2799 10.9799
81 7431 0 100 0.9 10.1519 11.0519
38 7454 0 100 0.4 10.6587 11.0587
90 7471 0 100 0.1 11.0264 11.1264
47 7425 0 100 1.2 9.98216 11.1822
123 7477 0 100 0.1 11.2143 11.3143
72 7483 0 100 1.05031e-07 11.4098 11.4098
92 7448 0 100 1 10.4895 11.4895
109 7482 0 100 0.1 11.3957 11.4957
32 7488 0 100 2.33402e-08 11.5059 11.5059
105 7460 0 100 0.8 10.7444 11.5444
108 7484 0 100 0.1 11.4465 11.5465
48 7475 0 100 0.5 11.1749 11.6749
114 7490 0 100 0.1 11.5801 11.6801
86 7472 0 100 0.6 11.0807 11.6807
41 7479 0 100 0.5 11.2534 11.7534
89 7458 0 100 1.1 10.6886 11.7886
68 7464 0 100 1 10.7924 11.7924
67 7499 0 100 5.83505e-08 11.8786 11.8786
42 7478 0 100 0.7 11.2185 11.9185
122 7502 0 100 1.28371e-07 11.9213 11.9213
50 7500 0 100 0.1 11.8805 11.9805
110 7486 0 100 0.6 11.4654 12.0654
25 7468 0 100 1.2 10.9672 12.1672
58 7470 0 100 1.2 11.0038 12.2038
40 7494 0 100 0.5 11.7109 12.2109
76 7455 0 100 1.6 10.6592 12.2592
113 7449 0 100 1.8 10.5117 12.3117
60 7520 0 100 1.28371e-07 12.348 12.348
96 7496 0 100 0.6 11.7966 12.3966
124 7516 0 100 0.1 12.3176 12.4176
59 7517 0 100 0.1 12.3281 12.4281
87 7518 0 100 0.1 12.3328 12.4328
80 7506 0 100 0.5 11.9943 12.4943
74 7474 0 100 1.4 11.1002 12.5002
101 7498 0 100 0.7 11.8667 12.5667
84 7526 0 100 0.1 12.5658 12.6658
61 7504 0 100 0.7 11.9659 12.6659
55 7492 0 100 1.1 11.6182 12.7182
88 7519 0 100 0.4 12.3344 12.7344
73 7513 0 100 0.5 12.2829 12.7829
91 7532 0 100 1.51711e-07 12.8206 12.8206
75 7529 0 100 0.1 12.7612 12.8612
85 7485 0 100 1.4 11.4628 12.8628
104 7538 0 100 1.16701e-08 12.8843 12.8843
65 7509 0 100 0.8 12.0865 12.8865
97 7537 0 100 0.1 12.8837 12.9837
107 7521 0 100 0.7 12.3526 13.0526
54 7534 0 100 0.3 12.8611 13.1611
73 7427 0 100 3.1 10.0778 13.1778
93 7541 0 100 0.3 13.0171 13.3171
48 7544 0 100 0.2 13.2556 13.4556
95 7540 0 100 0.5 13.0154 13.5154
51 7547 0 100 0.2 13.3397 13.5397
56 7549 0 100 0.1 13.4656 13.5656
92 7530 0 100 0.8 12.7731 13.5731
79 7503 0 100 1.7 11.9412 13.6412
115 7436 0 100 3.4 10.248 13.648
116 7553 0 100 8.16907e-08 13.67 13.67
33 7489 0 100 2.1 11.5762 13.6762
34 7533 0 100 0.9 12.8555 13.7555
106 7545 0 100 0.5 13.2771 13.7771
121 7507 0 100 1.8 12.0735 13.8735
85 7558 0 100 8.16907e-08 13.9403 13.9403
82 7559 0 100 5.83505e-08 13.9597 13.9597
28 7535 0 100 1.1 12.8691 13.9691
100 7510 0 100 1.9 12.0866 13.9866
46 7465 0 100 3.2 10.8283 14.0283
81 7561 0 100 0.1 13.9715 14.0715
31 7555 0 100 0.4 13.7108 14.1108
77 7552 0 100 0.5 13.6492 14.1492
40 7569 0 100 8.16907e-08 14.16 14.16
103 7563 0 100 0.2 14.0096 14.2096
26 7568 0 100 0.1 14.141 14.241
90 7567 0 100 0.2 14.1034 14.3034
33 7578 0 100 5.83505e-08 14.3805 14.3805
46 7565 0 100 0.3 14.0818 14.3818
30 7571 0 100 0.2 14.1877 14.3877
105 7581 0 100 1.16701e-07 14.4026 14.4026
37 7577 0 100 0.1 14.3157 14.4157
42 7583 0 100 1.51711e-07 14.4225 14.4225
110 7584 0 100 9.33608e-08 14.4244 14.4244
118 7575 0 100 0.2 14.2461 14.4461
67 7572 0 100 0.3 14.1908 14.4908
66 7573 0 100 0.3 14.209 14.509
70 7515 0 100 2.2 12.3101 14.5101
55 7574 0 100 0.3 14.2386 14.5386
70 7593 0 100 9.33608e-08 14.6227 14.6227
63 7590 0 100 0.1 14.5289 14.6289
60 7594 0 100 8.16907e-08 14.6567 14.6567
59 7596 0 100 3.50103e-08 14.702 14.702
27 7587 0 100 0.4 14.4788 14.8788
62 7589 0 100 0.4 14.5089 14.9089
29 7564 0 100 0.9 14.0118 14.9118
107 7600 0 100 0.1 14.8411 14.9411
115 7512 0 100 2.7 12.2764 14.9764
47 7580 0 100 0.6 14.3877 14.9877
