41 110
16 110
17 110
38 111
10 111
11 111
36 110
25 111
12 111
28 112
15 112
16 112
36 113
20 113
21 113
26 113
29 112
17 112
33 114
37 110
22 110
23 110
34 112
19 112
20 112
44 113
23 113
24 113
29 119
19 119
20 119
21 119
22 119
36 119
37 119
23 119
44 119
24 119
35 120
12 120
13 120
39 121
20 121
21 121
26 110
32 115
14 115
15 115
30 115
16 115
17 115
34 118
22 118
23 118
24 118
25 117
18 117
19 117
20 117
42 116
24 116
23 116
44 110
2 110
3 110
4 110
31 120
15 120
16 120
41 112
1 112
2 112
36 112
26 124
34 116
33 110
7 110
8 110
9 110
10 110
11 110
12 110
13 110
14 110
28 117
24 117
23 117
22 117
38 115
21 115
22 115
44 124
5 124
6 124
7 124
30 120
20 120
21 120
43 111
21 111
22 111
23 111
24 111
33 124
8 124
9 124
10 124
11 124
12 124
13 124
14 124
15 124
16 124
17 124
40 122
11 122
12 122
13 122
14 122
15 122
16 122
17 122
18 122
32 122
19 122
20 122
38 120
22 120
41 126
4 126
5 126
28 111
1 111
2 111
37 112
7 112
8 112
35 124
20 124
21 124
36 126
43 120
24 120
26 112
9 112
34 111
5 111
6 111
41 111
7 111
25 115
1 115
2 115
3 115
27 123
17 123
18 123
19 123
20 123
21 123
22 123
29 121
6 121
7 121
28 115
6 115
7 115
29 115
35 123
24 123
25 128
4 128
5 128
6 128
39 115
8 115
9 115
10 115
38 127
6 127
7 127
25 127
8 127
9 127
10 127
11 127
29 127
34 121
12 121
13 121
14 121
15 121
30 122
7 122
8 122
25 122
9 122
44 112
31 125
6 125
7 125
30 125
8 125
38 125
9 125
36 121
17 121
18 121
44 121
26 129
44 129
19 129
20 129
21 129
22 129
23 129
24 129
25 125
12 125
13 125
14 125
15 125
36 132
19 132
20 132
41 115
18 115
19 115
39 127
16 127
17 127
29 125
16 125
26 132
28 128
16 128
17 128
39 125
17 125
29 128
34 127
18 127
19 127
20 127
35 133
10 133
11 133
39 128
18 128
19 128
20 128
21 128
22 128
23 128
41 127
21 127
22 127
23 127
24 127
43 134
14 134
15 134
34 135
20 135
21 135
26 128
24 128
36 115
23 115
24 115
31 133
12 133
13 133
14 133
41 135
22 135
23 135
28 125
19 125
20 125
36 135
24 135
30 133
15 133
43 133
16 133
33 130
4 130
5 130
6 130
7 130
8 130
37 126
1 126
2 126
27 130
9 130
10 130
11 130
12 130
13 130
14 130
34 125
23 125
24 125
38 133
19 133
20 133
21 133
22 133
44 132
4 132
5 132
6 132
26 115
41 125
2 125
3 125
36 125
33 132
7 132
8 132
9 132
10 132
11 132
32 124
18 124
35 130
17 130
18 130
31 136
19 136
20 136
21 136
22 136
25 134
24 134
23 134
22 134
21 134
20 134
38 136
43 136
24 136
30 137
24 137
23 137
22 137
21 137
20 137
19 137
18 137
17 137
16 137
15 137
14 137
13 137
12 137
27 132
17 132
40 131
16 131
17 131
35 138
23 138
24 138
42 111
8 111
27 131
18 131
19 131
20 131
21 131
22 131
23 131
35 131
24 131
39 140
8 140
9 140
43 141
31 134
1 134
2 134
3 134
28 133
8 133
9 133
26 139
14 139
15 139
16 139
17 139
18 139
19 139
34 140
10 140
11 140
30 134
4 134
5 134
6 134
7 134
8 134
9 134
10 134
34 134
11 134
12 134
29 142
10 142
11 142
39 133
40 139
21 139
22 139
42 134
28 143
11 143
12 143
38 141
8 141
9 141
38 144
37 125
18 125
43 144
10 144
11 144
12 144
13 144
28 144
14 144
15 144
16 144
36 145
39 143
15 143
16 143
17 143
18 143
19 143
34 142
16 142
17 142
18 142
19 142
20 142
21 142
22 142
23 142
24 142
25 141
12 141
13 141
14 141
26 125
21 125
41 140
19 140
20 140
21 140
28 141
16 141
17 141
26 140
24 140
23 140
31 146
12 146
13 146
33 137
2 137
3 137
4 137
40 137
5 137
6 137
7 137
8 137
9 137
10 137
11 137
36 143
24 143
23 143
27 139
8 139
9 139
10 139
11 139
12 139
37 145
1 145
2 145
43 148
42 144
24 144
23 144
22 144
21 144
20 144
19 144
34 141
23 141
24 141
38 148
18 148
19 148
20 148
21 148
28 148
22 148
23 148
41 143
34 148
24 148
42 141
