77 479 2.06735
41 480 2.09476
81 481 2.15072
27 482 2.19184
58 483 2.23795
69 484 2.2991
34 485 2.29958
54 486 2.35689
89 487 2.49039
53 488 2.52716
33 489 2.60522
36 490 2.64896
30 491 2.77695
83 492 2.79035
62 493 2.79754
94 494 2.81564
37 495 2.86288
49 496 3.09902
61 497 3.16677
67 498 3.16789
70 499 3.22692
80 500 3.24432
59 501 3.25208
66 502 3.27512
78 503 3.30745
44 504 3.31847
73 505 3.41351
84 506 3.4562
29 507 3.45907
88 508 3.47083
52 509 3.52943
31 510 3.55893
38 511 3.60742
74 512 3.78146
28 513 3.80303
68 514 3.84153
50 515 3.9876
82 516 4.00812
46 517 4.03167
63 518 4.11378
55 519 4.16004
87 520 4.37124
45 521 4.46487
65 522 4.62974
72 523 4.73061
35 524 4.73087
26 525 4.7456
92 526 4.75886
30 527 5.17433
80 528 5.78832
79 529 6.0531
81 530 6.29774
36 531 6.40404
78 532 6.45568
94 533 6.46767
62 534 6.57478
77 535 6.58677
59 536 6.6025
54 537 6.6391
72 538 6.771
92 539 6.84624
83 540 6.94795
34 541 7.02206
32 542 7.06595
67 543 7.1434
87 544 7.14356
71 545 7.3956
84 546 7.5394
56 547 7.65047
89 548 7.67768
64 549 7.67809
70 550 7.68903
63 551 7.75029
38 552 7.79197
55 553 7.88313
60 554 8.18051
74 555 8.22804
80 556 8.60483
53 557 8.76918
47 558 8.81725
46 559 8.90304
59 560 9.04933
62 561 9.10783
86 562 9.18425
90 563 9.46787
51 564 9.48273
87 565 9.70718
67 566 9.7806
42 567 9.9569
88 568 10.1311
61 569 10.2225
79 570 10.6196
92 571 10.6682
65 572 10.7724
50 573 10.9357
31 574 11.1377
72 575 11.3635
80 576 11.4969
84 577 11.6661
52 578 11.7543
28 579 12.0274
36 580 12.046
70 581 12.14
87 582 12.2772
57 583 12.3485
61 584 12.364
74 585 12.457
93 586 12.6067
89 587 12.7078
83 588 12.7258
46 589 12.8095
25 590 12.8511
47 591 13.0779
51 592 13.1533
92 593 13.6952
49 594 13.7159
60 595 13.845
75 596 14.0185
94 597 14.2162
77 598 14.2307
35 599 14.2695
68 600 14.3203
33 601 14.4075
32 602 14.4255
79 603 14.9113
