38 205 2.14572
55 206 2.23987
53 207 2.35426
42 208 2.52824
49 209 2.63522
37 210 2.64967
41 211 2.8045
63 212 3.0044
36 213 3.03838
58 214 3.05983
27 215 3.09037
60 216 3.10896
59 217 3.21075
33 218 3.34741
46 219 3.49112
48 220 3.69439
64 221 3.73355
51 222 3.83184
25 223 3.94789
57 224 3.96625
44 225 4.01226
52 226 4.14696
56 227 4.30344
35 228 4.4977
47 229 4.54482
34 230 4.60905
62 231 4.66505
39 232 4.76156
54 233 4.78358
26 234 4.87409
55 235 5.15035
27 236 5.26328
28 237 6.23588
38 238 6.35722
52 239 6.71736
53 240 6.7518
56 241 6.98683
63 242 7.23512
33 243 7.27798
37 244 7.69719
30 245 7.99933
40 246 8.22145
26 247 8.41137
48 248 8.4538
27 249 8.90708
41 250 8.94252
52 251 8.94309
47 252 9.14625
38 253 9.36022
54 254 9.5308
42 255 9.94446
44 256 10.893
31 257 10.9944
34 258 11.1434
64 259 11.3425
29 260 11.4197
36 261 11.5935
43 262 11.6207
60 263 11.7684
56 264 11.9889
47 265 12.3184
40 266 12.4254
46 267 12.5148
30 268 12.7206
61 269 12.9926
49 270 13.0678
53 271 13.0688
62 272 13.2354
54 273 13.7109
31 274 14.2628
58 275 14.2947
29 276 14.3503
57 277 14.7713
63 278 14.9
56 279 14.9741
