95 744 0 100 0.3 2.14055 2.44055
31 740 0 100 1.4 2.05011 3.45011
44 776 0 100 0.2 3.77303 3.97303
65 781 0 100 0.1 3.87649 3.97649
111 748 0 100 1.7 2.33023 4.03023
48 751 0 100 1.9 2.44003 4.34003
104 760 0 100 1.6 2.80808 4.40808
29 743 0 100 2.3 2.12204 4.42204
52 750 0 100 2 2.43992 4.43992
37 762 0 100 1.6 2.89218 4.49218
94 793 0 100 0.1 4.49891 4.59891
83 799 0 100 7.00206e-08 4.98063 4.98063
30 754 0 100 2.6 2.48523 5.08523
85 758 0 100 2.5 2.65878 5.15878
43 759 0 100 2.5 2.67546 5.17546
90 774 0 100 1.5 3.68164 5.18164
100 782 0 100 1.3 3.88187 5.18187
96 801 0 100 0.3 5.12116 5.42116
34 800 0 100 0.9 5.06575 5.96575
110 765 0 100 3 3.1548 6.1548
28 797 0 100 1.4 4.81431 6.21431
53 808 0 100 7.00206e-08 6.41658 6.41658
46 746 0 100 4.2 2.2358 6.4358
82 767 0 100 3.5 3.16863 6.66863
95 803 0 100 1.4 5.91184 7.31184
98 806 0 100 1.2 6.13657 7.33657
79 775 0 100 3.9 3.68648 7.58648
75 788 0 100 3.6 4.10675 7.70675
39 812 0 100 0.9 6.81053 7.71053
26 816 0 100 0.7 7.10574 7.80574
60 807 0 100 1.6 6.40142 8.00142
34 749 0 100 5.8 2.43074 8.23074
72 791 0 100 4 4.24304 8.24304
55 783 0 100 4.4 3.93107 8.33107
27 741 0 100 6.3 2.05383 8.35383
49 804 0 100 2.4 6.03505 8.43505
114 779 0 100 5.2 3.85118 9.05118
91 834 0 100 0.9 8.44665 9.34665
74 792 0 100 5 4.38021 9.38021
53 789 0 100 5.4 4.17928 9.57928
51 819 0 100 2.4 7.28585 9.68585
40 820 0 100 2.7 7.35569 10.0557
113 835 0 100 1.5 8.64508 10.1451
82 833 0 100 2.1 8.43548 10.5355
79 828 0 100 3 7.82548 10.8255
81 821 0 100 3.5 7.41066 10.9107
85 844 0 100 1.3 9.65939 10.9594
67 766 0 100 8.7 3.16115 11.8612
84 829 0 100 3.9 7.97914 11.8791
45 796 0 100 7.6 4.64503 12.245
38 841 0 100 3.1 9.25127 12.3513
62 868 0 100 0.7 11.7159 12.4159
75 872 0 100 0.2 12.2284 12.4284
78 865 0 100 0.9 11.6289 12.5289
87 862 0 100 1.3 11.285 12.585
71 830 0 100 4.5 8.09344 12.5934
27 845 0 100 2.8 9.79371 12.5937
73 876 0 100 0.2 12.5784 12.7784
51 846 0 100 2.8 10.2408 13.0408
25 818 0 100 5.8 7.28129 13.0813
55 884 0 100 0.1 13.0962 13.1962
26 875 0 100 0.8 12.4974 13.2974
49 867 0 100 2.1 11.6598 13.7598
44 871 0 100 1.9 11.8739 13.7739
52 888 0 100 0.6 13.4362 14.0362
52 860 0 100 2.8 11.239 14.039
25 851 0 100 3.4 10.7723 14.1723
83 866 0 100 2.6 11.6565 14.2565
65 857 0 100 3.4 10.9952 14.3952
37 813 0 100 7.8 6.89532 14.6953
110 870 0 100 3 11.7985 14.7985
