43 292 0 100 0.2 2.86413 3.06413
44 295 0 100 0.1 3.0412 3.1412
72 280 0 100 2.2 2.01085 4.21085
42 285 0 100 1.9 2.33831 4.23831
30 307 0 100 0.1 4.16894 4.26894
36 304 0 100 1.8 3.61557 5.41557
26 315 0 100 1.16701e-08 5.48286 5.48286
64 281 0 100 3.7 2.10227 5.80227
55 286 0 100 3.5 2.40935 5.90935
63 298 0 100 2.9 3.2655 6.1655
74 291 0 100 4 2.67492 6.67492
37 308 0 100 2.6 4.19132 6.79132
46 309 0 100 2.1 4.70427 6.80427
29 306 0 100 3.1 3.86016 6.96016
27 294 0 100 4 2.98403 6.98403
46 287 0 100 4.9 2.45452 7.35452
66 305 0 100 3.6 3.81802 7.41802
70 321 0 100 0.7 6.82712 7.52712
74 316 0 100 1.9 6.3137 8.2137
52 320 0 100 1.6 6.67433 8.27434
66 323 0 100 1.3 6.98711 8.28711
59 322 0 100 1.5 6.90201 8.40201
26 283 0 100 6.6 2.26797 8.86797
62 303 0 100 5.5 3.50799 9.00799
41 293 0 100 6.1 2.97929 9.07929
67 299 0 100 6.2 3.27853 9.47853
54 296 0 100 6.8 3.12862 9.92862
67 327 0 100 2.1 7.86622 9.96622
68 313 0 100 5.2 4.92044 10.1204
48 332 0 100 2.1 8.31693 10.4169
69 310 0 100 5.8 4.79251 10.5925
32 288 0 100 8.2 2.45647 10.6565
32 328 0 100 2.8 7.90662 10.7066
45 319 0 100 4.3 6.56201 10.862
29 329 0 100 3 7.97086 10.9709
49 340 0 100 0.3 10.7944 11.0944
55 331 0 100 3 8.19056 11.1906
32 342 0 100 0.1 11.3223 11.4223
36 330 0 100 3.4 8.0714 11.4714
45 290 0 100 9.1 2.61006 11.7101
71 334 0 100 3.5 8.57413 12.0741
72 311 0 100 7.9 4.79893 12.6989
43 337 0 100 3 9.72011 12.7201
29 351 0 100 0.7 12.1048 12.8048
28 318 0 100 7.2 6.51269 13.7127
57 333 0 100 5.2 8.57195 13.7719
53 325 0 100 6.8 7.21334 14.0133
25 344 0 100 2.6 11.4407 14.0407
44 339 0 100 3.5 10.641 14.141
52 346 0 100 2.7 11.5805 14.2805
59 349 0 100 2.7 11.8047 14.5047
