77 479
41 480
45 480
81 481
92 481
60 481
78 481
72 481
46 481
64 479
88 479
34 485
12 485
79 481
70 480
86 485
13 485
76 480
6 480
33 489
80 489
36 490
3 490
69 484
7 484
6 484
45 484
53 488
17 488
83 492
27 482
24 482
42 480
8 480
64 480
62 493
57 493
21 493
43 493
29 493
32 488
18 488
87 488
30 491
19 491
48 492
89 487
41 484
56 485
16 485
94 494
2 494
48 494
38 481
24 481
37 495
32 491
53 487
18 487
32 487
19 487
20 487
83 494
82 481
52 484
8 484
66 492
4 492
80 500
31 481
59 501
26 501
66 502
4 502
30 487
21 487
22 487
60 482
78 482
38 482
79 482
72 482
46 482
78 503
72 503
79 503
38 503
44 504
65 504
58 483
61 497
89 497
53 497
20 497
81 482
1 482
46 503
1 503
31 503
70 499
45 499
10 499
90 490
7 490
63 501
15 501
54 486
14 486
26 486
15 486
63 486
67 498
3 498
47 488
21 488
52 509
10 509
45 509
62 483
43 487
24 487
92 482
2 482
3 482
4 482
94 482
5 482
25 489
7 489
36 489
38 511
72 511
78 511
70 509
11 509
80 490
55 501
16 501
17 501
18 501
86 501
50 501
19 501
29 507
24 507
68 492
7 492
77 480
13 480
12 480
11 480
73 505
59 486
16 486
17 486
18 486
19 486
31 510
81 510
88 508
80 492
8 492
9 492
10 492
11 492
70 492
12 492
28 513
2 513
31 513
55 505
17 505
61 488
50 486
20 486
46 510
87 491
23 491
71 484
11 484
81 513
82 503
3 503
91 494
7 494
68 514
8 514
33 500
9 500
84 506
17 506
16 506
32 497
46 513
79 513
72 513
92 513
4 513
28 503
82 516
89 488
23 488
46 517
79 517
92 517
4 517
78 510
72 510
79 510
92 510
4 510
28 510
3 510
2 510
1 510
87 497
24 497
50 515
21 515
45 492
13 492
14 492
31 516
4 516
63 505
18 505
63 518
18 518
82 517
56 501
22 501
21 501
93 479
15 479
64 508
93 508
15 508
47 491
24 491
88 492
15 492
93 492
35 485
22 485
91 514
55 519
19 519
74 512
8 512
64 492
16 492
17 492
65 492
75 503
4 503
5 503
59 505
19 505
20 505
21 505
22 505
56 505
23 505
24 505
31 517
5 517
57 483
3 483
86 486
22 486
35 486
23 486
24 486
87 520
91 512
9 512
10 512
60 511
6 511
31 511
92 503
6 503
7 503
26 518
55 518
89 486
62 510
45 521
44 492
18 492
19 492
63 492
28 516
75 516
5 516
6 516
7 516
8 516
9 516
91 516
10 516
11 516
51 504
18 504
17 504
88 504
34 495
68 512
11 512
12 512
13 512
14 512
15 512
37 515
23 515
80 516
12 516
53 505
93 504
70 521
16 521
15 521
14 521
13 521
32 520
2 520
26 492
21 492
40 493
4 493
3 493
2 493
38 513
7 513
90 489
13 489
12 489
11 489
94 489
41 499
16 499
15 499
14 499
13 499
72 523
46 523
38 523
29 483
40 483
4 483
5 483
6 483
36 500
13 500
12 500
11 500
92 526
72 526
46 526
38 526
30 497
3 497
2 497
1 497
52 512
16 512
69 480
17 480
16 480
15 480
14 480
39 484
15 484
14 484
13 484
12 484
79 523
8 523
35 524
81 517
31 526
81 526
79 526
8 526
7 526
6 526
43 507
5 507
84 519
59 519
85 482
10 482
9 482
8 482
7 482
50 485
89 505
2 505
1 505
38 517
8 517
9 517
26 525
22 525
23 525
24 525
80 521
77 508
19 508
20 508
21 508
34 515
53 493
60 513
9 513
10 513
85 513
11 513
12 513
13 513
64 504
78 523
60 523
9 523
10 523
85 523
11 523
12 523
13 523
14 523
15 523
39 523
16 523
17 523
18 523
37 525
86 495
55 492
23 492
76 509
41 509
18 509
17 509
65 522
21 522
20 522
19 522
76 522
41 522
72 517
78 517
83 514
13 514
14 514
15 514
16 514
17 514
18 514
19 514
76 514
54 506
22 506
23 506
40 507
6 507
7 507
8 507
50 495
1 495
60 517
10 517
11 517
85 517
12 517
13 517
48 502
14 502
15 502
16 502
17 502
18 502
19 502
41 502
34 525
26 506
24 506
63 519
26 519
24 519
23 519
57 510
8 510
7 510
29 510
89 493
5 493
6 493
7 493
8 493
9 493
10 493
11 493
79 493
38 493
81 493
49 496
19 496
18 496
17 496
16 496
15 496
77 504
22 504
23 504
24 504
90 499
17 499
18 499
19 499
83 517
15 517
16 517
17 517
70 514
41 514
20 514
50 525
3 525
4 525
62 526
40 510
28 507
10 507
11 507
79 507
81 507
61 491
89 491
31 482
11 482
91 484
80 513
17 513
18 513
19 513
20 513
21 513
82 511
11 511
10 511
62 511
9 511
8 511
7 511
67 503
13 503
12 503
11 503
10 503
62 503
9 503
8 503
40 503
68 516
16 516
17 516
18 516
19 516
20 516
69 514
21 514
22 514
23 514
57 526
9 526
38 507
92 507
72 507
78 507
33 521
17 521
58 487
57 487
70 516
21 516
90 517
18 517
19 517
20 517
21 517
54 519
80 528
46 493
92 493
64 514
36 480
72 493
13 493
12 493
82 493
87 511
49 499
21 499
22 499
23 499
70 517
22 517
93 514
40 526
10 526
76 502
56 524
6 524
5 524
4 524
79 529
46 529
38 529
70 502
23 502
24 502
64 499
39 509
21 509
22 509
23 509
24 509
37 524
34 524
81 529
14 529
28 482
13 482
14 482
83 484
18 484
19 484
41 513
76 513
74 489
17 489
18 489
19 489
86 524
75 483
88 514
53 491
9 491
10 491
11 491
81 530
92 530
46 530
79 530
93 499
94 500
18 500
19 500
40 491
12 491
50 524
7 524
8 524
9 524
78 529
72 529
78 532
72 532
46 532
81 532
62 487
13 487
12 487
48 496
20 496
21 496
22 496
39 496
23 496
24 496
69 516
66 494
20 494
21 494
22 494
39 494
23 494
53 524
10 524
71 512
24 512
77 535
2 535
90 480
22 480
23 480
31 493
16 493
15 493
38 530
31 530
16 530
17 530
67 530
18 530
19 530
20 530
21 530
22 530
59 536
84 536
70 513
49 494
71 494
24 494
28 483
15 483
16 483
38 483
31 483
81 483
72 483
54 537
4 537
5 537
6 537
7 537
34 537
86 537
50 537
8 537
60 507
17 507
16 507
68 521
21 521
22 521
23 521
24 521
47 520
11 520
12 520
13 520
14 520
15 520
62 534
14 534
15 534
16 534
72 534
81 534
57 491
62 491
14 491
15 491
16 491
17 491
18 491
80 484
22 484
21 484
48 484
63 536
5 536
4 536
69 513
1 513
73 518
6 518
5 518
46 483
17 483
18 483
35 525
92 529
17 529
18 529
27 498
18 498
17 498
44 508
4 508
3 508
28 520
16 520
81 520
92 520
46 520
17 520
18 520
38 534
46 534
92 534
17 534
18 534
19 534
64 535
90 530
23 530
83 489
21 489
22 489
23 489
24 489
32 511
12 511
61 524
11 524
56 525
10 525
11 525
12 525
13 525
14 525
15 525
16 525
92 539
46 539
81 539
67 529
19 529
20 529
21 529
31 507
78 498
93 535
3 535
4 535
33 528
23 528
24 528
80 530
29 503
14 503
15 503
60 483
38 539
48 529
22 529
79 532
46 507
18 507
19 507
94 533
21 533
22 533
92 498
79 498
27 520
19 520
44 535
5 535
6 535
7 535
40 487
34 541
78 483
92 483
67 507
20 507
60 520
47 511
13 511
14 511
15 511
87 544
58 526
16 526
17 526
18 526
19 526
32 542
36 531
54 518
7 518
45 522
3 522
2 522
1 522
67 543
21 543
22 543
87 542
14 542
15 542
16 542
17 542
18 542
19 542
20 542
72 538
78 520
86 541
88 499
5 499
4 499
3 499
37 537
11 537
12 537
13 537
60 526
78 526
20 526
21 526
27 507
21 507
22 507
92 538
78 538
72 520
20 520
21 520
22 520
23 520
24 520
55 535
9 535
39 480
2 480
3 480
4 480
5 480
71 545
38 532
67 526
22 526
46 542
72 542
81 498
46 498
93 480
84 546
63 546
68 529
92 532
21 532
22 532
72 498
21 498
20 498
19 498
58 498
60 538
21 538
20 538
19 538
18 538
44 518
8 518
9 518
89 524
15 524
14 524
13 524
28 525
20 525
19 525
78 542
64 549
26 535
10 535
70 550
57 503
19 503
20 503
84 518
10 518
11 518
12 518
13 518
34 518
69 499
6 499
7 499
8 499
35 537
14 537
15 537
16 537
17 537
18 537
19 537
59 546
10 546
9 546
8 546
7 546
6 546
5 546
63 551
84 551
10 551
55 551
42 479
7 479
8 479
9 479
10 479
89 548
53 548
16 548
15 548
14 548
13 548
12 548
11 548
10 548
9 548
8 548
7 548
90 528
76 550
45 550
38 552
44 499
9 499
10 499
11 499
79 483
22 483
23 483
24 483
59 479
26 479
55 479
11 479
12 479
13 479
14 479
74 534
55 553
26 553
81 552
46 552
79 552
92 552
86 518
14 518
15 518
52 523
6 523
57 537
20 537
21 537
60 542
23 542
79 542
38 542
81 542
34 479
85 491
72 552
23 552
24 552
31 539
79 539
72 539
62 498
77 549
9 549
8 549
59 553
12 553
13 553
14 553
15 553
16 553
17 553
36 528
4 528
5 528
40 511
20 511
21 511
22 511
23 511
46 511
81 511
35 518
16 518
17 518
18 518
19 518
20 518
21 518
22 518
23 518
56 547
37 479
15 479
53 553
70 523
25 490
4 490
43 510
21 510
22 510
23 510
24 510
47 544
19 544
18 544
92 542
58 538
22 538
88 480
10 480
11 480
33 530
5 530
6 530
79 511
27 526
1 526
2 526
31 542
42 548
88 548
50 541
17 541
18 541
86 479
30 527
21 527
20 527
19 527
60 554
1 554
94 543
4 543
5 543
6 543
53 544
20 544
45 549
10 549
11 549
72 554
79 554
46 554
54 535
14 535
13 535
12 535
41 550
10 550
9 550
8 550
7 550
6 550
83 540
5 540
4 540
67 532
3 532
2 532
65 508
13 508
14 508
47 558
25 543
7 543
91 500
49 545
10 545
11 545
12 545
64 545
51 536
80 556
87 558
22 558
21 558
20 558
19 558
34 558
40 538
24 538
23 538
81 554
46 559
72 559
94 540
6 540
59 560
63 560
84 560
16 560
15 560
14 560
13 560
27 532
4 532
48 533
7 533
8 533
53 557
22 557
23 557
24 557
89 553
22 553
23 553
24 553
36 530
9 530
10 530
11 530
49 530
50 479
20 479
21 479
22 479
62 561
90 543
77 545
15 545
16 545
71 530
12 530
41 530
68 490
86 562
21 562
22 562
58 561
2 561
3 561
4 561
46 561
48 490
9 490
10 490
11 490
12 490
60 532
5 532
6 532
7 532
38 510
53 479
24 479
87 479
31 554
79 559
92 511
5 511
4 511
81 561
31 561
79 561
92 561
5 561
40 557
2 557
65 536
17 536
18 536
19 536
69 546
15 546
52 546
14 546
78 539
6 539
7 539
80 533
11 533
12 533
13 533
58 557
61 527
42 549
16 549
17 549
38 554
88 535
42 535
16 535
17 535
18 535
19 535
39 528
13 528
14 528
33 550
66 484
10 484
11 484
60 559
25 556
11 556
12 556
13 556
72 561
49 490
14 490
15 490
71 533
90 563
12 563
13 563
14 563
57 498
4 498
5 498
6 498
31 498
93 548
17 548
65 549
18 549
19 549
59 535
20 535
82 482
6 482
60 561
7 561
8 561
9 561
10 561
72 482
39 556
14 556
15 556
16 556
48 561
74 555
10 555
11 555
36 543
13 543
14 543
94 532
74 532
10 532
11 532
42 567
47 479
2 479
3 479
77 548
18 548
65 548
19 548
20 548
51 564
65 564
19 564
20 564
21 564
80 550
87 565
47 565
2 565
3 565
4 565
35 547
88 567
52 528
16 528
17 528
18 528
25 550
13 550
14 550
36 550
70 556
17 556
37 558
24 558
48 555
12 555
13 555
25 555
39 543
15 543
16 543
17 543
64 560
71 563
16 563
17 563
18 563
54 508
21 508
22 508
23 508
24 508
56 541
35 541
1 541
2 541
61 569
2 569
3 569
93 567
19 567
20 567
51 567
53 541
3 541
88 568
46 510
9 510
34 508
89 527
90 550
15 550
16 550
79 482
61 541
47 569
4 569
93 568
20 568
21 568
75 525
8 525
9 525
69 490
19 490
20 490
88 490
65 567
21 567
22 567
30 538
5 538
6 538
7 538
92 554
10 554
11 554
12 554
84 535
23 535
24 535
44 545
22 545
23 545
51 568
32 544
5 544
6 544
73 551
24 551
23 551
66 532
38 498
10 498
11 498
12 498
13 498
55 564
42 528
26 536
24 536
23 536
22 536
21 536
79 570
31 570
46 570
72 570
92 570
87 569
32 569
5 569
6 569
7 569
65 568
22 568
23 568
24 568
60 510
11 510
12 510
13 510
14 510
92 571
46 571
72 571
31 571
57 538
84 545
24 545
76 523
20 523
21 523
70 543
76 543
20 543
81 525
54 567
24 567
49 533
19 533
20 533
70 533
94 498
14 498
15 498
16 498
65 572
74 554
94 554
14 554
15 554
16 554
39 550
18 550
19 550
49 550
45 530
38 570
81 570
11 570
12 570
26 568
28 537
10 537
41 546
30 544
7 544
8 544
9 544
79 571
38 571
62 538
9 538
10 538
63 549
50 562
3 562
4 562
52 556
20 556
21 556
68 561
16 561
17 561
50 573
57 544
76 533
21 533
43 557
9 557
10 557
59 548
73 564
1 564
2 564
3 564
35 562
71 550
20 550
21 550
22 550
23 550
55 545
64 563
23 563
24 563
29 487
9 487
10 487
11 487
12 487
46 487
72 487
38 487
70 530
40 565
31 574
46 574
72 574
44 551
84 549
1 549
92 487
13 487
36 561
90 561
19 561
20 561
89 541
7 541
6 541
5 541
83 500
17 500
52 533
22 533
23 533
24 533
63 548
2 548
60 570
14 570
15 570
16 570
17 570
74 570
58 569
80 555
19 555
20 555
21 555
22 555
70 555
23 555
24 555
79 574
38 574
72 575
14 575
46 575
79 575
31 487
45 546
70 546
48 532
38 575
57 557
12 557
13 557
14 557
46 557
72 557
28 538
13 538
14 538
51 572
1 572
2 572
3 572
65 550
51 550
1 550
2 550
80 576
20 576
21 576
22 576
29 565
11 565
12 565
13 565
14 565
15 565
16 565
17 565
75 537
13 537
14 537
76 546
24 546
23 546
44 549
2 549
74 565
18 565
43 569
12 569
29 569
66 500
19 500
20 500
77 560
1 560
64 533
59 572
25 554
56 562
8 562
9 562
10 562
47 562
87 562
83 565
19 565
93 490
1 490
88 528
79 487
16 487
15 487
42 536
66 565
20 565
21 565
22 565
46 538
51 549
3 549
4 549
5 549
93 528
2 528
3 528
72 537
62 544
14 544
43 544
48 500
21 500
22 500
52 578
79 538
17 538
16 538
15 538
73 545
6 545
5 545
41 556
92 574
17 574
16 574
15 574
46 537
71 546
82 525
46 525
17 525
72 525
92 525
77 533
3 533
54 548
5 548
4 548
26 549
6 549
32 562
12 562
49 576
70 581
68 532
22 532
21 532
38 557
37 508
9 508
8 508
7 508
53 527
12 527
34 564
37 564
9 564
8 564
7 564
6 564
5 564
4 564
64 564
51 528
88 536
3 536
2 536
39 561
36 580
24 580
42 533
81 571
18 571
19 571
92 557
81 557
18 557
17 557
32 527
13 527
14 527
87 582
13 582
71 576
1 576
2 576
3 576
4 576
41 536
31 575
92 575
88 533
4 533
5 533
47 582
80 554
24 554
94 570
22 570
21 570
20 570
19 570
90 500
65 528
6 528
51 576
65 576
6 576
7 576
8 576
9 576
10 576
91 540
23 540
48 540
83 532
91 532
23 532
24 532
60 571
20 571
21 571
22 571
93 564
88 564
34 576
78 559
20 559
31 559
93 586
88 586
5 586
4 586
3 586
49 586
27 539
21 539
20 539
94 571
23 571
24 571
82 557
20 557
32 582
15 582
16 582
17 582
25 565
89 587
14 587
15 587
47 587
87 587
83 588
28 579
19 579
20 579
72 579
46 579
57 583
18 583
19 583
81 575
62 582
50 576
12 576
11 576
92 559
80 565
1 565
46 589
92 589
38 579
25 590
1 590
2 590
61 584
77 528
7 528
32 587
16 587
72 589
40 569
18 569
17 569
16 569
15 569
14 569
13 569
92 579
79 579
60 539
22 539
82 575
21 575
22 575
23 575
24 575
31 557
26 508
10 508
11 508
12 508
70 536
6 536
5 536
4 536
38 589
35 569
94 575
66 571
1 571
2 571
47 591
87 591
32 591
17 591
18 591
59 545
43 574
19 574
18 574
32 574
87 574
51 592
50 508
14 508
15 508
40 591
81 559
53 587
17 587
58 544
20 544
19 544
85 526
45 556
7 556
8 556
9 556
65 592
10 592
11 592
29 527
20 527
19 527
67 566
37 576
15 576
16 576
33 484
4 484
5 484
6 484
7 484
78 579
24 579
69 523
8 523
9 523
10 523
76 581
8 581
40 544
68 540
66 540
3 540
2 540
1 540
43 591
21 591
22 591
23 591
72 591
81 591
38 559
24 559
23 559
22 559
21 559
77 556
10 556
79 557
35 576
17 576
18 576
91 588
3 588
66 588
68 588
48 588
4 588
5 588
36 588
60 579
86 573
34 573
37 573
16 573
17 573
45 581
74 585
94 585
3 585
66 585
68 585
48 585
4 585
5 585
33 585
92 593
53 576
19 576
49 536
8 536
9 536
49 594
8 594
7 594
29 544
22 544
23 544
24 544
28 583
24 583
23 583
22 583
54 549
13 549
14 549
15 549
46 539
75 538
24 538
44 548
13 548
14 548
15 548
57 582
24 582
23 582
22 582
64 528
12 528
11 528
31 589
47 574
21 574
20 574
60 595
2 595
46 595
31 595
72 595
80 585
7 585
8 585
9 585
69 528
76 528
87 527
22 527
21 527
61 587
21 587
22 587
23 587
24 587
94 597
65 523
14 523
35 573
20 573
21 573
63 572
16 572
15 572
73 549
17 549
30 562
23 562
24 562
68 600
77 598
14 598
59 592
47 527
23 527
24 527
32 576
23 576
33 601
48 600
65 598
15 598
51 556
58 587
1 587
2 587
74 597
7 597
8 597
68 597
32 602
24 602
23 602
22 602
21 602
37 602
34 602
50 602
64 598
93 598
41 581
13 581
12 581
11 581
10 581
49 585
12 585
13 585
45 585
89 584
23 584
32 584
24 584
28 587
3 587
4 587
60 587
5 587
46 587
61 573
23 573
40 583
1 583
35 599
22 599
21 599
34 599
29 582
42 564
15 564
14 564
88 598
53 574
89 574
24 574
92 539
5 539
4 539
41 585
14 585
15 585
45 564
76 585
31 587
79 603
46 603
75 596
4 596
5 596
6 596
39 590
13 590
12 590
11 590
37 599
