34 1103 0 100 0.2 2.13509 2.33509
27 1117 0 100 0.1 3.33996 3.43996
29 1122 0 100 3.50103e-08 3.54798 3.54798
32 1101 0 100 1.9 2.01517 3.91517
25 1114 0 100 1 3.1314 4.1314
31 1121 0 100 0.7 3.46402 4.16402
26 1119 0 100 1 3.40585 4.40585
28 1139 0 100 9.33608e-08 4.8954 4.8954
30 1126 0 100 1.8 3.76778 5.56778
33 1136 0 100 1.1 4.70932 5.80932
32 1156 0 100 0.4 6.5327 6.9327
34 1161 0 100 0.5 6.88872 7.38872
33 1179 0 100 0.1 8.0623 8.1623
30 1182 0 100 0.1 8.2232 8.3232
29 1174 0 100 0.8 7.74724 8.54724
26 1168 0 100 1 7.55234 8.55234
28 1180 0 100 0.6 8.14692 8.74692
25 1170 0 100 1.3 7.62263 8.92263
27 1171 0 100 1.7 7.63173 9.33173
31 1172 0 100 1.8 7.64232 9.44232
34 1199 0 100 0.3 9.81117 10.1112
32 1203 0 100 0.1 10.1169 10.2169
29 1219 0 100 0.1 11.6115 11.7115
27 1222 0 100 0.1 11.7354 11.8354
31 1225 0 100 0.3 11.8735 12.1735
33 1221 0 100 0.7 11.6677 12.3677
28 1234 0 100 8.16907e-08 12.7136 12.7136
26 1241 0 100 0.9 13.1377 14.0377
32 1251 0 100 1.51711e-07 14.0548 14.0548
34 1254 0 100 0.2 14.1731 14.3731
