73 48
4 48
3 48
5 48
45 48
56 48
68 48
2 48
6 48
1 48
7 48
71 48
8 48
39 48
41 48
9 48
74 48
10 48
11 48
12 48
13 48
38 48
14 48
15 48
16 48
17 48
57 48
18 48
67 48
19 48
63 48
20 48
21 48
22 48
23 48
24 48
49 48
58 48
62 48
76 48
33 48
29 50
12 50
11 50
13 50
10 50
14 50
9 50
15 50
8 50
16 50
7 50
17 50
6 50
18 50
5 50
19 50
4 50
20 50
3 50
21 50
2 50
22 50
1 50
23 50
24 50
84 48
79 48
82 48
52 48
36 48
93 47
7 47
6 47
8 47
5 47
9 47
4 47
10 47
3 47
11 47
2 47
12 47
1 47
13 47
14 47
15 47
16 47
17 47
18 47
19 47
20 47
21 47
22 47
23 47
24 47
72 48
47 49
19 49
18 49
20 49
17 49
21 49
16 49
22 49
15 49
23 49
14 49
24 49
13 49
12 49
11 49
10 49
9 49
8 49
7 49
6 49
5 49
4 49
3 49
2 49
1 49
54 48
75 48
37 48
94 48
47 52
8 52
7 52
9 52
6 52
10 52
5 52
11 52
4 52
12 52
3 52
13 52
2 52
14 52
1 52
15 52
16 52
17 52
18 52
19 52
20 52
21 52
22 52
23 52
24 52
31 48
70 48
25 48
54 51
18 51
17 51
19 51
16 51
20 51
15 51
21 51
14 51
22 51
13 51
23 51
12 51
24 51
11 51
10 51
9 51
8 51
7 51
6 51
5 51
4 51
3 51
2 51
1 51
65 48
28 48
61 48
63 50
43 48
81 48
32 48
29 47
91 48
86 48
43 53
11 53
10 53
12 53
9 53
13 53
8 53
14 53
7 53
15 53
6 53
16 53
5 53
17 53
4 53
18 53
3 53
19 53
2 53
20 53
1 53
21 53
22 53
23 53
24 53
73 50
70 51
52 47
36 47
61 55
24 55
23 55
22 55
21 55
20 55
19 55
18 55
17 55
16 55
15 55
14 55
13 55
12 55
11 55
10 55
9 55
8 55
7 55
6 55
5 55
4 55
3 55
2 55
1 55
54 54
22 54
21 54
23 54
20 54
24 54
19 54
18 54
17 54
16 54
15 54
14 54
13 54
12 54
11 54
10 54
9 54
8 54
7 54
6 54
5 54
4 54
3 54
2 54
1 54
69 48
63 53
69 53
78 48
