33 5987 2.02896
63 5989 2.06819
50 5990 2.1329
70 5991 2.14799
42 5992 2.14876
75 5994 2.2236
36 5995 2.23903
79 5998 2.45942
84 6001 2.56898
26 6002 2.57325
92 6004 2.67
80 6005 2.67732
93 6006 2.75804
61 6008 2.77135
38 6009 2.77341
39 6010 2.81485
90 6012 2.86931
29 6013 2.90906
57 6014 2.929
54 6016 3.02967
74 6017 3.0328
72 6019 3.07322
48 6020 3.07805
40 6021 3.14455
67 6022 3.16021
25 6024 3.20212
32 6025 3.25049
68 6027 3.2937
65 6028 3.30516
49 6030 3.38596
83 6031 3.43429
76 6032 3.45543
85 6034 3.47883
89 6035 3.48741
34 6036 3.52111
37 6037 3.56369
58 6039 3.59118
81 6040 3.63258
45 6041 3.63687
27 6043 3.69833
88 6044 3.75122
55 6046 3.78615
53 6048 3.89624
86 6049 3.90995
46 6051 4.05654
47 6054 4.182
91 6055 4.20403
69 6057 4.30296
70 6058 4.30515
64 6059 4.34453
59 6060 4.35379
60 6061 4.35526
31 6063 4.37108
94 6064 4.39478
52 6065 4.43666
33 6066 4.44447
35 6067 4.46112
44 6069 4.49305
56 6070 4.52728
66 6072 4.65518
63 6073 4.65933
43 6075 4.6738
62 6076 4.69021
77 6077 4.73246
78 6080 4.92572
73 6082 4.99053
48 6088 5.46858
75 6090 5.58449
68 6092 5.72866
26 6093 5.74249
76 6096 5.9026
25 6097 5.91231
79 6098 5.94853
87 6101 6.11887
49 6102 6.13041
34 6105 6.2981
36 6106 6.32156
32 6107 6.34438
71 6109 6.3738
54 6110 6.38994
81 6112 6.47819
50 6113 6.50819
39 6115 6.57994
59 6117 6.70162
88 6118 6.74517
42 6119 6.75409
44 6120 6.76143
70 6121 6.76233
38 6123 6.80775
86 6124 6.82178
52 6125 6.86442
51 6128 6.97573
35 6129 7.02557
61 6130 7.06742
90 6132 7.09073
93 6133 7.12842
64 6134 7.14912
82 6137 7.30495
78 6138 7.34761
55 6140 7.37676
84 6141 7.42811
92 6143 7.56608
29 6145 7.56781
56 6146 7.64641
58 6147 7.66602
48 6149 7.70148
85 6152 7.9088
65 6154 8.01011
45 6155 8.02307
37 6156 8.04022
91 6157 8.05382
72 6160 8.24963
67 6162 8.31048
83 6164 8.37263
73 6165 8.40358
69 6166 8.45928
41 6167 8.46202
63 6169 8.49631
27 6170 8.52336
54 6171 8.53162
47 6173 8.60938
89 6174 8.62873
49 6176 8.66976
43 6177 8.68971
74 6180 8.88184
87 6181 8.94208
68 6183 9.00424
33 6185 9.14433
94 6187 9.26537
53 6189 9.35191
40 6191 9.40184
31 6192 9.45981
35 6194 9.50418
77 6196 9.61586
26 6198 9.73156
28 6199 9.73349
71 6200 9.75416
84 6202 9.83197
70 6204 9.87023
48 6205 9.91335
32 6206 9.93602
60 6207 9.94772
76 6209 10.0521
58 6211 10.145
50 6212 10.1511
25 6213 10.1579
30 6215 10.1982
34 6216 10.2131
78 6217 10.216
44 6218 10.2205
75 6219 10.2265
88 6222 10.373
90 6223 10.4015
59 6224 10.409
52 6226 10.5405
55 6228 10.6463
82 6229 10.6626
56 6233 10.8778
81 6234 10.8799
79 6235 10.9429
51 6237 10.9899
41 6238 11.0287
36 6239 11.0414
42 6241 11.0691
67 6242 11.1319
92 6244 11.1871
73 6245 11.2585
39 6247 11.3235
86 6248 11.3296
83 6249 11.3672
94 6251 11.4143
27 6253 11.4815
33 6254 11.5163
87 6256 11.6165
61 6258 11.7474
35 6260 11.7714
69 6261 11.7824
63 6262 11.8097
57 6264 11.9133
45 6265 11.9433
29 6267 11.9916
40 6268 12.0451
66 6271 12.1761
47 6272 12.2602
68 6273 12.2637
37 6275 12.3383
91 6277 12.3873
74 6279 12.4693
64 6280 12.4854
48 6281 12.4998
72 6282 12.5077
65 6283 12.5471
32 6285 12.5861
93 6286 12.6216
38 6287 12.6402
58 6289 12.7284
60 6291 12.8236
85 6293 12.9346
77 6295 13.0541
80 6296 13.0652
76 6298 13.1106
28 6299 13.1254
25 6301 13.2569
84 6303 13.3023
55 6304 13.3095
86 6307 13.5334
31 6308 13.5507
51 6309 13.5637
30 6311 13.5744
34 6312 13.5826
42 6315 13.8288
73 6316 13.8488
36 6318 13.8762
90 6320 13.9727
54 6321 14.0135
53 6325 14.2937
45 6326 14.2989
56 6327 14.3311
88 6328 14.3646
70 6330 14.4586
92 6332 14.4838
61 6333 14.5409
71 6336 14.6711
37 6338 14.829
75 6339 14.8552
41 6341 14.8782
59 6342 14.8928
44 6343 14.9022
79 6344 14.932
