0 6748
0 6749
0 6750
0 6751
0 6752
0 6753
0 6754
0 6755
0 6756
0 6757
0 6758
0 6759
0 6760
0 6761
0 6762
0 6763
0 6764
0 6765
0 6766
0 6767
102 6768
13 6768
14 6768
15 6768
16 6768
17 6768
18 6768
19 6768
20 6768
21 6768
22 6768
23 6768
24 6768
64 6769
5 6769
4 6769
3 6769
2 6769
1 6769
0 6770
47 6771
5 6771
4 6771
3 6771
2 6771
1 6771
112 6773
41 6774
17 6774
18 6774
19 6774
20 6774
21 6774
22 6774
23 6774
24 6774
91 6775
0 6778
100 6773
0 6781
39 6772
15 6772
16 6772
17 6772
18 6772
19 6772
20 6772
21 6772
22 6772
23 6772
24 6772
94 6773
0 6785
79 6786
60 6775
98 6777
24 6777
0 6789
102 6786
15 6786
16 6786
17 6786
18 6786
19 6786
20 6786
21 6786
22 6786
23 6786
24 6786
83 6792
0 6794
29 6795
32 6787
14 6787
15 6787
16 6787
17 6787
18 6787
19 6787
20 6787
21 6787
22 6787
23 6787
24 6787
55 6792
93 6782
11 6782
10 6782
9 6782
8 6782
7 6782
6 6782
5 6782
4 6782
3 6782
2 6782
1 6782
38 6793
0 6798
48 6796
6 6796
5 6796
4 6796
3 6796
2 6796
1 6796
107 6776
43 6801
11 6801
10 6801
9 6801
8 6801
7 6801
6 6801
5 6801
4 6801
3 6801
2 6801
1 6801
0 6802
84 6775
6 6775
5 6775
4 6775
3 6775
2 6775
1 6775
59 6776
111 6780
7 6780
6 6780
5 6780
4 6780
3 6780
2 6780
1 6780
0 6804
81 6800
35 6800
4 6800
3 6800
2 6800
1 6800
33 6795
16 6795
17 6795
18 6795
19 6795
20 6795
21 6795
22 6795
23 6795
24 6795
44 6807
97 6779
39 6776
100 6793
46 6808
0 6809
80 6792
11 6792
10 6792
9 6792
8 6792
7 6792
6 6792
5 6792
4 6792
3 6792
2 6792
1 6792
42 6807
77 6779
28 6808
0 6812
66 6799
6 6799
5 6799
4 6799
3 6799
2 6799
1 6799
27 6813
95 6788
69 6779
16 6779
17 6779
18 6779
19 6779
20 6779
21 6779
22 6779
23 6779
24 6779
45 6784
9 6784
8 6784
7 6784
6 6784
5 6784
4 6784
3 6784
2 6784
1 6784
0 6814
51 6813
32 6813
29 6813
17 6813
18 6813
19 6813
20 6813
21 6813
22 6813
23 6813
24 6813
73 6816
26 6776
90 6793
75 6808
7 6808
6 6808
5 6808
4 6808
3 6808
2 6808
1 6808
70 6818
0 6819
35 6820
6 6820
5 6820
4 6820
3 6820
2 6820
1 6820
53 6816
57 6793
0 6822
84 6810
104 6821
7 6821
6 6821
5 6821
4 6821
3 6821
2 6821
1 6821
40 6791
2 6791
1 6791
92 6773
42 6815
50 6823
99 6823
58 6823
108 6823
57 6824
0 6826
67 6805
85 6828
34 6803
13 6803
14 6803
15 6803
16 6803
17 6803
18 6803
19 6803
20 6803
21 6803
22 6803
23 6803
24 6803
25 6823
100 6824
101 6824
1 6824
87 6825
22 6825
23 6825
24 6825
0 6830
54 6823
24 6823
112 6793
25 6829
0 6831
62 6828
19 6828
20 6828
21 6828
22 6828
23 6828
24 6828
36 6783
1 6783
110 6776
75 6832
108 6829
41 6829
99 6833
58 6833
0 6834
71 6805
6 6805
5 6805
4 6805
3 6805
2 6805
1 6805
72 6835
106 6817
2 6817
1 6817
0 6837
91 6835
44 6815
77 6838
78 6776
23 6776
24 6776
59 6840
23 6840
24 6840
94 6793
0 6842
113 6835
96 6815
8 6815
7 6815
6 6815
5 6815
4 6815
3 6815
2 6815
1 6815
62 6839
52 6844
14 6844
15 6844
16 6844
17 6844
18 6844
19 6844
20 6844
21 6844
22 6844
23 6844
24 6844
114 6818
23 6818
24 6818
50 6833
54 6833
0 6846
58 6848
27 6839
86 6836
101 6793
4 6793
3 6793
2 6793
1 6793
61 6841
25 6833
0 6849
74 6835
13 6835
14 6835
15 6835
16 6835
17 6835
18 6835
19 6835
20 6835
21 6835
22 6835
23 6835
24 6835
88 6847
41 6848
80 6850
17 6850
18 6850
19 6850
20 6850
21 6850
22 6850
23 6850
24 6850
55 6843
50 6836
58 6836
2 6836
1 6836
26 6853
59 6853
31 6845
0 6855
65 6856
54 6848
114 6851
24 6851
46 6832
107 6853
30 6797
7 6797
6 6797
5 6797
4 6797
3 6797
2 6797
1 6797
108 6833
0 6858
52 6856
25 6848
109 6807
10 6807
9 6807
8 6807
7 6807
6 6807
5 6807
4 6807
3 6807
2 6807
1 6807
108 6859
71 6861
90 6852
0 6862
64 6856
50 6848
103 6806
20 6806
21 6806
22 6806
23 6806
24 6806
54 6859
96 6860
32 6839
83 6843
18 6843
19 6843
20 6843
21 6843
22 6843
23 6843
24 6843
0 6863
47 6856
79 6847
102 6847
25 6859
42 6860
67 6861
10 6861
9 6861
8 6861
7 6861
6 6861
5 6861
4 6861
3 6861
2 6861
1 6861
57 6852
100 6852
0 6865
50 6859
51 6839
78 6866
92 6852
0 6867
48 6870
16 6870
17 6870
18 6870
19 6870
20 6870
21 6870
22 6870
23 6870
24 6870
110 6866
59 6866
0 6872
53 6873
105 6869
1 6869
26 6866
91 6871
112 6852
74 6875
17 6875
18 6875
19 6875
20 6875
21 6875
22 6875
23 6875
24 6875
34 6841
20 6841
21 6841
22 6841
23 6841
24 6841
0 6876
99 6848
69 6838
82 6864
47 6877
19 6877
20 6877
21 6877
22 6877
23 6877
24 6877
101 6852
8 6852
7 6852
6 6852
5 6852
4 6852
3 6852
2 6852
1 6852
56 6854
12 6854
11 6854
10 6854
9 6854
8 6854
7 6854
6 6854
5 6854
4 6854
3 6854
2 6854
1 6854
0 6878
68 6856
19 6856
20 6856
21 6856
22 6856
23 6856
24 6856
63 6868
14 6868
15 6868
16 6868
17 6868
18 6868
19 6868
20 6868
21 6868
22 6868
23 6868
24 6868
49 6857
11 6857
10 6857
9 6857
8 6857
7 6857
6 6857
5 6857
4 6857
3 6857
2 6857
1 6857
62 6864
1 6864
37 6816
14 6816
15 6816
16 6816
17 6816
18 6816
19 6816
20 6816
21 6816
22 6816
23 6816
24 6816
28 6832
16 6832
17 6832
18 6832
19 6832
20 6832
21 6832
22 6832
23 6832
24 6832
0 6880
107 6866
39 6866
4 6866
3 6866
2 6866
1 6866
113 6874
43 6879
23 6879
24 6879
0 6881
81 6882
95 6883
11 6883
10 6883
9 6883
8 6883
7 6883
6 6883
5 6883
4 6883
3 6883
2 6883
1 6883
0 6884
73 6873
86 6848
7 6848
6 6848
5 6848
4 6848
3 6848
2 6848
1 6848
44 6860
109 6860
15 6860
16 6860
17 6860
18 6860
19 6860
20 6860
21 6860
22 6860
23 6860
24 6860
72 6871
89 6811
11 6811
10 6811
9 6811
8 6811
7 6811
6 6811
5 6811
4 6811
3 6811
2 6811
1 6811
41 6833
8 6833
7 6833
6 6833
5 6833
4 6833
3 6833
2 6833
1 6833
0 6886
70 6885
5 6885
4 6885
3 6885
2 6885
1 6885
58 6859
41 6859
8 6859
7 6859
6 6859
5 6859
4 6859
3 6859
2 6859
1 6859
27 6887
3 6887
2 6887
1 6887
91 6874
0 6888
33 6827
4 6827
3 6827
2 6827
1 6827
113 6871
98 6845
14 6845
15 6845
16 6845
17 6845
18 6845
19 6845
20 6845
21 6845
22 6845
23 6845
24 6845
0 6891
97 6892
38 6889
29 6839
4 6839
3 6839
2 6839
1 6839
111 6893
21 6893
22 6893
23 6893
24 6893
0 6894
60 6810
20 6810
21 6810
22 6810
23 6810
24 6810
110 6895
7 6895
6 6895
5 6895
4 6895
3 6895
2 6895
1 6895
44 6896
107 6897
7 6897
6 6897
5 6897
4 6897
3 6897
2 6897
1 6897
0 6898
69 6892
4 6892
3 6892
2 6892
1 6892
0 6899
37 6873
18 6873
19 6873
20 6873
21 6873
22 6873
23 6873
24 6873
90 6889
13 6889
14 6889
15 6889
16 6889
17 6889
18 6889
19 6889
20 6889
21 6889
22 6889
23 6889
24 6889
74 6871
22 6871
23 6871
24 6871
0 6900
72 6874
22 6874
23 6874
24 6874
0 6903
77 6901
76 6790
2 6790
1 6790
73 6905
79 6902
8 6902
7 6902
6 6902
5 6902
4 6902
3 6902
2 6902
1 6902
61 6906
1 6906
0 6907
64 6904
0 6910
112 6911
35 6882
21 6882
22 6882
23 6882
24 6882
109 6896
20 6896
21 6896
22 6896
23 6896
24 6896
42 6909
0 6912
99 6913
92 6911
15 6911
16 6911
17 6911
18 6911
19 6911
20 6911
21 6911
22 6911
23 6911
24 6911
98 6908
18 6908
19 6908
20 6908
21 6908
22 6908
23 6908
24 6908
87 6890
11 6890
10 6890
9 6890
8 6890
7 6890
6 6890
5 6890
4 6890
3 6890
2 6890
1 6890
53 6905
88 6915
0 6916
86 6913
13 6913
14 6913
15 6913
16 6913
17 6913
18 6913
19 6913
20 6913
21 6913
22 6913
23 6913
24 6913
25 6914
67 6918
0 6919
54 6914
85 6917
0 6923
92 6924
39 6926
108 6927
0 6928
101 6924
35 6929
26 6926
55 6922
56 6918
0 6934
69 6901
9 6901
8 6901
7 6901
6 6901
5 6901
4 6901
3 6901
2 6901
1 6901
112 6924
96 6920
41 6914
83 6922
5 6922
4 6922
3 6922
2 6922
1 6922
0 6936
54 6937
58 6914
25 6927
32 6935
79 6915
12 6915
11 6915
10 6915
9 6915
8 6915
7 6915
6 6915
5 6915
4 6915
3 6915
2 6915
1 6915
0 6938
94 6924
18 6924
19 6924
20 6924
21 6924
22 6924
23 6924
24 6924
41 6937
16 6937
17 6937
18 6937
19 6937
20 6937
21 6937
22 6937
23 6937
24 6937
93 6932
26 6941
59 6926
78 6926
14 6926
15 6926
16 6926
17 6926
18 6926
19 6926
20 6926
21 6926
22 6926
23 6926
24 6926
100 6942
19 6942
20 6942
21 6942
22 6942
23 6942
24 6942
27 6935
74 6945
0 6946
31 6933
98 6933
22 6933
23 6933
24 6933
110 6941
37 6905
63 6905
54 6927
58 6927
41 6927
17 6927
18 6927
19 6927
20 6927
21 6927
22 6927
23 6927
24 6927
45 6943
4 6943
3 6943
2 6943
1 6943
0 6948
46 6921
2 6921
1 6921
94 6940
112 6940
59 6941
65 6947
5 6947
4 6947
3 6947
2 6947
1 6947
47 6952
83 6953
7 6953
6 6953
5 6953
4 6953
3 6953
2 6953
1 6953
0 6954
81 6929
1 6929
30 6930
22 6930
23 6930
24 6930
36 6949
19 6949
20 6949
21 6949
22 6949
23 6949
24 6949
109 6925
92 6940
20 6940
21 6940
22 6940
23 6940
24 6940
52 6952
6 6952
5 6952
4 6952
3 6952
2 6952
1 6952
44 6909
0 6957
52 6958
6 6958
5 6958
4 6958
3 6958
2 6958
1 6958
82 6917
78 6941
16 6941
17 6941
18 6941
19 6941
20 6941
21 6941
22 6941
23 6941
24 6941
81 6961
2 6961
1 6961
49 6951
23 6951
24 6951
48 6945
0 6962
33 6959
14 6959
15 6959
16 6959
17 6959
18 6959
19 6959
20 6959
21 6959
22 6959
23 6959
24 6959
86 6960
18 6960
19 6960
20 6960
21 6960
22 6960
23 6960
24 6960
77 6917
0 6964
114 6963
40 6966
23 6966
24 6966
90 6950
51 6935
14 6935
15 6935
16 6935
17 6935
18 6935
19 6935
20 6935
21 6935
22 6935
23 6935
24 6935
57 6968
22 6968
23 6968
24 6968
111 6945
6 6945
5 6945
4 6945
3 6945
2 6945
1 6945
0 6969
27 6965
59 6970
17 6970
18 6970
19 6970
20 6970
21 6970
22 6970
23 6970
24 6970
38 6950
50 6967
0 6974
42 6920
2 6920
1 6920
58 6975
75 6976
102 6931
79 6931
16 6931
17 6931
18 6931
19 6931
20 6931
21 6931
22 6931
23 6931
24 6931
108 6914
20 6914
21 6914
22 6914
23 6914
24 6914
100 6950
51 6971
86 6967
99 6967
20 6967
21 6967
22 6967
23 6967
24 6967
34 6977
0 6978
53 6955
41 6975
41 6979
28 6976
57 6950
23 6950
24 6950
27 6971
62 6971
15 6971
16 6971
17 6971
18 6971
19 6971
20 6971
21 6971
22 6971
23 6971
24 6971
71 6918
2 6918
1 6918
109 6909
3 6909
2 6909
1 6909
104 6973
5 6973
4 6973
3 6973
2 6973
1 6973
66 6944
5 6944
4 6944
3 6944
2 6944
1 6944
0 6980
32 6965
50 6975
58 6979
69 6917
0 6981
51 6965
16 6965
17 6965
18 6965
19 6965
20 6965
21 6965
22 6965
23 6965
24 6965
86 6975
21 6975
22 6975
23 6975
24 6975
106 6939
23 6939
24 6939
111 6984
8 6984
7 6984
6 6984
5 6984
4 6984
3 6984
2 6984
1 6984
56 6985
71 6985
3 6985
2 6985
1 6985
0 6986
63 6955
48 6982
8 6982
7 6982
6 6982
5 6982
4 6982
3 6982
2 6982
1 6982
50 6979
113 6983
8 6983
7 6983
6 6983
5 6983
4 6983
3 6983
2 6983
1 6983
105 6989
18 6989
19 6989
20 6989
21 6989
22 6989
23 6989
24 6989
0 6990
62 6988
70 6963
19 6963
20 6963
21 6963
22 6963
23 6963
24 6963
86 6979
22 6979
23 6979
24 6979
0 6991
80 6992
91 6993
74 6993
48 6993
9 6993
8 6993
7 6993
6 6993
5 6993
4 6993
3 6993
2 6993
1 6993
0 6994
84 6987
9 6987
8 6987
7 6987
6 6987
5 6987
4 6987
3 6987
2 6987
1 6987
78 6995
0 6996
0 6998
28 6997
9 6997
8 6997
7 6997
6 6997
5 6997
4 6997
3 6997
2 6997
1 6997
37 6955
0 7001
83 6992
73 6955
7 6955
6 6955
5 6955
4 6955
3 6955
2 6955
1 6955
89 7002
110 6995
26 6995
22 6995
23 6995
24 6995
29 6972
20 6972
21 6972
22 6972
23 6972
24 6972
88 7005
107 7000
22 7000
23 7000
24 7000
0 7006
70 7003
22 7003
23 7003
24 7003
69 7004
19 7004
20 7004
21 7004
22 7004
23 7004
24 7004
25 7007
103 6956
17 6956
18 6956
19 6956
20 6956
21 6956
22 6956
23 6956
24 6956
105 7005
0 7009
54 7007
64 7008
14 7008
15 7008
16 7008
17 7008
18 7008
19 7008
20 7008
21 7008
22 7008
23 7008
24 7008
99 7010
43 6932
17 6932
18 6932
19 6932
20 6932
21 6932
22 6932
23 6932
24 6932
0 7011
38 6999
108 7012
1 7012
41 7007
86 7010
58 7010
1 7010
0 7013
57 6999
4 6999
3 6999
2 6999
1 6999
50 7007
86 7007
42 7015
72 7016
13 7016
14 7016
15 7016
16 7016
17 7016
18 7016
19 7016
20 7016
21 7016
22 7016
23 7016
24 7016
0 7017
45 7014
14 7014
15 7014
16 7014
17 7014
18 7014
19 7014
20 7014
21 7014
22 7014
23 7014
24 7014
96 7015
9 7015
8 7015
7 7015
6 7015
5 7015
4 7015
3 7015
2 7015
1 7015
97 6917
21 6917
22 6917
23 6917
24 6917
68 7018
0 7020
55 6992
17 6992
18 6992
19 6992
20 6992
21 6992
22 6992
23 6992
24 6992
52 7018
61 6977
17 6977
18 6977
19 6977
20 6977
21 6977
22 6977
23 6977
24 6977
79 7005
24 7005
101 7023
94 7023
5 7023
4 7023
3 7023
2 7023
1 7023
0 7024
97 7022
22 7022
23 7022
24 7022
64 7018
82 7019
0 7026
92 7028
95 7021
7 7021
6 7021
5 7021
4 7021
3 7021
2 7021
1 7021
0 7029
79 7027
101 7028
93 7032
20 7032
21 7032
22 7032
23 7032
24 7032
0 7034
81 7030
61 7031
99 7007
4 7007
3 7007
2 7007
1 7007
109 7038
12 7038
11 7038
10 7038
9 7038
8 7038
7 7038
6 7038
5 7038
4 7038
3 7038
2 7038
1 7038
0 7039
112 7028
7 7028
6 7028
5 7028
4 7028
3 7028
2 7028
1 7028
63 7037
13 7037
14 7037
15 7037
16 7037
17 7037
18 7037
19 7037
20 7037
21 7037
22 7037
23 7037
24 7037
0 7040
76 7035
21 7035
22 7035
23 7035
24 7035
36 7036
7 7036
6 7036
5 7036
4 7036
3 7036
2 7036
1 7036
62 7019
0 7043
35 7030
14 7030
15 7030
16 7030
17 7030
18 7030
19 7030
20 7030
21 7030
22 7030
23 7030
24 7030
104 7044
15 7044
16 7044
17 7044
18 7044
19 7044
20 7044
21 7044
22 7044
23 7044
24 7044
31 7045
11 7045
10 7045
9 7045
8 7045
7 7045
6 7045
5 7045
4 7045
3 7045
2 7045
1 7045
46 6976
16 6976
17 6976
18 6976
19 6976
20 6976
21 6976
22 6976
23 6976
24 6976
52 7042
19 7042
20 7042
21 7042
22 7042
23 7042
24 7042
0 7047
33 7033
2 7033
1 7033
0 7049
59 7050
26 7050
4 7050
3 7050
2 7050
1 7050
73 7048
0 7052
53 7053
0 7055
44 7048
87 7046
6 7046
5 7046
4 7046
3 7046
2 7046
1 7046
86 7056
0 7057
90 7002
11 7002
10 7002
9 7002
8 7002
7 7002
6 7002
5 7002
4 7002
3 7002
2 7002
1 7002
30 7041
13 7041
14 7041
15 7041
16 7041
17 7041
18 7041
19 7041
20 7041
21 7041
22 7041
23 7041
24 7041
41 7056
0 7060
110 7051
96 7058
105 7059
66 7054
18 7054
19 7054
20 7054
21 7054
22 7054
23 7054
24 7054
47 7018
22 7018
23 7018
24 7018
50 7056
108 7056
0 7062
75 7064
19 7064
20 7064
21 7064
22 7064
23 7064
24 7064
63 7053
37 7053
17 7053
18 7053
19 7053
20 7053
21 7053
22 7053
23 7053
24 7053
32 7061
54 7056
0 7065
67 7067
16 7067
17 7067
18 7067
19 7067
20 7067
21 7067
22 7067
23 7067
24 7067
35 7068
18 7068
19 7068
20 7068
21 7068
22 7068
23 7068
24 7068
109 7048
17 7048
18 7048
19 7048
20 7048
21 7048
22 7048
23 7048
24 7048
98 7069
15 7069
16 7069
17 7069
18 7069
19 7069
20 7069
21 7069
22 7069
23 7069
24 7069
79 7059
51 7061
0 7070
42 7058
17 7058
18 7058
19 7058
20 7058
21 7058
22 7058
23 7058
24 7058
39 7071
27 7061
0 7072
71 7063
107 7071
8 7071
7 7071
6 7071
5 7071
4 7071
3 7071
2 7071
1 7071
112 7075
50 7076
0 7078
47 7073
77 7066
78 7051
55 7074
101 7075
99 7076
113 7077
0 7080
68 7073
26 7051
9 7051
8 7051
7 7051
6 7051
5 7051
4 7051
3 7051
2 7051
1 7051
80 7074
54 7081
94 7075
74 7077
23 7077
24 7077
0 7082
65 7073
67 7063
83 7074
2 7074
1 7074
29 7061
7 7061
6 7061
5 7061
4 7061
3 7061
2 7061
1 7061
41 7081
0 7086
34 7031
2 7031
1 7031
107 7085
10 7085
9 7085
8 7085
7 7085
6 7085
5 7085
4 7085
3 7085
2 7085
1 7085
50 7081
46 7088
0 7089
49 7084
18 7084
19 7084
20 7084
21 7084
22 7084
23 7084
24 7084
82 7066
7 7066
6 7066
5 7066
4 7066
3 7066
2 7066
1 7066
74 7093
108 7081
13 7081
14 7081
15 7081
16 7081
17 7081
18 7081
19 7081
20 7081
21 7081
22 7081
23 7081
24 7081
75 7088
23 7088
24 7088
0 7094
85 6988
8 6988
7 6988
6 6988
5 6988
4 6988
3 6988
2 6988
1 6988
62 7091
8 7091
7 7091
6 7091
5 7091
4 7091
3 7091
2 7091
1 7091
48 7092
37 7096
0 7097
56 7063
20 7063
21 7063
22 7063
23 7063
24 7063
91 7095
26 7098
58 7056
14 7056
15 7056
16 7056
17 7056
18 7056
19 7056
20 7056
21 7056
22 7056
23 7056
24 7056
0 7100
74 7095
107 7098
72 7093
0 7102
102 7083
11 7083
10 7083
9 7083
8 7083
7 7083
6 7083
5 7083
4 7083
3 7083
2 7083
1 7083
113 7095
1 7095
100 7079
59 7098
86 7076
51 7101
103 7099
7 7099
6 7099
5 7099
4 7099
3 7099
2 7099
1 7099
0 7105
38 7079
18 7079
19 7079
20 7079
21 7079
22 7079
23 7079
24 7079
25 7087
54 7087
81 7110
34 7112
32 7101
56 7104
22 7104
23 7104
24 7104
0 7113
60 7025
1 7025
42 7114
97 7106
104 7108
41 7087
16 7087
17 7087
18 7087
19 7087
20 7087
21 7087
22 7087
23 7087
24 7087
99 7116
83 7103
6 7103
5 7103
4 7103
3 7103
2 7103
1 7103
92 7075
18 7075
19 7075
20 7075
21 7075
22 7075
23 7075
24 7075
29 7101
11 7101
10 7101
9 7101
8 7101
7 7101
6 7101
5 7101
4 7101
3 7101
2 7101
1 7101
0 7119
89 7115
40 7090
20 7090
21 7090
22 7090
23 7090
24 7090
77 7106
114 7120
27 7121
91 7093
35 7110
50 7116
94 7117
106 7111
58 7076
38 7118
57 7118
19 7118
20 7118
21 7118
22 7118
23 7118
24 7118
0 7124
32 7121
51 7121
12 7121
11 7121
10 7121
9 7121
8 7121
7 7121
6 7121
5 7121
4 7121
3 7121
2 7121
1 7121
113 7093
3 7093
2 7093
1 7093
101 7117
112 7117
19 7117
20 7117
21 7117
22 7117
23 7117
24 7117
52 7125
65 7125
5 7125
4 7125
3 7125
2 7125
1 7125
41 7076
17 7076
18 7076
19 7076
20 7076
21 7076
22 7076
23 7076
24 7076
0 7127
96 7114
24 7114
90 7115
20 7115
21 7115
22 7115
23 7115
24 7115
70 7120
14 7120
15 7120
16 7120
17 7120
18 7120
19 7120
20 7120
21 7120
22 7120
23 7120
24 7120
78 7098
95 7122
21 7122
22 7122
23 7122
24 7122
33 7126
13 7126
14 7126
15 7126
16 7126
17 7126
18 7126
19 7126
20 7126
21 7126
22 7126
23 7126
24 7126
0 7128
88 7059
14 7059
15 7059
16 7059
17 7059
18 7059
19 7059
20 7059
21 7059
22 7059
23 7059
24 7059
86 7116
58 7116
53 7096
43 7123
93 7123
9 7123
8 7123
7 7123
6 7123
5 7123
4 7123
3 7123
2 7123
1 7123
0 7130
45 7107
5 7107
4 7107
3 7107
2 7107
1 7107
110 7098
16 7098
17 7098
18 7098
19 7098
20 7098
21 7098
22 7098
23 7098
24 7098
57 7129
21 7129
22 7129
23 7129
24 7129
108 7116
0 7132
41 7116
54 7116
19 7116
20 7116
21 7116
22 7116
23 7116
24 7116
80 7131
0 7133
111 7109
6 7109
5 7109
4 7109
3 7109
2 7109
1 7109
55 7131
0 7134
69 7106
86 7136
36 7111
21 7111
22 7111
23 7111
24 7111
0 7138
0 7140
28 7135
36 7139
22 7139
23 7139
24 7139
0 7143
99 7136
50 7136
21 7136
22 7136
23 7136
24 7136
79 7137
0 7146
29 7147
70 7145
88 7137
64 7148
78 7149
0 7150
51 7147
46 7135
75 7135
7 7135
6 7135
5 7135
4 7135
3 7135
2 7135
1 7135
47 7148
0 7152
27 7147
68 7148
52 7148
112 7154
0 7156
72 7153
74 7153
105 7137
19 7137
20 7137
21 7137
22 7137
23 7137
24 7137
0 7159
113 7153
50 7161
23 7161
24 7161
32 7147
18 7147
19 7147
20 7147
21 7147
22 7147
23 7147
24 7147
67 7151
74 7163
54 7158
90 7155
0 7164
91 7153
10 7153
9 7153
8 7153
7 7153
6 7153
5 7153
4 7153
3 7153
2 7153
1 7153
92 7160
112 7160
1 7160
31 7162
113 7163
109 7166
39 7167
0 7168
59 7169
72 7163
44 7165
7 7165
6 7165
5 7165
4 7165
3 7165
2 7165
1 7165
73 7166
44 7166
7 7166
6 7166
5 7166
4 7166
3 7166
2 7166
1 7166
107 7167
78 7167
22 7167
23 7167
24 7167
101 7157
108 7158
41 7158
108 7170
41 7170
0 7171
39 7169
22 7169
23 7169
24 7169
91 7163
11 7163
10 7163
9 7163
8 7163
7 7163
6 7163
5 7163
4 7163
3 7163
2 7163
1 7163
57 7157
0 7173
84 7144
71 7151
68 7172
100 7157
3 7157
2 7157
1 7157
0 7175
91 7174
12 7174
11 7174
10 7174
9 7174
8 7174
7 7174
6 7174
5 7174
4 7174
3 7174
2 7174
1 7174
47 7172
14 7172
15 7172
16 7172
17 7172
18 7172
19 7172
20 7172
21 7172
22 7172
23 7172
24 7172
83 7131
16 7131
17 7131
18 7131
19 7131
20 7131
21 7131
22 7131
23 7131
24 7131
0 7178
72 7144
74 7144
114 7145
23 7145
24 7145
0 7182
82 7106
21 7106
22 7106
23 7106
24 7106
98 7162
7 7162
6 7162
5 7162
4 7162
3 7162
2 7162
1 7162
71 7176
8 7176
7 7176
6 7176
5 7176
4 7176
3 7176
2 7176
1 7176
66 7181
104 7181
11 7181
10 7181
9 7181
8 7181
7 7181
6 7181
5 7181
4 7181
3 7181
2 7181
1 7181
0 7184
42 7186
9 7186
8 7186
7 7186
6 7186
5 7186
4 7186
3 7186
2 7186
1 7186
30 7141
7 7141
6 7141
5 7141
4 7141
3 7141
2 7141
1 7141
61 7112
17 7112
18 7112
19 7112
20 7112
21 7112
22 7112
23 7112
24 7112
76 7142
18 7142
19 7142
20 7142
21 7142
22 7142
23 7142
24 7142
0 7188
91 7144
113 7144
14 7144
15 7144
16 7144
17 7144
18 7144
19 7144
20 7144
21 7144
22 7144
23 7144
24 7144
58 7187
25 7187
102 7190
24 7190
63 7096
11 7096
10 7096
9 7096
8 7096
7 7096
6 7096
5 7096
4 7096
3 7096
2 7096
1 7096
89 7155
6 7155
5 7155
4 7155
3 7155
2 7155
1 7155
0 7193
94 7194
41 7187
83 7195
18 7195
19 7195
20 7195
21 7195
22 7195
23 7195
24 7195
