0 7196
0 7197
0 7198
0 7199
0 7200
0 7201
0 7202
0 7203
0 7204
0 7205
0 7206
0 7207
0 7208
0 7209
0 7210
0 7211
0 7212
0 7213
0 7214
0 7215
0 7218
118 7220
22 7220
23 7220
24 7220
0 7221
95 7222
56 7223
9 7223
8 7223
7 7223
6 7223
5 7223
4 7223
3 7223
2 7223
1 7223
111 7224
46 7225
71 7217
3 7217
2 7217
1 7217
0 7226
57 7219
39 7224
63 7225
24 7225
0 7230
61 7219
74 7219
86 7227
21 7227
22 7227
23 7227
24 7227
122 7222
26 7229
67 7229
9 7229
8 7229
7 7229
6 7229
5 7229
4 7229
3 7229
2 7229
1 7229
78 7236
54 7224
0 7239
44 7231
116 7222
45 7233
99 7234
79 7235
39 7238
0 7240
86 7233
22 7233
23 7233
24 7233
102 7235
0 7241
31 7231
114 7234
11 7234
10 7234
9 7234
8 7234
7 7234
6 7234
5 7234
4 7234
3 7234
2 7234
1 7234
35 7235
108 7236
62 7236
32 7237
17 7237
18 7237
19 7237
20 7237
21 7237
22 7237
23 7237
24 7237
0 7247
113 7236
43 7252
0 7253
121 7243
10 7243
9 7243
8 7243
7 7243
6 7243
5 7243
4 7243
3 7243
2 7243
1 7243
53 7254
11 7254
10 7254
9 7254
8 7254
7 7254
6 7254
5 7254
4 7254
3 7254
2 7254
1 7254
106 7252
0 7257
83 7242
90 7231
69 7222
10 7222
9 7222
8 7222
7 7222
6 7222
5 7222
4 7222
3 7222
2 7222
1 7222
54 7250
17 7250
18 7250
19 7250
20 7250
21 7250
22 7250
23 7250
24 7250
27 7255
86 7255
24 7255
110 7245
123 7236
7 7236
6 7236
5 7236
4 7236
3 7236
2 7236
1 7236
25 7256
4 7256
3 7256
2 7256
1 7256
109 7260
6 7260
5 7260
4 7260
3 7260
2 7260
1 7260
75 7261
17 7261
18 7261
19 7261
20 7261
21 7261
22 7261
23 7261
24 7261
0 7262
103 7263
19 7263
20 7263
21 7263
22 7263
23 7263
24 7263
120 7264
76 7245
1 7245
72 7259
115 7252
5 7252
4 7252
3 7252
2 7252
1 7252
111 7238
0 7266
41 7216
1 7216
64 7228
20 7228
21 7228
22 7228
23 7228
24 7228
26 7264
13 7264
14 7264
15 7264
16 7264
17 7264
18 7264
19 7264
20 7264
21 7264
22 7264
23 7264
24 7264
80 7269
2 7269
1 7269
77 7259
36 7265
120 7265
13 7265
14 7265
15 7265
16 7265
17 7265
18 7265
19 7265
20 7265
21 7265
22 7265
23 7265
24 7265
54 7238
18 7238
19 7238
20 7238
21 7238
22 7238
23 7238
24 7238
0 7271
38 7231
60 7258
103 7258
20 7258
21 7258
22 7258
23 7258
24 7258
106 7273
68 7274
19 7274
20 7274
21 7274
22 7274
23 7274
24 7274
0 7276
96 7268
92 7231
118 7231
3 7231
2 7231
1 7231
115 7273
62 7277
113 7280
9 7280
8 7280
7 7280
6 7280
5 7280
4 7280
3 7280
2 7280
1 7280
124 7281
15 7281
16 7281
17 7281
18 7281
19 7281
20 7281
21 7281
22 7281
23 7281
24 7281
0 7282
95 7268
12 7268
11 7268
10 7268
9 7268
8 7268
7 7268
6 7268
5 7268
4 7268
3 7268
2 7268
1 7268
78 7277
9 7277
8 7277
7 7277
6 7277
5 7277
4 7277
3 7277
2 7277
1 7277
49 7283
15 7283
16 7283
17 7283
18 7283
19 7283
20 7283
21 7283
22 7283
23 7283
24 7283
82 7249
3 7249
2 7249
1 7249
29 7235
47 7275
93 7285
73 7285
0 7286
91 7272
2 7272
1 7272
25 7273
7 7273
6 7273
5 7273
4 7273
3 7273
2 7273
1 7273
34 7289
80 7289
4 7289
3 7289
2 7289
1 7289
37 7224
20 7224
21 7224
22 7224
23 7224
24 7224
30 7251
21 7251
22 7251
23 7251
24 7251
0 7291
48 7242
23 7242
24 7242
33 7292
119 7232
67 7278
15 7278
16 7278
17 7278
18 7278
19 7278
20 7278
21 7278
22 7278
23 7278
24 7278
100 7288
0 7294
50 7292
84 7296
97 7232
20 7232
21 7232
22 7232
23 7232
24 7232
88 7288
12 7288
11 7288
10 7288
9 7288
8 7288
7 7288
6 7288
5 7288
4 7288
3 7288
2 7288
1 7288
117 7293
81 7270
9 7270
8 7270
7 7270
6 7270
5 7270
4 7270
3 7270
2 7270
1 7270
116 7290
69 7290
14 7290
15 7290
16 7290
17 7290
18 7290
19 7290
20 7290
21 7290
22 7290
23 7290
24 7290
94 7285
1 7285
0 7297
27 7296
66 7287
69 7300
101 7259
0 7301
65 7267
8 7267
7 7267
6 7267
5 7267
4 7267
3 7267
2 7267
1 7267
52 7298
24 7298
98 7293
122 7300
15 7300
16 7300
17 7300
18 7300
19 7300
20 7300
21 7300
22 7300
23 7300
24 7300
31 7284
38 7284
85 7246
0 7303
77 7295
86 7296
29 7299
58 7299
90 7284
7 7284
6 7284
5 7284
4 7284
3 7284
2 7284
1 7284
65 7246
9 7246
8 7246
7 7246
6 7246
5 7246
4 7246
3 7246
2 7246
1 7246
0 7306
101 7295
73 7308
28 7248
13 7248
14 7248
15 7248
16 7248
17 7248
18 7248
19 7248
20 7248
21 7248
22 7248
23 7248
24 7248
92 7309
38 7309
0 7310
61 7307
57 7307
9 7307
8 7307
7 7307
6 7307
5 7307
4 7307
3 7307
2 7307
1 7307
59 7302
115 7313
0 7314
104 7279
70 7235
43 7313
50 7317
24 7317
48 7318
0 7320
87 7322
89 7316
68 7259
105 7275
2 7275
1 7275
90 7309
9 7309
8 7309
7 7309
6 7309
5 7309
4 7309
3 7309
2 7309
1 7309
0 7325
56 7315
49 7315
20 7315
21 7315
22 7315
23 7315
24 7315
40 7292
34 7322
123 7327
62 7327
106 7313
12 7313
11 7313
10 7313
9 7313
8 7313
7 7313
6 7313
5 7313
4 7313
3 7313
2 7313
1 7313
0 7331
74 7321
11 7321
10 7321
9 7321
8 7321
7 7321
6 7321
5 7321
4 7321
3 7321
2 7321
1 7321
45 7296
7 7296
6 7296
5 7296
4 7296
3 7296
2 7296
1 7296
80 7322
9 7322
8 7322
7 7322
6 7322
5 7322
4 7322
3 7322
2 7322
1 7322
93 7308
5 7308
4 7308
3 7308
2 7308
1 7308
35 7299
14 7299
15 7299
16 7299
17 7299
18 7299
19 7299
20 7299
21 7299
22 7299
23 7299
24 7299
101 7332
78 7327
113 7327
15 7327
16 7327
17 7327
18 7327
19 7327
20 7327
21 7327
22 7327
23 7327
24 7327
42 7244
12 7244
11 7244
10 7244
9 7244
8 7244
7 7244
6 7244
5 7244
4 7244
3 7244
2 7244
1 7244
100 7316
16 7316
17 7316
18 7316
19 7316
20 7316
21 7316
22 7316
23 7316
24 7316
37 7333
75 7302
63 7334
46 7334
111 7330
50 7330
33 7330
0 7336
94 7304
5 7304
4 7304
3 7304
2 7304
1 7304
102 7326
71 7326
15 7326
16 7326
17 7326
18 7326
19 7326
20 7326
21 7326
22 7326
23 7326
24 7326
98 7311
122 7337
39 7333
31 7334
97 7329
68 7330
77 7330
70 7319
35 7319
15 7319
16 7319
17 7319
18 7319
19 7319
20 7319
21 7319
22 7319
23 7319
24 7319
38 7335
0 7338
51 7312
6 7312
5 7312
4 7312
3 7312
2 7312
1 7312
76 7328
114 7305
111 7333
1 7333
112 7324
90 7334
31 7335
11 7335
10 7335
9 7335
8 7335
7 7335
6 7335
5 7335
4 7335
3 7335
2 7335
1 7335
0 7339
99 7305
22 7305
23 7305
24 7305
43 7324
0 7341
55 7323
6 7323
5 7323
4 7323
3 7323
2 7323
1 7323
95 7340
20 7340
21 7340
22 7340
23 7340
24 7340
0 7342
107 7287
1 7287
28 7279
18 7279
19 7279
20 7279
21 7279
22 7279
23 7279
24 7279
0 7346
36 7347
26 7347
23 7347
24 7347
110 7328
71 7348
25 7344
15 7344
16 7344
17 7344
18 7344
19 7344
20 7344
21 7344
22 7344
23 7344
24 7344
75 7349
0 7350
69 7337
119 7302
3 7302
2 7302
1 7302
59 7349
119 7349
3 7349
2 7349
1 7349
0 7351
83 7318
7 7318
6 7318
5 7318
4 7318
3 7318
2 7318
1 7318
90 7353
0 7354
38 7353
0 7358
32 7355
93 7360
117 7311
8 7311
7 7311
6 7311
5 7311
4 7311
3 7311
2 7311
1 7311
108 7357
20 7357
21 7357
22 7357
23 7357
24 7357
0 7361
60 7355
80 7359
27 7362
12 7362
11 7362
10 7362
9 7362
8 7362
7 7362
6 7362
5 7362
4 7362
3 7362
2 7362
1 7362
115 7324
0 7364
33 7365
6 7365
5 7365
4 7365
3 7365
2 7365
1 7365
109 7367
116 7337
24 7337
86 7352
0 7368
70 7367
20 7367
21 7367
22 7367
23 7367
24 7367
44 7334
16 7334
17 7334
18 7334
19 7334
20 7334
21 7334
22 7334
23 7334
24 7334
31 7353
120 7369
0 7370
34 7359
100 7363
88 7363
23 7363
24 7363
58 7235
21 7235
22 7235
23 7235
24 7235
36 7369
26 7369
2 7369
1 7369
26 7371
2 7371
1 7371
0 7372
87 7359
73 7360
79 7348
102 7348
113 7348
22 7348
23 7348
24 7348
0 7373
92 7359
54 7374
99 7343
3 7343
2 7343
1 7343
46 7353
92 7376
34 7376
17 7376
18 7376
19 7376
20 7376
21 7376
22 7376
23 7376
24 7376
0 7377
118 7359
111 7374
37 7374
8 7374
7 7374
6 7374
5 7374
4 7374
3 7374
2 7374
1 7374
30 7332
9 7332
8 7332
7 7332
6 7332
5 7332
4 7332
3 7332
2 7332
1 7332
39 7375
37 7375
8 7375
7 7375
6 7375
5 7375
4 7375
3 7375
2 7375
1 7375
27 7352
15 7352
16 7352
17 7352
18 7352
19 7352
20 7352
21 7352
22 7352
23 7352
24 7352
82 7328
17 7328
18 7328
19 7328
20 7328
21 7328
22 7328
23 7328
24 7328
45 7356
101 7330
0 7378
103 7355
10 7355
9 7355
8 7355
7 7355
6 7355
5 7355
4 7355
3 7355
2 7355
1 7355
38 7359
110 7366
48 7380
29 7381
23 7381
24 7381
118 7382
34 7382
18 7382
19 7382
20 7382
21 7382
22 7382
23 7382
24 7382
0 7383
57 7379
20 7379
21 7379
22 7379
23 7379
24 7379
83 7380
12 7380
11 7380
10 7380
9 7380
8 7380
7 7380
6 7380
5 7380
4 7380
3 7380
2 7380
1 7380
121 7345
3 7345
2 7345
1 7345
43 7386
0 7387
82 7366
18 7366
19 7366
20 7366
21 7366
22 7366
23 7366
24 7366
91 7389
17 7389
18 7389
19 7389
20 7389
21 7389
22 7389
23 7389
24 7389
84 7385
16 7385
17 7385
18 7385
19 7385
20 7385
21 7385
22 7385
23 7385
24 7385
87 7390
19 7390
20 7390
21 7390
22 7390
23 7390
24 7390
115 7386
22 7386
23 7386
24 7386
0 7392
81 7388
23 7388
24 7388
34 7394
0 7395
118 7394
87 7394
60 7391
32 7391
12 7391
11 7391
10 7391
9 7391
8 7391
7 7391
6 7391
5 7391
4 7391
3 7391
2 7391
1 7391
113 7398
0 7399
96 7401
78 7396
119 7393
46 7397
21 7397
22 7397
23 7397
24 7397
0 7402
31 7359
90 7359
21 7359
22 7359
23 7359
24 7359
61 7400
57 7400
22 7400
23 7400
24 7400
122 7401
116 7401
72 7295
12 7295
11 7295
10 7295
9 7295
8 7295
7 7295
6 7295
5 7295
4 7295
3 7295
2 7295
1 7295
92 7394
21 7394
22 7394
23 7394
24 7394
105 7405
71 7398
0 7406
69 7401
5 7401
4 7401
3 7401
2 7401
1 7401
101 7407
41 7403
30 7330
47 7405
102 7398
0 7409
94 7360
17 7360
18 7360
19 7360
20 7360
21 7360
22 7360
23 7360
24 7360
77 7407
83 7410
95 7408
113 7396
51 7404
53 7412
82 7413
78 7398
0 7414
68 7407
88 7415
4 7415
3 7415
2 7415
1 7415
122 7408
71 7396
55 7411
17 7411
18 7411
19 7411
20 7411
21 7411
22 7411
23 7411
24 7411
64 7384
15 7384
16 7384
17 7384
18 7384
19 7384
20 7384
21 7384
22 7384
23 7384
24 7384
93 7404
18 7404
19 7404
20 7404
21 7404
22 7404
23 7404
24 7404
67 7412
86 7356
20 7356
21 7356
22 7356
23 7356
24 7356
123 7398
3 7398
2 7398
1 7398
0 7418
33 7407
102 7396
3 7396
2 7396
1 7396
59 7416
75 7416
13 7416
14 7416
15 7416
16 7416
17 7416
18 7416
19 7416
20 7416
21 7416
22 7416
23 7416
24 7416
120 7412
70 7419
0 7421
76 7403
22 7403
23 7403
24 7403
26 7412
9 7412
8 7412
7 7412
6 7412
5 7412
4 7412
3 7412
2 7412
1 7412
123 7422
0 7424
116 7408
78 7422
102 7422
4 7422
3 7422
2 7422
1 7422
89 7423
100 7423
66 7417
52 7405
0 7426
117 7410
18 7410
19 7410
20 7410
21 7410
22 7410
23 7410
24 7410
71 7427
102 7427
123 7427
69 7408
8 7408
7 7408
6 7408
5 7408
4 7408
3 7408
2 7408
1 7408
68 7425
67 7420
88 7423
6 7423
5 7423
4 7423
3 7423
2 7423
1 7423
40 7428
48 7405
0 7429
53 7420
107 7417
14 7417
15 7417
16 7417
17 7417
18 7417
19 7417
20 7417
21 7417
22 7417
23 7417
24 7417
0 7431
50 7407
16 7407
17 7407
18 7407
19 7407
20 7407
21 7407
22 7407
23 7407
24 7407
104 7430
120 7420
62 7433
0 7435
113 7427
56 7437
12 7437
11 7437
10 7437
9 7437
8 7437
7 7437
6 7437
5 7437
4 7437
3 7437
2 7437
1 7437
49 7439
12 7439
11 7439
10 7439
9 7439
8 7439
7 7439
6 7439
5 7439
4 7439
3 7439
2 7439
1 7439
109 7419
58 7419
36 7420
0 7440
50 7438
35 7419
26 7420
12 7420
11 7420
10 7420
9 7420
8 7420
7 7420
6 7420
5 7420
4 7420
3 7420
2 7420
1 7420
115 7442
43 7442
4 7442
3 7442
2 7442
1 7442
0 7445
108 7436
122 7441
96 7441
10 7441
9 7441
8 7441
7 7441
6 7441
5 7441
4 7441
3 7441
2 7441
1 7441
39 7438
68 7428
80 7413
1 7413
93 7443
47 7444
52 7444
20 7444
21 7444
22 7444
23 7444
24 7444
0 7447
97 7393
17 7393
18 7393
19 7393
20 7393
21 7393
22 7393
23 7393
24 7393
37 7438
76 7446
1 7446
51 7443
98 7405
0 7449
62 7436
8 7436
7 7436
6 7436
5 7436
4 7436
3 7436
2 7436
1 7436
111 7438
33 7425
39 7451
38 7452
92 7452
87 7452
0 7453
69 7448
12 7448
11 7448
10 7448
9 7448
8 7448
7 7448
6 7448
5 7448
4 7448
3 7448
2 7448
1 7448
50 7425
19 7425
20 7425
21 7425
22 7425
23 7425
24 7425
77 7428
33 7428
19 7428
20 7428
21 7428
22 7428
23 7428
24 7428
111 7451
74 7456
5 7456
4 7456
3 7456
2 7456
1 7456
83 7405
117 7405
22 7405
23 7405
24 7405
0 7457
85 7450
52 7454
65 7459
6 7459
5 7459
4 7459
3 7459
2 7459
1 7459
34 7452
44 7353
4 7353
3 7353
2 7353
1 7353
0 7460
42 7450
48 7454
97 7458
63 7455
5 7455
4 7455
3 7455
2 7455
1 7455
0 7462
65 7450
7 7450
6 7450
5 7450
4 7450
3 7450
2 7450
1 7450
105 7454
104 7433
0 7464
42 7465
85 7465
7 7465
6 7465
5 7465
4 7465
3 7465
2 7465
1 7465
94 7434
0 7466
75 7463
54 7438
21 7438
22 7438
23 7438
24 7438
29 7419
10 7419
9 7419
8 7419
7 7419
6 7419
5 7419
4 7419
3 7419
2 7419
1 7419
73 7443
1 7443
98 7467
24 7467
0 7469
79 7470
111 7472
50 7472
33 7472
31 7468
38 7468
6 7468
5 7468
4 7468
3 7468
2 7468
1 7468
51 7434
0 7473
57 7461
35 7470
11 7470
10 7470
9 7470
8 7470
7 7470
6 7470
5 7470
4 7470
3 7470
2 7470
1 7470
58 7471
40 7472
77 7472
54 7477
22 7477
23 7477
24 7477
72 7330
23 7330
24 7330
93 7434
0 7478
25 7479
90 7474
44 7474
7 7474
6 7474
5 7474
4 7474
3 7474
2 7474
1 7474
29 7471
68 7472
23 7472
24 7472
108 7433
13 7433
14 7433
15 7433
16 7433
17 7433
18 7433
19 7433
20 7433
21 7433
22 7433
23 7433
24 7433
0 7481
65 7479
102 7480
46 7475
35 7471
12 7471
11 7471
10 7471
9 7471
8 7471
7 7471
6 7471
5 7471
4 7471
3 7471
2 7471
1 7471
100 7476
53 7482
0 7483
61 7461
9 7461
8 7461
7 7461
6 7461
5 7461
4 7461
3 7461
2 7461
1 7461
42 7479
10 7479
9 7479
8 7479
7 7479
6 7479
5 7479
4 7479
3 7479
2 7479
1 7479
123 7480
13 7480
14 7480
15 7480
16 7480
17 7480
18 7480
19 7480
20 7480
21 7480
22 7480
23 7480
24 7480
90 7475
44 7475
8 7475
7 7475
6 7475
5 7475
4 7475
3 7475
2 7475
1 7475
114 7486
19 7486
20 7486
21 7486
22 7486
23 7486
24 7486
120 7482
37 7451
0 7487
35 7484
70 7484
51 7485
124 7432
20 7432
21 7432
22 7432
23 7432
24 7432
0 7489
29 7484
82 7490
110 7490
8 7490
7 7490
6 7490
5 7490
4 7490
3 7490
2 7490
1 7490
0 7491
47 7454
2 7454
1 7454
117 7494
3 7494
2 7494
1 7494
73 7434
5 7434
4 7434
3 7434
2 7434
1 7434
0 7495
93 7485
95 7492
18 7492
19 7492
20 7492
21 7492
22 7492
23 7492
24 7492
67 7482
54 7451
0 7496
73 7485
120 7498
112 7488
89 7476
50 7451
1 7451
0 7500
28 7430
29 7497
67 7498
78 7427
16 7427
17 7427
18 7427
19 7427
20 7427
21 7427
22 7427
23 7427
24 7427
43 7488
123 7502
16 7502
17 7502
18 7502
19 7502
20 7502
21 7502
22 7502
23 7502
24 7502
36 7482
0 7504
70 7497
36 7505
59 7463
1 7463
104 7506
17 7506
18 7506
19 7506
20 7506
21 7506
22 7506
23 7506
24 7506
26 7482
22 7482
23 7482
24 7482
106 7324
25 7324
118 7452
11 7452
10 7452
9 7452
8 7452
7 7452
6 7452
5 7452
4 7452
3 7452
2 7452
1 7452
70 7507
0 7508
58 7484
16 7484
17 7484
18 7484
19 7484
20 7484
21 7484
22 7484
23 7484
24 7484
65 7324
45 7493
48 7509
5 7509
4 7509
3 7509
2 7509
1 7509
0 7510
108 7430
67 7505
86 7501
40 7512
0 7513
62 7430
18 7430
19 7430
20 7430
21 7430
22 7430
23 7430
24 7430
26 7505
23 7505
24 7505
27 7501
10 7501
9 7501
8 7501
7 7501
6 7501
5 7501
4 7501
3 7501
2 7501
1 7501
77 7512
68 7512
0 7516
116 7517
56 7519
99 7520
109 7507
50 7512
4 7512
3 7512
2 7512
1 7512
0 7522
26 7523
24 7523
53 7498
36 7498
24 7498
27 7518
11 7518
10 7518
9 7518
8 7518
7 7518
6 7518
5 7518
4 7518
3 7518
2 7518
1 7518
62 7524
49 7519
99 7519
87 7521
0 7525
115 7488
118 7521
0 7529
101 7526
39 7527
106 7488
17 7488
18 7488
19 7488
20 7488
21 7488
22 7488
23 7488
24 7488
61 7528
16 7528
17 7528
18 7528
19 7528
20 7528
21 7528
22 7528
23 7528
24 7528
58 7507
0 7532
94 7485
10 7485
9 7485
8 7485
7 7485
6 7485
5 7485
4 7485
3 7485
2 7485
1 7485
111 7527
72 7531
40 7531
77 7531
66 7533
4 7533
3 7533
2 7533
1 7533
71 7535
20 7535
21 7535
22 7535
23 7535
24 7535
56 7520
92 7521
0 7537
35 7497
80 7538
69 7517
24 7517
88 7476
22 7476
23 7476
24 7476
115 7534
43 7534
104 7524
78 7524
21 7524
22 7524
23 7524
24 7524
42 7324
18 7324
19 7324
20 7324
21 7324
22 7324
23 7324
24 7324
49 7520
2 7520
1 7520
96 7536
24 7536
103 7539
29 7507
0 7541
30 7526
72 7526
113 7530
68 7531
110 7503
88 7542
91 7493
14 7493
15 7493
16 7493
17 7493
18 7493
19 7493
20 7493
21 7493
22 7493
23 7493
24 7493
105 7543
9 7543
8 7543
7 7543
6 7543
5 7543
4 7543
3 7543
2 7543
1 7543
35 7507
0 7544
40 7526
33 7526
82 7538
52 7545
47 7545
105 7545
9 7545
8 7545
7 7545
6 7545
5 7545
4 7545
3 7545
2 7545
1 7545
78 7530
50 7531
111 7531
7 7531
6 7531
5 7531
4 7531
3 7531
2 7531
1 7531
119 7458
6 7458
5 7458
4 7458
3 7458
2 7458
1 7458
119 7546
6 7546
5 7546
4 7546
3 7546
2 7546
1 7546
93 7548
12 7548
11 7548
10 7548
9 7548
8 7548
7 7548
6 7548
5 7548
4 7548
3 7548
2 7548
1 7548
80 7503
81 7511
20 7511
21 7511
22 7511
23 7511
24 7511
109 7540
0 7549
123 7530
22 7530
23 7530
24 7530
43 7551
68 7547
59 7553
79 7507
22 7507
23 7507
24 7507
0 7555
44 7550
54 7527
106 7551
50 7547
97 7552
75 7553
0 7557
77 7526
68 7526
90 7550
31 7550
18 7550
19 7550
20 7550
21 7550
22 7550
23 7550
24 7550
84 7515
15 7515
16 7515
17 7515
18 7515
19 7515
20 7515
21 7515
22 7515
23 7515
24 7515
67 7556
0 7559
50 7526
9 7526
8 7526
7 7526
6 7526
5 7526
4 7526
3 7526
2 7526
1 7526
58 7497
23 7497
24 7497
34 7563
18 7563
19 7563
20 7563
21 7563
22 7563
23 7563
24 7563
25 7551
39 7547
83 7558
53 7556
120 7556
36 7556
4 7556
3 7556
2 7556
1 7556
38 7521
0 7564
65 7551
44 7521
90 7521
19 7521
20 7521
21 7521
22 7521
23 7521
24 7521
54 7553
60 7539
11 7539
10 7539
9 7539
8 7539
7 7539
6 7539
5 7539
4 7539
3 7539
2 7539
1 7539
0 7567
50 7565
10 7565
9 7565
8 7565
7 7565
6 7565
5 7565
4 7565
3 7565
2 7565
1 7565
98 7562
39 7553
10 7553
9 7553
8 7553
7 7553
6 7553
5 7553
4 7553
3 7553
2 7553
1 7553
30 7568
0 7569
37 7527
10 7527
9 7527
8 7527
7 7527
6 7527
5 7527
4 7527
3 7527
2 7527
1 7527
83 7562
13 7562
14 7562
15 7562
16 7562
17 7562
18 7562
19 7562
20 7562
21 7562
22 7562
23 7562
24 7562
111 7547
48 7558
82 7503
19 7503
20 7503
21 7503
22 7503
23 7503
24 7503
101 7568
40 7568
11 7568
10 7568
9 7568
8 7568
7 7568
6 7568
5 7568
4 7568
3 7568
2 7568
1 7568
70 7540
29 7540
0 7571
74 7560
22 7560
23 7560
24 7560
55 7566
15 7566
16 7566
17 7566
18 7566
19 7566
20 7566
21 7566
22 7566
23 7566
24 7566
117 7570
14 7570
15 7570
16 7570
17 7570
18 7570
19 7570
20 7570
21 7570
22 7570
23 7570
24 7570
58 7540
35 7540
64 7554
0 7574
37 7547
11 7547
10 7547
9 7547
8 7547
7 7547
6 7547
5 7547
4 7547
3 7547
2 7547
1 7547
114 7519
75 7573
69 7576
0 7577
115 7551
24 7551
46 7578
111 7575
12 7575
11 7575
10 7575
9 7575
8 7575
7 7575
6 7575
5 7575
4 7575
3 7575
2 7575
1 7575
96 7576
5 7576
4 7576
3 7576
2 7576
1 7576
0 7580
90 7578
22 7578
23 7578
24 7578
26 7519
59 7573
12 7573
11 7573
10 7573
9 7573
8 7573
7 7573
6 7573
5 7573
4 7573
3 7573
2 7573
1 7573
0 7583
78 7581
71 7581
102 7581
36 7519
89 7542
4 7542
3 7542
2 7542
1 7542
0 7585
41 7572
100 7586
4 7586
3 7586
2 7586
1 7586
49 7587
9 7587
8 7587
7 7587
6 7587
5 7587
4 7587
3 7587
2 7587
1 7587
120 7519
8 7519
7 7519
6 7519
5 7519
4 7519
3 7519
2 7519
1 7519
33 7582
0 7589
32 7499
15 7499
16 7499
17 7499
18 7499
19 7499
20 7499
21 7499
22 7499
23 7499
24 7499
38 7592
92 7592
23 7592
24 7592
0 7593
42 7590
1 7590
58 7591
122 7594
0 7595
110 7538
23 7538
24 7538
57 7584
123 7581
112 7534
2 7534
1 7534
0 7596
98 7558
18 7558
19 7558
20 7558
21 7558
22 7558
23 7558
24 7558
77 7582
16 7582
17 7582
18 7582
19 7582
20 7582
21 7582
22 7582
23 7582
24 7582
0 7597
107 7561
14 7561
15 7561
16 7561
17 7561
18 7561
19 7561
20 7561
21 7561
22 7561
23 7561
24 7561
47 7579
18 7579
19 7579
20 7579
21 7579
22 7579
23 7579
24 7579
119 7552
15 7552
16 7552
17 7552
18 7552
19 7552
20 7552
21 7552
22 7552
23 7552
24 7552
96 7594
0 7598
40 7599
101 7599
0 7601
65 7602
71 7600
78 7600
6 7600
5 7600
4 7600
3 7600
2 7600
1 7600
90 7603
63 7584
2 7584
1 7584
48 7604
79 7591
6 7591
5 7591
4 7591
3 7591
2 7591
1 7591
105 7554
19 7554
20 7554
21 7554
22 7554
23 7554
24 7554
0 7606
106 7602
4 7602
3 7602
2 7602
1 7602
76 7572
44 7603
92 7607
72 7608
18 7608
19 7608
20 7608
21 7608
22 7608
23 7608
24 7608
95 7594
10 7594
9 7594
8 7594
7 7594
6 7594
5 7594
4 7594
3 7594
2 7594
1 7594
0 7609
25 7611
46 7603
34 7607
98 7604
0 7614
93 7610
23 7610
24 7610
87 7607
2 7607
1 7607
106 7615
5 7615
4 7615
3 7615
2 7615
1 7615
104 7612
62 7612
108 7612
83 7604
21 7604
22 7604
23 7604
24 7604
0 7619
31 7603
3 7603
2 7603
1 7603
28 7612
9 7612
8 7612
7 7612
6 7612
5 7612
4 7612
3 7612
2 7612
1 7612
35 7621
39 7617
105 7618
21 7618
22 7618
23 7618
24 7618
0 7622
87 7623
34 7623
118 7623
94 7620
93 7620
24 7620
50 7617
19 7617
20 7617
21 7617
22 7617
23 7617
24 7617
123 7624
9 7624
8 7624
7 7624
6 7624
5 7624
4 7624
3 7624
2 7624
1 7624
0 7625
82 7626
3 7626
2 7626
1 7626
30 7599
20 7599
21 7599
22 7599
23 7599
24 7599
53 7627
14 7627
15 7627
16 7627
17 7627
18 7627
19 7627
20 7627
21 7627
22 7627
23 7627
24 7627
113 7581
9 7581
8 7581
7 7581
6 7581
5 7581
4 7581
3 7581
2 7581
1 7581
51 7628
63 7616
85 7605
6 7605
5 7605
4 7605
3 7605
2 7605
1 7605
101 7630
113 7631
9 7631
8 7631
7 7631
6 7631
5 7631
4 7631
3 7631
2 7631
1 7631
0 7632
73 7633
54 7634
61 7613
6 7613
5 7613
4 7613
3 7613
2 7613
1 7613
45 7629
72 7630
0 7636
121 7514
14 7514
15 7514
16 7514
17 7514
18 7514
19 7514
20 7514
21 7514
22 7514
23 7514
24 7514
65 7611
80 7623
75 7634
86 7629
102 7635
0 7640
106 7611
115 7611
8 7611
7 7611
6 7611
5 7611
4 7611
3 7611
2 7611
1 7611
110 7623
94 7628
36 7643
79 7621
123 7635
0 7644
30 7630
0 7646
119 7641
26 7643
99 7639
0 7650
83 7651
108 7642
104 7642
12 7642
11 7642
10 7642
9 7642
8 7642
7 7642
6 7642
5 7642
4 7642
3 7642
2 7642
1 7642
120 7643
67 7643
57 7616
8 7616
7 7616
6 7616
5 7616
4 7616
3 7616
2 7616
1 7616
113 7635
12 7635
11 7635
10 7635
9 7635
8 7635
7 7635
6 7635
5 7635
4 7635
3 7635
2 7635
1 7635
59 7649
0 7653
74 7645
9 7645
8 7645
7 7645
6 7645
5 7645
4 7645
3 7645
2 7645
1 7645
28 7638
108 7638
13 7638
14 7638
15 7638
16 7638
17 7638
18 7638
19 7638
20 7638
21 7638
22 7638
23 7638
24 7638
34 7654
0 7655
117 7657
118 7654
0 7658
116 7647
48 7657
29 7662
120 7663
95 7664
58 7621
13 7621
14 7621
15 7621
16 7621
17 7621
18 7621
19 7621
20 7621
21 7621
22 7621
23 7621
24 7621
0 7665
69 7647
17 7647
18 7647
19 7647
20 7647
21 7647
22 7647
23 7647
24 7647
86 7656
6 7656
5 7656
4 7656
3 7656
2 7656
1 7656
98 7657
70 7662
13 7662
14 7662
15 7662
16 7662
17 7662
18 7662
19 7662
20 7662
21 7662
22 7662
23 7662
24 7662
36 7663
26 7663
19 7663
20 7663
21 7663
22 7663
23 7663
24 7663
