102 6768 0 100 1.51711e-07 2.00521 2.00521
64 6769 0 100 7.00206e-08 2.01526 2.01526
47 6771 0 100 7.00206e-08 2.03242 2.03242
41 6774 0 100 1.05031e-07 2.0621 2.0621
39 6772 0 100 0.2 2.04646 2.24646
98 6777 0 100 0.3 2.10729 2.40729
79 6786 0 100 0.1 2.32342 2.42342
32 6787 0 100 0.2 2.33779 2.53779
93 6782 0 100 0.3 2.28046 2.58046
48 6796 0 100 0.1 2.57545 2.67545
43 6801 0 100 1.40041e-07 2.70782 2.70782
91 6775 0 100 0.7 2.08984 2.78984
111 6780 0 100 0.6 2.20589 2.80589
81 6800 0 100 0.2 2.63028 2.83028
29 6795 0 100 0.3 2.53611 2.83612
83 6792 0 100 0.5 2.44933 2.94933
66 6799 0 100 0.4 2.6277 3.0277
95 6788 0 100 0.7 2.37598 3.07598
97 6779 0 100 0.9 2.17675 3.07675
45 6784 0 100 0.8 2.29745 3.09745
27 6813 0 100 0.1 3.0645 3.1645
46 6808 0 100 0.3 2.91623 3.21623
35 6820 0 100 8.16907e-08 3.23303 3.23303
104 6821 0 100 0.1 3.24185 3.34185
40 6791 0 100 0.9 2.44927 3.34927
112 6773 0 100 1.3 2.05595 3.35595
34 6803 0 100 0.7 2.76464 3.46464
57 6824 0 100 0.1 3.37744 3.47744
87 6825 0 100 0.1 3.42077 3.52077
50 6823 0 100 0.2 3.37293 3.57293
85 6828 0 100 0.2 3.46456 3.66456
36 6783 0 100 1.4 2.29078 3.69079
25 6829 0 100 0.2 3.51589 3.71589
67 6805 0 100 0.9 2.83512 3.73512
106 6817 0 100 0.6 3.21834 3.81834
107 6776 0 100 1.8 2.09717 3.89717
59 6840 0 100 3.50103e-08 3.91322 3.91322
42 6815 0 100 0.8 3.15909 3.95909
52 6844 0 100 1.40041e-07 4.00941 4.00941
70 6818 0 100 0.8 3.21975 4.01975
38 6793 0 100 1.6 2.51412 4.11412
72 6835 0 100 0.4 3.74006 4.14006
80 6850 0 100 1.05031e-07 4.16449 4.16449
86 6836 0 100 0.4 3.80067 4.20067
114 6851 0 100 0.1 4.16794 4.26794
26 6853 0 100 0.1 4.21002 4.31002
30 6797 0 100 1.7 2.62073 4.32073
44 6807 0 100 1.5 2.8627 4.3627
103 6806 0 100 1.6 2.86153 4.46153
55 6843 0 100 0.5 3.98554 4.48554
88 6847 0 100 0.5 4.04224 4.54224
71 6861 0 100 0.2 4.39724 4.59724
48 6870 0 100 1.16701e-07 4.74818 4.74818
105 6869 0 100 0.1 4.73853 4.83853
74 6875 0 100 1.05031e-07 4.9112 4.9112
61 6841 0 100 1 3.91997 4.91997
77 6838 0 100 1.1 3.8659 4.9659
47 6877 0 100 8.16907e-08 4.98659 4.98659
90 6852 0 100 0.8 4.20617 5.00617
56 6854 0 100 0.8 4.21241 5.01241
65 6856 0 100 0.8 4.22816 5.02816
63 6868 0 100 0.3 4.73344 5.03344
49 6857 0 100 0.8 4.24531 5.04531
82 6864 0 100 0.5 4.57583 5.07583
73 6816 0 100 1.9 3.18431 5.08431
75 6832 0 100 1.4 3.70496 5.10496
78 6866 0 100 0.5 4.67855 5.17855
43 6879 0 100 0.1 5.09124 5.19124
95 6883 0 100 1.40041e-07 5.30322 5.30322
58 6848 0 100 1.3 4.05776 5.35776
96 6860 0 100 1 4.37033 5.37033
89 6811 0 100 2.4 3.00217 5.40217
99 6833 0 100 1.7 3.72209 5.42209
70 6885 0 100 0.1 5.33935 5.43935
108 6859 0 100 1.1 4.36689 5.46689
27 6887 0 100 4.66804e-08 5.48163 5.48163
33 6827 0 100 2.1 3.44391 5.54391
31 6845 0 100 1.6 4.01053 5.61053
62 6839 0 100 1.8 3.87399 5.67399
111 6893 0 100 5.83505e-08 5.6912 5.6912
84 6810 0 100 2.8 2.94016 5.74016
110 6895 0 100 9.33608e-08 5.76288 5.76288
107 6897 0 100 9.33608e-08 5.81398 5.81398
97 6892 0 100 0.2 5.65738 5.85738
53 6873 0 100 1.1 4.82653 5.92653
38 6889 0 100 0.4 5.56157 5.96157
91 6871 0 100 1.2 4.78264 5.98264
113 6874 0 100 1.2 4.88329 6.08329
76 6790 0 100 3.7 2.43301 6.13301
79 6902 0 100 0.1 6.11299 6.21299
61 6906 0 100 2.33402e-08 6.21798 6.21798
64 6904 0 100 0.1 6.16724 6.26724
81 6882 0 100 1.1 5.28013 6.38013
44 6896 0 100 0.6 5.81024 6.41024
112 6911 0 100 0.1 6.36353 6.46353
98 6908 0 100 0.2 6.27133 6.47133
87 6890 0 100 0.9 5.58047 6.48047
99 6913 0 100 0.1 6.44534 6.54534
77 6901 0 100 0.9 6.02419 6.92419
55 6922 0 100 0.3 6.69011 6.99011
88 6915 0 100 0.6 6.51036 7.11036
92 6924 0 100 0.4 6.72725 7.12725
54 6937 0 100 0.1 7.06176 7.16176
39 6926 0 100 0.4 6.78691 7.18691
100 6942 0 100 8.16907e-08 7.20536 7.20536
31 6933 0 100 0.4 6.88124 7.28124
73 6905 0 100 1.1 6.19543 7.29543
108 6927 0 100 0.5 6.80463 7.30463
45 6943 0 100 0.1 7.21834 7.31834
46 6921 0 100 0.7 6.66101 7.36101
65 6947 0 100 0.1 7.28951 7.38951
83 6953 0 100 9.33608e-08 7.40603 7.40603
35 6929 0 100 0.6 6.83044 7.43044
30 6930 0 100 0.6 6.84726 7.44726
36 6949 0 100 0.1 7.36219 7.46219
109 6925 0 100 0.7 6.77027 7.47027
94 6940 0 100 0.3 7.18297 7.48297
47 6952 0 100 0.1 7.39463 7.49463
52 6958 0 100 8.16907e-08 7.54723 7.54723
26 6941 0 100 0.4 7.18495 7.58495
81 6961 0 100 3.50103e-08 7.58927 7.58927
49 6951 0 100 0.2 7.39209 7.59209
33 6959 0 100 0.1 7.56615 7.66615
86 6960 0 100 0.1 7.5719 7.6719
40 6966 0 100 3.50103e-08 7.77217 7.77217
32 6935 0 100 0.8 7.00991 7.80991
57 6968 0 100 4.66804e-08 7.82009 7.82009
74 6945 0 100 0.6 7.22146 7.82146
59 6970 0 100 1.05031e-07 7.87055 7.87055
96 6920 0 100 1.3 6.62864 7.92864
102 6931 0 100 1.1 6.86508 7.96508
25 6914 0 100 1.5 6.46764 7.96764
50 6967 0 100 0.2 7.79295 7.99295
90 6950 0 100 0.7 7.37238 8.07238
51 6971 0 100 0.2 7.87636 8.07636
67 6918 0 100 1.5 6.61074 8.11074
42 6909 0 100 1.8 6.31745 8.11745
104 6973 0 100 0.2 7.91932 8.11932
66 6944 0 100 0.9 7.2211 8.1211
27 6965 0 100 0.5 7.72696 8.22696
58 6975 0 100 0.3 7.93369 8.23369
106 6939 0 100 1.1 7.15306 8.25306
111 6984 0 100 1.05031e-07 8.26997 8.26997
56 6985 0 100 5.83505e-08 8.30697 8.30697
48 6982 0 100 0.1 8.22995 8.32995
113 6983 0 100 0.1 8.24904 8.34904
105 6989 0 100 9.33608e-08 8.40817 8.40817
114 6963 0 100 0.8 7.64052 8.44052
41 6979 0 100 0.4 8.04842 8.44842
91 6993 0 100 1.40041e-07 8.53629 8.53629
84 6987 0 100 0.3 8.32936 8.62936
28 6997 0 100 0.1 8.72977 8.82977
53 6955 0 100 1.5 7.42991 8.92991
78 6995 0 100 0.3 8.64029 8.94029
29 6972 0 100 1.1 7.88664 8.98664
107 7000 0 100 0.1 8.91911 9.01911
70 7003 0 100 0.1 8.9329 9.0329
69 7004 0 100 0.1 8.93965 9.03965
103 6956 0 100 1.6 7.5021 9.1021
64 7008 0 100 0.1 9.06149 9.16149
93 6932 0 100 2.3 6.87032 9.17032
108 7012 0 100 2.33402e-08 9.25886 9.25886
99 7010 0 100 0.1 9.16337 9.26337
38 6999 0 100 0.5 8.85276 9.35276
72 7016 0 100 1.51711e-07 9.40735 9.40735
45 7014 0 100 0.1 9.34483 9.44483
42 7015 0 100 0.1 9.38372 9.48372
85 6917 0 100 2.9 6.58381 9.48381
80 6992 0 100 1 8.52294 9.52294
34 6977 0 100 1.6 7.99823 9.59823
88 7005 0 100 0.6 9.00615 9.60615
101 7023 0 100 8.16907e-08 9.6126 9.6126
97 7022 0 100 0.1 9.58093 9.68093
95 7021 0 100 0.2 9.57245 9.77245
79 7027 0 100 0.1 9.73356 9.83356
93 7032 0 100 7.00206e-08 9.87278 9.87278
25 7007 0 100 0.9 9.05914 9.95914
109 7038 0 100 1.51711e-07 10.003 10.003
92 7028 0 100 0.3 9.7399 10.0399
63 7037 0 100 0.1 9.99755 10.0975
76 7035 0 100 0.2 9.95178 10.1518
36 7036 0 100 0.2 9.97377 10.1738
82 7019 0 100 0.7 9.501 10.201
81 7030 0 100 0.4 9.82731 10.2273
104 7044 0 100 1.28371e-07 10.2367 10.2367
31 7045 0 100 1.40041e-07 10.2492 10.2492
75 6976 0 100 2.3 7.96081 10.2608
52 7042 0 100 0.1 10.2082 10.3082
33 7033 0 100 0.5 9.88572 10.3857
59 7050 0 100 7.00206e-08 10.4359 10.4359
87 7046 0 100 0.4 10.2985 10.6985
89 7002 0 100 1.8 8.93086 10.7309
30 7041 0 100 0.6 10.163 10.763
66 7054 0 100 0.3 10.5726 10.8726
68 7018 0 100 1.4 9.48639 10.8864
75 7064 0 100 8.16907e-08 10.9677 10.9677
53 7053 0 100 0.4 10.5702 10.9702
67 7067 0 100 1.16701e-07 11.0454 11.0454
35 7068 0 100 9.33608e-08 11.0491 11.0491
73 7048 0 100 0.7 10.3594 11.0594
98 7069 0 100 1.28371e-07 11.0631 11.0631
96 7058 0 100 0.4 10.7423 11.1423
39 7071 0 100 0.1 11.169 11.269
110 7051 0 100 1 10.438 11.438
113 7077 0 100 0.2 11.3193 11.5193
47 7073 0 100 0.3 11.2359 11.5359
55 7074 0 100 0.3 11.2592 11.5592
32 7061 0 100 0.7 10.8714 11.5714
61 7031 0 100 1.8 9.85018 11.6502
107 7085 0 100 0.1 11.5703 11.6703
49 7084 0 100 0.2 11.5322 11.7322
77 7066 0 100 0.7 11.0362 11.7362
54 7081 0 100 0.3 11.4797 11.7797
46 7088 0 100 0.1 11.6941 11.7941
62 6988 0 100 3.5 8.33064 11.8306
62 7091 0 100 0.1 11.7373 11.8373
48 7092 0 100 0.1 11.7678 11.8678
71 7063 0 100 1 10.938 11.938
86 7056 0 100 1.3 10.7015 12.0015
102 7083 0 100 0.6 11.5312 12.1312
91 7095 0 100 0.3 11.8381 12.1381
103 7099 0 100 0.2 12.0197 12.2197
100 7079 0 100 0.9 11.3527 12.2527
56 7104 0 100 0.1 12.2172 12.3172
60 7025 0 100 2.7 9.62537 12.3254
104 7108 0 100 0.1 12.2649 12.3649
25 7087 0 100 0.7 11.6649 12.3649
83 7103 0 100 0.2 12.1799 12.3799
112 7075 0 100 1.1 11.2824 12.3824
51 7101 0 100 0.3 12.1152 12.4152
40 7090 0 100 0.7 11.7328 12.4328
81 7110 0 100 0.2 12.2796 12.4796
38 7118 0 100 0.1 12.3943 12.4943
27 7121 0 100 0.1 12.4664 12.5664
74 7093 0 100 0.8 11.768 12.568
94 7117 0 100 0.2 12.3804 12.5804
52 7125 0 100 8.16907e-08 12.5812 12.5812
50 7076 0 100 1.3 11.2903 12.5903
42 7114 0 100 0.3 12.3292 12.6292
89 7115 0 100 0.3 12.3309 12.6309
114 7120 0 100 0.2 12.4594 12.6594
95 7122 0 100 0.2 12.4906 12.6906
33 7126 0 100 0.1 12.5928 12.6928
105 7059 0 100 2 10.7693 12.7693
43 7123 0 100 0.3 12.5127 12.8127
45 7107 0 100 0.6 12.2566 12.8566
26 7098 0 100 0.9 11.9621 12.8621
57 7129 0 100 0.1 12.7753 12.8753
99 7116 0 100 0.6 12.3797 12.9797
111 7109 0 100 0.8 12.2777 13.0777
106 7111 0 100 0.9 12.2819 13.1819
36 7139 0 100 0.1 13.2614 13.3614
86 7136 0 100 0.3 13.1737 13.4737
28 7135 0 100 0.5 13.1532 13.6532
112 7154 0 100 1.16701e-08 13.8116 13.8116
79 7137 0 100 0.7 13.1869 13.8869
50 7161 0 100 3.50103e-08 13.9278 13.9278
29 7147 0 100 0.4 13.5329 13.9329
72 7153 0 100 0.3 13.7247 14.0247
92 7160 0 100 0.1 13.9264 14.0264
44 7165 0 100 0.1 14.0746 14.1746
109 7166 0 100 0.1 14.0764 14.1764
39 7167 0 100 0.1 14.0784 14.1784
54 7158 0 100 0.3 13.9072 14.2072
108 7170 0 100 2.33402e-08 14.2083 14.2083
59 7169 0 100 0.1 14.1426 14.2426
74 7163 0 100 0.3 13.9554 14.2554
101 7157 0 100 0.5 13.9007 14.4007
91 7174 0 100 0.1 14.3498 14.4498
68 7172 0 100 0.2 14.2895 14.4895
80 7131 0 100 1.6 12.8964 14.4964
70 7145 0 100 1.1 13.4686 14.5686
97 7106 0 100 2.4 12.2396 14.6396
31 7162 0 100 0.7 13.9518 14.6518
71 7176 0 100 0.2 14.4551 14.6551
66 7181 0 100 0.1 14.5743 14.6743
42 7186 0 100 1.16701e-07 14.7382 14.7382
30 7141 0 100 1.4 13.3813 14.7813
34 7112 0 100 2.5 12.2898 14.7898
76 7142 0 100 1.4 13.4047 14.8047
84 7144 0 100 1.4 13.4414 14.8414
102 7190 0 100 2.33402e-08 14.8642 14.8642
37 7096 0 100 3 11.8883 14.8883
90 7155 0 100 1.1 13.8145 14.9145
83 7195 0 100 9.33608e-08 14.961 14.961
