29 619 2.02738
55 620 2.02986
85 621 2.03414
80 622 2.06887
93 623 2.08622
97 624 2.15917
30 625 2.18794
67 626 2.22075
46 627 2.26023
44 628 2.31011
79 629 2.33932
76 630 2.34087
57 631 2.37321
99 632 2.44361
69 633 2.46517
28 634 2.49941
101 635 2.50094
32 636 2.57325
34 637 2.60519
96 638 2.60709
68 639 2.69569
91 640 2.72311
64 641 2.7289
82 642 2.77461
37 643 2.83737
39 644 2.84771
89 645 2.96724
103 646 2.97306
100 647 2.98204
31 648 3.05628
75 649 3.09809
60 650 3.12632
38 651 3.27076
87 652 3.37219
95 653 3.49507
25 654 3.59368
88 655 3.70113
66 656 3.80337
43 657 3.84835
40 658 3.85753
70 659 3.95627
73 660 4.0223
77 661 4.03713
45 662 4.17302
56 663 4.24885
62 664 4.31506
35 665 4.37156
26 666 4.38486
65 667 4.47852
81 668 4.56361
84 669 4.64217
85 670 4.67644
80 671 4.67896
55 672 4.69239
42 673 4.93472
54 674 4.9874
103 675 5.0123
44 676 5.01529
101 677 5.253
79 678 5.31579
75 679 5.40394
100 680 5.7043
95 681 5.75397
29 682 5.98962
41 683 6.02021
40 684 6.05672
91 685 6.51698
46 686 6.61157
62 687 6.70991
82 688 6.74999
97 689 6.91914
88 690 7.11659
49 691 7.47926
65 692 7.55652
61 693 7.5728
60 694 7.89854
75 695 8.04324
56 696 8.09199
81 697 8.34833
87 698 8.38837
100 699 8.7038
50 700 8.72778
86 701 8.78303
83 702 8.89771
103 703 9.18119
28 704 9.339
62 705 9.39626
55 706 9.56816
66 707 9.5851
67 708 9.79482
94 709 9.88498
91 710 10.0443
89 711 10.4816
35 712 10.5454
102 713 10.7276
49 714 10.7973
76 715 10.9299
50 716 11.0989
97 717 11.1435
87 718 11.2384
93 719 11.445
95 720 11.4811
86 721 11.589
30 722 11.7146
43 723 11.9451
26 724 12.052
75 725 12.1914
27 726 12.2961
59 727 12.3874
92 728 12.3931
104 729 13.0269
100 730 13.1787
55 731 13.2996
57 732 13.3694
53 733 13.3817
33 734 13.4309
42 735 13.5462
98 736 13.74
73 737 13.9516
28 738 13.957
50 739 13.9666
90 740 14.0769
85 741 14.1531
76 742 14.2362
74 743 14.4073
99 744 14.4942
75 745 14.5184
44 746 14.7533
37 747 14.9728
