34 83
5 83
4 83
3 83
2 83
1 83
29 84
4 84
30 84
9 84
8 84
7 84
6 84
31 86
10 86
29 86
11 86
12 86
13 86
14 86
15 86
16 86
17 86
18 86
19 86
20 86
21 86
22 86
23 86
24 86
28 90
16 90
15 90
14 90
26 85
8 85
7 85
6 85
5 85
4 85
3 85
2 85
1 85
34 92
17 92
16 92
15 92
14 92
13 92
12 92
11 92
10 92
9 92
8 92
7 92
6 92
5 92
4 92
3 92
2 92
1 92
31 90
17 90
32 91
10 91
9 91
8 91
7 91
6 91
5 91
4 91
3 91
2 91
1 91
33 89
8 89
7 89
6 89
5 89
4 89
3 89
2 89
1 89
30 90
18 90
19 90
20 90
21 90
22 90
23 90
24 90
27 88
1 88
29 93
20 93
25 87
14 87
13 87
12 87
11 87
10 87
9 87
8 87
7 87
6 87
5 87
4 87
3 87
2 87
1 87
30 93
5 93
4 93
3 93
2 93
1 93
27 98
14 98
13 98
12 98
11 98
10 98
9 98
8 98
7 98
6 98
5 98
4 98
3 98
2 98
1 98
32 94
26 99
3 99
2 99
1 99
31 95
11 95
34 96
12 96
11 96
10 96
9 96
8 96
7 96
6 96
5 96
4 96
3 96
2 96
1 96
29 95
12 95
13 95
14 95
15 95
16 95
17 95
18 95
19 95
20 95
21 95
22 95
23 95
24 95
28 100
16 100
15 100
14 100
33 101
5 101
4 101
3 101
2 101
1 101
25 97
9 97
8 97
7 97
6 97
5 97
4 97
3 97
2 97
1 97
29 102
17 102
16 102
15 102
14 102
13 102
12 102
11 102
10 102
9 102
8 102
7 102
6 102
5 102
4 102
3 102
2 102
1 102
30 100
17 100
18 100
31 100
2 100
33 105
18 105
17 105
16 105
15 105
14 105
13 105
12 105
11 105
10 105
9 105
8 105
7 105
6 105
5 105
4 105
3 105
2 105
1 105
29 100
4 100
27 104
12 104
11 104
10 104
9 104
8 104
7 104
6 104
5 104
4 104
3 104
2 104
1 104
31 106
6 106
34 110
7 110
6 110
5 110
4 110
3 110
2 110
1 110
30 109
8 109
7 109
6 109
5 109
4 109
3 109
2 109
1 109
32 107
1 107
26 103
4 103
3 103
2 103
1 103
25 111
5 111
4 111
3 111
2 111
1 111
