31 113 0 100 0.3 2.25766 2.55766
42 112 0 100 0.5 2.10165 2.60165
26 114 0 100 0.8 2.74661 3.54661
35 124 0 100 0.1 3.45471 3.55471
40 119 0 100 0.5 3.09746 3.59746
34 116 0 100 1.1 2.86163 3.96163
27 120 0 100 1.3 3.10578 4.40578
28 127 0 100 0.2 4.39556 4.59556
33 123 0 100 1.2 3.41394 4.61394
39 128 0 100 0.3 4.39947 4.69947
29 129 0 100 0.5 4.97472 5.47472
44 125 0 100 1.4 4.14935 5.54935
38 115 0 100 3 2.85888 5.85888
34 131 0 100 2.45072e-07 6.28224 6.28224
43 126 0 100 2.2 4.21435 6.41435
41 122 0 100 3.2 3.30918 6.50918
31 132 0 100 0.1 7.09293 7.19293
35 134 0 100 0.5 7.27499 7.77499
25 139 0 100 0.2 8.12551 8.32551
26 138 0 100 0.4 8.03643 8.43643
29 136 0 100 1.1 7.50393 8.60393
42 135 0 100 1.3 7.37796 8.67796
44 140 0 100 0.6 8.18449 8.78449
33 143 0 100 7.00206e-08 9.19093 9.19093
31 144 0 100 1.40041e-07 9.56586 9.56586
25 121 0 100 6.6 3.12492 9.72492
43 145 0 100 0.7 9.8269 10.5269
35 146 0 100 0.8 10.1777 10.9777
29 148 0 100 0.1 11.0501 11.1501
25 151 0 100 0.3 11.1191 11.4191
36 118 0 100 8.5 3.02741 11.5274
30 149 0 100 0.6 11.0752 11.6752
36 150 0 100 0.6 11.0838 11.6838
32 154 0 100 7.00206e-08 11.8675 11.8675
37 152 0 100 1 11.3997 12.3997
34 147 0 100 2.1 10.524 12.624
36 130 0 100 6.7 6.00716 12.7072
40 133 0 100 6 7.10719 13.1072
44 155 0 100 0.5 12.7144 13.2144
33 156 0 100 0.5 12.7484 13.2484
39 142 0 100 4.4 9.05327 13.4533
39 159 0 100 0.7 13.8806 14.5806
