63 223
41 225
29 225
25 222
9 222
32 227
20 227
19 227
52 226
4 226
43 222
10 222
56 229
7 229
49 228
15 228
16 228
34 222
54 232
47 232
47 234
64 229
51 230
4 230
41 230
27 235
40 228
26 222
11 222
12 222
13 222
14 222
15 222
53 228
18 228
49 222
16 222
17 222
40 222
53 222
18 222
34 236
55 227
60 226
6 226
26 236
12 236
31 233
54 234
2 234
1 234
58 229
10 229
11 229
12 229
13 229
57 240
21 240
64 237
34 229
29 230
53 238
58 237
11 237
39 226
8 226
7 226
46 242
36 228
22 228
30 222
36 222
22 222
23 222
24 222
27 242
4 242
3 242
26 229
15 229
16 229
38 244
39 243
9 243
8 243
42 223
2 223
56 237
12 237
13 237
14 237
15 237
34 237
59 234
4 234
31 240
24 240
23 240
60 245
10 245
25 229
17 229
18 229
19 229
20 229
45 222
1 222
2 222
63 222
42 222
3 222
46 234
49 229
21 229
22 229
23 229
36 229
62 231
9 231
55 241
2 241
27 234
6 234
42 247
59 246
6 246
46 246
7 246
54 246
61 239
16 239
17 239
30 229
45 241
3 241
4 241
41 243
11 243
48 233
2 233
3 233
29 231
48 249
31 249
2 249
3 249
43 236
19 236
41 231
12 231
29 248
41 248
12 248
13 248
42 241
6 241
7 241
44 242
7 242
8 242
34 239
19 239
63 247
6 247
7 247
28 227
5 227
6 227
63 227
39 231
13 231
14 231
15 231
47 246
9 246
59 241
8 241
55 233
40 238
1 238
36 238
2 238
3 238
48 238
30 250
36 250
2 250
40 250
1 250
42 227
7 227
8 227
56 231
17 231
64 231
50 224
12 224
13 224
41 224
54 242
37 230
14 230
51 226
37 226
14 226
28 233
7 233
63 233
8 233
44 247
9 247
10 247
54 247
11 247
12 247
33 234
11 234
12 234
13 234
14 234
51 234
39 230
15 230
16 230
17 230
56 230
18 230
53 240
3 240
2 240
50 247
13 247
14 247
15 247
35 244
9 244
38 223
9 223
26 237
22 237
23 237
24 237
41 226
15 226
16 226
17 226
18 226
45 249
7 249
55 249
8 249
54 252
12 252
57 228
5 228
51 247
16 247
40 240
4 240
5 240
25 236
24 236
23 236
22 236
25 253
24 253
23 253
34 253
62 243
16 243
49 251
3 251
4 251
36 240
6 240
7 240
30 228
6 228
7 228
8 228
41 247
43 239
60 248
19 248
51 243
18 243
19 243
36 254
47 242
15 242
16 242
62 247
18 247
19 247
20 247
21 247
22 247
23 247
24 247
59 227
14 227
15 227
54 227
29 224
30 254
8 254
64 230
23 230
24 230
52 245
21 245
22 245
23 245
31 238
10 238
11 238
46 241
16 241
37 234
20 234
39 248
21 248
20 248
64 245
24 245
34 255
2 255
40 251
9 251
8 251
7 251
6 251
42 233
14 233
63 244
42 244
14 244
15 244
16 244
17 244
18 244
19 244
20 244
56 226
24 226
59 256
16 256
17 256
18 256
19 256
20 256
38 233
33 252
18 252
19 252
20 252
21 252
43 255
4 255
27 246
18 246
33 246
19 246
20 246
21 246
22 246
23 246
29 256
22 256
23 256
24 256
57 254
12 254
35 233
16 233
17 233
46 258
59 233
18 233
19 233
58 231
2 231
3 231
4 231
64 226
58 226
2 226
63 259
26 253
5 253
44 223
18 223
53 257
12 257
57 257
13 257
36 257
54 241
20 241
61 236
4 236
5 236
6 236
7 236
8 236
9 236
10 236
43 253
6 253
7 253
8 253
9 253
10 253
11 253
12 253
31 254
14 254
15 254
16 254
17 254
59 223
19 223
20 223
46 233
20 233
21 233
22 233
23 233
34 231
37 244
24 244
23 244
22 244
21 244
51 248
37 248
24 248
23 248
25 255
7 255
8 255
9 255
10 255
11 255
12 255
53 253
13 253
29 233
24 233
51 233
41 234
63 254
54 223
21 223
22 223
23 223
24 223
51 223
37 233
35 254
39 252
1 252
40 255
50 242
24 242
23 242
22 242
21 242
55 238
18 238
19 238
30 257
15 257
46 244
52 246
3 246
39 246
2 246
39 261
2 261
33 241
23 241
24 241
50 260
64 262
58 262
6 262
47 227
53 255
16 255
36 255
49 236
14 236
15 236
16 236
42 259
21 259
57 253
17 253
63 238
40 257
16 257
17 257
18 257
54 244
37 261
3 261
30 255
17 255
36 253
38 254
22 254
51 246
57 255
18 255
19 255
20 255
21 255
53 236
17 236
35 259
42 238
22 238
56 262
7 262
8 262
9 262
10 262
37 246
4 246
63 255
30 253
18 253
19 253
20 253
21 253
22 253
34 262
11 262
27 258
43 262
12 262
55 263
22 263
23 263
24 263
29 234
28 249
23 249
24 249
41 261
37 266
6 266
5 266
59 242
1 242
61 264
12 264
13 264
31 257
22 257
23 257
55 257
28 257
24 257
47 244
3 244
42 255
45 228
23 228
40 236
20 236
36 236
30 236
21 236
30 268
36 268
21 268
29 261
7 261
50 261
6 261
5 261
47 261
4 261
63 253
58 269
54 265
62 224
8 224
31 228
24 228
60 243
42 253
2 253
55 253
37 224
9 224
44 254
4 254
34 271
16 271
17 271
18 271
19 271
20 271
53 268
23 268
47 265
6 265
7 265
8 265
27 244
6 244
7 244
48 240
1 240
39 224
11 224
50 265
9 265
10 265
11 265
62 265
41 265
43 264
18 264
46 261
51 266
11 266
10 266
62 266
38 259
5 259
35 238
38 238
5 238
6 238
7 238
54 238
44 259
6 259
7 259
51 272
33 227
9 227
10 227
26 231
19 231
41 266
12 266
13 266
47 238
9 238
34 264
49 271
24 271
23 271
22 271
37 272
13 272
62 272
60 224
14 224
15 224
16 224
46 259
9 259
54 259
26 264
20 264
21 264
22 264
23 264
24 264
29 265
13 265
51 265
47 259
10 259
11 259
12 259
13 259
62 259
36 273
49 264
50 227
12 227
13 227
37 265
14 265
15 265
40 268
3 268
4 268
59 254
10 254
11 254
54 254
58 224
19 224
20 224
52 270
17 270
18 270
19 270
41 272
15 272
16 272
17 272
31 268
6 268
33 238
13 238
62 227
41 227
16 227
48 268
7 268
8 268
29 259
60 265
19 265
20 265
21 265
22 265
23 265
24 265
30 273
7 273
29 279
58 270
22 270
23 270
24 270
26 270
34 265
26 265
61 224
24 224
23 224
22 224
52 272
21 272
45 240
11 240
12 240
13 240
27 261
46 238
56 267
23 267
38 240
53 274
30 274
36 274
9 274
10 274
34 281
40 273
9 273
47 254
48 274
37 276
21 276
28 253
14 253
51 227
37 227
22 227
23 227
54 261
18 261
53 273
11 273
12 273
48 273
13 273
14 273
58 267
2 267
3 267
55 268
26 281
5 281
6 281
7 281
8 281
9 281
10 281
11 281
41 259
23 259
24 259
51 259
44 280
18 280
60 272
52 227
43 231
6 231
7 231
28 268
16 268
17 268
18 268
29 276
30 283
36 283
13 283
46 282
20 282
21 282
27 238
20 238
44 268
19 268
20 268
41 276
24 276
63 277
18 277
44 277
19 277
20 277
46 277
49 275
11 275
12 275
13 275
36 275
59 261
20 261
62 279
38 280
19 280
35 240
19 240
20 240
32 222
18 222
59 240
21 240
54 282
22 282
53 283
15 283
16 283
17 283
18 283
55 283
44 261
21 261
38 261
33 254
23 254
24 254
61 267
7 267
8 267
26 267
47 268
40 281
15 281
16 281
63 280
21 280
48 286
18 286
19 286
50 284
1 284
2 284
62 284
30 275
17 275
39 266
4 266
27 277
24 277
23 277
47 287
33 287
46 240
57 236
18 236
19 236
27 240
31 274
19 274
35 261
23 261
64 269
8 269
27 289
33 288
47 288
1 288
29 284
4 284
5 284
38 277
59 282
54 268
1 268
2 268
61 290
11 290
12 290
63 261
24 261
52 266
7 266
8 266
9 266
46 289
45 273
22 273
23 273
24 273
43 290
13 290
51 276
6 276
42 278
24 278
53 281
20 281
21 281
31 281
35 277
25 262
14 262
15 262
16 262
17 262
27 288
39 284
7 284
52 284
8 284
9 284
10 284
11 284
41 279
6 279
7 279
52 279
8 279
43 294
14 294
26 290
14 290
15 290
16 290
17 290
18 290
19 290
20 290
21 290
62 276
7 276
8 276
54 289
63 273
1 273
2 273
46 288
38 278
60 285
9 285
10 285
11 285
12 285
13 285
14 285
34 267
15 267
51 293
41 293
62 293
61 284
14 284
15 284
39 279
9 279
26 285
15 285
16 285
17 285
18 285
19 285
20 285
21 285
22 285
44 273
3 273
40 275
22 275
23 275
57 274
23 274
52 276
10 276
34 284
56 269
12 269
13 269
14 269
60 279
10 279
11 279
12 279
59 291
4 291
5 291
46 291
26 284
16 284
17 284
18 284
19 284
20 284
21 284
22 284
23 284
53 285
23 285
28 283
2 283
56 279
13 279
14 279
15 279
16 279
34 279
55 286
39 276
11 276
26 279
17 279
18 279
19 279
20 279
21 279
22 279
23 279
24 279
34 295
40 274
24 274
48 281
1 281
2 281
31 275
