31 113
3 113
2 113
1 113
42 112
5 112
4 112
3 112
2 112
1 112
38 115
12 115
37 117
16 117
15 117
14 117
13 117
12 117
36 118
18 118
17 118
16 118
15 118
14 118
13 118
12 118
26 114
11 114
10 114
9 114
8 114
7 114
6 114
5 114
4 114
3 114
2 114
1 114
35 124
9 124
8 124
7 124
6 124
5 124
4 124
3 124
2 124
1 124
40 119
34 116
9 116
8 116
7 116
6 116
5 116
4 116
3 116
2 116
1 116
32 115
19 115
18 115
17 115
16 115
15 115
14 115
13 115
27 120
18 120
17 120
16 120
15 120
14 120
13 120
12 120
11 120
10 120
9 120
8 120
7 120
6 120
5 120
4 120
3 120
2 120
1 120
38 117
20 117
19 117
18 117
28 127
33 123
8 123
7 123
6 123
5 123
4 123
3 123
2 123
1 123
39 128
24 128
25 121
12 121
11 121
10 121
9 121
8 121
7 121
6 121
5 121
4 121
3 121
2 121
1 121
29 129
33 129
12 129
11 129
10 129
9 129
8 129
7 129
6 129
5 129
4 129
3 129
2 129
1 129
41 122
24 122
44 125
22 125
21 125
20 125
19 125
18 125
17 125
16 125
15 125
14 125
13 125
12 125
11 125
10 125
9 125
8 125
7 125
6 125
5 125
4 125
3 125
2 125
1 125
35 115
20 115
21 115
22 115
23 115
24 115
43 126
36 130
8 130
7 130
6 130
5 130
4 130
3 130
34 131
20 131
19 131
18 131
17 131
16 131
15 131
14 131
13 131
12 131
11 131
10 131
9 131
8 131
7 131
6 131
5 131
4 131
3 131
2 131
1 131
44 126
1 126
27 122
3 122
2 122
1 122
31 132
29 136
30 118
8 118
37 121
14 121
35 134
4 134
3 134
2 134
1 134
38 130
11 130
10 130
9 130
28 121
16 121
15 121
41 137
12 137
44 140
25 139
3 139
2 139
1 139
26 138
9 138
8 138
7 138
6 138
5 138
4 138
3 138
2 138
1 138
33 136
2 136
1 136
42 135
9 135
8 135
7 135
6 135
5 135
4 135
3 135
2 135
1 135
32 137
15 137
14 137
43 140
12 140
11 140
10 140
9 140
8 140
7 140
6 140
5 140
4 140
3 140
2 140
1 140
39 121
19 121
18 121
17 121
39 142
20 142
19 142
18 142
17 142
16 142
15 142
14 142
13 142
43 142
33 143
5 143
4 143
3 143
2 143
1 143
30 130
16 130
15 130
14 130
13 130
12 130
31 144
11 144
10 144
9 144
8 144
7 144
6 144
5 144
4 144
3 144
2 144
1 144
32 121
20 121
21 121
22 121
23 121
24 121
26 130
18 130
17 130
43 145
20 145
19 145
18 145
17 145
16 145
15 145
14 145
13 145
12 145
11 145
10 145
9 145
8 145
7 145
6 145
5 145
4 145
3 145
2 145
1 145
40 133
10 133
9 133
8 133
7 133
6 133
5 133
4 133
3 133
2 133
1 133
35 146
19 146
18 146
17 146
16 146
15 146
14 146
13 146
12 146
11 146
10 146
9 146
8 146
7 146
6 146
5 146
4 146
3 146
2 146
1 146
44 142
23 142
22 142
21 142
29 148
14 148
13 148
12 148
11 148
10 148
9 148
8 148
7 148
6 148
5 148
4 148
3 148
2 148
1 148
42 130
21 130
20 130
19 130
25 151
18 151
17 151
16 151
15 151
14 151
13 151
12 151
11 151
10 151
9 151
8 151
7 151
6 151
5 151
4 151
3 151
2 151
1 151
27 118
2 118
1 118
30 149
3 149
2 149
1 149
36 150
9 150
8 150
7 150
6 150
5 150
4 150
3 150
2 150
1 150
32 154
5 154
4 154
3 154
2 154
1 154
41 153
7 153
37 152
11 152
10 152
9 152
8 152
7 152
6 152
5 152
4 152
3 152
2 152
1 152
38 133
34 147
31 130
1 130
44 155
33 156
28 141
14 141
30 153
9 153
8 153
32 133
11 133
12 133
13 133
14 133
15 133
16 133
17 133
18 133
19 133
20 133
21 133
22 133
23 133
24 133
43 155
8 155
7 155
6 155
5 155
4 155
3 155
2 155
1 155
29 156
24 156
40 157
21 157
20 157
19 157
18 157
17 157
16 157
15 157
14 157
13 157
12 157
26 142
8 142
7 142
6 142
5 142
34 142
4 142
3 142
2 142
1 142
36 141
18 141
17 141
16 141
38 157
27 153
14 153
15 153
38 153
17 153
18 153
19 153
20 153
39 159
20 159
21 159
37 153
21 153
28 159
22 159
36 159
23 159
24 159
42 158
13 158
14 158
30 160
18 160
19 160
29 161
33 161
7 161
8 161
9 161
26 158
15 158
16 158
