54 2383 2.03228
37 2384 2.04938
75 2385 2.05601
67 2386 2.10829
63 2388 2.11685
43 2389 2.14498
44 2390 2.1486
61 2391 2.1559
36 2392 2.16343
38 2394 2.25302
49 2395 2.28321
40 2397 2.30981
31 2399 2.46226
34 2402 2.61516
71 2403 2.61596
77 2405 2.7106
48 2406 2.75308
33 2407 2.75416
25 2408 2.79636
41 2410 2.89183
30 2413 3.08947
70 2414 3.09966
83 2416 3.17107
65 2417 3.18211
81 2418 3.19749
64 2420 3.28259
32 2421 3.30016
47 2423 3.35217
42 2424 3.35539
82 2426 3.45145
68 2427 3.45263
78 2428 3.50213
80 2430 3.52416
45 2431 3.54746
35 2432 3.55639
29 2433 3.568
50 2436 3.79804
74 2438 3.84761
27 2439 3.87002
56 2440 3.87163
52 2442 3.92338
60 2443 3.94294
26 2444 3.99125
39 2445 4.0041
66 2447 4.08651
69 2448 4.10964
53 2450 4.19655
55 2452 4.29005
28 2454 4.32668
84 2455 4.33584
58 2456 4.39707
76 2458 4.41261
54 2460 4.52666
46 2461 4.5297
79 2463 4.63869
57 2464 4.68169
59 2466 4.72404
72 2467 4.809
51 2469 4.83529
41 2472 5.08059
31 2476 5.36825
38 2478 5.42641
67 2479 5.49522
30 2481 5.58737
34 2485 5.81479
48 2486 5.86237
47 2487 5.86945
68 2489 5.92862
32 2491 6.02834
64 2492 6.05163
52 2494 6.20023
42 2496 6.21074
26 2497 6.30209
36 2500 6.42373
27 2501 6.47723
65 2504 6.6231
43 2506 6.71058
74 2507 6.75991
63 2508 6.76784
75 2509 6.80063
35 2511 6.81182
73 2512 6.82444
33 2513 6.88538
71 2516 7.07377
83 2517 7.10469
69 2519 7.1354
70 2520 7.19151
49 2521 7.2006
54 2524 7.32543
61 2526 7.44115
40 2527 7.48082
41 2529 7.54285
39 2530 7.59011
37 2532 7.6267
29 2533 7.68854
46 2536 7.82431
59 2538 7.9783
45 2540 8.10103
58 2542 8.16957
50 2543 8.19627
30 2546 8.381
84 2548 8.42952
53 2549 8.46072
80 2550 8.46801
77 2551 8.47983
76 2552 8.50366
56 2555 8.69716
78 2556 8.70039
44 2558 8.71201
60 2559 8.72306
55 2560 8.75326
62 2562 8.81469
25 2563 8.87596
64 2566 9.10623
28 2568 9.14065
38 2570 9.24814
81 2573 9.44207
34 2574 9.45926
36 2576 9.54703
51 2577 9.58342
32 2579 9.64977
79 2581 9.73518
26 2582 9.79571
54 2584 9.81289
70 2586 9.91038
74 2588 10.0931
27 2589 10.1074
65 2590 10.1097
42 2592 10.1548
73 2594 10.2838
31 2595 10.3048
57 2597 10.3498
52 2598 10.3942
48 2599 10.4094
29 2602 10.5765
61 2604 10.7019
63 2606 10.7292
77 2607 10.7946
69 2610 10.9891
82 2615 11.3861
46 2617 11.4237
47 2618 11.4389
43 2619 11.4858
35 2621 11.5195
33 2622 11.5989
68 2628 12.0322
67 2629 12.0768
44 2631 12.18
62 2633 12.2115
41 2634 12.2847
34 2635 12.2926
81 2637 12.4075
28 2639 12.4195
83 2640 12.4782
66 2642 12.5115
71 2643 12.5508
80 2644 12.5539
72 2646 12.6207
37 2647 12.6873
27 2650 12.8329
52 2653 13.0324
50 2654 13.0362
55 2655 13.0404
78 2656 13.055
40 2657 13.1036
49 2659 13.117
76 2660 13.1354
39 2661 13.1714
58 2663 13.3094
25 2665 13.3753
64 2667 13.4241
61 2668 13.4705
45 2669 13.4722
70 2673 13.7321
56 2674 13.8091
60 2676 13.8158
30 2678 13.9121
73 2679 13.9303
65 2680 13.968
38 2684 14.2599
75 2685 14.2782
53 2687 14.3303
79 2688 14.3543
54 2689 14.3619
62 2691 14.4746
32 2692 14.4842
83 2694 14.531
29 2695 14.5757
74 2697 14.6492
26 2699 14.7467
68 2700 14.8096
