103 3946 2.00318
55 3948 2.10251
112 3949 2.10854
43 3950 2.14646
85 3951 2.15254
79 3952 2.15606
73 3953 2.16751
41 3955 2.18612
58 3956 2.2544
114 3958 2.31325
99 3959 2.36409
123 3961 2.38864
47 3962 2.40462
88 3963 2.40823
113 3964 2.43151
83 3965 2.44566
95 3967 2.51411
52 3968 2.54972
72 3969 2.56999
25 3971 2.58974
70 3972 2.64294
60 3973 2.64615
77 3974 2.67391
67 3976 2.6852
66 3977 2.6997
117 3978 2.70847
37 3979 2.74914
104 3981 2.78863
44 3982 2.79863
89 3983 2.82994
68 3985 2.89929
53 3986 2.90076
35 3987 2.92799
29 3988 2.95247
51 3990 3.02233
39 3992 3.10684
63 3993 3.11491
36 3994 3.14827
93 3995 3.15178
76 3997 3.19364
101 3998 3.20018
87 3999 3.25367
81 4000 3.27
100 4001 3.27674
49 4003 3.27932
105 4004 3.29769
108 4005 3.33322
69 4006 3.33461
102 4007 3.35484
90 4009 3.42751
48 4010 3.46551
34 4011 3.4677
62 4012 3.47149
75 4014 3.51629
54 4015 3.5676
59 4016 3.57871
33 4018 3.64701
30 4019 3.67479
124 4021 3.75804
28 4022 3.76478
32 4024 3.80538
121 4025 3.86703
65 4027 3.93853
109 4028 3.94244
80 4030 3.99038
92 4031 4.05186
111 4033 4.12013
57 4034 4.12257
119 4035 4.1524
26 4037 4.19113
115 4038 4.19817
116 4039 4.2194
120 4040 4.22076
61 4041 4.24146
91 4043 4.27948
56 4044 4.28087
45 4045 4.29613
46 4046 4.30148
86 4047 4.32024
38 4048 4.32549
106 4049 4.37062
94 4051 4.39187
82 4052 4.39993
71 4053 4.41466
97 4054 4.42842
110 4055 4.43318
40 4056 4.44953
122 4058 4.5157
64 4059 4.52023
55 4061 4.58131
50 4062 4.60848
107 4063 4.63769
74 4065 4.71472
27 4066 4.72478
84 4067 4.74601
98 4069 4.85716
42 4071 4.93504
78 4072 4.96793
25 4075 5.11433
95 4077 5.25465
52 4078 5.27306
88 4080 5.29763
89 4082 5.45592
39 4083 5.47172
113 4085 5.48286
72 4086 5.56991
58 4090 5.79271
66 4093 5.98591
44 4094 6.06372
114 4098 6.29861
123 4099 6.32044
43 4100 6.37184
51 4102 6.421
53 4103 6.45113
70 4104 6.46654
91 4106 6.48867
80 4107 6.53322
105 4109 6.67136
101 4111 6.74881
85 4113 6.83102
37 4114 6.83692
103 4115 6.87687
73 4117 6.96647
75 4119 7.03043
124 4120 7.03204
59 4121 7.0697
29 4123 7.09166
45 4124 7.10612
71 4125 7.12887
104 4127 7.23799
68 4128 7.2658
93 4132 7.49101
63 4133 7.49949
117 4134 7.51241
120 4135 7.56061
47 4136 7.5773
60 4138 7.61442
56 4139 7.62842
34 4140 7.6589
90 4141 7.66303
55 4143 7.68765
92 4144 7.75138
65 4145 7.7783
46 4147 7.78929
109 4149 7.87979
36 4150 7.91107
57 4151 7.92363
49 4153 8.01608
31 4154 8.02144
33 4155 8.0413
35 4157 8.09961
82 4158 8.17377
69 4160 8.20208
112 4161 8.20871
64 4162 8.21343
67 4163 8.22442
94 4164 8.25867
79 4165 8.27411
107 4167 8.29849
98 4168 8.35193
48 4170 8.40911
106 4171 8.42848
62 4173 8.5035
41 4174 8.52737
97 4175 8.55104
32 4176 8.55998
115 4177 8.57256
99 4179 8.58697
61 4180 8.58898
54 4181 8.59754
110 4182 8.5976
28 4184 8.74569
83 4188 8.99944
80 4189 8.99963
30 4191 9.09294
108 4192 9.09863
119 4193 9.12402
96 4195 9.25473
52 4196 9.26455
38 4198 9.32056
100 4199 9.32896
85 4201 9.37924
116 4202 9.38041
87 4203 9.44169
40 4205 9.4796
44 4206 9.48379
66 4207 9.50548
111 4208 9.53993
118 4209 9.56544
26 4210 9.57169
86 4212 9.58613
27 4213 9.65634
121 4214 9.67472
84 4216 9.69924
42 4217 9.73866
37 4218 9.74048
105 4219 9.75846
58 4221 9.78193
51 4222 9.86698
120 4223 9.86764
78 4225 9.8811
102 4226 9.94696
113 4228 10.0426
70 4229 10.0555
59 4231 10.107
88 4232 10.1419
72 4234 10.2189
50 4235 10.2397
29 4237 10.2949
103 4238 10.3132
74 4239 10.3214
95 4240 10.3242
91 4241 10.3422
25 4242 10.3676
93 4244 10.4586
92 4246 10.4809
101 4247 10.5097
90 4248 10.559
117 4249 10.5718
123 4251 10.6599
81 4253 10.7127
36 4255 10.7804
43 4256 10.8678
94 4258 10.8871
77 4259 10.9008
63 4260 10.9206
89 4261 10.9671
114 4263 10.9959
49 4266 11.1845
73 4268 11.3149
76 4269 11.3549
100 4270 11.3751
45 4272 11.3912
39 4273 11.4565
71 4275 11.5556
67 4277 11.6045
57 4278 11.6171
35 4279 11.6306
33 4280 11.658
28 4282 11.697
55 4283 11.7152
62 4284 11.7171
83 4285 11.7665
107 4287 11.7833
104 4288 11.8405
30 4289 11.8514
34 4290 11.8524
65 4291 11.8753
41 4293 11.8892
60 4294 11.8967
99 4296 12.0501
79 4298 12.1094
32 4299 12.1687
38 4301 12.1856
115 4302 12.1984
75 4303 12.2339
112 4304 12.2362
47 4306 12.2883
108 4308 12.3905
53 4309 12.4391
68 4311 12.5085
70 4312 12.5234
87 4313 12.5776
120 4315 12.6505
31 4316 12.6647
119 4317 12.6787
56 4319 12.7278
61 4321 12.7903
118 4322 12.8288
116 4323 12.8361
40 4324 12.854
88 4326 12.8886
42 4327 12.8949
96 4328 12.9098
64 4332 13.222
121 4333 13.2764
102 4335 13.3129
109 4336 13.3515
43 4337 13.3601
80 4338 13.3689
50 4339 13.3761
48 4341 13.3823
98 4342 13.4423
91 4343 13.4568
77 4345 13.4938
58 4346 13.4989
97 4347 13.5023
82 4348 13.5288
111 4349 13.5591
63 4350 13.5615
124 4352 13.6061
57 4353 13.6283
84 4354 13.6752
81 4356 13.7122
114 4357 13.7702
44 4359 13.8308
92 4360 13.8343
51 4361 13.8484
86 4362 13.8709
85 4364 13.9145
66 4366 14.0003
54 4367 14.0443
46 4369 14.104
28 4370 14.1666
110 4372 14.2056
83 4373 14.2252
69 4374 14.2443
27 4375 14.2719
45 4378 14.3845
99 4379 14.4286
72 4380 14.4579
108 4382 14.5514
101 4384 14.6336
74 4385 14.6513
78 4386 14.6552
105 4388 14.7057
37 4389 14.7169
52 4391 14.8427
117 4393 14.9623
95 4394 14.9734
89 4396 14.9858
