0 2363
0 2364
0 2365
0 2366
0 2367
0 2368
0 2369
0 2370
0 2371
0 2372
0 2373
0 2374
0 2375
0 2376
0 2377
0 2378
0 2379
0 2380
0 2381
0 2382
67 2386
24 2386
0 2387
63 2388
5 2388
4 2388
3 2388
2 2388
1 2388
75 2385
2 2385
1 2385
0 2393
36 2392
21 2392
22 2392
23 2392
24 2392
49 2395
22 2395
23 2395
24 2395
0 2396
54 2383
24 2383
38 2394
14 2394
15 2394
16 2394
17 2394
18 2394
19 2394
20 2394
21 2394
22 2394
23 2394
24 2394
0 2398
31 2399
16 2399
17 2399
18 2399
19 2399
20 2399
21 2399
22 2399
23 2399
24 2399
0 2400
40 2397
24 2397
0 2401
34 2402
20 2402
21 2402
22 2402
23 2402
24 2402
71 2403
0 2404
33 2407
3 2407
2 2407
1 2407
61 2391
19 2391
20 2391
21 2391
22 2391
23 2391
24 2391
0 2409
43 2389
16 2389
17 2389
18 2389
19 2389
20 2389
21 2389
22 2389
23 2389
24 2389
0 2411
48 2406
12 2406
11 2406
10 2406
9 2406
8 2406
7 2406
6 2406
5 2406
4 2406
3 2406
2 2406
1 2406
41 2410
8 2410
7 2410
6 2410
5 2410
4 2410
3 2410
2 2410
1 2410
0 2412
0 2415
30 2413
22 2413
23 2413
24 2413
70 2414
11 2414
10 2414
9 2414
8 2414
7 2414
6 2414
5 2414
4 2414
3 2414
2 2414
1 2414
0 2419
0 2422
37 2384
22 2384
23 2384
24 2384
0 2425
82 2426
21 2426
22 2426
23 2426
24 2426
47 2423
10 2423
9 2423
8 2423
7 2423
6 2423
5 2423
4 2423
3 2423
2 2423
1 2423
0 2429
35 2432
7 2432
6 2432
5 2432
4 2432
3 2432
2 2432
1 2432
0 2434
77 2405
20 2405
21 2405
22 2405
23 2405
24 2405
45 2431
8 2431
7 2431
6 2431
5 2431
4 2431
3 2431
2 2431
1 2431
83 2416
20 2416
21 2416
22 2416
23 2416
24 2416
64 2420
20 2420
21 2420
22 2420
23 2420
24 2420
0 2435
68 2427
2 2427
1 2427
50 2436
10 2436
9 2436
8 2436
7 2436
6 2436
5 2436
4 2436
3 2436
2 2436
1 2436
78 2428
0 2437
32 2421
9 2421
8 2421
7 2421
6 2421
5 2421
4 2421
3 2421
2 2421
1 2421
0 2441
52 2442
26 2444
0 2446
60 2443
17 2443
18 2443
19 2443
20 2443
21 2443
22 2443
23 2443
24 2443
44 2390
21 2390
22 2390
23 2390
24 2390
42 2424
24 2424
76 2444
18 2444
19 2444
20 2444
21 2444
22 2444
23 2444
24 2444
0 2449
65 2417
12 2417
11 2417
10 2417
9 2417
8 2417
7 2417
6 2417
5 2417
4 2417
3 2417
2 2417
1 2417
39 2445
4 2445
3 2445
2 2445
1 2445
0 2451
0 2453
80 2430
1 2430
27 2439
18 2439
19 2439
20 2439
21 2439
22 2439
23 2439
24 2439
0 2457
73 2403
23 2403
24 2403
74 2438
24 2438
56 2440
3 2440
2 2440
1 2440
0 2459
76 2458
46 2461
3 2461
2 2461
1 2461
0 2462
58 2456
8 2456
7 2456
6 2456
5 2456
4 2456
3 2456
2 2456
1 2456
0 2465
55 2452
19 2452
20 2452
21 2452
22 2452
23 2452
24 2452
0 2468
59 2466
17 2466
18 2466
19 2466
20 2466
21 2466
22 2466
23 2466
24 2466
54 2460
11 2460
10 2460
9 2460
8 2460
7 2460
6 2460
5 2460
4 2460
3 2460
2 2460
1 2460
51 2469
14 2469
15 2469
16 2469
17 2469
18 2469
19 2469
20 2469
21 2469
22 2469
23 2469
24 2469
25 2408
14 2408
15 2408
16 2408
17 2408
18 2408
19 2408
20 2408
21 2408
22 2408
23 2408
24 2408
0 2470
28 2454
2 2454
1 2454
29 2433
19 2433
20 2433
21 2433
22 2433
23 2433
24 2433
69 2448
21 2448
22 2448
23 2448
24 2448
0 2471
41 2472
18 2472
19 2472
20 2472
21 2472
22 2472
23 2472
24 2472
0 2473
66 2447
2 2447
1 2447
0 2475
31 2476
5 2476
4 2476
3 2476
2 2476
1 2476
53 2450
13 2450
14 2450
15 2450
16 2450
17 2450
18 2450
19 2450
20 2450
21 2450
22 2450
23 2450
24 2450
0 2477
0 2480
38 2478
4 2478
3 2478
2 2478
1 2478
81 2418
24 2418
0 2482
30 2481
9 2481
8 2481
7 2481
6 2481
5 2481
4 2481
3 2481
2 2481
1 2481
0 2483
0 2484
62 2458
1 2458
48 2486
1 2486
0 2488
34 2485
11 2485
10 2485
9 2485
8 2485
7 2485
6 2485
5 2485
4 2485
3 2485
2 2485
1 2485
0 2490
64 2492
0 2493
0 2495
42 2496
84 2455
15 2455
16 2455
17 2455
18 2455
19 2455
20 2455
21 2455
22 2455
23 2455
24 2455
26 2497
0 2498
57 2464
15 2464
16 2464
17 2464
18 2464
19 2464
20 2464
21 2464
22 2464
23 2464
24 2464
52 2494
12 2494
11 2494
10 2494
9 2494
8 2494
7 2494
6 2494
5 2494
4 2494
3 2494
2 2494
1 2494
76 2497
4 2497
3 2497
2 2497
1 2497
0 2499
0 2502
36 2500
16 2500
17 2500
18 2500
19 2500
20 2500
21 2500
22 2500
23 2500
24 2500
0 2503
65 2504
66 2492
9 2492
8 2492
7 2492
6 2492
5 2492
4 2492
3 2492
2 2492
1 2492
27 2501
4 2501
3 2501
2 2501
1 2501
0 2505
0 2510
0 2514
73 2512
10 2512
9 2512
8 2512
7 2512
6 2512
5 2512
4 2512
3 2512
2 2512
1 2512
33 2513
23 2513
24 2513
0 2515
74 2507
66 2507
11 2507
10 2507
9 2507
8 2507
7 2507
6 2507
5 2507
4 2507
3 2507
2 2507
1 2507
0 2518
43 2506
82 2496
13 2496
14 2496
15 2496
16 2496
17 2496
18 2496
19 2496
20 2496
21 2496
22 2496
23 2496
24 2496
50 2504
1 2504
47 2487
3 2487
2 2487
1 2487
70 2520
5 2520
4 2520
3 2520
2 2520
1 2520
0 2522
79 2463
21 2463
22 2463
23 2463
24 2463
0 2523
54 2524
23 2524
24 2524
0 2525
32 2491
1 2491
0 2528
68 2489
20 2489
21 2489
22 2489
23 2489
24 2489
69 2519
8 2519
7 2519
6 2519
5 2519
4 2519
3 2519
2 2519
1 2519
0 2531
0 2534
67 2479
1 2479
0 2535
29 2533
8 2533
7 2533
6 2533
5 2533
4 2533
3 2533
2 2533
1 2533
0 2537
46 2536
19 2536
20 2536
21 2536
22 2536
23 2536
24 2536
59 2538
7 2538
6 2538
5 2538
4 2538
3 2538
2 2538
1 2538
0 2539
35 2511
3 2511
2 2511
1 2511
61 2526
80 2526
19 2526
20 2526
21 2526
22 2526
23 2526
24 2526
0 2541
66 2506
16 2506
17 2506
18 2506
19 2506
20 2506
21 2506
22 2506
23 2506
24 2506
63 2508
9 2508
8 2508
7 2508
6 2508
5 2508
4 2508
3 2508
2 2508
1 2508
71 2516
16 2516
17 2516
18 2516
19 2516
20 2516
21 2516
22 2516
23 2516
24 2516
40 2527
1 2527
0 2544
37 2532
20 2532
21 2532
22 2532
23 2532
24 2532
83 2517
66 2517
17 2517
18 2517
19 2517
20 2517
21 2517
22 2517
23 2517
24 2517
0 2545
0 2547
77 2551
18 2551
19 2551
20 2551
21 2551
22 2551
23 2551
24 2551
0 2553
0 2554
80 2550
22 2550
23 2550
24 2550
78 2556
23 2556
24 2556
76 2552
15 2552
16 2552
17 2552
18 2552
19 2552
20 2552
21 2552
22 2552
23 2552
24 2552
0 2557
0 2561
56 2555
24 2555
0 2564
49 2521
4 2521
3 2521
2 2521
1 2521
0 2565
45 2540
9 2540
8 2540
7 2540
6 2540
5 2540
4 2540
3 2540
2 2540
1 2540
64 2566
21 2566
22 2566
23 2566
24 2566
0 2567
0 2569
0 2571
30 2546
0 2572
44 2558
21 2558
22 2558
23 2558
24 2558
75 2509
12 2509
11 2509
10 2509
9 2509
8 2509
7 2509
6 2509
5 2509
4 2509
3 2509
2 2509
1 2509
0 2575
28 2568
24 2568
81 2573
18 2573
19 2573
20 2573
21 2573
22 2573
23 2573
24 2573
78 2546
2 2546
1 2546
0 2578
38 2570
0 2580
41 2529
15 2529
16 2529
17 2529
18 2529
19 2529
20 2529
21 2529
22 2529
23 2529
24 2529
66 2570
24 2570
58 2542
7 2542
6 2542
5 2542
4 2542
3 2542
2 2542
1 2542
0 2583
26 2582
21 2582
22 2582
23 2582
24 2582
0 2585
62 2562
21 2562
22 2562
23 2562
24 2562
53 2549
10 2549
9 2549
8 2549
7 2549
6 2549
5 2549
4 2549
3 2549
2 2549
1 2549
72 2467
7 2467
6 2467
5 2467
4 2467
3 2467
2 2467
1 2467
0 2587
50 2543
15 2543
16 2543
17 2543
18 2543
19 2543
20 2543
21 2543
22 2543
23 2543
24 2543
0 2591
34 2574
6 2574
5 2574
4 2574
3 2574
2 2574
1 2574
0 2593
55 2560
20 2560
21 2560
22 2560
23 2560
24 2560
73 2594
1 2594
39 2530
8 2530
7 2530
6 2530
5 2530
4 2530
3 2530
2 2530
1 2530
0 2596
0 2600
70 2586
20 2586
21 2586
22 2586
23 2586
24 2586
27 2589
22 2589
23 2589
24 2589
54 2584
13 2584
14 2584
15 2584
16 2584
17 2584
18 2584
19 2584
20 2584
21 2584
22 2584
23 2584
24 2584
0 2603
61 2604
7 2604
6 2604
5 2604
4 2604
3 2604
2 2604
1 2604
65 2590
18 2590
19 2590
20 2590
21 2590
22 2590
23 2590
24 2590
0 2605
60 2559
24 2559
25 2563
17 2563
18 2563
19 2563
20 2563
21 2563
22 2563
23 2563
24 2563
74 2588
4 2588
3 2588
2 2588
1 2588
52 2598
8 2598
7 2598
6 2598
5 2598
4 2598
3 2598
2 2598
1 2598
0 2608
0 2609
0 2611
0 2612
0 2613
32 2579
19 2579
20 2579
21 2579
22 2579
23 2579
24 2579
0 2614
77 2607
7 2607
6 2607
5 2607
4 2607
3 2607
2 2607
1 2607
0 2616
0 2620
43 2619
8 2619
7 2619
6 2619
5 2619
4 2619
3 2619
2 2619
1 2619
0 2623
84 2548
16 2548
17 2548
18 2548
19 2548
20 2548
21 2548
22 2548
23 2548
24 2548
47 2618
29 2602
1 2602
82 2615
10 2615
9 2615
8 2615
7 2615
6 2615
5 2615
4 2615
3 2615
2 2615
1 2615
0 2624
0 2625
0 2626
63 2606
2 2606
1 2606
36 2576
17 2576
18 2576
19 2576
20 2576
21 2576
22 2576
23 2576
24 2576
0 2627
42 2592
12 2592
11 2592
10 2592
9 2592
8 2592
7 2592
6 2592
5 2592
4 2592
3 2592
2 2592
1 2592
0 2630
67 2629
22 2629
23 2629
24 2629
51 2577
24 2577
0 2632
62 2633
7 2633
6 2633
5 2633
4 2633
3 2633
2 2633
1 2633
79 2581
20 2581
21 2581
22 2581
23 2581
24 2581
0 2636
44 2631
10 2631
9 2631
8 2631
7 2631
6 2631
5 2631
4 2631
3 2631
2 2631
1 2631
34 2635
17 2635
18 2635
19 2635
20 2635
21 2635
22 2635
23 2635
24 2635
0 2638
83 2640
12 2640
11 2640
10 2640
9 2640
8 2640
7 2640
6 2640
5 2640
4 2640
3 2640
2 2640
1 2640
31 2595
14 2595
15 2595
16 2595
17 2595
18 2595
19 2595
20 2595
21 2595
22 2595
23 2595
24 2595
0 2641
28 2639
13 2639
14 2639
15 2639
16 2639
17 2639
18 2639
19 2639
20 2639
21 2639
22 2639
23 2639
24 2639
46 2617
16 2617
17 2617
18 2617
19 2617
20 2617
21 2617
22 2617
23 2617
24 2617
68 2628
19 2628
20 2628
21 2628
22 2628
23 2628
24 2628
0 2645
59 2618
4 2618
3 2618
2 2618
1 2618
57 2597
20 2597
21 2597
22 2597
23 2597
24 2597
0 2648
66 2642
13 2642
14 2642
15 2642
16 2642
17 2642
18 2642
19 2642
20 2642
21 2642
22 2642
23 2642
24 2642
71 2643
13 2643
14 2643
15 2643
16 2643
17 2643
18 2643
19 2643
20 2643
21 2643
22 2643
23 2643
24 2643
48 2599
9 2599
8 2599
7 2599
6 2599
5 2599
4 2599
3 2599
2 2599
1 2599
0 2649
80 2644
17 2644
18 2644
19 2644
20 2644
21 2644
22 2644
23 2644
24 2644
41 2634
5 2634
4 2634
3 2634
2 2634
1 2634
33 2622
1 2622
0 2651
0 2652
52 2653
19 2653
20 2653
21 2653
22 2653
23 2653
24 2653
50 2654
4 2654
3 2654
2 2654
1 2654
40 2657
0 2658
76 2660
11 2660
10 2660
9 2660
8 2660
7 2660
6 2660
5 2660
4 2660
3 2660
2 2660
1 2660
78 2656
19 2656
20 2656
21 2656
22 2656
23 2656
24 2656
39 2661
22 2661
23 2661
24 2661
81 2637
10 2637
9 2637
8 2637
7 2637
6 2637
5 2637
4 2637
3 2637
2 2637
1 2637
0 2662
35 2621
3 2621
2 2621
1 2621
58 2663
24 2663
0 2664
25 2665
69 2610
11 2610
10 2610
9 2610
8 2610
7 2610
6 2610
5 2610
4 2610
3 2610
2 2610
1 2610
0 2666
64 2667
27 2650
11 2650
10 2650
9 2650
8 2650
7 2650
6 2650
5 2650
4 2650
3 2650
2 2650
1 2650
55 2655
10 2655
9 2655
8 2655
7 2655
6 2655
5 2655
4 2655
3 2655
2 2655
1 2655
0 2670
72 2646
24 2646
45 2669
5 2669
4 2669
3 2669
2 2669
1 2669
0 2671
49 2659
1 2659
61 2668
21 2668
22 2668
23 2668
24 2668
79 2657
2 2657
1 2657
0 2672
83 2667
18 2667
19 2667
20 2667
21 2667
22 2667
23 2667
24 2667
32 2665
6 2665
5 2665
4 2665
3 2665
2 2665
1 2665
0 2675
60 2676
14 2676
15 2676
16 2676
17 2676
18 2676
19 2676
20 2676
21 2676
22 2676
23 2676
24 2676
0 2677
30 2678
23 2678
24 2678
70 2673
12 2673
11 2673
10 2673
9 2673
8 2673
7 2673
6 2673
5 2673
4 2673
3 2673
2 2673
1 2673
0 2681
65 2680
9 2680
8 2680
7 2680
6 2680
5 2680
4 2680
3 2680
2 2680
1 2680
37 2647
23 2647
24 2647
0 2682
0 2683
75 2685
0 2686
73 2679
20 2679
21 2679
22 2679
23 2679
24 2679
0 2690
56 2674
1 2674
0 2693
83 2694
22 2694
23 2694
24 2694
38 2684
22 2684
23 2684
24 2684
54 2689
7 2689
6 2689
5 2689
4 2689
3 2689
2 2689
1 2689
0 2696
0 2698
79 2688
7 2688
6 2688
5 2688
4 2688
3 2688
2 2688
1 2688
0 2701
53 2687
8 2687
7 2687
6 2687
5 2687
4 2687
3 2687
2 2687
1 2687
0 2702
50 2685
13 2685
14 2685
15 2685
16 2685
17 2685
18 2685
19 2685
20 2685
21 2685
22 2685
23 2685
24 2685
