26 151 0 100 0.3 1.03517 1.33517
60 174 0 100 0.2 2.1962 2.3962
33 161 0 100 1.1 1.58119 2.68119
52 155 0 100 2.8 1.15982 3.95982
47 177 0 100 1.8 2.46982 4.26982
57 179 0 100 1.9 2.63825 4.53825
48 167 0 100 3.1 1.9206 5.0206
67 183 0 100 1.6 4.2222 5.8222
25 180 0 100 3.5 2.6415 6.1415
61 168 0 100 4.5 1.92389 6.42389
50 190 0 100 1.1 6.51244 7.61244
50 178 0 100 5.1 2.60734 7.70734
44 181 0 100 5 2.77176 7.77176
31 159 0 100 6.9 1.51848 8.41848
72 152 0 100 7.5 1.07271 8.57271
29 157 0 100 7.8 1.34623 9.14623
34 175 0 100 7.2 2.31977 9.51977
34 198 0 100 0.2 9.55349 9.75349
65 165 0 100 8.2 1.74273 9.94273
30 153 0 100 9.2 1.08564 10.2856
36 162 0 100 9.2 1.60898 10.809
67 172 0 100 8.9 2.08427 10.9843
49 171 0 100 9 2.01774 11.0177
55 169 0 100 9.4 1.93476 11.3348
64 166 0 100 9.9 1.81513 11.7151
74 163 0 100 11.3 1.62752 12.9275
74 195 0 100 4.6 8.33844 12.9384
50 205 0 100 0.1 12.9269 13.0269
58 173 0 100 11.3 2.10966 13.4097
37 154 0 100 12.5 1.1487 13.6487
72 206 0 100 0.4 13.4533 13.8533
52 196 0 100 5.7 8.57207 14.2721
68 164 0 100 12.7 1.64277 14.3428
52 188 0 100 8.6 5.81008 14.4101
68 202 0 100 2.7 11.7392 14.4392
41 186 0 100 9.3 5.2293 14.5293
54 176 0 100 12.3 2.3899 14.6899
41 158 0 100 13.3 1.46269 14.7627
