80 363 0 100 0.2 1.06306 1.26306
49 377 0 100 2.33402e-08 1.41518 1.41518
83 367 0 100 0.7 1.13105 1.83105
101 368 0 100 0.7 1.14134 1.84134
32 379 0 100 0.7 1.44493 2.14493
78 388 0 100 0.4 1.85943 2.25943
102 373 0 100 1.1 1.24319 2.34319
82 366 0 100 1.3 1.11695 2.41695
95 365 0 100 2.3 1.06799 3.36799
74 374 0 100 2.3 1.28675 3.58675
66 404 0 100 1 3.82859 4.82859
29 401 0 100 2.9 2.73011 5.63011
67 391 0 100 3.9 2.20937 6.10937
40 372 0 100 4.9 1.22818 6.12818
67 410 0 100 1.3 4.85392 6.15392
97 382 0 100 4.8 1.55812 6.35812
97 416 0 100 0.6 5.80279 6.40279
80 419 0 100 0.6 5.97795 6.57795
101 411 0 100 2 5.01129 7.01129
37 392 0 100 4.8 2.23556 7.03556
35 415 0 100 1.7 5.72026 7.42026
98 414 0 100 1.8 5.71765 7.51765
35 399 0 100 4.9 2.65202 7.55202
28 369 0 100 6.6 1.14488 7.74488
27 407 0 100 3.5 4.29958 7.79958
28 417 0 100 2 5.8472 7.8472
34 413 0 100 2.9 5.37503 8.27503
34 400 0 100 5.6 2.71114 8.31114
48 381 0 100 6.9 1.53131 8.43131
45 396 0 100 6 2.45946 8.45946
69 384 0 100 6.9 1.61056 8.51056
95 423 0 100 0.9 7.72432 8.62432
95 406 0 100 4.6 4.13433 8.73433
70 408 0 100 4.2 4.77356 8.97356
52 378 0 100 8.4 1.41706 9.81706
66 380 0 100 8.5 1.47536 9.97536
87 375 0 100 9.3 1.34691 10.6469
60 397 0 100 8.6 2.48635 11.0863
71 424 0 100 3.2 8.27066 11.4707
97 430 0 100 1.9 9.69042 11.5904
61 434 0 100 0.8 10.9627 11.7627
92 395 0 100 9.6 2.34489 11.9449
78 437 0 100 0.9 11.8299 12.7299
27 383 0 100 11.4 1.57784 12.9778
68 436 0 100 1.9 11.6545 13.5545
77 442 0 100 0.8 13.0262 13.8262
95 439 0 100 1.6 12.2634 13.8634
68 393 0 100 11.6 2.31583 13.9158
59 386 0 100 12.5 1.69534 14.1953
30 403 0 100 12 2.83932 14.8393
75 412 0 100 9.7 5.19497 14.895
75 390 0 100 12.8 2.09515 14.8952
75 421 0 100 7.7 7.21547 14.9155
41 441 0 100 2.3 12.6901 14.9901
