117 562 0 100 3.50103e-08 1.36693 1.36693
116 579 0 100 0.4 1.94087 2.34087
27 591 0 100 1.16701e-08 2.38609 2.38609
96 560 0 100 1.2 1.28179 2.48179
95 587 0 100 0.3 2.22608 2.52608
97 553 0 100 1.6 1.11695 2.71695
108 577 0 100 0.9 1.90499 2.80499
37 559 0 100 1.6 1.27987 2.87987
101 584 0 100 1.2 2.11111 3.31111
39 555 0 100 2.5 1.20797 3.70797
58 592 0 100 1.4 2.38795 3.78795
46 573 0 100 2.2 1.70737 3.90737
44 550 0 100 2.9 1.02529 3.92529
30 596 0 100 1.3 2.66891 3.96891
46 602 0 100 1.16701e-08 4.08817 4.08817
81 565 0 100 3 1.47174 4.47174
124 567 0 100 3 1.54468 4.54468
69 570 0 100 3 1.61844 4.61844
75 601 0 100 0.8 3.89403 4.69403
114 589 0 100 2.6 2.31258 4.91258
63 578 0 100 3 1.93917 4.93917
75 557 0 100 3.8 1.23078 5.03078
119 556 0 100 3.9 1.21029 5.11029
90 590 0 100 3.5 2.34526 5.84526
40 586 0 100 3.7 2.20575 5.90575
122 574 0 100 4.3 1.75231 6.05231
40 611 0 100 1.16701e-08 6.0541 6.0541
43 610 0 100 0.4 5.77783 6.17783
87 581 0 100 4.3 1.97678 6.27678
100 593 0 100 4.5 2.39637 6.89637
118 568 0 100 5.4 1.54512 6.94512
26 588 0 100 4.7 2.27873 6.97873
98 597 0 100 4.4 2.67388 7.07388
120 603 0 100 3.6 4.27089 7.87089
120 583 0 100 5.9 2.03551 7.93551
120 623 0 100 0.5 7.44002 7.94002
41 564 0 100 6.8 1.44536 8.24536
115 612 0 100 2.2 6.0579 8.2579
115 598 0 100 5.6 2.72973 8.32973
89 566 0 100 7.1 1.52013 8.62013
66 606 0 100 4 4.65002 8.65002
112 613 0 100 2.9 6.12488 9.02488
58 609 0 100 3.8 5.28134 9.08134
79 552 0 100 8.6 1.0985 9.6985
47 582 0 100 7.7 2.00388 9.70388
61 625 0 100 2.5 7.60299 10.103
77 617 0 100 4.5 6.57219 11.0722
77 636 0 100 0.4 10.832 11.232
111 621 0 100 3.9 7.42951 11.3295
122 622 0 100 4 7.43887 11.4389
104 632 0 100 2.1 9.99415 12.0942
42 631 0 100 3.3 8.92831 12.2283
78 594 0 100 9.7 2.55796 12.258
34 634 0 100 2.4 10.3726 12.7726
103 599 0 100 9.9 2.93671 12.8367
34 561 0 100 11.7 1.31259 13.0126
108 639 0 100 2.1 11.1422 13.2422
37 624 0 100 5.7 7.59523 13.2952
44 626 0 100 6.8 7.80499 14.605
44 604 0 100 10.3 4.34007 14.6401
85 649 0 100 1.3 13.3426 14.6426
47 619 0 100 8.2 6.75648 14.9565
