37 21 0 100 0.4 1.07002 1.47002
41 26 0 100 0.4 1.7394 2.1394
32 20 0 100 3.7 1.05026 4.75026
36 32 0 100 3 2.5476 5.5476
39 33 0 100 2.8 2.77749 5.57749
41 36 0 100 2.3 5.0832 7.3832
33 24 0 100 6.6 1.27493 7.87493
26 23 0 100 7 1.26539 8.26539
35 39 0 100 2.9 5.54545 8.44545
31 38 0 100 3.4 5.53354 8.93354
40 30 0 100 7.2 2.37348 9.57348
32 35 0 100 5.6 4.35047 9.95047
32 42 0 100 2.3 7.68423 9.98423
42 34 0 100 8 2.81429 10.8143
28 43 0 100 1.9 8.93929 10.8393
42 37 0 100 5.4 5.44285 10.8428
29 27 0 100 10.1 1.80079 11.9008
29 40 0 100 5.7 6.26876 11.9688
33 41 0 100 6.4 6.76458 13.1646
35 46 0 100 1.3 12.4367 13.7367
35 25 0 100 12.2 1.61996 13.82
31 28 0 100 12.2 1.85001 14.05
31 48 0 100 1.5 12.7115 14.2115
40 50 0 100 1.4 13.438 14.838
