53 702
47 703
31 703
35 703
48 706
26 706
33 706
46 709
36 711
26 713
33 713
42 714
50 715
33 716
49 714
45 718
31 720
47 720
44 709
43 703
35 720
43 720
40 714
49 724
52 705
25 715
42 724
42 725
41 722
50 718
47 727
35 727
31 728
35 728
27 707
32 704
27 704
35 731
39 721
26 716
51 706
33 733
51 733
54 712
48 713
46 729
27 738
47 728
31 731
47 731
43 727
40 724
49 725
42 735
40 735
52 736
47 740
35 740
50 730
38 708
33 742
35 741
34 719
26 744
29 710
30 717
45 732
40 747
33 744
42 747
48 742
33 750
42 751
37 702
