42 836 0 100 0.1 1.80099 1.90099
56 840 0 100 0.7 2.18079 2.88079
33 839 0 100 1.1 1.98573 3.08573
65 848 0 100 0.4 2.69049 3.09049
55 831 0 100 1.7 1.39244 3.09244
73 841 0 100 1 2.18265 3.18265
70 853 0 100 0.5 2.84746 3.34746
64 851 0 100 0.7 2.7886 3.4886
61 856 0 100 1 2.99978 3.99978
67 844 0 100 1.8 2.43112 4.23112
43 824 0 100 3.3 1.10176 4.40176
30 857 0 100 1.1 3.38004 4.48004
46 850 0 100 2 2.72474 4.72474
32 846 0 100 2.4 2.49293 4.89293
31 859 0 100 0.7 4.21758 4.91758
31 834 0 100 3.4 1.54723 4.94723
34 843 0 100 3 2.41648 5.41648
25 867 0 100 0.1 5.55473 5.65473
45 849 0 100 4.6 2.70418 7.30418
51 838 0 100 5.6 1.82106 7.42106
52 852 0 100 4.8 2.80274 7.60274
59 833 0 100 6.7 1.43833 8.13833
53 858 0 100 4.3 3.88255 8.18255
73 875 0 100 1.9 6.31342 8.21342
33 880 0 100 1.16701e-08 8.38747 8.38747
69 837 0 100 6.7 1.80647 8.50647
48 832 0 100 7.2 1.4128 8.6128
38 872 0 100 2.6 6.05559 8.65559
64 870 0 100 3 5.92727 8.92727
48 860 0 100 4.7 4.24696 8.94696
47 862 0 100 4.5 4.66333 9.16333
36 874 0 100 3 6.27388 9.27388
72 825 0 100 8.2 1.24338 9.44338
49 854 0 100 6.7 2.8929 9.5929
43 865 0 100 4.4 5.36988 9.76988
30 823 0 100 8.8 1.03229 9.83229
43 887 0 100 0.5 9.41675 9.91675
71 866 0 100 4.7 5.53776 10.2378
74 886 0 100 1.5 9.2809 10.7809
25 830 0 100 9.7 1.37306 11.0731
29 855 0 100 9.1 2.89898 11.999
45 871 0 100 6.5 6.00959 12.5096
51 891 0 100 1.9 10.7337 12.6337
53 835 0 100 11.5 1.70116 13.2012
53 881 0 100 4.8 8.52589 13.3259
65 882 0 100 4.7 8.81035 13.5103
65 897 0 100 1.1 12.4297 13.5297
60 890 0 100 3.1 10.5419 13.6419
48 898 0 100 1.5 12.5506 14.0506
36 894 0 100 2.3 12.1317 14.4317
54 863 0 100 9.2 5.23358 14.4336
54 889 0 100 4.6 10.1278 14.7278
