31 909
52 913
51 913
37 913
35 913
73 914
44 914
68 914
35 915
37 915
51 915
52 915
59 919
46 919
70 919
74 916
81 916
68 916
44 916
38 909
56 921
43 921
25 922
77 922
28 923
62 910
36 926
61 927
58 911
70 929
59 929
30 912
71 912
54 925
76 920
37 920
51 920
68 930
81 930
74 930
79 931
50 931
34 931
41 918
30 918
44 933
29 934
55 934
52 920
83 915
75 913
55 937
38 928
31 928
26 940
34 941
50 941
79 941
77 935
67 923
81 943
45 931
37 944
75 944
43 946
50 947
60 930
51 948
74 943
68 933
79 947
45 947
67 945
79 945
50 945
28 941
81 933
68 951
48 936
57 917
28 953
79 953
52 948
75 948
75 954
31 955
41 956
35 944
45 945
50 953
37 948
29 937
76 936
33 921
55 960
36 961
37 936
43 962
82 922
54 957
77 957
82 957
80 910
25 935
77 968
70 959
59 950
70 950
37 965
60 943
74 933
81 951
75 936
48 969
76 965
34 947
58 928
63 911
38 955
54 968
82 935
25 968
27 909
35 948
71 918
30 956
41 972
31 973
57 967
53 940
26 958
75 971
73 916
44 930
73 930
65 914
53 914
68 943
60 933
35 971
64 934
29 960
64 960
55 970
74 951
70 979
39 912
49 949
32 924
80 974
69 926
80 926
63 980
36 910
62 966
35 981
77 978
25 975
54 935
81 982
53 983
72 919
84 938
46 929
72 929
68 982
40 932
65 983
29 986
55 986
83 913
52 954
75 981
52 981
51 944
71 987
73 983
44 982
73 982
76 948
68 983
31 984
27 924
28 945
38 973
79 963
28 963
50 964
28 964
34 977
50 977
28 977
31 924
45 953
59 979
78 942
77 942
25 942
72 979
38 924
65 982
73 989
80 990
35 992
81 993
75 992
83 992
51 992
70 991
59 991
41 912
39 987
30 988
41 987
57 985
39 988
74 993
55 994
26 914
53 982
