53 702 1.06257
47 703 1.14898
32 704 1.16259
52 705 1.22225
48 706 1.34031
27 707 1.35165
38 708 1.45393
46 709 1.46807
29 710 1.50583
36 711 1.60743
54 712 1.63603
26 713 1.81559
42 714 1.95326
50 715 1.95384
33 716 1.96766
30 717 2.03401
45 718 2.08287
34 719 2.36832
31 720 2.43923
39 721 2.49424
41 722 2.63299
28 723 2.85823
49 724 2.88005
42 725 4.13457
53 726 4.30582
47 727 5.01853
31 728 5.02982
46 729 5.45527
50 730 6.0411
35 731 6.25608
45 732 6.43595
33 733 6.58748
36 734 6.75256
42 735 6.77994
52 736 6.91716
44 737 7.30936
27 738 8.17079
41 739 8.82088
47 740 8.88814
35 741 9.79096
33 742 9.95434
54 743 10.5271
26 744 10.8243
39 745 11.1803
46 746 11.1991
40 747 11.3492
52 748 12.0562
27 749 12.876
33 750 13.1747
42 751 13.6533
34 752 13.8509
48 753 14.7444
35 754 14.7773
29 755 14.94
