88 1106 1.03681
67 1107 1.1472
50 1108 1.17087
61 1109 1.17162
63 1110 1.17619
42 1111 1.21973
74 1112 1.24924
81 1113 1.28126
98 1114 1.28554
72 1115 1.31095
48 1116 1.31309
99 1117 1.39845
26 1118 1.40451
73 1119 1.4199
95 1120 1.46006
58 1121 1.48873
102 1122 1.49738
33 1123 1.58111
25 1124 1.5928
31 1125 1.60709
85 1126 1.60891
35 1127 1.61019
55 1128 1.61573
87 1129 1.62171
59 1130 1.64438
62 1131 1.6658
32 1132 1.67142
77 1133 1.70123
56 1134 1.70144
90 1135 1.72578
27 1136 1.7831
52 1137 1.85076
60 1138 1.86094
97 1139 1.89615
36 1140 1.89829
54 1141 2.13506
41 1142 2.20815
49 1143 2.31918
51 1144 2.34344
57 1145 2.36167
78 1146 2.36853
44 1147 2.42236
47 1148 2.42473
64 1149 2.49132
71 1150 2.54407
101 1151 2.62122
39 1152 2.70467
29 1153 2.73021
46 1154 2.74513
45 1155 2.78428
70 1156 2.79099
65 1157 2.86431
69 1158 2.98295
63 1159 3.55459
55 1160 3.66006
99 1161 3.75698
48 1162 3.77973
33 1163 3.8406
26 1164 4.18123
52 1165 4.26224
81 1166 4.27389
27 1167 4.52113
42 1168 4.60474
32 1169 4.68859
87 1170 4.69094
78 1171 4.71067
35 1172 4.7707
60 1173 4.97995
61 1174 5.04378
53 1175 5.05151
39 1176 5.32276
25 1177 5.57062
63 1178 5.87159
71 1179 5.87801
57 1180 5.97897
103 1181 5.98993
95 1182 6.12788
69 1183 6.13407
98 1184 6.24507
99 1185 6.25601
45 1186 6.38119
31 1187 6.54247
32 1188 7.04727
28 1189 7.29143
78 1190 7.35344
29 1191 7.52167
35 1192 7.5634
47 1193 7.89103
79 1194 8.21133
70 1195 8.62732
53 1196 8.7818
33 1197 8.7864
68 1198 8.78925
57 1199 8.86188
67 1200 9.00178
69 1201 9.29363
99 1202 9.54002
31 1203 9.55864
44 1204 9.97544
83 1205 10.1105
29 1206 10.1222
25 1207 10.1452
84 1208 10.8248
51 1209 11.3285
33 1210 11.7753
61 1211 11.8747
60 1212 11.9554
99 1213 12.012
44 1214 12.4082
63 1215 12.5347
68 1216 12.6559
69 1217 12.8136
48 1218 12.9547
32 1219 13.1816
53 1220 13.7478
40 1221 13.9668
29 1222 14.0852
36 1223 14.1185
57 1224 14.1399
66 1225 14.3193
94 1226 14.425
92 1227 14.4423
87 1228 14.5657
102 1229 14.7674
