31 909 1.02353
62 910 1.10432
58 911 1.10738
30 912 1.11254
52 913 1.11676
73 914 1.12933
35 915 1.16542
74 916 1.18283
57 917 1.1979
41 918 1.21155
59 919 1.28133
76 920 1.35755
56 921 1.4547
25 922 1.58321
28 923 1.59167
32 924 1.60811
54 925 1.61801
36 926 1.65606
61 927 1.66025
38 928 1.70104
70 929 1.70907
68 930 1.78436
79 931 1.79051
40 932 1.86177
44 933 2.09629
29 934 2.11248
77 935 2.32435
48 936 2.36671
55 937 2.39289
84 938 2.39743
42 939 2.45939
26 940 2.50991
34 941 2.52091
78 942 2.53387
81 943 2.74108
37 944 2.81019
67 945 2.85215
43 946 2.89641
50 947 2.89964
51 948 2.98913
49 949 2.99093
59 950 3.50894
68 951 3.92723
61 952 4.03232
28 953 4.37569
75 954 4.72625
31 955 4.75535
41 956 4.90425
54 957 4.98753
26 958 5.11325
70 959 5.20029
55 960 5.62718
36 961 5.75688
43 962 5.8475
79 963 5.98295
50 964 6.08946
37 965 6.55051
62 966 6.59719
57 967 6.67555
77 968 6.82082
48 969 6.90903
55 970 7.79813
75 971 8.80955
41 972 9.18728
31 973 9.25717
80 974 9.49541
25 975 9.68673
43 976 9.7164
34 977 10.2051
77 978 10.3731
70 979 10.4638
63 980 11.2806
35 981 11.6567
81 982 11.7378
53 983 11.8024
31 984 12.1179
57 985 12.4796
29 986 12.6868
71 987 12.8452
30 988 12.8943
73 989 13.8602
80 990 14.0704
70 991 14.1005
35 992 14.1819
81 993 14.2201
55 994 14.8092
40 995 14.9026
76 996 14.9947
