48 756
51 756
54 757
64 759
33 758
55 761
32 763
42 763
54 763
58 765
46 766
27 766
40 765
30 765
35 758
36 758
35 775
37 776
51 768
62 779
36 775
42 767
39 757
32 767
54 767
61 782
42 757
27 783
52 780
47 770
53 762
54 786
50 769
41 765
30 773
41 773
40 771
30 771
58 782
36 787
55 789
61 791
43 763
32 757
42 786
57 756
34 777
33 775
36 798
44 758
35 787
54 803
53 795
50 801
41 800
40 797
41 797
30 802
58 791
45 766
27 796
60 776
61 804
58 804
37 793
60 793
40 804
30 804
55 799
26 772
46 783
33 805
64 785
30 807
39 767
40 807
43 757
42 803
43 803
32 786
59 779
62 788
45 783
60 783
58 807
48 768
57 806
40 810
54 811
32 811
36 812
33 812
29 781
45 813
42 811
27 813
51 794
35 805
36 805
59 811
34 812
63 760
47 790
42 815
32 815
53 808
50 809
43 786
28 764
43 818
33 820
34 820
58 810
56 774
30 822
40 822
