42 50 0.0048 49.9952
47 50 0.0048 49.9952
42 49.9952 0.0048 49.9904
47 49.9952 0.0048 49.9904
42 50 0.0048 49.9952
47 50 0.0048 49.9952
41 50 0.0048 49.9952
42 50 0.0048 49.9952
47 50 0.0048 49.9952
41 50 0.0048 49.9952
45 50 0.0048 49.9952
46 50 0.0048 49.9952
41 50 0.0048 49.9952
45 50 0.0048 49.9952
46 50 0.0048 49.9952
29 50 0.0048 49.9952
41 50 0.0048 49.9952
45 50 0.0048 49.9952
46 50 0.0048 49.9952
29 50 0.0048 49.9952
45 50 0.0048 49.9952
46 50 0.0048 49.9952
51 50 0.0048 49.9952
29 50 0.0048 49.9952
51 50 0.0048 49.9952
39 50 0.048 49.952
39 49.952 0.0048 49.9472
39 49.9472 0.16 49.7872
39 49.7872 0.0016 49.7856
53 50 0.048 49.952
54 50 0.0048 49.9952
38 50 0.0048 49.9952
50 50 0.0048 49.9952
51 50 0.0048 49.9952
31 50 0.048 49.952
53 50 0.048 49.952
54 50 0.0048 49.9952
33 50 0.0048 49.9952
37 50 0.0048 49.9952
38 50 0.0048 49.9952
50 50 0.0048 49.9952
51 50 0.0048 49.9952
52 50 0.0048 49.9952
34 50 0.048 49.952
28 50 0.048 49.952
45 50 0.048 49.952
45 49.952 0.0048 49.9472
45 49.9472 0.16 49.7872
45 49.7872 0.0016 49.7856
31 50 0.048 49.952
31 49.952 0.0048 49.9472
31 49.9472 0.16 49.7872
31 49.7872 0.0016 49.7856
53 50 0.048 49.952
54 50 0.0048 49.9952
33 50 0.048 49.952
37 50 0.0048 49.9952
52 50 0.0048 49.9952
33 49.952 0.0048 49.9472
33 49.9472 0.16 49.7872
33 49.7872 0.0016 49.7856
26 50 0.0048 49.9952
32 50 0.0048 49.9952
33 49.7856 0.0048 49.7808
37 49.9952 0.0048 49.9904
38 50 0.0048 49.9952
50 50 0.0048 49.9952
52 49.9952 0.0048 49.9904
25 50 0.048 49.952
38 49.9952 0.048 49.9472
34 50 0.048 49.952
28 50 0.048 49.952
46 50 0.048 49.952
53 50 0.048 49.952
54 50 0.0048 49.9952
26 50 0.0048 49.9952
32 50 0.0048 49.9952
33 50 0.0048 49.9952
37 50 0.0048 49.9952
48 50 0.0048 49.9952
50 50 0.0048 49.9952
52 50 0.0048 49.9952
25 50 0.048 49.952
38 50 0.048 49.952
34 50 0.048 49.952
28 50 0.048 49.952
46 50 0.048 49.952
53 50 0.048 49.952
54 50 0.0048 49.9952
26 50 0.0048 49.9952
33 50 0.0048 49.9952
37 50 0.0048 49.9952
48 50 0.0048 49.9952
52 50 0.0048 49.9952
25 50 0.048 49.952
38 50 0.048 49.952
32 50 0.0048 49.9952
32 49.9952 0.048 49.9472
38 49.952 0.0048 49.9472
38 49.9472 0.16 49.7872
32 49.9472 0.016 49.9312
32 49.9312 0.016 49.9152
38 49.7872 0.0016 49.7856
32 49.9152 0.048 49.8672
37 50 0.0048 49.9952
37 49.9952 0.048 49.9472
38 49.7856 0.0048 49.7808
52 49.9952 0.0048 49.9904
52 49.9904 0.048 49.9424
32 49.8672 0.0096 49.8576
32 49.8576 0.16 49.6976
37 49.9472 0.016 49.9312
37 49.9312 0.016 49.9152
32 49.6976 0.0016 49.696
37 49.9152 0.048 49.8672
26 49.9952 0.0048 49.9904
32 49.696 0.0048 49.6912
33 50 0.0048 49.9952
52 49.9424 0.0048 49.9376
37 49.8672 0.0048 49.8624
37 49.8624 0.16 49.7024
52 49.9376 0.016 49.9216
37 49.7024 0.0016 49.7008
34 50 0.048 49.952
28 50 0.048 49.952
46 50 0.048 49.952
53 50 0.048 49.952
39 50 0.0048 49.9952
54 50 0.0048 49.9952
26 50 0.0048 49.9952
54 49.9952 0.048 49.9472
53 49.952 0.0048 49.9472
25 50 0.048 49.952
34 50 0.048 49.952
28 50 0.048 49.952
26 49.9952 0.048 49.9472
33 50 0.0048 49.9952
37 49.9704 0.0048 49.9656
48 50 0.0048 49.9952
52 50 0.0048 49.9952
26 49.9472 0.0048 49.9424
26 49.9424 0.16 49.7824
26 49.7824 0.0016 49.7808
46 50 0.048 49.952
45 50 0.0048 49.9952
42 50 0.048 49.952
47 50 0.0048 49.9952
53 50 0.048 49.952
54 50 0.0048 49.9952
54 49.9952 0.048 49.9472
53 49.952 0.0048 49.9472
25 50 0.048 49.952
34 50 0.048 49.952
28 50 0.048 49.952
49 50 0.048 49.952
46 50 0.048 49.952
45 50 0.0048 49.9952
42 50 0.048 49.952
47 50 0.0048 49.9952
53 50 0.048 49.952
54 50 0.0048 49.9952
39 50 0.0048 49.9952
54 49.9952 0.048 49.9472
53 49.952 0.0048 49.9472
25 50 0.048 49.952
34 50 0.048 49.952
28 50 0.048 49.952
49 50 0.048 49.952
29 50 0.048 49.952
48 50 0.048 49.952
26 50 0.0048 49.9952
26 49.9952 0.048 49.9472
52 50 0.0048 49.9952
48 49.952 0.0048 49.9472
48 49.9472 0.16 49.7872
26 49.9472 0.016 49.9312
26 49.9312 0.016 49.9152
48 49.7872 0.0016 49.7856
26 49.9152 0.048 49.8672
37 50 0.0048 49.9952
48 49.7856 0.0048 49.7808
52 49.9952 0.0048 49.9904
26 49.8672 0.0048 49.8624
26 49.8624 0.16 49.7024
52 49.9904 0.016 49.9744
26 49.7024 0.0016 49.7008
46 50 0.048 49.952
45 50 0.0048 49.9952
46 49.952 0.0048 49.9472
46 49.9472 0.16 49.7872
46 49.7872 0.0016 49.7856
42 50 0.048 49.952
47 50 0.0048 49.9952
53 50 0.048 49.952
39 50 0.0048 49.9952
53 49.952 0.0048 49.9472
54 50 0.0048 49.9952
54 49.9952 0.048 49.9472
25 50 0.048 49.952
34 50 0.048 49.952
28 50 0.048 49.952
30 50 0.0048 49.9952
28 49.952 0.0048 49.9472
28 49.9472 0.16 49.7872
28 49.7872 0.0016 49.7856
49 50 0.048 49.952
29 50 0.048 49.952
42 50 0.048 49.952
47 50 0.0048 49.9952
53 50 0.048 49.952
54 50 0.0048 49.9952
39 50 0.0048 49.9952
53 49.952 0.0048 49.9472
54 49.9952 0.0048 49.9904
54 49.9904 0.048 49.9424
53 49.9472 0.0048 49.9424
25 50 0.048 49.952
40 50 0.048 49.952
40 49.952 0.0048 49.9472
40 49.9472 0.16 49.7872
40 49.7872 0.0016 49.7856
34 50 0.048 49.952
49 50 0.048 49.952
29 50 0.048 49.952
42 50 0.048 49.952
47 50 0.0048 49.9952
53 50 0.048 49.952
54 50 0.0048 49.9952
39 50 0.0048 49.9952
49 49.952 0.0048 49.9472
54 49.9952 0.0048 49.9904
54 49.9904 0.048 49.9424
53 49.952 0.0048 49.9472
25 50 0.048 49.952
34 50 0.048 49.952
43 50 0.048 49.952
43 49.952 0.0048 49.9472
43 49.9472 0.16 49.7872
43 49.7872 0.0016 49.7856
49 50 0.048 49.952
29 50 0.048 49.952
29 49.952 0.0048 49.9472
29 49.9472 0.16 49.7872
29 49.7872 0.0016 49.7856
42 50 0.048 49.952
47 50 0.0048 49.9952
53 50 0.048 49.952
54 50 0.0048 49.9952
40 50 0.0048 49.9952
49 49.952 0.0048 49.9472
54 49.9952 0.048 49.9472
39 50 0.0048 49.9952
53 49.952 0.0048 49.9472
54 49.9472 0.0048 49.9424
54 49.9424 0.16 49.7824
54 49.7824 0.0016 49.7808
25 50 0.048 49.952
34 50 0.048 49.952
49 50 0.048 49.952
44 50 0.048 49.952
44 49.952 0.0048 49.9472
44 49.9472 0.16 49.7872
44 49.7872 0.0016 49.7856
27 50 0.048 49.952
27 49.952 0.0048 49.9472
27 49.9472 0.16 49.7872
27 49.7872 0.0016 49.7856
42 50 0.048 49.952
47 50 0.0048 49.9952
53 50 0.048 49.952
39 49.9952 0.0048 49.9904
39 49.9904 0.048 49.9424
54 50 0.0048 49.9952
54 49.9952 0.048 49.9472
53 49.952 0.0096 49.9424
53 49.9424 0.16 49.7824
39 49.9424 0.016 49.9264
54 49.9472 0.016 49.9312
54 49.9312 0.016 49.9152
53 49.7824 0.0016 49.7808
54 49.9152 0.048 49.8672
39 49.9264 0.0048 49.9216
53 49.7808 0.0048 49.776
40 50 0.0048 49.9952
49 49.952 0.0048 49.9472
25 50 0.048 49.952
34 50 0.048 49.952
49 50 0.048 49.952
42 50 0.048 49.952
47 50 0.0048 49.9952
50 50 0.048 49.952
54 50 0.048 49.952
39 50 0.0048 49.9952
54 49.952 0.0048 49.9472
54 49.9472 0.16 49.7872
54 49.7872 0.0016 49.7856
40 50 0.0048 49.9952
25 50 0.048 49.952
34 50 0.048 49.952
49 50 0.048 49.952
41 50 0.048 49.952
42 50 0.048 49.952
47 50 0.0048 49.9952
50 50 0.048 49.952
50 49.952 0.0048 49.9472
50 49.9472 0.16 49.7872
50 49.7872 0.0016 49.7856
37 50 0.048 49.952
26 50 0.0048 49.9952
26 49.9952 0.048 49.9472
37 49.952 0.0048 49.9472
37 49.9472 0.16 49.7872
26 49.9472 0.016 49.9312
26 49.9312 0.016 49.9152
37 49.7872 0.0016 49.7856
26 49.9152 0.048 49.8672
37 49.7856 0.0048 49.7808
26 49.8672 0.0048 49.8624
26 49.8624 0.16 49.7024
26 49.7024 0.0016 49.7008
40 50 0.0048 49.9952
25 50 0.048 49.952
34 50 0.048 49.952
49 50 0.048 49.952
41 50 0.048 49.952
42 50 0.048 49.952
47 50 0.0048 49.9952
30 50 0.048 49.952
28 50 0.0048 49.9952
25 50 0.048 49.952
25 49.952 0.0048 49.9472
25 49.9472 0.16 49.7872
25 49.7872 0.0016 49.7856
32 50 0.048 49.952
33 50 0.0048 49.9952
33 49.9952 0.048 49.9472
38 50 0.0048 49.9952
50 50 0.0048 49.9952
32 49.952 0.0048 49.9472
32 49.9472 0.16 49.7872
33 49.9472 0.016 49.9312
33 49.9312 0.016 49.9152
32 49.7872 0.0016 49.7856
33 49.9152 0.048 49.8672
32 49.7856 0.0048 49.7808
38 49.9952 0.0048 49.9904
48 50 0.0048 49.9952
52 50 0.0048 49.9952
38 49.9904 0.016 49.9744
50 49.9952 0.016 49.9792
52 49.9952 0.048 49.9472
33 49.8672 0.0048 49.8624
48 49.9952 0.0048 49.9904
34 50 0.048 49.952
49 50 0.048 49.952
41 50 0.048 49.952
42 50 0.048 49.952
47 50 0.0048 49.9952
30 50 0.048 49.952
28 50 0.0048 49.9952
30 49.952 0.0048 49.9472
30 49.9472 0.16 49.7872
30 49.7872 0.0016 49.7856
36 50 0.048 49.952
33 50 0.048 49.952
32 50 0.0048 49.9952
38 50 0.0048 49.9952
48 50 0.0048 49.9952
52 50 0.0048 49.9952
52 49.9952 0.048 49.9472
32 49.9952 0.0048 49.9904
33 49.952 0.0048 49.9472
48 49.9952 0.0048 49.9904
34 50 0.048 49.952
49 50 0.048 49.952
41 50 0.048 49.952
42 50 0.048 49.952
47 50 0.0048 49.9952
36 50 0.048 49.952
47 49.9952 0.048 49.9472
42 49.952 0.0048 49.9472
33 50 0.048 49.952
32 50 0.0048 49.9952
38 50 0.0048 49.9952
52 50 0.0048 49.9952
52 49.9952 0.048 49.9472
33 49.952 0.0048 49.9472
48 50 0.0048 49.9952
34 50 0.048 49.952
49 50 0.048 49.952
41 50 0.048 49.952
51 50 0.048 49.952
42 50 0.048 49.952
47 50 0.0048 49.9952
36 50 0.048 49.952
44 50 0.0048 49.9952
47 49.9952 0.048 49.9472
42 49.952 0.0048 49.9472
47 49.9472 0.0048 49.9424
47 49.9424 0.16 49.7824
47 49.7824 0.0016 49.7808
35 50 0.048 49.952
33 50 0.048 49.952
38 50 0.0048 49.9952
52 50 0.0048 49.9952
52 49.9952 0.048 49.9472
33 49.952 0.0048 49.9472
48 50 0.0048 49.9952
34 50 0.048 49.952
49 50 0.048 49.952
41 50 0.048 49.952
51 50 0.048 49.952
42 50 0.048 49.952
47 50 0.0048 49.9952
36 50 0.048 49.952
35 50 0.0048 49.9952
35 49.9952 0.048 49.9472
33 50 0.048 49.952
32 50 0.0048 49.9952
38 50 0.0048 49.9952
48 50 0.0048 49.9952
52 50 0.0048 49.9952
52 49.9952 0.048 49.9472
33 49.952 0.0048 49.9472
48 49.9952 0.0048 49.9904
34 50 0.048 49.952
49 50 0.048 49.952
41 50 0.048 49.952
51 50 0.048 49.952
42 50 0.048 49.952
47 50 0.0048 49.9952
42 49.952 0.0048 49.9472
42 49.9472 0.16 49.7872
42 49.7872 0.0016 49.7856
36 50 0.048 49.952
35 50 0.0048 49.9952
35 49.9952 0.048 49.9472
33 50 0.048 49.952
38 50 0.0048 49.9952
52 50 0.0048 49.9952
52 49.9952 0.048 49.9472
33 49.952 0.0048 49.9472
48 50 0.0048 49.9952
34 50 0.048 49.952
49 50 0.048 49.952
41 50 0.048 49.952
51 50 0.048 49.952
36 50 0.048 49.952
44 50 0.0048 49.9952
31 50 0.0048 49.9952
35 50 0.0048 49.9952
35 49.9952 0.048 49.9472
33 50 0.048 49.952
52 50 0.048 49.952
48 50 0.0048 49.9952
34 50 0.048 49.952
49 50 0.048 49.952
41 50 0.048 49.952
51 50 0.048 49.952
36 50 0.048 49.952
44 50 0.0048 49.9952
31 50 0.0048 49.9952
35 50 0.048 49.952
33 50 0.048 49.952
38 50 0.0048 49.9952
52 50 0.048 49.952
48 50 0.0048 49.9952
34 50 0.048 49.952
49 50 0.048 49.952
41 50 0.048 49.952
51 50 0.048 49.952
36 50 0.048 49.952
44 50 0.0048 49.9952
31 50 0.0048 49.9952
35 50 0.048 49.952
33 50 0.048 49.952
32 50 0.0048 49.9952
38 50 0.0048 49.9952
52 50 0.048 49.952
48 50 0.0048 49.9952
34 50 0.048 49.952
49 50 0.048 49.952
41 50 0.048 49.952
51 50 0.048 49.952
36 50 0.048 49.952
44 50 0.0048 49.9952
31 50 0.0048 49.9952
35 50 0.048 49.952
35 49.952 0.0048 49.9472
35 49.9472 0.16 49.7872
35 49.7872 0.0016 49.7856
33 50 0.048 49.952
32 50 0.0048 49.9952
38 50 0.0048 49.9952
52 50 0.048 49.952
48 50 0.0048 49.9952
34 50 0.048 49.952
49 50 0.048 49.952
41 50 0.048 49.952
51 50 0.048 49.952
36 50 0.048 49.952
44 50 0.0048 49.9952
34 50 0.0048 49.9952
33 50 0.048 49.952
32 50 0.0048 49.9952
38 50 0.0048 49.9952
52 50 0.048 49.952
32 49.9952 0.0048 49.9904
48 50 0.0048 49.9952
34 49.9952 0.048 49.9472
49 50 0.048 49.952
41 50 0.048 49.952
51 50 0.048 49.952
36 50 0.048 49.952
44 50 0.0048 49.9952
36 49.952 0.0048 49.9472
36 49.9472 0.16 49.7872
36 49.7872 0.0016 49.7856
34 50 0.0048 49.9952
33 50 0.048 49.952
32 50 0.0048 49.9952
37 50 0.0048 49.9952
38 50 0.0048 49.9952
52 50 0.048 49.952
32 49.9952 0.0048 49.9904
48 50 0.0048 49.9952
34 49.9952 0.048 49.9472
49 50 0.048 49.952
41 50 0.048 49.952
51 50 0.048 49.952
33 50 0.048 49.952
32 50 0.0048 49.9952
37 50 0.0048 49.9952
52 50 0.048 49.952
32 49.9952 0.0048 49.9904
48 50 0.0048 49.9952
34 50 0.048 49.952
49 50 0.048 49.952
41 50 0.048 49.952
51 50 0.048 49.952
43 50 0.0048 49.9952
33 50 0.048 49.952
32 50 0.0048 49.9952
52 50 0.048 49.952
48 50 0.0048 49.9952
34 50 0.048 49.952
49 50 0.048 49.952
41 50 0.048 49.952
51 50 0.048 49.952
25 50 0.0048 49.9952
43 50 0.0048 49.9952
48 50 0.048 49.952
32 50 0.0048 49.9952
52 50 0.0048 49.9952
33 50 0.048 49.952
32 49.9952 0.0048 49.9904
52 49.9952 0.048 49.9472
48 49.952 0.0048 49.9472
34 50 0.048 49.952
49 50 0.048 49.952
41 50 0.048 49.952
51 50 0.048 49.952
25 50 0.0048 49.9952
43 50 0.0048 49.9952
48 50 0.048 49.952
52 50 0.0048 49.9952
33 50 0.048 49.952
52 49.9952 0.048 49.9472
48 49.952 0.0048 49.9472
34 50 0.048 49.952
49 50 0.048 49.952
41 50 0.048 49.952
51 50 0.048 49.952
25 50 0.0048 49.9952
48 50 0.048 49.952
33 49.952 0.0048 49.9472
52 50 0.0048 49.9952
33 50 0.048 49.952
32 50 0.0048 49.9952
48 49.952 0.0048 49.9472
52 49.9952 0.048 49.9472
26 50 0.0048 49.9952
26 49.9952 0.048 49.9472
48 49.9472 0.0048 49.9424
52 49.9472 0.0048 49.9424
52 49.9424 0.16 49.7824
26 49.9472 0.016 49.9312
26 49.9312 0.016 49.9152
52 49.7824 0.0016 49.7808
26 49.9152 0.048 49.8672
52 49.7808 0.0048 49.776
26 49.8672 0.0048 49.8624
26 49.8624 0.16 49.7024
48 49.9424 0.016 49.9264
26 49.7024 0.0016 49.7008
34 50 0.048 49.952
49 50 0.048 49.952
41 50 0.048 49.952
51 50 0.048 49.952
27 50 0.0048 49.9952
48 50 0.048 49.952
32 50 0.0048 49.9952
33 49.952 0.0048 49.9472
52 50 0.0048 49.9952
33 50 0.048 49.952
32 49.9952 0.0048 49.9904
48 49.952 0.0048 49.9472
34 50 0.048 49.952
49 50 0.048 49.952
41 50 0.048 49.952
51 50 0.048 49.952
27 50 0.0048 49.9952
28 50 0.0048 49.9952
30 50 0.0048 49.9952
46 50 0.048 49.952
46 49.952 0.0048 49.9472
46 49.9472 0.16 49.7872
46 49.7872 0.0016 49.7856
48 50 0.048 49.952
32 50 0.0048 49.9952
33 49.952 0.0048 49.9472
52 50 0.0048 49.9952
33 50 0.048 49.952
48 49.952 0.0048 49.9472
34 50 0.048 49.952
49 50 0.048 49.952
41 50 0.048 49.952
51 50 0.048 49.952
45 50 0.048 49.952
28 50 0.0048 49.9952
30 50 0.0048 49.9952
48 50 0.048 49.952
33 49.952 0.0048 49.9472
33 50 0.048 49.952
48 49.952 0.0048 49.9472
34 50 0.048 49.952
38 50 0.048 49.952
32 50 0.0048 49.9952
32 49.9952 0.048 49.9472
37 50 0.0048 49.9952
37 49.9952 0.048 49.9472
50 50 0.0048 49.9952
50 49.9952 0.048 49.9472
38 49.952 0.0192 49.9328
38 49.9328 0.16 49.7728
38 49.7728 0.0016 49.7712
49 50 0.048 49.952
41 50 0.048 49.952
51 50 0.048 49.952
45 50 0.048 49.952
28 50 0.0048 49.9952
30 50 0.0048 49.9952
48 50 0.048 49.952
33 49.952 0.0048 49.9472
33 50 0.048 49.952
32 49.9472 0.0048 49.9424
48 49.952 0.0048 49.9472
34 50 0.048 49.952
49 50 0.048 49.952
41 50 0.048 49.952
51 50 0.048 49.952
45 50 0.048 49.952
46 50 0.0048 49.9952
36 50 0.0048 49.9952
30 50 0.048 49.952
28 50 0.0048 49.9952
48 50 0.048 49.952
26 50 0.0048 49.9952
26 49.9952 0.048 49.9472
32 50 0.0048 49.9952
33 49.952 0.0048 49.9472
48 49.952 0.0048 49.9472
48 49.9472 0.16 49.7872
26 49.9472 0.016 49.9312
26 49.9312 0.016 49.9152
48 49.7872 0.0016 49.7856
26 49.9152 0.048 49.8672
48 49.7856 0.0048 49.7808
52 50 0.0048 49.9952
32 49.9952 0.016 49.9792
33 49.9472 0.016 49.9312
33 50 0.048 49.952
32 49.9792 0.0048 49.9744
48 49.7808 0.0048 49.776
37 50 0.048 49.952
38 50 0.0048 49.9952
37 49.952 0.0048 49.9472
37 49.9472 0.16 49.7872
37 49.7872 0.0016 49.7856
34 50 0.048 49.952
49 50 0.048 49.952
49 49.952 0.0048 49.9472
49 49.9472 0.16 49.7872
49 49.7872 0.0016 49.7856
41 50 0.048 49.952
51 50 0.048 49.952
45 50 0.048 49.952
36 50 0.0048 49.9952
44 50 0.0048 49.9952
30 50 0.048 49.952
28 50 0.0048 49.9952
26 49.9975 0.048 49.9495
48 50 0.0048 49.9952
52 50 0.0048 49.9952
26 49.9495 0.0048 49.9447
26 49.9447 0.16 49.7847
26 49.7847 0.0016 49.7831
33 50 0.048 49.952
32 50 0.0048 49.9952
48 49.9952 0.0048 49.9904
34 50 0.048 49.952
41 50 0.048 49.952
51 50 0.048 49.952
45 50 0.048 49.952
46 50 0.0048 49.9952
36 50 0.0048 49.9952
44 50 0.0048 49.9952
30 50 0.048 49.952
33 50 0.048 49.952
32 50 0.0048 49.9952
48 50 0.0048 49.9952
34 50 0.048 49.952
41 50 0.048 49.952
51 50 0.048 49.952
45 50 0.048 49.952
46 50 0.0048 49.9952
45 49.952 0.0048 49.9472
45 49.9472 0.16 49.7872
45 49.7872 0.0016 49.7856
36 50 0.0048 49.9952
30 50 0.048 49.952
28 50 0.0048 49.9952
33 50 0.048 49.952
38 50 0.0048 49.9952
48 50 0.0048 49.9952
34 50 0.048 49.952
41 50 0.048 49.952
51 50 0.048 49.952
30 50 0.048 49.952
28 50 0.0048 49.9952
33 50 0.048 49.952
32 50 0.0048 49.9952
38 50 0.0048 49.9952
50 50 0.048 49.952
38 49.9952 0.0048 49.9904
34 50 0.048 49.952
41 50 0.048 49.952
51 50 0.048 49.952
27 50 0.048 49.952
30 50 0.048 49.952
28 50 0.0048 49.9952
33 50 0.048 49.952
32 50 0.0048 49.9952
38 50 0.0048 49.9952
50 50 0.048 49.952
38 49.9952 0.0048 49.9904
50 49.952 0.0048 49.9472
50 49.9472 0.16 49.7872
50 49.7872 0.0016 49.7856
34 50 0.048 49.952
41 50 0.048 49.952
31 50 0.048 49.952
31 49.952 0.0048 49.9472
31 49.9472 0.16 49.7872
31 49.7872 0.0016 49.7856
51 50 0.048 49.952
27 50 0.048 49.952
30 50 0.048 49.952
28 50 0.0048 49.9952
33 50 0.048 49.952
38 50 0.0048 49.9952
34 50 0.048 49.952
47 50 0.048 49.952
41 50 0.048 49.952
51 50 0.048 49.952
27 50 0.048 49.952
27 49.952 0.0048 49.9472
27 49.9472 0.16 49.7872
27 49.7872 0.0016 49.7856
30 50 0.048 49.952
33 50 0.048 49.952
26 50 0.0048 49.9952
26 49.9952 0.048 49.9472
37 50 0.0048 49.9952
38 50 0.0048 49.9952
33 49.952 0.0048 49.9472
33 49.9472 0.16 49.7872
26 49.9472 0.016 49.9312
26 49.9312 0.016 49.9152
33 49.7872 0.0016 49.7856
26 49.9152 0.048 49.8672
33 49.7856 0.0048 49.7808
37 49.9952 0.016 49.9792
38 49.9952 0.016 49.9792
34 50 0.048 49.952
47 50 0.048 49.952
41 50 0.048 49.952
51 50 0.048 49.952
47 49.952 0.0048 49.9472
30 50 0.048 49.952
26 50 0.048 49.952
34 50 0.048 49.952
47 50 0.048 49.952
42 50 0.0048 49.9952
41 50 0.048 49.952
51 50 0.048 49.952
42 50 0.0048 49.9952
47 49.952 0.0048 49.9472
30 50 0.048 49.952
39 50 0.048 49.952
53 50 0.0048 49.9952
42 49.9952 0.048 49.9472
47 50 0.0048 49.9952
26 50 0.048 49.952
34 50 0.048 49.952
47 49.9952 0.048 49.9472
42 49.9472 0.0048 49.9424
32 50 0.048 49.952
32 49.952 0.0048 49.9472
32 49.9472 0.16 49.7872
32 49.7872 0.0016 49.7856
41 50 0.048 49.952
35 50 0.048 49.952
35 49.952 0.0048 49.9472
35 49.9472 0.16 49.7872
35 49.7872 0.0016 49.7856
51 50 0.048 49.952
42 50 0.0048 49.9952
47 49.9472 0.0048 49.9424
30 50 0.048 49.952
39 50 0.048 49.952
53 50 0.0048 49.9952
39 49.952 0.0048 49.9472
39 49.9472 0.16 49.7872
39 49.7872 0.0016 49.7856
42 49.9952 0.048 49.9472
26 50 0.048 49.952
52 50 0.0048 49.9952
34 50 0.048 49.952
47 50 0.048 49.952
41 50 0.048 49.952
51 50 0.048 49.952
30 50 0.048 49.952
42 50 0.048 49.952
26 50 0.048 49.952
52 50 0.0048 49.9952
34 50 0.048 49.952
47 50 0.048 49.952
41 50 0.048 49.952
51 50 0.048 49.952
51 49.952 0.0048 49.9472
51 49.9472 0.16 49.7872
51 49.7872 0.0016 49.7856
41 49.952 0.0048 49.9472
45 50 0.0048 49.9952
46 50 0.0048 49.9952
30 50 0.048 49.952
40 50 0.048 49.952
42 50 0.048 49.952
26 50 0.048 49.952
34 50 0.048 49.952
47 50 0.048 49.952
41 50 0.048 49.952
29 50 0.0048 49.9952
41 49.952 0.0048 49.9472
45 50 0.0048 49.9952
46 50 0.0048 49.9952
30 50 0.048 49.952
36 50 0.048 49.952
44 50 0.0048 49.9952
40 50 0.048 49.952
42 50 0.048 49.952
26 50 0.048 49.952
34 50 0.048 49.952
47 50 0.048 49.952
47 49.952 0.0048 49.9472
47 49.9472 0.16 49.7872
47 49.7872 0.0016 49.7856
41 50 0.048 49.952
29 50 0.0048 49.9952
45 50 0.0048 49.9952
46 50 0.0048 49.9952
30 50 0.048 49.952
36 50 0.048 49.952
44 50 0.0048 49.9952
36 49.952 0.0048 49.9472
36 49.9472 0.16 49.7872
36 49.7872 0.0016 49.7856
40 50 0.048 49.952
42 50 0.048 49.952
26 50 0.048 49.952
34 50 0.048 49.952
41 50 0.048 49.952
29 50 0.0048 49.9952
45 50 0.0048 49.9952
46 50 0.0048 49.9952
51 50 0.0048 49.9952
30 50 0.048 49.952
54 50 0.048 49.952
53 50 0.0048 49.9952
40 50 0.048 49.952
42 50 0.048 49.952
47 50 0.0048 49.9952
26 50 0.048 49.952
52 50 0.0048 49.9952
34 50 0.048 49.952
41 50 0.048 49.952
29 50 0.0048 49.9952
50 50 0.0048 49.9952
51 50 0.0048 49.9952
30 50 0.048 49.952
54 50 0.048 49.952
53 50 0.0048 49.9952
40 50 0.048 49.952
42 50 0.048 49.952
47 50 0.0048 49.9952
26 50 0.048 49.952
52 50 0.0048 49.9952
34 50 0.048 49.952
44 50 0.048 49.952
36 50 0.0048 49.9952
36 49.9952 0.048 49.9472
44 49.952 0.0096 49.9424
44 49.9424 0.16 49.7824
44 49.7824 0.0016 49.7808
41 50 0.048 49.952
32 50 0.0048 49.9952
37 50 0.0048 49.9952
38 50 0.0048 49.9952
50 50 0.0048 49.9952
51 50 0.0048 49.9952
30 50 0.048 49.952
54 50 0.048 49.952
53 50 0.0048 49.9952
40 50 0.048 49.952
42 50 0.048 49.952
26 50 0.048 49.952
52 50 0.0048 49.9952
34 50 0.048 49.952
41 50 0.048 49.952
53 50 0.048 49.952
32 50 0.0048 49.9952
33 50 0.0048 49.9952
37 50 0.0048 49.9952
38 50 0.0048 49.9952
48 50 0.0048 49.9952
50 50 0.0048 49.9952
51 50 0.0048 49.9952
30 50 0.048 49.952
28 50 0.0048 49.9952
54 50 0.048 49.952
40 50 0.048 49.952
42 50 0.048 49.952
26 50 0.048 49.952
52 50 0.0048 49.9952
34 50 0.048 49.952
41 50 0.048 49.952
28 50 0.048 49.952
30 50 0.0048 49.9952
28 49.952 0.0048 49.9472
28 49.9472 0.16 49.7872
28 49.7872 0.0016 49.7856
53 50 0.048 49.952
54 50 0.0048 49.9952
26 50 0.0048 49.9952
32 50 0.0048 49.9952
33 50 0.0048 49.9952
37 50 0.0048 49.9952
38 50 0.0048 49.9952
48 50 0.0048 49.9952
50 50 0.0048 49.9952
52 50 0.0048 49.9952
29 50 0.048 49.952
30 49.9952 0.048 49.9472
28 49.7856 0.0048 49.7808
54 49.9952 0.048 49.9472
53 49.952 0.0048 49.9472
43 50 0.048 49.952
40 50 0.048 49.952
42 50 0.048 49.952
26 49.9952 0.048 49.9472
52 49.9952 0.0048 49.9904
34 50 0.048 49.952
41 50 0.048 49.952
53 50 0.048 49.952
26 50 0.0048 49.9952
32 50 0.0048 49.9952
37 50 0.0048 49.9952
48 50 0.0048 49.9952
52 50 0.0048 49.9952
29 50 0.048 49.952
29 49.952 0.0048 49.9472
29 49.9472 0.16 49.7872
29 49.7872 0.0016 49.7856
30 50 0.048 49.952
54 50 0.048 49.952
43 50 0.048 49.952
43 49.952 0.0048 49.9472
43 49.9472 0.16 49.7872
43 49.7872 0.0016 49.7856
40 50 0.048 49.952
42 50 0.048 49.952
47 50 0.0048 49.9952
26 49.9952 0.048 49.9472
52 49.9952 0.0048 49.9904
34 50 0.048 49.952
41 50 0.048 49.952
53 50 0.048 49.952
48 50 0.0048 49.9952
52 50 0.0048 49.9952
30 50 0.048 49.952
54 50 0.048 49.952
40 50 0.048 49.952
42 50 0.048 49.952
47 50 0.0048 49.9952
26 50 0.048 49.952
52 49.9952 0.0048 49.9904
52 49.9904 0.048 49.9424
26 49.952 0.0048 49.9472
26 49.9472 0.16 49.7872
52 49.9424 0.016 49.9264
52 49.9264 0.016 49.9104
26 49.7872 0.0016 49.7856
52 49.9104 0.048 49.8624
26 49.7856 0.0048 49.7808
48 49.9952 0.0048 49.9904
34 50 0.048 49.952
41 50 0.048 49.952
53 50 0.048 49.952
39 50 0.0048 49.9952
39 49.9952 0.048 49.9472
54 50 0.0048 49.9952
53 49.952 0.0048 49.9472
53 49.9472 0.16 49.7872
39 49.9472 0.016 49.9312
39 49.9312 0.016 49.9152
53 49.7872 0.0016 49.7856
39 49.9152 0.048 49.8672
53 49.7856 0.0048 49.7808
54 49.9952 0.016 49.9792
30 50 0.048 49.952
28 50 0.0048 49.9952
30 49.952 0.0048 49.9472
30 49.9472 0.16 49.7872
30 49.7872 0.0016 49.7856
54 49.9792 0.048 49.9312
40 50 0.048 49.952
42 50 0.048 49.952
47 50 0.0048 49.9952
52 50 0.048 49.952
26 50 0.0048 49.9952
48 50 0.0048 49.9952
34 50 0.048 49.952
41 50 0.048 49.952
39 50 0.048 49.952
53 49.8855 0.0048 49.8807
39 49.952 0.0048 49.9472
54 50 0.048 49.952
40 50 0.048 49.952
42 50 0.048 49.952
47 50 0.0048 49.9952
52 50 0.048 49.952
26 50 0.0048 49.9952
48 50 0.0048 49.9952
34 50 0.048 49.952
41 50 0.048 49.952
39 50 0.048 49.952
53 50 0.0048 49.9952
39 49.952 0.0048 49.9472
53 49.9952 0.0048 49.9904
54 50 0.0048 49.9952
54 49.9952 0.048 49.9472
40 50 0.048 49.952
42 50 0.048 49.952
52 50 0.048 49.952
26 50 0.0048 49.9952
48 50 0.0048 49.9952
34 50 0.048 49.952
41 50 0.048 49.952
39 50 0.048 49.952
53 50 0.0048 49.9952
39 49.952 0.0048 49.9472
53 49.9952 0.0048 49.9904
54 50 0.0048 49.9952
54 49.9952 0.048 49.9472
53 49.9904 0.0048 49.9856
40 50 0.048 49.952
42 50 0.048 49.952
52 50 0.048 49.952
26 50 0.0048 49.9952
48 50 0.0048 49.9952
34 50 0.048 49.952
41 50 0.048 49.952
39 50 0.048 49.952
53 50 0.0048 49.9952
39 49.952 0.0048 49.9472
53 49.9952 0.0048 49.9904
54 50 0.048 49.952
53 49.9904 0.0048 49.9856
53 49.9856 0.048 49.9376
54 49.952 0.0048 49.9472
54 49.9472 0.16 49.7872
53 49.9376 0.016 49.9216
53 49.9216 0.016 49.9056
54 49.7872 0.0016 49.7856
53 49.9056 0.048 49.8576
39 49.9472 0.0048 49.9424
54 49.7856 0.0048 49.7808
40 50 0.048 49.952
42 50 0.048 49.952
52 50 0.048 49.952
26 50 0.0048 49.9952
37 50 0.0048 49.9952
48 50 0.0048 49.9952
34 50 0.048 49.952
41 50 0.048 49.952
25 50 0.048 49.952
39 50 0.048 49.952
39 49.952 0.0048 49.9472
39 49.9472 0.16 49.7872
39 49.7872 0.0016 49.7856
49 50 0.0048 49.9952
53 50 0.0048 49.9952
53 49.9952 0.048 49.9472
54 49.8857 0.0048 49.8809
53 49.9472 0.0048 49.9424
53 49.9424 0.16 49.7824
53 49.7824 0.0016 49.7808
40 50 0.048 49.952
42 50 0.048 49.952
52 50 0.048 49.952
26 50 0.0048 49.9952
37 50 0.0048 49.9952
48 50 0.0048 49.9952
34 50 0.048 49.952
46 50 0.048 49.952
45 50 0.0048 49.9952
41 50 0.048 49.952
25 50 0.048 49.952
25 49.952 0.0048 49.9472
25 49.9472 0.16 49.7872
25 49.7872 0.0016 49.7856
49 50 0.0048 49.9952
40 50 0.048 49.952
42 50 0.048 49.952
47 50 0.0048 49.9952
52 50 0.048 49.952
26 50 0.0048 49.9952
48 50 0.0048 49.9952
34 50 0.048 49.952
46 50 0.048 49.952
45 50 0.0048 49.9952
41 50 0.048 49.952
40 49.952 0.0048 49.9472
49 50 0.0048 49.9952
40 50 0.048 49.952
42 50 0.048 49.952
47 50 0.0048 49.9952
52 50 0.048 49.952
26 50 0.0048 49.9952
48 50 0.0048 49.9952
34 50 0.048 49.952
46 50 0.048 49.952
41 50 0.048 49.952
40 49.952 0.0048 49.9472
40 50 0.048 49.952
42 50 0.048 49.952
47 50 0.0048 49.9952
52 50 0.048 49.952
26 50 0.0048 49.9952
48 50 0.0048 49.9952
34 50 0.048 49.952
46 50 0.048 49.952
45 50 0.0048 49.9952
41 50 0.048 49.952
41 49.952 0.0048 49.9472
41 49.9472 0.16 49.7872
41 49.7872 0.0016 49.7856
40 50 0.048 49.952
42 50 0.048 49.952
47 50 0.0048 49.9952
52 50 0.048 49.952
26 50 0.0048 49.9952
48 50 0.0048 49.9952
34 50 0.048 49.952
34 49.952 0.0048 49.9472
34 49.9472 0.16 49.7872
34 49.7872 0.0016 49.7856
46 50 0.048 49.952
45 50 0.0048 49.9952
40 50 0.048 49.952
42 50 0.048 49.952
47 50 0.0048 49.9952
52 50 0.048 49.952
26 50 0.0048 49.9952
37 50 0.0048 49.9952
48 50 0.0048 49.9952
46 50 0.048 49.952
45 50 0.0048 49.9952
45 50 0.048 49.952
46 49.952 0.0048 49.9472
40 50 0.048 49.952
42 50 0.048 49.952
52 50 0.048 49.952
26 50 0.0048 49.9952
37 50 0.0048 49.9952
48 50 0.0048 49.9952
46 50 0.048 49.952
50 50 0.048 49.952
32 50 0.0048 49.9952
32 49.9952 0.048 49.9472
33 50 0.0048 49.9952
38 50 0.0048 49.9952
50 49.952 0.0048 49.9472
50 49.9472 0.16 49.7872
32 49.9472 0.016 49.9312
32 49.9312 0.016 49.9152
50 49.7872 0.0016 49.7856
32 49.9152 0.048 49.8672
33 49.9952 0.0048 49.9904
37 49.9952 0.0048 49.9904
38 49.9952 0.0048 49.9904
50 49.7856 0.0048 49.7808
33 49.9904 0.016 49.9744
38 49.9904 0.016 49.9744
45 50 0.048 49.952
48 50 0.048 49.952
26 50 0.0048 49.9952
52 50 0.0048 49.9952
40 50 0.048 49.952
42 50 0.048 49.952
52 49.9952 0.048 49.9472
26 49.9952 0.0048 49.9904
37 50 0.0048 49.9952
48 49.952 0.0048 49.9472
46 50 0.048 49.952
46 49.952 0.0048 49.9472
46 49.9472 0.16 49.7872
46 49.7872 0.0016 49.7856
32 50 0.048 49.952
33 50 0.0048 49.9952
37 49.9952 0.0048 49.9904
38 50 0.0048 49.9952
50 49.9179 0.0048 49.9131
45 50 0.048 49.952
35 50 0.0048 49.9952
48 50 0.048 49.952
26 50 0.0048 49.9952
52 50 0.0048 49.9952
40 50 0.048 49.952
42 50 0.048 49.952
52 49.9952 0.048 49.9472
48 49.952 0.0048 49.9472
38 49.9952 0.048 49.9472
32 50 0.0048 49.9952
33 50 0.0048 49.9952
37 50 0.0048 49.9952
37 49.9952 0.048 49.9472
50 50 0.0048 49.9952
38 49.9472 0.0048 49.9424
38 49.9424 0.16 49.7824
32 49.9952 0.016 49.9792
33 49.9952 0.016 49.9792
37 49.9472 0.016 49.9312
37 49.9312 0.016 49.9152
38 49.7824 0.0016 49.7808
37 49.9152 0.048 49.8672
32 49.9792 0.0048 49.9744
38 49.7808 0.0048 49.776
50 49.9952 0.016 49.9792
32 49.9744 0.048 49.9264
33 49.9792 0.0048 49.9744
37 49.8672 0.0048 49.8624
38 49.9914 0.0048 49.9866
50 49.9792 0.0048 49.9744
45 50 0.048 49.952
35 50 0.0048 49.9952
48 50 0.048 49.952
26 50 0.0048 49.9952
37 49.8624 0.0048 49.8576
52 50 0.0048 49.9952
40 50 0.048 49.952
42 50 0.048 49.952
52 49.9952 0.048 49.9472
26 49.9952 0.0048 49.9904
48 49.952 0.0048 49.9472
37 50 0.048 49.952
32 50 0.0048 49.9952
38 49.9866 0.0048 49.9818
48 49.9472 0.0048 49.9424
32 49.9952 0.048 49.9472
33 50 0.0048 49.9952
38 50 0.0048 49.9952
45 50 0.048 49.952
35 50 0.0048 49.9952
36 50 0.048 49.952
48 50 0.048 49.952
26 50 0.0048 49.9952
37 49.952 0.0048 49.9472
52 50 0.0048 49.9952
40 50 0.048 49.952
40 49.952 0.0048 49.9472
40 49.9472 0.16 49.7872
40 49.7872 0.0016 49.7856
42 50 0.048 49.952
47 50 0.0048 49.9952
52 49.9952 0.048 49.9472
26 49.9952 0.0048 49.9904
48 49.952 0.0048 49.9472
37 50 0.048 49.952
26 49.9904 0.0048 49.9856
32 50 0.0048 49.9952
38 49.9952 0.0048 49.9904
48 49.9472 0.0048 49.9424
32 49.9952 0.048 49.9472
33 50 0.0048 49.9952
37 49.952 0.0048 49.9472
38 50 0.0048 49.9952
32 49.9472 0.0048 49.9424
32 49.9424 0.16 49.7824
32 49.7824 0.0016 49.7808
45 50 0.048 49.952
31 50 0.0048 49.9952
35 50 0.0048 49.9952
36 50 0.048 49.952
44 50 0.0048 49.9952
51 50 0.048 49.952
48 50 0.048 49.952
26 50 0.0048 49.9952
37 49.9472 0.0048 49.9424
42 50 0.048 49.952
47 50 0.0048 49.9952
52 50 0.048 49.952
26 49.9952 0.0048 49.9904
37 50 0.048 49.952
26 49.9904 0.0048 49.9856
32 50 0.0048 49.9952
38 49.9952 0.0048 49.9904
48 49.952 0.0048 49.9472
45 50 0.048 49.952
46 50 0.0048 49.9952
31 50 0.0048 49.9952
36 50 0.048 49.952
44 50 0.0048 49.9952
36 49.952 0.0048 49.9472
36 49.9472 0.16 49.7872
36 49.7872 0.0016 49.7856
51 50 0.048 49.952
48 50 0.048 49.952
26 50 0.0048 49.9952
37 49.952 0.0048 49.9472
52 50 0.0048 49.9952
42 50 0.048 49.952
47 50 0.0048 49.9952
52 49.9952 0.048 49.9472
26 49.9952 0.0048 49.9904
48 49.952 0.0048 49.9472
37 50 0.048 49.952
26 49.9904 0.0048 49.9856
32 50 0.0048 49.9952
38 50 0.0048 49.9952
48 49.9472 0.0048 49.9424
45 50 0.048 49.952
46 50 0.0048 49.9952
31 50 0.0048 49.9952
51 50 0.048 49.952
48 50 0.048 49.952
26 50 0.0048 49.9952
37 49.952 0.0048 49.9472
52 50 0.0048 49.9952
42 50 0.048 49.952
47 50 0.0048 49.9952
52 49.9952 0.048 49.9472
48 49.952 0.0048 49.9472
37 50 0.048 49.952
26 49.9952 0.0048 49.9904
33 50 0.0048 49.9952
38 50 0.0048 49.9952
48 49.9472 0.0048 49.9424
45 50 0.048 49.952
31 50 0.0048 49.9952
34 50 0.0048 49.9952
51 50 0.048 49.952
48 50 0.048 49.952
26 50 0.0048 49.9952
37 49.952 0.0048 49.9472
52 50 0.0048 49.9952
42 50 0.048 49.952
47 50 0.0048 49.9952
52 49.9952 0.048 49.9472
48 49.952 0.0048 49.9472
47 49.9952 0.048 49.9472
42 49.952 0.0048 49.9472
47 49.9472 0.0048 49.9424
47 49.9424 0.16 49.7824
47 49.7824 0.0016 49.7808
37 50 0.048 49.952
33 50 0.0048 49.9952
38 50 0.0048 49.9952
48 49.9472 0.0048 49.9424
45 50 0.048 49.952
33 49.9952 0.048 49.9472
37 49.952 0.0048 49.9472
34 50 0.0048 49.9952
51 50 0.048 49.952
48 50 0.048 49.952
26 50 0.0048 49.9952
37 49.9472 0.0048 49.9424
42 50 0.048 49.952
52 50 0.048 49.952
37 50 0.048 49.952
38 50 0.0048 49.9952
48 49.952 0.0048 49.9472
45 50 0.048 49.952
29 50 0.0048 49.9952
29 49.9952 0.048 49.9472
45 49.952 0.0048 49.9472
45 49.9472 0.16 49.7872
29 49.9472 0.016 49.9312
29 49.9312 0.016 49.9152
45 49.7872 0.0016 49.7856
29 49.9152 0.048 49.8672
45 49.7856 0.0048 49.7808
33 50 0.048 49.952
34 50 0.0048 49.9952
51 50 0.048 49.952
48 50 0.048 49.952
26 50 0.0048 49.9952
37 49.952 0.0048 49.9472
42 50 0.048 49.952
52 50 0.048 49.952
37 50 0.048 49.952
33 50 0.0048 49.9952
38 50 0.0048 49.9952
48 49.952 0.0048 49.9472
29 50 0.048 49.952
45 49.9158 0.0048 49.911
33 49.9952 0.048 49.9472
37 49.952 0.0048 49.9472
34 50 0.0048 49.9952
43 50 0.0048 49.9952
51 50 0.048 49.952
48 50 0.048 49.952
26 50 0.0048 49.9952
37 49.9472 0.0048 49.9424
42 50 0.048 49.952
52 50 0.048 49.952
37 50 0.048 49.952
33 50 0.0048 49.9952
38 50 0.0048 49.9952
48 49.952 0.0048 49.9472
29 50 0.048 49.952
45 50 0.0048 49.9952
33 49.9952 0.048 49.9472
25 50 0.0048 49.9952
43 50 0.0048 49.9952
51 50 0.048 49.952
48 50 0.048 49.952
26 50 0.0048 49.9952
37 49.952 0.0048 49.9472
39 50 0.048 49.952
42 50 0.048 49.952
47 50 0.0048 49.9952
52 50 0.048 49.952
49 50 0.048 49.952
37 50 0.048 49.952
33 50 0.0048 49.9952
38 50 0.0048 49.9952
48 49.952 0.0048 49.9472
29 50 0.048 49.952
45 50 0.0048 49.9952
29 49.952 0.0048 49.9472
29 49.9472 0.16 49.7872
29 49.7872 0.0016 49.7856
33 49.9952 0.048 49.9472
37 49.952 0.0048 49.9472
25 50 0.0048 49.9952
43 50 0.0048 49.9952
51 50 0.048 49.952
48 50 0.048 49.952
26 50 0.0048 49.9952
37 49.9472 0.0048 49.9424
39 50 0.048 49.952
42 50 0.048 49.952
47 50 0.0048 49.9952
52 50 0.048 49.952
37 50 0.0048 49.9952
49 50 0.048 49.952
37 49.9952 0.048 49.9472
32 50 0.0048 49.9952
33 50 0.0048 49.9952
52 49.952 0.0048 49.9472
33 49.9952 0.048 49.9472
37 49.9472 0.0048 49.9424
25 50 0.0048 49.9952
43 50 0.0048 49.9952
51 50 0.048 49.952
48 50 0.048 49.952
26 50 0.0048 49.9952
39 50 0.048 49.952
42 50 0.048 49.952
47 50 0.0048 49.9952
52 50 0.048 49.952
49 50 0.048 49.952
37 50 0.048 49.952
26 49.9952 0.0048 49.9904
32 50 0.0048 49.9952
33 50 0.0048 49.9952
33 49.9952 0.048 49.9472
37 49.952 0.0048 49.9472
25 50 0.0048 49.9952
27 50 0.0048 49.9952
51 50 0.048 49.952
48 50 0.048 49.952
26 50 0.0048 49.9952
39 50 0.048 49.952
42 50 0.048 49.952
47 50 0.0048 49.9952
52 50 0.048 49.952
49 50 0.048 49.952
37 50 0.048 49.952
26 49.9952 0.0048 49.9904
32 50 0.0048 49.9952
33 50 0.0048 49.9952
37 49.952 0.0048 49.9472
37 49.9472 0.16 49.7872
37 49.7872 0.0016 49.7856
33 49.9952 0.048 49.9472
32 49.9952 0.0048 49.9904
32 49.9904 0.048 49.9424
37 49.7856 0.0048 49.7808
37 49.7808 0.048 49.7328
52 50 0.0048 49.9952
33 49.9472 0.0096 49.9376
33 49.9376 0.16 49.7776
32 49.9424 0.016 49.9264
32 49.9264 0.016 49.9104
33 49.7776 0.0016 49.776
32 49.9104 0.048 49.8624
26 50 0.0048 49.9952
33 49.776 0.0048 49.7712
37 49.7328 0.0048 49.728
32 49.8624 0.0048 49.8576
32 49.8576 0.16 49.6976
37 49.728 0.016 49.712
52 49.9952 0.016 49.9792
32 49.6976 0.0016 49.696
27 50 0.0048 49.9952
51 50 0.048 49.952
48 50 0.048 49.952
26 49.9952 0.0048 49.9904
48 49.952 0.0048 49.9472
48 49.9472 0.16 49.7872
48 49.7872 0.0016 49.7856
39 50 0.048 49.952
37 49.712 0.048 49.664
32 49.696 0.0048 49.6912
33 49.7712 0.0048 49.7664
42 50 0.048 49.952
47 50 0.0048 49.9952
52 49.9792 0.048 49.9312
33 50 0.0048 49.9952
49 50 0.048 49.952
27 50 0.0048 49.9952
28 50 0.0048 49.9952
30 50 0.0048 49.9952
51 50 0.048 49.952
39 50 0.048 49.952
37 50 0.048 49.952
32 49.9753 0.0048 49.9705
33 49.9952 0.0048 49.9904
42 50 0.048 49.952
47 50 0.0048 49.9952
52 50 0.048 49.952
33 50 0.0048 49.9952
49 50 0.048 49.952
31 50 0.048 49.952
27 50 0.0048 49.9952
28 50 0.0048 49.9952
30 50 0.0048 49.9952
51 50 0.048 49.952
39 50 0.048 49.952
37 50 0.048 49.952
32 50 0.0048 49.9952
33 49.9952 0.0048 49.9904
42 50 0.048 49.952
47 50 0.0048 49.9952
52 50 0.048 49.952
33 50 0.0048 49.9952
49 50 0.048 49.952
27 49.9952 0.048 49.9472
27 49.9472 0.0048 49.9424
27 49.9424 0.16 49.7824
27 49.7824 0.0016 49.7808
31 50 0.048 49.952
30 50 0.0048 49.9952
44 50 0.0048 49.9952
51 50 0.048 49.952
39 50 0.048 49.952
37 50 0.048 49.952
32 50 0.0048 49.9952
33 49.9952 0.0048 49.9904
52 50 0.0048 49.9952
42 50 0.048 49.952
47 50 0.0048 49.9952
52 49.9952 0.048 49.9472
33 50 0.0048 49.9952
37 50 0.0048 49.9952
28 50 0.048 49.952
49 50 0.048 49.952
31 50 0.048 49.952
26 50 0.048 49.952
48 50 0.0048 49.9952
48 49.9952 0.048 49.9472
26 49.952 0.0096 49.9424
26 49.9424 0.16 49.7824
26 49.7824 0.0016 49.7808
36 50 0.0048 49.9952
44 50 0.0048 49.9952
51 50 0.048 49.952
29 50 0.048 49.952
39 50 0.048 49.952
37 49.9952 0.048 49.9472
32 50 0.0048 49.9952
33 49.9952 0.0048 49.9904
42 50 0.048 49.952
52 50 0.048 49.952
33 50 0.0048 49.9952
28 50 0.048 49.952
49 50 0.048 49.952
31 50 0.048 49.952
36 50 0.0048 49.9952
44 50 0.0048 49.9952
51 50 0.048 49.952
29 50 0.048 49.952
29 49.952 0.0048 49.9472
29 49.9472 0.16 49.7872
29 49.7872 0.0016 49.7856
39 50 0.048 49.952
37 50 0.048 49.952
32 50 0.0048 49.9952
33 49.9952 0.0048 49.9904
42 50 0.048 49.952
52 50 0.048 49.952
28 50 0.048 49.952
49 50 0.048 49.952
34 50 0.048 49.952
34 49.952 0.0048 49.9472
34 49.9472 0.16 49.7872
34 49.7872 0.0016 49.7856
31 50 0.048 49.952
30 50 0.048 49.952
36 50 0.0048 49.9952
51 50 0.048 49.952
39 50 0.048 49.952
37 50 0.048 49.952
26 50 0.0048 49.9952
32 50 0.0048 49.9952
33 50 0.0048 49.9952
37 49.952 0.0048 49.9472
37 49.9472 0.16 49.7872
37 49.7872 0.0016 49.7856
42 50 0.048 49.952
52 50 0.048 49.952
28 50 0.048 49.952
49 50 0.048 49.952
49 49.952 0.0048 49.9472
49 49.9472 0.16 49.7872
49 49.7872 0.0016 49.7856
31 50 0.048 49.952
30 50 0.048 49.952
54 50 0.048 49.952
53 50 0.0048 49.9952
53 49.9952 0.048 49.9472
54 49.952 0.0096 49.9424
54 49.9424 0.16 49.7824
54 49.7824 0.0016 49.7808
51 50 0.048 49.952
39 50 0.048 49.952
42 50 0.048 49.952
52 50 0.048 49.952
28 50 0.048 49.952
30 49.952 0.0048 49.9472
31 50 0.048 49.952
30 50 0.048 49.952
28 50 0.0048 49.9952
51 50 0.048 49.952
39 50 0.048 49.952
42 50 0.048 49.952
52 50 0.048 49.952
33 50 0.0048 49.9952
28 49.9952 0.048 49.9472
30 49.952 0.0048 49.9472
31 50 0.048 49.952
30 50 0.048 49.952
28 50 0.0048 49.9952
51 50 0.048 49.952
39 50 0.048 49.952
46 50 0.048 49.952
41 50 0.0048 49.9952
45 50 0.0048 49.9952
42 50 0.048 49.952
52 50 0.048 49.952
28 49.9952 0.048 49.9472
30 49.952 0.0048 49.9472
31 50 0.048 49.952
30 50 0.048 49.952
28 50 0.0048 49.9952
51 50 0.048 49.952
39 50 0.048 49.952
46 50 0.048 49.952
41 50 0.0048 49.9952
45 50 0.0048 49.9952
42 50 0.048 49.952
52 50 0.048 49.952
28 49.9952 0.048 49.9472
30 49.952 0.0048 49.9472
35 50 0.048 49.952
31 50 0.048 49.952
31 49.952 0.0048 49.9472
31 49.9472 0.16 49.7872
31 49.7872 0.0016 49.7856
30 50 0.048 49.952
28 50 0.0048 49.9952
51 50 0.048 49.952
51 49.952 0.0048 49.9472
51 49.9472 0.16 49.7872
51 49.7872 0.0016 49.7856
39 50 0.048 49.952
46 50 0.048 49.952
41 50 0.0048 49.9952
45 50 0.0048 49.9952
42 50 0.048 49.952
52 50 0.048 49.952
48 50 0.0048 49.9952
28 49.9952 0.048 49.9472
30 49.952 0.0048 49.9472
35 50 0.048 49.952
30 50 0.048 49.952
28 50 0.0048 49.9952
47 50 0.0048 49.9952
39 50 0.048 49.952
46 50 0.048 49.952
41 50 0.0048 49.9952
45 50 0.0048 49.9952
42 50 0.048 49.952
52 50 0.048 49.952
33 50 0.0048 49.9952
48 50 0.0048 49.9952
28 49.9952 0.048 49.9472
30 49.952 0.0048 49.9472
35 50 0.048 49.952
35 49.952 0.0048 49.9472
35 49.9472 0.16 49.7872
35 49.7872 0.0016 49.7856
41 50 0.048 49.952
46 50 0.0048 49.9952
30 50 0.048 49.952
42 50 0.0048 49.9952
47 50 0.0048 49.9952
39 50 0.048 49.952
46 49.9952 0.048 49.9472
41 49.952 0.0048 49.9472
45 50 0.0048 49.9952
42 49.9952 0.048 49.9472
52 50 0.048 49.952
26 50 0.0048 49.9952
33 50 0.0048 49.9952
48 50 0.0048 49.9952
28 50 0.048 49.952
30 49.952 0.0048 49.9472
25 50 0.048 49.952
41 50 0.048 49.952
46 50 0.0048 49.9952
30 50 0.048 49.952
28 50 0.0048 49.9952
47 50 0.0048 49.9952
39 50 0.048 49.952
46 49.9952 0.048 49.9472
41 49.952 0.0048 49.9472
45 50 0.0048 49.9952
42 50 0.048 49.952
52 50 0.048 49.952
26 50 0.0048 49.9952
33 50 0.0048 49.9952
28 49.9952 0.048 49.9472
30 49.952 0.0048 49.9472
25 50 0.048 49.952
43 50 0.048 49.952
41 50 0.048 49.952
46 50 0.0048 49.9952
30 50 0.048 49.952
28 50 0.0048 49.9952
39 50 0.048 49.952
54 50 0.0048 49.9952
46 49.9952 0.048 49.9472
41 49.952 0.0048 49.9472
45 50 0.0048 49.9952
42 50 0.048 49.952
52 50 0.048 49.952
33 50 0.0048 49.9952
28 49.9952 0.048 49.9472
30 49.952 0.0048 49.9472
25 50 0.048 49.952
43 50 0.048 49.952
41 50 0.048 49.952
46 50 0.0048 49.9952
30 50 0.048 49.952
28 50 0.0048 49.9952
29 50 0.0048 49.9952
41 49.952 0.0048 49.9472
45 50 0.0048 49.9952
46 49.9952 0.0048 49.9904
39 50 0.048 49.952
54 50 0.0048 49.9952
46 49.9904 0.048 49.9424
41 49.9472 0.0048 49.9424
45 49.9952 0.0048 49.9904
42 50 0.048 49.952
52 50 0.048 49.952
26 50 0.0048 49.9952
33 50 0.0048 49.9952
28 49.9952 0.048 49.9472
30 49.952 0.0048 49.9472
25 50 0.048 49.952
25 49.952 0.0048 49.9472
25 49.9472 0.16 49.7872
25 49.7872 0.0016 49.7856
43 50 0.048 49.952
44 50 0.048 49.952
41 50 0.048 49.952
46 50 0.0048 49.9952
30 50 0.048 49.952
28 50 0.0048 49.9952
29 50 0.0048 49.9952
41 49.952 0.0048 49.9472
45 50 0.0048 49.9952
46 49.9952 0.0048 49.9904
39 50 0.048 49.952
54 50 0.0048 49.9952
46 49.9904 0.048 49.9424
41 49.9472 0.0048 49.9424
45 49.9952 0.0048 49.9904
42 50 0.048 49.952
52 50 0.048 49.952
26 50 0.0048 49.9952
28 49.9952 0.048 49.9472
30 49.952 0.0048 49.9472
43 50 0.048 49.952
43 49.952 0.0048 49.9472
43 49.9472 0.16 49.7872
43 49.7872 0.0016 49.7856
44 50 0.048 49.952
41 50 0.048 49.952
46 50 0.0048 49.9952
30 50 0.048 49.952
28 50 0.0048 49.9952
29 50 0.0048 49.9952
45 50 0.0048 49.9952
46 49.9952 0.0048 49.9904
39 50 0.048 49.952
54 50 0.0048 49.9952
46 49.9904 0.048 49.9424
41 49.952 0.0048 49.9472
45 49.9952 0.0048 49.9904
42 50 0.048 49.952
47 50 0.0048 49.9952
47 49.9952 0.048 49.9472
42 49.952 0.0096 49.9424
42 49.9424 0.16 49.7824
42 49.7824 0.0016 49.7808
52 50 0.048 49.952
26 50 0.0048 49.9952
28 49.9952 0.048 49.9472
30 49.952 0.0048 49.9472
28 49.9472 0.0048 49.9424
28 49.9424 0.16 49.7824
28 49.7824 0.0016 49.7808
44 50 0.048 49.952
41 50 0.048 49.952
46 50 0.0048 49.9952
30 50 0.048 49.952
28 50 0.0048 49.9952
29 50 0.0048 49.9952
51 50 0.0048 49.9952
39 50 0.048 49.952
54 50 0.0048 49.9952
46 49.9952 0.048 49.9472
41 49.952 0.0048 49.9472
45 50 0.0048 49.9952
52 50 0.048 49.952
26 50 0.0048 49.9952
33 50 0.0048 49.9952
44 50 0.048 49.952
41 50 0.048 49.952
46 50 0.0048 49.9952
45 50 0.048 49.952
46 49.9952 0.0048 49.9904
30 50 0.048 49.952
28 50 0.0048 49.9952
38 50 0.0048 49.9952
50 50 0.0048 49.9952
51 50 0.0048 49.9952
39 50 0.048 49.952
46 49.9904 0.048 49.9424
41 49.952 0.0048 49.9472
45 49.952 0.0048 49.9472
52 50 0.048 49.952
26 50 0.0048 49.9952
44 50 0.048 49.952
41 50 0.048 49.952
46 50 0.0048 49.9952
45 50 0.048 49.952
46 49.9952 0.0048 49.9904
30 50 0.048 49.952
28 50 0.0048 49.9952
30 49.952 0.0048 49.9472
30 49.9472 0.16 49.7872
30 49.7872 0.0016 49.7856
32 50 0.0048 49.9952
37 50 0.0048 49.9952
38 50 0.0048 49.9952
50 50 0.0048 49.9952
51 50 0.0048 49.9952
39 50 0.048 49.952
46 49.9904 0.048 49.9424
41 49.952 0.0048 49.9472
45 49.952 0.0048 49.9472
52 50 0.048 49.952
26 50 0.0048 49.9952
44 50 0.048 49.952
44 49.952 0.0048 49.9472
44 49.9472 0.16 49.7872
44 49.7872 0.0016 49.7856
41 50 0.048 49.952
46 50 0.0048 49.9952
47 50 0.048 49.952
42 50 0.0048 49.9952
47 49.952 0.0048 49.9472
47 49.9472 0.16 49.7872
47 49.7872 0.0016 49.7856
45 50 0.048 49.952
46 49.9952 0.0048 49.9904
53 50 0.048 49.952
26 50 0.0048 49.9952
32 50 0.0048 49.9952
33 50 0.0048 49.9952
37 50 0.0048 49.9952
38 50 0.0048 49.9952
48 50 0.0048 49.9952
50 50 0.0048 49.9952
39 50 0.048 49.952
46 49.9904 0.048 49.9424
41 49.952 0.0048 49.9472
45 49.952 0.0048 49.9472
52 50 0.048 49.952
41 50 0.048 49.952
46 50 0.0048 49.9952
45 50 0.048 49.952
46 49.9952 0.0048 49.9904
53 50 0.048 49.952
26 50 0.0048 49.9952
32 50 0.0048 49.9952
33 50 0.0048 49.9952
37 50 0.0048 49.9952
38 50 0.0048 49.9952
48 50 0.0048 49.9952
39 50 0.048 49.952
46 49.9904 0.048 49.9424
41 49.952 0.0048 49.9472
52 50 0.048 49.952
41 50 0.048 49.952
46 50 0.0048 49.9952
45 50 0.048 49.952
29 50 0.0048 49.9952
29 49.9952 0.048 49.9472
45 49.952 0.0048 49.9472
45 49.9472 0.16 49.7872
29 49.9472 0.016 49.9312
29 49.9312 0.016 49.9152
45 49.7872 0.0016 49.7856
29 49.9152 0.048 49.8672
45 49.7856 0.0048 49.7808
29 49.8672 0.0048 49.8624
29 49.8624 0.16 49.7024
29 49.7024 0.0016 49.7008
53 50 0.048 49.952
26 50 0.0048 49.9952
32 50 0.0048 49.9952
33 50 0.0048 49.9952
37 50 0.0048 49.9952
52 50 0.0048 49.9952
39 50 0.048 49.952
46 49.9952 0.048 49.9472
41 49.952 0.0048 49.9472
52 49.9952 0.048 49.9472
33 50 0.0048 49.9952
41 50 0.048 49.952
46 50 0.0048 49.9952
53 50 0.048 49.952
26 50 0.0048 49.9952
39 50 0.048 49.952
46 49.9952 0.048 49.9472
41 49.952 0.0048 49.9472
45 49.9322 0.0048 49.9274
52 50 0.048 49.952
26 49.9952 0.0048 49.9904
33 50 0.0048 49.9952
41 50 0.048 49.952
53 50 0.048 49.952
39 50 0.048 49.952
46 50 0.048 49.952
41 49.952 0.0048 49.9472
45 50 0.0048 49.9952
52 50 0.048 49.952
26 50 0.0048 49.9952
41 50 0.048 49.952
46 50 0.0048 49.9952
53 50 0.048 49.952
39 50 0.0048 49.9952
54 50 0.0048 49.9952
39 49.9952 0.048 49.9472
46 49.9952 0.048 49.9472
41 49.952 0.0048 49.9472
45 50 0.0048 49.9952
52 50 0.048 49.952
48 50 0.0048 49.9952
40 50 0.048 49.952
41 50 0.048 49.952
46 50 0.0048 49.9952
53 50 0.048 49.952
39 50 0.0048 49.9952
54 50 0.0048 49.9952
39 49.9952 0.048 49.9472
46 49.9952 0.048 49.9472
41 49.952 0.0048 49.9472
45 50 0.0048 49.9952
52 50 0.048 49.952
48 50 0.0048 49.9952
40 50 0.048 49.952
41 50 0.048 49.952
41 49.952 0.0048 49.9472
41 49.9472 0.16 49.7872
41 49.7872 0.0016 49.7856
53 50 0.048 49.952
54 50 0.0048 49.9952
39 50 0.048 49.952
46 50 0.048 49.952
41 49.7856 0.0048 49.7808
45 50 0.0048 49.9952
52 50 0.048 49.952
26 50 0.0048 49.9952
48 50 0.0048 49.9952
40 50 0.048 49.952
53 50 0.048 49.952
49 50 0.0048 49.9952
53 49.952 0.0048 49.9472
54 50 0.0048 49.9952
39 50 0.048 49.952
46 50 0.048 49.952
41 50 0.0048 49.9952
45 50 0.0048 49.9952
52 50 0.048 49.952
26 50 0.0048 49.9952
48 50 0.0048 49.9952
40 50 0.048 49.952
50 50 0.048 49.952
53 50 0.048 49.952
49 50 0.0048 49.9952
39 50 0.048 49.952
46 50 0.048 49.952
41 50 0.0048 49.9952
45 50 0.0048 49.9952
52 50 0.048 49.952
26 50 0.0048 49.9952
48 50 0.0048 49.9952
40 50 0.048 49.952
50 50 0.048 49.952
53 50 0.048 49.952
40 49.952 0.0048 49.9472
49 50 0.0048 49.9952
39 50 0.048 49.952
46 50 0.048 49.952
41 50 0.0048 49.9952
45 50 0.0048 49.9952
52 50 0.048 49.952
26 50 0.0048 49.9952
48 50 0.0048 49.9952
40 50 0.048 49.952
50 50 0.048 49.952
53 50 0.048 49.952
40 49.952 0.0048 49.9472
49 50 0.0048 49.9952
36 50 0.048 49.952
29 50 0.048 49.952
39 50 0.048 49.952
46 50 0.048 49.952
41 50 0.0048 49.9952
45 50 0.0048 49.9952
52 50 0.048 49.952
26 50 0.0048 49.9952
48 50 0.0048 49.9952
40 50 0.048 49.952
51 50 0.048 49.952
50 50 0.0048 49.9952
50 49.9952 0.048 49.9472
51 50 0.0048 49.9952
53 50 0.048 49.952
40 49.952 0.0048 49.9472
36 50 0.048 49.952
29 50 0.048 49.952
29 49.952 0.0048 49.9472
29 49.9472 0.16 49.7872
29 49.7872 0.0016 49.7856
39 50 0.048 49.952
46 50 0.048 49.952
41 50 0.0048 49.9952
45 50 0.0048 49.9952
52 50 0.048 49.952
26 50 0.0048 49.9952
48 50 0.0048 49.9952
52 49.952 0.0048 49.9472
52 49.9472 0.16 49.7872
52 49.7872 0.0016 49.7856
40 50 0.048 49.952
51 49.9952 0.048 49.9472
50 50 0.0048 49.9952
50 49.9952 0.048 49.9472
27 50 0.048 49.952
53 50 0.048 49.952
54 50 0.0048 49.9952
36 50 0.048 49.952
39 50 0.048 49.952
46 50 0.048 49.952
41 50 0.0048 49.9952
45 50 0.0048 49.9952
40 50 0.048 49.952
51 50 0.048 49.952
50 50 0.048 49.952
27 50 0.048 49.952
27 49.952 0.0048 49.9472
27 49.9472 0.16 49.7872
27 49.7872 0.0016 49.7856
53 50 0.048 49.952
36 50 0.048 49.952
39 50 0.048 49.952
46 50 0.048 49.952
41 50 0.0048 49.9952
45 50 0.0048 49.9952
46 49.952 0.0048 49.9472
46 49.9472 0.16 49.7872
46 49.7872 0.0016 49.7856
38 50 0.048 49.952
33 50 0.0048 49.9952
33 49.9952 0.048 49.9472
37 50 0.0048 49.9952
37 49.9952 0.048 49.9472
38 49.952 0.0144 49.9376
38 49.9376 0.16 49.7776
38 49.7776 0.0016 49.776
40 50 0.048 49.952
32 50 0.048 49.952
33 49.9472 0.0048 49.9424
37 49.9472 0.0048 49.9424
48 50 0.0048 49.9952
51 50 0.048 49.952
50 50 0.048 49.952
53 50 0.048 49.952
36 50 0.048 49.952
44 50 0.0048 49.9952
39 50 0.048 49.952
40 50 0.048 49.952
32 50 0.048 49.952
33 50 0.0048 49.9952
37 50 0.0048 49.9952
38 50 0.0048 49.9952
48 50 0.0048 49.9952
52 50 0.0048 49.9952
32 49.952 0.0048 49.9472
32 49.9472 0.16 49.7872
32 49.7872 0.0016 49.7856
51 50 0.048 49.952
50 50 0.048 49.952
53 50 0.048 49.952
54 50 0.0048 49.9952
53 49.952 0.0048 49.9472
53 49.9472 0.16 49.7872
53 49.7872 0.0016 49.7856
35 50 0.0048 49.9952
36 50 0.048 49.952
44 50 0.0048 49.9952
37 49.9952 0.048 49.9472
32 49.7856 0.0048 49.7808
33 49.9952 0.0048 49.9904
38 50 0.0048 49.9952
48 50 0.0048 49.9952
39 50 0.048 49.952
40 50 0.048 49.952
51 50 0.048 49.952
50 50 0.048 49.952
35 50 0.0048 49.9952
36 50 0.048 49.952
44 50 0.0048 49.9952
37 50 0.048 49.952
32 50 0.0048 49.9952
39 50 0.048 49.952
40 50 0.048 49.952
28 50 0.048 49.952
30 50 0.0048 49.9952
30 49.9952 0.048 49.9472
28 49.952 0.0048 49.9472
28 49.9472 0.16 49.7872
30 49.9472 0.016 49.9312
30 49.9312 0.016 49.9152
28 49.7872 0.0016 49.7856
30 49.9152 0.048 49.8672
28 49.7856 0.0048 49.7808
51 50 0.048 49.952
50 50 0.048 49.952
35 50 0.0048 49.9952
36 50 0.048 49.952
44 50 0.0048 49.9952
42 50 0.048 49.952
37 50 0.048 49.952
39 50 0.048 49.952
39 49.952 0.0048 49.9472
39 49.9472 0.16 49.7872
39 49.7872 0.0016 49.7856
40 50 0.048 49.952
30 50 0.048 49.952
28 50 0.0048 49.9952
51 50 0.048 49.952
50 50 0.048 49.952
38 50 0.0048 49.9952
38 49.9952 0.048 49.9472
50 49.952 0.0048 49.9472
50 49.9472 0.16 49.7872
38 49.9472 0.016 49.9312
38 49.9312 0.016 49.9152
50 49.7872 0.0016 49.7856
38 49.9152 0.048 49.8672
50 49.7856 0.0048 49.7808
33 50 0.048 49.952
26 50 0.0048 49.9952
26 49.9952 0.048 49.9472
32 50 0.0048 49.9952
37 50 0.0048 49.9952
48 50 0.0048 49.9952
33 49.952 0.0048 49.9472
33 49.9472 0.16 49.7872
26 49.9472 0.016 49.9312
26 49.9312 0.016 49.9152
33 49.7872 0.0016 49.7856
26 49.9152 0.048 49.8672
32 49.9952 0.0048 49.9904
33 49.7856 0.0048 49.7808
48 49.9952 0.0048 49.9904
52 50 0.0048 49.9952
32 49.9904 0.016 49.9744
37 49.9952 0.016 49.9792
48 49.9904 0.016 49.9744
36 50 0.048 49.952
44 50 0.0048 49.9952
42 50 0.048 49.952
37 49.9792 0.048 49.9312
33 49.7808 0.0048 49.776
38 49.8672 0.0048 49.8624
48 50 0.048 49.952
26 49.8672 0.0048 49.8624
32 49.9744 0.0048 49.9696
32 49.9696 0.048 49.9216
33 50 0.0048 49.9952
33 49.9952 0.048 49.9472
37 50 0.0048 49.9952
48 49.952 0.0096 49.9424
48 49.9424 0.16 49.7824
26 49.8624 0.016 49.8464
32 49.9216 0.016 49.9056
33 49.9472 0.016 49.9312
33 49.9312 0.016 49.9152
48 49.7824 0.0016 49.7808
33 49.9152 0.048 49.8672
26 49.8464 0.0048 49.8416
32 49.9056 0.0048 49.9008
37 49.9952 0.0048 49.9904
48 49.7808 0.0048 49.776
37 49.9904 0.016 49.9744
40 50 0.048 49.952
30 50 0.048 49.952
28 50 0.0048 49.9952
51 50 0.048 49.952
38 50 0.048 49.952
37 49.9744 0.0048 49.9696
50 49.965 0.0048 49.9602
26 50 0.048 49.952
33 49.8672 0.0048 49.8624
48 49.776 0.0048 49.7712
52 50 0.0048 49.9952
31 50 0.0048 49.9952
36 50 0.048 49.952
42 50 0.048 49.952
37 49.9696 0.048 49.9216
33 49.8624 0.0048 49.8576
38 49.952 0.0048 49.9472
48 50 0.0048 49.9952
33 50 0.048 49.952
32 50 0.0048 49.9952
37 50 0.0048 49.9952
48 49.9952 0.0048 49.9904
40 50 0.048 49.952
30 50 0.048 49.952
51 50 0.048 49.952
38 50 0.048 49.952
37 49.9952 0.0048 49.9904
50 50 0.0048 49.9952
26 50 0.048 49.952
48 49.9904 0.0048 49.9856
52 50 0.0048 49.9952
31 50 0.0048 49.9952
36 50 0.048 49.952
42 50 0.048 49.952
37 49.9904 0.048 49.9424
33 49.952 0.0048 49.9472
38 49.952 0.0048 49.9472
33 50 0.048 49.952
32 50 0.0048 49.9952
37 50 0.0048 49.9952
40 50 0.048 49.952
30 50 0.048 49.952
51 50 0.048 49.952
44 50 0.048 49.952
38 50 0.048 49.952
50 50 0.0048 49.9952
26 50 0.048 49.952
48 50 0.0048 49.9952
52 50 0.0048 49.9952
43 50 0.048 49.952
31 50 0.0048 49.9952
36 50 0.048 49.952
42 50 0.048 49.952
37 49.9952 0.048 49.9472
33 49.952 0.0048 49.9472
48 50 0.0048 49.9952
33 50 0.048 49.952
37 50 0.0048 49.9952
40 50 0.048 49.952
30 50 0.048 49.952
28 50 0.0048 49.9952
51 50 0.048 49.952
44 50 0.048 49.952
38 50 0.048 49.952
50 50 0.0048 49.9952
26 50 0.048 49.952
48 49.9952 0.0048 49.9904
52 50 0.0048 49.9952
43 50 0.048 49.952
34 50 0.0048 49.9952
36 50 0.048 49.952
42 50 0.048 49.952
37 49.9952 0.048 49.9472
32 50 0.0048 49.9952
35 50 0.048 49.952
33 50 0.048 49.952
40 50 0.048 49.952
30 50 0.048 49.952
28 50 0.0048 49.9952
51 50 0.048 49.952
44 50 0.048 49.952
38 50 0.048 49.952
26 50 0.048 49.952
48 50 0.0048 49.9952
43 50 0.048 49.952
34 50 0.0048 49.9952
36 50 0.048 49.952
42 50 0.048 49.952
37 50 0.048 49.952
32 50 0.0048 49.9952
37 49.952 0.0048 49.9472
37 49.9472 0.16 49.7872
37 49.7872 0.0016 49.7856
35 50 0.048 49.952
33 50 0.048 49.952
40 50 0.048 49.952
30 50 0.048 49.952
28 50 0.0048 49.9952
51 50 0.048 49.952
44 50 0.048 49.952
44 49.952 0.0048 49.9472
44 49.9472 0.16 49.7872
44 49.7872 0.0016 49.7856
38 50 0.048 49.952
26 50 0.048 49.952
48 50 0.0048 49.9952
43 50 0.048 49.952
36 50 0.048 49.952
42 50 0.048 49.952
35 50 0.048 49.952
33 50 0.048 49.952
48 50 0.0048 49.9952
40 50 0.048 49.952
30 50 0.048 49.952
28 50 0.0048 49.9952
51 50 0.048 49.952
38 50 0.048 49.952
25 50 0.048 49.952
25 49.952 0.0048 49.9472
25 49.9472 0.16 49.7872
25 49.7872 0.0016 49.7856
26 50 0.048 49.952
48 49.9952 0.0048 49.9904
52 50 0.0048 49.9952
43 50 0.048 49.952
36 50 0.048 49.952
42 50 0.048 49.952
35 50 0.048 49.952
33 50 0.048 49.952
48 50 0.0048 49.9952
40 50 0.048 49.952
30 50 0.048 49.952
28 50 0.0048 49.9952
51 50 0.048 49.952
38 50 0.048 49.952
26 50 0.048 49.952
48 49.9952 0.0048 49.9904
52 50 0.0048 49.9952
43 50 0.048 49.952
25 49.9259 0.0048 49.9211
43 49.952 0.0048 49.9472
36 50 0.048 49.952
42 50 0.048 49.952
35 50 0.048 49.952
33 50 0.048 49.952
32 50 0.0048 49.9952
48 50 0.0048 49.9952
40 50 0.048 49.952
30 50 0.048 49.952
28 50 0.0048 49.9952
51 50 0.048 49.952
38 50 0.048 49.952
26 50 0.048 49.952
32 50 0.0048 49.9952
48 49.9952 0.0048 49.9904
52 50 0.0048 49.9952
43 50 0.048 49.952
25 50 0.0048 49.9952
43 49.952 0.0048 49.9472
36 50 0.048 49.952
42 50 0.048 49.952
35 50 0.048 49.952
33 50 0.048 49.952
32 49.9952 0.0048 49.9904
48 50 0.0048 49.9952
40 50 0.048 49.952
30 50 0.048 49.952
28 50 0.0048 49.9952
51 50 0.048 49.952
38 50 0.048 49.952
26 50 0.048 49.952
32 50 0.0048 49.9952
48 49.9952 0.0048 49.9904
52 50 0.0048 49.9952
26 49.952 0.0048 49.9472
26 49.9472 0.16 49.7872
26 49.7872 0.0016 49.7856
54 50 0.048 49.952
43 50 0.048 49.952
25 50 0.0048 49.9952
27 50 0.0048 49.9952
36 50 0.048 49.952
44 50 0.0048 49.9952
42 50 0.048 49.952
35 50 0.048 49.952
47 50 0.048 49.952
33 50 0.048 49.952
32 49.9952 0.0048 49.9904
40 50 0.048 49.952
30 50 0.048 49.952
28 50 0.0048 49.9952
51 50 0.048 49.952
38 50 0.048 49.952
54 50 0.048 49.952
43 50 0.048 49.952
25 50 0.0048 49.9952
27 50 0.0048 49.9952
36 50 0.048 49.952
44 50 0.0048 49.9952
42 50 0.048 49.952
47 49.952 0.0048 49.9472
45 50 0.048 49.952
46 50 0.0048 49.9952
35 50 0.048 49.952
47 50 0.048 49.952
42 49.952 0.0048 49.9472
33 50 0.048 49.952
32 50 0.0048 49.9952
40 50 0.048 49.952
34 50 0.048 49.952
30 50 0.048 49.952
28 50 0.0048 49.9952
51 50 0.048 49.952
38 50 0.048 49.952
54 50 0.048 49.952
43 50 0.048 49.952
27 50 0.0048 49.9952
28 50 0.0048 49.9952
36 50 0.048 49.952
42 50 0.048 49.952
47 49.952 0.0048 49.9472
45 50 0.048 49.952
46 50 0.0048 49.9952
35 50 0.048 49.952
47 50 0.048 49.952
42 49.952 0.0048 49.9472
33 50 0.048 49.952
26 50 0.0048 49.9952
26 49.9952 0.048 49.9472
32 50 0.0048 49.9952
48 50 0.0048 49.9952
52 50 0.0048 49.9952
33 49.952 0.0048 49.9472
33 49.9472 0.16 49.7872
26 49.9472 0.016 49.9312
26 49.9312 0.016 49.9152
33 49.7872 0.0016 49.7856
26 49.9152 0.048 49.8672
33 49.7856 0.0048 49.7808
48 49.9952 0.0048 49.9904
52 49.9952 0.0048 49.9904
26 49.8672 0.0048 49.8624
26 49.8624 0.16 49.7024
32 49.9952 0.016 49.9792
52 49.9904 0.016 49.9744
26 49.7024 0.0016 49.7008
40 50 0.048 49.952
34 50 0.048 49.952
30 50 0.048 49.952
28 49.9952 0.0048 49.9904
51 50 0.048 49.952
38 50 0.048 49.952
