31 1554 1.23869
30 1556 1.27311
28 1559 1.52904
29 1568 2.30487
27 1569 2.31624
32 1570 2.33533
34 1572 2.45412
26 1574 2.55035
25 1575 2.56252
33 1579 2.83484
32 1607 5.48174
30 1617 6.37228
31 1623 6.95565
25 1626 7.08683
33 1627 7.09338
29 1630 7.32708
32 1641 8.30985
27 1649 8.98329
26 1656 9.63165
33 1658 9.69331
28 1660 9.77725
31 1662 9.93456
30 1666 10.2637
34 1668 10.3157
25 1676 11.0496
29 1684 11.6951
27 1700 13.2653
28 1702 13.3195
29 1711 14.1173
31 1713 14.2407
30 1719 14.7347
32 1721 14.8493
33 1722 14.8608
