45 44
17 44
16 44
18 44
26 44
39 44
51 44
59 44
15 44
19 44
28 44
14 44
20 44
34 44
37 44
67 44
13 44
21 44
33 44
12 44
22 44
11 44
40 44
48 44
63 44
77 44
23 44
10 44
24 44
35 44
9 44
8 44
7 44
27 44
6 44
5 44
38 44
4 44
3 44
2 44
44 44
1 44
25 44
67 46
20 46
19 46
21 46
18 46
22 46
17 46
23 46
16 46
24 46
15 46
14 46
13 46
12 46
11 46
10 46
9 46
8 46
7 46
6 46
5 46
4 46
3 46
2 46
1 46
52 44
25 45
4 45
3 45
5 45
2 45
6 45
1 45
7 45
8 45
9 45
10 45
11 45
12 45
13 45
14 45
15 45
16 45
17 45
18 45
19 45
20 45
21 45
22 45
23 45
24 45
76 44
43 44
80 44
45 46
71 44
76 47
9 47
8 47
10 47
7 47
11 47
6 47
12 47
5 47
13 47
4 47
14 47
3 47
15 47
2 47
16 47
1 47
17 47
18 47
19 47
20 47
21 47
22 47
23 47
24 47
53 44
45 48
9 48
8 48
10 48
7 48
11 48
6 48
12 48
5 48
13 48
4 48
14 48
3 48
15 48
2 48
16 48
1 48
17 48
18 48
19 48
20 48
21 48
22 48
23 48
24 48
72 44
82 44
58 44
25 47
36 44
41 44
52 45
41 45
54 44
56 44
76 48
67 45
43 47
31 44
80 47
71 47
25 50
10 50
9 50
11 50
8 50
12 50
7 50
13 50
6 50
14 50
5 50
15 50
4 50
16 50
3 50
17 50
2 50
18 50
1 50
19 50
20 50
21 50
22 50
23 50
24 50
58 49
17 49
16 49
18 49
15 49
19 49
14 49
20 49
13 49
21 49
12 49
22 49
11 49
23 49
10 49
24 49
9 49
8 49
7 49
6 49
5 49
4 49
3 49
2 49
1 49
83 44
65 44
53 48
29 44
62 44
70 44
72 50
42 44
47 44
75 44
41 50
54 50
79 44
83 51
15 51
14 51
16 51
13 51
17 51
12 51
18 51
11 51
19 51
10 51
20 51
9 51
21 51
8 51
22 51
7 51
23 51
6 51
24 51
5 51
4 51
3 51
2 51
1 51
58 52
10 52
9 52
11 52
8 52
12 52
7 52
13 52
6 52
14 52
5 52
15 52
4 52
16 52
3 52
17 52
2 52
18 52
1 52
19 52
20 52
21 52
22 52
23 52
24 52
62 53
13 53
12 53
14 53
11 53
15 53
10 53
16 53
9 53
17 53
8 53
18 53
7 53
19 53
6 53
20 53
5 53
21 53
4 53
22 53
3 53
23 53
2 53
24 53
1 53
43 50
71 50
