88 6393 0 100 3.50103e-08 2.25168 2.25168
37 6386 0 100 0.2 2.09379 2.29379
43 6397 0 100 1.40041e-07 2.38698 2.38698
28 6394 0 100 0.1 2.32592 2.42592
104 6402 0 100 0.1 2.49231 2.59231
60 6405 0 100 0.1 2.61045 2.71045
71 6389 0 100 0.6 2.11804 2.71804
61 6400 0 100 0.4 2.4629 2.8629
55 6391 0 100 0.8 2.15761 2.95761
67 6421 0 100 5.83505e-08 2.9878 2.9878
41 6401 0 100 0.5 2.48898 2.98898
85 6423 0 100 4.66804e-08 3.03134 3.03134
29 6396 0 100 0.7 2.38697 3.08697
57 6413 0 100 0.3 2.78994 3.08994
48 6406 0 100 0.5 2.61505 3.11505
68 6388 0 100 1.1 2.11592 3.21592
51 6428 0 100 0.1 3.15131 3.25131
96 6422 0 100 0.3 3.02373 3.32373
81 6434 0 100 1.05031e-07 3.35605 3.35605
42 6411 0 100 0.7 2.67652 3.37652
46 6416 0 100 0.5 2.88156 3.38156
44 6437 0 100 9.33608e-08 3.43122 3.43122
78 6404 0 100 0.9 2.58004 3.48004
33 6419 0 100 0.6 2.96949 3.56949
59 6442 0 100 0.1 3.52393 3.62393
98 6440 0 100 0.2 3.45283 3.65283
77 6429 0 100 0.5 3.15635 3.65635
31 6410 0 100 1 2.66189 3.66189
94 6431 0 100 0.5 3.20112 3.70112
80 6436 0 100 0.3 3.41259 3.71259
34 6439 0 100 0.3 3.44625 3.74625
64 6441 0 100 0.3 3.49914 3.79914
58 6435 0 100 0.4 3.40466 3.80466
39 6449 0 100 7.00206e-08 3.81322 3.81322
100 6398 0 100 1.4 2.43425 3.83425
65 6425 0 100 0.8 3.05705 3.85705
49 6452 0 100 0.1 3.84532 3.94532
103 6420 0 100 1 2.97116 3.97116
52 6459 0 100 3.50103e-08 4.07668 4.07668
40 6460 0 100 1.16701e-07 4.07823 4.07823
91 6426 0 100 1 3.12114 4.12114
89 6448 0 100 0.4 3.78503 4.18503
87 6462 0 100 0.1 4.14486 4.24486
50 6457 0 100 0.3 4.0246 4.3246
53 6447 0 100 0.6 3.7598 4.3598
56 6466 0 100 0.2 4.24469 4.44469
99 6463 0 100 0.3 4.15173 4.45173
83 6467 0 100 0.2 4.25624 4.45624
95 6430 0 100 1.3 3.17401 4.47401
30 6473 0 100 1.28371e-07 4.50739 4.50739
86 6469 0 100 0.2 4.31541 4.51541
79 6468 0 100 0.3 4.2585 4.5585
84 6453 0 100 0.7 3.88186 4.58186
38 6477 0 100 0.1 4.59306 4.69306
72 6471 0 100 0.4 4.37688 4.77688
54 6414 0 100 2 2.81769 4.81769
36 6450 0 100 1.1 3.82766 4.92766
82 6486 0 100 8.16907e-08 4.9279 4.9279
68 6481 0 100 0.2 4.77001 4.97001
69 6482 0 100 0.2 4.77087 4.97087
93 6456 0 100 1 3.97897 4.97897
43 6483 0 100 0.2 4.77928 4.97928
41 6490 0 100 1.51711e-07 5.06279 5.06279
47 6485 0 100 0.2 4.87635 5.07635
45 6409 0 100 2.5 2.64417 5.14417
32 6476 0 100 0.6 4.58027 5.18027
101 6493 0 100 1.40041e-07 5.26366 5.26366
71 6496 0 100 1.40041e-07 5.37337 5.37337
76 6445 0 100 1.7 3.68388 5.38389
51 6499 0 100 0.1 5.54135 5.64135
63 6454 0 100 1.8 3.892 5.692
61 6505 0 100 8.16907e-08 5.81353 5.81353
26 6387 0 100 3.8 2.09708 5.89708
59 6509 0 100 9.33608e-08 5.92986 5.92986
62 6474 0 100 1.5 4.53107 6.03107
46 6511 0 100 0.1 5.96121 6.06121
64 6504 0 100 0.3 5.79202 6.09202
102 6508 0 100 0.3 5.87185 6.17185
36 6517 0 100 3.50103e-08 6.21319 6.21319
104 6494 0 100 0.9 5.32865 6.22865
91 6515 0 100 0.1 6.1847 6.2847
95 6519 0 100 0.1 6.24023 6.34023
88 6516 0 100 0.2 6.20778 6.40778
45 6521 0 100 0.1 6.31896 6.41896
58 6524 0 100 1.51711e-07 6.52574 6.52574
39 6513 0 100 0.5 6.11141 6.61141
35 6502 0 100 0.9 5.73286 6.63286
77 6530 0 100 3.50103e-08 6.72625 6.72625
60 6527 0 100 0.1 6.64712 6.74712
66 6528 0 100 0.3 6.6728 6.9728
102 6407 0 100 4.4 2.63348 7.03348
103 6540 0 100 5.83505e-08 7.15792 7.15792
65 6533 0 100 0.3 6.88168 7.18168
54 6501 0 100 1.5 5.71968 7.21968
84 6535 0 100 0.3 6.95287 7.25287
92 6545 0 100 8.16907e-08 7.25833 7.25833
90 6544 0 100 0.1 7.24785 7.34785
63 6548 0 100 7.00206e-08 7.38211 7.38211
27 6418 0 100 4.5 2.96481 7.46481
72 6549 0 100 0.1 7.39656 7.49656
28 6541 0 100 0.3 7.19664 7.49664
67 6536 0 100 0.5 7.02228 7.52228
30 6557 0 100 7.00206e-08 7.58094 7.58094
53 6555 0 100 0.1 7.53095 7.63095
70 6464 0 100 3.5 4.21068 7.71068
42 6559 0 100 0.1 7.66201 7.76201
97 6551 0 100 0.4 7.44581 7.84581
25 6488 0 100 2.9 4.95543 7.85543
74 6563 0 100 9.33608e-08 7.8691 7.8691
94 6520 0 100 1.6 6.28472 7.88472
29 6566 0 100 5.83505e-08 7.91229 7.91229
85 6543 0 100 0.7 7.24132 7.94132
90 6480 0 100 3.2 4.74537 7.94537
78 6552 0 100 0.5 7.46867 7.96867
25 6572 0 100 8.16907e-08 8.01975 8.01975
40 6529 0 100 1.4 6.68479 8.08479
34 6577 0 100 8.16907e-08 8.10255 8.10255
62 6554 0 100 0.7 7.51391 8.21391
59 6578 0 100 0.1 8.12598 8.22598
43 6569 0 100 0.3 7.94051 8.24051
38 6553 0 100 0.8 7.4727 8.2727
76 6575 0 100 0.2 8.09505 8.29505
37 6538 0 100 1.3 7.03991 8.33991
33 6583 0 100 0.1 8.27689 8.3769
56 6585 0 100 2.33402e-08 8.39716 8.39716
81 6576 0 100 0.3 8.09755 8.39755
31 6506 0 100 2.6 5.82225 8.42225
49 6567 0 100 0.6 7.92792 8.52792
87 6590 0 100 2.33402e-08 8.5638 8.5638
57 6570 0 100 0.6 7.9709 8.5709
47 6582 0 100 0.4 8.26075 8.66075
70 6560 0 100 1 7.68864 8.68864
50 6592 0 100 0.1 8.62968 8.72968
99 6591 0 100 0.2 8.59564 8.79564
46 6588 0 100 0.3 8.516 8.816
52 6580 0 100 0.9 8.14443 9.04443
100 6564 0 100 1.2 7.8853 9.0853
27 6594 0 100 0.4 8.69272 9.09272
79 6595 0 100 0.4 8.71327 9.11327
89 6598 0 100 0.4 8.77013 9.17013
73 6574 0 100 1.1 8.07733 9.17733
88 6605 0 100 1.16701e-07 9.21783 9.21783
45 6606 0 100 5.83505e-08 9.22894 9.22894
32 6611 0 100 9.33608e-08 9.35979 9.35979
48 6565 0 100 1.5 7.88566 9.38566
75 6608 0 100 0.1 9.30386 9.40386
93 6609 0 100 0.1 9.3202 9.4202
36 6604 0 100 0.3 9.18062 9.48062
77 6616 0 100 1.40041e-07 9.48394 9.48394
26 6600 0 100 0.7 8.9033 9.6033
69 6612 0 100 0.3 9.36276 9.66276
68 6597 0 100 0.9 8.76984 9.66984
64 6587 0 100 1.2 8.46992 9.66992
44 6571 0 100 1.7 7.99883 9.69883
62 6624 0 100 0.1 9.77249 9.87249
31 6625 0 100 0.1 9.79715 9.89715
82 6621 0 100 0.3 9.67896 9.97896
51 6628 0 100 0.1 9.92822 10.0282
41 6614 0 100 0.6 9.43533 10.0353
66 6633 0 100 1.28371e-07 10.1016 10.1016
101 6634 0 100 1.51711e-07 10.1297 10.1297
86 6613 0 100 0.8 9.40484 10.2048
96 6546 0 100 2.9 7.32833 10.2283
53 6618 0 100 0.8 9.56778 10.3678
29 6639 0 100 1.05031e-07 10.3951 10.3951
67 6622 0 100 0.7 9.72856 10.4286
54 6641 0 100 1.51711e-07 10.5239 10.5239
38 6619 0 100 1.2 9.59145 10.7914
35 6647 0 100 0.1 10.6938 10.7938
102 6650 0 100 1.28371e-07 10.8078 10.8078
91 6652 0 100 1.40041e-07 10.8447 10.8447
57 6637 0 100 0.6 10.2606 10.8606
94 6648 0 100 0.2 10.7004 10.9004
61 6644 0 100 0.4 10.5465 10.9465
40 6630 0 100 1.2 9.98955 11.1896
43 6656 0 100 0.1 11.1031 11.2031
52 6642 0 100 0.7 10.5255 11.2255
58 6654 0 100 0.3 11.0071 11.3071
55 6645 0 100 0.9 10.5734 11.4734
103 6672 0 100 1.05031e-07 11.5486 11.5486
97 6673 0 100 1.16701e-07 11.5587 11.5587
65 6661 0 100 0.4 11.1988 11.5988
59 6670 0 100 0.1 11.5205 11.6205
104 6627 0 100 1.8 9.8448 11.6448
28 6659 0 100 0.5 11.1604 11.6604
26 6667 0 100 0.3 11.3934 11.6934
49 6675 0 100 0.1 11.6639 11.7639
64 6680 0 100 9.33608e-08 11.8416 11.8416
84 6685 0 100 1.28371e-07 11.8976 11.8976
89 6687 0 100 1.16701e-07 11.9231 11.9231
63 6632 0 100 1.9 10.0801 11.9801
100 6691 0 100 3.50103e-08 12.0055 12.0055
53 6695 0 100 3.50103e-08 12.0454 12.0454
85 6684 0 100 0.2 11.8879 12.0879
71 6693 0 100 0.1 12.0209 12.1209
80 6692 0 100 0.2 12.0189 12.2189
76 6682 0 100 0.4 11.861 12.261
96 6699 0 100 3.50103e-08 12.3161 12.3161
34 6705 0 100 3.50103e-08 12.4426 12.4426
42 6703 0 100 0.1 12.4219 12.5219
25 6664 0 100 1.2 11.3349 12.5349
47 6681 0 100 0.7 11.8453 12.5453
46 6666 0 100 1.2 11.3674 12.5674
39 6663 0 100 1.4 11.2628 12.6628
83 6676 0 100 1 11.6767 12.6767
32 6696 0 100 0.7 12.0525 12.7525
68 6660 0 100 1.6 11.1939 12.7939
44 6686 0 100 0.9 11.9178 12.8178
50 6717 0 100 5.83505e-08 12.848 12.848
56 6720 0 100 7.00206e-08 12.9503 12.9503
86 6669 0 100 1.5 11.4622 12.9622
74 6689 0 100 1 11.9826 12.9826
69 6690 0 100 1 11.9999 12.9999
63 6713 0 100 0.3 12.7447 13.0447
95 6657 0 100 2 11.1165 13.1165
67 6723 0 100 0.1 13.0594 13.1594
73 6724 0 100 0.1 13.1023 13.2023
45 6725 0 100 0.1 13.1059 13.2059
87 6710 0 100 0.7 12.6065 13.3065
75 6708 0 100 0.8 12.5292 13.3292
72 6706 0 100 1 12.4617 13.4617
79 6729 0 100 0.1 13.3941 13.4941
102 6730 0 100 0.1 13.4083 13.5083
41 6733 0 100 0.1 13.4603 13.5603
88 6702 0 100 1.2 12.4167 13.6167
54 6737 0 100 0.1 13.5887 13.6887
70 6707 0 100 1.4 12.4845 13.8845
104 6721 0 100 1 12.9986 13.9986
51 6740 0 100 0.2 13.8097 14.0097
92 6683 0 100 2.2 11.8618 14.0618
94 6748 0 100 0.1 14.1484 14.2484
26 6743 0 100 0.3 13.9707 14.2707
48 6751 0 100 1.16701e-07 14.3825 14.3825
60 6756 0 100 7.00206e-08 14.4659 14.4659
81 6701 0 100 2.1 12.3869 14.4869
36 6755 0 100 0.1 14.4565 14.5565
101 6764 0 100 1.28371e-07 14.6683 14.6683
90 6678 0 100 2.9 11.8196 14.7196
65 6731 0 100 1.3 13.4361 14.7361
77 6736 0 100 1.2 13.5868 14.7868
25 6753 0 100 0.4 14.414 14.814
58 6768 0 100 4.66804e-08 14.8662 14.8662
66 6752 0 100 0.5 14.3935 14.8935
89 6769 0 100 7.00206e-08 14.8949 14.8949
31 6714 0 100 2.2 12.7487 14.9487
