65 310 2.02917
42 311 2.09923
40 312 2.17394
56 313 2.2399
66 314 2.26336
72 315 2.36706
36 316 2.40414
55 317 2.5137
27 318 2.52026
28 319 2.64955
37 320 2.69567
43 321 2.83126
62 322 2.87255
68 323 2.88971
49 324 2.92919
38 325 2.94725
50 326 2.97039
34 327 3.02557
32 328 3.07546
26 329 3.14364
70 330 3.18502
44 331 3.32918
47 332 3.40377
69 333 3.46017
25 334 3.655
41 335 3.80109
54 336 3.82428
45 337 3.8569
35 338 3.89352
46 339 4.15809
71 340 4.26467
58 341 4.49242
31 342 4.50249
52 343 4.61506
51 344 4.71365
42 345 4.74924
63 346 4.78421
67 347 4.87311
48 348 4.9414
72 349 5.49806
65 350 5.58783
38 351 5.7079
55 352 6.2
47 353 6.36294
50 354 6.53264
30 355 6.57354
36 356 6.75705
29 357 6.81215
44 358 6.91837
66 359 7.0567
54 360 7.14026
43 361 7.35987
69 362 7.55227
40 363 7.62841
26 364 7.71557
41 365 7.77509
74 366 7.81699
70 367 7.95165
59 368 8.01908
45 369 8.05863
52 370 8.0899
50 371 8.5651
30 372 8.64434
36 373 8.78255
61 374 8.91519
60 375 8.96277
62 376 9.26252
44 377 9.67114
69 378 9.73936
43 379 9.74422
54 380 9.77042
26 381 9.94618
52 382 10.0948
65 383 10.2357
47 384 10.3265
67 385 10.4579
57 386 10.6231
59 387 10.7143
72 388 10.8139
38 389 10.86
32 390 11.2247
61 391 11.4919
48 392 11.5048
31 393 11.8148
55 394 12.1341
40 395 12.3462
45 396 12.3831
51 397 12.5188
36 398 12.9802
53 399 13.2
30 400 13.4246
29 401 13.5579
68 402 13.6308
60 403 13.6615
56 404 13.7098
50 405 13.7776
62 406 14.0042
69 407 14.4413
55 408 14.469
72 409 14.5087
31 410 14.5824
64 411 14.8623
