27 173
8 173
47 173
35 174
13 174
12 174
52 175
19 175
38 176
3 176
4 176
31 172
48 175
42 175
20 175
35 172
46 175
49 173
10 173
32 175
22 175
30 174
15 174
16 174
17 174
18 174
19 174
20 174
50 177
19 177
40 178
17 178
47 181
42 183
48 183
52 183
23 183
22 183
21 183
20 183
49 181
13 181
14 181
15 181
16 181
17 181
41 182
8 182
9 182
10 182
11 182
12 182
13 182
36 179
23 179
22 179
21 179
20 179
19 179
18 179
17 179
34 176
8 176
9 176
10 176
11 176
12 176
13 176
37 185
11 185
10 185
9 185
47 182
49 182
14 182
15 182
16 182
17 182
18 182
19 182
20 182
21 182
22 182
23 182
24 182
52 182
28 180
11 180
12 180
13 180
14 180
47 180
48 182
26 177
21 177
20 177
33 175
2 175
31 178
19 178
46 186
32 186
2 186
48 186
52 186
1 186
42 186
44 187
6 187
7 187
8 187
9 187
10 187
45 183
24 183
51 184
9 184
8 184
34 185
48 188
41 185
13 185
40 177
23 177
24 177
25 175
6 175
5 175
4 175
3 175
27 176
19 176
20 176
21 176
22 176
23 176
35 181
23 181
24 181
42 188
5 188
4 188
3 188
2 188
38 187
14 187
30 179
24 179
34 187
16 187
17 187
18 187
53 172
1 172
2 172
3 172
4 172
45 188
6 188
7 188
8 188
9 188
30 193
2 193
29 184
14 184
15 184
16 184
17 184
18 184
34 184
25 190
11 190
12 190
13 190
14 190
40 192
3 192
30 192
2 192
1 192
46 188
43 189
11 189
35 193
3 193
26 172
5 172
6 172
49 180
24 180
23 180
22 180
21 180
20 180
19 180
18 180
17 180
16 180
15 180
54 186
10 186
9 186
8 186
7 186
6 186
40 193
4 193
5 193
6 193
7 193
8 193
9 193
10 193
52 193
42 193
29 190
15 190
16 190
17 190
18 190
19 190
20 190
21 190
22 190
23 190
24 190
28 187
22 187
23 187
24 187
47 190
36 175
10 175
9 175
8 175
7 175
52 194
38 191
20 191
21 191
22 191
23 191
31 176
5 176
6 176
41 184
21 184
22 184
23 184
24 184
48 194
46 195
13 195
12 195
40 176
7 176
39 174
11 174
10 174
9 174
8 174
7 174
45 172
10 172
9 172
8 172
36 196
13 196
54 193
14 193
48 195
54 195
52 195
14 195
15 195
16 195
42 194
25 189
17 189
16 189
15 189
14 189
48 189
42 189
33 195
17 195
50 175
12 175
13 175
14 175
15 175
16 175
17 175
18 175
32 188
16 188
17 188
18 188
19 188
20 188
21 188
22 188
23 188
47 197
5 197
4 197
3 197
2 197
1 197
49 190
5 190
4 190
3 190
2 190
1 190
39 196
14 196
15 196
16 196
46 196
26 186
12 186
42 198
50 200
14 200
38 188
1 188
31 202
11 202
54 194
18 194
19 194
25 195
20 195
19 195
18 195
48 198
54 198
19 198
20 198
25 198
21 198
22 198
23 198
24 198
32 196
20 196
48 196
27 199
9 199
47 199
51 201
2 201
1 201
44 180
33 194
22 194
23 194
24 194
45 204
18 204
19 204
20 204
42 195
21 195
22 195
23 195
24 195
43 175
23 175
24 175
54 196
39 204
21 204
22 204
48 204
30 202
16 202
17 202
18 202
19 202
20 202
42 196
23 196
22 196
54 204
42 204
23 204
24 204
49 199
13 199
12 199
11 199
48 205
54 205
29 206
4 206
5 206
6 206
7 206
45 202
21 202
22 202
23 202
24 202
35 176
18 176
28 191
11 191
10 191
9 191
8 191
7 191
6 191
5 191
41 207
9 207
8 207
7 207
6 207
5 207
4 207
3 207
2 207
46 209
25 207
26 200
21 200
20 200
19 200
52 189
53 210
19 210
20 210
21 210
38 208
10 208
9 208
8 208
7 208
6 208
5 208
4 208
3 208
42 205
2 205
47 211
40 174
22 174
35 200
22 200
26 210
24 210
23 210
22 210
50 212
34 206
13 206
31 174
46 205
6 205
7 205
8 205
9 205
10 205
11 205
12 205
13 205
14 205
49 211
20 211
21 211
22 211
23 211
24 211
30 176
24 176
27 213
21 213
29 191
12 191
13 191
14 191
15 191
16 191
17 191
18 191
47 213
40 200
2 200
3 200
4 200
5 200
6 200
37 203
20 203
21 203
22 203
23 203
32 209
9 209
35 210
52 209
49 213
24 213
39 200
8 200
7 200
40 210
4 210
42 209
10 209
11 209
12 209
13 209
14 209
15 209
48 214
42 214
10 214
9 214
8 214
7 214
6 214
42 215
48 215
11 215
43 207
13 207
12 207
11 207
48 207
27 203
1 203
45 200
9 200
10 200
11 200
39 216
10 216
9 216
34 205
21 205
22 205
23 205
48 200
12 200
46 200
25 208
28 205
24 205
38 206
21 206
20 206
19 206
18 206
17 206
16 206
15 206
14 206
29 209
18 209
17 209
35 218
7 218
47 203
52 215
13 215
42 207
33 204
15 204
14 204
13 204
12 204
11 204
10 204
9 204
8 204
45 216
11 216
12 216
13 216
41 220
23 220
24 220
43 208
16 208
17 208
18 208
19 208
20 208
21 208
22 208
23 208
48 216
14 216
25 206
42 216
15 216
16 216
35 204
32 200
16 200
26 214
11 214
12 214
46 215
34 208
52 207
16 207
17 207
49 203
6 203
5 203
4 203
3 203
2 203
42 200
45 214
14 214
15 214
16 214
17 214
18 214
33 216
19 216
18 216
17 216
29 221
23 221
22 221
21 221
20 221
19 221
18 221
42 221
43 206
32 215
19 215
18 215
17 215
16 215
36 193
18 193
17 193
16 193
46 207
31 218
12 218
11 218
10 218
9 218
32 207
20 207
19 207
18 207
27 218
25 214
43 214
21 214
20 214
32 214
54 216
20 216
21 216
30 210
13 210
14 210
15 210
16 210
17 210
44 217
51 219
3 219
2 219
1 219
33 206
23 206
37 223
8 223
7 223
6 223
36 207
21 207
22 207
23 207
24 207
38 222
6 222
5 222
4 222
3 222
2 222
1 222
45 193
20 193
19 193
40 204
17 204
16 204
52 200
23 200
24 200
46 214
24 214
36 214
23 214
39 215
22 215
21 215
20 215
48 221
24 221
47 224
13 224
14 224
15 224
16 224
17 224
54 225
48 225
24 225
50 226
21 226
20 226
19 226
42 227
52 227
34 223
9 223
35 226
46 221
1 221
53 174
19 174
18 174
17 174
16 174
31 224
53 224
19 224
20 224
21 224
22 224
23 224
24 224
43 228
49 218
16 218
17 218
18 218
19 218
20 218
21 218
22 218
23 218
24 218
33 228
3 228
4 228
5 228
6 228
7 228
8 228
9 228
10 228
27 174
38 223
10 223
11 223
12 223
13 223
14 223
15 223
16 223
30 204
53 204
29 219
8 219
9 219
10 219
11 219
12 219
13 219
14 219
15 219
16 219
17 219
18 219
19 219
20 219
21 219
32 216
26 193
24 193
45 215
1 215
2 215
3 215
4 215
27 223
19 223
20 223
21 223
22 223
30 223
23 223
24 223
40 226
24 226
23 226
