32 101 0 100 2.80082e-07 2.64174 2.64174
27 102 0 100 1.40041e-07 2.67775 2.67775
28 103 0 100 1.1 3.00912 4.10912
30 106 0 100 0.3 4.12335 4.42335
25 107 0 100 0.4 4.15829 4.55829
34 108 0 100 0.2 4.43114 4.63114
27 109 0 100 0.8 6.12277 6.92277
32 110 0 100 1.1 6.37272 7.47272
30 112 0 100 0.2 7.77559 7.97559
29 100 0 100 5.5 2.62258 8.12258
31 111 0 100 1.2 7.19202 8.39202
25 114 0 100 0.2 8.38193 8.58193
33 104 0 100 5.2 3.93191 9.13191
34 115 0 100 0.4 9.11894 9.51894
25 118 0 100 0.3 11.1787 11.4787
31 121 0 100 4.66804e-08 12.1731 12.1731
33 120 0 100 0.1 12.1237 12.2237
30 122 0 100 0.1 12.4697 12.5697
28 119 0 100 1 12.0081 13.0081
27 124 0 100 0.6 13.0628 13.6628
