29 100
1 100
2 100
3 100
4 100
5 100
6 100
7 100
8 100
9 100
10 100
11 100
12 100
13 100
14 100
15 100
32 101
2 101
3 101
4 101
5 101
6 101
7 101
8 101
9 101
10 101
11 101
12 101
13 101
14 101
15 101
16 101
17 101
18 101
19 101
20 101
21 101
22 101
23 101
24 101
27 102
10 102
9 102
8 102
7 102
6 102
5 102
4 102
3 102
2 102
29 102
1 102
25 100
28 103
24 103
31 105
16 105
15 105
14 105
13 105
12 105
11 105
10 105
30 106
8 106
7 106
6 106
5 106
4 106
3 106
2 106
1 106
25 107
24 107
34 108
4 108
3 108
2 108
1 108
27 109
5 109
4 109
3 109
2 109
1 109
29 105
22 105
21 105
20 105
19 105
18 105
32 110
30 112
33 104
6 104
5 104
4 104
3 104
2 104
26 100
16 100
17 100
18 100
19 100
20 100
21 100
22 100
23 100
24 100
28 113
19 113
18 113
17 113
25 113
31 111
10 111
9 111
8 111
7 111
6 111
5 111
4 111
3 111
2 111
1 111
25 114
18 114
17 114
16 114
15 114
14 114
13 114
12 114
11 114
10 114
9 114
8 114
7 114
6 114
5 114
4 114
3 114
2 114
1 114
26 113
21 113
29 104
7 104
8 104
9 104
10 104
11 104
12 104
13 104
14 104
15 104
16 104
17 104
18 104
19 104
20 104
25 104
26 104
21 104
22 104
23 104
24 104
34 115
2 115
1 115
27 116
20 116
19 116
18 116
17 116
16 116
15 116
14 116
13 116
12 116
32 117
13 117
12 117
11 117
10 117
9 117
8 117
7 117
6 117
5 117
4 117
3 117
2 117
1 117
25 117
25 118
7 118
6 118
5 118
4 118
3 118
2 118
1 118
31 121
3 121
2 121
1 121
33 120
1 120
30 122
22 122
21 122
20 122
19 122
18 122
17 122
16 122
15 122
14 122
13 122
12 122
11 122
10 122
9 122
8 122
7 122
6 122
5 122
4 122
3 122
2 122
1 122
28 119
16 119
15 119
14 119
13 119
12 119
11 119
10 119
9 119
8 119
7 119
6 119
5 119
4 119
3 119
2 119
1 119
26 117
15 117
27 124
12 124
11 124
10 124
9 124
8 124
7 124
6 124
5 124
4 124
3 124
2 124
1 124
34 123
23 123
22 123
21 123
20 123
