111 803
58 803
66 803
15 803
79 805
52 807
68 810
104 802
18 802
96 805
24 805
33 805
83 805
57 811
97 812
68 812
3 812
95 812
89 813
90 813
31 813
76 806
24 806
33 806
47 814
99 814
60 809
17 809
113 804
32 804
84 812
4 812
90 812
81 807
65 807
23 807
27 807
64 807
87 816
68 816
93 808
105 817
53 817
43 815
17 815
111 815
62 818
59 818
6 818
102 814
80 809
19 809
49 810
114 805
31 812
83 806
114 806
97 816
112 814
100 814
87 810
42 811
11 811
42 820
11 820
89 812
6 812
59 812
92 821
11 821
61 817
16 817
114 823
39 824
17 824
62 812
7 812
101 812
70 814
4 814
29 821
12 821
91 817
66 826
18 826
107 802
20 802
103 804
72 813
7 813
59 813
96 827
32 814
103 814
50 819
3 819
86 825
58 815
33 823
57 820
81 829
39 817
18 817
41 828
36 809
55 809
21 809
111 826
66 815
19 815
99 831
112 831
47 831
70 831
102 831
78 812
9 812
51 833
108 828
97 810
7 810
98 822
13 822
92 822
93 812
10 812
11 812
46 818
78 818
56 822
42 822
57 822
14 822
15 822
16 822
17 822
41 822
101 818
10 818
63 833
24 833
106 821
88 817
20 817
44 828
18 828
28 828
40 802
100 831
7 831
80 838
23 838
36 838
55 838
74 836
1 836
94 836
48 808
11 808
95 810
9 810
31 810
72 810
58 826
21 826
62 813
93 818
29 834
78 808
59 808
90 810
89 810
10 810
11 810
78 810
37 835
13 835
46 813
57 834
42 834
56 834
92 834
62 808
59 810
35 835
84 830
10 830
72 830
31 830
89 830
101 837
12 837
54 820
33 844
107 838
24 838
112 840
100 840
102 840
99 840
70 840
109 841
86 841
85 822
20 822
76 827
6 827
48 818
13 818
12 818
72 818
31 818
47 840
9 840
8 840
7 840
6 840
5 840
62 810
12 810
39 815
22 815
26 843
3 843
2 843
1 843
114 844
6 844
96 844
104 809
1 809
65 840
61 815
53 815
88 842
23 842
111 842
28 839
33 827
106 834
17 834
16 834
15 834
14 834
13 834
102 847
10 847
100 847
70 847
47 847
83 823
7 823
8 823
58 842
24 842
55 845
25 832
15 832
37 832
114 827
83 827
7 827
64 827
65 827
90 830
13 830
12 830
11 830
100 830
71 804
10 804
70 804
102 804
47 804
35 832
16 832
17 832
18 832
89 818
67 833
3 833
2 833
80 833
55 833
64 849
110 819
71 819
112 847
11 847
12 847
99 830
100 804
11 804
32 831
11 831
12 831
58 852
101 810
15 810
16 810
37 810
35 810
17 810
69 807
7 807
6 807
104 853
3 853
2 853
52 829
8 829
114 829
33 829
47 830
70 830
112 830
30 841
7 841
8 841
82 824
106 832
27 827
8 827
103 819
38 835
18 835
19 835
91 848
31 856
15 856
14 856
84 856
39 842
68 831
14 831
15 831
92 832
20 832
42 832
57 832
72 854
76 844
10 844
11 844
12 844
65 849
46 808
16 808
17 808
97 851
68 851
14 851
13 851
87 847
97 847
68 847
14 847
13 847
106 835
92 835
20 835
64 841
82 842
1 842
2 842
3 842
4 842
55 842
31 831
108 839
24 839
27 849
9 849
25 810
18 810
65 841
27 841
9 841
10 841
79 841
96 841
59 837
99 804
89 854
16 854
53 855
63 857
76 841
11 841
12 841
13 841
47 841
14 841
60 802
4 802
3 802
112 804
14 804
15 804
16 804
97 804
87 804
72 831
45 812
20 812
21 812
22 812
23 812
24 812
28 812
108 812
92 858
40 853
113 814
14 814
15 814
16 814
98 821
21 821
20 821
35 821
83 829
11 829
76 829
96 829
32 819
113 819
14 819
99 819
112 819
47 819
111 852
3 852
2 852
85 850
38 810
20 810
19 810
93 810
43 826
4 826
3 826
58 802
73 811
21 811
78 813
18 813
17 813
16 813
15 813
113 813
106 858
61 855
2 855
3 855
37 821
102 830
15 830
14 830
70 841
112 841
102 841
15 841
46 837
18 837
72 837
34 803
98 858
22 858
21 858
35 858
94 846
8 846
7 846
51 857
8 857
7 857
6 857
43 803
5 803
6 803
7 803
54 832
23 832
24 832
75 807
10 807
63 846
59 854
114 859
100 819
102 819
71 851
15 851
16 851
17 851
82 852
4 852
5 852
41 850
2 850
3 850
4 850
99 841
95 856
44 822
2 822
3 822
68 804
17 804
109 807
58 855
5 855
6 855
107 833
7 833
6 833
58 833
5 833
62 834
33 859
13 859
12 859
11 859
66 817
5 817
4 817
3 817
44 817
97 856
36 845
107 845
7 845
6 845
30 807
46 854
59 834
109 859
79 829
14 829
15 829
16 829
99 829
102 829
87 851
18 851
19 851
20 851
21 851
41 817
34 852
6 852
82 850
5 850
6 850
81 840
13 840
76 840
96 840
79 840
14 840
33 840
114 840
110 847
16 847
17 847
68 856
87 856
18 856
19 856
20 856
21 856
22 856
39 826
53 822
86 807
12 807
13 807
14 807
79 807
96 807
62 854
20 854
21 854
22 854
23 854
52 849
112 829
113 830
17 830
18 830
100 841
113 841
17 841
18 841
19 841
91 826
5 826
6 826
103 844
113 844
100 844
47 829
100 829
113 829
72 841
20 841
105 815
5 815
6 815
61 822
50 823
16 823
17 823
113 823
100 823
47 823
102 823
18 823
71 823
80 842
55 803
36 803
89 831
20 831
19 831
18 831
17 831
16 831
60 853
8 853
9 853
10 853
11 853
86 860
13 860
81 849
14 849
13 849
12 849
30 859
83 840
15 840
31 837
107 842
9 842
8 842
84 814
20 814
19 814
18 814
112 844
29 835
57 835
68 830
20 830
21 830
22 830
23 830
24 830
89 837
21 837
20 837
19 837
47 837
113 837
100 837
76 807
16 807
15 807
33 807
114 807
102 844
70 819
19 819
20 819
21 819
22 819
77 828
5 828
6 828
39 828
7 828
8 828
9 828
36 828
107 828
111 802
8 802
7 802
113 861
19 861
18 861
17 861
79 861
96 861
69 827
15 827
16 827
17 827
51 846
12 846
13 846
43 855
9 855
8 855
66 852
8 852
9 852
112 837
110 823
19 823
20 823
21 823
22 823
45 811
1 811
33 863
87 864
109 860
30 860
15 860
54 835
102 837
95 804
80 803
71 814
38 821
1 821
103 829
20 829
19 829
78 819
24 819
23 819
101 808
24 808
23 808
72 808
85 817
7 817
6 817
28 817
108 817
55 828
11 828
35 856
105 822
8 822
9 822
32 813
40 857
11 857
10 857
9 857
53 857
105 857
71 829
60 842
102 866
112 866
100 866
21 866
22 866
23 866
103 813
83 807
18 807
19 807
20 807
21 807
103 807
73 854
3 854
106 854
111 855
10 855
11 855
12 855
75 860
16 860
17 860
65 860
64 860
32 829
21 829
22 829
25 851
1 851
2 851
3 851
4 851
42 835
4 835
5 835
6 835
7 835
8 835
56 820
4 820
3 820
2 820
114 863
71 813
21 813
20 813
19 813
114 813
92 854
4 854
88 833
10 833
11 833
106 851
77 817
8 817
9 817
10 817
11 817
12 817
36 817
34 850
11 850
10 850
39 802
10 802
11 802
12 802
13 802
14 802
15 802
70 837
22 837
32 837
66 822
58 845
83 863
19 863
20 863
21 863
22 863
33 813
27 860
26 849
16 849
17 849
31 819
55 817
13 817
14 817
55 867
103 837
90 818
68 864
24 864
46 834
1 834
86 859
18 859
81 859
19 859
27 859
89 808
82 826
11 826
10 826
41 826
44 826
9 826
28 826
97 823
112 863
70 863
102 863
72 866
103 868
113 868
47 844
62 862
46 862
30 849
109 849
64 859
87 829
27 869
51 802
16 802
91 815
11 815
10 815
9 815
8 815
7 815
68 823
100 863
69 860
19 860
18 860
32 868
23 868
22 868
21 868
20 868
69 868
19 868
70 844
24 844
101 834
97 829
90 808
1 808
2 808
3 808
4 808
5 808
92 851
6 851
53 850
48 810
3 810
108 826
96 865
21 865
22 865
23 865
103 865
67 853
16 853
17 853
49 816
39 873
12 873
11 873
111 833
13 833
12 833
68 829
56 851
38 856
5 856
4 856
3 856
36 867
15 867
16 867
66 871
13 871
12 871
11 871
28 871
37 858
5 858
6 858
44 872
11 872
12 872
13 872
93 876
39 833
106 875
7 875
6 875
64 869
85 835
44 835
113 865
31 866
78 834
4 834
5 834
69 869
21 869
20 869
52 840
22 840
21 840
109 840
47 863
1 863
76 861
23 861
24 861
74 846
20 846
21 846
98 854
8 854
48 876
5 876
93 834
84 804
3 804
4 804
31 804
107 803
17 803
104 803
18 803
19 803
20 803
112 878
113 863
38 858
7 858
101 877
27 846
56 854
9 854
10 854
11 854
12 854
78 876
75 849
21 849
22 849
30 869
35 808
43 852
16 852
17 852
36 852
62 856
94 802
20 802
21 802
72 804
87 823
3 823
74 803
21 803
45 858
8 858
48 834
6 834
7 834
55 852
107 852
75 802
22 802
73 858
9 858
93 877
92 879
26 860
21 860
69 849
23 849
24 849
33 849
105 850
15 850
41 835
14 835
98 880
71 837
2 837
3 837
4 837
89 804
5 804
34 845
17 845
18 845
90 866
89 866
5 866
6 866
48 877
7 877
44 854
53 873
60 855
18 855
107 855
55 855
81 868
24 868
95 823
84 823
5 823
90 823
93 866
36 855
19 855
91 833
16 833
35 834
9 834
39 850
37 875
9 875
89 823
6 823
50 831
2 831
96 831
76 831
1 831
47 878
100 878
100 881
112 881
103 863
82 872
17 872
18 872
41 854
15 854
110 814
3 814
50 814
2 814
96 814
45 834
10 834
99 847
4 847
113 847
67 867
21 867
22 867
92 880
11 880
68 837
72 823
102 878
47 881
83 813
1 813
111 872
51 853
22 853
23 853
75 853
24 853
69 853
27 853
101 876
8 876
9 876
114 849
109 869
75 869
24 869
23 869
51 869
22 869
54 851
12 851
11 851
33 831
94 860
23 860
70 882
5 882
62 804
8 804
109 883
102 882
100 882
112 882
68 884
97 884
7 884
87 837
97 837
7 837
90 837
8 837
99 878
70 878
6 878
87 878
97 878
68 878
7 878
90 878
89 878
106 879
13 879
89 885
90 885
8 885
97 885
87 885
68 885
7 885
70 885
102 885
100 885
112 885
57 874
14 874
106 874
108 871
17 871
29 815
57 815
14 815
88 822
113 881
6 881
7 881
102 881
48 866
10 866
66 872
83 849
3 849
4 849
38 808
12 808
13 808
14 808
57 808
35 875
38 875
12 875
13 875
14 875
28 835
114 831
71 863
6 863
47 882
29 808
80 852
23 852
24 852
57 875
29 875
15 875
16 875
17 875
18 875
41 875
44 871
18 871
32 865
74 802
1 802
109 802
2 802
37 876
113 882
7 882
95 884
9 884
71 865
7 865
112 865
100 865
42 870
72 878
10 878
96 813
5 813
6 813
7 813
112 813
56 858
15 858
78 877
11 877
72 877
89 877
10 877
97 877
68 877
9 877
52 868
4 868
5 868
114 868
59 862
32 882
90 884
103 847
28 875
62 866
11 866
54 879
38 876
89 884
69 888
27 888
4 888
5 888
26 867
2 867
73 880
15 880
101 804
12 804
83 831
5 831
25 820
13 820
101 820
12 820
93 820
59 866
12 866
100 813
104 855
76 814
6 814
78 862
12 862
50 849
7 849
8 849
113 849
76 889
6 889
71 882
49 829
10 829
78 890
59 890
12 890
90 890
44 875
20 875
21 875
96 888
74 867
3 867
41 871
20 871
21 871
94 886
2 886
74 886
3 886
30 803
4 803
101 866
36 892
112 849
58 893
114 887
6 887
91 850
22 850
32 847
109 867
4 867
39 871
91 871
22 871
23 871
57 870
95 878
11 878
31 891
12 891
13 891
78 866
13 866
14 866
37 866
38 866
15 866
88 872
23 872
91 872
83 814
61 857
22 857
97 895
60 894
76 888
7 888
46 856
101 891
48 820
14 820
46 820
105 873
93 862
53 833
98 834
17 834
96 887
68 895
54 880
18 880
111 822
24 822
23 822
22 822
69 803
6 803
78 891
14 891
80 892
107 892
105 833
23 833
22 833
44 833
34 893
76 887
8 887
9 887
86 840
6 840
59 856
14 856
101 856
30 867
86 867
6 867
102 865
11 865
12 865
97 865
38 896
89 890
92 874
108 835
22 835
23 835
105 835
78 856
15 856
16 856
27 867
7 867
8 867
106 815
42 858
19 858
20 858
21 858
22 858
50 887
10 887
11 887
113 887
112 887
100 887
102 887
12 887
66 850
69 840
71 847
11 847
53 835
24 835
96 867
76 867
9 867
50 867
10 867
11 867
113 867
112 867
100 867
102 867
12 867
57 880
113 897
51 860
99 885
12 885
67 869
4 869
27 840
8 840
42 880
20 880
26 886
6 886
7 886
75 883
7 883
8 883
69 883
35 876
18 876
19 876
63 860
5 860
103 882
12 882
35 899
38 899
18 899
19 899
20 899
57 899
32 887
111 850
105 900
86 886
8 886
103 887
27 883
9 883
25 866
18 866
35 866
19 866
113 885
55 892
4 892
73 834
20 834
104 869
5 869
36 869
71 887
13 887
14 887
97 887
15 887
53 900
1 900
2 900
106 880
21 880
22 880
23 880
24 880
40 842
4 842
37 896
92 876
67 860
6 860
47 885
14 885
15 885
16 885
17 885
46 885
41 833
99 882
14 882
15 882
44 898
90 887
98 874
21 874
100 903
99 903
102 903
14 903
71 903
109 803
9 803
27 803
10 803
70 881
112 897
47 897
14 897
35 896
20 896
85 854
1 854
105 854
59 885
78 885
101 885
18 885
19 885
38 885
37 885
35 885
20 885
21 885
114 814
11 814
27 814
69 814
10 814
91 857
2 857
66 857
3 857
4 857
5 857
52 889
11 889
97 882
16 882
111 900
66 900
3 900
103 903
96 902
12 902
71 897
60 892
5 892
48 862
19 862
107 869
36 842
6 842
7 842
81 803
93 891
62 820
18 820
78 820
39 872
3 872
80 857
107 857
114 889
12 889
95 895
17 895
18 895
91 900
83 888
52 803
12 803
59 820
19 820
20 820
21 820
38 820
56 879
23 879
22 879
21 879
20 879
19 879
18 879
17 879
16 879
15 879
47 879
27 904
96 889
13 889
14 889
15 889
16 889
47 889
90 882
18 882
17 882
62 895
19 895
20 895
21 895
22 895
23 895
24 895
39 900
4 900
5 900
6 900
7 900
8 900
9 900
10 900
11 900
12 900
13 900
14 900
15 900
16 900
17 900
18 900
19 900
46 900
82 875
4 875
3 875
2 875
1 875
48 891
20 891
19 891
18 891
17 891
16 891
15 891
106 876
101 862
20 862
21 862
22 862
23 862
24 862
42 899
24 899
43 845
6 845
5 845
4 845
3 845
2 845
1 845
34 901
6 901
5 901
4 901
3 901
2 901
1 901
86 883
12 883
11 883
10 883
56 876
24 876
101 905
112 889
58 871
34 871
49 878
18 878
17 878
16 878
15 878
14 878
13 878
100 879
33 868
14 868
13 868
12 868
11 868
10 868
9 868
8 868
7 868
6 868
34 868
36 857
8 857
7 857
6 857
95 882
19 882
20 882
21 882
22 882
23 882
24 882
112 907
73 874
24 874
114 888
75 886
54 815
56 815
108 858
102 879
61 873
5 873
4 873
3 873
2 873
1 873
41 898
4 898
3 898
2 898
1 898
92 815
28 822
108 822
4 822
29 870
1 870
44 858
113 889
31 890
21 890
20 890
19 890
18 890
17 890
16 890
15 890
14 890
13 890
30 890
55 869
9 869
8 869
7 869
6 869
47 907
32 903
18 903
17 903
16 903
15 903
52 903
43 871
8 871
7 871
6 871
5 871
4 871
3 871
2 871
1 871
51 908
11 908
10 908
9 908
8 908
7 908
6 908
5 908
4 908
3 908
2 908
1 908
37 820
24 820
105 872
6 872
5 872
4 872
87 877
78 905
22 905
21 905
20 905
19 905
32 905
100 889
102 889
19 889
18 889
80 909
107 909
36 909
59 900
22 900
21 900
20 900
68 865
67 842
11 842
10 842
9 842
8 842
99 881
19 881
18 881
17 881
16 881
15 881
14 881
13 881
12 881
11 881
10 881
9 881
8 881
66 881
103 897
110 863
18 863
17 863
16 863
15 863
14 863
13 863
12 863
11 863
10 863
9 863
8 863
7 863
36 910
107 910
10 910
9 910
8 910
7 910
6 910
5 910
4 910
3 910
2 910
1 910
41 872
49 877
20 877
19 877
18 877
17 877
16 877
15 877
14 877
13 877
12 877
70 879
71 905
65 859
15 859
14 859
13 859
12 859
11 859
10 859
9 859
8 859
7 859
6 859
5 859
4 859
3 859
2 859
1 859
55 909
10 909
9 909
8 909
7 909
6 909
5 909
4 909
3 909
2 909
1 909
57 911
2 911
1 911
113 907
100 907
70 907
72 884
31 884
22 884
23 884
24 884
39 906
7 906
6 906
5 906
4 906
3 906
2 906
1 906
88 850
8 850
7 850
6 850
5 850
4 850
3 850
2 850
1 850
33 888
16 888
15 888
14 888
13 888
12 888
11 888
10 888
9 888
8 888
39 888
28 858
108 872
51 877
103 905
47 905
34 857
9 857
10 857
11 857
12 857
13 857
102 907
20 907
19 907
18 907
17 907
16 907
15 907
14 907
13 907
12 907
11 907
10 907
34 907
9 907
8 907
7 907
6 907
5 907
4 907
3 907
2 907
1 907
89 887
31 887
31 912
89 912
90 912
22 912
21 912
20 912
19 912
18 912
17 912
16 912
15 912
14 912
13 912
12 912
11 912
10 912
34 912
9 912
8 912
7 912
6 912
5 912
4 912
3 912
29 912
57 912
87 865
21 865
20 865
19 865
18 865
17 865
16 865
15 865
14 865
13 865
43 842
92 913
56 913
64 846
110 914
19 914
18 914
17 914
16 914
112 905
100 905
70 905
61 869
26 883
14 883
13 883
37 917
53 854
88 918
9 918
8 918
7 918
6 918
5 918
4 918
3 918
2 918
1 918
89 915
90 915
23 915
24 915
41 858
7 858
6 858
5 858
4 858
3 858
99 879
113 879
40 892
12 892
11 892
10 892
9 892
8 892
7 892
102 905
99 905
76 902
19 902
18 902
17 902
16 902
15 902
14 902
13 902
36 902
55 902
107 902
106 913
65 846
18 846
17 846
16 846
15 846
14 846
13 846
12 846
36 846
47 921
93 920
1 920
2 920
3 920
4 920
56 920
74 916
16 916
15 916
14 916
13 916
12 916
11 916
10 916
9 916
8 916
7 916
6 916
5 916
4 916
3 916
2 916
1 916
109 886
17 886
16 886
15 886
14 886
13 886
12 886
11 886
10 886
9 886
32 897
22 897
23 897
24 897
60 924
38 917
3 917
2 917
1 917
46 917
103 921
22 921
21 921
20 921
19 921
18 921
17 921
16 921
15 921
14 921
13 921
12 921
11 921
10 921
9 921
8 921
7 921
6 921
5 921
29 921
92 920
52 922
19 922
18 922
17 922
16 922
15 922
14 922
13 922
12 922
11 922
10 922
9 922
8 922
7 922
6 922
5 922
4 922
3 922
2 922
1 922
105 869
10 869
11 869
12 869
13 869
14 869
15 869
48 923
41 886
44 886
28 872
9 872
8 872
55 846
98 920
5 920
6 920
7 920
8 920
9 920
10 920
109 925
104 860
15 860
14 860
13 860
12 860
11 860
10 860
39 920
11 920
12 920
13 920
14 920
15 920
16 920
17 920
18 920
19 920
20 920
21 920
22 920
23 920
24 920
104 926
15 926
14 926
13 926
12 926
11 926
10 926
9 926
8 926
7 926
6 926
99 928
70 928
59 917
78 917
61 854
11 854
69 904
113 905
24 905
93 923
3 923
2 923
1 923
35 907
100 928
113 928
24 928
97 930
68 930
87 930
27 878
65 904
38 907
43 927
14 927
13 927
12 927
108 886
58 868
14 868
13 868
53 868
82 919
13 919
12 919
11 919
10 919
9 919
8 919
7 919
6 919
5 919
4 919
3 919
2 919
1 919
49 919
87 919
97 919
45 851
7 851
6 851
5 851
4 851
3 851
71 933
32 933
47 933
1 933
75 925
21 925
20 925
19 925
18 925
17 925
16 925
15 925
14 925
13 925
41 925
56 935
106 935
92 935
59 932
44 925
94 929
20 929
19 929
18 929
17 929
16 929
15 929
14 929
13 929
12 929
11 929
10 929
9 929
8 929
7 929
6 929
5 929
4 929
3 929
70 938
47 938
32 938
27 931
90 939
35 937
8 937
7 937
6 937
5 937
4 937
3 937
2 937
1 937
44 940
71 938
2 938
1 938
83 936
114 936
86 890
23 890
22 890
77 826
14 826
13 826
12 826
11 826
10 826
9 826
8 826
7 826
6 826
5 826
98 935
10 935
9 935
8 935
7 935
6 935
5 935
4 935
3 935
2 935
1 935
28 886
50 891
1 891
25 896
8 896
7 896
6 896
5 896
4 896
70 896
3 896
2 896
32 896
47 896
103 896
106 941
107 846
19 846
20 846
21 846
22 846
23 846
24 846
30 914
73 934
10 934
9 934
8 934
7 934
6 934
5 934
4 934
3 934
2 934
1 934
84 923
5 923
4 923
47 923
32 923
86 914
24 914
46 943
7 943
6 943
72 887
6 887
5 887
4 887
3 887
2 887
1 887
81 903
80 902
20 902
21 902
22 902
23 902
24 902
41 940
28 940
15 940
14 940
13 940
12 940
11 940
10 940
9 940
8 940
7 940
6 940
62 940
34 842
18 842
17 842
65 931
69 878
78 932
8 932
9 932
10 932
11 932
108 925
89 939
102 945
70 945
47 945
61 946
36 942
107 942
21 942
20 942
34 942
26 890
24 890
46 940
25 944
10 944
11 944
12 944
54 913
13 913
12 913
11 913
10 913
9 913
8 913
72 939
8 939
7 939
6 939
100 939
102 939
100 948
89 913
72 913
67 883
23 883
22 883
56 941
86 949
102 948
70 948
6 948
5 948
4 948
3 948
96 948
91 888
19 888
20 888
21 888
34 888
95 930
8 930
9 930
54 941
14 941
13 941
12 941
11 941
10 941
9 941
8 941
7 941
100 941
70 941
47 941
113 941
101 917
93 917
114 950
39 927
99 939
113 939
47 939
102 941
62 952
10 952
72 954
41 955
111 881
21 881
20 881
98 932
63 877
78 952
11 952
12 952
89 954
10 954
95 954
87 954
9 954
8 954
105 947
20 947
21 947
44 955
19 955
18 955
17 955
16 955
15 955
14 955
35 955
92 932
15 932
14 932
13 932
12 932
110 953
7 953
6 953
5 953
52 953
47 954
113 954
100 954
59 940
53 946
31 943
11 943
10 943
9 943
100 943
42 912
95 957
87 957
75 951
64 904
5 904
6 904
7 904
8 904
9 904
10 904
11 904
30 949
4 949
69 949
27 949
65 949
64 949
5 949
6 949
7 949
8 949
9 949
10 949
11 949
12 949
58 942
23 942
24 942
68 919
69 958
27 958
65 958
5 958
29 926
17 926
16 926
34 947
97 957
86 958
52 959
6 959
69 959
98 961
78 940
45 944
16 944
15 944
14 944
13 944
46 944
66 956
74 890
4 890
3 890
2 890
1 890
92 961
17 961
39 881
23 881
22 881
41 881
112 879
10 879
9 879
8 879
7 879
25 952
15 952
14 952
13 952
103 923
10 923
11 923
87 923
12 923
13 923
14 923
15 923
16 923
17 923
102 954
68 957
12 957
11 957
47 957
76 948
8 948
7 948
65 948
113 943
49 929
68 929
87 929
84 930
13 930
12 930
11 930
44 881
70 939
11 939
10 939
9 939
83 950
8 950
7 950
6 950
26 950
5 950
4 950
3 950
55 950
107 950
2 950
1 950
102 943
43 888
1 888
2 888
3 888
4 888
5 888
79 827
9 827
8 827
7 827
6 827
27 959
