65 669
60 671
80 672
20 672
72 674
88 674
45 674
41 669
23 669
93 673
22 673
21 673
20 673
63 677
34 677
38 677
2 677
101 677
70 668
14 668
83 678
39 678
71 678
74 672
95 673
76 677
104 675
6 675
62 675
7 675
40 683
14 683
68 669
24 669
87 669
71 685
39 685
64 675
8 675
9 675
10 675
37 686
14 686
53 676
48 676
79 682
19 682
18 682
96 670
9 670
64 670
8 670
40 686
15 686
27 684
23 684
50 688
46 688
44 688
2 688
71 682
59 671
73 671
101 689
69 688
3 688
101 688
4 688
84 677
76 689
61 675
13 675
32 673
23 673
24 673
51 673
94 690
85 690
7 690
103 677
25 674
51 674
41 671
2 671
65 671
91 676
22 676
79 676
98 676
67 681
13 681
62 670
10 670
11 670
12 670
13 670
14 670
84 689
86 694
6 694
75 680
20 680
31 690
8 690
9 690
99 690
38 696
7 696
84 696
6 696
5 696
50 696
44 696
84 697
6 697
34 697
63 697
86 697
7 697
68 671
3 671
4 671
44 671
42 675
14 675
15 675
16 675
17 675
18 675
68 698
76 697
50 671
5 671
6 671
87 691
45 691
72 691
88 691
25 691
30 689
7 689
6 689
102 694
8 694
90 688
6 688
33 690
10 690
65 698
4 698
60 698
101 697
84 671
7 671
8 671
66 695
50 695
36 677
7 677
8 677
59 698
5 698
50 698
6 698
7 698
83 685
23 685
22 685
21 685
20 685
52 694
9 694
10 694
94 694
89 692
56 692
12 692
76 688
84 688
8 688
7 688
100 693
93 669
4 669
72 669
45 669
25 669
29 670
17 670
18 670
19 670
20 670
21 670
22 670
23 670
101 671
74 684
2 684
45 701
25 701
85 694
81 694
62 692
13 692
26 702
51 691
4 691
25 703
72 701
90 699
8 699
84 699
99 694
99 704
81 704
85 704
64 692
14 692
15 692
52 702
10 702
31 702
39 682
24 682
23 682
22 682
21 682
56 700
45 703
80 684
4 684
25 684
45 684
5 684
87 684
101 699
9 699
34 699
63 699
94 704
12 704
13 704
82 692
27 691
28 676
1 676
56 704
14 704
96 692
16 692
17 692
98 705
81 706
57 683
22 683
23 683
24 683
73 707
41 707
80 691
5 691
6 691
7 691
93 684
6 684
7 684
60 684
97 672
4 672
39 709
103 697
10 697
76 671
61 681
19 681
46 696
9 696
10 696
93 710
7 710
45 710
55 672
32 672
54 680
55 712
79 705
95 672
5 672
6 672
7 672
40 685
47 686
24 686
23 686
22 686
21 686
20 686
32 712
95 712
5 712
74 712
66 688
10 688
11 688
12 688
63 688
44 695
28 705
3 705
83 705
85 706
80 713
90 696
11 696
76 696
77 678
2 678
1 678
30 697
12 697
11 697
35 679
15 679
87 672
93 672
8 672
9 672
57 685
24 685
86 677
13 677
26 677
27 713
7 713
25 710
8 710
103 671
12 671
13 671
63 671
59 684
10 684
50 684
60 672
59 672
10 672
64 714
18 714
47 685
37 675
24 675
40 675
38 699
13 699
46 695
11 695
45 713
80 710
99 679
16 679
85 679
86 671
34 711
63 711
44 684
11 684
50 672
44 672
11 672
41 672
48 718
53 718
32 716
60 695
39 705
40 721
83 717
86 711
14 711
53 723
30 715
14 715
13 715
92 690
16 690
17 690
36 698
13 698
101 696
103 696
36 696
13 696
12 696
75 670
3 670
2 670
66 697
50 697
48 723
6 723
79 723
28 723
94 706
78 667
6 667
53 667
26 711
16 711
85 711
17 711
76 699
103 699
14 699
84 698
101 698
76 698
49 668
3 668
2 668
82 714
51 701
10 701
57 675
2 675
67 692
23 692
65 707
12 707
87 707
25 713
11 713
71 709
5 709
40 668
41 722
65 722
12 722
36 699
15 699
16 699
92 706
18 706
35 706
19 706
44 697
14 697
13 697
39 717
6 717
89 700
20 700
19 700
94 711
46 684
14 684
96 714
22 714
21 714
20 714
95 720
9 720
29 681
104 706
20 706
21 706
22 706
58 687
7 687
39 687
85 700
38 671
80 701
11 701
12 701
13 701
14 701
46 701
32 720
10 720
11 720
82 706
60 696
14 696
15 696
16 696
17 696
86 696
47 670
4 670
49 670
5 670
6 670
7 670
41 697
44 701
55 716
54 719
6 719
43 702
19 702
77 705
7 705
6 705
5 705
71 717
7 717
8 717
27 710
12 710
11 710
55 710
31 708
100 692
80 720
12 720
103 698
17 698
16 698
46 698
73 672
15 672
14 672
45 672
61 686
1 686
56 690
22 690
35 690
21 690
20 690
19 690
38 690
65 697
73 697
15 697
16 697
81 679
21 679
89 714
85 702
21 702
76 726
101 726
92 711
21 711
72 703
14 703
27 703
89 729
23 729
66 684
17 684
16 684
65 684
41 684
50 701
17 701
102 688
20 688
57 668
6 668
87 722
15 722
77 717
9 717
10 717
81 711
22 711
23 711
69 689
18 689
83 687
10 687
28 687
79 687
11 687
12 687
60 697
17 697
18 697
94 700
22 700
36 689
19 689
20 689
25 672
56 714
24 714
51 713
15 713
75 709
9 709
8 709
7 709
57 709
48 667
12 667
28 667
45 722
67 725
3 725
50 730
74 720
14 720
13 720
48 720
38 688
21 688
22 688
92 688
85 688
23 688
24 688
32 710
14 710
72 672
16 672
30 699
21 699
89 688
55 687
78 717
13 717
33 694
24 694
29 686
5 686
62 704
1 704
90 715
20 715
42 693
4 693
3 693
2 693
47 668
9 668
8 668
69 697
100 727
101 732
68 691
18 691
41 691
98 723
13 723
67 686
37 724
8 724
26 728
23 728
30 728
22 728
56 688
1 688
59 695
19 695
85 733
44 698
20 698
79 667
84 726
22 726
42 727
43 708
24 708
78 723
14 723
15 723
16 723
101 728
33 733
30 726
23 726
24 726
85 726
74 710
16 710
15 710
99 711
103 689
22 689
21 689
64 704
3 704
2 704
77 735
95 716
16 716
36 715
22 715
101 715
72 736
18 736
60 731
59 731
20 731
28 717
14 717
15 717
16 717
17 717
18 717
31 679
91 718
15 718
71 735
13 735
53 720
91 720
15 720
54 705
12 705
11 705
10 705
72 717
19 717
20 717
60 717
48 710
91 710
76 732
23 732
30 732
24 732
55 723
39 735
103 715
82 693
5 693
6 693
7 693
8 693
9 693
10 693
11 693
12 693
13 693
52 677
26 708
52 708
102 699
68 731
21 731
22 731
23 731
67 727
7 727
6 727
5 727
48 739
92 694
2 694
31 694
100 686
88 669
20 669
19 669
18 669
17 669
98 667
16 667
15 667
71 667
39 667
32 687
18 687
17 687
61 725
8 725
29 725
9 725
10 725
11 725
12 725
13 725
14 725
15 725
71 725
44 689
23 689
24 689
28 718
95 723
75 734
14 734
13 734
12 734
11 734
10 734
9 734
46 730
44 730
23 730
84 728
54 693
14 693
15 693
50 731
46 731
25 722
21 722
68 722
22 722
23 722
50 722
33 711
3 711
79 720
17 720
44 731
24 731
59 717
23 717
44 717
24 717
81 700
39 725
16 725
17 725
91 739
18 739
17 739
16 739
43 694
3 694
4 694
5 694
89 704
5 704
4 704
57 724
13 724
12 724
11 724
10 724
9 724
76 715
84 715
1 715
35 702
4 702
81 702
99 737
4 737
55 669
56 740
90 697
46 722
33 700
4 700
67 724
38 715
2 715
60 730
24 730
78 687
48 687
52 715
49 719
15 719
14 719
75 693
16 693
17 693
18 693
78 693
69 698
89 740
6 740
5 740
87 713
23 713
72 713
91 687
19 687
20 687
21 687
22 687
45 687
25 687
87 687
23 687
24 687
60 687
65 691
24 691
71 739
62 694
7 694
56 694
27 736
22 736
21 736
20 736
78 736
94 702
5 702
86 690
3 690
84 690
81 740
99 702
41 695
96 706
9 706
8 706
82 727
68 741
97 712
22 712
21 712
20 712
19 712
18 712
51 672
24 672
76 690
44 722
2 722
33 702
7 702
6 702
94 740
85 740
7 740
88 713
63 696
59 687
32 723
23 723
26 715
6 715
28 720
21 720
20 720
19 720
38 702
86 702
103 690
35 737
8 737
38 745
95 669
93 707
77 667
20 667
19 667
53 710
22 710
43 700
7 700
26 700
31 711
43 711
7 711
6 711
84 711
5 711
45 744
1 744
91 736
78 742
86 745
6 745
41 687
60 691
3 691
51 744
72 744
92 704
8 704
31 704
83 735
21 735
20 735
19 735
18 735
71 712
56 737
10 737
9 737
85 737
91 742
23 742
22 742
21 742
99 740
65 687
3 687
101 690
6 690
62 706
11 706
25 707
52 700
8 700
104 729
10 729
81 729
85 729
94 729
9 729
97 723
61 734
15 734
16 734
17 734
18 734
19 734
20 734
21 734
22 734
23 734
91 734
48 693
32 669
102 696
8 696
96 727
13 727
12 727
11 727
103 746
39 739
22 739
21 739
20 739
19 739
62 748
12 748
11 748
10 748
81 748
85 748
83 742
39 742
25 750
3 750
51 750
55 751
97 751
1 751
32 751
101 746
7 746
88 744
3 744
98 718
24 718
53 736
61 749
16 749
35 740
11 740
10 740
9 740
8 740
103 740
45 707
40 709
20 709
19 709
18 709
17 709
16 709
15 709
14 709
96 709
28 710
73 684
25 744
4 744
78 734
63 715
9 715
8 715
7 715
57 719
40 719
20 719
19 719
18 719
17 719
16 719
77 712
39 712
29 743
17 743
16 743
15 743
14 743
13 743
12 743
33 737
11 737
97 752
32 752
69 722
7 722
6 722
34 671
9 671
10 671
11 671
35 671
79 725
102 747
49 735
22 735
23 735
24 735
94 748
81 737
72 750
4 750
98 710
95 751
2 751
3 751
4 751
45 751
87 744
5 744
73 744
65 744
71 742
34 754
10 754
88 707
72 707
58 670
25 751
87 751
5 751
88 751
86 700
34 700
10 700
59 755
65 755
78 725
1 725
28 725
41 744
66 701
69 701
8 701
7 701
65 701
30 702
93 750
87 750
46 691
8 691
66 691
53 753
2 753
70 675
23 675
22 675
21 675
20 675
19 675
33 748
13 748
14 748
15 748
16 748
17 748
18 748
19 748
20 748
21 748
22 748
50 715
48 736
2 736
55 752
54 667
24 667
70 667
23 667
22 667
104 727
14 727
69 691
9 691
42 686
18 686
17 686
16 686
15 686
14 686
85 686
88 757
6 757
87 757
100 724
67 749
34 702
11 702
12 702
13 702
14 702
64 738
16 738
17 738
72 751
6 751
7 751
59 744
8 744
9 744
69 744
43 704
13 704
14 704
15 704
16 704
17 704
18 704
57 748
23 748
84 754
11 754
30 754
76 746
80 703
6 703
7 703
66 744
10 744
41 701
79 736
3 736
36 690
11 690
91 693
43 758
60 722
9 722
10 722
35 727
15 727
81 727
65 751
84 746
12 746
49 756
59 701
9 701
89 694
16 694
17 694
33 686
90 698
11 698
12 698
85 727
103 691
95 752
6 752
7 752
72 752
26 745
14 745
15 745
36 691
12 691
84 691
13 691
93 757
9 757
40 748
74 716
46 715
11 715
75 720
2 720
83 712
3 712
4 712
96 738
19 738
20 738
21 738
22 738
23 738
24 738
31 758
15 758
16 758
33 727
16 727
102 700
14 700
15 700
16 700
17 700
67 704
21 704
22 704
23 704
24 704
42 724
21 724
22 724
23 724
24 724
58 736
4 736
83 736
100 749
42 749
21 749
22 749
23 749
24 749
104 702
17 702
18 702
58 759
4 759
94 737
16 737
17 737
88 752
9 752
85 745
94 745
33 745
16 745
30 698
14 698
26 698
15 698
34 746
50 744
46 744
28 753
5 753
6 753
91 753
95 761
99 671
17 671
76 691
14 691
48 753
79 712
6 712
104 737
18 737
19 737
20 737
86 754
15 754
42 762
67 762
32 761
48 763
78 753
64 694
20 694
21 694
22 694
81 686
39 736
5 736
6 736
83 759
39 759
5 759
43 745
17 745
51 707
10 707
35 758
91 763
7 763
8 763
95 763
67 765
42 765
23 765
24 765
31 727
43 727
17 727
41 751
12 751
93 751
11 751
73 755
41 755
12 755
13 755
71 760
39 760
79 753
7 753
8 753
62 743
20 743
21 743
101 740
15 740
16 740
86 740
100 762
23 762
24 762
78 764
79 764
7 764
32 763
9 763
98 725
7 725
87 703
92 729
18 729
19 729
83 760
6 760
7 760
63 747
95 753
32 753
9 753
10 753
72 753
65 757
69 690
96 737
22 737
23 737
100 737
76 754
101 754
34 740
76 766
82 709
22 709
23 709
42 709
46 755
93 703
12 703
13 703
65 703
86 747
58 712
7 712
8 712
67 737
80 752
11 752
12 752
63 740
17 740
100 709
50 755
15 755
98 760
8 760
37 739
3 739
88 753
12 753
47 705
4 705
64 743
22 743
82 743
23 743
93 752
87 752
103 754
102 698
50 768
46 768
15 768
16 768
84 768
17 768
102 768
18 768
31 768
57 739
40 739
4 739
78 712
9 712
25 752
13 752
14 752
63 698
18 698
101 766
17 766
45 750
13 750
14 750
47 739
5 739
60 701
15 701
16 701
17 701
28 736
9 736
10 736
32 736
11 736
75 759
7 759
8 759
44 744
16 744
17 744
86 767
98 712
42 737
1 737
2 737
76 740
18 740
19 740
84 701
104 770
22 770
71 759
9 759
10 759
36 754
18 754
19 754
20 754
84 771
19 771
63 767
20 767
21 767
90 690
18 690
96 743
31 754
21 754
22 754
86 771
63 771
20 771
21 771
69 755
30 746
20 746
86 746
80 753
14 753
15 753
25 753
87 753
28 712
11 712
12 712
13 712
14 712
53 693
52 696
21 696
22 696
23 696
55 761
13 761
14 761
48 725
38 711
34 747
29 675
4 675
5 675
6 675
95 736
70 705
8 705
57 705
98 759
59 752
17 752
18 752
50 752
31 771
22 771
102 740
21 740
22 740
91 764
12 764
27 761
15 761
88 761
63 746
33 729
23 729
24 729
58 760
11 760
12 760
91 760
38 747
21 747
22 747
23 747
45 753
16 753
85 770
23 770
24 770
62 769
28 759
12 759
91 759
103 766
36 766
20 766
98 764
37 772
7 772
8 772
72 761
16 761
25 761
93 776
17 776
88 776
53 725
78 760
101 744
103 744
49 739
9 739
10 739
33 747
35 773
24 773
23 773
76 701
101 701
31 740
23 740
24 740
45 761
17 761
73 703
18 703
19 703
36 744
21 744
85 747
24 747
33 773
103 701
94 686
24 686
23 686
86 686
22 686
54 720
10 720
28 764
13 764
47 772
9 772
49 772
10 772
51 751
17 751
18 751
41 757
19 757
20 757
54 772
11 772
12 772
83 772
65 750
74 763
16 763
17 763
25 763
73 751
19 751
20 751
96 778
3 778
4 778
5 778
42 778
85 773
94 773
26 727
24 727
23 727
38 727
82 777
59 703
20 703
21 703
92 767
89 702
2 702
3 702
48 759
15 759
16 759
57 775
10 775
52 771
39 772
71 772
13 772
14 772
41 750
59 750
20 750
21 750
22 750
103 750
36 750
44 751
21 751
91 725
15 725
16 725
56 706
47 775
11 775
104 754
2 754
94 754
85 754
26 771
98 772
28 772
15 772
91 772
32 725
17 725
95 759
89 706
3 706
4 706
5 706
6 706
48 772
16 772
43 768
1 768
34 727
63 727
86 727
39 779
83 779
76 744
24 744
23 744
31 747
97 716
18 716
19 716
88 716
42 706
101 750
66 722
23 722
24 722
103 722
101 722
74 725
50 703
66 703
23 703
24 703
101 703
75 739
14 739
48 780
99 758
3 758
76 750
53 760
91 780
17 780
33 754
3 754
35 754
34 781
78 772
17 772
18 772
94 768
33 768
30 711
1 711
76 711
103 703
51 716
21 716
49 775
14 775
15 775
84 766
1 766
2 766
31 766
3 766
38 781
63 781
96 777
7 777
8 777
42 777
9 777
29 777
10 777
11 777
12 777
27 753
21 753
22 753
53 780
18 780
69 757
70 720
14 720
46 752
67 709
9 709
10 709
86 781
2 781
3 781
85 768
4 768
5 768
37 777
13 777
100 778
80 716
32 759
20 759
21 759
77 742
17 742
18 742
95 772
92 758
4 758
94 758
71 779
77 779
17 779
18 779
91 779
53 779
102 746
3 746
4 746
48 760
19 760
20 760
54 775
16 775
33 758
85 758
5 758
6 758
62 758
7 758
8 758
45 763
23 763
78 779
19 779
20 779
21 779
22 779
23 779
45 779
101 711
68 684
24 684
38 783
34 783
86 783
98 780
19 780
20 780
21 780
22 780
23 780
55 736
21 736
20 736
19 736
18 736
52 766
4 766
86 766
34 766
38 766
32 772
55 772
21 772
20 772
19 772
63 782
86 782
34 782
89 768
92 746
5 746
33 746
85 746
95 760
32 760
102 783
4 783
43 747
101 784
86 785
63 785
28 742
30 766
46 786
50 786
26 781
38 782
96 758
9 758
10 758
11 758
87 761
24 761
36 722
3 722
4 722
102 722
25 779
94 746
6 746
43 746
67 778
11 778
10 778
9 778
8 778
94 787
85 787
34 785
4 785
36 785
3 785
98 742
20 742
52 781
5 781
27 716
24 716
81 745
7 745
66 786
29 709
13 709
12 709
50 788
87 779
103 711
60 774
2 774
41 774
65 774
73 774
68 774
1 774
87 774
80 780
25 716
45 716
26 789
6 789
52 790
6 790
100 758
25 791
45 791
46 788
3 788
84 783
5 783
6 783
92 747
7 747
94 747
73 792
34 789
76 784
70 775
18 775
17 775
69 786
4 786
76 786
5 786
58 764
39 764
87 791
1 791
33 787
8 787
103 784
5 784
101 785
103 785
5 785
48 742
71 764
21 764
43 781
92 781
8 781
94 781
33 781
56 768
10 768
89 778
83 739
21 739
69 784
66 784
50 784
103 795
49 720
19 720
18 720
17 720
16 720
74 759
44 752
4 752
41 752
3 752
73 752
102 790
7 790
76 785
6 785
7 785
55 760
91 793
45 796
25 796
89 798
11 798
10 798
97 797
72 776
45 776
25 776
3 776
2 776
47 777
81 747
10 747
9 747
8 747
68 792
4 792
25 792
3 792
72 792
95 799
101 795
7 795
94 798
33 798
75 764
22 764
100 794
15 794
88 763
45 792
55 799
1 799
40 705
20 705
19 705
18 705
17 705
16 705
32 797
95 797
77 764
23 764
24 764
38 789
9 789
8 789
101 789
48 793
104 745
12 745
63 766
9 766
8 766
7 766
50 766
30 782
9 782
101 782
62 768
13 768
35 787
12 787
11 787
89 745
13 745
90 755
8 755
44 755
7 755
6 755
5 755
70 777
22 777
57 777
21 777
20 777
19 777
18 777
17 777
16 777
15 777
14 777
31 746
11 746
10 746
9 746
90 746
8 746
92 787
78 793
1 793
69 795
8 795
81 798
12 798
92 798
34 790
63 790
38 790
86 790
30 790
10 790
45 755
36 711
9 711
76 789
61 719
18 719
28 793
99 754
13 754
84 786
10 786
86 786
63 786
30 786
101 790
85 781
36 789
10 789
38 786
11 786
12 786
76 790
81 781
13 781
103 782
76 782
10 782
11 782
12 782
13 782
94 782
33 782
81 782
58 739
1 739
43 798
13 798
14 798
15 798
16 798
17 798
55 797
4 797
3 797
91 797
48 797
36 790
99 781
14 781
15 781
16 781
17 781
18 781
19 781
20 781
21 781
22 781
23 781
59 751
8 751
56 778
15 778
99 778
14 778
27 780
6 780
29 719
20 719
