41 182 0 100 0.4 3.04045 3.44045
42 183 0 100 0.8 3.04146 3.84146
50 177 0 100 1.6 2.61891 4.21892
47 181 0 100 1.3 3.03399 4.33399
36 179 0 100 1.8 2.85648 4.65648
40 192 0 100 0.3 5.01556 5.31556
44 187 0 100 2 3.70371 5.70371
51 184 0 100 2.8 3.10528 5.90528
47 197 0 100 0.4 6.30771 6.70771
25 190 0 100 2.1 4.61265 6.71265
48 188 0 100 3.1 4.05249 7.15249
42 198 0 100 0.7 6.6848 7.3848
51 201 0 100 0.7 6.96873 7.66873
28 180 0 100 4.7 2.97232 7.67232
52 194 0 100 1.9 5.7947 7.6947
46 195 0 100 1.9 5.93368 7.83368
52 175 0 100 5.7 2.15207 7.85207
31 202 0 100 1.3 7.16342 8.46342
43 189 0 100 4.7 4.0574 8.7574
50 212 0 100 1.16701e-08 9.40202 9.40202
47 211 0 100 0.7 9.17368 9.87368
38 176 0 100 7.7 2.19979 9.89979
27 213 0 100 0.7 9.98066 10.6807
48 205 0 100 3.1 8.22669 11.3267
41 220 0 100 0.1 11.464 11.564
38 208 0 100 3.5 8.55044 12.0504
44 217 0 100 1.7 11.2279 12.9279
41 207 0 100 4.7 8.51985 13.2199
38 222 0 100 1 12.4504 13.4504
54 225 0 100 0.7 13.0412 13.7412
42 227 0 100 2.33402e-08 13.9533 13.9533
29 221 0 100 1.7 12.386 14.086
47 224 0 100 1.5 12.6114 14.1114
35 218 0 100 2.9 11.3245 14.2245
30 193 0 100 9.4 5.27923 14.6792
37 223 0 100 2.5 12.4556 14.9556
