71 2390 0 100 7.00206e-08 2.04055 2.04055
29 2393 0 100 0.1 2.12824 2.22824
72 2391 0 100 0.3 2.05862 2.35862
34 2402 0 100 8.16907e-08 2.38793 2.38793
48 2401 0 100 0.1 2.3759 2.4759
67 2398 0 100 0.2 2.29362 2.49362
68 2407 0 100 0.3 2.55259 2.85259
82 2397 0 100 0.6 2.27399 2.87399
42 2405 0 100 0.4 2.51284 2.91284
56 2406 0 100 0.4 2.53617 2.93617
70 2409 0 100 0.3 2.64 2.94
33 2413 0 100 0.2 2.76446 2.96446
69 2421 0 100 5.83505e-08 2.99158 2.99158
28 2411 0 100 0.5 2.70343 3.20343
38 2423 0 100 0.1 3.13769 3.23769
32 2425 0 100 0.1 3.20417 3.30417
66 2400 0 100 1 2.36302 3.36302
61 2404 0 100 0.9 2.49488 3.39488
52 2434 0 100 0.1 3.39921 3.49921
78 2414 0 100 0.8 2.80775 3.60775
80 2439 0 100 1.40041e-07 3.65315 3.65315
64 2432 0 100 0.3 3.35645 3.65645
57 2430 0 100 0.4 3.32294 3.72294
54 2435 0 100 0.3 3.43182 3.73182
73 2429 0 100 0.5 3.31982 3.81982
37 2417 0 100 1 2.91388 3.91388
74 2418 0 100 1 2.91736 3.91736
25 2419 0 100 1 2.95764 3.95764
83 2416 0 100 1.1 2.87931 3.97931
41 2448 0 100 1.16701e-07 4.06812 4.06812
26 2431 0 100 0.8 3.35013 4.15013
58 2444 0 100 0.2 3.97533 4.17533
40 2455 0 100 9.33608e-08 4.2625 4.2625
59 2456 0 100 8.16907e-08 4.28358 4.28358
39 2459 0 100 4.66804e-08 4.35804 4.35804
65 2451 0 100 0.2 4.1932 4.3932
27 2428 0 100 1.1 3.29975 4.39975
50 2446 0 100 0.4 4.012 4.412
44 2426 0 100 1.3 3.23378 4.53378
53 2449 0 100 0.5 4.14129 4.64129
76 2461 0 100 0.3 4.39075 4.69075
47 2452 0 100 0.5 4.2326 4.7326
71 2458 0 100 0.4 4.34045 4.74045
62 2394 0 100 2.6 2.14703 4.74703
49 2467 0 100 0.2 4.58258 4.78258
31 2389 0 100 2.8 2.03918 4.83918
77 2438 0 100 1.3 3.6497 4.9497
55 2453 0 100 0.8 4.23594 5.03594
60 2469 0 100 0.7 4.59739 5.29739
63 2473 0 100 0.5 4.82984 5.32984
79 2478 0 100 0.5 4.97715 5.47715
69 2488 0 100 1.28371e-07 5.53857 5.53857
82 2490 0 100 0.2 5.58339 5.78339
75 2463 0 100 1.4 4.43287 5.83287
35 2471 0 100 1.1 4.74129 5.84129
29 2480 0 100 0.9 5.09599 5.99599
45 2477 0 100 1.1 4.97382 6.07382
81 2462 0 100 1.7 4.42782 6.12782
51 2475 0 100 1.2 4.94321 6.14321
28 2483 0 100 0.9 5.28709 6.18709
78 2491 0 100 0.7 5.63839 6.33839
33 2484 0 100 1.1 5.29703 6.39703
27 2501 0 100 0.1 6.42259 6.52259
30 2445 0 100 2.7 3.99952 6.69952
84 2468 0 100 2.2 4.58307 6.78307
70 2508 0 100 2.33402e-08 6.79289 6.79289
67 2510 0 100 1.51711e-07 6.83073 6.83073
34 2503 0 100 0.4 6.48005 6.88005
36 2457 0 100 2.6 4.29908 6.89908
72 2487 0 100 1.5 5.52088 7.02088
77 2516 0 100 9.33608e-08 7.03188 7.03188
43 2520 0 100 1.28371e-07 7.10099 7.10099
65 2523 0 100 0.1 7.23549 7.33549
41 2509 0 100 0.6 6.80015 7.40015
63 2529 0 100 0.1 7.54167 7.64167
42 2537 0 100 7.00206e-08 7.66172 7.66172
56 2519 0 100 0.6 7.08499 7.68499
83 2497 0 100 1.6 6.11757 7.71757
76 2539 0 100 0.1 7.73387 7.83387
59 2517 0 100 0.8 7.05099 7.85099
39 2528 0 100 0.4 7.52104 7.92104
50 2515 0 100 1 7.00833 8.00833
43 2465 0 100 3.5 4.51689 8.01689
32 2505 0 100 1.5 6.58734 8.08734
44 2536 0 100 0.5 7.63869 8.13869
31 2513 0 100 1.3 6.88459 8.18459
57 2543 0 100 0.4 7.87648 8.27648
60 2534 0 100 0.7 7.59294 8.29294
29 2535 0 100 0.7 7.61518 8.31518
37 2540 0 100 0.6 7.74177 8.34177
26 2530 0 100 0.8 7.55594 8.35594
68 2532 0 100 0.9 7.56747 8.46747
64 2560 0 100 7.00206e-08 8.47589 8.47589
54 2553 0 100 0.2 8.3056 8.5056
74 2558 0 100 0.1 8.45057 8.55057
46 2551 0 100 0.3 8.25877 8.55877
49 2527 0 100 1.1 7.47508 8.57508
71 2545 0 100 0.7 8.00094 8.70094
52 2533 0 100 1.2 7.59183 8.79183
40 2567 0 100 4.66804e-08 8.80027 8.80027
35 2564 0 100 0.1 8.70325 8.80325
73 2556 0 100 0.4 8.43255 8.83255
80 2561 0 100 0.4 8.50638 8.90638
72 2570 0 100 0.1 8.91856 9.01856
38 2550 0 100 0.9 8.19672 9.09672
62 2574 0 100 7.00206e-08 9.17377 9.17377
75 2575 0 100 1.16701e-07 9.20193 9.20193
81 2576 0 100 1.28371e-07 9.23758 9.23758
61 2512 0 100 2.4 6.87912 9.27912
47 2557 0 100 0.9 8.43819 9.33819
48 2522 0 100 2.2 7.20785 9.40785
66 2548 0 100 1.3 8.13011 9.43011
55 2568 0 100 0.7 8.81175 9.51175
84 2583 0 100 0.1 9.59782 9.69782
53 2546 0 100 1.7 8.00354 9.70354
30 2581 0 100 0.3 9.5501 9.8501
69 2587 0 100 1.51711e-07 9.85355 9.85355
25 2565 0 100 1.3 8.70856 10.0086
43 2590 0 100 5.83505e-08 10.0091 10.0091
42 2591 0 100 1.16701e-07 10.0221 10.0221
79 2594 0 100 0.1 10.1777 10.2777
70 2586 0 100 0.6 9.8057 10.4057
82 2596 0 100 0.2 10.2418 10.4418
78 2595 0 100 0.3 10.1915 10.4915
36 2605 0 100 8.16907e-08 10.5065 10.5065
37 2606 0 100 0.1 10.5496 10.6496
51 2554 0 100 2.4 8.34901 10.749
45 2577 0 100 1.5 9.24973 10.7497
53 2610 0 100 0.1 10.6556 10.7556
27 2600 0 100 0.4 10.3648 10.7648
74 2609 0 100 0.2 10.6022 10.8022
56 2615 0 100 4.66804e-08 10.8606 10.8606
33 2607 0 100 0.4 10.5612 10.9612
67 2618 0 100 0.1 10.9582 11.0582
31 2612 0 100 0.4 10.6858 11.0858
44 2603 0 100 0.7 10.4753 11.1753
77 2598 0 100 0.9 10.3241 11.2241
32 2602 0 100 0.8 10.4661 11.2661
50 2623 0 100 0.1 11.1901 11.2901
34 2626 0 100 0.1 11.3344 11.4344
64 2627 0 100 0.1 11.3459 11.4459
29 2630 0 100 9.33608e-08 11.5005 11.5005
54 2617 0 100 1 10.8932 11.8932
41 2640 0 100 4.66804e-08 11.9635 11.9635
39 2625 0 100 0.7 11.2801 11.9801
81 2641 0 100 4.66804e-08 12.0036 12.0036
61 2635 0 100 0.3 11.7298 12.0298
42 2647 0 100 2.33402e-08 12.1066 12.1066
57 2614 0 100 1.3 10.8417 12.1417
59 2643 0 100 0.2 12.0542 12.2542
26 2651 0 100 0.1 12.2604 12.3604
66 2646 0 100 0.3 12.0772 12.3772
69 2649 0 100 0.2 12.182 12.382
63 2620 0 100 1.5 10.9698 12.4698
83 2604 0 100 2 10.4859 12.4859
80 2642 0 100 0.6 12.0499 12.6499
79 2659 0 100 0.2 12.5912 12.7912
76 2644 0 100 0.8 12.0588 12.8588
84 2662 0 100 0.2 12.6847 12.8847
25 2650 0 100 1 12.1936 13.1936
71 2670 0 100 0.2 13.0678 13.2678
60 2657 0 100 0.8 12.5165 13.3165
75 2661 0 100 0.7 12.6828 13.3828
36 2677 0 100 7.00206e-08 13.405 13.405
68 2672 0 100 0.3 13.1916 13.4916
57 2675 0 100 0.3 13.2767 13.5767
35 2656 0 100 1.1 12.4835 13.5835
46 2633 0 100 2 11.6074 13.6074
58 2631 0 100 2.1 11.5475 13.6475
51 2673 0 100 0.5 13.1934 13.6934
33 2687 0 100 1.51711e-07 13.7278 13.7278
82 2683 0 100 0.2 13.5883 13.7883
44 2686 0 100 0.1 13.6953 13.7953
73 2664 0 100 1.1 12.7909 13.8909
55 2690 0 100 0.1 13.8393 13.9393
50 2695 0 100 1.51711e-07 14.0067 14.0067
28 2697 0 100 1.16701e-08 14.1163 14.1163
48 2684 0 100 0.6 13.6542 14.2542
38 2654 0 100 1.9 12.39 14.29
47 2668 0 100 1.5 13.0411 14.5411
70 2705 0 100 0.1 14.485 14.585
43 2706 0 100 0.1 14.4978 14.5978
56 2693 0 100 0.7 13.9639 14.6639
69 2710 0 100 1.28371e-07 14.7053 14.7053
31 2711 0 100 5.83505e-08 14.7273 14.7273
72 2680 0 100 1.2 13.5335 14.7335
74 2708 0 100 0.2 14.5907 14.7907
45 2678 0 100 1.5 13.4479 14.9479
