34 50 0.048 49.952
32 50 0.048 49.952
40 50 0.0048 49.9952
40 49.9952 0.048 49.9472
32 49.952 0.0048 49.9472
32 49.9472 0.16 49.7872
40 49.9472 0.016 49.9312
40 49.9312 0.016 49.9152
32 49.7872 0.0016 49.7856
40 49.9152 0.048 49.8672
32 49.7856 0.0048 49.7808
34 50 0.048 49.952
40 50 0.048 49.952
32 50 0.0048 49.9952
31 50 0.048 49.952
38 50 0.048 49.952
34 50 0.048 49.952
40 50 0.048 49.952
26 50 0.048 49.952
31 50 0.048 49.952
38 50 0.048 49.952
34 50 0.048 49.952
25 50 0.048 49.952
40 50 0.048 49.952
26 50 0.048 49.952
31 50 0.048 49.952
38 50 0.048 49.952
38 49.952 0.0048 49.9472
38 49.9472 0.16 49.7872
38 49.7872 0.0016 49.7856
31 49.952 0.016 49.936
31 49.936 0.016 49.92
37 50 0.016 49.984
37 49.984 0.016 49.968
37 49.968 0.048 49.92
34 50 0.016 49.984
42 50 0.016 49.984
42 49.984 0.016 49.968
42 49.968 0.048 49.92
39 50 0.016 49.984
39 49.984 0.016 49.968
39 49.968 0.048 49.92
34 49.984 0.016 49.968
29 50 0.016 49.984
29 49.984 0.016 49.968
29 49.968 0.048 49.92
32 50 0.016 49.984
32 49.984 0.016 49.968
32 49.968 0.048 49.92
40 50 0.016 49.984
28 50 0.016 49.984
28 49.984 0.016 49.968
28 49.968 0.048 49.92
36 50 0.016 49.984
36 49.984 0.016 49.968
36 49.968 0.048 49.92
40 49.984 0.016 49.968
44 50 0.016 49.984
44 49.984 0.016 49.968
44 49.968 0.048 49.92
35 50 0.016 49.984
35 49.984 0.016 49.968
35 49.968 0.048 49.92
27 50 0.016 49.984
27 49.984 0.016 49.968
27 49.968 0.048 49.92
26 49.952 0.016 49.936
41 50 0.016 49.984
41 49.984 0.016 49.968
41 49.968 0.048 49.92
26 49.936 0.016 49.92
25 50 0.016 49.984
33 50 0.016 49.984
33 49.984 0.016 49.968
33 49.968 0.048 49.92
30 50 0.016 49.984
30 49.984 0.016 49.968
30 49.968 0.048 49.92
43 50 0.016 49.984
43 49.984 0.016 49.968
43 49.968 0.048 49.92
43 49.92 0.0048 49.9152
43 49.9152 0.16 49.7552
34 49.968 0.048 49.92
25 49.984 0.048 49.936
40 49.968 0.048 49.92
26 50 0.048 49.952
31 50 0.048 49.952
37 50 0.048 49.952
42 50 0.048 49.952
39 50 0.048 49.952
29 50 0.048 49.952
32 50 0.048 49.952
28 50 0.048 49.952
36 50 0.048 49.952
44 50 0.048 49.952
35 50 0.048 49.952
41 50 0.0048 49.9952
27 50 0.048 49.952
41 49.9952 0.048 49.9472
35 49.952 0.0048 49.9472
33 50 0.048 49.952
30 50 0.048 49.952
34 50 0.048 49.952
25 50 0.048 49.952
40 50 0.048 49.952
26 50 0.048 49.952
31 50 0.048 49.952
37 50 0.048 49.952
42 50 0.048 49.952
39 50 0.048 49.952
29 50 0.048 49.952
32 50 0.048 49.952
28 50 0.048 49.952
36 50 0.048 49.952
44 50 0.048 49.952
35 50 0.048 49.952
27 50 0.048 49.952
41 50 0.048 49.952
33 50 0.048 49.952
30 50 0.048 49.952
34 50 0.048 49.952
25 50 0.048 49.952
40 50 0.048 49.952
26 50 0.048 49.952
31 50 0.048 49.952
37 50 0.048 49.952
42 50 0.048 49.952
39 50 0.048 49.952
29 50 0.048 49.952
32 50 0.048 49.952
28 50 0.048 49.952
36 50 0.048 49.952
44 50 0.048 49.952
35 50 0.048 49.952
27 50 0.048 49.952
41 50 0.048 49.952
33 50 0.048 49.952
30 50 0.048 49.952
34 50 0.048 49.952
25 50 0.048 49.952
40 50 0.048 49.952
40 49.952 0.0048 49.9472
40 49.9472 0.16 49.7872
40 49.7872 0.0016 49.7856
36 50 0.016 49.984
29 50 0.016 49.984
36 49.984 0.016 49.968
44 50 0.016 49.984
29 49.984 0.016 49.968
39 50 0.016 49.984
27 50 0.016 49.984
44 49.984 0.016 49.968
39 49.984 0.016 49.968
27 49.984 0.016 49.968
25 49.952 0.016 49.936
33 50 0.016 49.984
38 50 0.016 49.984
38 49.984 0.016 49.968
38 49.968 0.048 49.92
25 49.936 0.016 49.92
33 49.984 0.016 49.968
31 49.952 0.016 49.936
30 50 0.016 49.984
31 49.936 0.016 49.92
34 49.952 0.016 49.936
37 49.952 0.016 49.936
30 49.984 0.016 49.968
43 50 0.016 49.984
43 49.984 0.016 49.968
43 49.968 0.048 49.92
34 49.936 0.016 49.92
37 49.936 0.016 49.92
42 50 0.016 49.984
26 50 0.016 49.984
42 49.984 0.016 49.968
28 50 0.016 49.984
28 49.984 0.016 49.968
35 49.952 0.016 49.936
41 49.952 0.016 49.936
26 49.984 0.048 49.936
31 50 0.048 49.952
37 50 0.048 49.952
42 49.968 0.048 49.92
39 49.968 0.048 49.92
29 49.968 0.048 49.92
32 50 0.048 49.952
28 49.968 0.048 49.92
36 49.968 0.048 49.92
44 49.968 0.048 49.92
35 50 0.048 49.952
27 49.968 0.048 49.92
41 50 0.048 49.952
33 49.968 0.048 49.92
30 49.968 0.048 49.92
34 50 0.048 49.952
34 49.952 0.0048 49.9472
34 49.9472 0.16 49.7872
34 49.7872 0.0016 49.7856
37 49.952 0.016 49.936
42 50 0.016 49.984
31 49.952 0.016 49.936
37 49.936 0.016 49.92
42 49.984 0.016 49.968
31 49.936 0.016 49.92
38 49.92 0.016 49.904
28 50 0.016 49.984
39 50 0.016 49.984
29 49.92 0.016 49.904
39 49.984 0.016 49.968
35 49.952 0.016 49.936
29 49.904 0.016 49.888
32 49.952 0.016 49.936
40 50 0.016 49.984
40 49.984 0.016 49.968
40 49.968 0.048 49.92
32 49.936 0.016 49.92
36 50 0.016 49.984
36 49.984 0.016 49.968
27 49.92 0.016 49.904
44 50 0.016 49.984
27 49.904 0.016 49.888
44 49.984 0.016 49.968
25 50 0.016 49.984
25 49.984 0.016 49.968
33 49.92 0.016 49.904
33 49.904 0.016 49.888
30 50 0.016 49.984
43 50 0.016 49.984
30 49.984 0.016 49.968
43 49.984 0.016 49.968
26 50 0.016 49.984
25 49.968 0.048 49.92
38 50 0.048 49.952
43 49.968 0.048 49.92
26 49.984 0.048 49.936
31 50 0.048 49.952
37 50 0.048 49.952
42 49.968 0.048 49.92
39 49.968 0.048 49.92
29 50 0.048 49.952
32 50 0.048 49.952
28 49.984 0.048 49.936
36 49.968 0.048 49.92
44 49.968 0.048 49.92
35 50 0.048 49.952
27 50 0.048 49.952
41 50 0.048 49.952
33 50 0.048 49.952
30 49.968 0.048 49.92
40 50 0.048 49.952
25 50 0.048 49.952
38 50 0.048 49.952
43 50 0.048 49.952
26 50 0.048 49.952
26 49.952 0.0048 49.9472
26 49.9472 0.16 49.7872
26 49.7872 0.0016 49.7856
35 50 0.016 49.984
41 50 0.016 49.984
43 49.952 0.016 49.936
30 50 0.016 49.984
43 49.936 0.016 49.92
30 49.984 0.016 49.968
25 50 0.016 49.984
33 50 0.016 49.984
25 49.984 0.016 49.968
33 49.984 0.016 49.968
27 50 0.016 49.984
27 49.984 0.016 49.968
44 50 0.016 49.984
44 49.984 0.016 49.968
32 50 0.016 49.984
36 50 0.016 49.984
32 49.984 0.016 49.968
40 50 0.016 49.984
29 50 0.016 49.984
40 49.984 0.016 49.968
29 49.984 0.016 49.968
39 50 0.016 49.984
39 49.984 0.016 49.968
38 49.952 0.016 49.936
31 49.952 0.016 49.936
38 49.936 0.016 49.92
31 49.936 0.016 49.92
34 50 0.016 49.984
34 49.984 0.016 49.968
34 49.968 0.048 49.92
37 50 0.016 49.984
37 49.984 0.016 49.968
42 50 0.016 49.984
42 49.984 0.016 49.968
28 50 0.016 49.984
28 49.984 0.016 49.968
31 50 0.048 49.952
37 49.968 0.048 49.92
42 49.968 0.048 49.92
39 49.968 0.048 49.92
29 49.968 0.048 49.92
32 49.968 0.048 49.92
28 49.968 0.048 49.92
36 49.984 0.048 49.936
44 49.968 0.048 49.92
35 49.984 0.048 49.936
27 49.968 0.048 49.92
41 49.984 0.048 49.936
33 49.968 0.048 49.92
30 49.968 0.048 49.92
40 49.968 0.048 49.92
25 49.968 0.048 49.92
38 50 0.048 49.952
43 50 0.048 49.952
34 50 0.048 49.952
31 50 0.048 49.952
37 50 0.048 49.952
42 50 0.048 49.952
39 50 0.048 49.952
29 50 0.048 49.952
32 50 0.048 49.952
40 50 0.0048 49.9952
28 50 0.048 49.952
36 50 0.048 49.952
44 50 0.048 49.952
35 50 0.048 49.952
27 50 0.048 49.952
41 50 0.048 49.952
33 50 0.048 49.952
30 50 0.048 49.952
40 49.9952 0.048 49.9472
32 49.952 0.0048 49.9472
25 50 0.048 49.952
38 50 0.048 49.952
43 50 0.048 49.952
34 50 0.048 49.952
31 50 0.048 49.952
37 50 0.048 49.952
42 50 0.048 49.952
39 50 0.048 49.952
29 50 0.048 49.952
32 50 0.048 49.952
28 50 0.048 49.952
36 50 0.048 49.952
44 50 0.048 49.952
35 50 0.048 49.952
41 50 0.0048 49.9952
27 50 0.048 49.952
41 49.9952 0.048 49.9472
35 49.952 0.0048 49.9472
33 50 0.048 49.952
30 50 0.048 49.952
40 50 0.048 49.952
25 50 0.048 49.952
38 50 0.048 49.952
43 50 0.048 49.952
34 50 0.048 49.952
31 50 0.048 49.952
31 49.952 0.0048 49.9472
31 49.9472 0.16 49.7872
31 49.7872 0.0016 49.7856
37 50 0.016 49.984
38 49.952 0.016 49.936
38 49.936 0.016 49.92
34 49.952 0.016 49.936
37 49.984 0.016 49.968
42 50 0.016 49.984
34 49.936 0.016 49.92
42 49.984 0.016 49.968
39 50 0.016 49.984
29 50 0.016 49.984
28 50 0.016 49.984
29 49.984 0.016 49.968
32 50 0.016 49.984
40 50 0.016 49.984
32 49.984 0.016 49.968
36 50 0.016 49.984
40 49.984 0.016 49.968
36 49.984 0.016 49.968
27 50 0.016 49.984
44 50 0.016 49.984
27 49.984 0.016 49.968
25 50 0.016 49.984
25 49.984 0.016 49.968
33 50 0.016 49.984
30 50 0.016 49.984
33 49.984 0.016 49.968
30 49.984 0.016 49.968
43 50 0.016 49.984
43 49.984 0.016 49.968
26 50 0.016 49.984
26 49.984 0.016 49.968
26 49.968 0.048 49.92
35 50 0.016 49.984
41 50 0.016 49.984
35 49.984 0.016 49.968
41 49.984 0.016 49.968
37 49.968 0.048 49.92
42 49.968 0.048 49.92
39 49.984 0.048 49.936
29 49.968 0.048 49.92
32 49.968 0.048 49.92
40 49.968 0.0048 49.9632
28 49.984 0.048 49.936
36 49.968 0.048 49.92
44 49.984 0.048 49.936
35 49.968 0.048 49.92
41 49.968 0.0048 49.9632
27 49.968 0.048 49.92
41 49.9632 0.048 49.9152
35 49.92 0.0048 49.9152
33 49.968 0.048 49.92
30 49.968 0.048 49.92
40 49.9632 0.048 49.9152
32 49.92 0.0048 49.9152
25 49.968 0.048 49.92
38 50 0.048 49.952
43 49.968 0.048 49.92
34 50 0.048 49.952
26 50 0.048 49.952
37 50 0.048 49.952
42 50 0.048 49.952
39 50 0.048 49.952
29 50 0.048 49.952
32 50 0.048 49.952
28 50 0.048 49.952
36 50 0.048 49.952
44 50 0.048 49.952
35 50 0.048 49.952
27 50 0.048 49.952
41 50 0.048 49.952
33 50 0.048 49.952
30 50 0.048 49.952
40 50 0.048 49.952
25 50 0.048 49.952
38 50 0.048 49.952
43 50 0.048 49.952
34 50 0.048 49.952
26 50 0.048 49.952
37 50 0.048 49.952
42 50 0.048 49.952
39 50 0.048 49.952
29 50 0.048 49.952
32 50 0.048 49.952
28 50 0.048 49.952
28 49.952 0.0048 49.9472
28 49.9472 0.16 49.7872
36 50 0.048 49.952
44 50 0.048 49.952
35 50 0.048 49.952
41 50 0.0048 49.9952
27 50 0.048 49.952
41 49.9952 0.048 49.9472
35 49.952 0.0048 49.9472
33 50 0.048 49.952
30 50 0.048 49.952
40 50 0.048 49.952
25 50 0.048 49.952
38 50 0.048 49.952
43 50 0.048 49.952
34 50 0.048 49.952
26 50 0.048 49.952
37 50 0.048 49.952
42 50 0.048 49.952
39 50 0.048 49.952
29 50 0.048 49.952
32 50 0.048 49.952
36 50 0.048 49.952
44 50 0.048 49.952
35 50 0.048 49.952
41 50 0.0048 49.9952
27 50 0.048 49.952
41 49.9952 0.048 49.9472
35 49.952 0.0048 49.9472
33 50 0.048 49.952
30 50 0.048 49.952
40 50 0.048 49.952
25 50 0.048 49.952
38 50 0.048 49.952
43 50 0.048 49.952
34 50 0.048 49.952
26 50 0.048 49.952
37 50 0.048 49.952
42 50 0.048 49.952
39 50 0.048 49.952
29 50 0.048 49.952
32 50 0.048 49.952
40 50 0.0048 49.9952
36 50 0.048 49.952
44 50 0.048 49.952
35 50 0.048 49.952
41 50 0.0048 49.9952
27 50 0.048 49.952
41 49.9952 0.048 49.9472
35 49.952 0.0048 49.9472
33 50 0.048 49.952
30 50 0.048 49.952
40 49.9952 0.048 49.9472
25 50 0.048 49.952
38 50 0.048 49.952
43 50 0.048 49.952
34 50 0.048 49.952
26 50 0.048 49.952
37 50 0.048 49.952
42 50 0.048 49.952
39 50 0.048 49.952
29 50 0.048 49.952
32 50 0.048 49.952
36 50 0.048 49.952
44 50 0.048 49.952
35 50 0.048 49.952
27 50 0.048 49.952
41 50 0.048 49.952
33 50 0.048 49.952
30 50 0.048 49.952
40 50 0.048 49.952
25 50 0.048 49.952
38 50 0.048 49.952
43 50 0.048 49.952
34 50 0.048 49.952
26 50 0.048 49.952
37 50 0.048 49.952
42 50 0.048 49.952
39 50 0.048 49.952
29 50 0.048 49.952
32 50 0.048 49.952
36 50 0.048 49.952
44 50 0.048 49.952
35 50 0.048 49.952
27 50 0.048 49.952
41 50 0.048 49.952
33 50 0.048 49.952
30 50 0.048 49.952
40 50 0.048 49.952
25 50 0.048 49.952
38 50 0.048 49.952
43 50 0.048 49.952
34 50 0.048 49.952
26 50 0.048 49.952
37 50 0.048 49.952
42 50 0.048 49.952
39 50 0.048 49.952
29 50 0.048 49.952
32 50 0.048 49.952
36 50 0.048 49.952
44 50 0.048 49.952
35 50 0.048 49.952
27 50 0.048 49.952
41 50 0.048 49.952
33 50 0.048 49.952
30 50 0.048 49.952
40 50 0.048 49.952
25 50 0.048 49.952
25 49.952 0.0048 49.9472
25 49.9472 0.16 49.7872
25 49.7872 0.0016 49.7856
33 49.952 0.016 49.936
33 49.936 0.016 49.92
27 49.952 0.016 49.936
30 50 0.016 49.984
43 50 0.016 49.984
27 49.936 0.016 49.92
44 50 0.016 49.984
30 49.984 0.016 49.968
43 49.984 0.016 49.968
44 49.984 0.016 49.968
26 50 0.016 49.984
36 50 0.016 49.984
26 49.984 0.016 49.968
35 49.952 0.016 49.936
41 49.952 0.016 49.936
32 49.952 0.016 49.936
36 49.984 0.016 49.968
40 49.952 0.016 49.936
35 49.936 0.016 49.92
41 49.936 0.016 49.92
29 50 0.016 49.984
40 49.936 0.016 49.92
29 49.984 0.016 49.968
39 50 0.016 49.984
28 50 0.016 49.984
28 49.984 0.016 49.968
28 49.968 0.048 49.92
39 49.984 0.016 49.968
38 50 0.016 49.984
31 50 0.016 49.984
31 49.984 0.016 49.968
31 49.968 0.048 49.92
38 49.984 0.016 49.968
37 49.952 0.016 49.936
34 50 0.016 49.984
37 49.936 0.016 49.92
42 50 0.016 49.984
38 49.968 0.048 49.92
43 49.968 0.048 49.92
34 49.984 0.048 49.936
26 49.968 0.048 49.92
37 50 0.048 49.952
42 49.984 0.048 49.936
39 49.968 0.048 49.92
29 49.968 0.048 49.92
32 50 0.048 49.952
36 49.968 0.048 49.92
44 49.968 0.048 49.92
35 50 0.048 49.952
27 50 0.048 49.952
41 50 0.048 49.952
33 50 0.048 49.952
30 49.968 0.048 49.92
40 50 0.048 49.952
28 50 0.048 49.952
31 50 0.048 49.952
38 50 0.048 49.952
43 50 0.048 49.952
34 50 0.048 49.952
26 50 0.048 49.952
37 50 0.048 49.952
42 50 0.048 49.952
39 50 0.048 49.952
29 50 0.048 49.952
32 50 0.048 49.952
36 50 0.048 49.952
44 50 0.048 49.952
35 50 0.048 49.952
27 50 0.048 49.952
41 50 0.048 49.952
33 50 0.048 49.952
30 50 0.048 49.952
40 50 0.048 49.952
28 50 0.048 49.952
31 50 0.048 49.952
38 50 0.048 49.952
43 50 0.048 49.952
34 50 0.048 49.952
26 50 0.048 49.952
37 50 0.048 49.952
42 50 0.048 49.952
39 50 0.048 49.952
29 50 0.048 49.952
32 50 0.048 49.952
36 50 0.048 49.952
44 50 0.048 49.952
35 50 0.048 49.952
27 50 0.048 49.952
41 50 0.048 49.952
33 50 0.048 49.952
30 50 0.048 49.952
40 50 0.048 49.952
28 50 0.048 49.952
31 50 0.048 49.952
38 50 0.048 49.952
43 50 0.048 49.952
34 50 0.048 49.952
26 50 0.048 49.952
37 50 0.048 49.952
42 50 0.048 49.952
39 50 0.048 49.952
29 50 0.048 49.952
32 50 0.048 49.952
40 50 0.0048 49.9952
36 50 0.048 49.952
44 50 0.048 49.952
35 50 0.048 49.952
41 50 0.0048 49.9952
27 50 0.048 49.952
41 49.9952 0.048 49.9472
35 49.952 0.0048 49.9472
33 50 0.048 49.952
30 50 0.048 49.952
40 49.9952 0.048 49.9472
32 49.952 0.0048 49.9472
28 50 0.048 49.952
31 50 0.048 49.952
38 50 0.048 49.952
43 50 0.048 49.952
34 50 0.048 49.952
26 50 0.048 49.952
37 50 0.048 49.952
42 50 0.048 49.952
39 50 0.048 49.952
29 50 0.048 49.952
32 50 0.048 49.952
40 50 0.0048 49.9952
36 50 0.048 49.952
44 50 0.048 49.952
35 50 0.048 49.952
41 50 0.0048 49.9952
27 50 0.048 49.952
41 49.9952 0.048 49.9472
35 49.952 0.0048 49.9472
33 50 0.048 49.952
30 50 0.048 49.952
40 49.9952 0.048 49.9472
28 50 0.048 49.952
31 50 0.048 49.952
38 50 0.048 49.952
43 50 0.048 49.952
34 50 0.048 49.952
26 50 0.048 49.952
37 50 0.048 49.952
42 50 0.048 49.952
39 50 0.048 49.952
29 50 0.048 49.952
32 50 0.048 49.952
40 50 0.0048 49.9952
36 50 0.048 49.952
44 50 0.048 49.952
35 50 0.048 49.952
41 50 0.0048 49.9952
27 50 0.048 49.952
41 49.9952 0.048 49.9472
35 49.952 0.0048 49.9472
33 50 0.048 49.952
30 50 0.048 49.952
40 49.9952 0.048 49.9472
32 49.952 0.0048 49.9472
28 50 0.048 49.952
31 50 0.048 49.952
38 50 0.048 49.952
43 50 0.048 49.952
34 50 0.048 49.952
26 50 0.048 49.952
37 50 0.048 49.952
42 50 0.048 49.952
39 50 0.048 49.952
29 50 0.048 49.952
32 50 0.048 49.952
40 50 0.0048 49.9952
36 50 0.048 49.952
44 50 0.048 49.952
35 50 0.048 49.952
27 50 0.048 49.952
41 50 0.048 49.952
33 50 0.048 49.952
30 50 0.048 49.952
40 49.9952 0.048 49.9472
32 49.952 0.0048 49.9472
28 50 0.048 49.952
31 50 0.048 49.952
38 50 0.048 49.952
43 50 0.048 49.952
34 50 0.048 49.952
26 50 0.048 49.952
37 50 0.048 49.952
42 50 0.048 49.952
39 50 0.048 49.952
29 50 0.048 49.952
32 50 0.048 49.952
40 50 0.0048 49.9952
36 50 0.048 49.952
44 50 0.048 49.952
35 50 0.048 49.952
27 50 0.048 49.952
41 50 0.048 49.952
33 50 0.048 49.952
30 50 0.048 49.952
40 49.9952 0.048 49.9472
32 49.952 0.0048 49.9472
28 50 0.048 49.952
31 50 0.048 49.952
38 50 0.048 49.952
43 50 0.048 49.952
34 50 0.048 49.952
26 50 0.048 49.952
37 50 0.048 49.952
42 50 0.048 49.952
39 50 0.048 49.952
29 50 0.048 49.952
32 50 0.048 49.952
40 50 0.0048 49.9952
36 50 0.048 49.952
44 50 0.048 49.952
35 50 0.048 49.952
27 50 0.048 49.952
41 50 0.048 49.952
33 50 0.048 49.952
30 50 0.048 49.952
40 49.9952 0.048 49.9472
28 50 0.048 49.952
31 50 0.048 49.952
38 50 0.048 49.952
43 50 0.048 49.952
34 50 0.048 49.952
26 50 0.048 49.952
37 50 0.048 49.952
42 50 0.048 49.952
39 50 0.048 49.952
29 50 0.048 49.952
32 50 0.048 49.952
36 50 0.048 49.952
44 50 0.048 49.952
35 50 0.048 49.952
27 50 0.048 49.952
41 50 0.048 49.952
33 50 0.048 49.952
30 50 0.048 49.952
40 50 0.048 49.952
28 50 0.048 49.952
31 50 0.048 49.952
38 50 0.048 49.952
43 50 0.048 49.952
34 50 0.048 49.952
26 50 0.048 49.952
37 50 0.048 49.952
42 50 0.048 49.952
39 50 0.048 49.952
29 50 0.048 49.952
32 50 0.048 49.952
36 50 0.048 49.952
44 50 0.048 49.952
35 50 0.048 49.952
41 50 0.0048 49.9952
27 50 0.048 49.952
41 49.9952 0.048 49.9472
35 49.952 0.0048 49.9472
33 50 0.048 49.952
30 50 0.048 49.952
40 50 0.048 49.952
28 50 0.048 49.952
31 50 0.048 49.952
38 50 0.048 49.952
43 50 0.048 49.952
34 50 0.048 49.952
26 50 0.048 49.952
37 50 0.048 49.952
42 50 0.048 49.952
39 50 0.048 49.952
29 50 0.048 49.952
32 50 0.048 49.952
36 50 0.048 49.952
44 50 0.048 49.952
35 50 0.048 49.952
27 50 0.048 49.952
41 50 0.048 49.952
33 50 0.048 49.952
30 50 0.048 49.952
40 50 0.048 49.952
28 50 0.048 49.952
31 50 0.048 49.952
38 50 0.048 49.952
43 50 0.048 49.952
34 50 0.048 49.952
26 50 0.048 49.952
37 50 0.048 49.952
42 50 0.048 49.952
39 50 0.048 49.952
29 50 0.048 49.952
32 50 0.048 49.952
36 50 0.048 49.952
44 50 0.048 49.952
35 50 0.048 49.952
27 50 0.048 49.952
41 50 0.048 49.952
33 50 0.048 49.952
30 50 0.048 49.952
40 50 0.048 49.952
28 50 0.048 49.952
31 50 0.048 49.952
38 50 0.048 49.952
43 50 0.048 49.952
34 50 0.048 49.952
42 50 0.0048 49.9952
26 50 0.048 49.952
37 50 0.048 49.952
42 49.9952 0.048 49.9472
34 50 0.0048 49.9952
39 50 0.048 49.952
39 49.952 0.0048 49.9472
39 49.9472 0.16 49.7872
29 50 0.048 49.952
32 50 0.048 49.952
36 50 0.048 49.952
44 50 0.048 49.952
35 50 0.048 49.952
27 50 0.048 49.952
41 50 0.048 49.952
33 50 0.048 49.952
30 50 0.048 49.952
40 50 0.048 49.952
28 50 0.048 49.952
31 50 0.048 49.952
38 50 0.048 49.952
43 50 0.048 49.952
34 49.9952 0.048 49.9472
26 50 0.048 49.952
37 50 0.048 49.952
42 50 0.048 49.952
29 50 0.048 49.952
32 50 0.048 49.952
36 50 0.048 49.952
44 50 0.048 49.952
35 50 0.048 49.952
27 50 0.048 49.952
41 50 0.048 49.952
33 50 0.048 49.952
30 50 0.048 49.952
40 50 0.048 49.952
28 50 0.048 49.952
31 50 0.048 49.952
38 50 0.048 49.952
43 50 0.048 49.952
34 50 0.048 49.952
26 50 0.048 49.952
37 50 0.048 49.952
42 50 0.048 49.952
29 50 0.048 49.952
32 50 0.048 49.952
36 50 0.048 49.952
44 50 0.048 49.952
35 50 0.048 49.952
41 50 0.0048 49.9952
27 50 0.048 49.952
41 49.9952 0.048 49.9472
35 49.952 0.0048 49.9472
33 50 0.048 49.952
30 50 0.048 49.952
40 50 0.048 49.952
28 50 0.048 49.952
31 50 0.048 49.952
38 50 0.048 49.952
43 50 0.048 49.952
34 50 0.048 49.952
26 50 0.048 49.952
37 50 0.048 49.952
42 50 0.048 49.952
29 50 0.048 49.952
32 50 0.048 49.952
36 50 0.048 49.952
44 50 0.048 49.952
35 50 0.048 49.952
27 50 0.048 49.952
41 50 0.048 49.952
33 50 0.048 49.952
30 50 0.048 49.952
40 50 0.048 49.952
28 50 0.048 49.952
31 50 0.048 49.952
38 50 0.048 49.952
43 50 0.048 49.952
34 50 0.048 49.952
26 50 0.048 49.952
37 50 0.048 49.952
42 50 0.048 49.952
29 50 0.048 49.952
32 50 0.048 49.952
36 50 0.048 49.952
44 50 0.048 49.952
35 50 0.048 49.952
27 50 0.048 49.952
41 50 0.048 49.952
33 50 0.048 49.952
30 50 0.048 49.952
40 50 0.048 49.952
28 50 0.048 49.952
31 50 0.048 49.952
38 50 0.048 49.952
43 50 0.048 49.952
34 50 0.048 49.952
26 50 0.048 49.952
37 50 0.048 49.952
42 50 0.048 49.952
29 50 0.048 49.952
32 50 0.048 49.952
36 50 0.048 49.952
44 50 0.048 49.952
35 50 0.048 49.952
27 50 0.048 49.952
41 50 0.048 49.952
33 50 0.048 49.952
30 50 0.048 49.952
40 50 0.048 49.952
28 50 0.048 49.952
31 50 0.048 49.952
38 50 0.048 49.952
43 50 0.048 49.952
34 50 0.048 49.952
26 50 0.048 49.952
37 50 0.048 49.952
42 50 0.048 49.952
34 50 0.0048 49.9952
29 50 0.048 49.952
32 50 0.048 49.952
36 50 0.048 49.952
44 50 0.048 49.952
35 50 0.048 49.952
27 50 0.048 49.952
41 50 0.048 49.952
33 50 0.048 49.952
30 50 0.048 49.952
40 50 0.048 49.952
28 50 0.048 49.952
31 50 0.048 49.952
38 50 0.048 49.952
43 50 0.048 49.952
34 49.9952 0.048 49.9472
42 50 0.0048 49.9952
26 50 0.048 49.952
37 50 0.048 49.952
42 49.9952 0.048 49.9472
34 50 0.0048 49.9952
29 50 0.048 49.952
32 50 0.048 49.952
36 50 0.048 49.952
36 49.952 0.0048 49.9472
36 49.9472 0.16 49.7872
44 50 0.048 49.952
35 50 0.048 49.952
27 50 0.048 49.952
41 50 0.048 49.952
33 50 0.048 49.952
30 50 0.048 49.952
40 50 0.048 49.952
28 50 0.048 49.952
31 50 0.048 49.952
38 50 0.048 49.952
43 50 0.048 49.952
34 49.9952 0.048 49.9472
42 50 0.0048 49.9952
26 50 0.048 49.952
37 50 0.048 49.952
42 49.9952 0.048 49.9472
34 50 0.0048 49.9952
29 50 0.048 49.952
32 50 0.048 49.952
44 50 0.048 49.952
35 50 0.048 49.952
27 50 0.048 49.952
41 50 0.048 49.952
33 50 0.048 49.952
30 50 0.048 49.952
40 50 0.048 49.952
28 50 0.048 49.952
31 50 0.048 49.952
38 50 0.048 49.952
43 50 0.048 49.952
34 49.9952 0.048 49.9472
42 50 0.0048 49.9952
26 50 0.048 49.952
37 50 0.048 49.952
42 49.9952 0.048 49.9472
34 50 0.0048 49.9952
29 50 0.048 49.952
32 50 0.048 49.952
44 50 0.048 49.952
35 50 0.048 49.952
27 50 0.048 49.952
41 50 0.048 49.952
33 50 0.048 49.952
30 50 0.048 49.952
40 50 0.048 49.952
28 50 0.048 49.952
31 50 0.048 49.952
38 50 0.048 49.952
43 50 0.048 49.952
34 49.9952 0.048 49.9472
26 50 0.048 49.952
37 50 0.048 49.952
42 50 0.048 49.952
29 50 0.048 49.952
32 50 0.048 49.952
44 50 0.048 49.952
35 50 0.048 49.952
27 50 0.048 49.952
41 50 0.048 49.952
33 50 0.048 49.952
30 50 0.048 49.952
40 50 0.048 49.952
28 50 0.048 49.952
31 50 0.048 49.952
38 50 0.048 49.952
43 50 0.048 49.952
34 50 0.048 49.952
26 50 0.048 49.952
37 50 0.048 49.952
42 50 0.048 49.952
29 50 0.048 49.952
32 50 0.048 49.952
44 50 0.048 49.952
35 50 0.048 49.952
27 50 0.048 49.952
41 50 0.048 49.952
33 50 0.048 49.952
30 50 0.048 49.952
40 50 0.048 49.952
28 50 0.048 49.952
31 50 0.048 49.952
38 50 0.048 49.952
43 50 0.048 49.952
34 50 0.048 49.952
42 50 0.0048 49.9952
26 50 0.048 49.952
37 50 0.048 49.952
42 49.9952 0.048 49.9472
34 50 0.0048 49.9952
29 50 0.048 49.952
32 50 0.048 49.952
44 50 0.048 49.952
35 50 0.048 49.952
27 50 0.048 49.952
41 50 0.048 49.952
33 50 0.048 49.952
30 50 0.048 49.952
40 50 0.048 49.952
28 50 0.048 49.952
31 50 0.048 49.952
38 50 0.048 49.952
43 50 0.048 49.952
34 49.9952 0.048 49.9472
26 50 0.048 49.952
37 50 0.048 49.952
42 50 0.048 49.952
29 50 0.048 49.952
32 50 0.048 49.952
44 50 0.048 49.952
35 50 0.048 49.952
27 50 0.048 49.952
41 50 0.048 49.952
33 50 0.048 49.952
30 50 0.048 49.952
40 50 0.048 49.952
28 50 0.048 49.952
31 50 0.048 49.952
38 50 0.048 49.952
43 50 0.048 49.952
34 50 0.048 49.952
26 50 0.048 49.952
37 50 0.048 49.952
42 50 0.048 49.952
29 50 0.048 49.952
32 50 0.048 49.952
44 50 0.048 49.952
35 50 0.048 49.952
27 50 0.048 49.952
41 50 0.048 49.952
33 50 0.048 49.952
30 50 0.048 49.952
40 50 0.048 49.952
28 50 0.048 49.952
31 50 0.048 49.952
38 50 0.048 49.952
43 50 0.048 49.952
34 50 0.048 49.952
42 50 0.0048 49.9952
26 50 0.048 49.952
37 50 0.048 49.952
42 49.9952 0.048 49.9472
34 50 0.0048 49.9952
29 50 0.048 49.952
32 50 0.048 49.952
44 50 0.048 49.952
35 50 0.048 49.952
41 50 0.0048 49.9952
27 50 0.048 49.952
41 49.9952 0.048 49.9472
35 49.952 0.0048 49.9472
33 50 0.048 49.952
30 50 0.048 49.952
40 50 0.048 49.952
28 50 0.048 49.952
31 50 0.048 49.952
38 50 0.048 49.952
43 50 0.048 49.952
34 49.9952 0.048 49.9472
42 50 0.0048 49.9952
26 50 0.048 49.952
37 50 0.048 49.952
42 49.9952 0.048 49.9472
34 50 0.0048 49.9952
29 50 0.048 49.952
32 50 0.048 49.952
44 50 0.048 49.952
35 50 0.048 49.952
41 50 0.0048 49.9952
27 50 0.048 49.952
41 49.9952 0.048 49.9472
35 49.952 0.0048 49.9472
33 50 0.048 49.952
30 50 0.048 49.952
40 50 0.048 49.952
28 50 0.048 49.952
31 50 0.048 49.952
38 50 0.048 49.952
43 50 0.048 49.952
34 49.9952 0.048 49.9472
42 50 0.0048 49.9952
26 50 0.048 49.952
37 50 0.048 49.952
42 49.9952 0.048 49.9472
34 50 0.0048 49.9952
29 50 0.048 49.952
32 50 0.048 49.952
44 50 0.048 49.952
35 50 0.048 49.952
41 50 0.0048 49.9952
27 50 0.048 49.952
41 49.9952 0.048 49.9472
35 49.952 0.0048 49.9472
33 50 0.048 49.952
30 50 0.048 49.952
40 50 0.048 49.952
28 50 0.048 49.952
31 50 0.048 49.952
38 50 0.048 49.952
43 50 0.048 49.952
34 49.9952 0.048 49.9472
42 50 0.0048 49.9952
26 50 0.048 49.952
37 50 0.048 49.952
42 49.9952 0.048 49.9472
34 50 0.0048 49.9952
29 50 0.048 49.952
32 50 0.048 49.952
44 50 0.048 49.952
35 50 0.048 49.952
41 50 0.0048 49.9952
27 50 0.048 49.952
41 49.9952 0.048 49.9472
35 49.952 0.0048 49.9472
33 50 0.048 49.952
30 50 0.048 49.952
40 50 0.048 49.952
28 50 0.048 49.952
31 50 0.048 49.952
38 50 0.048 49.952
43 50 0.048 49.952
34 49.9952 0.048 49.9472
42 50 0.0048 49.9952
26 50 0.048 49.952
37 50 0.048 49.952
42 49.9952 0.048 49.9472
34 50 0.0048 49.9952
29 50 0.048 49.952
32 50 0.048 49.952
44 50 0.048 49.952
35 50 0.048 49.952
41 50 0.0048 49.9952
27 50 0.048 49.952
41 49.9952 0.048 49.9472
35 49.952 0.0048 49.9472
33 50 0.048 49.952
30 50 0.048 49.952
40 50 0.048 49.952
28 50 0.048 49.952
31 50 0.048 49.952
38 50 0.048 49.952
43 50 0.048 49.952
34 49.9952 0.048 49.9472
42 50 0.0048 49.9952
26 50 0.048 49.952
37 50 0.048 49.952
42 49.9952 0.048 49.9472
34 50 0.0048 49.9952
29 50 0.048 49.952
32 50 0.048 49.952
44 50 0.048 49.952
35 50 0.048 49.952
27 50 0.048 49.952
41 50 0.048 49.952
33 50 0.048 49.952
30 50 0.048 49.952
40 50 0.048 49.952
39 50 0.048 49.952
28 50 0.048 49.952
31 50 0.048 49.952
38 50 0.048 49.952
43 50 0.048 49.952
34 49.9952 0.048 49.9472
42 50 0.0048 49.9952
26 50 0.048 49.952
37 50 0.048 49.952
42 49.9952 0.048 49.9472
34 50 0.0048 49.9952
29 50 0.048 49.952
32 50 0.048 49.952
44 50 0.048 49.952
35 50 0.048 49.952
27 50 0.048 49.952
41 50 0.048 49.952
33 50 0.048 49.952
30 50 0.048 49.952
40 50 0.048 49.952
39 50 0.048 49.952
39 49.952 0.0048 49.9472
39 49.9472 0.16 49.7872
39 49.7872 0.0016 49.7856
29 50 0.016 49.984
29 49.984 0.016 49.968
32 49.952 0.016 49.936
40 49.952 0.016 49.936
32 49.936 0.016 49.92
36 50 0.016 49.984
36 49.984 0.016 49.968
36 49.968 0.048 49.92
40 49.936 0.016 49.92
38 49.952 0.016 49.936
44 50 0.016 49.984
31 50 0.016 49.984
38 49.936 0.016 49.92
27 49.952 0.016 49.936
44 49.984 0.016 49.968
31 49.984 0.016 49.968
34 49.9952 0.016 49.9792
37 49.952 0.016 49.936
42 50 0.016 49.984
27 49.936 0.016 49.92
34 49.9792 0.016 49.9632
42 49.984 0.016 49.968
25 50 0.016 49.984
25 49.984 0.016 49.968
25 49.968 0.048 49.92
33 49.952 0.016 49.936
30 50 0.016 49.984
33 49.936 0.016 49.92
28 50 0.016 49.984
28 49.984 0.016 49.968
26 50 0.016 49.984
35 49.952 0.016 49.936
41 49.952 0.016 49.936
26 49.984 0.016 49.968
35 49.936 0.016 49.92
41 49.936 0.016 49.92
43 50 0.016 49.984
28 49.968 0.048 49.92
31 49.968 0.048 49.92
38 50 0.048 49.952
43 49.984 0.048 49.936
34 49.9632 0.048 49.9152
26 49.968 0.048 49.92
37 50 0.048 49.952
42 49.968 0.048 49.92
29 49.968 0.048 49.92
32 50 0.048 49.952
44 49.968 0.048 49.92
35 50 0.048 49.952
27 50 0.048 49.952
41 50 0.048 49.952
33 50 0.048 49.952
30 49.984 0.048 49.936
40 50 0.048 49.952
36 50 0.048 49.952
25 50 0.048 49.952
28 50 0.048 49.952
31 50 0.048 49.952
38 50 0.048 49.952
43 50 0.048 49.952
34 50 0.048 49.952
42 50 0.0048 49.9952
26 50 0.048 49.952
37 50 0.048 49.952
42 49.9952 0.048 49.9472
34 50 0.0048 49.9952
29 50 0.048 49.952
32 50 0.048 49.952
44 50 0.048 49.952
35 50 0.048 49.952
27 50 0.048 49.952
41 50 0.048 49.952
33 50 0.048 49.952
30 50 0.048 49.952
40 50 0.048 49.952
36 50 0.048 49.952
25 50 0.048 49.952
28 50 0.048 49.952
31 50 0.048 49.952
38 50 0.048 49.952
43 50 0.048 49.952
34 49.9952 0.048 49.9472
26 50 0.048 49.952
37 50 0.048 49.952
42 50 0.048 49.952
29 50 0.048 49.952
32 50 0.048 49.952
44 50 0.048 49.952
35 50 0.048 49.952
27 50 0.048 49.952
41 50 0.048 49.952
33 50 0.048 49.952
30 50 0.048 49.952
40 50 0.048 49.952
36 50 0.048 49.952
25 50 0.048 49.952
28 50 0.048 49.952
31 50 0.048 49.952
38 50 0.048 49.952
43 50 0.048 49.952
34 50 0.048 49.952
42 50 0.0048 49.9952
26 50 0.048 49.952
37 50 0.048 49.952
42 49.9952 0.048 49.9472
34 50 0.0048 49.9952
29 50 0.048 49.952
32 50 0.048 49.952
44 50 0.048 49.952
35 50 0.048 49.952
27 50 0.048 49.952
41 50 0.048 49.952
33 50 0.048 49.952
30 50 0.048 49.952
40 50 0.048 49.952
36 50 0.048 49.952
25 50 0.048 49.952
28 50 0.048 49.952
31 50 0.048 49.952
38 50 0.048 49.952
43 50 0.048 49.952
34 49.9952 0.048 49.9472
42 50 0.0048 49.9952
26 50 0.048 49.952
37 50 0.048 49.952
42 49.9952 0.048 49.9472
34 50 0.0048 49.9952
29 50 0.048 49.952
32 50 0.048 49.952
44 50 0.048 49.952
35 50 0.048 49.952
27 50 0.048 49.952
41 50 0.048 49.952
33 50 0.048 49.952
30 50 0.048 49.952
40 50 0.048 49.952
36 50 0.048 49.952
25 50 0.048 49.952
28 50 0.048 49.952
31 50 0.048 49.952
38 50 0.048 49.952
43 50 0.048 49.952
34 49.9952 0.048 49.9472
42 50 0.0048 49.9952
26 50 0.048 49.952
37 50 0.048 49.952
42 49.9952 0.048 49.9472
34 50 0.0048 49.9952
29 50 0.048 49.952
32 50 0.048 49.952
44 50 0.048 49.952
35 50 0.048 49.952
27 50 0.048 49.952
41 50 0.048 49.952
41 49.952 0.0048 49.9472
41 49.9472 0.16 49.7872
33 50 0.048 49.952
30 50 0.048 49.952
40 50 0.048 49.952
36 50 0.048 49.952
25 50 0.048 49.952
28 50 0.048 49.952
31 50 0.048 49.952
38 50 0.048 49.952
43 50 0.048 49.952
34 49.9952 0.048 49.9472
42 50 0.0048 49.9952
26 50 0.048 49.952
37 50 0.048 49.952
42 49.9952 0.048 49.9472
34 50 0.0048 49.9952
29 50 0.048 49.952
32 50 0.048 49.952
44 50 0.048 49.952
35 50 0.048 49.952
27 50 0.048 49.952
33 50 0.048 49.952
30 50 0.048 49.952
40 50 0.048 49.952
36 50 0.048 49.952
25 50 0.048 49.952
28 50 0.048 49.952
31 50 0.048 49.952
38 50 0.048 49.952
43 50 0.048 49.952
34 49.9952 0.048 49.9472
42 50 0.0048 49.9952
26 50 0.048 49.952
37 50 0.048 49.952
42 49.9952 0.048 49.9472
34 50 0.0048 49.9952
29 50 0.048 49.952
32 50 0.048 49.952
44 50 0.048 49.952
35 50 0.048 49.952
27 50 0.048 49.952
33 50 0.048 49.952
30 50 0.048 49.952
40 50 0.048 49.952
36 50 0.048 49.952
25 50 0.048 49.952
28 50 0.048 49.952
31 50 0.048 49.952
38 50 0.048 49.952
43 50 0.048 49.952
34 49.9952 0.048 49.9472
42 50 0.0048 49.9952
26 50 0.048 49.952
37 50 0.048 49.952
42 49.9952 0.048 49.9472
34 50 0.0048 49.9952
29 50 0.048 49.952
32 50 0.048 49.952
44 50 0.048 49.952
35 50 0.048 49.952
27 50 0.048 49.952
33 50 0.048 49.952
30 50 0.048 49.952
40 50 0.048 49.952
36 50 0.048 49.952
25 50 0.048 49.952
28 50 0.048 49.952
31 50 0.048 49.952
38 50 0.048 49.952
43 50 0.048 49.952
34 49.9952 0.048 49.9472
26 50 0.048 49.952
37 50 0.048 49.952
42 50 0.048 49.952
29 50 0.048 49.952
32 50 0.048 49.952
44 50 0.048 49.952
35 50 0.048 49.952
27 50 0.048 49.952
33 50 0.048 49.952
30 50 0.048 49.952
40 50 0.048 49.952
36 50 0.048 49.952
25 50 0.048 49.952
28 50 0.048 49.952
31 50 0.048 49.952
38 50 0.048 49.952
43 50 0.048 49.952
34 50 0.048 49.952
42 50 0.0048 49.9952
26 50 0.048 49.952
37 50 0.048 49.952
42 49.9952 0.048 49.9472
34 50 0.0048 49.9952
29 50 0.048 49.952
32 50 0.048 49.952
44 50 0.048 49.952
35 50 0.048 49.952
27 50 0.048 49.952
33 50 0.048 49.952
30 50 0.048 49.952
40 50 0.048 49.952
36 50 0.048 49.952
25 50 0.048 49.952
28 50 0.048 49.952
31 50 0.048 49.952
38 50 0.048 49.952
43 50 0.048 49.952
34 49.9952 0.048 49.9472
26 50 0.048 49.952
37 50 0.048 49.952
42 50 0.048 49.952
29 50 0.048 49.952
32 50 0.048 49.952
44 50 0.048 49.952
35 50 0.048 49.952
27 50 0.048 49.952
33 50 0.048 49.952
30 50 0.048 49.952
40 50 0.048 49.952
36 50 0.048 49.952
25 50 0.048 49.952
28 50 0.048 49.952
31 50 0.048 49.952
38 50 0.048 49.952
43 50 0.048 49.952
34 50 0.048 49.952
26 50 0.048 49.952
37 50 0.048 49.952
42 50 0.048 49.952
29 50 0.048 49.952
32 50 0.048 49.952
44 50 0.048 49.952
35 50 0.048 49.952
27 50 0.048 49.952
33 50 0.048 49.952
30 50 0.048 49.952
40 50 0.048 49.952
36 50 0.048 49.952
25 50 0.048 49.952
28 50 0.048 49.952
31 50 0.048 49.952
38 50 0.048 49.952
43 50 0.048 49.952
34 50 0.048 49.952
42 50 0.0048 49.9952
26 50 0.048 49.952
37 50 0.048 49.952
42 49.9952 0.048 49.9472
34 50 0.0048 49.9952
29 50 0.048 49.952
32 50 0.048 49.952
44 50 0.048 49.952
35 50 0.048 49.952
27 50 0.048 49.952
33 50 0.048 49.952
30 50 0.048 49.952
40 50 0.048 49.952
36 50 0.048 49.952
25 50 0.048 49.952
28 50 0.048 49.952
31 50 0.048 49.952
38 50 0.048 49.952
43 50 0.048 49.952
34 49.9952 0.048 49.9472
26 50 0.048 49.952
37 50 0.048 49.952
42 50 0.048 49.952
29 50 0.048 49.952
32 50 0.048 49.952
44 50 0.048 49.952
35 50 0.048 49.952
27 50 0.048 49.952
33 50 0.048 49.952
30 50 0.048 49.952
40 50 0.048 49.952
36 50 0.048 49.952
25 50 0.048 49.952
28 50 0.048 49.952
31 50 0.048 49.952
38 50 0.048 49.952
43 50 0.048 49.952
34 50 0.048 49.952
26 50 0.048 49.952
37 50 0.048 49.952
42 50 0.048 49.952
29 50 0.048 49.952
32 50 0.048 49.952
44 50 0.048 49.952
35 50 0.048 49.952
27 50 0.048 49.952
33 50 0.048 49.952
30 50 0.048 49.952
40 50 0.048 49.952
36 50 0.048 49.952
25 50 0.048 49.952
28 50 0.048 49.952
31 50 0.048 49.952
38 50 0.048 49.952
43 50 0.048 49.952
34 50 0.048 49.952
26 50 0.048 49.952
37 50 0.048 49.952
42 50 0.048 49.952
29 50 0.048 49.952
32 50 0.048 49.952
44 50 0.048 49.952
35 50 0.048 49.952
27 50 0.048 49.952
33 50 0.048 49.952
30 50 0.048 49.952
40 50 0.048 49.952
36 50 0.048 49.952
25 50 0.048 49.952
28 50 0.048 49.952
31 50 0.048 49.952
38 50 0.048 49.952
43 50 0.048 49.952
34 50 0.048 49.952
26 50 0.048 49.952
37 50 0.048 49.952
42 50 0.048 49.952
29 50 0.048 49.952
32 50 0.048 49.952
44 50 0.048 49.952
35 50 0.048 49.952
27 50 0.048 49.952
33 50 0.048 49.952
30 50 0.048 49.952
40 50 0.048 49.952
36 50 0.048 49.952
25 50 0.048 49.952
28 50 0.048 49.952
31 50 0.048 49.952
38 50 0.048 49.952
43 50 0.048 49.952
34 50 0.048 49.952
26 50 0.048 49.952
37 50 0.048 49.952
42 50 0.048 49.952
34 50 0.0048 49.9952
29 50 0.048 49.952
32 50 0.048 49.952
44 50 0.048 49.952
35 50 0.048 49.952
27 50 0.048 49.952
33 50 0.048 49.952
30 50 0.048 49.952
40 50 0.048 49.952
36 50 0.048 49.952
25 50 0.048 49.952
28 50 0.048 49.952
31 50 0.048 49.952
38 50 0.048 49.952
43 50 0.048 49.952
34 49.9952 0.048 49.9472
34 49.9472 0.0048 49.9424
34 49.9424 0.16 49.7824
26 50 0.048 49.952
37 50 0.048 49.952
42 50 0.048 49.952
29 50 0.048 49.952
32 50 0.048 49.952
44 50 0.048 49.952
35 50 0.048 49.952
27 50 0.048 49.952
33 50 0.048 49.952
30 50 0.048 49.952
40 50 0.048 49.952
36 50 0.048 49.952
25 50 0.048 49.952
28 50 0.048 49.952
31 50 0.048 49.952
38 50 0.048 49.952
43 50 0.048 49.952
26 50 0.048 49.952
37 50 0.048 49.952
42 50 0.048 49.952
29 50 0.048 49.952
32 50 0.048 49.952
44 50 0.048 49.952
35 50 0.048 49.952
27 50 0.048 49.952
33 50 0.048 49.952
30 50 0.048 49.952
40 50 0.048 49.952
36 50 0.048 49.952
25 50 0.048 49.952
28 50 0.048 49.952
31 50 0.048 49.952
38 50 0.048 49.952
43 50 0.048 49.952
26 50 0.048 49.952
37 50 0.048 49.952
42 50 0.048 49.952
29 50 0.048 49.952
32 50 0.048 49.952
44 50 0.048 49.952
35 50 0.048 49.952
27 50 0.048 49.952
33 50 0.048 49.952
30 50 0.048 49.952
40 50 0.048 49.952
36 50 0.048 49.952
25 50 0.048 49.952
28 50 0.048 49.952
31 50 0.048 49.952
38 50 0.048 49.952
43 50 0.048 49.952
26 50 0.048 49.952
37 50 0.048 49.952
42 50 0.048 49.952
34 50 0.0048 49.9952
34 49.9952 0.048 49.9472
42 49.952 0.0048 49.9472
42 49.9472 0.16 49.7872
34 49.9472 0.016 49.9312
34 49.9312 0.016 49.9152
42 49.7872 0.0016 49.7856
34 49.9152 0.048 49.8672
42 49.7856 0.0048 49.7808
29 50 0.048 49.952
32 50 0.048 49.952
44 50 0.048 49.952
35 50 0.048 49.952
27 50 0.048 49.952
33 50 0.048 49.952
30 50 0.048 49.952
40 50 0.048 49.952
36 50 0.048 49.952
25 50 0.048 49.952
28 50 0.048 49.952
31 50 0.048 49.952
31 49.952 0.0048 49.9472
31 49.9472 0.16 49.7872
38 50 0.048 49.952
43 50 0.048 49.952
26 50 0.048 49.952
37 50 0.048 49.952
34 50 0.048 49.952
29 50 0.048 49.952
32 50 0.048 49.952
44 50 0.048 49.952
35 50 0.048 49.952
27 50 0.048 49.952
33 50 0.048 49.952
30 50 0.048 49.952
40 50 0.048 49.952
36 50 0.048 49.952
25 50 0.048 49.952
28 50 0.048 49.952
38 50 0.048 49.952
43 50 0.048 49.952
26 50 0.048 49.952
37 50 0.048 49.952
34 50 0.048 49.952
29 50 0.048 49.952
32 50 0.048 49.952
44 50 0.048 49.952
35 50 0.048 49.952
27 50 0.048 49.952
33 50 0.048 49.952
30 50 0.048 49.952
40 50 0.048 49.952
36 50 0.048 49.952
25 50 0.048 49.952
28 50 0.048 49.952
38 50 0.048 49.952
43 50 0.048 49.952
26 50 0.048 49.952
37 50 0.048 49.952
34 50 0.048 49.952
29 50 0.048 49.952
32 50 0.048 49.952
44 50 0.048 49.952
35 50 0.048 49.952
27 50 0.048 49.952
33 50 0.048 49.952
30 50 0.048 49.952
40 50 0.048 49.952
36 50 0.048 49.952
25 50 0.048 49.952
28 50 0.048 49.952
38 50 0.048 49.952
43 50 0.048 49.952
26 50 0.048 49.952
37 50 0.048 49.952
34 50 0.048 49.952
29 50 0.048 49.952
32 50 0.048 49.952
44 50 0.048 49.952
35 50 0.048 49.952
27 50 0.048 49.952
33 50 0.048 49.952
30 50 0.048 49.952
40 50 0.048 49.952
36 50 0.048 49.952
25 50 0.048 49.952
28 50 0.048 49.952
38 50 0.048 49.952
43 50 0.048 49.952
26 50 0.048 49.952
37 50 0.048 49.952
34 50 0.048 49.952
29 50 0.048 49.952
32 50 0.048 49.952
44 50 0.048 49.952
35 50 0.048 49.952
27 50 0.048 49.952
33 50 0.048 49.952
30 50 0.048 49.952
40 50 0.048 49.952
36 50 0.048 49.952
25 50 0.048 49.952
28 50 0.048 49.952
38 50 0.048 49.952
43 50 0.048 49.952
26 50 0.048 49.952
37 50 0.048 49.952
34 50 0.048 49.952
29 50 0.048 49.952
32 50 0.048 49.952
44 50 0.048 49.952
35 50 0.048 49.952
27 50 0.048 49.952
33 50 0.048 49.952
30 50 0.048 49.952
40 50 0.048 49.952
36 50 0.048 49.952
25 50 0.048 49.952
28 50 0.048 49.952
38 50 0.048 49.952
43 50 0.048 49.952
26 50 0.048 49.952
37 50 0.048 49.952
34 50 0.048 49.952
29 50 0.048 49.952
32 50 0.048 49.952
44 50 0.048 49.952
35 50 0.048 49.952
27 50 0.048 49.952
33 50 0.048 49.952
30 50 0.048 49.952
40 50 0.048 49.952
36 50 0.048 49.952
25 50 0.048 49.952
28 50 0.048 49.952
38 50 0.048 49.952
43 50 0.048 49.952
26 50 0.048 49.952
37 50 0.048 49.952
34 50 0.048 49.952
29 50 0.048 49.952
32 50 0.048 49.952
44 50 0.048 49.952
35 50 0.048 49.952
27 50 0.048 49.952
33 50 0.048 49.952
30 50 0.048 49.952
40 50 0.048 49.952
36 50 0.048 49.952
25 50 0.048 49.952
28 50 0.048 49.952
38 50 0.048 49.952
43 50 0.048 49.952
26 50 0.048 49.952
37 50 0.048 49.952
34 50 0.048 49.952
29 50 0.048 49.952
32 50 0.048 49.952
44 50 0.048 49.952
35 50 0.048 49.952
27 50 0.048 49.952
33 50 0.048 49.952
30 50 0.048 49.952
40 50 0.048 49.952
36 50 0.048 49.952
25 50 0.048 49.952
28 50 0.048 49.952
38 50 0.048 49.952
43 50 0.048 49.952
26 50 0.048 49.952
37 50 0.048 49.952
34 50 0.048 49.952
29 50 0.048 49.952
32 50 0.048 49.952
44 50 0.048 49.952
35 50 0.048 49.952
27 50 0.048 49.952
33 50 0.048 49.952
30 50 0.048 49.952
40 50 0.048 49.952
36 50 0.048 49.952
25 50 0.048 49.952
28 50 0.048 49.952
38 50 0.048 49.952
43 50 0.048 49.952
26 50 0.048 49.952
37 50 0.048 49.952
34 50 0.048 49.952
29 50 0.048 49.952
32 50 0.048 49.952
44 50 0.048 49.952
35 50 0.048 49.952
27 50 0.048 49.952
33 50 0.048 49.952
30 50 0.048 49.952
40 50 0.048 49.952
36 50 0.048 49.952
25 50 0.048 49.952
28 50 0.048 49.952
38 50 0.048 49.952
43 50 0.048 49.952
26 50 0.048 49.952
37 50 0.048 49.952
34 50 0.048 49.952
29 50 0.048 49.952
32 50 0.048 49.952
44 50 0.048 49.952
35 50 0.048 49.952
27 50 0.048 49.952
33 50 0.048 49.952
30 50 0.048 49.952
40 50 0.048 49.952
36 50 0.048 49.952
25 50 0.048 49.952
28 50 0.048 49.952
38 50 0.048 49.952
43 50 0.048 49.952
26 50 0.048 49.952
37 50 0.048 49.952
34 50 0.048 49.952
29 50 0.048 49.952
32 50 0.048 49.952
44 50 0.048 49.952
35 50 0.048 49.952
27 50 0.048 49.952
33 50 0.048 49.952
30 50 0.048 49.952
40 50 0.048 49.952
36 50 0.048 49.952
25 50 0.048 49.952
28 50 0.048 49.952
38 50 0.048 49.952
43 50 0.048 49.952
26 50 0.048 49.952
37 50 0.048 49.952
34 50 0.048 49.952
29 50 0.048 49.952
32 50 0.048 49.952
32 49.952 0.0048 49.9472
32 49.9472 0.16 49.7872
44 50 0.048 49.952
35 50 0.048 49.952
27 50 0.048 49.952
33 50 0.048 49.952
30 50 0.048 49.952
39 50 0.048 49.952
40 50 0.048 49.952
36 50 0.048 49.952
25 50 0.048 49.952
28 50 0.048 49.952
38 50 0.048 49.952
43 50 0.048 49.952
26 50 0.048 49.952
37 50 0.048 49.952
34 50 0.048 49.952
29 50 0.048 49.952
44 50 0.048 49.952
35 50 0.048 49.952
27 50 0.048 49.952
33 50 0.048 49.952
30 50 0.048 49.952
39 50 0.048 49.952
40 50 0.048 49.952
36 50 0.048 49.952
25 50 0.048 49.952
28 50 0.048 49.952
38 50 0.048 49.952
43 50 0.048 49.952
26 50 0.048 49.952
37 50 0.048 49.952
34 50 0.048 49.952
29 50 0.048 49.952
44 50 0.048 49.952
35 50 0.048 49.952
27 50 0.048 49.952
33 50 0.048 49.952
30 50 0.048 49.952
39 50 0.048 49.952
40 50 0.048 49.952
36 50 0.048 49.952
25 50 0.048 49.952
28 50 0.048 49.952
38 50 0.048 49.952
43 50 0.048 49.952
26 50 0.048 49.952
37 50 0.048 49.952
34 50 0.048 49.952
29 50 0.048 49.952
44 50 0.048 49.952
35 50 0.048 49.952
27 50 0.048 49.952
33 50 0.048 49.952
30 50 0.048 49.952
39 50 0.048 49.952
41 50 0.048 49.952
40 50 0.048 49.952
36 50 0.048 49.952
25 50 0.048 49.952
28 50 0.048 49.952
38 50 0.048 49.952
43 50 0.048 49.952
26 50 0.048 49.952
37 50 0.048 49.952
34 50 0.048 49.952
29 50 0.048 49.952
44 50 0.048 49.952
35 50 0.048 49.952
27 50 0.048 49.952
33 50 0.048 49.952
30 50 0.048 49.952
39 50 0.048 49.952
41 50 0.048 49.952
41 49.952 0.0048 49.9472
41 49.9472 0.16 49.7872
41 49.7872 0.0016 49.7856
26 50 0.016 49.984
35 49.952 0.016 49.936
35 49.936 0.016 49.92
26 49.984 0.016 49.968
28 50 0.016 49.984
30 50 0.016 49.984
43 50 0.016 49.984
28 49.984 0.016 49.968
30 49.984 0.016 49.968
33 49.952 0.016 49.936
25 50 0.016 49.984
33 49.936 0.016 49.92
34 49.952 0.016 49.936
42 50 0.016 49.984
42 49.984 0.016 49.968
42 49.968 0.048 49.92
25 49.984 0.016 49.968
34 49.936 0.016 49.92
37 49.952 0.016 49.936
27 49.952 0.016 49.936
44 50 0.016 49.984
31 50 0.016 49.984
31 49.984 0.016 49.968
31 49.968 0.048 49.92
37 49.936 0.016 49.92
38 49.952 0.016 49.936
39 49.952 0.016 49.936
29 49.952 0.016 49.936
39 49.936 0.016 49.92
29 49.936 0.016 49.92
40 50 0.016 49.984
32 50 0.016 49.984
32 49.984 0.016 49.968
32 49.968 0.048 49.92
36 50 0.016 49.984
40 49.984 0.016 49.968
36 49.984 0.016 49.968
40 49.968 0.048 49.92
36 49.968 0.048 49.92
25 49.968 0.048 49.92
28 49.968 0.048 49.92
38 50 0.048 49.952
43 49.984 0.048 49.936
26 49.968 0.048 49.92
41 49.9737 0.0048 49.9689
41 49.9689 0.048 49.9209
26 49.92 0.0048 49.9152
26 49.9152 0.16 49.7552
41 49.9209 0.016 49.9049
41 49.9049 0.016 49.8889
26 49.7552 0.0016 49.7536
41 49.8889 0.048 49.8409
26 49.7536 0.0048 49.7488
37 50 0.048 49.952
34 50 0.048 49.952
29 50 0.048 49.952
44 49.984 0.048 49.936
44 49.936 0.0048 49.9312
44 49.9312 0.16 49.7712
35 50 0.048 49.952
27 50 0.048 49.952
33 50 0.048 49.952
30 49.968 0.048 49.92
39 50 0.048 49.952
42 50 0.048 49.952
31 50 0.048 49.952
32 50 0.048 49.952
40 50 0.048 49.952
36 50 0.048 49.952
25 50 0.048 49.952
28 50 0.048 49.952
38 50 0.048 49.952
43 50 0.048 49.952
41 50 0.048 49.952
37 50 0.048 49.952
34 50 0.048 49.952
29 50 0.048 49.952
35 50 0.048 49.952
27 50 0.048 49.952
33 50 0.048 49.952
30 50 0.048 49.952
39 50 0.048 49.952
42 50 0.048 49.952
31 50 0.048 49.952
32 50 0.048 49.952
40 50 0.048 49.952
36 50 0.048 49.952
25 50 0.048 49.952
28 50 0.048 49.952
38 50 0.048 49.952
43 50 0.048 49.952
41 50 0.048 49.952
37 50 0.048 49.952
34 50 0.048 49.952
29 50 0.048 49.952
35 50 0.048 49.952
27 50 0.048 49.952
33 50 0.048 49.952
30 50 0.048 49.952
39 50 0.048 49.952
42 50 0.048 49.952
31 50 0.048 49.952
32 50 0.048 49.952
40 50 0.048 49.952
36 50 0.048 49.952
25 50 0.048 49.952
28 50 0.048 49.952
38 50 0.048 49.952
43 50 0.048 49.952
41 50 0.048 49.952
37 50 0.048 49.952
34 50 0.048 49.952
29 50 0.048 49.952
35 50 0.048 49.952
27 50 0.048 49.952
33 50 0.048 49.952
30 50 0.048 49.952
39 50 0.048 49.952
42 50 0.048 49.952
31 50 0.048 49.952
32 50 0.048 49.952
40 50 0.048 49.952
36 50 0.048 49.952
25 50 0.048 49.952
28 50 0.048 49.952
38 50 0.048 49.952
43 50 0.048 49.952
41 50 0.048 49.952
37 50 0.048 49.952
34 50 0.048 49.952
29 50 0.048 49.952
35 50 0.048 49.952
27 50 0.048 49.952
33 50 0.048 49.952
30 50 0.048 49.952
39 50 0.048 49.952
42 50 0.048 49.952
31 50 0.048 49.952
32 50 0.048 49.952
40 50 0.048 49.952
36 50 0.048 49.952
25 50 0.048 49.952
28 50 0.048 49.952
38 50 0.048 49.952
43 50 0.048 49.952
41 50 0.048 49.952
37 50 0.048 49.952
34 50 0.048 49.952
29 50 0.048 49.952
35 50 0.048 49.952
27 50 0.048 49.952
33 50 0.048 49.952
30 50 0.048 49.952
39 50 0.048 49.952
42 50 0.048 49.952
31 50 0.048 49.952
32 50 0.048 49.952
40 50 0.048 49.952
36 50 0.048 49.952
25 50 0.048 49.952
28 50 0.048 49.952
38 50 0.048 49.952
43 50 0.048 49.952
41 50 0.048 49.952
37 50 0.048 49.952
34 50 0.048 49.952
29 50 0.048 49.952
35 50 0.048 49.952
27 50 0.048 49.952
33 50 0.048 49.952
30 50 0.048 49.952
39 50 0.048 49.952
42 50 0.048 49.952
31 50 0.048 49.952
32 50 0.048 49.952
40 50 0.048 49.952
36 50 0.048 49.952
25 50 0.048 49.952
28 50 0.048 49.952
38 50 0.048 49.952
43 50 0.048 49.952
41 50 0.048 49.952
37 50 0.048 49.952
34 50 0.048 49.952
29 50 0.048 49.952
35 50 0.048 49.952
27 50 0.048 49.952
33 50 0.048 49.952
33 49.952 0.0048 49.9472
33 49.9472 0.16 49.7872
30 50 0.048 49.952
39 50 0.048 49.952
42 50 0.048 49.952
31 50 0.048 49.952
32 50 0.048 49.952
40 50 0.048 49.952
36 50 0.048 49.952
25 50 0.048 49.952
28 50 0.048 49.952
38 50 0.048 49.952
43 50 0.048 49.952
41 50 0.048 49.952
37 50 0.048 49.952
34 50 0.048 49.952
29 50 0.048 49.952
35 50 0.048 49.952
27 50 0.048 49.952
30 50 0.048 49.952
39 50 0.048 49.952
42 50 0.048 49.952
31 50 0.048 49.952
32 50 0.048 49.952
40 50 0.048 49.952
36 50 0.048 49.952
25 50 0.048 49.952
28 50 0.048 49.952
38 50 0.048 49.952
43 50 0.048 49.952
41 50 0.048 49.952
37 50 0.048 49.952
34 50 0.048 49.952
29 50 0.048 49.952
35 50 0.048 49.952
27 50 0.048 49.952
30 50 0.048 49.952
39 50 0.048 49.952
42 50 0.048 49.952
31 50 0.048 49.952
32 50 0.048 49.952
40 50 0.048 49.952
36 50 0.048 49.952
25 50 0.048 49.952
28 50 0.048 49.952
38 50 0.048 49.952
43 50 0.048 49.952
41 50 0.048 49.952
37 50 0.048 49.952
34 50 0.048 49.952
29 50 0.048 49.952
35 50 0.048 49.952
27 50 0.048 49.952
30 50 0.048 49.952
39 50 0.048 49.952
42 50 0.048 49.952
31 50 0.048 49.952
32 50 0.048 49.952
40 50 0.048 49.952
36 50 0.048 49.952
25 50 0.048 49.952
28 50 0.048 49.952
38 50 0.048 49.952
43 50 0.048 49.952
41 50 0.048 49.952
37 50 0.048 49.952
34 50 0.048 49.952
29 50 0.048 49.952
35 50 0.048 49.952
27 50 0.048 49.952
30 50 0.048 49.952
39 50 0.048 49.952
39 49.952 0.0048 49.9472
39 49.9472 0.16 49.7872
39 49.7872 0.0016 49.7856
29 49.952 0.016 49.936
29 49.936 0.016 49.92
32 50 0.016 49.984
40 50 0.016 49.984
32 49.984 0.016 49.968
36 49.952 0.016 49.936
38 49.952 0.016 49.936
36 49.936 0.016 49.92
44 50 0.016 49.984
44 49.984 0.016 49.968
44 49.968 0.048 49.92
31 50 0.016 49.984
38 49.936 0.016 49.92
27 49.952 0.016 49.936
31 49.984 0.016 49.968
34 49.952 0.016 49.936
37 49.952 0.016 49.936
27 49.936 0.016 49.92
34 49.936 0.016 49.92
42 49.952 0.016 49.936
25 50 0.016 49.984
42 49.936 0.016 49.92
25 49.984 0.016 49.968
33 50 0.016 49.984
33 49.984 0.016 49.968
33 49.968 0.048 49.92
30 50 0.016 49.984
28 49.952 0.016 49.936
28 49.936 0.016 49.92
26 50 0.016 49.984
26 49.984 0.016 49.968
26 49.968 0.048 49.92
35 49.952 0.016 49.936
41 49.952 0.016 49.936
35 49.936 0.016 49.92
41 49.936 0.016 49.92
43 50 0.016 49.984
42 50 0.048 49.952
31 49.968 0.048 49.92
32 49.968 0.048 49.92
40 49.984 0.048 49.936
36 50 0.048 49.952
25 49.968 0.048 49.92
28 50 0.048 49.952
38 50 0.048 49.952
43 49.984 0.048 49.936
41 50 0.048 49.952
37 50 0.048 49.952
34 50 0.048 49.952
29 50 0.048 49.952
35 50 0.048 49.952
27 50 0.048 49.952
30 49.984 0.048 49.936
44 50 0.048 49.952
33 50 0.048 49.952
26 50 0.048 49.952
42 50 0.048 49.952
31 50 0.048 49.952
32 50 0.048 49.952
40 50 0.048 49.952
36 50 0.048 49.952
25 50 0.048 49.952
28 50 0.048 49.952
38 50 0.048 49.952
43 50 0.048 49.952
41 50 0.048 49.952
37 50 0.048 49.952
34 50 0.048 49.952
29 50 0.048 49.952
35 50 0.048 49.952
27 50 0.048 49.952
30 50 0.048 49.952
44 50 0.048 49.952
33 50 0.048 49.952
26 50 0.048 49.952
42 50 0.048 49.952
31 50 0.048 49.952
32 50 0.048 49.952
40 50 0.048 49.952
36 50 0.048 49.952
25 50 0.048 49.952
28 50 0.048 49.952
38 50 0.048 49.952
43 50 0.048 49.952
41 50 0.048 49.952
37 50 0.048 49.952
34 50 0.048 49.952
29 50 0.048 49.952
35 50 0.048 49.952
27 50 0.048 49.952
30 50 0.048 49.952
44 50 0.048 49.952
33 50 0.048 49.952
26 50 0.048 49.952
42 50 0.048 49.952
31 50 0.048 49.952
32 50 0.048 49.952
40 50 0.048 49.952
36 50 0.048 49.952
25 50 0.048 49.952
28 50 0.048 49.952
38 50 0.048 49.952
43 50 0.048 49.952
41 50 0.048 49.952
37 50 0.048 49.952
34 50 0.048 49.952
29 50 0.048 49.952
35 50 0.048 49.952
27 50 0.048 49.952
30 50 0.048 49.952
44 50 0.048 49.952
33 50 0.048 49.952
26 50 0.048 49.952
42 50 0.048 49.952
31 50 0.048 49.952
32 50 0.048 49.952
40 50 0.048 49.952
36 50 0.048 49.952
25 50 0.048 49.952
28 50 0.048 49.952
38 50 0.048 49.952
43 50 0.048 49.952
41 50 0.048 49.952
26 50 0.0048 49.9952
41 49.952 0.0048 49.9472
41 49.9472 0.16 49.7872
37 50 0.048 49.952
34 50 0.048 49.952
29 50 0.048 49.952
35 50 0.048 49.952
27 50 0.048 49.952
30 50 0.048 49.952
44 50 0.048 49.952
33 50 0.048 49.952
26 49.9952 0.048 49.9472
41 49.7872 0.0048 49.7824
41 49.7824 0.048 49.7344
26 49.9472 0.0048 49.9424
26 49.9424 0.16 49.7824
41 49.7344 0.016 49.7184
41 49.7184 0.016 49.7024
26 49.7824 0.0016 49.7808
41 49.7024 0.048 49.6544
26 49.7808 0.0048 49.776
41 49.6544 0.0048 49.6496
41 49.6496 0.16 49.4896
42 50 0.048 49.952
31 50 0.048 49.952
32 50 0.048 49.952
40 50 0.048 49.952
36 50 0.048 49.952
25 50 0.048 49.952
28 50 0.048 49.952
38 50 0.048 49.952
43 50 0.048 49.952
37 50 0.048 49.952
34 50 0.048 49.952
29 50 0.048 49.952
35 50 0.048 49.952
27 50 0.048 49.952
30 50 0.048 49.952
44 50 0.048 49.952
33 50 0.048 49.952
42 50 0.048 49.952
31 50 0.048 49.952
32 50 0.048 49.952
40 50 0.048 49.952
36 50 0.048 49.952
25 50 0.048 49.952
28 50 0.048 49.952
38 50 0.048 49.952
43 50 0.048 49.952
37 50 0.048 49.952
34 50 0.048 49.952
29 50 0.048 49.952
35 50 0.048 49.952
27 50 0.048 49.952
30 50 0.048 49.952
44 50 0.048 49.952
33 50 0.048 49.952
42 50 0.048 49.952
31 50 0.048 49.952
32 50 0.048 49.952
40 50 0.048 49.952
36 50 0.048 49.952
25 50 0.048 49.952
28 50 0.048 49.952
38 50 0.048 49.952
43 50 0.048 49.952
37 50 0.048 49.952
34 50 0.048 49.952
29 50 0.048 49.952
35 50 0.048 49.952
27 50 0.048 49.952
30 50 0.048 49.952
44 50 0.048 49.952
33 50 0.048 49.952
42 50 0.048 49.952
31 50 0.048 49.952
32 50 0.048 49.952
40 50 0.048 49.952
36 50 0.048 49.952
25 50 0.048 49.952
28 50 0.048 49.952
38 50 0.048 49.952
43 50 0.048 49.952
37 50 0.048 49.952
34 50 0.048 49.952
29 50 0.048 49.952
35 50 0.048 49.952
27 50 0.048 49.952
30 50 0.048 49.952
44 50 0.048 49.952
33 50 0.048 49.952
42 50 0.048 49.952
31 50 0.048 49.952
32 50 0.048 49.952
40 50 0.048 49.952
36 50 0.048 49.952
25 50 0.048 49.952
28 50 0.048 49.952
38 50 0.048 49.952
43 50 0.048 49.952
37 50 0.048 49.952
34 50 0.048 49.952
29 50 0.048 49.952
35 50 0.048 49.952
27 50 0.048 49.952
30 50 0.048 49.952
44 50 0.048 49.952
33 50 0.048 49.952
42 50 0.048 49.952
31 50 0.048 49.952
32 50 0.048 49.952
40 50 0.048 49.952
36 50 0.048 49.952
25 50 0.048 49.952
28 50 0.048 49.952
38 50 0.048 49.952
43 50 0.048 49.952
37 50 0.048 49.952
34 50 0.048 49.952
29 50 0.048 49.952
35 50 0.048 49.952
27 50 0.048 49.952
30 50 0.048 49.952
44 50 0.048 49.952
33 50 0.048 49.952
42 50 0.048 49.952
31 50 0.048 49.952
32 50 0.048 49.952
40 50 0.048 49.952
36 50 0.048 49.952
25 50 0.048 49.952
28 50 0.048 49.952
38 50 0.048 49.952
43 50 0.048 49.952
37 50 0.048 49.952
34 50 0.048 49.952
29 50 0.048 49.952
35 50 0.048 49.952
27 50 0.048 49.952
30 50 0.048 49.952
44 50 0.048 49.952
33 50 0.048 49.952
42 50 0.048 49.952
31 50 0.048 49.952
32 50 0.048 49.952
40 50 0.048 49.952
36 50 0.048 49.952
25 50 0.048 49.952
28 50 0.048 49.952
38 50 0.048 49.952
43 50 0.048 49.952
37 50 0.048 49.952
34 50 0.048 49.952
42 49.952 0.0048 49.9472
29 50 0.048 49.952
35 50 0.048 49.952
27 50 0.048 49.952
30 50 0.048 49.952
44 50 0.048 49.952
33 50 0.048 49.952
42 50 0.048 49.952
31 50 0.048 49.952
32 50 0.048 49.952
40 50 0.048 49.952
36 50 0.048 49.952
25 50 0.048 49.952
28 50 0.048 49.952
38 50 0.048 49.952
43 50 0.048 49.952
37 50 0.048 49.952
34 50 0.048 49.952
29 50 0.048 49.952
35 50 0.048 49.952
27 50 0.048 49.952
30 50 0.048 49.952
44 50 0.048 49.952
33 50 0.048 49.952
42 50 0.048 49.952
31 50 0.048 49.952
32 50 0.048 49.952
40 50 0.048 49.952
36 50 0.048 49.952
25 50 0.048 49.952
28 50 0.048 49.952
38 50 0.048 49.952
43 50 0.048 49.952
37 50 0.048 49.952
34 50 0.048 49.952
29 50 0.048 49.952
35 50 0.048 49.952
27 50 0.048 49.952
30 50 0.048 49.952
44 50 0.048 49.952
33 50 0.048 49.952
42 50 0.048 49.952
31 50 0.048 49.952
32 50 0.048 49.952
40 50 0.048 49.952
36 50 0.048 49.952
25 50 0.048 49.952
28 50 0.048 49.952
38 50 0.048 49.952
43 50 0.048 49.952
37 50 0.048 49.952
34 50 0.048 49.952
29 50 0.048 49.952
35 50 0.048 49.952
27 50 0.048 49.952
30 50 0.048 49.952
44 50 0.048 49.952
33 50 0.048 49.952
42 50 0.048 49.952
31 50 0.048 49.952
32 50 0.048 49.952
40 50 0.048 49.952
36 50 0.048 49.952
25 50 0.048 49.952
28 50 0.048 49.952
38 50 0.048 49.952
43 50 0.048 49.952
37 50 0.048 49.952
34 50 0.048 49.952
42 49.952 0.0048 49.9472
29 50 0.048 49.952
35 50 0.048 49.952
27 50 0.048 49.952
30 50 0.048 49.952
44 50 0.048 49.952
33 50 0.048 49.952
42 50 0.048 49.952
34 49.952 0.0048 49.9472
31 50 0.048 49.952
32 50 0.048 49.952
40 50 0.048 49.952
36 50 0.048 49.952
25 50 0.048 49.952
28 50 0.048 49.952
38 50 0.048 49.952
43 50 0.048 49.952
37 50 0.048 49.952
34 50 0.048 49.952
42 49.952 0.0048 49.9472
29 50 0.048 49.952
35 50 0.048 49.952
27 50 0.048 49.952
30 50 0.048 49.952
44 50 0.048 49.952
33 50 0.048 49.952
42 50 0.048 49.952
31 50 0.048 49.952
32 50 0.048 49.952
40 50 0.048 49.952
36 50 0.048 49.952
25 50 0.048 49.952
28 50 0.048 49.952
38 50 0.048 49.952
43 50 0.048 49.952
37 50 0.048 49.952
34 50 0.048 49.952
29 50 0.048 49.952
35 50 0.048 49.952
27 50 0.048 49.952
30 50 0.048 49.952
44 50 0.048 49.952
33 50 0.048 49.952
42 50 0.048 49.952
34 49.952 0.0048 49.9472
31 50 0.048 49.952
32 50 0.048 49.952
40 50 0.048 49.952
36 50 0.048 49.952
25 50 0.048 49.952
28 50 0.048 49.952
38 50 0.048 49.952
43 50 0.048 49.952
37 50 0.048 49.952
34 50 0.048 49.952
29 50 0.048 49.952
35 50 0.048 49.952
27 50 0.048 49.952
30 50 0.048 49.952
44 50 0.048 49.952
33 50 0.048 49.952
