42 4840 2.05996
43 4843 2.23608
25 4845 2.33612
28 4846 2.36929
44 4847 2.3756
47 4848 2.38365
54 4850 2.48893
46 4853 2.63976
33 4854 2.67446
37 4859 3.04198
45 4860 3.06045
49 4862 3.10765
53 4863 3.19198
36 4865 3.23925
41 4868 3.43404
30 4870 3.53346
38 4874 3.89987
48 4876 3.92548
40 4877 4.00226
52 4879 4.05479
27 4881 4.14378
26 4882 4.18155
34 4884 4.29598
50 4886 4.35875
35 4888 4.41572
39 4890 4.51582
32 4894 4.86169
29 4896 4.95109
43 4898 5.01071
42 4903 5.46701
54 4905 5.54349
44 4912 6.16713
37 4914 6.2581
28 4915 6.2606
47 4916 6.30258
52 4918 6.31676
38 4924 6.90277
49 4925 6.90409
33 4928 7.0546
41 4930 7.11179
53 4931 7.19672
40 4934 7.33304
25 4935 7.36734
50 4936 7.3838
46 4941 7.72963
26 4944 7.95859
51 4945 7.97008
30 4949 8.23374
34 4950 8.27845
45 4952 8.33856
27 4954 8.45234
36 4955 8.45394
35 4956 8.49833
29 4958 8.50691
48 4964 9.02194
43 4966 9.15736
47 4971 9.50724
32 4975 9.81236
49 4976 9.81872
31 4977 9.83816
37 4982 10.272
41 4984 10.3289
40 4986 10.5014
46 4989 10.6305
45 4995 11.1643
28 4996 11.1856
53 4999 11.3214
51 5000 11.3436
33 5003 11.5574
50 5005 11.6208
38 5009 11.9206
29 5010 11.9692
32 5012 12.008
35 5014 12.1396
26 5015 12.1931
37 5017 12.2722
25 5019 12.3814
30 5022 12.5083
42 5024 12.653
44 5028 12.9741
27 5030 13.084
43 5031 13.0927
54 5035 13.3758
39 5037 13.4816
51 5039 13.5315
48 5040 13.5631
45 5042 13.654
53 5044 13.7135
34 5045 13.803
50 5047 13.8573
31 5051 14.1318
38 5053 14.2287
47 5055 14.3902
40 5057 14.4913
29 5060 14.6586
49 5061 14.6809
32 5065 14.9869
