0 4607
0 4608
0 4609
0 4610
0 4611
0 4612
0 4613
0 4614
0 4615
0 4616
0 4617
0 4618
0 4619
0 4620
0 4621
0 4622
0 4623
0 4624
0 4625
0 4626
0 4627
0 4629
0 4631
36 4628
4 4628
3 4628
2 4628
1 4628
0 4632
31 4633
20 4633
21 4633
22 4633
23 4633
24 4633
0 4634
28 4635
9 4635
8 4635
7 4635
6 4635
5 4635
4 4635
3 4635
2 4635
1 4635
0 4636
0 4637
0 4638
0 4640
0 4641
0 4643
0 4645
0 4647
39 4646
10 4646
9 4646
8 4646
7 4646
6 4646
5 4646
4 4646
3 4646
2 4646
1 4646
0 4648
0 4650
0 4652
0 4654
35 4642
11 4642
10 4642
9 4642
8 4642
7 4642
6 4642
5 4642
4 4642
3 4642
2 4642
1 4642
34 4655
5 4655
4 4655
3 4655
2 4655
1 4655
0 4656
27 4630
2 4630
1 4630
0 4659
30 4660
16 4660
17 4660
18 4660
19 4660
20 4660
21 4660
22 4660
23 4660
24 4660
38 4658
13 4658
14 4658
15 4658
16 4658
17 4658
18 4658
19 4658
20 4658
21 4658
22 4658
23 4658
24 4658
0 4661
42 4644
17 4644
18 4644
19 4644
20 4644
21 4644
22 4644
23 4644
24 4644
0 4663
43 4649
16 4649
17 4649
18 4649
19 4649
20 4649
21 4649
22 4649
23 4649
24 4649
0 4664
0 4665
44 4651
14 4651
15 4651
16 4651
17 4651
18 4651
19 4651
20 4651
21 4651
22 4651
23 4651
24 4651
0 4666
0 4667
0 4668
0 4670
33 4671
9 4671
8 4671
7 4671
6 4671
5 4671
4 4671
3 4671
2 4671
1 4671
0 4673
37 4662
3 4662
2 4662
1 4662
0 4674
25 4657
22 4657
23 4657
24 4657
0 4676
41 4669
1 4669
32 4675
10 4675
9 4675
8 4675
7 4675
6 4675
5 4675
4 4675
3 4675
2 4675
1 4675
0 4677
0 4679
0 4680
0 4681
0 4682
28 4678
23 4678
24 4678
0 4683
29 4672
5 4672
4 4672
3 4672
2 4672
1 4672
0 4684
0 4685
0 4686
40 4639
5 4639
4 4639
3 4639
2 4639
1 4639
0 4687
0 4689
0 4690
0 4691
0 4692
0 4694
26 4653
20 4653
21 4653
22 4653
23 4653
24 4653
0 4696
0 4697
0 4699
31 4695
16 4695
17 4695
18 4695
19 4695
20 4695
21 4695
22 4695
23 4695
24 4695
0 4700
0 4703
0 4704
0 4705
0 4707
32 4706
21 4706
22 4706
23 4706
24 4706
0 4708
0 4709
0 4712
27 4698
20 4698
21 4698
22 4698
23 4698
24 4698
0 4713
0 4714
43 4711
9 4711
8 4711
7 4711
6 4711
5 4711
4 4711
3 4711
2 4711
1 4711
0 4716
25 4715
11 4715
10 4715
9 4715
8 4715
7 4715
6 4715
5 4715
4 4715
3 4715
2 4715
1 4715
0 4717
0 4719
36 4688
7 4688
6 4688
5 4688
4 4688
3 4688
2 4688
1 4688
0 4720
37 4710
19 4710
20 4710
21 4710
22 4710
23 4710
24 4710
0 4723
0 4724
0 4725
42 4721
13 4721
14 4721
15 4721
16 4721
17 4721
18 4721
19 4721
20 4721
21 4721
22 4721
23 4721
24 4721
0 4726
0 4729
30 4727
14 4727
15 4727
16 4727
17 4727
18 4727
19 4727
20 4727
21 4727
22 4727
23 4727
24 4727
39 4722
11 4722
10 4722
9 4722
8 4722
7 4722
6 4722
5 4722
4 4722
3 4722
2 4722
1 4722
0 4730
0 4731
38 4702
12 4702
11 4702
10 4702
9 4702
8 4702
7 4702
6 4702
5 4702
4 4702
3 4702
2 4702
1 4702
0 4733
33 4732
5 4732
4 4732
3 4732
2 4732
1 4732
0 4734
0 4735
29 4718
22 4718
23 4718
24 4718
0 4736
44 4693
13 4693
14 4693
15 4693
16 4693
17 4693
18 4693
19 4693
20 4693
21 4693
22 4693
23 4693
24 4693
0 4739
35 4728
13 4728
14 4728
15 4728
16 4728
17 4728
18 4728
19 4728
20 4728
21 4728
22 4728
23 4728
24 4728
0 4741
0 4742
28 4737
31 4738
0 4743
0 4744
34 4701
9 4701
8 4701
7 4701
6 4701
5 4701
4 4701
3 4701
2 4701
1 4701
0 4745
0 4746
0 4747
27 4738
7 4738
6 4738
5 4738
4 4738
3 4738
2 4738
1 4738
0 4748
0 4749
43 4737
21 4737
22 4737
23 4737
24 4737
0 4751
40 4750
1 4750
0 4752
0 4753
41 4740
3 4740
2 4740
1 4740
0 4754
0 4756
0 4757
0 4758
36 4759
21 4759
22 4759
23 4759
24 4759
0 4760
0 4761
0 4762
0 4765
37 4755
9 4755
8 4755
7 4755
6 4755
5 4755
4 4755
3 4755
2 4755
1 4755
0 4766
0 4768
0 4769
26 4763
20 4763
21 4763
22 4763
23 4763
24 4763
38 4764
0 4770
0 4772
32 4771
18 4771
19 4771
20 4771
21 4771
22 4771
23 4771
24 4771
0 4773
0 4774
0 4775
0 4776
35 4777
2 4777
1 4777
0 4779
0 4781
0 4782
0 4785
0 4786
34 4783
23 4783
24 4783
0 4787
25 4767
10 4767
9 4767
8 4767
7 4767
6 4767
5 4767
4 4767
3 4767
2 4767
1 4767
39 4788
6 4788
5 4788
4 4788
3 4788
2 4788
1 4788
0 4789
0 4790
0 4791
0 4792
0 4793
33 4794
1 4794
0 4796
0 4798
0 4800
44 4799
9 4799
8 4799
7 4799
6 4799
5 4799
4 4799
3 4799
2 4799
1 4799
0 4801
0 4803
31 4802
0 4804
0 4805
0 4807
0 4808
42 4780
16 4780
17 4780
18 4780
19 4780
20 4780
21 4780
22 4780
23 4780
24 4780
30 4784
16 4784
17 4784
18 4784
19 4784
20 4784
21 4784
22 4784
23 4784
24 4784
0 4809
0 4811
43 4810
28 4810
16 4810
17 4810
18 4810
19 4810
20 4810
21 4810
22 4810
23 4810
24 4810
28 4812
16 4812
17 4812
18 4812
19 4812
20 4812
21 4812
22 4812
23 4812
24 4812
29 4778
23 4778
24 4778
40 4797
21 4797
22 4797
23 4797
24 4797
0 4813
0 4814
27 4815
0 4816
0 4817
0 4818
