44 412 0 100 1 2.11872 3.11872
62 422 0 100 1 2.48608 3.48608
73 438 0 100 1.16701e-08 4.04599 4.04599
74 433 0 100 0.7 3.4796 4.1796
61 425 0 100 1.6 2.65413 4.25413
47 445 0 100 1.16701e-08 4.43681 4.43681
57 443 0 100 0.1 4.40353 4.50353
55 418 0 100 2.9 2.38757 5.28757
78 416 0 100 3.4 2.29425 5.69425
28 442 0 100 1.4 4.30235 5.70235
53 434 0 100 2.6 3.57565 6.17565
84 451 0 100 1.4 4.95391 6.35391
69 447 0 100 2.1 4.60152 6.70152
79 437 0 100 2.9 3.89008 6.79008
36 441 0 100 2.6 4.28868 6.88868
46 452 0 100 2 4.96808 6.96808
42 417 0 100 4.6 2.38098 6.98098
56 421 0 100 4.5 2.48421 6.98421
41 446 0 100 3.3 4.45552 7.75552
40 429 0 100 4.8 2.96258 7.76258
68 456 0 100 1.6 6.30735 7.90735
52 439 0 100 3.8 4.1526 7.9526
25 457 0 100 2.3 6.35965 8.65965
55 472 0 100 0.7 8.11023 8.81023
33 468 0 100 1.4 7.5994 8.9994
78 458 0 100 2.8 6.49708 9.29708
58 427 0 100 6.6 2.75842 9.35842
84 477 0 100 1 8.88127 9.88127
27 467 0 100 2.6 7.39411 9.99411
76 480 0 100 0.1 10.0988 10.1988
65 431 0 100 7.6 3.15784 10.7578
42 470 0 100 3.3 7.77007 11.0701
40 466 0 100 3.8 7.36646 11.1665
65 465 0 100 3.9 7.30911 11.2091
59 487 0 100 0.7 10.9042 11.6042
39 494 0 100 1.16701e-08 11.6133 11.6133
34 484 0 100 1.3 10.3211 11.6211
68 479 0 100 2.1 9.84395 11.9439
81 493 0 100 1.2 11.4676 12.6676
59 474 0 100 4.5 8.18432 12.6843
64 488 0 100 2 11.01 13.01
30 495 0 100 1.8 11.6288 13.4288
28 511 0 100 0.2 13.4416 13.6416
36 504 0 100 1.3 12.5068 13.8068
79 502 0 100 1.6 12.2217 13.8217
72 478 0 100 4.3 9.68297 13.983
28 490 0 100 2.8 11.2581 14.0581
71 426 0 100 11.7 2.72636 14.4264
71 503 0 100 2.4 12.2789 14.6789
82 475 0 100 6.5 8.20831 14.7083
