63 318 2.03004
40 319 2.26479
42 320 2.35169
34 321 2.48604
65 322 2.49509
44 323 2.5451
62 324 2.54551
55 325 2.62801
27 326 2.66825
56 327 2.73123
50 328 2.87085
73 329 2.94049
32 330 2.9489
69 331 3.04795
38 332 3.05984
47 333 3.21681
58 334 3.39323
54 335 3.41967
49 336 3.53079
43 337 3.61448
31 338 3.69911
35 339 3.72585
57 340 3.73533
26 341 3.84315
39 342 3.87405
68 343 3.95655
51 344 4.15319
72 345 4.24443
33 346 4.64768
37 347 4.67951
30 348 4.68949
42 349 5.62758
49 350 5.83287
43 351 5.92039
62 352 6.0529
39 353 6.07205
54 354 6.17679
67 355 6.30898
69 356 6.31371
47 357 6.46272
46 358 7.03778
56 359 7.0529
38 360 7.22941
29 361 7.34847
50 362 7.65291
31 363 7.81457
59 364 7.82029
45 365 7.89774
28 366 7.95137
73 367 8.22916
67 368 8.50838
74 369 8.68442
57 370 8.73284
72 371 9.10346
39 372 9.22686
55 373 9.51236
64 374 9.60485
56 375 9.6798
40 376 9.68091
62 377 10.1312
61 378 10.2272
49 379 10.3252
32 380 10.4348
38 381 10.4482
42 382 10.4818
44 383 10.6984
47 384 10.7106
26 385 10.7212
71 386 10.8595
27 387 11.4812
65 388 11.676
40 389 11.7348
35 390 11.8386
25 391 11.9405
72 392 11.9439
62 393 12.1548
50 394 12.2707
73 395 12.3504
59 396 12.4818
58 397 12.8834
47 398 13.1154
30 399 13.3581
42 400 13.4104
56 401 13.4366
53 402 13.4732
45 403 13.9886
44 404 14.0417
32 405 14.1593
27 406 14.2673
33 407 14.3412
63 408 14.3534
38 409 14.4973
48 410 14.7195
61 411 14.9401
