0 1803
0 1804
0 1805
0 1806
0 1807
0 1808
0 1809
0 1810
0 1811
0 1812
0 1813
0 1814
0 1815
0 1816
0 1817
0 1818
0 1819
0 1820
0 1821
0 1822
0 1824
0 1827
45 1828
4 1828
3 1828
2 1828
1 1828
0 1830
47 1823
4 1823
3 1823
2 1823
1 1823
58 1825
4 1825
3 1825
2 1825
1 1825
0 1833
56 1835
22 1835
23 1835
24 1835
57 1831
16 1831
17 1831
18 1831
19 1831
20 1831
21 1831
22 1831
23 1831
24 1831
0 1837
54 1834
0 1840
42 1838
22 1838
23 1838
24 1838
0 1843
0 1844
28 1836
3 1836
2 1836
1 1836
0 1845
0 1847
63 1841
24 1841
60 1849
0 1850
37 1848
19 1848
20 1848
21 1848
22 1848
23 1848
24 1848
54 1849
8 1849
7 1849
6 1849
5 1849
4 1849
3 1849
2 1849
1 1849
0 1851
0 1855
25 1852
13 1852
14 1852
15 1852
16 1852
17 1852
18 1852
19 1852
20 1852
21 1852
22 1852
23 1852
24 1852
39 1826
3 1826
2 1826
1 1826
0 1858
40 1853
8 1853
7 1853
6 1853
5 1853
4 1853
3 1853
2 1853
1 1853
44 1832
20 1832
21 1832
22 1832
23 1832
24 1832
0 1861
26 1860
22 1860
23 1860
24 1860
46 1829
16 1829
17 1829
18 1829
19 1829
20 1829
21 1829
22 1829
23 1829
24 1829
0 1863
61 1859
20 1859
21 1859
22 1859
23 1859
24 1859
29 1834
10 1834
9 1834
8 1834
7 1834
6 1834
5 1834
4 1834
3 1834
2 1834
1 1834
30 1866
14 1866
15 1866
16 1866
17 1866
18 1866
19 1866
20 1866
21 1866
22 1866
23 1866
24 1866
43 1842
14 1842
15 1842
16 1842
17 1842
18 1842
19 1842
20 1842
21 1842
22 1842
23 1842
24 1842
59 1854
17 1854
18 1854
19 1854
20 1854
21 1854
22 1854
23 1854
24 1854
51 1862
17 1862
18 1862
19 1862
20 1862
21 1862
22 1862
23 1862
24 1862
48 1867
3 1867
2 1867
1 1867
52 1864
31 1846
13 1846
14 1846
15 1846
16 1846
17 1846
18 1846
19 1846
20 1846
21 1846
22 1846
23 1846
24 1846
0 1870
0 1872
36 1873
5 1873
4 1873
3 1873
2 1873
1 1873
0 1874
0 1876
38 1877
0 1879
49 1864
11 1864
10 1864
9 1864
8 1864
7 1864
6 1864
5 1864
4 1864
3 1864
2 1864
1 1864
0 1883
33 1880
12 1880
11 1880
10 1880
9 1880
8 1880
7 1880
6 1880
5 1880
4 1880
3 1880
2 1880
1 1880
62 1871
24 1871
0 1885
50 1884
12 1884
11 1884
10 1884
9 1884
8 1884
7 1884
6 1884
5 1884
4 1884
3 1884
2 1884
1 1884
48 1877
7 1877
6 1877
5 1877
4 1877
3 1877
2 1877
1 1877
0 1886
29 1878
15 1878
16 1878
17 1878
18 1878
19 1878
20 1878
21 1878
22 1878
23 1878
24 1878
55 1882
12 1882
11 1882
10 1882
9 1882
8 1882
7 1882
6 1882
5 1882
4 1882
3 1882
2 1882
1 1882
0 1889
27 1857
10 1857
9 1857
8 1857
7 1857
6 1857
5 1857
4 1857
3 1857
2 1857
1 1857
0 1892
42 1890
8 1890
7 1890
6 1890
5 1890
4 1890
3 1890
2 1890
1 1890
41 1891
34 1881
20 1881
21 1881
22 1881
23 1881
24 1881
0 1896
35 1875
9 1875
8 1875
7 1875
6 1875
5 1875
4 1875
3 1875
2 1875
1 1875
0 1897
64 1856
10 1856
9 1856
8 1856
7 1856
6 1856
5 1856
4 1856
3 1856
2 1856
1 1856
0 1900
0 1901
47 1898
20 1898
21 1898
22 1898
23 1898
24 1898
0 1903
60 1904
45 1899
21 1899
22 1899
23 1899
24 1899
53 1887
0 1907
0 1908
0 1909
0 1910
0 1912
46 1911
4 1911
3 1911
2 1911
1 1911
0 1914
32 1888
22 1888
23 1888
24 1888
0 1916
56 1906
17 1906
18 1906
19 1906
20 1906
21 1906
22 1906
23 1906
24 1906
0 1919
0 1921
0 1924
0 1925
42 1891
17 1891
18 1891
19 1891
20 1891
21 1891
22 1891
23 1891
24 1891
0 1927
57 1923
13 1923
14 1923
15 1923
16 1923
17 1923
18 1923
19 1923
20 1923
21 1923
22 1923
23 1923
24 1923
0 1929
54 1904
1 1904
59 1913
8 1913
7 1913
6 1913
5 1913
4 1913
3 1913
2 1913
1 1913
0 1930
58 1922
2 1922
1 1922
25 1926
6 1926
5 1926
4 1926
3 1926
2 1926
1 1926
39 1918
21 1918
22 1918
23 1918
24 1918
0 1932
51 1931
8 1931
7 1931
6 1931
5 1931
4 1931
3 1931
2 1931
1 1931
28 1920
0 1934
62 1928
12 1928
11 1928
10 1928
9 1928
8 1928
7 1928
6 1928
5 1928
4 1928
3 1928
2 1928
1 1928
0 1937
44 1887
14 1887
15 1887
16 1887
17 1887
18 1887
19 1887
20 1887
21 1887
22 1887
23 1887
24 1887
31 1933
5 1933
4 1933
3 1933
2 1933
1 1933
0 1940
49 1920
1 1920
0 1941
0 1943
0 1945
0 1946
0 1947
52 1935
41 1950
40 1902
5 1902
4 1902
3 1902
2 1902
1 1902
0 1951
44 1948
17 1948
18 1948
19 1948
20 1948
21 1948
22 1948
23 1948
24 1948
0 1952
33 1936
5 1936
4 1936
3 1936
2 1936
1 1936
0 1954
27 1939
2 1939
1 1939
0 1955
38 1953
0 1956
0 1958
48 1938
1 1938
0 1960
0 1961
37 1949
0 1962
61 1905
20 1905
21 1905
22 1905
23 1905
24 1905
26 1915
23 1915
24 1915
63 1944
3 1944
2 1944
1 1944
64 1950
3 1950
2 1950
1 1950
29 1969
12 1969
11 1969
10 1969
9 1969
8 1969
7 1969
6 1969
5 1969
4 1969
3 1969
2 1969
1 1969
0 1971
0 1973
35 1974
4 1974
3 1974
2 1974
1 1974
0 1976
62 1977
23 1977
24 1977
53 1949
0 1979
31 1978
16 1978
17 1978
18 1978
19 1978
20 1978
21 1978
22 1978
23 1978
24 1978
42 1967
6 1967
5 1967
4 1967
3 1967
2 1967
1 1967
0 1980
36 1957
7 1957
6 1957
5 1957
4 1957
3 1957
2 1957
1 1957
0 1981
50 1935
12 1935
11 1935
10 1935
9 1935
8 1935
7 1935
6 1935
5 1935
4 1935
3 1935
2 1935
1 1935
47 1959
16 1959
17 1959
18 1959
19 1959
20 1959
21 1959
22 1959
23 1959
24 1959
0 1983
0 1987
0 1989
55 1972
13 1972
14 1972
15 1972
16 1972
17 1972
18 1972
19 1972
20 1972
21 1972
22 1972
23 1972
24 1972
58 1975
17 1975
18 1975
19 1975
20 1975
21 1975
22 1975
23 1975
24 1975
54 1985
17 1985
18 1985
19 1985
20 1985
21 1985
22 1985
23 1985
24 1985
43 1942
21 1942
22 1942
23 1942
24 1942
0 1993
53 1984
4 1984
3 1984
2 1984
1 1984
0 1994
52 1996
0 1997
25 1988
23 1988
24 1988
60 1995
19 1995
20 1995
21 1995
22 1995
23 1995
24 1995
50 1996
16 1996
17 1996
18 1996
19 1996
20 1996
21 1996
22 1996
23 1996
24 1996
0 1998
0 1999
34 1982
23 1982
24 1982
0 2001
32 2000
19 2000
20 2000
21 2000
22 2000
23 2000
24 2000
59 1986
2 1986
1 1986
0 2003
30 1917
24 1917
49 2002
50 2002
18 2002
19 2002
20 2002
21 2002
22 2002
23 2002
24 2002
0 2004
40 1991
20 1991
21 1991
22 1991
23 1991
24 1991
0 2005
39 2006
16 2006
17 2006
18 2006
19 2006
20 2006
21 2006
22 2006
23 2006
24 2006
0 2008
0 2009
0 2010
41 2012
15 2012
16 2012
17 2012
18 2012
19 2012
20 2012
21 2012
22 2012
23 2012
24 2012
0 2013
0 2015
28 2011
21 2011
22 2011
23 2011
24 2011
0 2018
0 2019
44 2014
11 2014
10 2014
9 2014
8 2014
7 2014
6 2014
5 2014
4 2014
3 2014
2 2014
1 2014
0 2022
0 2025
0 2028
48 2024
19 2024
20 2024
21 2024
22 2024
23 2024
24 2024
0 2029
0 2031
51 2020
8 2020
7 2020
6 2020
5 2020
4 2020
3 2020
2 2020
1 2020
56 2007
21 2007
22 2007
23 2007
24 2007
0 2032
61 2030
13 2030
14 2030
15 2030
16 2030
17 2030
18 2030
19 2030
20 2030
21 2030
22 2030
23 2030
24 2030
0 2033
0 2035
38 2023
21 2023
22 2023
23 2023
24 2023
46 1970
10 1970
9 1970
8 1970
7 1970
6 1970
5 1970
4 1970
3 1970
2 1970
1 1970
0 2038
33 2034
2 2034
1 2034
31 2036
6 2036
5 2036
4 2036
3 2036
2 2036
1 2036
62 2017
14 2017
15 2017
16 2017
17 2017
18 2017
19 2017
20 2017
21 2017
22 2017
23 2017
24 2017
45 1964
6 1964
5 1964
4 1964
3 1964
2 1964
1 1964
0 2042
0 2044
27 2045
36 2039
23 2039
24 2039
0 2047
0 2050
63 2049
24 2049
0 2052
57 2016
19 2016
20 2016
21 2016
22 2016
23 2016
24 2016
64 2046
24 2046
0 2053
0 2054
0 2056
29 2026
8 2026
7 2026
6 2026
5 2026
4 2026
3 2026
2 2026
1 2026
58 2057
54 2057
9 2057
8 2057
7 2057
6 2057
5 2057
4 2057
3 2057
2 2057
1 2057
0 2059
35 2027
0 2061
0 2062
53 2041
21 2041
22 2041
23 2041
24 2041
50 2021
7 2021
6 2021
5 2021
4 2021
3 2021
2 2021
1 2021
47 2051
11 2051
10 2051
9 2051
8 2051
7 2051
6 2051
5 2051
4 2051
3 2051
2 2051
1 2051
25 2064
15 2064
16 2064
17 2064
18 2064
19 2064
20 2064
21 2064
22 2064
23 2064
24 2064
55 2055
7 2055
6 2055
5 2055
4 2055
3 2055
2 2055
1 2055
34 2043
14 2043
15 2043
16 2043
17 2043
18 2043
19 2043
20 2043
21 2043
22 2043
23 2043
24 2043
0 2072
32 2066
11 2066
10 2066
9 2066
8 2066
7 2066
6 2066
5 2066
4 2066
3 2066
2 2066
1 2066
54 2071
13 2071
14 2071
15 2071
16 2071
17 2071
18 2071
19 2071
20 2071
21 2071
22 2071
23 2071
24 2071
41 2069
4 2069
3 2069
2 2069
1 2069
0 2073
52 2060
10 2060
9 2060
8 2060
7 2060
6 2060
5 2060
4 2060
3 2060
2 2060
1 2060
26 2058
0 2075
