0 2388
0 2389
0 2390
0 2391
0 2392
0 2393
0 2394
0 2395
0 2396
0 2397
0 2398
0 2399
0 2400
0 2401
0 2402
0 2403
0 2404
0 2405
0 2406
0 2407
0 2411
62 2408
2 2408
1 2408
50 2416
1 2416
0 2417
0 2421
80 2413
0 2425
63 2414
20 2414
21 2414
22 2414
23 2414
24 2414
77 2419
7 2419
6 2419
5 2419
4 2419
3 2419
2 2419
1 2419
45 2423
4 2423
3 2423
2 2423
1 2423
68 2424
3 2424
2 2424
1 2424
60 2429
21 2429
22 2429
23 2429
24 2429
26 2409
17 2409
18 2409
19 2409
20 2409
21 2409
22 2409
23 2409
24 2409
0 2431
0 2434
51 2426
5 2426
4 2426
3 2426
2 2426
1 2426
40 2418
16 2418
17 2418
18 2418
19 2418
20 2418
21 2418
22 2418
23 2418
24 2418
39 2433
22 2433
23 2433
24 2433
0 2441
55 2442
0 2446
37 2415
1 2415
0 2449
72 2443
7 2443
6 2443
5 2443
4 2443
3 2443
2 2443
1 2443
49 2447
6 2447
5 2447
4 2447
3 2447
2 2447
1 2447
0 2451
51 2442
7 2442
6 2442
5 2442
4 2442
3 2442
2 2442
1 2442
0 2454
42 2444
20 2444
21 2444
22 2444
23 2444
24 2444
71 2422
0 2456
70 2427
23 2427
24 2427
48 2412
22 2412
23 2412
24 2412
67 2450
22 2450
23 2450
24 2450
47 2420
22 2420
23 2420
24 2420
0 2460
81 2452
20 2452
21 2452
22 2452
23 2452
24 2452
58 2413
23 2413
24 2413
56 2422
2 2422
1 2422
61 2453
1 2453
0 2461
84 2462
11 2462
10 2462
9 2462
8 2462
7 2462
6 2462
5 2462
4 2462
3 2462
2 2462
1 2462
0 2463
43 2448
15 2448
16 2448
17 2448
18 2448
19 2448
20 2448
21 2448
22 2448
23 2448
24 2448
34 2410
20 2410
21 2410
22 2410
23 2410
24 2410
0 2465
0 2468
29 2464
23 2464
24 2464
76 2457
0 2471
0 2472
28 2473
0 2477
36 2479
41 2437
16 2437
17 2437
18 2437
19 2437
20 2437
21 2437
22 2437
23 2437
24 2437
78 2474
11 2474
10 2474
9 2474
8 2474
7 2474
6 2474
5 2474
4 2474
3 2474
2 2474
1 2474
31 2432
17 2432
18 2432
19 2432
20 2432
21 2432
22 2432
23 2432
24 2432
65 2475
12 2475
11 2475
10 2475
9 2475
8 2475
7 2475
6 2475
5 2475
4 2475
3 2475
2 2475
1 2475
53 2476
0 2480
33 2445
10 2445
9 2445
8 2445
7 2445
6 2445
5 2445
4 2445
3 2445
2 2445
1 2445
0 2483
66 2484
5 2484
4 2484
3 2484
2 2484
1 2484
46 2481
20 2481
21 2481
22 2481
23 2481
24 2481
52 2458
3 2458
2 2458
1 2458
0 2489
45 2457
14 2457
15 2457
16 2457
17 2457
18 2457
19 2457
20 2457
21 2457
22 2457
23 2457
24 2457
82 2438
2 2438
1 2438
0 2490
74 2466
5 2466
4 2466
3 2466
2 2466
1 2466
75 2439
15 2439
16 2439
17 2439
18 2439
19 2439
20 2439
21 2439
22 2439
23 2439
24 2439
0 2493
32 2435
5 2435
4 2435
3 2435
2 2435
1 2435
57 2469
75 2469
15 2469
16 2469
17 2469
18 2469
19 2469
20 2469
21 2469
22 2469
23 2469
24 2469
54 2494
17 2494
18 2494
19 2494
20 2494
21 2494
22 2494
23 2494
24 2494
0 2495
35 2478
13 2478
14 2478
15 2478
16 2478
17 2478
18 2478
19 2478
20 2478
21 2478
22 2478
23 2478
24 2478
0 2497
59 2485
4 2485
3 2485
2 2485
1 2485
38 2436
7 2436
6 2436
5 2436
4 2436
3 2436
2 2436
1 2436
73 2470
2 2470
1 2470
0 2499
34 2476
1 2476
30 2455
23 2455
24 2455
40 2496
2 2496
1 2496
80 2487
6 2487
5 2487
4 2487
3 2487
2 2487
1 2487
58 2488
6 2488
5 2488
4 2488
3 2488
2 2488
1 2488
0 2503
64 2492
19 2492
20 2492
21 2492
22 2492
23 2492
24 2492
37 2479
12 2479
11 2479
10 2479
9 2479
8 2479
7 2479
6 2479
5 2479
4 2479
3 2479
2 2479
1 2479
44 2498
16 2498
17 2498
18 2498
19 2498
20 2498
21 2498
22 2498
23 2498
24 2498
0 2504
79 2491
25 2482
11 2482
10 2482
9 2482
8 2482
7 2482
6 2482
5 2482
4 2482
3 2482
2 2482
1 2482
83 2440
21 2440
22 2440
23 2440
24 2440
0 2506
0 2508
63 2491
10 2491
9 2491
8 2491
7 2491
6 2491
5 2491
4 2491
3 2491
2 2491
1 2491
27 2459
17 2459
18 2459
19 2459
20 2459
21 2459
22 2459
23 2459
24 2459
0 2509
0 2510
0 2513
60 2511
63 2511
12 2511
11 2511
10 2511
9 2511
8 2511
7 2511
6 2511
5 2511
4 2511
3 2511
2 2511
1 2511
0 2514
56 2467
14 2467
15 2467
16 2467
17 2467
18 2467
19 2467
20 2467
21 2467
22 2467
23 2467
24 2467
0 2515
81 2516
8 2516
7 2516
6 2516
5 2516
4 2516
3 2516
2 2516
1 2516
26 2517
9 2517
8 2517
7 2517
6 2517
5 2517
4 2517
3 2517
2 2517
1 2517
0 2518
68 2507
21 2507
22 2507
23 2507
24 2507
0 2520
0 2522
69 2486
12 2486
11 2486
10 2486
9 2486
8 2486
7 2486
6 2486
5 2486
4 2486
3 2486
2 2486
1 2486
0 2525
37 2519
18 2519
19 2519
20 2519
21 2519
22 2519
23 2519
24 2519
0 2526
0 2529
0 2531
31 2523
4 2523
3 2523
2 2523
1 2523
77 2512
3 2512
2 2512
1 2512
0 2533
55 2534
62 2532
0 2535
0 2538
0 2541
57 2536
2 2536
1 2536
0 2544
28 2530
15 2530
16 2530
17 2530
18 2530
19 2530
20 2530
21 2530
22 2530
23 2530
24 2530
0 2547
71 2537
21 2537
22 2537
23 2537
24 2537
0 2548
29 2551
15 2551
16 2551
17 2551
18 2551
19 2551
20 2551
21 2551
22 2551
23 2551
24 2551
0 2553
35 2550
50 2501
2 2501
1 2501
66 2539
61 2539
41 2543
7 2543
6 2543
5 2543
4 2543
3 2543
2 2543
1 2543
0 2554
82 2549
17 2549
18 2549
19 2549
20 2549
21 2549
22 2549
23 2549
24 2549
47 2521
17 2521
18 2521
19 2521
20 2521
21 2521
22 2521
23 2521
24 2521
0 2556
27 2550
2 2550
1 2550
30 2558
11 2558
10 2558
9 2558
8 2558
7 2558
6 2558
5 2558
4 2558
3 2558
2 2558
1 2558
0 2562
43 2540
67 2564
0 2565
53 2546
15 2546
16 2546
17 2546
18 2546
19 2546
20 2546
21 2546
22 2546
23 2546
24 2546
47 2564
19 2564
20 2564
21 2564
22 2564
23 2564
24 2564
0 2569
54 2567
8 2567
7 2567
6 2567
5 2567
4 2567
3 2567
2 2567
1 2567
0 2570
65 2528
6 2528
5 2528
4 2528
3 2528
2 2528
1 2528
38 2539
23 2539
24 2539
0 2572
49 2527
6 2527
5 2527
4 2527
3 2527
2 2527
1 2527
0 2576
51 2524
7 2524
6 2524
5 2524
4 2524
3 2524
2 2524
1 2524
61 2559
46 2573
14 2573
15 2573
16 2573
17 2573
18 2573
19 2573
20 2573
21 2573
22 2573
23 2573
24 2573
0 2577
70 2545
22 2545
23 2545
24 2545
72 2555
8 2555
7 2555
6 2555
5 2555
4 2555
3 2555
2 2555
1 2555
0 2579
60 2582
0 2585
76 2563
9 2563
8 2563
7 2563
6 2563
5 2563
4 2563
3 2563
2 2563
1 2563
42 2561
21 2561
22 2561
23 2561
24 2561
0 2586
0 2588
48 2566
23 2566
24 2566
39 2505
1 2505
0 2589
83 2587
13 2587
14 2587
15 2587
16 2587
17 2587
18 2587
19 2587
20 2587
21 2587
22 2587
23 2587
24 2587
74 2574
1 2574
0 2590
36 2568
5 2568
4 2568
3 2568
2 2568
1 2568
0 2593
40 2580
21 2580
22 2580
23 2580
24 2580
66 2559
3 2559
2 2559
1 2559
64 2592
13 2592
14 2592
15 2592
16 2592
17 2592
18 2592
19 2592
20 2592
21 2592
22 2592
23 2592
24 2592
34 2575
21 2575
22 2575
23 2575
24 2575
0 2594
0 2598
56 2595
5 2595
4 2595
3 2595
2 2595
1 2595
84 2560
14 2560
15 2560
16 2560
17 2560
18 2560
19 2560
20 2560
21 2560
22 2560
23 2560
24 2560
37 2584
7 2584
6 2584
5 2584
4 2584
3 2584
2 2584
1 2584
0 2600
80 2557
0 2601
45 2542
13 2542
14 2542
15 2542
16 2542
17 2542
18 2542
19 2542
20 2542
21 2542
22 2542
23 2542
24 2542
52 2552
3 2552
2 2552
1 2552
0 2602
28 2604
2 2604
1 2604
0 2605
57 2607
15 2607
16 2607
17 2607
18 2607
19 2607
20 2607
21 2607
22 2607
23 2607
24 2607
0 2608
59 2596
3 2596
2 2596
1 2596
32 2571
5 2571
4 2571
3 2571
2 2571
1 2571
0 2609
0 2611
79 2612
78 2578
14 2578
15 2578
16 2578
17 2578
18 2578
19 2578
20 2578
21 2578
22 2578
23 2578
24 2578
0 2614
68 2599
15 2599
16 2599
17 2599
18 2599
19 2599
20 2599
21 2599
22 2599
23 2599
24 2599
44 2610
14 2610
15 2610
16 2610
17 2610
18 2610
19 2610
20 2610
21 2610
22 2610
23 2610
24 2610
0 2615
25 2606
9 2606
8 2606
7 2606
6 2606
5 2606
4 2606
3 2606
2 2606
1 2606
38 2603
8 2603
7 2603
6 2603
5 2603
4 2603
3 2603
2 2603
1 2603
41 2617
20 2617
21 2617
22 2617
23 2617
24 2617
77 2619
31 2540
22 2540
23 2540
24 2540
29 2622
81 2622
4 2622
3 2622
2 2622
1 2622
47 2623
0 2625
69 2591
7 2591
6 2591
5 2591
4 2591
3 2591
2 2591
1 2591
33 2583
15 2583
16 2583
17 2583
18 2583
19 2583
20 2583
21 2583
22 2583
23 2583
24 2583
0 2626
58 2557
7 2557
6 2557
5 2557
4 2557
3 2557
2 2557
1 2557
27 2613
16 2613
17 2613
18 2613
19 2613
20 2613
21 2613
22 2613
23 2613
24 2613
0 2628
67 2623
7 2623
6 2623
5 2623
4 2623
3 2623
2 2623
1 2623
0 2630
83 2619
22 2619
23 2619
24 2619
0 2631
62 2620
20 2620
21 2620
22 2620
23 2620
24 2620
0 2633
81 2627
7 2627
6 2627
5 2627
4 2627
3 2627
2 2627
1 2627
0 2635
71 2629
14 2629
15 2629
16 2629
17 2629
18 2629
19 2629
20 2629
21 2629
22 2629
23 2629
24 2629
26 2616
8 2616
7 2616
6 2616
5 2616
4 2616
3 2616
2 2616
1 2616
0 2638
66 2639
61 2639
13 2639
14 2639
15 2639
16 2639
17 2639
18 2639
19 2639
20 2639
21 2639
22 2639
23 2639
24 2639
46 2640
51 2632
21 2632
22 2632
23 2632
24 2632
50 2624
20 2624
21 2624
22 2624
23 2624
24 2624
0 2642
30 2640
3 2640
2 2640
1 2640
73 2597
8 2597
7 2597
6 2597
5 2597
4 2597
3 2597
2 2597
1 2597
0 2644
64 2645
24 2645
0 2646
0 2647
0 2652
35 2648
0 2654
75 2581
0 2659
37 2655
19 2655
20 2655
21 2655
22 2655
23 2655
24 2655
31 2634
4 2634
3 2634
2 2634
1 2634
63 2612
16 2612
17 2612
18 2612
19 2612
20 2612
21 2612
22 2612
23 2612
24 2612
80 2657
14 2657
15 2657
16 2657
17 2657
18 2657
19 2657
20 2657
21 2657
22 2657
23 2657
24 2657
0 2661
67 2643
13 2643
14 2643
15 2643
16 2643
17 2643
18 2643
19 2643
20 2643
21 2643
22 2643
23 2643
24 2643
72 2656
0 2663
0 2664
82 2650
14 2650
15 2650
16 2650
17 2650
18 2650
19 2650
20 2650
21 2650
22 2650
23 2650
24 2650
0 2666
42 2665
13 2665
14 2665
15 2665
16 2665
17 2665
18 2665
19 2665
20 2665
21 2665
22 2665
23 2665
24 2665
30 2668
8 2668
7 2668
6 2668
5 2668
4 2668
3 2668
2 2668
1 2668
55 2636
0 2669
70 2667
16 2667
17 2667
18 2667
19 2667
20 2667
21 2667
22 2667
23 2667
24 2667
0 2670
43 2653
7 2653
6 2653
5 2653
4 2653
3 2653
2 2653
1 2653
51 2636
2 2636
1 2636
78 2671
1 2671
53 2637
12 2637
11 2637
10 2637
9 2637
8 2637
7 2637
6 2637
5 2637
4 2637
3 2637
2 2637
1 2637
65 2641
2 2641
1 2641
0 2672
36 2660
22 2660
23 2660
24 2660
56 2658
21 2658
22 2658
23 2658
24 2658
0 2673
0 2676
54 2675
6 2675
5 2675
4 2675
3 2675
2 2675
1 2675
40 2649
14 2649
15 2649
16 2649
17 2649
18 2649
19 2649
20 2649
21 2649
22 2649
23 2649
24 2649
29 2678
83 2674
7 2674
6 2674
5 2674
4 2674
3 2674
2 2674
1 2674
27 2648
2 2648
1 2648
60 2680
21 2680
22 2680
23 2680
24 2680
0 2681
0 2683
61 2677
22 2677
23 2677
24 2677
48 2651
0 2684
0 2686
41 2685
9 2685
8 2685
7 2685
6 2685
5 2685
4 2685
3 2685
2 2685
1 2685
0 2689
59 2662
20 2662
21 2662
22 2662
23 2662
24 2662
71 2688
0 2692
52 2693
47 2695
34 2691
17 2691
18 2691
19 2691
20 2691
21 2691
22 2691
23 2691
24 2691
0 2696
76 2694
8 2694
7 2694
6 2694
5 2694
4 2694
3 2694
2 2694
1 2694
0 2699
82 2695
21 2695
22 2695
23 2695
24 2695
74 2690
24 2690
81 2678
20 2678
21 2678
22 2678
23 2678
24 2678
0 2702
0 2705
46 2704
0 2708
25 2703
2 2703
1 2703
30 2704
16 2704
17 2704
18 2704
19 2704
20 2704
21 2704
22 2704
23 2704
24 2704
0 2711
28 2706
0 2714
70 2693
0 2717
51 2721
11 2721
10 2721
9 2721
8 2721
7 2721
6 2721
5 2721
4 2721
3 2721
2 2721
1 2721
0 2722
64 2709
13 2709
14 2709
15 2709
16 2709
17 2709
18 2709
19 2709
20 2709
21 2709
22 2709
23 2709
24 2709
38 2710
3 2710
2 2710
1 2710
35 2719
9 2719
8 2719
7 2719
6 2719
5 2719
4 2719
3 2719
2 2719
1 2719
0 2724
32 2700
2 2700
1 2700
84 2718
13 2718
14 2718
15 2718
16 2718
17 2718
18 2718
19 2718
20 2718
21 2718
22 2718
23 2718
24 2718
0 2726
55 2727
12 2727
11 2727
10 2727
9 2727
8 2727
7 2727
6 2727
5 2727
4 2727
3 2727
2 2727
1 2727
69 2707
2 2707
1 2707
0 2728
39 2697
4 2697
3 2697
2 2697
1 2697
77 2723
16 2723
17 2723
18 2723
19 2723
20 2723
21 2723
22 2723
23 2723
24 2723
72 2713
13 2713
14 2713
15 2713
16 2713
17 2713
18 2713
19 2713
20 2713
21 2713
22 2713
23 2713
24 2713
0 2729
66 2730
0 2731
