30 1173 0 100 0.1 2.02163 2.12164
33 1174 0 100 0.4 2.04111 2.44111
29 1180 0 100 0.3 2.37681 2.67681
25 1177 0 100 0.5 2.23049 2.73049
34 1185 0 100 0.6 2.80625 3.40625
27 1197 0 100 1.40041e-07 3.76605 3.76605
28 1202 0 100 2.33402e-08 4.24121 4.24121
26 1194 0 100 0.8 3.61466 4.41466
31 1211 0 100 0.2 4.91065 5.11065
29 1221 0 100 8.16907e-08 5.66769 5.66769
33 1219 0 100 0.4 5.59422 5.99422
32 1205 0 100 1.9 4.39386 6.29386
25 1231 0 100 7.00206e-08 6.46088 6.46088
27 1227 0 100 0.3 6.19387 6.49387
30 1236 0 100 1.05031e-07 6.92965 6.92965
26 1248 0 100 0.2 7.91767 8.11767
29 1255 0 100 9.33608e-08 8.41053 8.41053
31 1245 0 100 0.9 7.7365 8.6365
34 1251 0 100 0.8 8.07504 8.87504
28 1261 0 100 1.4 8.7664 10.1664
33 1276 0 100 0.5 10.0735 10.5735
32 1258 0 100 2 8.64062 10.6406
27 1285 0 100 3.50103e-08 10.9085 10.9085
30 1274 0 100 0.9 10.0326 10.9326
31 1288 0 100 1.16701e-07 11.1009 11.1009
25 1289 0 100 0.1 11.1044 11.2044
34 1299 0 100 0.4 11.8683 12.2683
26 1294 0 100 0.8 11.5225 12.3225
29 1301 0 100 0.6 12.054 12.654
28 1307 0 100 0.6 12.5065 13.1065
31 1319 0 100 0.2 13.6393 13.8393
25 1327 0 100 0.2 14.1718 14.3718
27 1329 0 100 0.1 14.3498 14.4498
30 1325 0 100 0.8 14.1078 14.9078
