0 1159
0 1160
0 1161
0 1162
0 1168
0 1169
0 1170
0 1171
30 1173
19 1173
20 1173
21 1173
22 1173
23 1173
24 1173
0 1176
0 1178
0 1179
33 1174
20 1174
21 1174
22 1174
23 1174
24 1174
0 1181
29 1180
5 1180
4 1180
3 1180
2 1180
1 1180
25 1177
2 1177
1 1177
0 1186
0 1187
0 1188
0 1189
0 1190
0 1191
34 1185
2 1185
1 1185
0 1192
0 1193
0 1195
0 1196
27 1197
14 1197
15 1197
16 1197
17 1197
18 1197
19 1197
20 1197
21 1197
22 1197
23 1197
24 1197
0 1198
0 1199
0 1200
0 1201
28 1202
24 1202
0 1203
0 1204
26 1194
3 1194
2 1194
1 1194
0 1206
0 1207
0 1208
31 1211
5 1211
4 1211
3 1211
2 1211
1 1211
29 1221
19 1221
20 1221
21 1221
22 1221
23 1221
24 1221
0 1224
33 1219
12 1219
11 1219
10 1219
9 1219
8 1219
7 1219
6 1219
5 1219
4 1219
3 1219
2 1219
1 1219
0 1225
0 1226
0 1228
32 1205
10 1205
9 1205
8 1205
7 1205
6 1205
5 1205
4 1205
3 1205
2 1205
1 1205
25 1231
20 1231
21 1231
22 1231
23 1231
24 1231
27 1227
2 1227
1 1227
0 1234
0 1235
30 1236
17 1236
18 1236
19 1236
20 1236
21 1236
22 1236
23 1236
24 1236
0 1237
0 1238
0 1241
0 1242
0 1243
0 1244
0 1250
26 1248
21 1248
22 1248
23 1248
24 1248
0 1252
0 1253
0 1254
29 1255
7 1255
6 1255
5 1255
4 1255
3 1255
2 1255
1 1255
0 1256
0 1257
31 1245
22 1245
23 1245
24 1245
0 1259
0 1260
0 1262
34 1251
3 1251
2 1251
1 1251
0 1263
0 1264
0 1265
0 1266
0 1267
0 1268
0 1269
0 1270
0 1271
0 1272
28 1261
2 1261
1 1261
33 1276
9 1276
8 1276
7 1276
6 1276
5 1276
4 1276
3 1276
2 1276
1 1276
32 1258
6 1258
5 1258
4 1258
3 1258
2 1258
1 1258
27 1285
23 1285
24 1285
30 1274
11 1274
10 1274
9 1274
8 1274
7 1274
6 1274
5 1274
4 1274
3 1274
2 1274
1 1274
31 1288
9 1288
8 1288
7 1288
6 1288
5 1288
4 1288
3 1288
2 1288
1 1288
0 1290
25 1289
18 1289
19 1289
20 1289
21 1289
22 1289
23 1289
24 1289
0 1291
0 1292
0 1293
0 1302
0 1303
0 1304
34 1299
19 1299
20 1299
21 1299
22 1299
23 1299
24 1299
26 1294
16 1294
17 1294
18 1294
19 1294
20 1294
21 1294
22 1294
23 1294
24 1294
0 1305
0 1308
29 1301
2 1301
1 1301
0 1309
0 1310
0 1311
28 1307
16 1307
17 1307
18 1307
19 1307
20 1307
21 1307
22 1307
23 1307
24 1307
0 1316
0 1317
0 1318
0 1320
0 1321
31 1319
22 1319
23 1319
24 1319
0 1322
0 1323
0 1324
0 1326
0 1328
0 1330
25 1327
8 1327
7 1327
6 1327
5 1327
4 1327
3 1327
2 1327
1 1327
27 1329
15 1329
16 1329
17 1329
18 1329
19 1329
20 1329
21 1329
22 1329
23 1329
24 1329
0 1331
0 1332
0 1333
0 1334
0 1336
30 1325
5 1325
4 1325
3 1325
2 1325
1 1325
0 1337
