0 1345
0 1346
0 1347
0 1348
0 1349
0 1350
0 1351
0 1354
0 1355
0 1356
0 1357
0 1359
39 1361
21 1361
22 1361
23 1361
24 1361
0 1363
44 1360
35 1364
2 1364
1 1364
0 1365
0 1366
31 1368
17 1368
18 1368
19 1368
20 1368
21 1368
22 1368
23 1368
24 1368
33 1367
16 1367
17 1367
18 1367
19 1367
20 1367
21 1367
22 1367
23 1367
24 1367
0 1371
29 1372
8 1372
7 1372
6 1372
5 1372
4 1372
3 1372
2 1372
1 1372
0 1373
0 1376
32 1375
24 1375
0 1377
27 1362
8 1362
7 1362
6 1362
5 1362
4 1362
3 1362
2 1362
1 1362
0 1379
34 1374
5 1374
4 1374
3 1374
2 1374
1 1374
0 1380
25 1369
4 1369
3 1369
2 1369
1 1369
0 1381
36 1382
28 1358
19 1358
20 1358
21 1358
22 1358
23 1358
24 1358
27 1382
10 1382
9 1382
8 1382
7 1382
6 1382
5 1382
4 1382
3 1382
2 1382
1 1382
0 1385
42 1378
19 1378
20 1378
21 1378
22 1378
23 1378
24 1378
0 1388
41 1386
0 1389
0 1390
0 1391
0 1393
0 1394
40 1387
2 1387
1 1387
0 1395
26 1392
7 1392
6 1392
5 1392
4 1392
3 1392
2 1392
1 1392
0 1396
0 1399
37 1397
15 1397
16 1397
17 1397
18 1397
19 1397
20 1397
21 1397
22 1397
23 1397
24 1397
30 1401
7 1401
6 1401
5 1401
4 1401
3 1401
2 1401
1 1401
0 1402
0 1404
0 1405
43 1400
35 1403
14 1403
15 1403
16 1403
17 1403
18 1403
19 1403
20 1403
21 1403
22 1403
23 1403
24 1403
0 1406
0 1407
0 1408
29 1411
20 1411
21 1411
22 1411
23 1411
24 1411
38 1398
9 1398
8 1398
7 1398
6 1398
5 1398
4 1398
3 1398
2 1398
1 1398
31 1415
8 1415
7 1415
6 1415
5 1415
4 1415
3 1415
2 1415
1 1415
44 1409
18 1409
19 1409
20 1409
21 1409
22 1409
23 1409
24 1409
27 1417
23 1417
24 1417
0 1423
41 1424
12 1424
11 1424
10 1424
9 1424
8 1424
7 1424
6 1424
5 1424
4 1424
3 1424
2 1424
1 1424
0 1425
0 1427
0 1428
0 1429
0 1430
0 1431
0 1435
0 1438
33 1439
0 1442
28 1439
13 1439
14 1439
15 1439
16 1439
17 1439
18 1439
19 1439
20 1439
21 1439
22 1439
23 1439
24 1439
0 1444
25 1426
24 1426
0 1446
43 1447
13 1447
14 1447
15 1447
16 1447
17 1447
18 1447
19 1447
20 1447
21 1447
22 1447
23 1447
24 1447
0 1449
35 1440
2 1440
1 1440
0 1450
0 1452
0 1455
28 1453
16 1453
17 1453
18 1453
19 1453
20 1453
21 1453
22 1453
23 1453
24 1453
0 1457
42 1445
15 1445
16 1445
17 1445
18 1445
19 1445
20 1445
21 1445
22 1445
23 1445
24 1445
39 1437
24 1437
0 1458
30 1448
24 1448
0 1459
36 1434
8 1434
7 1434
6 1434
5 1434
4 1434
3 1434
2 1434
1 1434
0 1460
0 1461
40 1441
22 1441
23 1441
24 1441
0 1462
34 1451
6 1451
5 1451
4 1451
3 1451
2 1451
1 1451
0 1465
0 1466
26 1443
4 1443
3 1443
2 1443
1 1443
0 1467
0 1469
0 1471
32 1454
4 1454
3 1454
2 1454
1 1454
0 1472
0 1473
0 1474
0 1475
29 1456
16 1456
17 1456
18 1456
19 1456
20 1456
21 1456
22 1456
23 1456
24 1456
0 1476
0 1477
0 1479
31 1470
2 1470
1 1470
27 1478
16 1478
17 1478
18 1478
19 1478
20 1478
21 1478
22 1478
23 1478
24 1478
0 1480
0 1481
0 1482
0 1484
44 1468
15 1468
16 1468
17 1468
18 1468
19 1468
20 1468
21 1468
22 1468
23 1468
24 1468
36 1487
20 1487
21 1487
22 1487
23 1487
24 1487
43 1492
4 1492
3 1492
2 1492
1 1492
41 1483
10 1483
9 1483
8 1483
7 1483
6 1483
5 1483
4 1483
3 1483
2 1483
1 1483
25 1495
18 1495
19 1495
20 1495
21 1495
22 1495
23 1495
24 1495
35 1485
20 1485
21 1485
22 1485
23 1485
24 1485
38 1489
11 1489
10 1489
9 1489
8 1489
7 1489
6 1489
5 1489
4 1489
3 1489
2 1489
1 1489
0 1502
0 1504
26 1505
17 1505
18 1505
19 1505
20 1505
21 1505
22 1505
23 1505
24 1505
0 1507
0 1508
0 1510
33 1497
10 1497
9 1497
8 1497
7 1497
6 1497
5 1497
4 1497
3 1497
2 1497
1 1497
0 1511
0 1514
0 1516
32 1503
19 1503
20 1503
21 1503
22 1503
23 1503
24 1503
42 1506
11 1506
10 1506
9 1506
8 1506
7 1506
6 1506
5 1506
4 1506
3 1506
2 1506
1 1506
0 1517
0 1519
0 1521
0 1522
0 1523
28 1509
15 1509
16 1509
17 1509
18 1509
19 1509
20 1509
21 1509
22 1509
23 1509
24 1509
0 1524
27 1520
6 1520
5 1520
4 1520
3 1520
2 1520
1 1520
0 1526
0 1530
0 1531
0 1532
0 1534
0 1535
0 1536
30 1518
1 1518
0 1538
31 1539
22 1539
23 1539
24 1539
0 1540
0 1541
0 1542
40 1528
0 1543
0 1545
34 1527
9 1527
8 1527
7 1527
6 1527
5 1527
4 1527
3 1527
2 1527
1 1527
29 1529
14 1529
15 1529
16 1529
17 1529
18 1529
19 1529
20 1529
21 1529
22 1529
23 1529
24 1529
0 1546
43 1544
22 1544
23 1544
24 1544
32 1547
5 1547
4 1547
3 1547
2 1547
1 1547
0 1548
0 1550
0 1552
26 1549
8 1549
7 1549
6 1549
5 1549
4 1549
3 1549
2 1549
1 1549
0 1553
0 1557
36 1556
16 1556
17 1556
18 1556
19 1556
20 1556
21 1556
22 1556
23 1556
24 1556
42 1551
24 1551
