30 6007 0 100 2.33402e-08 2.07035 2.07035
27 6005 0 100 0.3 2.03507 2.33507
64 6013 0 100 1.16701e-07 2.36345 2.36345
89 6009 0 100 0.2 2.16399 2.36399
77 6006 0 100 0.5 2.06536 2.56536
78 6023 0 100 1.05031e-07 2.6825 2.6825
26 6024 0 100 0.1 2.71304 2.81304
70 6018 0 100 0.4 2.49849 2.89849
55 6020 0 100 0.3 2.60222 2.90222
57 6015 0 100 0.7 2.41233 3.11233
46 6010 0 100 0.9 2.21747 3.11747
42 6034 0 100 0.1 3.0767 3.1767
90 6031 0 100 0.3 2.96433 3.26433
29 6026 0 100 0.5 2.79012 3.29012
61 6017 0 100 1.2 2.4687 3.6687
67 6044 0 100 0.3 3.37456 3.67456
69 6029 0 100 0.9 2.84648 3.74648
38 6045 0 100 0.4 3.37965 3.77965
62 6056 0 100 1.16701e-08 3.78969 3.78969
36 6052 0 100 0.1 3.69982 3.79982
60 6047 0 100 0.3 3.50973 3.80973
79 6054 0 100 0.1 3.76023 3.86023
81 6036 0 100 0.7 3.17738 3.87738
35 6061 0 100 1.05031e-07 3.89598 3.89598
41 6027 0 100 1.1 2.81434 3.91434
28 6048 0 100 0.4 3.51904 3.91904
93 6021 0 100 1.5 2.60533 4.10533
76 6067 0 100 0.1 4.06094 4.16094
51 6033 0 100 1.2 3.04285 4.24285
68 6055 0 100 0.5 3.77949 4.27949
83 6069 0 100 0.2 4.08672 4.28672
94 6057 0 100 0.5 3.8162 4.3162
44 6079 0 100 4.66804e-08 4.33492 4.33492
54 6014 0 100 2 2.38576 4.38576
45 6037 0 100 1.2 3.18986 4.38986
65 6072 0 100 0.3 4.14671 4.44671
63 6085 0 100 4.66804e-08 4.48646 4.48646
43 6080 0 100 0.2 4.38811 4.58811
59 6081 0 100 0.2 4.39399 4.59399
48 6066 0 100 0.6 4.04076 4.64076
39 6088 0 100 0.1 4.59226 4.69226
88 6064 0 100 0.7 4.0141 4.7141
87 6070 0 100 0.7 4.1139 4.8139
25 6087 0 100 0.4 4.53276 4.93276
78 6091 0 100 0.2 4.7594 4.9594
40 6068 0 100 0.9 4.07075 4.97075
31 6092 0 100 0.2 4.80051 5.00051
56 6094 0 100 0.2 4.90183 5.10183
50 6077 0 100 0.9 4.28779 5.18779
75 6050 0 100 1.6 3.60061 5.20061
91 6058 0 100 1.4 3.82183 5.22183
52 6063 0 100 1.4 3.9797 5.3797
53 6038 0 100 2.2 3.2041 5.4041
66 6073 0 100 1.3 4.16374 5.46374
85 6074 0 100 1.3 4.21699 5.51699
74 6082 0 100 1.2 4.41924 5.61924
58 6076 0 100 1.5 4.24162 5.74162
49 6040 0 100 2.5 3.27537 5.77537
37 6041 0 100 2.5 3.30264 5.80264
61 6099 0 100 0.9 5.03941 5.93941
72 6084 0 100 1.6 4.44209 6.04209
64 6097 0 100 1.3 4.99158 6.29158
82 6060 0 100 2.7 3.8734 6.5734
27 6108 0 100 0.9 5.67634 6.57634
77 6126 0 100 0.2 6.63307 6.83307
70 6123 0 100 0.3 6.53624 6.83624
53 6135 0 100 1.16701e-07 6.93868 6.93868
48 6124 0 100 0.4 6.57446 6.97446
92 6042 0 100 3.7 3.30381 7.00381
51 6131 0 100 0.2 6.80639 7.00639
31 6138 0 100 4.66804e-08 7.07303 7.07303
75 6120 0 100 0.6 6.47477 7.07477
29 6103 0 100 1.8 5.30622 7.10622
86 6096 0 100 2.2 4.97097 7.17097
63 6127 0 100 0.6 6.65819 7.25819
93 6143 0 100 0.1 7.23869 7.33869
60 6144 0 100 0.1 7.25212 7.35212
26 6147 0 100 1.05031e-07 7.41629 7.41629
30 6102 0 100 2.2 5.25418 7.45418
90 6154 0 100 0.1 7.5775 7.6775
78 6151 0 100 0.2 7.50531 7.70531
65 6161 0 100 7.00206e-08 7.83817 7.83817
35 6130 0 100 1.2 6.73632 7.93632
49 6164 0 100 7.00206e-08 7.95381 7.95381
87 6153 0 100 0.4 7.5595 7.9595
55 6115 0 100 1.8 6.22371 8.02371
62 6169 0 100 7.00206e-08 8.07479 8.07479
45 6155 0 100 0.5 7.6213 8.1213
59 6128 0 100 1.5 6.67653 8.17653
38 6146 0 100 0.8 7.39076 8.19076
43 6172 0 100 0.1 8.26057 8.36057
41 6166 0 100 0.4 7.98591 8.38591
54 6162 0 100 0.5 7.90609 8.40609
32 6133 0 100 1.5 6.93147 8.43147
28 6136 0 100 1.5 6.9466 8.4466
83 6141 0 100 1.3 7.15814 8.45814
36 6165 0 100 0.5 7.97896 8.47896
88 6175 0 100 0.1 8.39103 8.49103
57 6149 0 100 1.1 7.43674 8.53674
79 6140 0 100 1.5 7.13566 8.63566
73 6180 0 100 0.1 8.59505 8.69505
80 6181 0 100 0.2 8.60257 8.80257
81 6186 0 100 1.05031e-07 8.82733 8.82733
61 6150 0 100 1.4 7.50394 8.90394
44 6185 0 100 0.1 8.81471 8.91471
52 6188 0 100 0.1 8.88663 8.98663
92 6118 0 100 2.7 6.35283 9.05283
34 6177 0 100 0.7 8.51386 9.21386
29 6189 0 100 0.3 8.91469 9.21469
58 6191 0 100 0.3 8.94008 9.24008
56 6197 0 100 0.1 9.1413 9.2413
28 6201 0 100 0.1 9.22135 9.32135
72 6179 0 100 0.8 8.57623 9.37623
47 6159 0 100 1.6 7.77847 9.37847
50 6200 0 100 0.2 9.21946 9.41946
51 6195 0 100 0.4 9.13088 9.53088
66 6203 0 100 0.4 9.27239 9.67239
39 6210 0 100 0.1 9.6251 9.7251
32 6216 0 100 7.00206e-08 9.73757 9.73757
68 6199 0 100 0.7 9.21758 9.91758
40 6198 0 100 0.9 9.14747 10.0475
30 6173 0 100 1.9 8.26166 10.1617
33 6193 0 100 1.1 9.07712 10.1771
84 6205 0 100 0.8 9.42261 10.2226
86 6194 0 100 1.1 9.12715 10.2272
55 6212 0 100 0.6 9.63742 10.2374
85 6226 0 100 0.1 10.2833 10.3833
70 6218 0 100 0.6 9.79185 10.3918
69 6110 0 100 4.7 5.77849 10.4785
35 6223 0 100 0.4 10.084 10.484
64 6167 0 100 2.5 8.00927 10.5093
82 6217 0 100 0.8 9.78433 10.5843
77 6214 0 100 0.9 9.70757 10.6076
94 6182 0 100 2 8.62382 10.6238
75 6232 0 100 1.51711e-07 10.6432 10.6432
71 6208 0 100 1.2 9.57968 10.7797
63 6237 0 100 0.1 10.7421 10.8421
31 6239 0 100 0.1 10.7711 10.8711
76 6157 0 100 3.2 7.67186 10.8719
89 6213 0 100 1.3 9.64762 10.9476
92 6238 0 100 0.2 10.7629 10.9629
46 6245 0 100 1.16701e-07 11.0789 11.0789
82 6121 0 100 4.6 6.52179 11.1218
53 6248 0 100 1.40041e-07 11.168 11.168
42 6233 0 100 0.7 10.6582 11.3582
37 6220 0 100 1.5 9.86027 11.3603
61 6243 0 100 0.4 10.9935 11.3935
27 6254 0 100 0.1 11.5152 11.6152
90 6231 0 100 1 10.6415 11.6415
57 6234 0 100 1 10.6792 11.6792
76 6258 0 100 0.1 11.6018 11.7018
62 6242 0 100 0.8 10.9739 11.7739
47 6261 0 100 0.1 11.7287 11.8287
30 6264 0 100 0.1 11.8033 11.9033
43 6246 0 100 0.8 11.1166 11.9166
91 6209 0 100 2.3 9.61998 11.92
52 6266 0 100 0.1 11.8861 11.9861
66 6263 0 100 0.2 11.7885 11.9885
88 6252 0 100 0.7 11.3377 12.0377
81 6274 0 100 2.33402e-08 12.1654 12.1654
87 6271 0 100 0.1 12.0731 12.1731
60 6269 0 100 0.2 12.0243 12.2243
50 6279 0 100 3.50103e-08 12.3121 12.3121
56 6250 0 100 1.1 11.2492 12.3492
78 6257 0 100 0.8 11.5619 12.3619
48 6255 0 100 0.9 11.5247 12.4247
26 6277 0 100 0.2 12.2943 12.4943
29 6268 0 100 0.6 11.9604 12.5604
44 6283 0 100 0.2 12.5103 12.7103
41 6293 0 100 1.51711e-07 12.8234 12.8234
58 6288 0 100 0.1 12.7249 12.8249
71 6276 0 100 0.6 12.2622 12.8622
89 6298 0 100 7.00206e-08 12.9208 12.9208
64 6292 0 100 0.2 12.7864 12.9864
38 6235 0 100 2.3 10.7149 13.0149
80 6295 0 100 0.2 12.8664 13.0664
83 6291 0 100 0.5 12.7505 13.2505
39 6280 0 100 1 12.3225 13.3225
32 6299 0 100 0.4 12.9261 13.3261
67 6304 0 100 0.3 13.0535 13.3535
86 6310 0 100 3.50103e-08 13.4247 13.4247
68 6285 0 100 0.9 12.542 13.442
82 6313 0 100 4.66804e-08 13.563 13.563
74 6314 0 100 1.16701e-08 13.6025 13.6025
57 6303 0 100 0.6 13.0491 13.6491
70 6296 0 100 0.8 12.8769 13.6769
45 6301 0 100 0.8 12.9657 13.7657
69 6318 0 100 1.16701e-08 13.7818 13.7818
54 6290 0 100 1.1 12.7446 13.8446
51 6322 0 100 0.1 13.8817 13.9817
91 6328 0 100 4.66804e-08 14.0549 14.0549
42 6308 0 100 0.8 13.2992 14.0992
56 6326 0 100 0.1 14.002 14.102
49 6297 0 100 1.2 12.9101 14.1101
27 6324 0 100 0.4 13.9425 14.3425
40 6335 0 100 0.1 14.3561 14.4561
37 6325 0 100 0.5 13.9657 14.4657
34 6319 0 100 0.7 13.8059 14.5059
55 6307 0 100 1.3 13.2478 14.5478
85 6321 0 100 0.7 13.8623 14.5623
77 6286 0 100 2 12.5704 14.5704
84 6338 0 100 0.1 14.4811 14.5811
90 6336 0 100 0.4 14.3983 14.7983
35 6342 0 100 0.2 14.6725 14.8725
53 6346 0 100 5.83505e-08 14.9149 14.9149
89 6348 0 100 8.16907e-08 14.9648 14.9648
