0 4799
0 4800
0 4801
0 4802
0 4803
0 4804
0 4805
0 4806
0 4807
0 4808
0 4809
0 4810
0 4811
0 4812
0 4813
0 4814
0 4815
0 4816
0 4817
0 4818
0 4819
0 4821
0 4822
0 4824
29 4823
16 4823
17 4823
18 4823
19 4823
20 4823
21 4823
22 4823
23 4823
24 4823
0 4825
26 4827
20 4827
21 4827
22 4827
23 4827
24 4827
0 4828
0 4829
0 4830
48 4832
17 4832
18 4832
19 4832
20 4832
21 4832
22 4832
23 4832
24 4832
0 4833
54 4831
0 4835
41 4831
0 4837
0 4838
43 4831
23 4831
24 4831
38 4840
11 4840
10 4840
9 4840
8 4840
7 4840
6 4840
5 4840
4 4840
3 4840
2 4840
1 4840
50 4826
14 4826
15 4826
16 4826
17 4826
18 4826
19 4826
20 4826
21 4826
22 4826
23 4826
24 4826
0 4841
37 4836
22 4836
23 4836
24 4836
52 4839
22 4839
23 4839
24 4839
31 4820
21 4820
22 4820
23 4820
24 4820
0 4843
0 4844
0 4846
47 4845
19 4845
20 4845
21 4845
22 4845
23 4845
24 4845
0 4847
40 4848
21 4848
22 4848
23 4848
24 4848
43 4849
0 4850
34 4851
6 4851
5 4851
4 4851
3 4851
2 4851
1 4851
54 4849
41 4849
1 4849
0 4853
0 4854
42 4852
9 4852
8 4852
7 4852
6 4852
5 4852
4 4852
3 4852
2 4852
1 4852
46 4842
15 4842
16 4842
17 4842
18 4842
19 4842
20 4842
21 4842
22 4842
23 4842
24 4842
0 4855
0 4857
36 4856
10 4856
9 4856
8 4856
7 4856
6 4856
5 4856
4 4856
3 4856
2 4856
1 4856
0 4858
33 4834
8 4834
7 4834
6 4834
5 4834
4 4834
3 4834
2 4834
1 4834
0 4860
0 4862
0 4863
28 4859
41 4865
5 4865
4 4865
3 4865
2 4865
1 4865
0 4868
35 4864
4 4864
3 4864
2 4864
1 4864
51 4867
1 4867
0 4869
25 4861
15 4861
16 4861
17 4861
18 4861
19 4861
20 4861
21 4861
22 4861
23 4861
24 4861
0 4871
27 4873
3 4873
2 4873
1 4873
0 4875
45 4876
1 4876
39 4866
2 4866
1 4866
0 4879
48 4880
0 4881
30 4872
13 4872
14 4872
15 4872
16 4872
17 4872
18 4872
19 4872
20 4872
21 4872
22 4872
23 4872
24 4872
49 4874
23 4874
24 4874
40 4880
0 4882
32 4870
7 4870
6 4870
5 4870
4 4870
3 4870
2 4870
1 4870
53 4878
0 4884
54 4883
41 4883
43 4883
9 4883
8 4883
7 4883
6 4883
5 4883
4 4883
3 4883
2 4883
1 4883
44 4877
17 4877
18 4877
19 4877
20 4877
21 4877
22 4877
23 4877
24 4877
0 4885
0 4887
42 4859
17 4859
18 4859
19 4859
20 4859
21 4859
22 4859
23 4859
24 4859
31 4886
0 4888
27 4886
7 4886
6 4886
5 4886
4 4886
3 4886
2 4886
1 4886
0 4889
52 4878
9 4878
8 4878
7 4878
6 4878
5 4878
4 4878
3 4878
2 4878
1 4878
0 4890
0 4892
40 4891
0 4894
0 4895
52 4893
0 4896
0 4897
37 4898
12 4898
11 4898
10 4898
9 4898
8 4898
7 4898
6 4898
5 4898
4 4898
3 4898
2 4898
1 4898
0 4900
0 4901
0 4902
0 4903
0 4906
47 4904
0 4907
33 4908
21 4908
22 4908
23 4908
24 4908
0 4909
29 4905
13 4905
14 4905
15 4905
16 4905
17 4905
18 4905
19 4905
20 4905
21 4905
22 4905
23 4905
24 4905
0 4911
0 4912
27 4910
0 4913
0 4914
26 4915
54 4915
46 4899
7 4899
6 4899
5 4899
4 4899
3 4899
2 4899
1 4899
0 4916
45 4904
13 4904
14 4904
15 4904
16 4904
17 4904
18 4904
19 4904
20 4904
21 4904
22 4904
23 4904
24 4904
41 4915
19 4915
20 4915
21 4915
22 4915
23 4915
24 4915
31 4910
16 4910
17 4910
18 4910
19 4910
20 4910
21 4910
22 4910
23 4910
24 4910
0 4917
0 4919
31 4921
53 4893
18 4893
19 4893
20 4893
21 4893
22 4893
23 4893
24 4893
0 4922
27 4921
17 4921
18 4921
19 4921
20 4921
21 4921
22 4921
23 4921
24 4921
0 4924
53 4925
19 4925
20 4925
21 4925
22 4925
23 4925
24 4925
0 4926
0 4930
45 4927
16 4927
17 4927
18 4927
19 4927
20 4927
21 4927
22 4927
23 4927
24 4927
32 4932
21 4932
22 4932
23 4932
24 4932
0 4933
50 4920
13 4920
14 4920
15 4920
16 4920
17 4920
18 4920
19 4920
20 4920
21 4920
22 4920
23 4920
24 4920
25 4923
7 4923
6 4923
5 4923
4 4923
3 4923
2 4923
1 4923
34 4934
3 4934
2 4934
1 4934
0 4935
54 4931
23 4931
24 4931
36 4936
43 4928
0 4937
41 4928
0 4939
42 4936
6 4936
5 4936
4 4936
3 4936
2 4936
1 4936
54 4928
24 4928
0 4940
0 4942
39 4941
20 4941
21 4941
22 4941
23 4941
24 4941
0 4943
42 4944
37 4938
38 4918
13 4918
14 4918
15 4918
16 4918
17 4918
18 4918
19 4918
20 4918
21 4918
22 4918
23 4918
24 4918
0 4947
36 4944
8 4944
7 4944
6 4944
5 4944
4 4944
3 4944
2 4944
1 4944
35 4946
0 4948
32 4938
0 4950
41 4945
30 4929
7 4929
6 4929
5 4929
4 4929
3 4929
2 4929
1 4929
0 4952
28 4951
9 4951
8 4951
7 4951
6 4951
5 4951
4 4951
3 4951
2 4951
1 4951
26 4945
0 4953
0 4954
51 4880
24 4880
48 4891
24 4891
0 4955
44 4949
12 4949
11 4949
10 4949
9 4949
8 4949
7 4949
6 4949
5 4949
4 4949
3 4949
2 4949
1 4949
0 4957
0 4960
43 4945
0 4961
48 4962
47 4959
24 4959
0 4963
52 4964
4 4964
3 4964
2 4964
1 4964
0 4965
0 4966
0 4967
49 4956
22 4956
23 4956
24 4956
0 4969
0 4971
29 4958
0 4972
40 4968
4 4968
3 4968
2 4968
1 4968
36 4973
0 4974
0 4976
27 4958
6 4958
5 4958
4 4958
3 4958
2 4958
1 4958
26 4970
0 4978
54 4945
10 4945
9 4945
8 4945
7 4945
6 4945
5 4945
4 4945
3 4945
2 4945
1 4945
41 4970
54 4970
10 4970
9 4970
8 4970
7 4970
6 4970
5 4970
4 4970
3 4970
2 4970
1 4970
31 4977
0 4979
53 4975
8 4975
7 4975
6 4975
5 4975
4 4975
3 4975
2 4975
1 4975
32 4980
27 4977
0 4981
0 4983
51 4962
40 4962
7 4962
6 4962
5 4962
4 4962
3 4962
2 4962
1 4962
0 4984
25 4982
21 4982
22 4982
23 4982
24 4982
0 4986
29 4977
9 4977
8 4977
7 4977
6 4977
5 4977
4 4977
3 4977
2 4977
1 4977
0 4988
0 4990
33 4991
0 4992
45 4994
8 4994
7 4994
6 4994
5 4994
4 4994
3 4994
2 4994
1 4994
0 4995
38 4989
2 4989
1 4989
54 4993
0 4996
42 4973
22 4973
23 4973
24 4973
0 4998
50 4997
6 4997
5 4997
4 4997
3 4997
2 4997
1 4997
0 4999
37 4985
14 4985
15 4985
16 4985
17 4985
18 4985
19 4985
20 4985
21 4985
22 4985
23 4985
24 4985
0 5001
41 4993
16 4993
17 4993
18 4993
19 4993
20 4993
21 4993
22 4993
23 4993
24 4993
0 5002
27 5003
0 5004
31 5003
0 5006
0 5007
48 5008
0 5010
47 5005
12 5005
11 5005
10 5005
9 5005
8 5005
7 5005
6 5005
5 5005
4 5005
3 5005
2 5005
1 5005
51 5008
14 5008
15 5008
16 5008
17 5008
18 5008
19 5008
20 5008
21 5008
22 5008
23 5008
24 5008
0 5012
30 4991
24 4991
0 5013
0 5016
34 5000
46 4987
42 5015
0 5017
39 5014
15 5014
16 5014
17 5014
18 5014
19 5014
20 5014
21 5014
22 5014
23 5014
24 5014
38 4987
8 4987
7 4987
6 4987
5 4987
4 4987
3 4987
2 4987
1 4987
29 5003
17 5003
18 5003
19 5003
20 5003
21 5003
22 5003
23 5003
24 5003
0 5019
43 5018
21 5018
22 5018
23 5018
24 5018
0 5020
0 5021
0 5022
0 5023
0 5024
35 4980
22 4980
23 4980
24 4980
0 5025
0 5028
51 5026
20 5026
21 5026
22 5026
23 5026
24 5026
0 5032
44 5009
8 5009
7 5009
6 5009
5 5009
4 5009
3 5009
2 5009
1 5009
0 5033
54 5029
41 5029
49 5011
15 5011
16 5011
17 5011
18 5011
19 5011
20 5011
21 5011
22 5011
23 5011
24 5011
0 5034
26 5029
0 5035
0 5036
0 5039
53 5030
28 5031
9 5031
8 5031
7 5031
6 5031
5 5031
4 5031
3 5031
2 5031
1 5031
0 5040
52 5027
0 5042
43 5029
3 5029
2 5029
1 5029
26 5037
40 5044
24 5044
0 5045
38 5043
46 5043
16 5043
17 5043
18 5043
19 5043
20 5043
21 5043
22 5043
23 5043
24 5043
36 5015
11 5015
10 5015
9 5015
8 5015
7 5015
6 5015
5 5015
4 5015
3 5015
2 5015
1 5015
41 5038
31 5046
0 5047
45 5041
23 5041
24 5041
53 5027
2 5027
1 5027
29 5046
0 5048
