77 942 2.02419
39 943 2.0577
78 944 2.0597
111 945 2.09732
103 946 2.09914
98 947 2.11761
63 948 2.12789
34 949 2.13708
43 950 2.17252
106 951 2.18774
82 952 2.20032
28 953 2.23114
53 954 2.27365
44 955 2.27454
90 956 2.34464
47 957 2.38633
41 958 2.41988
113 959 2.42599
85 960 2.44418
102 961 2.50788
71 962 2.64084
94 963 2.68731
59 964 2.71796
66 965 2.8346
33 966 2.8461
88 967 2.87656
48 968 2.9529
45 969 2.95798
120 970 2.96316
40 971 3.11129
65 972 3.14931
55 973 3.15574
100 974 3.32488
62 975 3.34615
91 976 3.34754
81 977 3.41912
108 978 3.44266
58 979 3.458
122 980 3.48714
115 981 3.52921
27 982 3.53808
38 983 3.71979
118 984 3.73363
54 985 3.79833
67 986 3.88862
87 987 3.9458
30 988 4.03656
96 989 4.05315
52 990 4.1312
68 991 4.17462
73 992 4.21369
105 993 4.23241
123 994 4.2447
110 995 4.3189
44 996 4.3207
111 997 4.337
29 998 4.40216
39 999 4.41381
53 1000 4.42558
86 1001 4.47004
69 1002 4.48472
46 1003 4.51295
82 1004 4.57361
102 1005 4.61517
84 1006 4.69439
71 1007 4.74803
72 1008 4.77187
101 1009 4.8208
78 1010 4.91008
99 1011 4.94808
95 1012 4.98737
45 1013 5.31233
34 1014 5.6807
41 1015 5.69233
81 1016 5.91755
65 1017 6.0409
120 1018 6.12106
54 1019 6.22592
63 1020 6.433
29 1021 6.48299
80 1022 6.61993
110 1023 6.66016
38 1024 6.91531
47 1025 7.03062
56 1026 7.04515
40 1027 7.06812
72 1028 7.18787
108 1029 7.26292
107 1030 7.37935
64 1031 7.38427
42 1032 7.483
97 1033 7.51218
58 1034 7.60356
73 1035 7.70294
48 1036 7.71266
39 1037 7.85494
104 1038 7.89337
91 1039 7.96752
51 1040 8.02112
60 1041 8.24356
32 1042 8.25735
84 1043 8.29459
81 1044 8.34328
123 1045 8.3711
35 1046 8.37416
52 1047 8.37677
96 1048 8.37913
55 1049 8.79954
124 1050 9.06771
102 1051 9.08948
106 1052 9.32931
36 1053 9.45962
103 1054 9.54865
77 1055 9.54936
101 1056 9.59373
119 1057 9.62153
31 1058 9.73702
43 1059 9.84889
114 1060 9.87203
57 1061 10.0328
49 1062 10.048
68 1063 10.0637
25 1064 10.1645
108 1065 10.1686
61 1066 10.1922
91 1067 10.3372
88 1068 10.3581
78 1069 10.4699
73 1070 10.632
39 1071 10.6349
37 1072 10.6668
44 1073 10.6759
29 1074 10.8641
110 1075 10.9636
112 1076 11.1777
96 1077 11.232
58 1078 11.2845
40 1079 11.2989
51 1080 11.3048
104 1081 11.5114
117 1082 11.5173
118 1083 11.5517
27 1084 11.6269
74 1085 11.6986
66 1086 11.7102
47 1087 11.7117
90 1088 11.8066
26 1089 11.8296
85 1090 11.8519
111 1091 11.9021
42 1092 12.2384
107 1093 12.2975
108 1094 12.3924
79 1095 12.5662
72 1096 12.6074
86 1097 12.6475
80 1098 12.8062
68 1099 12.8229
50 1100 12.8818
52 1101 12.8839
75 1102 12.9699
106 1103 13.1986
81 1104 13.2279
103 1105 13.2587
69 1106 13.2915
70 1107 13.3128
49 1108 13.5241
55 1109 13.5313
84 1110 13.55
104 1111 13.8917
67 1112 13.9535
47 1113 13.9789
102 1114 13.999
122 1115 14.0334
89 1116 14.0384
71 1117 14.071
48 1118 14.2883
43 1119 14.2938
27 1120 14.3134
90 1121 14.4019
28 1122 14.4489
65 1123 14.4854
94 1124 14.5123
34 1125 14.5263
114 1126 14.5339
31 1127 14.578
64 1128 14.6405
66 1129 14.719
78 1130 14.8751
33 1131 14.9152
