84 517
82 519
91 519
48 519
73 519
90 520
77 520
58 520
49 517
1 517
94 517
50 517
61 519
4 519
48 522
73 522
61 522
91 522
89 517
79 523
70 523
30 523
50 524
94 524
53 525
43 519
5 519
6 519
69 526
82 522
45 527
90 523
14 523
58 523
85 528
37 529
72 525
1 525
45 525
87 530
78 530
55 530
36 522
5 522
83 528
24 528
83 531
85 531
24 531
89 524
4 524
38 529
16 529
90 529
30 529
32 530
12 530
13 530
14 530
15 530
79 530
30 530
28 532
40 519
8 519
9 519
10 519
71 519
88 519
27 520
30 520
79 520
77 523
71 534
90 530
31 536
74 526
18 526
17 526
30 526
88 534
46 518
11 518
10 518
9 518
33 535
23 535
27 523
17 523
18 523
74 523
69 523
19 523
92 538
75 538
90 526
62 517
6 517
7 517
71 536
63 538
14 538
56 538
51 539
58 529
91 540
61 540
73 540
77 530
52 531
1 531
65 522
8 522
9 522
70 520
18 520
19 520
38 520
81 517
47 535
24 535
54 535
57 528
2 528
79 529
48 540
82 540
72 532
30 541
90 541
44 523
20 523
76 533
6 533
28 533
79 541
70 541
19 541
20 541
27 526
79 526
31 534
14 534
15 534
75 534
35 542
23 542
59 537
22 537
86 537
37 520
20 520
21 520
74 520
44 541
21 541
38 523
25 538
15 538
41 537
23 537
77 529
34 542
24 542
58 530
20 530
38 530
21 530
35 537
75 548
88 536
15 536
16 536
37 523
21 523
22 523
23 523
86 523
24 523
72 533
7 533
70 526
77 526
27 529
41 547
86 547
24 547
65 517
11 517
73 517
91 517
61 517
80 544
8 544
28 544
25 536
71 538
49 549
54 550
3 550
4 550
35 547
81 546
11 546
77 551
79 551
90 551
27 551
48 517
55 553
32 553
87 553
38 554
61 555
91 555
48 555
92 548
18 548
70 529
22 529
23 529
24 529
63 534
39 531
5 531
88 552
62 557
50 557
94 557
72 544
9 544
87 548
32 548
55 548
19 548
56 536
18 536
25 558
56 558
18 558
19 558
32 558
31 538
88 538
17 538
36 540
13 540
44 530
24 530
23 530
71 552
40 518
15 518
16 518
17 518
88 518
34 537
2 537
30 551
23 551
47 556
89 557
12 557
74 541
87 558
55 558
20 558
21 558
22 558
23 558
90 558
59 523
1 523
71 518
18 518
25 518
56 518
19 518
20 518
32 518
87 518
37 554
24 554
77 554
30 558
77 558
89 560
79 554
30 554
81 540
14 540
15 540
16 540
54 531
6 531
7 531
8 531
9 531
94 560
62 560
50 560
13 560
14 560
38 551
49 557
13 557
14 557
15 557
48 557
79 562
27 558
64 521
39 521
8 521
9 521
85 521
81 560
15 560
90 554
40 540
17 540
18 540
19 540
88 540
70 530
31 552
20 552
21 552
91 557
30 562
90 562
46 538
19 538
20 538
21 538
71 540
31 540
20 540
39 564
34 565
43 522
17 522
79 558
41 523
4 523
83 521
10 521
11 521
12 521
94 566
86 559
65 546
16 546
17 546
69 520
3 520
77 562
1 562
70 558
1 558
2 558
3 558
55 518
23 518
24 518
72 521
13 521
62 566
50 566
89 566
15 566
36 560
17 560
26 537
6 537
67 519
21 519
22 519
63 548
23 548
24 548
75 536
63 536
23 536
93 533
13 533
14 533
15 533
62 533
94 533
89 533
44 561
3 561
48 560
92 534
23 534
43 546
18 546
64 564
10 564
11 564
32 552
63 552
92 552
87 538
84 549
62 549
69 561
4 561
5 561
49 566
48 546
85 564
66 543
92 543
55 536
32 538
94 549
60 524
17 524
86 561
6 561
7 561
29 542
7 542
41 559
6 559
7 559
51 537
8 537
73 555
19 555
40 522
20 522
21 522
22 522
61 557
73 557
19 557
65 557
87 536
74 558
69 558
5 558
91 560
73 560
45 531
14 531
36 546
19 546
91 546
82 517
36 517
19 517
20 517
71 567
80 521
16 521
17 521
61 560
27 554
86 542
29 559
8 559
73 546
83 564
13 564
14 564
75 552
43 555
20 555
63 543
40 517
21 517
82 560
20 560
68 545
14 545
61 546
82 546
20 546
21 546
45 564
15 564
36 555
59 520
7 520
44 558
6 558
7 558
40 546
22 546
23 546
24 546
87 543
75 543
1 543
2 543
3 543
4 543
90 543
30 543
79 543
77 543
70 554
5 554
6 554
35 565
9 565
47 537
11 537
12 537
53 532
17 532
18 532
37 551
6 551
27 543
5 543
6 543
32 536
2 536
3 536
4 536
5 536
34 523
26 561
10 561
28 531
72 531
48 569
29 565
10 565
54 537
13 537
64 537
85 568
15 568
86 520
9 520
10 520
43 517
22 517
23 517
24 517
36 569
22 569
91 569
26 565
11 565
12 565
68 568
16 568
17 568
28 568
72 568
18 568
33 556
12 556
13 556
38 562
7 562
90 536
79 536
78 553
3 553
92 553
75 553
55 538
78 538
3 538
50 533
20 533
21 533
89 549
50 549
20 549
21 549
22 549
91 549
90 570
94 521
89 521
25 534
2 534
3 534
55 534
78 534
32 534
56 563
25 563
2 563
3 563
92 563
47 565
37 543
54 556
14 556
29 520
11 520
34 561
46 540
1 540
2 540
56 540
33 565
13 565
14 565
82 555
23 555
24 555
38 543
8 543
9 543
74 543
26 520
12 520
81 557
22 557
36 557
23 557
76 544
20 544
21 544
88 567
2 567
3 567
32 567
78 567
62 524
21 524
22 524
50 521
44 554
9 554
25 540
3 540
92 540
4 540
78 540
87 534
4 534
75 563
87 563
4 563
63 553
4 553
81 524
23 524
52 528
16 528
17 528
30 570
58 526
8 526
9 526
37 526
71 546
39 537
16 537
69 543
10 543
64 556
39 556
16 556
17 556
82 557
24 557
27 562
8 562
77 536
61 549
72 571
20 571
74 554
32 540
5 540
73 569
43 557
30 536
60 533
23 533
82 549
73 549
51 559
14 559
15 559
61 569
70 551
9 551
10 551
11 551
91 572
73 572
61 572
58 562
59 558
12 558
87 573
63 573
92 573
68 528
19 528
20 528
72 528
21 528
76 528
22 528
89 528
50 528
23 528
79 570
77 570
38 526
10 526
11 526
12 526
56 534
5 534
6 534
7 534
8 534
9 534
77 534
90 534
79 534
78 563
25 553
5 553
65 560
30 534
10 534
47 559
93 564
21 564
80 532
22 532
23 532
50 532
36 524
1 524
38 534
11 534
88 546
5 546
6 546
92 546
87 546
72 564
22 564
44 543
12 543
13 543
14 543
15 543
71 553
42 539
16 539
17 539
41 542
14 542
15 542
82 569
2 569
80 564
23 564
70 562
11 562
12 562
35 523
15 523
16 523
66 538
7 538
8 538
9 538
10 538
11 538
77 538
90 538
79 538
70 538
48 549
57 550
20 550
21 550
58 570
75 573
8 573
7 573
79 574
58 574
63 546
51 543
17 543
16 543
31 519
7 519
25 519
34 520
16 520
15 520
14 520
86 558
30 574
12 574
77 574
28 571
24 571
89 532
1 532
49 544
1 544
84 566
1 566
54 565
20 565
39 565
89 544
65 524
3 524
2 524
49 524
59 526
16 526
15 526
14 526
61 577
91 577
48 577
73 577
29 561
18 561
17 561
16 561
15 561
14 561
43 569
5 569
4 569
3 569
38 578
51 579
19 579
18 579
17 579
16 579
15 579
14 579
79 579
77 579
93 576
47 539
20 539
19 539
18 539
58 561
77 561
62 521
3 521
77 580
26 542
19 542
18 542
17 542
50 544
3 544
27 536
14 536
13 536
12 536
11 536
71 573
94 528
29 539
73 582
48 582
61 582
90 574
40 555
7 555
6 555
5 555
4 555
89 555
94 555
63 581
79 561
70 570
15 570
14 570
13 570
12 570
27 574
15 574
33 559
21 559
20 559
19 559
18 559
17 559
16 559
70 559
53 531
2 531
3 531
4 531
89 531
56 519
11 519
12 519
13 519
14 519
15 519
70 519
90 561
66 570
49 521
4 521
5 521
6 521
73 521
79 559
77 559
76 564
3 564
50 555
27 519
77 519
60 544
5 544
70 561
91 582
7 582
6 582
5 582
4 582
58 580
70 580
16 580
15 580
14 580
13 580
12 580
69 554
18 554
17 554
16 554
15 554
14 554
13 554
12 554
30 579
70 579
74 551
88 553
11 553
10 553
9 553
8 553
7 553
91 553
61 553
36 549
7 549
6 549
5 549
4 549
3 549
84 524
5 524
6 524
7 524
61 524
62 528
5 528
4 528
3 528
56 554
94 531
50 531
84 531
86 575
20 575
91 524
8 524
9 524
10 524
11 524
71 524
82 577
8 577
27 561
38 574
18 574
17 574
16 574
48 521
37 578
18 578
17 578
58 579
64 565
73 553
61 521
32 563
14 563
13 563
12 563
11 563
10 563
9 563
91 563
61 563
75 546
32 546
14 546
49 555
92 581
32 581
81 533
8 533
9 533
10 533
11 533
12 533
34 539
22 539
21 539
63 570
92 570
80 571
5 571
4 571
3 571
2 571
1 571
65 569
81 569
8 569
7 569
94 569
77 578
58 578
71 587
13 587
12 587
11 587
10 587
61 587
9 587
81 587
8 587
7 587
45 568
4 568
3 568
2 568
1 568
55 567
15 567
26 586
23 586
51 586
67 522
13 522
12 522
11 522
92 567
88 524
82 521
29 583
23 583
87 580
90 559
79 578
19 578
20 578
21 578
22 578
23 578
27 579
75 581
78 536
16 536
48 553
55 589
16 589
32 570
92 580
58 559
50 587
66 567
16 567
17 567
18 567
19 567
77 567
58 567
81 590
30 561
20 561
83 545
4 545
3 545
2 545
1 545
89 569
90 579
20 579
21 579
22 579
23 579
24 579
94 587
69 551
22 551
21 551
20 551
19 551
18 551
17 551
74 588
22 588
21 588
20 588
19 588
18 588
17 588
63 588
79 567
30 567
20 567
21 567
22 567
23 567
24 567
56 591
16 591
15 591
14 591
13 591
12 591
11 591
37 561
28 564
7 564
6 564
5 564
43 585
12 585
11 585
10 585
52 537
4 537
64 592
47 593
2 593
73 563
27 559
85 556
44 562
23 562
27 594
77 594
79 594
58 594
61 591
67 524
16 524
53 528
39 592
52 592
5 592
4 592
3 592
2 592
75 570
18 570
32 580
75 580
63 580
18 580
17 580
71 580
62 531
50 569
29 578
1 578
92 551
32 551
75 551
66 588
75 588
32 588
65 590
12 590
11 590
10 590
28 528
9 528
8 528
7 528
6 528
39 528
78 589
19 589
75 589
38 561
23 561
22 561
55 570
19 570
20 570
21 570
22 570
23 570
88 580
62 569
11 569
10 569
9 569
53 569
39 595
72 549
76 582
10 582
9 582
49 531
11 531
10 531
89 587
31 573
18 573
33 593
4 593
3 593
38 570
24 570
70 574
23 574
22 574
21 574
20 574
78 574
57 571
7 571
26 578
3 578
87 581
20 581
19 581
18 581
71 581
90 594
56 573
19 573
20 573
21 573
22 573
23 573
24 573
77 573
27 573
58 573
66 589
20 589
47 592
25 554
19 554
71 554
85 596
8 596
7 596
6 596
5 596
4 596
81 585
14 585
61 585
15 585
16 585
17 585
18 585
19 585
66 585
20 585
21 585
62 587
63 551
46 533
18 533
17 533
16 533
50 597
62 597
56 589
91 521
15 521
48 563
15 563
16 563
17 563
18 563
19 563
20 563
21 563
22 563
23 563
24 563
30 559
24 559
94 598
62 598
50 598
13 598
12 598
11 598
10 598
9 598
8 598
7 598
6 598
5 598
4 598
3 598
2 598
1 598
79 573
53 549
11 549
65 521
86 583
3 583
2 583
1 583
38 583
41 558
3 558
73 591
30 573
72 582
87 585
32 585
28 569
70 594
59 539
53 582
67 580
20 580
88 554
67 554
20 554
21 554
22 554
44 599
2 599
1 599
77 599
84 555
14 555
13 555
12 555
11 555
10 555
9 555
58 601
70 601
1 601
49 587
77 603
58 603
70 603
92 588
52 595
10 595
9 595
8 595
7 595
6 595
5 595
4 595
3 595
2 595
1 595
80 590
14 590
46 600
21 600
88 600
33 592
8 592
7 592
6 592
29 593
6 593
5 593
39 571
10 571
9 571
8 571
75 585
79 603
2 603
27 603
30 599
79 599
58 599
31 581
22 581
68 550
12 550
11 550
52 550
28 582
14 582
87 588
24 588
83 556
12 556
11 556
10 556
9 556
8 556
7 556
60 584
17 584
53 590
42 586
8 586
7 586
6 586
5 586
4 586
3 586
2 586
1 586
41 539
6 539
5 539
4 539
3 539
2 539
1 539
80 582
15 582
16 582
47 596
9 596
10 596
11 596
12 596
70 599
3 599
4 599
5 599
6 599
7 599
51 556
74 562
5 562
4 562
3 562
49 584
28 590
15 590
16 590
17 590
45 549
14 549
62 582
17 582
18 582
37 583
4 583
30 583
79 583
94 584
43 533
59 593
7 593
8 593
9 593
10 593
11 593
12 593
13 593
65 582
19 582
20 582
21 582
22 582
23 582
24 582
33 571
89 597
18 597
94 597
45 606
15 606
14 606
13 606
12 606
11 606
10 606
9 606
8 606
26 592
9 592
10 592
11 592
12 592
13 592
14 592
15 592
16 592
17 592
94 592
18 592
19 592
73 608
58 583
35 575
8 575
7 575
6 575
65 609
61 533
77 583
27 583
83 596
14 596
13 596
82 553
21 553
20 553
19 553
18 553
17 553
73 533
56 588
1 588
50 590
40 607
23 607
22 607
73 607
61 607
43 608
22 608
40 608
23 608
24 608
79 611
27 611
58 611
53 612
66 551
2 551
81 609
21 609
38 602
7 602
36 577
22 577
81 577
89 592
20 592
21 592
22 592
23 592
70 583
6 583
76 531
88 581
1 581
48 604
22 604
21 604
52 596
15 596
16 596
17 596
18 596
19 596
20 596
62 584
50 584
89 584
21 584
20 584
19 584
18 584
27 613
79 613
7 613
77 613
58 613
94 590
49 597
21 597
22 597
23 597
73 597
61 597
80 531
20 531
35 614
41 599
11 599
44 575
9 575
60 609
22 609
89 609
94 609
62 590
61 615
82 607
24 607
48 607
76 596
30 611
8 611
71 605
3 605
70 613
91 591
80 596
21 596
77 611
34 578
13 578
14 578
52 617
17 617
18 617
29 619
33 616
15 616
16 616
17 616
65 577
24 577
55 574
6 574
75 574
31 610
71 610
4 610
90 603
9 603
10 603
81 604
62 620
94 620
67 600
4 600
71 600
32 574
70 611
56 605
5 605
67 605
4 605
84 587
23 587
24 587
42 556
15 556
76 618
80 618
22 618
23 618
94 618
62 618
39 550
18 550
19 550
36 607
66 574
78 621
49 620
24 620
23 620
89 590
24 590
88 610
67 610
5 610
6 610
51 578
42 578
16 578
80 620
57 593
20 593
39 593
19 593
74 575
13 575
37 602
12 602
77 602
70 602
52 616
92 585
8 585
44 603
13 603
38 575
39 616
20 616
93 553
23 553
55 621
75 621
92 621
32 621
8 621
75 622
92 622
32 622
8 622
60 577
1 577
89 577
66 610
74 603
14 603
15 603
32 623
79 602
57 616
21 616
22 616
23 616
55 622
9 622
87 551
75 623
58 602
34 619
17 619
51 619
42 619
18 619
19 619
20 619
39 619
52 619
21 619
93 616
24 616
82 591
4 591
40 591
5 591
6 591
7 591
83 550
22 550
23 550
24 550
94 577
64 593
21 593
63 574
9 574
10 574
11 574
12 574
13 574
14 574
46 605
7 605
8 605
9 605
75 605
28 612
55 551
10 551
11 551
65 604
3 604
27 602
13 602
14 602
57 619
22 619
25 589
9 589
80 616
1 616
66 622
10 622
73 615
82 615
5 615
40 615
6 615
7 615
32 605
78 585
54 568
21 568
22 568
87 623
31 600
9 600
10 600
87 600
92 610
32 610
53 596
1 596
2 596
3 596
90 611
14 611
15 611
86 614
18 614
34 614
63 624
92 624
43 597
6 597
94 596
66 605
92 605
77 625
70 625
58 625
28 616
87 610
12 610
13 610
14 610
90 610
15 610
77 610
58 610
32 624
87 624
12 624
83 619
25 622
11 622
88 591
49 590
4 590
5 590
6 590
73 590
62 577
49 577
4 577
5 577
6 577
7 577
81 626
71 589
63 605
12 605
29 614
20 614
21 614
85 617
84 618
56 621
31 591
68 549
1 549
88 589
89 596
35 599
20 599
34 599
78 623
13 623
63 623
49 618
5 618
25 621
12 621
52 593
51 614
22 614
41 603
20 603
86 603
29 599
21 599
60 604
6 604
62 604
84 604
60 628
6 628
30 613
17 613
75 600
94 627
91 607
8 607
47 571
23 571
38 611
18 611
19 611
20 611
33 578
89 618
6 618
56 629
25 629
13 629
63 629
76 620
5 620
67 622
12 622
13 622
85 549
2 549
62 627
42 614
23 614
66 624
14 624
83 617
2 617
92 623
60 618
7 618
8 618
73 618
91 618
48 618
84 628
88 621
82 597
9 597
91 597
59 606
21 606
22 606
34 606
51 571
33 614
24 614
56 624
47 578
24 578
23 578
22 578
59 578
21 578
74 578
20 578
37 575
19 575
77 575
30 575
26 556
23 556
27 625
49 604
7 604
90 613
18 613
19 613
67 621
13 621
14 621
15 621
16 621
17 621
18 621
77 621
27 621
61 590
82 590
27 630
43 577
10 577
32 629
38 613
28 620
6 620
7 620
77 630
19 630
65 626
9 626
73 626
82 626
46 615
13 615
88 615
81 607
65 607
9 607
33 631
47 631
58 575
68 617
4 617
5 617
6 617
80 617
64 568
39 568
62 628
42 571
41 611
23 611
76 617
7 617
70 621
58 621
20 621
57 549
4 549
94 604
9 604
10 604
11 604
45 584
6 584
53 616
7 616
37 613
21 613
22 613
38 621
48 597
11 597
81 597
87 605
17 605
18 605
19 605
20 605
77 605
70 605
86 599
24 599
23 599
22 599
27 575
52 568
4 568
34 556
69 598
23 598
24 598
92 629
76 616
8 616
9 616
94 616
91 590
61 626
12 626
79 610
21 610
58 605
70 575
21 575
22 575
23 575
28 617
53 617
8 617
9 617
50 609
10 609
11 609
12 609
73 609
86 598
82 604
62 616
10 616
74 613
23 613
24 613
86 613
37 621
22 621
23 621
90 630
21 630
58 633
94 617
62 617
10 617
11 617
61 609
66 623
18 623
73 604
49 628
10 628
46 632
16 632
65 597
12 597
13 597
14 597
15 597
46 597
16 597
59 611
77 633
22 633
69 575
24 575
59 575
57 568
6 568
65 635
12 635
13 635
94 628
11 628
12 628
50 616
11 616
71 591
17 591
70 630
22 630
67 615
17 615
89 627
66 634
83 568
7 568
8 568
9 568
80 568
32 634
19 634
87 629
30 625
23 625
24 625
91 626
14 626
71 615
18 615
19 615
78 600
20 600
66 600
27 610
