36 217 0 100 0.9 2.00799 2.90799
58 225 0 100 0.6 2.70529 3.30529
44 221 0 100 0.8 2.55006 3.35006
31 227 0 100 1.3 2.81669 4.11669
26 224 0 100 2.1 2.67171 4.77171
60 229 0 100 2.1 2.93366 5.03366
41 223 0 100 2.4 2.64984 5.04984
56 247 0 100 0.1 5.31776 5.41776
50 232 0 100 2.4 3.1785 5.5785
48 239 0 100 1.9 3.72231 5.62231
53 238 0 100 2.1 3.54296 5.64296
27 235 0 100 2.7 3.27317 5.97317
43 243 0 100 1.5 4.73075 6.23075
25 226 0 100 3.7 2.80497 6.50497
64 236 0 100 3.2 3.31814 6.51814
44 260 0 100 0.2 7.73149 7.93149
57 246 0 100 2.9 5.05268 7.95268
36 248 0 100 3 5.37723 8.37723
59 250 0 100 2.4 6.25864 8.65864
37 241 0 100 4.3 4.35892 8.65892
63 252 0 100 1.9 6.78624 8.68624
49 218 0 100 6.7 2.03937 8.73937
27 258 0 100 1.8 7.54471 9.34471
30 257 0 100 2.8 7.41189 10.2119
25 262 0 100 2.3 8.08126 10.3813
62 254 0 100 3.8 7.07081 10.8708
60 251 0 100 4.9 6.3296 11.2296
52 242 0 100 6.8 4.68442 11.4844
39 234 0 100 8.3 3.26139 11.5614
57 256 0 100 5.2 7.17701 12.377
44 279 0 100 0.7 11.7409 12.4409
40 233 0 100 9.3 3.21398 12.514
36 271 0 100 3 10.1601 13.1601
43 266 0 100 4.6 8.90165 13.5017
35 285 0 100 0.6 13.2708 13.8708
57 274 0 100 2.7 11.1735 13.8735
57 289 0 100 0.3 13.9479 14.2479
27 277 0 100 2.7 11.572 14.272
26 270 0 100 5.1 9.58249 14.6825
52 265 0 100 6.4 8.57399 14.974
