64 296 2.05661
45 297 2.16389
39 298 2.18557
53 299 2.43123
35 300 2.44008
51 301 2.46253
30 302 2.47224
62 303 2.63447
69 304 2.69198
59 305 2.70171
63 306 2.73599
32 307 2.75073
67 308 2.94141
40 309 3.12507
29 310 3.36134
41 311 3.36652
44 312 3.54963
73 313 3.67645
65 314 3.70777
31 315 3.77206
34 316 3.85262
68 317 3.89122
66 318 3.91369
57 319 4.05311
64 320 4.06217
70 321 4.09341
37 322 4.15073
72 323 4.15315
49 324 4.18754
33 325 4.21999
71 326 4.40972
50 327 4.48042
58 328 4.49087
61 329 4.64137
27 330 4.75606
35 331 4.7733
60 332 4.79817
56 333 4.8006
74 334 4.8463
26 335 4.99067
41 336 6.02775
44 337 6.2147
32 338 6.60702
66 339 7.04032
63 340 7.11099
59 341 7.13015
50 342 7.29358
34 343 7.52534
73 344 7.59114
49 345 7.70718
69 346 7.76099
31 347 7.95217
40 348 7.98018
71 349 8.1528
54 350 8.15682
47 351 8.17103
48 352 8.19009
68 353 8.34452
57 354 8.66817
30 355 8.76238
70 356 8.77227
65 357 8.86983
58 358 9.01148
72 359 9.16196
28 360 9.35871
41 361 9.53736
74 362 9.58797
25 363 9.62505
66 364 9.95536
32 365 10.1373
63 366 10.3404
34 367 10.3448
38 368 10.3714
49 369 10.7209
67 370 10.9065
62 371 11.2662
36 372 11.2934
69 373 11.5406
61 374 11.8334
50 375 12.1797
33 376 12.2883
58 377 12.6271
48 378 12.76
27 379 12.92
28 380 13.1077
32 381 13.1473
66 382 13.1822
37 383 13.3839
60 384 13.4809
52 385 13.8866
74 386 14.0965
73 387 14.0996
56 388 14.1086
38 389 14.2497
53 390 14.3238
42 391 14.5482
41 392 14.5889
63 393 14.6543
72 394 14.7365
