27 1552 0 100 0.5 2.00182 2.50182
26 1558 0 100 0.1 2.41725 2.51725
43 1560 0 100 0.1 2.45887 2.55887
50 1559 0 100 1 2.44253 3.44253
29 1576 0 100 0.1 3.35868 3.45868
49 1579 0 100 1.05031e-07 3.46515 3.46515
31 1569 0 100 0.4 3.08472 3.48472
41 1575 0 100 0.2 3.30323 3.50323
53 1578 0 100 0.2 3.44653 3.64653
48 1573 0 100 0.5 3.27386 3.77386
35 1566 0 100 1 2.82316 3.82316
36 1570 0 100 0.8 3.08599 3.88599
52 1562 0 100 1.5 2.55391 4.05391
28 1554 0 100 1.9 2.16081 4.06081
51 1590 0 100 0.3 4.10395 4.40395
44 1602 0 100 1.16701e-07 4.45532 4.45532
38 1591 0 100 0.4 4.14286 4.54286
46 1604 0 100 1.05031e-07 4.56363 4.56363
37 1593 0 100 0.5 4.20704 4.70704
33 1583 0 100 1.2 3.69884 4.89884
40 1598 0 100 0.6 4.31494 4.91494
39 1595 0 100 0.7 4.21857 4.91857
45 1599 0 100 0.7 4.33126 5.03126
42 1596 0 100 1 4.22702 5.22702
25 1584 0 100 1.5 3.73356 5.23356
32 1594 0 100 1.8 4.21214 6.01214
34 1601 0 100 1.9 4.44425 6.34425
27 1626 0 100 0.1 6.57936 6.67936
31 1633 0 100 2.33402e-08 6.84016 6.84016
41 1630 0 100 0.1 6.77742 6.87742
39 1636 0 100 1.16701e-08 6.98995 6.98995
43 1637 0 100 4.66804e-08 6.99095 6.99095
53 1629 0 100 0.3 6.71429 7.01429
30 1608 0 100 2.2 4.87329 7.07329
38 1639 0 100 0.3 7.00293 7.30293
35 1644 0 100 0.2 7.21934 7.41934
42 1651 0 100 1.16701e-08 7.47168 7.47168
48 1648 0 100 0.1 7.40089 7.50089
36 1631 0 100 1.1 6.78379 7.88379
54 1589 0 100 3.9 4.09401 7.99401
29 1649 0 100 0.6 7.43111 8.03111
51 1650 0 100 0.6 7.45456 8.05456
54 1662 0 100 9.33608e-08 8.13187 8.13187
49 1667 0 100 9.33608e-08 8.44851 8.44851
33 1657 0 100 0.6 7.84936 8.44936
50 1656 0 100 0.7 7.83779 8.53779
46 1634 0 100 1.8 6.86053 8.66053
26 1640 0 100 2 7.03073 9.03073
28 1672 0 100 0.3 8.83231 9.13231
52 1675 0 100 0.3 9.05322 9.35322
25 1665 0 100 1.1 8.36085 9.46085
37 1646 0 100 2.2 7.31409 9.51409
45 1681 0 100 0.4 9.43144 9.83144
43 1691 0 100 0.1 10.0178 10.1178
44 1642 0 100 3.2 7.14557 10.3456
32 1683 0 100 0.9 9.50729 10.4073
41 1698 0 100 0.1 10.3251 10.4251
31 1688 0 100 0.6 9.88788 10.4879
35 1700 0 100 0.1 10.3955 10.4955
51 1692 0 100 0.5 10.0204 10.5204
39 1706 0 100 1.05031e-07 10.777 10.777
47 1678 0 100 1.9 9.21599 11.116
34 1713 0 100 0.1 11.2567 11.3567
29 1701 0 100 1.2 10.4718 11.6718
38 1696 0 100 1.4 10.2742 11.6742
48 1711 0 100 0.6 11.1291 11.7292
33 1722 0 100 0.1 11.6771 11.7771
27 1721 0 100 0.2 11.667 11.867
50 1704 0 100 1.4 10.6885 12.0885
30 1685 0 100 2.4 9.69136 12.0914
42 1695 0 100 1.9 10.2218 12.1218
40 1658 0 100 4.4 7.87682 12.2768
43 1734 0 100 0.1 12.5371 12.6371
37 1742 0 100 1.05031e-07 12.8512 12.8512
32 1737 0 100 0.4 12.6801 13.0801
36 1739 0 100 0.4 12.7772 13.1772
26 1724 0 100 1.8 11.7157 13.5157
54 1741 0 100 0.8 12.825 13.625
35 1743 0 100 0.8 12.8678 13.6678
39 1751 0 100 0.1 13.5824 13.6824
49 1717 0 100 2.3 11.4029 13.7029
28 1718 0 100 2.5 11.4675 13.9675
45 1760 0 100 0.2 14.0013 14.2013
41 1758 0 100 0.3 13.9436 14.2436
52 1736 0 100 1.8 12.6521 14.4521
33 1762 0 100 0.4 14.0746 14.4746
44 1764 0 100 0.3 14.187 14.487
31 1755 0 100 1.1 13.7811 14.8811
53 1726 0 100 3.1 11.8758 14.9758
