49 2724 2.04788
30 2725 2.06884
80 2728 2.19964
74 2729 2.26521
73 2731 2.28645
27 2733 2.41137
39 2734 2.43643
42 2735 2.47212
38 2737 2.53388
31 2739 2.67817
58 2741 2.71438
87 2742 2.71462
57 2743 2.77058
35 2745 2.807
56 2746 2.82958
33 2748 2.87987
36 2749 2.89287
78 2750 2.90368
79 2751 2.91554
50 2752 2.9673
25 2754 2.98751
81 2755 3.00312
40 2756 3.01351
64 2757 3.03956
71 2758 3.07674
77 2761 3.21258
59 2763 3.28316
75 2764 3.3053
43 2766 3.38472
66 2767 3.44157
86 2768 3.46582
70 2770 3.5392
69 2772 3.59733
32 2774 3.71393
91 2775 3.72516
47 2777 3.81263
83 2779 3.88063
41 2780 3.9647
28 2782 4.011
90 2783 4.01446
72 2784 4.03651
29 2785 4.07813
92 2787 4.09497
34 2788 4.09701
67 2789 4.10259
89 2790 4.12105
82 2791 4.12606
61 2792 4.17032
48 2794 4.19211
63 2795 4.20848
85 2796 4.21828
62 2797 4.24971
26 2798 4.26567
37 2801 4.39136
88 2802 4.40197
68 2803 4.428
55 2804 4.46486
45 2806 4.52551
52 2807 4.54046
65 2808 4.54384
80 2809 4.56634
44 2811 4.58773
76 2812 4.60278
54 2813 4.61901
46 2816 4.7812
93 2817 4.81252
53 2818 4.84463
51 2820 4.92051
84 2821 4.93161
94 2822 4.97267
42 2825 5.14256
35 2827 5.24927
27 2828 5.27657
58 2830 5.31432
30 2831 5.31443
25 2832 5.34023
57 2833 5.3757
31 2835 5.41442
75 2839 5.71526
74 2842 5.89345
73 2845 6.07981
91 2847 6.233
38 2850 6.43903
33 2851 6.47842
70 2854 6.62705
87 2855 6.67687
28 2857 6.77189
39 2860 6.88883
40 2861 6.94615
83 2864 7.16066
56 2866 7.20436
66 2867 7.24694
61 2868 7.25839
37 2871 7.40092
79 2872 7.45403
65 2873 7.45633
81 2875 7.48532
47 2876 7.48673
55 2877 7.52532
51 2878 7.5592
77 2880 7.63051
76 2882 7.69916
82 2883 7.74837
90 2885 7.84097
68 2886 7.84942
52 2888 7.91554
75 2889 7.92825
44 2891 8.03594
71 2892 8.05496
58 2894 8.13553
62 2895 8.1702
34 2897 8.24018
63 2898 8.24489
26 2899 8.25824
85 2901 8.32197
32 2903 8.40362
48 2904 8.45757
78 2905 8.46696
42 2907 8.55423
94 2908 8.57437
35 2910 8.60684
72 2912 8.70193
54 2913 8.72716
64 2915 8.81591
87 2916 8.83331
41 2917 8.84485
43 2918 8.86921
67 2920 8.91023
88 2921 8.95732
25 2922 8.95758
93 2924 9.00082
27 2926 9.08083
29 2928 9.20454
89 2929 9.22876
91 2930 9.26192
69 2932 9.30023
50 2933 9.35548
53 2936 9.56802
60 2938 9.65062
39 2940 9.7397
46 2942 9.79209
57 2944 9.96472
70 2945 9.97271
92 2948 10.0995
49 2949 10.1515
61 2953 10.4028
30 2955 10.5582
33 2957 10.58
51 2958 10.6209
38 2960 10.7496
86 2963 10.895
80 2965 11.0075
52 2966 11.0304
37 2968 11.0864
47 2969 11.1043
63 2971 11.2353
68 2973 11.2841
42 2974 11.288
76 2975 11.3245
40 2976 11.3344
73 2978 11.4112
55 2979 11.4279
88 2981 11.5025
74 2982 11.5237
82 2984 11.5968
81 2985 11.6246
67 2987 11.713
29 2988 11.7213
36 2989 11.7503
72 2990 11.7699
65 2992 11.7855
45 2993 11.7909
79 2994 11.8351
64 2995 11.8578
25 2997 11.9638
77 2999 11.9907
66 3000 12.0101
58 3002 12.0915
84 3003 12.1223
56 3006 12.3251
27 3008 12.3846
54 3010 12.5022
83 3011 12.519
62 3012 12.5578
31 3014 12.6079
32 3015 12.636
34 3017 12.6826
28 3018 12.7007
50 3019 12.7756
93 3021 12.8485
85 3023 12.9088
89 3026 13.0823
44 3027 13.1247
90 3028 13.1682
35 3030 13.2304
91 3032 13.3562
59 3034 13.4005
71 3037 13.6178
37 3038 13.6267
75 3039 13.6345
57 3040 13.6346
49 3041 13.6481
80 3043 13.7516
78 3044 13.7603
30 3046 13.8192
69 3047 13.8271
42 3048 13.8644
87 3051 13.9993
48 3055 14.2939
72 3056 14.2997
65 3057 14.3036
60 3058 14.3501
41 3059 14.353
73 3061 14.4105
68 3063 14.5562
63 3064 14.5569
43 3066 14.62
70 3067 14.6224
39 3069 14.695
38 3070 14.7045
47 3071 14.7109
25 3073 14.8396
74 3075 14.9379
