31 50 0.0048 49.9952
31 50 0.0048 49.9952
62 50 0.0048 49.9952
70 50 0.0048 49.9952
27 50 0.0048 49.9952
31 50 0.0048 49.9952
47 50 0.0048 49.9952
56 50 0.0048 49.9952
62 50 0.0048 49.9952
70 50 0.0048 49.9952
27 50 0.0048 49.9952
30 50 0.0048 49.9952
31 50 0.0048 49.9952
42 50 0.0048 49.9952
47 50 0.0048 49.9952
56 50 0.0048 49.9952
62 50 0.0048 49.9952
70 50 0.0048 49.9952
27 50 0.0048 49.9952
30 50 0.0048 49.9952
42 50 0.0048 49.9952
47 50 0.0048 49.9952
56 50 0.0048 49.9952
60 50 0.0048 49.9952
62 50 0.0048 49.9952
70 50 0.0048 49.9952
27 50 0.0048 49.9952
30 50 0.0048 49.9952
42 50 0.0048 49.9952
47 50 0.0048 49.9952
56 50 0.0048 49.9952
60 50 0.0048 49.9952
30 50 0.0048 49.9952
36 50 0.0048 49.9952
42 50 0.0048 49.9952
60 50 0.0048 49.9952
36 50 0.0048 49.9952
60 50 0.0048 49.9952
36 50 0.0048 49.9952
73 50 0.0048 49.9952
35 50 0.0048 49.9952
36 50 0.0048 49.9952
57 50 0.0048 49.9952
68 50 0.0048 49.9952
73 50 0.0048 49.9952
35 50 0.0048 49.9952
57 50 0.0048 49.9952
61 50 0.0048 49.9952
68 50 0.0048 49.9952
73 50 0.0048 49.9952
35 50 0.0048 49.9952
39 50 0.0048 49.9952
48 50 0.0048 49.9952
57 50 0.0048 49.9952
61 50 0.0048 49.9952
68 50 0.0048 49.9952
73 50 0.0048 49.9952
74 50 0.0048 49.9952
35 50 0.0048 49.9952
39 50 0.0048 49.9952
48 50 0.0048 49.9952
57 50 0.0048 49.9952
61 50 0.0048 49.9952
68 50 0.0048 49.9952
74 50 0.0048 49.9952
39 50 0.0048 49.9952
46 50 0.0048 49.9952
48 50 0.0048 49.9952
61 50 0.0048 49.9952
74 50 0.0048 49.9952
34 50 0.0048 49.9952
39 50 0.0048 49.9952
46 50 0.0048 49.9952
48 50 0.0048 49.9952
74 50 0.0048 49.9952
34 50 0.0048 49.9952
46 50 0.0048 49.9952
50 50 0.0048 49.9952
29 50 0.0048 49.9952
34 50 0.0048 49.9952
46 50 0.0048 49.9952
50 50 0.0048 49.9952
29 50 0.0048 49.9952
34 50 0.0048 49.9952
50 50 0.0048 49.9952
29 50 0.0048 49.9952
45 50 0.0048 49.9952
49 50 0.0048 49.9952
50 50 0.0048 49.9952
59 50 0.0048 49.9952
33 50 0.048 49.952
69 50 0.0048 49.9952
56 50 0.048 49.952
56 49.952 0.0048 49.9472
56 49.9472 0.16 49.7872
56 49.7872 0.0016 49.7856
45 49.9952 0.048 49.9472
49 49.9952 0.0048 49.9904
68 50 0.048 49.952
35 50 0.0048 49.9952
29 50 0.0048 49.9952
33 50 0.0048 49.9952
45 50 0.0048 49.9952
49 50 0.0048 49.9952
53 50 0.0048 49.9952
59 50 0.0048 49.9952
71 50 0.0048 49.9952
33 49.9952 0.048 49.9472
71 49.9952 0.0048 49.9904
33 49.9472 0.0048 49.9424
33 49.9424 0.16 49.7824
33 49.7824 0.0016 49.7808
45 49.9952 0.048 49.9472
68 50 0.048 49.952
35 50 0.0048 49.9952
64 50 0.048 49.952
33 50 0.0048 49.9952
45 50 0.0048 49.9952
49 50 0.0048 49.9952
53 50 0.0048 49.9952
59 50 0.0048 49.9952
69 50 0.0048 49.9952
71 50 0.0048 49.9952
49 49.9952 0.048 49.9472
59 50 0.0048 49.9952
45 49.9952 0.048 49.9472
61 50 0.048 49.952
58 50 0.048 49.952
41 50 0.0048 49.9952
68 50 0.048 49.952
35 50 0.0048 49.9952
68 49.952 0.0048 49.9472
68 49.9472 0.16 49.7872
68 49.7872 0.0016 49.7856
64 50 0.048 49.952
65 50 0.048 49.952
33 50 0.0048 49.9952
45 50 0.0048 49.9952
49 50 0.0048 49.9952
53 50 0.0048 49.9952
59 49.9952 0.0048 49.9904
69 50 0.0048 49.9952
71 50 0.0048 49.9952
72 50 0.0048 49.9952
49 49.9952 0.048 49.9472
59 50 0.0048 49.9952
49 49.9472 0.0048 49.9424
49 49.9424 0.16 49.7824
49 49.7824 0.0016 49.7808
45 49.9952 0.048 49.9472
61 50 0.048 49.952
61 49.952 0.0048 49.9472
61 49.9472 0.16 49.7872
61 49.7872 0.0016 49.7856
58 50 0.048 49.952
41 50 0.0048 49.9952
64 50 0.048 49.952
65 50 0.048 49.952
55 50 0.0048 49.9952
69 50 0.048 49.952
33 49.9952 0.0048 49.9904
33 50 0.0048 49.9952
53 50 0.0048 49.9952
69 49.952 0.0048 49.9472
71 50 0.0048 49.9952
72 50 0.0048 49.9952
40 50 0.048 49.952
45 50 0.048 49.952
59 50 0.0048 49.9952
58 50 0.048 49.952
37 50 0.0048 49.9952
37 49.9952 0.048 49.9472
41 50 0.0048 49.9952
58 49.952 0.0048 49.9472
58 49.9472 0.16 49.7872
37 49.9472 0.016 49.9312
37 49.9312 0.016 49.9152
58 49.7872 0.0016 49.7856
37 49.9152 0.048 49.8672
58 49.7856 0.0048 49.7808
41 49.9952 0.016 49.9792
64 50 0.048 49.952
65 50 0.048 49.952
55 50 0.0048 49.9952
65 49.952 0.0048 49.9472
65 49.9472 0.16 49.7872
65 49.7872 0.0016 49.7856
69 50 0.048 49.952
33 49.9952 0.0048 49.9904
33 50 0.0048 49.9952
69 49.952 0.0048 49.9472
72 50 0.0048 49.9952
40 50 0.048 49.952
45 50 0.048 49.952
51 50 0.048 49.952
37 50 0.048 49.952
63 50 0.0048 49.9952
64 50 0.048 49.952
69 50 0.048 49.952
33 49.9952 0.0048 49.9904
41 50 0.048 49.952
58 49.9103 0.0048 49.9055
73 50 0.048 49.952
47 50 0.048 49.952
59 50 0.048 49.952
45 50 0.0048 49.9952
49 50 0.0048 49.9952
38 50 0.0048 49.9952
72 50 0.0048 49.9952
39 50 0.048 49.952
74 50 0.0048 49.9952
40 50 0.048 49.952
45 49.9952 0.048 49.9472
59 50 0.0048 49.9952
51 50 0.048 49.952
67 50 0.0048 49.9952
37 50 0.048 49.952
63 50 0.0048 49.9952
64 50 0.048 49.952
64 49.952 0.0048 49.9472
64 49.9472 0.16 49.7872
64 49.7872 0.0016 49.7856
69 50 0.048 49.952
33 50 0.0048 49.9952
41 50 0.048 49.952
58 50 0.0048 49.9952
73 50 0.048 49.952
47 50 0.048 49.952
59 49.9952 0.048 49.9472
45 50 0.0048 49.9952
49 50 0.0048 49.9952
26 50 0.0048 49.9952
38 50 0.0048 49.9952
39 50 0.048 49.952
74 50 0.0048 49.9952
35 50 0.048 49.952
57 50 0.0048 49.9952
68 50 0.0048 49.9952
40 50 0.048 49.952
45 49.9952 0.048 49.9472
59 50 0.0048 49.9952
51 50 0.048 49.952
67 50 0.0048 49.9952
37 50 0.048 49.952
63 50 0.0048 49.9952
69 50 0.048 49.952
33 50 0.0048 49.9952
41 50 0.048 49.952
58 50 0.0048 49.9952
41 49.952 0.0048 49.9472
41 49.9472 0.16 49.7872
41 49.7872 0.0016 49.7856
73 50 0.048 49.952
47 50 0.048 49.952
59 49.9952 0.048 49.9472
49 50 0.0048 49.9952
26 50 0.0048 49.9952
38 50 0.0048 49.9952
43 50 0.0048 49.9952
28 50 0.048 49.952
39 50 0.048 49.952
74 50 0.0048 49.9952
35 50 0.048 49.952
57 50 0.0048 49.9952
40 50 0.048 49.952
45 50 0.048 49.952
59 50 0.0048 49.9952
51 50 0.048 49.952
67 50 0.0048 49.9952
51 49.952 0.0048 49.9472
51 49.9472 0.16 49.7872
51 49.7872 0.0016 49.7856
37 50 0.048 49.952
58 50 0.0048 49.9952
63 50 0.0048 49.9952
70 50 0.048 49.952
69 50 0.048 49.952
33 50 0.0048 49.9952
73 50 0.048 49.952
47 50 0.048 49.952
59 49.9952 0.048 49.9472
45 50 0.0048 49.9952
49 50 0.0048 49.9952
26 50 0.0048 49.9952
38 50 0.0048 49.9952
40 50 0.0048 49.9952
43 50 0.0048 49.9952
28 50 0.048 49.952
28 49.952 0.0048 49.9472
28 49.9472 0.16 49.7872
28 49.7872 0.0016 49.7856
39 50 0.048 49.952
74 50 0.0048 49.9952
35 50 0.048 49.952
57 50 0.0048 49.9952
35 49.952 0.0048 49.9472
35 49.9472 0.16 49.7872
35 49.7872 0.0016 49.7856
40 49.9952 0.048 49.9472
45 49.9952 0.048 49.9472
49 49.9952 0.0048 49.9904
59 50 0.0048 49.9952
37 50 0.048 49.952
58 50 0.0048 49.9952
63 50 0.0048 49.9952
70 50 0.048 49.952
70 49.952 0.0048 49.9472
70 49.9472 0.16 49.7872
70 49.7872 0.0016 49.7856
48 50 0.048 49.952
69 50 0.048 49.952
33 50 0.0048 49.9952
73 50 0.048 49.952
47 50 0.048 49.952
59 49.9952 0.048 49.9472
49 50 0.0048 49.9952
26 50 0.0048 49.9952
40 50 0.0048 49.9952
43 50 0.0048 49.9952
25 50 0.048 49.952
25 49.952 0.0048 49.9472
25 49.9472 0.16 49.7872
25 49.7872 0.0016 49.7856
39 50 0.048 49.952
72 50 0.048 49.952
40 49.9952 0.048 49.9472
45 50 0.048 49.952
34 50 0.048 49.952
34 49.952 0.0048 49.9472
34 49.9472 0.16 49.7872
34 49.7872 0.0016 49.7856
37 50 0.048 49.952
63 50 0.0048 49.9952
48 50 0.048 49.952
48 49.952 0.0048 49.9472
48 49.9472 0.16 49.7872
48 49.7872 0.0016 49.7856
69 50 0.048 49.952
33 50 0.0048 49.9952
73 50 0.048 49.952
47 50 0.048 49.952
59 50 0.048 49.952
45 50 0.0048 49.9952
49 50 0.0048 49.9952
40 50 0.0048 49.9952
43 50 0.0048 49.9952
39 50 0.048 49.952
74 50 0.0048 49.9952
72 50 0.048 49.952
72 49.952 0.0048 49.9472
72 49.9472 0.16 49.7872
72 49.7872 0.0016 49.7856
40 49.9952 0.048 49.9472
45 49.9952 0.048 49.9472
49 49.9952 0.0048 49.9904
59 50 0.0048 49.9952
30 50 0.048 49.952
42 50 0.0048 49.9952
37 50 0.048 49.952
63 50 0.0048 49.9952
37 49.952 0.0048 49.9472
37 49.9472 0.16 49.7872
37 49.7872 0.0016 49.7856
32 50 0.048 49.952
69 50 0.048 49.952
33 50 0.0048 49.9952
69 49.952 0.0048 49.9472
69 49.9472 0.16 49.7872
69 49.7872 0.0016 49.7856
73 50 0.048 49.952
47 50 0.048 49.952
59 49.9952 0.048 49.9472
49 50 0.0048 49.9952
40 50 0.0048 49.9952
64 50 0.0048 49.9952
39 50 0.048 49.952
74 50 0.0048 49.9952
40 49.9952 0.048 49.9472
45 50 0.048 49.952
49 49.9952 0.0048 49.9904
45 49.952 0.0048 49.9472
45 49.9472 0.16 49.7872
45 49.7872 0.0016 49.7856
30 50 0.048 49.952
42 50 0.0048 49.9952
32 50 0.048 49.952
63 50 0.048 49.952
37 50 0.0048 49.9952
73 50 0.048 49.952
47 50 0.048 49.952
47 49.952 0.0048 49.9472
47 49.9472 0.16 49.7872
47 49.7872 0.0016 49.7856
59 50 0.048 49.952
45 49.9405 0.0048 49.9357
49 50 0.0048 49.9952
28 50 0.0048 49.9952
64 50 0.0048 49.9952
39 50 0.048 49.952
74 50 0.0048 49.9952
40 50 0.048 49.952
30 50 0.048 49.952
42 50 0.0048 49.9952
52 50 0.048 49.952
32 50 0.048 49.952
32 49.952 0.0048 49.9472
32 49.9472 0.16 49.7872
32 49.7872 0.0016 49.7856
63 50 0.048 49.952
73 50 0.048 49.952
59 50 0.048 49.952
49 50 0.0048 49.9952
28 50 0.0048 49.9952
64 50 0.0048 49.9952
39 50 0.048 49.952
40 50 0.048 49.952
30 50 0.048 49.952
42 50 0.0048 49.9952
30 49.952 0.0048 49.9472
30 49.9472 0.16 49.7872
30 49.7872 0.0016 49.7856
62 50 0.048 49.952
70 50 0.0048 49.9952
52 50 0.048 49.952
50 50 0.048 49.952
63 50 0.048 49.952
44 50 0.048 49.952
73 50 0.048 49.952
73 49.952 0.0048 49.9472
73 49.9472 0.16 49.7872
73 49.7872 0.0016 49.7856
59 50 0.048 49.952
28 50 0.0048 49.9952
64 50 0.0048 49.9952
39 50 0.048 49.952
37 50 0.048 49.952
63 50 0.0048 49.9952
37 49.952 0.0048 49.9472
37 49.9472 0.16 49.7872
37 49.7872 0.0016 49.7856
40 50 0.048 49.952
62 50 0.048 49.952
70 50 0.0048 49.9952
52 50 0.048 49.952
50 50 0.048 49.952
46 50 0.048 49.952
46 49.952 0.0048 49.9472
46 49.9472 0.16 49.7872
46 49.7872 0.0016 49.7856
63 49.9952 0.048 49.9472
37 49.7856 0.0048 49.7808
44 50 0.048 49.952
59 50 0.048 49.952
49 50 0.0048 49.9952
28 50 0.0048 49.9952
44 49.952 0.0048 49.9472
27 50 0.048 49.952
39 50 0.048 49.952
40 50 0.048 49.952
42 50 0.048 49.952
30 50 0.0048 49.9952
62 50 0.048 49.952
70 50 0.0048 49.9952
57 50 0.048 49.952
35 50 0.0048 49.9952
61 50 0.0048 49.9952
61 49.9952 0.048 49.9472
57 49.952 0.0048 49.9472
57 49.9472 0.16 49.7872
35 49.9952 0.016 49.9792
61 49.9472 0.016 49.9312
61 49.9312 0.016 49.9152
57 49.7872 0.0016 49.7856
61 49.9152 0.048 49.8672
57 49.7856 0.0048 49.7808
52 50 0.048 49.952
31 50 0.048 49.952
50 50 0.048 49.952
63 50 0.048 49.952
37 49.953 0.0048 49.9482
44 50 0.048 49.952
59 50 0.048 49.952
44 49.952 0.0048 49.9472
27 50 0.048 49.952
56 50 0.0048 49.9952
27 49.952 0.0048 49.9472
27 49.9472 0.16 49.7872
27 49.7872 0.0016 49.7856
39 50 0.048 49.952
40 50 0.048 49.952
42 50 0.048 49.952
30 50 0.0048 49.9952
62 50 0.048 49.952
70 50 0.0048 49.9952
61 50 0.048 49.952
52 50 0.048 49.952
52 49.952 0.0048 49.9472
52 49.9472 0.16 49.7872
52 49.7872 0.0016 49.7856
31 50 0.048 49.952
50 50 0.048 49.952
63 50 0.048 49.952
37 50 0.0048 49.9952
44 50 0.048 49.952
59 50 0.048 49.952
45 50 0.0048 49.9952
49 50 0.0048 49.9952
59 49.952 0.0048 49.9472
59 49.9472 0.16 49.7872
59 49.7872 0.0016 49.7856
32 50 0.0048 49.9952
44 49.952 0.0048 49.9472
66 50 0.0048 49.9952
39 50 0.048 49.952
40 50 0.048 49.952
42 50 0.048 49.952
62 50 0.048 49.952
61 50 0.048 49.952
31 50 0.048 49.952
31 49.952 0.0048 49.9472
31 49.9472 0.16 49.7872
31 49.7872 0.0016 49.7856
50 50 0.048 49.952
63 50 0.048 49.952
37 50 0.0048 49.9952
44 50 0.048 49.952
32 50 0.0048 49.9952
44 49.952 0.0048 49.9472
66 50 0.0048 49.9952
39 50 0.048 49.952
40 50 0.048 49.952
42 50 0.048 49.952
30 50 0.0048 49.9952
62 50 0.048 49.952
61 50 0.048 49.952
50 50 0.048 49.952
63 50 0.048 49.952
37 50 0.0048 49.9952
63 49.952 0.0048 49.9472
63 49.9472 0.16 49.7872
63 49.7872 0.0016 49.7856
44 50 0.048 49.952
32 50 0.0048 49.9952
37 49.9952 0.0048 49.9904
63 50 0.0048 49.9952
66 50 0.0048 49.9952
39 50 0.048 49.952
40 50 0.048 49.952
42 50 0.048 49.952
62 50 0.048 49.952
70 50 0.0048 49.9952
61 50 0.048 49.952
57 50 0.0048 49.9952
61 49.952 0.0048 49.9472
61 49.9472 0.16 49.7872
61 49.7872 0.0016 49.7856
50 50 0.048 49.952
44 50 0.048 49.952
54 50 0.048 49.952
55 50 0.048 49.952
65 50 0.0048 49.9952
32 50 0.0048 49.9952
37 50 0.0048 49.9952
41 50 0.0048 49.9952
58 50 0.0048 49.9952
63 50 0.0048 49.9952
66 50 0.0048 49.9952
39 50 0.048 49.952
74 50 0.0048 49.9952
40 50 0.048 49.952
42 50 0.048 49.952
62 50 0.048 49.952
50 50 0.048 49.952
44 50 0.048 49.952
54 50 0.048 49.952
55 50 0.048 49.952
65 50 0.0048 49.9952
55 49.952 0.0048 49.9472
55 49.9472 0.16 49.7872
55 49.7872 0.0016 49.7856
37 50 0.0048 49.9952
41 50 0.0048 49.9952
58 50 0.0048 49.9952
63 50 0.0048 49.9952
26 50 0.048 49.952
39 50 0.048 49.952
74 50 0.0048 49.9952
40 50 0.048 49.952
42 50 0.048 49.952
62 50 0.048 49.952
50 50 0.048 49.952
44 50 0.048 49.952
54 50 0.048 49.952
37 50 0.0048 49.9952
41 50 0.0048 49.9952
58 50 0.0048 49.9952
63 50 0.0048 49.9952
60 50 0.048 49.952
26 50 0.048 49.952
53 50 0.048 49.952
33 50 0.0048 49.9952
33 49.9952 0.048 49.9472
69 50 0.0048 49.9952
69 49.9952 0.048 49.9472
53 49.952 0.0096 49.9424
53 49.9424 0.16 49.7824
33 49.9472 0.016 49.9312
69 49.9472 0.016 49.9312
69 49.9312 0.016 49.9152
53 49.7824 0.0016 49.7808
69 49.9152 0.048 49.8672
53 49.7808 0.0048 49.776
71 50 0.0048 49.9952
39 50 0.048 49.952
40 50 0.048 49.952
42 50 0.048 49.952
62 50 0.048 49.952
50 50 0.048 49.952
44 50 0.048 49.952
44 49.952 0.0048 49.9472
44 49.9472 0.16 49.7872
44 49.7872 0.0016 49.7856
66 50 0.048 49.952
32 50 0.0048 49.9952
54 50 0.048 49.952
41 50 0.0048 49.9952
51 50 0.0048 49.9952
52 50 0.0048 49.9952
58 50 0.0048 49.9952
67 50 0.0048 49.9952
60 50 0.048 49.952
26 50 0.048 49.952
69 50 0.048 49.952
33 50 0.0048 49.9952
53 49.9432 0.0048 49.9384
71 50 0.0048 49.9952
69 49.952 0.0048 49.9472
69 49.9472 0.16 49.7872
69 49.7872 0.0016 49.7856
39 50 0.048 49.952
74 50 0.0048 49.9952
39 49.952 0.0048 49.9472
39 49.9472 0.16 49.7872
39 49.7872 0.0016 49.7856
40 50 0.048 49.952
42 50 0.048 49.952
62 50 0.048 49.952
70 50 0.0048 49.9952
50 50 0.048 49.952
66 50 0.048 49.952
32 50 0.0048 49.9952
54 50 0.048 49.952
51 50 0.0048 49.9952
52 50 0.0048 49.9952
54 49.952 0.0048 49.9472
67 50 0.0048 49.9952
60 50 0.048 49.952
26 50 0.048 49.952
29 50 0.048 49.952
40 50 0.048 49.952
42 50 0.048 49.952
38 50 0.048 49.952
62 50 0.048 49.952
50 50 0.048 49.952
66 50 0.048 49.952
32 50 0.0048 49.9952
66 49.952 0.0048 49.9472
66 49.9472 0.16 49.7872
66 49.7872 0.0016 49.7856
54 50 0.048 49.952
51 50 0.0048 49.9952
52 50 0.0048 49.9952
54 49.952 0.0048 49.9472
55 50 0.0048 49.9952
65 50 0.0048 49.9952
67 50 0.0048 49.9952
60 50 0.048 49.952
26 50 0.048 49.952
29 50 0.048 49.952
40 50 0.048 49.952
42 50 0.048 49.952
42 49.952 0.0048 49.9472
42 49.9472 0.16 49.7872
42 49.7872 0.0016 49.7856
38 50 0.048 49.952
62 50 0.048 49.952
50 50 0.048 49.952
54 50 0.048 49.952
25 50 0.0048 49.9952
51 50 0.0048 49.9952
52 50 0.0048 49.9952
54 49.952 0.0048 49.9472
55 50 0.0048 49.9952
65 50 0.0048 49.9952
67 50 0.0048 49.9952
60 50 0.048 49.952
26 50 0.048 49.952
43 50 0.048 49.952
43 49.952 0.0048 49.9472
43 49.9472 0.16 49.7872
43 49.7872 0.0016 49.7856
29 50 0.048 49.952
40 50 0.048 49.952
40 49.952 0.0048 49.9472
40 49.9472 0.16 49.7872
40 49.7872 0.0016 49.7856
67 49.9952 0.048 49.9472
51 49.9952 0.0048 49.9904
38 50 0.048 49.952
62 50 0.048 49.952
70 50 0.0048 49.9952
50 50 0.048 49.952
54 50 0.048 49.952
25 50 0.0048 49.9952
52 50 0.0048 49.9952
54 49.952 0.0048 49.9472
55 50 0.0048 49.9952
65 50 0.0048 49.9952
60 50 0.048 49.952
30 50 0.0048 49.9952
26 50 0.048 49.952
29 50 0.048 49.952
71 50 0.048 49.952
33 50 0.0048 49.9952
33 49.9952 0.048 49.9472
71 49.952 0.0048 49.9472
71 49.9472 0.16 49.7872
33 49.9472 0.016 49.9312
33 49.9312 0.016 49.9152
71 49.7872 0.0016 49.7856
33 49.9152 0.048 49.8672
53 50 0.0048 49.9952
69 50 0.0048 49.9952
71 49.7856 0.0048 49.7808
67 50 0.048 49.952
38 50 0.048 49.952
62 50 0.048 49.952
47 50 0.0048 49.9952
47 49.9952 0.048 49.9472
70 50 0.0048 49.9952
62 49.952 0.0048 49.9472
62 49.9472 0.16 49.7872
47 49.9472 0.016 49.9312
47 49.9312 0.016 49.9152
62 49.7872 0.0016 49.7856
47 49.9152 0.048 49.8672
62 49.7856 0.0048 49.7808
70 49.9952 0.016 49.9792
74 50 0.048 49.952
39 50 0.0048 49.9952
48 50 0.0048 49.9952
50 50 0.048 49.952
36 50 0.048 49.952
54 50 0.048 49.952
25 50 0.0048 49.9952
55 50 0.0048 49.9952
65 50 0.0048 49.9952
60 50 0.048 49.952
60 49.952 0.0048 49.9472
60 49.9472 0.16 49.7872
60 49.7872 0.0016 49.7856
26 50 0.048 49.952
29 50 0.048 49.952
33 50 0.048 49.952
53 50 0.0048 49.9952
69 50 0.0048 49.9952
71 50 0.0048 49.9952
67 50 0.048 49.952
67 49.952 0.0048 49.9472
67 49.9472 0.16 49.7872
67 49.7872 0.0016 49.7856
38 50 0.048 49.952
47 50 0.048 49.952
62 50 0.0048 49.9952
47 49.952 0.0048 49.9472
47 49.9472 0.16 49.7872
47 49.7872 0.0016 49.7856
74 50 0.048 49.952
39 50 0.0048 49.9952
50 50 0.048 49.952
36 50 0.048 49.952
36 49.952 0.0048 49.9472
36 49.9472 0.16 49.7872
36 49.7872 0.0016 49.7856
54 50 0.048 49.952
25 50 0.0048 49.9952
55 50 0.0048 49.9952
26 50 0.048 49.952
29 50 0.048 49.952
33 50 0.048 49.952
53 50 0.0048 49.9952
69 50 0.0048 49.9952
71 50 0.0048 49.9952
33 49.952 0.0048 49.9472
33 49.9472 0.16 49.7872
33 49.7872 0.0016 49.7856
38 50 0.048 49.952
74 50 0.048 49.952
74 49.952 0.0048 49.9472
74 49.9472 0.16 49.7872
74 49.7872 0.0016 49.7856
50 50 0.048 49.952
54 50 0.048 49.952
26 50 0.048 49.952
49 50 0.048 49.952
45 50 0.0048 49.9952
59 50 0.0048 49.9952
29 50 0.048 49.952
51 50 0.048 49.952
67 50 0.0048 49.9952
38 50 0.048 49.952
50 50 0.048 49.952
54 50 0.048 49.952
26 50 0.048 49.952
49 50 0.048 49.952
45 50 0.0048 49.9952
29 50 0.048 49.952
50 49.952 0.0048 49.9472
51 50 0.048 49.952
38 50 0.048 49.952
50 50 0.048 49.952
54 50 0.048 49.952
26 50 0.048 49.952
49 50 0.048 49.952
45 50 0.0048 49.9952
29 50 0.048 49.952
51 50 0.048 49.952
38 50 0.048 49.952
50 50 0.048 49.952
54 50 0.048 49.952
32 50 0.048 49.952
32 49.952 0.0048 49.9472
32 49.9472 0.16 49.7872
32 49.7872 0.0016 49.7856
31 50 0.0048 49.9952
26 50 0.048 49.952
26 49.952 0.0048 49.9472
26 49.9472 0.16 49.7872
26 49.7872 0.0016 49.7856
49 50 0.048 49.952
45 50 0.0048 49.9952
59 50 0.0048 49.9952
29 50 0.048 49.952
51 50 0.048 49.952
67 50 0.0048 49.9952
38 50 0.048 49.952
50 50 0.048 49.952
54 50 0.048 49.952
31 50 0.0048 49.9952
49 50 0.048 49.952
45 50 0.0048 49.9952
29 50 0.048 49.952
50 49.952 0.0048 49.9472
51 50 0.048 49.952
67 50 0.0048 49.9952
38 50 0.048 49.952
50 50 0.048 49.952
29 50 0.0048 49.9952
46 50 0.048 49.952
54 50 0.048 49.952
31 50 0.0048 49.9952
47 50 0.0048 49.9952
62 50 0.0048 49.9952
70 50 0.0048 49.9952
49 50 0.048 49.952
29 49.9952 0.048 49.9472
51 50 0.048 49.952
67 50 0.0048 49.9952
38 50 0.048 49.952
68 50 0.048 49.952
35 50 0.0048 49.9952
68 49.952 0.0048 49.9472
68 49.9472 0.16 49.7872
68 49.7872 0.0016 49.7856
50 50 0.048 49.952
46 50 0.048 49.952
54 50 0.048 49.952
27 50 0.0048 49.9952
31 50 0.0048 49.9952
47 50 0.0048 49.9952
56 50 0.0048 49.9952
62 50 0.0048 49.9952
70 50 0.0048 49.9952
49 50 0.048 49.952
49 49.952 0.0048 49.9472
49 49.9472 0.16 49.7872
49 49.7872 0.0016 49.7856
47 49.9952 0.048 49.9472
29 50 0.048 49.952
51 50 0.048 49.952
67 50 0.0048 49.9952
38 50 0.048 49.952
50 50 0.048 49.952
46 50 0.048 49.952
54 50 0.048 49.952
27 50 0.0048 49.9952
30 50 0.0048 49.9952
42 50 0.0048 49.9952
47 50 0.0048 49.9952
56 50 0.0048 49.9952
60 50 0.0048 49.9952
62 50 0.0048 49.9952
70 50 0.0048 49.9952
47 49.9952 0.048 49.9472
47 49.9472 0.0048 49.9424
47 49.9424 0.16 49.7824
47 49.7824 0.0016 49.7808
29 50 0.048 49.952
51 50 0.048 49.952
38 50 0.048 49.952
50 50 0.048 49.952
46 50 0.048 49.952
46 49.952 0.0048 49.9472
46 49.9472 0.16 49.7872
46 49.7872 0.0016 49.7856
54 50 0.048 49.952
27 50 0.0048 49.9952
30 50 0.0048 49.9952
42 50 0.0048 49.9952
47 50 0.0048 49.9952
56 50 0.0048 49.9952
60 50 0.0048 49.9952
62 50 0.0048 49.9952
70 50 0.0048 49.9952
29 50 0.048 49.952
51 50 0.048 49.952
38 50 0.048 49.952
69 50 0.048 49.952
33 50 0.0048 49.9952
53 50 0.0048 49.9952
71 50 0.0048 49.9952
50 50 0.048 49.952
35 50 0.048 49.952
68 50 0.0048 49.9952
54 50 0.048 49.952
27 50 0.0048 49.9952
30 50 0.0048 49.9952
42 50 0.0048 49.9952
56 50 0.0048 49.9952
60 50 0.0048 49.9952
29 50 0.048 49.952
51 50 0.048 49.952
67 50 0.0048 49.9952
38 50 0.048 49.952
30 50 0.048 49.952
60 50 0.0048 49.9952
69 50 0.048 49.952
33 50 0.0048 49.9952
53 50 0.0048 49.9952
71 50 0.0048 49.9952
50 50 0.048 49.952
52 50 0.048 49.952
28 50 0.048 49.952
35 50 0.048 49.952
68 50 0.0048 49.9952
35 49.952 0.0048 49.9472
35 49.9472 0.16 49.7872
35 49.7872 0.0016 49.7856
54 50 0.048 49.952
30 49.952 0.0048 49.9472
36 50 0.0048 49.9952
42 50 0.0048 49.9952
60 49.9952 0.0048 49.9904
48 50 0.048 49.952
74 50 0.0048 49.9952
29 50 0.048 49.952
51 50 0.048 49.952
38 50 0.048 49.952
30 50 0.048 49.952
60 50 0.0048 49.9952
69 50 0.048 49.952
33 50 0.0048 49.9952
53 50 0.0048 49.9952
71 50 0.0048 49.9952
50 50 0.048 49.952
52 50 0.048 49.952
28 50 0.048 49.952
54 50 0.048 49.952
36 50 0.0048 49.9952
48 50 0.048 49.952
48 49.952 0.0048 49.9472
48 49.9472 0.16 49.7872
48 49.7872 0.0016 49.7856
29 50 0.048 49.952
51 50 0.048 49.952
38 50 0.048 49.952
38 49.952 0.0048 49.9472
38 49.9472 0.16 49.7872
38 49.7872 0.0016 49.7856
30 50 0.048 49.952
42 50 0.0048 49.9952
60 50 0.0048 49.9952
69 50 0.048 49.952
33 50 0.0048 49.9952
71 50 0.0048 49.9952
50 50 0.048 49.952
52 50 0.048 49.952
28 50 0.048 49.952
54 50 0.048 49.952
65 50 0.048 49.952
35 50 0.0048 49.9952
36 50 0.0048 49.9952
68 50 0.0048 49.9952
73 50 0.0048 49.9952
29 50 0.048 49.952
29 49.952 0.0048 49.9472
29 49.9472 0.16 49.7872
29 49.7872 0.0016 49.7856
51 50 0.048 49.952
67 50 0.0048 49.9952
30 50 0.048 49.952
42 50 0.0048 49.9952
30 49.952 0.0048 49.9472
30 49.9472 0.16 49.7872
30 49.7872 0.0016 49.7856
69 50 0.048 49.952
33 50 0.0048 49.9952
71 50 0.0048 49.9952
55 50 0.048 49.952
56 50 0.048 49.952
50 50 0.048 49.952
52 50 0.048 49.952
28 50 0.048 49.952
54 50 0.048 49.952
65 50 0.048 49.952
35 50 0.0048 49.9952
36 50 0.0048 49.9952
57 50 0.0048 49.9952
68 50 0.0048 49.9952
73 50 0.0048 49.9952
64 50 0.048 49.952
51 50 0.048 49.952
69 50 0.048 49.952
33 50 0.0048 49.9952
71 50 0.0048 49.9952
37 50 0.048 49.952
63 50 0.0048 49.9952
55 50 0.048 49.952
56 50 0.048 49.952
27 50 0.0048 49.9952
50 50 0.048 49.952
52 50 0.048 49.952
28 50 0.048 49.952
54 50 0.048 49.952
65 50 0.048 49.952
55 49.952 0.0048 49.9472
35 50 0.0048 49.9952
48 50 0.0048 49.9952
57 50 0.0048 49.9952
61 50 0.0048 49.9952
68 50 0.0048 49.9952
73 50 0.0048 49.9952
74 50 0.0048 49.9952
34 50 0.048 49.952
64 50 0.048 49.952
64 49.952 0.0048 49.9472
64 49.9472 0.16 49.7872
64 49.7872 0.0016 49.7856
51 50 0.048 49.952
69 50 0.048 49.952
33 50 0.0048 49.9952
71 50 0.0048 49.9952
37 50 0.048 49.952
63 50 0.0048 49.9952
55 50 0.048 49.952
65 50 0.0048 49.9952
56 50 0.048 49.952
27 50 0.0048 49.9952
50 50 0.048 49.952
52 50 0.048 49.952
28 50 0.048 49.952
54 50 0.048 49.952
65 49.9952 0.048 49.9472
55 49.952 0.0048 49.9472
35 50 0.0048 49.9952
39 50 0.0048 49.9952
48 50 0.0048 49.9952
57 50 0.0048 49.9952
61 50 0.0048 49.9952
68 50 0.0048 49.9952
73 50 0.0048 49.9952
74 50 0.0048 49.9952
34 50 0.048 49.952
51 50 0.048 49.952
69 50 0.048 49.952
33 50 0.0048 49.9952
71 50 0.0048 49.9952
37 50 0.048 49.952
58 50 0.0048 49.9952
58 49.9952 0.048 49.9472
63 50 0.0048 49.9952
37 49.952 0.0048 49.9472
37 49.9472 0.16 49.7872
58 49.9472 0.016 49.9312
58 49.9312 0.016 49.9152
37 49.7872 0.0016 49.7856
58 49.9152 0.048 49.8672
37 49.7856 0.0048 49.7808
63 49.9952 0.0048 49.9904
63 49.9904 0.016 49.9744
55 50 0.048 49.952
65 50 0.0048 49.9952
56 50 0.048 49.952
27 50 0.0048 49.9952
50 50 0.048 49.952
52 50 0.048 49.952
28 50 0.048 49.952
54 50 0.048 49.952
65 49.9952 0.048 49.9472
35 50 0.0048 49.9952
39 50 0.0048 49.9952
48 50 0.0048 49.9952
57 50 0.0048 49.9952
61 50 0.0048 49.9952
68 50 0.0048 49.9952
74 50 0.0048 49.9952
34 50 0.048 49.952
51 50 0.048 49.952
69 50 0.048 49.952
33 50 0.0048 49.9952
53 50 0.0048 49.9952
71 50 0.0048 49.9952
61 50 0.048 49.952
58 50 0.048 49.952
37 49.8934 0.0048 49.8886
63 50 0.0048 49.9952
58 49.952 0.0048 49.9472
58 49.9472 0.16 49.7872
58 49.7872 0.0016 49.7856
55 50 0.048 49.952
56 50 0.048 49.952
50 50 0.048 49.952
52 50 0.048 49.952
28 50 0.048 49.952
54 50 0.048 49.952
65 50 0.048 49.952
55 49.952 0.0048 49.9472
34 50 0.0048 49.9952
39 50 0.0048 49.9952
46 50 0.0048 49.9952
48 50 0.0048 49.9952
74 50 0.0048 49.9952
39 49.9952 0.048 49.9472
34 49.9952 0.048 49.9472
51 50 0.048 49.952
67 50 0.0048 49.9952
69 50 0.048 49.952
33 50 0.0048 49.9952
53 50 0.0048 49.9952
61 50 0.048 49.952
55 50 0.048 49.952
65 50 0.0048 49.9952
56 50 0.048 49.952
56 49.952 0.0048 49.9472
56 49.9472 0.16 49.7872
56 49.7872 0.0016 49.7856
50 50 0.048 49.952
52 50 0.048 49.952
28 50 0.048 49.952
54 50 0.048 49.952
65 49.9952 0.048 49.9472
55 49.952 0.0048 49.9472
34 50 0.0048 49.9952
39 50 0.0048 49.9952
46 50 0.0048 49.9952
50 49.952 0.0048 49.9472
39 49.9952 0.048 49.9472
34 49.9952 0.048 49.9472
51 50 0.048 49.952
67 50 0.048 49.952
51 49.952 0.0048 49.9472
33 50 0.048 49.952
53 50 0.0048 49.9952
69 50 0.0048 49.9952
69 49.9952 0.048 49.9472
33 49.952 0.0048 49.9472
53 49.9952 0.0048 49.9904
71 50 0.0048 49.9952
61 50 0.048 49.952
55 50 0.048 49.952
65 50 0.0048 49.9952
50 50 0.048 49.952
52 50 0.048 49.952
28 50 0.048 49.952
54 50 0.048 49.952
65 49.9952 0.048 49.9472
55 49.952 0.0048 49.9472
29 50 0.0048 49.9952
34 50 0.0048 49.9952
46 50 0.0048 49.9952
50 49.952 0.0048 49.9472
39 50 0.048 49.952
34 49.9952 0.048 49.9472
51 50 0.048 49.952
67 50 0.0048 49.9952
67 49.9952 0.048 49.9472
51 49.952 0.0048 49.9472
33 50 0.048 49.952
53 50 0.0048 49.9952
69 50 0.0048 49.9952
69 49.9952 0.048 49.9472
33 49.952 0.0048 49.9472
53 49.9952 0.0048 49.9904
71 50 0.0048 49.9952
61 50 0.048 49.952
55 50 0.048 49.952
50 50 0.048 49.952
52 50 0.048 49.952
28 50 0.048 49.952
54 50 0.048 49.952
65 50 0.048 49.952
65 49.952 0.0048 49.9472
65 49.9472 0.16 49.7872
65 49.7872 0.0016 49.7856
29 50 0.0048 49.9952
34 50 0.0048 49.9952
46 50 0.0048 49.9952
50 49.952 0.0048 49.9472
39 50 0.048 49.952
70 50 0.048 49.952
70 49.952 0.0048 49.9472
70 49.9472 0.16 49.7872
70 49.7872 0.0016 49.7856
31 50 0.048 49.952
34 49.9952 0.048 49.9472
51 50 0.048 49.952
67 50 0.0048 49.9952
67 49.9952 0.048 49.9472
51 49.952 0.0048 49.9472
33 50 0.048 49.952
53 50 0.0048 49.9952
27 50 0.048 49.952
56 50 0.0048 49.9952
69 50 0.048 49.952
53 49.9952 0.0048 49.9904
69 49.952 0.0048 49.9472
69 49.9472 0.16 49.7872
69 49.7872 0.0016 49.7856
61 50 0.048 49.952
57 50 0.0048 49.9952
55 50 0.048 49.952
65 50 0.0048 49.9952
50 50 0.048 49.952
29 50 0.0048 49.9952
52 50 0.048 49.952
28 50 0.048 49.952
54 50 0.048 49.952
29 49.9952 0.0048 49.9904
45 50 0.0048 49.9952
50 49.952 0.0048 49.9472
59 50 0.0048 49.9952
39 50 0.048 49.952
59 49.9952 0.048 49.9472
45 49.9952 0.0048 49.9904
31 50 0.048 49.952
31 49.952 0.0048 49.9472
31 49.9472 0.16 49.7872
31 49.7872 0.0016 49.7856
34 50 0.048 49.952
51 50 0.048 49.952
67 50 0.0048 49.9952
67 49.9952 0.048 49.9472
51 49.952 0.0048 49.9472
33 50 0.048 49.952
53 50 0.0048 49.9952
27 50 0.048 49.952
56 50 0.0048 49.9952
61 50 0.048 49.952
55 50 0.048 49.952
50 50 0.048 49.952
52 50 0.048 49.952
28 50 0.048 49.952
54 50 0.048 49.952
29 50 0.0048 49.9952
45 50 0.0048 49.9952
49 50 0.0048 49.9952
59 50 0.0048 49.9952
45 49.9952 0.048 49.9472
49 49.9952 0.0048 49.9904
39 50 0.048 49.952
59 49.9952 0.048 49.9472
34 50 0.048 49.952
51 50 0.048 49.952
67 50 0.0048 49.9952
67 49.9952 0.048 49.9472
51 49.952 0.0048 49.9472
33 50 0.048 49.952
53 50 0.0048 49.9952
27 50 0.048 49.952
56 50 0.0048 49.9952
61 50 0.048 49.952
55 50 0.048 49.952
50 50 0.048 49.952
52 50 0.048 49.952
28 50 0.048 49.952
41 50 0.048 49.952
54 50 0.048 49.952
54 49.952 0.0048 49.9472
54 49.9472 0.16 49.7872
54 49.7872 0.0016 49.7856
33 50 0.0048 49.9952
45 50 0.0048 49.9952
49 50 0.0048 49.9952
53 50 0.0048 49.9952
59 50 0.0048 49.9952
69 50 0.0048 49.9952
71 50 0.0048 49.9952
45 49.9952 0.048 49.9472
49 49.9952 0.0048 49.9904
59 49.9952 0.0048 49.9904
45 49.9472 0.0048 49.9424
45 49.9424 0.16 49.7824
45 49.7824 0.0016 49.7808
39 50 0.048 49.952
59 49.9904 0.048 49.9424
45 49.7808 0.0048 49.776
34 50 0.048 49.952
51 50 0.048 49.952
67 50 0.0048 49.9952
67 49.9952 0.048 49.9472
51 49.952 0.0048 49.9472
33 49.9952 0.048 49.9472
53 49.9952 0.0048 49.9904
69 50 0.0048 49.9952
27 50 0.048 49.952
47 50 0.0048 49.9952
56 50 0.0048 49.9952
61 50 0.048 49.952
61 49.952 0.0048 49.9472
61 49.9472 0.16 49.7872
61 49.7872 0.0016 49.7856
55 50 0.048 49.952
50 50 0.048 49.952
52 50 0.048 49.952
28 50 0.048 49.952
41 50 0.048 49.952
33 50 0.0048 49.9952
45 49.9338 0.0048 49.929
49 50 0.0048 49.9952
53 50 0.0048 49.9952
59 50 0.0048 49.9952
69 49.9952 0.0048 49.9904
71 50 0.0048 49.9952
39 50 0.048 49.952
59 49.9952 0.048 49.9472
45 49.929 0.0048 49.9242
34 50 0.048 49.952
51 50 0.048 49.952
67 50 0.0048 49.9952
67 49.9952 0.048 49.9472
51 49.952 0.0048 49.9472
73 50 0.048 49.952
33 49.9952 0.048 49.9472
69 50 0.0048 49.9952
27 50 0.048 49.952
47 50 0.0048 49.9952
55 50 0.048 49.952
65 50 0.0048 49.9952
50 50 0.048 49.952
52 50 0.048 49.952
28 50 0.048 49.952
41 50 0.048 49.952
33 50 0.0048 49.9952
45 50 0.0048 49.9952
49 50 0.0048 49.9952
53 50 0.0048 49.9952
69 49.9952 0.0048 49.9904
71 50 0.0048 49.9952
72 50 0.0048 49.9952
39 50 0.048 49.952
59 50 0.048 49.952
34 50 0.048 49.952
51 50 0.048 49.952
67 50 0.0048 49.9952
67 49.9952 0.048 49.9472
51 49.952 0.0048 49.9472
67 49.9472 0.0048 49.9424
67 49.9424 0.16 49.7824
67 49.7824 0.0016 49.7808
73 50 0.048 49.952
33 49.9952 0.048 49.9472
69 50 0.0048 49.9952
27 50 0.048 49.952
55 50 0.048 49.952
50 50 0.048 49.952
52 50 0.048 49.952
28 50 0.048 49.952
28 49.952 0.0048 49.9472
28 49.9472 0.16 49.7872
28 49.7872 0.0016 49.7856
41 50 0.048 49.952
33 50 0.0048 49.9952
53 50 0.0048 49.9952
69 49.9952 0.0048 49.9904
71 50 0.0048 49.9952
72 50 0.0048 49.9952
39 50 0.048 49.952
59 50 0.048 49.952
45 50 0.0048 49.9952
45 49.9952 0.048 49.9472
59 49.952 0.0048 49.9472
59 49.9472 0.16 49.7872
45 49.9472 0.016 49.9312
45 49.9312 0.016 49.9152
59 49.7872 0.0016 49.7856
45 49.9152 0.048 49.8672
49 50 0.0048 49.9952
59 49.7856 0.0048 49.7808
34 50 0.048 49.952
51 50 0.048 49.952
73 50 0.048 49.952
35 50 0.0048 49.9952
35 49.9952 0.048 49.9472
73 49.952 0.0048 49.9472
73 49.9472 0.16 49.7872
35 49.9472 0.016 49.9312
35 49.9312 0.016 49.9152
73 49.7872 0.0016 49.7856
35 49.9152 0.048 49.8672
57 50 0.0048 49.9952
73 49.7856 0.0048 49.7808
33 49.9952 0.048 49.9472
69 50 0.0048 49.9952
71 50 0.0048 49.9952
27 50 0.048 49.952
55 50 0.048 49.952
50 50 0.048 49.952
52 50 0.048 49.952
63 50 0.048 49.952
41 50 0.048 49.952
38 50 0.0048 49.9952
72 50 0.0048 49.9952
39 50 0.048 49.952
45 50 0.048 49.952
49 50 0.0048 49.9952
59 49.9369 0.0048 49.9321
34 50 0.048 49.952
51 50 0.048 49.952
35 50 0.048 49.952
57 50 0.0048 49.9952
68 50 0.0048 49.9952
33 50 0.048 49.952
53 50 0.0048 49.9952
69 50 0.0048 49.9952
71 50 0.0048 49.9952
27 50 0.048 49.952
47 50 0.0048 49.9952
56 50 0.0048 49.9952
55 50 0.048 49.952
65 50 0.0048 49.9952
50 50 0.048 49.952
52 50 0.048 49.952
63 50 0.048 49.952
41 50 0.048 49.952
38 50 0.0048 49.9952
72 50 0.048 49.952
39 50 0.048 49.952
45 50 0.048 49.952
49 50 0.0048 49.9952
34 50 0.048 49.952
51 50 0.048 49.952
67 50 0.0048 49.9952
35 50 0.048 49.952
57 50 0.0048 49.9952
68 50 0.0048 49.9952
73 50 0.0048 49.9952
25 50 0.048 49.952
33 50 0.048 49.952
53 50 0.0048 49.9952
69 50 0.0048 49.9952
71 50 0.0048 49.9952
27 50 0.048 49.952
56 50 0.0048 49.9952
55 50 0.048 49.952
65 50 0.0048 49.9952
55 49.952 0.0048 49.9472
55 49.9472 0.16 49.7872
55 49.7872 0.0016 49.7856
50 50 0.048 49.952
52 50 0.048 49.952
63 50 0.048 49.952
63 49.952 0.0048 49.9472
63 49.9472 0.16 49.7872
63 49.7872 0.0016 49.7856
41 50 0.048 49.952
66 50 0.048 49.952
26 50 0.0048 49.9952
38 50 0.0048 49.9952
72 50 0.048 49.952
39 50 0.048 49.952
45 50 0.048 49.952
49 50 0.0048 49.9952
34 50 0.048 49.952
34 49.952 0.0048 49.9472
34 49.9472 0.16 49.7872
34 49.7872 0.0016 49.7856
51 50 0.048 49.952
67 50 0.0048 49.9952
35 50 0.048 49.952
57 50 0.0048 49.9952
68 50 0.0048 49.9952
73 50 0.0048 49.9952
25 50 0.048 49.952
25 49.952 0.0048 49.9472
25 49.9472 0.16 49.7872
25 49.7872 0.0016 49.7856
33 50 0.048 49.952
53 50 0.0048 49.9952
71 50 0.0048 49.9952
27 50 0.048 49.952
47 50 0.0048 49.9952
56 50 0.0048 49.9952
57 49.9952 0.048 49.9472
35 49.952 0.0048 49.9472
68 50 0.0048 49.9952
50 50 0.048 49.952
29 50 0.0048 49.9952
29 49.9952 0.048 49.9472
50 49.952 0.0048 49.9472
50 49.9472 0.16 49.7872
29 49.9472 0.016 49.9312
29 49.9312 0.016 49.9152
50 49.7872 0.0016 49.7856
29 49.9152 0.048 49.8672
50 49.7856 0.0048 49.7808
52 50 0.048 49.952
41 50 0.048 49.952
66 50 0.048 49.952
26 50 0.0048 49.9952
38 50 0.0048 49.9952
40 50 0.0048 49.9952
43 50 0.0048 49.9952
72 50 0.048 49.952
39 50 0.048 49.952
45 50 0.048 49.952
51 50 0.048 49.952
35 50 0.048 49.952
68 49.9952 0.0048 49.9904
73 50 0.0048 49.9952
33 50 0.048 49.952
53 50 0.0048 49.9952
71 50 0.0048 49.9952
27 50 0.048 49.952
57 50 0.048 49.952
68 50 0.0048 49.9952
29 50 0.048 49.952
52 50 0.048 49.952
41 50 0.048 49.952
66 50 0.048 49.952
26 50 0.0048 49.9952
40 50 0.0048 49.9952
43 50 0.0048 49.9952
72 50 0.048 49.952
39 50 0.048 49.952
45 50 0.048 49.952
51 50 0.048 49.952
35 50 0.048 49.952
57 50 0.0048 49.9952
68 49.9952 0.0048 49.9904
73 50 0.0048 49.9952
33 50 0.048 49.952
53 50 0.0048 49.9952
71 50 0.0048 49.9952
27 50 0.048 49.952
57 49.9952 0.048 49.9472
35 49.952 0.0048 49.9472
68 50 0.0048 49.9952
29 50 0.048 49.952
52 50 0.048 49.952
41 50 0.048 49.952
66 50 0.048 49.952
66 49.952 0.0048 49.9472
66 49.9472 0.16 49.7872
66 49.7872 0.0016 49.7856
26 50 0.0048 49.9952
40 50 0.0048 49.9952
43 50 0.0048 49.9952
44 50 0.048 49.952
44 49.952 0.0048 49.9472
44 49.9472 0.16 49.7872
44 49.7872 0.0016 49.7856
72 50 0.048 49.952
39 50 0.048 49.952
45 50 0.048 49.952
59 50 0.0048 49.9952
51 50 0.048 49.952
35 50 0.048 49.952
57 50 0.0048 49.9952
73 50 0.0048 49.9952
33 50 0.048 49.952
53 50 0.0048 49.9952
71 50 0.0048 49.9952
27 50 0.048 49.952
56 50 0.0048 49.9952
57 49.9952 0.048 49.9472
35 49.952 0.0048 49.9472
29 50 0.048 49.952
52 50 0.048 49.952
41 50 0.048 49.952
40 50 0.0048 49.9952
43 50 0.0048 49.9952
40 49.9952 0.048 49.9472
43 49.9952 0.0048 49.9904
72 50 0.048 49.952
39 50 0.048 49.952
45 50 0.048 49.952
49 50 0.0048 49.9952
51 50 0.048 49.952
67 50 0.0048 49.9952
62 50 0.048 49.952
47 50 0.0048 49.9952
35 50 0.048 49.952
73 50 0.0048 49.9952
33 50 0.048 49.952
53 50 0.0048 49.9952
69 50 0.0048 49.9952
71 50 0.0048 49.9952
27 50 0.048 49.952
57 50 0.048 49.952
68 50 0.0048 49.9952
29 50 0.048 49.952
52 50 0.048 49.952
41 50 0.048 49.952
64 50 0.0048 49.9952
40 50 0.048 49.952
43 50 0.0048 49.9952
40 49.952 0.0048 49.9472
40 49.9472 0.16 49.7872
40 49.7872 0.0016 49.7856
72 50 0.048 49.952
39 50 0.048 49.952
45 50 0.048 49.952
51 50 0.048 49.952
67 50 0.0048 49.9952
51 49.952 0.0048 49.9472
51 49.9472 0.16 49.7872
51 49.7872 0.0016 49.7856
62 50 0.048 49.952
47 50 0.0048 49.9952
35 50 0.048 49.952
68 49.9952 0.0048 49.9904
73 50 0.0048 49.9952
33 50 0.048 49.952
53 50 0.0048 49.9952
33 49.952 0.0048 49.9472
33 49.9472 0.16 49.7872
33 49.7872 0.0016 49.7856
27 50 0.048 49.952
56 50 0.0048 49.9952
57 50 0.048 49.952
61 50 0.0048 49.9952
68 50 0.0048 49.9952
29 50 0.048 49.952
52 50 0.048 49.952
41 50 0.048 49.952
28 50 0.0048 49.9952
64 50 0.0048 49.9952
60 50 0.048 49.952
72 50 0.048 49.952
39 50 0.048 49.952
45 50 0.048 49.952
62 50 0.048 49.952
47 50 0.0048 49.9952
35 50 0.048 49.952
68 49.9952 0.0048 49.9904
73 50 0.0048 49.9952
27 50 0.048 49.952
56 50 0.0048 49.9952
57 50 0.048 49.952
35 49.952 0.0048 49.9472
61 50 0.0048 49.9952
68 50 0.0048 49.9952
29 50 0.048 49.952
52 50 0.048 49.952
41 50 0.048 49.952
28 50 0.0048 49.9952
64 50 0.0048 49.9952
60 50 0.048 49.952
72 50 0.048 49.952
39 50 0.048 49.952
45 50 0.048 49.952
64 49.9952 0.048 49.9472
62 50 0.048 49.952
47 50 0.0048 49.9952
35 50 0.048 49.952
57 50 0.0048 49.9952
68 49.9952 0.0048 49.9904
73 50 0.0048 49.9952
27 50 0.048 49.952
56 50 0.0048 49.9952
27 49.952 0.0048 49.9472
27 49.9472 0.16 49.7872
27 49.7872 0.0016 49.7856
57 49.9952 0.048 49.9472
35 49.952 0.0048 49.9472
68 50 0.0048 49.9952
29 50 0.048 49.952
50 50 0.0048 49.9952
52 50 0.048 49.952
41 50 0.048 49.952
28 50 0.0048 49.9952
44 50 0.0048 49.9952
64 50 0.0048 49.9952
60 50 0.048 49.952
72 50 0.048 49.952
39 50 0.048 49.952
45 50 0.048 49.952
64 49.9952 0.048 49.9472
64 49.9472 0.0048 49.9424
64 49.9424 0.16 49.7824
64 49.7824 0.0016 49.7808
46 50 0.048 49.952
62 50 0.048 49.952
35 50 0.048 49.952
57 50 0.0048 49.9952
68 49.9952 0.0048 49.9904
73 50 0.0048 49.9952
42 50 0.048 49.952
30 50 0.0048 49.9952
57 49.9952 0.048 49.9472
68 50 0.0048 49.9952
57 49.9472 0.0048 49.9424
57 49.9424 0.16 49.7824
57 49.7824 0.0016 49.7808
29 50 0.048 49.952
50 50 0.0048 49.9952
52 50 0.048 49.952
41 50 0.048 49.952
28 50 0.0048 49.9952
44 50 0.0048 49.9952
36 50 0.048 49.952
60 50 0.048 49.952
72 50 0.048 49.952
39 50 0.048 49.952
45 50 0.048 49.952
46 50 0.048 49.952
62 50 0.048 49.952
35 50 0.048 49.952
68 49.9952 0.0048 49.9904
73 50 0.0048 49.9952
42 50 0.048 49.952
30 50 0.0048 49.9952
29 50 0.048 49.952
52 50 0.048 49.952
41 50 0.048 49.952
32 50 0.0048 49.9952
44 50 0.0048 49.9952
66 50 0.0048 49.9952
36 50 0.048 49.952
60 50 0.048 49.952
72 50 0.048 49.952
39 50 0.048 49.952
45 50 0.048 49.952
49 50 0.0048 49.9952
46 50 0.048 49.952
46 49.952 0.0048 49.9472
46 49.9472 0.16 49.7872
46 49.7872 0.0016 49.7856
62 50 0.048 49.952
47 50 0.0048 49.9952
35 50 0.048 49.952
57 50 0.0048 49.9952
68 50 0.0048 49.9952
73 50 0.0048 49.9952
35 49.952 0.0048 49.9472
35 49.9472 0.16 49.7872
35 49.7872 0.0016 49.7856
42 50 0.048 49.952
30 50 0.0048 49.9952
29 50 0.048 49.952
50 50 0.0048 49.9952
52 50 0.048 49.952
67 50 0.0048 49.9952
41 50 0.048 49.952
32 50 0.0048 49.9952
44 50 0.0048 49.9952
66 50 0.0048 49.9952
36 50 0.048 49.952
60 50 0.048 49.952
72 50 0.048 49.952
39 50 0.048 49.952
45 50 0.048 49.952
49 50 0.0048 49.9952
62 50 0.048 49.952
47 50 0.0048 49.9952
43 50 0.048 49.952
40 50 0.0048 49.9952
42 50 0.048 49.952
29 50 0.048 49.952
50 50 0.0048 49.9952
56 50 0.048 49.952
27 50 0.0048 49.9952
52 50 0.048 49.952
52 49.952 0.0048 49.9472
52 49.9472 0.16 49.7872
52 49.7872 0.0016 49.7856
41 50 0.048 49.952
32 50 0.0048 49.9952
66 50 0.0048 49.9952
36 50 0.048 49.952
36 49.952 0.0048 49.9472
36 49.9472 0.16 49.7872
36 49.7872 0.0016 49.7856
60 50 0.048 49.952
72 50 0.048 49.952
39 50 0.048 49.952
48 50 0.0048 49.9952
45 50 0.048 49.952
49 50 0.0048 49.9952
62 50 0.048 49.952
47 50 0.0048 49.9952
43 50 0.048 49.952
40 50 0.0048 49.9952
42 50 0.048 49.952
29 50 0.048 49.952
50 50 0.0048 49.9952
56 50 0.048 49.952
27 50 0.0048 49.9952
41 50 0.048 49.952
53 50 0.048 49.952
33 50 0.0048 49.9952
69 50 0.0048 49.9952
32 50 0.0048 49.9952
37 50 0.0048 49.9952
58 50 0.0048 49.9952
63 50 0.0048 49.9952
66 50 0.0048 49.9952
60 50 0.048 49.952
72 50 0.048 49.952
39 50 0.048 49.952
45 50 0.048 49.952
49 50 0.0048 49.9952
62 50 0.048 49.952
62 49.952 0.0048 49.9472
62 49.9472 0.16 49.7872
62 49.7872 0.0016 49.7856
47 50 0.048 49.952
43 50 0.048 49.952
40 50 0.0048 49.9952
42 50 0.048 49.952
29 50 0.048 49.952
50 50 0.0048 49.9952
56 50 0.048 49.952
27 50 0.0048 49.9952
41 50 0.048 49.952
53 50 0.048 49.952
69 50 0.0048 49.9952
37 50 0.0048 49.9952
41 49.952 0.0048 49.9472
58 50 0.0048 49.9952
63 50 0.0048 49.9952
60 50 0.048 49.952
72 50 0.048 49.952
72 49.952 0.0048 49.9472
72 49.9472 0.16 49.7872
72 49.7872 0.0016 49.7856
39 50 0.048 49.952
48 50 0.0048 49.9952
45 50 0.048 49.952
49 50 0.0048 49.9952
69 50 0.048 49.952
33 50 0.0048 49.9952
69 49.952 0.0048 49.9472
69 49.9472 0.16 49.7872
69 49.7872 0.0016 49.7856
47 50 0.048 49.952
43 50 0.048 49.952
40 50 0.0048 49.9952
42 50 0.048 49.952
29 50 0.048 49.952
56 50 0.048 49.952
27 50 0.0048 49.9952
41 50 0.048 49.952
41 49.952 0.0048 49.9472
41 49.9472 0.16 49.7872
41 49.7872 0.0016 49.7856
53 50 0.048 49.952
37 50 0.0048 49.9952
41 49.7856 0.0048 49.7808
58 50 0.0048 49.9952
63 50 0.0048 49.9952
60 50 0.048 49.952
39 50 0.048 49.952
68 50 0.048 49.952
35 50 0.0048 49.9952
73 50 0.0048 49.9952
45 50 0.048 49.952
45 49.952 0.0048 49.9472
45 49.9472 0.16 49.7872
45 49.7872 0.0016 49.7856
47 50 0.048 49.952
47 49.952 0.0048 49.9472
47 49.9472 0.16 49.7872
47 49.7872 0.0016 49.7856
43 50 0.048 49.952
40 50 0.0048 49.9952
42 50 0.048 49.952
30 50 0.0048 49.9952
29 50 0.048 49.952
56 50 0.048 49.952
27 50 0.0048 49.9952
53 50 0.048 49.952
37 50 0.0048 49.9952
41 50 0.0048 49.9952
51 50 0.0048 49.9952
58 50 0.0048 49.9952
63 50 0.0048 49.9952
67 50 0.0048 49.9952
60 50 0.048 49.952
39 50 0.048 49.952
68 50 0.048 49.952
30 50 0.048 49.952
42 50 0.0048 49.9952
71 50 0.048 49.952
69 50 0.0048 49.9952
71 49.952 0.0048 49.9472
71 49.9472 0.16 49.7872
71 49.7872 0.0016 49.7856
43 50 0.048 49.952
40 50 0.0048 49.9952
42 49.9952 0.048 49.9472
30 49.952 0.0048 49.9472
29 50 0.048 49.952
56 50 0.048 49.952
53 50 0.048 49.952
41 50 0.0048 49.9952
51 50 0.0048 49.9952
52 50 0.0048 49.9952
67 50 0.0048 49.9952
60 50 0.048 49.952
39 50 0.048 49.952
68 50 0.048 49.952
35 50 0.0048 49.9952
57 50 0.0048 49.9952
73 50 0.0048 49.9952
30 50 0.048 49.952
43 50 0.048 49.952
40 50 0.0048 49.9952
42 50 0.048 49.952
42 49.952 0.0048 49.9472
42 49.9472 0.16 49.7872
42 49.7872 0.0016 49.7856
29 50 0.048 49.952
56 50 0.048 49.952
27 50 0.0048 49.9952
53 50 0.048 49.952
53 49.952 0.0048 49.9472
53 49.9472 0.16 49.7872
53 49.7872 0.0016 49.7856
51 50 0.0048 49.9952
52 50 0.0048 49.9952
54 50 0.0048 49.9952
67 50 0.0048 49.9952
60 50 0.048 49.952
60 49.952 0.0048 49.9472
60 49.9472 0.16 49.7872
60 49.7872 0.0016 49.7856
39 50 0.048 49.952
68 50 0.048 49.952
35 50 0.0048 49.9952
57 50 0.0048 49.9952
30 50 0.048 49.952
43 50 0.048 49.952
40 50 0.0048 49.9952
29 50 0.048 49.952
56 50 0.048 49.952
27 50 0.0048 49.9952
56 49.952 0.0048 49.9472
56 49.9472 0.16 49.7872
56 49.7872 0.0016 49.7856
51 50 0.0048 49.9952
52 50 0.0048 49.9952
54 50 0.0048 49.9952
55 50 0.0048 49.9952
65 50 0.0048 49.9952
67 50 0.0048 49.9952
39 50 0.048 49.952
68 50 0.048 49.952
35 50 0.0048 49.9952
30 50 0.048 49.952
43 50 0.048 49.952
40 50 0.0048 49.9952
29 50 0.048 49.952
25 50 0.0048 49.9952
52 50 0.0048 49.9952
54 50 0.0048 49.9952
55 50 0.0048 49.9952
65 50 0.0048 49.9952
39 50 0.048 49.952
68 50 0.048 49.952
35 50 0.0048 49.9952
57 50 0.0048 49.9952
30 50 0.048 49.952
74 50 0.048 49.952
37 50 0.048 49.952
63 50 0.0048 49.9952
43 50 0.048 49.952
40 50 0.0048 49.9952
26 50 0.048 49.952
55 50 0.048 49.952
65 50 0.0048 49.9952
29 50 0.048 49.952
25 50 0.0048 49.9952
54 50 0.0048 49.9952
55 49.952 0.0048 49.9472
65 49.9952 0.0048 49.9904
39 50 0.048 49.952
48 50 0.0048 49.9952
39 49.952 0.0048 49.9472
39 49.9472 0.16 49.7872
39 49.7872 0.0016 49.7856
68 50 0.048 49.952
35 50 0.0048 49.9952
57 50 0.0048 49.9952
73 50 0.0048 49.9952
30 50 0.048 49.952
74 50 0.048 49.952
37 50 0.048 49.952
58 50 0.0048 49.9952
43 50 0.048 49.952
40 50 0.0048 49.9952
43 49.952 0.0048 49.9472
43 49.9472 0.16 49.7872
43 49.7872 0.0016 49.7856
26 50 0.048 49.952
55 50 0.048 49.952
65 50 0.0048 49.9952
73 49.9952 0.048 49.9472
35 49.9952 0.0048 49.9904
35 49.9904 0.048 49.9424
68 50 0.0048 49.9952
73 49.9472 0.0048 49.9424
73 49.9424 0.16 49.7824
35 49.9424 0.016 49.9264
35 49.9264 0.016 49.9104
73 49.7824 0.0016 49.7808
35 49.9104 0.048 49.8624
68 49.9952 0.0048 49.9904
73 49.7808 0.0048 49.776
68 49.9904 0.016 49.9744
61 50 0.048 49.952
29 50 0.048 49.952
25 50 0.0048 49.9952
55 49.952 0.0048 49.9472
65 49.9952 0.0048 49.9904
68 49.9744 0.048 49.9264
35 50 0.0048 49.9952
73 50 0.0048 49.9952
30 50 0.048 49.952
74 50 0.048 49.952
37 50 0.048 49.952
58 50 0.0048 49.9952
26 50 0.048 49.952
26 49.952 0.0048 49.9472
26 49.9472 0.16 49.7872
26 49.7872 0.0016 49.7856
58 49.9952 0.048 49.9472
37 49.952 0.0048 49.9472
55 50 0.048 49.952
65 50 0.0048 49.9952
35 49.9952 0.048 49.9472
68 50 0.0048 49.9952
73 49.9952 0.0048 49.9904
35 49.9472 0.0048 49.9424
35 49.9424 0.16 49.7824
35 49.7824 0.0016 49.7808
61 50 0.048 49.952
29 50 0.048 49.952
29 49.952 0.0048 49.9472
29 49.9472 0.16 49.7872
29 49.7872 0.0016 49.7856
25 50 0.0048 49.9952
68 49.9952 0.048 49.9472
35 50 0.0048 49.9952
73 50 0.0048 49.9952
68 49.9472 0.0048 49.9424
68 49.9424 0.16 49.7824
68 49.7824 0.0016 49.7808
30 50 0.048 49.952
74 50 0.048 49.952
32 50 0.048 49.952
37 50 0.048 49.952
58 50 0.048 49.952
41 50 0.0048 49.9952
41 49.9952 0.048 49.9472
58 49.952 0.0048 49.9472
58 49.9472 0.16 49.7872
41 49.9472 0.016 49.9312
41 49.9312 0.016 49.9152
58 49.7872 0.0016 49.7856
41 49.9152 0.048 49.8672
58 49.7856 0.0048 49.7808
41 49.8672 0.0048 49.8624
41 49.8624 0.16 49.7024
41 49.7024 0.0016 49.7008
55 50 0.048 49.952
65 50 0.0048 49.9952
49 50 0.048 49.952
45 50 0.0048 49.9952
61 50 0.048 49.952
61 49.952 0.0048 49.9472
61 49.9472 0.16 49.7872
61 49.7872 0.0016 49.7856
30 50 0.048 49.952
74 50 0.048 49.952
32 50 0.048 49.952
37 50 0.048 49.952
58 49.9425 0.0048 49.9377
63 50 0.0048 49.9952
38 50 0.048 49.952
38 49.952 0.0048 49.9472
38 49.9472 0.16 49.7872
38 49.7872 0.0016 49.7856
55 50 0.048 49.952
65 50 0.0048 49.9952
49 50 0.048 49.952
45 50 0.0048 49.9952
30 50 0.048 49.952
30 49.952 0.0048 49.9472
30 49.9472 0.16 49.7872
30 49.7872 0.0016 49.7856
74 50 0.048 49.952
32 50 0.048 49.952
37 50 0.048 49.952
55 50 0.048 49.952
65 50 0.0048 49.9952
49 50 0.048 49.952
31 50 0.0048 49.9952
74 50 0.048 49.952
48 50 0.0048 49.9952
32 50 0.048 49.952
37 50 0.048 49.952
58 50 0.0048 49.9952
63 50 0.0048 49.9952
50 50 0.048 49.952
55 50 0.048 49.952
65 50 0.0048 49.9952
49 50 0.048 49.952
59 50 0.0048 49.9952
31 50 0.0048 49.9952
74 50 0.048 49.952
48 50 0.0048 49.9952
61 50 0.0048 49.9952
32 50 0.048 49.952
37 50 0.048 49.952
63 50 0.0048 49.9952
37 49.952 0.0048 49.9472
37 49.9472 0.16 49.7872
37 49.7872 0.0016 49.7856
50 50 0.048 49.952
55 50 0.048 49.952
65 50 0.0048 49.9952
49 50 0.048 49.952
45 50 0.0048 49.9952
59 50 0.0048 49.9952
49 49.952 0.0048 49.9472
49 49.9472 0.16 49.7872
49 49.7872 0.0016 49.7856
44 50 0.048 49.952
31 50 0.0048 49.9952
70 50 0.0048 49.9952
74 50 0.048 49.952
61 50 0.0048 49.9952
32 50 0.048 49.952
50 50 0.048 49.952
50 49.952 0.0048 49.9472
50 49.9472 0.16 49.7872
50 49.7872 0.0016 49.7856
55 50 0.048 49.952
65 50 0.0048 49.9952
70 50 0.048 49.952
44 50 0.048 49.952
27 50 0.0048 49.9952
31 50 0.0048 49.9952
47 50 0.0048 49.9952
62 50 0.0048 49.9952
70 49.952 0.0048 49.9472
74 50 0.048 49.952
48 50 0.0048 49.9952
32 50 0.048 49.952
55 50 0.048 49.952
65 50 0.0048 49.9952
70 50 0.048 49.952
44 50 0.048 49.952
27 50 0.0048 49.9952
30 50 0.0048 49.9952
31 50 0.0048 49.9952
47 50 0.0048 49.9952
56 50 0.0048 49.9952
62 50 0.0048 49.9952
70 49.952 0.0048 49.9472
74 50 0.048 49.952
48 50 0.0048 49.9952
61 50 0.0048 49.9952
32 50 0.048 49.952
55 50 0.048 49.952
65 50 0.0048 49.9952
70 50 0.048 49.952
44 50 0.048 49.952
27 50 0.0048 49.9952
30 50 0.0048 49.9952
42 50 0.0048 49.9952
47 50 0.0048 49.9952
56 50 0.0048 49.9952
60 50 0.0048 49.9952
62 50 0.0048 49.9952
70 49.952 0.0048 49.9472
74 50 0.048 49.952
61 50 0.0048 49.9952
32 50 0.048 49.952
55 50 0.048 49.952
65 50 0.0048 49.9952
70 50 0.048 49.952
44 50 0.048 49.952
48 50 0.048 49.952
39 50 0.0048 49.9952
39 49.9952 0.048 49.9472
61 50 0.0048 49.9952
74 49.952 0.0048 49.9472
48 49.952 0.0048 49.9472
48 49.9472 0.16 49.7872
39 49.9472 0.016 49.9312
39 49.9312 0.016 49.9152
48 49.7872 0.0016 49.7856
39 49.9152 0.048 49.8672
48 49.7856 0.0048 49.7808
61 49.9952 0.016 49.9792
74 49.9472 0.016 49.9312
27 50 0.0048 49.9952
30 50 0.0048 49.9952
42 50 0.0048 49.9952
47 50 0.0048 49.9952
56 50 0.0048 49.9952
60 50 0.0048 49.9952
62 50 0.0048 49.9952
74 50 0.048 49.952
39 50 0.0048 49.9952
48 49.7808 0.0048 49.776
61 49.9792 0.0048 49.9744
32 50 0.048 49.952
67 50 0.048 49.952
51 50 0.0048 49.9952
55 50 0.048 49.952
65 50 0.0048 49.9952
70 50 0.048 49.952
44 50 0.048 49.952
39 49.9952 0.048 49.9472
48 50 0.0048 49.9952
74 49.952 0.0048 49.9472
39 49.9472 0.0048 49.9424
39 49.9424 0.16 49.7824
39 49.7824 0.0016 49.7808
27 50 0.0048 49.9952
30 50 0.0048 49.9952
36 50 0.0048 49.9952
42 50 0.0048 49.9952
56 50 0.0048 49.9952
60 50 0.0048 49.9952
74 50 0.048 49.952
39 50 0.0048 49.9952
39 49.9952 0.048 49.9472
48 49.9952 0.0048 49.9904
61 50 0.0048 49.9952
74 49.952 0.0048 49.9472
74 49.9472 0.16 49.7872
39 49.9472 0.016 49.9312
39 49.9312 0.016 49.9152
74 49.7872 0.0016 49.7856
39 49.9152 0.048 49.8672
48 49.9904 0.0048 49.9856
74 49.7856 0.0048 49.7808
39 49.8672 0.0048 49.8624
39 49.8624 0.16 49.7024
48 49.9856 0.016 49.9696
61 49.9952 0.016 49.9792
39 49.7024 0.0016 49.7008
32 50 0.048 49.952
67 50 0.048 49.952
51 50 0.0048 49.9952
55 50 0.048 49.952
55 49.952 0.0048 49.9472
55 49.9472 0.16 49.7872
55 49.7872 0.0016 49.7856
70 50 0.048 49.952
44 50 0.048 49.952
36 50 0.0048 49.9952
42 50 0.0048 49.9952
60 50 0.0048 49.9952
31 50 0.048 49.952
32 50 0.048 49.952
67 50 0.048 49.952
51 50 0.0048 49.9952
70 50 0.048 49.952
44 50 0.048 49.952
36 50 0.0048 49.9952
73 50 0.0048 49.9952
31 50 0.048 49.952
32 50 0.048 49.952
67 50 0.048 49.952
51 50 0.0048 49.9952
70 50 0.048 49.952
44 50 0.048 49.952
35 50 0.0048 49.9952
36 50 0.0048 49.9952
57 50 0.0048 49.9952
68 50 0.0048 49.9952
73 50 0.0048 49.9952
31 50 0.048 49.952
31 49.952 0.0048 49.9472
31 49.9472 0.16 49.7872
31 49.7872 0.0016 49.7856
32 50 0.048 49.952
67 50 0.048 49.952
52 50 0.048 49.952
70 50 0.048 49.952
44 50 0.048 49.952
35 50 0.0048 49.9952
57 50 0.0048 49.9952
61 50 0.0048 49.9952
68 50 0.0048 49.9952
73 50 0.0048 49.9952
74 50 0.0048 49.9952
32 50 0.048 49.952
51 50 0.048 49.952
67 50 0.0048 49.9952
67 49.9952 0.048 49.9472
51 49.952 0.0048 49.9472
52 50 0.048 49.952
70 50 0.048 49.952
44 50 0.048 49.952
35 50 0.0048 49.9952
39 50 0.0048 49.9952
48 50 0.0048 49.9952
57 50 0.0048 49.9952
61 50 0.0048 49.9952
68 50 0.0048 49.9952
73 50 0.0048 49.9952
74 50 0.0048 49.9952
45 50 0.048 49.952
32 50 0.048 49.952
34 50 0.048 49.952
34 49.952 0.0048 49.9472
34 49.9472 0.16 49.7872
34 49.7872 0.0016 49.7856
51 50 0.048 49.952
67 50 0.0048 49.9952
67 49.9952 0.048 49.9472
51 49.952 0.0048 49.9472
52 50 0.048 49.952
70 50 0.048 49.952
44 50 0.048 49.952
25 50 0.048 49.952
55 50 0.0048 49.9952
35 50 0.0048 49.9952
39 50 0.0048 49.9952
48 50 0.0048 49.9952
57 50 0.0048 49.9952
61 50 0.0048 49.9952
68 50 0.0048 49.9952
73 50 0.0048 49.9952
74 50 0.0048 49.9952
45 50 0.048 49.952
32 50 0.048 49.952
32 49.952 0.0048 49.9472
32 49.9472 0.16 49.7872
32 49.7872 0.0016 49.7856
51 50 0.048 49.952
67 50 0.0048 49.9952
27 50 0.048 49.952
27 49.952 0.0048 49.9472
27 49.9472 0.16 49.7872
27 49.7872 0.0016 49.7856
67 49.9952 0.048 49.9472
51 49.952 0.0048 49.9472
66 50 0.048 49.952
32 50 0.0048 49.9952
52 50 0.048 49.952
70 50 0.048 49.952
44 50 0.048 49.952
35 50 0.048 49.952
57 50 0.0048 49.9952
68 50 0.0048 49.9952
35 49.952 0.0048 49.9472
35 49.9472 0.16 49.7872
35 49.7872 0.0016 49.7856
25 50 0.048 49.952
55 50 0.0048 49.9952
39 50 0.0048 49.9952
46 50 0.0048 49.9952
48 50 0.0048 49.9952
61 50 0.0048 49.9952
74 50 0.0048 49.9952
45 50 0.048 49.952
65 50 0.048 49.952
51 50 0.048 49.952
67 50 0.0048 49.9952
67 49.9952 0.048 49.9472
51 49.952 0.0048 49.9472
66 50 0.048 49.952
66 49.952 0.0048 49.9472
66 49.9472 0.16 49.7872
66 49.7872 0.0016 49.7856
52 50 0.048 49.952
70 50 0.048 49.952
69 50 0.048 49.952
71 50 0.0048 49.9952
44 50 0.048 49.952
44 49.952 0.0048 49.9472
44 49.9472 0.16 49.7872
44 49.7872 0.0016 49.7856
25 50 0.048 49.952
34 50 0.0048 49.9952
39 50 0.0048 49.9952
46 50 0.0048 49.9952
48 50 0.0048 49.9952
45 50 0.048 49.952
49 50 0.0048 49.9952
65 50 0.048 49.952
51 50 0.048 49.952
67 50 0.0048 49.9952
67 49.9952 0.048 49.9472
51 49.952 0.0048 49.9472
52 50 0.048 49.952
52 49.952 0.0048 49.9472
52 49.9472 0.16 49.7872
52 49.7872 0.0016 49.7856
70 50 0.048 49.952
54 50 0.048 49.952
69 50 0.048 49.952
71 50 0.0048 49.9952
69 49.952 0.0048 49.9472
69 49.9472 0.16 49.7872
69 49.7872 0.0016 49.7856
25 50 0.048 49.952
34 50 0.0048 49.9952
46 50 0.0048 49.9952
50 50 0.0048 49.9952
63 50 0.048 49.952
45 50 0.048 49.952
65 50 0.048 49.952
51 50 0.048 49.952
67 50 0.0048 49.9952
67 49.9952 0.048 49.9472
51 49.952 0.0048 49.9472
70 50 0.048 49.952
54 50 0.048 49.952
25 50 0.048 49.952
29 50 0.0048 49.9952
34 50 0.0048 49.9952
46 50 0.0048 49.9952
50 50 0.0048 49.9952
59 50 0.048 49.952
63 50 0.048 49.952
63 49.952 0.0048 49.9472
63 49.9472 0.16 49.7872
63 49.7872 0.0016 49.7856
45 50 0.048 49.952
45 49.952 0.0048 49.9472
45 49.9472 0.16 49.7872
45 49.7872 0.0016 49.7856
65 50 0.048 49.952
51 50 0.048 49.952
67 50 0.048 49.952
70 50 0.048 49.952
54 50 0.048 49.952
71 50 0.048 49.952
33 50 0.0048 49.9952
69 50 0.0048 49.9952
71 49.952 0.0048 49.9472
71 49.9472 0.16 49.7872
71 49.7872 0.0016 49.7856
25 50 0.048 49.952
29 50 0.0048 49.9952
34 50 0.0048 49.9952
50 50 0.0048 49.9952
28 50 0.048 49.952
59 50 0.048 49.952
65 50 0.048 49.952
55 50 0.0048 49.9952
51 50 0.048 49.952
52 50 0.0048 49.9952
52 49.9952 0.048 49.9472
51 49.952 0.0048 49.9472
51 49.9472 0.16 49.7872
52 49.9472 0.016 49.9312
52 49.9312 0.016 49.9152
51 49.7872 0.0016 49.7856
52 49.9152 0.048 49.8672
51 49.7856 0.0048 49.7808
67 50 0.048 49.952
33 50 0.048 49.952
71 50 0.0048 49.9952
33 49.952 0.0048 49.9472
33 49.9472 0.16 49.7872
33 49.7872 0.0016 49.7856
70 50 0.048 49.952
54 50 0.048 49.952
25 50 0.048 49.952
55 50 0.0048 49.9952
29 50 0.0048 49.9952
45 50 0.0048 49.9952
49 50 0.0048 49.9952
50 50 0.0048 49.9952
59 50 0.0048 49.9952
28 50 0.048 49.952
59 49.9952 0.048 49.9472
65 50 0.048 49.952
30 50 0.048 49.952
42 50 0.0048 49.9952
42 49.9952 0.048 49.9472
56 50 0.0048 49.9952
30 49.952 0.0048 49.9472
30 49.9472 0.16 49.7872
42 49.9472 0.016 49.9312
42 49.9312 0.016 49.9152
30 49.7872 0.0016 49.7856
42 49.9152 0.048 49.8672
30 49.7856 0.0048 49.7808
56 49.9952 0.016 49.9792
52 50 0.048 49.952
51 50 0.0048 49.9952
67 50 0.048 49.952
70 50 0.048 49.952
54 50 0.048 49.952
25 50 0.048 49.952
55 50 0.0048 49.9952
29 50 0.0048 49.9952
45 50 0.0048 49.9952
49 50 0.0048 49.9952
53 50 0.0048 49.9952
59 50 0.0048 49.9952
69 50 0.0048 49.9952
71 50 0.0048 49.9952
28 50 0.048 49.952
38 50 0.048 49.952
59 49.9952 0.048 49.9472
65 50 0.048 49.952
55 49.9952 0.0048 49.9904
42 50 0.048 49.952
30 50 0.0048 49.9952
52 50 0.048 49.952
67 50 0.048 49.952
70 50 0.048 49.952
54 50 0.048 49.952
54 49.952 0.0048 49.9472
54 49.9472 0.16 49.7872
54 49.7872 0.0016 49.7856
25 50 0.048 49.952
55 50 0.0048 49.9952
33 50 0.0048 49.9952
45 50 0.0048 49.9952
49 50 0.0048 49.9952
53 50 0.0048 49.9952
59 50 0.0048 49.9952
69 50 0.0048 49.9952
71 50 0.0048 49.9952
28 50 0.048 49.952
38 50 0.048 49.952
59 49.9952 0.048 49.9472
41 50 0.048 49.952
65 50 0.048 49.952
42 50 0.048 49.952
52 50 0.048 49.952
51 50 0.0048 49.9952
67 50 0.048 49.952
51 49.9952 0.0048 49.9904
70 50 0.048 49.952
70 49.952 0.0048 49.9472
70 49.9472 0.16 49.7872
70 49.7872 0.0016 49.7856
25 50 0.048 49.952
33 50 0.0048 49.9952
45 50 0.0048 49.9952
49 50 0.0048 49.9952
53 50 0.0048 49.9952
69 50 0.0048 49.9952
71 50 0.0048 49.9952
72 50 0.0048 49.9952
28 50 0.048 49.952
38 50 0.048 49.952
59 50 0.048 49.952
41 50 0.048 49.952
65 50 0.048 49.952
42 50 0.048 49.952
52 50 0.048 49.952
40 50 0.048 49.952
43 50 0.0048 49.9952
67 50 0.048 49.952
51 50 0.0048 49.9952
56 50 0.048 49.952
25 50 0.048 49.952
33 50 0.0048 49.9952
45 50 0.0048 49.9952
53 50 0.0048 49.9952
69 50 0.0048 49.9952
71 50 0.0048 49.9952
72 50 0.0048 49.9952
53 49.9952 0.048 49.9472
69 49.9952 0.0048 49.9904
28 50 0.048 49.952
28 49.952 0.0048 49.9472
28 49.9472 0.16 49.7872
28 49.7872 0.0016 49.7856
38 50 0.048 49.952
59 50 0.048 49.952
41 50 0.048 49.952
41 49.952 0.0048 49.9472
41 49.9472 0.16 49.7872
41 49.7872 0.0016 49.7856
65 50 0.048 49.952
42 50 0.048 49.952
30 50 0.0048 49.9952
52 50 0.048 49.952
40 50 0.048 49.952
43 50 0.0048 49.9952
67 50 0.048 49.952
51 50 0.0048 49.9952
67 49.952 0.0048 49.9472
67 49.9472 0.16 49.7872
67 49.7872 0.0016 49.7856
56 50 0.048 49.952
25 50 0.048 49.952
55 50 0.0048 49.9952
33 50 0.0048 49.9952
38 50 0.0048 49.9952
72 50 0.0048 49.9952
53 50 0.048 49.952
69 50 0.0048 49.9952
53 49.952 0.0048 49.9472
53 49.9472 0.16 49.7872
53 49.7872 0.0016 49.7856
57 50 0.048 49.952
35 50 0.0048 49.9952
68 50 0.0048 49.9952
38 49.9952 0.048 49.9472
59 50 0.048 49.952
59 49.952 0.0048 49.9472
59 49.9472 0.16 49.7872
59 49.7872 0.0016 49.7856
65 50 0.048 49.952
42 50 0.048 49.952
30 50 0.0048 49.9952
56 49.952 0.0048 49.9472
52 50 0.048 49.952
40 50 0.048 49.952
43 50 0.0048 49.9952
56 50 0.048 49.952
30 49.9952 0.0048 49.9904
60 50 0.048 49.952
47 50 0.048 49.952
62 50 0.0048 49.9952
29 50 0.048 49.952
25 50 0.048 49.952
55 50 0.0048 49.9952
38 50 0.0048 49.9952
72 50 0.0048 49.9952
57 50 0.048 49.952
35 50 0.0048 49.9952
68 50 0.0048 49.9952
38 49.9952 0.048 49.9472
65 50 0.048 49.952
42 50 0.048 49.952
30 50 0.0048 49.9952
52 50 0.048 49.952
67 50 0.0048 49.9952
40 50 0.048 49.952
43 50 0.0048 49.9952
56 50 0.048 49.952
30 49.9952 0.0048 49.9904
60 50 0.048 49.952
47 50 0.048 49.952
62 50 0.0048 49.9952
29 50 0.048 49.952
64 50 0.048 49.952
25 50 0.048 49.952
55 50 0.0048 49.9952
26 50 0.0048 49.9952
38 50 0.0048 49.9952
57 50 0.048 49.952
35 50 0.0048 49.9952
57 49.952 0.0048 49.9472
57 49.9472 0.16 49.7872
57 49.7872 0.0016 49.7856
38 49.9952 0.048 49.9472
38 49.9472 0.0048 49.9424
38 49.9424 0.16 49.7824
38 49.7824 0.0016 49.7808
65 50 0.048 49.952
42 50 0.048 49.952
30 50 0.0048 49.9952
52 50 0.048 49.952
51 50 0.0048 49.9952
40 50 0.048 49.952
43 50 0.0048 49.9952
56 50 0.048 49.952
30 49.9952 0.0048 49.9904
60 50 0.048 49.952
47 50 0.048 49.952
62 50 0.0048 49.9952
29 50 0.048 49.952
64 50 0.048 49.952
25 50 0.048 49.952
55 50 0.0048 49.9952
26 50 0.0048 49.9952
38 50 0.0048 49.9952
65 50 0.048 49.952
42 50 0.048 49.952
30 50 0.0048 49.9952
52 50 0.048 49.952
40 50 0.048 49.952
43 50 0.0048 49.9952
56 50 0.048 49.952
30 49.9952 0.0048 49.9904
60 50 0.048 49.952
47 50 0.048 49.952
62 50 0.0048 49.9952
29 50 0.048 49.952
64 50 0.048 49.952
25 50 0.048 49.952
55 50 0.0048 49.9952
26 50 0.0048 49.9952
40 50 0.0048 49.9952
43 50 0.0048 49.9952
65 50 0.048 49.952
55 49.9952 0.0048 49.9904
42 50 0.048 49.952
56 49.952 0.0048 49.9472
52 50 0.048 49.952
67 50 0.0048 49.9952
40 49.9952 0.048 49.9472
56 50 0.048 49.952
30 50 0.0048 49.9952
42 49.952 0.0048 49.9472
60 50 0.048 49.952
47 50 0.048 49.952
29 50 0.048 49.952
64 50 0.048 49.952
64 49.952 0.0048 49.9472
64 49.9472 0.16 49.7872
64 49.7872 0.0016 49.7856
58 50 0.048 49.952
37 50 0.0048 49.9952
41 50 0.0048 49.9952
41 49.9952 0.048 49.9472
58 49.952 0.0096 49.9424
58 49.9424 0.16 49.7824
58 49.7824 0.0016 49.7808
25 50 0.048 49.952
55 50 0.0048 49.9952
25 49.952 0.0048 49.9472
25 49.9472 0.16 49.7872
25 49.7872 0.0016 49.7856
26 50 0.0048 49.9952
40 50 0.0048 49.9952
43 50 0.0048 49.9952
74 50 0.048 49.952
61 50 0.0048 49.9952
65 50 0.048 49.952
42 50 0.048 49.952
56 49.952 0.0048 49.9472
52 50 0.048 49.952
67 50 0.0048 49.9952
40 49.9952 0.048 49.9472
56 50 0.048 49.952
30 50 0.0048 49.9952
42 49.952 0.0048 49.9472
60 50 0.048 49.952
55 50 0.048 49.952
25 49.9879 0.0048 49.9831
25 49.9831 0.048 49.9351
55 49.952 0.0048 49.9472
55 49.9472 0.16 49.7872
25 49.9351 0.016 49.9191
25 49.9191 0.016 49.9031
55 49.7872 0.0016 49.7856
25 49.9031 0.048 49.8551
55 49.7856 0.0048 49.7808
47 50 0.048 49.952
29 50 0.048 49.952
36 50 0.048 49.952
40 50 0.0048 49.9952
43 50 0.0048 49.9952
74 50 0.048 49.952
61 50 0.0048 49.9952
65 50 0.048 49.952
42 50 0.048 49.952
30 50 0.0048 49.9952
56 49.952 0.0048 49.9472
52 50 0.048 49.952
40 49.9952 0.048 49.9472
56 50 0.048 49.952
30 49.9952 0.0048 49.9904
42 49.952 0.0048 49.9472
60 50 0.048 49.952
25 50 0.048 49.952
47 50 0.048 49.952
29 50 0.048 49.952
36 50 0.048 49.952
40 50 0.0048 49.9952
43 50 0.0048 49.9952
62 50 0.048 49.952
39 50 0.048 49.952
48 50 0.0048 49.9952
61 50 0.0048 49.9952
74 50 0.048 49.952
65 50 0.048 49.952
42 50 0.048 49.952
30 50 0.0048 49.9952
56 49.952 0.0048 49.9472
42 49.952 0.0048 49.9472
42 49.9472 0.16 49.7872
42 49.7872 0.0016 49.7856
52 50 0.048 49.952
51 50 0.0048 49.9952
67 50 0.0048 49.9952
40 49.9952 0.048 49.9472
56 50 0.048 49.952
30 49.9952 0.0048 49.9904
42 49.7856 0.0048 49.7808
42 49.7808 0.048 49.7328
56 49.952 0.0048 49.9472
56 49.9472 0.16 49.7872
30 49.9904 0.016 49.9744
42 49.7328 0.016 49.7168
42 49.7168 0.016 49.7008
56 49.7872 0.0016 49.7856
42 49.7008 0.048 49.6528
30 49.9744 0.0048 49.9696
56 49.7856 0.0048 49.7808
42 49.6528 0.0048 49.648
42 49.648 0.16 49.488
42 49.488 0.0016 49.4864
60 50 0.048 49.952
25 50 0.048 49.952
47 50 0.048 49.952
62 49.952 0.0048 49.9472
29 50 0.048 49.952
36 50 0.048 49.952
48 50 0.048 49.952
39 50 0.0048 49.9952
61 50 0.0048 49.9952
28 50 0.0048 49.9952
64 50 0.0048 49.9952
62 50 0.048 49.952
47 49.952 0.0048 49.9472
46 50 0.048 49.952
39 49.9952 0.048 49.9472
48 49.952 0.0048 49.9472
61 49.9952 0.0048 49.9904
74 50 0.048 49.952
65 50 0.048 49.952
52 50 0.048 49.952
51 50 0.0048 49.9952
52 49.952 0.0048 49.9472
52 49.9472 0.16 49.7872
52 49.7872 0.0016 49.7856
40 50 0.048 49.952
43 50 0.0048 49.9952
60 50 0.048 49.952
25 50 0.048 49.952
47 50 0.048 49.952
62 49.952 0.0048 49.9472
29 50 0.048 49.952
36 50 0.048 49.952
43 50 0.048 49.952
40 49.952 0.0048 49.9472
48 50 0.048 49.952
39 50 0.0048 49.9952
61 50 0.0048 49.9952
28 50 0.0048 49.9952
64 50 0.0048 49.9952
62 50 0.048 49.952
47 49.952 0.0048 49.9472
46 50 0.048 49.952
39 49.9952 0.048 49.9472
48 49.952 0.0048 49.9472
61 49.9952 0.0048 49.9904
74 50 0.048 49.952
65 50 0.048 49.952
55 50 0.0048 49.9952
40 50 0.048 49.952
43 49.952 0.0048 49.9472
40 49.952 0.0048 49.9472
40 49.9472 0.16 49.7872
40 49.7872 0.0016 49.7856
61 50 0.048 49.952
48 49.9472 0.0048 49.9424
60 50 0.048 49.952
25 50 0.048 49.952
47 50 0.048 49.952
62 49.952 0.0048 49.9472
47 49.952 0.0048 49.9472
47 49.9472 0.16 49.7872
47 49.7872 0.0016 49.7856
29 50 0.048 49.952
36 50 0.048 49.952
43 50 0.048 49.952
40 49.7856 0.0048 49.7808
48 50 0.048 49.952
39 50 0.0048 49.9952
61 49.952 0.0048 49.9472
28 50 0.0048 49.9952
44 50 0.0048 49.9952
64 50 0.0048 49.9952
62 50 0.048 49.952
47 49.7856 0.0048 49.7808
46 50 0.048 49.952
39 49.9952 0.048 49.9472
48 49.952 0.0048 49.9472
37 50 0.048 49.952
41 50 0.0048 49.9952
41 49.9952 0.048 49.9472
37 49.952 0.0048 49.9472
37 49.9472 0.16 49.7872
41 49.9472 0.016 49.9312
41 49.9312 0.016 49.9152
37 49.7872 0.0016 49.7856
41 49.9152 0.048 49.8672
37 49.7856 0.0048 49.7808
58 50 0.0048 49.9952
74 50 0.048 49.952
65 50 0.048 49.952
55 50 0.0048 49.9952
65 49.952 0.0048 49.9472
65 49.9472 0.16 49.7872
65 49.7872 0.0016 49.7856
61 50 0.048 49.952
60 50 0.048 49.952
25 50 0.048 49.952
29 50 0.048 49.952
26 50 0.048 49.952
36 50 0.048 49.952
43 50 0.048 49.952
40 50 0.0048 49.9952
48 50 0.048 49.952
39 50 0.0048 49.9952
28 50 0.0048 49.9952
44 50 0.0048 49.9952
62 50 0.048 49.952
47 50 0.0048 49.9952
46 50 0.048 49.952
39 49.9952 0.048 49.9472
48 49.952 0.0048 49.9472
41 50 0.048 49.952
37 50 0.0048 49.9952
58 50 0.0048 49.9952
41 49.952 0.0048 49.9472
41 49.9472 0.16 49.7872
41 49.7872 0.0016 49.7856
74 50 0.048 49.952
61 50 0.048 49.952
60 50 0.048 49.952
25 50 0.048 49.952
29 50 0.048 49.952
26 50 0.048 49.952
36 50 0.048 49.952
43 50 0.048 49.952
48 50 0.048 49.952
39 50 0.0048 49.9952
44 50 0.0048 49.9952
66 50 0.0048 49.9952
62 50 0.048 49.952
47 50 0.0048 49.9952
46 50 0.048 49.952
39 49.9952 0.048 49.9472
48 49.952 0.0048 49.9472
74 50 0.048 49.952
61 50 0.048 49.952
48 49.9472 0.0048 49.9424
60 50 0.048 49.952
25 50 0.048 49.952
29 50 0.048 49.952
26 50 0.048 49.952
36 50 0.048 49.952
43 50 0.048 49.952
48 50 0.048 49.952
61 49.952 0.0048 49.9472
32 50 0.0048 49.9952
44 50 0.0048 49.9952
66 50 0.0048 49.9952
62 50 0.048 49.952
47 50 0.0048 49.9952
46 50 0.048 49.952
39 50 0.048 49.952
74 50 0.048 49.952
61 49.9472 0.0048 49.9424
72 50 0.048 49.952
61 50 0.048 49.952
48 49.952 0.0048 49.9472
74 49.952 0.0048 49.9472
61 49.952 0.0048 49.9472
61 49.9472 0.16 49.7872
61 49.7872 0.0016 49.7856
60 50 0.048 49.952
25 50 0.048 49.952
29 50 0.048 49.952
26 50 0.048 49.952
36 50 0.048 49.952
43 50 0.048 49.952
48 50 0.048 49.952
61 49.7856 0.0048 49.7808
32 50 0.0048 49.9952
66 50 0.0048 49.9952
42 50 0.048 49.952
62 50 0.048 49.952
47 50 0.0048 49.9952
46 50 0.048 49.952
39 50 0.048 49.952
68 50 0.048 49.952
35 50 0.0048 49.9952
57 50 0.0048 49.9952
74 50 0.048 49.952
72 50 0.048 49.952
60 50 0.048 49.952
25 50 0.048 49.952
29 50 0.048 49.952
26 50 0.048 49.952
36 50 0.048 49.952
43 50 0.048 49.952
48 50 0.048 49.952
61 50 0.0048 49.9952
32 50 0.0048 49.9952
63 50 0.0048 49.9952
66 50 0.0048 49.9952
42 50 0.048 49.952
30 50 0.0048 49.9952
62 50 0.048 49.952
46 50 0.048 49.952
39 50 0.048 49.952
61 49.9952 0.0048 49.9904
45 50 0.048 49.952
68 50 0.048 49.952
35 50 0.0048 49.9952
74 50 0.048 49.952
72 50 0.048 49.952
31 50 0.048 49.952
60 50 0.048 49.952
25 50 0.048 49.952
29 50 0.048 49.952
26 50 0.048 49.952
36 50 0.048 49.952
63 49.9952 0.048 49.9472
43 50 0.048 49.952
43 49.952 0.0048 49.9472
43 49.9472 0.16 49.7872
43 49.7872 0.0016 49.7856
48 50 0.048 49.952
61 50 0.0048 49.9952
32 50 0.0048 49.9952
37 50 0.0048 49.9952
41 50 0.0048 49.9952
58 50 0.0048 49.9952
63 50 0.0048 49.9952
42 50 0.048 49.952
30 50 0.0048 49.9952
62 50 0.048 49.952
46 50 0.048 49.952
39 50 0.048 49.952
61 49.9952 0.0048 49.9904
45 50 0.048 49.952
45 49.952 0.0048 49.9472
45 49.9472 0.16 49.7872
45 49.7872 0.0016 49.7856
68 50 0.048 49.952
35 50 0.0048 49.9952
57 50 0.0048 49.9952
74 50 0.048 49.952
72 50 0.048 49.952
31 50 0.048 49.952
60 50 0.048 49.952
25 50 0.048 49.952
29 50 0.048 49.952
26 50 0.048 49.952
36 50 0.048 49.952
36 49.952 0.0048 49.9472
36 49.9472 0.16 49.7872
36 49.7872 0.0016 49.7856
63 49.9952 0.048 49.9472
48 50 0.048 49.952
61 50 0.0048 49.9952
37 50 0.0048 49.9952
41 50 0.0048 49.9952
58 50 0.0048 49.9952
63 50 0.0048 49.9952
42 50 0.048 49.952
62 50 0.048 49.952
46 50 0.048 49.952
39 50 0.048 49.952
61 49.9952 0.0048 49.9904
68 50 0.048 49.952
74 50 0.048 49.952
72 50 0.048 49.952
31 50 0.048 49.952
31 49.952 0.0048 49.9472
31 49.9472 0.16 49.7872
31 49.7872 0.0016 49.7856
60 50 0.048 49.952
25 50 0.048 49.952
25 49.952 0.0048 49.9472
25 49.9472 0.16 49.7872
25 49.7872 0.0016 49.7856
29 50 0.048 49.952
26 50 0.048 49.952
63 49.9952 0.048 49.9472
48 50 0.048 49.952
39 50 0.0048 49.9952
61 50 0.0048 49.9952
37 50 0.0048 49.9952
41 50 0.0048 49.9952
58 50 0.0048 49.9952
63 50 0.0048 49.9952
42 50 0.048 49.952
56 50 0.0048 49.9952
62 50 0.048 49.952
47 50 0.0048 49.9952
46 50 0.048 49.952
39 49.9952 0.048 49.9472
48 49.952 0.0048 49.9472
61 49.9952 0.0048 49.9904
68 50 0.048 49.952
35 50 0.0048 49.9952
57 50 0.0048 49.9952
74 50 0.048 49.952
72 50 0.048 49.952
60 50 0.048 49.952
29 50 0.048 49.952
26 50 0.048 49.952
26 49.952 0.0048 49.9472
26 49.9472 0.16 49.7872
26 49.7872 0.0016 49.7856
63 49.9952 0.048 49.9472
48 50 0.048 49.952
39 50 0.0048 49.9952
61 50 0.0048 49.9952
37 50 0.0048 49.9952
41 50 0.0048 49.9952
51 50 0.0048 49.9952
52 50 0.0048 49.9952
58 50 0.0048 49.9952
67 50 0.0048 49.9952
42 50 0.048 49.952
62 50 0.048 49.952
47 50 0.0048 49.9952
46 50 0.048 49.952
39 49.9952 0.048 49.9472
48 49.952 0.0048 49.9472
61 49.9952 0.0048 49.9904
68 50 0.048 49.952
35 50 0.0048 49.9952
57 50 0.0048 49.9952
74 50 0.048 49.952
72 50 0.048 49.952
73 50 0.048 49.952
60 50 0.048 49.952
29 50 0.048 49.952
49 50 0.048 49.952
63 50 0.048 49.952
48 50 0.048 49.952
39 50 0.0048 49.9952
51 50 0.0048 49.9952
52 50 0.0048 49.9952
67 50 0.0048 49.9952
42 50 0.048 49.952
42 49.952 0.0048 49.9472
42 49.9472 0.16 49.7872
42 49.7872 0.0016 49.7856
62 50 0.048 49.952
46 50 0.048 49.952
39 49.9952 0.048 49.9472
61 50 0.0048 49.9952
68 50 0.048 49.952
35 50 0.0048 49.9952
57 50 0.0048 49.9952
