0 2368
0 2369
0 2370
0 2371
0 2372
0 2373
0 2374
0 2375
0 2376
0 2377
0 2378
0 2379
0 2380
0 2381
0 2382
0 2383
0 2384
0 2385
0 2388
0 2390
49 2386
13 2386
14 2386
15 2386
16 2386
17 2386
18 2386
19 2386
20 2386
21 2386
22 2386
23 2386
24 2386
0 2394
0 2396
28 2397
14 2397
15 2397
16 2397
17 2397
18 2397
19 2397
20 2397
21 2397
22 2397
23 2397
24 2397
73 2391
3 2391
2 2391
1 2391
36 2399
0 2400
29 2399
20 2399
21 2399
22 2399
23 2399
24 2399
0 2404
0 2407
26 2387
24 2387
67 2403
16 2403
17 2403
18 2403
19 2403
20 2403
21 2403
22 2403
23 2403
24 2403
0 2408
54 2392
6 2392
5 2392
4 2392
3 2392
2 2392
1 2392
34 2395
16 2395
17 2395
18 2395
19 2395
20 2395
21 2395
22 2395
23 2395
24 2395
68 2406
0 2413
72 2411
23 2411
24 2411
0 2414
30 2398
20 2398
21 2398
22 2398
23 2398
24 2398
60 2412
20 2412
21 2412
22 2412
23 2412
24 2412
0 2416
61 2409
24 2409
29 2406
23 2406
24 2406
41 2401
3 2401
2 2401
1 2401
0 2420
0 2422
77 2402
10 2402
9 2402
8 2402
7 2402
6 2402
5 2402
4 2402
3 2402
2 2402
1 2402
0 2423
76 2405
13 2405
14 2405
15 2405
16 2405
17 2405
18 2405
19 2405
20 2405
21 2405
22 2405
23 2405
24 2405
82 2425
13 2425
14 2425
15 2425
16 2425
17 2425
18 2425
19 2425
20 2425
21 2425
22 2425
23 2425
24 2425
0 2427
39 2428
52 2418
20 2418
21 2418
22 2418
23 2418
24 2418
53 2419
1 2419
75 2393
20 2393
21 2393
22 2393
23 2393
24 2393
0 2429
44 2410
13 2410
14 2410
15 2410
16 2410
17 2410
18 2410
19 2410
20 2410
21 2410
22 2410
23 2410
24 2410
0 2432
74 2430
11 2430
10 2430
9 2430
8 2430
7 2430
6 2430
5 2430
4 2430
3 2430
2 2430
1 2430
0 2434
84 2424
16 2424
17 2424
18 2424
19 2424
20 2424
21 2424
22 2424
23 2424
24 2424
0 2436
33 2417
5 2417
4 2417
3 2417
2 2417
1 2417
0 2441
31 2435
1 2435
65 2438
2 2438
1 2438
0 2444
78 2448
18 2448
19 2448
20 2448
21 2448
22 2448
23 2448
24 2448
0 2449
45 2447
12 2447
11 2447
10 2447
9 2447
8 2447
7 2447
6 2447
5 2447
4 2447
3 2447
2 2447
1 2447
46 2454
9 2454
8 2454
7 2454
6 2454
5 2454
4 2454
3 2454
2 2454
1 2454
0 2455
62 2426
22 2426
23 2426
24 2426
70 2451
14 2451
15 2451
16 2451
17 2451
18 2451
19 2451
20 2451
21 2451
22 2451
23 2451
24 2451
25 2453
17 2453
18 2453
19 2453
20 2453
21 2453
22 2453
23 2453
24 2453
0 2458
40 2456
11 2456
10 2456
9 2456
8 2456
7 2456
6 2456
5 2456
4 2456
3 2456
2 2456
1 2456
80 2459
57 2415
15 2415
16 2415
17 2415
18 2415
19 2415
20 2415
21 2415
22 2415
23 2415
24 2415
83 2457
7 2457
6 2457
5 2457
4 2457
3 2457
2 2457
1 2457
81 2440
13 2440
14 2440
15 2440
16 2440
17 2440
18 2440
19 2440
20 2440
21 2440
22 2440
23 2440
24 2440
63 2443
19 2443
20 2443
21 2443
22 2443
23 2443
24 2443
0 2461
48 2439
19 2439
20 2439
21 2439
22 2439
23 2439
24 2439
51 2431
6 2431
5 2431
4 2431
3 2431
2 2431
1 2431
0 2463
38 2421
11 2421
10 2421
9 2421
8 2421
7 2421
6 2421
5 2421
4 2421
3 2421
2 2421
1 2421
36 2462
5 2462
4 2462
3 2462
2 2462
1 2462
0 2466
43 2442
13 2442
14 2442
15 2442
16 2442
17 2442
18 2442
19 2442
20 2442
21 2442
22 2442
23 2442
24 2442
55 2389
15 2389
16 2389
17 2389
18 2389
19 2389
20 2389
21 2389
22 2389
23 2389
24 2389
29 2468
0 2471
56 2464
5 2464
4 2464
3 2464
2 2464
1 2464
65 2468
6 2468
5 2468
4 2468
3 2468
2 2468
1 2468
66 2469
18 2469
19 2469
20 2469
21 2469
22 2469
23 2469
24 2469
0 2474
71 2433
10 2433
9 2433
8 2433
7 2433
6 2433
5 2433
4 2433
3 2433
2 2433
1 2433
37 2473
0 2476
64 2472
9 2472
8 2472
7 2472
6 2472
5 2472
4 2472
3 2472
2 2472
1 2472
0 2477
32 2428
20 2428
21 2428
22 2428
23 2428
24 2428
79 2437
12 2437
11 2437
10 2437
9 2437
8 2437
7 2437
6 2437
5 2437
4 2437
3 2437
2 2437
1 2437
0 2482
59 2446
14 2446
15 2446
16 2446
17 2446
18 2446
19 2446
20 2446
21 2446
22 2446
23 2446
24 2446
0 2483
53 2459
11 2459
10 2459
9 2459
8 2459
7 2459
6 2459
5 2459
4 2459
3 2459
2 2459
1 2459
0 2485
44 2473
23 2473
24 2473
0 2487
0 2489
67 2488
6 2488
5 2488
4 2488
3 2488
2 2488
1 2488
41 2481
16 2481
17 2481
18 2481
19 2481
20 2481
21 2481
22 2481
23 2481
24 2481
0 2490
49 2450
6 2450
5 2450
4 2450
3 2450
2 2450
1 2450
26 2484
15 2484
16 2484
17 2484
18 2484
19 2484
20 2484
21 2484
22 2484
23 2484
24 2484
42 2452
11 2452
10 2452
9 2452
8 2452
7 2452
6 2452
5 2452
4 2452
3 2452
2 2452
1 2452
0 2491
0 2492
0 2494
0 2496
0 2497
30 2500
12 2500
11 2500
10 2500
9 2500
8 2500
7 2500
6 2500
5 2500
4 2500
3 2500
2 2500
1 2500
0 2502
27 2445
11 2445
10 2445
9 2445
8 2445
7 2445
6 2445
5 2445
4 2445
3 2445
2 2445
1 2445
73 2486
23 2486
24 2486
0 2505
60 2503
12 2503
11 2503
10 2503
9 2503
8 2503
7 2503
6 2503
5 2503
4 2503
3 2503
2 2503
1 2503
0 2507
34 2501
10 2501
9 2501
8 2501
7 2501
6 2501
5 2501
4 2501
3 2501
2 2501
1 2501
0 2510
76 2504
5 2504
4 2504
3 2504
2 2504
1 2504
47 2470
23 2470
24 2470
0 2512
0 2516
75 2517
12 2517
11 2517
10 2517
9 2517
8 2517
7 2517
6 2517
5 2517
4 2517
3 2517
2 2517
1 2517
0 2519
0 2522
68 2525
65 2525
18 2525
19 2525
20 2525
21 2525
22 2525
23 2525
24 2525
39 2526
6 2526
5 2526
4 2526
3 2526
2 2526
1 2526
37 2515
6 2515
5 2515
4 2515
3 2515
2 2515
1 2515
84 2518
8 2518
7 2518
6 2518
5 2518
4 2518
3 2518
2 2518
1 2518
0 2527
79 2528
22 2528
23 2528
24 2528
0 2530
0 2532
44 2513
7 2513
6 2513
5 2513
4 2513
3 2513
2 2513
1 2513
82 2533
8 2533
7 2533
6 2533
5 2533
4 2533
3 2533
2 2533
1 2533
54 2531
4 2531
3 2531
2 2531
1 2531
35 2460
14 2460
15 2460
16 2460
17 2460
18 2460
19 2460
20 2460
21 2460
22 2460
23 2460
24 2460
28 2506
14 2506
15 2506
16 2506
17 2506
18 2506
19 2506
20 2506
21 2506
22 2506
23 2506
24 2506
0 2535
72 2499
21 2499
22 2499
23 2499
24 2499
58 2475
24 2475
69 2465
8 2465
7 2465
6 2465
5 2465
4 2465
3 2465
2 2465
1 2465
61 2493
21 2493
22 2493
23 2493
24 2493
0 2537
65 2529
20 2529
21 2529
22 2529
23 2529
24 2529
62 2511
14 2511
15 2511
16 2511
17 2511
18 2511
19 2511
20 2511
21 2511
22 2511
23 2511
24 2511
29 2538
33 2539
0 2540
50 2467
15 2467
16 2467
17 2467
18 2467
19 2467
20 2467
21 2467
22 2467
23 2467
24 2467
0 2542
57 2543
7 2543
6 2543
5 2543
4 2543
3 2543
2 2543
1 2543
0 2546
26 2539
0 2548
0 2550
67 2547
17 2547
18 2547
19 2547
20 2547
21 2547
22 2547
23 2547
24 2547
74 2508
8 2508
7 2508
6 2508
5 2508
4 2508
3 2508
2 2508
1 2508
0 2553
32 2551
11 2551
10 2551
9 2551
8 2551
7 2551
6 2551
5 2551
4 2551
3 2551
2 2551
1 2551
0 2554
55 2541
8 2541
7 2541
6 2541
5 2541
4 2541
3 2541
2 2541
1 2541
0 2555
81 2514
8 2514
7 2514
6 2514
5 2514
4 2514
3 2514
2 2514
1 2514
43 2509
7 2509
6 2509
5 2509
4 2509
3 2509
2 2509
1 2509
0 2557
49 2549
19 2549
20 2549
21 2549
22 2549
23 2549
24 2549
71 2559
3 2559
2 2559
1 2559
0 2560
64 2558
2 2558
1 2558
65 2538
36 2556
40 2563
0 2564
63 2523
15 2523
16 2523
17 2523
18 2523
19 2523
20 2523
21 2523
22 2523
23 2523
24 2523
31 2536
0 2567
25 2562
14 2562
15 2562
16 2562
17 2562
18 2562
19 2562
20 2562
21 2562
22 2562
23 2562
24 2562
45 2524
10 2524
9 2524
8 2524
7 2524
6 2524
5 2524
4 2524
3 2524
2 2524
1 2524
38 2566
7 2566
6 2566
5 2566
4 2566
3 2566
2 2566
1 2566
77 2552
12 2552
11 2552
10 2552
9 2552
8 2552
7 2552
6 2552
5 2552
4 2552
3 2552
2 2552
1 2552
0 2568
80 2520
3 2520
2 2520
1 2520
52 2495
22 2495
23 2495
24 2495
0 2569
47 2563
9 2563
8 2563
7 2563
6 2563
5 2563
4 2563
3 2563
2 2563
1 2563
0 2571
56 2565
1 2565
42 2544
2 2544
1 2544
48 2545
17 2545
18 2545
19 2545
20 2545
21 2545
22 2545
23 2545
24 2545
0 2572
70 2561
13 2561
14 2561
15 2561
16 2561
17 2561
18 2561
19 2561
20 2561
21 2561
22 2561
23 2561
24 2561
0 2574
46 2570
9 2570
8 2570
7 2570
6 2570
5 2570
4 2570
3 2570
2 2570
1 2570
27 2573
0 2576
51 2575
5 2575
4 2575
3 2575
2 2575
1 2575
68 2578
0 2579
0 2582
0 2583
33 2584
9 2584
8 2584
7 2584
6 2584
5 2584
4 2584
3 2584
2 2584
1 2584
0 2586
78 2498
21 2498
22 2498
23 2498
24 2498
0 2588
0 2590
53 2534
8 2534
7 2534
6 2534
5 2534
4 2534
3 2534
2 2534
1 2534
61 2592
8 2592
7 2592
6 2592
5 2592
4 2592
3 2592
2 2592
1 2592
0 2595
83 2521
10 2521
9 2521
8 2521
7 2521
6 2521
5 2521
4 2521
3 2521
2 2521
1 2521
66 2580
19 2580
20 2580
21 2580
22 2580
23 2580
24 2580
73 2593
17 2593
18 2593
19 2593
20 2593
21 2593
22 2593
23 2593
24 2593
0 2601
26 2602
65 2591
9 2591
8 2591
7 2591
6 2591
5 2591
4 2591
3 2591
2 2591
1 2591
41 2596
14 2596
15 2596
16 2596
17 2596
18 2596
19 2596
20 2596
21 2596
22 2596
23 2596
24 2596
59 2587
14 2587
15 2587
16 2587
17 2587
18 2587
19 2587
20 2587
21 2587
22 2587
23 2587
24 2587
0 2604
60 2581
0 2605
37 2585
23 2585
24 2585
0 2606
40 2608
0 2610
0 2612
0 2614
83 2602
15 2602
16 2602
17 2602
18 2602
19 2602
20 2602
21 2602
22 2602
23 2602
24 2602
45 2615
21 2615
22 2615
23 2615
24 2615
25 2611
50 2603
6 2603
5 2603
4 2603
3 2603
2 2603
1 2603
79 2589
16 2589
17 2589
18 2589
19 2589
20 2589
21 2589
22 2589
23 2589
24 2589
27 2581
9 2581
8 2581
7 2581
6 2581
5 2581
4 2581
3 2581
2 2581
1 2581
54 2594
22 2594
23 2594
24 2594
0 2618
75 2613
7 2613
6 2613
5 2613
4 2613
3 2613
2 2613
1 2613
30 2607
10 2607
9 2607
8 2607
7 2607
6 2607
5 2607
4 2607
3 2607
2 2607
1 2607
47 2608
19 2608
20 2608
21 2608
22 2608
23 2608
24 2608
48 2616
2 2616
1 2616
0 2621
34 2619
7 2619
6 2619
5 2619
4 2619
3 2619
2 2619
1 2619
84 2620
3 2620
2 2620
1 2620
32 2609
1 2609
0 2623
56 2624
12 2624
11 2624
10 2624
9 2624
8 2624
7 2624
6 2624
5 2624
4 2624
3 2624
2 2624
1 2624
0 2625
0 2627
29 2622
14 2622
15 2622
16 2622
17 2622
18 2622
19 2622
20 2622
21 2622
22 2622
23 2622
24 2622
35 2628
0 2629
58 2630
0 2633
79 2630
19 2630
20 2630
21 2630
22 2630
23 2630
24 2630
28 2634
10 2634
9 2634
8 2634
7 2634
6 2634
5 2634
4 2634
3 2634
2 2634
1 2634
47 2631
22 2631
23 2631
24 2631
76 2632
4 2632
3 2632
2 2632
1 2632
63 2626
5 2626
4 2626
3 2626
2 2626
1 2626
0 2635
0 2638
69 2639
39 2577
4 2577
3 2577
2 2577
1 2577
82 2599
5 2599
4 2599
3 2599
2 2599
1 2599
62 2636
10 2636
9 2636
8 2636
7 2636
6 2636
5 2636
4 2636
3 2636
2 2636
1 2636
0 2642
31 2640
16 2640
17 2640
18 2640
19 2640
20 2640
21 2640
22 2640
23 2640
24 2640
38 2641
23 2641
24 2641
0 2644
0 2647
67 2628
12 2628
11 2628
10 2628
9 2628
8 2628
7 2628
6 2628
5 2628
4 2628
3 2628
2 2628
1 2628
0 2651
83 2648
21 2648
22 2648
23 2648
24 2648
0 2654
52 2656
14 2656
15 2656
16 2656
17 2656
18 2656
19 2656
20 2656
21 2656
22 2656
23 2656
24 2656
0 2657
57 2617
0 2659
0 2661
55 2652
4 2652
3 2652
2 2652
1 2652
81 2637
4 2637
3 2637
2 2637
1 2637
0 2662
0 2664
44 2646
9 2646
8 2646
7 2646
6 2646
5 2646
4 2646
3 2646
2 2646
1 2646
0 2665
73 2663
5 2663
4 2663
3 2663
2 2663
1 2663
74 2650
7 2650
6 2650
5 2650
4 2650
3 2650
2 2650
1 2650
0 2668
25 2639
10 2639
9 2639
8 2639
7 2639
6 2639
5 2639
4 2639
3 2639
2 2639
1 2639
53 2658
23 2658
24 2658
77 2617
8 2617
7 2617
6 2617
5 2617
4 2617
3 2617
2 2617
1 2617
0 2671
54 2669
7 2669
6 2669
5 2669
4 2669
3 2669
2 2669
1 2669
49 2666
17 2666
18 2666
19 2666
20 2666
21 2666
22 2666
23 2666
24 2666
42 2578
22 2578
23 2578
24 2578
0 2672
67 2655
17 2655
18 2655
19 2655
20 2655
21 2655
22 2655
23 2655
24 2655
36 2670
23 2670
24 2670
71 2660
72 2653
24 2653
0 2674
50 2677
18 2677
19 2677
20 2677
21 2677
22 2677
23 2677
24 2677
0 2678
70 2675
9 2675
8 2675
7 2675
6 2675
5 2675
4 2675
3 2675
2 2675
1 2675
0 2681
80 2682
1 2682
40 2683
6 2683
5 2683
4 2683
3 2683
2 2683
1 2683
0 2684
0 2685
43 2645
8 2645
7 2645
6 2645
5 2645
4 2645
3 2645
2 2645
1 2645
0 2686
61 2679
2 2679
1 2679
26 2660
4 2660
3 2660
2 2660
1 2660
0 2689
59 2680
6 2680
5 2680
4 2680
3 2680
2 2680
1 2680
0 2691
0 2693
27 2673
24 2673
0 2696
46 2688
8 2688
7 2688
6 2688
5 2688
4 2688
3 2688
2 2688
1 2688
51 2667
4 2667
3 2667
2 2667
1 2667
0 2697
0 2699
0 2700
47 2698
33 2692
7 2692
6 2692
5 2692
4 2692
3 2692
2 2692
1 2692
0 2703
40 2698
11 2698
10 2698
9 2698
8 2698
7 2698
6 2698
5 2698
4 2698
3 2698
2 2698
1 2698
