31 1338 2.31764
26 1340 2.44813
42 1343 2.6639
27 1345 2.70371
35 1348 2.97206
43 1352 3.25227
36 1354 3.33357
29 1357 3.5343
34 1359 3.59575
37 1363 3.87707
33 1365 4.04688
39 1367 4.09839
44 1369 4.18286
25 1371 4.37045
38 1374 4.50813
28 1376 4.58668
41 1377 4.63037
30 1378 4.64372
40 1382 4.88025
32 1383 4.91606
26 1387 5.20022
27 1396 6.02418
31 1397 6.05312
37 1401 6.29716
42 1405 6.66402
35 1408 6.78344
34 1409 6.8601
43 1411 6.88451
36 1418 7.51649
40 1419 7.55613
44 1428 8.36123
33 1430 8.43129
27 1432 8.51935
31 1434 8.59482
39 1437 8.82373
29 1439 8.91387
38 1442 9.13843
30 1443 9.15303
28 1445 9.22492
32 1449 9.51373
36 1450 9.5399
25 1453 9.68322
43 1454 9.72678
42 1456 9.84727
37 1458 9.96307
35 1465 10.5232
26 1469 10.7861
41 1471 10.91
34 1474 11.1674
40 1481 11.6926
44 1484 11.9299
31 1487 12.0886
39 1491 12.4734
33 1495 12.7397
30 1500 13.1078
29 1501 13.1479
25 1506 13.5186
38 1510 13.8392
27 1513 13.9922
41 1514 14.0203
42 1515 14.0507
35 1520 14.42
32 1521 14.4657
26 1522 14.4693
43 1524 14.5419
28 1526 14.6153
33 1529 14.7952
