0 2054
0 2055
0 2056
0 2057
0 2058
0 2059
0 2060
0 2061
0 2062
0 2063
0 2064
0 2065
0 2066
0 2067
0 2068
0 2069
0 2070
0 2071
0 2072
56 2074
7 2074
6 2074
5 2074
4 2074
3 2074
2 2074
1 2074
0 2077
33 2073
24 2073
0 2079
68 2076
5 2076
4 2076
3 2076
2 2076
1 2076
0 2084
49 2080
1 2080
61 2081
5 2081
4 2081
3 2081
2 2081
1 2081
0 2086
58 2082
65 2083
14 2083
15 2083
16 2083
17 2083
18 2083
19 2083
20 2083
21 2083
22 2083
23 2083
24 2083
0 2088
0 2094
64 2078
22 2078
23 2078
24 2078
0 2096
41 2090
18 2090
19 2090
20 2090
21 2090
22 2090
23 2090
24 2090
0 2098
51 2089
17 2089
18 2089
19 2089
20 2089
21 2089
22 2089
23 2089
24 2089
0 2101
28 2099
22 2099
23 2099
24 2099
35 2097
8 2097
7 2097
6 2097
5 2097
4 2097
3 2097
2 2097
1 2097
70 2100
12 2100
11 2100
10 2100
9 2100
8 2100
7 2100
6 2100
5 2100
4 2100
3 2100
2 2100
1 2100
0 2103
25 2104
16 2104
17 2104
18 2104
19 2104
20 2104
21 2104
22 2104
23 2104
24 2104
34 2106
6 2106
5 2106
4 2106
3 2106
2 2106
1 2106
48 2102
8 2102
7 2102
6 2102
5 2102
4 2102
3 2102
2 2102
1 2102
0 2107
72 2105
3 2105
2 2105
1 2105
37 2082
20 2082
21 2082
22 2082
23 2082
24 2082
69 2085
4 2085
3 2085
2 2085
1 2085
0 2110
45 2075
5 2075
4 2075
3 2075
2 2075
1 2075
47 2092
13 2092
14 2092
15 2092
16 2092
17 2092
18 2092
19 2092
20 2092
21 2092
22 2092
23 2092
24 2092
0 2112
32 2109
22 2109
23 2109
24 2109
0 2114
30 2108
13 2108
14 2108
15 2108
16 2108
17 2108
18 2108
19 2108
20 2108
21 2108
22 2108
23 2108
24 2108
73 2091
11 2091
10 2091
9 2091
8 2091
7 2091
6 2091
5 2091
4 2091
3 2091
2 2091
1 2091
0 2118
37 2119
22 2119
23 2119
24 2119
46 2120
9 2120
8 2120
7 2120
6 2120
5 2120
4 2120
3 2120
2 2120
1 2120
0 2121
57 2124
0 2126
27 2122
15 2122
16 2122
17 2122
18 2122
19 2122
20 2122
21 2122
22 2122
23 2122
24 2122
52 2113
21 2113
22 2113
23 2113
24 2113
59 2093
8 2093
7 2093
6 2093
5 2093
4 2093
3 2093
2 2093
1 2093
0 2127
31 2125
17 2125
18 2125
19 2125
20 2125
21 2125
22 2125
23 2125
24 2125
0 2128
63 2111
24 2111
0 2129
61 2124
13 2124
14 2124
15 2124
16 2124
17 2124
18 2124
19 2124
20 2124
21 2124
22 2124
23 2124
24 2124
0 2132
55 2131
22 2131
23 2131
24 2131
0 2133
0 2135
53 2137
44 2117
3 2117
2 2117
1 2117
0 2139
69 2137
10 2137
9 2137
8 2137
7 2137
6 2137
5 2137
4 2137
3 2137
2 2137
1 2137
39 2095
14 2095
15 2095
16 2095
17 2095
18 2095
19 2095
20 2095
21 2095
22 2095
23 2095
24 2095
0 2140
66 2138
3 2138
2 2138
1 2138
0 2143
42 2123
19 2123
20 2123
21 2123
22 2123
23 2123
24 2123
0 2144
43 2145
8 2145
7 2145
6 2145
5 2145
4 2145
3 2145
2 2145
1 2145
40 2087
8 2087
7 2087
6 2087
5 2087
4 2087
3 2087
2 2087
1 2087
0 2147
71 2148
62 2115
0 2151
60 2136
20 2136
21 2136
22 2136
23 2136
24 2136
67 2146
2 2146
1 2146
47 2115
21 2115
22 2115
23 2115
24 2115
36 2150
19 2150
20 2150
21 2150
22 2150
23 2150
24 2150
0 2152
33 2148
13 2148
14 2148
15 2148
16 2148
17 2148
18 2148
19 2148
20 2148
21 2148
22 2148
23 2148
24 2148
74 2149
17 2149
18 2149
19 2149
20 2149
21 2149
22 2149
23 2149
24 2149
32 2158
7 2158
6 2158
5 2158
4 2158
3 2158
2 2158
1 2158
0 2159
26 2134
12 2134
11 2134
10 2134
9 2134
8 2134
7 2134
6 2134
5 2134
4 2134
3 2134
2 2134
1 2134
0 2160
0 2162
68 2163
21 2163
22 2163
23 2163
24 2163
0 2164
49 2154
17 2154
18 2154
19 2154
20 2154
21 2154
22 2154
23 2154
24 2154
0 2166
47 2165
46 2161
20 2161
21 2161
22 2161
23 2161
24 2161
0 2167
0 2170
35 2169
23 2169
24 2169
0 2174
0 2176
48 2175
23 2175
24 2175
38 2142
17 2142
18 2142
19 2142
20 2142
21 2142
22 2142
23 2142
24 2142
0 2178
29 2141
21 2141
22 2141
23 2141
24 2141
30 2171
2 2171
1 2171
0 2181
0 2184
64 2182
15 2182
16 2182
17 2182
18 2182
19 2182
20 2182
21 2182
22 2182
23 2182
24 2182
0 2186
37 2183
0 2187
58 2183
12 2183
11 2183
10 2183
9 2183
8 2183
7 2183
6 2183
5 2183
4 2183
3 2183
2 2183
1 2183
0 2189
56 2180
5 2180
4 2180
3 2180
2 2180
1 2180
0 2191
0 2194
65 2177
11 2177
10 2177
9 2177
8 2177
7 2177
6 2177
5 2177
4 2177
3 2177
2 2177
1 2177
0 2195
70 2196
7 2196
6 2196
5 2196
4 2196
3 2196
2 2196
1 2196
69 2168
23 2168
24 2168
0 2199
31 2197
8 2197
7 2197
6 2197
5 2197
4 2197
3 2197
2 2197
1 2197
0 2201
54 2130
13 2130
14 2130
15 2130
16 2130
17 2130
18 2130
19 2130
20 2130
21 2130
22 2130
23 2130
24 2130
0 2204
45 2202
61 2188
4 2188
3 2188
2 2188
1 2188
0 2205
0 2207
67 2192
15 2192
16 2192
17 2192
18 2192
19 2192
20 2192
21 2192
22 2192
23 2192
24 2192
28 2173
20 2173
21 2173
22 2173
23 2173
24 2173
0 2208
59 2200
73 2206
0 2210
0 2211
55 2179
15 2179
16 2179
17 2179
18 2179
19 2179
20 2179
21 2179
22 2179
23 2179
24 2179
63 2209
18 2209
19 2209
20 2209
21 2209
22 2209
23 2209
24 2209
0 2215
34 2185
5 2185
4 2185
3 2185
2 2185
1 2185
25 2213
15 2213
16 2213
17 2213
18 2213
19 2213
20 2213
21 2213
22 2213
23 2213
24 2213
50 2116
0 2217
0 2218
66 2214
21 2214
22 2214
23 2214
24 2214
0 2219
44 2220
22 2220
23 2220
24 2220
0 2221
0 2224
40 2222
1 2222
51 2155
19 2155
20 2155
21 2155
22 2155
23 2155
24 2155
33 2193
5 2193
4 2193
3 2193
2 2193
1 2193
0 2225
0 2227
27 2198
14 2198
15 2198
16 2198
17 2198
18 2198
19 2198
20 2198
21 2198
22 2198
23 2198
24 2198
0 2229
64 2228
1 2228
57 2216
11 2216
10 2216
9 2216
8 2216
7 2216
6 2216
5 2216
4 2216
3 2216
2 2216
1 2216
0 2232
0 2234
46 2230
10 2230
9 2230
8 2230
7 2230
6 2230
5 2230
4 2230
3 2230
2 2230
1 2230
35 2206
12 2206
11 2206
10 2206
9 2206
8 2206
7 2206
6 2206
5 2206
4 2206
3 2206
2 2206
1 2206
0 2235
52 2172
22 2172
23 2172
24 2172
0 2238
36 2233
14 2233
15 2233
16 2233
17 2233
18 2233
19 2233
20 2233
21 2233
22 2233
23 2233
24 2233
0 2240
62 2223
17 2223
18 2223
19 2223
20 2223
21 2223
22 2223
23 2223
24 2223
0 2242
72 2212
8 2212
7 2212
6 2212
5 2212
4 2212
3 2212
2 2212
1 2212
69 2243
9 2243
8 2243
7 2243
6 2243
5 2243
4 2243
3 2243
2 2243
1 2243
41 2203
0 2244
45 2200
10 2200
9 2200
8 2200
7 2200
6 2200
5 2200
4 2200
3 2200
2 2200
1 2200
47 2241
18 2241
19 2241
20 2241
21 2241
22 2241
23 2241
24 2241
0 2246
71 2248
10 2248
9 2248
8 2248
7 2248
6 2248
5 2248
4 2248
3 2248
2 2248
1 2248
0 2249
42 2231
18 2231
19 2231
20 2231
21 2231
22 2231
23 2231
24 2231
53 2239
11 2239
10 2239
9 2239
8 2239
7 2239
6 2239
5 2239
4 2239
3 2239
2 2239
1 2239
0 2250
60 2226
18 2226
19 2226
20 2226
21 2226
22 2226
23 2226
24 2226
56 2237
19 2237
20 2237
21 2237
22 2237
23 2237
24 2237
0 2251
0 2252
0 2257
39 2190
16 2190
17 2190
18 2190
19 2190
20 2190
21 2190
22 2190
23 2190
24 2190
43 2236
9 2236
8 2236
7 2236
6 2236
5 2236
4 2236
3 2236
2 2236
1 2236
73 2258
0 2260
26 2255
10 2255
9 2255
8 2255
7 2255
6 2255
5 2255
4 2255
3 2255
2 2255
1 2255
35 2258
18 2258
19 2258
20 2258
21 2258
22 2258
23 2258
24 2258
29 2116
15 2116
16 2116
17 2116
18 2116
19 2116
20 2116
21 2116
22 2116
23 2116
24 2116
0 2262
68 2245
18 2245
19 2245
20 2245
21 2245
22 2245
23 2245
24 2245
58 2261
41 2261
4 2261
3 2261
2 2261
1 2261
61 2259
18 2259
19 2259
20 2259
21 2259
22 2259
23 2259
24 2259
38 2266
12 2266
11 2266
10 2266
9 2266
8 2266
7 2266
6 2266
5 2266
4 2266
3 2266
2 2266
1 2266
30 2247
22 2247
23 2247
24 2247
0 2268
0 2270
37 2254
6 2254
5 2254
4 2254
3 2254
2 2254
1 2254
49 2264
16 2264
17 2264
18 2264
19 2264
20 2264
21 2264
22 2264
23 2264
24 2264
0 2272
50 2269
18 2269
19 2269
20 2269
21 2269
22 2269
23 2269
24 2269
0 2274
0 2275
0 2276
48 2277
0 2278
39 2277
22 2277
23 2277
24 2277
0 2280
74 2253
39 2253
22 2253
23 2253
24 2253
55 2256
6 2256
5 2256
4 2256
3 2256
2 2256
1 2256
0 2281
0 2283
0 2284
31 2282
4 2282
3 2282
2 2282
1 2282
0 2286
0 2288
34 2290
23 2290
24 2290
0 2292
32 2263
13 2263
14 2263
15 2263
16 2263
17 2263
18 2263
19 2263
20 2263
21 2263
22 2263
23 2263
24 2263
27 2293
4 2293
3 2293
2 2293
1 2293
35 2295
1 2295
0 2296
66 2294
14 2294
15 2294
16 2294
17 2294
18 2294
19 2294
20 2294
21 2294
22 2294
23 2294
24 2294
44 2271
15 2271
16 2271
17 2271
18 2271
19 2271
20 2271
21 2271
22 2271
23 2271
24 2271
0 2299
52 2285
11 2285
10 2285
9 2285
8 2285
7 2285
6 2285
5 2285
4 2285
3 2285
2 2285
1 2285
69 2298
22 2298
23 2298
24 2298
0 2301
0 2303
63 2302
14 2302
15 2302
16 2302
17 2302
18 2302
19 2302
20 2302
21 2302
22 2302
23 2302
24 2302
45 2289
23 2289
24 2289
71 2305
23 2305
24 2305
0 2306
51 2287
33 2308
23 2308
24 2308
0 2309
30 2310
0 2311
54 2300
13 2300
14 2300
15 2300
16 2300
17 2300
18 2300
19 2300
20 2300
21 2300
22 2300
23 2300
24 2300
0 2313
70 2273
9 2273
8 2273
7 2273
6 2273
5 2273
4 2273
3 2273
2 2273
1 2273
0 2315
0 2318
28 2307
20 2307
21 2307
22 2307
23 2307
24 2307
41 2314
16 2314
17 2314
18 2314
19 2314
20 2314
21 2314
22 2314
23 2314
24 2314
67 2279
15 2279
16 2279
17 2279
18 2279
19 2279
20 2279
21 2279
22 2279
23 2279
24 2279
0 2320
53 2319
1 2319
59 2304
2 2304
1 2304
0 2325
0 2327
57 2321
7 2321
6 2321
5 2321
4 2321
3 2321
2 2321
1 2321
38 2312
0 2328
0 2329
64 2326
23 2326
24 2326
58 2330
19 2330
20 2330
21 2330
22 2330
23 2330
24 2330
25 2291
16 2291
17 2291
18 2291
19 2291
20 2291
21 2291
22 2291
23 2291
24 2291
0 2331
55 2333
0 2335
0 2336
42 2310
12 2310
11 2310
10 2310
9 2310
8 2310
7 2310
6 2310
5 2310
4 2310
3 2310
2 2310
1 2310
56 2317
42 2317
12 2317
11 2317
10 2317
9 2317
8 2317
7 2317
6 2317
5 2317
4 2317
3 2317
2 2317
1 2317
0 2340
52 2287
19 2287
20 2287
21 2287
22 2287
23 2287
24 2287
0 2343
40 2316
2 2316
1 2316
47 2323
14 2323
15 2323
16 2323
17 2323
18 2323
19 2323
20 2323
21 2323
22 2323
23 2323
24 2323
0 2345
37 2346
65 2297
19 2297
20 2297
21 2297
22 2297
23 2297
24 2297
0 2348
41 2346
22 2346
23 2346
24 2346
0 2349
0 2350
61 2344
12 2344
11 2344
10 2344
9 2344
8 2344
7 2344
6 2344
5 2344
4 2344
3 2344
2 2344
1 2344
0 2352
0 2355
43 2342
5 2342
4 2342
3 2342
2 2342
1 2342
0 2359
45 2356
9 2356
8 2356
7 2356
6 2356
5 2356
4 2356
3 2356
2 2356
1 2356
36 2334
15 2334
16 2334
17 2334
18 2334
19 2334
20 2334
21 2334
22 2334
23 2334
24 2334
0 2360
31 2357
19 2357
20 2357
21 2357
22 2357
23 2357
24 2357
25 2333
22 2333
23 2333
24 2333
0 2361
26 2347
7 2347
6 2347
5 2347
4 2347
3 2347
2 2347
1 2347
0 2362
0 2365
42 2353
18 2353
19 2353
20 2353
21 2353
22 2353
23 2353
24 2353
