31 1156 2.4116
27 1162 2.92204
28 1170 3.53418
33 1174 3.92005
32 1176 4.0019
30 1179 4.14542
29 1181 4.23172
26 1182 4.24836
25 1184 4.40537
34 1186 4.45089
31 1203 6.11451
27 1208 6.45566
28 1211 6.64566
32 1217 7.16589
26 1223 7.67497
30 1225 7.78035
34 1230 8.16496
25 1236 8.64723
29 1239 8.87567
28 1241 9.02496
33 1243 9.09343
26 1265 11.1294
31 1266 11.1384
29 1272 11.6334
27 1273 11.642
28 1274 11.6829
34 1282 12.3559
32 1286 12.6665
30 1292 13.219
26 1301 13.9832
33 1303 14.1092
31 1307 14.3343
29 1308 14.3436
