25 1797 2.13145
47 1799 2.23553
49 1800 2.28186
55 1802 2.34177
51 1803 2.35024
48 1805 2.44358
26 1807 2.55857
54 1808 2.57583
62 1810 2.63104
57 1813 2.79667
42 1815 2.9088
64 1816 2.9137
58 1817 2.94352
41 1819 3.02037
46 1821 3.15808
61 1823 3.23811
32 1827 3.54021
28 1828 3.5466
27 1830 3.61068
52 1831 3.66446
35 1832 3.66913
60 1833 3.67781
44 1835 3.74498
30 1836 3.74761
37 1837 3.7539
45 1838 3.77725
38 1840 3.85566
53 1842 3.89317
36 1844 3.99146
33 1845 4.03485
31 1848 4.24764
63 1850 4.29687
56 1851 4.32823
43 1852 4.36975
50 1854 4.3944
40 1856 4.52871
29 1857 4.57656
59 1860 4.72624
34 1863 4.92607
39 1865 4.99267
60 1875 5.98469
42 1877 6.01234
46 1879 6.15676
35 1881 6.27556
38 1884 6.40865
47 1885 6.42125
63 1886 6.44032
25 1888 6.58416
62 1890 6.59791
37 1892 6.69013
26 1893 6.74847
61 1894 6.74917
54 1896 6.85985
33 1898 6.93903
36 1900 7.02169
55 1902 7.16982
48 1905 7.32842
51 1906 7.35834
28 1908 7.39905
32 1911 7.60655
52 1912 7.68147
49 1914 7.71273
27 1915 7.73666
59 1916 7.75292
53 1918 7.88041
64 1921 8.07172
45 1923 8.16995
40 1925 8.21536
44 1926 8.21924
58 1932 8.73602
39 1934 8.83072
57 1935 8.86435
47 1938 9.00967
50 1940 9.09894
30 1941 9.1182
36 1942 9.16617
31 1946 9.46419
35 1948 9.5175
34 1950 9.64205
62 1951 9.66919
37 1953 9.76302
56 1954 9.76878
61 1958 10.0515
60 1960 10.1205
41 1962 10.2656
28 1964 10.3101
43 1965 10.3112
26 1967 10.481
55 1975 11.1693
64 1977 11.1912
27 1978 11.2546
52 1980 11.3831
25 1982 11.41
50 1984 11.5858
54 1987 11.6914
40 1988 11.6966
29 1989 11.7315
45 1991 11.7948
48 1992 11.8597
30 1994 11.9321
46 1996 12.0161
32 1999 12.2692
58 2002 12.4656
42 2003 12.4771
51 2005 12.5093
44 2008 12.6878
57 2011 12.9374
36 2013 13.027
37 2015 13.1483
63 2016 13.1565
47 2019 13.3531
39 2021 13.4613
56 2025 13.733
33 2027 13.7879
49 2028 13.8231
59 2030 13.8986
54 2032 14.0001
31 2034 14.1463
61 2037 14.3318
48 2040 14.521
35 2041 14.5756
29 2043 14.6065
30 2045 14.7193
62 2046 14.7381
26 2048 14.88
55 2050 14.8925
53 2051 14.9267
