25 3948 2.01329
36 3949 2.0365
85 3951 2.16618
114 3952 2.16727
50 3953 2.18791
26 3955 2.24922
40 3956 2.25308
82 3957 2.3039
71 3959 2.32306
99 3960 2.33273
117 3961 2.37069
100 3963 2.40932
115 3964 2.41581
29 3965 2.42577
101 3966 2.4306
78 3967 2.48955
32 3968 2.49162
84 3970 2.50628
47 3971 2.51369
37 3972 2.52801
93 3973 2.53607
38 3974 2.54573
48 3975 2.56057
66 3977 2.67088
88 3978 2.70148
104 3980 2.70534
33 3981 2.73125
49 3982 2.76106
120 3983 2.80411
69 3985 2.83909
65 3986 2.84677
118 3987 2.86593
43 3988 2.88651
116 3990 2.93179
55 3991 2.94011
61 3992 2.96031
91 3993 2.99716
81 3995 3.01372
80 3996 3.06374
79 3998 3.15102
110 3999 3.15293
44 4000 3.15536
113 4001 3.15966
51 4002 3.16486
75 4003 3.16963
112 4005 3.20461
63 4006 3.20667
123 4007 3.23294
72 4008 3.25261
64 4009 3.2655
77 4010 3.30076
119 4012 3.33882
53 4013 3.34596
56 4014 3.35967
83 4015 3.37121
96 4016 3.39618
97 4018 3.50181
68 4019 3.50187
76 4021 3.54294
58 4022 3.55853
103 4024 3.68626
70 4026 3.71283
52 4027 3.71815
45 4028 3.75066
121 4029 3.75981
28 4030 3.77434
106 4032 3.81216
35 4033 3.85873
90 4035 3.94948
57 4036 3.97982
86 4037 3.99116
59 4039 4.01558
122 4040 4.09747
92 4042 4.20407
109 4045 4.31252
107 4046 4.32966
95 4047 4.35692
87 4048 4.37657
73 4050 4.44937
62 4051 4.46199
46 4052 4.49425
89 4053 4.50123
74 4055 4.54963
39 4056 4.57485
105 4057 4.57883
67 4058 4.59949
60 4059 4.60321
30 4061 4.67531
34 4063 4.75126
71 4064 4.77643
108 4065 4.78332
98 4067 4.82872
124 4068 4.84986
111 4069 4.85081
42 4070 4.85139
54 4071 4.87006
94 4072 4.87098
31 4073 4.89787
102 4075 4.91635
82 4076 4.91883
27 4077 4.94957
101 4079 5.02173
114 4080 5.03502
65 4082 5.14692
75 4084 5.28447
77 4087 5.47023
79 4089 5.50555
104 4092 5.70802
76 4093 5.74305
115 4094 5.79325
36 4096 5.80721
33 4097 5.8592
78 4099 5.97627
49 4101 6.04004
43 4102 6.0826
119 4105 6.22038
83 4106 6.23377
40 4107 6.24579
117 4109 6.32302
72 4111 6.45207
47 4112 6.47006
69 4114 6.52832
81 4115 6.55615
32 4116 6.59965
26 4119 6.71621
93 4120 6.74687
37 4121 6.77933
99 4122 6.78356
96 4124 6.84496
122 4126 6.95524
80 4127 7.0001
63 4129 7.07645
50 4131 7.1168
85 4132 7.1367
58 4133 7.15525
87 4134 7.18283
88 4136 7.25664
25 4137 7.27946
28 4139 7.32319
38 4140 7.36378
56 4141 7.37876
123 4143 7.45392
48 4145 7.51253
118 4146 7.55453
41 4148 7.61105
120 4149 7.61561
116 4150 7.64051
59 4151 7.64605
112 4152 7.69846
77 4154 7.70472
100 4155 7.70862
84 4156 7.76748
110 4158 7.87813
113 4160 7.94117
82 4161 7.95272
45 4162 7.9973
61 4164 8.04269
97 4165 8.07557
52 4167 8.1255
103 4168 8.13104
94 4169 8.1451
90 4171 8.21183
66 4172 8.22231
57 4173 8.24197
62 4174 8.29582
35 4176 8.30805
102 4177 8.32449
39 4179 8.44112
114 4180 8.44324
101 4181 8.4471
75 4183 8.55827
74 4184 8.55994
89 4185 8.59483
68 4187 8.6341
73 4190 8.84586
81 4192 8.95989
64 4194 9.0413
53 4195 9.07987
91 4196 9.08588
92 4197 9.08614
42 4199 9.17514
70 4200 9.18248
79 4201 9.18786
30 4202 9.18793
98 4204 9.27894
105 4206 9.34618
87 4207 9.40145
117 4209 9.42831
109 4210 9.44573
99 4211 9.47273
51 4212 9.48375
65 4217 9.8151
106 4218 9.8436
86 4219 9.88363
121 4220 9.88553
36 4221 9.89154
34 4223 9.90852
46 4224 9.95932
119 4225 9.98125
78 4227 10.0141
27 4228 10.0479
100 4229 10.0637
77 4231 10.1049
116 4232 10.1718
67 4234 10.234
107 4236 10.3049
47 4237 10.3603
96 4238 10.3894
54 4241 10.5378
110 4242 10.5415
37 4243 10.5601
32 4244 10.5668
108 4246 10.6402
88 4247 10.6431
28 4248 10.6436
40 4249 10.6757
56 4251 10.7826
41 4253 10.8141
39 4254 10.8454
38 4255 10.854
33 4256 10.866
113 4259 11.0548
115 4260 11.0596
94 4261 11.0736
58 4263 11.1141
102 4264 11.1339
73 4265 11.1362
49 4266 11.1413
25 4267 11.1954
29 4269 11.2319
59 4270 11.2393
60 4271 11.2488
30 4273 11.3411
76 4274 11.3433
26 4275 11.3637
124 4276 11.3696
114 4278 11.4345
66 4279 11.4377
118 4280 11.4766
31 4281 11.4835
45 4282 11.4881
62 4284 11.5429
83 4285 11.566
69 4286 11.5755
63 4287 11.5936
55 4289 11.6446
80 4290 11.6515
81 4291 11.6767
112 4293 11.7316
111 4294 11.7584
84 4295 11.7768
87 4297 11.8128
50 4298 11.8748
104 4300 11.9474
72 4302 12.0758
85 4303 12.0813
86 4305 12.121
48 4306 12.1275
90 4308 12.2887
109 4310 12.3159
122 4311 12.3405
103 4312 12.4018
91 4315 12.5058
89 4316 12.5751
75 4318 12.6233
123 4319 12.6926
53 4321 12.7541
93 4322 12.7604
108 4324 12.8286
101 4325 12.8946
117 4327 12.917
61 4328 12.9184
57 4329 12.9622
105 4330 12.9903
82 4334 13.2243
98 4335 13.237
70 4336 13.2684
35 4338 13.3104
74 4340 13.4373
88 4341 13.4425
27 4343 13.5353
67 4344 13.5366
113 4345 13.539
71 4346 13.5631
107 4347 13.5818
30 4348 13.5925
64 4349 13.5989
119 4351 13.6178
66 4353 13.7106
116 4354 13.7496
25 4356 13.8044
92 4357 13.8642
80 4359 13.9211
65 4360 13.926
69 4361 13.9354
43 4362 13.988
36 4364 14.01
56 4365 14.0184
96 4366 14.0204
100 4367 14.0271
31 4368 14.0645
68 4369 14.0827
34 4371 14.126
73 4372 14.147
33 4373 14.1498
50 4374 14.1574
55 4375 14.186
42 4378 14.328
124 4380 14.4482
104 4381 14.451
121 4382 14.4746
39 4383 14.4984
29 4384 14.5039
79 4386 14.5511
120 4387 14.5812
51 4388 14.5961
115 4390 14.6979
54 4392 14.7052
95 4393 14.7662
52 4394 14.7682
83 4395 14.7863
97 4397 14.8084
60 4398 14.8293
47 4399 14.8397
32 4400 14.8793
118 4401 14.8847
99 4403 14.9367
117 4404 14.9984
