55 24
59 24
68 25
59 27
44 25
30 30
36 32
69 33
15 33
14 33
16 33
13 33
17 33
57 33
63 33
12 33
18 33
11 33
19 33
10 33
20 33
9 33
29 33
21 33
8 33
22 33
7 33
23 33
6 33
24 33
5 33
4 33
3 33
2 33
25 33
1 33
31 33
38 28
21 28
20 28
22 28
19 28
23 28
18 28
24 28
17 28
16 28
15 28
14 28
13 28
12 28
11 28
10 28
9 28
8 28
7 28
6 28
5 28
4 28
3 28
2 28
1 28
67 33
66 25
74 29
21 29
20 29
22 29
19 29
23 29
18 29
24 29
17 29
16 29
15 29
14 29
13 29
12 29
11 29
10 29
9 29
8 29
7 29
6 29
5 29
4 29
3 29
2 29
1 29
73 31
6 31
5 31
7 31
4 31
8 31
3 31
9 31
2 31
10 31
1 31
11 31
12 31
13 31
14 31
15 31
16 31
17 31
18 31
19 31
20 31
21 31
22 31
23 31
24 31
26 33
53 33
72 26
3 26
2 26
4 26
1 26
5 26
26 26
6 26
7 26
8 26
9 26
10 26
11 26
12 26
13 26
14 26
15 26
16 26
17 26
18 26
19 26
20 26
21 26
22 26
23 26
24 26
50 30
12 30
11 30
13 30
10 30
14 30
9 30
15 30
8 30
16 30
7 30
17 30
6 30
18 30
5 30
19 30
4 30
20 30
3 30
21 30
2 30
22 30
1 30
23 30
24 30
30 33
41 32
1 32
2 32
3 32
4 32
5 32
6 32
7 32
8 32
9 32
10 32
11 32
12 32
13 32
14 32
15 32
16 32
17 32
18 32
19 32
20 32
21 32
22 32
23 32
24 32
67 25
3 25
2 25
4 25
1 25
5 25
6 25
7 25
8 25
9 25
10 25
11 25
12 25
13 25
14 25
15 25
16 25
17 25
18 25
19 25
20 25
21 25
22 25
23 25
24 25
55 27
17 27
16 27
18 27
15 27
19 27
14 27
20 27
13 27
21 27
12 27
22 27
11 27
23 27
10 27
24 27
9 27
8 27
7 27
6 27
5 27
4 27
3 27
2 27
1 27
59 33
38 29
48 33
74 31
62 33
58 33
48 31
39 24
22 24
21 24
23 24
20 24
24 24
19 24
18 24
17 24
16 24
15 24
14 24
13 24
12 24
11 24
10 24
9 24
8 24
7 24
6 24
5 24
4 24
3 24
2 24
1 24
40 33
62 34
5 34
4 34
6 34
3 34
7 34
2 34
8 34
1 34
9 34
40 34
10 34
11 34
12 34
13 34
14 34
15 34
16 34
17 34
18 34
19 34
20 34
21 34
22 34
23 34
24 34
53 26
37 33
34 33
28 33
62 35
24 35
23 35
22 35
21 35
20 35
19 35
18 35
17 35
16 35
15 35
14 35
13 35
12 35
11 35
10 35
9 35
8 35
7 35
6 35
5 35
4 35
3 35
2 35
1 35
54 33
50 33
30 32
43 33
71 33
53 35
72 30
60 33
68 33
54 36
16 36
15 36
17 36
14 36
18 36
13 36
19 36
12 36
20 36
11 36
21 36
10 36
22 36
9 36
23 36
8 36
24 36
7 36
68 36
6 36
5 36
4 36
3 36
2 36
1 36
66 29
68 29
44 33
67 27
44 27
46 33
38 24
58 31
28 35
58 35
48 24
27 33
70 33
69 28
