0 6303
0 6304
0 6305
0 6306
0 6307
0 6308
0 6309
0 6310
0 6311
0 6312
0 6313
0 6314
0 6315
0 6316
0 6317
0 6318
0 6319
0 6320
0 6321
0 6322
37 6323
2 6323
1 6323
0 6325
69 6327
43 6324
93 6328
0 6329
58 6328
0 6331
63 6333
16 6333
17 6333
18 6333
19 6333
20 6333
21 6333
22 6333
23 6333
24 6333
36 6335
0 6339
53 6332
104 6332
86 6340
29 6341
4 6341
3 6341
2 6341
1 6341
82 6335
60 6337
18 6337
19 6337
20 6337
21 6337
22 6337
23 6337
24 6337
0 6342
42 6326
21 6326
22 6326
23 6326
24 6326
0 6347
68 6343
9 6343
8 6343
7 6343
6 6343
5 6343
4 6343
3 6343
2 6343
1 6343
46 6330
85 6334
51 6324
0 6350
73 6332
38 6332
26 6340
63 6340
52 6340
18 6340
19 6340
20 6340
21 6340
22 6340
23 6340
24 6340
84 6351
28 6351
54 6349
15 6349
16 6349
17 6349
18 6349
19 6349
20 6349
21 6349
22 6349
23 6349
24 6349
43 6334
57 6324
87 6353
4 6353
3 6353
2 6353
1 6353
0 6354
97 6330
46 6351
51 6334
82 6357
21 6357
22 6357
23 6357
24 6357
88 6336
39 6336
8 6336
7 6336
6 6336
5 6336
4 6336
3 6336
2 6336
1 6336
47 6358
62 6338
17 6338
18 6338
19 6338
20 6338
21 6338
22 6338
23 6338
24 6338
0 6359
104 6360
55 6348
15 6348
16 6348
17 6348
18 6348
19 6348
20 6348
21 6348
22 6348
23 6348
24 6348
85 6324
7 6324
6 6324
5 6324
4 6324
3 6324
2 6324
1 6324
50 6328
6 6328
5 6328
4 6328
3 6328
2 6328
1 6328
0 6363
56 6352
81 6366
44 6346
19 6346
20 6346
21 6346
22 6346
23 6346
24 6346
80 6367
0 6368
103 6332
19 6332
20 6332
21 6332
22 6332
23 6332
24 6332
38 6360
89 6364
20 6364
21 6364
22 6364
23 6364
24 6364
64 6344
6 6344
5 6344
4 6344
3 6344
2 6344
1 6344
31 6356
33 6366
5 6366
4 6366
3 6366
2 6366
1 6366
32 6327
13 6327
14 6327
15 6327
16 6327
17 6327
18 6327
19 6327
20 6327
21 6327
22 6327
23 6327
24 6327
77 6369
87 6367
6 6367
5 6367
4 6367
3 6367
2 6367
1 6367
0 6371
59 6355
9 6355
8 6355
7 6355
6 6355
5 6355
4 6355
3 6355
2 6355
1 6355
79 6335
23 6335
24 6335
58 6369
0 6373
45 6345
13 6345
14 6345
15 6345
16 6345
17 6345
18 6345
19 6345
20 6345
21 6345
22 6345
23 6345
24 6345
98 6362
50 6369
0 6374
76 6372
4 6372
3 6372
2 6372
1 6372
30 6361
10 6361
9 6361
8 6361
7 6361
6 6361
5 6361
4 6361
3 6361
2 6361
1 6361
34 6362
14 6362
15 6362
16 6362
17 6362
18 6362
19 6362
20 6362
21 6362
22 6362
23 6362
24 6362
91 6352
58 6376
0 6377
48 6360
28 6330
5 6330
4 6330
3 6330
2 6330
1 6330
56 6356
6 6356
5 6356
4 6356
3 6356
2 6356
1 6356
99 6375
100 6358
0 6379
26 6382
0 6384
31 6352
7 6352
6 6352
5 6352
4 6352
3 6352
2 6352
1 6352
38 6381
48 6381
22 6381
23 6381
24 6381
63 6382
52 6383
23 6383
24 6383
0 6386
66 6387
57 6334
11 6334
10 6334
9 6334
8 6334
7 6334
6 6334
5 6334
4 6334
3 6334
2 6334
1 6334
93 6369
10 6369
9 6369
8 6369
7 6369
6 6369
5 6369
4 6369
3 6369
2 6369
1 6369
25 6392
96 6392
102 6392
15 6392
16 6392
17 6392
18 6392
19 6392
20 6392
21 6392
22 6392
23 6392
24 6392
77 6376
0 6393
27 6388
94 6378
78 6385
86 6382
50 6376
0 6395
70 6390
57 6396
12 6396
11 6396
10 6396
9 6396
8 6396
7 6396
6 6396
5 6396
4 6396
3 6396
2 6396
1 6396
0 6397
72 6380
79 6380
36 6380
2 6380
1 6380
97 6351
8 6351
7 6351
6 6351
5 6351
4 6351
3 6351
2 6351
1 6351
35 6358
15 6358
16 6358
17 6358
18 6358
19 6358
20 6358
21 6358
22 6358
23 6358
24 6358
0 6401
65 6389
73 6402
24 6402
71 6399
90 6394
23 6394
24 6394
49 6400
0 6406
79 6404
88 6375
15 6375
16 6375
17 6375
18 6375
19 6375
20 6375
21 6375
22 6375
23 6375
24 6375
44 6400
0 6408
51 6365
87 6389
82 6404
93 6376
13 6376
14 6376
15 6376
16 6376
17 6376
18 6376
19 6376
20 6376
21 6376
22 6376
23 6376
24 6376
0 6411
80 6387
12 6387
11 6387
10 6387
9 6387
8 6387
7 6387
6 6387
5 6387
4 6387
3 6387
2 6387
1 6387
103 6360
92 6409
20 6409
21 6409
22 6409
23 6409
24 6409
34 6413
28 6410
48 6400
74 6405
7 6405
6 6405
5 6405
4 6405
3 6405
2 6405
1 6405
33 6414
12 6414
11 6414
10 6414
9 6414
8 6414
7 6414
6 6414
5 6414
4 6414
3 6414
2 6414
1 6414
0 6415
40 6412
3 6412
2 6412
1 6412
45 6388
19 6388
20 6388
21 6388
22 6388
23 6388
24 6388
46 6410
10 6410
9 6410
8 6410
7 6410
6 6410
5 6410
4 6410
3 6410
2 6410
1 6410
64 6389
13 6389
14 6389
15 6389
16 6389
17 6389
18 6389
19 6389
20 6389
21 6389
22 6389
23 6389
24 6389
61 6403
60 6403
3 6403
2 6403
1 6403
96 6416
103 6400
38 6400
73 6400
1 6400
0 6417
75 6418
95 6407
0 6421
81 6407
48 6422
0 6423
57 6365
16 6365
17 6365
18 6365
19 6365
20 6365
21 6365
22 6365
23 6365
24 6365
41 6398
78 6390
9 6390
8 6390
7 6390
6 6390
5 6390
4 6390
3 6390
2 6390
1 6390
36 6404
6 6404
5 6404
4 6404
3 6404
2 6404
1 6404
25 6416
20 6416
21 6416
22 6416
23 6416
24 6416
0 6425
102 6427
94 6399
2 6399
1 6399
86 6428
52 6382
4 6382
3 6382
2 6382
1 6382
85 6420
17 6420
18 6420
19 6420
20 6420
21 6420
22 6420
23 6420
24 6420
0 6429
25 6427
101 6385
10 6385
9 6385
8 6385
7 6385
6 6385
5 6385
4 6385
3 6385
2 6385
1 6385
63 6428
0 6431
96 6418
21 6418
22 6418
23 6418
24 6418
33 6407
15 6407
16 6407
17 6407
18 6407
19 6407
20 6407
21 6407
22 6407
23 6407
24 6407
69 6398
75 6427
21 6427
22 6427
23 6427
24 6427
26 6428
5 6428
4 6428
3 6428
2 6428
1 6428
0 6432
54 6433
2 6433
1 6433
56 6430
0 6436
98 6413
23 6413
24 6413
88 6424
20 6424
21 6424
22 6424
23 6424
24 6424
60 6435
91 6419
15 6419
16 6419
17 6419
18 6419
19 6419
20 6419
21 6419
22 6419
23 6419
24 6419
0 6438
40 6435
76 6437
14 6437
15 6437
16 6437
17 6437
18 6437
19 6437
20 6437
21 6437
22 6437
23 6437
24 6437
0 6439
0 6440
32 6398
93 6441
19 6441
20 6441
21 6441
22 6441
23 6441
24 6441
0 6443
43 6444
57 6444
0 6445
99 6446
44 6422
8 6422
7 6422
6 6422
5 6422
4 6422
3 6422
2 6422
1 6422
0 6447
49 6360
8 6360
7 6360
6 6360
5 6360
4 6360
3 6360
2 6360
1 6360
47 6449
100 6449
24 6449
78 6450
0 6452
101 6450
35 6454
0 6455
89 6451
10 6451
9 6451
8 6451
7 6451
6 6451
5 6451
4 6451
3 6451
2 6451
1 6451
0 6456
83 6426
16 6426
17 6426
18 6426
19 6426
20 6426
21 6426
22 6426
23 6426
24 6426
59 6448
104 6458
9 6458
8 6458
7 6458
6 6458
5 6458
4 6458
3 6458
2 6458
1 6458
100 6454
39 6370
0 6459
73 6460
103 6460
52 6461
68 6462
0 6463
64 6464
0 6465
81 6466
30 6448
27 6462
61 6435
13 6435
14 6435
15 6435
16 6435
17 6435
18 6435
19 6435
20 6435
21 6435
22 6435
23 6435
24 6435
67 6391
10 6391
9 6391
8 6391
7 6391
6 6391
5 6391
4 6391
3 6391
2 6391
1 6391
0 6467
42 6434
16 6434
17 6434
18 6434
19 6434
20 6434
21 6434
22 6434
23 6434
24 6434
63 6461
0 6471
95 6466
57 6453
58 6473
24 6473
100 6468
69 6474
62 6378
11 6378
10 6378
9 6378
8 6378
7 6378
6 6378
5 6378
4 6378
3 6378
2 6378
1 6378
62 6476
11 6476
10 6476
9 6476
8 6476
7 6476
6 6476
5 6476
4 6476
3 6476
2 6476
1 6476
30 6469
47 6454
3 6454
2 6454
1 6454
0 6478
74 6472
18 6472
19 6472
20 6472
21 6472
22 6472
23 6472
24 6472
51 6453
85 6453
1 6453
98 6480
50 6481
0 6482
49 6460
97 6479
34 6480
6 6480
5 6480
4 6480
3 6480
2 6480
1 6480
35 6468
26 6461
92 6483
7 6483
6 6483
5 6483
4 6483
3 6483
2 6483
1 6483
63 6484
77 6481
31 6430
23 6430
24 6430
29 6444
1 6444
0 6486
65 6464
46 6479
22 6479
23 6479
24 6479
38 6475
73 6475
13 6475
14 6475
15 6475
16 6475
17 6475
18 6475
19 6475
20 6475
21 6475
22 6475
23 6475
24 6475
52 6484
14 6484
15 6484
16 6484
17 6484
18 6484
19 6484
20 6484
21 6484
22 6484
23 6484
24 6484
103 6485
73 6485
13 6485
14 6485
15 6485
16 6485
17 6485
18 6485
19 6485
20 6485
21 6485
22 6485
23 6485
24 6485
46 6489
84 6477
22 6477
23 6477
24 6477
0 6490
51 6491
2 6491
1 6491
80 6464
87 6464
80 6492
87 6492
94 6457
67 6457
70 6450
20 6450
21 6450
22 6450
23 6450
24 6450
41 6488
93 6481
1 6481
37 6442
2 6442
1 6442
0 6493
48 6460
14 6460
15 6460
16 6460
17 6460
18 6460
19 6460
20 6460
21 6460
22 6460
23 6460
24 6460
25 6494
62 6457
13 6457
14 6457
15 6457
16 6457
17 6457
18 6457
19 6457
20 6457
21 6457
22 6457
23 6457
24 6457
45 6462
7 6462
6 6462
5 6462
4 6462
3 6462
2 6462
1 6462
65 6495
1 6495
0 6496
53 6487
104 6487
32 6474
8 6474
7 6474
6 6474
5 6474
4 6474
3 6474
2 6474
1 6474
97 6489
0 6497
38 6487
75 6494
82 6498
0 6500
66 6499
2 6499
1 6499
0 6505
55 6501
13 6501
14 6501
15 6501
16 6501
17 6501
18 6501
19 6501
20 6501
21 6501
22 6501
23 6501
24 6501
71 6506
75 6503
8 6503
7 6503
6 6503
5 6503
4 6503
3 6503
2 6503
1 6503
27 6507
0 6509
87 6502
64 6502
3 6502
2 6502
1 6502
32 6511
10 6511
9 6511
8 6511
7 6511
6 6511
5 6511
4 6511
3 6511
2 6511
1 6511
77 6512
0 6513
103 6487
48 6487
17 6487
18 6487
19 6487
20 6487
21 6487
22 6487
23 6487
24 6487
40 6510
89 6461
18 6461
19 6461
20 6461
21 6461
22 6461
23 6461
24 6461
70 6516
85 6508
0 6517
54 6518
15 6518
16 6518
17 6518
18 6518
19 6518
20 6518
21 6518
22 6518
23 6518
24 6518
93 6512
5 6512
4 6512
3 6512
2 6512
1 6512
101 6516
24 6516
57 6508
0 6519
47 6468
9 6468
8 6468
7 6468
6 6468
5 6468
4 6468
3 6468
2 6468
1 6468
26 6515
19 6515
20 6515
21 6515
22 6515
23 6515
24 6515
43 6508
0 6521
33 6466
4 6466
3 6466
2 6466
1 6466
36 6498
59 6469
8 6469
7 6469
6 6469
5 6469
4 6469
3 6469
2 6469
1 6469
0 6523
96 6494
11 6494
10 6494
9 6494
8 6494
7 6494
6 6494
5 6494
4 6494
3 6494
2 6494
1 6494
79 6498
22 6498
23 6498
24 6498
102 6514
11 6514
10 6514
9 6514
8 6514
7 6514
6 6514
5 6514
4 6514
3 6514
2 6514
1 6514
95 6524
5 6524
4 6524
3 6524
2 6524
1 6524
28 6489
3 6489
2 6489
1 6489
93 6522
0 6526
77 6522
50 6522
7 6522
6 6522
5 6522
4 6522
3 6522
2 6522
1 6522
0 6528
79 6527
23 6527
24 6527
45 6520
98 6520
13 6520
14 6520
15 6520
16 6520
17 6520
18 6520
19 6520
20 6520
21 6520
22 6520
23 6520
24 6520
88 6446
10 6446
9 6446
8 6446
7 6446
6 6446
5 6446
4 6446
3 6446
2 6446
1 6446
0 6530
78 6529
51 6508
9 6508
8 6508
7 6508
6 6508
5 6508
4 6508
3 6508
2 6508
1 6508
0 6531
90 6506
19 6506
20 6506
21 6506
22 6506
23 6506
24 6506
70 6529
101 6529
2 6529
1 6529
0 6532
0 6534
67 6536
21 6536
22 6536
23 6536
24 6536
90 6533
20 6533
21 6533
22 6533
23 6533
24 6533
47 6537
13 6537
14 6537
15 6537
16 6537
17 6537
18 6537
19 6537
20 6537
21 6537
22 6537
23 6537
24 6537
0 6538
69 6535
16 6535
17 6535
18 6535
19 6535
20 6535
21 6535
22 6535
23 6535
24 6535
58 6540
68 6507
15 6507
16 6507
17 6507
18 6507
19 6507
20 6507
21 6507
22 6507
23 6507
24 6507
31 6541
72 6470
1 6470
0 6542
34 6543
36 6539
92 6488
17 6488
18 6488
19 6488
20 6488
21 6488
22 6488
23 6488
24 6488
50 6540
93 6540
10 6540
9 6540
8 6540
7 6540
6 6540
5 6540
4 6540
3 6540
2 6540
1 6540
56 6541
8 6541
7 6541
6 6541
5 6541
4 6541
3 6541
2 6541
1 6541
101 6544
0 6545
45 6543
70 6544
0 6547
64 6546
87 6546
10 6546
9 6546
8 6546
7 6546
6 6546
5 6546
4 6546
3 6546
2 6546
1 6546
76 6504
7 6504
6 6504
5 6504
4 6504
3 6504
2 6504
1 6504
0 6550
63 6548
48 6551
24 6551
60 6510
1 6510
86 6549
63 6549
0 6554
52 6548
44 6552
96 6558
91 6525
0 6560
86 6548
82 6539
3 6539
2 6539
1 6539
60 6556
2 6556
1 6556
94 6557
25 6558
17 6558
18 6558
19 6558
20 6558
21 6558
22 6558
23 6558
24 6558
26 6549
1 6549
0 6562
100 6564
47 6564
92 6561
20 6561
21 6561
22 6561
23 6561
24 6561
0 6566
25 6563
75 6563
18 6563
19 6563
20 6563
21 6563
22 6563
23 6563
24 6563
61 6555
35 6564
17 6564
18 6564
19 6564
20 6564
21 6564
22 6564
23 6564
24 6564
87 6569
0 6570
38 6571
80 6569
13 6569
14 6569
15 6569
16 6569
17 6569
18 6569
19 6569
20 6569
21 6569
22 6569
23 6569
24 6569
0 6572
53 6571
29 6559
43 6559
0 6575
53 6576
2 6576
1 6576
46 6573
40 6577
4 6577
3 6577
2 6577
1 6577
62 6557
43 6578
51 6578
104 6571
57 6559
16 6559
17 6559
18 6559
19 6559
20 6559
21 6559
22 6559
23 6559
24 6559
0 6579
52 6580
98 6543
21 6543
22 6543
23 6543
24 6543
66 6581
14 6581
15 6581
16 6581
17 6581
18 6581
19 6581
20 6581
21 6581
22 6581
23 6581
24 6581
82 6582
6 6582
5 6582
4 6582
3 6582
2 6582
1 6582
55 6567
85 6578
30 6553
31 6525
13 6525
14 6525
15 6525
16 6525
17 6525
18 6525
19 6525
20 6525
21 6525
22 6525
23 6525
24 6525
0 6583
63 6580
4 6580
3 6580
2 6580
1 6580
56 6568
99 6553
78 6544
10 6544
9 6544
8 6544
7 6544
6 6544
5 6544
4 6544
3 6544
2 6544
1 6544
0 6585
44 6548
4 6548
3 6548
2 6548
1 6548
35 6584
67 6557
3 6557
2 6557
1 6557
89 6586
5 6586
4 6586
3 6586
2 6586
1 6586
73 6571
103 6571
4 6571
3 6571
2 6571
1 6571
31 6568
88 6553
19 6553
20 6553
21 6553
22 6553
23 6553
24 6553
0 6589
84 6573
13 6573
14 6573
15 6573
16 6573
17 6573
18 6573
19 6573
20 6573
21 6573
22 6573
23 6573
24 6573
47 6584
104 6587
0 6591
73 6587
42 6565
10 6565
9 6565
8 6565
7 6565
6 6565
5 6565
4 6565
3 6565
2 6565
1 6565
0 6593
97 6592
41 6596
70 6597
103 6587
98 6600
27 6590
0 6601
73 6594
46 6592
102 6602
96 6602
23 6602
24 6602
48 6587
49 6587
77 6599
50 6599
68 6590
24 6590
0 6603
28 6588
0 6606
62 6604
78 6597
0 6607
67 6604
60 6555
9 6555
8 6555
7 6555
6 6555
5 6555
4 6555
3 6555
2 6555
1 6555
57 6578
21 6578
22 6578
23 6578
24 6578
58 6599
20 6599
21 6599
22 6599
23 6599
24 6599
0 6609
103 6594
69 6596
99 6605
101 6597
14 6597
15 6597
16 6597
17 6597
18 6597
19 6597
20 6597
21 6597
22 6597
23 6597
24 6597
83 6598
15 6598
16 6598
17 6598
18 6598
19 6598
20 6598
21 6598
22 6598
23 6598
24 6598
0 6611
75 6608
91 6568
18 6568
19 6568
20 6568
21 6568
22 6568
23 6568
24 6568
46 6588
81 6610
51 6612
0 6613
93 6615
77 6615
21 6615
22 6615
23 6615
24 6615
85 6612
0 6616
48 6594
9 6594
8 6594
7 6594
6 6594
5 6594
4 6594
3 6594
2 6594
1 6594
37 6614
29 6614
22 6614
23 6614
24 6614
50 6617
22 6617
23 6617
24 6617
0 6619
84 6592
49 6621
39 6574
34 6600
3 6600
2 6600
1 6600
80 6618
0 6622
25 6608
2 6608
1 6608
103 6621
10 6621
9 6621
8 6621
7 6621
6 6621
5 6621
4 6621
3 6621
2 6621
1 6621
91 6624
0 6625
69 6623
57 6612
0 6628
97 6588
95 6610
22 6610
23 6610
24 6610
74 6627
17 6627
18 6627
19 6627
20 6627
21 6627
22 6627
23 6627
24 6627
31 6624
0 6629
65 6620
80 6620
23 6620
24 6620
0 6631
28 6592
21 6592
22 6592
23 6592
24 6592
59 6595
1 6595
100 6584
3 6584
2 6584
1 6584
78 6630
61 6632
14 6632
15 6632
16 6632
17 6632
18 6632
19 6632
20 6632
21 6632
22 6632
23 6632
24 6632
26 6634
13 6634
14 6634
15 6634
16 6634
17 6634
18 6634
19 6634
20 6634
21 6634
22 6634
23 6634
24 6634
84 6588
21 6588
22 6588
23 6588
24 6588
0 6636
63 6635
54 6638
10 6638
9 6638
8 6638
7 6638
6 6638
5 6638
4 6638
3 6638
2 6638
1 6638
87 6618
96 6639
5 6639
4 6639
3 6639
2 6639
1 6639
0 6640
33 6642
94 6604
12 6604
11 6604
10 6604
9 6604
8 6604
7 6604
6 6604
5 6604
4 6604
3 6604
2 6604
1 6604
52 6637
38 6587
13 6587
14 6587
15 6587
16 6587
17 6587
18 6587
19 6587
20 6587
21 6587
22 6587
23 6587
24 6587
0 6643
26 6635
86 6637
65 6618
0 6644
64 6645
52 6635
26 6637
0 6646
43 6612
3 6612
2 6612
1 6612
0 6650
81 6642
70 6630
21 6630
22 6630
23 6630
24 6630
101 6633
45 6651
8 6651
7 6651
6 6651
5 6651
4 6651
3 6651
2 6651
1 6651
47 6654
6 6654
5 6654
4 6654
3 6654
2 6654
1 6654
0 6657
30 6605
5 6605
4 6605
3 6605
2 6605
1 6605
78 6633
86 6635
16 6635
17 6635
18 6635
19 6635
20 6635
21 6635
22 6635
23 6635
24 6635
58 6653
3 6653
2 6653
1 6653
60 6648
0 6659
80 6645
2 6645
1 6645
70 6633
22 6633
23 6633
24 6633
85 6661
87 6655
80 6655
66 6656
2 6656
1 6656
56 6624
1 6624
0 6662
95 6642
66 6642
2 6642
1 6642
32 6596
10 6596
9 6596
8 6596
7 6596
6 6596
5 6596
4 6596
3 6596
2 6596
1 6596
31 6658
1 6658
57 6661
5 6661
4 6661
3 6661
2 6661
1 6661
65 6655
3 6655
2 6655
1 6655
0 6665
100 6647
47 6647
97 6667
28 6667
76 6652
34 6668
45 6668
10 6668
9 6668
8 6668
7 6668
6 6668
5 6668
4 6668
3 6668
2 6668
1 6668
42 6649
22 6649
23 6649
24 6649
53 6664
73 6664
0 6670
35 6647
8 6647
7 6647
6 6647
5 6647
4 6647
3 6647
2 6647
1 6647
86 6666
26 6666
18 6666
19 6666
20 6666
21 6666
22 6666
23 6666
24 6666
84 6667
1 6667
92 6669
12 6669
11 6669
10 6669
9 6669
8 6669
7 6669
6 6669
5 6669
4 6669
3 6669
2 6669
1 6669
103 6664
0 6673
71 6641
16 6641
17 6641
18 6641
19 6641
20 6641
21 6641
22 6641
23 6641
24 6641
46 6674
104 6663
79 6660
48 6664
0 6677
89 6671
19 6671
20 6671
21 6671
22 6671
23 6671
24 6671
41 6623
12 6623
11 6623
10 6623
9 6623
8 6623
7 6623
6 6623
5 6623
4 6623
3 6623
2 6623
1 6623
53 6663
36 6660
51 6676
85 6676
7 6676
6 6676
5 6676
4 6676
3 6676
2 6676
1 6676
0 6679
97 6674
38 6663
48 6680
38 6680
68 6681
0 6682
73 6663
53 6680
19 6680
20 6680
21 6680
22 6680
23 6680
24 6680
63 6637
20 6637
21 6637
22 6637
23 6637
24 6637
49 6664
19 6664
20 6664
21 6664
22 6664
23 6664
24 6664
0 6683
90 6675
18 6675
19 6675
20 6675
21 6675
22 6675
23 6675
24 6675
40 6648
0 6686
28 6674
4 6674
3 6674
2 6674
1 6674
103 6663
75 6684
0 6688
38 6690
61 6648
23 6648
24 6648
95 6692
83 6685
3 6685
2 6685
1 6685
0 6693
50 6689
73 6690
103 6690
21 6690
22 6690
23 6690
24 6690
67 6691
81 6692
0 6694
62 6691
66 6692
87 6692
8 6692
7 6692
6 6692
5 6692
4 6692
3 6692
2 6692
1 6692
0 6695
57 6696
37 6697
0 6699
48 6663
44 6701
23 6701
24 6701
27 6681
15 6681
16 6681
17 6681
18 6681
19 6681
20 6681
21 6681
22 6681
23 6681
24 6681
61 6698
0 6702
102 6672
88 6678
13 6678
14 6678
15 6678
16 6678
17 6678
18 6678
19 6678
20 6678
21 6678
22 6678
23 6678
24 6678
35 6687
14 6687
15 6687
16 6687
17 6687
18 6687
19 6687
20 6687
21 6687
22 6687
23 6687
24 6687
96 6684
0 6703
72 6626
2 6626
1 6626
65 6704
85 6696
0 6706
80 6704
64 6704
10 6704
9 6704
8 6704
7 6704
6 6704
5 6704
4 6704
3 6704
2 6704
1 6704
70 6705
5 6705
4 6705
3 6705
2 6705
1 6705
0 6708
81 6709
10 6709
9 6709
8 6709
7 6709
6 6709
5 6709
4 6709
3 6709
2 6709
1 6709
98 6711
0 6713
30 6710
77 6714
12 6714
11 6714
10 6714
9 6714
8 6714
7 6714
6 6714
5 6714
4 6714
3 6714
2 6714
1 6714
45 6711
18 6711
19 6711
20 6711
21 6711
22 6711
23 6711
24 6711
43 6696
29 6697
13 6697
14 6697
15 6697
16 6697
17 6697
18 6697
19 6697
20 6697
21 6697
22 6697
23 6697
24 6697
0 6716
28 6715
0 6717
