0 5927
0 5928
0 5929
0 5930
0 5931
0 5932
0 5933
0 5934
0 5935
0 5936
0 5937
0 5938
0 5939
0 5940
0 5941
0 5942
0 5943
0 5944
0 5945
0 5946
0 5947
0 5948
0 5950
89 5952
5 5952
4 5952
3 5952
2 5952
1 5952
61 5953
19 5953
20 5953
21 5953
22 5953
23 5953
24 5953
0 5955
35 5958
24 5958
77 5960
9 5960
8 5960
7 5960
6 5960
5 5960
4 5960
3 5960
2 5960
1 5960
0 5961
57 5949
54 5954
13 5954
14 5954
15 5954
16 5954
17 5954
18 5954
19 5954
20 5954
21 5954
22 5954
23 5954
24 5954
0 5963
55 5951
5 5951
4 5951
3 5951
2 5951
1 5951
63 5962
0 5965
81 5956
47 5959
0 5967
69 5964
4 5964
3 5964
2 5964
1 5964
66 5970
20 5970
21 5970
22 5970
23 5970
24 5970
0 5971
52 5969
7 5969
6 5969
5 5969
4 5969
3 5969
2 5969
1 5969
72 5956
1 5956
50 5957
72 5957
1 5957
0 5974
0 5978
31 5972
0 5981
40 5979
20 5979
21 5979
22 5979
23 5979
24 5979
80 5972
28 5949
3 5949
2 5949
1 5949
93 5973
70 5982
20 5982
21 5982
22 5982
23 5982
24 5982
83 5983
19 5983
20 5983
21 5983
22 5983
23 5983
24 5983
0 5985
84 5966
41 5980
23 5980
24 5980
64 5988
0 5991
42 5992
1 5992
60 5988
7 5988
6 5988
5 5988
4 5988
3 5988
2 5988
1 5988
51 5993
0 5994
65 5984
0 5996
86 5987
79 5962
12 5962
11 5962
10 5962
9 5962
8 5962
7 5962
6 5962
5 5962
4 5962
3 5962
2 5962
1 5962
56 5993
21 5993
22 5993
23 5993
24 5993
0 6001
49 5968
67 5987
13 5987
14 5987
15 5987
16 5987
17 5987
18 5987
19 5987
20 5987
21 5987
22 5987
23 5987
24 5987
30 5999
73 6000
0 6002
25 5972
19 5972
20 5972
21 5972
22 5972
23 5972
24 5972
58 6004
62 6006
71 5976
13 5976
14 5976
15 5976
16 5976
17 5976
18 5976
19 5976
20 5976
21 5976
22 5976
23 5976
24 5976
34 6007
0 6008
39 6009
24 6009
0 6010
41 5968
76 5995
3 5995
2 5995
1 5995
67 6005
37 5984
2 5984
1 5984
0 6012
90 6013
68 5973
11 5973
10 5973
9 5973
8 5973
7 5973
6 5973
5 5973
4 5973
3 5973
2 5973
1 5973
36 5989
6 5989
5 5989
4 5989
3 5989
2 5989
1 5989
0 6014
92 6011
22 6011
23 6011
24 6011
26 6003
10 6003
9 6003
8 6003
7 6003
6 6003
5 6003
4 6003
3 6003
2 6003
1 6003
56 6016
80 5998
21 5998
22 5998
23 5998
24 5998
61 6007
3 6007
2 6007
1 6007
0 6017
60 6019
11 6019
10 6019
9 6019
8 6019
7 6019
6 6019
5 6019
4 6019
3 6019
2 6019
1 6019
53 6020
86 6005
16 6005
17 6005
18 6005
19 6005
20 6005
21 6005
22 6005
23 6005
24 6005
0 6021
27 6018
60 6018
85 6015
10 6015
9 6015
8 6015
7 6015
6 6015
5 6015
4 6015
3 6015
2 6015
1 6015
40 6020
1 6020
0 6022
64 6018
12 6018
11 6018
10 6018
9 6018
8 6018
7 6018
6 6018
5 6018
4 6018
3 6018
2 6018
1 6018
87 5997
51 6016
38 5959
1 5959
75 6024
0 6025
33 5986
6 5986
5 5986
4 5986
3 5986
2 5986
1 5986
29 6013
52 6004
15 6004
16 6004
17 6004
18 6004
19 6004
20 6004
21 6004
22 6004
23 6004
24 6004
63 6024
0 6029
46 6013
3 6013
2 6013
1 6013
32 6031
64 6031
13 6031
14 6031
15 6031
16 6031
17 6031
18 6031
19 6031
20 6031
21 6031
22 6031
23 6031
24 6031
48 6028
3 6028
2 6028
1 6028
0 6032
0 6034
88 6026
5 6026
4 6026
3 6026
2 6026
1 6026
43 6035
83 6016
2 6016
1 6016
0 6038
45 5975
2 5975
1 5975
36 5997
10 5997
9 5997
8 5997
7 5997
6 5997
5 5997
4 5997
3 5997
2 5997
1 5997
74 6006
43 6006
1 6006
37 6041
91 5977
20 5977
21 5977
22 5977
23 5977
24 5977
46 6036
0 6042
82 6030
32 6030
61 6040
7 6040
6 6040
5 6040
4 6040
3 6040
2 6040
1 6040
92 6035
62 6035
35 6043
29 6036
5 6036
4 6036
3 6036
2 6036
1 6036
79 6024
19 6024
20 6024
21 6024
22 6024
23 6024
24 6024
0 6044
47 6033
4 6033
3 6033
2 6033
1 6033
0 6045
65 6041
8 6041
7 6041
6 6041
5 6041
4 6041
3 6041
2 6041
1 6041
28 6043
0 6046
64 6030
60 6030
16 6030
17 6030
18 6030
19 6030
20 6030
21 6030
22 6030
23 6030
24 6030
44 6027
19 6027
20 6027
21 6027
22 6027
23 6027
24 6027
0 6047
59 6039
24 6039
57 6043
14 6043
15 6043
16 6043
17 6043
18 6043
19 6043
20 6043
21 6043
22 6043
23 6043
24 6043
77 5999
24 5999
55 6037
19 6037
20 6037
21 6037
22 6037
23 6037
24 6037
0 6048
0 6049
51 6050
56 6050
6 6050
5 6050
4 6050
3 6050
2 6050
1 6050
0 6051
65 6052
10 6052
9 6052
8 6052
7 6052
6 6052
5 6052
4 6052
3 6052
2 6052
1 6052
78 6023
11 6023
10 6023
9 6023
8 6023
7 6023
6 6023
5 6023
4 6023
3 6023
2 6023
1 6023
0 6054
94 5990
6 5990
5 5990
4 5990
3 5990
2 5990
1 5990
0 6055
74 6035
6 6035
5 6035
4 6035
3 6035
2 6035
1 6035
63 6057
23 6057
24 6057
52 6053
22 6053
23 6053
24 6053
0 6058
72 6056
16 6056
17 6056
18 6056
19 6056
20 6056
21 6056
22 6056
23 6056
24 6056
0 6063
62 6059
25 6066
6 6066
5 6066
4 6066
3 6066
2 6066
1 6066
34 6062
13 6062
14 6062
15 6062
16 6062
17 6062
18 6062
19 6062
20 6062
21 6062
22 6062
23 6062
24 6062
0 6067
31 6068
92 6059
90 6064
0 6070
86 6069
1 6069
50 6065
81 6061
18 6061
19 6061
20 6061
21 6061
22 6061
23 6061
24 6061
41 6072
0 6073
73 5968
13 5968
14 5968
15 5968
16 5968
17 5968
18 5968
19 5968
20 5968
21 5968
22 5968
23 5968
24 5968
43 6059
8 6059
7 6059
6 6059
5 6059
4 6059
3 6059
2 6059
1 6059
49 6071
39 6064
65 6072
76 6076
15 6076
16 6076
17 6076
18 6076
19 6076
20 6076
21 6076
22 6076
23 6076
24 6076
0 6077
54 6074
7 6074
6 6074
5 6074
4 6074
3 6074
2 6074
1 6074
48 6064
37 6072
14 6072
15 6072
16 6072
17 6072
18 6072
19 6072
20 6072
21 6072
22 6072
23 6072
24 6072
0 6080
80 6068
8 6068
7 6068
6 6068
5 6068
4 6068
3 6068
2 6068
1 6068
92 6078
9 6078
8 6078
7 6078
6 6078
5 6078
4 6078
3 6078
2 6078
1 6078
42 6081
17 6081
18 6081
19 6081
20 6081
21 6081
22 6081
23 6081
24 6081
0 6083
27 6085
23 6085
24 6085
84 6082
0 6087
36 6084
19 6084
20 6084
21 6084
22 6084
23 6084
24 6084
38 6079
46 6064
0 6089
29 6064
14 6064
15 6064
16 6064
17 6064
18 6064
19 6064
20 6064
21 6064
22 6064
23 6064
24 6064
30 6091
6 6091
5 6091
4 6091
3 6091
2 6091
1 6091
0 6092
64 6093
70 6090
14 6090
15 6090
16 6090
17 6090
18 6090
19 6090
20 6090
21 6090
22 6090
23 6090
24 6090
53 6086
70 6086
14 6086
15 6086
16 6086
17 6086
18 6086
19 6086
20 6086
21 6086
22 6086
23 6086
24 6086
0 6094
77 6095
32 6093
68 6097
93 6097
1 6097
0 6098
85 6075
24 6075
30 6095
7 6095
6 6095
5 6095
4 6095
3 6095
2 6095
1 6095
93 6101
0 6102
89 6099
75 6099
4 6099
3 6099
2 6099
1 6099
29 6100
16 6100
17 6100
18 6100
19 6100
20 6100
21 6100
22 6100
23 6100
24 6100
71 6096
5 6096
4 6096
3 6096
2 6096
1 6096
69 6103
1 6103
0 6104
37 6105
41 6105
18 6105
19 6105
20 6105
21 6105
22 6105
23 6105
24 6105
47 6079
15 6079
16 6079
17 6079
18 6079
19 6079
20 6079
21 6079
22 6079
23 6079
24 6079
0 6106
83 6107
68 6101
3 6101
2 6101
1 6101
72 6065
0 6108
67 6109
56 6107
0 6110
48 6113
51 6107
16 6107
17 6107
18 6107
19 6107
20 6107
21 6107
22 6107
23 6107
24 6107
66 6060
19 6060
20 6060
21 6060
22 6060
23 6060
24 6060
0 6115
86 6109
8 6109
7 6109
6 6109
5 6109
4 6109
3 6109
2 6109
1 6109
82 6093
4 6093
3 6093
2 6093
1 6093
40 6112
90 6113
73 6114
20 6114
21 6114
22 6114
23 6114
24 6114
0 6116
70 6112
18 6112
19 6112
20 6112
21 6112
22 6112
23 6112
24 6112
46 6113
28 6117
1 6117
0 6118
79 6111
0 6119
29 6113
87 6121
33 6082
24 6082
0 6122
43 6123
0 6125
52 6126
8 6126
7 6126
6 6126
5 6126
4 6126
3 6126
2 6126
1 6126
62 6123
63 6111
61 6124
23 6124
24 6124
0 6130
57 6127
74 6123
39 6113
21 6113
22 6113
23 6113
24 6113
0 6133
28 6127
60 6128
88 6071
23 6071
24 6071
0 6136
39 6138
22 6138
23 6138
24 6138
69 6128
45 6135
20 6135
21 6135
22 6135
23 6135
24 6135
0 6140
89 6111
11 6111
10 6111
9 6111
8 6111
7 6111
6 6111
5 6111
4 6111
3 6111
2 6111
1 6111
58 6134
31 6129
18 6129
19 6129
20 6129
21 6129
22 6129
23 6129
24 6129
0 6141
80 6131
75 6132
81 6065
5 6065
4 6065
3 6065
2 6065
1 6065
0 6142
56 6143
47 6146
0 6147
83 6143
94 6144
21 6144
22 6144
23 6144
24 6144
38 6146
23 6146
24 6146
0 6148
92 6123
21 6123
22 6123
23 6123
24 6123
59 6145
0 6149
51 6143
23 6143
24 6143
77 6145
17 6145
18 6145
19 6145
20 6145
21 6145
22 6145
23 6145
24 6145
0 6151
41 6154
2 6154
1 6154
91 6139
78 6150
3 6150
2 6150
1 6150
0 6155
89 6132
14 6132
15 6132
16 6132
17 6132
18 6132
19 6132
20 6132
21 6132
22 6132
23 6132
24 6132
50 6137
7 6137
6 6137
5 6137
4 6137
3 6137
2 6137
1 6137
0 6157
81 6158
8 6158
7 6158
6 6158
5 6158
4 6158
3 6158
2 6158
1 6158
46 6156
0 6159
35 6127
9 6127
8 6127
7 6127
6 6127
5 6127
4 6127
3 6127
2 6127
1 6127
39 6156
44 6120
15 6120
16 6120
17 6120
18 6120
19 6120
20 6120
21 6120
22 6120
23 6120
24 6120
0 6161
51 6160
83 6160
54 6162
65 6163
26 6088
12 6088
11 6088
10 6088
9 6088
8 6088
7 6088
6 6088
5 6088
4 6088
3 6088
2 6088
1 6088
0 6165
73 6163
0 6167
72 6152
93 6153
35 6169
41 6163
0 6172
50 6152
10 6152
9 6152
8 6152
7 6152
6 6152
5 6152
4 6152
3 6152
2 6152
1 6152
74 6168
57 6169
28 6169
11 6169
10 6169
9 6169
8 6169
7 6169
6 6169
5 6169
4 6169
3 6169
2 6169
1 6169
34 6173
6 6173
5 6173
4 6173
3 6173
2 6173
1 6173
49 6170
5 6170
4 6170
3 6170
2 6170
1 6170
67 6139
0 6174
62 6168
68 6153
15 6153
16 6153
17 6153
18 6153
19 6153
20 6153
21 6153
22 6153
23 6153
24 6153
92 6166
31 6162
27 6128
14 6128
15 6128
16 6128
17 6128
18 6128
19 6128
20 6128
21 6128
22 6128
23 6128
24 6128
86 6139
19 6139
20 6139
21 6139
22 6139
23 6139
24 6139
38 6164
0 6175
82 6171
0 6176
64 6171
47 6164
4 6164
3 6164
2 6164
1 6164
0 6178
74 6166
62 6166
2 6166
1 6166
90 6156
67 6177
60 6171
0 6179
43 6168
2 6168
1 6168
48 6156
30 6181
0 6182
80 6162
2 6162
1 6162
0 6183
37 6163
9 6163
8 6163
7 6163
6 6163
5 6163
4 6163
3 6163
2 6163
1 6163
0 6187
25 6131
3 6131
2 6131
1 6131
76 6185
11 6185
10 6185
9 6185
8 6185
7 6185
6 6185
5 6185
4 6185
3 6185
2 6185
1 6185
89 6186
21 6186
22 6186
23 6186
24 6186
0 6189
62 6188
74 6188
88 6184
55 6134
20 6134
21 6134
22 6134
23 6134
24 6134
86 6177
23 6177
24 6177
0 6191
32 6171
19 6171
20 6171
21 6171
22 6171
23 6171
24 6171
64 6190
19 6190
20 6190
21 6190
22 6190
23 6190
24 6190
0 6195
87 6193
14 6193
15 6193
16 6193
17 6193
18 6193
19 6193
20 6193
21 6193
22 6193
23 6193
24 6193
29 6156
9 6156
8 6156
7 6156
6 6156
5 6156
4 6156
3 6156
2 6156
1 6156
77 6181
1 6181
0 6197
29 6198
32 6196
85 6180
18 6180
19 6180
20 6180
21 6180
22 6180
23 6180
24 6180
0 6202
90 6198
46 6198
61 6192
12 6192
11 6192
10 6192
9 6192
8 6192
7 6192
6 6192
5 6192
4 6192
3 6192
2 6192
1 6192
64 6196
86 6203
37 6199
58 6201
22 6201
23 6201
24 6201
0 6204
60 6196
41 6199
12 6199
11 6199
10 6199
9 6199
8 6199
7 6199
6 6199
5 6199
4 6199
3 6199
2 6199
1 6199
0 6205
48 6198
68 6208
22 6208
23 6208
24 6208
71 6194
70 6209
0 6213
27 6216
21 6216
22 6216
23 6216
24 6216
45 6210
9 6210
8 6210
7 6210
6 6210
5 6210
4 6210
3 6210
2 6210
1 6210
79 6211
0 6218
84 6207
60 6221
22 6221
23 6221
24 6221
53 6222
11 6222
10 6222
9 6222
8 6222
7 6222
6 6222
5 6222
4 6222
3 6222
2 6222
1 6222
0 6223
67 6203
2 6203
1 6203
92 6188
9 6188
8 6188
7 6188
6 6188
5 6188
4 6188
3 6188
2 6188
1 6188
42 6212
17 6212
18 6212
19 6212
20 6212
21 6212
22 6212
23 6212
24 6212
28 6217
20 6217
21 6217
22 6217
23 6217
24 6217
0 6224
57 6219
20 6219
21 6219
22 6219
23 6219
24 6219
48 6214
71 6211
2 6211
1 6211
0 6227
29 6214
65 6226
0 6229
91 6228
73 6226
0 6233
83 6234
12 6234
11 6234
10 6234
9 6234
8 6234
7 6234
6 6234
5 6234
4 6234
3 6234
2 6234
1 6234
69 6196
24 6196
81 6215
21 6215
22 6215
23 6215
24 6215
63 6225
3 6225
2 6225
1 6225
73 6232
16 6232
17 6232
18 6232
19 6232
20 6232
21 6232
22 6232
23 6232
24 6232
0 6235
52 6206
2 6206
1 6206
49 6184
16 6184
17 6184
18 6184
19 6184
20 6184
21 6184
22 6184
23 6184
24 6184
50 6237
21 6237
22 6237
23 6237
24 6237
31 6238
10 6238
9 6238
8 6238
7 6238
6 6238
5 6238
4 6238
3 6238
2 6238
1 6238
37 6226
94 6200
12 6200
11 6200
10 6200
9 6200
8 6200
7 6200
6 6200
5 6200
4 6200
3 6200
2 6200
1 6200
0 6239
43 6236
11 6236
10 6236
9 6236
8 6236
7 6236
6 6236
5 6236
4 6236
3 6236
2 6236
1 6236
0 6241
72 6240
0 6244
81 6240
23 6240
24 6240
0 6246
56 6243
59 6230
30 6230
49 6245
18 6245
19 6245
20 6245
21 6245
22 6245
23 6245
24 6245
66 6231
18 6231
19 6231
20 6231
21 6231
22 6231
23 6231
24 6231
0 6248
36 6220
83 6243
15 6243
16 6243
17 6243
18 6243
19 6243
20 6243
21 6243
22 6243
23 6243
24 6243
77 6230
9 6230
8 6230
7 6230
6 6230
5 6230
4 6230
3 6230
2 6230
1 6230
46 6247
17 6247
18 6247
19 6247
20 6247
21 6247
22 6247
23 6247
24 6247
0 6250
75 6251
6 6251
5 6251
4 6251
3 6251
2 6251
1 6251
0 6252
90 6214
87 6220
23 6220
24 6220
80 6249
0 6253
41 6226
0 6255
25 6249
15 6249
16 6249
17 6249
18 6249
19 6249
20 6249
21 6249
22 6249
23 6249
24 6249
0 6257
40 6209
19 6209
20 6209
21 6209
22 6209
23 6209
24 6209
61 6226
26 6256
4 6256
3 6256
2 6256
1 6256
0 6259
44 6254
8 6254
7 6254
6 6254
5 6254
4 6254
3 6254
2 6254
1 6254
0 6260
0 6263
32 6261
0 6265
67 6228
11 6228
10 6228
9 6228
8 6228
7 6228
6 6228
5 6228
4 6228
3 6228
2 6228
1 6228
64 6264
46 6214
21 6214
22 6214
23 6214
24 6214
47 6266
20 6266
21 6266
22 6266
23 6266
24 6266
60 6261
0 6270
82 6264
41 6267
90 6268
0 6272
39 6198
22 6198
23 6198
24 6198
32 6264
65 6267
29 6268
0 6276
74 6273
51 6277
28 6274
0 6280
48 6268
92 6262
20 6262
21 6262
22 6262
23 6262
24 6262
0 6281
54 6282
19 6282
20 6282
21 6282
22 6282
23 6282
24 6282
39 6268
46 6268
64 6261
9 6261
8 6261
7 6261
6 6261
5 6261
4 6261
3 6261
2 6261
1 6261
76 6278
2 6278
1 6278
34 6226
1 6226
93 6269
10 6269
9 6269
8 6269
7 6269
6 6269
5 6269
4 6269
3 6269
2 6269
1 6269
0 6283
87 6258
4 6258
3 6258
2 6258
1 6258
40 6268
24 6268
55 6271
11 6271
10 6271
9 6271
8 6271
7 6271
6 6271
5 6271
4 6271
3 6271
2 6271
1 6271
0 6285
62 6273
21 6273
22 6273
23 6273
24 6273
62 6287
21 6287
22 6287
23 6287
24 6287
57 6274
7 6274
6 6274
5 6274
4 6274
3 6274
2 6274
1 6274
0 6288
73 6267
2 6267
1 6267
65 6291
38 6275
24 6275
0 6292
91 6286
61 6291
53 6293
0 6294
82 6295
71 6290
15 6290
16 6290
17 6290
18 6290
19 6290
20 6290
21 6290
22 6290
23 6290
24 6290
34 6291
35 6279
0 6297
79 6298
57 6279
9 6279
8 6279
7 6279
6 6279
5 6279
4 6279
3 6279
2 6279
1 6279
0 6301
41 6291
37 6291
4 6291
3 6291
2 6291
1 6291
34 6299
46 6300
