0 4361
0 4362
0 4363
0 4364
0 4365
0 4366
0 4367
0 4368
0 4369
0 4370
0 4371
0 4372
0 4373
0 4374
0 4375
0 4376
0 4377
0 4378
0 4379
0 4380
0 4381
27 4383
14 4383
15 4383
16 4383
17 4383
18 4383
19 4383
20 4383
21 4383
22 4383
23 4383
24 4383
0 4384
25 4385
3 4385
2 4385
1 4385
0 4386
0 4387
34 4388
7 4388
6 4388
5 4388
4 4388
3 4388
2 4388
1 4388
0 4389
26 4382
21 4382
22 4382
23 4382
24 4382
0 4390
0 4391
0 4392
0 4395
32 4394
16 4394
17 4394
18 4394
19 4394
20 4394
21 4394
22 4394
23 4394
24 4394
0 4396
28 4393
19 4393
20 4393
21 4393
22 4393
23 4393
24 4393
0 4397
0 4398
0 4399
0 4401
30 4400
20 4400
21 4400
22 4400
23 4400
24 4400
0 4402
0 4404
0 4405
0 4407
0 4408
29 4403
13 4403
14 4403
15 4403
16 4403
17 4403
18 4403
19 4403
20 4403
21 4403
22 4403
23 4403
24 4403
0 4409
0 4410
0 4411
0 4412
0 4413
0 4414
0 4415
0 4416
0 4417
0 4418
33 4419
3 4419
2 4419
1 4419
0 4420
31 4406
3 4406
2 4406
1 4406
0 4421
0 4422
0 4423
0 4424
0 4425
0 4427
0 4429
26 4426
11 4426
10 4426
9 4426
8 4426
7 4426
6 4426
5 4426
4 4426
3 4426
2 4426
1 4426
0 4431
25 4428
20 4428
21 4428
22 4428
23 4428
24 4428
0 4435
30 4432
7 4432
6 4432
5 4432
4 4432
3 4432
2 4432
1 4432
27 4433
7 4433
6 4433
5 4433
4 4433
3 4433
2 4433
1 4433
0 4437
0 4438
0 4439
0 4440
34 4434
1 4434
0 4441
0 4442
28 4430
11 4430
10 4430
9 4430
8 4430
7 4430
6 4430
5 4430
4 4430
3 4430
2 4430
1 4430
0 4443
0 4444
29 4436
1 4436
0 4445
0 4446
0 4447
0 4449
0 4450
0 4451
0 4452
0 4453
0 4454
0 4455
0 4456
0 4457
0 4458
0 4459
0 4460
0 4462
31 4461
0 4463
0 4464
0 4465
0 4466
0 4467
30 4461
21 4461
22 4461
23 4461
24 4461
0 4468
0 4469
0 4470
0 4472
25 4473
11 4473
10 4473
9 4473
8 4473
7 4473
6 4473
5 4473
4 4473
3 4473
2 4473
1 4473
0 4474
0 4475
0 4477
0 4480
0 4481
0 4482
0 4483
0 4484
0 4485
0 4486
0 4487
28 4476
4 4476
3 4476
2 4476
1 4476
0 4489
26 4478
8 4478
7 4478
6 4478
5 4478
4 4478
3 4478
2 4478
1 4478
33 4479
0 4490
30 4479
4 4479
3 4479
2 4479
1 4479
0 4491
27 4488
4 4488
3 4488
2 4488
1 4488
0 4492
0 4493
0 4495
0 4496
0 4497
0 4498
0 4499
32 4448
6 4448
5 4448
4 4448
3 4448
2 4448
1 4448
0 4500
31 4501
8 4501
7 4501
6 4501
5 4501
4 4501
3 4501
2 4501
1 4501
0 4502
29 4471
24 4471
0 4504
0 4505
0 4506
0 4507
30 4508
33 4508
11 4508
10 4508
9 4508
8 4508
7 4508
6 4508
5 4508
4 4508
3 4508
2 4508
1 4508
0 4509
0 4510
0 4511
0 4512
0 4513
0 4514
0 4515
0 4516
0 4518
0 4519
0 4520
0 4521
0 4522
0 4523
0 4524
0 4525
0 4526
34 4494
11 4494
10 4494
9 4494
8 4494
7 4494
6 4494
5 4494
4 4494
3 4494
2 4494
1 4494
0 4527
0 4528
0 4529
28 4517
21 4517
22 4517
23 4517
24 4517
0 4530
25 4503
9 4503
8 4503
7 4503
6 4503
5 4503
4 4503
3 4503
2 4503
1 4503
0 4531
0 4532
0 4533
0 4534
0 4535
0 4536
0 4539
33 4542
0 4543
31 4540
24 4540
0 4544
0 4545
