35 112 0 100 0.1 2.50782 2.60782
36 117 0 100 0.4 3.15356 3.55356
41 111 0 100 1.8 2.40978 4.20978
38 118 0 100 2 3.28317 5.28317
43 115 0 100 4.3 2.69889 6.99889
34 113 0 100 5.7 2.56067 8.26067
35 126 0 100 1.4 7.05466 8.45466
44 129 0 100 0.2 8.284 8.484
29 114 0 100 6.3 2.69158 8.99158
28 109 0 100 7.4 2.2585 9.6585
30 125 0 100 3.6 6.21373 9.81373
33 132 0 100 0.1 10.1297 10.2297
43 134 0 100 0.6 10.3494 10.9494
28 136 0 100 0.6 10.3968 10.9968
40 130 0 100 2.1 9.14509 11.2451
32 131 0 100 1.7 10.0823 11.7823
25 135 0 100 1.8 10.3847 12.1847
34 128 0 100 4.5 7.94994 12.4499
41 142 0 100 0.3 12.4986 12.7986
29 138 0 100 2.7 10.9218 13.6218
37 139 0 100 1.9 12.2225 14.1225
30 140 0 100 2.2 12.2275 14.4275
42 148 0 100 0.1 14.613 14.713
44 141 0 100 2.5 12.2682 14.7682
39 144 0 100 1.9 13.0841 14.9841
