44 50 0.048 49.952
51 50 0.0048 49.9952
51 49.9952 0.048 49.9472
44 49.952 0.0096 49.9424
44 49.9424 0.16 49.7824
44 49.7824 0.0016 49.7808
33 50 0.016 49.984
33 49.984 0.016 49.968
33 49.968 0.048 49.92
33 50 0.048 49.952
33 50 0.048 49.952
33 50 0.048 49.952
26 50 0.048 49.952
48 50 0.0048 49.9952
48 49.9952 0.048 49.9472
26 49.952 0.0048 49.9472
26 49.9472 0.16 49.7872
48 49.9472 0.016 49.9312
48 49.9312 0.016 49.9152
26 49.7872 0.0016 49.7856
48 49.9152 0.048 49.8672
26 49.7856 0.0048 49.7808
33 50 0.048 49.952
30 50 0.048 49.952
48 50 0.048 49.952
48 49.952 0.0048 49.9472
48 49.9472 0.16 49.7872
48 49.7872 0.0016 49.7856
37 50 0.016 49.984
37 49.984 0.016 49.968
37 49.968 0.048 49.92
38 50 0.0048 49.9952
38 49.9952 0.048 49.9472
37 49.92 0.0048 49.9152
37 49.9152 0.16 49.7552
38 49.9472 0.016 49.9312
38 49.9312 0.016 49.9152
37 49.7552 0.0016 49.7536
38 49.9152 0.048 49.8672
37 49.7536 0.0048 49.7488
33 50 0.048 49.952
30 50 0.048 49.952
38 50 0.048 49.952
33 50 0.048 49.952
30 50 0.048 49.952
29 50 0.048 49.952
37 49.9574 0.048 49.9094
36 50 0.048 49.952
38 50 0.048 49.952
37 50 0.0048 49.9952
33 50 0.048 49.952
30 50 0.048 49.952
29 50 0.048 49.952
37 49.9952 0.048 49.9472
35 50 0.0048 49.9952
35 49.9952 0.048 49.9472
38 49.952 0.0048 49.9472
37 49.9472 0.0048 49.9424
37 49.9424 0.16 49.7824
35 49.9472 0.016 49.9312
35 49.9312 0.016 49.9152
37 49.7824 0.0016 49.7808
35 49.9152 0.048 49.8672
37 49.7808 0.0048 49.776
36 50 0.048 49.952
38 50 0.048 49.952
37 50 0.0048 49.9952
33 50 0.048 49.952
30 50 0.048 49.952
28 50 0.048 49.952
53 50 0.0048 49.9952
53 49.9952 0.048 49.9472
28 49.952 0.0048 49.9472
28 49.9472 0.16 49.7872
53 49.9472 0.016 49.9312
53 49.9312 0.016 49.9152
28 49.7872 0.0016 49.7856
53 49.9152 0.048 49.8672
28 49.7856 0.0048 49.7808
29 50 0.048 49.952
48 50 0.0048 49.9952
48 49.9952 0.048 49.9472
29 49.952 0.0048 49.9472
29 49.9472 0.16 49.7872
48 49.9472 0.016 49.9312
48 49.9312 0.016 49.9152
29 49.7872 0.0016 49.7856
48 49.9152 0.048 49.8672
26 50 0.0048 49.9952
26 49.9952 0.048 49.9472
29 49.7856 0.0048 49.7808
48 49.8672 0.0048 49.8624
48 49.8624 0.16 49.7024
26 49.9472 0.016 49.9312
26 49.9312 0.016 49.9152
48 49.7024 0.0016 49.7008
26 49.9152 0.048 49.8672
48 49.7008 0.0048 49.696
35 50 0.048 49.952
35 49.952 0.0048 49.9472
35 49.9472 0.16 49.7872
35 49.7872 0.0016 49.7856
50 50 0.016 49.984
50 49.984 0.016 49.968
50 49.968 0.048 49.92
40 50 0.0048 49.9952
40 49.9952 0.048 49.9472
50 49.92 0.0048 49.9152
50 49.9152 0.16 49.7552
40 49.9472 0.016 49.9312
40 49.9312 0.016 49.9152
50 49.7552 0.0016 49.7536
40 49.9152 0.048 49.8672
50 49.7536 0.0048 49.7488
36 50 0.048 49.952
41 50 0.048 49.952
47 50 0.048 49.952
47 49.952 0.0048 49.9472
47 49.9472 0.16 49.7872
47 49.7872 0.0016 49.7856
27 50 0.016 49.984
27 49.984 0.016 49.968
27 49.968 0.048 49.92
43 50 0.0048 49.9952
43 49.9952 0.048 49.9472
27 49.92 0.0048 49.9152
27 49.9152 0.16 49.7552
43 49.9472 0.016 49.9312
43 49.9312 0.016 49.9152
27 49.7552 0.0016 49.7536
43 49.9152 0.048 49.8672
27 49.7536 0.0048 49.7488
38 50 0.048 49.952
37 50 0.0048 49.9952
33 50 0.048 49.952
30 50 0.048 49.952
53 50 0.048 49.952
28 50 0.0048 49.9952
53 49.952 0.0048 49.9472
53 49.9472 0.16 49.7872
53 49.7872 0.0016 49.7856
52 50 0.016 49.984
52 49.984 0.016 49.968
52 49.968 0.048 49.92
26 50 0.048 49.952
48 49.8988 0.0048 49.894
26 49.952 0.0048 49.9472
26 49.9472 0.16 49.7872
26 49.7872 0.0016 49.7856
40 50 0.048 49.952
36 50 0.048 49.952
41 50 0.048 49.952
43 50 0.048 49.952
27 50 0.0048 49.9952
38 50 0.048 49.952
37 50 0.0048 49.9952
33 50 0.048 49.952
30 50 0.048 49.952
52 50 0.048 49.952
40 50 0.048 49.952
50 50 0.0048 49.9952
36 50 0.048 49.952
39 50 0.048 49.952
41 50 0.048 49.952
43 50 0.048 49.952
27 50 0.0048 49.9952
38 50 0.048 49.952
33 50 0.048 49.952
30 50 0.048 49.952
52 50 0.048 49.952
40 50 0.048 49.952
50 50 0.0048 49.9952
36 50 0.048 49.952
39 50 0.048 49.952
39 49.952 0.0048 49.9472
39 49.9472 0.16 49.7872
39 49.7872 0.0016 49.7856
32 50 0.016 49.984
32 49.984 0.016 49.968
32 49.968 0.048 49.92
41 50 0.048 49.952
43 50 0.048 49.952
27 50 0.0048 49.9952
38 50 0.048 49.952
37 50 0.0048 49.9952
33 50 0.048 49.952
30 50 0.048 49.952
52 50 0.048 49.952
40 50 0.048 49.952
50 50 0.0048 49.9952
36 50 0.048 49.952
32 50 0.048 49.952
41 50 0.048 49.952
43 50 0.048 49.952
27 50 0.0048 49.9952
38 50 0.048 49.952
37 50 0.0048 49.9952
33 50 0.048 49.952
30 50 0.048 49.952
52 50 0.048 49.952
40 50 0.048 49.952
50 50 0.0048 49.9952
40 49.952 0.0048 49.9472
40 49.9472 0.16 49.7872
40 49.7872 0.0016 49.7856
36 50 0.048 49.952
32 50 0.048 49.952
41 50 0.048 49.952
25 50 0.048 49.952
43 50 0.048 49.952
38 50 0.048 49.952
33 50 0.048 49.952
30 50 0.048 49.952
52 50 0.048 49.952
36 50 0.048 49.952
34 50 0.048 49.952
32 50 0.048 49.952
41 50 0.048 49.952
46 50 0.048 49.952
25 50 0.048 49.952
43 50 0.048 49.952
27 50 0.0048 49.9952
38 50 0.048 49.952
37 50 0.0048 49.9952
33 50 0.048 49.952
30 50 0.048 49.952
52 50 0.048 49.952
36 50 0.048 49.952
34 50 0.048 49.952
32 50 0.048 49.952
41 50 0.048 49.952
46 50 0.048 49.952
25 50 0.048 49.952
43 50 0.048 49.952
27 50 0.0048 49.9952
38 50 0.048 49.952
38 49.952 0.0048 49.9472
38 49.9472 0.16 49.7872
38 49.7872 0.0016 49.7856
33 50 0.048 49.952
30 50 0.048 49.952
52 50 0.048 49.952
36 50 0.048 49.952
34 50 0.048 49.952
32 50 0.048 49.952
41 50 0.048 49.952
46 50 0.048 49.952
42 50 0.048 49.952
25 50 0.048 49.952
43 50 0.048 49.952
27 50 0.0048 49.9952
33 50 0.048 49.952
30 50 0.048 49.952
52 50 0.048 49.952
36 50 0.048 49.952
34 50 0.048 49.952
32 50 0.048 49.952
41 50 0.048 49.952
46 50 0.048 49.952
42 50 0.048 49.952
25 50 0.048 49.952
43 50 0.048 49.952
27 50 0.0048 49.9952
33 50 0.048 49.952
30 50 0.048 49.952
52 50 0.048 49.952
36 50 0.048 49.952
34 50 0.048 49.952
32 50 0.048 49.952
41 50 0.048 49.952
46 50 0.048 49.952
42 50 0.048 49.952
42 49.952 0.0048 49.9472
42 49.9472 0.16 49.7872
42 49.7872 0.0016 49.7856
48 50 0.016 49.984
48 49.984 0.016 49.968
48 49.968 0.048 49.92
25 50 0.048 49.952
43 50 0.048 49.952
27 50 0.0048 49.9952
38 50 0.048 49.952
33 50 0.048 49.952
30 50 0.048 49.952
52 50 0.048 49.952
36 50 0.048 49.952
34 50 0.048 49.952
32 50 0.048 49.952
41 50 0.048 49.952
46 50 0.048 49.952
48 50 0.048 49.952
25 50 0.048 49.952
43 50 0.048 49.952
27 50 0.0048 49.9952
38 50 0.048 49.952
33 50 0.048 49.952
30 50 0.048 49.952
52 50 0.048 49.952
36 50 0.048 49.952
34 50 0.048 49.952
34 49.952 0.0048 49.9472
34 49.9472 0.16 49.7872
34 49.7872 0.0016 49.7856
50 50 0.016 49.984
50 49.984 0.016 49.968
50 49.968 0.048 49.92
40 50 0.0048 49.9952
40 49.9952 0.048 49.9472
50 49.92 0.0048 49.9152
50 49.9152 0.16 49.7552
40 49.9472 0.016 49.9312
40 49.9312 0.016 49.9152
50 49.7552 0.0016 49.7536
40 49.9152 0.048 49.8672
50 49.7536 0.0048 49.7488
32 50 0.048 49.952
32 49.952 0.0048 49.9472
32 49.9472 0.16 49.7872
32 49.7872 0.0016 49.7856
44 50 0.016 49.984
44 49.984 0.016 49.968
44 49.968 0.048 49.92
51 50 0.0048 49.9952
51 49.9952 0.048 49.9472
44 49.92 0.0048 49.9152
44 49.9152 0.16 49.7552
51 49.9472 0.016 49.9312
51 49.9312 0.016 49.9152
44 49.7552 0.0016 49.7536
51 49.9152 0.048 49.8672
44 49.7536 0.0048 49.7488
41 50 0.048 49.952
41 49.952 0.0048 49.9472
41 49.9472 0.16 49.7872
41 49.7872 0.0016 49.7856
49 50 0.016 49.984
49 49.984 0.016 49.968
49 49.968 0.048 49.92
46 50 0.048 49.952
50 49.7488 0.048 49.7008
40 49.8672 0.0048 49.8624
48 50 0.048 49.952
29 50 0.0048 49.9952
29 49.9952 0.048 49.9472
48 49.952 0.0048 49.9472
48 49.9472 0.16 49.7872
29 49.9472 0.016 49.9312
29 49.9312 0.016 49.9152
48 49.7872 0.0016 49.7856
29 49.9152 0.048 49.8672
48 49.7856 0.0048 49.7808
25 50 0.048 49.952
43 50 0.048 49.952
27 50 0.0048 49.9952
38 50 0.048 49.952
33 50 0.048 49.952
30 50 0.048 49.952
52 50 0.048 49.952
36 50 0.048 49.952
40 50 0.048 49.952
27 50 0.048 49.952
51 50 0.048 49.952
44 50 0.0048 49.9952
49 50 0.048 49.952
32 50 0.048 49.952
46 50 0.048 49.952
50 49.8408 0.048 49.7928
29 50 0.048 49.952
25 50 0.048 49.952
43 50 0.048 49.952
43 49.952 0.0048 49.9472
43 49.9472 0.16 49.7872
43 49.7872 0.0016 49.7856
39 50 0.016 49.984
39 49.984 0.016 49.968
39 49.968 0.048 49.92
38 50 0.048 49.952
33 50 0.048 49.952
30 50 0.048 49.952
52 50 0.048 49.952
36 50 0.048 49.952
40 50 0.048 49.952
50 50 0.0048 49.9952
27 50 0.048 49.952
51 50 0.048 49.952
49 50 0.048 49.952
32 50 0.048 49.952
32 49.952 0.0048 49.9472
32 49.9472 0.16 49.7872
32 49.7872 0.0016 49.7856
44 50 0.016 49.984
44 49.984 0.016 49.968
44 49.968 0.048 49.92
46 50 0.048 49.952
50 49.9952 0.048 49.9472
40 49.952 0.0048 49.9472
29 50 0.048 49.952
25 50 0.048 49.952
39 50 0.048 49.952
38 50 0.048 49.952
33 50 0.048 49.952
30 50 0.048 49.952
30 49.952 0.0048 49.9472
30 49.9472 0.16 49.7872
30 49.7872 0.0016 49.7856
43 50 0.016 49.984
43 49.984 0.016 49.968
43 49.968 0.048 49.92
27 50 0.0048 49.9952
52 50 0.048 49.952
36 50 0.048 49.952
40 50 0.048 49.952
27 49.9952 0.048 49.9472
43 49.92 0.0048 49.9152
27 49.9472 0.0048 49.9424
27 49.9424 0.16 49.7824
27 49.7824 0.0016 49.7808
30 49.7856 0.016 49.7696
30 49.7696 0.016 49.7536
30 49.7536 0.048 49.7056
51 50 0.048 49.952
44 50 0.0048 49.9952
49 50 0.048 49.952
44 49.9952 0.048 49.9472
51 49.952 0.0048 49.9472
46 50 0.048 49.952
50 50 0.048 49.952
29 50 0.048 49.952
48 50 0.0048 49.9952
45 50 0.048 49.952
25 50 0.048 49.952
39 50 0.048 49.952
54 50 0.048 49.952
38 50 0.048 49.952
33 50 0.048 49.952
43 50 0.048 49.952
27 50 0.0048 49.9952
27 49.9952 0.048 49.9472
43 49.952 0.0096 49.9424
43 49.9424 0.16 49.7824
43 49.7824 0.0016 49.7808
27 49.9472 0.016 49.9312
27 49.9312 0.016 49.9152
27 49.9152 0.048 49.8672
43 49.7808 0.0048 49.776
52 50 0.048 49.952
36 50 0.048 49.952
40 50 0.048 49.952
50 50 0.0048 49.9952
30 50 0.048 49.952
51 50 0.048 49.952
44 50 0.0048 49.9952
49 50 0.048 49.952
44 49.9952 0.048 49.9472
51 49.952 0.0048 49.9472
46 50 0.048 49.952
50 49.9952 0.048 49.9472
40 49.952 0.0048 49.9472
35 50 0.048 49.952
37 50 0.0048 49.9952
37 49.9952 0.048 49.9472
35 49.952 0.0096 49.9424
35 49.9424 0.16 49.7824
35 49.7824 0.0016 49.7808
48 50 0.016 49.984
48 49.984 0.016 49.968
48 49.968 0.048 49.92
29 50 0.048 49.952
45 50 0.048 49.952
25 50 0.048 49.952
39 50 0.048 49.952
54 50 0.048 49.952
38 50 0.048 49.952
33 50 0.048 49.952
27 50 0.048 49.952
43 49.8902 0.0048 49.8854
52 50 0.048 49.952
36 50 0.048 49.952
40 50 0.048 49.952
50 50 0.0048 49.9952
30 50 0.048 49.952
51 50 0.048 49.952
44 50 0.0048 49.9952
51 49.952 0.0048 49.9472
51 49.9472 0.16 49.7872
51 49.7872 0.0016 49.7856
43 49.8854 0.016 49.8694
43 49.8694 0.016 49.8534
43 49.8534 0.048 49.8054
27 49.952 0.0048 49.9472
49 50 0.048 49.952
44 49.9952 0.048 49.9472
51 49.7856 0.0048 49.7808
51 49.7808 0.048 49.7328
44 49.9472 0.0096 49.9376
44 49.9376 0.16 49.7776
44 49.7776 0.0016 49.776
47 50 0.016 49.984
47 49.984 0.016 49.968
47 49.968 0.048 49.92
47 49.92 0.0048 49.9152
47 49.9152 0.16 49.7552
47 49.7552 0.0016 49.7536
46 50 0.048 49.952
50 49.9952 0.048 49.9472
40 49.952 0.0048 49.9472
50 49.9472 0.0048 49.9424
50 49.9424 0.16 49.7824
50 49.7824 0.0016 49.7808
35 50 0.016 49.984
35 49.984 0.016 49.968
35 49.968 0.048 49.92
37 50 0.0048 49.9952
37 49.9952 0.048 49.9472
35 49.92 0.0048 49.9152
35 49.9152 0.16 49.7552
37 49.9472 0.016 49.9312
37 49.9312 0.016 49.9152
35 49.7552 0.0016 49.7536
37 49.9152 0.048 49.8672
35 49.7536 0.0048 49.7488
48 50 0.048 49.952
29 50 0.048 49.952
29 49.952 0.0048 49.9472
29 49.9472 0.16 49.7872
29 49.7872 0.0016 49.7856
26 50 0.016 49.984
26 49.984 0.016 49.968
26 49.968 0.048 49.92
45 50 0.048 49.952
25 50 0.048 49.952
25 49.952 0.0048 49.9472
25 49.9472 0.16 49.7872
25 49.7872 0.0016 49.7856
35 49.7488 0.016 49.7328
35 49.7328 0.016 49.7168
35 49.7168 0.048 49.6688
37 49.8672 0.0048 49.8624
39 50 0.048 49.952
54 50 0.048 49.952
38 50 0.048 49.952
33 50 0.048 49.952
27 50 0.048 49.952
43 50 0.0048 49.9952
52 50 0.048 49.952
52 49.952 0.0048 49.9472
52 49.9472 0.16 49.7872
52 49.7872 0.0016 49.7856
36 50 0.048 49.952
36 49.952 0.0048 49.9472
36 49.9472 0.16 49.7872
36 49.7872 0.0016 49.7856
44 49.8865 0.016 49.8705
44 49.8705 0.016 49.8545
44 49.8545 0.048 49.8065
51 50 0.0048 49.9952
51 49.9952 0.048 49.9472
44 49.8065 0.0048 49.8017
44 49.8017 0.16 49.6417
51 49.9472 0.016 49.9312
51 49.9312 0.016 49.9152
44 49.6417 0.0016 49.6401
51 49.9152 0.048 49.8672
44 49.6401 0.0048 49.6353
40 50 0.048 49.952
30 50 0.048 49.952
43 49.9952 0.048 49.9472
27 49.952 0.0048 49.9472
49 50 0.048 49.952
46 50 0.048 49.952
37 50 0.048 49.952
35 50 0.0048 49.9952
48 50 0.048 49.952
26 50 0.0048 49.9952
26 49.9952 0.048 49.9472
48 49.952 0.0048 49.9472
31 50 0.048 49.952
45 50 0.048 49.952
35 49.9952 0.048 49.9472
37 49.952 0.0048 49.9472
39 50 0.048 49.952
54 50 0.048 49.952
38 50 0.048 49.952
37 50 0.0048 49.9952
33 50 0.048 49.952
27 50 0.048 49.952
43 50 0.0048 49.9952
51 50 0.048 49.952
44 49.7948 0.0048 49.79
40 50 0.048 49.952
30 50 0.048 49.952
43 49.9952 0.048 49.9472
27 49.952 0.0048 49.9472
49 50 0.048 49.952
46 50 0.048 49.952
37 49.9952 0.048 49.9472
35 50 0.0048 49.9952
48 50 0.048 49.952
29 50 0.0048 49.9952
29 49.9952 0.048 49.9472
48 49.952 0.0048 49.9472
48 49.9472 0.16 49.7872
29 49.9472 0.016 49.9312
29 49.9312 0.016 49.9152
48 49.7872 0.0016 49.7856
29 49.9152 0.048 49.8672
48 49.7856 0.0048 49.7808
29 49.8672 0.0048 49.8624
29 49.8624 0.16 49.7024
29 49.7024 0.0016 49.7008
41 50 0.016 49.984
41 49.984 0.016 49.968
41 49.968 0.048 49.92
26 50 0.048 49.952
31 50 0.048 49.952
45 50 0.048 49.952
35 49.9952 0.048 49.9472
37 49.9472 0.0048 49.9424
39 50 0.048 49.952
54 50 0.048 49.952
38 50 0.048 49.952
33 50 0.048 49.952
33 49.952 0.0048 49.9472
33 49.9472 0.16 49.7872
33 49.7872 0.0016 49.7856
32 50 0.016 49.984
32 49.984 0.016 49.968
32 49.968 0.048 49.92
27 50 0.048 49.952
43 50 0.0048 49.9952
51 50 0.048 49.952
40 50 0.048 49.952
50 50 0.0048 49.9952
30 50 0.048 49.952
43 49.9952 0.048 49.9472
27 49.952 0.0048 49.9472
49 50 0.048 49.952
46 50 0.048 49.952
37 50 0.048 49.952
35 50 0.0048 49.9952
41 50 0.048 49.952
26 50 0.048 49.952
48 50 0.0048 49.9952
31 50 0.048 49.952
45 50 0.048 49.952
35 49.9952 0.048 49.9472
37 49.952 0.0048 49.9472
35 49.9472 0.0048 49.9424
35 49.9424 0.16 49.7824
35 49.7824 0.0016 49.7808
29 50 0.016 49.984
29 49.984 0.016 49.968
29 49.968 0.048 49.92
48 49.9952 0.0048 49.9904
48 49.9904 0.048 49.9424
29 49.92 0.0048 49.9152
29 49.9152 0.16 49.7552
48 49.9424 0.016 49.9264
48 49.9264 0.016 49.9104
29 49.7552 0.0016 49.7536
48 49.9104 0.048 49.8624
26 49.952 0.0048 49.9472
29 49.7536 0.0048 49.7488
39 50 0.048 49.952
54 50 0.048 49.952
54 49.952 0.0048 49.9472
54 49.9472 0.16 49.7872
54 49.7872 0.0016 49.7856
28 50 0.016 49.984
28 49.984 0.016 49.968
28 49.968 0.048 49.92
38 50 0.048 49.952
37 50 0.0048 49.9952
32 50 0.048 49.952
27 50 0.048 49.952
43 50 0.0048 49.9952
51 50 0.048 49.952
40 50 0.048 49.952
30 50 0.048 49.952
43 49.9952 0.048 49.9472
27 49.952 0.0048 49.9472
49 50 0.048 49.952
46 50 0.048 49.952
37 49.9952 0.048 49.9472
35 50 0.0048 49.9952
41 50 0.048 49.952
26 50 0.048 49.952
48 50 0.0048 49.9952
31 50 0.048 49.952
45 50 0.048 49.952
48 49.9952 0.048 49.9472
29 50 0.0048 49.9952
48 49.9472 0.0048 49.9424
48 49.9424 0.16 49.7824
48 49.7824 0.0016 49.7808
34 50 0.016 49.984
34 49.984 0.016 49.968
34 49.968 0.048 49.92
39 50 0.048 49.952
28 50 0.048 49.952
38 50 0.048 49.952
32 50 0.048 49.952
27 50 0.048 49.952
43 50 0.0048 49.9952
51 50 0.048 49.952
40 50 0.048 49.952
30 50 0.048 49.952
43 49.9952 0.048 49.9472
49 50 0.048 49.952
46 50 0.048 49.952
37 50 0.048 49.952
35 50 0.0048 49.9952
41 50 0.048 49.952
26 50 0.048 49.952
31 50 0.048 49.952
45 50 0.048 49.952
34 50 0.048 49.952
39 50 0.048 49.952
28 50 0.048 49.952
38 50 0.048 49.952
32 50 0.048 49.952
27 50 0.048 49.952
51 50 0.048 49.952
40 50 0.048 49.952
50 50 0.0048 49.9952
30 50 0.048 49.952
43 50 0.048 49.952
27 49.952 0.0048 49.9472
49 50 0.048 49.952
46 50 0.048 49.952
37 50 0.048 49.952
35 50 0.0048 49.9952
38 50 0.0048 49.9952
41 50 0.048 49.952
26 50 0.048 49.952
31 50 0.048 49.952
45 50 0.048 49.952
34 50 0.048 49.952
39 50 0.048 49.952
28 50 0.048 49.952
28 49.952 0.0048 49.9472
28 49.9472 0.16 49.7872
28 49.7872 0.0016 49.7856
53 50 0.016 49.984
53 49.984 0.016 49.968
53 49.968 0.048 49.92
38 49.9952 0.048 49.9472
32 50 0.048 49.952
27 50 0.048 49.952
43 50 0.0048 49.9952
51 50 0.048 49.952
40 50 0.048 49.952
50 50 0.0048 49.9952
30 50 0.048 49.952
43 49.9952 0.048 49.9472
27 49.952 0.0048 49.9472
49 50 0.048 49.952
46 50 0.048 49.952
37 50 0.048 49.952
35 50 0.0048 49.9952
38 50 0.0048 49.9952
41 50 0.048 49.952
41 49.952 0.0048 49.9472
41 49.9472 0.16 49.7872
41 49.7872 0.0016 49.7856
44 50 0.016 49.984
44 49.984 0.016 49.968
44 49.968 0.048 49.92
26 50 0.048 49.952
31 50 0.048 49.952
45 50 0.048 49.952
34 50 0.048 49.952
39 50 0.048 49.952
53 50 0.048 49.952
38 49.9952 0.048 49.9472
37 50 0.0048 49.9952
32 50 0.048 49.952
27 50 0.048 49.952
43 50 0.0048 49.9952
51 50 0.048 49.952
40 50 0.048 49.952
50 50 0.0048 49.9952
30 50 0.048 49.952
43 49.9952 0.048 49.9472
49 50 0.048 49.952
46 50 0.048 49.952
37 49.9952 0.048 49.9472
35 50 0.0048 49.9952
37 49.9472 0.0048 49.9424
37 49.9424 0.16 49.7824
37 49.7824 0.0016 49.7808
29 50 0.016 49.984
29 49.984 0.016 49.968
29 49.968 0.048 49.92
48 50 0.0048 49.9952
48 49.9952 0.048 49.9472
29 49.92 0.0048 49.9152
29 49.9152 0.16 49.7552
48 49.9472 0.016 49.9312
48 49.9312 0.016 49.9152
29 49.7552 0.0016 49.7536
48 49.9152 0.048 49.8672
29 49.7536 0.0048 49.7488
44 50 0.048 49.952
26 50 0.048 49.952
31 50 0.048 49.952
45 50 0.048 49.952
34 50 0.048 49.952
39 50 0.048 49.952
53 50 0.048 49.952
38 50 0.048 49.952
37 49.9253 0.0048 49.9205
37 49.9205 0.048 49.8725
38 49.952 0.0048 49.9472
38 49.9472 0.16 49.7872
37 49.8725 0.016 49.8565
37 49.8565 0.016 49.8405
38 49.7872 0.0016 49.7856
37 49.8405 0.048 49.7925
38 49.7856 0.0048 49.7808
32 50 0.048 49.952
27 50 0.048 49.952
51 50 0.048 49.952
40 50 0.048 49.952
50 50 0.0048 49.9952
30 50 0.048 49.952
43 50 0.048 49.952
27 49.952 0.0048 49.9472
49 50 0.048 49.952
46 50 0.048 49.952
48 50 0.048 49.952
29 50 0.0048 49.9952
44 50 0.048 49.952
26 50 0.048 49.952
31 50 0.048 49.952
45 50 0.048 49.952
34 50 0.048 49.952
34 49.952 0.0048 49.9472
34 49.9472 0.16 49.7872
34 49.7872 0.0016 49.7856
42 50 0.016 49.984
42 49.984 0.016 49.968
42 49.968 0.048 49.92
39 50 0.048 49.952
53 50 0.048 49.952
28 50 0.048 49.952
37 49.957 0.048 49.909
32 50 0.048 49.952
27 50 0.048 49.952
43 50 0.0048 49.9952
51 50 0.048 49.952
40 50 0.048 49.952
50 50 0.0048 49.9952
30 50 0.048 49.952
43 49.9952 0.048 49.9472
27 49.952 0.0048 49.9472
49 50 0.048 49.952
46 50 0.048 49.952
48 50 0.048 49.952
26 50 0.0048 49.9952
29 50 0.0048 49.9952
44 50 0.048 49.952
26 49.9952 0.048 49.9472
48 49.952 0.0048 49.9472
31 50 0.048 49.952
31 49.952 0.0048 49.9472
31 49.9472 0.16 49.7872
31 49.7872 0.0016 49.7856
45 50 0.048 49.952
42 50 0.048 49.952
39 50 0.048 49.952
53 50 0.048 49.952
28 50 0.0048 49.9952
28 49.9952 0.048 49.9472
53 49.952 0.0048 49.9472
37 50 0.048 49.952
35 50 0.0048 49.9952
35 49.9952 0.048 49.9472
38 50 0.0048 49.9952
37 49.952 0.0048 49.9472
37 49.9472 0.16 49.7872
35 49.9472 0.016 49.9312
35 49.9312 0.016 49.9152
37 49.7872 0.0016 49.7856
35 49.9152 0.048 49.8672
37 49.7856 0.0048 49.7808
32 50 0.048 49.952
27 50 0.048 49.952
43 50 0.0048 49.9952
51 50 0.048 49.952
40 50 0.048 49.952
50 50 0.0048 49.9952
30 50 0.048 49.952
43 49.9952 0.048 49.9472
27 49.952 0.0048 49.9472
49 50 0.048 49.952
46 50 0.048 49.952
46 49.952 0.0048 49.9472
46 49.9472 0.16 49.7872
46 49.7872 0.0016 49.7856
36 50 0.016 49.984
36 49.984 0.016 49.968
36 49.968 0.048 49.92
36 49.92 0.0048 49.9152
36 49.9152 0.16 49.7552
36 49.7552 0.0016 49.7536
48 50 0.048 49.952
26 50 0.0048 49.9952
29 50 0.0048 49.9952
44 50 0.048 49.952
26 49.9952 0.048 49.9472
48 49.952 0.0048 49.9472
45 50 0.048 49.952
42 50 0.048 49.952
39 50 0.048 49.952
39 49.952 0.0048 49.9472
39 49.9472 0.16 49.7872
39 49.7872 0.0016 49.7856
53 50 0.048 49.952
28 50 0.0048 49.9952
28 49.9952 0.048 49.9472
53 49.952 0.0048 49.9472
35 49.9814 0.048 49.9334
37 49.9176 0.0048 49.9128
32 50 0.048 49.952
27 50 0.048 49.952
43 50 0.0048 49.9952
51 50 0.048 49.952
40 50 0.048 49.952
30 50 0.048 49.952
43 49.9952 0.048 49.9472
27 49.952 0.0048 49.9472
49 50 0.048 49.952
48 50 0.048 49.952
26 50 0.0048 49.9952
29 50 0.0048 49.9952
44 50 0.048 49.952
51 49.952 0.0048 49.9472
26 49.9952 0.048 49.9472
48 49.952 0.0048 49.9472
45 50 0.048 49.952
42 50 0.048 49.952
53 50 0.048 49.952
28 50 0.0048 49.9952
28 49.9952 0.048 49.9472
53 49.952 0.0048 49.9472
35 50 0.048 49.952
37 50 0.0048 49.9952
32 50 0.048 49.952
27 50 0.048 49.952
43 50 0.0048 49.9952
51 50 0.048 49.952
44 50 0.0048 49.9952
40 50 0.048 49.952
40 49.952 0.0048 49.9472
40 49.9472 0.16 49.7872
40 49.7872 0.0016 49.7856
37 49.9952 0.016 49.9792
37 49.9792 0.016 49.9632
37 49.9632 0.048 49.9152
35 50 0.0048 49.9952
30 50 0.048 49.952
43 49.9952 0.048 49.9472
27 49.952 0.0048 49.9472
43 49.9472 0.0048 49.9424
43 49.9424 0.16 49.7824
43 49.7824 0.0016 49.7808
49 50 0.048 49.952
48 50 0.048 49.952
26 50 0.0048 49.9952
29 50 0.0048 49.9952
44 49.9952 0.048 49.9472
51 49.952 0.0048 49.9472
26 49.9952 0.048 49.9472
48 49.952 0.0048 49.9472
45 50 0.048 49.952
42 50 0.048 49.952
53 50 0.048 49.952
28 50 0.0048 49.9952
28 49.9952 0.048 49.9472
53 49.952 0.0048 49.9472
35 49.9952 0.048 49.9472
38 50 0.0048 49.9952
32 50 0.048 49.952
27 50 0.048 49.952
43 50 0.0048 49.9952
51 50 0.048 49.952
44 50 0.0048 49.9952
37 50 0.048 49.952
30 50 0.048 49.952
49 50 0.048 49.952
40 50 0.048 49.952
50 50 0.0048 49.9952
50 49.9952 0.048 49.9472
40 49.952 0.0048 49.9472
40 49.9472 0.16 49.7872
50 49.9472 0.016 49.9312
50 49.9312 0.016 49.9152
40 49.7872 0.0016 49.7856
50 49.9152 0.048 49.8672
40 49.7856 0.0048 49.7808
48 50 0.048 49.952
26 50 0.0048 49.9952
29 50 0.0048 49.9952
44 49.9952 0.048 49.9472
51 49.952 0.0048 49.9472
26 49.9952 0.048 49.9472
48 49.952 0.0048 49.9472
45 50 0.048 49.952
42 50 0.048 49.952
29 50 0.048 49.952
48 49.9472 0.0048 49.9424
53 50 0.048 49.952
28 50 0.0048 49.9952
28 49.9952 0.048 49.9472
53 49.952 0.0048 49.9472
35 50 0.048 49.952
37 50 0.0048 49.9952
32 50 0.048 49.952
27 50 0.048 49.952
43 50 0.0048 49.9952
51 50 0.048 49.952
44 50 0.0048 49.9952
37 49.9952 0.048 49.9472
35 50 0.0048 49.9952
30 50 0.048 49.952
49 50 0.048 49.952
50 50 0.048 49.952
40 49.9022 0.0048 49.8974
48 50 0.048 49.952
26 50 0.0048 49.9952
48 49.952 0.0048 49.9472
48 49.9472 0.16 49.7872
48 49.7872 0.0016 49.7856
34 50 0.016 49.984
34 49.984 0.016 49.968
34 49.968 0.048 49.92
44 49.9952 0.048 49.9472
51 49.952 0.0048 49.9472
26 49.9952 0.048 49.9472
48 49.7856 0.0048 49.7808
45 50 0.048 49.952
42 50 0.048 49.952
29 50 0.048 49.952
53 50 0.048 49.952
28 50 0.0048 49.9952
28 49.9952 0.048 49.9472
53 49.952 0.0048 49.9472
35 49.9952 0.048 49.9472
37 50 0.0048 49.9952
32 50 0.048 49.952
27 50 0.048 49.952
43 50 0.0048 49.9952
51 50 0.048 49.952
44 50 0.0048 49.9952
37 49.9952 0.048 49.9472
35 50 0.0048 49.9952
38 50 0.0048 49.9952
38 49.9952 0.048 49.9472
37 49.9472 0.0048 49.9424
37 49.9424 0.16 49.7824
38 49.9472 0.016 49.9312
38 49.9312 0.016 49.9152
37 49.7824 0.0016 49.7808
38 49.9152 0.048 49.8672
37 49.7808 0.0048 49.776
30 50 0.048 49.952
49 50 0.048 49.952
50 50 0.048 49.952
34 50 0.048 49.952
44 49.9952 0.048 49.9472
51 49.952 0.0048 49.9472
26 50 0.048 49.952
45 50 0.048 49.952
42 50 0.048 49.952
29 50 0.048 49.952
53 50 0.048 49.952
28 50 0.0048 49.9952
28 49.9952 0.048 49.9472
53 49.952 0.0048 49.9472
35 49.9952 0.048 49.9472
37 50 0.0048 49.9952
32 50 0.048 49.952
27 50 0.048 49.952
51 50 0.048 49.952
44 50 0.0048 49.9952
51 49.952 0.0048 49.9472
51 49.9472 0.16 49.7872
51 49.7872 0.0016 49.7856
38 50 0.048 49.952
30 50 0.048 49.952
49 50 0.048 49.952
50 50 0.048 49.952
50 49.952 0.0048 49.9472
50 49.9472 0.16 49.7872
50 49.7872 0.0016 49.7856
25 50 0.016 49.984
25 49.984 0.016 49.968
25 49.968 0.048 49.92
34 50 0.048 49.952
44 49.9952 0.048 49.9472
26 50 0.048 49.952
26 49.952 0.0048 49.9472
26 49.9472 0.16 49.7872
26 49.7872 0.0016 49.7856
33 50 0.016 49.984
33 49.984 0.016 49.968
33 49.968 0.048 49.92
33 49.92 0.0048 49.9152
33 49.9152 0.16 49.7552
33 49.7552 0.0016 49.7536
45 50 0.048 49.952
42 50 0.048 49.952
29 50 0.048 49.952
53 50 0.048 49.952
28 50 0.0048 49.9952
28 49.9952 0.048 49.9472
53 49.952 0.0048 49.9472
35 50 0.048 49.952
37 50 0.0048 49.9952
32 50 0.048 49.952
27 50 0.048 49.952
38 50 0.048 49.952
37 49.9952 0.0048 49.9904
38 49.952 0.0048 49.9472
38 49.9472 0.16 49.7872
38 49.7872 0.0016 49.7856
30 50 0.048 49.952
49 50 0.048 49.952
25 50 0.048 49.952
34 50 0.048 49.952
44 50 0.048 49.952
51 49.9941 0.0048 49.9893
51 49.9893 0.048 49.9413
44 49.952 0.0048 49.9472
44 49.9472 0.16 49.7872
51 49.9413 0.016 49.9253
51 49.9253 0.016 49.9093
44 49.7872 0.0016 49.7856
51 49.9093 0.048 49.8613
44 49.7856 0.0048 49.7808
45 50 0.048 49.952
42 50 0.048 49.952
29 50 0.048 49.952
53 50 0.048 49.952
28 50 0.0048 49.9952
28 49.9952 0.048 49.9472
53 49.952 0.0048 49.9472
35 50 0.048 49.952
32 50 0.048 49.952
27 50 0.048 49.952
43 50 0.0048 49.9952
30 50 0.048 49.952
49 50 0.048 49.952
25 50 0.048 49.952
34 50 0.048 49.952
51 50 0.048 49.952
44 49.989 0.0048 49.9842
45 50 0.048 49.952
42 50 0.048 49.952
29 50 0.048 49.952
53 50 0.048 49.952
28 50 0.0048 49.9952
28 49.9952 0.048 49.9472
53 49.952 0.0048 49.9472
28 49.9472 0.0048 49.9424
28 49.9424 0.16 49.7824
28 49.7824 0.0016 49.7808
52 50 0.016 49.984
52 49.984 0.016 49.968
52 49.968 0.048 49.92
35 50 0.048 49.952
32 50 0.048 49.952
27 50 0.048 49.952
30 50 0.048 49.952
39 50 0.0048 49.9952
39 49.9952 0.048 49.9472
30 49.952 0.0048 49.9472
30 49.9472 0.16 49.7872
39 49.9472 0.016 49.9312
39 49.9312 0.016 49.9152
30 49.7872 0.0016 49.7856
39 49.9152 0.048 49.8672
30 49.7856 0.0048 49.7808
49 50 0.048 49.952
49 49.952 0.0048 49.9472
49 49.9472 0.16 49.7872
49 49.7872 0.0016 49.7856
50 50 0.016 49.984
50 49.984 0.016 49.968
50 49.968 0.048 49.92
25 50 0.048 49.952
34 50 0.048 49.952
51 50 0.048 49.952
44 50 0.0048 49.9952
45 50 0.048 49.952
42 50 0.048 49.952
29 50 0.048 49.952
48 50 0.0048 49.9952
48 49.9952 0.048 49.9472
29 49.952 0.0048 49.9472
29 49.9472 0.16 49.7872
48 49.9472 0.016 49.9312
48 49.9312 0.016 49.9152
29 49.7872 0.0016 49.7856
48 49.9152 0.048 49.8672
29 49.7856 0.0048 49.7808
53 50 0.048 49.952
28 49.9193 0.0048 49.9145
52 50 0.048 49.952
35 50 0.048 49.952
37 50 0.0048 49.9952
41 50 0.048 49.952
32 50 0.048 49.952
27 50 0.048 49.952
43 50 0.0048 49.9952
39 50 0.048 49.952
50 50 0.048 49.952
40 50 0.0048 49.9952
40 49.9952 0.048 49.9472
50 49.952 0.0048 49.9472
50 49.9472 0.16 49.7872
40 49.9472 0.016 49.9312
40 49.9312 0.016 49.9152
50 49.7872 0.0016 49.7856
40 49.9152 0.048 49.8672
50 49.7856 0.0048 49.7808
25 50 0.048 49.952
34 50 0.048 49.952
51 50 0.048 49.952
44 50 0.0048 49.9952
45 50 0.048 49.952
42 50 0.048 49.952
48 50 0.048 49.952
29 50 0.0048 49.9952
53 50 0.048 49.952
28 50 0.0048 49.9952
52 50 0.048 49.952
35 50 0.048 49.952
41 50 0.048 49.952
32 50 0.048 49.952
27 50 0.048 49.952
39 50 0.048 49.952
40 50 0.048 49.952
25 50 0.048 49.952
34 50 0.048 49.952
34 49.952 0.0048 49.9472
34 49.9472 0.16 49.7872
34 49.7872 0.0016 49.7856
30 50 0.016 49.984
30 49.984 0.016 49.968
30 49.968 0.048 49.92
39 49.952 0.0048 49.9472
51 50 0.048 49.952
44 50 0.0048 49.9952
45 50 0.048 49.952
42 50 0.048 49.952
48 50 0.048 49.952
29 50 0.0048 49.9952
53 50 0.048 49.952
28 50 0.0048 49.9952
52 50 0.048 49.952
35 50 0.048 49.952
35 49.952 0.0048 49.9472
35 49.9472 0.16 49.7872
35 49.7872 0.0016 49.7856
49 50 0.016 49.984
49 49.984 0.016 49.968
49 49.968 0.048 49.92
41 50 0.048 49.952
41 49.952 0.0048 49.9472
41 49.9472 0.16 49.7872
41 49.7872 0.0016 49.7856
38 50 0.016 49.984
38 49.984 0.016 49.968
38 49.968 0.048 49.92
37 50 0.0048 49.9952
37 49.9952 0.048 49.9472
38 49.92 0.0048 49.9152
38 49.9152 0.16 49.7552
37 49.9472 0.016 49.9312
37 49.9312 0.016 49.9152
38 49.7552 0.0016 49.7536
37 49.9152 0.048 49.8672
38 49.7536 0.0048 49.7488
32 50 0.048 49.952
27 50 0.048 49.952
39 50 0.048 49.952
30 49.92 0.0048 49.9152
40 50 0.048 49.952
40 49.952 0.0048 49.9472
40 49.9472 0.16 49.7872
40 49.7872 0.0016 49.7856
35 50 0.016 49.984
35 49.984 0.016 49.968
35 49.968 0.048 49.92
25 50 0.048 49.952
30 50 0.048 49.952
39 49.952 0.0048 49.9472
51 50 0.048 49.952
44 50 0.0048 49.9952
45 50 0.048 49.952
42 50 0.048 49.952
48 50 0.048 49.952
29 50 0.0048 49.9952
53 50 0.048 49.952
28 50 0.0048 49.9952
52 50 0.048 49.952
49 50 0.048 49.952
49 49.952 0.0048 49.9472
49 49.9472 0.16 49.7872
49 49.7872 0.0016 49.7856
40 49.7856 0.016 49.7696
40 49.7696 0.016 49.7536
40 49.7536 0.048 49.7056
37 50 0.048 49.952
38 49.8712 0.0048 49.8664
32 50 0.048 49.952
27 50 0.048 49.952
39 50 0.048 49.952
35 50 0.048 49.952
25 50 0.048 49.952
30 50 0.048 49.952
51 50 0.048 49.952
44 50 0.0048 49.9952
45 50 0.048 49.952
42 50 0.048 49.952
48 50 0.048 49.952
29 50 0.0048 49.9952
53 50 0.048 49.952
28 50 0.0048 49.9952
52 50 0.048 49.952
40 50 0.048 49.952
50 50 0.0048 49.9952
50 49.9952 0.048 49.9472
40 49.952 0.0048 49.9472
40 49.9472 0.16 49.7872
50 49.9472 0.016 49.9312
50 49.9312 0.016 49.9152
40 49.7872 0.0016 49.7856
50 49.9152 0.048 49.8672
40 49.7856 0.0048 49.7808
37 50 0.048 49.952
32 50 0.048 49.952
27 50 0.048 49.952
39 50 0.048 49.952
35 50 0.048 49.952
37 49.952 0.0048 49.9472
25 50 0.048 49.952
30 50 0.048 49.952
30 49.952 0.0048 49.9472
30 49.9472 0.16 49.7872
30 49.7872 0.0016 49.7856
51 50 0.048 49.952
44 50 0.0048 49.9952
45 50 0.048 49.952
42 50 0.048 49.952
42 49.952 0.0048 49.9472
42 49.9472 0.16 49.7872
42 49.7872 0.0016 49.7856
48 50 0.048 49.952
26 50 0.0048 49.9952
26 49.9952 0.048 49.9472
29 50 0.0048 49.9952
48 49.952 0.0048 49.9472
48 49.9472 0.16 49.7872
26 49.9472 0.016 49.9312
26 49.9312 0.016 49.9152
48 49.7872 0.0016 49.7856
26 49.9152 0.048 49.8672
48 49.7856 0.0048 49.7808
53 50 0.048 49.952
28 50 0.0048 49.9952
52 50 0.048 49.952
50 50 0.048 49.952
37 50 0.048 49.952
35 49.952 0.0048 49.9472
38 50 0.0048 49.9952
32 50 0.048 49.952
27 50 0.048 49.952
39 50 0.048 49.952
35 50 0.048 49.952
25 50 0.0048 49.9952
37 49.952 0.0048 49.9472
25 49.9952 0.048 49.9472
51 50 0.048 49.952
44 50 0.0048 49.9952
45 50 0.048 49.952
26 50 0.048 49.952
48 50 0.0048 49.9952
53 50 0.048 49.952
28 50 0.0048 49.9952
52 50 0.048 49.952
50 50 0.048 49.952
40 50 0.0048 49.9952
37 50 0.048 49.952
35 49.952 0.0048 49.9472
32 50 0.048 49.952
27 50 0.048 49.952
39 50 0.048 49.952
30 50 0.0048 49.9952
35 50 0.048 49.952
37 49.952 0.0048 49.9472
35 49.952 0.0048 49.9472
35 49.9472 0.16 49.7872
35 49.7872 0.0016 49.7856
29 50 0.016 49.984
29 49.984 0.016 49.968
29 49.968 0.048 49.92
31 50 0.0048 49.9952
31 49.9952 0.048 49.9472
48 50 0.0048 49.9952
48 49.9952 0.048 49.9472
29 49.92 0.0096 49.9104
29 49.9104 0.16 49.7504
31 49.9472 0.016 49.9312
31 49.9312 0.016 49.9152
29 49.7504 0.0016 49.7488
31 49.9152 0.048 49.8672
29 49.7488 0.0048 49.744
25 50 0.048 49.952
51 50 0.048 49.952
44 50 0.0048 49.9952
45 50 0.048 49.952
26 50 0.048 49.952
48 49.9472 0.0048 49.9424
53 50 0.048 49.952
52 50 0.048 49.952
50 50 0.048 49.952
37 50 0.048 49.952
35 49.7856 0.0048 49.7808
35 49.7808 0.048 49.7328
37 49.952 0.0048 49.9472
37 49.9472 0.16 49.7872
35 49.7328 0.016 49.7168
35 49.7168 0.016 49.7008
37 49.7872 0.0016 49.7856
35 49.7008 0.048 49.6528
37 49.7856 0.0048 49.7808
32 50 0.048 49.952
27 50 0.048 49.952
43 50 0.0048 49.9952
39 50 0.048 49.952
31 50 0.048 49.952
29 50 0.0048 49.9952
25 50 0.048 49.952
51 50 0.048 49.952
44 50 0.0048 49.9952
45 50 0.048 49.952
26 50 0.048 49.952
48 50 0.0048 49.9952
53 50 0.048 49.952
52 50 0.048 49.952
50 50 0.048 49.952
35 49.8629 0.048 49.8149
37 50 0.0048 49.9952
32 50 0.048 49.952
27 50 0.048 49.952
47 50 0.048 49.952
42 50 0.048 49.952
39 50 0.048 49.952
39 49.952 0.0048 49.9472
39 49.9472 0.16 49.7872
39 49.7872 0.0016 49.7856
36 50 0.016 49.984
36 49.984 0.016 49.968
36 49.968 0.048 49.92
31 50 0.048 49.952
29 50 0.0048 49.9952
25 50 0.048 49.952
51 50 0.048 49.952
44 50 0.0048 49.9952
45 50 0.048 49.952
26 50 0.048 49.952
48 50 0.0048 49.9952
53 50 0.048 49.952
28 50 0.0048 49.9952
52 50 0.048 49.952
50 50 0.048 49.952
35 50 0.048 49.952
37 50 0.0048 49.9952
32 50 0.048 49.952
27 50 0.048 49.952
43 50 0.0048 49.9952
47 50 0.048 49.952
42 50 0.048 49.952
36 50 0.048 49.952
31 50 0.048 49.952
29 50 0.0048 49.9952
25 50 0.048 49.952
51 50 0.048 49.952
44 50 0.0048 49.9952
45 50 0.048 49.952
26 50 0.048 49.952
48 50 0.0048 49.9952
33 50 0.048 49.952
53 50 0.048 49.952
28 50 0.0048 49.9952
52 50 0.048 49.952
50 50 0.048 49.952
35 50 0.048 49.952
37 50 0.0048 49.9952
32 50 0.048 49.952
27 50 0.048 49.952
47 50 0.048 49.952
42 50 0.048 49.952
36 50 0.048 49.952
31 50 0.048 49.952
25 50 0.048 49.952
51 50 0.048 49.952
45 50 0.048 49.952
26 50 0.048 49.952
48 50 0.0048 49.9952
33 50 0.048 49.952
53 50 0.048 49.952
28 50 0.0048 49.9952
52 50 0.048 49.952
50 50 0.048 49.952
40 50 0.0048 49.9952
35 50 0.048 49.952
37 50 0.0048 49.9952
32 50 0.048 49.952
27 50 0.048 49.952
43 50 0.0048 49.9952
47 50 0.048 49.952
42 50 0.048 49.952
36 50 0.048 49.952
31 50 0.048 49.952
25 50 0.048 49.952
51 50 0.048 49.952
44 50 0.0048 49.9952
45 50 0.048 49.952
26 50 0.048 49.952
48 50 0.0048 49.9952
33 50 0.048 49.952
53 50 0.048 49.952
52 50 0.048 49.952
50 50 0.048 49.952
40 50 0.0048 49.9952
35 50 0.048 49.952
37 50 0.0048 49.9952
32 50 0.048 49.952
27 50 0.048 49.952
47 50 0.048 49.952
42 50 0.048 49.952
36 50 0.048 49.952
31 50 0.048 49.952
25 50 0.048 49.952
51 50 0.048 49.952
44 50 0.0048 49.9952
45 50 0.048 49.952
26 50 0.048 49.952
48 50 0.0048 49.9952
33 50 0.048 49.952
53 50 0.048 49.952
28 50 0.0048 49.9952
52 50 0.048 49.952
50 50 0.048 49.952
40 50 0.0048 49.9952
35 50 0.048 49.952
37 50 0.0048 49.9952
35 49.952 0.0048 49.9472
35 49.9472 0.16 49.7872
35 49.7872 0.0016 49.7856
40 50 0.016 49.984
40 49.984 0.016 49.968
40 49.968 0.048 49.92
50 49.952 0.0048 49.9472
32 50 0.048 49.952
27 50 0.048 49.952
48 50 0.048 49.952
26 50 0.0048 49.9952
48 49.952 0.0048 49.9472
48 49.9472 0.16 49.7872
48 49.7872 0.0016 49.7856
49 50 0.016 49.984
49 49.984 0.016 49.968
49 49.968 0.048 49.92
47 50 0.048 49.952
42 50 0.048 49.952
36 50 0.048 49.952
31 50 0.048 49.952
25 50 0.048 49.952
51 50 0.048 49.952
44 50 0.0048 49.9952
45 50 0.048 49.952
26 49.9952 0.048 49.9472
48 49.7856 0.0048 49.7808
33 50 0.048 49.952
53 50 0.048 49.952
28 50 0.0048 49.9952
52 50 0.048 49.952
52 49.952 0.0048 49.9472
52 49.9472 0.16 49.7872
52 49.7872 0.0016 49.7856
29 50 0.016 49.984
29 49.984 0.016 49.968
29 49.968 0.048 49.92
50 50 0.048 49.952
40 49.92 0.0048 49.9152
40 50 0.048 49.952
50 49.952 0.0048 49.9472
32 50 0.048 49.952
27 50 0.048 49.952
43 50 0.0048 49.9952
49 50 0.048 49.952
47 50 0.048 49.952
42 50 0.048 49.952
36 50 0.048 49.952
31 50 0.048 49.952
25 50 0.048 49.952
51 50 0.048 49.952
44 50 0.0048 49.9952
30 50 0.048 49.952
30 49.952 0.0048 49.9472
30 49.9472 0.16 49.7872
30 49.7872 0.0016 49.7856
52 49.9813 0.016 49.9653
52 49.9653 0.016 49.9493
52 49.9493 0.048 49.9013
45 50 0.048 49.952
26 50 0.048 49.952
48 50 0.0048 49.9952
33 50 0.048 49.952
54 50 0.048 49.952
53 50 0.048 49.952
29 50 0.048 49.952
29 49.952 0.0048 49.9472
29 49.9472 0.16 49.7872
29 49.7872 0.0016 49.7856
50 50 0.048 49.952
40 50 0.048 49.952
40 49.952 0.0048 49.9472
40 49.9472 0.16 49.7872
40 49.7872 0.0016 49.7856
29 49.7856 0.016 49.7696
29 49.7696 0.016 49.7536
29 49.7536 0.048 49.7056
29 49.7056 0.0048 49.7008
29 49.7008 0.16 49.5408
29 49.5408 0.0016 49.5392
32 50 0.048 49.952
27 50 0.048 49.952
43 50 0.0048 49.9952
27 49.952 0.0048 49.9472
27 49.9472 0.16 49.7872
27 49.7872 0.0016 49.7856
34 50 0.016 49.984
34 49.984 0.016 49.968
34 49.968 0.048 49.92
49 50 0.048 49.952
47 50 0.048 49.952
47 49.952 0.0048 49.9472
47 49.9472 0.16 49.7872
47 49.7872 0.0016 49.7856
27 49.7856 0.016 49.7696
27 49.7696 0.016 49.7536
27 49.7536 0.048 49.7056
43 49.9952 0.0048 49.9904
43 49.9904 0.048 49.9424
27 49.7056 0.0048 49.7008
27 49.7008 0.16 49.5408
43 49.9424 0.016 49.9264
43 49.9264 0.016 49.9104
27 49.5408 0.0016 49.5392
43 49.9104 0.048 49.8624
27 49.5392 0.0048 49.5344
42 50 0.048 49.952
36 50 0.048 49.952
31 50 0.048 49.952
25 50 0.048 49.952
25 49.952 0.0048 49.9472
25 49.9472 0.16 49.7872
25 49.7872 0.0016 49.7856
38 50 0.016 49.984
38 49.984 0.016 49.968
38 49.968 0.048 49.92
37 50 0.0048 49.9952
37 49.9952 0.048 49.9472
38 49.92 0.0048 49.9152
38 49.9152 0.16 49.7552
37 49.9472 0.016 49.9312
37 49.9312 0.016 49.9152
38 49.7552 0.0016 49.7536
37 49.9152 0.048 49.8672
38 49.7536 0.0048 49.7488
51 50 0.048 49.952
44 50 0.0048 49.9952
52 50 0.048 49.952
52 49.952 0.0048 49.9472
52 49.9472 0.16 49.7872
52 49.7872 0.0016 49.7856
40 49.7856 0.016 49.7696
40 49.7696 0.016 49.7536
40 49.7536 0.048 49.7056
45 50 0.048 49.952
26 50 0.048 49.952
48 50 0.0048 49.9952
33 50 0.048 49.952
54 50 0.048 49.952
53 50 0.048 49.952
28 50 0.0048 49.9952
50 50 0.048 49.952
40 49.7056 0.0048 49.7008
32 50 0.048 49.952
34 50 0.048 49.952
49 50 0.048 49.952
43 50 0.048 49.952
27 49.6885 0.0048 49.6837
42 50 0.048 49.952
36 50 0.048 49.952
31 50 0.048 49.952
37 50 0.048 49.952
35 50 0.0048 49.9952
35 49.9952 0.048 49.9472
37 49.952 0.0096 49.9424
37 49.9424 0.16 49.7824
37 49.7824 0.0016 49.7808
51 50 0.048 49.952
44 50 0.0048 49.9952
40 49.9588 0.048 49.9108
50 50 0.0048 49.9952
45 50 0.048 49.952
26 50 0.048 49.952
48 50 0.0048 49.9952
33 50 0.048 49.952
54 50 0.048 49.952
53 50 0.048 49.952
28 50 0.0048 49.9952
50 49.9952 0.048 49.9472
40 49.9108 0.0048 49.906
50 49.9472 0.0048 49.9424
50 49.9424 0.16 49.7824
50 49.7824 0.0016 49.7808
25 50 0.016 49.984
25 49.984 0.016 49.968
25 49.968 0.048 49.92
32 50 0.048 49.952
34 50 0.048 49.952
49 50 0.048 49.952
43 50 0.048 49.952
43 49.952 0.0048 49.9472
43 49.9472 0.16 49.7872
43 49.7872 0.0016 49.7856
50 50 0.016 49.984
50 49.984 0.016 49.968
50 49.968 0.048 49.92
40 50 0.0048 49.9952
42 50 0.048 49.952
36 50 0.048 49.952
31 50 0.048 49.952
51 50 0.048 49.952
40 49.9952 0.048 49.9472
50 49.92 0.0048 49.9152
40 49.9472 0.0048 49.9424
40 49.9424 0.16 49.7824
40 49.7824 0.0016 49.7808
45 50 0.048 49.952
26 50 0.048 49.952
29 50 0.0048 49.9952
48 50 0.0048 49.9952
33 50 0.048 49.952
33 49.952 0.0048 49.9472
33 49.9472 0.16 49.7872
33 49.7872 0.0016 49.7856
30 50 0.016 49.984
30 49.984 0.016 49.968
30 49.968 0.048 49.92
39 50 0.0048 49.9952
39 49.9952 0.048 49.9472
30 49.92 0.0048 49.9152
30 49.9152 0.16 49.7552
39 49.9472 0.016 49.9312
39 49.9312 0.016 49.9152
30 49.7552 0.0016 49.7536
39 49.9152 0.048 49.8672
30 49.7536 0.0048 49.7488
54 50 0.048 49.952
53 50 0.048 49.952
28 50 0.0048 49.9952
53 49.952 0.0048 49.9472
53 49.9472 0.16 49.7872
53 49.7872 0.0016 49.7856
27 50 0.016 49.984
27 49.984 0.016 49.968
27 49.968 0.048 49.92
25 50 0.048 49.952
32 50 0.048 49.952
34 50 0.048 49.952
49 50 0.048 49.952
50 50 0.048 49.952
40 50 0.0048 49.9952
40 49.9952 0.048 49.9472
50 49.952 0.0048 49.9472
50 49.9472 0.16 49.7872
40 49.9472 0.016 49.9312
40 49.9312 0.016 49.9152
50 49.7872 0.0016 49.7856
40 49.9152 0.048 49.8672
50 49.7856 0.0048 49.7808
42 50 0.048 49.952
36 50 0.048 49.952
31 50 0.048 49.952
51 50 0.048 49.952
45 50 0.048 49.952
26 50 0.048 49.952
48 50 0.0048 49.9952
39 50 0.048 49.952
54 50 0.048 49.952
27 50 0.048 49.952
25 50 0.048 49.952
32 50 0.048 49.952
34 50 0.048 49.952
49 50 0.048 49.952
40 50 0.048 49.952
42 50 0.048 49.952
42 49.952 0.0048 49.9472
42 49.9472 0.16 49.7872
42 49.7872 0.0016 49.7856
30 50 0.016 49.984
30 49.984 0.016 49.968
30 49.968 0.048 49.92
36 50 0.048 49.952
31 50 0.048 49.952
29 50 0.0048 49.9952
51 50 0.048 49.952
44 50 0.0048 49.9952
45 50 0.048 49.952
26 50 0.048 49.952
29 50 0.0048 49.9952
48 50 0.0048 49.9952
39 50 0.048 49.952
54 50 0.048 49.952
27 50 0.048 49.952
25 50 0.048 49.952
32 50 0.048 49.952
34 50 0.048 49.952
49 50 0.048 49.952
40 50 0.048 49.952
30 50 0.048 49.952
39 50 0.0048 49.9952
36 50 0.048 49.952
31 50 0.048 49.952
51 50 0.048 49.952
45 50 0.048 49.952
26 50 0.048 49.952
29 50 0.0048 49.9952
48 50 0.0048 49.9952
39 49.9952 0.048 49.9472
54 50 0.048 49.952
27 50 0.048 49.952
25 50 0.048 49.952
32 50 0.048 49.952
34 50 0.048 49.952
49 50 0.048 49.952
40 50 0.048 49.952
30 50 0.048 49.952
36 50 0.048 49.952
31 50 0.048 49.952
28 50 0.048 49.952
53 50 0.0048 49.9952
53 49.9952 0.048 49.9472
28 49.952 0.0096 49.9424
28 49.9424 0.16 49.7824
28 49.7824 0.0016 49.7808
50 50 0.016 49.984
50 49.984 0.016 49.968
50 49.968 0.048 49.92
51 50 0.048 49.952
45 50 0.048 49.952
26 50 0.048 49.952
29 50 0.0048 49.9952
48 50 0.0048 49.9952
39 50 0.048 49.952
54 50 0.048 49.952
27 50 0.048 49.952
25 50 0.048 49.952
25 49.952 0.0048 49.9472
25 49.9472 0.16 49.7872
25 49.7872 0.0016 49.7856
32 50 0.048 49.952
34 50 0.048 49.952
35 50 0.048 49.952
37 50 0.0048 49.9952
37 49.9952 0.048 49.9472
38 50 0.0048 49.9952
38 49.9952 0.048 49.9472
35 49.952 0.0096 49.9424
35 49.9424 0.16 49.7824
37 49.9472 0.016 49.9312
37 49.9312 0.016 49.9152
35 49.7824 0.0016 49.7808
37 49.9152 0.048 49.8672
35 49.7808 0.0048 49.776
49 50 0.048 49.952
40 50 0.048 49.952
30 50 0.048 49.952
36 50 0.048 49.952
31 50 0.048 49.952
50 50 0.048 49.952
51 50 0.048 49.952
45 50 0.048 49.952
26 50 0.048 49.952
39 50 0.048 49.952
54 50 0.048 49.952
27 50 0.048 49.952
32 50 0.048 49.952
34 50 0.048 49.952
37 50 0.048 49.952
35 49.9018 0.0048 49.897
49 50 0.048 49.952
40 50 0.048 49.952
50 50 0.0048 49.9952
30 50 0.048 49.952
36 50 0.048 49.952
31 50 0.048 49.952
29 50 0.0048 49.9952
50 49.9952 0.048 49.9472
50 49.9472 0.0048 49.9424
50 49.9424 0.16 49.7824
50 49.7824 0.0016 49.7808
51 50 0.048 49.952
45 50 0.048 49.952
26 50 0.048 49.952
39 50 0.048 49.952
54 50 0.048 49.952
27 50 0.048 49.952
32 50 0.048 49.952
34 50 0.048 49.952
37 50 0.048 49.952
35 50 0.0048 49.9952
49 50 0.048 49.952
49 49.952 0.0048 49.9472
49 49.9472 0.16 49.7872
49 49.7872 0.0016 49.7856
42 50 0.016 49.984
42 49.984 0.016 49.968
42 49.968 0.048 49.92
40 50 0.048 49.952
30 50 0.048 49.952
36 50 0.048 49.952
31 50 0.048 49.952
29 50 0.0048 49.9952
51 50 0.048 49.952
44 50 0.0048 49.9952
45 50 0.048 49.952
26 50 0.048 49.952
48 50 0.0048 49.9952
39 50 0.048 49.952
54 50 0.048 49.952
54 49.952 0.0048 49.9472
54 49.9472 0.16 49.7872
54 49.7872 0.0016 49.7856
28 50 0.016 49.984
28 49.984 0.016 49.968
28 49.968 0.048 49.92
27 50 0.048 49.952
43 50 0.0048 49.9952
43 49.9952 0.048 49.9472
27 49.952 0.0048 49.9472
27 49.9472 0.16 49.7872
43 49.9472 0.016 49.9312
43 49.9312 0.016 49.9152
27 49.7872 0.0016 49.7856
43 49.9152 0.048 49.8672
27 49.7856 0.0048 49.7808
32 50 0.048 49.952
34 50 0.048 49.952
37 50 0.048 49.952
35 50 0.0048 49.9952
42 50 0.048 49.952
40 50 0.048 49.952
30 50 0.048 49.952
36 50 0.048 49.952
31 50 0.048 49.952
29 50 0.0048 49.9952
31 49.952 0.0048 49.9472
31 49.9472 0.16 49.7872
31 49.7872 0.0016 49.7856
51 50 0.048 49.952
44 50 0.0048 49.9952
45 50 0.048 49.952
26 50 0.048 49.952
46 50 0.048 49.952
39 50 0.048 49.952
28 50 0.048 49.952
53 50 0.0048 49.9952
53 49.9952 0.048 49.9472
28 49.952 0.0048 49.9472
28 49.9472 0.16 49.7872
53 49.9472 0.016 49.9312
53 49.9312 0.016 49.9152
28 49.7872 0.0016 49.7856
53 49.9152 0.048 49.8672
28 49.7856 0.0048 49.7808
43 50 0.048 49.952
27 50 0.0048 49.9952
32 50 0.048 49.952
34 50 0.048 49.952
37 50 0.048 49.952
42 50 0.048 49.952
40 50 0.048 49.952
30 50 0.048 49.952
36 50 0.048 49.952
29 50 0.048 49.952
48 50 0.0048 49.9952
48 49.9952 0.048 49.9472
29 49.952 0.0048 49.9472
29 49.9472 0.16 49.7872
48 49.9472 0.016 49.9312
48 49.9312 0.016 49.9152
29 49.7872 0.0016 49.7856
48 49.9152 0.048 49.8672
29 49.7856 0.0048 49.7808
51 50 0.048 49.952
44 50 0.0048 49.9952
38 50 0.048 49.952
45 50 0.048 49.952
26 50 0.048 49.952
46 50 0.048 49.952
39 50 0.048 49.952
53 50 0.048 49.952
43 50 0.048 49.952
27 50 0.0048 49.9952
32 50 0.048 49.952
34 50 0.048 49.952
37 50 0.048 49.952
42 50 0.048 49.952
40 50 0.048 49.952
30 50 0.048 49.952
36 50 0.048 49.952
48 50 0.048 49.952
26 50 0.0048 49.9952
51 50 0.048 49.952
44 50 0.0048 49.9952
38 50 0.048 49.952
45 50 0.048 49.952
26 49.9952 0.048 49.9472
48 49.952 0.0048 49.9472
46 50 0.048 49.952
39 50 0.048 49.952
30 50 0.0048 49.9952
53 50 0.048 49.952
43 50 0.048 49.952
27 50 0.0048 49.9952
32 50 0.048 49.952
34 50 0.048 49.952
37 50 0.048 49.952
42 50 0.048 49.952
40 50 0.048 49.952
30 49.9952 0.048 49.9472
39 50 0.0048 49.9952
36 50 0.048 49.952
48 50 0.048 49.952
29 50 0.0048 49.9952
51 50 0.048 49.952
44 50 0.0048 49.9952
38 50 0.048 49.952
45 50 0.048 49.952
26 50 0.048 49.952
46 50 0.048 49.952
39 49.9952 0.048 49.9472
30 50 0.0048 49.9952
53 50 0.048 49.952
43 50 0.048 49.952
27 50 0.0048 49.9952
32 50 0.048 49.952
32 49.952 0.0048 49.9472
32 49.9472 0.16 49.7872
32 49.7872 0.0016 49.7856
29 50 0.016 49.984
29 49.984 0.016 49.968
29 49.968 0.048 49.92
31 50 0.0048 49.9952
31 49.9952 0.048 49.9472
48 49.952 0.0048 49.9472
29 49.92 0.0048 49.9152
29 49.9152 0.16 49.7552
31 49.9472 0.016 49.9312
31 49.9312 0.016 49.9152
29 49.7552 0.0016 49.7536
31 49.9152 0.048 49.8672
29 49.7536 0.0048 49.7488
34 50 0.048 49.952
37 50 0.048 49.952
35 50 0.0048 49.9952
42 50 0.048 49.952
40 50 0.048 49.952
30 49.9952 0.048 49.9472
44 50 0.048 49.952
51 50 0.0048 49.9952
36 50 0.048 49.952
48 50 0.048 49.952
29 49.7488 0.0048 49.744
51 49.9952 0.048 49.9472
44 49.952 0.0048 49.9472
38 50 0.048 49.952
45 50 0.048 49.952
26 50 0.048 49.952
26 49.952 0.0048 49.9472
26 49.9472 0.16 49.7872
26 49.7872 0.0016 49.7856
25 50 0.016 49.984
25 49.984 0.016 49.968
25 49.968 0.048 49.92
46 50 0.048 49.952
39 50 0.048 49.952
30 50 0.0048 49.9952
53 50 0.048 49.952
43 50 0.048 49.952
27 50 0.0048 49.9952
31 50 0.048 49.952
29 50 0.0048 49.9952
34 50 0.048 49.952
37 50 0.048 49.952
35 50 0.0048 49.9952
42 50 0.048 49.952
40 50 0.048 49.952
30 49.9952 0.048 49.9472
39 50 0.0048 49.9952
44 50 0.048 49.952
51 50 0.0048 49.9952
36 50 0.048 49.952
48 50 0.048 49.952
51 49.9952 0.048 49.9472
44 49.952 0.0048 49.9472
38 50 0.048 49.952
49 50 0.048 49.952
45 50 0.048 49.952
25 50 0.048 49.952
46 50 0.048 49.952
39 49.9952 0.048 49.9472
30 50 0.0048 49.9952
53 50 0.048 49.952
43 50 0.048 49.952
27 50 0.0048 49.9952
31 50 0.048 49.952
29 50 0.0048 49.9952
34 50 0.048 49.952
37 50 0.048 49.952
35 50 0.0048 49.9952
26 50 0.048 49.952
48 50 0.0048 49.9952
42 50 0.048 49.952
40 50 0.048 49.952
30 49.9952 0.048 49.9472
39 50 0.0048 49.9952
44 50 0.048 49.952
36 50 0.048 49.952
48 49.9952 0.048 49.9472
26 49.952 0.0048 49.9472
29 49.9952 0.0048 49.9904
51 50 0.048 49.952
38 50 0.048 49.952
49 50 0.048 49.952
45 50 0.048 49.952
25 50 0.048 49.952
46 50 0.048 49.952
39 49.9952 0.048 49.9472
53 50 0.048 49.952
28 50 0.0048 49.9952
43 50 0.048 49.952
27 50 0.0048 49.9952
31 50 0.048 49.952
29 50 0.0048 49.9952
34 50 0.048 49.952
37 50 0.048 49.952
35 50 0.0048 49.9952
26 50 0.048 49.952
26 49.952 0.0048 49.9472
26 49.9472 0.16 49.7872
26 49.7872 0.0016 49.7856
32 50 0.016 49.984
32 49.984 0.016 49.968
32 49.968 0.048 49.92
42 50 0.048 49.952
40 50 0.048 49.952
40 49.952 0.0048 49.9472
40 49.9472 0.16 49.7872
40 49.7872 0.0016 49.7856
26 49.7856 0.016 49.7696
26 49.7696 0.016 49.7536
26 49.7536 0.048 49.7056
30 50 0.048 49.952
44 50 0.048 49.952
51 50 0.0048 49.9952
36 50 0.048 49.952
48 50 0.048 49.952
26 49.7056 0.0048 49.7008
29 49.9952 0.0048 49.9904
51 49.9952 0.048 49.9472
44 49.952 0.0048 49.9472
38 50 0.048 49.952
40 49.7856 0.048 49.7376
49 50 0.048 49.952
45 50 0.048 49.952
25 50 0.048 49.952
46 50 0.048 49.952
39 50 0.048 49.952
30 50 0.0048 49.9952
53 50 0.048 49.952
28 50 0.0048 49.9952
43 50 0.048 49.952
27 50 0.0048 49.9952
31 50 0.048 49.952
34 50 0.048 49.952
37 50 0.048 49.952
35 50 0.0048 49.9952
32 50 0.048 49.952
42 50 0.048 49.952
26 49.9236 0.048 49.8756
48 50 0.0048 49.9952
30 49.9952 0.048 49.9472
39 50 0.0048 49.9952
44 50 0.048 49.952
36 50 0.048 49.952
48 49.9952 0.048 49.9472
26 49.8756 0.0048 49.8708
51 50 0.048 49.952
38 50 0.048 49.952
37 49.952 0.0048 49.9472
40 50 0.048 49.952
49 50 0.048 49.952
45 50 0.048 49.952
25 50 0.048 49.952
46 50 0.048 49.952
39 49.9952 0.048 49.9472
30 50 0.0048 49.9952
53 50 0.048 49.952
28 50 0.0048 49.9952
43 50 0.048 49.952
27 50 0.0048 49.9952
31 50 0.048 49.952
34 50 0.048 49.952
37 50 0.048 49.952
35 50 0.0048 49.9952
38 49.952 0.0048 49.9472
32 50 0.048 49.952
42 50 0.048 49.952
26 50 0.048 49.952
29 50 0.0048 49.9952
29 49.9952 0.048 49.9472
48 50 0.0048 49.9952
26 49.952 0.0096 49.9424
26 49.9424 0.16 49.7824
26 49.7824 0.0016 49.7808
29 49.9472 0.016 49.9312
29 49.9312 0.016 49.9152
29 49.9152 0.048 49.8672
26 49.7808 0.0048 49.776
31 49.952 0.0048 49.9472
30 49.9952 0.048 49.9472
30 49.9472 0.0048 49.9424
30 49.9424 0.16 49.7824
30 49.7824 0.0016 49.7808
27 49.9952 0.016 49.9792
27 49.9792 0.016 49.9632
27 49.9632 0.048 49.9152
43 49.952 0.0048 49.9472
44 50 0.048 49.952
51 50 0.0048 49.9952
36 50 0.048 49.952
48 49.9952 0.048 49.9472
26 49.776 0.0048 49.7712
26 49.7712 0.048 49.7232
29 49.8672 0.0048 49.8624
48 49.9472 0.0048 49.9424
48 49.9424 0.16 49.7824
26 49.7232 0.016 49.7072
26 49.7072 0.016 49.6912
48 49.7824 0.0016 49.7808
26 49.6912 0.048 49.6432
29 49.8624 0.0048 49.8576
48 49.7808 0.0048 49.776
26 49.6432 0.0048 49.6384
26 49.6384 0.16 49.4784
26 49.4784 0.0016 49.4768
35 50 0.016 49.984
35 49.984 0.016 49.968
35 49.968 0.048 49.92
37 49.952 0.0048 49.9472
51 49.9952 0.048 49.9472
44 49.952 0.0048 49.9472
38 50 0.048 49.952
37 49.9472 0.0048 49.9424
40 50 0.048 49.952
49 50 0.048 49.952
45 50 0.048 49.952
25 50 0.048 49.952
46 50 0.048 49.952
39 50 0.048 49.952
53 50 0.048 49.952
43 50 0.048 49.952
27 50 0.0048 49.9952
31 50 0.048 49.952
34 50 0.048 49.952
37 50 0.048 49.952
35 49.92 0.0048 49.9152
38 49.952 0.0048 49.9472
32 50 0.048 49.952
32 49.952 0.0048 49.9472
32 49.9472 0.16 49.7872
32 49.7872 0.0016 49.7856
30 49.9943 0.016 49.9783
30 49.9783 0.016 49.9623
30 49.9623 0.048 49.9143
42 50 0.048 49.952
29 50 0.048 49.952
48 50 0.0048 49.9952
48 49.9952 0.048 49.9472
29 49.952 0.0048 49.9472
29 49.9472 0.16 49.7872
48 49.9472 0.016 49.9312
48 49.9312 0.016 49.9152
29 49.7872 0.0016 49.7856
48 49.9152 0.048 49.8672
26 49.7499 0.0048 49.7451
29 49.7856 0.0048 49.7808
27 49.9952 0.048 49.9472
43 49.952 0.0048 49.9472
44 50 0.048 49.952
51 50 0.0048 49.9952
36 50 0.048 49.952
41 50 0.048 49.952
41 49.952 0.0048 49.9472
41 49.9472 0.16 49.7872
41 49.7872 0.0016 49.7856
52 50 0.016 49.984
52 49.984 0.016 49.968
52 49.968 0.048 49.92
35 50 0.048 49.952
37 49.952 0.0048 49.9472
38 50 0.0048 49.9952
51 49.9952 0.048 49.9472
44 49.952 0.0048 49.9472
38 49.9952 0.048 49.9472
35 49.952 0.0048 49.9472
37 49.9472 0.0048 49.9424
38 49.9472 0.0048 49.9424
38 49.9424 0.16 49.7824
38 49.7824 0.0016 49.7808
26 49.7451 0.016 49.7291
26 49.7291 0.016 49.7131
26 49.7131 0.048 49.6651
48 49.8672 0.0048 49.8624
40 50 0.048 49.952
49 50 0.048 49.952
45 50 0.048 49.952
25 50 0.048 49.952
46 50 0.048 49.952
39 50 0.048 49.952
53 50 0.048 49.952
43 50 0.048 49.952
27 50 0.0048 49.9952
31 50 0.048 49.952
34 50 0.048 49.952
37 50 0.048 49.952
35 49.9472 0.0048 49.9424
38 49.7808 0.0048 49.776
38 49.776 0.048 49.728
37 49.952 0.0048 49.9472
37 49.9472 0.16 49.7872
38 49.728 0.016 49.712
38 49.712 0.016 49.696
37 49.7872 0.0016 49.7856
38 49.696 0.048 49.648
35 49.9424 0.0048 49.9376
37 49.7856 0.0048 49.7808
30 50 0.048 49.952
39 49.952 0.0048 49.9472
42 50 0.048 49.952
48 50 0.048 49.952
26 49.8746 0.0048 49.8698
29 49.9107 0.0048 49.9059
27 49.9952 0.048 49.9472
43 49.952 0.0048 49.9472
44 50 0.048 49.952
36 50 0.048 49.952
52 50 0.048 49.952
35 50 0.048 49.952
37 49.7808 0.0048 49.776
37 49.776 0.048 49.728
38 49.8219 0.0048 49.8171
35 49.952 0.0048 49.9472
35 49.9472 0.16 49.7872
37 49.728 0.016 49.712
37 49.712 0.016 49.696
35 49.7872 0.0016 49.7856
37 49.696 0.048 49.648
35 49.7856 0.0048 49.7808
38 49.8171 0.0048 49.8123
51 50 0.048 49.952
26 49.8698 0.048 49.8218
48 49.952 0.0048 49.9472
40 50 0.048 49.952
50 50 0.0048 49.9952
50 49.9952 0.048 49.9472
40 49.952 0.0048 49.9472
40 49.9472 0.16 49.7872
50 49.9472 0.016 49.9312
50 49.9312 0.016 49.9152
40 49.7872 0.0016 49.7856
50 49.9152 0.048 49.8672
40 49.7856 0.0048 49.7808
49 50 0.048 49.952
45 50 0.048 49.952
25 50 0.048 49.952
46 50 0.048 49.952
39 50 0.048 49.952
53 50 0.048 49.952
28 50 0.0048 49.9952
43 50 0.048 49.952
27 50 0.0048 49.9952
31 50 0.048 49.952
34 50 0.048 49.952
38 49.8123 0.048 49.7643
35 49.7808 0.0048 49.776
30 50 0.048 49.952
42 50 0.048 49.952
48 50 0.048 49.952
26 50 0.0048 49.9952
27 49.9952 0.048 49.9472
44 50 0.048 49.952
51 50 0.0048 49.9952
36 50 0.048 49.952
52 50 0.048 49.952
37 50 0.048 49.952
38 50 0.0048 49.9952
51 49.9952 0.048 49.9472
44 49.952 0.0048 49.9472
26 49.9952 0.048 49.9472
48 49.952 0.0048 49.9472
50 50 0.048 49.952
40 49.9256 0.0048 49.9208
49 50 0.048 49.952
45 50 0.048 49.952
25 50 0.048 49.952
46 50 0.048 49.952
39 50 0.048 49.952
53 50 0.048 49.952
43 50 0.048 49.952
43 49.952 0.0048 49.9472
43 49.9472 0.16 49.7872
43 49.7872 0.0016 49.7856
47 50 0.016 49.984
47 49.984 0.016 49.968
47 49.968 0.048 49.92
31 50 0.048 49.952
34 50 0.048 49.952
38 49.9952 0.048 49.9472
37 50 0.0048 49.9952
30 50 0.048 49.952
42 50 0.048 49.952
48 50 0.048 49.952
27 50 0.048 49.952
43 49.7856 0.0048 49.7808
43 49.7808 0.048 49.7328
27 49.952 0.0048 49.9472
27 49.9472 0.16 49.7872
43 49.7328 0.016 49.7168
43 49.7168 0.016 49.7008
27 49.7872 0.0016 49.7856
43 49.7008 0.048 49.6528
27 49.7856 0.0048 49.7808
43 49.6528 0.0048 49.648
43 49.648 0.16 49.488
43 49.488 0.0016 49.4864
44 50 0.048 49.952
51 50 0.0048 49.9952
36 50 0.048 49.952
52 50 0.048 49.952
37 49.9952 0.048 49.9472
38 50 0.0048 49.9952
51 49.9952 0.048 49.9472
44 49.952 0.0048 49.9472
26 50 0.048 49.952
29 50 0.0048 49.9952
29 49.9952 0.048 49.9472
26 49.952 0.0048 49.9472
26 49.9472 0.16 49.7872
29 49.9472 0.016 49.9312
29 49.9312 0.016 49.9152
26 49.7872 0.0016 49.7856
29 49.9152 0.048 49.8672
26 49.7856 0.0048 49.7808
50 50 0.048 49.952
40 50 0.0048 49.9952
50 49.952 0.0048 49.9472
50 49.9472 0.16 49.7872
50 49.7872 0.0016 49.7856
32 50 0.016 49.984
32 49.984 0.016 49.968
32 49.968 0.048 49.92
49 50 0.048 49.952
45 50 0.048 49.952
25 50 0.048 49.952
46 50 0.048 49.952
46 49.952 0.0048 49.9472
46 49.9472 0.16 49.7872
46 49.7872 0.0016 49.7856
40 49.9952 0.016 49.9792
40 49.9792 0.016 49.9632
40 49.9632 0.048 49.9152
50 49.7856 0.0048 49.7808
50 49.7808 0.048 49.7328
40 49.9152 0.0048 49.9104
40 49.9104 0.16 49.7504
50 49.7328 0.016 49.7168
50 49.7168 0.016 49.7008
40 49.7504 0.0016 49.7488
50 49.7008 0.048 49.6528
40 49.7488 0.0048 49.744
39 50 0.048 49.952
53 50 0.048 49.952
47 50 0.048 49.952
31 50 0.048 49.952
34 50 0.048 49.952
38 49.9952 0.048 49.9472
37 50 0.0048 49.9952
30 50 0.048 49.952
42 50 0.048 49.952
48 50 0.048 49.952
44 50 0.048 49.952
51 50 0.0048 49.9952
36 50 0.048 49.952
52 50 0.048 49.952
37 49.9952 0.048 49.9472
51 49.9952 0.048 49.9472
44 49.952 0.0048 49.9472
29 49.9788 0.048 49.9308
26 50 0.0048 49.9952
31 49.952 0.0048 49.9472
32 50 0.048 49.952
49 50 0.048 49.952
45 50 0.048 49.952
25 50 0.048 49.952
50 49.8518 0.048 49.8038
39 50 0.048 49.952
53 50 0.048 49.952
47 50 0.048 49.952
31 50 0.048 49.952
34 50 0.048 49.952
38 50 0.048 49.952
37 50 0.0048 49.9952
33 50 0.048 49.952
30 50 0.048 49.952
30 49.952 0.0048 49.9472
30 49.9472 0.16 49.7872
30 49.7872 0.0016 49.7856
42 50 0.048 49.952
48 50 0.048 49.952
44 50 0.048 49.952
36 50 0.048 49.952
52 50 0.048 49.952
37 49.9952 0.048 49.9472
35 50 0.0048 49.9952
38 50 0.0048 49.9952
51 50 0.048 49.952
29 50 0.048 49.952
26 50 0.0048 49.9952
32 50 0.048 49.952
49 50 0.048 49.952
45 50 0.048 49.952
25 50 0.048 49.952
50 50 0.048 49.952
40 50 0.0048 49.9952
39 50 0.048 49.952
53 50 0.048 49.952
47 50 0.048 49.952
31 50 0.048 49.952
34 50 0.048 49.952
38 49.9952 0.048 49.9472
37 50 0.0048 49.9952
33 50 0.048 49.952
42 50 0.048 49.952
48 50 0.048 49.952
26 50 0.0048 49.9952
44 50 0.048 49.952
51 50 0.0048 49.9952
36 50 0.048 49.952
52 50 0.048 49.952
37 49.9952 0.048 49.9472
35 50 0.0048 49.9952
38 50 0.0048 49.9952
51 49.9952 0.048 49.9472
44 49.952 0.0048 49.9472
29 50 0.048 49.952
32 50 0.048 49.952
32 49.952 0.0048 49.9472
32 49.9472 0.16 49.7872
32 49.7872 0.0016 49.7856
27 50 0.016 49.984
27 49.984 0.016 49.968
27 49.968 0.048 49.92
43 49.9168 0.0048 49.912
43 49.912 0.048 49.864
27 49.92 0.0048 49.9152
27 49.9152 0.16 49.7552
43 49.864 0.016 49.848
43 49.848 0.016 49.832
27 49.7552 0.0016 49.7536
43 49.832 0.048 49.784
27 49.7536 0.0048 49.7488
49 50 0.048 49.952
45 50 0.048 49.952
25 50 0.048 49.952
50 50 0.048 49.952
39 50 0.048 49.952
53 50 0.048 49.952
47 50 0.048 49.952
47 49.952 0.0048 49.9472
47 49.9472 0.16 49.7872
47 49.7872 0.0016 49.7856
31 50 0.048 49.952
34 50 0.048 49.952
38 49.9952 0.048 49.9472
37 50 0.0048 49.9952
33 50 0.048 49.952
42 50 0.048 49.952
42 49.952 0.0048 49.9472
42 49.9472 0.16 49.7872
42 49.7872 0.0016 49.7856
30 50 0.016 49.984
30 49.984 0.016 49.968
30 49.968 0.048 49.92
48 50 0.048 49.952
44 50 0.048 49.952
36 50 0.048 49.952
52 50 0.048 49.952
37 49.9952 0.048 49.9472
38 50 0.0048 49.9952
51 50 0.048 49.952
44 49.952 0.0048 49.9472
51 49.952 0.0048 49.9472
51 49.9472 0.16 49.7872
51 49.7872 0.0016 49.7856
27 50 0.016 49.984
27 49.984 0.016 49.968
27 49.968 0.048 49.92
43 50 0.0048 49.9952
29 50 0.048 49.952
43 49.9952 0.048 49.9472
27 49.92 0.0048 49.9152
49 50 0.048 49.952
45 50 0.048 49.952
25 50 0.048 49.952
25 49.952 0.0048 49.9472
25 49.9472 0.16 49.7872
25 49.7872 0.0016 49.7856
35 50 0.016 49.984
35 49.984 0.016 49.968
35 49.968 0.048 49.92
50 50 0.048 49.952
39 50 0.048 49.952
53 50 0.048 49.952
28 50 0.0048 49.9952
31 50 0.048 49.952
34 50 0.048 49.952
38 49.9952 0.048 49.9472
33 50 0.048 49.952
30 50 0.048 49.952
48 50 0.048 49.952
26 50 0.0048 49.9952
44 50 0.048 49.952
51 50 0.0048 49.9952
51 49.9952 0.048 49.9472
44 49.952 0.0048 49.9472
44 49.9472 0.16 49.7872
51 49.9472 0.016 49.9312
51 49.9312 0.016 49.9152
44 49.7872 0.0016 49.7856
51 49.9152 0.048 49.8672
44 49.7856 0.0048 49.7808
36 50 0.048 49.952
52 50 0.048 49.952
37 50 0.048 49.952
27 50 0.048 49.952
43 50 0.0048 49.9952
29 50 0.048 49.952
43 49.9952 0.048 49.9472
27 49.952 0.0048 49.9472
49 50 0.048 49.952
49 49.952 0.0048 49.9472
49 49.9472 0.16 49.7872
49 49.7872 0.0016 49.7856
26 49.9952 0.016 49.9792
26 49.9792 0.016 49.9632
26 49.9632 0.048 49.9152
48 49.952 0.0048 49.9472
45 50 0.048 49.952
35 50 0.048 49.952
38 50 0.0048 49.9952
50 50 0.048 49.952
40 50 0.0048 49.9952
39 50 0.048 49.952
53 50 0.048 49.952
28 50 0.0048 49.9952
31 50 0.048 49.952
34 50 0.048 49.952
38 49.9952 0.048 49.9472
35 49.952 0.0048 49.9472
37 50 0.0048 49.9952
33 50 0.048 49.952
30 50 0.048 49.952
48 50 0.048 49.952
26 50 0.0048 49.9952
51 50 0.048 49.952
36 50 0.048 49.952
52 50 0.048 49.952
37 49.9952 0.048 49.9472
27 50 0.048 49.952
43 50 0.0048 49.9952
29 50 0.048 49.952
43 49.9952 0.048 49.9472
27 49.952 0.0048 49.9472
43 49.9472 0.0048 49.9424
43 49.9424 0.16 49.7824
43 49.7824 0.0016 49.7808
26 49.9952 0.048 49.9472
48 49.952 0.0048 49.9472
45 50 0.048 49.952
35 50 0.048 49.952
38 50 0.0048 49.9952
50 50 0.048 49.952
40 50 0.0048 49.9952
39 50 0.048 49.952
30 50 0.0048 49.9952
53 50 0.048 49.952
28 50 0.0048 49.9952
31 50 0.048 49.952
34 50 0.048 49.952
38 49.9952 0.048 49.9472
35 49.952 0.0048 49.9472
33 50 0.048 49.952
30 49.9952 0.048 49.9472
39 49.952 0.0048 49.9472
48 50 0.048 49.952
26 50 0.0048 49.9952
51 50 0.048 49.952
36 50 0.048 49.952
36 49.952 0.0048 49.9472
36 49.9472 0.16 49.7872
36 49.7872 0.0016 49.7856
52 50 0.048 49.952
37 50 0.048 49.952
27 50 0.048 49.952
43 50 0.0048 49.9952
43 49.9952 0.048 49.9472
27 49.952 0.0048 49.9472
27 49.9472 0.16 49.7872
43 49.9472 0.016 49.9312
43 49.9312 0.016 49.9152
27 49.7872 0.0016 49.7856
43 49.9152 0.048 49.8672
27 49.7856 0.0048 49.7808
29 50 0.048 49.952
26 49.9952 0.048 49.9472
48 49.952 0.0048 49.9472
45 50 0.048 49.952
45 49.952 0.0048 49.9472
45 49.9472 0.16 49.7872
45 49.7872 0.0016 49.7856
25 50 0.016 49.984
25 49.984 0.016 49.968
25 49.968 0.048 49.92
35 50 0.048 49.952
38 50 0.0048 49.9952
50 50 0.048 49.952
39 50 0.048 49.952
30 50 0.0048 49.9952
53 50 0.048 49.952
31 50 0.048 49.952
34 50 0.048 49.952
38 49.9952 0.048 49.9472
35 49.952 0.0048 49.9472
37 50 0.0048 49.9952
33 50 0.048 49.952
28 50 0.048 49.952
30 49.9952 0.048 49.9472
39 49.952 0.0048 49.9472
48 50 0.048 49.952
26 50 0.0048 49.9952
51 50 0.048 49.952
52 50 0.048 49.952
37 49.9952 0.048 49.9472
38 50 0.0048 49.9952
43 50 0.048 49.952
43 49.952 0.0048 49.9472
43 49.9472 0.16 49.7872
43 49.7872 0.0016 49.7856
29 50 0.048 49.952
26 49.9952 0.048 49.9472
48 49.952 0.0048 49.9472
25 50 0.048 49.952
35 50 0.048 49.952
38 49.9952 0.0048 49.9904
50 50 0.048 49.952
39 50 0.048 49.952
30 50 0.0048 49.9952
53 50 0.048 49.952
53 49.952 0.0048 49.9472
53 49.9472 0.16 49.7872
53 49.7872 0.0016 49.7856
45 50 0.016 49.984
45 49.984 0.016 49.968
45 49.968 0.048 49.92
31 50 0.048 49.952
34 50 0.048 49.952
38 49.9904 0.048 49.9424
35 49.952 0.0048 49.9472
37 50 0.0048 49.9952
33 50 0.048 49.952
28 50 0.048 49.952
30 49.9952 0.048 49.9472
39 49.952 0.0048 49.9472
48 50 0.048 49.952
26 50 0.0048 49.9952
51 50 0.048 49.952
52 50 0.048 49.952
37 49.9952 0.048 49.9472
38 50 0.0048 49.9952
29 50 0.048 49.952
26 49.9952 0.048 49.9472
48 49.952 0.0048 49.9472
25 50 0.048 49.952
35 50 0.048 49.952
37 50 0.0048 49.9952
50 50 0.048 49.952
40 50 0.0048 49.9952
39 50 0.048 49.952
30 50 0.0048 49.9952
45 50 0.048 49.952
31 50 0.048 49.952
34 50 0.048 49.952
38 49.9952 0.048 49.9472
37 49.9952 0.0048 49.9904
38 49.9472 0.0048 49.9424
38 49.9424 0.16 49.7824
38 49.7824 0.0016 49.7808
40 50 0.016 49.984
40 49.984 0.016 49.968
40 49.968 0.048 49.92
50 49.952 0.0048 49.9472
33 50 0.048 49.952
28 50 0.048 49.952
30 49.9952 0.048 49.9472
48 50 0.048 49.952
51 50 0.048 49.952
52 50 0.048 49.952
37 49.9904 0.048 49.9424
35 50 0.0048 49.9952
38 49.9136 0.0048 49.9088
38 49.9088 0.048 49.8608
37 49.9424 0.0048 49.9376
37 49.9376 0.16 49.7776
38 49.8608 0.016 49.8448
38 49.8448 0.016 49.8288
37 49.7776 0.0016 49.776
38 49.8288 0.048 49.7808
35 49.9952 0.0048 49.9904
37 49.776 0.0048 49.7712
38 49.7808 0.0048 49.776
38 49.776 0.16 49.616
38 49.616 0.0016 49.6144
53 50 0.016 49.984
53 49.984 0.016 49.968
53 49.968 0.048 49.92
29 50 0.048 49.952
26 50 0.048 49.952
25 50 0.048 49.952
35 49.9904 0.048 49.9424
37 50 0.0048 49.9952
37 49.9952 0.048 49.9472
38 49.6144 0.0048 49.6096
38 49.6096 0.048 49.5616
35 49.9424 0.0096 49.9328
35 49.9328 0.16 49.7728
37 49.9472 0.016 49.9312
37 49.9312 0.016 49.9152
35 49.7728 0.0016 49.7712
37 49.9152 0.048 49.8672
35 49.7712 0.0048 49.7664
38 49.5616 0.0048 49.5568
38 49.5568 0.048 49.5088
37 49.8672 0.0048 49.8624
37 49.8624 0.16 49.7024
38 49.5088 0.016 49.4928
38 49.4928 0.016 49.4768
37 49.7024 0.0016 49.7008
38 49.4768 0.048 49.4288
35 49.7664 0.0048 49.7616
37 49.7008 0.0048 49.696
50 50 0.048 49.952
40 49.92 0.0048 49.9152
39 50 0.048 49.952
30 50 0.0048 49.9952
45 50 0.048 49.952
31 50 0.048 49.952
34 50 0.048 49.952
40 50 0.048 49.952
33 50 0.048 49.952
28 50 0.048 49.952
30 49.9952 0.048 49.9472
48 50 0.048 49.952
26 50 0.0048 49.9952
51 50 0.048 49.952
51 49.952 0.0048 49.9472
51 49.9472 0.16 49.7872
51 49.7872 0.0016 49.7856
52 50 0.048 49.952
53 50 0.048 49.952
29 50 0.048 49.952
26 49.9952 0.048 49.9472
48 49.952 0.0048 49.9472
25 50 0.048 49.952
38 49.6883 0.048 49.6403
35 50 0.0048 49.9952
37 49.8351 0.0048 49.8303
50 50 0.048 49.952
39 50 0.048 49.952
39 49.952 0.0048 49.9472
39 49.9472 0.16 49.7872
39 49.7872 0.0016 49.7856
54 50 0.016 49.984
54 49.984 0.016 49.968
54 49.968 0.048 49.92
45 50 0.048 49.952
31 50 0.048 49.952
29 49.952 0.0048 49.9472
34 50 0.048 49.952
34 49.952 0.0048 49.9472
34 49.9472 0.16 49.7872
34 49.7872 0.0016 49.7856
42 50 0.016 49.984
42 49.984 0.016 49.968
42 49.968 0.048 49.92
40 50 0.048 49.952
33 50 0.048 49.952
28 50 0.048 49.952
30 50 0.048 49.952
48 50 0.048 49.952
26 50 0.0048 49.9952
52 50 0.048 49.952
53 50 0.048 49.952
28 49.952 0.0048 49.9472
29 50 0.048 49.952
31 49.952 0.0048 49.9472
48 49.952 0.0048 49.9472
26 49.9952 0.048 49.9472
48 49.9472 0.0048 49.9424
25 50 0.048 49.952
38 49.7967 0.048 49.7487
35 50 0.0048 49.9952
37 50 0.0048 49.9952
50 50 0.048 49.952
54 50 0.048 49.952
45 50 0.048 49.952
31 50 0.048 49.952
42 50 0.048 49.952
40 50 0.048 49.952
33 50 0.048 49.952
28 50 0.048 49.952
30 50 0.048 49.952
48 50 0.048 49.952
26 50 0.0048 49.9952
29 49.952 0.0048 49.9472
52 50 0.048 49.952
52 49.952 0.0048 49.9472
52 49.9472 0.16 49.7872
52 49.7872 0.0016 49.7856
53 50 0.048 49.952
29 50 0.048 49.952
48 49.952 0.0048 49.9472
26 49.9952 0.048 49.9472
48 49.9472 0.0048 49.9424
25 50 0.048 49.952
38 50 0.048 49.952
35 50 0.0048 49.9952
50 50 0.048 49.952
54 50 0.048 49.952
45 50 0.048 49.952
31 50 0.048 49.952
42 50 0.048 49.952
40 50 0.048 49.952
33 50 0.048 49.952
28 50 0.048 49.952
30 50 0.048 49.952
48 50 0.048 49.952
26 50 0.0048 49.9952
53 50 0.048 49.952
29 50 0.048 49.952
26 49.9952 0.048 49.9472
48 49.952 0.0048 49.9472
25 50 0.048 49.952
38 50 0.048 49.952
35 50 0.0048 49.9952
50 50 0.048 49.952
54 50 0.048 49.952
45 50 0.048 49.952
32 50 0.048 49.952
31 50 0.048 49.952
42 50 0.048 49.952
40 50 0.048 49.952
33 50 0.048 49.952
28 50 0.048 49.952
53 49.952 0.0048 49.9472
28 49.952 0.0048 49.9472
28 49.9472 0.16 49.7872
28 49.7872 0.0016 49.7856
43 50 0.016 49.984
43 49.984 0.016 49.968
43 49.968 0.048 49.92
27 50 0.0048 49.9952
27 49.9952 0.048 49.9472
43 49.92 0.0048 49.9152
43 49.9152 0.16 49.7552
27 49.9472 0.016 49.9312
27 49.9312 0.016 49.9152
43 49.7552 0.0016 49.7536
27 49.9152 0.048 49.8672
43 49.7536 0.0048 49.7488
30 50 0.048 49.952
48 50 0.048 49.952
26 50 0.0048 49.9952
53 50 0.048 49.952
28 49.7856 0.0048 49.7808
28 49.7808 0.048 49.7328
53 49.952 0.0096 49.9424
53 49.9424 0.16 49.7824
53 49.7824 0.0016 49.7808
29 50 0.048 49.952
47 50 0.048 49.952
26 49.9952 0.048 49.9472
48 49.952 0.0048 49.9472
26 49.9472 0.0048 49.9424
26 49.9424 0.16 49.7824
26 49.7824 0.0016 49.7808
35 50 0.016 49.984
35 49.984 0.016 49.968
35 49.968 0.048 49.92
38 50 0.0048 49.9952
25 50 0.048 49.952
38 49.9952 0.048 49.9472
35 49.92 0.0048 49.9152
50 50 0.048 49.952
40 49.952 0.0048 49.9472
54 50 0.048 49.952
45 50 0.048 49.952
32 50 0.048 49.952
32 49.952 0.0048 49.9472
32 49.9472 0.16 49.7872
32 49.7872 0.0016 49.7856
31 50 0.048 49.952
42 50 0.048 49.952
40 50 0.048 49.952
50 49.952 0.0048 49.9472
33 50 0.048 49.952
33 49.952 0.0048 49.9472
33 49.9472 0.16 49.7872
33 49.7872 0.0016 49.7856
27 50 0.048 49.952
43 50 0.0048 49.9952
30 50 0.048 49.952
48 50 0.048 49.952
26 50 0.0048 49.9952
29 50 0.048 49.952
47 50 0.048 49.952
35 50 0.048 49.952
38 50 0.0048 49.9952
25 50 0.048 49.952
38 49.9952 0.048 49.9472
35 49.952 0.0048 49.9472
50 50 0.048 49.952
40 49.952 0.0048 49.9472
54 50 0.048 49.952
45 50 0.048 49.952
31 50 0.048 49.952
42 50 0.048 49.952
40 50 0.048 49.952
50 49.952 0.0048 49.9472
40 49.952 0.0048 49.9472
40 49.9472 0.16 49.7872
40 49.7872 0.0016 49.7856
28 50 0.016 49.984
28 49.984 0.016 49.968
28 49.968 0.048 49.92
27 50 0.048 49.952
43 50 0.0048 49.9952
30 50 0.048 49.952
48 50 0.048 49.952
26 50 0.0048 49.9952
29 50 0.048 49.952
47 50 0.048 49.952
35 50 0.048 49.952
37 50 0.0048 49.9952
37 49.9952 0.048 49.9472
35 49.952 0.0048 49.9472
35 49.9472 0.16 49.7872
37 49.9472 0.016 49.9312
37 49.9312 0.016 49.9152
35 49.7872 0.0016 49.7856
37 49.9152 0.048 49.8672
35 49.7856 0.0048 49.7808
38 50 0.0048 49.9952
25 50 0.048 49.952
38 49.9952 0.048 49.9472
37 50 0.0048 49.9952
50 50 0.048 49.952
40 49.7856 0.0048 49.7808
54 50 0.048 49.952
45 50 0.048 49.952
31 50 0.048 49.952
29 49.952 0.0048 49.9472
42 50 0.048 49.952
28 50 0.048 49.952
53 50 0.0048 49.9952
53 49.9952 0.048 49.9472
28 49.952 0.0048 49.9472
28 49.9472 0.16 49.7872
53 49.9472 0.016 49.9312
53 49.9312 0.016 49.9152
28 49.7872 0.0016 49.7856
53 49.9152 0.048 49.8672
28 49.7856 0.0048 49.7808
27 50 0.048 49.952
43 50 0.0048 49.9952
30 50 0.048 49.952
48 50 0.048 49.952
26 50 0.0048 49.9952
29 50 0.048 49.952
29 49.952 0.0048 49.9472
29 49.9472 0.16 49.7872
29 49.7872 0.0016 49.7856
52 50 0.016 49.984
52 49.984 0.016 49.968
52 49.968 0.048 49.92
47 50 0.048 49.952
37 49.9952 0.048 49.9472
35 49.9146 0.0048 49.9098
25 50 0.048 49.952
38 50 0.048 49.952
50 50 0.048 49.952
40 49.9316 0.0048 49.9268
54 50 0.048 49.952
45 50 0.048 49.952
31 50 0.048 49.952
42 50 0.048 49.952
53 50 0.048 49.952
28 49.977 0.0048 49.9722
27 50 0.048 49.952
43 50 0.0048 49.9952
30 50 0.048 49.952
48 50 0.048 49.952
26 50 0.0048 49.9952
52 50 0.048 49.952
47 50 0.048 49.952
37 50 0.048 49.952
35 50 0.0048 49.9952
38 50 0.0048 49.9952
25 50 0.048 49.952
38 49.9952 0.048 49.9472
37 50 0.0048 49.9952
50 50 0.048 49.952
54 50 0.048 49.952
45 50 0.048 49.952
31 50 0.048 49.952
42 50 0.048 49.952
53 50 0.048 49.952
27 50 0.048 49.952
43 50 0.0048 49.9952
30 50 0.048 49.952
39 50 0.0048 49.9952
39 49.9952 0.048 49.9472
30 49.952 0.0048 49.9472
30 49.9472 0.16 49.7872
39 49.9472 0.016 49.9312
39 49.9312 0.016 49.9152
30 49.7872 0.0016 49.7856
39 49.9152 0.048 49.8672
30 49.7856 0.0048 49.7808
48 50 0.048 49.952
52 50 0.048 49.952
47 50 0.048 49.952
47 49.952 0.0048 49.9472
47 49.9472 0.16 49.7872
47 49.7872 0.0016 49.7856
37 49.9952 0.048 49.9472
35 50 0.0048 49.9952
38 50 0.0048 49.9952
25 50 0.048 49.952
38 49.9952 0.048 49.9472
35 49.9952 0.0048 49.9904
37 50 0.0048 49.9952
38 49.9472 0.0048 49.9424
38 49.9424 0.16 49.7824
38 49.7824 0.0016 49.7808
50 50 0.048 49.952
54 50 0.048 49.952
45 50 0.048 49.952
31 50 0.048 49.952
29 50 0.0048 49.9952
31 49.952 0.0048 49.9472
31 49.9472 0.16 49.7872
31 49.7872 0.0016 49.7856
40 50 0.016 49.984
40 49.984 0.016 49.968
40 49.968 0.048 49.92
42 50 0.048 49.952
53 50 0.048 49.952
27 50 0.048 49.952
43 50 0.0048 49.9952
39 50 0.048 49.952
48 50 0.048 49.952
26 50 0.0048 49.9952
52 50 0.048 49.952
37 49.9952 0.048 49.9472
35 50 0.0048 49.9952
38 49.9377 0.0048 49.9329
38 49.9329 0.048 49.8849
37 49.9472 0.0048 49.9424
37 49.9424 0.16 49.7824
38 49.8849 0.016 49.8689
38 49.8689 0.016 49.8529
37 49.7824 0.0016 49.7808
38 49.8529 0.048 49.8049
35 49.9952 0.0048 49.9904
37 49.7808 0.0048 49.776
25 50 0.048 49.952
50 50 0.048 49.952
54 50 0.048 49.952
45 50 0.048 49.952
40 50 0.048 49.952
42 50 0.048 49.952
53 50 0.048 49.952
27 50 0.048 49.952
43 50 0.0048 49.9952
39 50 0.048 49.952
48 50 0.048 49.952
26 50 0.0048 49.9952
29 50 0.0048 49.9952
52 50 0.048 49.952
38 50 0.048 49.952
35 50 0.0048 49.9952
37 49.9495 0.0048 49.9447
25 50 0.048 49.952
50 50 0.048 49.952
40 49.952 0.0048 49.9472
54 50 0.048 49.952
45 50 0.048 49.952
40 50 0.048 49.952
50 49.952 0.0048 49.9472
42 50 0.048 49.952
53 50 0.048 49.952
27 50 0.048 49.952
39 50 0.048 49.952
48 50 0.048 49.952
26 50 0.0048 49.9952
52 50 0.048 49.952
38 50 0.048 49.952
37 50 0.0048 49.9952
25 50 0.048 49.952
50 50 0.048 49.952
40 49.952 0.0048 49.9472
50 49.952 0.0048 49.9472
50 49.9472 0.16 49.7872
50 49.7872 0.0016 49.7856
37 50 0.016 49.984
37 49.984 0.016 49.968
37 49.968 0.048 49.92
35 50 0.0048 49.9952
35 49.9952 0.048 49.9472
38 49.952 0.0048 49.9472
37 49.92 0.0048 49.9152
37 49.9152 0.16 49.7552
35 49.9472 0.016 49.9312
35 49.9312 0.016 49.9152
37 49.7552 0.0016 49.7536
35 49.9152 0.048 49.8672
37 49.7536 0.0048 49.7488
54 50 0.048 49.952
45 50 0.048 49.952
40 50 0.048 49.952
50 49.7856 0.0048 49.7808
50 49.7808 0.048 49.7328
40 49.952 0.0048 49.9472
40 49.9472 0.16 49.7872
50 49.7328 0.016 49.7168
50 49.7168 0.016 49.7008
40 49.7872 0.0016 49.7856
50 49.7008 0.048 49.6528
40 49.7856 0.0048 49.7808
42 50 0.048 49.952
53 50 0.048 49.952
27 50 0.048 49.952
43 50 0.0048 49.9952
39 50 0.048 49.952
48 50 0.048 49.952
26 50 0.0048 49.9952
29 50 0.0048 49.9952
52 50 0.048 49.952
38 50 0.048 49.952
37 49.7488 0.0048 49.744
25 50 0.048 49.952
35 50 0.048 49.952
54 50 0.048 49.952
45 50 0.048 49.952
50 49.8651 0.048 49.8171
42 50 0.048 49.952
42 49.952 0.0048 49.9472
42 49.9472 0.16 49.7872
42 49.7872 0.0016 49.7856
53 50 0.048 49.952
27 50 0.048 49.952
43 50 0.0048 49.9952
39 50 0.048 49.952
30 50 0.0048 49.9952
48 50 0.048 49.952
26 50 0.0048 49.9952
29 50 0.0048 49.9952
52 50 0.048 49.952
38 50 0.048 49.952
37 50 0.0048 49.9952
25 50 0.048 49.952
35 50 0.048 49.952
54 50 0.048 49.952
45 50 0.048 49.952
50 50 0.048 49.952
53 50 0.048 49.952
28 50 0.0048 49.9952
27 50 0.048 49.952
43 50 0.0048 49.9952
39 50 0.048 49.952
30 50 0.0048 49.9952
48 50 0.048 49.952
26 50 0.0048 49.9952
29 50 0.0048 49.9952
52 50 0.048 49.952
38 50 0.048 49.952
37 50 0.0048 49.9952
25 50 0.048 49.952
35 50 0.048 49.952
35 49.952 0.0048 49.9472
35 49.9472 0.16 49.7872
35 49.7872 0.0016 49.7856
31 50 0.016 49.984
31 49.984 0.016 49.968
31 49.968 0.048 49.92
54 50 0.048 49.952
45 50 0.048 49.952
50 50 0.048 49.952
40 50 0.0048 49.9952
53 50 0.048 49.952
28 50 0.0048 49.9952
27 50 0.048 49.952
43 50 0.0048 49.9952
39 50 0.048 49.952
48 50 0.048 49.952
26 50 0.0048 49.9952
29 50 0.0048 49.9952
52 50 0.048 49.952
38 50 0.048 49.952
37 50 0.0048 49.9952
25 50 0.048 49.952
31 50 0.048 49.952
54 50 0.048 49.952
45 50 0.048 49.952
50 50 0.048 49.952
40 50 0.0048 49.9952
53 50 0.048 49.952
28 50 0.0048 49.9952
53 49.952 0.0048 49.9472
53 49.9472 0.16 49.7872
53 49.7872 0.0016 49.7856
27 50 0.048 49.952
39 50 0.048 49.952
48 50 0.048 49.952
29 50 0.0048 49.9952
52 50 0.048 49.952
38 50 0.048 49.952
37 50 0.0048 49.9952
37 49.9952 0.048 49.9472
38 49.952 0.0048 49.9472
25 50 0.048 49.952
31 50 0.048 49.952
31 49.952 0.0048 49.9472
31 49.9472 0.16 49.7872
31 49.7872 0.0016 49.7856
54 50 0.048 49.952
45 50 0.048 49.952
50 50 0.048 49.952
40 50 0.0048 49.9952
27 50 0.048 49.952
39 50 0.048 49.952
48 50 0.048 49.952
26 50 0.0048 49.9952
52 50 0.048 49.952
38 50 0.048 49.952
35 50 0.0048 49.9952
37 50 0.0048 49.9952
37 49.9952 0.048 49.9472
35 49.9952 0.0048 49.9904
35 49.9904 0.048 49.9424
38 49.952 0.0048 49.9472
37 49.9472 0.0048 49.9424
37 49.9424 0.16 49.7824
35 49.9424 0.016 49.9264
35 49.9264 0.016 49.9104
37 49.7824 0.0016 49.7808
35 49.9104 0.048 49.8624
25 50 0.0048 49.9952
37 49.7808 0.0048 49.776
38 49.9472 0.0048 49.9424
25 49.9952 0.048 49.9472
35 49.8624 0.0048 49.8576
25 49.9472 0.0048 49.9424
25 49.9424 0.16 49.7824
25 49.7824 0.0016 49.7808
44 50 0.016 49.984
44 49.984 0.016 49.968
44 49.968 0.048 49.92
54 50 0.048 49.952
45 50 0.048 49.952
50 50 0.048 49.952
40 50 0.0048 49.9952
27 50 0.048 49.952
43 50 0.0048 49.9952
39 50 0.048 49.952
48 50 0.048 49.952
26 50 0.0048 49.9952
29 50 0.0048 49.9952
41 50 0.048 49.952
41 49.952 0.0048 49.9472
41 49.9472 0.16 49.7872
41 49.7872 0.0016 49.7856
52 50 0.048 49.952
38 50 0.048 49.952
37 49.9188 0.0048 49.914
35 50 0.048 49.952
44 50 0.048 49.952
54 50 0.048 49.952
45 50 0.048 49.952
50 50 0.048 49.952
40 50 0.0048 49.9952
27 50 0.048 49.952
43 50 0.0048 49.9952
39 50 0.048 49.952
48 50 0.048 49.952
26 50 0.0048 49.9952
29 50 0.0048 49.9952
52 50 0.048 49.952
38 50 0.048 49.952
35 50 0.048 49.952
44 50 0.048 49.952
54 50 0.048 49.952
45 50 0.048 49.952
50 50 0.048 49.952
40 50 0.0048 49.9952
27 50 0.048 49.952
43 50 0.0048 49.9952
39 50 0.048 49.952
48 50 0.048 49.952
26 50 0.0048 49.9952
48 49.952 0.0048 49.9472
48 49.9472 0.16 49.7872
48 49.7872 0.0016 49.7856
52 50 0.048 49.952
38 50 0.048 49.952
35 50 0.048 49.952
44 50 0.048 49.952
54 50 0.048 49.952
45 50 0.048 49.952
50 50 0.048 49.952
40 50 0.0048 49.9952
27 50 0.048 49.952
43 50 0.0048 49.9952
39 50 0.048 49.952
52 50 0.048 49.952
38 50 0.048 49.952
35 50 0.0048 49.9952
37 50 0.0048 49.9952
35 49.9952 0.048 49.9472
37 49.9952 0.0048 49.9904
38 49.952 0.0048 49.9472
44 50 0.048 49.952
54 50 0.048 49.952
45 50 0.048 49.952
50 50 0.048 49.952
27 50 0.048 49.952
43 50 0.0048 49.9952
39 50 0.048 49.952
52 50 0.048 49.952
38 50 0.048 49.952
35 50 0.0048 49.9952
37 50 0.0048 49.9952
35 49.9952 0.048 49.9472
25 50 0.0048 49.9952
25 49.9952 0.048 49.9472
37 49.9952 0.0048 49.9904
38 49.952 0.0048 49.9472
35 49.9472 0.0048 49.9424
35 49.9424 0.16 49.7824
25 49.9472 0.016 49.9312
25 49.9312 0.016 49.9152
35 49.7824 0.0016 49.7808
25 49.9152 0.048 49.8672
35 49.7808 0.0048 49.776
44 50 0.048 49.952
54 50 0.048 49.952
45 50 0.048 49.952
50 50 0.048 49.952
27 50 0.048 49.952
43 50 0.0048 49.9952
39 50 0.048 49.952
52 50 0.048 49.952
38 50 0.048 49.952
37 50 0.0048 49.9952
25 50 0.048 49.952
37 49.9952 0.0048 49.9904
25 49.952 0.0048 49.9472
25 49.9472 0.16 49.7872
25 49.7872 0.0016 49.7856
31 50 0.016 49.984
31 49.984 0.016 49.968
31 49.968 0.048 49.92
44 50 0.048 49.952
54 50 0.048 49.952
45 50 0.048 49.952
50 50 0.048 49.952
50 49.952 0.0048 49.9472
50 49.9472 0.16 49.7872
50 49.7872 0.0016 49.7856
43 50 0.048 49.952
27 50 0.0048 49.9952
27 49.9952 0.048 49.9472
43 49.952 0.0048 49.9472
39 50 0.048 49.952
52 50 0.048 49.952
26 50 0.048 49.952
29 50 0.0048 49.9952
29 49.9952 0.048 49.9472
48 50 0.0048 49.9952
48 49.9952 0.048 49.9472
26 49.952 0.0144 49.9376
26 49.9376 0.16 49.7776
26 49.7776 0.0016 49.776
38 50 0.048 49.952
35 50 0.0048 49.9952
37 50 0.0048 49.9952
31 50 0.048 49.952
44 50 0.048 49.952
54 50 0.048 49.952
45 50 0.048 49.952
43 50 0.048 49.952
27 50 0.0048 49.9952
27 49.9952 0.048 49.9472
43 49.952 0.0048 49.9472
39 50 0.048 49.952
46 50 0.048 49.952
52 50 0.048 49.952
38 50 0.048 49.952
35 50 0.0048 49.9952
37 50 0.0048 49.9952
31 50 0.048 49.952
44 50 0.048 49.952
54 50 0.048 49.952
45 50 0.048 49.952
43 50 0.048 49.952
27 50 0.048 49.952
39 50 0.048 49.952
46 50 0.048 49.952
52 50 0.048 49.952
38 50 0.048 49.952
35 50 0.0048 49.9952
37 50 0.0048 49.9952
31 50 0.048 49.952
44 50 0.048 49.952
25 50 0.048 49.952
35 49.9952 0.0048 49.9904
35 49.9904 0.048 49.9424
37 49.9952 0.0048 49.9904
37 49.9904 0.048 49.9424
25 49.952 0.0096 49.9424
25 49.9424 0.16 49.7824
35 49.9424 0.016 49.9264
35 49.9264 0.016 49.9104
25 49.7824 0.0016 49.7808
35 49.9104 0.048 49.8624
25 49.7808 0.0048 49.776
37 49.9424 0.0048 49.9376
37 49.9376 0.048 49.8896
38 49.952 0.0048 49.9472
35 49.8624 0.0048 49.8576
35 49.8576 0.16 49.6976
37 49.8896 0.016 49.8736
37 49.8736 0.016 49.8576
35 49.6976 0.0016 49.696
37 49.8576 0.048 49.8096
25 49.776 0.0048 49.7712
35 49.696 0.0048 49.6912
38 49.9472 0.0048 49.9424
54 50 0.048 49.952
45 50 0.048 49.952
43 50 0.048 49.952
27 50 0.048 49.952
39 50 0.048 49.952
46 50 0.048 49.952
34 50 0.048 49.952
52 50 0.048 49.952
38 50 0.048 49.952
35 49.9074 0.0048 49.9026
37 50 0.0048 49.9952
31 50 0.048 49.952
44 50 0.048 49.952
37 49.9952 0.048 49.9472
25 50 0.0048 49.9952
35 49.9026 0.0048 49.8978
38 49.952 0.0048 49.9472
37 49.9472 0.0048 49.9424
37 49.9424 0.16 49.7824
37 49.7824 0.0016 49.7808
54 50 0.048 49.952
45 50 0.048 49.952
43 50 0.048 49.952
43 49.952 0.0048 49.9472
43 49.9472 0.16 49.7872
43 49.7872 0.0016 49.7856
41 50 0.016 49.984
41 49.984 0.016 49.968
41 49.968 0.048 49.92
27 50 0.048 49.952
39 50 0.048 49.952
49 50 0.048 49.952
46 50 0.048 49.952
34 50 0.048 49.952
52 50 0.048 49.952
38 50 0.048 49.952
35 50 0.0048 49.9952
37 50 0.0048 49.9952
31 50 0.048 49.952
44 50 0.048 49.952
54 50 0.048 49.952
45 50 0.048 49.952
41 50 0.048 49.952
27 50 0.048 49.952
39 50 0.048 49.952
49 50 0.048 49.952
46 50 0.048 49.952
34 50 0.048 49.952
52 50 0.048 49.952
38 50 0.048 49.952
35 50 0.0048 49.9952
37 50 0.0048 49.9952
31 50 0.048 49.952
44 50 0.048 49.952
33 50 0.048 49.952
54 50 0.048 49.952
45 50 0.048 49.952
41 50 0.048 49.952
27 50 0.048 49.952
43 50 0.0048 49.9952
39 50 0.048 49.952
49 50 0.048 49.952
46 50 0.048 49.952
34 50 0.048 49.952
52 50 0.048 49.952
38 50 0.048 49.952
37 50 0.0048 49.9952
31 50 0.048 49.952
44 50 0.048 49.952
33 50 0.048 49.952
54 50 0.048 49.952
45 50 0.048 49.952
41 50 0.048 49.952
27 50 0.048 49.952
39 50 0.048 49.952
49 50 0.048 49.952
46 50 0.048 49.952
34 50 0.048 49.952
52 50 0.048 49.952
38 50 0.048 49.952
31 50 0.048 49.952
44 50 0.048 49.952
33 50 0.048 49.952
39 50 0.0048 49.9952
54 50 0.048 49.952
54 49.952 0.0048 49.9472
54 49.9472 0.16 49.7872
54 49.7872 0.0016 49.7856
45 50 0.048 49.952
41 50 0.048 49.952
27 50 0.048 49.952
43 50 0.0048 49.9952
27 49.952 0.0048 49.9472
27 49.9472 0.16 49.7872
27 49.7872 0.0016 49.7856
30 50 0.016 49.984
30 49.984 0.016 49.968
30 49.968 0.048 49.92
39 49.9952 0.048 49.9472
