73 961 0 100 1.3 2.76613 4.06613
82 969 0 100 1 3.16121 4.16121
108 956 0 100 1.6 2.67547 4.27547
40 963 0 100 1.4 2.94967 4.34967
60 941 0 100 2.2 2.18766 4.38766
53 935 0 100 2.5 2.09631 4.59631
47 957 0 100 2.1 2.67978 4.77978
92 954 0 100 2.4 2.66151 5.06151
101 980 0 100 1.6 3.90142 5.50142
124 987 0 100 1.4 4.45512 5.85512
117 991 0 100 1.1 4.75991 5.85991
33 951 0 100 3.5 2.5687 6.0687
44 952 0 100 3.8 2.62623 6.42623
25 968 0 100 3.5 3.14901 6.64901
103 993 0 100 2 4.79892 6.79892
85 1011 0 100 0.2 6.81505 7.01505
91 970 0 100 3.8 3.23945 7.03945
34 975 0 100 3.7 3.64058 7.34058
65 997 0 100 2.1 5.26477 7.36477
70 973 0 100 3.9 3.53197 7.43197
94 942 0 100 5.6 2.2599 7.8599
61 1024 0 100 4.66804e-08 7.90091 7.90091
32 989 0 100 3.2 4.70235 7.90235
54 1022 0 100 0.5 7.74639 8.24639
115 959 0 100 5.5 2.7654 8.2654
100 943 0 100 6 2.27276 8.27277
29 986 0 100 4 4.38833 8.38833
50 945 0 100 6.1 2.32434 8.42434
51 1015 0 100 1.4 7.1455 8.5455
62 984 0 100 4.3 4.26039 8.56039
87 983 0 100 4.4 4.20646 8.60646
81 1037 0 100 3.50103e-08 8.6448 8.6448
108 1005 0 100 2.3 6.3647 8.6647
116 972 0 100 5.6 3.30169 8.90169
121 974 0 100 5.5 3.594 9.094
45 1026 0 100 1.2 7.98215 9.18215
46 988 0 100 4.8 4.48378 9.28378
48 1046 0 100 0.1 9.22872 9.32872
112 1008 0 100 2.7 6.6289 9.3289
121 1001 0 100 3.8 5.84362 9.64362
41 1042 0 100 0.7 8.99981 9.69981
67 1013 0 100 2.8 6.9574 9.7574
43 1019 0 100 2.4 7.38553 9.78553
53 1014 0 100 3 7.0434 10.0434
105 1007 0 100 3.7 6.59265 10.2926
31 1038 0 100 2.7 8.66692 11.3669
31 1067 0 100 0.1 11.2839 11.3839
122 1039 0 100 2.8 8.7303 11.5303
124 1051 0 100 2.6 9.46053 12.0605
25 1020 0 100 4.6 7.52951 12.1295
94 1065 0 100 1.1 11.1423 12.2423
102 1050 0 100 2.9 9.3569 12.2569
90 1080 0 100 0.1 12.1917 12.2917
87 1072 0 100 0.7 11.6234 12.3234
102 1079 0 100 0.5 12.1231 12.6231
35 1087 0 100 0.4 12.616 13.016
54 1064 0 100 2.1 10.9632 13.0632
112 1071 0 100 1.7 11.6181 13.3181
26 1002 0 100 7.7 5.8786 13.5786
54 1094 0 100 0.1 13.4855 13.5855
57 1069 0 100 2.1 11.4941 13.5941
81 1076 0 100 1.6 12.0005 13.6005
51 1066 0 100 2.6 11.1876 13.7876
99 1098 0 100 0.1 13.7911 13.8911
62 1100 0 100 0.5 14.0579 14.5579
86 1086 0 100 2.1 12.5667 14.6667
26 1068 0 100 3.6 11.3438 14.9438
