60 39
65 39
53 39
11 39
10 39
12 39
9 39
51 39
13 39
36 39
8 39
14 39
7 39
54 39
67 39
15 39
6 39
16 39
5 39
17 39
31 39
4 39
18 39
26 39
34 39
3 39
19 39
2 39
20 39
1 39
29 39
33 39
21 39
35 39
41 39
63 39
22 39
38 39
57 39
23 39
62 39
24 39
27 39
45 39
38 40
22 40
21 40
23 40
20 40
24 40
19 40
18 40
17 40
16 40
15 40
14 40
13 40
12 40
11 40
53 40
10 40
9 40
8 40
7 40
6 40
5 40
4 40
3 40
2 40
1 40
70 39
39 39
48 39
46 39
57 40
63 40
48 40
57 42
38 42
3 42
2 42
4 42
1 42
48 42
5 42
6 42
7 42
8 42
9 42
10 42
11 42
12 42
13 42
14 42
15 42
16 42
17 42
18 42
19 42
20 42
21 42
22 42
23 42
24 42
56 39
74 39
32 39
70 41
12 41
11 41
13 41
10 41
14 41
9 41
15 41
8 41
16 41
7 41
17 41
6 41
18 41
5 41
19 41
4 41
20 41
3 41
21 41
2 41
22 41
1 41
23 41
24 41
72 39
60 40
65 40
51 40
69 39
30 39
25 39
44 39
70 43
44 43
60 44
65 44
17 44
16 44
18 44
15 44
19 44
14 44
20 44
13 44
21 44
12 44
22 44
11 44
23 44
10 44
24 44
9 44
8 44
7 44
6 44
5 44
4 44
3 44
2 44
1 44
56 41
69 45
16 45
15 45
17 45
14 45
18 45
13 45
19 45
12 45
20 45
11 45
21 45
10 45
22 45
9 45
23 45
8 45
24 45
7 45
6 45
5 45
4 45
3 45
2 45
1 45
59 39
64 39
40 39
65 45
73 39
51 44
73 44
37 39
69 47
1 47
2 47
3 47
51 47
4 47
5 47
6 47
7 47
8 47
9 47
10 47
11 47
12 47
13 47
14 47
15 47
16 47
17 47
18 47
19 47
20 47
21 47
22 47
23 47
24 47
60 46
5 46
4 46
6 46
3 46
7 46
2 46
8 46
1 46
9 46
10 46
11 46
12 46
13 46
14 46
15 46
16 46
17 46
18 46
19 46
20 46
21 46
22 46
23 46
24 46
61 39
25 44
61 44
44 44
70 44
65 47
28 39
38 41
57 41
46 40
66 39
63 42
66 42
49 39
74 41
56 45
71 39
32 41
71 41
52 39
55 39
70 49
37 47
