46 50 0.048 49.952
35 50 0.048 49.952
28 50 0.048 49.952
46 50 0.048 49.952
35 50 0.048 49.952
54 50 0.048 49.952
28 50 0.048 49.952
29 50 0.0048 49.9952
29 49.9952 0.048 49.9472
28 49.952 0.0096 49.9424
28 49.9424 0.16 49.7824
28 49.7824 0.0016 49.7808
29 49.9472 0.016 49.9312
29 49.9312 0.016 49.9152
28 49.7808 0.0016 49.7792
29 49.9152 0.048 49.8672
28 49.7792 0.0048 49.7744
32 50 0.016 49.984
32 49.984 0.016 49.968
32 49.968 0.048 49.92
30 50 0.016 49.984
30 49.984 0.016 49.968
30 49.968 0.048 49.92
35 50 0.016 49.984
35 49.984 0.016 49.968
51 50 0.016 49.984
51 49.984 0.016 49.968
51 49.968 0.048 49.92
48 50 0.016 49.984
48 49.984 0.016 49.968
48 49.968 0.048 49.92
49 50 0.016 49.984
49 49.984 0.016 49.968
49 49.968 0.048 49.92
52 50 0.0048 49.9952
52 49.9952 0.048 49.9472
49 49.92 0.0048 49.9152
49 49.9152 0.16 49.7552
52 49.9472 0.016 49.9312
52 49.9312 0.016 49.9152
49 49.7552 0.0016 49.7536
52 49.9152 0.048 49.8672
49 49.7536 0.0048 49.7488
33 50 0.016 49.984
33 49.984 0.016 49.968
33 49.968 0.048 49.92
36 50 0.0048 49.9952
36 49.9952 0.048 49.9472
33 49.92 0.0048 49.9152
33 49.9152 0.16 49.7552
36 49.9472 0.016 49.9312
36 49.9312 0.016 49.9152
36 49.9152 0.048 49.8672
33 49.7552 0.0048 49.7504
38 50 0.0048 49.9952
38 49.9952 0.048 49.9472
36 49.8672 0.0048 49.8624
36 49.8624 0.16 49.7024
45 50 0.016 49.984
45 49.984 0.016 49.968
45 49.968 0.048 49.92
38 49.9472 0.016 49.9312
38 49.9312 0.016 49.9152
36 49.7024 0.0016 49.7008
38 49.9152 0.048 49.8672
36 49.7008 0.0048 49.696
26 50 0.016 49.984
26 49.984 0.016 49.968
26 49.968 0.048 49.92
40 50 0.016 49.984
40 49.984 0.016 49.968
40 49.968 0.048 49.92
46 50 0.016 49.984
44 50 0.016 49.984
44 49.984 0.016 49.968
44 49.968 0.048 49.92
47 50 0.016 49.984
47 49.984 0.016 49.968
47 49.968 0.048 49.92
54 49.952 0.016 49.936
25 50 0.016 49.984
25 49.984 0.016 49.968
25 49.968 0.048 49.92
50 50 0.0048 49.9952
50 49.9952 0.048 49.9472
25 49.92 0.0048 49.9152
25 49.9152 0.16 49.7552
50 49.9472 0.016 49.9312
50 49.9312 0.016 49.9152
50 49.9152 0.048 49.8672
25 49.7552 0.0048 49.7504
54 49.936 0.016 49.92
34 50 0.016 49.984
34 49.984 0.016 49.968
34 49.968 0.048 49.92
53 50 0.0048 49.9952
53 49.9952 0.048 49.9472
34 49.92 0.0048 49.9152
34 49.9152 0.16 49.7552
53 49.9472 0.016 49.9312
53 49.9312 0.016 49.9152
53 49.9152 0.048 49.8672
34 49.7552 0.0048 49.7504
41 50 0.016 49.984
41 49.984 0.016 49.968
41 49.968 0.048 49.92
42 50 0.016 49.984
42 49.984 0.016 49.968
42 49.968 0.048 49.92
43 50 0.016 49.984
43 49.984 0.016 49.968
43 49.968 0.048 49.92
37 50 0.016 49.984
37 49.984 0.016 49.968
37 49.968 0.048 49.92
39 50 0.0048 49.9952
39 49.9952 0.048 49.9472
37 49.92 0.0048 49.9152
37 49.9152 0.16 49.7552
39 49.9472 0.016 49.9312
39 49.9312 0.016 49.9152
39 49.9152 0.048 49.8672
37 49.7552 0.0048 49.7504
46 49.984 0.048 49.936
35 49.968 0.048 49.92
35 49.92 0.0048 49.9152
35 49.9152 0.16 49.7552
35 49.7552 0.0016 49.7536
30 50 0.016 49.984
30 49.984 0.016 49.968
51 49.92 0.016 49.904
48 50 0.016 49.984
48 49.984 0.016 49.968
49 49.7488 0.016 49.7328
49 49.7328 0.016 49.7168
49 49.7168 0.048 49.6688
52 50 0.0048 49.9952
52 49.9952 0.016 49.9792
28 49.7744 0.016 49.7584
28 49.7584 0.016 49.7424
28 49.7424 0.048 49.6944
29 49.8672 0.0048 49.8624
29 49.8624 0.016 49.8464
33 49.7504 0.016 49.7344
29 49.8464 0.016 49.8304
36 50 0.016 49.984
36 49.984 0.016 49.968
36 49.968 0.048 49.92
33 49.7344 0.0048 49.7296
38 50 0.0048 49.9952
38 49.9952 0.016 49.9792
45 49.92 0.016 49.904
26 49.92 0.016 49.904
40 49.92 0.016 49.904
45 49.904 0.016 49.888
32 50 0.016 49.984
26 49.904 0.016 49.888
46 49.936 0.016 49.92
27 50 0.016 49.984
27 49.984 0.016 49.968
27 49.968 0.048 49.92
31 50 0.0048 49.9952
31 49.9952 0.048 49.9472
27 49.92 0.0048 49.9152
27 49.9152 0.16 49.7552
31 49.9472 0.016 49.9312
31 49.9312 0.016 49.9152
31 49.9152 0.048 49.8672
27 49.7552 0.0048 49.7504
32 49.984 0.016 49.968
44 49.92 0.016 49.904
46 49.92 0.016 49.904
47 49.92 0.016 49.904
54 49.92 0.016 49.904
25 50 0.016 49.984
50 49.9913 0.016 49.9753
54 49.904 0.016 49.888
25 49.984 0.016 49.968
34 50 0.016 49.984
50 49.9753 0.016 49.9593
53 50 0.016 49.984
42 49.92 0.016 49.904
42 49.904 0.016 49.888
43 49.92 0.016 49.904
37 49.7504 0.016 49.7344
39 49.8672 0.016 49.8512
54 50 0.048 49.952
29 50 0.048 49.952
28 49.9013 0.0048 49.8965
32 49.968 0.048 49.92
30 49.968 0.048 49.92
51 50 0.048 49.952
48 49.968 0.048 49.92
52 49.9792 0.048 49.9312
49 50 0.0048 49.9952
45 50 0.048 49.952
38 49.9792 0.048 49.9312
36 49.92 0.0048 49.9152
26 50 0.048 49.952
40 50 0.048 49.952
44 50 0.048 49.952
47 50 0.048 49.952
50 49.9593 0.048 49.9113
25 49.968 0.0048 49.9632
53 49.984 0.048 49.936
34 49.984 0.0048 49.9792
41 50 0.048 49.952
42 50 0.048 49.952
43 50 0.048 49.952
39 50 0.048 49.952
37 49.9101 0.0048 49.9053
39 49.952 0.0048 49.9472
39 49.9472 0.16 49.7872
46 50 0.048 49.952
49 49.9952 0.048 49.9472
52 50 0.0048 49.9952
28 49.8965 0.048 49.8485
29 49.952 0.0048 49.9472
36 50 0.048 49.952
33 50 0.0048 49.9952
38 50 0.0048 49.9952
31 50 0.048 49.952
27 50 0.0048 49.9952
54 50 0.048 49.952
29 50 0.048 49.952
28 50 0.0048 49.9952
32 50 0.048 49.952
30 50 0.048 49.952
51 50 0.048 49.952
48 50 0.048 49.952
52 49.9952 0.048 49.9472
49 50 0.0048 49.9952
45 50 0.048 49.952
38 49.9952 0.048 49.9472
36 49.952 0.0048 49.9472
26 50 0.048 49.952
40 50 0.048 49.952
44 50 0.048 49.952
47 50 0.048 49.952
50 50 0.048 49.952
25 50 0.0048 49.9952
53 50 0.048 49.952
41 50 0.048 49.952
42 50 0.048 49.952
43 50 0.048 49.952
46 50 0.048 49.952
49 49.9952 0.048 49.9472
52 50 0.0048 49.9952
28 49.9952 0.048 49.9472
29 49.952 0.0048 49.9472
36 50 0.048 49.952
33 50 0.0048 49.9952
38 50 0.0048 49.9952
31 50 0.048 49.952
54 50 0.048 49.952
44 49.952 0.0048 49.9472
29 50 0.048 49.952
32 50 0.048 49.952
30 50 0.048 49.952
51 50 0.048 49.952
48 50 0.048 49.952
52 49.9952 0.048 49.9472
49 50 0.0048 49.9952
45 50 0.048 49.952
40 50 0.0048 49.9952
38 49.9952 0.048 49.9472
36 49.952 0.0048 49.9472
26 50 0.048 49.952
40 49.9952 0.048 49.9472
45 49.952 0.0048 49.9472
44 50 0.048 49.952
54 49.952 0.0048 49.9472
47 50 0.048 49.952
50 50 0.048 49.952
25 50 0.0048 49.9952
53 50 0.048 49.952
41 50 0.048 49.952
42 50 0.048 49.952
43 50 0.048 49.952
46 50 0.048 49.952
49 49.9952 0.048 49.9472
52 50 0.0048 49.9952
28 50 0.048 49.952
36 50 0.048 49.952
33 50 0.0048 49.9952
38 50 0.0048 49.9952
31 50 0.048 49.952
27 50 0.0048 49.9952
54 50 0.048 49.952
44 49.952 0.0048 49.9472
29 50 0.048 49.952
32 50 0.048 49.952
30 50 0.048 49.952
51 50 0.048 49.952
48 50 0.048 49.952
52 49.9952 0.048 49.9472
49 50 0.0048 49.9952
45 50 0.048 49.952
38 49.9952 0.048 49.9472
36 49.952 0.0048 49.9472
26 50 0.048 49.952
40 50 0.048 49.952
44 50 0.048 49.952
47 50 0.0048 49.9952
54 49.952 0.0048 49.9472
47 49.9952 0.048 49.9472
44 49.952 0.0048 49.9472
50 50 0.048 49.952
53 50 0.048 49.952
41 50 0.048 49.952
42 50 0.048 49.952
43 50 0.048 49.952
46 50 0.048 49.952
49 49.9952 0.048 49.9472
52 50 0.0048 49.9952
28 50 0.048 49.952
36 50 0.048 49.952
33 50 0.0048 49.9952
38 50 0.0048 49.9952
31 50 0.048 49.952
27 50 0.0048 49.9952
54 50 0.048 49.952
44 49.9472 0.0048 49.9424
29 50 0.048 49.952
32 50 0.048 49.952
30 50 0.048 49.952
51 50 0.048 49.952
48 50 0.048 49.952
52 49.9952 0.048 49.9472
49 50 0.0048 49.9952
45 50 0.048 49.952
38 49.9952 0.048 49.9472
36 49.952 0.0048 49.9472
26 50 0.048 49.952
40 50 0.048 49.952
44 50 0.048 49.952
54 49.952 0.0048 49.9472
47 50 0.048 49.952
50 50 0.048 49.952
53 50 0.048 49.952
41 50 0.048 49.952
42 50 0.048 49.952
43 50 0.048 49.952
46 50 0.048 49.952
46 49.952 0.0048 49.9472
46 49.9472 0.16 49.7872
46 49.7872 0.0016 49.7856
44 49.952 0.016 49.936
47 49.952 0.016 49.936
26 49.952 0.016 49.936
40 49.952 0.016 49.936
25 50 0.016 49.984
44 49.936 0.016 49.92
50 50 0.016 49.984
54 49.9472 0.016 49.9312
38 50 0.016 49.984
40 49.936 0.016 49.92
45 49.952 0.016 49.936
25 49.984 0.016 49.968
34 50 0.016 49.984
50 49.984 0.016 49.968
53 50 0.016 49.984
33 50 0.016 49.984
36 50 0.016 49.984
38 49.984 0.016 49.968
34 49.984 0.016 49.968
42 49.952 0.016 49.936
53 49.984 0.016 49.968
48 50 0.016 49.984
41 49.952 0.016 49.936
42 49.936 0.016 49.92
48 49.984 0.016 49.968
49 49.9952 0.016 49.9792
52 50 0.016 49.984
51 49.952 0.016 49.936
35 50 0.016 49.984
35 49.984 0.016 49.968
35 49.968 0.048 49.92
51 49.936 0.016 49.92
28 50 0.016 49.984
29 49.952 0.016 49.936
28 49.984 0.016 49.968
32 50 0.016 49.984
32 49.984 0.016 49.968
27 50 0.016 49.984
31 50 0.016 49.984
37 50 0.016 49.984
27 49.984 0.016 49.968
37 49.984 0.016 49.968
39 50 0.016 49.984
39 49.984 0.016 49.968
39 49.968 0.048 49.92
37 49.968 0.0048 49.9632
49 49.9792 0.048 49.9312
52 49.984 0.0048 49.9792
28 49.968 0.048 49.92
36 49.984 0.048 49.936
33 49.984 0.0048 49.9792
38 49.968 0.0048 49.9632
31 49.984 0.048 49.936
27 49.968 0.0048 49.9632
54 50 0.048 49.952
44 49.92 0.0048 49.9152
29 50 0.048 49.952
32 49.968 0.048 49.92
30 50 0.048 49.952
51 50 0.048 49.952
48 49.968 0.048 49.92
52 49.9792 0.048 49.9312
49 50 0.0048 49.9952
45 50 0.048 49.952
38 49.9632 0.048 49.9152
36 49.936 0.0048 49.9312
26 50 0.048 49.952
40 50 0.048 49.952
44 50 0.048 49.952
54 49.952 0.0048 49.9472
47 50 0.048 49.952
50 49.968 0.048 49.92
53 49.968 0.048 49.92
34 49.968 0.0048 49.9632
41 50 0.048 49.952
42 50 0.048 49.952
43 50 0.048 49.952
35 50 0.048 49.952
39 50 0.048 49.952
49 49.9952 0.048 49.9472
48 50 0.0048 49.9952
52 50 0.0048 49.9952
28 50 0.048 49.952
36 50 0.048 49.952
33 50 0.0048 49.9952
38 50 0.0048 49.9952
31 50 0.048 49.952
27 50 0.0048 49.9952
54 50 0.048 49.952
29 50 0.048 49.952
32 50 0.048 49.952
30 50 0.048 49.952
51 50 0.048 49.952
48 49.9952 0.048 49.9472
49 50 0.0048 49.9952
52 49.9952 0.0048 49.9904
52 49.9904 0.048 49.9424
48 49.9472 0.0048 49.9424
49 49.9952 0.0048 49.9904
45 50 0.048 49.952
38 49.9952 0.048 49.9472
36 49.952 0.0048 49.9472
26 50 0.048 49.952
40 50 0.048 49.952
44 50 0.048 49.952
47 50 0.048 49.952
50 50 0.048 49.952
53 50 0.048 49.952
41 50 0.048 49.952
42 50 0.048 49.952
43 50 0.048 49.952
35 50 0.048 49.952
39 50 0.048 49.952
49 49.9904 0.048 49.9424
52 50 0.0048 49.9952
28 50 0.048 49.952
36 50 0.048 49.952
33 50 0.0048 49.9952
38 50 0.0048 49.9952
31 50 0.048 49.952
54 50 0.048 49.952
29 50 0.048 49.952
32 50 0.048 49.952
30 50 0.048 49.952
51 50 0.048 49.952
48 50 0.048 49.952
52 49.9952 0.0048 49.9904
52 49.9904 0.048 49.9424
48 49.952 0.0048 49.9472
49 50 0.0048 49.9952
45 50 0.048 49.952
38 49.9952 0.048 49.9472
36 49.952 0.0048 49.9472
26 50 0.048 49.952
40 50 0.048 49.952
44 50 0.048 49.952
47 50 0.048 49.952
50 50 0.048 49.952
53 50 0.048 49.952
41 50 0.048 49.952
42 50 0.048 49.952
43 50 0.048 49.952
35 50 0.048 49.952
39 50 0.048 49.952
37 50 0.0048 49.9952
49 49.9952 0.048 49.9472
52 50 0.0048 49.9952
28 50 0.048 49.952
36 50 0.048 49.952
33 50 0.0048 49.9952
38 50 0.0048 49.9952
31 50 0.048 49.952
54 50 0.048 49.952
29 50 0.048 49.952
32 50 0.048 49.952
30 50 0.048 49.952
35 50 0.0048 49.9952
51 50 0.048 49.952
48 50 0.048 49.952
52 49.9952 0.0048 49.9904
52 49.9904 0.048 49.9424
48 49.952 0.0048 49.9472
49 50 0.0048 49.9952
45 50 0.048 49.952
38 49.9952 0.048 49.9472
36 49.952 0.0048 49.9472
26 50 0.048 49.952
40 50 0.048 49.952
44 50 0.048 49.952
47 50 0.048 49.952
50 50 0.048 49.952
53 50 0.048 49.952
41 50 0.048 49.952
42 50 0.048 49.952
43 50 0.048 49.952
35 49.9952 0.048 49.9472
30 50 0.0048 49.9952
39 50 0.048 49.952
49 49.9952 0.048 49.9472
48 50 0.0048 49.9952
52 50 0.0048 49.9952
28 50 0.048 49.952
36 50 0.048 49.952
33 50 0.0048 49.9952
31 50 0.048 49.952
54 50 0.048 49.952
29 50 0.048 49.952
32 50 0.048 49.952
30 49.9952 0.048 49.9472
35 50 0.0048 49.9952
51 50 0.048 49.952
48 49.9952 0.048 49.9472
49 50 0.0048 49.9952
52 49.9952 0.0048 49.9904
52 49.9904 0.048 49.9424
48 49.9472 0.0048 49.9424
49 49.9952 0.0048 49.9904
45 50 0.048 49.952
38 50 0.048 49.952
26 50 0.048 49.952
40 50 0.048 49.952
44 50 0.048 49.952
47 50 0.048 49.952
50 50 0.048 49.952
53 50 0.048 49.952
41 50 0.048 49.952
42 50 0.048 49.952
42 49.952 0.0048 49.9472
42 49.9472 0.16 49.7872
43 50 0.048 49.952
35 49.9952 0.048 49.9472
39 50 0.048 49.952
49 49.9904 0.048 49.9424
48 50 0.0048 49.9952
52 50 0.0048 49.9952
28 50 0.048 49.952
36 50 0.048 49.952
33 50 0.0048 49.9952
31 50 0.048 49.952
54 50 0.048 49.952
29 50 0.048 49.952
32 50 0.048 49.952
30 50 0.048 49.952
51 50 0.048 49.952
48 49.9952 0.048 49.9472
49 50 0.0048 49.9952
52 49.9952 0.0048 49.9904
52 49.9904 0.048 49.9424
48 49.9472 0.0048 49.9424
49 49.9952 0.0048 49.9904
45 50 0.048 49.952
38 50 0.048 49.952
26 50 0.048 49.952
40 50 0.048 49.952
44 50 0.048 49.952
47 50 0.048 49.952
50 50 0.048 49.952
53 50 0.048 49.952
34 50 0.0048 49.9952
41 50 0.048 49.952
42 50 0.0048 49.9952
43 50 0.048 49.952
35 50 0.048 49.952
30 50 0.0048 49.9952
39 50 0.048 49.952
49 49.9904 0.048 49.9424
48 50 0.0048 49.9952
52 50 0.0048 49.9952
28 50 0.048 49.952
36 50 0.048 49.952
33 50 0.0048 49.9952
38 50 0.0048 49.9952
31 50 0.048 49.952
54 50 0.048 49.952
29 50 0.048 49.952
32 50 0.048 49.952
30 49.9952 0.048 49.9472
35 50 0.0048 49.9952
51 50 0.048 49.952
48 49.9952 0.048 49.9472
49 50 0.0048 49.9952
52 49.9952 0.0048 49.9904
52 49.9904 0.048 49.9424
48 49.9472 0.0048 49.9424
49 49.9952 0.0048 49.9904
45 50 0.048 49.952
38 49.9952 0.048 49.9472
36 49.952 0.0048 49.9472
26 50 0.048 49.952
40 50 0.048 49.952
44 50 0.048 49.952
47 50 0.048 49.952
50 50 0.048 49.952
53 50 0.048 49.952
41 50 0.048 49.952
43 50 0.048 49.952
35 49.9952 0.048 49.9472
30 50 0.0048 49.9952
39 50 0.048 49.952
49 49.9904 0.048 49.9424
48 50 0.0048 49.9952
52 50 0.0048 49.9952
28 50 0.048 49.952
36 50 0.048 49.952
33 50 0.0048 49.9952
31 50 0.048 49.952
54 50 0.048 49.952
29 50 0.048 49.952
32 50 0.048 49.952
30 49.9952 0.048 49.9472
35 50 0.0048 49.9952
51 50 0.048 49.952
48 49.9952 0.048 49.9472
49 50 0.0048 49.9952
52 49.9952 0.0048 49.9904
52 49.9904 0.048 49.9424
48 49.9472 0.0048 49.9424
49 49.9952 0.0048 49.9904
45 50 0.048 49.952
38 50 0.048 49.952
26 50 0.048 49.952
40 50 0.048 49.952
44 50 0.048 49.952
47 50 0.048 49.952
50 50 0.048 49.952
53 50 0.048 49.952
41 50 0.048 49.952
43 50 0.048 49.952
35 49.9952 0.048 49.9472
30 50 0.0048 49.9952
39 50 0.048 49.952
49 49.9904 0.048 49.9424
48 50 0.0048 49.9952
52 50 0.0048 49.9952
28 50 0.048 49.952
36 50 0.048 49.952
31 50 0.048 49.952
54 50 0.048 49.952
29 50 0.048 49.952
32 50 0.048 49.952
30 49.9952 0.048 49.9472
35 50 0.0048 49.9952
51 50 0.048 49.952
48 49.9952 0.048 49.9472
49 50 0.0048 49.9952
52 49.9952 0.0048 49.9904
52 49.9904 0.048 49.9424
48 49.9472 0.0048 49.9424
49 49.9952 0.0048 49.9904
45 50 0.048 49.952
38 50 0.048 49.952
26 50 0.048 49.952
40 50 0.048 49.952
44 50 0.048 49.952
47 50 0.048 49.952
50 50 0.048 49.952
53 50 0.048 49.952
34 50 0.0048 49.9952
41 50 0.048 49.952
43 50 0.048 49.952
35 49.9952 0.048 49.9472
39 50 0.048 49.952
49 49.9904 0.048 49.9424
48 50 0.0048 49.9952
52 50 0.0048 49.9952
28 50 0.048 49.952
36 50 0.048 49.952
31 50 0.048 49.952
27 50 0.0048 49.9952
54 50 0.048 49.952
29 50 0.048 49.952
32 50 0.048 49.952
30 50 0.048 49.952
35 50 0.0048 49.9952
51 50 0.048 49.952
48 49.9952 0.048 49.9472
49 50 0.0048 49.9952
52 49.9952 0.0048 49.9904
52 49.9904 0.048 49.9424
48 49.9472 0.0048 49.9424
49 49.9952 0.0048 49.9904
45 50 0.048 49.952
38 50 0.048 49.952
26 50 0.048 49.952
40 50 0.048 49.952
44 50 0.048 49.952
47 50 0.0048 49.9952
47 49.9952 0.048 49.9472
44 49.952 0.0048 49.9472
50 50 0.048 49.952
50 49.952 0.0048 49.9472
50 49.9472 0.16 49.7872
53 50 0.048 49.952
34 50 0.0048 49.9952
41 50 0.048 49.952
43 50 0.048 49.952
35 49.9952 0.048 49.9472
30 50 0.0048 49.9952
39 50 0.048 49.952
49 49.9904 0.048 49.9424
48 50 0.0048 49.9952
52 50 0.0048 49.9952
28 50 0.048 49.952
36 50 0.048 49.952
31 50 0.048 49.952
54 50 0.048 49.952
29 50 0.048 49.952
32 50 0.048 49.952
30 49.9952 0.048 49.9472
35 50 0.0048 49.9952
51 50 0.048 49.952
48 49.9952 0.048 49.9472
49 50 0.0048 49.9952
52 49.9952 0.0048 49.9904
52 49.9904 0.048 49.9424
48 49.9472 0.0048 49.9424
49 49.9952 0.0048 49.9904
45 50 0.048 49.952
38 50 0.048 49.952
26 50 0.048 49.952
40 50 0.048 49.952
44 50 0.048 49.952
47 50 0.0048 49.9952
44 49.952 0.0048 49.9472
44 49.9472 0.16 49.7872
47 49.9952 0.048 49.9472
44 49.7872 0.0048 49.7824
53 50 0.048 49.952
34 50 0.0048 49.9952
41 50 0.048 49.952
43 50 0.048 49.952
35 49.9952 0.048 49.9472
30 50 0.0048 49.9952
39 50 0.048 49.952
37 50 0.0048 49.9952
49 49.9904 0.048 49.9424
48 50 0.0048 49.9952
52 50 0.0048 49.9952
28 50 0.048 49.952
36 50 0.048 49.952
33 50 0.0048 49.9952
31 50 0.048 49.952
54 50 0.048 49.952
29 50 0.048 49.952
32 50 0.048 49.952
30 49.9952 0.048 49.9472
35 50 0.0048 49.9952
51 50 0.048 49.952
48 49.9952 0.048 49.9472
49 50 0.0048 49.9952
52 49.9952 0.0048 49.9904
52 49.9904 0.048 49.9424
48 49.9472 0.0048 49.9424
49 49.9952 0.0048 49.9904
45 50 0.048 49.952
38 50 0.048 49.952
36 49.952 0.0048 49.9472
26 50 0.048 49.952
40 50 0.048 49.952
47 50 0.048 49.952
44 50 0.0048 49.9952
47 49.952 0.0048 49.9472
47 49.9472 0.16 49.7872
53 50 0.048 49.952
34 50 0.0048 49.9952
41 50 0.048 49.952
43 50 0.048 49.952
35 49.9952 0.048 49.9472
30 50 0.0048 49.9952
39 50 0.048 49.952
37 50 0.0048 49.9952
49 49.9904 0.048 49.9424
48 50 0.0048 49.9952
52 50 0.0048 49.9952
28 50 0.048 49.952
36 50 0.048 49.952
33 50 0.0048 49.9952
31 50 0.048 49.952
54 50 0.048 49.952
29 50 0.048 49.952
32 50 0.048 49.952
30 49.9952 0.048 49.9472
35 50 0.0048 49.9952
51 50 0.048 49.952
48 49.9952 0.048 49.9472
49 50 0.0048 49.9952
52 49.9952 0.048 49.9472
49 49.9952 0.0048 49.9904
45 50 0.048 49.952
40 50 0.0048 49.9952
38 50 0.048 49.952
26 50 0.048 49.952
40 49.9952 0.048 49.9472
45 49.952 0.0048 49.9472
53 50 0.048 49.952
34 50 0.0048 49.9952
41 50 0.048 49.952
43 50 0.048 49.952
35 49.9952 0.048 49.9472
39 50 0.048 49.952
37 50 0.0048 49.9952
49 49.9904 0.048 49.9424
48 50 0.0048 49.9952
52 50 0.0048 49.9952
28 50 0.048 49.952
36 50 0.048 49.952
33 50 0.0048 49.9952
38 50 0.0048 49.9952
31 50 0.048 49.952
54 50 0.048 49.952
29 50 0.048 49.952
32 50 0.048 49.952
30 50 0.048 49.952
51 50 0.048 49.952
48 49.9952 0.048 49.9472
49 50 0.0048 49.9952
52 49.9952 0.048 49.9472
49 49.9952 0.0048 49.9904
45 50 0.048 49.952
38 49.9952 0.048 49.9472
36 49.952 0.0048 49.9472
26 50 0.048 49.952
40 50 0.048 49.952
53 50 0.048 49.952
41 50 0.048 49.952
43 50 0.048 49.952
35 50 0.048 49.952
39 50 0.048 49.952
37 50 0.0048 49.9952
49 49.9904 0.048 49.9424
48 50 0.0048 49.9952
52 50 0.0048 49.9952
28 50 0.048 49.952
36 50 0.048 49.952
38 50 0.0048 49.9952
31 50 0.048 49.952
54 50 0.048 49.952
29 50 0.048 49.952
32 50 0.048 49.952
30 50 0.048 49.952
35 50 0.0048 49.9952
51 50 0.048 49.952
48 49.9952 0.048 49.9472
49 50 0.0048 49.9952
52 49.9952 0.048 49.9472
49 49.9952 0.0048 49.9904
45 50 0.048 49.952
38 49.9952 0.048 49.9472
36 49.952 0.0048 49.9472
26 50 0.048 49.952
26 49.952 0.0048 49.9472
26 49.9472 0.16 49.7872
40 50 0.048 49.952
53 50 0.048 49.952
34 50 0.0048 49.9952
41 50 0.048 49.952
43 50 0.048 49.952
35 49.9952 0.048 49.9472
30 50 0.0048 49.9952
39 50 0.048 49.952
37 50 0.0048 49.9952
49 49.9904 0.048 49.9424
48 50 0.0048 49.9952
52 50 0.0048 49.9952
28 50 0.048 49.952
36 50 0.048 49.952
38 50 0.0048 49.9952
31 50 0.048 49.952
54 50 0.048 49.952
29 50 0.048 49.952
32 50 0.048 49.952
30 49.9952 0.048 49.9472
35 50 0.0048 49.9952
51 50 0.048 49.952
48 49.9952 0.048 49.9472
49 50 0.0048 49.9952
52 49.9952 0.048 49.9472
49 49.9952 0.0048 49.9904
45 50 0.048 49.952
40 50 0.0048 49.9952
38 49.9952 0.048 49.9472
36 49.952 0.0048 49.9472
40 49.9952 0.048 49.9472
45 49.952 0.0048 49.9472
40 49.9472 0.0048 49.9424
40 49.9424 0.16 49.7824
53 50 0.048 49.952
34 50 0.0048 49.9952
41 50 0.048 49.952
43 50 0.048 49.952
35 49.9952 0.048 49.9472
39 50 0.048 49.952
37 50 0.0048 49.9952
49 49.9904 0.048 49.9424
48 50 0.0048 49.9952
52 50 0.0048 49.9952
28 50 0.048 49.952
36 50 0.048 49.952
33 50 0.0048 49.9952
38 50 0.0048 49.9952
31 50 0.048 49.952
54 50 0.048 49.952
29 50 0.048 49.952
32 50 0.048 49.952
30 50 0.048 49.952
51 50 0.048 49.952
48 49.9952 0.048 49.9472
49 50 0.0048 49.9952
52 49.9952 0.0048 49.9904
52 49.9904 0.048 49.9424
48 49.9472 0.0048 49.9424
49 49.9952 0.0048 49.9904
45 50 0.048 49.952
45 49.952 0.0048 49.9472
45 49.9472 0.16 49.7872
38 49.9952 0.048 49.9472
53 50 0.048 49.952
34 50 0.0048 49.9952
41 50 0.048 49.952
43 50 0.048 49.952
35 50 0.048 49.952
39 50 0.048 49.952
37 50 0.0048 49.9952
49 49.9904 0.048 49.9424
48 50 0.0048 49.9952
52 50 0.0048 49.9952
28 50 0.048 49.952
36 50 0.048 49.952
31 50 0.048 49.952
54 50 0.048 49.952
29 50 0.048 49.952
32 50 0.048 49.952
30 50 0.048 49.952
51 50 0.048 49.952
48 49.9952 0.048 49.9472
49 50 0.0048 49.9952
52 49.9952 0.0048 49.9904
52 49.9904 0.048 49.9424
48 49.9472 0.0048 49.9424
49 49.9952 0.0048 49.9904
38 50 0.048 49.952
53 50 0.048 49.952
34 50 0.0048 49.9952
41 50 0.048 49.952
43 50 0.048 49.952
35 50 0.048 49.952
39 50 0.048 49.952
37 50 0.0048 49.9952
49 49.9904 0.048 49.9424
48 50 0.0048 49.9952
52 50 0.0048 49.9952
28 50 0.048 49.952
29 49.952 0.0048 49.9472
36 50 0.048 49.952
31 50 0.048 49.952
54 50 0.048 49.952
29 50 0.048 49.952
28 50 0.0048 49.9952
32 50 0.048 49.952
30 50 0.048 49.952
51 50 0.048 49.952
48 49.9952 0.048 49.9472
49 50 0.0048 49.9952
52 49.9952 0.0048 49.9904
52 49.9904 0.048 49.9424
48 49.9472 0.0048 49.9424
49 49.9952 0.0048 49.9904
38 50 0.048 49.952
53 50 0.048 49.952
34 50 0.0048 49.9952
41 50 0.048 49.952
43 50 0.048 49.952
35 50 0.048 49.952
39 50 0.048 49.952
37 50 0.0048 49.9952
49 49.9904 0.048 49.9424
48 50 0.0048 49.9952
52 50 0.0048 49.9952
28 49.9952 0.048 49.9472
36 50 0.048 49.952
36 49.952 0.0048 49.9472
36 49.9472 0.16 49.7872
31 50 0.048 49.952
54 50 0.048 49.952
29 50 0.048 49.952
32 50 0.048 49.952
30 50 0.048 49.952
51 50 0.048 49.952
48 49.9952 0.048 49.9472
49 50 0.0048 49.9952
52 49.9952 0.0048 49.9904
52 49.9904 0.048 49.9424
48 49.9472 0.0048 49.9424
49 49.9952 0.0048 49.9904
38 50 0.048 49.952
53 50 0.048 49.952
41 50 0.048 49.952
43 50 0.048 49.952
35 50 0.048 49.952
39 50 0.048 49.952
37 50 0.0048 49.9952
49 49.9904 0.048 49.9424
48 50 0.0048 49.9952
52 50 0.0048 49.9952
28 50 0.048 49.952
31 50 0.048 49.952
54 50 0.048 49.952
44 50 0.0048 49.9952
44 49.9952 0.048 49.9472
54 49.952 0.0048 49.9472
54 49.9472 0.16 49.7872
44 49.9472 0.016 49.9312
44 49.9312 0.016 49.9152
54 49.7872 0.0016 49.7856
44 49.9152 0.048 49.8672
47 50 0.0048 49.9952
47 49.9952 0.048 49.9472
54 49.7856 0.0048 49.7808
44 49.8672 0.0096 49.8576
44 49.8576 0.16 49.6976
44 49.6976 0.0016 49.696
47 49.9472 0.016 49.9312
47 49.9312 0.016 49.9152
44 49.696 0.0016 49.6944
47 49.9152 0.048 49.8672
44 49.6944 0.0048 49.6896
46 50 0.016 49.984
46 49.984 0.016 49.968
46 49.968 0.048 49.92
26 50 0.016 49.984
26 49.984 0.016 49.968
26 49.968 0.048 49.92
40 50 0.016 49.984
40 49.984 0.016 49.968
40 49.968 0.048 49.92
25 50 0.016 49.984
50 50 0.016 49.984
50 49.984 0.016 49.968
50 49.968 0.048 49.92
53 50 0.016 49.984
45 50 0.016 49.984
45 49.984 0.016 49.968
45 49.968 0.048 49.92
25 49.984 0.016 49.968
34 50 0.016 49.984
53 49.984 0.016 49.968
33 50 0.016 49.984
36 50 0.016 49.984
36 49.984 0.016 49.968
36 49.968 0.048 49.92
38 50 0.016 49.984
34 49.984 0.016 49.968
41 49.952 0.016 49.936
43 49.952 0.016 49.936
43 49.936 0.016 49.92
39 50 0.016 49.984
27 50 0.016 49.984
31 49.952 0.016 49.936
37 50 0.016 49.984
39 49.984 0.016 49.968
31 49.936 0.016 49.92
32 50 0.016 49.984
32 49.984 0.016 49.968
28 49.952 0.016 49.936
29 49.952 0.016 49.936
28 49.936 0.016 49.92
29 49.936 0.016 49.92
30 50 0.016 49.984
30 49.984 0.016 49.968
35 50 0.016 49.984
51 49.952 0.016 49.936
49 49.9424 0.016 49.9264
48 49.9952 0.016 49.9792
49 49.9264 0.016 49.9104
52 49.9952 0.016 49.9792
29 50 0.048 49.952
28 50 0.0048 49.9952
32 49.968 0.048 49.92
30 49.968 0.048 49.92
51 50 0.048 49.952
48 49.9792 0.048 49.9312
49 50 0.0048 49.9952
52 49.9792 0.0048 49.9744
52 49.9744 0.048 49.9264
48 49.9312 0.0048 49.9264
49 49.9952 0.0048 49.9904
38 49.984 0.048 49.936
53 49.968 0.048 49.92
41 50 0.048 49.952
43 50 0.048 49.952
35 49.984 0.048 49.936
39 49.968 0.048 49.92
37 49.984 0.0048 49.9792
49 49.9904 0.048 49.9424
48 50 0.0048 49.9952
52 50 0.0048 49.9952
28 49.9952 0.048 49.9472
31 50 0.048 49.952
47 50 0.048 49.952
44 50 0.0048 49.9952
46 50 0.048 49.952
26 50 0.048 49.952
40 50 0.048 49.952
50 50 0.048 49.952
45 50 0.048 49.952
36 50 0.048 49.952
29 50 0.048 49.952
32 50 0.048 49.952
30 50 0.048 49.952
35 50 0.0048 49.9952
51 50 0.048 49.952
48 49.9952 0.048 49.9472
49 50 0.0048 49.9952
52 49.9952 0.0048 49.9904
52 49.9904 0.048 49.9424
48 49.9472 0.0048 49.9424
49 49.9952 0.0048 49.9904
38 50 0.048 49.952
53 50 0.048 49.952
41 50 0.048 49.952
42 50 0.0048 49.9952
43 50 0.048 49.952
35 49.9952 0.048 49.9472
30 50 0.0048 49.9952
39 50 0.048 49.952
37 50 0.0048 49.9952
49 49.9904 0.048 49.9424
48 50 0.0048 49.9952
52 50 0.0048 49.9952
28 50 0.048 49.952
29 49.952 0.0048 49.9472
31 50 0.048 49.952
47 50 0.048 49.952
46 50 0.048 49.952
26 50 0.048 49.952
40 50 0.048 49.952
50 50 0.048 49.952
45 50 0.048 49.952
36 50 0.048 49.952
29 50 0.048 49.952
28 50 0.0048 49.9952
32 50 0.048 49.952
30 49.9952 0.048 49.9472
35 50 0.0048 49.9952
51 50 0.048 49.952
48 49.9952 0.048 49.9472
49 50 0.0048 49.9952
52 49.9952 0.0048 49.9904
52 49.9904 0.048 49.9424
48 49.9472 0.0048 49.9424
49 49.9952 0.0048 49.9904
38 50 0.048 49.952
53 50 0.048 49.952
34 50 0.0048 49.9952
41 50 0.048 49.952
42 50 0.0048 49.9952
43 50 0.048 49.952
35 49.9952 0.048 49.9472
30 50 0.0048 49.9952
39 50 0.048 49.952
37 50 0.0048 49.9952
49 49.9904 0.048 49.9424
48 50 0.0048 49.9952
52 50 0.0048 49.9952
28 49.9952 0.048 49.9472
29 49.952 0.0048 49.9472
31 50 0.048 49.952
47 50 0.048 49.952
46 50 0.048 49.952
26 50 0.048 49.952
40 50 0.048 49.952
50 50 0.048 49.952
45 50 0.048 49.952
36 50 0.048 49.952
29 50 0.048 49.952
28 50 0.0048 49.9952
32 50 0.048 49.952
30 49.9952 0.048 49.9472
35 50 0.0048 49.9952
51 50 0.048 49.952
48 49.9952 0.048 49.9472
49 50 0.0048 49.9952
52 49.9952 0.0048 49.9904
52 49.9904 0.048 49.9424
48 49.9472 0.0048 49.9424
49 49.9952 0.0048 49.9904
38 50 0.048 49.952
53 50 0.048 49.952
34 50 0.0048 49.9952
41 50 0.048 49.952
42 50 0.0048 49.9952
43 50 0.048 49.952
35 49.9952 0.048 49.9472
30 50 0.0048 49.9952
39 50 0.048 49.952
49 49.9904 0.048 49.9424
48 50 0.0048 49.9952
52 50 0.0048 49.9952
28 49.9952 0.048 49.9472
29 49.952 0.0048 49.9472
31 50 0.048 49.952
47 50 0.048 49.952
46 50 0.048 49.952
26 50 0.048 49.952
40 50 0.048 49.952
50 50 0.048 49.952
25 50 0.0048 49.9952
45 50 0.048 49.952
36 50 0.048 49.952
29 50 0.048 49.952
28 50 0.0048 49.9952
32 50 0.048 49.952
30 49.9952 0.048 49.9472
35 50 0.0048 49.9952
51 50 0.048 49.952
48 49.9952 0.048 49.9472
49 50 0.0048 49.9952
52 49.9952 0.0048 49.9904
52 49.9904 0.048 49.9424
48 49.9472 0.0048 49.9424
49 49.9952 0.0048 49.9904
38 50 0.048 49.952
53 50 0.048 49.952
34 50 0.0048 49.9952
41 50 0.048 49.952
42 50 0.0048 49.9952
43 50 0.048 49.952
35 49.9952 0.048 49.9472
30 50 0.0048 49.9952
39 50 0.048 49.952
49 49.9904 0.048 49.9424
48 50 0.0048 49.9952
52 50 0.0048 49.9952
28 49.9952 0.048 49.9472
29 49.952 0.0048 49.9472
31 50 0.048 49.952
47 50 0.048 49.952
46 50 0.048 49.952
26 50 0.048 49.952
40 50 0.048 49.952
50 50 0.048 49.952
45 50 0.048 49.952
36 50 0.048 49.952
29 50 0.048 49.952
28 50 0.0048 49.9952
32 50 0.048 49.952
30 49.9952 0.048 49.9472
35 50 0.0048 49.9952
51 50 0.048 49.952
48 49.9952 0.048 49.9472
49 50 0.0048 49.9952
52 49.9952 0.0048 49.9904
52 49.9904 0.048 49.9424
48 49.9472 0.0048 49.9424
49 49.9952 0.0048 49.9904
38 50 0.048 49.952
53 50 0.048 49.952
34 50 0.0048 49.9952
41 50 0.048 49.952
43 50 0.048 49.952
35 49.9952 0.048 49.9472
30 50 0.0048 49.9952
39 50 0.048 49.952
49 49.9904 0.048 49.9424
48 50 0.0048 49.9952
52 50 0.0048 49.9952
28 49.9952 0.048 49.9472
29 49.952 0.0048 49.9472
31 50 0.048 49.952
47 50 0.048 49.952
46 50 0.0048 49.9952
46 49.9952 0.048 49.9472
47 49.952 0.0048 49.9472
26 50 0.048 49.952
40 50 0.048 49.952
50 50 0.048 49.952
45 50 0.048 49.952
36 50 0.048 49.952
29 50 0.048 49.952
28 50 0.0048 49.9952
32 50 0.048 49.952
30 49.9952 0.048 49.9472
35 50 0.0048 49.9952
51 50 0.048 49.952
48 49.9952 0.048 49.9472
49 50 0.0048 49.9952
52 49.9952 0.0048 49.9904
52 49.9904 0.048 49.9424
48 49.9472 0.0048 49.9424
49 49.9952 0.0048 49.9904
38 50 0.048 49.952
53 50 0.048 49.952
34 50 0.0048 49.9952
41 50 0.048 49.952
43 50 0.048 49.952
35 49.9952 0.048 49.9472
30 50 0.0048 49.9952
39 50 0.048 49.952
37 50 0.0048 49.9952
49 49.9904 0.048 49.9424
48 50 0.0048 49.9952
52 50 0.0048 49.9952
28 49.9952 0.048 49.9472
29 49.952 0.0048 49.9472
31 50 0.048 49.952
47 50 0.048 49.952
46 50 0.0048 49.9952
46 49.9952 0.048 49.9472
47 49.952 0.0048 49.9472
26 50 0.048 49.952
40 50 0.048 49.952
50 50 0.048 49.952
25 50 0.0048 49.9952
45 50 0.048 49.952
36 50 0.048 49.952
29 50 0.048 49.952
28 50 0.0048 49.9952
32 50 0.048 49.952
30 49.9952 0.048 49.9472
35 50 0.0048 49.9952
51 50 0.048 49.952
48 49.9952 0.048 49.9472
49 50 0.0048 49.9952
52 49.9952 0.0048 49.9904
52 49.9904 0.048 49.9424
48 49.9472 0.0048 49.9424
49 49.9952 0.0048 49.9904
38 50 0.048 49.952
53 50 0.048 49.952
41 50 0.048 49.952
43 50 0.048 49.952
35 49.9952 0.048 49.9472
30 50 0.0048 49.9952
39 50 0.048 49.952
49 49.9904 0.048 49.9424
48 50 0.0048 49.9952
52 50 0.0048 49.9952
28 49.9952 0.048 49.9472
29 49.952 0.0048 49.9472
31 50 0.048 49.952
47 50 0.048 49.952
46 50 0.0048 49.9952
46 49.9952 0.048 49.9472
47 49.952 0.0048 49.9472
26 50 0.048 49.952
40 50 0.048 49.952
50 50 0.048 49.952
45 50 0.048 49.952
36 50 0.048 49.952
29 50 0.048 49.952
28 50 0.0048 49.9952
32 50 0.048 49.952
30 49.9952 0.048 49.9472
35 50 0.0048 49.9952
51 50 0.048 49.952
48 49.9952 0.048 49.9472
49 50 0.0048 49.9952
52 49.9952 0.0048 49.9904
52 49.9904 0.048 49.9424
48 49.9472 0.0048 49.9424
49 49.9952 0.0048 49.9904
38 50 0.048 49.952
53 50 0.048 49.952
25 50 0.0048 49.9952
41 50 0.048 49.952
43 50 0.048 49.952
35 49.9952 0.048 49.9472
30 50 0.0048 49.9952
39 50 0.048 49.952
49 49.9904 0.048 49.9424
48 50 0.0048 49.9952
52 50 0.0048 49.9952
28 49.9952 0.048 49.9472
29 49.952 0.0048 49.9472
31 50 0.048 49.952
47 50 0.048 49.952
46 50 0.0048 49.9952
46 49.9952 0.048 49.9472
47 49.952 0.0048 49.9472
26 50 0.048 49.952
40 50 0.048 49.952
50 50 0.048 49.952
45 50 0.048 49.952
36 50 0.048 49.952
29 50 0.048 49.952
28 50 0.0048 49.9952
32 50 0.048 49.952
30 49.9952 0.048 49.9472
35 50 0.0048 49.9952
30 49.9472 0.0048 49.9424
30 49.9424 0.16 49.7824
35 49.9952 0.016 49.9792
51 50 0.048 49.952
48 49.9952 0.048 49.9472
49 50 0.0048 49.9952
52 49.9952 0.0048 49.9904
52 49.9904 0.048 49.9424
48 49.9472 0.0048 49.9424
49 49.9952 0.0048 49.9904
38 50 0.048 49.952
53 50 0.048 49.952
41 50 0.048 49.952
43 50 0.048 49.952
35 49.9792 0.048 49.9312
30 50 0.0048 49.9952
30 49.9952 0.048 49.9472
35 49.9312 0.0048 49.9264
35 49.9264 0.16 49.7664
30 49.9472 0.016 49.9312
30 49.9312 0.016 49.9152
35 49.7664 0.0016 49.7648
30 49.9152 0.048 49.8672
35 49.7648 0.0048 49.76
39 50 0.048 49.952
49 49.9904 0.048 49.9424
48 50 0.0048 49.9952
28 49.9952 0.048 49.9472
29 49.952 0.0048 49.9472
31 50 0.048 49.952
47 50 0.048 49.952
46 50 0.0048 49.9952
46 49.9952 0.048 49.9472
47 49.952 0.0048 49.9472
26 50 0.048 49.952
40 50 0.048 49.952
50 50 0.048 49.952
45 50 0.048 49.952
36 50 0.048 49.952
29 50 0.048 49.952
28 50 0.0048 49.9952
32 50 0.048 49.952
51 50 0.048 49.952
48 49.9952 0.048 49.9472
49 50 0.0048 49.9952
52 50 0.0048 49.9952
52 49.9952 0.048 49.9472
48 49.9472 0.0048 49.9424
38 50 0.048 49.952
53 50 0.048 49.952
41 50 0.048 49.952
43 50 0.048 49.952
30 49.9987 0.048 49.9507
39 50 0.048 49.952
49 49.9952 0.048 49.9472
48 50 0.0048 49.9952
28 49.9952 0.048 49.9472
29 49.952 0.0048 49.9472
31 50 0.048 49.952
47 50 0.048 49.952
46 50 0.0048 49.9952
46 49.9952 0.048 49.9472
47 49.952 0.0048 49.9472
26 50 0.048 49.952
40 50 0.048 49.952
50 50 0.048 49.952
45 50 0.048 49.952
36 50 0.048 49.952
29 50 0.048 49.952
28 50 0.0048 49.9952
32 50 0.048 49.952
51 50 0.048 49.952
48 49.9952 0.048 49.9472
49 50 0.0048 49.9952
52 50 0.048 49.952
38 50 0.048 49.952
53 50 0.048 49.952
41 50 0.048 49.952
43 50 0.048 49.952
30 50 0.048 49.952
39 50 0.048 49.952
49 49.9952 0.048 49.9472
48 50 0.0048 49.9952
28 49.9952 0.048 49.9472
29 49.952 0.0048 49.9472
31 50 0.048 49.952
47 50 0.048 49.952
46 50 0.048 49.952
26 50 0.048 49.952
40 50 0.048 49.952
50 50 0.048 49.952
45 50 0.048 49.952
36 50 0.048 49.952
29 50 0.048 49.952
28 50 0.0048 49.9952
32 50 0.048 49.952
51 50 0.048 49.952
48 49.9952 0.048 49.9472
49 50 0.0048 49.9952
52 50 0.048 49.952
38 50 0.048 49.952
53 50 0.048 49.952
41 50 0.048 49.952
43 50 0.048 49.952
30 50 0.048 49.952
39 50 0.048 49.952
49 49.9952 0.048 49.9472
48 50 0.0048 49.9952
28 49.9952 0.048 49.9472
29 49.952 0.0048 49.9472
31 50 0.048 49.952
47 50 0.048 49.952
46 50 0.048 49.952
26 50 0.048 49.952
40 50 0.048 49.952
50 50 0.048 49.952
45 50 0.048 49.952
36 50 0.048 49.952
29 50 0.048 49.952
28 50 0.0048 49.9952
32 50 0.048 49.952
51 50 0.048 49.952
48 49.9952 0.048 49.9472
49 50 0.0048 49.9952
52 50 0.048 49.952
38 50 0.048 49.952
53 50 0.048 49.952
41 50 0.048 49.952
43 50 0.048 49.952
30 50 0.048 49.952
39 50 0.048 49.952
49 49.9952 0.048 49.9472
48 50 0.0048 49.9952
52 50 0.0048 49.9952
28 49.9952 0.048 49.9472
29 49.952 0.0048 49.9472
31 50 0.048 49.952
47 50 0.048 49.952
46 50 0.0048 49.9952
46 49.9952 0.048 49.9472
47 49.952 0.0048 49.9472
26 50 0.048 49.952
40 50 0.048 49.952
50 50 0.048 49.952
25 50 0.0048 49.9952
45 50 0.048 49.952
36 50 0.048 49.952
29 50 0.048 49.952
28 50 0.0048 49.9952
32 50 0.048 49.952
51 50 0.048 49.952
48 49.9952 0.048 49.9472
49 50 0.0048 49.9952
52 49.9952 0.048 49.9472
49 49.9952 0.0048 49.9904
38 50 0.048 49.952
53 50 0.048 49.952
41 50 0.048 49.952
43 50 0.048 49.952
30 50 0.048 49.952
39 50 0.048 49.952
49 49.9904 0.048 49.9424
48 50 0.0048 49.9952
52 50 0.0048 49.9952
28 49.9952 0.048 49.9472
29 49.952 0.0048 49.9472
31 50 0.048 49.952
47 50 0.048 49.952
46 50 0.048 49.952
26 50 0.048 49.952
40 50 0.048 49.952
50 50 0.048 49.952
25 50 0.0048 49.9952
45 50 0.048 49.952
36 50 0.048 49.952
33 50 0.0048 49.9952
29 50 0.048 49.952
28 50 0.0048 49.9952
32 50 0.048 49.952
51 50 0.048 49.952
48 49.9952 0.048 49.9472
49 50 0.0048 49.9952
52 49.9952 0.048 49.9472
38 50 0.048 49.952
53 50 0.048 49.952
34 50 0.0048 49.9952
41 50 0.048 49.952
43 50 0.048 49.952
30 50 0.048 49.952
35 50 0.0048 49.9952
39 50 0.048 49.952
49 49.9952 0.048 49.9472
48 50 0.0048 49.9952
52 50 0.0048 49.9952
28 49.9952 0.048 49.9472
29 49.952 0.0048 49.9472
31 50 0.048 49.952
47 50 0.048 49.952
46 50 0.048 49.952
26 50 0.048 49.952
40 50 0.048 49.952
50 50 0.048 49.952
25 50 0.0048 49.9952
45 50 0.048 49.952
38 50 0.0048 49.9952
36 50 0.048 49.952
29 50 0.048 49.952
28 50 0.0048 49.9952
29 49.952 0.0048 49.9472
29 49.9472 0.16 49.7872
32 50 0.048 49.952
51 50 0.048 49.952
48 49.9952 0.048 49.9472
49 50 0.0048 49.9952
52 49.9952 0.048 49.9472
38 49.9952 0.048 49.9472
45 50 0.0048 49.9952
53 50 0.048 49.952
34 50 0.0048 49.9952
41 50 0.048 49.952
43 50 0.048 49.952
30 50 0.048 49.952
35 50 0.0048 49.9952
39 50 0.048 49.952
49 49.9952 0.048 49.9472
48 50 0.0048 49.9952
28 49.9952 0.048 49.9472
29 49.7872 0.0048 49.7824
29 49.7824 0.048 49.7344
28 49.9472 0.0096 49.9376
28 49.9376 0.16 49.7776
29 49.7344 0.016 49.7184
29 49.7184 0.016 49.7024
28 49.7776 0.0016 49.776
29 49.7024 0.048 49.6544
28 49.776 0.0048 49.7712
29 49.6544 0.0048 49.6496
29 49.6496 0.16 49.4896
31 50 0.048 49.952
47 50 0.048 49.952
46 50 0.0048 49.9952
46 49.9952 0.048 49.9472
47 49.952 0.0048 49.9472
26 50 0.048 49.952
40 50 0.048 49.952
50 50 0.048 49.952
25 50 0.0048 49.9952
45 49.9952 0.048 49.9472
36 50 0.048 49.952
33 50 0.0048 49.9952
32 50 0.048 49.952
51 50 0.048 49.952
48 49.9952 0.048 49.9472
49 50 0.0048 49.9952
52 50 0.048 49.952
38 50 0.048 49.952
53 50 0.048 49.952
34 50 0.0048 49.9952
41 50 0.048 49.952
43 50 0.048 49.952
30 50 0.048 49.952
35 50 0.0048 49.9952
39 50 0.048 49.952
49 49.9952 0.048 49.9472
48 50 0.0048 49.9952
31 50 0.048 49.952
47 50 0.048 49.952
46 50 0.0048 49.9952
46 49.9952 0.048 49.9472
47 49.952 0.0048 49.9472
26 50 0.048 49.952
40 50 0.048 49.952
50 50 0.048 49.952
25 50 0.0048 49.9952
45 50 0.048 49.952
36 50 0.048 49.952
33 50 0.0048 49.9952
32 50 0.048 49.952
51 50 0.048 49.952
48 49.9952 0.048 49.9472
49 50 0.0048 49.9952
52 50 0.048 49.952
38 50 0.048 49.952
53 50 0.048 49.952
41 50 0.048 49.952
43 50 0.048 49.952
30 50 0.048 49.952
35 50 0.0048 49.9952
39 50 0.048 49.952
49 49.9952 0.048 49.9472
48 50 0.0048 49.9952
31 50 0.048 49.952
47 50 0.048 49.952
46 50 0.048 49.952
26 50 0.048 49.952
40 50 0.048 49.952
50 50 0.048 49.952
25 50 0.0048 49.9952
45 50 0.048 49.952
36 50 0.048 49.952
33 50 0.0048 49.9952
32 50 0.048 49.952
51 50 0.048 49.952
48 49.9952 0.048 49.9472
49 50 0.0048 49.9952
52 50 0.048 49.952
38 50 0.048 49.952
53 50 0.048 49.952
41 50 0.048 49.952
43 50 0.048 49.952
30 50 0.048 49.952
35 50 0.0048 49.9952
39 50 0.048 49.952
49 49.9952 0.048 49.9472
48 50 0.0048 49.9952
31 50 0.048 49.952
47 50 0.048 49.952
46 50 0.048 49.952
26 50 0.048 49.952
40 50 0.048 49.952
50 50 0.048 49.952
25 50 0.0048 49.9952
45 50 0.048 49.952
36 50 0.048 49.952
33 50 0.0048 49.9952
32 50 0.048 49.952
51 50 0.048 49.952
48 49.9952 0.048 49.9472
49 50 0.0048 49.9952
52 50 0.048 49.952
38 50 0.048 49.952
53 50 0.048 49.952
41 50 0.048 49.952
43 50 0.048 49.952
30 50 0.048 49.952
35 50 0.0048 49.9952
39 50 0.048 49.952
49 49.9952 0.048 49.9472
48 50 0.0048 49.9952
31 50 0.048 49.952
47 50 0.048 49.952
46 50 0.048 49.952
26 50 0.048 49.952
40 50 0.048 49.952
50 50 0.048 49.952
25 50 0.0048 49.9952
45 50 0.048 49.952
36 50 0.048 49.952
33 50 0.0048 49.9952
32 50 0.048 49.952
51 50 0.048 49.952
48 49.9952 0.048 49.9472
49 50 0.0048 49.9952
52 50 0.048 49.952
38 50 0.048 49.952
53 50 0.048 49.952
41 50 0.048 49.952
43 50 0.048 49.952
30 50 0.048 49.952
35 50 0.0048 49.9952
39 50 0.048 49.952
49 49.9952 0.048 49.9472
48 50 0.0048 49.9952
52 50 0.0048 49.9952
31 50 0.048 49.952
47 50 0.048 49.952
46 50 0.048 49.952
26 50 0.048 49.952
40 50 0.048 49.952
50 50 0.048 49.952
25 50 0.0048 49.9952
45 50 0.048 49.952
36 50 0.048 49.952
33 50 0.0048 49.9952
42 50 0.048 49.952
42 49.952 0.0048 49.9472
42 49.9472 0.16 49.7872
42 49.7872 0.0016 49.7856
41 49.952 0.016 49.936
34 50 0.016 49.984
41 49.936 0.016 49.92
53 50 0.016 49.984
25 49.9952 0.016 49.9792
50 49.952 0.016 49.936
53 49.984 0.016 49.968
43 49.952 0.016 49.936
44 50 0.016 49.984
44 49.984 0.016 49.968
44 49.968 0.048 49.92
50 49.936 0.016 49.92
54 50 0.016 49.984
54 49.984 0.016 49.968
54 49.968 0.048 49.92
43 49.936 0.016 49.92
26 49.952 0.016 49.936
46 49.952 0.016 49.936
47 49.952 0.016 49.936
27 50 0.016 49.984
39 50 0.016 49.984
26 49.936 0.016 49.92
46 49.936 0.016 49.92
27 49.984 0.016 49.968
31 49.952 0.016 49.936
45 49.952 0.016 49.936
31 49.936 0.016 49.92
33 49.9952 0.016 49.9792
36 49.952 0.016 49.936
33 49.9792 0.016 49.9632
49 49.9472 0.016 49.9312
52 49.9952 0.016 49.9792
48 49.9952 0.016 49.9792
49 49.9312 0.016 49.9152
52 49.9792 0.016 49.9632
51 49.952 0.016 49.936
30 49.952 0.016 49.936
35 50 0.016 49.984
35 49.984 0.016 49.968
35 49.968 0.048 49.92
30 49.936 0.0048 49.9312
51 49.936 0.016 49.92
30 49.9312 0.016 49.9152
29 50 0.016 49.984
29 49.984 0.016 49.968
29 49.968 0.048 49.92
28 50 0.0048 49.9952
28 49.9952 0.048 49.9472
29 49.92 0.0048 49.9152
29 49.9152 0.16 49.7552
28 49.9472 0.016 49.9312
28 49.9312 0.016 49.9152
29 49.7552 0.0016 49.7536
28 49.9152 0.048 49.8672
29 49.7536 0.0048 49.7488
32 50 0.048 49.952
51 50 0.048 49.952
48 49.9792 0.048 49.9312
49 50 0.0048 49.9952
52 49.9632 0.0048 49.9584
52 49.9584 0.048 49.9104
48 49.9312 0.0048 49.9264
49 49.9952 0.0048 49.9904
38 50 0.048 49.952
53 49.968 0.048 49.92
41 50 0.048 49.952
43 50 0.048 49.952
30 50 0.048 49.952
35 49.92 0.0048 49.9152
39 49.984 0.048 49.936
49 49.9904 0.048 49.9424
48 50 0.0048 49.9952
52 50 0.0048 49.9952
31 50 0.048 49.952
47 50 0.048 49.952
46 50 0.048 49.952
26 50 0.048 49.952
40 50 0.048 49.952
50 50 0.048 49.952
25 50 0.0048 49.9952
45 50 0.048 49.952
36 50 0.048 49.952
33 50 0.0048 49.9952
44 50 0.048 49.952
54 50 0.048 49.952
35 50 0.048 49.952
30 49.952 0.0048 49.9472
28 50 0.048 49.952
29 49.9345 0.0048 49.9297
32 50 0.048 49.952
51 50 0.048 49.952
48 49.9952 0.048 49.9472
49 50 0.0048 49.9952
52 49.9952 0.0048 49.9904
52 49.9904 0.048 49.9424
48 49.9472 0.0048 49.9424
49 49.9952 0.0048 49.9904
38 50 0.048 49.952
53 50 0.048 49.952
41 50 0.048 49.952
43 50 0.048 49.952
30 50 0.048 49.952
35 49.952 0.0048 49.9472
39 50 0.048 49.952
49 49.9904 0.048 49.9424
48 50 0.0048 49.9952
52 50 0.0048 49.9952
31 50 0.048 49.952
47 50 0.048 49.952
46 50 0.048 49.952
26 50 0.048 49.952
40 50 0.048 49.952
50 50 0.048 49.952
25 50 0.0048 49.9952
45 50 0.048 49.952
36 50 0.048 49.952
44 50 0.048 49.952
54 50 0.048 49.952
35 50 0.048 49.952
30 49.952 0.0048 49.9472
28 50 0.048 49.952
29 50 0.0048 49.9952
32 50 0.048 49.952
51 50 0.048 49.952
48 49.9952 0.048 49.9472
49 50 0.0048 49.9952
52 49.9952 0.0048 49.9904
52 49.9904 0.048 49.9424
48 49.9472 0.0048 49.9424
49 49.9952 0.0048 49.9904
38 50 0.048 49.952
53 50 0.048 49.952
41 50 0.048 49.952
43 50 0.048 49.952
30 50 0.048 49.952
35 49.952 0.0048 49.9472
39 50 0.048 49.952
49 49.9904 0.048 49.9424
48 50 0.0048 49.9952
52 50 0.0048 49.9952
31 50 0.048 49.952
47 50 0.048 49.952
46 50 0.048 49.952
26 50 0.048 49.952
40 50 0.048 49.952
50 50 0.048 49.952
25 50 0.0048 49.9952
45 50 0.048 49.952
36 50 0.048 49.952
44 50 0.048 49.952
54 50 0.0048 49.9952
54 49.9952 0.048 49.9472
44 49.952 0.0048 49.9472
35 50 0.048 49.952
30 49.952 0.0048 49.9472
28 50 0.048 49.952
32 50 0.048 49.952
51 50 0.048 49.952
48 49.9952 0.048 49.9472
49 50 0.0048 49.9952
52 49.9952 0.0048 49.9904
52 49.9904 0.048 49.9424
48 49.9472 0.0048 49.9424
49 49.9952 0.0048 49.9904
38 50 0.048 49.952
53 50 0.048 49.952
41 50 0.048 49.952
43 50 0.048 49.952
30 50 0.048 49.952
35 49.952 0.0048 49.9472
39 50 0.048 49.952
49 49.9904 0.048 49.9424
48 50 0.0048 49.9952
52 50 0.0048 49.9952
31 50 0.048 49.952
31 49.952 0.0048 49.9472
31 49.9472 0.16 49.7872
47 50 0.048 49.952
46 50 0.048 49.952
26 50 0.048 49.952
40 50 0.048 49.952
50 50 0.048 49.952
25 50 0.0048 49.9952
45 50 0.048 49.952
36 50 0.048 49.952
44 50 0.048 49.952
54 50 0.048 49.952
35 50 0.048 49.952
30 49.952 0.0048 49.9472
28 50 0.048 49.952
32 50 0.048 49.952
51 50 0.048 49.952
48 49.9952 0.048 49.9472
49 50 0.0048 49.9952
52 49.9952 0.0048 49.9904
52 49.9904 0.048 49.9424
48 49.9472 0.0048 49.9424
49 49.9952 0.0048 49.9904
38 50 0.048 49.952
53 50 0.048 49.952
41 50 0.048 49.952
43 50 0.048 49.952
30 50 0.048 49.952
35 49.952 0.0048 49.9472
39 50 0.048 49.952
37 50 0.0048 49.9952
49 49.9904 0.048 49.9424
48 50 0.0048 49.9952
52 50 0.0048 49.9952
47 50 0.048 49.952
46 50 0.048 49.952
26 50 0.048 49.952
40 50 0.048 49.952
50 50 0.048 49.952
25 50 0.0048 49.9952
45 50 0.048 49.952
36 50 0.048 49.952
33 50 0.0048 49.9952
44 50 0.048 49.952
54 50 0.0048 49.9952
54 49.9952 0.048 49.9472
44 49.952 0.0048 49.9472
35 50 0.048 49.952
30 49.952 0.0048 49.9472
28 50 0.048 49.952
32 50 0.048 49.952
51 50 0.048 49.952
48 49.9952 0.048 49.9472
49 50 0.0048 49.9952
52 49.9952 0.0048 49.9904
52 49.9904 0.048 49.9424
48 49.9472 0.0048 49.9424
49 49.9952 0.0048 49.9904
38 50 0.048 49.952
53 50 0.048 49.952
41 50 0.048 49.952
43 50 0.048 49.952
30 50 0.048 49.952
35 49.952 0.0048 49.9472
39 50 0.048 49.952
49 49.9904 0.048 49.9424
48 50 0.0048 49.9952
52 50 0.0048 49.9952
47 50 0.048 49.952
46 50 0.048 49.952
26 50 0.048 49.952
40 50 0.048 49.952
50 50 0.048 49.952
25 50 0.0048 49.9952
45 50 0.048 49.952
36 50 0.048 49.952
44 50 0.048 49.952
54 50 0.0048 49.9952
54 49.9952 0.048 49.9472
44 49.952 0.0048 49.9472
35 50 0.048 49.952
30 49.952 0.0048 49.9472
28 50 0.048 49.952
29 50 0.0048 49.9952
32 50 0.048 49.952
51 50 0.048 49.952
48 49.9952 0.048 49.9472
49 50 0.0048 49.9952
52 49.9952 0.0048 49.9904
52 49.9904 0.048 49.9424
48 49.9472 0.0048 49.9424
49 49.9952 0.0048 49.9904
38 50 0.048 49.952
53 50 0.048 49.952
41 50 0.048 49.952
43 50 0.048 49.952
30 50 0.048 49.952
35 49.952 0.0048 49.9472
39 50 0.048 49.952
37 50 0.0048 49.9952
49 49.9904 0.048 49.9424
48 50 0.0048 49.9952
52 50 0.0048 49.9952
47 50 0.048 49.952
46 50 0.0048 49.9952
46 49.9952 0.048 49.9472
47 49.952 0.0048 49.9472
26 50 0.048 49.952
40 50 0.048 49.952
50 50 0.048 49.952
25 50 0.0048 49.9952
45 50 0.048 49.952
36 50 0.048 49.952
44 50 0.048 49.952
54 50 0.0048 49.9952
54 49.9952 0.048 49.9472
44 49.952 0.0048 49.9472
35 50 0.048 49.952
30 49.952 0.0048 49.9472
28 50 0.048 49.952
29 50 0.0048 49.9952
32 50 0.048 49.952
51 50 0.048 49.952
48 49.9952 0.048 49.9472
49 50 0.0048 49.9952
52 49.9952 0.048 49.9472
49 49.9952 0.0048 49.9904
38 50 0.048 49.952
53 50 0.048 49.952
41 50 0.048 49.952
43 50 0.048 49.952
30 50 0.048 49.952
35 49.952 0.0048 49.9472
39 50 0.048 49.952
37 50 0.0048 49.9952
49 49.9904 0.048 49.9424
52 50 0.0048 49.9952
47 50 0.048 49.952
46 50 0.0048 49.9952
46 49.9952 0.048 49.9472
47 49.952 0.0048 49.9472
26 50 0.048 49.952
40 50 0.048 49.952
50 50 0.048 49.952
25 50 0.0048 49.9952
45 50 0.048 49.952
36 50 0.048 49.952
44 50 0.048 49.952
54 50 0.048 49.952
35 50 0.048 49.952
30 49.952 0.0048 49.9472
28 50 0.048 49.952
29 50 0.0048 49.9952
32 50 0.048 49.952
51 50 0.048 49.952
48 50 0.048 49.952
52 49.9952 0.0048 49.9904
52 49.9904 0.048 49.9424
48 49.952 0.0048 49.9472
49 50 0.0048 49.9952
38 50 0.048 49.952
53 50 0.048 49.952
41 50 0.048 49.952
43 50 0.048 49.952
30 50 0.048 49.952
35 49.952 0.0048 49.9472
39 50 0.048 49.952
49 49.9952 0.048 49.9472
52 50 0.0048 49.9952
47 50 0.048 49.952
46 50 0.0048 49.9952
46 49.9952 0.048 49.9472
47 49.952 0.0048 49.9472
26 50 0.048 49.952
40 50 0.048 49.952
50 50 0.048 49.952
25 50 0.0048 49.9952
45 50 0.048 49.952
36 50 0.048 49.952
44 50 0.048 49.952
54 50 0.048 49.952
35 50 0.048 49.952
30 49.952 0.0048 49.9472
28 50 0.048 49.952
29 50 0.0048 49.9952
32 50 0.048 49.952
51 50 0.048 49.952
48 50 0.048 49.952
52 49.9952 0.048 49.9472
49 50 0.0048 49.9952
38 50 0.048 49.952
53 50 0.048 49.952
41 50 0.048 49.952
43 50 0.048 49.952
30 50 0.048 49.952
35 49.952 0.0048 49.9472
39 50 0.048 49.952
49 49.9952 0.048 49.9472
48 50 0.0048 49.9952
52 50 0.0048 49.9952
47 50 0.048 49.952
46 50 0.0048 49.9952
46 49.9952 0.048 49.9472
47 49.952 0.0048 49.9472
26 50 0.048 49.952
40 50 0.048 49.952
50 50 0.048 49.952
25 50 0.0048 49.9952
45 50 0.048 49.952
36 50 0.048 49.952
44 50 0.048 49.952
54 50 0.0048 49.9952
54 49.9952 0.048 49.9472
44 49.952 0.0048 49.9472
35 50 0.048 49.952
30 49.952 0.0048 49.9472
28 50 0.048 49.952
29 50 0.0048 49.9952
32 50 0.048 49.952
51 50 0.048 49.952
48 49.9952 0.048 49.9472
52 49.9952 0.048 49.9472
49 50 0.0048 49.9952
38 50 0.048 49.952
53 50 0.048 49.952
41 50 0.048 49.952
43 50 0.048 49.952
43 49.952 0.0048 49.9472
43 49.9472 0.16 49.7872
30 50 0.048 49.952
35 49.952 0.0048 49.9472
39 50 0.048 49.952
49 49.9952 0.048 49.9472
52 50 0.0048 49.9952
47 50 0.048 49.952
46 50 0.0048 49.9952
46 49.9952 0.048 49.9472
47 49.952 0.0048 49.9472
26 50 0.048 49.952
40 50 0.048 49.952
50 50 0.048 49.952
25 50 0.0048 49.9952
45 50 0.048 49.952
36 50 0.048 49.952
44 50 0.048 49.952
54 50 0.0048 49.9952
54 49.9952 0.048 49.9472
44 49.952 0.0048 49.9472
35 50 0.048 49.952
30 49.952 0.0048 49.9472
28 50 0.048 49.952
29 50 0.0048 49.9952
32 50 0.048 49.952
51 50 0.048 49.952
48 50 0.048 49.952
52 49.9952 0.048 49.9472
49 50 0.0048 49.9952
38 50 0.048 49.952
53 50 0.048 49.952
41 50 0.048 49.952
30 50 0.048 49.952
35 49.952 0.0048 49.9472
39 50 0.048 49.952
49 49.9952 0.048 49.9472
52 50 0.0048 49.9952
47 50 0.048 49.952
46 50 0.0048 49.9952
46 49.9952 0.048 49.9472
47 49.952 0.0048 49.9472
26 50 0.048 49.952
40 50 0.048 49.952
50 50 0.048 49.952
25 50 0.0048 49.9952
45 50 0.048 49.952
36 50 0.048 49.952
44 50 0.048 49.952
54 50 0.0048 49.9952
54 49.9952 0.048 49.9472
44 49.952 0.0048 49.9472
35 50 0.048 49.952
30 49.952 0.0048 49.9472
28 50 0.048 49.952
29 50 0.0048 49.9952
32 50 0.048 49.952
51 50 0.048 49.952
48 50 0.048 49.952
52 49.9952 0.0048 49.9904
52 49.9904 0.048 49.9424
48 49.952 0.0048 49.9472
49 50 0.0048 49.9952
38 50 0.048 49.952
53 50 0.048 49.952
41 50 0.048 49.952
30 50 0.048 49.952
35 49.952 0.0048 49.9472
39 50 0.048 49.952
49 49.9952 0.048 49.9472
52 50 0.0048 49.9952
47 50 0.048 49.952
46 50 0.0048 49.9952
46 49.9952 0.048 49.9472
47 49.952 0.0048 49.9472
26 50 0.048 49.952
40 50 0.048 49.952
50 50 0.048 49.952
25 50 0.0048 49.9952
45 50 0.048 49.952
36 50 0.048 49.952
44 50 0.048 49.952
54 50 0.0048 49.9952
54 49.9952 0.048 49.9472
44 49.952 0.0048 49.9472
35 50 0.048 49.952
30 49.952 0.0048 49.9472
28 50 0.048 49.952
29 50 0.0048 49.9952
32 50 0.048 49.952
51 50 0.048 49.952
48 50 0.048 49.952
52 49.9952 0.0048 49.9904
52 49.9904 0.048 49.9424
48 49.952 0.0048 49.9472
49 50 0.0048 49.9952
38 50 0.048 49.952
53 50 0.048 49.952
41 50 0.048 49.952
30 50 0.048 49.952
39 50 0.048 49.952
49 49.9952 0.048 49.9472
52 50 0.0048 49.9952
47 50 0.048 49.952
46 50 0.0048 49.9952
46 49.9952 0.048 49.9472
47 49.952 0.0048 49.9472
26 50 0.048 49.952
40 50 0.048 49.952
50 50 0.048 49.952
25 50 0.0048 49.9952
45 50 0.048 49.952
36 50 0.048 49.952
44 50 0.048 49.952
54 50 0.0048 49.9952
54 49.9952 0.048 49.9472
44 49.952 0.0048 49.9472
35 50 0.048 49.952
28 50 0.048 49.952
29 50 0.0048 49.9952
32 50 0.048 49.952
51 50 0.048 49.952
48 50 0.048 49.952
49 50 0.0048 49.9952
52 49.9952 0.0048 49.9904
52 49.9904 0.048 49.9424
48 49.952 0.0048 49.9472
49 49.9952 0.0048 49.9904
38 50 0.048 49.952
53 50 0.048 49.952
41 50 0.048 49.952
30 50 0.048 49.952
35 49.952 0.0048 49.9472
39 50 0.048 49.952
49 49.9904 0.048 49.9424
48 50 0.0048 49.9952
52 50 0.0048 49.9952
47 50 0.048 49.952
46 50 0.048 49.952
26 50 0.048 49.952
40 50 0.048 49.952
50 50 0.048 49.952
25 50 0.0048 49.9952
45 50 0.048 49.952
36 50 0.048 49.952
44 50 0.048 49.952
54 50 0.0048 49.9952
54 49.9952 0.048 49.9472
44 49.952 0.0048 49.9472
35 50 0.048 49.952
30 49.952 0.0048 49.9472
28 50 0.048 49.952
29 50 0.0048 49.9952
32 50 0.048 49.952
51 50 0.048 49.952
48 49.9952 0.048 49.9472
49 50 0.0048 49.9952
52 49.9952 0.0048 49.9904
52 49.9904 0.048 49.9424
48 49.9472 0.0048 49.9424
49 49.9952 0.0048 49.9904
38 50 0.048 49.952
53 50 0.048 49.952
41 50 0.048 49.952
41 49.952 0.0048 49.9472
41 49.9472 0.16 49.7872
30 50 0.048 49.952
39 50 0.048 49.952
49 49.9904 0.048 49.9424
48 50 0.0048 49.9952
52 50 0.0048 49.9952
47 50 0.048 49.952
46 50 0.048 49.952
26 50 0.048 49.952
40 50 0.048 49.952
50 50 0.048 49.952
25 50 0.0048 49.9952
45 50 0.048 49.952
36 50 0.048 49.952
44 50 0.048 49.952
54 50 0.0048 49.9952
54 49.9952 0.048 49.9472
44 49.952 0.0048 49.9472
35 50 0.048 49.952
28 50 0.048 49.952
29 50 0.0048 49.9952
32 50 0.048 49.952
51 50 0.048 49.952
48 49.9952 0.048 49.9472
49 50 0.0048 49.9952
52 49.9952 0.0048 49.9904
52 49.9904 0.048 49.9424
48 49.9472 0.0048 49.9424
49 49.9952 0.0048 49.9904
38 50 0.048 49.952
53 50 0.048 49.952
30 50 0.048 49.952
39 50 0.048 49.952
49 49.9904 0.048 49.9424
48 50 0.0048 49.9952
52 50 0.0048 49.9952
47 50 0.048 49.952
44 50 0.0048 49.9952
46 50 0.0048 49.9952
46 49.9952 0.048 49.9472
47 49.952 0.0048 49.9472
26 50 0.048 49.952
40 50 0.048 49.952
50 50 0.048 49.952
25 50 0.0048 49.9952
45 50 0.048 49.952
36 50 0.048 49.952
38 50 0.0048 49.9952
44 49.9952 0.048 49.9472
47 49.9472 0.0048 49.9424
54 50 0.0048 49.9952
54 49.9952 0.048 49.9472
44 49.9472 0.0048 49.9424
35 50 0.048 49.952
28 50 0.048 49.952
29 50 0.0048 49.9952
32 50 0.048 49.952
51 50 0.048 49.952
48 49.9952 0.048 49.9472
49 50 0.0048 49.9952
52 49.9952 0.048 49.9472
49 49.9952 0.0048 49.9904
38 49.9952 0.048 49.9472
36 49.952 0.0048 49.9472
53 50 0.048 49.952
53 49.952 0.0048 49.9472
53 49.9472 0.16 49.7872
30 50 0.048 49.952
39 50 0.048 49.952
49 49.9904 0.048 49.9424
48 50 0.0048 49.9952
52 50 0.0048 49.9952
47 50 0.048 49.952
44 50 0.0048 49.9952
46 50 0.0048 49.9952
46 49.9952 0.048 49.9472
47 49.952 0.0048 49.9472
26 50 0.048 49.952
40 50 0.048 49.952
50 50 0.048 49.952
25 50 0.0048 49.9952
45 50 0.048 49.952
36 50 0.048 49.952
38 50 0.0048 49.9952
44 49.9952 0.048 49.9472
54 50 0.0048 49.9952
54 49.9952 0.048 49.9472
44 49.9472 0.0048 49.9424
35 50 0.048 49.952
28 50 0.048 49.952
29 50 0.0048 49.9952
32 50 0.048 49.952
51 50 0.048 49.952
48 49.9952 0.048 49.9472
49 50 0.0048 49.9952
52 49.9952 0.048 49.9472
49 49.9952 0.0048 49.9904
38 49.9952 0.048 49.9472
36 49.952 0.0048 49.9472
30 50 0.048 49.952
39 50 0.048 49.952
49 49.9904 0.048 49.9424
48 50 0.0048 49.9952
52 50 0.0048 49.9952
47 50 0.048 49.952
46 50 0.048 49.952
26 50 0.048 49.952
40 50 0.048 49.952
50 50 0.048 49.952
25 50 0.0048 49.9952
45 50 0.048 49.952
36 50 0.048 49.952
38 50 0.0048 49.9952
44 50 0.048 49.952
54 50 0.0048 49.9952
54 49.9952 0.048 49.9472
44 49.952 0.0048 49.9472
35 50 0.048 49.952
28 50 0.048 49.952
29 50 0.0048 49.9952
32 50 0.048 49.952
51 50 0.048 49.952
48 49.9952 0.048 49.9472
49 50 0.0048 49.9952
52 49.9952 0.048 49.9472
49 49.9952 0.0048 49.9904
38 49.9952 0.048 49.9472
36 49.952 0.0048 49.9472
30 50 0.048 49.952
39 50 0.048 49.952
49 49.9904 0.048 49.9424
48 50 0.0048 49.9952
52 50 0.0048 49.9952
47 50 0.048 49.952
46 50 0.0048 49.9952
46 49.9952 0.048 49.9472
47 49.952 0.0048 49.9472
26 50 0.048 49.952
40 50 0.048 49.952
50 50 0.048 49.952
25 50 0.0048 49.9952
45 50 0.048 49.952
36 50 0.048 49.952
38 50 0.0048 49.9952
44 50 0.048 49.952
54 50 0.0048 49.9952
54 49.9952 0.048 49.9472
44 49.952 0.0048 49.9472
35 50 0.048 49.952
28 50 0.048 49.952
29 50 0.0048 49.9952
32 50 0.048 49.952
51 50 0.048 49.952
48 49.9952 0.048 49.9472
49 50 0.0048 49.9952
52 49.9952 0.048 49.9472
49 49.9952 0.0048 49.9904
38 49.9952 0.048 49.9472
36 49.952 0.0048 49.9472
30 50 0.048 49.952
39 50 0.048 49.952
49 49.9904 0.048 49.9424
48 50 0.0048 49.9952
52 50 0.0048 49.9952
47 50 0.048 49.952
46 50 0.0048 49.9952
46 49.9952 0.048 49.9472
47 49.952 0.0048 49.9472
26 50 0.048 49.952
40 50 0.048 49.952
50 50 0.048 49.952
25 50 0.0048 49.9952
45 50 0.048 49.952
36 50 0.048 49.952
38 50 0.0048 49.9952
44 50 0.048 49.952
54 50 0.0048 49.9952
44 49.952 0.0048 49.9472
44 49.9472 0.16 49.7872
54 49.9952 0.048 49.9472
44 49.7872 0.0048 49.7824
35 50 0.048 49.952
28 50 0.048 49.952
29 50 0.0048 49.9952
32 50 0.048 49.952
51 50 0.048 49.952
48 49.9952 0.048 49.9472
49 50 0.0048 49.9952
52 49.9952 0.048 49.9472
49 49.9952 0.0048 49.9904
38 49.9952 0.048 49.9472
30 50 0.048 49.952
39 50 0.048 49.952
49 49.9904 0.048 49.9424
48 50 0.0048 49.9952
52 50 0.0048 49.9952
47 50 0.048 49.952
46 50 0.0048 49.9952
46 49.9952 0.048 49.9472
47 49.952 0.0048 49.9472
26 50 0.048 49.952
40 50 0.048 49.952
50 50 0.048 49.952
25 50 0.0048 49.9952
45 50 0.048 49.952
36 50 0.048 49.952
54 50 0.048 49.952
44 50 0.0048 49.9952
54 49.952 0.0048 49.9472
54 49.9472 0.16 49.7872
35 50 0.048 49.952
28 50 0.048 49.952
32 50 0.048 49.952
51 50 0.048 49.952
48 49.9952 0.048 49.9472
49 50 0.0048 49.9952
52 49.9952 0.048 49.9472
49 49.9952 0.0048 49.9904
38 50 0.048 49.952
30 50 0.048 49.952
35 49.952 0.0048 49.9472
39 50 0.048 49.952
49 49.9904 0.048 49.9424
48 50 0.0048 49.9952
52 50 0.0048 49.9952
47 50 0.048 49.952
46 50 0.048 49.952
26 50 0.048 49.952
40 50 0.048 49.952
50 50 0.048 49.952
25 50 0.0048 49.9952
45 50 0.048 49.952
36 50 0.048 49.952
38 50 0.0048 49.9952
35 50 0.048 49.952
30 49.952 0.0048 49.9472
28 50 0.048 49.952
32 50 0.048 49.952
51 50 0.048 49.952
48 49.9952 0.048 49.9472
49 50 0.0048 49.9952
52 49.9952 0.0048 49.9904
52 49.9904 0.048 49.9424
48 49.9472 0.0048 49.9424
49 49.9952 0.0048 49.9904
38 49.9952 0.048 49.9472
36 49.952 0.0048 49.9472
30 50 0.048 49.952
35 49.952 0.0048 49.9472
39 50 0.048 49.952
49 49.9904 0.048 49.9424
48 50 0.0048 49.9952
52 50 0.0048 49.9952
47 50 0.048 49.952
46 50 0.048 49.952
26 50 0.048 49.952
40 50 0.048 49.952
50 50 0.048 49.952
25 50 0.0048 49.9952
45 50 0.048 49.952
36 50 0.048 49.952
38 50 0.0048 49.9952
35 50 0.048 49.952
30 49.952 0.0048 49.9472
28 50 0.048 49.952
32 50 0.048 49.952
51 50 0.048 49.952
48 49.9952 0.048 49.9472
49 50 0.0048 49.9952
52 49.9952 0.0048 49.9904
52 49.9904 0.048 49.9424
48 49.9472 0.0048 49.9424
49 49.9952 0.0048 49.9904
38 49.9952 0.048 49.9472
36 49.952 0.0048 49.9472
30 50 0.048 49.952
35 49.952 0.0048 49.9472
39 50 0.048 49.952
37 50 0.0048 49.9952
49 49.9904 0.048 49.9424
52 50 0.0048 49.9952
47 50 0.048 49.952
44 50 0.0048 49.9952
46 50 0.048 49.952
26 50 0.048 49.952
26 49.952 0.0048 49.9472
26 49.9472 0.16 49.7872
40 50 0.048 49.952
50 50 0.048 49.952
25 50 0.0048 49.9952
45 50 0.048 49.952
36 50 0.048 49.952
38 50 0.0048 49.9952
35 50 0.048 49.952
30 49.952 0.0048 49.9472
28 50 0.048 49.952
32 50 0.048 49.952
51 50 0.048 49.952
48 50 0.048 49.952
52 49.9952 0.048 49.9472
38 49.9952 0.048 49.9472
36 49.952 0.0048 49.9472
30 50 0.048 49.952
35 49.952 0.0048 49.9472
39 50 0.048 49.952
37 50 0.0048 49.9952
49 50 0.048 49.952
47 50 0.048 49.952
46 50 0.048 49.952
40 50 0.048 49.952
40 49.952 0.0048 49.9472
40 49.9472 0.16 49.7872
50 50 0.048 49.952
25 50 0.0048 49.9952
45 50 0.048 49.952
36 50 0.048 49.952
38 50 0.0048 49.9952
29 50 0.048 49.952
29 49.952 0.0048 49.9472
29 49.9472 0.16 49.7872
29 49.7872 0.0016 49.7856
28 50 0.016 49.984
28 49.984 0.016 49.968
32 50 0.016 49.984
30 49.952 0.016 49.936
35 50 0.016 49.984
32 49.984 0.016 49.968
30 49.936 0.016 49.92
35 49.984 0.016 49.968
27 50 0.016 49.984
31 50 0.016 49.984
31 49.984 0.016 49.968
31 49.968 0.048 49.92
37 50 0.016 49.984
39 50 0.016 49.984
51 49.952 0.016 49.936
27 49.984 0.016 49.968
37 49.984 0.016 49.968
39 49.984 0.016 49.968
49 49.952 0.016 49.936
43 50 0.016 49.984
43 49.984 0.016 49.968
43 49.968 0.048 49.92
48 50 0.016 49.984
49 49.936 0.016 49.92
52 50 0.016 49.984
33 50 0.016 49.984
36 49.952 0.016 49.936
38 49.9952 0.016 49.9792
42 50 0.016 49.984
42 49.984 0.016 49.968
42 49.968 0.048 49.92
36 49.936 0.016 49.92
38 49.9792 0.016 49.9632
45 49.952 0.016 49.936
41 50 0.016 49.984
41 49.984 0.016 49.968
41 49.968 0.048 49.92
34 50 0.016 49.984
50 49.952 0.016 49.936
53 50 0.016 49.984
53 49.984 0.016 49.968
53 49.968 0.048 49.92
25 49.9952 0.016 49.9792
50 49.936 0.016 49.92
54 50 0.016 49.984
54 49.984 0.016 49.968
54 49.968 0.048 49.92
44 50 0.016 49.984
44 49.984 0.016 49.968
44 49.968 0.048 49.92
47 49.952 0.016 49.936
26 49.8873 0.016 49.8713
26 49.8713 0.016 49.8553
26 49.8553 0.048 49.8073
47 49.936 0.016 49.92
35 49.968 0.048 49.92
30 49.92 0.0048 49.9152
28 49.968 0.048 49.92
32 49.968 0.048 49.92
51 50 0.048 49.952
48 49.984 0.048 49.936
52 49.984 0.0048 49.9792
52 49.9792 0.048 49.9312
48 49.936 0.0048 49.9312
38 49.9632 0.048 49.9152
36 49.92 0.0048 49.9152
30 50 0.048 49.952
35 49.92 0.0048 49.9152
39 49.968 0.048 49.92
37 49.968 0.0048 49.9632
49 50 0.048 49.952
47 50 0.048 49.952
46 50 0.048 49.952
50 50 0.048 49.952
45 50 0.048 49.952
36 50 0.048 49.952
31 50 0.048 49.952
43 50 0.048 49.952
42 50 0.048 49.952
41 50 0.048 49.952
53 50 0.048 49.952
34 50 0.0048 49.9952
54 50 0.048 49.952
44 50 0.048 49.952
26 50 0.048 49.952
35 50 0.048 49.952
30 49.952 0.0048 49.9472
28 50 0.048 49.952
32 50 0.048 49.952
51 50 0.048 49.952
48 50 0.048 49.952
52 50 0.0048 49.9952
52 49.9952 0.048 49.9472
48 49.952 0.0048 49.9472
38 50 0.048 49.952
30 50 0.048 49.952
35 49.952 0.0048 49.9472
39 50 0.048 49.952
49 50 0.048 49.952
47 50 0.048 49.952
44 50 0.0048 49.9952
46 50 0.048 49.952
50 50 0.048 49.952
45 50 0.048 49.952
36 50 0.048 49.952
31 50 0.048 49.952
43 50 0.048 49.952
42 50 0.048 49.952
41 50 0.048 49.952
53 50 0.048 49.952
34 50 0.0048 49.9952
54 50 0.048 49.952
44 49.9952 0.0048 49.9904
44 49.9904 0.048 49.9424
47 49.952 0.0048 49.9472
54 49.952 0.0048 49.9472
26 50 0.048 49.952
35 50 0.048 49.952
30 49.952 0.0048 49.9472
28 50 0.048 49.952
32 50 0.048 49.952
51 50 0.048 49.952
48 50 0.048 49.952
52 50 0.0048 49.9952
52 49.9952 0.048 49.9472
48 49.952 0.0048 49.9472
38 50 0.048 49.952
38 49.952 0.0048 49.9472
38 49.9472 0.16 49.7872
30 50 0.048 49.952
39 50 0.048 49.952
37 50 0.0048 49.9952
49 50 0.048 49.952
47 50 0.048 49.952
46 50 0.0048 49.9952
46 49.9952 0.048 49.9472
47 49.952 0.0048 49.9472
50 50 0.048 49.952
45 50 0.048 49.952
36 50 0.048 49.952
31 50 0.048 49.952
43 50 0.048 49.952
42 50 0.048 49.952
41 50 0.048 49.952
53 50 0.048 49.952
34 50 0.0048 49.9952
54 50 0.048 49.952
44 50 0.048 49.952
26 50 0.048 49.952
35 50 0.048 49.952
28 50 0.048 49.952
32 50 0.048 49.952
51 50 0.048 49.952
48 50 0.048 49.952
52 50 0.0048 49.9952
52 49.9952 0.048 49.9472
48 49.952 0.0048 49.9472
30 50 0.048 49.952
39 50 0.048 49.952
37 50 0.0048 49.9952
49 50 0.048 49.952
48 50 0.0048 49.9952
47 50 0.048 49.952
46 50 0.0048 49.9952
46 49.9952 0.048 49.9472
47 49.952 0.0048 49.9472
50 50 0.048 49.952
45 50 0.048 49.952
36 50 0.048 49.952
31 50 0.048 49.952
43 50 0.048 49.952
42 50 0.048 49.952
41 50 0.048 49.952
53 50 0.048 49.952
34 50 0.0048 49.9952
54 50 0.048 49.952
44 50 0.0048 49.9952
44 49.9952 0.048 49.9472
54 49.952 0.0048 49.9472
26 50 0.048 49.952
35 50 0.048 49.952
28 50 0.048 49.952
29 50 0.0048 49.9952
32 50 0.048 49.952
51 50 0.048 49.952
48 49.9952 0.048 49.9472
49 50 0.0048 49.9952
52 50 0.048 49.952
30 50 0.048 49.952
39 50 0.048 49.952
37 50 0.0048 49.9952
49 49.9952 0.048 49.9472
48 50 0.0048 49.9952
47 50 0.048 49.952
44 50 0.0048 49.9952
46 50 0.0048 49.9952
46 49.9952 0.048 49.9472
47 49.952 0.0048 49.9472
50 50 0.048 49.952
45 50 0.048 49.952
36 50 0.048 49.952
31 50 0.048 49.952
43 50 0.048 49.952
42 50 0.048 49.952
41 50 0.048 49.952
53 50 0.048 49.952
34 50 0.0048 49.9952
54 50 0.048 49.952
44 49.9952 0.048 49.9472
47 49.9472 0.0048 49.9424
26 50 0.048 49.952
35 50 0.048 49.952
28 50 0.048 49.952
29 50 0.0048 49.9952
32 50 0.048 49.952
51 50 0.048 49.952
48 49.9952 0.048 49.9472
49 50 0.0048 49.9952
52 50 0.048 49.952
30 50 0.048 49.952
39 50 0.048 49.952
37 50 0.0048 49.9952
49 49.9952 0.048 49.9472
48 50 0.0048 49.9952
47 50 0.048 49.952
44 50 0.0048 49.9952
46 50 0.048 49.952
50 50 0.048 49.952
45 50 0.048 49.952
36 50 0.048 49.952
31 50 0.048 49.952
43 50 0.048 49.952
42 50 0.048 49.952
41 50 0.048 49.952
53 50 0.048 49.952
34 50 0.0048 49.9952
54 50 0.048 49.952
44 49.9952 0.048 49.9472
47 49.952 0.0048 49.9472
26 50 0.048 49.952
35 50 0.048 49.952
28 50 0.048 49.952
29 50 0.0048 49.9952
32 50 0.048 49.952
51 50 0.048 49.952
48 49.9952 0.048 49.9472
49 50 0.0048 49.9952
52 50 0.048 49.952
30 50 0.048 49.952
35 49.952 0.0048 49.9472
39 50 0.048 49.952
37 50 0.0048 49.9952
49 49.9952 0.048 49.9472
48 50 0.0048 49.9952
49 49.9472 0.0048 49.9424
49 49.9424 0.16 49.7824
48 49.9952 0.016 49.9792
47 50 0.048 49.952
44 50 0.0048 49.9952
46 50 0.048 49.952
50 50 0.048 49.952
45 50 0.048 49.952
36 50 0.048 49.952
31 50 0.048 49.952
43 50 0.048 49.952
42 50 0.048 49.952
41 50 0.048 49.952
53 50 0.048 49.952
34 50 0.0048 49.9952
54 50 0.048 49.952
44 49.9952 0.048 49.9472
47 49.952 0.0048 49.9472
26 50 0.048 49.952
35 50 0.048 49.952
30 49.952 0.0048 49.9472
28 50 0.048 49.952
29 50 0.0048 49.9952
32 50 0.048 49.952
51 50 0.048 49.952
48 49.9792 0.048 49.9312
49 50 0.0048 49.9952
52 50 0.0048 49.9952
52 49.9952 0.048 49.9472
48 49.9312 0.0048 49.9264
30 50 0.048 49.952
35 49.952 0.0048 49.9472
39 50 0.048 49.952
37 50 0.0048 49.9952
47 50 0.048 49.952
44 50 0.0048 49.9952
46 50 0.048 49.952
50 50 0.048 49.952
45 50 0.048 49.952
36 50 0.048 49.952
31 50 0.048 49.952
27 50 0.0048 49.9952
43 50 0.048 49.952
42 50 0.048 49.952
41 50 0.0048 49.9952
41 49.9952 0.048 49.9472
42 49.952 0.0048 49.9472
53 50 0.048 49.952
34 50 0.0048 49.9952
54 50 0.048 49.952
44 49.9952 0.048 49.9472
47 49.952 0.0048 49.9472
26 50 0.048 49.952
35 50 0.048 49.952
30 49.952 0.0048 49.9472
28 50 0.048 49.952
29 50 0.0048 49.9952
32 50 0.048 49.952
51 50 0.048 49.952
48 50 0.048 49.952
49 50 0.0048 49.9952
52 50 0.0048 49.9952
52 49.9952 0.048 49.9472
48 49.952 0.0048 49.9472
30 50 0.048 49.952
35 49.952 0.0048 49.9472
39 50 0.048 49.952
37 50 0.0048 49.9952
47 50 0.048 49.952
44 50 0.0048 49.9952
46 50 0.048 49.952
50 50 0.048 49.952
45 50 0.048 49.952
36 50 0.048 49.952
31 50 0.048 49.952
43 50 0.048 49.952
42 50 0.048 49.952
41 50 0.0048 49.9952
41 49.9952 0.048 49.9472
42 49.952 0.0048 49.9472
53 50 0.048 49.952
34 50 0.0048 49.9952
54 50 0.048 49.952
44 49.9952 0.048 49.9472
47 49.952 0.0048 49.9472
26 50 0.048 49.952
35 50 0.048 49.952
30 49.952 0.0048 49.9472
28 50 0.048 49.952
29 50 0.0048 49.9952
32 50 0.048 49.952
51 50 0.048 49.952
48 50 0.048 49.952
52 50 0.0048 49.9952
52 49.9952 0.048 49.9472
48 49.952 0.0048 49.9472
30 50 0.048 49.952
35 49.952 0.0048 49.9472
39 50 0.048 49.952
37 50 0.0048 49.9952
47 50 0.048 49.952
46 50 0.048 49.952
50 50 0.048 49.952
45 50 0.048 49.952
36 50 0.048 49.952
33 50 0.0048 49.9952
31 50 0.048 49.952
27 50 0.0048 49.9952
43 50 0.048 49.952
42 50 0.048 49.952
41 50 0.0048 49.9952
41 49.9952 0.048 49.9472
42 49.952 0.0048 49.9472
53 50 0.048 49.952
54 50 0.048 49.952
44 50 0.0048 49.9952
44 49.9952 0.048 49.9472
54 49.952 0.0048 49.9472
26 50 0.048 49.952
35 50 0.048 49.952
30 49.952 0.0048 49.9472
28 50 0.048 49.952
29 50 0.0048 49.9952
32 50 0.048 49.952
51 50 0.048 49.952
51 49.952 0.0048 49.9472
51 49.9472 0.16 49.7872
48 50 0.048 49.952
52 50 0.0048 49.9952
52 49.9952 0.048 49.9472
48 49.952 0.0048 49.9472
30 50 0.048 49.952
35 49.952 0.0048 49.9472
39 50 0.048 49.952
37 50 0.0048 49.9952
47 50 0.048 49.952
46 50 0.048 49.952
50 50 0.048 49.952
25 50 0.0048 49.9952
45 50 0.048 49.952
36 50 0.048 49.952
33 50 0.0048 49.9952
31 50 0.048 49.952
27 50 0.0048 49.9952
43 50 0.048 49.952
42 50 0.048 49.952
41 50 0.0048 49.9952
41 49.9952 0.048 49.9472
42 49.952 0.0048 49.9472
53 50 0.048 49.952
54 50 0.048 49.952
44 50 0.048 49.952
26 50 0.048 49.952
35 50 0.048 49.952
30 49.952 0.0048 49.9472
28 50 0.048 49.952
29 50 0.0048 49.9952
32 50 0.048 49.952
48 50 0.048 49.952
52 50 0.0048 49.9952
52 49.9952 0.048 49.9472
48 49.952 0.0048 49.9472
30 50 0.048 49.952
35 49.952 0.0048 49.9472
39 50 0.048 49.952
47 50 0.048 49.952
46 50 0.048 49.952
50 50 0.048 49.952
45 50 0.048 49.952
36 50 0.048 49.952
31 50 0.048 49.952
27 50 0.0048 49.9952
43 50 0.048 49.952
42 50 0.048 49.952
41 50 0.048 49.952
53 50 0.048 49.952
34 50 0.0048 49.9952
54 50 0.048 49.952
44 50 0.048 49.952
26 50 0.048 49.952
35 50 0.048 49.952
30 49.952 0.0048 49.9472
28 50 0.048 49.952
29 50 0.0048 49.9952
32 50 0.048 49.952
48 50 0.048 49.952
52 50 0.0048 49.9952
52 49.9952 0.048 49.9472
48 49.952 0.0048 49.9472
30 50 0.048 49.952
35 49.952 0.0048 49.9472
39 50 0.048 49.952
47 50 0.048 49.952
46 50 0.048 49.952
50 50 0.048 49.952
45 50 0.048 49.952
36 50 0.048 49.952
31 50 0.048 49.952
27 50 0.0048 49.9952
43 50 0.048 49.952
42 50 0.048 49.952
41 50 0.048 49.952
53 50 0.048 49.952
34 50 0.0048 49.9952
54 50 0.048 49.952
44 50 0.048 49.952
26 50 0.048 49.952
35 50 0.048 49.952
30 49.952 0.0048 49.9472
35 49.952 0.0048 49.9472
35 49.9472 0.16 49.7872
30 49.9472 0.016 49.9312
28 50 0.048 49.952
29 50 0.0048 49.9952
32 50 0.048 49.952
48 50 0.048 49.952
52 50 0.048 49.952
49 50 0.0048 49.9952
30 50 0.048 49.952
35 49.7872 0.0048 49.7824
39 50 0.048 49.952
47 50 0.048 49.952
46 50 0.048 49.952
50 50 0.048 49.952
45 50 0.048 49.952
36 50 0.048 49.952
31 50 0.048 49.952
27 50 0.0048 49.9952
43 50 0.048 49.952
42 50 0.048 49.952
41 50 0.048 49.952
53 50 0.048 49.952
34 50 0.0048 49.9952
54 50 0.048 49.952
44 50 0.048 49.952
26 50 0.048 49.952
28 50 0.048 49.952
32 50 0.048 49.952
48 50 0.048 49.952
52 50 0.048 49.952
49 50 0.0048 49.9952
30 50 0.048 49.952
35 49.8955 0.0048 49.8907
39 50 0.048 49.952
47 50 0.048 49.952
46 50 0.048 49.952
50 50 0.048 49.952
45 50 0.048 49.952
36 50 0.048 49.952
31 50 0.048 49.952
27 50 0.0048 49.9952
43 50 0.048 49.952
42 50 0.048 49.952
41 50 0.048 49.952
53 50 0.048 49.952
34 50 0.0048 49.9952
54 50 0.048 49.952
44 50 0.048 49.952
26 50 0.048 49.952
28 50 0.048 49.952
29 50 0.0048 49.9952
32 50 0.048 49.952
48 50 0.048 49.952
49 50 0.0048 49.9952
52 50 0.048 49.952
30 50 0.048 49.952
35 50 0.0048 49.9952
39 50 0.048 49.952
47 50 0.048 49.952
46 50 0.048 49.952
50 50 0.048 49.952
25 50 0.0048 49.9952
45 50 0.048 49.952
36 50 0.048 49.952
31 50 0.048 49.952
27 50 0.0048 49.9952
43 50 0.048 49.952
42 50 0.048 49.952
41 50 0.048 49.952
53 50 0.048 49.952
54 50 0.048 49.952
44 50 0.048 49.952
26 50 0.048 49.952
28 50 0.048 49.952
29 50 0.0048 49.9952
32 50 0.048 49.952
48 50 0.048 49.952
49 50 0.0048 49.9952
52 50 0.048 49.952
30 50 0.048 49.952
35 50 0.0048 49.9952
39 50 0.048 49.952
47 50 0.048 49.952
46 50 0.048 49.952
50 50 0.048 49.952
45 50 0.048 49.952
36 50 0.048 49.952
31 50 0.048 49.952
27 50 0.0048 49.9952
43 50 0.048 49.952
42 50 0.048 49.952
41 50 0.048 49.952
53 50 0.048 49.952
54 50 0.048 49.952
44 50 0.048 49.952
26 50 0.048 49.952
28 50 0.048 49.952
29 50 0.0048 49.9952
32 50 0.048 49.952
48 50 0.048 49.952
49 50 0.0048 49.9952
52 50 0.048 49.952
30 50 0.048 49.952
35 50 0.0048 49.9952
39 50 0.048 49.952
47 50 0.048 49.952
46 50 0.048 49.952
50 50 0.048 49.952
45 50 0.048 49.952
36 50 0.048 49.952
31 50 0.048 49.952
27 50 0.0048 49.9952
43 50 0.048 49.952
42 50 0.048 49.952
41 50 0.0048 49.9952
41 49.9952 0.048 49.9472
42 49.952 0.0048 49.9472
53 50 0.048 49.952
34 50 0.0048 49.9952
54 50 0.048 49.952
44 50 0.048 49.952
26 50 0.048 49.952
28 50 0.048 49.952
29 50 0.0048 49.9952
32 50 0.048 49.952
48 50 0.048 49.952
52 50 0.048 49.952
30 50 0.048 49.952
35 50 0.0048 49.9952
39 50 0.048 49.952
47 50 0.048 49.952
46 50 0.048 49.952
50 50 0.048 49.952
45 50 0.048 49.952
36 50 0.048 49.952
31 50 0.048 49.952
27 50 0.0048 49.9952
43 50 0.048 49.952
42 50 0.048 49.952
41 50 0.048 49.952
53 50 0.048 49.952
34 50 0.0048 49.9952
54 50 0.048 49.952
44 50 0.048 49.952
26 50 0.048 49.952
28 50 0.048 49.952
32 50 0.048 49.952
48 50 0.048 49.952
52 50 0.048 49.952
30 50 0.048 49.952
35 50 0.0048 49.9952
39 50 0.048 49.952
47 50 0.048 49.952
46 50 0.048 49.952
50 50 0.048 49.952
45 50 0.048 49.952
36 50 0.048 49.952
31 50 0.048 49.952
43 50 0.048 49.952
42 50 0.048 49.952
41 50 0.0048 49.9952
41 49.9952 0.048 49.9472
42 49.952 0.0048 49.9472
53 50 0.048 49.952
34 50 0.0048 49.9952
54 50 0.048 49.952
44 50 0.048 49.952
26 50 0.048 49.952
28 50 0.048 49.952
32 50 0.048 49.952
48 50 0.048 49.952
52 50 0.048 49.952
30 50 0.048 49.952
39 50 0.048 49.952
47 50 0.048 49.952
46 50 0.048 49.952
50 50 0.048 49.952
45 50 0.048 49.952
36 50 0.048 49.952
31 50 0.048 49.952
43 50 0.048 49.952
42 50 0.048 49.952
41 50 0.0048 49.9952
41 49.9952 0.048 49.9472
42 49.952 0.0048 49.9472
53 50 0.048 49.952
34 50 0.0048 49.9952
54 50 0.048 49.952
44 50 0.048 49.952
26 50 0.048 49.952
28 50 0.048 49.952
32 50 0.048 49.952
48 50 0.048 49.952
52 50 0.048 49.952
30 50 0.048 49.952
35 50 0.0048 49.9952
39 50 0.048 49.952
47 50 0.048 49.952
46 50 0.048 49.952
50 50 0.048 49.952
45 50 0.048 49.952
36 50 0.048 49.952
31 50 0.048 49.952
43 50 0.048 49.952
42 50 0.048 49.952
41 50 0.0048 49.9952
41 49.9952 0.048 49.9472
42 49.952 0.0048 49.9472
53 50 0.048 49.952
34 50 0.0048 49.9952
54 50 0.048 49.952
44 50 0.048 49.952
26 50 0.048 49.952
28 50 0.048 49.952
28 49.952 0.0048 49.9472
28 49.9472 0.16 49.7872
32 50 0.048 49.952
48 50 0.048 49.952
52 50 0.048 49.952
30 50 0.048 49.952
35 50 0.0048 49.9952
39 50 0.048 49.952
47 50 0.048 49.952
46 50 0.048 49.952
50 50 0.048 49.952
45 50 0.048 49.952
36 50 0.048 49.952
31 50 0.048 49.952
43 50 0.048 49.952
42 50 0.048 49.952
41 50 0.0048 49.9952
41 49.9952 0.048 49.9472
42 49.952 0.0048 49.9472
53 50 0.048 49.952
34 50 0.0048 49.9952
54 50 0.048 49.952
44 50 0.0048 49.9952
44 49.9952 0.048 49.9472
54 49.952 0.0048 49.9472
26 50 0.048 49.952
32 50 0.048 49.952
48 50 0.048 49.952
52 50 0.048 49.952
30 50 0.048 49.952
35 50 0.0048 49.9952
39 50 0.048 49.952
47 50 0.048 49.952
46 50 0.048 49.952
50 50 0.048 49.952
45 50 0.048 49.952
36 50 0.048 49.952
31 50 0.048 49.952
43 50 0.048 49.952
42 50 0.048 49.952
41 50 0.048 49.952
53 50 0.048 49.952
54 50 0.048 49.952
44 50 0.0048 49.9952
44 49.9952 0.048 49.9472
54 49.952 0.0048 49.9472
26 50 0.048 49.952
32 50 0.048 49.952
48 50 0.048 49.952
52 50 0.048 49.952
30 50 0.048 49.952
39 50 0.048 49.952
47 50 0.048 49.952
46 50 0.048 49.952
50 50 0.048 49.952
45 50 0.048 49.952
36 50 0.048 49.952
31 50 0.048 49.952
43 50 0.048 49.952
42 50 0.048 49.952
41 50 0.048 49.952
53 50 0.048 49.952
54 50 0.048 49.952
44 50 0.0048 49.9952
44 49.9952 0.048 49.9472
54 49.952 0.0048 49.9472
26 50 0.048 49.952
32 50 0.048 49.952
48 50 0.048 49.952
52 50 0.048 49.952
30 50 0.048 49.952
39 50 0.048 49.952
47 50 0.048 49.952
46 50 0.048 49.952
50 50 0.048 49.952
45 50 0.048 49.952
36 50 0.048 49.952
31 50 0.048 49.952
43 50 0.048 49.952
42 50 0.048 49.952
41 50 0.048 49.952
53 50 0.048 49.952
54 50 0.048 49.952
44 50 0.0048 49.9952
44 49.9952 0.048 49.9472
54 49.952 0.0048 49.9472
26 50 0.048 49.952
29 50 0.048 49.952
32 50 0.048 49.952
48 50 0.048 49.952
52 50 0.048 49.952
30 50 0.048 49.952
39 50 0.048 49.952
47 50 0.048 49.952
46 50 0.048 49.952
50 50 0.048 49.952
45 50 0.048 49.952
36 50 0.048 49.952
31 50 0.048 49.952
43 50 0.048 49.952
42 50 0.048 49.952
41 50 0.048 49.952
53 50 0.048 49.952
54 50 0.048 49.952
44 50 0.0048 49.9952
44 49.9952 0.048 49.9472
54 49.952 0.0048 49.9472
26 50 0.048 49.952
29 50 0.048 49.952
32 50 0.048 49.952
48 50 0.048 49.952
52 50 0.048 49.952
49 50 0.0048 49.9952
30 50 0.048 49.952
39 50 0.048 49.952
47 50 0.048 49.952
46 50 0.048 49.952
50 50 0.048 49.952
25 50 0.0048 49.9952
45 50 0.048 49.952
36 50 0.048 49.952
31 50 0.048 49.952
27 50 0.0048 49.9952
43 50 0.048 49.952
42 50 0.048 49.952
41 50 0.048 49.952
53 50 0.048 49.952
34 50 0.0048 49.9952
54 50 0.048 49.952
44 50 0.0048 49.9952
44 49.9952 0.048 49.9472
54 49.952 0.0048 49.9472
26 50 0.048 49.952
29 50 0.048 49.952
32 50 0.048 49.952
48 50 0.048 49.952
52 50 0.048 49.952
49 50 0.0048 49.9952
30 50 0.048 49.952
39 50 0.048 49.952
47 50 0.048 49.952
46 50 0.048 49.952
50 50 0.048 49.952
25 50 0.0048 49.9952
45 50 0.048 49.952
36 50 0.048 49.952
31 50 0.048 49.952
43 50 0.048 49.952
42 50 0.048 49.952
41 50 0.048 49.952
53 50 0.048 49.952
54 50 0.048 49.952
44 50 0.0048 49.9952
44 49.9952 0.048 49.9472
54 49.952 0.0048 49.9472
26 50 0.048 49.952
29 50 0.048 49.952
32 50 0.048 49.952
48 50 0.048 49.952
52 50 0.048 49.952
49 50 0.0048 49.9952
30 50 0.048 49.952
39 50 0.048 49.952
47 50 0.048 49.952
46 50 0.048 49.952
50 50 0.048 49.952
25 50 0.0048 49.9952
45 50 0.048 49.952
36 50 0.048 49.952
31 50 0.048 49.952
43 50 0.048 49.952
42 50 0.048 49.952
41 50 0.048 49.952
53 50 0.048 49.952
54 50 0.048 49.952
44 50 0.0048 49.9952
44 49.9952 0.048 49.9472
54 49.952 0.0048 49.9472
26 50 0.048 49.952
29 50 0.048 49.952
32 50 0.048 49.952
48 50 0.048 49.952
52 50 0.0048 49.9952
52 49.9952 0.048 49.9472
48 49.952 0.0048 49.9472
49 50 0.0048 49.9952
38 50 0.048 49.952
30 50 0.048 49.952
39 50 0.048 49.952
47 50 0.048 49.952
46 50 0.048 49.952
50 50 0.048 49.952
25 50 0.0048 49.9952
45 50 0.048 49.952
36 50 0.048 49.952
31 50 0.048 49.952
43 50 0.048 49.952
42 50 0.048 49.952
41 50 0.048 49.952
53 50 0.048 49.952
34 50 0.0048 49.9952
54 50 0.048 49.952
44 50 0.0048 49.9952
44 49.9952 0.048 49.9472
54 49.952 0.0048 49.9472
26 50 0.048 49.952
29 50 0.048 49.952
28 50 0.0048 49.9952
28 49.9952 0.048 49.9472
29 49.952 0.0048 49.9472
29 49.9472 0.16 49.7872
28 49.9472 0.016 49.9312
28 49.9312 0.016 49.9152
29 49.7872 0.0016 49.7856
28 49.9152 0.048 49.8672
29 49.7856 0.0048 49.7808
32 50 0.048 49.952
48 50 0.048 49.952
49 50 0.0048 49.9952
52 50 0.048 49.952
49 49.9952 0.0048 49.9904
38 50 0.048 49.952
30 50 0.048 49.952
39 50 0.048 49.952
40 50 0.048 49.952
40 49.952 0.0048 49.9472
40 49.9472 0.16 49.7872
40 49.7872 0.0016 49.7856
26 49.952 0.016 49.936
45 50 0.016 49.984
36 50 0.016 49.984
38 49.952 0.016 49.936
45 49.984 0.016 49.968
26 49.936 0.016 49.92
46 49.952 0.016 49.936
47 50 0.016 49.984
33 50 0.016 49.984
36 49.984 0.016 49.968
44 50 0.016 49.984
46 49.936 0.016 49.92
47 49.984 0.016 49.968
54 49.9472 0.016 49.9312
33 49.984 0.016 49.968
48 50 0.016 49.984
49 49.9904 0.016 49.9744
49 49.9744 0.016 49.9584
49 49.9584 0.048 49.9104
52 50 0.0048 49.9952
52 49.9952 0.016 49.9792
25 50 0.016 49.984
44 49.984 0.016 49.968
50 50 0.016 49.984
54 49.9312 0.016 49.9152
48 49.984 0.016 49.968
25 49.984 0.016 49.968
34 50 0.016 49.984
50 49.984 0.016 49.968
53 50 0.016 49.984
51 50 0.016 49.984
51 49.984 0.016 49.968
51 49.968 0.048 49.92
41 50 0.016 49.984
42 49.952 0.016 49.936
30 49.952 0.016 49.936
35 50 0.016 49.984
35 49.984 0.016 49.968
35 49.968 0.048 49.92
42 49.936 0.016 49.92
30 49.936 0.016 49.92
43 50 0.016 49.984
39 49.952 0.016 49.936
28 49.9922 0.016 49.9762
29 49.7808 0.016 49.7648
29 49.7648 0.016 49.7488
29 49.7488 0.048 49.7008
28 49.9762 0.0048 49.9714
28 49.9714 0.016 49.9554
32 50 0.016 49.984
31 50 0.016 49.984
47 49.968 0.048 49.92
46 50 0.048 49.952
26 50 0.0048 49.9952
50 49.968 0.048 49.92
25 49.968 0.0048 49.9632
45 49.968 0.048 49.92
36 49.968 0.048 49.92
31 49.984 0.048 49.936
43 49.984 0.048 49.936
42 50 0.048 49.952
41 49.984 0.048 49.936
53 49.984 0.048 49.936
34 49.984 0.0048 49.9792
54 50 0.048 49.952
44 49.968 0.0048 49.9632
44 49.9632 0.048 49.9152
54 49.952 0.0048 49.9472
26 49.9952 0.048 49.9472
28 49.9554 0.048 49.9074
29 50 0.0048 49.9952
28 49.9074 0.0048 49.9026
28 49.9026 0.16 49.7426
28 49.7426 0.0016 49.741
32 49.984 0.016 49.968
31 49.936 0.016 49.92
30 49.92 0.016 49.904
35 50 0.016 49.984
51 49.92 0.016 49.904
48 49.968 0.016 49.952
49 50 0.016 49.984
52 49.9792 0.016 49.9632
33 50 0.016 49.984
36 49.92 0.016 49.904
52 49.9632 0.016 49.9472
36 49.904 0.016 49.888
38 49.936 0.016 49.92
45 49.92 0.016 49.904
38 49.92 0.016 49.904
40 49.7856 0.016 49.7696
40 49.7696 0.016 49.7536
40 49.7536 0.048 49.7056
45 49.904 0.016 49.888
26 49.9472 0.016 49.9312
46 49.952 0.016 49.936
47 49.92 0.016 49.904
44 49.9152 0.016 49.8992
46 49.936 0.016 49.92
47 49.904 0.016 49.888
54 49.9472 0.016 49.9312
25 49.9632 0.016 49.9472
44 49.8992 0.016 49.8832
50 49.92 0.016 49.904
54 49.9312 0.016 49.9152
25 49.9472 0.016 49.9312
34 49.9792 0.016 49.9632
50 49.904 0.016 49.888
53 49.936 0.016 49.92
34 49.9632 0.016 49.9472
41 49.936 0.016 49.92
42 49.952 0.016 49.936
42 49.936 0.016 49.92
43 49.936 0.016 49.92
39 50 0.016 49.984
32 49.968 0.048 49.92
48 49.952 0.048 49.904
52 49.9472 0.048 49.8992
49 49.984 0.0048 49.9792
38 50 0.048 49.952
30 50 0.048 49.952
39 49.984 0.048 49.936
39 49.936 0.0048 49.9312
39 49.9312 0.16 49.7712
49 49.9792 0.048 49.9312
52 50 0.0048 49.9952
51 50 0.048 49.952
35 49.984 0.048 49.936
29 49.9952 0.048 49.9472
47 50 0.048 49.952
46 50 0.048 49.952
50 50 0.048 49.952
25 50 0.0048 49.9952
45 50 0.048 49.952
36 50 0.048 49.952
31 50 0.048 49.952
43 50 0.048 49.952
42 50 0.048 49.952
41 50 0.048 49.952
53 50 0.048 49.952
34 50 0.0048 49.9952
54 50 0.048 49.952
44 49.999 0.0048 49.9942
44 49.9942 0.048 49.9462
54 49.952 0.0048 49.9472
26 50 0.048 49.952
40 49.9981 0.048 49.9501
32 50 0.048 49.952
48 50 0.048 49.952
52 49.9952 0.048 49.9472
49 50 0.0048 49.9952
38 50 0.048 49.952
30 50 0.048 49.952
49 49.9952 0.048 49.9472
52 50 0.0048 49.9952
51 50 0.048 49.952
35 50 0.048 49.952
29 50 0.048 49.952
28 50 0.0048 49.9952
28 49.9952 0.048 49.9472
29 49.952 0.0048 49.9472
29 49.9472 0.16 49.7872
28 49.9472 0.016 49.9312
28 49.9312 0.016 49.9152
29 49.7872 0.0016 49.7856
28 49.9152 0.048 49.8672
29 49.7856 0.0048 49.7808
47 50 0.048 49.952
46 50 0.048 49.952
26 50 0.0048 49.9952
50 50 0.048 49.952
45 50 0.048 49.952
36 50 0.048 49.952
31 50 0.048 49.952
43 50 0.048 49.952
42 50 0.048 49.952
41 50 0.048 49.952
53 50 0.048 49.952
34 50 0.0048 49.9952
54 50 0.048 49.952
44 50 0.0048 49.9952
44 49.9952 0.048 49.9472
54 49.952 0.0048 49.9472
26 49.9952 0.048 49.9472
46 49.952 0.0048 49.9472
40 50 0.048 49.952
32 50 0.048 49.952
48 50 0.048 49.952
52 49.9952 0.048 49.9472
49 50 0.0048 49.9952
38 50 0.048 49.952
30 50 0.048 49.952
49 49.9952 0.048 49.9472
52 50 0.0048 49.9952
51 50 0.048 49.952
35 50 0.048 49.952
28 50 0.048 49.952
47 50 0.048 49.952
46 50 0.048 49.952
26 50 0.0048 49.9952
50 50 0.048 49.952
25 50 0.0048 49.9952
45 50 0.048 49.952
36 50 0.048 49.952
31 50 0.048 49.952
43 50 0.048 49.952
42 50 0.048 49.952
41 50 0.048 49.952
53 50 0.048 49.952
34 50 0.0048 49.9952
54 50 0.048 49.952
44 50 0.0048 49.9952
44 49.9952 0.048 49.9472
54 49.952 0.0048 49.9472
26 49.9952 0.048 49.9472
46 49.952 0.0048 49.9472
40 50 0.048 49.952
32 50 0.048 49.952
48 50 0.048 49.952
52 49.9952 0.0048 49.9904
52 49.9904 0.048 49.9424
48 49.952 0.0048 49.9472
49 50 0.0048 49.9952
38 50 0.048 49.952
30 50 0.048 49.952
49 49.9952 0.048 49.9472
48 50 0.0048 49.9952
52 50 0.0048 49.9952
51 50 0.048 49.952
35 50 0.048 49.952
28 50 0.048 49.952
29 50 0.0048 49.9952
47 50 0.048 49.952
46 50 0.048 49.952
26 50 0.0048 49.9952
50 50 0.048 49.952
25 50 0.0048 49.9952
45 50 0.048 49.952
36 50 0.048 49.952
31 50 0.048 49.952
43 50 0.048 49.952
42 50 0.048 49.952
41 50 0.048 49.952
53 50 0.048 49.952
54 50 0.048 49.952
44 50 0.0048 49.9952
44 49.9952 0.048 49.9472
54 49.952 0.0048 49.9472
26 49.9952 0.048 49.9472
46 49.952 0.0048 49.9472
40 50 0.048 49.952
32 50 0.048 49.952
48 49.9952 0.048 49.9472
49 50 0.0048 49.9952
52 49.9952 0.0048 49.9904
52 49.9904 0.048 49.9424
48 49.9472 0.0048 49.9424
38 50 0.048 49.952
30 50 0.048 49.952
49 49.9952 0.048 49.9472
48 50 0.0048 49.9952
51 50 0.048 49.952
35 50 0.048 49.952
28 50 0.048 49.952
29 50 0.0048 49.9952
47 50 0.048 49.952
46 50 0.048 49.952
26 50 0.0048 49.9952
50 50 0.048 49.952
25 50 0.0048 49.9952
45 50 0.048 49.952
36 50 0.048 49.952
31 50 0.048 49.952
43 50 0.048 49.952
42 50 0.048 49.952
41 50 0.048 49.952
53 50 0.048 49.952
54 50 0.048 49.952
44 50 0.048 49.952
26 49.9952 0.048 49.9472
46 49.952 0.0048 49.9472
40 50 0.048 49.952
32 50 0.048 49.952
48 49.9952 0.048 49.9472
49 50 0.0048 49.9952
52 50 0.0048 49.9952
52 49.9952 0.048 49.9472
48 49.9472 0.0048 49.9424
38 50 0.048 49.952
30 50 0.048 49.952
49 49.9952 0.048 49.9472
48 50 0.0048 49.9952
51 50 0.048 49.952
35 50 0.048 49.952
28 50 0.048 49.952
29 50 0.0048 49.9952
47 50 0.048 49.952
46 50 0.048 49.952
50 50 0.048 49.952
25 50 0.0048 49.9952
45 50 0.048 49.952
36 50 0.048 49.952
31 50 0.048 49.952
43 50 0.048 49.952
42 50 0.048 49.952
41 50 0.048 49.952
53 50 0.048 49.952
54 50 0.048 49.952
44 50 0.048 49.952
26 50 0.048 49.952
40 50 0.048 49.952
32 50 0.048 49.952
48 49.9952 0.048 49.9472
49 50 0.0048 49.9952
52 50 0.0048 49.9952
52 49.9952 0.048 49.9472
48 49.9472 0.0048 49.9424
38 50 0.048 49.952
30 50 0.048 49.952
49 49.9952 0.048 49.9472
48 50 0.0048 49.9952
51 50 0.048 49.952
35 50 0.048 49.952
28 50 0.048 49.952
47 50 0.048 49.952
46 50 0.048 49.952
26 50 0.0048 49.9952
50 50 0.048 49.952
45 50 0.048 49.952
36 50 0.048 49.952
31 50 0.048 49.952
43 50 0.048 49.952
42 50 0.048 49.952
41 50 0.048 49.952
53 50 0.048 49.952
54 50 0.048 49.952
44 50 0.048 49.952
26 49.9952 0.048 49.9472
46 49.952 0.0048 49.9472
40 50 0.048 49.952
32 50 0.048 49.952
48 49.9952 0.048 49.9472
49 50 0.0048 49.9952
52 50 0.0048 49.9952
52 49.9952 0.048 49.9472
48 49.9472 0.0048 49.9424
38 50 0.048 49.952
30 50 0.048 49.952
49 49.9952 0.048 49.9472
48 50 0.0048 49.9952
51 50 0.048 49.952
35 50 0.048 49.952
28 50 0.048 49.952
47 50 0.048 49.952
46 50 0.048 49.952
26 50 0.0048 49.9952
50 50 0.048 49.952
45 50 0.048 49.952
36 50 0.048 49.952
31 50 0.048 49.952
43 50 0.048 49.952
42 50 0.048 49.952
41 50 0.048 49.952
53 50 0.048 49.952
54 50 0.048 49.952
44 50 0.048 49.952
26 49.9952 0.048 49.9472
46 49.952 0.0048 49.9472
40 50 0.048 49.952
32 50 0.048 49.952
48 49.9952 0.048 49.9472
49 50 0.0048 49.9952
52 50 0.048 49.952
38 50 0.048 49.952
30 50 0.048 49.952
49 49.9952 0.048 49.9472
48 50 0.0048 49.9952
51 50 0.048 49.952
35 50 0.048 49.952
28 50 0.048 49.952
47 50 0.048 49.952
46 50 0.048 49.952
26 50 0.0048 49.9952
50 50 0.048 49.952
45 50 0.048 49.952
36 50 0.048 49.952
31 50 0.048 49.952
43 50 0.048 49.952
42 50 0.048 49.952
42 49.952 0.0048 49.9472
42 49.9472 0.16 49.7872
41 50 0.048 49.952
53 50 0.048 49.952
54 50 0.048 49.952
44 50 0.048 49.952
26 49.9952 0.048 49.9472
46 49.952 0.0048 49.9472
40 50 0.048 49.952
32 50 0.048 49.952
48 49.9952 0.048 49.9472
49 50 0.0048 49.9952
52 50 0.048 49.952
38 50 0.048 49.952
38 49.952 0.0048 49.9472
38 49.9472 0.16 49.7872
38 49.7872 0.0016 49.7856
36 50 0.016 49.984
45 50 0.016 49.984
33 50 0.016 49.984
36 49.984 0.016 49.968
26 49.9472 0.016 49.9312
40 50 0.016 49.984
45 49.984 0.016 49.968
46 49.9472 0.016 49.9312
33 49.984 0.016 49.968
48 50 0.016 49.984
49 49.9952 0.016 49.9792
52 50 0.016 49.984
26 49.9312 0.016 49.9152
46 49.9312 0.016 49.9152
47 50 0.016 49.984
48 49.984 0.016 49.968
49 49.9792 0.016 49.9632
52 49.984 0.016 49.968
44 50 0.016 49.984
47 49.984 0.016 49.968
54 49.952 0.016 49.936
51 50 0.016 49.984
25 50 0.016 49.984
44 49.984 0.016 49.968
50 50 0.016 49.984
30 50 0.016 49.984
51 49.984 0.016 49.968
34 50 0.016 49.984
53 50 0.016 49.984
30 49.984 0.016 49.968
28 50 0.016 49.984
28 49.984 0.016 49.968
32 50 0.016 49.984
31 50 0.016 49.984
32 49.984 0.016 49.968
27 50 0.016 49.984
31 49.984 0.016 49.968
37 50 0.016 49.984
39 50 0.016 49.984
39 49.984 0.016 49.968
39 49.968 0.048 49.92
37 49.984 0.016 49.968
43 50 0.016 49.984
43 49.984 0.016 49.968
42 49.7872 0.016 49.7712
42 49.7712 0.016 49.7552
42 49.7552 0.048 49.7072
30 49.968 0.048 49.92
49 49.9632 0.048 49.9152
48 49.968 0.0048 49.9632
51 49.968 0.048 49.92
35 50 0.048 49.952
28 49.968 0.048 49.92
47 49.968 0.048 49.92
46 50 0.048 49.952
26 50 0.0048 49.9952
50 49.984 0.048 49.936
45 49.968 0.048 49.92
36 49.968 0.048 49.92
31 49.968 0.048 49.92
43 49.968 0.048 49.92
41 50 0.048 49.952
53 49.984 0.048 49.936
54 50 0.048 49.952
44 49.968 0.048 49.92
26 49.9952 0.048 49.9472
46 49.952 0.0048 49.9472
40 49.984 0.048 49.936
32 49.968 0.048 49.92
48 49.9632 0.048 49.9152
49 50 0.0048 49.9952
52 49.968 0.048 49.92
39 50 0.048 49.952
42 50 0.048 49.952
30 50 0.048 49.952
49 49.9952 0.048 49.9472
48 50 0.0048 49.9952
51 50 0.048 49.952
35 50 0.048 49.952
28 50 0.048 49.952
47 50 0.048 49.952
46 50 0.048 49.952
26 50 0.0048 49.9952
50 50 0.048 49.952
25 50 0.0048 49.9952
45 50 0.048 49.952
36 50 0.048 49.952
31 50 0.048 49.952
43 50 0.048 49.952
41 50 0.048 49.952
53 50 0.048 49.952
54 50 0.048 49.952
44 50 0.0048 49.9952
44 49.9952 0.048 49.9472
54 49.952 0.0048 49.9472
26 49.9952 0.048 49.9472
46 49.952 0.0048 49.9472
40 50 0.048 49.952
32 50 0.048 49.952
48 49.9952 0.048 49.9472
49 50 0.0048 49.9952
52 50 0.048 49.952
39 50 0.048 49.952
42 50 0.048 49.952
30 50 0.048 49.952
49 49.9952 0.048 49.9472
48 50 0.0048 49.9952
52 50 0.0048 49.9952
51 50 0.048 49.952
35 50 0.048 49.952
28 50 0.048 49.952
47 50 0.048 49.952
46 50 0.048 49.952
26 50 0.0048 49.9952
50 50 0.048 49.952
25 50 0.0048 49.9952
45 50 0.048 49.952
36 50 0.048 49.952
31 50 0.048 49.952
43 50 0.048 49.952
41 50 0.048 49.952
53 50 0.048 49.952
54 50 0.048 49.952
44 50 0.048 49.952
26 49.9952 0.048 49.9472
46 49.952 0.0048 49.9472
40 50 0.048 49.952
32 50 0.048 49.952
48 49.9952 0.048 49.9472
49 50 0.0048 49.9952
52 49.9952 0.048 49.9472
39 50 0.048 49.952
42 50 0.048 49.952
30 50 0.048 49.952
49 49.9952 0.048 49.9472
51 50 0.048 49.952
35 50 0.048 49.952
28 50 0.048 49.952
47 50 0.048 49.952
46 50 0.048 49.952
26 50 0.0048 49.9952
50 50 0.048 49.952
25 50 0.0048 49.9952
45 50 0.048 49.952
36 50 0.048 49.952
31 50 0.048 49.952
43 50 0.048 49.952
41 50 0.048 49.952
53 50 0.048 49.952
54 50 0.048 49.952
44 50 0.0048 49.9952
44 49.9952 0.048 49.9472
54 49.952 0.0048 49.9472
26 49.9952 0.048 49.9472
46 49.952 0.0048 49.9472
40 50 0.048 49.952
32 50 0.048 49.952
48 50 0.048 49.952
52 50 0.048 49.952
39 50 0.048 49.952
42 50 0.048 49.952
30 50 0.048 49.952
49 50 0.048 49.952
48 50 0.0048 49.9952
51 50 0.048 49.952
35 50 0.048 49.952
28 50 0.048 49.952
47 50 0.048 49.952
46 50 0.048 49.952
26 50 0.0048 49.9952
50 50 0.048 49.952
25 50 0.0048 49.9952
45 50 0.048 49.952
36 50 0.048 49.952
31 50 0.048 49.952
43 50 0.048 49.952
41 50 0.048 49.952
53 50 0.048 49.952
54 50 0.048 49.952
44 50 0.0048 49.9952
44 49.9952 0.048 49.9472
54 49.952 0.0048 49.9472
26 49.9952 0.048 49.9472
46 49.952 0.0048 49.9472
40 50 0.048 49.952
32 50 0.048 49.952
48 49.9952 0.048 49.9472
49 50 0.0048 49.9952
52 50 0.048 49.952
39 50 0.048 49.952
42 50 0.048 49.952
30 50 0.048 49.952
49 49.9952 0.048 49.9472
48 50 0.0048 49.9952
51 50 0.048 49.952
35 50 0.048 49.952
28 50 0.048 49.952
47 50 0.048 49.952
46 50 0.048 49.952
26 50 0.0048 49.9952
50 50 0.048 49.952
25 50 0.0048 49.9952
45 50 0.048 49.952
36 50 0.048 49.952
31 50 0.048 49.952
43 50 0.048 49.952
41 50 0.048 49.952
53 50 0.048 49.952
54 50 0.048 49.952
44 50 0.0048 49.9952
44 49.9952 0.048 49.9472
54 49.952 0.0048 49.9472
26 49.9952 0.048 49.9472
46 49.952 0.0048 49.9472
40 50 0.048 49.952
32 50 0.048 49.952
48 49.9952 0.048 49.9472
49 50 0.0048 49.9952
52 50 0.048 49.952
39 50 0.048 49.952
42 50 0.048 49.952
30 50 0.048 49.952
49 49.9952 0.048 49.9472
48 50 0.0048 49.9952
51 50 0.048 49.952
35 50 0.048 49.952
28 50 0.048 49.952
47 50 0.048 49.952
46 50 0.048 49.952
50 50 0.048 49.952
25 50 0.0048 49.9952
45 50 0.048 49.952
36 50 0.048 49.952
31 50 0.048 49.952
43 50 0.048 49.952
41 50 0.048 49.952
53 50 0.048 49.952
54 50 0.048 49.952
44 50 0.048 49.952
44 49.952 0.0048 49.9472
44 49.9472 0.16 49.7872
26 50 0.048 49.952
40 50 0.048 49.952
32 50 0.048 49.952
48 49.9952 0.048 49.9472
49 50 0.0048 49.9952
52 50 0.048 49.952
39 50 0.048 49.952
42 50 0.048 49.952
30 50 0.048 49.952
49 49.9952 0.048 49.9472
48 50 0.0048 49.9952
51 50 0.048 49.952
35 50 0.048 49.952
28 50 0.048 49.952
47 50 0.048 49.952
47 49.952 0.0048 49.9472
47 49.9472 0.16 49.7872
46 50 0.048 49.952
50 50 0.048 49.952
25 50 0.0048 49.9952
45 50 0.048 49.952
36 50 0.048 49.952
31 50 0.048 49.952
43 50 0.048 49.952
41 50 0.048 49.952
53 50 0.048 49.952
34 50 0.0048 49.9952
54 50 0.048 49.952
26 50 0.048 49.952
40 50 0.048 49.952
32 50 0.048 49.952
48 49.9952 0.048 49.9472
49 50 0.0048 49.9952
52 50 0.048 49.952
39 50 0.048 49.952
42 50 0.048 49.952
30 50 0.048 49.952
49 49.9952 0.048 49.9472
48 50 0.0048 49.9952
51 50 0.048 49.952
35 50 0.048 49.952
28 50 0.048 49.952
46 50 0.048 49.952
50 50 0.048 49.952
25 50 0.0048 49.9952
45 50 0.048 49.952
36 50 0.048 49.952
38 50 0.0048 49.9952
38 49.9952 0.048 49.9472
36 49.952 0.0048 49.9472
36 49.9472 0.16 49.7872
38 49.9472 0.016 49.9312
38 49.9312 0.016 49.9152
36 49.7872 0.0016 49.7856
38 49.9152 0.048 49.8672
36 49.7856 0.0048 49.7808
31 50 0.048 49.952
27 50 0.0048 49.9952
43 50 0.048 49.952
41 50 0.048 49.952
53 50 0.048 49.952
34 50 0.0048 49.9952
54 50 0.048 49.952
26 50 0.048 49.952
40 50 0.048 49.952
32 50 0.048 49.952
48 49.9952 0.048 49.9472
49 50 0.0048 49.9952
52 50 0.0048 49.9952
52 49.9952 0.048 49.9472
48 49.9472 0.0048 49.9424
39 50 0.048 49.952
42 50 0.048 49.952
30 50 0.048 49.952
49 49.9952 0.048 49.9472
48 50 0.0048 49.9952
51 50 0.048 49.952
35 50 0.048 49.952
28 50 0.048 49.952
46 50 0.048 49.952
50 50 0.048 49.952
25 50 0.0048 49.9952
45 50 0.048 49.952
38 50 0.048 49.952
36 50 0.0048 49.9952
31 50 0.048 49.952
43 50 0.048 49.952
41 50 0.048 49.952
53 50 0.048 49.952
34 50 0.0048 49.9952
54 50 0.048 49.952
26 50 0.048 49.952
40 50 0.048 49.952
32 50 0.048 49.952
48 49.9952 0.048 49.9472
49 50 0.0048 49.9952
52 50 0.0048 49.9952
52 49.9952 0.048 49.9472
48 49.9472 0.0048 49.9424
39 50 0.048 49.952
42 50 0.048 49.952
30 50 0.048 49.952
49 49.9952 0.048 49.9472
48 50 0.0048 49.9952
51 50 0.048 49.952
35 50 0.048 49.952
28 50 0.048 49.952
46 50 0.048 49.952
26 50 0.0048 49.9952
50 50 0.048 49.952
25 50 0.0048 49.9952
45 50 0.048 49.952
38 50 0.048 49.952
31 50 0.048 49.952
43 50 0.048 49.952
41 50 0.048 49.952
53 50 0.048 49.952
34 50 0.0048 49.9952
54 50 0.048 49.952
26 49.9952 0.048 49.9472
46 49.952 0.0048 49.9472
40 50 0.048 49.952
32 50 0.048 49.952
48 49.9952 0.048 49.9472
49 50 0.0048 49.9952
52 50 0.0048 49.9952
52 49.9952 0.048 49.9472
48 49.9472 0.0048 49.9424
39 50 0.048 49.952
42 50 0.048 49.952
30 50 0.048 49.952
49 49.9952 0.048 49.9472
48 50 0.0048 49.9952
51 50 0.048 49.952
35 50 0.048 49.952
28 50 0.048 49.952
46 50 0.048 49.952
26 50 0.0048 49.9952
50 50 0.048 49.952
25 50 0.0048 49.9952
45 50 0.048 49.952
38 50 0.048 49.952
31 50 0.048 49.952
43 50 0.048 49.952
41 50 0.048 49.952
53 50 0.048 49.952
34 50 0.0048 49.9952
54 50 0.048 49.952
44 50 0.0048 49.9952
26 49.9952 0.048 49.9472
46 49.952 0.0048 49.9472
40 50 0.048 49.952
32 50 0.048 49.952
48 49.9952 0.048 49.9472
49 50 0.0048 49.9952
52 50 0.0048 49.9952
52 49.9952 0.048 49.9472
48 49.9472 0.0048 49.9424
39 50 0.048 49.952
42 50 0.048 49.952
30 50 0.048 49.952
49 49.9952 0.048 49.9472
48 50 0.0048 49.9952
51 50 0.048 49.952
35 50 0.048 49.952
28 50 0.048 49.952
46 50 0.048 49.952
26 50 0.0048 49.9952
50 50 0.048 49.952
25 50 0.0048 49.9952
45 50 0.048 49.952
38 50 0.048 49.952
36 50 0.0048 49.9952
31 50 0.048 49.952
43 50 0.048 49.952
41 50 0.048 49.952
53 50 0.048 49.952
34 50 0.0048 49.9952
54 50 0.048 49.952
44 50 0.0048 49.9952
26 49.9952 0.048 49.9472
40 50 0.0048 49.9952
46 49.952 0.0048 49.9472
40 49.9952 0.048 49.9472
26 49.9472 0.0048 49.9424
32 50 0.048 49.952
48 49.9952 0.048 49.9472
49 50 0.0048 49.9952
52 50 0.0048 49.9952
52 49.9952 0.048 49.9472
48 49.9472 0.0048 49.9424
39 50 0.048 49.952
42 50 0.048 49.952
30 50 0.048 49.952
49 49.9952 0.048 49.9472
48 50 0.0048 49.9952
52 50 0.0048 49.9952
51 50 0.048 49.952
35 50 0.048 49.952
28 50 0.048 49.952
46 50 0.048 49.952
26 50 0.0048 49.9952
50 50 0.048 49.952
25 50 0.0048 49.9952
45 50 0.048 49.952
38 50 0.048 49.952
31 50 0.048 49.952
43 50 0.048 49.952
41 50 0.048 49.952
53 50 0.048 49.952
34 50 0.0048 49.9952
54 50 0.048 49.952
44 50 0.0048 49.9952
26 49.9952 0.048 49.9472
40 50 0.0048 49.9952
46 49.952 0.0048 49.9472
40 49.9952 0.048 49.9472
26 49.9472 0.0048 49.9424
32 50 0.048 49.952
48 49.9952 0.048 49.9472
49 50 0.0048 49.9952
52 49.9952 0.0048 49.9904
52 49.9904 0.048 49.9424
48 49.9472 0.0048 49.9424
49 49.9952 0.0048 49.9904
39 50 0.048 49.952
42 50 0.048 49.952
30 50 0.048 49.952
49 49.9904 0.048 49.9424
48 50 0.0048 49.9952
52 50 0.0048 49.9952
51 50 0.048 49.952
35 50 0.048 49.952
28 50 0.048 49.952
29 50 0.0048 49.9952
46 50 0.048 49.952
26 50 0.0048 49.9952
50 50 0.048 49.952
25 50 0.0048 49.9952
45 50 0.048 49.952
38 50 0.048 49.952
31 50 0.048 49.952
43 50 0.048 49.952
41 50 0.048 49.952
53 50 0.048 49.952
54 50 0.048 49.952
44 50 0.0048 49.9952
26 49.9952 0.048 49.9472
40 50 0.0048 49.9952
46 49.952 0.0048 49.9472
40 49.9952 0.048 49.9472
26 49.9472 0.0048 49.9424
32 50 0.048 49.952
48 49.9952 0.048 49.9472
49 50 0.0048 49.9952
52 49.9952 0.0048 49.9904
52 49.9904 0.048 49.9424
48 49.9472 0.0048 49.9424
39 50 0.048 49.952
42 50 0.048 49.952
30 50 0.048 49.952
35 50 0.0048 49.9952
49 49.9952 0.048 49.9472
51 50 0.048 49.952
35 49.9952 0.048 49.9472
30 49.952 0.0048 49.9472
28 50 0.048 49.952
46 50 0.048 49.952
26 50 0.0048 49.9952
50 50 0.048 49.952
25 50 0.0048 49.9952
45 50 0.048 49.952
38 50 0.048 49.952
31 50 0.048 49.952
43 50 0.048 49.952
41 50 0.048 49.952
53 50 0.048 49.952
54 50 0.048 49.952
44 50 0.0048 49.9952
26 49.9952 0.048 49.9472
40 50 0.0048 49.9952
46 49.952 0.0048 49.9472
40 49.9952 0.048 49.9472
26 49.9472 0.0048 49.9424
32 50 0.048 49.952
48 50 0.048 49.952
52 50 0.0048 49.9952
52 49.9952 0.048 49.9472
48 49.952 0.0048 49.9472
39 50 0.048 49.952
42 50 0.048 49.952
30 50 0.048 49.952
35 50 0.0048 49.9952
49 50 0.048 49.952
48 50 0.0048 49.9952
51 50 0.048 49.952
35 49.9952 0.048 49.9472
30 49.952 0.0048 49.9472
28 50 0.048 49.952
46 50 0.048 49.952
50 50 0.048 49.952
25 50 0.0048 49.9952
45 50 0.048 49.952
38 50 0.048 49.952
31 50 0.048 49.952
43 50 0.048 49.952
41 50 0.048 49.952
53 50 0.048 49.952
54 50 0.048 49.952
44 50 0.0048 49.9952
26 50 0.048 49.952
40 50 0.048 49.952
32 50 0.048 49.952
48 49.9952 0.048 49.9472
49 50 0.0048 49.9952
52 50 0.0048 49.9952
52 49.9952 0.048 49.9472
48 49.9472 0.0048 49.9424
39 50 0.048 49.952
42 50 0.048 49.952
30 50 0.048 49.952
49 49.9952 0.048 49.9472
48 50 0.0048 49.9952
52 50 0.0048 49.9952
51 50 0.048 49.952
35 50 0.048 49.952
28 50 0.048 49.952
29 50 0.0048 49.9952
46 50 0.048 49.952
50 50 0.048 49.952
45 50 0.048 49.952
38 50 0.048 49.952
31 50 0.048 49.952
43 50 0.048 49.952
41 50 0.048 49.952
53 50 0.048 49.952
54 50 0.048 49.952
44 50 0.0048 49.9952
26 50 0.048 49.952
40 50 0.048 49.952
32 50 0.048 49.952
48 49.9952 0.048 49.9472
49 50 0.0048 49.9952
52 49.9952 0.0048 49.9904
52 49.9904 0.048 49.9424
48 49.9472 0.0048 49.9424
49 49.9952 0.0048 49.9904
39 50 0.048 49.952
42 50 0.048 49.952
30 50 0.048 49.952
49 49.9904 0.048 49.9424
48 50 0.0048 49.9952
52 50 0.0048 49.9952
51 50 0.048 49.952
35 50 0.048 49.952
28 50 0.048 49.952
29 50 0.0048 49.9952
46 50 0.048 49.952
50 50 0.048 49.952
45 50 0.048 49.952
38 50 0.048 49.952
31 50 0.048 49.952
43 50 0.048 49.952
41 50 0.048 49.952
53 50 0.048 49.952
54 50 0.048 49.952
44 50 0.0048 49.9952
26 50 0.048 49.952
40 50 0.0048 49.9952
40 49.9952 0.048 49.9472
26 49.952 0.0048 49.9472
32 50 0.048 49.952
48 49.9952 0.048 49.9472
49 50 0.0048 49.9952
52 49.9952 0.0048 49.9904
52 49.9904 0.048 49.9424
48 49.9472 0.0048 49.9424
49 49.9952 0.0048 49.9904
39 50 0.048 49.952
42 50 0.048 49.952
30 50 0.048 49.952
49 49.9904 0.048 49.9424
52 50 0.0048 49.9952
51 50 0.048 49.952
35 50 0.048 49.952
28 50 0.048 49.952
46 50 0.048 49.952
50 50 0.048 49.952
45 50 0.048 49.952
38 50 0.048 49.952
31 50 0.048 49.952
43 50 0.048 49.952
41 50 0.048 49.952
53 50 0.048 49.952
54 50 0.048 49.952
44 50 0.0048 49.9952
26 50 0.048 49.952
40 50 0.0048 49.9952
40 49.9952 0.048 49.9472
26 49.952 0.0048 49.9472
32 50 0.048 49.952
48 50 0.048 49.952
52 49.9952 0.0048 49.9904
52 49.9904 0.048 49.9424
48 49.952 0.0048 49.9472
49 50 0.0048 49.9952
39 50 0.048 49.952
37 50 0.0048 49.9952
42 50 0.048 49.952
30 50 0.048 49.952
49 49.9952 0.048 49.9472
48 50 0.0048 49.9952
52 50 0.0048 49.9952
51 50 0.048 49.952
35 50 0.048 49.952
28 50 0.048 49.952
46 50 0.048 49.952
50 50 0.048 49.952
45 50 0.048 49.952
38 50 0.048 49.952
31 50 0.048 49.952
43 50 0.048 49.952
41 50 0.048 49.952
53 50 0.048 49.952
54 50 0.048 49.952
44 50 0.0048 49.9952
26 50 0.048 49.952
40 50 0.0048 49.9952
40 49.9952 0.048 49.9472
26 49.952 0.0048 49.9472
32 50 0.048 49.952
48 49.9952 0.048 49.9472
49 50 0.0048 49.9952
52 49.9952 0.0048 49.9904
52 49.9904 0.048 49.9424
48 49.9472 0.0048 49.9424
49 49.9952 0.0048 49.9904
39 50 0.048 49.952
42 50 0.048 49.952
30 50 0.048 49.952
49 49.9904 0.048 49.9424
48 50 0.0048 49.9952
52 50 0.0048 49.9952
51 50 0.048 49.952
35 50 0.048 49.952
28 50 0.048 49.952
29 50 0.0048 49.9952
46 50 0.048 49.952
50 50 0.048 49.952
45 50 0.048 49.952
38 50 0.048 49.952
31 50 0.048 49.952
43 50 0.048 49.952
41 50 0.048 49.952
53 50 0.048 49.952
54 50 0.048 49.952
44 50 0.0048 49.9952
26 50 0.048 49.952
40 50 0.0048 49.9952
40 49.9952 0.048 49.9472
26 49.952 0.0048 49.9472
32 50 0.048 49.952
48 49.9952 0.048 49.9472
49 50 0.0048 49.9952
52 49.9952 0.0048 49.9904
52 49.9904 0.048 49.9424
48 49.9472 0.0048 49.9424
49 49.9952 0.0048 49.9904
39 50 0.048 49.952
42 50 0.048 49.952
30 50 0.048 49.952
49 49.9904 0.048 49.9424
48 50 0.0048 49.9952
52 50 0.0048 49.9952
51 50 0.048 49.952
35 50 0.048 49.952
28 50 0.048 49.952
29 50 0.0048 49.9952
46 50 0.048 49.952
50 50 0.048 49.952
25 50 0.0048 49.9952
45 50 0.048 49.952
38 50 0.048 49.952
31 50 0.048 49.952
43 50 0.048 49.952
41 50 0.048 49.952
53 50 0.048 49.952
54 50 0.048 49.952
44 50 0.0048 49.9952
26 50 0.048 49.952
40 50 0.0048 49.9952
