93 74
35 74
44 75
87 75
84 75
12 75
28 75
33 75
74 75
11 75
13 75
97 75
98 75
64 75
10 75
14 75
39 75
72 75
9 75
15 75
8 75
16 75
30 75
69 75
7 75
46 75
54 75
91 75
17 75
27 75
31 75
55 75
85 75
6 75
53 75
18 75
42 75
65 75
5 75
19 75
37 75
78 75
4 75
20 75
59 75
71 75
3 75
21 75
2 75
62 75
70 75
22 75
1 75
45 75
50 75
23 75
26 75
47 75
75 75
77 75
86 75
29 75
73 75
95 75
24 75
104 75
34 75
85 76
17 76
16 76
18 76
15 76
19 76
42 76
14 76
20 76
13 76
28 76
21 76
12 76
44 76
74 76
22 76
11 76
23 76
10 76
24 76
9 76
8 76
7 76
46 76
6 76
5 76
4 76
3 76
2 76
1 76
34 76
61 76
68 75
66 74
8 74
7 74
9 74
6 74
10 74
5 74
11 74
4 74
12 74
3 74
13 74
2 74
14 74
1 74
15 74
16 74
17 74
18 74
19 74
20 74
21 74
22 74
23 74
24 74
93 75
103 75
65 76
90 75
60 75
27 76
85 74
101 75
69 76
67 75
93 79
20 79
19 79
21 79
18 79
22 79
17 79
23 79
16 79
24 79
15 79
14 79
13 79
12 79
11 79
10 79
9 79
8 79
7 79
6 79
5 79
4 79
3 79
2 79
1 79
40 75
92 75
34 77
17 77
16 77
18 77
15 77
19 77
14 77
20 77
13 77
21 77
12 77
22 77
11 77
23 77
10 77
24 77
9 77
8 77
7 77
6 77
5 77
4 77
3 77
2 77
1 77
57 75
53 76
91 76
57 76
63 75
58 75
41 76
58 76
52 75
50 76
88 76
80 75
43 75
34 80
28 78
15 78
14 78
16 78
13 78
17 78
12 78
18 78
11 78
19 78
10 78
57 78
20 78
9 78
21 78
8 78
22 78
7 78
23 78
6 78
24 78
5 78
4 78
3 78
2 78
1 78
43 80
3 80
2 80
4 80
1 80
5 80
6 80
7 80
8 80
9 80
10 80
11 80
12 80
13 80
14 80
15 80
16 80
17 80
18 80
19 80
20 80
21 80
22 80
23 80
24 80
34 78
103 79
36 75
65 79
60 76
69 77
104 76
83 75
96 75
64 76
87 76
99 75
28 80
64 80
87 80
99 80
84 76
103 81
11 81
10 81
12 81
9 81
13 81
8 81
14 81
7 81
15 81
6 81
16 81
5 81
17 81
4 81
18 81
3 81
19 81
2 81
20 81
1 81
21 81
22 81
23 81
24 81
91 78
57 80
91 80
49 75
52 76
49 76
50 78
80 78
48 75
79 75
36 79
100 75
90 76
100 76
60 77
85 79
60 79
90 79
69 81
60 81
57 82
27 74
100 79
49 78
91 82
18 82
17 82
19 82
16 82
20 82
15 82
21 82
14 82
22 82
13 82
23 82
12 82
24 82
11 82
10 82
9 82
8 82
7 82
6 82
5 82
4 82
3 82
2 82
1 82
60 82
96 81
28 81
91 83
57 83
22 83
21 83
23 83
20 83
24 83
19 83
18 83
17 83
16 83
15 83
14 83
13 83
12 83
11 83
10 83
9 83
8 83
7 83
6 83
5 83
4 83
3 83
2 83
1 83
