38 50 0.048 49.952
44 50 0.0048 49.9952
44 49.9952 0.048 49.9472
38 49.952 0.0048 49.9472
38 49.9472 0.16 49.7872
44 49.9472 0.016 49.9312
44 49.9312 0.016 49.9152
38 49.7872 0.0016 49.7856
44 49.9152 0.048 49.8672
38 49.7856 0.0048 49.7808
44 50 0.048 49.952
38 50 0.0048 49.9952
43 50 0.048 49.952
44 50 0.048 49.952
38 50 0.0048 49.9952
35 50 0.048 49.952
37 50 0.0048 49.9952
37 49.9952 0.048 49.9472
39 50 0.0048 49.9952
39 49.9952 0.048 49.9472
35 49.952 0.0096 49.9424
35 49.9424 0.16 49.7824
39 49.9472 0.016 49.9312
39 49.9312 0.016 49.9152
35 49.7824 0.0016 49.7808
39 49.9152 0.048 49.8672
35 49.7808 0.0048 49.776
37 49.9472 0.0048 49.9424
37 49.9424 0.048 49.8944
39 49.8672 0.0048 49.8624
39 49.8624 0.16 49.7024
37 49.8944 0.016 49.8784
37 49.8784 0.016 49.8624
39 49.7024 0.0016 49.7008
37 49.8624 0.048 49.8144
35 49.776 0.0048 49.7712
39 49.7008 0.0048 49.696
29 50 0.048 49.952
36 50 0.0048 49.9952
36 49.9952 0.048 49.9472
40 50 0.0048 49.9952
40 49.9952 0.048 49.9472
29 49.952 0.0096 49.9424
29 49.9424 0.16 49.7824
40 49.9472 0.016 49.9312
40 49.9312 0.016 49.9152
29 49.7824 0.0016 49.7808
40 49.9152 0.048 49.8672
29 49.7808 0.0048 49.776
27 50 0.048 49.952
43 50 0.048 49.952
44 50 0.048 49.952
38 50 0.0048 49.9952
37 50 0.048 49.952
35 50 0.0048 49.9952
40 50 0.048 49.952
29 50 0.0048 49.9952
27 50 0.048 49.952
43 50 0.048 49.952
43 49.952 0.0048 49.9472
43 49.9472 0.16 49.7872
43 49.7872 0.0016 49.7856
34 50 0.016 49.984
34 49.984 0.016 49.968
34 49.968 0.048 49.92
31 50 0.0048 49.9952
31 49.9952 0.048 49.9472
34 49.92 0.0048 49.9152
34 49.9152 0.16 49.7552
31 49.9472 0.016 49.9312
31 49.9312 0.016 49.9152
34 49.7552 0.0016 49.7536
31 49.9152 0.048 49.8672
34 49.7536 0.0048 49.7488
44 50 0.048 49.952
38 50 0.0048 49.9952
37 50 0.048 49.952
35 50 0.0048 49.9952
39 50 0.0048 49.9952
40 50 0.048 49.952
29 50 0.0048 49.9952
27 50 0.048 49.952
31 50 0.048 49.952
34 49.9848 0.0048 49.98
26 50 0.048 49.952
44 50 0.048 49.952
38 50 0.0048 49.9952
37 50 0.048 49.952
35 50 0.0048 49.9952
39 50 0.0048 49.9952
40 50 0.048 49.952
29 50 0.0048 49.9952
27 50 0.048 49.952
31 50 0.048 49.952
34 50 0.0048 49.9952
26 50 0.048 49.952
26 49.952 0.0048 49.9472
26 49.9472 0.16 49.7872
26 49.7872 0.0016 49.7856
39 50 0.016 49.984
39 49.984 0.016 49.968
39 49.968 0.048 49.92
35 50 0.0048 49.9952
35 49.9952 0.048 49.9472
37 50 0.0048 49.9952
39 49.92 0.0048 49.9152
39 49.9152 0.16 49.7552
35 49.9472 0.016 49.9312
35 49.9312 0.016 49.9152
39 49.7552 0.0016 49.7536
35 49.9152 0.048 49.8672
37 49.9952 0.0048 49.9904
39 49.7536 0.0048 49.7488
44 50 0.048 49.952
38 50 0.0048 49.9952
37 49.9904 0.048 49.9424
35 49.8672 0.0048 49.8624
39 49.7488 0.0048 49.744
40 50 0.048 49.952
29 50 0.0048 49.9952
27 50 0.048 49.952
25 50 0.0048 49.9952
25 49.9952 0.048 49.9472
36 50 0.0048 49.9952
36 49.9952 0.048 49.9472
27 49.952 0.0096 49.9424
27 49.9424 0.16 49.7824
36 49.9472 0.016 49.9312
36 49.9312 0.016 49.9152
27 49.7824 0.0016 49.7808
36 49.9152 0.048 49.8672
25 49.9472 0.0048 49.9424
25 49.9424 0.048 49.8944
27 49.7808 0.0048 49.776
29 49.9952 0.0048 49.9904
29 49.9904 0.048 49.9424
36 49.8672 0.0096 49.8576
36 49.8576 0.16 49.6976
29 49.9424 0.016 49.9264
29 49.9264 0.016 49.9104
36 49.6976 0.0016 49.696
29 49.9104 0.048 49.8624
25 49.8944 0.0048 49.8896
25 49.8896 0.048 49.8416
36 49.696 0.0048 49.6912
40 49.952 0.0048 49.9472
29 49.8624 0.0048 49.8576
29 49.8576 0.16 49.6976
25 49.8416 0.016 49.8256
25 49.8256 0.016 49.8096
29 49.6976 0.0016 49.696
25 49.8096 0.048 49.7616
27 49.776 0.0048 49.7712
29 49.696 0.0048 49.6912
36 49.6912 0.0048 49.6864
31 50 0.048 49.952
34 50 0.0048 49.9952
31 49.952 0.0048 49.9472
31 49.9472 0.16 49.7872
31 49.7872 0.0016 49.7856
35 50 0.048 49.952
37 50 0.0048 49.9952
39 50 0.0048 49.9952
33 50 0.048 49.952
44 50 0.048 49.952
38 50 0.0048 49.9952
37 49.9952 0.048 49.9472
35 49.952 0.0048 49.9472
39 49.9952 0.0048 49.9904
40 50 0.048 49.952
25 50 0.048 49.952
27 49.9882 0.0048 49.9834
29 49.8065 0.0048 49.8017
36 50 0.0048 49.9952
39 50 0.048 49.952
35 50 0.048 49.952
37 50 0.0048 49.9952
33 50 0.048 49.952
44 50 0.048 49.952
38 50 0.0048 49.9952
37 49.9952 0.048 49.9472
35 49.952 0.0048 49.9472
40 50 0.048 49.952
29 49.9594 0.0048 49.9546
36 50 0.0048 49.9952
36 49.9952 0.048 49.9472
40 49.952 0.0048 49.9472
40 49.9472 0.16 49.7872
36 49.9472 0.016 49.9312
36 49.9312 0.016 49.9152
40 49.7872 0.0016 49.7856
36 49.9152 0.048 49.8672
25 50 0.0048 49.9952
29 49.9546 0.0048 49.9498
40 49.7856 0.0048 49.7808
25 49.9952 0.048 49.9472
27 50 0.0048 49.9952
29 49.9498 0.0048 49.945
36 49.8672 0.0048 49.8624
30 50 0.048 49.952
39 50 0.048 49.952
35 49.9472 0.0048 49.9424
35 50 0.048 49.952
37 50 0.0048 49.9952
39 49.952 0.0048 49.9472
32 50 0.048 49.952
32 49.952 0.0048 49.9472
32 49.9472 0.16 49.7872
32 49.7872 0.0016 49.7856
27 49.9952 0.016 49.9792
27 49.9792 0.016 49.9632
27 49.9632 0.048 49.9152
25 50 0.0048 49.9952
33 50 0.048 49.952
44 50 0.048 49.952
44 49.952 0.0048 49.9472
44 49.9472 0.16 49.7872
44 49.7872 0.0016 49.7856
41 50 0.016 49.984
41 49.984 0.016 49.968
41 49.968 0.048 49.92
37 49.9952 0.048 49.9472
35 49.952 0.0048 49.9472
39 49.9472 0.0048 49.9424
36 50 0.048 49.952
29 50 0.0048 49.9952
40 49.9506 0.0048 49.9458
25 49.9952 0.048 49.9472
27 50 0.0048 49.9952
29 49.9952 0.0048 49.9904
30 50 0.048 49.952
39 50 0.048 49.952
35 49.9472 0.0048 49.9424
37 50 0.0048 49.9952
35 50 0.048 49.952
37 49.9952 0.0048 49.9904
39 49.952 0.0048 49.9472
27 49.9952 0.048 49.9472
36 50 0.0048 49.9952
33 50 0.048 49.952
33 49.952 0.0048 49.9472
33 49.9472 0.16 49.7872
33 49.7872 0.0016 49.7856
42 50 0.016 49.984
42 49.984 0.016 49.968
42 49.968 0.048 49.92
41 50 0.048 49.952
37 49.9904 0.048 49.9424
35 49.952 0.0048 49.9472
39 49.9472 0.0048 49.9424
36 49.9952 0.048 49.9472
29 50 0.0048 49.9952
40 50 0.0048 49.9952
25 50 0.048 49.952
27 50 0.0048 49.9952
44 50 0.048 49.952
38 50 0.0048 49.9952
38 49.9952 0.048 49.9472
44 49.952 0.0048 49.9472
44 49.9472 0.16 49.7872
38 49.9472 0.016 49.9312
38 49.9312 0.016 49.9152
44 49.7872 0.0016 49.7856
38 49.9152 0.048 49.8672
44 49.7856 0.0048 49.7808
30 50 0.048 49.952
39 50 0.048 49.952
37 50 0.0048 49.9952
35 50 0.048 49.952
37 49.9952 0.0048 49.9904
27 49.9952 0.048 49.9472
25 50 0.0048 49.9952
42 50 0.048 49.952
41 50 0.048 49.952
37 49.9904 0.048 49.9424
35 49.952 0.0048 49.9472
39 49.952 0.0048 49.9472
36 50 0.048 49.952
29 50 0.0048 49.9952
40 50 0.0048 49.9952
25 49.9952 0.048 49.9472
27 50 0.0048 49.9952
29 49.9952 0.0048 49.9904
38 50 0.048 49.952
30 50 0.048 49.952
39 50 0.048 49.952
37 50 0.0048 49.9952
35 50 0.048 49.952
37 49.9952 0.0048 49.9904
27 49.9952 0.048 49.9472
25 50 0.0048 49.9952
42 50 0.048 49.952
28 50 0.048 49.952
41 50 0.048 49.952
37 49.9904 0.048 49.9424
35 49.952 0.0048 49.9472
37 49.9424 0.0048 49.9376
37 49.9376 0.16 49.7776
37 49.7776 0.0016 49.776
36 50 0.048 49.952
36 49.952 0.0048 49.9472
36 49.9472 0.16 49.7872
36 49.7872 0.0016 49.7856
26 50 0.016 49.984
26 49.984 0.016 49.968
26 49.968 0.048 49.92
25 49.9952 0.048 49.9472
27 50 0.0048 49.9952
29 50 0.0048 49.9952
38 50 0.048 49.952
30 50 0.048 49.952
39 50 0.048 49.952
35 50 0.048 49.952
27 49.9952 0.048 49.9472
25 50 0.0048 49.9952
42 50 0.048 49.952
28 50 0.048 49.952
41 50 0.048 49.952
26 50 0.048 49.952
25 49.9952 0.048 49.9472
27 50 0.0048 49.9952
29 50 0.0048 49.9952
38 50 0.048 49.952
30 50 0.048 49.952
39 50 0.048 49.952
35 50 0.048 49.952
37 50 0.0048 49.9952
37 49.9952 0.048 49.9472
35 49.952 0.0048 49.9472
35 49.9472 0.16 49.7872
37 49.9472 0.016 49.9312
37 49.9312 0.016 49.9152
35 49.7872 0.0016 49.7856
37 49.9152 0.048 49.8672
35 49.7856 0.0048 49.7808
27 49.9952 0.048 49.9472
25 50 0.0048 49.9952
42 50 0.048 49.952
28 50 0.048 49.952
34 50 0.048 49.952
31 50 0.0048 49.9952
31 49.9952 0.048 49.9472
34 49.952 0.0048 49.9472
34 49.9472 0.16 49.7872
31 49.9472 0.016 49.9312
31 49.9312 0.016 49.9152
34 49.7872 0.0016 49.7856
31 49.9152 0.048 49.8672
34 49.7856 0.0048 49.7808
41 50 0.048 49.952
26 50 0.048 49.952
25 49.9952 0.048 49.9472
27 50 0.0048 49.9952
29 50 0.0048 49.9952
38 50 0.048 49.952
30 50 0.048 49.952
39 50 0.048 49.952
37 50 0.048 49.952
35 50 0.0048 49.9952
27 49.9952 0.048 49.9472
25 50 0.0048 49.9952
42 50 0.048 49.952
28 50 0.048 49.952
31 50 0.048 49.952
34 49.8879 0.0048 49.8831
41 50 0.048 49.952
26 50 0.048 49.952
25 49.9952 0.048 49.9472
29 50 0.0048 49.9952
38 50 0.048 49.952
30 50 0.048 49.952
39 50 0.048 49.952
37 50 0.048 49.952
35 50 0.0048 49.9952
27 50 0.048 49.952
42 50 0.048 49.952
28 50 0.048 49.952
31 50 0.048 49.952
34 50 0.0048 49.9952
41 50 0.048 49.952
26 50 0.048 49.952
25 50 0.048 49.952
29 50 0.0048 49.9952
38 50 0.048 49.952
36 50 0.048 49.952
36 49.952 0.0048 49.9472
36 49.9472 0.16 49.7872
36 49.7872 0.0016 49.7856
29 49.9952 0.016 49.9792
29 49.9792 0.016 49.9632
29 49.9632 0.048 49.9152
25 50 0.0048 49.9952
30 50 0.048 49.952
30 49.952 0.0048 49.9472
30 49.9472 0.16 49.7872
30 49.7872 0.0016 49.7856
32 50 0.016 49.984
32 49.984 0.016 49.968
32 49.968 0.048 49.92
39 50 0.048 49.952
37 50 0.048 49.952
35 50 0.0048 49.9952
27 50 0.048 49.952
42 50 0.048 49.952
28 50 0.048 49.952
31 50 0.048 49.952
34 50 0.0048 49.9952
41 50 0.048 49.952
26 50 0.048 49.952
25 49.9952 0.048 49.9472
29 50 0.0048 49.9952
38 50 0.048 49.952
29 49.9952 0.048 49.9472
25 50 0.0048 49.9952
32 50 0.048 49.952
32 49.952 0.0048 49.9472
32 49.9472 0.16 49.7872
32 49.7872 0.0016 49.7856
36 49.8919 0.016 49.8759
36 49.8759 0.016 49.8599
36 49.8599 0.048 49.8119
36 49.8119 0.0048 49.8071
36 49.8071 0.16 49.6471
36 49.6471 0.0016 49.6455
40 50 0.016 49.984
40 49.984 0.016 49.968
40 49.968 0.048 49.92
39 50 0.048 49.952
37 50 0.048 49.952
35 50 0.0048 49.9952
27 50 0.048 49.952
42 50 0.048 49.952
28 50 0.048 49.952
31 50 0.048 49.952
34 50 0.0048 49.9952
41 50 0.048 49.952
26 50 0.048 49.952
25 49.9952 0.048 49.9472
29 50 0.0048 49.9952
38 50 0.048 49.952
29 49.9952 0.048 49.9472
25 50 0.0048 49.9952
40 50 0.048 49.952
36 49.9509 0.0048 49.9461
39 50 0.048 49.952
37 50 0.0048 49.9952
37 49.9952 0.048 49.9472
35 50 0.0048 49.9952
39 49.952 0.0048 49.9472
27 50 0.048 49.952
36 50 0.0048 49.9952
36 49.9952 0.048 49.9472
27 49.952 0.0048 49.9472
27 49.9472 0.16 49.7872
36 49.9472 0.016 49.9312
36 49.9312 0.016 49.9152
27 49.7872 0.0016 49.7856
36 49.9152 0.048 49.8672
27 49.7856 0.0048 49.7808
40 49.952 0.0048 49.9472
36 49.8672 0.0048 49.8624
36 49.8624 0.16 49.7024
36 49.7024 0.0016 49.7008
35 49.9952 0.016 49.9792
35 49.9792 0.016 49.9632
35 49.9632 0.048 49.9152
37 49.9472 0.0048 49.9424
42 50 0.048 49.952
28 50 0.048 49.952
31 50 0.048 49.952
34 50 0.0048 49.9952
41 50 0.048 49.952
26 50 0.048 49.952
25 49.9952 0.048 49.9472
29 50 0.0048 49.9952
38 50 0.048 49.952
29 49.9952 0.048 49.9472
25 50 0.0048 49.9952
40 50 0.0048 49.9952
40 49.9952 0.048 49.9472
29 49.9472 0.0048 49.9424
36 49.7008 0.0048 49.696
39 50 0.048 49.952
37 50 0.0048 49.9952
37 49.9952 0.048 49.9472
39 49.952 0.0048 49.9472
35 50 0.048 49.952
42 50 0.048 49.952
28 50 0.048 49.952
31 50 0.048 49.952
34 50 0.0048 49.9952
41 50 0.048 49.952
26 50 0.048 49.952
25 49.9952 0.048 49.9472
29 50 0.0048 49.9952
38 50 0.048 49.952
29 49.9952 0.048 49.9472
25 50 0.0048 49.9952
40 50 0.048 49.952
36 50 0.0048 49.9952
39 50 0.048 49.952
37 50 0.0048 49.9952
37 49.9952 0.048 49.9472
39 49.952 0.0048 49.9472
35 50 0.048 49.952
42 50 0.048 49.952
28 50 0.048 49.952
31 50 0.048 49.952
31 49.952 0.0048 49.9472
31 49.9472 0.16 49.7872
31 49.7872 0.0016 49.7856
43 50 0.016 49.984
43 49.984 0.016 49.968
43 49.968 0.048 49.92
41 50 0.048 49.952
26 50 0.048 49.952
26 49.952 0.0048 49.9472
26 49.9472 0.16 49.7872
26 49.7872 0.0016 49.7856
25 49.9952 0.048 49.9472
27 50 0.0048 49.9952
29 50 0.0048 49.9952
36 50 0.0048 49.9952
38 50 0.048 49.952
29 49.9952 0.048 49.9472
25 50 0.0048 49.9952
40 50 0.048 49.952
36 49.9952 0.0048 49.9904
39 50 0.048 49.952
37 50 0.0048 49.9952
37 49.9952 0.048 49.9472
39 49.952 0.0048 49.9472
35 50 0.048 49.952
42 50 0.048 49.952
28 50 0.048 49.952
43 50 0.048 49.952
41 50 0.048 49.952
25 49.9952 0.048 49.9472
27 50 0.0048 49.9952
36 50 0.0048 49.9952
38 50 0.048 49.952
29 50 0.048 49.952
36 49.9952 0.0048 49.9904
40 50 0.048 49.952
36 49.9904 0.0048 49.9856
39 50 0.048 49.952
35 49.952 0.0048 49.9472
37 50 0.0048 49.9952
37 49.9952 0.048 49.9472
35 50 0.0048 49.9952
39 49.952 0.0048 49.9472
35 49.9952 0.048 49.9472
37 49.9472 0.0048 49.9424
39 49.9472 0.0048 49.9424
42 50 0.048 49.952
28 50 0.048 49.952
43 50 0.048 49.952
41 50 0.048 49.952
25 50 0.048 49.952
27 50 0.0048 49.9952
38 50 0.048 49.952
29 50 0.048 49.952
36 50 0.0048 49.9952
40 50 0.048 49.952
36 49.9952 0.0048 49.9904
39 50 0.048 49.952
35 49.9472 0.0048 49.9424
37 50 0.0048 49.9952
37 49.9952 0.048 49.9472
35 50 0.0048 49.9952
39 49.952 0.0048 49.9472
35 49.9952 0.048 49.9472
37 49.9472 0.0048 49.9424
39 49.9472 0.0048 49.9424
42 50 0.048 49.952
28 50 0.048 49.952
43 50 0.048 49.952
41 50 0.048 49.952
25 50 0.048 49.952
27 50 0.0048 49.9952
38 50 0.048 49.952
29 50 0.048 49.952
40 50 0.048 49.952
36 50 0.0048 49.9952
39 50 0.048 49.952
37 50 0.0048 49.9952
37 49.9952 0.048 49.9472
35 50 0.0048 49.9952
39 49.952 0.0048 49.9472
37 49.9472 0.0048 49.9424
37 49.9424 0.16 49.7824
37 49.7824 0.0016 49.7808
35 49.9952 0.048 49.9472
37 49.7808 0.0048 49.776
37 49.776 0.048 49.728
35 49.9472 0.0048 49.9424
35 49.9424 0.16 49.7824
37 49.728 0.016 49.712
37 49.712 0.016 49.696
35 49.7824 0.0016 49.7808
37 49.696 0.048 49.648
35 49.7808 0.0048 49.776
39 49.9472 0.0048 49.9424
37 49.648 0.0048 49.6432
37 49.6432 0.16 49.4832
37 49.4832 0.0016 49.4816
42 50 0.048 49.952
42 49.952 0.0048 49.9472
42 49.9472 0.16 49.7872
42 49.7872 0.0016 49.7856
30 50 0.016 49.984
30 49.984 0.016 49.968
30 49.968 0.048 49.92
30 49.92 0.0048 49.9152
30 49.9152 0.16 49.7552
30 49.7552 0.0016 49.7536
32 50 0.016 49.984
32 49.984 0.016 49.968
32 49.968 0.048 49.92
28 50 0.048 49.952
43 50 0.048 49.952
41 50 0.048 49.952
25 50 0.048 49.952
29 50 0.0048 49.9952
38 50 0.048 49.952
29 49.9952 0.048 49.9472
25 50 0.0048 49.9952
40 50 0.048 49.952
36 50 0.0048 49.9952
39 50 0.048 49.952
37 49.844 0.0048 49.8392
37 49.8392 0.048 49.7912
39 49.952 0.0048 49.9472
39 49.9472 0.16 49.7872
37 49.7912 0.016 49.7752
37 49.7752 0.016 49.7592
39 49.7872 0.0016 49.7856
37 49.7592 0.048 49.7112
35 49.776 0.0048 49.7712
35 49.7712 0.048 49.7232
39 49.7856 0.0048 49.7808
37 49.7112 0.0048 49.7064
37 49.7064 0.16 49.5464
35 49.7232 0.016 49.7072
35 49.7072 0.016 49.6912
37 49.5464 0.0016 49.5448
35 49.6912 0.048 49.6432
37 49.5448 0.0048 49.54
32 50 0.048 49.952
28 50 0.048 49.952
43 50 0.048 49.952
41 50 0.048 49.952
25 49.9952 0.048 49.9472
29 50 0.0048 49.9952
25 49.9472 0.0048 49.9424
25 49.9424 0.16 49.7824
25 49.7824 0.0016 49.7808
26 50 0.016 49.984
26 49.984 0.016 49.968
26 49.968 0.048 49.92
38 50 0.048 49.952
29 49.9952 0.048 49.9472
25 50 0.0048 49.9952
25 49.9952 0.048 49.9472
29 49.9472 0.0096 49.9376
29 49.9376 0.16 49.7776
25 49.9472 0.016 49.9312
25 49.9312 0.016 49.9152
29 49.7776 0.0016 49.776
25 49.9152 0.048 49.8672
29 49.776 0.0048 49.7712
25 49.8672 0.0048 49.8624
25 49.8624 0.16 49.7024
25 49.7024 0.0016 49.7008
27 50 0.016 49.984
27 49.984 0.016 49.968
27 49.968 0.048 49.92
40 50 0.048 49.952
36 50 0.0048 49.9952
35 50 0.048 49.952
37 49.9282 0.0048 49.9234
32 50 0.048 49.952
28 50 0.048 49.952
43 50 0.048 49.952
41 50 0.048 49.952
26 50 0.048 49.952
38 50 0.048 49.952
27 50 0.048 49.952
40 50 0.048 49.952
36 50 0.0048 49.9952
35 50 0.048 49.952
32 50 0.048 49.952
28 50 0.048 49.952
43 50 0.048 49.952
34 50 0.0048 49.9952
41 50 0.048 49.952
26 50 0.048 49.952
38 50 0.048 49.952
27 50 0.048 49.952
36 50 0.0048 49.9952
40 50 0.048 49.952
29 50 0.0048 49.9952
29 49.9952 0.048 49.9472
36 49.9952 0.0048 49.9904
40 49.952 0.0048 49.9472
40 49.9472 0.16 49.7872
29 49.9472 0.016 49.9312
29 49.9312 0.016 49.9152
40 49.7872 0.0016 49.7856
29 49.9152 0.048 49.8672
36 49.9904 0.0048 49.9856
40 49.7856 0.0048 49.7808
29 49.8672 0.0048 49.8624
29 49.8624 0.16 49.7024
29 49.7024 0.0016 49.7008
35 50 0.048 49.952
39 50 0.0048 49.9952
35 49.952 0.0048 49.9472
35 49.9472 0.16 49.7872
35 49.7872 0.0016 49.7856
34 50 0.016 49.984
34 49.984 0.016 49.968
34 49.968 0.048 49.92
31 50 0.0048 49.9952
31 49.9952 0.048 49.9472
43 49.952 0.0048 49.9472
34 49.92 0.0048 49.9152
34 49.9152 0.16 49.7552
31 49.9472 0.016 49.9312
31 49.9312 0.016 49.9152
34 49.7552 0.0016 49.7536
31 49.9152 0.048 49.8672
34 49.7536 0.0048 49.7488
31 49.8672 0.0048 49.8624
31 49.8624 0.16 49.7024
31 49.7024 0.0016 49.7008
44 50 0.016 49.984
44 49.984 0.016 49.968
44 49.968 0.048 49.92
32 50 0.048 49.952
28 50 0.048 49.952
43 50 0.048 49.952
34 49.7488 0.0048 49.744
41 50 0.048 49.952
26 50 0.048 49.952
26 49.952 0.0048 49.9472
26 49.9472 0.16 49.7872
26 49.7872 0.0016 49.7856
35 50 0.016 49.984
35 49.984 0.016 49.968
35 49.968 0.048 49.92
38 50 0.048 49.952
27 50 0.048 49.952
36 50 0.0048 49.9952
44 50 0.048 49.952
32 50 0.048 49.952
28 50 0.048 49.952
43 50 0.048 49.952
34 50 0.0048 49.9952
41 50 0.048 49.952
35 50 0.048 49.952
38 50 0.048 49.952
27 50 0.048 49.952
36 50 0.0048 49.9952
44 50 0.048 49.952
32 50 0.048 49.952
28 50 0.048 49.952
43 50 0.048 49.952
34 50 0.0048 49.9952
41 50 0.048 49.952
35 50 0.048 49.952
37 50 0.0048 49.9952
37 49.9952 0.048 49.9472
39 50 0.0048 49.9952
39 49.9952 0.048 49.9472
35 49.952 0.0144 49.9376
35 49.9376 0.16 49.7776
39 49.9472 0.016 49.9312
39 49.9312 0.016 49.9152
35 49.7776 0.0016 49.776
39 49.9152 0.048 49.8672
35 49.776 0.0048 49.7712
37 49.9472 0.0048 49.9424
37 49.9424 0.048 49.8944
39 49.8672 0.0096 49.8576
39 49.8576 0.16 49.6976
37 49.8944 0.016 49.8784
37 49.8784 0.016 49.8624
39 49.6976 0.0016 49.696
37 49.8624 0.048 49.8144
35 49.7712 0.0048 49.7664
39 49.696 0.0048 49.6912
37 49.8144 0.0048 49.8096
37 49.8096 0.16 49.6496
37 49.6496 0.0016 49.648
34 49.9952 0.016 49.9792
34 49.9792 0.016 49.9632
34 49.9632 0.048 49.9152
43 49.952 0.0048 49.9472
34 49.9152 0.0048 49.9104
34 49.9104 0.16 49.7504
34 49.7504 0.0016 49.7488
31 50 0.016 49.984
31 49.984 0.016 49.968
31 49.968 0.048 49.92
38 50 0.048 49.952
27 50 0.048 49.952
36 50 0.0048 49.9952
44 50 0.048 49.952
32 50 0.048 49.952
28 50 0.048 49.952
43 50 0.048 49.952
34 50 0.0048 49.9952
43 49.952 0.0048 49.9472
43 49.9472 0.16 49.7872
43 49.7872 0.0016 49.7856
42 50 0.016 49.984
42 49.984 0.016 49.968
42 49.968 0.048 49.92
41 50 0.048 49.952
31 50 0.048 49.952
38 50 0.048 49.952
27 50 0.048 49.952
36 50 0.0048 49.9952
44 50 0.048 49.952
32 50 0.048 49.952
28 50 0.048 49.952
42 50 0.048 49.952
41 50 0.048 49.952
31 50 0.048 49.952
38 50 0.048 49.952
27 50 0.048 49.952
36 50 0.0048 49.9952
27 49.952 0.0048 49.9472
27 49.9472 0.16 49.7872
27 49.7872 0.0016 49.7856
40 50 0.016 49.984
40 49.984 0.016 49.968
40 49.968 0.048 49.92
44 50 0.048 49.952
32 50 0.048 49.952
28 50 0.048 49.952
42 50 0.048 49.952
41 50 0.048 49.952
31 50 0.048 49.952
34 50 0.0048 49.9952
38 50 0.048 49.952
40 50 0.048 49.952
26 50 0.048 49.952
44 50 0.048 49.952
32 50 0.048 49.952
28 50 0.048 49.952
42 50 0.048 49.952
41 50 0.048 49.952
31 50 0.048 49.952
34 50 0.0048 49.9952
31 49.952 0.0048 49.9472
31 49.9472 0.16 49.7872
31 49.7872 0.0016 49.7856
43 50 0.016 49.984
43 49.984 0.016 49.968
43 49.968 0.048 49.92
34 49.9952 0.0048 49.9904
38 50 0.048 49.952
40 50 0.048 49.952
36 50 0.0048 49.9952
26 50 0.048 49.952
26 49.952 0.0048 49.9472
26 49.9472 0.16 49.7872
26 49.7872 0.0016 49.7856
35 50 0.016 49.984
35 49.984 0.016 49.968
35 49.968 0.048 49.92
37 50 0.0048 49.9952
37 49.9952 0.048 49.9472
35 49.92 0.0048 49.9152
35 49.9152 0.16 49.7552
37 49.9472 0.016 49.9312
37 49.9312 0.016 49.9152
35 49.7552 0.0016 49.7536
37 49.9152 0.048 49.8672
35 49.7536 0.0048 49.7488
39 50 0.0048 49.9952
39 49.9952 0.048 49.9472
37 49.8672 0.0048 49.8624
37 49.8624 0.16 49.7024
39 49.9472 0.016 49.9312
39 49.9312 0.016 49.9152
37 49.7024 0.0016 49.7008
39 49.9152 0.048 49.8672
37 49.7008 0.0048 49.696
44 50 0.048 49.952
32 50 0.048 49.952
28 50 0.048 49.952
42 50 0.048 49.952
41 50 0.048 49.952
37 49.696 0.048 49.648
35 49.918 0.0048 49.9132
35 49.9132 0.048 49.8652
39 49.8672 0.0048 49.8624
37 49.648 0.0048 49.6432
37 49.6432 0.16 49.4832
35 49.8652 0.016 49.8492
35 49.8492 0.016 49.8332
37 49.4832 0.0016 49.4816
35 49.8332 0.048 49.7852
37 49.4816 0.0048 49.4768
43 50 0.048 49.952
34 50 0.0048 49.9952
38 50 0.048 49.952
40 50 0.048 49.952
25 50 0.0048 49.9952
39 50 0.048 49.952
37 49.911 0.0048 49.9062
44 50 0.048 49.952
33 50 0.048 49.952
32 50 0.048 49.952
27 50 0.048 49.952
25 49.9952 0.0048 49.9904
25 49.9904 0.048 49.9424
36 50 0.0048 49.9952
36 49.9952 0.048 49.9472
27 49.952 0.0096 49.9424
27 49.9424 0.16 49.7824
36 49.9472 0.016 49.9312
36 49.9312 0.016 49.9152
27 49.7824 0.0016 49.7808
36 49.9152 0.048 49.8672
25 49.9424 0.0048 49.9376
25 49.9376 0.048 49.8896
27 49.7808 0.0048 49.776
29 50 0.0048 49.9952
29 49.9952 0.048 49.9472
36 49.8672 0.0144 49.8528
36 49.8528 0.16 49.6928
29 49.9472 0.016 49.9312
29 49.9312 0.016 49.9152
36 49.6928 0.0016 49.6912
29 49.9152 0.048 49.8672
36 49.6912 0.0048 49.6864
29 49.8672 0.0048 49.8624
29 49.8624 0.16 49.7024
29 49.7024 0.0016 49.7008
37 49.9062 0.016 49.8902
37 49.8902 0.016 49.8742
37 49.8742 0.048 49.8262
39 49.952 0.0048 49.9472
37 49.8262 0.0048 49.8214
37 49.8214 0.16 49.6614
37 49.6614 0.0016 49.6598
34 50 0.016 49.984
34 49.984 0.016 49.968
34 49.968 0.048 49.92
28 50 0.048 49.952
42 50 0.048 49.952
41 50 0.048 49.952
35 49.9079 0.048 49.8599
43 50 0.048 49.952
38 50 0.048 49.952
38 49.952 0.0048 49.9472
38 49.9472 0.16 49.7872
38 49.7872 0.0016 49.7856
40 50 0.048 49.952
25 50 0.0048 49.9952
29 49.7008 0.0048 49.696
39 50 0.048 49.952
37 49.8345 0.0048 49.8297
39 49.952 0.0048 49.9472
39 49.9472 0.16 49.7872
39 49.7872 0.0016 49.7856
31 50 0.016 49.984
31 49.984 0.016 49.968
31 49.968 0.048 49.92
44 50 0.048 49.952
33 50 0.048 49.952
32 50 0.048 49.952
34 50 0.048 49.952
43 50 0.0048 49.9952
34 49.952 0.0048 49.9472
34 49.9472 0.16 49.7872
34 49.7872 0.0016 49.7856
38 49.7856 0.016 49.7696
38 49.7696 0.016 49.7536
38 49.7536 0.048 49.7056
28 50 0.048 49.952
42 50 0.048 49.952
41 50 0.048 49.952
35 50 0.048 49.952
39 49.7856 0.0048 49.7808
39 49.7808 0.048 49.7328
35 49.952 0.0048 49.9472
35 49.9472 0.16 49.7872
39 49.7328 0.016 49.7168
39 49.7168 0.016 49.7008
35 49.7872 0.0016 49.7856
39 49.7008 0.048 49.6528
35 49.7856 0.0048 49.7808
37 49.8297 0.0048 49.8249
43 49.9952 0.048 49.9472
34 49.7856 0.0048 49.7808
29 49.9627 0.048 49.9147
36 50 0.0048 49.9952
36 49.9952 0.048 49.9472
29 49.9147 0.0096 49.9051
29 49.9051 0.16 49.7451
36 49.9472 0.016 49.9312
36 49.9312 0.016 49.9152
29 49.7451 0.0016 49.7435
36 49.9152 0.048 49.8672
27 50 0.0048 49.9952
27 49.9952 0.048 49.9472
29 49.7435 0.0048 49.7387
36 49.8672 0.0096 49.8576
36 49.8576 0.16 49.6976
27 49.9472 0.016 49.9312
27 49.9312 0.016 49.9152
36 49.6976 0.0016 49.696
27 49.9152 0.048 49.8672
25 49.9952 0.0048 49.9904
25 49.9904 0.048 49.9424
36 49.696 0.0048 49.6912
27 49.8672 0.0096 49.8576
27 49.8576 0.16 49.6976
25 49.9424 0.016 49.9264
25 49.9264 0.016 49.9104
27 49.6976 0.0016 49.696
25 49.9104 0.048 49.8624
27 49.696 0.0048 49.6912
40 50 0.0048 49.9952
40 49.9952 0.048 49.9472
25 50 0.0048 49.9952
31 50 0.048 49.952
44 50 0.048 49.952
33 50 0.048 49.952
32 50 0.048 49.952
38 50 0.048 49.952
28 50 0.048 49.952
42 50 0.048 49.952
41 50 0.048 49.952
39 50 0.048 49.952
35 49.9603 0.0048 49.9555
37 50 0.0048 49.9952
39 49.952 0.0048 49.9472
39 49.9472 0.16 49.7872
39 49.7872 0.0016 49.7856
34 50 0.016 49.984
34 49.984 0.016 49.968
34 49.968 0.048 49.92
43 50 0.0048 49.9952
43 49.9952 0.048 49.9472
34 49.92 0.0048 49.9152
25 49.9952 0.048 49.9472
27 49.8574 0.0048 49.8526
36 49.9672 0.0048 49.9624
40 50 0.0048 49.9952
40 49.9952 0.048 49.9472
25 50 0.0048 49.9952
31 50 0.048 49.952
31 49.952 0.0048 49.9472
31 49.9472 0.16 49.7872
31 49.7872 0.0016 49.7856
44 50 0.048 49.952
33 50 0.048 49.952
32 50 0.048 49.952
38 50 0.048 49.952
28 50 0.048 49.952
42 50 0.048 49.952
41 50 0.048 49.952
34 50 0.048 49.952
31 50 0.0048 49.9952
31 49.9952 0.048 49.9472
43 50 0.0048 49.9952
34 49.952 0.0096 49.9424
34 49.9424 0.16 49.7824
31 49.9472 0.016 49.9312
31 49.9312 0.016 49.9152
34 49.7824 0.0016 49.7808
31 49.9152 0.048 49.8672
34 49.7808 0.0048 49.776
31 49.8672 0.0048 49.8624
31 49.8624 0.16 49.7024
31 49.7024 0.0016 49.7008
43 49.9952 0.048 49.9472
34 49.776 0.0048 49.7712
25 49.9952 0.048 49.9472
27 50 0.0048 49.9952
40 50 0.0048 49.9952
40 49.9952 0.048 49.9472
25 50 0.0048 49.9952
44 50 0.048 49.952
33 50 0.048 49.952
32 50 0.048 49.952
38 50 0.048 49.952
28 50 0.048 49.952
42 50 0.048 49.952
41 50 0.048 49.952
43 50 0.048 49.952
34 50 0.0048 49.9952
25 49.9952 0.048 49.9472
27 50 0.0048 49.9952
40 50 0.0048 49.9952
31 50 0.048 49.952
34 50 0.0048 49.9952
34 49.9952 0.048 49.9472
31 49.952 0.0096 49.9424
31 49.9424 0.16 49.7824
34 49.9472 0.016 49.9312
34 49.9312 0.016 49.9152
31 49.7824 0.0016 49.7808
34 49.9152 0.048 49.8672
31 49.7808 0.0048 49.776
43 49.952 0.0048 49.9472
40 49.9952 0.048 49.9472
44 50 0.048 49.952
33 50 0.048 49.952
32 50 0.048 49.952
38 50 0.048 49.952
38 49.952 0.0048 49.9472
38 49.9472 0.16 49.7872
38 49.7872 0.0016 49.7856
28 50 0.048 49.952
42 50 0.048 49.952
41 50 0.048 49.952
43 50 0.048 49.952
34 49.8672 0.0048 49.8624
25 50 0.048 49.952
27 50 0.0048 49.9952
29 50 0.0048 49.9952
34 49.9641 0.048 49.9161
31 50 0.0048 49.9952
43 49.952 0.0048 49.9472
34 49.9161 0.0048 49.9113
34 49.9113 0.16 49.7513
34 49.7513 0.0016 49.7497
38 49.9927 0.016 49.9767
38 49.9767 0.016 49.9607
38 49.9607 0.048 49.9127
40 50 0.048 49.952
44 50 0.048 49.952
44 49.952 0.0048 49.9472
44 49.9472 0.16 49.7872
44 49.7872 0.0016 49.7856
33 50 0.048 49.952
32 50 0.048 49.952
28 50 0.048 49.952
42 50 0.048 49.952
41 50 0.048 49.952
43 50 0.048 49.952
34 49.7497 0.0048 49.7449
25 50 0.048 49.952
29 50 0.0048 49.9952
40 50 0.0048 49.9952
38 50 0.048 49.952
38 49.952 0.0048 49.9472
38 49.9472 0.16 49.7872
38 49.7872 0.0016 49.7856
44 50 0.016 49.984
44 49.984 0.016 49.968
44 49.968 0.048 49.92
40 49.9952 0.048 49.9472
25 50 0.0048 49.9952
29 49.9952 0.0048 49.9904
33 50 0.048 49.952
35 50 0.048 49.952
37 50 0.0048 49.9952
37 49.9952 0.048 49.9472
39 50 0.0048 49.9952
39 49.9952 0.048 49.9472
35 49.952 0.0096 49.9424
35 49.9424 0.16 49.7824
39 49.9472 0.016 49.9312
39 49.9312 0.016 49.9152
35 49.7824 0.0016 49.7808
39 49.9152 0.048 49.8672
35 49.7808 0.0048 49.776
39 49.8672 0.0048 49.8624
39 49.8624 0.16 49.7024
39 49.7024 0.0016 49.7008
37 49.9472 0.016 49.9312
37 49.9312 0.016 49.9152
37 49.9152 0.048 49.8672
35 49.776 0.0048 49.7712
32 50 0.048 49.952
28 50 0.048 49.952
42 50 0.048 49.952
41 50 0.048 49.952
43 50 0.048 49.952
25 49.9952 0.048 49.9472
40 50 0.0048 49.9952
44 50 0.048 49.952
40 49.9952 0.048 49.9472
25 50 0.0048 49.9952
29 50 0.0048 49.9952
33 50 0.048 49.952
37 50 0.048 49.952
35 50 0.0048 49.9952
32 50 0.048 49.952
28 50 0.048 49.952
42 50 0.048 49.952
41 50 0.048 49.952
43 50 0.048 49.952
25 49.9952 0.048 49.9472
40 50 0.0048 49.9952
44 50 0.048 49.952
40 49.9952 0.048 49.9472
25 50 0.0048 49.9952
33 50 0.048 49.952
37 50 0.048 49.952
35 50 0.0048 49.9952
32 50 0.048 49.952
28 50 0.048 49.952
42 50 0.048 49.952
41 50 0.048 49.952
38 50 0.048 49.952
38 49.952 0.0048 49.9472
38 49.9472 0.16 49.7872
38 49.7872 0.0016 49.7856
43 50 0.048 49.952
25 49.9952 0.048 49.9472
40 50 0.0048 49.9952
25 49.9472 0.0048 49.9424
25 49.9424 0.16 49.7824
25 49.7824 0.0016 49.7808
26 50 0.016 49.984
26 49.984 0.016 49.968
26 49.968 0.048 49.92
44 50 0.048 49.952
40 49.9952 0.048 49.9472
25 49.9733 0.0048 49.9685
29 50 0.0048 49.9952
33 50 0.048 49.952
37 50 0.048 49.952
32 50 0.048 49.952
28 50 0.048 49.952
28 49.952 0.0048 49.9472
28 49.9472 0.16 49.7872
28 49.7872 0.0016 49.7856
34 50 0.016 49.984
34 49.984 0.016 49.968
34 49.968 0.048 49.92
31 50 0.0048 49.9952
31 49.9952 0.048 49.9472
34 49.92 0.0048 49.9152
34 49.9152 0.16 49.7552
31 49.9472 0.016 49.9312
31 49.9312 0.016 49.9152
34 49.7552 0.0016 49.7536
31 49.9152 0.048 49.8672
34 49.7536 0.0048 49.7488
42 50 0.048 49.952
41 50 0.048 49.952
43 50 0.048 49.952
26 50 0.048 49.952
44 50 0.048 49.952
40 50 0.048 49.952
33 50 0.048 49.952
37 50 0.048 49.952
32 50 0.048 49.952
31 50 0.048 49.952
34 49.9489 0.0048 49.9441
31 49.952 0.0048 49.9472
31 49.9472 0.16 49.7872
31 49.7872 0.0016 49.7856
38 50 0.016 49.984
38 49.984 0.016 49.968
38 49.968 0.048 49.92
42 50 0.048 49.952
41 50 0.048 49.952
43 50 0.048 49.952
26 50 0.048 49.952
26 49.952 0.0048 49.9472
26 49.9472 0.16 49.7872
26 49.7872 0.0016 49.7856
39 50 0.016 49.984
39 49.984 0.016 49.968
39 49.968 0.048 49.92
35 50 0.0048 49.9952
35 49.9952 0.048 49.9472
39 49.92 0.0048 49.9152
39 49.9152 0.16 49.7552
35 49.9472 0.016 49.9312
35 49.9312 0.016 49.9152
39 49.7552 0.0016 49.7536
35 49.9152 0.048 49.8672
37 49.952 0.0048 49.9472
39 49.7536 0.0048 49.7488
44 50 0.048 49.952
40 50 0.048 49.952
33 50 0.048 49.952
37 50 0.048 49.952
35 50 0.0048 49.9952
32 50 0.048 49.952
38 50 0.048 49.952
42 50 0.048 49.952
41 50 0.048 49.952
43 50 0.048 49.952
35 49.9952 0.048 49.9472
39 50 0.0048 49.9952
44 50 0.048 49.952
40 50 0.048 49.952
25 50 0.0048 49.9952
33 50 0.048 49.952
37 50 0.048 49.952
39 49.9952 0.0048 49.9904
32 50 0.048 49.952
38 50 0.048 49.952
38 49.952 0.0048 49.9472
38 49.9472 0.16 49.7872
38 49.7872 0.0016 49.7856
42 50 0.048 49.952
41 50 0.048 49.952
43 50 0.048 49.952
35 50 0.048 49.952
39 50 0.0048 49.9952
44 50 0.048 49.952
40 50 0.048 49.952
25 50 0.0048 49.9952
33 50 0.048 49.952
37 50 0.048 49.952
35 50 0.0048 49.9952
39 49.9952 0.0048 49.9904
37 49.952 0.0048 49.9472
37 49.9472 0.16 49.7872
37 49.7872 0.0016 49.7856
26 50 0.016 49.984
26 49.984 0.016 49.968
26 49.968 0.048 49.92
26 49.92 0.0048 49.9152
26 49.9152 0.16 49.7552
26 49.7552 0.0016 49.7536
25 49.9952 0.016 49.9792
25 49.9792 0.016 49.9632
25 49.9632 0.048 49.9152
40 49.952 0.0048 49.9472
32 50 0.048 49.952
42 50 0.048 49.952
41 50 0.048 49.952
43 50 0.048 49.952
35 49.9952 0.048 49.9472
37 49.7856 0.0048 49.7808
37 49.7808 0.048 49.7328
39 50 0.0048 49.9952
35 49.9472 0.0048 49.9424
35 49.9424 0.16 49.7824
37 49.7328 0.016 49.7168
37 49.7168 0.016 49.7008
35 49.7824 0.0016 49.7808
37 49.7008 0.048 49.6528
35 49.7808 0.0048 49.776
39 49.9952 0.0048 49.9904
44 50 0.048 49.952
40 50 0.048 49.952
25 50 0.0048 49.9952
33 50 0.048 49.952
25 49.9952 0.048 49.9472
40 49.952 0.0048 49.9472
32 50 0.048 49.952
42 50 0.048 49.952
41 50 0.048 49.952
43 50 0.048 49.952
37 50 0.048 49.952
35 49.9546 0.0048 49.9498
39 50 0.0048 49.9952
37 49.952 0.0048 49.9472
37 49.9472 0.16 49.7872
37 49.7872 0.0016 49.7856
28 50 0.016 49.984
28 49.984 0.016 49.968
28 49.968 0.048 49.92
44 50 0.048 49.952
40 50 0.048 49.952
25 50 0.0048 49.9952
33 50 0.048 49.952
25 49.9952 0.048 49.9472
40 49.952 0.0048 49.9472
32 50 0.048 49.952
42 50 0.048 49.952
41 50 0.048 49.952
43 50 0.048 49.952
28 50 0.048 49.952
44 50 0.048 49.952
40 50 0.048 49.952
25 50 0.0048 49.9952
29 50 0.0048 49.9952
33 50 0.048 49.952
25 49.9952 0.048 49.9472
29 49.9952 0.0048 49.9904
29 49.9904 0.048 49.9424
40 49.952 0.0048 49.9472
25 49.9472 0.0048 49.9424
25 49.9424 0.16 49.7824
29 49.9424 0.016 49.9264
29 49.9264 0.016 49.9104
25 49.7824 0.0016 49.7808
29 49.9104 0.048 49.8624
25 49.7808 0.0048 49.776
40 49.9472 0.0048 49.9424
32 50 0.048 49.952
42 50 0.048 49.952
41 50 0.048 49.952
43 50 0.048 49.952
28 50 0.048 49.952
28 49.952 0.0048 49.9472
28 49.9472 0.16 49.7872
28 49.7872 0.0016 49.7856
34 50 0.016 49.984
34 49.984 0.016 49.968
34 49.968 0.048 49.92
30 50 0.048 49.952
44 50 0.048 49.952
40 50 0.048 49.952
25 50 0.0048 49.9952
29 50 0.0048 49.9952
33 50 0.048 49.952
29 49.9952 0.048 49.9472
25 49.9952 0.0048 49.9904
36 50 0.0048 49.9952
36 49.9952 0.048 49.9472
40 49.952 0.0048 49.9472
29 49.9472 0.0048 49.9424
29 49.9424 0.16 49.7824
36 49.9472 0.016 49.9312
36 49.9312 0.016 49.9152
29 49.7824 0.0016 49.7808
36 49.9152 0.048 49.8672
27 50 0.0048 49.9952
27 49.9952 0.048 49.9472
29 49.7808 0.0048 49.776
36 49.8672 0.0048 49.8624
36 49.8624 0.16 49.7024
27 49.9472 0.016 49.9312
27 49.9312 0.016 49.9152
36 49.7024 0.0016 49.7008
27 49.9152 0.048 49.8672
36 49.7008 0.0048 49.696
32 50 0.048 49.952
42 50 0.048 49.952
41 50 0.048 49.952
43 50 0.048 49.952
34 50 0.048 49.952
30 50 0.048 49.952
44 50 0.048 49.952
40 50 0.048 49.952
25 50 0.0048 49.9952
29 50 0.0048 49.9952
33 50 0.048 49.952
27 50 0.048 49.952
25 49.9952 0.0048 49.9904
32 50 0.048 49.952
42 50 0.048 49.952
41 50 0.048 49.952
43 50 0.048 49.952
34 50 0.048 49.952
30 50 0.048 49.952
44 50 0.048 49.952
40 50 0.048 49.952
29 50 0.0048 49.9952
33 50 0.048 49.952
27 50 0.048 49.952
25 50 0.0048 49.9952
32 50 0.048 49.952
42 50 0.048 49.952
41 50 0.048 49.952
43 50 0.048 49.952
34 50 0.048 49.952
34 49.952 0.0048 49.9472
34 49.9472 0.16 49.7872
34 49.7872 0.0016 49.7856
31 50 0.016 49.984
31 49.984 0.016 49.968
31 49.968 0.048 49.92
30 50 0.048 49.952
44 50 0.048 49.952
40 50 0.048 49.952
29 50 0.0048 49.9952
33 50 0.048 49.952
27 50 0.048 49.952
25 50 0.0048 49.9952
32 50 0.048 49.952
42 50 0.048 49.952
41 50 0.048 49.952
43 50 0.048 49.952
34 49.8861 0.0048 49.8813
31 50 0.048 49.952
30 50 0.048 49.952
44 50 0.048 49.952
40 50 0.048 49.952
29 50 0.0048 49.9952
37 50 0.048 49.952
39 50 0.0048 49.9952
39 49.9952 0.048 49.9472
37 49.952 0.0048 49.9472
37 49.9472 0.16 49.7872
39 49.9472 0.016 49.9312
39 49.9312 0.016 49.9152
37 49.7872 0.0016 49.7856
39 49.9152 0.048 49.8672
35 50 0.0048 49.9952
35 49.9952 0.048 49.9472
37 49.7856 0.0048 49.7808
39 49.8672 0.0096 49.8576
39 49.8576 0.16 49.6976
35 49.9472 0.016 49.9312
35 49.9312 0.016 49.9152
39 49.6976 0.0016 49.696
35 49.9152 0.048 49.8672
39 49.696 0.0048 49.6912
35 49.8672 0.0048 49.8624
35 49.8624 0.16 49.7024
35 49.7024 0.0016 49.7008
26 50 0.016 49.984
26 49.984 0.016 49.968
26 49.968 0.048 49.92
26 49.92 0.0048 49.9152
26 49.9152 0.16 49.7552
26 49.7552 0.0016 49.7536
36 50 0.016 49.984
36 49.984 0.016 49.968
36 49.968 0.048 49.92
36 49.92 0.0048 49.9152
36 49.9152 0.16 49.7552
36 49.7552 0.0016 49.7536
29 49.9952 0.016 49.9792
29 49.9792 0.016 49.9632
29 49.9632 0.048 49.9152
40 49.952 0.0048 49.9472
33 50 0.048 49.952
33 49.952 0.0048 49.9472
33 49.9472 0.16 49.7872
33 49.7872 0.0016 49.7856
36 49.7536 0.016 49.7376
36 49.7376 0.016 49.7216
36 49.7216 0.048 49.6736
25 50 0.0048 49.9952
25 49.9952 0.048 49.9472
36 49.6736 0.0048 49.6688
36 49.6688 0.16 49.5088
25 49.9472 0.016 49.9312
25 49.9312 0.016 49.9152
36 49.5088 0.0016 49.5072
25 49.9152 0.048 49.8672
27 50 0.0048 49.9952
36 49.5072 0.0048 49.5024
27 49.9952 0.048 49.9472
25 49.8672 0.0048 49.8624
32 50 0.048 49.952
42 50 0.048 49.952
41 50 0.048 49.952
43 50 0.048 49.952
34 50 0.0048 49.9952
31 50 0.048 49.952
30 50 0.048 49.952
44 50 0.048 49.952
40 50 0.048 49.952
25 50 0.0048 49.9952
29 50 0.0048 49.9952
29 49.9952 0.048 49.9472
40 49.952 0.0048 49.9472
25 49.9952 0.048 49.9472
27 50 0.0048 49.9952
29 49.9472 0.0048 49.9424
36 49.822 0.0048 49.8172
40 49.9472 0.0048 49.9424
27 49.9952 0.048 49.9472
25 49.9472 0.0048 49.9424
34 50 0.048 49.952
43 50 0.0048 49.9952
32 50 0.048 49.952
42 50 0.048 49.952
41 50 0.048 49.952
43 49.9952 0.048 49.9472
34 49.952 0.0048 49.9472
31 50 0.048 49.952
30 50 0.048 49.952
44 50 0.048 49.952
40 50 0.048 49.952
25 50 0.0048 49.9952
29 50 0.0048 49.9952
29 49.9952 0.048 49.9472
25 49.9952 0.0048 49.9904
40 49.952 0.0048 49.9472
25 49.9904 0.048 49.9424
27 50 0.0048 49.9952
29 49.9472 0.0048 49.9424
40 49.9472 0.0048 49.9424
27 49.9952 0.048 49.9472
25 49.9424 0.0048 49.9376
34 50 0.048 49.952
43 50 0.0048 49.9952
32 50 0.048 49.952
42 50 0.048 49.952
41 50 0.048 49.952
43 49.9952 0.048 49.9472
34 49.952 0.0048 49.9472
31 50 0.048 49.952
30 50 0.048 49.952
44 50 0.048 49.952
40 50 0.048 49.952
25 50 0.0048 49.9952
29 50 0.0048 49.9952
29 49.9952 0.048 49.9472
25 49.9952 0.0048 49.9904
40 49.952 0.0048 49.9472
25 49.9904 0.048 49.9424
27 50 0.0048 49.9952
29 49.9472 0.0048 49.9424
27 49.9952 0.048 49.9472
25 49.9424 0.0048 49.9376
34 50 0.048 49.952
43 50 0.0048 49.9952
32 50 0.048 49.952
42 50 0.048 49.952
41 50 0.048 49.952
43 49.9952 0.048 49.9472
34 49.952 0.0048 49.9472
31 50 0.048 49.952
36 50 0.048 49.952
36 49.952 0.0048 49.9472
36 49.9472 0.16 49.7872
36 49.7872 0.0016 49.7856
26 50 0.016 49.984
26 49.984 0.016 49.968
26 49.968 0.048 49.92
26 49.92 0.0048 49.9152
26 49.9152 0.16 49.7552
26 49.7552 0.0016 49.7536
37 50 0.016 49.984
37 49.984 0.016 49.968
37 49.968 0.048 49.92
30 50 0.048 49.952
44 50 0.048 49.952
40 50 0.048 49.952
29 50 0.048 49.952
25 50 0.0048 49.9952
25 49.9952 0.048 49.9472
27 50 0.0048 49.9952
29 49.952 0.0048 49.9472
27 49.9952 0.048 49.9472
25 49.9472 0.0048 49.9424
34 50 0.048 49.952
43 50 0.0048 49.9952
32 50 0.048 49.952
42 50 0.048 49.952
41 50 0.048 49.952
43 49.9952 0.048 49.9472
34 49.952 0.0048 49.9472
31 50 0.048 49.952
37 50 0.048 49.952
30 50 0.048 49.952
44 50 0.048 49.952
40 50 0.048 49.952
29 50 0.048 49.952
25 50 0.0048 49.9952
25 49.9952 0.048 49.9472
27 50 0.0048 49.9952
29 49.952 0.0048 49.9472
27 49.9952 0.048 49.9472
25 49.9472 0.0048 49.9424
34 50 0.048 49.952
43 50 0.0048 49.9952
32 50 0.048 49.952
32 49.952 0.0048 49.9472
32 49.9472 0.16 49.7872
32 49.7872 0.0016 49.7856
36 50 0.016 49.984
36 49.984 0.016 49.968
36 49.968 0.048 49.92
36 49.92 0.0048 49.9152
36 49.9152 0.16 49.7552
36 49.7552 0.0016 49.7536
26 50 0.016 49.984
26 49.984 0.016 49.968
26 49.968 0.048 49.92
26 49.92 0.0048 49.9152
26 49.9152 0.16 49.7552
26 49.7552 0.0016 49.7536
39 50 0.016 49.984
39 49.984 0.016 49.968
39 49.968 0.048 49.92
35 50 0.0048 49.9952
35 49.9952 0.048 49.9472
39 49.92 0.0096 49.9104
39 49.9104 0.16 49.7504
35 49.9472 0.016 49.9312
35 49.9312 0.016 49.9152
39 49.7504 0.0016 49.7488
35 49.9152 0.048 49.8672
39 49.7488 0.0048 49.744
42 50 0.048 49.952
41 50 0.048 49.952
43 49.9952 0.048 49.9472
34 49.952 0.0048 49.9472
31 50 0.048 49.952
37 50 0.048 49.952
30 50 0.048 49.952
44 50 0.048 49.952
40 50 0.048 49.952
25 50 0.0048 49.9952
29 50 0.0048 49.9952
29 49.9952 0.048 49.9472
25 49.9952 0.0048 49.9904
40 49.952 0.0048 49.9472
25 49.9904 0.048 49.9424
27 50 0.0048 49.9952
29 49.9472 0.0048 49.9424
40 49.9472 0.0048 49.9424
27 49.9952 0.048 49.9472
25 49.9424 0.0048 49.9376
34 50 0.048 49.952
43 50 0.0048 49.9952
35 50 0.048 49.952
39 50 0.0048 49.9952
42 50 0.048 49.952
41 50 0.048 49.952
43 49.9952 0.048 49.9472
34 49.952 0.0048 49.9472
31 50 0.048 49.952
37 50 0.048 49.952
30 50 0.048 49.952
44 50 0.048 49.952
40 50 0.048 49.952
25 50 0.0048 49.9952
29 50 0.0048 49.9952
29 49.9952 0.048 49.9472
25 49.9952 0.0048 49.9904
40 49.952 0.0048 49.9472
25 49.9904 0.048 49.9424
27 50 0.0048 49.9952
29 49.9472 0.0048 49.9424
40 49.9472 0.0048 49.9424
27 49.9952 0.048 49.9472
25 49.9424 0.0048 49.9376
34 50 0.048 49.952
43 50 0.0048 49.9952
35 50 0.048 49.952
39 50 0.0048 49.9952
42 50 0.048 49.952
41 50 0.048 49.952
43 49.9952 0.048 49.9472
34 49.952 0.0048 49.9472
31 50 0.048 49.952
37 50 0.048 49.952
30 50 0.048 49.952
44 50 0.048 49.952
40 50 0.048 49.952
29 50 0.0048 49.9952
36 50 0.0048 49.9952
40 49.952 0.0048 49.9472
40 49.9472 0.16 49.7872
40 49.7872 0.0016 49.7856
26 50 0.016 49.984
26 49.984 0.016 49.968
26 49.968 0.048 49.92
29 49.9952 0.048 49.9472
40 49.7856 0.0048 49.7808
40 49.7808 0.048 49.7328
29 49.9472 0.0048 49.9424
29 49.9424 0.16 49.7824
40 49.7328 0.016 49.7168
40 49.7168 0.016 49.7008
29 49.7824 0.0016 49.7808
40 49.7008 0.048 49.6528
29 49.7808 0.0048 49.776
36 50 0.0048 49.9952
40 49.6528 0.0048 49.648
40 49.648 0.16 49.488
40 49.488 0.0016 49.4864
25 50 0.048 49.952
27 50 0.048 49.952
34 50 0.048 49.952
43 50 0.0048 49.9952
35 50 0.048 49.952
39 50 0.0048 49.9952
42 50 0.048 49.952
41 50 0.048 49.952
29 49.9432 0.048 49.8952
40 49.7035 0.0048 49.6987
40 49.6987 0.048 49.6507
29 49.8952 0.0048 49.8904
29 49.8904 0.16 49.7304
40 49.6507 0.016 49.6347
40 49.6347 0.016 49.6187
29 49.7304 0.0016 49.7288
40 49.6187 0.048 49.5707
29 49.7288 0.0048 49.724
36 49.9952 0.0048 49.9904
36 49.9904 0.048 49.9424
40 49.5707 0.0096 49.5611
40 49.5611 0.16 49.4011
36 49.9424 0.016 49.9264
36 49.9264 0.016 49.9104
40 49.4011 0.0016 49.3995
36 49.9104 0.048 49.8624
40 49.3995 0.0048 49.3947
36 49.8624 0.0048 49.8576
36 49.8576 0.16 49.6976
36 49.6976 0.0016 49.696
39 49.9952 0.016 49.9792
39 49.9792 0.016 49.9632
39 49.9632 0.048 49.9152
35 49.952 0.0048 49.9472
43 49.9952 0.048 49.9472
34 49.952 0.0048 49.9472
31 50 0.048 49.952
31 49.952 0.0048 49.9472
31 49.9472 0.16 49.7872
31 49.7872 0.0016 49.7856
37 50 0.048 49.952
30 50 0.048 49.952
44 50 0.048 49.952
26 50 0.048 49.952
38 50 0.048 49.952
25 50 0.048 49.952
27 50 0.048 49.952
34 50 0.048 49.952
43 50 0.0048 49.9952
35 50 0.048 49.952
39 50 0.0048 49.9952
42 50 0.048 49.952
41 50 0.048 49.952
39 49.9952 0.048 49.9472
35 49.952 0.0048 49.9472
39 49.9472 0.0048 49.9424
39 49.9424 0.16 49.7824
39 49.7824 0.0016 49.7808
43 49.9952 0.048 49.9472
34 49.952 0.0048 49.9472
39 50 0.048 49.952
35 49.9472 0.0048 49.9424
39 49.952 0.0048 49.9472
39 49.9472 0.16 49.7872
39 49.7872 0.0016 49.7856
37 50 0.048 49.952
30 50 0.048 49.952
44 50 0.048 49.952
26 50 0.048 49.952
26 49.952 0.0048 49.9472
26 49.9472 0.16 49.7872
26 49.7872 0.0016 49.7856
39 49.7856 0.016 49.7696
39 49.7696 0.016 49.7536
39 49.7536 0.048 49.7056
35 49.9424 0.0048 49.9376
38 50 0.048 49.952
25 50 0.048 49.952
27 50 0.048 49.952
34 50 0.048 49.952
43 50 0.0048 49.9952
35 50 0.048 49.952
39 49.7056 0.0048 49.7008
42 50 0.048 49.952
41 50 0.048 49.952
43 49.9952 0.048 49.9472
37 50 0.048 49.952
35 49.952 0.0048 49.9472
30 50 0.048 49.952
44 50 0.048 49.952
39 49.9704 0.048 49.9224
39 49.9224 0.0048 49.9176
39 49.9176 0.16 49.7576
39 49.7576 0.0016 49.756
38 50 0.048 49.952
25 50 0.048 49.952
27 50 0.0048 49.9952
36 50 0.0048 49.9952
40 50 0.0048 49.9952
40 49.9952 0.048 49.9472
25 49.952 0.0048 49.9472
25 49.9472 0.16 49.7872
40 49.9472 0.016 49.9312
40 49.9312 0.016 49.9152
25 49.7872 0.0016 49.7856
40 49.9152 0.048 49.8672
25 49.7856 0.0048 49.7808
29 50 0.0048 49.9952
29 49.9952 0.048 49.9472
36 49.9952 0.0048 49.9904
40 49.8672 0.0048 49.8624
40 49.8624 0.16 49.7024
29 49.9472 0.016 49.9312
29 49.9312 0.016 49.9152
40 49.7024 0.0016 49.7008
29 49.9152 0.048 49.8672
36 49.9904 0.0048 49.9856
40 49.7008 0.0048 49.696
27 49.9952 0.048 49.9472
25 49.7808 0.0048 49.776
34 50 0.048 49.952
35 50 0.048 49.952
37 50 0.0048 49.9952
42 50 0.048 49.952
41 50 0.048 49.952
41 49.952 0.0048 49.9472
41 49.9472 0.16 49.7872
41 49.7872 0.0016 49.7856
32 50 0.016 49.984
32 49.984 0.016 49.968
32 49.968 0.048 49.92
32 49.92 0.0048 49.9152
32 49.9152 0.16 49.7552
32 49.7552 0.0016 49.7536
25 49.776 0.016 49.76
25 49.76 0.016 49.744
25 49.744 0.048 49.696
27 50 0.0048 49.9952
36 49.9856 0.0048 49.9808
36 49.9808 0.048 49.9328
25 49.696 0.0048 49.6912
25 49.6912 0.16 49.5312
36 49.9328 0.016 49.9168
36 49.9168 0.016 49.9008
25 49.5312 0.0016 49.5296
36 49.9008 0.048 49.8528
25 49.5296 0.0048 49.5248
29 50 0.0048 49.9952
40 49.8485 0.0048 49.8437
40 49.8437 0.048 49.7957
36 49.8528 0.0048 49.848
36 49.848 0.16 49.688
40 49.7957 0.016 49.7797
40 49.7797 0.016 49.7637
36 49.688 0.0016 49.6864
40 49.7637 0.048 49.7157
29 49.9952 0.0048 49.9904
36 49.6864 0.0048 49.6816
43 50 0.048 49.952
37 49.9952 0.048 49.9472
35 49.952 0.0048 49.9472
30 50 0.048 49.952
44 50 0.048 49.952
38 50 0.048 49.952
29 49.9904 0.048 49.9424
36 49.7906 0.0048 49.7858
29 49.9424 0.0048 49.9376
29 49.9376 0.16 49.7776
29 49.7776 0.0016 49.776
32 50 0.016 49.984
32 49.984 0.016 49.968
32 49.968 0.048 49.92
32 49.92 0.0048 49.9152
32 49.9152 0.16 49.7552
32 49.7552 0.0016 49.7536
41 50 0.016 49.984
41 49.984 0.016 49.968
41 49.968 0.048 49.92
41 49.92 0.0048 49.9152
41 49.9152 0.16 49.7552
41 49.7552 0.0016 49.7536
27 49.9952 0.048 49.9472
25 49.7138 0.0048 49.709
34 50 0.048 49.952
35 50 0.048 49.952
42 50 0.048 49.952
40 49.912 0.048 49.864
36 49.7858 0.0048 49.781
43 50 0.048 49.952
37 50 0.048 49.952
30 50 0.048 49.952
44 50 0.048 49.952
38 50 0.048 49.952
27 50 0.048 49.952
25 50 0.0048 49.9952
36 50 0.0048 49.9952
34 50 0.048 49.952
35 50 0.048 49.952
42 50 0.048 49.952
40 50 0.048 49.952
25 49.9952 0.0048 49.9904
36 49.9952 0.0048 49.9904
43 50 0.048 49.952
37 50 0.048 49.952
30 50 0.048 49.952
44 50 0.048 49.952
44 49.952 0.0048 49.9472
44 49.9472 0.16 49.7872
44 49.7872 0.0016 49.7856
33 50 0.016 49.984
33 49.984 0.016 49.968
33 49.968 0.048 49.92
38 50 0.048 49.952
27 50 0.048 49.952
25 50 0.0048 49.9952
36 50 0.0048 49.9952
34 50 0.048 49.952
35 50 0.048 49.952
42 50 0.048 49.952
40 50 0.048 49.952
25 49.9952 0.0048 49.9904
29 50 0.0048 49.9952
29 49.9952 0.048 49.9472
36 49.9952 0.0048 49.9904
40 49.952 0.0048 49.9472
40 49.9472 0.16 49.7872
29 49.9472 0.016 49.9312
29 49.9312 0.016 49.9152
40 49.7872 0.0016 49.7856
29 49.9152 0.048 49.8672
40 49.7856 0.0048 49.7808
29 49.8672 0.0048 49.8624
29 49.8624 0.16 49.7024
29 49.7024 0.0016 49.7008
26 50 0.016 49.984
26 49.984 0.016 49.968
26 49.968 0.048 49.92
43 50 0.048 49.952
37 50 0.048 49.952
30 50 0.048 49.952
33 50 0.048 49.952
38 50 0.048 49.952
27 50 0.048 49.952
25 50 0.0048 49.9952
36 50 0.0048 49.9952
34 50 0.048 49.952
31 50 0.0048 49.9952
31 49.9952 0.048 49.9472
43 50 0.0048 49.9952
34 49.952 0.0048 49.9472
34 49.9472 0.16 49.7872
31 49.9472 0.016 49.9312
31 49.9312 0.016 49.9152
34 49.7872 0.0016 49.7856
31 49.9152 0.048 49.8672
34 49.7856 0.0048 49.7808
35 50 0.048 49.952
42 50 0.048 49.952
26 50 0.048 49.952
43 49.9952 0.048 49.9472
34 49.7808 0.0048 49.776
37 50 0.048 49.952
30 50 0.048 49.952
33 50 0.048 49.952
38 50 0.048 49.952
27 50 0.048 49.952
25 50 0.0048 49.9952
36 50 0.0048 49.9952
31 49.968 0.048 49.92
34 50 0.0048 49.9952
35 50 0.048 49.952
42 50 0.048 49.952
26 50 0.048 49.952
26 49.952 0.0048 49.9472
26 49.9472 0.16 49.7872
26 49.7872 0.0016 49.7856
39 50 0.016 49.984
39 49.984 0.016 49.968
39 49.968 0.048 49.92
43 50 0.048 49.952
34 49.9952 0.0048 49.9904
37 50 0.048 49.952
30 50 0.048 49.952
33 50 0.048 49.952
38 50 0.048 49.952
27 50 0.048 49.952
25 50 0.0048 49.9952
31 50 0.048 49.952
34 50 0.0048 49.9952
35 50 0.048 49.952
39 50 0.0048 49.9952
42 50 0.048 49.952
39 49.9952 0.048 49.9472
35 49.952 0.0048 49.9472
43 50 0.048 49.952
37 50 0.048 49.952
30 50 0.048 49.952
33 50 0.048 49.952
38 50 0.048 49.952
27 50 0.048 49.952
25 50 0.0048 49.9952
36 50 0.0048 49.9952
31 50 0.048 49.952
34 50 0.0048 49.9952
35 50 0.048 49.952
39 50 0.0048 49.9952
42 50 0.048 49.952
39 49.9952 0.048 49.9472
35 49.952 0.0048 49.9472
37 50 0.0048 49.9952
43 50 0.048 49.952
37 49.9952 0.048 49.9472
39 50 0.0048 49.9952
30 50 0.048 49.952
33 50 0.048 49.952
38 50 0.048 49.952
27 50 0.048 49.952
25 50 0.0048 49.9952
36 50 0.0048 49.9952
31 50 0.048 49.952
34 50 0.0048 49.9952
35 50 0.048 49.952
39 49.9952 0.0048 49.9904
42 50 0.048 49.952
39 49.9904 0.048 49.9424
35 49.952 0.0048 49.9472
37 50 0.0048 49.9952
43 50 0.048 49.952
37 49.9952 0.048 49.9472
39 50 0.0048 49.9952
30 50 0.048 49.952
33 50 0.048 49.952
38 50 0.048 49.952
27 50 0.048 49.952
25 50 0.0048 49.9952
36 50 0.0048 49.9952
31 50 0.048 49.952
35 50 0.048 49.952
39 49.9952 0.0048 49.9904
42 50 0.048 49.952
39 49.9904 0.048 49.9424
35 49.952 0.0048 49.9472
37 50 0.0048 49.9952
39 49.9424 0.0048 49.9376
39 49.9376 0.16 49.7776
39 49.7776 0.0016 49.776
43 50 0.048 49.952
37 49.9952 0.048 49.9472
35 49.9472 0.0048 49.9424
39 49.9495 0.0048 49.9447
39 49.9447 0.048 49.8967
37 49.9472 0.0048 49.9424
37 49.9424 0.16 49.7824
39 49.8967 0.016 49.8807
39 49.8807 0.016 49.8647
37 49.7824 0.0016 49.7808
39 49.8647 0.048 49.8167
35 49.9424 0.0048 49.9376
37 49.7808 0.0048 49.776
30 50 0.048 49.952
33 50 0.048 49.952
38 50 0.048 49.952
27 50 0.048 49.952
36 50 0.0048 49.9952
31 50 0.048 49.952
35 50 0.048 49.952
37 50 0.0048 49.9952
37 49.9952 0.048 49.9472
35 49.952 0.0048 49.9472
35 49.9472 0.16 49.7872
37 49.9472 0.016 49.9312
37 49.9312 0.016 49.9152
35 49.7872 0.0016 49.7856
37 49.9152 0.048 49.8672
35 49.7856 0.0048 49.7808
39 49.8167 0.0048 49.8119
42 50 0.048 49.952
43 50 0.048 49.952
39 50 0.048 49.952
35 49.7808 0.0048 49.776
35 49.776 0.048 49.728
37 49.8672 0.0048 49.8624
39 49.952 0.0048 49.9472
39 49.9472 0.16 49.7872
35 49.728 0.016 49.712
35 49.712 0.016 49.696
39 49.7872 0.0016 49.7856
35 49.696 0.048 49.648
37 49.8624 0.0048 49.8576
39 49.7856 0.0048 49.7808
30 50 0.048 49.952
30 49.952 0.0048 49.9472
30 49.9472 0.16 49.7872
30 49.7872 0.0016 49.7856
32 50 0.016 49.984
32 49.984 0.016 49.968
32 49.968 0.048 49.92
33 50 0.048 49.952
38 50 0.048 49.952
27 50 0.048 49.952
31 50 0.048 49.952
37 50 0.048 49.952
35 50 0.0048 49.9952
39 49.7808 0.0048 49.776
42 50 0.048 49.952
43 50 0.048 49.952
35 49.9952 0.048 49.9472
37 49.952 0.0048 49.9472
39 49.9452 0.0048 49.9404
32 50 0.048 49.952
33 50 0.048 49.952
38 50 0.048 49.952
38 49.952 0.0048 49.9472
38 49.9472 0.16 49.7872
38 49.7872 0.0016 49.7856
44 50 0.016 49.984
44 49.984 0.016 49.968
44 49.968 0.048 49.92
27 50 0.048 49.952
31 50 0.048 49.952
37 50 0.048 49.952
35 50 0.0048 49.9952
39 49.9404 0.0048 49.9356
42 50 0.048 49.952
28 50 0.048 49.952
43 50 0.048 49.952
35 49.9952 0.048 49.9472
37 49.952 0.0048 49.9472
39 50 0.0048 49.9952
32 50 0.048 49.952
33 50 0.048 49.952
44 50 0.048 49.952
27 50 0.048 49.952
36 50 0.0048 49.9952
40 50 0.0048 49.9952
40 49.9952 0.048 49.9472
27 49.952 0.0048 49.9472
27 49.9472 0.16 49.7872
40 49.9472 0.016 49.9312
40 49.9312 0.016 49.9152
27 49.7872 0.0016 49.7856
40 49.9152 0.048 49.8672
27 49.7856 0.0048 49.7808
29 50 0.0048 49.9952
36 49.9952 0.0048 49.9904
31 50 0.048 49.952
37 50 0.048 49.952
35 50 0.0048 49.9952
39 49.9952 0.0048 49.9904
42 50 0.048 49.952
28 50 0.048 49.952
43 50 0.048 49.952
35 49.9952 0.048 49.9472
37 49.952 0.0048 49.9472
39 50 0.0048 49.9952
32 50 0.048 49.952
33 50 0.048 49.952
44 50 0.048 49.952
40 50 0.048 49.952
29 50 0.0048 49.9952
36 50 0.0048 49.9952
31 50 0.048 49.952
37 50 0.048 49.952
35 50 0.0048 49.9952
42 50 0.048 49.952
28 50 0.048 49.952
43 50 0.048 49.952
35 49.9952 0.048 49.9472
37 49.952 0.0048 49.9472
39 50 0.0048 49.9952
32 50 0.048 49.952
33 50 0.048 49.952
44 50 0.048 49.952
44 49.952 0.0048 49.9472
44 49.9472 0.16 49.7872
44 49.7872 0.0016 49.7856
41 50 0.016 49.984
41 49.984 0.016 49.968
41 49.968 0.048 49.92
40 50 0.048 49.952
29 50 0.0048 49.9952
36 50 0.0048 49.9952
31 50 0.048 49.952
37 50 0.048 49.952
39 49.9952 0.0048 49.9904
42 50 0.048 49.952
28 50 0.048 49.952
43 50 0.048 49.952
35 50 0.048 49.952
39 50 0.0048 49.9952
32 50 0.048 49.952
33 50 0.048 49.952
41 50 0.048 49.952
41 49.952 0.0048 49.9472
41 49.9472 0.16 49.7872
41 49.7872 0.0016 49.7856
30 50 0.016 49.984
30 49.984 0.016 49.968
30 49.968 0.048 49.92
30 49.92 0.0048 49.9152
30 49.9152 0.16 49.7552
30 49.7552 0.0016 49.7536
40 50 0.048 49.952
36 50 0.0048 49.9952
31 50 0.048 49.952
34 50 0.0048 49.9952
37 50 0.048 49.952
42 50 0.048 49.952
28 50 0.048 49.952
43 50 0.048 49.952
35 50 0.048 49.952
39 50 0.0048 49.9952
32 50 0.048 49.952
33 50 0.048 49.952
40 50 0.048 49.952
29 50 0.0048 49.9952
36 50 0.0048 49.9952
31 50 0.048 49.952
37 50 0.048 49.952
42 50 0.048 49.952
28 50 0.048 49.952
43 50 0.048 49.952
43 49.952 0.0048 49.9472
43 49.9472 0.16 49.7872
43 49.7872 0.0016 49.7856
35 50 0.048 49.952
37 49.952 0.0048 49.9472
39 50 0.0048 49.9952
32 50 0.048 49.952
33 50 0.048 49.952
40 50 0.048 49.952
29 50 0.0048 49.9952
36 50 0.0048 49.9952
31 50 0.048 49.952
37 50 0.048 49.952
35 50 0.0048 49.9952
39 49.9952 0.0048 49.9904
42 50 0.048 49.952
42 49.952 0.0048 49.9472
42 49.9472 0.16 49.7872
42 49.7872 0.0016 49.7856
28 50 0.048 49.952
35 49.9952 0.048 49.9472
37 49.952 0.0048 49.9472
39 50 0.0048 49.9952
32 50 0.048 49.952
33 50 0.048 49.952
40 50 0.048 49.952
29 50 0.0048 49.9952
36 50 0.0048 49.9952
31 50 0.048 49.952
34 50 0.0048 49.9952
37 50 0.048 49.952
35 50 0.0048 49.9952
39 49.9952 0.0048 49.9904
28 50 0.048 49.952
35 49.9952 0.048 49.9472
37 49.952 0.0048 49.9472
39 50 0.0048 49.9952
32 50 0.048 49.952
33 50 0.048 49.952
29 50 0.048 49.952
27 50 0.0048 49.9952
27 49.9952 0.048 49.9472
36 50 0.0048 49.9952
36 49.9952 0.048 49.9472
40 50 0.0048 49.9952
29 49.952 0.0096 49.9424
29 49.9424 0.16 49.7824
36 49.9472 0.016 49.9312
36 49.9312 0.016 49.9152
29 49.7824 0.0016 49.7808
36 49.9152 0.048 49.8672
29 49.7808 0.0048 49.776
40 49.9952 0.0048 49.9904
40 49.9904 0.048 49.9424
25 50 0.0048 49.9952
29 49.776 0.0048 49.7712
36 49.8672 0.0048 49.8624
31 50 0.048 49.952
34 50 0.0048 49.9952
37 50 0.048 49.952
35 50 0.0048 49.9952
28 50 0.048 49.952
35 49.9952 0.048 49.9472
37 49.952 0.0048 49.9472
39 50 0.0048 49.9952
32 50 0.048 49.952
33 50 0.048 49.952
36 50 0.048 49.952
29 50 0.0048 49.9952
40 50 0.0048 49.9952
40 49.9952 0.048 49.9472
25 50 0.0048 49.9952
29 49.9952 0.0048 49.9904
36 49.952 0.0048 49.9472
31 50 0.048 49.952
37 50 0.048 49.952
35 50 0.0048 49.9952
28 50 0.048 49.952
35 49.9952 0.048 49.9472
37 49.952 0.0048 49.9472
39 50 0.0048 49.9952
32 50 0.048 49.952
33 50 0.048 49.952
36 50 0.048 49.952
25 50 0.0048 49.9952
25 49.9952 0.048 49.9472
27 50 0.0048 49.9952
27 49.9952 0.048 49.9472
29 50 0.0048 49.9952
40 50 0.0048 49.9952
36 49.952 0.0144 49.9376
36 49.9376 0.16 49.7776
36 49.7776 0.0016 49.776
26 50 0.016 49.984
26 49.984 0.016 49.968
26 49.968 0.048 49.92
40 49.9952 0.048 49.9472
25 49.9472 0.0048 49.9424
29 49.9952 0.0048 49.9904
36 49.776 0.0048 49.7712
40 49.9472 0.0048 49.9424
40 49.9424 0.16 49.7824
40 49.7824 0.0016 49.7808
31 50 0.048 49.952
31 49.952 0.0048 49.9472
31 49.9472 0.16 49.7872
31 49.7872 0.0016 49.7856
43 50 0.016 49.984
43 49.984 0.016 49.968
43 49.968 0.048 49.92
37 50 0.048 49.952
35 50 0.0048 49.9952
37 49.952 0.0048 49.9472
37 49.9472 0.16 49.7872
37 49.7872 0.0016 49.7856
28 50 0.048 49.952
35 49.9952 0.048 49.9472
37 49.7856 0.0048 49.7808
39 50 0.0048 49.9952
32 50 0.048 49.952
33 50 0.048 49.952
26 50 0.048 49.952
43 50 0.048 49.952
28 50 0.048 49.952
35 50 0.048 49.952
37 49.9793 0.0048 49.9745
39 50 0.0048 49.9952
32 50 0.048 49.952
33 50 0.048 49.952
33 49.952 0.0048 49.9472
33 49.9472 0.16 49.7872
33 49.7872 0.0016 49.7856
26 50 0.048 49.952
43 50 0.048 49.952
34 50 0.0048 49.9952
28 50 0.048 49.952
35 50 0.048 49.952
37 50 0.0048 49.9952
39 50 0.0048 49.9952
32 50 0.048 49.952
26 50 0.048 49.952
43 50 0.048 49.952
28 50 0.048 49.952
35 50 0.048 49.952
37 50 0.0048 49.9952
39 50 0.0048 49.9952
32 50 0.048 49.952
26 50 0.048 49.952
43 50 0.048 49.952
28 50 0.048 49.952
35 50 0.048 49.952
39 50 0.0048 49.9952
32 50 0.048 49.952
26 50 0.048 49.952
43 50 0.048 49.952
37 50 0.048 49.952
37 49.952 0.0048 49.9472
37 49.9472 0.16 49.7872
37 49.7872 0.0016 49.7856
39 49.9952 0.016 49.9792
39 49.9792 0.016 49.9632
39 49.9632 0.048 49.9152
35 50 0.0048 49.9952
28 50 0.048 49.952
35 49.9952 0.048 49.9472
39 50 0.0048 49.9952
32 50 0.048 49.952
26 50 0.048 49.952
43 50 0.048 49.952
39 49.9952 0.048 49.9472
35 50 0.0048 49.9952
28 50 0.048 49.952
41 50 0.048 49.952
35 49.9952 0.048 49.9472
39 50 0.0048 49.9952
32 50 0.048 49.952
26 50 0.048 49.952
43 50 0.048 49.952
34 50 0.0048 49.9952
39 49.9952 0.048 49.9472
35 50 0.0048 49.9952
28 50 0.048 49.952
41 50 0.048 49.952
36 50 0.048 49.952
25 50 0.0048 49.9952
25 49.9952 0.048 49.9472
40 50 0.0048 49.9952
40 49.9952 0.048 49.9472
36 49.952 0.0096 49.9424
36 49.9424 0.16 49.7824
40 49.9472 0.016 49.9312
40 49.9312 0.016 49.9152
36 49.7824 0.0016 49.7808
40 49.9152 0.048 49.8672
29 50 0.0048 49.9952
29 49.9952 0.048 49.9472
36 49.7808 0.0048 49.776
40 49.8672 0.0048 49.8624
40 49.8624 0.16 49.7024
29 49.9472 0.016 49.9312
29 49.9312 0.016 49.9152
40 49.7024 0.0016 49.7008
29 49.9152 0.048 49.8672
27 50 0.0048 49.9952
27 49.9952 0.048 49.9472
40 49.7008 0.0048 49.696
29 49.8672 0.0048 49.8624
29 49.8624 0.16 49.7024
27 49.9472 0.016 49.9312
27 49.9312 0.016 49.9152
29 49.7024 0.0016 49.7008
27 49.9152 0.048 49.8672
29 49.7008 0.0048 49.696
35 49.9952 0.048 49.9472
39 50 0.0048 49.9952
32 50 0.048 49.952
26 50 0.048 49.952
43 50 0.048 49.952
34 50 0.0048 49.9952
33 50 0.048 49.952
39 49.9952 0.048 49.9472
35 50 0.0048 49.9952
28 50 0.048 49.952
41 50 0.048 49.952
27 50 0.048 49.952
29 50 0.0048 49.9952
35 49.9952 0.048 49.9472
39 50 0.0048 49.9952
32 50 0.048 49.952
26 50 0.048 49.952
43 50 0.048 49.952
33 50 0.048 49.952
39 49.9952 0.048 49.9472
35 50 0.0048 49.9952
28 50 0.048 49.952
41 50 0.048 49.952
27 50 0.048 49.952
29 50 0.0048 49.9952
40 50 0.0048 49.9952
35 49.9952 0.048 49.9472
39 50 0.0048 49.9952
32 50 0.048 49.952
26 50 0.048 49.952
34 50 0.048 49.952
43 50 0.048 49.952
33 50 0.048 49.952
33 49.952 0.0048 49.9472
33 49.9472 0.16 49.7872
33 49.7872 0.0016 49.7856
42 50 0.016 49.984
42 49.984 0.016 49.968
42 49.968 0.048 49.92
39 49.9952 0.048 49.9472
35 50 0.0048 49.9952
28 50 0.048 49.952
41 50 0.048 49.952
27 50 0.048 49.952
29 50 0.0048 49.9952
40 50 0.0048 49.9952
35 49.9952 0.048 49.9472
39 50 0.0048 49.9952
32 50 0.048 49.952
26 50 0.048 49.952
34 50 0.048 49.952
43 50 0.048 49.952
42 50 0.048 49.952
39 49.9952 0.048 49.9472
35 50 0.0048 49.9952
44 50 0.048 49.952
28 50 0.048 49.952
41 50 0.048 49.952
27 50 0.048 49.952
29 50 0.0048 49.9952
36 50 0.0048 49.9952
40 50 0.0048 49.9952
35 49.9952 0.048 49.9472
39 50 0.0048 49.9952
32 50 0.048 49.952
26 50 0.048 49.952
34 50 0.048 49.952
43 50 0.048 49.952
42 50 0.048 49.952
39 49.9952 0.048 49.9472
35 50 0.0048 49.9952
44 50 0.048 49.952
28 50 0.048 49.952
41 50 0.048 49.952
27 50 0.048 49.952
25 50 0.0048 49.9952
25 49.9952 0.048 49.9472
36 50 0.0048 49.9952
40 50 0.0048 49.9952
27 49.952 0.0048 49.9472
27 49.9472 0.16 49.7872
25 49.9472 0.016 49.9312
25 49.9312 0.016 49.9152
27 49.7872 0.0016 49.7856
25 49.9152 0.048 49.8672
27 49.7856 0.0048 49.7808
36 49.9952 0.0048 49.9904
40 49.9952 0.0048 49.9904
25 49.8672 0.0048 49.8624
25 49.8624 0.16 49.7024
25 49.7024 0.0016 49.7008
37 50 0.016 49.984
37 49.984 0.016 49.968
37 49.968 0.048 49.92
35 49.9952 0.048 49.9472
39 50 0.0048 49.9952
32 50 0.048 49.952
26 50 0.048 49.952
26 49.952 0.0048 49.9472
26 49.9472 0.16 49.7872
26 49.7872 0.0016 49.7856
31 50 0.016 49.984
31 49.984 0.016 49.968
31 49.968 0.048 49.92
34 50 0.048 49.952
43 50 0.048 49.952
42 50 0.048 49.952
39 49.9952 0.048 49.9472
35 50 0.0048 49.9952
44 50 0.048 49.952
28 50 0.048 49.952
41 50 0.048 49.952
37 50 0.048 49.952
35 49.9952 0.048 49.9472
39 50 0.0048 49.9952
32 50 0.048 49.952
31 50 0.048 49.952
31 49.952 0.0048 49.9472
31 49.9472 0.16 49.7872
31 49.7872 0.0016 49.7856
34 50 0.048 49.952
43 50 0.048 49.952
42 50 0.048 49.952
39 49.9952 0.048 49.9472
35 50 0.0048 49.9952
44 50 0.048 49.952
28 50 0.048 49.952
41 50 0.048 49.952
37 50 0.048 49.952
35 49.9952 0.048 49.9472
39 50 0.0048 49.9952
32 50 0.048 49.952
34 50 0.048 49.952
43 50 0.048 49.952
42 50 0.048 49.952
39 49.9952 0.048 49.9472
35 50 0.0048 49.9952
44 50 0.048 49.952
38 50 0.0048 49.9952
38 49.9952 0.048 49.9472
44 49.952 0.0048 49.9472
44 49.9472 0.16 49.7872
38 49.9472 0.016 49.9312
38 49.9312 0.016 49.9152
44 49.7872 0.0016 49.7856
38 49.9152 0.048 49.8672
44 49.7856 0.0048 49.7808
28 50 0.048 49.952
41 50 0.048 49.952
37 50 0.048 49.952
35 49.9952 0.048 49.9472
39 50 0.0048 49.9952
32 50 0.048 49.952
34 50 0.048 49.952
43 50 0.048 49.952
42 50 0.048 49.952
39 49.9952 0.048 49.9472
35 50 0.0048 49.9952
39 49.9472 0.0048 49.9424
39 49.9424 0.16 49.7824
39 49.7824 0.0016 49.7808
31 50 0.016 49.984
31 49.984 0.016 49.968
31 49.968 0.048 49.92
31 49.92 0.0048 49.9152
31 49.9152 0.16 49.7552
31 49.7552 0.0016 49.7536
38 50 0.048 49.952
28 50 0.048 49.952
41 50 0.048 49.952
37 50 0.048 49.952
35 49.9952 0.048 49.9472
39 50 0.0048 49.9952
32 50 0.048 49.952
34 50 0.048 49.952
43 50 0.048 49.952
42 50 0.048 49.952
38 50 0.048 49.952
28 50 0.048 49.952
41 50 0.048 49.952
41 49.952 0.0048 49.9472
41 49.9472 0.16 49.7872
41 49.7872 0.0016 49.7856
33 50 0.016 49.984
33 49.984 0.016 49.968
33 49.968 0.048 49.92
37 50 0.048 49.952
35 50 0.048 49.952
39 50 0.0048 49.9952
32 50 0.048 49.952
34 50 0.048 49.952
43 50 0.048 49.952
42 50 0.048 49.952
38 50 0.048 49.952
28 50 0.048 49.952
33 50 0.048 49.952
37 50 0.048 49.952
35 50 0.048 49.952
39 50 0.0048 49.9952
32 50 0.048 49.952
34 50 0.048 49.952
43 50 0.0048 49.9952
43 49.9952 0.048 49.9472
34 49.952 0.0048 49.9472
42 50 0.048 49.952
38 50 0.048 49.952
28 50 0.048 49.952
33 50 0.048 49.952
37 50 0.048 49.952
35 50 0.048 49.952
39 50 0.0048 49.9952
27 50 0.048 49.952
25 50 0.0048 49.9952
25 49.9952 0.048 49.9472
27 49.952 0.0048 49.9472
27 49.9472 0.16 49.7872
25 49.9472 0.016 49.9312
25 49.9312 0.016 49.9152
27 49.7872 0.0016 49.7856
25 49.9152 0.048 49.8672
27 49.7856 0.0048 49.7808
29 50 0.0048 49.9952
29 49.9952 0.048 49.9472
36 50 0.0048 49.9952
36 49.9952 0.048 49.9472
25 49.8672 0.0096 49.8576
25 49.8576 0.16 49.6976
36 49.9472 0.016 49.9312
36 49.9312 0.016 49.9152
25 49.6976 0.0016 49.696
36 49.9152 0.048 49.8672
25 49.696 0.0048 49.6912
29 49.9472 0.0048 49.9424
29 49.9424 0.048 49.8944
36 49.8672 0.0096 49.8576
36 49.8576 0.16 49.6976
29 49.8944 0.016 49.8784
29 49.8784 0.016 49.8624
36 49.6976 0.0016 49.696
29 49.8624 0.048 49.8144
25 49.6912 0.0048 49.6864
36 49.696 0.0048 49.6912
40 50 0.0048 49.9952
40 49.9952 0.048 49.9472
29 49.8144 0.0048 49.8096
29 49.8096 0.16 49.6496
40 49.9472 0.016 49.9312
40 49.9312 0.016 49.9152
29 49.6496 0.0016 49.648
40 49.9152 0.048 49.8672
29 49.648 0.0048 49.6432
32 50 0.048 49.952
34 50 0.048 49.952
43 50 0.0048 49.9952
34 49.952 0.0048 49.9472
34 49.9472 0.16 49.7872
34 49.7872 0.0016 49.7856
43 49.9952 0.048 49.9472
34 49.7856 0.0048 49.7808
42 50 0.048 49.952
38 50 0.048 49.952
28 50 0.048 49.952
33 50 0.048 49.952
39 50 0.048 49.952
35 50 0.0048 49.9952
39 49.952 0.0048 49.9472
39 49.9472 0.16 49.7872
39 49.7872 0.0016 49.7856
34 49.7808 0.016 49.7648
34 49.7648 0.016 49.7488
34 49.7488 0.048 49.7008
37 50 0.048 49.952
35 49.9952 0.048 49.9472
39 49.7856 0.0048 49.7808
40 50 0.048 49.952
32 50 0.048 49.952
43 50 0.048 49.952
42 50 0.048 49.952
38 50 0.048 49.952
38 49.952 0.0048 49.9472
38 49.9472 0.16 49.7872
38 49.7872 0.0016 49.7856
41 50 0.016 49.984
41 49.984 0.016 49.968
41 49.968 0.048 49.92
28 50 0.048 49.952
33 50 0.048 49.952
34 50 0.048 49.952
34 49.952 0.0048 49.9472
34 49.9472 0.16 49.7872
34 49.7872 0.0016 49.7856
37 50 0.048 49.952
35 50 0.048 49.952
40 50 0.048 49.952
29 50 0.0048 49.9952
32 50 0.048 49.952
43 50 0.048 49.952
42 50 0.048 49.952
30 50 0.048 49.952
41 50 0.048 49.952
41 49.952 0.0048 49.9472
41 49.9472 0.16 49.7872
41 49.7872 0.0016 49.7856
27 50 0.016 49.984
27 49.984 0.016 49.968
27 49.968 0.048 49.92
25 50 0.0048 49.9952
25 49.9952 0.048 49.9472
36 50 0.0048 49.9952
36 49.9952 0.048 49.9472
27 49.92 0.0096 49.9104
27 49.9104 0.16 49.7504
36 49.9472 0.016 49.9312
36 49.9312 0.016 49.9152
27 49.7504 0.0016 49.7488
36 49.9152 0.048 49.8672
25 49.9472 0.0048 49.9424
25 49.9424 0.048 49.8944
27 49.7488 0.0048 49.744
36 49.8672 0.0048 49.8624
36 49.8624 0.16 49.7024
25 49.8944 0.016 49.8784
25 49.8784 0.016 49.8624
36 49.7024 0.0016 49.7008
25 49.8624 0.048 49.8144
27 49.744 0.0048 49.7392
29 50 0.0048 49.9952
29 49.9952 0.048 49.9472
36 49.7008 0.0048 49.696
25 49.8144 0.0048 49.8096
25 49.8096 0.16 49.6496
29 49.9472 0.016 49.9312
29 49.9312 0.016 49.9152
25 49.6496 0.0016 49.648
29 49.9152 0.048 49.8672
25 49.648 0.0048 49.6432
40 50 0.0048 49.9952
28 50 0.048 49.952
33 50 0.048 49.952
37 50 0.048 49.952
35 50 0.048 49.952
40 49.9952 0.048 49.9472
29 49.8672 0.0048 49.8624
32 50 0.048 49.952
43 50 0.048 49.952
34 50 0.0048 49.9952
43 49.952 0.0048 49.9472
43 49.9472 0.16 49.7872
43 49.7872 0.0016 49.7856
42 50 0.048 49.952
42 49.952 0.0048 49.9472
42 49.9472 0.16 49.7872
42 49.7872 0.0016 49.7856
25 49.7923 0.016 49.7763
25 49.7763 0.016 49.7603
25 49.7603 0.048 49.7123
27 49.7392 0.0048 49.7344
27 49.7344 0.048 49.6864
29 50 0.0048 49.9952
36 49.904 0.0048 49.8992
36 49.8992 0.048 49.8512
25 49.7123 0.0144 49.6979
25 49.6979 0.16 49.5379
25 49.5379 0.0016 49.5363
26 50 0.016 49.984
26 49.984 0.016 49.968
26 49.968 0.048 49.92
26 49.92 0.0048 49.9152
26 49.9152 0.16 49.7552
26 49.7552 0.0016 49.7536
39 50 0.016 49.984
39 49.984 0.016 49.968
39 49.968 0.048 49.92
30 50 0.048 49.952
29 49.9952 0.048 49.9472
25 49.5363 0.0048 49.5315
27 50 0.0048 49.9952
36 49.8512 0.0048 49.8464
40 50 0.0048 49.9952
28 50 0.048 49.952
33 50 0.048 49.952
37 50 0.048 49.952
35 50 0.048 49.952
35 49.952 0.0048 49.9472
35 49.9472 0.16 49.7872
35 49.7872 0.0016 49.7856
40 49.9952 0.048 49.9472
32 50 0.048 49.952
39 50 0.048 49.952
30 50 0.048 49.952
30 49.952 0.0048 49.9472
30 49.9472 0.16 49.7872
30 49.7872 0.0016 49.7856
41 50 0.016 49.984
41 49.984 0.016 49.968
41 49.968 0.048 49.92
29 50 0.048 49.952
25 49.7329 0.0048 49.7281
27 50 0.0048 49.9952
36 50 0.0048 49.9952
28 50 0.048 49.952
33 50 0.048 49.952
37 50 0.048 49.952
35 49.8986 0.0048 49.8938
35 49.8938 0.048 49.8458
37 49.952 0.0048 49.9472
37 49.9472 0.16 49.7872
35 49.8458 0.016 49.8298
35 49.8298 0.016 49.8138
37 49.7872 0.0016 49.7856
35 49.8138 0.048 49.7658
37 49.7856 0.0048 49.7808
40 50 0.048 49.952
32 50 0.048 49.952
25 49.9411 0.048 49.8931
27 49.9952 0.0048 49.9904
27 49.9904 0.048 49.9424
29 49.952 0.0048 49.9472
36 50 0.0048 49.9952
36 49.9952 0.048 49.9472
25 49.8931 0.0096 49.8835
25 49.8835 0.16 49.7235
36 49.9472 0.016 49.9312
36 49.9312 0.016 49.9152
25 49.7235 0.0016 49.7219
36 49.9152 0.048 49.8672
25 49.7219 0.0048 49.7171
27 49.9424 0.0048 49.9376
27 49.9376 0.048 49.8896
29 49.9472 0.0048 49.9424
36 49.8672 0.0096 49.8576
36 49.8576 0.16 49.6976
27 49.8896 0.016 49.8736
27 49.8736 0.016 49.8576
36 49.6976 0.0016 49.696
27 49.8576 0.048 49.8096
25 49.7171 0.0048 49.7123
29 49.9424 0.0048 49.9376
36 49.696 0.0048 49.6912
39 50 0.048 49.952
39 49.952 0.0048 49.9472
39 49.9472 0.16 49.7872
39 49.7872 0.0016 49.7856
37 50 0.016 49.984
37 49.984 0.016 49.968
37 49.968 0.048 49.92
35 50 0.0048 49.9952
41 50 0.048 49.952
29 50 0.048 49.952
25 49.7123 0.0048 49.7075
27 50 0.0048 49.9952
36 49.6912 0.0048 49.6864
29 49.952 0.0048 49.9472
29 49.9472 0.16 49.7872
29 49.7872 0.0016 49.7856
26 50 0.016 49.984
26 49.984 0.016 49.968
26 49.968 0.048 49.92
28 50 0.048 49.952
28 49.952 0.0048 49.9472
28 49.9472 0.16 49.7872
28 49.7872 0.0016 49.7856
33 50 0.048 49.952
35 49.9952 0.048 49.9472
37 49.92 0.0048 49.9152
35 49.9472 0.0048 49.9424
35 49.9424 0.16 49.7824
35 49.7824 0.0016 49.7808
30 50 0.016 49.984
30 49.984 0.016 49.968
30 49.968 0.048 49.92
40 50 0.048 49.952
32 50 0.048 49.952
27 49.9952 0.048 49.9472
25 49.8929 0.0048 49.8881
29 49.7856 0.0048 49.7808
29 49.7808 0.048 49.7328
36 50 0.0048 49.9952
27 49.9472 0.0096 49.9376
27 49.9376 0.16 49.7776
29 49.7328 0.016 49.7168
29 49.7168 0.016 49.7008
27 49.7776 0.0016 49.776
29 49.7008 0.048 49.6528
25 49.8881 0.0048 49.8833
27 49.776 0.0048 49.7712
36 49.9952 0.0048 49.9904
29 49.6528 0.0048 49.648
29 49.648 0.16 49.488
29 49.488 0.0016 49.4864
37 50 0.048 49.952
35 50 0.0048 49.9952
35 49.9952 0.048 49.9472
39 50 0.0048 49.9952
37 49.952 0.0048 49.9472
37 49.9472 0.16 49.7872
35 49.9472 0.016 49.9312
35 49.9312 0.016 49.9152
37 49.7872 0.0016 49.7856
35 49.9152 0.048 49.8672
37 49.7856 0.0048 49.7808
39 49.9952 0.0048 49.9904
41 50 0.048 49.952
26 50 0.048 49.952
33 50 0.048 49.952
30 50 0.048 49.952
40 50 0.048 49.952
32 50 0.048 49.952
35 50 0.048 49.952
37 49.9107 0.0048 49.9059
35 49.952 0.0048 49.9472
35 49.9472 0.16 49.7872
35 49.7872 0.0016 49.7856
41 50 0.048 49.952
31 50 0.048 49.952
26 50 0.048 49.952
26 49.952 0.0048 49.9472
26 49.9472 0.16 49.7872
26 49.7872 0.0016 49.7856
35 49.7856 0.016 49.7696
35 49.7696 0.016 49.7536
35 49.7536 0.048 49.7056
37 49.9059 0.0048 49.9011
37 49.9011 0.048 49.8531
35 49.7056 0.0048 49.7008
35 49.7008 0.16 49.5408
37 49.8531 0.016 49.8371
37 49.8371 0.016 49.8211
35 49.5408 0.0016 49.5392
37 49.8211 0.048 49.7731
35 49.5392 0.0048 49.5344
39 50 0.0048 49.9952
39 49.9952 0.048 49.9472
37 49.7731 0.0048 49.7683
37 49.7683 0.16 49.6083
39 49.9472 0.016 49.9312
39 49.9312 0.016 49.9152
37 49.6083 0.0016 49.6067
39 49.9152 0.048 49.8672
37 49.6067 0.0048 49.6019
33 50 0.048 49.952
30 50 0.048 49.952
40 50 0.048 49.952
32 50 0.048 49.952
38 50 0.048 49.952
38 49.952 0.0048 49.9472
38 49.9472 0.16 49.7872
38 49.7872 0.0016 49.7856
44 50 0.016 49.984
44 49.984 0.016 49.968
44 49.968 0.048 49.92
41 50 0.048 49.952
31 50 0.048 49.952
39 49.9996 0.048 49.9516
33 50 0.048 49.952
30 50 0.048 49.952
40 50 0.048 49.952
32 50 0.048 49.952
44 50 0.048 49.952
41 50 0.048 49.952
31 50 0.048 49.952
39 50 0.048 49.952
35 50 0.0048 49.9952
39 49.952 0.0048 49.9472
39 49.9472 0.16 49.7872
39 49.7872 0.0016 49.7856
33 50 0.048 49.952
30 50 0.048 49.952
40 50 0.048 49.952
36 50 0.0048 49.9952
32 50 0.048 49.952
44 50 0.048 49.952
41 50 0.048 49.952
31 50 0.048 49.952
33 50 0.048 49.952
30 50 0.048 49.952
40 50 0.048 49.952
36 50 0.0048 49.9952
32 50 0.048 49.952
44 50 0.048 49.952
42 50 0.048 49.952
41 50 0.048 49.952
31 50 0.048 49.952
33 50 0.048 49.952
30 50 0.048 49.952
40 50 0.048 49.952
27 50 0.0048 49.9952
29 50 0.0048 49.9952
36 50 0.0048 49.9952
32 50 0.048 49.952
44 50 0.048 49.952
42 50 0.048 49.952
42 49.952 0.0048 49.9472
42 49.9472 0.16 49.7872
42 49.7872 0.0016 49.7856
27 49.9952 0.016 49.9792
27 49.9792 0.016 49.9632
27 49.9632 0.048 49.9152
29 50 0.0048 49.9952
29 49.9952 0.048 49.9472
36 50 0.0048 49.9952
36 49.9952 0.048 49.9472
40 49.952 0.0048 49.9472
27 49.9152 0.0144 49.9008
27 49.9008 0.16 49.7408
27 49.7408 0.0016 49.7392
25 50 0.016 49.984
25 49.984 0.016 49.968
25 49.968 0.048 49.92
41 50 0.048 49.952
31 50 0.048 49.952
33 50 0.048 49.952
30 50 0.048 49.952
40 50 0.048 49.952
36 49.9472 0.0048 49.9424
32 50 0.048 49.952
44 50 0.048 49.952
25 50 0.048 49.952
36 50 0.0048 49.9952
36 49.9952 0.048 49.9472
25 49.952 0.0048 49.9472
25 49.9472 0.16 49.7872
36 49.9472 0.016 49.9312
36 49.9312 0.016 49.9152
25 49.7872 0.0016 49.7856
36 49.9152 0.048 49.8672
25 49.7856 0.0048 49.7808
27 49.9815 0.0048 49.9767
29 50 0.0048 49.9952
29 49.9952 0.048 49.9472
40 49.952 0.0048 49.9472
36 49.8672 0.0096 49.8576
36 49.8576 0.16 49.6976
29 49.9472 0.016 49.9312
29 49.9312 0.016 49.9152
36 49.6976 0.0016 49.696
29 49.9152 0.048 49.8672
27 49.9767 0.0048 49.9719
36 49.696 0.0048 49.6912
29 49.8672 0.0048 49.8624
29 49.8624 0.16 49.7024
29 49.7024 0.0016 49.7008
26 50 0.016 49.984
26 49.984 0.016 49.968
26 49.968 0.048 49.92
41 50 0.048 49.952
31 50 0.048 49.952
29 49.7008 0.048 49.6528
27 50 0.0048 49.9952
27 49.9952 0.048 49.9472
36 49.6912 0.0048 49.6864
36 49.6864 0.048 49.6384
29 49.6528 0.0144 49.6384
29 49.6384 0.16 49.4784
29 49.4784 0.0016 49.4768
25 49.7808 0.016 49.7648
25 49.7648 0.016 49.7488
25 49.7488 0.048 49.7008
36 49.6384 0.0048 49.6336
36 49.6336 0.048 49.5856
25 49.7008 0.0048 49.696
25 49.696 0.16 49.536
36 49.5856 0.016 49.5696
36 49.5696 0.016 49.5536
25 49.536 0.0016 49.5344
36 49.5536 0.048 49.5056
25 49.5344 0.0048 49.5296
27 49.9472 0.0048 49.9424
27 49.9424 0.048 49.8944
29 49.4768 0.0048 49.472
40 50 0.0048 49.9952
36 49.5056 0.0048 49.5008
36 49.5008 0.16 49.3408
27 49.8944 0.016 49.8784
27 49.8784 0.016 49.8624
36 49.3408 0.0016 49.3392
27 49.8624 0.048 49.8144
29 49.472 0.0048 49.4672
36 49.3392 0.0048 49.3344
33 50 0.048 49.952
30 50 0.048 49.952
40 49.9952 0.048 49.9472
36 49.3344 0.0048 49.3296
32 50 0.048 49.952
44 50 0.048 49.952
38 50 0.0048 49.9952
26 50 0.048 49.952
41 50 0.048 49.952
31 50 0.048 49.952
27 50 0.048 49.952
29 49.7043 0.0048 49.6995
36 49.6659 0.0048 49.6611
33 50 0.048 49.952
30 50 0.048 49.952
40 50 0.048 49.952
36 49.6611 0.0048 49.6563
32 50 0.048 49.952
44 50 0.048 49.952
37 50 0.048 49.952
37 49.952 0.0048 49.9472
37 49.9472 0.16 49.7872
37 49.7872 0.0016 49.7856
25 50 0.016 49.984
25 49.984 0.016 49.968
25 49.968 0.048 49.92
26 50 0.048 49.952
41 50 0.048 49.952
31 50 0.048 49.952
27 50 0.048 49.952
29 50 0.0048 49.9952
36 50 0.0048 49.9952
33 50 0.048 49.952
30 50 0.048 49.952
40 50 0.048 49.952
36 49.9952 0.0048 49.9904
32 50 0.048 49.952
44 50 0.048 49.952
38 50 0.0048 49.9952
25 50 0.048 49.952
26 50 0.048 49.952
41 50 0.048 49.952
31 50 0.048 49.952
27 50 0.048 49.952
29 50 0.0048 49.9952
36 50 0.0048 49.9952
27 49.952 0.0048 49.9472
27 49.9472 0.16 49.7872
27 49.7872 0.0016 49.7856
35 50 0.016 49.984
35 49.984 0.016 49.968
35 49.968 0.048 49.92
37 49.938 0.0048 49.9332
37 49.9332 0.048 49.8852
39 50 0.0048 49.9952
39 49.9952 0.048 49.9472
35 49.92 0.0096 49.9104
35 49.9104 0.16 49.7504
39 49.9472 0.016 49.9312
39 49.9312 0.016 49.9152
35 49.7504 0.0016 49.7488
39 49.9152 0.048 49.8672
35 49.7488 0.0048 49.744
37 49.8852 0.0048 49.8804
37 49.8804 0.048 49.8324
39 49.8672 0.0048 49.8624
39 49.8624 0.16 49.7024
37 49.8324 0.016 49.8164
37 49.8164 0.016 49.8004
39 49.7024 0.0016 49.7008
37 49.8004 0.048 49.7524
35 49.744 0.0048 49.7392
39 49.7008 0.0048 49.696
33 50 0.048 49.952
30 50 0.048 49.952
30 49.952 0.0048 49.9472
30 49.9472 0.16 49.7872
30 49.7872 0.0016 49.7856
39 49.696 0.016 49.68
39 49.68 0.016 49.664
39 49.664 0.048 49.616
35 49.7392 0.0048 49.7344
37 49.7524 0.0048 49.7476
40 50 0.048 49.952
29 49.9952 0.0048 49.9904
36 49.9952 0.0048 49.9904
32 50 0.048 49.952
44 50 0.048 49.952
38 50 0.0048 49.9952
25 50 0.048 49.952
26 50 0.048 49.952
41 50 0.048 49.952
31 50 0.048 49.952
37 50 0.048 49.952
35 49.8709 0.0048 49.8661
39 49.8052 0.0048 49.8004
37 49.952 0.0048 49.9472
37 49.9472 0.16 49.7872
37 49.7872 0.0016 49.7856
33 50 0.048 49.952
39 49.8004 0.048 49.7524
35 49.8661 0.0048 49.8613
37 49.7856 0.0048 49.7808
40 50 0.048 49.952
29 50 0.0048 49.9952
36 50 0.0048 49.9952
32 50 0.048 49.952
44 50 0.048 49.952
25 50 0.048 49.952
36 50 0.0048 49.9952
36 49.9952 0.048 49.9472
25 49.952 0.0048 49.9472
25 49.9472 0.16 49.7872
36 49.9472 0.016 49.9312
36 49.9312 0.016 49.9152
25 49.7872 0.0016 49.7856
36 49.9152 0.048 49.8672
25 49.7856 0.0048 49.7808
29 50 0.0048 49.9952
29 49.9952 0.048 49.9472
40 49.952 0.0048 49.9472
36 49.8672 0.0048 49.8624
36 49.8624 0.16 49.7024
29 49.9472 0.016 49.9312
29 49.9312 0.016 49.9152
36 49.7024 0.0016 49.7008
29 49.9152 0.048 49.8672
27 50 0.0048 49.9952
27 49.9952 0.048 49.9472
36 49.7008 0.0048 49.696
40 49.9472 0.0048 49.9424
29 49.8672 0.0048 49.8624
29 49.8624 0.16 49.7024
27 49.9472 0.016 49.9312
27 49.9312 0.016 49.9152
29 49.7024 0.0016 49.7008
27 49.9152 0.048 49.8672
29 49.7008 0.0048 49.696
26 50 0.048 49.952
41 50 0.048 49.952
31 50 0.048 49.952
33 50 0.048 49.952
39 49.9379 0.048 49.8899
35 50 0.0048 49.9952
37 50 0.0048 49.9952
40 50 0.048 49.952
29 49.696 0.0048 49.6912
32 50 0.048 49.952
44 50 0.048 49.952
27 50 0.048 49.952
25 50 0.0048 49.9952
36 50 0.0048 49.9952
26 50 0.048 49.952
41 50 0.048 49.952
31 50 0.048 49.952
33 50 0.048 49.952
33 49.952 0.0048 49.9472
33 49.9472 0.16 49.7872
33 49.7872 0.0016 49.7856
30 50 0.016 49.984
30 49.984 0.016 49.968
30 49.968 0.048 49.92
39 50 0.048 49.952
35 50 0.0048 49.9952
37 50 0.0048 49.9952
40 50 0.048 49.952
29 49.8557 0.0048 49.8509
32 50 0.048 49.952
44 50 0.048 49.952
36 50 0.048 49.952
25 50 0.0048 49.9952
25 49.9952 0.048 49.9472
27 50 0.0048 49.9952
29 50 0.0048 49.9952
29 49.9952 0.048 49.9472
40 49.952 0.0048 49.9472
36 49.952 0.0096 49.9424
36 49.9424 0.16 49.7824
29 49.9472 0.016 49.9312
29 49.9312 0.016 49.9152
36 49.7824 0.0016 49.7808
29 49.9152 0.048 49.8672
25 49.9472 0.0048 49.9424
25 49.9424 0.048 49.8944
27 49.9952 0.0048 49.9904
36 49.7808 0.0048 49.776
40 49.9472 0.0048 49.9424
29 49.8672 0.0096 49.8576
29 49.8576 0.16 49.6976
25 49.8944 0.016 49.8784
25 49.8784 0.016 49.8624
29 49.6976 0.0016 49.696
25 49.8624 0.048 49.8144
27 49.9904 0.0048 49.9856
29 49.696 0.0048 49.6912
36 49.776 0.0048 49.7712
25 49.8144 0.0048 49.8096
25 49.8096 0.16 49.6496
25 49.6496 0.0016 49.648
42 50 0.016 49.984
42 49.984 0.016 49.968
42 49.968 0.048 49.92
27 49.9856 0.048 49.9376
25 49.648 0.0048 49.6432
29 49.6912 0.0048 49.6864
36 49.7712 0.0048 49.7664
26 50 0.048 49.952
41 50 0.048 49.952
31 50 0.048 49.952
30 50 0.048 49.952
39 50 0.048 49.952
35 50 0.0048 49.9952
37 50 0.0048 49.9952
40 50 0.048 49.952
29 49.6864 0.0048 49.6816
32 50 0.048 49.952
44 50 0.048 49.952
42 50 0.048 49.952
27 50 0.048 49.952
25 49.7689 0.0048 49.7641
36 49.9441 0.0048 49.9393
26 50 0.048 49.952
41 50 0.048 49.952
31 50 0.048 49.952
30 50 0.048 49.952
39 50 0.048 49.952
35 50 0.0048 49.9952
37 50 0.0048 49.9952
33 50 0.048 49.952
33 49.952 0.0048 49.9472
33 49.9472 0.16 49.7872
33 49.7872 0.0016 49.7856
25 49.8841 0.016 49.8681
25 49.8681 0.016 49.8521
25 49.8521 0.048 49.8041
27 50 0.0048 49.9952
29 49.9359 0.0048 49.9311
29 49.9311 0.048 49.8831
36 49.9393 0.0048 49.9345
36 49.9345 0.048 49.8865
40 50 0.0048 49.9952
25 49.8041 0.0096 49.7945
25 49.7945 0.16 49.6345
36 49.8865 0.016 49.8705
36 49.8705 0.016 49.8545
25 49.6345 0.0016 49.6329
36 49.8545 0.048 49.8065
25 49.6329 0.0048 49.6281
27 49.9952 0.0048 49.9904
29 49.8831 0.0048 49.8783
29 49.8783 0.048 49.8303
36 49.8065 0.0048 49.8017
36 49.8017 0.16 49.6417
29 49.8303 0.016 49.8143
29 49.8143 0.016 49.7983
36 49.6417 0.0016 49.6401
29 49.7983 0.048 49.7503
25 49.6281 0.0048 49.6233
27 49.9904 0.0048 49.9856
36 49.6401 0.0048 49.6353
40 49.9952 0.0048 49.9904
40 49.9904 0.048 49.9424
25 49.6233 0.0048 49.6185
29 49.7503 0.0048 49.7455
32 50 0.048 49.952
44 50 0.048 49.952
42 50 0.048 49.952
27 49.9856 0.048 49.9376
25 49.6185 0.0048 49.6137
29 49.8681 0.0048 49.8633
36 49.7606 0.0048 49.7558
26 50 0.048 49.952
26 49.952 0.0048 49.9472
26 49.9472 0.16 49.7872
26 49.7872 0.0016 49.7856
41 50 0.048 49.952
31 50 0.048 49.952
30 50 0.048 49.952
39 50 0.048 49.952
35 50 0.0048 49.9952
37 50 0.0048 49.9952
29 49.8633 0.048 49.8153
25 49.8872 0.0048 49.8824
36 49.7558 0.0048 49.751
40 50 0.0048 49.9952
29 49.8153 0.0048 49.8105
29 49.8105 0.16 49.6505
29 49.6505 0.0016 49.6489
40 49.9952 0.048 49.9472
29 49.6489 0.0048 49.6441
32 50 0.048 49.952
44 50 0.048 49.952
42 50 0.048 49.952
27 50 0.048 49.952
25 49.8824 0.0048 49.8776
36 49.9965 0.0048 49.9917
41 50 0.048 49.952
31 50 0.048 49.952
30 50 0.048 49.952
39 50 0.048 49.952
35 50 0.0048 49.9952
37 50 0.0048 49.9952
40 50 0.048 49.952
25 49.9838 0.0048 49.979
29 50 0.0048 49.9952
32 50 0.048 49.952
44 50 0.048 49.952
42 50 0.048 49.952
27 50 0.048 49.952
25 49.979 0.0048 49.9742
36 50 0.0048 49.9952
41 50 0.048 49.952
31 50 0.048 49.952
30 50 0.048 49.952
39 50 0.048 49.952
35 50 0.0048 49.9952
37 50 0.0048 49.9952
40 50 0.048 49.952
25 50 0.0048 49.9952
32 50 0.048 49.952
44 50 0.048 49.952
43 50 0.048 49.952
42 50 0.048 49.952
27 50 0.048 49.952
25 49.9952 0.0048 49.9904
36 50 0.0048 49.9952
41 50 0.048 49.952
31 50 0.048 49.952
30 50 0.048 49.952
39 50 0.048 49.952
35 50 0.0048 49.9952
37 50 0.0048 49.9952
40 50 0.048 49.952
25 50 0.0048 49.9952
36 49.9952 0.0048 49.9904
32 50 0.048 49.952
44 50 0.048 49.952
43 50 0.048 49.952
42 50 0.048 49.952
27 50 0.048 49.952
36 50 0.0048 49.9952
40 49.952 0.0048 49.9472
41 50 0.048 49.952
41 49.952 0.0048 49.9472
41 49.9472 0.16 49.7872
41 49.7872 0.0016 49.7856
33 50 0.016 49.984
33 49.984 0.016 49.968
33 49.968 0.048 49.92
31 50 0.048 49.952
30 50 0.048 49.952
39 50 0.048 49.952
35 50 0.0048 49.9952
37 50 0.0048 49.9952
39 49.952 0.0048 49.9472
39 49.9472 0.16 49.7872
39 49.7872 0.0016 49.7856
28 50 0.016 49.984
28 49.984 0.016 49.968
28 49.968 0.048 49.92
40 50 0.048 49.952
25 50 0.0048 49.9952
27 50 0.0048 49.9952
29 50 0.0048 49.9952
36 49.9952 0.0048 49.9904
32 50 0.048 49.952
44 50 0.048 49.952
43 50 0.048 49.952
42 50 0.048 49.952
27 49.9952 0.048 49.9472
33 50 0.048 49.952
31 50 0.048 49.952
30 50 0.048 49.952
28 50 0.048 49.952
40 50 0.048 49.952
25 50 0.0048 49.9952
29 50 0.0048 49.9952
36 50 0.0048 49.9952
32 50 0.048 49.952
44 50 0.048 49.952
