72 903 0 100 0.1 1.30555 1.40555
92 896 0 100 1 1.12379 2.12379
103 899 0 100 1 1.14239 2.14239
71 921 0 100 0.5 1.66231 2.16231
46 909 0 100 0.8 1.41443 2.21443
38 942 0 100 1.51711e-07 2.41268 2.41268
58 906 0 100 1.3 1.33303 2.63303
43 953 0 100 2.33402e-08 2.94389 2.94389
52 943 0 100 0.5 2.47173 2.97173
66 935 0 100 1 2.21103 3.21103
36 941 0 100 0.9 2.40141 3.30141
29 946 0 100 0.9 2.65615 3.55615
109 907 0 100 2.2 1.37604 3.57604
26 945 0 100 1.1 2.56459 3.66459
50 938 0 100 1.4 2.2652 3.6652
112 900 0 100 2.5 1.18447 3.68447
41 925 0 100 2.1 1.70806 3.80806
44 897 0 100 2.7 1.12798 3.82798
93 944 0 100 1.3 2.54364 3.84364
85 940 0 100 1.6 2.3341 3.9341
80 922 0 100 2.3 1.67445 3.97445
68 927 0 100 2.1 1.88273 3.98273
109 960 0 100 3.50103e-08 4.08066 4.08066
34 910 0 100 2.7 1.44666 4.14666
41 961 0 100 0.2 4.34995 4.54996
87 964 0 100 5.83505e-08 4.75064 4.75064
82 954 0 100 2 2.99707 4.99707
96 898 0 100 3.9 1.13364 5.03364
57 955 0 100 1.3 3.87237 5.17237
40 970 0 100 2.33402e-08 5.25167 5.25167
96 974 0 100 3.50103e-08 5.44075 5.44075
80 962 0 100 0.9 4.54481 5.44481
107 895 0 100 4.7 1.04437 5.74437
45 979 0 100 1.16701e-08 5.78773 5.78773
35 963 0 100 1.1 4.71668 5.81668
114 934 0 100 3.8 2.20119 6.00119
99 980 0 100 0.3 5.79708 6.09708
76 932 0 100 4.1 2.09919 6.19919
43 976 0 100 0.9 5.56882 6.46882
54 971 0 100 1.2 5.32214 6.52214
63 991 0 100 2.33402e-08 6.53027 6.53027
100 926 0 100 4.9 1.81397 6.71397
88 975 0 100 1.5 5.44782 6.94782
78 977 0 100 1.4 5.59978 6.99978
59 950 0 100 4.3 2.86833 7.16833
79 1004 0 100 0.2 7.06777 7.26777
53 973 0 100 2.2 5.36444 7.56444
81 1006 0 100 1.2 7.21993 8.41993
58 985 0 100 2.4 6.05128 8.45128
27 1008 0 100 1.1 7.40821 8.50821
67 1020 0 100 1.16701e-08 8.62027 8.62027
56 992 0 100 2.2 6.53324 8.73324
64 965 0 100 4.2 4.91423 9.11423
106 1017 0 100 0.9 8.39804 9.29804
73 986 0 100 3.2 6.13158 9.33158
29 972 0 100 4 5.33869 9.33869
36 1002 0 100 2.5 7.02092 9.52092
56 1027 0 100 0.5 9.08389 9.58389
73 1029 0 100 0.1 9.5841 9.6841
80 1028 0 100 0.4 9.36339 9.76339
86 1033 0 100 0.3 9.62686 9.92686
29 1043 0 100 0.1 10.2195 10.3195
31 1011 0 100 2.7 7.6931 10.3931
60 1014 0 100 2.8 8.00401 10.804
82 1037 0 100 1.1 9.74864 10.8486
104 1030 0 100 1.3 9.59515 10.8952
91 1035 0 100 1.4 9.679 11.079
32 987 0 100 5 6.20751 11.2075
53 1039 0 100 1.4 9.81376 11.2138
86 959 0 100 7.2 4.02312 11.2231
83 1034 0 100 1.6 9.65779 11.2578
66 1046 0 100 0.8 10.4635 11.2635
35 1052 0 100 0.4 10.8788 11.2788
42 1048 0 100 0.8 10.541 11.341
58 1038 0 100 1.9 9.75309 11.6531
114 1061 0 100 3.50103e-08 11.748 11.748
89 1067 0 100 1.16701e-08 12.1031 12.1031
49 1057 0 100 0.9 11.3485 12.2485
42 1012 0 100 4.5 7.75532 12.2553
54 1024 0 100 3.4 8.90012 12.3001
38 1054 0 100 1.2 11.1101 12.3101
79 1060 0 100 0.7 11.6187 12.3187
78 1078 0 100 2.33402e-08 12.6768 12.6768
105 1083 0 100 0.1 13.0498 13.1498
94 1076 0 100 0.6 12.5788 13.1788
75 1080 0 100 0.5 12.7111 13.2111
59 1082 0 100 0.3 13.0313 13.3313
68 1070 0 100 1.2 12.2036 13.4036
75 995 0 100 6.9 6.59468 13.4947
93 1081 0 100 0.8 12.8042 13.6042
43 1079 0 100 0.9 12.7095 13.6095
47 1049 0 100 3.1 10.5544 13.6544
113 1085 0 100 0.6 13.1664 13.7664
50 1089 0 100 0.3 13.502 13.802
52 1062 0 100 2 11.9331 13.9331
50 1007 0 100 6.6 7.37002 13.97
61 1092 0 100 3.50103e-08 14.0433 14.0433
39 1013 0 100 7 7.79581 14.7958
41 1069 0 100 2.7 12.1659 14.8659
93 1106 0 100 3.50103e-08 14.9388 14.9388
98 1107 0 100 2.33402e-08 14.9622 14.9622
