61 441
41 441
16 441
47 441
29 441
77 441
17 441
36 442
60 442
77 443
29 443
83 440
7 440
71 440
8 440
40 440
34 440
9 440
62 440
10 440
11 440
12 440
48 441
18 441
82 441
67 441
56 444
80 444
41 445
77 445
17 445
48 445
18 445
19 445
67 445
79 440
74 447
27 444
25 448
60 448
45 452
28 452
14 452
15 452
54 452
69 452
82 445
20 445
84 445
63 445
68 442
25 442
52 453
39 453
72 454
47 443
41 443
61 443
18 443
17 443
78 450
36 448
51 451
17 451
18 451
47 451
41 451
61 451
77 451
65 444
60 456
29 451
19 451
37 444
3 444
4 444
5 444
54 458
64 459
27 460
80 460
37 460
65 460
4 460
3 460
2 460
70 460
60 460
81 462
66 444
58 440
15 440
14 440
13 440
30 450
6 450
75 450
62 465
14 465
13 465
12 465
11 465
10 465
38 443
34 466
32 462
11 462
12 462
26 467
17 467
18 467
19 467
20 467
21 467
61 467
29 467
41 467
80 468
27 468
65 468
73 453
8 453
9 453
10 453
11 453
43 446
34 446
14 446
15 446
70 470
50 441
24 441
32 453
12 453
13 453
14 453
15 453
16 453
17 453
66 450
8 450
7 450
65 450
57 463
16 463
17 463
18 463
45 463
19 463
20 463
21 463
81 465
83 462
13 462
14 462
15 462
16 462
47 467
77 467
23 467
24 467
82 467
26 453
18 453
19 453
20 453
21 453
22 453
23 453
61 453
29 453
41 453
47 453
62 446
16 446
17 446
18 446
68 448
5 448
4 448
36 460
5 460
63 461
80 450
57 462
17 462
84 461
1 461
82 461
50 461
40 466
26 446
19 446
20 446
21 446
22 446
23 446
61 446
24 446
47 446
41 446
76 472
68 460
6 460
7 460
8 460
58 469
19 469
18 469
75 473
68 474
60 474
36 474
6 474
7 474
8 474
9 474
80 474
73 471
11 471
25 456
27 450
9 450
10 450
73 450
11 450
12 450
13 450
14 450
46 447
3 447
84 447
42 454
5 454
4 454
68 456
36 456
7 456
8 456
9 456
10 456
81 450
15 450
83 450
16 450
17 450
18 450
38 463
24 463
23 463
32 465
15 465
83 465
16 465
17 465
84 477
3 477
50 477
55 478
5 478
72 478
42 478
6 478
7 478
68 478
60 478
66 456
11 456
51 443
24 443
23 443
22 443
53 470
7 470
68 470
60 470
79 457
64 460
9 460
10 460
30 460
11 460
36 478
63 447
4 447
5 447
35 459
9 459
8 459
66 460
12 460
44 445
4 445
3 445
56 474
10 474
64 474
74 454
34 450
19 450
20 450
21 450
22 450
23 450
24 450
83 479
17 479
81 479
32 479
16 479
15 479
14 479
13 479
66 479
12 479
36 480
69 458
24 458
23 458
22 458
21 458
73 460
13 460
14 460
15 460
16 460
17 460
37 468
11 468
10 468
9 468
54 463
65 475
37 475
83 460
18 460
69 463
68 459
10 459
11 459
12 459
65 459
37 459
71 449
19 449
18 449
60 480
68 480
10 480
11 480
12 480
64 480
50 445
5 445
6 445
7 445
36 468
55 447
8 447
25 470
11 470
52 444
73 444
15 444
16 444
17 444
18 444
19 444
20 444
72 447
9 447
80 459
13 459
14 459
15 459
73 459
83 449
20 449
81 449
56 480
80 480
70 448
11 448
12 448
13 448
14 448
80 448
74 445
8 445
9 445
10 445
11 445
68 445
12 445
70 445
60 468
76 471
17 471
18 471
19 471
37 480
42 447
10 447
11 447
12 447
68 447
82 477
7 477
6 477
5 477
61 477
70 468
12 468
27 475
65 480
25 447
13 447
14 447
15 447
16 447
17 447
18 447
67 467
7 467
6 467
5 467
4 467
36 445
68 468
25 468
13 468
14 468
15 468
16 468
53 478
70 478
12 478
11 478
10 478
74 478
9 478
84 478
44 478
33 440
24 440
23 440
22 440
21 440
20 440
19 440
18 440
73 440
17 440
72 481
42 481
11 481
10 481
9 481
84 481
32 449
21 449
22 449
23 449
34 449
24 449
81 471
32 471
21 471
33 449
49 455
5 455
69 455
54 455
4 455
3 455
79 455
2 455
1 455
33 455
39 464
73 464
19 464
20 464
21 464
22 464
62 462
1 462
52 459
26 457
3 457
4 457
5 457
69 457
31 452
47 477
8 477
66 468
18 468
19 468
20 468
21 468
22 468
23 468
24 468
28 476
4 476
5 476
31 476
76 447
20 447
21 447
22 447
32 447
69 476
6 476
7 476
57 469
62 469
33 469
1 469
2 469
3 469
26 469
82 482
10 482
9 482
54 457
6 457
60 445
53 445
15 445
16 445
30 479
40 465
79 469
4 469
5 469
64 470
17 470
18 470
78 473
41 477
9 477
10 477
35 474
17 474
18 474
19 474
66 474
20 474
38 476
8 476
9 476
34 465
56 448
18 448
64 448
47 482
50 485
82 485
11 485
12 485
67 477
11 477
12 477
13 477
14 477
72 477
73 483
21 483
22 483
23 483
24 483
75 456
20 456
21 456
26 486
41 476
10 476
83 464
39 459
21 459
75 459
66 459
20 459
19 459
56 459
18 459
17 459
16 459
70 459
60 459
76 484
22 484
23 484
24 484
74 485
13 485
49 452
8 452
9 452
78 474
63 478
13 478
14 478
15 478
16 478
17 478
18 478
32 483
73 456
79 486
5 486
6 486
7 486
54 486
70 487
53 487
17 487
44 481
63 481
13 481
14 481
84 485
63 485
55 477
15 477
75 474
21 474
39 474
56 478
19 478
46 454
14 454
15 454
27 480
20 480
21 480
78 480
75 480
68 487
18 487
74 481
35 448
19 448
20 448
38 452
10 452
42 477
16 477
17 477
53 477
64 478
66 480
22 480
46 481
15 481
16 481
17 481
70 477
18 477
68 477
19 477
56 477
20 477
55 454
16 454
17 454
18 454
68 454
19 454
20 454
43 466
4 466
5 466
69 486
9 486
10 486
39 480
23 480
53 481
70 481
18 481
68 481
19 481
20 481
21 481
22 481
27 448
21 448
22 448
37 470
27 470
21 470
22 470
35 478
20 478
21 478
56 454
21 454
27 454
38 486
11 486
12 486
13 486
82 486
50 486
65 479
76 480
24 480
60 487
19 487
20 487
33 465
5 465
6 465
7 465
66 448
23 448
38 488
11 488
12 488
13 488
50 488
48 451
13 451
14 451
75 470
66 470
23 470
24 470
37 454
60 489
19 489
18 489
17 489
72 489
57 466
6 466
33 466
67 486
14 486
27 479
26 465
78 481
75 481
66 481
23 481
24 481
82 488
67 488
14 488
15 488
63 488
44 485
15 485
16 485
50 451
82 451
76 470
80 475
56 475
22 475
23 475
78 475
75 475
35 487
21 487
56 487
79 465
8 465
46 485
17 485
67 451
15 451
44 451
16 451
74 451
46 451
17 451
18 451
78 490
75 490
24 490
23 490
45 443
10 443
69 443
11 443
64 491
35 491
21 491
43 492
49 443
12 443
13 443
14 443
15 443
82 443
47 476
14 476
15 476
84 488
17 488
18 488
46 488
34 492
41 452
71 444
6 444
42 489
20 489
21 489
53 489
29 446
61 482
29 482
15 482
16 482
17 482
84 482
59 472
2 472
3 472
4 472
32 472
5 472
6 472
72 451
47 452
29 452
71 472
7 472
43 472
8 472
33 472
31 457
49 457
14 457
15 457
47 457
29 457
16 457
17 457
27 490
70 489
22 489
23 489
35 489
68 491
75 493
78 493
1 493
2 493
59 493
76 493
3 493
4 493
5 493
32 493
6 493
7 493
80 487
81 447
6 447
32 494
81 494
6 494
7 494
8 494
36 459
83 444
7 444
81 444
84 495
44 495
19 495
20 495
60 491
48 486
17 486
47 486
41 486
37 479
80 479
56 479
71 493
8 493
43 493
9 493
57 493
10 493
11 493
33 494
9 494
52 456
3 456
78 456
2 456
1 456
28 469
13 469
14 469
15 469
54 469
61 452
17 452
18 452
36 491
70 491
24 491
23 491
72 491
80 496
56 496
1 496
37 496
43 494
10 494
57 494
11 494
12 494
31 469
51 467
16 467
54 497
46 495
21 495
22 495
77 453
18 453
17 453
16 453
31 453
26 493
13 493
14 493
79 494
26 494
13 494
14 494
49 469
16 469
81 498
8 498
9 498
48 452
19 452
32 444
8 444
9 444
10 444
72 495
23 495
24 495
60 495
25 495
65 454
3 454
80 454
2 454
1 454
25 454
60 454
64 489
1 489
56 489
80 489
37 489
65 489
3 489
78 489
75 489
4 489
27 496
65 496
3 496
78 496
75 496
4 496
5 496
59 496
67 476
20 476
48 476
19 476
61 476
18 476
17 476
45 494
15 494
31 494
16 494
17 494
18 494
82 457
67 457
20 457
69 497
31 497
16 497
17 497
18 497
43 444
11 444
50 443
67 443
20 443
21 443
52 489
5 489
62 466
12 466
13 466
26 466
76 496
6 496
7 496
8 496
32 496
28 493
15 493
61 494
19 494
51 469
17 469
18 469
61 469
19 469
20 469
82 469
67 469
52 499
5 499
78 499
59 489
76 489
6 489
7 489
8 489
79 466
14 466
15 466
81 496
9 496
49 476
45 493
16 493
69 493
56 500
3 500
28 466
45 466
16 466
54 466
17 466
58 458
14 458
15 458
79 458
82 501
42 451
48 457
21 457
22 457
75 499
6 499
7 499
59 499
33 444
62 444
49 466
18 466
66 475
6 475
7 475
31 493
44 457
23 457
46 457
24 457
46 502
24 502
23 502
69 466
54 493
18 493
19 493
26 458
16 458
28 458
65 503
76 499
8 499
9 499
10 499
32 499
81 499
11 499
12 499
13 499
33 499
29 486
61 486
21 486
22 486
23 486
24 486
47 494
45 458
18 458
19 458
20 458
21 458
61 458
69 504
27 503
6 503
78 503
66 503
75 503
7 503
8 503
59 503
46 486
76 503
9 503
10 503
11 503
80 500
6 500
5 500
62 499
15 499
16 499
36 454
38 467
21 467
22 467
23 467
32 503
81 503
12 503
13 503
14 503
43 503
15 503
44 502
84 443
44 443
51 476
21 476
22 476
23 476
24 476
44 476
84 476
63 482
44 482
42 506
3 506
4 506
60 506
55 485
2 485
48 467
24 467
77 452
23 452
24 452
79 505
26 505
18 505
19 505
47 458
77 458
72 485
41 497
44 508
63 508
84 508
1 508
2 508
77 497
47 497
68 495
6 495
7 495
80 495
61 497
24 497
23 497
48 507
56 495
8 495
9 495
27 495
74 488
3 488
4 488
78 510
66 510
38 497
37 511
46 508
74 508
3 508
4 508
5 508
6 508
60 508
68 508
25 508
7 508
35 508
8 508
56 508
9 508
27 508
83 496
15 496
16 496
17 496
36 506
7 506
68 506
65 495
10 495
66 495
78 495
11 495
12 495
61 512
41 512
47 512
43 496
18 496
62 496
19 496
20 496
55 488
5 488
6 488
7 488
68 488
60 488
25 506
8 506
58 499
20 499
21 499
77 512
1 512
2 512
36 488
8 488
35 506
9 506
56 506
10 506
27 506
25 488
9 488
37 508
11 508
12 508
66 508
29 494
77 494
2 494
3 494
4 494
35 488
10 488
30 473
12 473
11 473
27 473
59 495
76 495
14 495
15 495
16 495
28 505
78 508
75 510
13 510
14 510
59 510
51 497
1 497
2 497
30 508
13 508
60 513
68 513
25 513
10 513
39 448
14 448
78 448
76 510
15 510
35 514
11 514
12 514
67 501
5 501
84 501
6 501
81 515
18 515
19 515
71 498
20 498
21 498
54 504
1 504
2 504
38 504
79 499
24 499
23 499
36 513
11 513
12 513
50 469
6 469
39 510
16 510
17 510
18 510
19 510
51 504
3 504
4 504
5 504
67 504
50 504
6 504
44 504
63 504
84 504
7 504
8 504
35 513
13 513
14 513
15 513
52 475
39 475
16 475
76 475
17 475
25 516
12 516
13 516
30 448
15 448
16 448
53 459
11 459
66 513
30 513
73 474
17 474
18 474
78 513
16 513
39 513
73 513
17 513
18 513
19 513
20 513
51 517
35 516
14 516
15 516
16 516
17 516
73 516
74 501
9 501
10 501
64 500
35 500
14 500
15 500
16 500
78 500
66 500
81 513
21 513
22 513
38 517
5 517
61 517
41 517
6 517
52 448
56 488
15 488
34 472
24 472
23 472
22 472
81 472
21 472
20 472
19 472
18 472
33 503
80 511
71 513
23 513
24 513
39 516
18 516
66 516
43 498
30 500
17 500
18 500
29 497
7 497
8 497
50 497
70 454
53 454
13 454
12 454
68 519
25 519
14 519
13 519
70 519
60 519
36 519
78 516
66 518
56 511
16 511
64 511
47 517
29 517
47 520
29 520
61 520
41 520
7 520
8 520
9 520
36 521
68 521
25 521
15 521
16 521
34 498
46 504
74 504
11 504
12 504
13 504
14 504
43 522
37 473
17 473
18 473
39 500
19 500
20 500
21 500
22 500
27 514
37 514
17 514
18 514
19 514
76 474
20 474
21 474
22 474
23 474
24 474
77 517
8 517
9 517
10 517
84 517
80 521
56 521
17 521
27 521
34 522
1 522
2 522
81 500
23 500
24 500
39 514
20 514
33 513
43 513
34 513
1 513
50 520
10 520
11 520
30 516
19 516
20 516
21 516
22 516
23 516
65 506
18 506
58 522
3 522
4 522
28 522
5 522
54 522
6 522
82 452
67 497
38 523
52 472
48 512
50 512
84 520
12 520
46 520
37 521
19 521
32 510
24 510
23 510
22 510
21 510
54 525
7 525
8 525
58 526
4 526
5 526
28 526
6 526
54 526
7 526
8 526
9 526
10 526
29 526
84 528
12 528
13 528
35 511
18 511
19 511
20 511
27 524
37 524
19 524
20 524
21 524
22 524
23 524
24 524
74 520
13 520
14 520
15 520
16 520
36 520
60 520
64 529
35 529
18 529
19 529
27 529
72 509
15 509
16 509
36 509
70 504
36 504
68 504
17 504
18 504
35 504
38 525
9 525
41 525
61 525
10 525
77 526
61 526
56 527
19 527
20 527
46 528
31 466
8 466
9 466
37 529
20 529
65 521
20 521
21 521
22 521
23 521
24 521
60 509
68 509
18 509
19 509
64 504
19 504
29 525
69 522
31 522
8 522
9 522
10 522
29 522
30 511
21 511
59 475
23 475
24 475
55 501
72 501
16 501
17 501
36 501
35 509
40 492
3 492
4 492
61 522
11 522
12 522
25 520
70 501
18 501
60 501
77 525
74 528
15 528
16 528
55 528
26 496
68 520
19 520
20 520
25 501
68 501
19 501
20 501
21 501
64 509
20 509
21 509
22 509
33 492
5 492
48 522
76 514
72 528
17 528
18 528
36 528
68 528
60 528
32 524
2 524
3 524
35 520
81 516
2 516
3 516
4 516
34 516
33 516
5 516
37 501
22 501
23 501
24 501
59 514
74 530
16 530
17 530
55 530
64 520
21 520
22 520
30 509
23 509
24 509
72 530
18 530
19 530
36 530
68 530
37 520
23 520
40 516
57 492
7 492
8 492
83 515
4 515
5 515
40 515
34 515
33 515
6 515
7 515
46 532
17 532
18 532
53 519
20 519
21 519
35 519
63 517
16 517
17 517
79 496
43 516
6 516
7 516
8 516
80 506
37 506
23 506
24 506
26 492
72 532
19 532
20 532
36 532
68 532
21 532
53 532
64 519
22 519
23 519
35 533
64 533
22 533
23 533
57 515
8 515
9 515
37 519
24 519
46 517
18 517
80 533
37 533
24 533
30 506
39 472
1 472
30 472
27 527
37 527
80 527
24 527
23 527
35 527
65 511
77 534
61 534
29 534
15 534
16 534
66 473
1 473
2 473
62 503
70 532
22 532
23 532
63 536
18 536
19 536
30 535
66 535
1 535
2 535
59 535
3 535
26 515
11 515
12 515
35 532
24 532
80 532
37 532
78 518
46 536
20 536
72 536
21 536
22 536
53 536
44 452
39 473
3 473
42 485
22 485
23 485
59 473
4 473
5 473
6 473
28 515
13 515
54 515
14 515
31 515
49 515
30 518
2 518
3 518
38 466
56 529
80 529
1 529
2 529
66 529
30 529
36 536
24 536
23 536
32 473
7 473
8 473
9 473
34 473
43 473
10 473
83 537
8 537
9 537
34 537
43 537
10 537
39 518
51 523
16 523
17 523
29 523
18 523
61 523
55 531
72 531
53 485
82 497
63 497
20 497
21 497
73 518
4 518
59 518
5 518
6 518
7 518
60 530
42 531
23 531
24 531
78 529
3 529
76 535
5 535
6 535
7 535
8 535
83 535
9 535
10 535
32 518
8 518
83 518
9 518
10 518
43 518
11 518
12 518
13 518
70 536
36 485
84 452
63 452
21 452
22 452
23 452
60 531
81 539
70 485
53 530
32 539
9 539
10 539
84 541
22 541
63 541
52 510
73 510
6 510
7 510
8 510
9 510
65 529
4 529
5 529
6 529
39 529
83 539
11 539
12 539
51 542
19 542
20 542
29 542
71 524
83 524
11 524
12 524
13 524
14 524
15 524
16 524
43 539
13 539
14 539
15 539
16 539
17 539
54 539
18 539
27 511
5 511
6 511
28 524
17 524
18 524
29 543
21 543
22 543
23 543
44 543
84 543
62 538
14 538
15 538
16 538
17 538
82 541
23 541
47 525
21 525
22 525
23 525
41 526
47 526
21 526
22 526
23 526
67 512
23 512
24 512
77 523
47 523
41 523
21 523
22 523
67 523
23 523
24 523
39 544
8 544
59 544
31 539
19 539
70 530
3 530
4 530
63 543
24 543
76 544
9 544
10 544
11 544
28 538
18 538
19 538
34 535
82 525
63 525
24 525
84 526
63 526
82 526
24 526
35 530
56 530
80 530
65 530
37 530
53 540
73 529
32 544
12 544
83 544
13 544
31 538
20 538
51 538
21 538
49 539
20 539
51 539
21 539
22 539
47 539
29 539
77 539
61 542
77 542
47 542
23 542
24 542
63 542
27 530
7 530
8 530
70 540
4 540
5 540
68 545
5 545
6 545
71 544
14 544
15 544
70 546
53 546
4 546
5 546
82 542
37 547
65 547
27 547
8 547
9 547
39 547
41 539
44 541
1 541
2 541
55 541
3 541
74 517
2 517
3 517
67 543
42 541
50 522
82 522
63 522
57 503
18 503
19 503
20 503
56 545
8 545
9 545
27 545
80 545
66 511
78 511
10 511
11 511
36 531
70 531
53 531
6 531
7 531
8 531
28 503
21 503
22 503
31 503
64 527
8 527
9 527
10 527
66 527
30 530
47 549
29 549
77 549
35 540
64 540
8 540
9 540
27 540
45 505
22 505
23 505
27 550
54 524
33 537
39 511
12 511
31 505
43 535
18 535
19 535
84 522
62 537
19 537
20 537
49 505
24 505
56 531
45 524
23 524
49 524
34 544
68 546
8 546
9 546
33 535
81 510
43 544
19 544
20 544
62 535
20 535
21 535
22 535
28 535
23 535
45 535
54 535
24 535
60 485
68 485
9 485
10 485
78 527
30 527
12 527
13 527
33 544
49 535
39 527
14 527
15 527
16 527
17 527
32 527
51 505
1 505
2 505
47 505
77 505
41 505
62 544
21 544
22 544
23 544
28 544
24 544
45 544
54 544
48 534
67 534
50 534
4 534
5 534
76 551
15 551
16 551
17 551
40 473
20 473
21 473
33 473
82 534
63 534
64 485
11 485
12 485
32 551
18 551
19 551
20 551
34 551
40 551
49 553
1 553
2 553
57 537
22 537
23 537
24 537
81 527
25 528
11 528
27 485
13 485
43 551
21 551
62 473
22 473
28 537
29 505
4 505
5 505
67 505
82 505
61 539
4 539
5 539
79 492
24 492
23 492
62 492
22 492
21 492
20 492
19 492
32 492
80 540
13 540
14 540
30 540
48 539
51 553
3 553
4 553
33 551
62 551
23 551
24 551
79 551
56 546
14 546
15 546
74 554
9 554
10 554
64 528
14 528
80 528
84 534
8 534
9 534
72 541
11 541
12 541
53 541
70 541
42 554
72 554
11 554
12 554
53 554
41 555
61 555
6 555
7 555
48 555
29 553
41 553
61 553
6 553
7 553
26 518
79 518
1 518
82 556
8 556
9 556
74 534
10 534
11 534
42 534
27 546
50 555
8 555
48 553
50 553
8 553
29 557
59 511
72 534
12 534
13 534
80 546
16 546
30 546
17 546
18 546
62 558
47 557
77 557
61 557
41 557
7 557
8 557
48 557
50 557
9 557
10 557
74 557
11 557
12 557
42 557
84 556
10 556
50 556
65 545
17 545
18 545
19 545
