70 719 1.02907
78 720 1.03655
43 721 1.0421
34 722 1.04419
51 723 1.06664
76 724 1.08445
56 725 1.09101
95 726 1.14299
55 727 1.17825
82 728 1.17837
103 729 1.19663
26 730 1.22964
104 731 1.23369
91 732 1.2537
79 733 1.28096
85 734 1.37161
71 735 1.42266
27 736 1.49187
47 737 1.49219
83 738 1.49679
30 739 1.52141
28 740 1.56392
96 741 1.63113
40 742 1.63926
25 743 1.6543
90 744 1.71615
74 745 1.79039
100 746 1.87318
102 747 1.89897
73 748 1.91679
45 749 1.93255
54 750 1.93845
69 751 1.94974
87 752 1.95861
60 753 2.12062
38 754 2.16152
84 755 2.16934
39 756 2.25378
97 757 2.34275
93 758 2.40184
86 759 2.4346
48 760 2.43643
58 761 2.44785
88 762 2.44825
64 763 2.4486
29 764 2.45146
89 765 2.54023
59 766 2.58634
101 767 2.60241
49 768 2.62168
57 769 2.63136
37 770 2.74365
72 771 2.74992
42 772 2.78675
80 773 2.79958
32 774 2.914
65 775 2.99754
76 776 3.08936
55 777 3.19608
40 778 3.68384
52 779 3.99874
25 780 4.04203
43 781 4.14631
102 782 4.525
28 783 4.59439
34 784 4.69956
104 785 4.73021
38 786 4.79704
37 787 4.93198
42 788 4.95761
101 789 5.0139
96 790 5.08371
74 791 5.32888
61 792 5.37435
27 793 5.38949
60 794 5.41989
92 795 5.43228
85 796 5.50259
63 797 5.51656
46 798 5.68982
59 799 5.73567
64 800 5.88951
77 801 6.02404
100 802 6.16911
32 803 6.27015
89 804 6.33676
62 805 6.37942
83 806 6.42191
29 807 6.75564
57 808 6.7912
58 809 7.26359
52 810 7.49847
61 811 7.50908
27 812 7.58597
81 813 7.8946
68 814 8.10118
98 815 8.10766
28 816 8.19365
51 817 8.21907
50 818 8.31615
32 819 8.40986
77 820 8.48783
76 821 8.51477
26 822 8.51762
53 823 8.54264
34 824 8.611
96 825 8.67625
46 826 8.68451
37 827 8.70003
30 828 8.70542
49 829 8.75047
84 830 8.77202
31 831 8.86585
101 832 8.93589
82 833 8.97211
40 834 9.00636
60 835 9.09127
74 836 9.11767
88 837 9.22578
89 838 9.24945
55 839 9.25767
93 840 9.36566
61 841 9.51347
83 842 9.62372
62 843 9.79223
39 844 9.96816
72 845 10.0032
58 846 10.0065
78 847 10.2536
59 848 10.6457
82 849 11.0727
35 850 11.2196
51 851 11.2683
54 852 11.4488
52 853 11.5546
37 854 11.8222
50 855 11.8356
70 856 11.9047
89 857 12.1281
74 858 12.2329
32 859 12.325
40 860 12.364
61 861 12.4008
43 862 12.4369
103 863 12.4607
56 864 12.4661
38 865 12.4761
49 866 12.494
88 867 12.8054
99 868 12.9392
87 869 13.0082
76 870 13.1394
53 871 13.2293
28 872 13.2551
69 873 13.277
46 874 13.2912
83 875 13.2966
95 876 13.3307
36 877 13.4718
54 878 13.4932
72 879 13.5562
55 880 13.9789
104 881 14.059
33 882 14.1404
98 883 14.22
89 884 14.2384
71 885 14.3503
30 886 14.4642
78 887 14.5756
48 888 14.6446
74 889 14.657
34 890 14.6628
26 891 14.7308
37 892 14.7817
58 893 14.8262
38 894 14.9178
