28 181 1.01302
29 182 1.10234
51 183 1.25618
35 184 1.39316
53 185 1.44967
48 186 1.45497
41 187 1.6205
44 188 1.6781
43 189 1.68278
38 190 1.78011
34 191 1.84874
45 192 1.88443
46 193 2.00627
27 194 2.18314
37 195 2.24837
42 196 2.28029
30 197 2.36502
26 198 2.40244
31 199 2.42915
47 200 2.43751
25 201 2.59986
40 202 2.72985
32 203 2.91816
35 204 4.09055
38 205 4.27024
41 206 4.58463
40 207 5.43626
44 208 5.55353
46 209 5.78032
42 210 5.79988
43 211 5.80821
47 212 6.11076
34 213 6.20059
45 214 6.20861
26 215 6.25796
49 216 7.01064
27 217 7.08782
53 218 7.17743
54 219 7.34724
39 220 7.57755
25 221 7.59008
52 222 7.95238
47 223 8.94556
41 224 9.3111
37 225 9.46167
42 226 10.3718
44 227 10.5497
27 228 10.7044
53 229 10.835
26 230 10.8371
46 231 10.9905
49 232 11.4622
32 233 11.6378
43 234 11.6918
39 235 12.0027
37 236 12.1844
33 237 12.5263
25 238 12.9721
48 239 13.0497
44 240 13.507
30 241 13.55
35 242 13.8984
46 243 14.1486
27 244 14.4299
26 245 14.4723
47 246 14.6592
50 247 14.759
33 248 14.8354
