38 132
35 134
39 134
29 135
43 133
22 133
23 133
34 133
26 137
15 137
16 137
39 137
27 136
36 136
29 136
31 133
24 133
40 135
32 141
14 141
15 141
44 132
5 132
6 132
7 132
8 132
9 132
10 132
11 132
12 132
33 138
11 138
12 138
13 138
44 142
37 134
19 134
20 134
21 134
22 134
23 134
24 134
36 135
17 135
18 135
35 137
34 144
36 145
19 145
30 140
17 140
32 140
18 140
19 140
36 140
20 140
27 141
36 141
20 141
21 141
22 141
31 144
6 144
26 135
22 135
23 135
24 135
37 137
35 141
37 141
42 138
20 138
30 138
21 138
39 139
37 139
25 136
24 136
29 145
25 145
24 145
40 140
29 140
35 139
2 139
3 139
4 139
5 139
6 139
7 139
8 139
9 139
34 139
31 139
10 139
11 139
12 139
13 139
14 139
26 136
1 136
2 136
35 136
39 136
37 136
3 136
4 136
5 136
6 136
7 136
8 136
9 136
10 136
34 136
11 136
43 144
11 144
12 144
13 144
14 144
15 144
16 144
17 144
18 144
19 144
20 144
21 144
22 144
23 144
27 145
2 145
31 136
13 136
26 146
4 146
5 146
35 146
37 146
37 147
27 149
36 149
29 149
4 149
5 149
37 149
6 149
7 149
8 149
9 149
10 149
11 149
12 149
13 149
38 142
19 142
20 142
21 142
22 142
23 142
24 142
39 146
6 146
7 146
8 146
9 146
10 146
11 146
12 146
13 146
14 146
34 149
14 149
15 149
16 149
17 149
18 149
19 149
35 147
29 150
36 150
27 150
39 147
7 147
8 147
9 147
10 147
11 147
12 147
13 147
14 147
31 146
15 146
16 146
17 146
18 146
19 146
20 146
21 146
22 146
23 146
24 146
34 147
31 147
15 147
16 147
17 147
18 147
19 147
20 147
21 147
22 147
23 147
24 147
31 151
38 149
21 149
22 149
23 149
24 149
34 151
16 151
17 151
18 151
19 151
20 151
21 151
44 139
21 139
22 139
23 139
24 139
38 151
22 151
35 152
39 152
9 152
38 153
23 153
24 153
25 150
8 150
9 150
28 143
17 143
18 143
34 143
31 143
19 143
20 143
21 143
22 143
23 143
24 143
26 150
10 150
11 150
39 150
38 143
37 152
12 152
26 152
11 152
35 150
37 150
13 150
14 150
15 150
16 150
17 150
18 150
19 150
25 152
28 150
20 150
21 150
29 152
36 152
34 150
23 150
37 155
39 155
35 155
16 155
26 155
15 155
36 155
14 155
33 148
9 148
10 148
11 148
12 148
13 148
14 148
36 148
36 157
16 157
26 157
17 157
32 138
15 138
16 138
36 138
17 138
26 138
18 138
39 138
40 145
18 145
29 155
40 155
18 155
19 155
20 155
21 155
22 155
23 155
24 155
29 158
40 158
36 158
18 158
19 158
20 158
31 150
3 150
4 150
5 150
6 150
39 158
21 158
22 158
23 158
24 158
39 160
21 160
22 160
23 160
24 160
26 145
20 145
21 145
39 145
22 145
25 148
40 148
41 132
16 132
17 132
32 132
18 132
19 132
25 132
36 132
29 148
20 148
19 148
32 148
18 148
17 148
41 148
16 148
44 151
10 151
11 151
12 151
13 151
14 151
15 151
40 132
29 132
21 132
22 132
34 156
26 132
23 132
24 132
39 132
1 132
2 132
3 132
37 157
35 138
39 157
30 154
22 154
23 154
38 159
15 159
14 159
27 152
44 159
16 159
17 159
18 159
19 159
20 159
21 159
22 159
41 159
23 159
24 159
30 159
43 136
42 144
29 162
36 162
5 162
6 162
40 152
5 152
6 152
7 152
31 156
15 156
14 156
37 138
7 138
8 138
9 138
33 151
1 151
37 163
9 163
10 163
36 165
40 165
29 165
33 166
5 166
6 166
27 165
25 165
11 165
12 165
13 165
26 162
12 162
13 162
14 162
15 162
16 162
17 162
18 162
19 162
20 162
21 162
31 162
22 162
23 162
24 162
44 168
39 163
15 163
16 163
17 163
18 163
19 163
20 163
21 163
22 163
31 163
23 163
24 163
41 164
9 164
8 164
27 169
25 169
36 169
29 169
34 167
24 167
39 170
17 170
18 170
19 170
20 170
21 170
22 170
23 170
24 170
38 168
5 168
6 168
7 168
8 168
9 168
10 168
11 168
34 170
41 168
12 168
13 168
14 168
15 168
16 168
27 168
36 168
25 168
43 156
42 166
13 166
14 166
15 166
25 166
16 166
26 166
17 166
18 166
35 157
18 157
19 157
20 157
21 157
22 157
23 157
24 157
30 171
14 171
13 171
12 171
37 165
25 172
36 172
39 166
19 166
29 168
17 168
18 168
28 161
35 165
19 165
18 165
17 165
16 165
15 165
27 172
29 172
17 172
18 172
19 172
20 172
21 172
22 172
23 172
24 172
37 166
35 166
20 166
21 166
22 166
23 166
24 166
26 168
19 168
20 168
35 168
37 168
38 174
8 174
7 174
39 168
21 168
22 168
23 168
24 168
42 175
17 175
18 175
19 175
27 175
20 175
25 175
36 175
29 175
21 175
22 175
29 176
21 176
20 176
25 176
36 176
37 177
24 177
23 177
22 177
27 176
22 176
23 176
24 176
35 176
39 176
30 165
20 165
21 165
22 165
23 165
24 165
37 176
25 177
36 177
29 177
33 164
19 164
20 164
21 164
22 164
36 178
29 178
25 178
24 178
23 178
22 178
21 178
33 179
20 179
21 179
22 179
23 179
24 179
25 179
36 179
26 175
1 175
29 179
41 171
23 171
22 171
39 165
4 165
5 165
6 165
7 165
8 165
9 165
10 165
