0 1530
0 1531
0 1532
0 1533
0 1534
0 1535
0 1536
0 1537
0 1540
34 1541
0 1542
0 1544
0 1545
36 1546
11 1546
10 1546
9 1546
8 1546
7 1546
6 1546
5 1546
4 1546
3 1546
2 1546
1 1546
0 1547
0 1548
0 1550
35 1543
11 1543
10 1543
9 1543
8 1543
7 1543
6 1543
5 1543
4 1543
3 1543
2 1543
1 1543
0 1552
26 1553
23 1553
24 1553
28 1557
18 1557
19 1557
20 1557
21 1557
22 1557
23 1557
24 1557
43 1558
20 1558
21 1558
22 1558
23 1558
24 1558
30 1559
6 1559
5 1559
4 1559
3 1559
2 1559
1 1559
25 1556
42 1556
1 1556
0 1563
33 1564
2 1564
1 1564
37 1565
0 1566
0 1567
0 1568
39 1551
23 1551
24 1551
0 1569
0 1571
31 1574
10 1574
9 1574
8 1574
7 1574
6 1574
5 1574
4 1574
3 1574
2 1574
1 1574
0 1576
44 1555
5 1555
4 1555
3 1555
2 1555
1 1555
42 1575
5 1575
4 1575
3 1575
2 1575
1 1575
0 1577
0 1578
0 1579
0 1580
29 1561
1 1561
0 1581
0 1582
0 1583
41 1562
22 1562
23 1562
24 1562
0 1584
0 1589
36 1591
23 1591
24 1591
0 1592
26 1593
9 1593
8 1593
7 1593
6 1593
5 1593
4 1593
3 1593
2 1593
1 1593
0 1594
40 1554
24 1554
0 1595
34 1590
15 1590
16 1590
17 1590
18 1590
19 1590
20 1590
21 1590
22 1590
23 1590
24 1590
27 1549
20 1549
21 1549
22 1549
23 1549
24 1549
0 1596
0 1597
0 1598
28 1599
6 1599
5 1599
4 1599
3 1599
2 1599
1 1599
0 1600
0 1601
38 1573
14 1573
15 1573
16 1573
17 1573
18 1573
19 1573
20 1573
21 1573
22 1573
23 1573
24 1573
0 1602
32 1572
11 1572
10 1572
9 1572
8 1572
7 1572
6 1572
5 1572
4 1572
3 1572
2 1572
1 1572
42 1605
16 1605
17 1605
18 1605
19 1605
20 1605
21 1605
22 1605
23 1605
24 1605
0 1611
0 1612
0 1614
30 1610
23 1610
24 1610
43 1603
33 1613
19 1613
20 1613
21 1613
22 1613
23 1613
24 1613
0 1615
35 1608
4 1608
3 1608
2 1608
1 1608
0 1617
0 1618
0 1619
44 1620
20 1620
21 1620
22 1620
23 1620
24 1620
0 1621
0 1622
37 1604
19 1604
20 1604
21 1604
22 1604
23 1604
24 1604
0 1624
0 1626
0 1627
25 1616
0 1628
0 1629
0 1630
0 1631
0 1632
0 1633
0 1635
0 1636
36 1625
13 1625
14 1625
15 1625
16 1625
17 1625
18 1625
19 1625
20 1625
21 1625
22 1625
23 1625
24 1625
0 1637
0 1638
42 1641
3 1641
2 1641
1 1641
0 1642
41 1640
17 1640
18 1640
19 1640
20 1640
21 1640
22 1640
23 1640
24 1640
0 1643
31 1639
9 1639
8 1639
7 1639
6 1639
5 1639
4 1639
3 1639
2 1639
1 1639
0 1644
39 1634
0 1646
32 1634
27 1647
12 1647
11 1647
10 1647
9 1647
8 1647
7 1647
6 1647
5 1647
4 1647
3 1647
2 1647
1 1647
0 1648
0 1649
0 1650
0 1652
43 1651
1 1651
0 1657
0 1658
44 1616
40 1662
22 1662
23 1662
24 1662
0 1666
0 1667
0 1668
34 1661
14 1661
15 1661
16 1661
17 1661
18 1661
19 1661
20 1661
21 1661
22 1661
23 1661
24 1661
28 1665
4 1665
3 1665
2 1665
1 1665
0 1670
0 1671
0 1673
0 1674
38 1655
13 1655
14 1655
15 1655
16 1655
17 1655
18 1655
19 1655
20 1655
21 1655
22 1655
23 1655
24 1655
0 1675
32 1676
10 1676
9 1676
8 1676
7 1676
6 1676
5 1676
4 1676
3 1676
2 1676
1 1676
0 1677
29 1603
9 1603
8 1603
7 1603
6 1603
5 1603
4 1603
3 1603
2 1603
1 1603
0 1678
27 1679
24 1679
26 1645
14 1645
15 1645
16 1645
17 1645
18 1645
19 1645
20 1645
21 1645
22 1645
23 1645
24 1645
44 1672
17 1672
18 1672
19 1672
20 1672
21 1672
22 1672
23 1672
24 1672
0 1686
0 1687
0 1688
35 1654
4 1654
3 1654
2 1654
1 1654
41 1689
7 1689
6 1689
5 1689
4 1689
3 1689
2 1689
1 1689
0 1691
0 1692
0 1693
37 1681
18 1681
19 1681
20 1681
21 1681
22 1681
23 1681
24 1681
43 1694
15 1694
16 1694
17 1694
18 1694
19 1694
20 1694
21 1694
22 1694
23 1694
24 1694
0 1695
0 1698
0 1699
0 1700
42 1616
23 1616
24 1616
0 1701
33 1669
24 1669
0 1703
25 1696
33 1696
0 1704
0 1706
36 1707
11 1707
10 1707
9 1707
8 1707
7 1707
6 1707
5 1707
4 1707
3 1707
2 1707
1 1707
0 1709
0 1710
31 1711
6 1711
5 1711
4 1711
3 1711
2 1711
1 1711
0 1712
0 1713
0 1715
0 1716
0 1717
30 1683
8 1683
7 1683
6 1683
5 1683
4 1683
3 1683
2 1683
1 1683
0 1718
0 1720
28 1714
21 1714
22 1714
23 1714
24 1714
0 1721
0 1722
0 1723
26 1719
2 1719
1 1719
0 1724
0 1725
0 1728
0 1729
0 1730
44 1726
8 1726
7 1726
6 1726
5 1726
4 1726
3 1726
2 1726
1 1726
0 1732
0 1734
27 1733
16 1733
17 1733
18 1733
19 1733
20 1733
21 1733
22 1733
23 1733
24 1733
43 1727
3 1727
2 1727
1 1727
34 1738
13 1738
14 1738
15 1738
16 1738
17 1738
18 1738
19 1738
20 1738
21 1738
22 1738
23 1738
24 1738
41 1739
24 1739
39 1705
6 1705
5 1705
4 1705
3 1705
2 1705
1 1705
0 1742
37 1731
9 1731
8 1731
7 1731
6 1731
5 1731
4 1731
3 1731
2 1731
1 1731
0 1743
0 1744
32 1741
0 1746
