53 4223 0 100 1.28371e-07 1.25024 1.25024
77 4219 0 100 0.1 1.15302 1.25302
81 4224 0 100 1.28371e-07 1.28426 1.28426
108 4229 0 100 3.50103e-08 1.34904 1.34904
118 4233 0 100 1.16701e-07 1.42642 1.42642
95 4234 0 100 1.05031e-07 1.42677 1.42677
40 4221 0 100 0.3 1.23923 1.53923
89 4241 0 100 5.83505e-08 1.55084 1.55084
63 4245 0 100 8.16907e-08 1.59835 1.59835
67 4246 0 100 8.16907e-08 1.62902 1.62902
87 4247 0 100 9.33608e-08 1.63631 1.63631
33 4252 0 100 5.83505e-08 1.69944 1.69944
84 4238 0 100 0.3 1.52271 1.82271
31 4243 0 100 0.3 1.58658 1.88658
27 4269 0 100 9.33608e-08 2.02101 2.02101
65 4272 0 100 7.00206e-08 2.05164 2.05164
34 4273 0 100 8.16907e-08 2.05475 2.05475
62 4270 0 100 0.1 2.02428 2.12428
113 4276 0 100 0.1 2.09042 2.19042
59 4253 0 100 0.5 1.72534 2.22534
64 4266 0 100 0.3 1.9422 2.2422
32 4267 0 100 0.3 1.94788 2.24788
30 4280 0 100 0.1 2.16624 2.26624
99 4236 0 100 0.8 1.47733 2.27733
82 4268 0 100 0.3 1.98284 2.28284
68 4284 0 100 0.1 2.20215 2.30215
105 4230 0 100 1 1.37037 2.37037
69 4293 0 100 1.05031e-07 2.39207 2.39207
91 4251 0 100 0.7 1.69625 2.39625
80 4289 0 100 0.1 2.33357 2.43357
102 4227 0 100 1.1 1.33488 2.43488
46 4292 0 100 0.1 2.3582 2.4582
112 4294 0 100 0.1 2.39614 2.49614
37 4303 0 100 1.28371e-07 2.51156 2.51156
56 4307 0 100 1.51711e-07 2.56563 2.56563
70 4302 0 100 0.1 2.48196 2.58196
103 4250 0 100 0.9 1.69451 2.59451
110 4237 0 100 1.1 1.50759 2.60759
104 4312 0 100 7.00206e-08 2.64392 2.64392
28 4291 0 100 0.3 2.3463 2.6463
26 4225 0 100 1.4 1.30479 2.70479
111 4313 0 100 0.1 2.64846 2.74846
39 4318 0 100 3.50103e-08 2.74918 2.74918
50 4314 0 100 0.1 2.65546 2.75546
79 4321 0 100 7.00206e-08 2.82223 2.82223
124 4324 0 100 5.83505e-08 2.85178 2.85178
25 4262 0 100 1 1.8728 2.8728
36 4257 0 100 1.1 1.78614 2.88614
116 4325 0 100 4.66804e-08 2.90284 2.90284
86 4309 0 100 0.3 2.61151 2.91151
92 4232 0 100 1.5 1.41537 2.91537
76 4330 0 100 5.83505e-08 2.96226 2.96226
96 4315 0 100 0.3 2.67108 2.97108
42 4226 0 100 1.7 1.32143 3.02143
90 4310 0 100 0.4 2.62147 3.02147
61 4258 0 100 1.2 1.82188 3.02188
100 4326 0 100 0.1 2.93228 3.03228
120 4261 0 100 1.2 1.87104 3.07104
52 4282 0 100 0.9 2.18513 3.08513
78 4277 0 100 1 2.10147 3.10147
117 4295 0 100 0.7 2.41378 3.11378
93 4298 0 100 0.7 2.43889 3.13889
51 4242 0 100 1.6 1.57776 3.17776
94 4286 0 100 1 2.22536 3.22536
97 4320 0 100 0.5 2.76175 3.26175
107 4331 0 100 0.3 2.99405 3.29405
109 4304 0 100 0.8 2.52433 3.32433
123 4306 0 100 0.8 2.54774 3.34775
57 4263 0 100 1.5 1.87551 3.37551
55 4308 0 100 0.8 2.5874 3.3874
75 4329 0 100 0.5 2.95361 3.45361
45 4301 0 100 1 2.4819 3.4819
40 4339 0 100 1.16701e-07 3.57817 3.57817
83 4255 0 100 1.9 1.7299 3.6299
119 4328 0 100 0.7 2.94307 3.64307
44 4288 0 100 1.4 2.2433 3.6433
114 4300 0 100 1.2 2.47654 3.67654
71 4275 0 100 1.6 2.07777 3.67777
85 4244 0 100 2.1 1.58732 3.68732
101 4249 0 100 2 1.68848 3.68848
29 4264 0 100 1.8 1.91388 3.71388
88 4283 0 100 1.7 2.18574 3.88574
49 4254 0 100 2.2 1.7262 3.9262
67 4345 0 100 7.00206e-08 3.99847 3.99847
38 4285 0 100 1.8 2.22024 4.02024
35 4231 0 100 2.7 1.39502 4.09502
73 4296 0 100 1.7 2.41629 4.11629
65 4352 0 100 0.1 4.30435 4.40435
72 4347 0 100 0.3 4.11911 4.41911
108 4343 0 100 0.6 3.85816 4.45816
121 4297 0 100 2.1 2.42332 4.52332
62 4356 0 100 1.05031e-07 4.52453 4.52453
63 4360 0 100 1.28371e-07 4.80574 4.80574
33 4349 0 100 0.7 4.15198 4.85198
105 4368 0 100 4.66804e-08 4.99271 4.99271
87 4370 0 100 1.16701e-07 5.01466 5.01466
80 4361 0 100 0.2 4.83392 5.03392
41 4322 0 100 2.3 2.83159 5.13159
95 4373 0 100 1.28371e-07 5.17511 5.17511
47 4316 0 100 2.6 2.73178 5.33178
69 4369 0 100 0.4 4.99436 5.39436
60 4220 0 100 4.2 1.23916 5.43916
31 4364 0 100 0.6 4.8586 5.4586
54 4278 0 100 3.5 2.12437 5.62437
92 4384 0 100 0.1 5.53839 5.63839
104 4389 0 100 8.16907e-08 5.67695 5.67695
43 4319 0 100 3 2.75566 5.75566
44 4395 0 100 1.16701e-07 5.76516 5.76516
46 4377 0 100 0.5 5.27173 5.77173
99 4396 0 100 9.33608e-08 5.83202 5.83202
58 4260 0 100 4 1.84906 5.84906
68 4399 0 100 1.16701e-08 5.8652 5.8652
49 4400 0 100 1.51711e-07 5.86865 5.86865
111 4386 0 100 0.4 5.5858 5.9858
100 4404 0 100 1.16701e-07 6.01172 6.01172
34 4405 0 100 1.51711e-07 6.01487 6.01487
83 4406 0 100 1.63381e-07 6.01637 6.01637
115 4407 0 100 7.00206e-08 6.02705 6.02705
119 4393 0 100 0.3 5.74026 6.04026
101 4412 0 100 1.51711e-07 6.21083 6.21083
110 4392 0 100 0.5 5.71587 6.21587
103 4413 0 100 0.1 6.21684 6.31684
98 4388 0 100 0.7 5.6708 6.3708
40 4409 0 100 0.3 6.07952 6.37952
75 4411 0 100 0.2 6.19143 6.39143
106 4403 0 100 0.4 5.99662 6.39662
88 4418 0 100 9.33608e-08 6.39753 6.39753
35 4421 0 100 1.28371e-07 6.44763 6.44763
77 4336 0 100 3.1 3.35668 6.45668
52 4422 0 100 1.40041e-07 6.46809 6.46809
118 4416 0 100 0.2 6.29186 6.49186
112 4428 0 100 1.51711e-07 6.70428 6.70428
57 4425 0 100 0.1 6.61174 6.71174
39 4429 0 100 1.16701e-07 6.71254 6.71254
58 4383 0 100 1.3 5.46891 6.76891
61 4431 0 100 9.33608e-08 6.77525 6.77525
84 4427 0 100 0.1 6.69499 6.79499
81 4366 0 100 1.9 4.96623 6.86623
114 4434 0 100 1.40041e-07 6.87949 6.87949
59 4438 0 100 7.00206e-08 6.99148 6.99148
106 4216 0 100 6 1.02081 7.02081
47 4442 0 100 1.16701e-08 7.10463 7.10463
91 4445 0 100 3.50103e-08 7.18142 7.18142
30 4391 0 100 1.6 5.68832 7.28832
43 4446 0 100 0.1 7.19228 7.29229
50 4448 0 100 0.1 7.27094 7.37094
79 4449 0 100 0.2 7.29753 7.49753
36 4458 0 100 5.83505e-08 7.54501 7.54501
87 4459 0 100 7.00206e-08 7.60583 7.60583
81 4460 0 100 1.28371e-07 7.62139 7.62139
48 4461 0 100 4.66804e-08 7.62247 7.62247
62 4453 0 100 0.2 7.42853 7.62853
71 4454 0 100 0.2 7.42858 7.62858
107 4464 0 100 1.40041e-07 7.73697 7.73697
90 4433 0 100 0.9 6.85491 7.75491
64 4424 0 100 1.2 6.57376 7.77376
65 4467 0 100 9.33608e-08 7.78913 7.78913
69 4440 0 100 0.8 7.02522 7.82522
41 4463 0 100 0.1 7.72977 7.82977
70 4456 0 100 0.4 7.44439 7.84439
48 4281 0 100 5.7 2.17611 7.87611
67 4419 0 100 1.5 6.42602 7.92602
80 4473 0 100 4.66804e-08 7.96662 7.96662
72 4470 0 100 0.1 7.89667 7.99667
72 4274 0 100 6 2.07006 8.07006
51 4479 0 100 1.16701e-07 8.15328 8.15328
102 4351 0 100 3.9 4.26752 8.16752
109 4367 0 100 3.2 4.98881 8.18881
76 4436 0 100 1.3 6.92436 8.22436
42 4376 0 100 3 5.26088 8.26088
105 4477 0 100 0.2 8.06985 8.26985
66 4480 0 100 0.1 8.17298 8.27298
53 4379 0 100 2.9 5.38168 8.28168
102 4482 0 100 5.83505e-08 8.2966 8.2966
38 4466 0 100 0.6 7.76629 8.36629
32 4354 0 100 4.1 4.37917 8.47917
78 4374 0 100 3.3 5.18333 8.48333
54 4468 0 100 0.7 7.82807 8.52807
45 4402 0 100 2.6 5.94546 8.54546
32 4486 0 100 0.1 8.56539 8.66539
33 4491 0 100 7.00206e-08 8.74272 8.74272
56 4390 0 100 3.1 5.68068 8.78068
63 4474 0 100 0.8 7.99552 8.79552
85 4435 0 100 1.9 6.9031 8.8031
93 4439 0 100 1.8 7.01715 8.81715
26 4398 0 100 3.1 5.85017 8.95018
109 4497 0 100 1.05031e-07 8.97148 8.97148
73 4499 0 100 2.33402e-08 8.98165 8.98165
53 4487 0 100 0.4 8.58948 8.98948
57 4501 0 100 3.50103e-08 9.03606 9.03606
47 4363 0 100 4.2 4.84663 9.04663
122 4239 0 100 7.6 1.54089 9.14089
59 4507 0 100 9.33608e-08 9.29237 9.29237
28 4505 0 100 0.1 9.252 9.352
120 4415 0 100 3.1 6.29094 9.39094
45 4511 0 100 9.33608e-08 9.42652 9.42652
49 4513 0 100 5.83505e-08 9.47001 9.47001
40 4498 0 100 0.5 8.98046 9.48046
95 4514 0 100 8.16907e-08 9.50548 9.50548
97 4451 0 100 2.2 7.35803 9.55803
121 4500 0 100 0.6 9.01015 9.61015
25 4452 0 100 2.3 7.38289 9.68289
37 4444 0 100 2.7 7.15007 9.85007
88 4516 0 100 0.3 9.60416 9.90416
111 4517 0 100 0.3 9.60676 9.90676
52 4509 0 100 0.6 9.4012 10.0012
92 4521 0 100 0.2 9.82515 10.0251
74 4530 0 100 7.00206e-08 10.1577 10.1577
120 4535 0 100 5.83505e-08 10.2399 10.2399
114 4539 0 100 3.50103e-08 10.2858 10.2858
110 4524 0 100 0.4 9.93565 10.3357
101 4522 0 100 0.5 9.8358 10.3358
99 4495 0 100 1.4 8.9413 10.3413
94 4538 0 100 0.1 10.2856 10.3856
60 4380 0 100 5 5.40512 10.4051
93 4543 0 100 1.28371e-07 10.4131 10.4131
39 4545 0 100 1.16701e-07 10.4409 10.4409
42 4532 0 100 0.3 10.1651 10.4651
90 4548 0 100 3.50103e-08 10.5075 10.5075
104 4525 0 100 0.6 9.94099 10.541
29 4547 0 100 0.1 10.485 10.585
35 4554 0 100 1.28371e-07 10.6507 10.6507
47 4555 0 100 1.05031e-07 10.6741 10.6741
27 4550 0 100 0.1 10.5751 10.6751
48 4544 0 100 0.3 10.4333 10.7333
100 4558 0 100 9.33608e-08 10.7962 10.7962
89 4381 0 100 5.5 5.42331 10.9233
118 4567 0 100 1.51711e-07 11.009 11.009
68 4494 0 100 2.2 8.85795 11.058
77 4556 0 100 0.4 10.6996 11.0996
55 4475 0 100 3.2 8.035 11.235
64 4570 0 100 0.1 11.1501 11.2501
103 4506 0 100 2.1 9.26184 11.3618
58 4492 0 100 2.6 8.81333 11.4133
30 4552 0 100 0.8 10.6159 11.4159
107 4577 0 100 0.1 11.3497 11.4497
41 4572 0 100 0.3 11.2211 11.5211
123 4584 0 100 1.16701e-07 11.5376 11.5376
44 4542 0 100 1.2 10.3437 11.5437
26 4537 0 100 1.3 10.267 11.567
113 4580 0 100 0.2 11.403 11.603
34 4510 0 100 2.2 9.4086 11.6086
106 4573 0 100 0.4 11.2229 11.6229
72 4534 0 100 1.4 10.2283 11.6283
75 4592 0 100 1.16701e-07 11.6459 11.6459
61 4593 0 100 1.16701e-07 11.6536 11.6536
112 4587 0 100 0.1 11.6099 11.7099
62 4591 0 100 0.3 11.6428 11.9428
25 4596 0 100 0.2 11.7662 11.9662
32 4602 0 100 1.40041e-07 11.9689 11.9689
82 4586 0 100 0.4 11.6002 12.0002
87 4531 0 100 1.9 10.159 12.059
95 4604 0 100 1.05031e-07 12.0607 12.0607
121 4606 0 100 1.51711e-07 12.091 12.091
69 4607 0 100 1.40041e-07 12.1055 12.1055
105 4560 0 100 1.3 10.8128 12.1128
98 4600 0 100 0.2 11.9373 12.1373
111 4605 0 100 0.1 12.0835 12.1835
86 4562 0 100 1.3 10.8895 12.1895
96 4610 0 100 0.1 12.2301 12.3301
67 4597 0 100 0.5 11.8315 12.3315
91 4563 0 100 1.5 10.8943 12.3943
83 4551 0 100 1.9 10.5834 12.4834
108 4609 0 100 0.3 12.1947 12.4947
46 4618 0 100 2.33402e-08 12.574 12.574
35 4624 0 100 9.33608e-08 12.6597 12.6597
122 4620 0 100 0.1 12.6085 12.7085
59 4627 0 100 2.33402e-08 12.7467 12.7467
84 4595 0 100 1 11.7493 12.7493
49 4628 0 100 7.00206e-08 12.7722 12.7722
51 4579 0 100 1.4 11.3816 12.7816
115 4533 0 100 2.8 10.2218 13.0218
101 4616 0 100 0.6 12.5181 13.1181
37 4636 0 100 1.16701e-07 13.1671 13.1671
116 4634 0 100 0.1 13.1307 13.2307
38 4622 0 100 0.6 12.65 13.25
33 4575 0 100 2 11.2691 13.2691
99 4637 0 100 0.1 13.17 13.27
70 4625 0 100 0.6 12.7135 13.3135
81 4565 0 100 2.4 10.9323 13.3323
27 4642 0 100 1.40041e-07 13.3616 13.3616
53 4639 0 100 0.1 13.2745 13.3745
56 4640 0 100 0.1 13.2914 13.3914
60 4643 0 100 9.33608e-08 13.3934 13.3934
55 4615 0 100 1 12.4836 13.4836
79 4564 0 100 2.6 10.9216 13.5216
74 4612 0 100 1.2 12.3346 13.5346
45 4648 0 100 3.50103e-08 13.5365 13.5365
52 4619 0 100 1 12.5847 13.5847
93 4630 0 100 0.8 12.8945 13.6945
88 4623 0 100 1.1 12.6511 13.7511
60 4578 0 100 2.4 11.3723 13.7723
75 4489 0 100 5.1 8.67297 13.773
57 4571 0 100 2.6 11.2126 13.8126
79 4654 0 100 3.50103e-08 13.8255 13.8255
47 4657 0 100 9.33608e-08 13.9247 13.9247
63 4588 0 100 2.3 11.6336 13.9336
40 4655 0 100 0.1 13.8396 13.9396
106 4653 0 100 0.2 13.7885 13.9885
110 4662 0 100 3.50103e-08 14.0081 14.0081
94 4665 0 100 1.28371e-07 14.0575 14.0575
80 4582 0 100 2.6 11.4712 14.0712
51 4667 0 100 8.16907e-08 14.1211 14.1211
97 4661 0 100 0.2 13.9715 14.1715
29 4666 0 100 0.1 14.0748 14.1748
91 4663 0 100 0.2 14.0389 14.2389
75 4670 0 100 0.1 14.2892 14.3892
30 4674 0 100 5.83505e-08 14.4051 14.4051
28 4589 0 100 2.8 11.6361 14.4361
42 4678 0 100 4.66804e-08 14.5987 14.5987
85 4680 0 100 5.83505e-08 14.6392 14.6392
89 4684 0 100 1.05031e-07 14.6999 14.6999
43 4658 0 100 0.8 13.9284 14.7284
39 4687 0 100 7.00206e-08 14.8037 14.8037
41 4673 0 100 0.4 14.4047 14.8047
100 4647 0 100 1.3 13.5079 14.8079
85 4527 0 100 4.8 10.0373 14.8373
43 4519 0 100 5.2 9.7067 14.9067
