29 50 0.048 49.952
33 50 0.048 49.952
28 50 0.048 49.952
30 50 0.048 49.952
25 50 0.048 49.952
26 50 0.048 49.952
32 50 0.048 49.952
34 50 0.048 49.952
27 50 0.048 49.952
31 50 0.048 49.952
29 50 0.048 49.952
33 50 0.048 49.952
30 50 0.048 49.952
28 50 0.048 49.952
31 50 0.048 49.952
30 49.952 0.048 49.904
25 50 0.048 49.952
26 50 0.048 49.952
32 50 0.048 49.952
34 50 0.048 49.952
27 50 0.048 49.952
31 49.952 0.048 49.904
29 50 0.048 49.952
33 50 0.048 49.952
30 50 0.048 49.952
28 50 0.048 49.952
31 50 0.048 49.952
31 49.952 0.0048 49.9472
31 49.9472 0.16 49.7872
31 49.7872 0.0016 49.7856
30 49.952 0.048 49.904
25 50 0.048 49.952
26 50 0.048 49.952
32 50 0.048 49.952
30 49.904 0.0048 49.8992
30 49.8992 0.048 49.8512
32 49.952 0.0048 49.9472
34 50 0.048 49.952
27 50 0.048 49.952
31 49.7856 0.048 49.7376
29 50 0.048 49.952
33 50 0.048 49.952
30 50 0.048 49.952
32 50 0.0048 49.9952
32 49.9952 0.048 49.9472
30 49.952 0.0048 49.9472
30 49.9472 0.16 49.7872
32 49.9472 0.016 49.9312
32 49.9312 0.016 49.9152
30 49.7872 0.0016 49.7856
32 49.9152 0.048 49.8672
30 49.7856 0.0048 49.7808
28 50 0.048 49.952
30 49.7808 0.048 49.7328
32 49.8672 0.0048 49.8624
32 49.8624 0.048 49.8144
30 49.7328 0.0048 49.728
25 50 0.048 49.952
26 50 0.048 49.952
32 49.8144 0.048 49.7664
30 49.728 0.0048 49.7232
30 49.7232 0.048 49.6752
32 49.7664 0.0048 49.7616
34 50 0.048 49.952
27 50 0.048 49.952
31 49.8957 0.048 49.8477
26 50 0.048 49.952
29 50 0.048 49.952
33 50 0.048 49.952
32 50 0.048 49.952
30 50 0.0048 49.9952
28 50 0.048 49.952
30 49.9952 0.048 49.9472
32 49.952 0.0048 49.9472
32 49.9472 0.048 49.8992
30 49.9472 0.0048 49.9424
25 50 0.048 49.952
26 49.952 0.048 49.904
32 49.8992 0.048 49.8512
30 49.9424 0.0048 49.9376
30 49.9376 0.048 49.8896
32 49.8512 0.0048 49.8464
34 50 0.048 49.952
27 50 0.048 49.952
31 50 0.048 49.952
26 50 0.048 49.952
29 50 0.048 49.952
33 50 0.048 49.952
32 50 0.048 49.952
28 50 0.048 49.952
30 50 0.048 49.952
25 50 0.048 49.952
26 49.952 0.048 49.904
32 49.952 0.048 49.904
34 50 0.048 49.952
27 50 0.048 49.952
25 49.952 0.0048 49.9472
25 49.9472 0.048 49.8992
27 49.952 0.0048 49.9472
31 50 0.048 49.952
27 49.9472 0.048 49.8992
26 50 0.048 49.952
29 50 0.048 49.952
33 50 0.048 49.952
32 50 0.048 49.952
32 49.952 0.0048 49.9472
32 49.9472 0.16 49.7872
32 49.7872 0.0016 49.7856
28 50 0.048 49.952
30 50 0.048 49.952
25 50 0.048 49.952
26 49.952 0.048 49.904
32 49.7856 0.048 49.7376
34 50 0.048 49.952
27 50 0.048 49.952
31 50 0.048 49.952
27 49.952 0.048 49.904
26 50 0.048 49.952
26 49.952 0.0048 49.9472
26 49.9472 0.16 49.7872
26 49.7872 0.0016 49.7856
29 50 0.048 49.952
33 50 0.048 49.952
28 50 0.048 49.952
30 50 0.048 49.952
25 50 0.048 49.952
26 49.7856 0.048 49.7376
32 50 0.048 49.952
34 50 0.048 49.952
27 50 0.048 49.952
31 50 0.048 49.952
27 49.952 0.048 49.904
29 50 0.048 49.952
33 50 0.048 49.952
28 50 0.048 49.952
30 50 0.048 49.952
32 50 0.0048 49.9952
32 49.9952 0.048 49.9472
30 49.952 0.0048 49.9472
25 50 0.048 49.952
26 50 0.048 49.952
32 49.9472 0.048 49.8992
30 49.9472 0.0048 49.9424
30 49.9424 0.048 49.8944
32 49.8992 0.0048 49.8944
34 50 0.048 49.952
27 50 0.048 49.952
31 50 0.048 49.952
27 49.952 0.048 49.904
29 50 0.048 49.952
33 50 0.048 49.952
28 50 0.048 49.952
29 49.952 0.048 49.904
30 50 0.048 49.952
32 50 0.0048 49.9952
32 49.9952 0.048 49.9472
30 49.952 0.0048 49.9472
25 50 0.048 49.952
26 50 0.048 49.952
32 49.9472 0.048 49.8992
30 49.9472 0.0048 49.9424
30 49.9424 0.048 49.8944
32 49.8992 0.0048 49.8944
34 50 0.048 49.952
27 50 0.048 49.952
31 50 0.048 49.952
27 49.952 0.048 49.904
29 50 0.048 49.952
33 50 0.048 49.952
28 50 0.048 49.952
29 49.952 0.048 49.904
30 50 0.048 49.952
25 50 0.048 49.952
26 50 0.048 49.952
28 49.952 0.048 49.904
32 50 0.048 49.952
33 49.952 0.048 49.904
34 50 0.048 49.952
27 50 0.048 49.952
31 50 0.048 49.952
27 49.952 0.048 49.904
29 50 0.048 49.952
33 50 0.048 49.952
28 50 0.048 49.952
29 49.952 0.048 49.904
30 50 0.048 49.952
25 50 0.048 49.952
26 50 0.048 49.952
28 49.952 0.048 49.904
28 49.904 0.0048 49.8992
28 49.8992 0.16 49.7392
28 49.7392 0.0016 49.7376
32 50 0.048 49.952
33 49.952 0.048 49.904
34 50 0.048 49.952
27 50 0.048 49.952
31 50 0.048 49.952
27 49.952 0.048 49.904
29 50 0.048 49.952
33 50 0.048 49.952
28 49.9195 0.048 49.8715
29 49.952 0.048 49.904
30 50 0.048 49.952
25 50 0.048 49.952
26 50 0.048 49.952
32 50 0.048 49.952
33 49.952 0.048 49.904
34 50 0.048 49.952
27 50 0.048 49.952
31 50 0.048 49.952
27 49.952 0.048 49.904
29 50 0.048 49.952
33 50 0.048 49.952
28 50 0.048 49.952
29 49.952 0.048 49.904
30 50 0.048 49.952
25 50 0.048 49.952
26 50 0.048 49.952
32 50 0.048 49.952
33 49.952 0.048 49.904
34 50 0.048 49.952
27 50 0.048 49.952
31 50 0.048 49.952
27 49.952 0.048 49.904
29 50 0.048 49.952
33 50 0.048 49.952
28 50 0.048 49.952
29 49.952 0.048 49.904
30 50 0.048 49.952
32 50 0.0048 49.9952
32 49.9952 0.048 49.9472
30 49.952 0.0048 49.9472
25 50 0.048 49.952
26 50 0.048 49.952
32 49.9472 0.048 49.8992
30 49.9472 0.0048 49.9424
30 49.9424 0.048 49.8944
32 49.8992 0.0048 49.8944
33 49.952 0.048 49.904
33 49.904 0.0048 49.8992
33 49.8992 0.16 49.7392
33 49.7392 0.0016 49.7376
34 50 0.048 49.952
27 50 0.048 49.952
31 50 0.048 49.952
27 49.952 0.048 49.904
29 50 0.048 49.952
33 50 0.048 49.952
28 50 0.048 49.952
29 49.952 0.048 49.904
30 50 0.048 49.952
32 50 0.0048 49.9952
32 49.9952 0.048 49.9472
30 49.952 0.0048 49.9472
25 50 0.048 49.952
32 49.9472 0.048 49.8992
30 49.9472 0.0048 49.9424
26 50 0.048 49.952
32 49.8992 0.048 49.8512
30 49.9424 0.0048 49.9376
30 49.9376 0.048 49.8896
32 49.8512 0.0048 49.8464
34 50 0.048 49.952
27 50 0.048 49.952
31 50 0.048 49.952
27 49.952 0.048 49.904
29 50 0.048 49.952
33 50 0.048 49.952
28 50 0.048 49.952
29 49.952 0.048 49.904
30 50 0.048 49.952
32 50 0.0048 49.9952
32 49.9952 0.048 49.9472
30 49.952 0.0048 49.9472
25 50 0.048 49.952
32 49.9472 0.048 49.8992
30 49.9472 0.0048 49.9424
26 50 0.048 49.952
32 49.8992 0.048 49.8512
30 49.9424 0.0048 49.9376
30 49.9376 0.048 49.8896
32 49.8512 0.0048 49.8464
34 50 0.048 49.952
27 50 0.048 49.952
31 50 0.048 49.952
27 49.952 0.048 49.904
34 50 0.048 49.952
29 50 0.048 49.952
33 50 0.048 49.952
28 50 0.048 49.952
29 49.952 0.048 49.904
30 50 0.048 49.952
32 50 0.0048 49.9952
32 49.9952 0.048 49.9472
30 49.952 0.0048 49.9472
25 50 0.048 49.952
32 49.9472 0.048 49.8992
30 49.9472 0.0048 49.9424
26 50 0.048 49.952
32 49.8992 0.048 49.8512
30 49.9424 0.0048 49.9376
30 49.9376 0.048 49.8896
32 49.8512 0.0048 49.8464
34 49.952 0.048 49.904
27 50 0.048 49.952
31 50 0.048 49.952
27 49.952 0.048 49.904
34 50 0.048 49.952
29 50 0.048 49.952
33 50 0.048 49.952
28 50 0.048 49.952
29 49.952 0.048 49.904
30 50 0.048 49.952
32 50 0.0048 49.9952
32 49.9952 0.048 49.9472
30 49.952 0.0048 49.9472
25 50 0.048 49.952
25 49.952 0.048 49.904
32 49.9472 0.048 49.8992
30 49.9472 0.0048 49.9424
26 50 0.048 49.952
32 49.8992 0.048 49.8512
30 49.9424 0.0048 49.9376
30 49.9376 0.048 49.8896
32 49.8512 0.0048 49.8464
34 49.952 0.048 49.904
27 50 0.048 49.952
31 50 0.048 49.952
27 49.952 0.048 49.904
34 50 0.048 49.952
29 50 0.048 49.952
33 50 0.048 49.952
28 50 0.048 49.952
29 49.952 0.048 49.904
30 50 0.048 49.952
32 50 0.0048 49.9952
32 49.9952 0.048 49.9472
30 49.952 0.0048 49.9472
25 50 0.048 49.952
25 49.952 0.048 49.904
25 49.904 0.0048 49.8992
25 49.8992 0.16 49.7392
25 49.7392 0.0016 49.7376
32 49.9472 0.048 49.8992
30 49.9472 0.0048 49.9424
32 49.8992 0.0048 49.8944
32 49.8944 0.16 49.7344
32 49.7344 0.0016 49.7328
26 50 0.048 49.952
32 49.7328 0.048 49.6848
30 49.9424 0.0048 49.9376
30 49.9376 0.048 49.8896
32 49.6848 0.0048 49.68
34 49.952 0.048 49.904
27 50 0.048 49.952
31 50 0.048 49.952
27 49.952 0.048 49.904
34 50 0.048 49.952
29 50 0.048 49.952
33 50 0.048 49.952
28 50 0.048 49.952
29 49.952 0.048 49.904
30 50 0.048 49.952
32 50 0.0048 49.9952
32 49.9952 0.048 49.9472
30 49.952 0.0048 49.9472
25 50 0.048 49.952
26 50 0.048 49.952
32 49.9472 0.048 49.8992
30 49.9472 0.0048 49.9424
30 49.9424 0.048 49.8944
32 49.8992 0.0048 49.8944
34 49.952 0.048 49.904
27 50 0.048 49.952
31 50 0.048 49.952
27 49.952 0.048 49.904
34 50 0.048 49.952
29 50 0.048 49.952
33 50 0.048 49.952
28 50 0.048 49.952
29 49.952 0.048 49.904
30 50 0.048 49.952
32 50 0.0048 49.9952
32 49.9952 0.048 49.9472
30 49.952 0.0048 49.9472
25 50 0.048 49.952
26 50 0.048 49.952
32 49.9472 0.048 49.8992
30 49.9472 0.0048 49.9424
30 49.9424 0.048 49.8944
32 49.8992 0.0048 49.8944
34 49.952 0.048 49.904
27 50 0.048 49.952
25 49.952 0.0048 49.9472
25 49.9472 0.048 49.8992
27 49.952 0.0048 49.9472
31 50 0.048 49.952
27 49.9472 0.048 49.8992
25 49.8992 0.0048 49.8944
34 50 0.048 49.952
29 50 0.048 49.952
33 50 0.048 49.952
28 50 0.048 49.952
29 49.952 0.048 49.904
30 50 0.048 49.952
32 50 0.0048 49.9952
32 49.9952 0.048 49.9472
30 49.952 0.0048 49.9472
25 50 0.048 49.952
27 49.8992 0.0048 49.8944
27 49.8944 0.048 49.8464
25 49.952 0.0048 49.9472
26 50 0.048 49.952
32 49.9472 0.048 49.8992
30 49.9472 0.0048 49.9424
30 49.9424 0.048 49.8944
32 49.8992 0.0048 49.8944
34 49.952 0.048 49.904
27 50 0.048 49.952
31 50 0.048 49.952
27 49.952 0.048 49.904
34 50 0.048 49.952
29 50 0.048 49.952
33 50 0.048 49.952
28 50 0.048 49.952
29 49.952 0.048 49.904
29 49.904 0.0048 49.8992
29 49.8992 0.16 49.7392
29 49.7392 0.0016 49.7376
30 50 0.048 49.952
32 50 0.0048 49.9952
32 49.9952 0.048 49.9472
30 49.952 0.0048 49.9472
25 50 0.048 49.952
26 50 0.048 49.952
32 49.9472 0.048 49.8992
30 49.9472 0.0048 49.9424
30 49.9424 0.048 49.8944
32 49.8992 0.0048 49.8944
34 49.952 0.048 49.904
27 50 0.048 49.952
31 50 0.048 49.952
27 49.952 0.048 49.904
34 50 0.048 49.952
34 49.952 0.0048 49.9472
34 49.9472 0.16 49.7872
34 49.7872 0.0016 49.7856
29 49.8408 0.048 49.7928
33 50 0.048 49.952
28 50 0.048 49.952
30 50 0.048 49.952
32 50 0.0048 49.9952
32 49.9952 0.048 49.9472
30 49.952 0.0048 49.9472
25 50 0.048 49.952
26 50 0.048 49.952
32 49.9472 0.048 49.8992
30 49.9472 0.0048 49.9424
30 49.9424 0.048 49.8944
32 49.8992 0.0048 49.8944
34 49.7856 0.048 49.7376
27 50 0.048 49.952
31 50 0.048 49.952
27 49.952 0.048 49.904
29 50 0.048 49.952
33 50 0.048 49.952
28 50 0.048 49.952
30 50 0.048 49.952
25 50 0.048 49.952
26 50 0.048 49.952
32 50 0.048 49.952
30 49.952 0.0048 49.9472
30 49.9472 0.048 49.8992
32 49.952 0.0048 49.9472
34 49.918 0.048 49.87
27 50 0.048 49.952
31 50 0.048 49.952
27 49.952 0.048 49.904
29 50 0.048 49.952
33 50 0.048 49.952
28 50 0.048 49.952
30 50 0.048 49.952
32 50 0.0048 49.9952
32 49.9952 0.048 49.9472
30 49.952 0.0048 49.9472
25 50 0.048 49.952
26 50 0.048 49.952
32 49.9472 0.048 49.8992
30 49.9472 0.0048 49.9424
30 49.9424 0.048 49.8944
32 49.8992 0.0048 49.8944
34 50 0.048 49.952
27 50 0.048 49.952
31 50 0.048 49.952
27 49.952 0.048 49.904
29 50 0.048 49.952
33 50 0.048 49.952
28 50 0.048 49.952
30 50 0.048 49.952
32 50 0.0048 49.9952
32 49.9952 0.048 49.9472
30 49.952 0.0048 49.9472
25 50 0.048 49.952
26 50 0.048 49.952
32 49.9472 0.048 49.8992
30 49.9472 0.0048 49.9424
30 49.9424 0.048 49.8944
32 49.8992 0.0048 49.8944
34 50 0.048 49.952
27 50 0.048 49.952
31 50 0.048 49.952
27 49.952 0.048 49.904
29 50 0.048 49.952
33 50 0.048 49.952
28 50 0.048 49.952
30 50 0.048 49.952
32 50 0.0048 49.9952
32 49.9952 0.048 49.9472
30 49.952 0.0048 49.9472
25 50 0.048 49.952
26 50 0.048 49.952
32 49.9472 0.048 49.8992
30 49.9472 0.0048 49.9424
30 49.9424 0.048 49.8944
32 49.8992 0.0048 49.8944
34 50 0.048 49.952
27 50 0.048 49.952
31 50 0.048 49.952
27 49.952 0.048 49.904
29 50 0.048 49.952
33 50 0.048 49.952
28 50 0.048 49.952
30 50 0.048 49.952
25 50 0.048 49.952
26 50 0.048 49.952
32 50 0.048 49.952
34 50 0.048 49.952
27 50 0.048 49.952
30 49.952 0.048 49.904
30 49.904 0.0048 49.8992
30 49.8992 0.16 49.7392
30 49.7392 0.0016 49.7376
31 50 0.048 49.952
27 49.952 0.048 49.904
29 50 0.048 49.952
33 50 0.048 49.952
28 50 0.048 49.952
30 50 0.048 49.952
25 50 0.048 49.952
26 50 0.048 49.952
32 50 0.048 49.952
34 50 0.048 49.952
27 50 0.048 49.952
31 50 0.048 49.952
27 49.952 0.048 49.904
29 50 0.048 49.952
33 50 0.048 49.952
28 50 0.048 49.952
30 50 0.048 49.952
32 50 0.0048 49.9952
32 49.9952 0.048 49.9472
30 49.952 0.0048 49.9472
25 50 0.048 49.952
26 50 0.048 49.952
32 49.9472 0.048 49.8992
34 50 0.048 49.952
27 50 0.048 49.952
31 50 0.048 49.952
26 49.952 0.048 49.904
27 49.952 0.048 49.904
29 50 0.048 49.952
33 50 0.048 49.952
28 50 0.048 49.952
30 50 0.048 49.952
25 50 0.048 49.952
26 50 0.048 49.952
32 50 0.048 49.952
34 50 0.048 49.952
27 50 0.048 49.952
31 50 0.048 49.952
26 49.952 0.048 49.904
27 49.952 0.048 49.904
29 50 0.048 49.952
33 50 0.048 49.952
28 50 0.048 49.952
30 50 0.048 49.952
25 50 0.048 49.952
26 50 0.048 49.952
32 50 0.048 49.952
34 50 0.048 49.952
27 50 0.048 49.952
31 50 0.048 49.952
26 49.952 0.048 49.904
27 49.952 0.048 49.904
29 50 0.048 49.952
33 50 0.048 49.952
28 50 0.048 49.952
30 50 0.048 49.952
25 50 0.048 49.952
26 50 0.048 49.952
32 50 0.048 49.952
34 50 0.048 49.952
27 50 0.048 49.952
31 50 0.048 49.952
26 49.952 0.048 49.904
27 49.952 0.048 49.904
29 50 0.048 49.952
33 50 0.048 49.952
33 49.952 0.048 49.904
28 50 0.048 49.952
30 50 0.048 49.952
25 50 0.048 49.952
26 50 0.048 49.952
32 50 0.048 49.952
30 49.952 0.0048 49.9472
30 49.9472 0.048 49.8992
32 49.952 0.0048 49.9472
34 50 0.048 49.952
27 50 0.048 49.952
31 50 0.048 49.952
26 49.952 0.048 49.904
27 49.952 0.048 49.904
29 50 0.048 49.952
33 50 0.048 49.952
33 49.952 0.048 49.904
28 50 0.048 49.952
30 50 0.048 49.952
32 50 0.0048 49.9952
32 49.9952 0.048 49.9472
30 49.952 0.0048 49.9472
25 50 0.048 49.952
26 50 0.048 49.952
32 49.9472 0.048 49.8992
30 49.9472 0.0048 49.9424
30 49.9424 0.048 49.8944
32 49.8992 0.0048 49.8944
34 50 0.048 49.952
27 50 0.048 49.952
31 50 0.048 49.952
26 49.952 0.048 49.904
27 49.952 0.048 49.904
29 50 0.048 49.952
33 50 0.048 49.952
33 49.952 0.048 49.904
28 50 0.048 49.952
30 50 0.048 49.952
25 50 0.048 49.952
26 50 0.048 49.952
28 49.952 0.048 49.904
32 50 0.048 49.952
30 49.952 0.0048 49.9472
30 49.9472 0.048 49.8992
32 49.952 0.0048 49.9472
34 50 0.048 49.952
27 50 0.048 49.952
31 50 0.048 49.952
26 49.952 0.048 49.904
27 49.952 0.048 49.904
29 50 0.048 49.952
33 50 0.048 49.952
33 49.952 0.048 49.904
28 50 0.048 49.952
30 50 0.048 49.952
32 50 0.0048 49.9952
32 49.9952 0.048 49.9472
30 49.952 0.0048 49.9472
25 50 0.048 49.952
26 50 0.048 49.952
28 49.952 0.048 49.904
28 49.904 0.0048 49.8992
28 49.8992 0.16 49.7392
28 49.7392 0.0016 49.7376
32 49.9472 0.048 49.8992
30 49.9472 0.0048 49.9424
30 49.9424 0.048 49.8944
32 49.8992 0.0048 49.8944
34 50 0.048 49.952
27 50 0.048 49.952
31 50 0.048 49.952
26 49.952 0.048 49.904
26 49.904 0.0048 49.8992
26 49.8992 0.16 49.7392
26 49.7392 0.0016 49.7376
27 49.952 0.048 49.904
29 50 0.048 49.952
33 50 0.048 49.952
33 49.952 0.048 49.904
28 50 0.048 49.952
30 50 0.048 49.952
32 50 0.0048 49.9952
32 49.9952 0.048 49.9472
30 49.952 0.0048 49.9472
25 50 0.048 49.952
26 49.9845 0.048 49.9365
31 50 0.048 49.952
31 49.952 0.0048 49.9472
31 49.9472 0.16 49.7872
31 49.7872 0.0016 49.7856
32 49.9472 0.048 49.8992
30 49.9472 0.0048 49.9424
30 49.9424 0.048 49.8944
32 49.8992 0.0048 49.8944
34 50 0.048 49.952
27 50 0.048 49.952
31 49.7856 0.048 49.7376
27 49.952 0.048 49.904
29 50 0.048 49.952
33 50 0.048 49.952
33 49.952 0.048 49.904
28 50 0.048 49.952
30 50 0.048 49.952
32 50 0.0048 49.9952
32 49.9952 0.048 49.9472
30 49.952 0.0048 49.9472
25 50 0.048 49.952
26 50 0.048 49.952
32 49.9472 0.048 49.8992
30 49.9472 0.0048 49.9424
30 49.9424 0.048 49.8944
32 49.8992 0.0048 49.8944
34 50 0.048 49.952
27 50 0.048 49.952
31 50 0.048 49.952
27 49.952 0.048 49.904
29 50 0.048 49.952
33 50 0.048 49.952
33 49.952 0.048 49.904
28 50 0.048 49.952
30 50 0.048 49.952
32 50 0.0048 49.9952
32 49.9952 0.048 49.9472
30 49.952 0.0048 49.9472
25 50 0.048 49.952
26 50 0.048 49.952
32 49.9472 0.048 49.8992
34 50 0.048 49.952
27 50 0.048 49.952
31 50 0.048 49.952
27 49.952 0.048 49.904
29 50 0.048 49.952
33 50 0.048 49.952
33 49.952 0.048 49.904
33 49.904 0.0048 49.8992
33 49.8992 0.16 49.7392
33 49.7392 0.0016 49.7376
28 50 0.048 49.952
30 50 0.048 49.952
25 50 0.048 49.952
26 50 0.048 49.952
32 50 0.048 49.952
34 50 0.048 49.952
27 50 0.048 49.952
31 50 0.048 49.952
27 49.952 0.048 49.904
29 50 0.048 49.952
33 50 0.048 49.952
28 50 0.048 49.952
30 50 0.048 49.952
25 50 0.048 49.952
26 50 0.048 49.952
32 50 0.048 49.952
34 50 0.048 49.952
27 50 0.048 49.952
31 50 0.048 49.952
27 49.952 0.048 49.904
27 49.904 0.0048 49.8992
27 49.8992 0.16 49.7392
27 49.7392 0.0016 49.7376
29 50 0.048 49.952
33 50 0.048 49.952
28 50 0.048 49.952
30 50 0.048 49.952
25 50 0.048 49.952
26 50 0.048 49.952
32 50 0.048 49.952
34 50 0.048 49.952
34 49.952 0.048 49.904
27 50 0.048 49.952
31 50 0.048 49.952
29 50 0.048 49.952
33 50 0.048 49.952
28 50 0.048 49.952
30 50 0.048 49.952
25 50 0.048 49.952
26 50 0.048 49.952
32 50 0.048 49.952
34 50 0.048 49.952
34 49.952 0.048 49.904
27 50 0.048 49.952
31 50 0.048 49.952
29 50 0.048 49.952
33 50 0.048 49.952
28 50 0.048 49.952
30 50 0.048 49.952
32 50 0.0048 49.9952
32 49.9952 0.048 49.9472
30 49.952 0.0048 49.9472
25 50 0.048 49.952
26 50 0.048 49.952
32 49.9472 0.048 49.8992
30 49.9472 0.0048 49.9424
30 49.9424 0.048 49.8944
32 49.8992 0.0048 49.8944
34 50 0.048 49.952
34 49.952 0.048 49.904
27 50 0.048 49.952
31 50 0.048 49.952
29 50 0.048 49.952
33 50 0.048 49.952
28 50 0.048 49.952
30 50 0.048 49.952
25 50 0.048 49.952
26 50 0.048 49.952
32 50 0.048 49.952
34 50 0.048 49.952
34 49.952 0.0048 49.9472
34 49.9472 0.16 49.7872
34 49.7872 0.0016 49.7856
34 49.7856 0.048 49.7376
27 50 0.048 49.952
31 50 0.048 49.952
29 50 0.048 49.952
33 50 0.048 49.952
28 50 0.048 49.952
30 50 0.048 49.952
32 50 0.0048 49.9952
32 49.9952 0.048 49.9472
30 49.952 0.0048 49.9472
25 50 0.048 49.952
26 50 0.048 49.952
32 49.9472 0.048 49.8992
30 49.9472 0.0048 49.9424
30 49.9424 0.048 49.8944
32 49.8992 0.0048 49.8944
34 49.9545 0.048 49.9065
27 50 0.048 49.952
31 50 0.048 49.952
29 50 0.048 49.952
33 50 0.048 49.952
28 50 0.048 49.952
30 50 0.048 49.952
25 50 0.048 49.952
26 50 0.048 49.952
32 50 0.048 49.952
34 50 0.048 49.952
27 50 0.048 49.952
31 50 0.048 49.952
29 50 0.048 49.952
33 50 0.048 49.952
28 50 0.048 49.952
30 50 0.048 49.952
32 50 0.0048 49.9952
32 49.9952 0.048 49.9472
30 49.952 0.0048 49.9472
25 50 0.048 49.952
26 50 0.048 49.952
32 49.9472 0.048 49.8992
30 49.9472 0.0048 49.9424
30 49.9424 0.048 49.8944
32 49.8992 0.0048 49.8944
34 50 0.048 49.952
27 50 0.048 49.952
31 50 0.048 49.952
29 50 0.048 49.952
33 50 0.048 49.952
28 50 0.048 49.952
30 50 0.048 49.952
32 50 0.0048 49.9952
32 49.9952 0.048 49.9472
30 49.952 0.0048 49.9472
25 50 0.048 49.952
26 50 0.048 49.952
32 49.9472 0.048 49.8992
30 49.9472 0.0048 49.9424
30 49.9424 0.048 49.8944
32 49.8992 0.0048 49.8944
34 50 0.048 49.952
27 50 0.048 49.952
31 50 0.048 49.952
29 50 0.048 49.952
33 50 0.048 49.952
28 50 0.048 49.952
30 50 0.048 49.952
25 50 0.048 49.952
26 50 0.048 49.952
32 50 0.048 49.952
34 50 0.048 49.952
27 50 0.048 49.952
31 50 0.048 49.952
29 50 0.048 49.952
33 50 0.048 49.952
28 50 0.048 49.952
30 50 0.048 49.952
25 50 0.048 49.952
26 50 0.048 49.952
32 50 0.048 49.952
34 50 0.048 49.952
27 50 0.048 49.952
31 50 0.048 49.952
29 50 0.048 49.952
33 50 0.048 49.952
28 50 0.048 49.952
30 50 0.048 49.952
25 50 0.048 49.952
26 50 0.048 49.952
32 50 0.048 49.952
34 50 0.048 49.952
27 50 0.048 49.952
31 50 0.048 49.952
29 50 0.048 49.952
29 49.952 0.048 49.904
33 50 0.048 49.952
28 50 0.048 49.952
30 50 0.048 49.952
25 50 0.048 49.952
26 50 0.048 49.952
32 50 0.048 49.952
34 50 0.048 49.952
27 50 0.048 49.952
31 50 0.048 49.952
29 50 0.048 49.952
29 49.952 0.048 49.904
33 50 0.048 49.952
28 50 0.048 49.952
30 50 0.048 49.952
32 50 0.0048 49.9952
32 49.9952 0.048 49.9472
30 49.952 0.0048 49.9472
25 50 0.048 49.952
26 50 0.048 49.952
32 49.9472 0.048 49.8992
30 49.9472 0.0048 49.9424
30 49.9424 0.048 49.8944
32 49.8992 0.0048 49.8944
34 50 0.048 49.952
27 50 0.048 49.952
31 50 0.048 49.952
29 50 0.048 49.952
29 49.952 0.048 49.904
33 50 0.048 49.952
28 50 0.048 49.952
30 50 0.048 49.952
32 50 0.0048 49.9952
32 49.9952 0.048 49.9472
30 49.952 0.0048 49.9472
25 50 0.048 49.952
26 50 0.048 49.952
32 49.9472 0.048 49.8992
30 49.9472 0.0048 49.9424
30 49.9424 0.048 49.8944
32 49.8992 0.0048 49.8944
34 50 0.048 49.952
27 50 0.048 49.952
31 50 0.048 49.952
29 50 0.048 49.952
29 49.952 0.048 49.904
33 50 0.048 49.952
28 50 0.048 49.952
30 50 0.048 49.952
25 50 0.048 49.952
26 50 0.048 49.952
32 50 0.048 49.952
34 50 0.048 49.952
27 50 0.048 49.952
31 50 0.048 49.952
29 50 0.048 49.952
29 49.952 0.0048 49.9472
29 49.9472 0.16 49.7872
29 49.7872 0.0016 49.7856
29 49.7856 0.048 49.7376
33 50 0.048 49.952
28 50 0.048 49.952
30 50 0.048 49.952
32 50 0.0048 49.9952
32 49.9952 0.048 49.9472
30 49.952 0.0048 49.9472
25 50 0.048 49.952
26 50 0.048 49.952
32 49.9472 0.048 49.8992
34 50 0.048 49.952
27 50 0.048 49.952
31 50 0.048 49.952
29 49.8492 0.048 49.8012
33 50 0.048 49.952
28 50 0.048 49.952
30 50 0.048 49.952
25 50 0.048 49.952
26 50 0.048 49.952
32 50 0.048 49.952
34 50 0.048 49.952
27 50 0.048 49.952
31 50 0.048 49.952
29 50 0.048 49.952
28 50 0.048 49.952
33 50 0.048 49.952
28 49.952 0.048 49.904
30 50 0.048 49.952
25 50 0.048 49.952
26 50 0.048 49.952
32 50 0.048 49.952
34 50 0.048 49.952
27 50 0.048 49.952
31 50 0.048 49.952
29 50 0.048 49.952
28 50 0.048 49.952
33 50 0.048 49.952
28 49.952 0.048 49.904
30 50 0.048 49.952
32 50 0.0048 49.9952
32 49.9952 0.048 49.9472
30 49.952 0.0048 49.9472
25 50 0.048 49.952
26 50 0.048 49.952
32 49.9472 0.048 49.8992
30 49.9472 0.0048 49.9424
30 49.9424 0.048 49.8944
32 49.8992 0.0048 49.8944
34 50 0.048 49.952
27 50 0.048 49.952
31 50 0.048 49.952
29 50 0.048 49.952
28 50 0.048 49.952
33 50 0.048 49.952
28 49.952 0.048 49.904
30 50 0.048 49.952
32 50 0.048 49.952
32 49.952 0.0048 49.9472
32 49.9472 0.16 49.7872
32 49.7872 0.0016 49.7856
25 50 0.048 49.952
26 50 0.048 49.952
32 49.7856 0.048 49.7376
34 50 0.048 49.952
27 50 0.048 49.952
31 50 0.048 49.952
29 50 0.048 49.952
28 50 0.048 49.952
28 49.952 0.0048 49.9472
28 49.9472 0.16 49.7872
28 49.7872 0.0016 49.7856
33 50 0.048 49.952
28 49.7856 0.048 49.7376
30 50 0.048 49.952
25 50 0.048 49.952
26 50 0.048 49.952
32 50 0.048 49.952
34 50 0.048 49.952
27 50 0.048 49.952
31 50 0.048 49.952
29 50 0.048 49.952
33 50 0.048 49.952
28 50 0.048 49.952
30 50 0.048 49.952
25 50 0.048 49.952
26 50 0.048 49.952
32 50 0.048 49.952
34 50 0.048 49.952
27 50 0.048 49.952
30 49.952 0.048 49.904
31 50 0.048 49.952
29 50 0.048 49.952
33 50 0.048 49.952
28 50 0.048 49.952
30 50 0.048 49.952
25 50 0.048 49.952
26 50 0.048 49.952
32 50 0.048 49.952
30 49.952 0.0048 49.9472
30 49.9472 0.048 49.8992
32 49.952 0.0048 49.9472
34 50 0.048 49.952
27 50 0.048 49.952
30 49.8992 0.048 49.8512
32 49.9472 0.0048 49.9424
32 49.9424 0.048 49.8944
30 49.8512 0.0048 49.8464
30 49.8464 0.16 49.6864
32 49.8944 0.016 49.8784
32 49.8784 0.016 49.8624
30 49.6864 0.0016 49.6848
32 49.8624 0.048 49.8144
30 49.6848 0.0048 49.68
31 50 0.048 49.952
29 50 0.048 49.952
33 50 0.048 49.952
28 50 0.048 49.952
30 49.8973 0.048 49.8493
32 50 0.0048 49.9952
32 49.9952 0.048 49.9472
30 49.8493 0.0048 49.8445
25 50 0.048 49.952
26 50 0.048 49.952
32 49.9472 0.048 49.8992
30 49.8445 0.0048 49.8397
30 49.8397 0.048 49.7917
32 49.8992 0.0048 49.8944
34 50 0.048 49.952
27 50 0.048 49.952
32 49.8944 0.048 49.8464
30 49.7917 0.0048 49.7869
25 49.952 0.048 49.904
31 50 0.048 49.952
33 49.952 0.048 49.904
29 50 0.048 49.952
33 50 0.048 49.952
28 50 0.048 49.952
30 50 0.048 49.952
32 49.9701 0.0048 49.9653
32 49.9653 0.048 49.9173
30 49.952 0.0048 49.9472
25 50 0.048 49.952
26 50 0.048 49.952
32 49.9173 0.048 49.8693
30 49.9472 0.0048 49.9424
30 49.9424 0.048 49.8944
32 49.8693 0.0048 49.8645
34 50 0.048 49.952
27 50 0.048 49.952
32 49.8645 0.048 49.8165
30 49.8944 0.0048 49.8896
25 49.952 0.048 49.904
31 50 0.048 49.952
31 50 0.048 49.952
33 49.952 0.048 49.904
29 50 0.048 49.952
33 50 0.048 49.952
28 50 0.048 49.952
30 50 0.048 49.952
25 50 0.048 49.952
26 50 0.048 49.952
32 50 0.048 49.952
34 50 0.048 49.952
27 50 0.048 49.952
25 49.952 0.0048 49.9472
25 49.9472 0.048 49.8992
27 49.952 0.0048 49.9472
32 49.952 0.048 49.904
32 49.904 0.0048 49.8992
32 49.8992 0.16 49.7392
32 49.7392 0.0016 49.7376
25 49.8992 0.048 49.8512
27 49.9472 0.0048 49.9424
27 49.9424 0.048 49.8944
25 49.8512 0.0048 49.8464
25 49.8464 0.16 49.6864
27 49.8944 0.016 49.8784
27 49.8784 0.016 49.8624
25 49.6864 0.0016 49.6848
27 49.8624 0.048 49.8144
25 49.6848 0.0048 49.68
31 49.952 0.048 49.904
31 50 0.048 49.952
33 49.952 0.048 49.904
29 50 0.048 49.952
33 50 0.048 49.952
28 50 0.048 49.952
30 50 0.048 49.952
25 49.8931 0.048 49.8451
27 49.8144 0.0048 49.8096
27 49.8096 0.048 49.7616
25 49.8451 0.0048 49.8403
26 50 0.048 49.952
32 49.9409 0.048 49.8929
30 49.952 0.0048 49.9472
30 49.9472 0.048 49.8992
32 49.8929 0.0048 49.8881
34 50 0.048 49.952
27 49.9636 0.048 49.9156
25 49.8403 0.0048 49.8355
25 49.8355 0.048 49.7875
27 49.9156 0.0048 49.9108
27 49.9108 0.048 49.8628
25 49.7875 0.0048 49.7827
31 49.952 0.048 49.904
31 50 0.048 49.952
33 49.952 0.048 49.904
29 50 0.048 49.952
33 50 0.048 49.952
28 50 0.048 49.952
30 50 0.048 49.952
32 50 0.0048 49.9952
32 49.9952 0.048 49.9472
30 49.952 0.0048 49.9472
25 50 0.048 49.952
26 50 0.048 49.952
32 49.9472 0.048 49.8992
30 49.9472 0.0048 49.9424
30 49.9424 0.048 49.8944
32 49.8992 0.0048 49.8944
34 50 0.048 49.952
27 50 0.048 49.952
27 49.952 0.048 49.904
31 49.952 0.048 49.904
31 50 0.048 49.952
31 49.952 0.0048 49.9472
31 49.9472 0.16 49.7872
31 49.7872 0.0016 49.7856
33 49.952 0.048 49.904
29 50 0.048 49.952
33 50 0.048 49.952
28 50 0.048 49.952
30 50 0.048 49.952
32 50 0.0048 49.9952
32 49.9952 0.048 49.9472
30 49.952 0.0048 49.9472
25 50 0.048 49.952
26 50 0.048 49.952
32 49.9472 0.048 49.8992
30 49.9472 0.0048 49.9424
30 49.9424 0.048 49.8944
32 49.8992 0.0048 49.8944
34 50 0.048 49.952
27 50 0.048 49.952
27 49.952 0.048 49.904
31 49.7856 0.048 49.7376
33 49.952 0.048 49.904
33 49.904 0.0048 49.8992
33 49.8992 0.16 49.7392
33 49.7392 0.0016 49.7376
29 50 0.048 49.952
33 49.8683 0.048 49.8203
28 50 0.048 49.952
30 50 0.048 49.952
32 50 0.0048 49.9952
32 49.9952 0.048 49.9472
30 49.952 0.0048 49.9472
25 50 0.048 49.952
26 50 0.048 49.952
32 49.9472 0.048 49.8992
30 49.9472 0.0048 49.9424
30 49.9424 0.048 49.8944
32 49.8992 0.0048 49.8944
34 50 0.048 49.952
27 50 0.048 49.952
27 49.952 0.048 49.904
27 49.904 0.0048 49.8992
27 49.8992 0.16 49.7392
27 49.7392 0.0016 49.7376
31 49.9055 0.048 49.8575
29 50 0.048 49.952
33 50 0.048 49.952
28 50 0.048 49.952
30 50 0.048 49.952
25 50 0.048 49.952
26 50 0.048 49.952
32 50 0.048 49.952
30 49.952 0.0048 49.9472
30 49.9472 0.048 49.8992
32 49.952 0.0048 49.9472
34 50 0.048 49.952
27 50 0.048 49.952
31 50 0.048 49.952
29 50 0.048 49.952
33 50 0.048 49.952
28 50 0.048 49.952
30 50 0.048 49.952
32 50 0.0048 49.9952
32 49.9952 0.048 49.9472
30 49.952 0.0048 49.9472
25 50 0.048 49.952
26 50 0.048 49.952
32 49.9472 0.048 49.8992
30 49.9472 0.0048 49.9424
30 49.9424 0.048 49.8944
32 49.8992 0.0048 49.8944
34 50 0.048 49.952
27 50 0.048 49.952
34 50 0.048 49.952
31 50 0.048 49.952
29 50 0.048 49.952
33 50 0.048 49.952
28 50 0.048 49.952
30 50 0.048 49.952
25 50 0.048 49.952
26 50 0.048 49.952
32 50 0.048 49.952
34 49.952 0.048 49.904
27 50 0.048 49.952
34 50 0.048 49.952
34 49.952 0.0048 49.9472
34 49.9472 0.16 49.7872
34 49.7872 0.0016 49.7856
31 50 0.048 49.952
29 50 0.048 49.952
33 50 0.048 49.952
28 50 0.048 49.952
30 50 0.048 49.952
32 50 0.0048 49.9952
32 49.9952 0.048 49.9472
30 49.952 0.0048 49.9472
25 50 0.048 49.952
26 50 0.048 49.952
32 49.9472 0.048 49.8992
30 49.9472 0.0048 49.9424
30 49.9424 0.048 49.8944
32 49.8992 0.0048 49.8944
34 49.7856 0.048 49.7376
27 50 0.048 49.952
31 50 0.048 49.952
29 50 0.048 49.952
33 50 0.048 49.952
28 50 0.048 49.952
30 50 0.048 49.952
32 50 0.0048 49.9952
32 49.9952 0.048 49.9472
30 49.952 0.0048 49.9472
25 50 0.048 49.952
26 50 0.048 49.952
32 49.9472 0.048 49.8992
30 49.9472 0.0048 49.9424
30 49.9424 0.048 49.8944
32 49.8992 0.0048 49.8944
34 50 0.048 49.952
27 50 0.048 49.952
31 50 0.048 49.952
29 50 0.048 49.952
33 50 0.048 49.952
28 50 0.048 49.952
30 50 0.048 49.952
32 50 0.0048 49.9952
32 49.9952 0.048 49.9472
30 49.952 0.0048 49.9472
25 50 0.048 49.952
26 50 0.048 49.952
32 49.9472 0.048 49.8992
30 49.9472 0.0048 49.9424
30 49.9424 0.048 49.8944
32 49.8992 0.0048 49.8944
34 50 0.048 49.952
27 50 0.048 49.952
31 50 0.048 49.952
26 49.952 0.048 49.904
29 50 0.048 49.952
33 50 0.048 49.952
28 50 0.048 49.952
30 50 0.048 49.952
25 50 0.048 49.952
26 50 0.048 49.952
32 50 0.048 49.952
34 50 0.048 49.952
27 50 0.048 49.952
31 50 0.048 49.952
26 49.952 0.048 49.904
26 49.904 0.0048 49.8992
26 49.8992 0.16 49.7392
26 49.7392 0.0016 49.7376
29 50 0.048 49.952
33 50 0.048 49.952
28 50 0.048 49.952
30 50 0.048 49.952
25 50 0.048 49.952
26 49.8844 0.048 49.8364
32 50 0.048 49.952
34 50 0.048 49.952
27 50 0.048 49.952
31 50 0.048 49.952
29 50 0.048 49.952
33 50 0.048 49.952
28 50 0.048 49.952
30 50 0.048 49.952
32 50 0.0048 49.9952
32 49.9952 0.048 49.9472
30 49.952 0.0048 49.9472
25 50 0.048 49.952
26 50 0.048 49.952
32 49.9472 0.048 49.8992
30 49.9472 0.0048 49.9424
30 49.9424 0.048 49.8944
32 49.8992 0.0048 49.8944
34 50 0.048 49.952
27 50 0.048 49.952
31 50 0.048 49.952
29 50 0.048 49.952
33 50 0.048 49.952
28 50 0.048 49.952
30 50 0.048 49.952
32 50 0.0048 49.9952
32 49.9952 0.048 49.9472
30 49.952 0.0048 49.9472
25 50 0.048 49.952
26 50 0.048 49.952
32 49.9472 0.048 49.8992
30 49.9472 0.0048 49.9424
30 49.9424 0.048 49.8944
32 49.8992 0.0048 49.8944
34 50 0.048 49.952
27 50 0.048 49.952
31 50 0.048 49.952
29 50 0.048 49.952
33 50 0.048 49.952
28 50 0.048 49.952
30 50 0.048 49.952
32 50 0.0048 49.9952
32 49.9952 0.048 49.9472
30 49.952 0.0048 49.9472
25 50 0.048 49.952
26 50 0.048 49.952
32 49.9472 0.048 49.8992
30 49.9472 0.0048 49.9424
30 49.9424 0.048 49.8944
32 49.8992 0.0048 49.8944
34 50 0.048 49.952
27 50 0.048 49.952
31 50 0.048 49.952
29 50 0.048 49.952
33 50 0.048 49.952
28 50 0.048 49.952
30 50 0.048 49.952
32 50 0.0048 49.9952
32 49.9952 0.048 49.9472
30 49.952 0.0048 49.9472
25 50 0.048 49.952
26 50 0.048 49.952
32 49.9472 0.048 49.8992
30 49.9472 0.0048 49.9424
30 49.9424 0.048 49.8944
32 49.8992 0.0048 49.8944
34 50 0.048 49.952
27 50 0.048 49.952
31 50 0.048 49.952
29 50 0.048 49.952
33 50 0.048 49.952
28 50 0.048 49.952
30 50 0.048 49.952
32 50 0.0048 49.9952
32 49.9952 0.048 49.9472
30 49.952 0.0048 49.9472
25 50 0.048 49.952
26 50 0.048 49.952
32 49.9472 0.048 49.8992
34 50 0.048 49.952
27 50 0.048 49.952
31 50 0.048 49.952
29 50 0.048 49.952
33 50 0.048 49.952
28 50 0.048 49.952
30 50 0.048 49.952
25 50 0.048 49.952
26 50 0.048 49.952
32 50 0.048 49.952
34 50 0.048 49.952
27 50 0.048 49.952
31 50 0.048 49.952
29 50 0.048 49.952
33 50 0.048 49.952
28 50 0.048 49.952
30 50 0.048 49.952
25 50 0.048 49.952
26 50 0.048 49.952
27 49.952 0.048 49.904
27 49.904 0.0048 49.8992
27 49.8992 0.16 49.7392
27 49.7392 0.0016 49.7376
32 50 0.048 49.952
34 50 0.048 49.952
27 49.9898 0.048 49.9418
31 50 0.048 49.952
29 50 0.048 49.952
33 50 0.048 49.952
28 50 0.048 49.952
30 50 0.048 49.952
25 50 0.048 49.952
26 50 0.048 49.952
32 50 0.048 49.952
34 50 0.048 49.952
27 50 0.048 49.952
31 50 0.048 49.952
29 50 0.048 49.952
33 50 0.048 49.952
28 50 0.048 49.952
30 50 0.048 49.952
25 50 0.048 49.952
26 50 0.048 49.952
32 50 0.048 49.952
30 49.952 0.0048 49.9472
30 49.9472 0.048 49.8992
32 49.952 0.0048 49.9472
34 50 0.048 49.952
27 50 0.048 49.952
31 50 0.048 49.952
29 50 0.048 49.952
28 50 0.048 49.952
33 50 0.048 49.952
28 49.952 0.048 49.904
30 50 0.048 49.952
32 50 0.0048 49.9952
32 49.9952 0.048 49.9472
30 49.952 0.0048 49.9472
25 50 0.048 49.952
26 50 0.048 49.952
32 49.9472 0.048 49.8992
30 49.9472 0.0048 49.9424
30 49.9424 0.048 49.8944
32 49.8992 0.0048 49.8944
34 50 0.048 49.952
27 50 0.048 49.952
31 50 0.048 49.952
29 50 0.048 49.952
28 50 0.048 49.952
33 50 0.048 49.952
28 49.952 0.048 49.904
30 50 0.048 49.952
25 50 0.048 49.952
26 50 0.048 49.952
32 50 0.048 49.952
34 50 0.048 49.952
27 50 0.048 49.952
31 50 0.048 49.952
29 50 0.048 49.952
28 50 0.048 49.952
33 50 0.048 49.952
28 49.952 0.048 49.904
30 50 0.048 49.952
32 50 0.0048 49.9952
32 49.9952 0.048 49.9472
30 49.952 0.0048 49.9472
25 50 0.048 49.952
26 50 0.048 49.952
32 49.9472 0.048 49.8992
30 49.9472 0.0048 49.9424
30 49.9424 0.048 49.8944
32 49.8992 0.0048 49.8944
34 50 0.048 49.952
27 50 0.048 49.952
31 50 0.048 49.952
29 50 0.048 49.952
28 50 0.048 49.952
33 50 0.048 49.952
28 49.952 0.048 49.904
30 50 0.048 49.952
32 50 0.0048 49.9952
32 49.9952 0.048 49.9472
30 49.952 0.0048 49.9472
25 50 0.048 49.952
26 50 0.048 49.952
32 49.9472 0.048 49.8992
30 49.9472 0.0048 49.9424
30 49.9424 0.048 49.8944
32 49.8992 0.0048 49.8944
34 50 0.048 49.952
27 50 0.048 49.952
31 50 0.048 49.952
29 50 0.048 49.952
28 50 0.048 49.952
33 50 0.048 49.952
28 49.952 0.048 49.904
30 50 0.048 49.952
32 50 0.0048 49.9952
32 49.9952 0.048 49.9472
30 49.952 0.0048 49.9472
25 50 0.048 49.952
26 50 0.048 49.952
32 49.9472 0.048 49.8992
30 49.9472 0.0048 49.9424
30 49.9424 0.048 49.8944
32 49.8992 0.0048 49.8944
34 50 0.048 49.952
27 50 0.048 49.952
31 50 0.048 49.952
29 50 0.048 49.952
28 50 0.048 49.952
33 50 0.048 49.952
28 49.952 0.048 49.904
30 50 0.048 49.952
32 50 0.0048 49.9952
32 49.9952 0.048 49.9472
30 49.952 0.0048 49.9472
25 50 0.048 49.952
26 50 0.048 49.952
32 49.9472 0.048 49.8992
30 49.9472 0.0048 49.9424
30 49.9424 0.048 49.8944
32 49.8992 0.0048 49.8944
34 50 0.048 49.952
27 50 0.048 49.952
31 50 0.048 49.952
29 50 0.048 49.952
28 50 0.048 49.952
33 50 0.048 49.952
28 49.952 0.048 49.904
30 50 0.048 49.952
32 50 0.0048 49.9952
32 49.9952 0.048 49.9472
30 49.952 0.0048 49.9472
25 50 0.048 49.952
26 50 0.048 49.952
32 49.9472 0.048 49.8992
30 49.9472 0.0048 49.9424
30 49.9424 0.048 49.8944
32 49.8992 0.0048 49.8944
34 50 0.048 49.952
27 50 0.048 49.952
31 50 0.048 49.952
29 50 0.048 49.952
28 50 0.048 49.952
33 50 0.048 49.952
28 49.952 0.048 49.904
30 49.9968 0.048 49.9488
32 50 0.0048 49.9952
32 49.9952 0.048 49.9472
30 49.9488 0.0048 49.944
25 50 0.048 49.952
26 50 0.048 49.952
32 49.9472 0.048 49.8992
30 49.944 0.0048 49.9392
30 49.9392 0.048 49.8912
32 49.8992 0.0048 49.8944
34 50 0.048 49.952
27 50 0.048 49.952
31 50 0.048 49.952
29 50 0.048 49.952
28 50 0.048 49.952
33 50 0.048 49.952
28 49.952 0.048 49.904
30 50 0.048 49.952
32 50 0.0048 49.9952
32 49.9952 0.048 49.9472
30 49.952 0.0048 49.9472
25 50 0.048 49.952
26 50 0.048 49.952
32 49.9472 0.048 49.8992
34 50 0.048 49.952
27 50 0.048 49.952
31 50 0.048 49.952
29 50 0.048 49.952
28 50 0.048 49.952
28 49.952 0.0048 49.9472
28 49.9472 0.16 49.7872
28 49.7872 0.0016 49.7856
33 50 0.048 49.952
28 49.7856 0.048 49.7376
30 50 0.048 49.952
25 50 0.048 49.952
26 50 0.048 49.952
32 50 0.048 49.952
34 50 0.048 49.952
27 50 0.048 49.952
33 49.952 0.048 49.904
31 50 0.048 49.952
29 50 0.048 49.952
33 50 0.048 49.952
28 50 0.048 49.952
29 49.952 0.048 49.904
30 50 0.048 49.952
32 50 0.0048 49.9952
32 49.9952 0.048 49.9472
30 49.952 0.0048 49.9472
25 50 0.048 49.952
26 50 0.048 49.952
32 49.9472 0.048 49.8992
30 49.9472 0.0048 49.9424
30 49.9424 0.048 49.8944
32 49.8992 0.0048 49.8944
34 50 0.048 49.952
27 50 0.048 49.952
33 49.952 0.048 49.904
31 50 0.048 49.952
31 49.952 0.048 49.904
29 50 0.048 49.952
33 50 0.048 49.952
28 50 0.048 49.952
29 49.952 0.048 49.904
30 50 0.048 49.952
32 50 0.0048 49.9952
32 49.9952 0.048 49.9472
30 49.952 0.0048 49.9472
25 50 0.048 49.952
26 50 0.048 49.952
32 49.9472 0.048 49.8992
30 49.9472 0.0048 49.9424
30 49.9424 0.048 49.8944
32 49.8992 0.0048 49.8944
34 50 0.048 49.952
27 50 0.048 49.952
33 49.952 0.048 49.904
33 49.904 0.0048 49.8992
33 49.8992 0.16 49.7392
33 49.7392 0.0016 49.7376
31 50 0.048 49.952
31 49.952 0.048 49.904
29 50 0.048 49.952
33 50 0.048 49.952
28 50 0.048 49.952
29 49.952 0.048 49.904
30 50 0.048 49.952
32 50 0.0048 49.9952
32 49.9952 0.048 49.9472
30 49.952 0.0048 49.9472
25 50 0.048 49.952
26 50 0.048 49.952
32 49.9472 0.048 49.8992
30 49.9472 0.0048 49.9424
30 49.9424 0.048 49.8944
32 49.8992 0.0048 49.8944
34 50 0.048 49.952
27 50 0.048 49.952
31 50 0.048 49.952
31 49.952 0.048 49.904
29 50 0.048 49.952
33 50 0.048 49.952
28 50 0.048 49.952
29 49.952 0.048 49.904
30 50 0.048 49.952
32 50 0.0048 49.9952
32 49.9952 0.048 49.9472
30 49.952 0.0048 49.9472
25 50 0.048 49.952
26 50 0.048 49.952
32 49.9472 0.048 49.8992
30 49.9472 0.0048 49.9424
30 49.9424 0.048 49.8944
32 49.8992 0.0048 49.8944
34 50 0.048 49.952
27 50 0.048 49.952
31 50 0.048 49.952
31 49.952 0.048 49.904
29 50 0.048 49.952
33 50 0.048 49.952
28 50 0.048 49.952
29 49.952 0.048 49.904
30 50 0.048 49.952
32 50 0.0048 49.9952
32 49.9952 0.048 49.9472
30 49.952 0.0048 49.9472
25 50 0.048 49.952
26 50 0.048 49.952
32 49.9472 0.048 49.8992
30 49.9472 0.0048 49.9424
30 49.9424 0.048 49.8944
32 49.8992 0.0048 49.8944
34 50 0.048 49.952
27 50 0.048 49.952
31 50 0.048 49.952
31 49.952 0.048 49.904
29 50 0.048 49.952
33 50 0.048 49.952
28 50 0.048 49.952
29 49.952 0.048 49.904
30 50 0.048 49.952
25 50 0.048 49.952
26 50 0.048 49.952
32 50 0.048 49.952
34 50 0.048 49.952
27 50 0.048 49.952
31 50 0.048 49.952
31 49.952 0.048 49.904
29 50 0.048 49.952
33 50 0.048 49.952
28 50 0.048 49.952
29 49.952 0.048 49.904
30 50 0.048 49.952
25 50 0.048 49.952
26 50 0.048 49.952
32 50 0.048 49.952
34 50 0.048 49.952
27 50 0.048 49.952
31 50 0.048 49.952
31 49.952 0.048 49.904
29 50 0.048 49.952
33 50 0.048 49.952
28 50 0.048 49.952
29 49.952 0.048 49.904
30 50 0.048 49.952
25 50 0.048 49.952
26 50 0.048 49.952
32 50 0.048 49.952
34 50 0.048 49.952
27 50 0.048 49.952
31 50 0.048 49.952
32 50 0.048 49.952
30 49.952 0.0048 49.9472
30 49.9472 0.048 49.8992
32 49.952 0.0048 49.9472
32 49.9472 0.16 49.7872
30 49.8992 0.016 49.8832
30 49.8832 0.016 49.8672
32 49.7872 0.0016 49.7856
30 49.8672 0.048 49.8192
32 49.7856 0.0048 49.7808
31 49.952 0.048 49.904
29 50 0.048 49.952
33 50 0.048 49.952
28 50 0.048 49.952
29 49.952 0.048 49.904
30 50 0.048 49.952
32 49.7808 0.0048 49.776
32 49.776 0.048 49.728
30 49.952 0.0048 49.9472
25 50 0.048 49.952
25 49.952 0.048 49.904
25 49.904 0.0048 49.8992
25 49.8992 0.16 49.7392
25 49.7392 0.0016 49.7376
26 50 0.048 49.952
32 49.728 0.048 49.68
30 49.9472 0.0048 49.9424
30 49.9424 0.048 49.8944
32 49.68 0.0048 49.6752
34 50 0.048 49.952
27 50 0.048 49.952
31 50 0.048 49.952
30 49.8944 0.048 49.8464
32 49.9766 0.0048 49.9718
30 49.8464 0.0048 49.8416
30 49.8416 0.16 49.6816
30 49.6816 0.0016 49.68
31 49.952 0.048 49.904
29 50 0.048 49.952
33 50 0.048 49.952
28 50 0.048 49.952
29 49.952 0.048 49.904
30 50 0.048 49.952
32 49.9718 0.0048 49.967
32 49.967 0.048 49.919
30 49.952 0.0048 49.9472
25 50 0.048 49.952
26 50 0.048 49.952
32 49.919 0.048 49.871
30 49.9472 0.0048 49.9424
30 49.9424 0.048 49.8944
32 49.871 0.0048 49.8662
34 50 0.048 49.952
27 50 0.048 49.952
31 50 0.048 49.952
30 49.8944 0.048 49.8464
32 50 0.0048 49.9952
31 49.952 0.048 49.904
29 50 0.048 49.952
33 50 0.048 49.952
28 50 0.048 49.952
29 49.952 0.048 49.904
30 50 0.048 49.952
32 49.9952 0.0048 49.9904
32 49.9904 0.048 49.9424
30 49.952 0.0048 49.9472
25 50 0.048 49.952
26 50 0.048 49.952
32 49.9424 0.048 49.8944
30 49.9472 0.0048 49.9424
30 49.9424 0.048 49.8944
32 49.8944 0.0048 49.8896
34 50 0.048 49.952
27 50 0.048 49.952
31 50 0.048 49.952
30 49.8944 0.048 49.8464
32 50 0.0048 49.9952
32 49.9952 0.048 49.9472
30 49.8464 0.0048 49.8416
30 49.8416 0.16 49.6816
32 49.9472 0.016 49.9312
32 49.9312 0.016 49.9152
30 49.6816 0.0016 49.68
32 49.9152 0.048 49.8672
30 49.68 0.0048 49.6752
31 49.952 0.048 49.904
29 50 0.048 49.952
33 50 0.048 49.952
28 50 0.048 49.952
29 49.952 0.048 49.904
29 49.904 0.0048 49.8992
29 49.8992 0.16 49.7392
29 49.7392 0.0016 49.7376
30 49.8496 0.048 49.8016
32 49.8672 0.0048 49.8624
32 49.8624 0.048 49.8144
30 49.8016 0.0048 49.7968
25 50 0.048 49.952
26 50 0.048 49.952
32 49.8144 0.048 49.7664
30 49.7968 0.0048 49.792
30 49.792 0.048 49.744
32 49.7664 0.0048 49.7616
34 50 0.048 49.952
27 50 0.048 49.952
31 50 0.048 49.952
32 50 0.048 49.952
31 49.952 0.048 49.904
29 49.9772 0.048 49.9292
33 50 0.048 49.952
28 50 0.048 49.952
30 50 0.048 49.952
32 49.952 0.0048 49.9472
32 49.9472 0.048 49.8992
30 49.952 0.0048 49.9472
25 50 0.048 49.952
26 50 0.048 49.952
32 49.8992 0.048 49.8512
30 49.9472 0.0048 49.9424
30 49.9424 0.048 49.8944
32 49.8512 0.0048 49.8464
34 50 0.048 49.952
27 50 0.048 49.952
31 50 0.048 49.952
32 50 0.048 49.952
30 49.8944 0.0048 49.8896
31 49.952 0.048 49.904
29 50 0.048 49.952
33 50 0.048 49.952
28 50 0.048 49.952
30 50 0.048 49.952
25 50 0.048 49.952
26 50 0.048 49.952
32 49.952 0.048 49.904
34 50 0.048 49.952
27 50 0.048 49.952
31 50 0.048 49.952
32 50 0.048 49.952
31 49.952 0.048 49.904
29 50 0.048 49.952
33 50 0.048 49.952
28 50 0.048 49.952
30 50 0.048 49.952
25 50 0.048 49.952
26 50 0.048 49.952
32 49.952 0.048 49.904
34 50 0.048 49.952
27 50 0.048 49.952
31 50 0.048 49.952
32 50 0.048 49.952
31 49.952 0.048 49.904
29 50 0.048 49.952
33 50 0.048 49.952
28 50 0.048 49.952
30 50 0.048 49.952
25 50 0.048 49.952
26 50 0.048 49.952
32 49.952 0.048 49.904
34 50 0.048 49.952
27 50 0.048 49.952
31 50 0.048 49.952
32 50 0.048 49.952
31 49.952 0.048 49.904
29 50 0.048 49.952
33 50 0.048 49.952
28 50 0.048 49.952
30 50 0.048 49.952
25 50 0.048 49.952
26 50 0.048 49.952
32 49.952 0.048 49.904
34 50 0.048 49.952
27 50 0.048 49.952
31 50 0.048 49.952
32 50 0.048 49.952
30 49.952 0.0048 49.9472
31 49.952 0.048 49.904
31 49.904 0.0048 49.8992
31 49.8992 0.16 49.7392
31 49.7392 0.0016 49.7376
29 50 0.048 49.952
33 50 0.048 49.952
28 50 0.048 49.952
30 50 0.048 49.952
32 49.952 0.0048 49.9472
32 49.9472 0.048 49.8992
30 49.952 0.0048 49.9472
25 50 0.048 49.952
26 50 0.048 49.952
32 49.8992 0.048 49.8512
30 49.9472 0.0048 49.9424
30 49.9424 0.048 49.8944
32 49.8512 0.0048 49.8464
34 50 0.048 49.952
27 50 0.048 49.952
31 50 0.048 49.952
32 50 0.048 49.952
30 49.8944 0.0048 49.8896
29 50 0.048 49.952
33 50 0.048 49.952
28 50 0.048 49.952
30 50 0.048 49.952
32 49.952 0.0048 49.9472
32 49.9472 0.048 49.8992
30 49.952 0.0048 49.9472
25 50 0.048 49.952
26 50 0.048 49.952
32 49.8992 0.048 49.8512
30 49.9472 0.0048 49.9424
30 49.9424 0.048 49.8944
32 49.8512 0.0048 49.8464
34 50 0.048 49.952
27 50 0.048 49.952
31 50 0.048 49.952
32 50 0.048 49.952
30 49.8944 0.0048 49.8896
32 49.952 0.0048 49.9472
32 49.9472 0.16 49.7872
32 49.7872 0.0016 49.7856
29 50 0.048 49.952
33 50 0.048 49.952
28 50 0.048 49.952
30 50 0.048 49.952
32 49.7856 0.0048 49.7808
32 49.7808 0.048 49.7328
30 49.952 0.0048 49.9472
25 50 0.048 49.952
26 50 0.048 49.952
32 49.7328 0.048 49.6848
30 49.9472 0.0048 49.9424
30 49.9424 0.048 49.8944
32 49.6848 0.0048 49.68
34 50 0.048 49.952
27 50 0.048 49.952
31 50 0.048 49.952
29 50 0.048 49.952
33 50 0.048 49.952
28 50 0.048 49.952
30 50 0.048 49.952
32 49.9218 0.0048 49.917
32 49.917 0.048 49.869
30 49.952 0.0048 49.9472
25 50 0.048 49.952
26 50 0.048 49.952
32 49.869 0.048 49.821
30 49.9472 0.0048 49.9424
30 49.9424 0.048 49.8944
32 49.821 0.0048 49.8162
34 50 0.048 49.952
27 50 0.048 49.952
31 50 0.048 49.952
29 50 0.048 49.952
33 50 0.048 49.952
28 50 0.048 49.952
30 50 0.048 49.952
32 50 0.0048 49.9952
32 49.9952 0.048 49.9472
30 49.952 0.0048 49.9472
25 50 0.048 49.952
26 50 0.048 49.952
34 50 0.048 49.952
32 49.9472 0.048 49.8992
30 49.9472 0.0048 49.9424
30 49.9424 0.048 49.8944
32 49.8992 0.0048 49.8944
34 49.952 0.048 49.904
27 50 0.048 49.952
31 50 0.048 49.952
29 50 0.048 49.952
33 50 0.048 49.952
28 50 0.048 49.952
30 50 0.048 49.952
32 50 0.0048 49.9952
32 49.9952 0.048 49.9472
30 49.952 0.0048 49.9472
25 50 0.048 49.952
26 50 0.048 49.952
34 50 0.048 49.952
32 49.9472 0.048 49.8992
30 49.9472 0.0048 49.9424
30 49.9424 0.048 49.8944
32 49.8992 0.0048 49.8944
34 49.952 0.048 49.904
27 50 0.048 49.952
31 50 0.048 49.952
29 50 0.048 49.952
33 50 0.048 49.952
28 50 0.048 49.952
30 50 0.048 49.952
25 50 0.048 49.952
26 50 0.048 49.952
34 50 0.048 49.952
32 50 0.048 49.952
34 49.952 0.048 49.904
27 50 0.048 49.952
31 50 0.048 49.952
29 50 0.048 49.952
33 50 0.048 49.952
28 50 0.048 49.952
30 50 0.048 49.952
25 50 0.048 49.952
26 50 0.048 49.952
34 50 0.048 49.952
32 50 0.048 49.952
34 49.952 0.048 49.904
27 50 0.048 49.952
31 50 0.048 49.952
29 50 0.048 49.952
33 50 0.048 49.952
28 50 0.048 49.952
30 50 0.048 49.952
25 50 0.048 49.952
26 50 0.048 49.952
34 50 0.048 49.952
32 50 0.048 49.952
34 49.952 0.048 49.904
27 50 0.048 49.952
31 50 0.048 49.952
26 49.952 0.048 49.904
29 50 0.048 49.952
33 50 0.048 49.952
28 50 0.048 49.952
30 50 0.048 49.952
25 50 0.048 49.952
26 50 0.048 49.952
34 50 0.048 49.952
32 50 0.048 49.952
34 49.952 0.048 49.904
27 50 0.048 49.952
31 50 0.048 49.952
26 49.952 0.048 49.904
29 50 0.048 49.952
33 50 0.048 49.952
28 50 0.048 49.952
30 50 0.048 49.952
25 50 0.048 49.952
26 50 0.048 49.952
34 50 0.048 49.952
32 50 0.048 49.952
34 49.952 0.048 49.904
27 50 0.048 49.952
31 50 0.048 49.952
26 49.952 0.048 49.904
29 50 0.048 49.952
33 50 0.048 49.952
28 50 0.048 49.952
30 50 0.048 49.952
25 50 0.048 49.952
26 50 0.048 49.952
34 50 0.048 49.952
32 50 0.048 49.952
34 49.952 0.048 49.904
27 50 0.048 49.952
31 50 0.048 49.952
26 49.952 0.048 49.904
29 50 0.048 49.952
33 50 0.048 49.952
28 50 0.048 49.952
30 50 0.048 49.952
25 50 0.048 49.952
26 50 0.048 49.952
34 50 0.048 49.952
32 50 0.048 49.952
34 49.952 0.048 49.904
27 50 0.048 49.952
31 50 0.048 49.952
26 49.952 0.048 49.904
29 50 0.048 49.952
33 50 0.048 49.952
28 50 0.048 49.952
30 50 0.048 49.952
25 50 0.048 49.952
26 50 0.048 49.952
34 50 0.048 49.952
32 50 0.048 49.952
34 49.952 0.048 49.904
27 50 0.048 49.952
31 50 0.048 49.952
26 49.952 0.048 49.904
29 50 0.048 49.952
33 50 0.048 49.952
28 50 0.048 49.952
30 50 0.048 49.952
25 50 0.048 49.952
26 50 0.048 49.952
34 50 0.048 49.952
32 50 0.048 49.952
34 49.952 0.048 49.904
27 50 0.048 49.952
31 50 0.048 49.952
26 49.952 0.048 49.904
29 50 0.048 49.952
33 50 0.048 49.952
28 50 0.048 49.952
30 50 0.048 49.952
25 50 0.048 49.952
26 50 0.048 49.952
34 50 0.048 49.952
32 50 0.048 49.952
34 49.952 0.048 49.904
27 50 0.048 49.952
31 50 0.048 49.952
26 49.952 0.048 49.904
26 49.904 0.0048 49.8992
26 49.8992 0.16 49.7392
26 49.7392 0.0016 49.7376
29 50 0.048 49.952
33 50 0.048 49.952
32 50 0.048 49.952
28 50 0.048 49.952
30 50 0.048 49.952
25 50 0.048 49.952
26 50 0.048 49.952
34 50 0.048 49.952
32 49.952 0.048 49.904
34 49.952 0.048 49.904
27 50 0.048 49.952
31 50 0.048 49.952
27 49.952 0.048 49.904
29 50 0.048 49.952
33 50 0.048 49.952
32 50 0.048 49.952
30 50 0.0048 49.9952
28 50 0.048 49.952
30 49.9952 0.048 49.9472
32 49.952 0.0048 49.9472
32 49.9472 0.048 49.8992
30 49.9472 0.0048 49.9424
25 50 0.048 49.952
26 50 0.048 49.952
34 50 0.048 49.952
32 49.8992 0.048 49.8512
30 49.9424 0.0048 49.9376
30 49.9376 0.048 49.8896
32 49.8512 0.0048 49.8464
34 49.952 0.048 49.904
27 50 0.048 49.952
31 50 0.048 49.952
27 49.952 0.048 49.904
29 50 0.048 49.952
33 50 0.048 49.952
32 49.9819 0.048 49.9339
30 50 0.0048 49.9952
30 49.9952 0.048 49.9472
32 49.9339 0.0048 49.9291
32 49.9291 0.16 49.7691
30 49.9472 0.016 49.9312
30 49.9312 0.016 49.9152
32 49.7691 0.0016 49.7675
30 49.9152 0.048 49.8672
32 49.7675 0.0048 49.7627
28 50 0.048 49.952
30 49.8672 0.048 49.8192
32 49.7627 0.0048 49.7579
32 49.7579 0.048 49.7099
30 49.8192 0.0048 49.8144
25 50 0.048 49.952
26 50 0.048 49.952
34 50 0.048 49.952
34 49.952 0.0048 49.9472
34 49.9472 0.16 49.7872
34 49.7872 0.0016 49.7856
32 49.7099 0.048 49.6619
34 49.7856 0.048 49.7376
27 50 0.048 49.952
31 50 0.048 49.952
27 49.952 0.048 49.904
29 50 0.048 49.952
33 50 0.048 49.952
30 50 0.048 49.952
30 49.952 0.0048 49.9472
30 49.9472 0.16 49.7872
30 49.7872 0.0016 49.7856
28 50 0.048 49.952
30 49.7856 0.048 49.7376
25 50 0.048 49.952
26 50 0.048 49.952
32 49.8578 0.048 49.8098
34 50 0.048 49.952
27 50 0.048 49.952
31 50 0.048 49.952
27 49.952 0.048 49.904
29 50 0.048 49.952
33 50 0.048 49.952
28 50 0.048 49.952
30 50 0.048 49.952
25 50 0.048 49.952
26 50 0.048 49.952
32 50 0.048 49.952
34 50 0.048 49.952
27 50 0.048 49.952
31 50 0.048 49.952
27 49.952 0.048 49.904
29 50 0.048 49.952
33 50 0.048 49.952
28 50 0.048 49.952
30 50 0.048 49.952
25 50 0.048 49.952
26 50 0.048 49.952
32 50 0.048 49.952
34 50 0.048 49.952
27 50 0.048 49.952
31 50 0.048 49.952
27 49.952 0.048 49.904
29 50 0.048 49.952
33 50 0.048 49.952
28 50 0.048 49.952
30 50 0.048 49.952
25 50 0.048 49.952
26 50 0.048 49.952
25 49.952 0.048 49.904
32 50 0.048 49.952
30 49.952 0.0048 49.9472
30 49.9472 0.048 49.8992
32 49.952 0.0048 49.9472
34 50 0.048 49.952
27 50 0.048 49.952
31 50 0.048 49.952
27 49.952 0.048 49.904
