57 111 2.03804
31 112 2.04412
107 113 2.1124
106 114 2.11371
29 115 2.14128
49 116 2.20256
116 117 2.21567
30 118 2.23994
118 119 2.25149
73 120 2.29001
81 121 2.36009
85 122 2.40974
34 123 2.42068
46 124 2.43945
87 125 2.53832
102 126 2.57212
82 127 2.58815
74 128 2.60739
67 129 2.66863
42 130 2.75552
77 131 2.75853
58 132 2.80686
103 133 2.8936
115 134 2.8964
94 135 2.90601
110 136 2.92358
26 137 2.93378
39 138 2.93678
54 139 2.94461
105 140 2.95487
33 141 2.95631
98 142 3.00085
47 143 3.03531
48 144 3.04033
38 145 3.04733
63 146 3.08799
37 147 3.19059
83 148 3.28768
51 149 3.33894
75 150 3.39569
36 151 3.40897
59 152 3.47642
56 153 3.48667
78 154 3.55747
108 155 3.58364
92 156 3.63329
95 157 3.65151
66 158 3.67431
65 159 3.76306
119 160 3.7828
80 161 3.87641
64 162 3.88545
25 163 4.01403
57 164 4.30913
50 165 4.3193
45 166 4.48013
116 167 4.53252
27 168 4.59215
76 169 4.59278
91 170 4.60423
49 171 4.61283
89 172 4.61458
53 173 4.76508
123 174 4.79901
61 175 4.80094
100 176 4.80132
111 177 4.94406
113 178 4.95355
29 179 5.19595
71 180 5.52674
74 181 5.65352
39 182 5.70822
82 183 6.05817
46 184 6.06319
33 185 6.07574
72 186 6.12362
56 187 6.22784
68 188 6.32791
73 189 6.43848
117 190 6.74094
42 191 6.75666
57 192 6.77537
34 193 6.88565
48 194 6.92054
77 195 6.92153
106 196 6.9953
59 197 7.00501
64 198 7.36542
123 199 7.37793
27 200 7.38037
51 201 7.44371
121 202 7.55489
65 203 7.56042
37 204 7.5878
98 205 7.63306
114 206 7.68998
38 207 7.69392
86 208 7.69517
100 209 8.06841
32 210 8.14864
89 211 8.1976
92 212 8.22108
97 213 8.26711
61 214 8.48523
41 215 8.51837
55 216 8.62014
50 217 8.66505
88 218 8.78451
45 219 8.90415
42 220 8.95866
59 221 9.09691
120 222 9.13172
26 223 9.30861
33 224 9.9411
107 225 10.0448
104 226 10.0838
65 227 10.1911
34 228 10.2348
40 229 10.3554
72 230 10.4109
68 231 10.5001
46 232 10.5219
106 233 10.5462
82 234 10.5663
39 235 10.5771
93 236 10.5977
62 237 10.6139
115 238 10.8204
52 239 10.9279
58 240 10.96
91 241 10.9834
98 242 11.2615
89 243 11.2687
108 244 11.2814
86 245 11.2983
27 246 11.4566
28 247 11.5381
87 248 11.6049
81 249 11.7465
45 250 11.7601
32 251 12.061
25 252 12.0644
120 253 12.1892
61 254 12.2059
104 255 12.2224
114 256 12.2505
59 257 12.2786
73 258 12.2941
117 259 12.337
96 260 12.4949
67 261 12.6104
95 262 12.6965
46 263 12.7717
31 264 12.836
51 265 13.2032
65 266 13.2801
109 267 13.401
99 268 13.4695
80 269 13.4868
42 270 13.6386
40 271 13.6801
122 272 13.7846
88 273 13.8131
115 274 13.8289
58 275 14.0326
111 276 14.1061
43 277 14.2908
26 278 14.2968
92 279 14.3602
44 280 14.4375
81 281 14.6877
91 282 14.7058
66 283 14.7522
38 284 14.8647
107 285 14.8688
114 286 14.9595
37 287 14.9771
