76 822
70 822
119 822
83 822
95 824
69 825
116 826
40 827
81 825
117 825
27 828
94 828
108 829
25 830
104 823
9 823
10 823
90 828
118 831
101 829
97 829
113 832
105 832
54 832
77 832
68 833
52 833
96 833
76 833
70 833
38 833
119 833
49 833
83 833
5 833
4 833
59 825
19 825
51 825
121 835
98 834
74 834
36 834
7 834
6 834
49 834
83 834
119 834
48 834
50 829
23 829
56 829
87 829
73 829
41 830
2 830
3 830
67 830
34 838
86 832
39 822
6 822
48 822
105 840
77 840
86 840
60 830
4 830
29 830
72 832
123 832
32 824
18 824
19 824
63 832
14 832
15 832
16 832
37 842
102 842
38 834
49 822
106 840
51 824
20 824
117 824
21 824
92 843
103 839
16 839
77 839
109 832
47 842
57 842
31 844
71 827
12 827
11 827
110 827
42 836
17 836
93 847
113 840
65 841
10 841
74 841
98 841
66 843
55 843
18 843
19 843
20 843
86 839
106 839
105 839
101 845
46 837
20 837
19 837
61 837
69 824
81 824
30 826
1 826
57 826
102 826
40 823
52 849
68 849
96 849
76 849
48 849
119 849
83 849
99 830
6 830
7 830
106 850
105 850
74 851
70 834
76 834
96 834
68 834
52 834
8 834
124 827
51 852
22 852
21 852
95 852
49 849
25 844
55 853
124 854
13 854
79 854
12 854
11 854
10 854
48 854
49 854
36 841
11 841
87 848
73 848
92 853
20 853
19 853
82 836
19 836
20 836
92 836
119 854
59 824
24 824
80 825
23 825
24 825
78 832
20 832
19 832
18 832
41 844
6 844
109 853
102 858
50 859
108 859
49 860
119 860
48 860
76 860
10 860
11 860
77 850
26 833
98 851
121 844
7 844
66 855
101 859
97 859
3 859
58 831
14 831
94 861
27 861
90 861
5 861
96 857
52 857
86 850
55 836
88 846
8 846
41 846
63 863
35 825
67 864
60 864
99 864
68 857
11 857
43 835
8 835
9 835
10 835
11 835
52 835
113 839
20 839
21 839
85 847
2 847
47 862
5 862
4 862
50 862
108 862
123 863
19 863
20 863
77 863
57 858
5 858
6 858
7 858
70 849
58 865
15 865
114 866
3 866
102 861
75 830
10 830
11 830
70 830
119 830
49 830
60 867
78 853
22 853
45 869
112 869
38 822
12 822
11 822
52 822
83 854
70 854
106 863
113 863
92 855
28 829
4 829
5 829
47 829
73 866
28 866
4 866
108 866
109 839
56 848
105 863
21 863
22 863
42 863
55 855
23 855
87 859
73 859
29 864
10 864
11 864
86 870
77 870
106 870
50 866
5 866
110 871
99 867
53 838
12 838
116 842
6 842
108 842
50 842
5 842
114 842
4 842
3 842
81 842
34 857
124 871
17 871
16 871
30 856
69 842
36 851
15 851
16 851
28 848
5 848
6 848
56 859
80 873
102 829
7 829
8 829
94 829
90 829
29 867
58 851
17 851
110 851
117 874
59 874
3 874
2 874
38 854
14 854
81 876
73 872
6 872
120 841
16 841
17 841
28 859
6 859
7 859
47 859
26 849
14 849
77 877
75 864
12 864
13 864
26 864
70 864
49 864
51 873
2 873
3 873
117 873
79 865
17 865
57 861
52 838
14 838
29 878
96 822
58 841
102 859
57 859
8 859
105 877
23 877
123 877
113 870
105 870
23 870
123 870
22 870
21 870
20 870
27 829
9 829
53 857
14 857
70 857
76 830
96 830
118 871
58 871
18 871
19 871
68 835
96 835
25 846
11 846
121 846
61 855
1 855
90 875
27 875
9 875
69 876
117 876
4 876
5 876
93 876
56 872
79 841
18 841
94 859
90 859
27 859
9 859
10 859
11 859
83 864
15 864
49 857
76 835
70 835
15 835
67 867
13 867
119 838
76 838
70 838
15 838
103 832
24 832
33 834
14 834
53 834
99 878
60 878
26 822
15 822
44 854
16 854
76 854
26 854
15 854
95 855
2 855
85 876
6 876
31 858
25 858
87 866
49 835
39 860
16 860
82 853
114 876
7 876
41 858
12 858
88 859
13 859
99 859
29 859
64 828
10 828
11 828
83 857
16 857
108 880
26 835
16 835
70 860
102 875
10 875
94 875
87 876
8 876
108 876
121 858
13 858
99 858
29 858
14 858
28 872
87 872
8 872
71 823
21 823
40 870
57 829
10 829
11 829
12 829
50 880
9 880
73 880
87 880
106 832
37 826
10 826
50 826
9 826
87 826
109 863
2 863
82 863
1 863
101 876
9 876
108 872
9 872
122 837
3 837
38 849
17 849
96 864
112 882
120 865
19 865
74 865
41 829
25 829
13 829
83 835
38 835
17 835
18 835
26 860
111 827
21 827
79 827
61 881
67 878
15 878
16 878
17 878
83 878
70 878
49 878
32 852
4 852
110 823
31 828
41 828
119 857
89 842
7 842
62 868
120 868
20 868
122 881
4 881
61 852
111 823
22 823
23 823
24 823
60 859
45 882
8 882
69 882
72 850
1 850
124 851
111 851
22 851
107 869
38 878
91 847
112 847
67 859
16 859
17 859
18 859
44 849
19 849
20 849
120 849
76 864
18 864
123 879
1 879
99 884
26 857
52 830
98 835
20 835
96 860
52 860
18 860
46 855
6 855
54 840
2 840
84 824
8 824
124 886
111 886
110 886
23 886
24 886
36 865
72 879
60 884
74 835
21 835
75 867
17 867
18 867
70 867
79 868
22 868
124 868
111 868
110 868
23 868
24 868
119 878
19 878
103 863
3 863
88 858
16 858
91 824
112 824
38 864
89 882
9 882
29 884
17 884
47 861
83 860
113 850
3 850
82 850
4 850
55 881
5 881
66 836
5 836
43 846
16 846
97 862
12 862
51 855
64 875
14 875
50 876
97 876
12 876
13 876
64 876
27 876
114 872
11 872
75 884
120 835
22 835
79 835
23 835
124 835
111 835
24 835
38 860
20 860
109 850
5 850
66 850
116 856
13 856
47 856
117 842
58 827
23 827
120 827
22 827
74 827
90 876
105 887
106 887
63 877
3 877
106 877
98 865
22 865
23 865
24 865
124 865
100 843
8 843
121 829
43 829
17 829
56 866
12 866
26 830
20 830
83 830
28 880
96 867
26 867
20 867
83 867
55 850
6 850
7 850
102 856
14 856
90 856
64 856
40 851
73 826
42 881
101 862
73 862
92 837
66 837
77 887
4 887
54 877
111 865
88 829
18 829
38 830
21 830
22 830
46 850
8 850
109 881
6 881
31 846
17 846
18 846
106 888
105 888
72 863
4 863
123 840
103 887
5 887
71 870
1 870
124 870
67 884
19 884
76 857
21 857
56 880
13 880
100 850
9 850
10 850
89 850
69 850
115 844
17 844
92 881
7 881
29 846
19 846
75 846
52 878
87 862
77 888
5 888
94 876
16 876
63 840
107 824
12 824
62 849
24 849
88 884
97 866
14 866
78 839
7 839
27 856
94 856
16 856
17 856
95 885
34 834
21 834
61 836
8 836
45 847
107 847
12 847
117 847
53 822
34 822
21 822
22 822
23 822
24 822
103 888
6 888
109 890
78 890
7 890
8 890
60 858
20 858
72 840
5 840
6 840
92 839
8 839
9 839
100 839
10 839
81 850
115 856
43 844
19 844
35 874
11 874
67 846
60 846
20 846
76 878
56 862
14 862
15 862
16 862
90 862
94 862
70 892
76 892
22 892
57 875
16 875
17 875
18 875
55 837
8 837
109 837
47 889
57 889
16 889
50 889
108 889
37 861
16 861
104 871
2 871
71 871
114 880
14 880
15 880
16 880
94 880
50 893
84 842
12 842
45 842
112 842
107 842
13 842
14 842
28 826
27 894
17 894
81 874
12 874
112 874
107 874
13 874
87 891
69 847
83 892
23 892
53 892
69 895
12 895
80 855
11 855
61 890
9 890
92 890
102 876
47 876
57 876
119 864
23 864
59 873
12 873
51 843
121 884
20 884
43 884
38 857
23 857
24 857
73 842
87 842
15 842
16 842
17 842
56 826
15 826
32 885
10 885
26 834
23 834
24 834
28 891
73 891
96 878
26 878
23 878
24 878
120 822
35 895
89 824
13 824
38 897
119 897
83 897
70 897
96 897
76 897
97 861
108 893
27 842
18 842
81 847
13 847
64 862
27 862
18 862
102 862
75 858
22 858
78 837
9 837
10 837
69 873
26 897
40 871
4 871
5 871
6 871
123 871
63 871
7 871
105 871
77 871
90 880
64 880
49 867
119 867
38 867
24 867
48 833
24 833
23 833
30 848
17 848
36 827
1 827
2 827
3 827
33 854
23 854
24 854
90 899
32 837
11 837
12 837
13 837
39 883
41 884
21 884
22 884
23 884
98 830
102 848
84 874
14 874
15 874
16 874
87 874
83 900
38 900
119 900
49 900
70 900
95 836
89 847
84 847
14 847
62 822
2 822
122 852
11 852
109 852
78 852
10 852
9 852
105 852
69 837
84 837
101 889
17 889
111 870
4 870
79 870
81 873
86 879
8 879
33 884
24 884
116 866
30 866
18 866
50 861
108 861
76 867
31 856
21 856
73 874
17 874
108 874
96 854
59 895
14 895
115 875
21 875
85 872
16 872
87 889
105 879
9 879
26 884
96 884
76 884
38 884
49 884
119 884
35 847
57 862
19 862
81 895
15 895
16 895
73 889
18 889
30 889
19 889
20 889
45 824
16 824
74 849
3 849
56 891
18 891
99 846
24 846
23 846
22 846
59 847
15 847
16 847
17 847
18 847
73 847
87 847
107 895
55 890
12 890
49 902
119 902
85 824
92 898
55 898
12 898
102 866
20 866
29 901
99 901
24 901
106 871
10 871
104 827
6 827
7 827
8 827
9 827
123 827
108 891
19 891
45 895
17 895
54 863
10 863
11 863
41 875
23 875
64 899
21 899
112 872
90 889
64 889
21 889
22 889
23 889
91 882
17 882
101 861
19 861
73 861
44 860
3 860
74 860
4 860
94 894
64 894
88 844
24 844
60 844
48 900
2 900
3 900
30 891
20 891
85 895
18 895
112 895
51 896
15 896
16 896
67 858
103 840
11 840
12 840
92 840
55 840
13 840
14 840
110 903
77 852
106 852
38 902
76 902
96 902
113 877
11 877
57 866
21 866
94 866
121 901
120 860
43 856
24 856
35 905
122 890
14 890
15 890
124 903
7 903
41 889
79 849
6 849
124 849
7 849
28 861
88 901
86 871
11 871
73 904
117 850
17 850
121 856
88 856
98 822
102 899
95 840
15 840
96 906
76 906
38 906
48 906
119 906
81 882
65 831
6 831
52 897
3 897
97 893
21 893
114 826
20 826
97 826
90 894
23 894
50 874
97 874
21 874
93 869
19 869
114 869
20 869
69 896
57 899
22 899
97 899
118 841
7 841
124 841
8 841
54 852
12 852
26 902
43 889
104 849
8 849
53 864
3 864
117 882
18 882
19 882
80 843
17 843
16 843
70 884
4 884
113 871
46 839
16 839
80 839
17 839
18 839
56 847
21 847
42 888
14 888
92 888
43 907
31 875
103 877
13 877
63 879
12 879
106 879
113 879
68 838
4 838
96 838
26 838
28 904
56 904
21 904
97 904
22 904
57 904
23 904
117 839
73 893
56 893
102 894
81 896
99 909
60 909
51 890
49 906
109 898
15 898
16 898
17 898
84 873
19 873
112 873
45 873
20 873
21 873
73 873
120 831
7 831
83 884
5 884
68 884
64 866
27 880
24 880
62 860
7 860
38 838
94 904
64 904
27 904
24 904
69 839
84 839
75 833
3 833
30 874
23 874
24 874
94 874
64 874
72 827
34 892
68 892
96 892
117 896
52 902
5 902
56 873
22 873
53 884
65 860
8 860
67 833
108 826
23 826
24 826
94 826
26 892
29 909
111 903
110 841
82 887
15 887
83 902
6 902
68 902
86 877
58 870
9 870
93 882
21 882
22 882
97 873
108 873
23 873
77 879
14 879
79 860
58 860
9 860
60 833
29 833
64 826
27 874
116 862
24 862
23 862
22 862
112 862
45 862
21 862
117 862
59 905
20 905
67 909
4 909
107 872
118 849
73 882
90 866
102 880
124 860
28 893
23 893
24 893
47 848
63 827
14 827
106 827
85 869
22 869
23 869
97 869
108 869
24 869
102 869
47 869
55 888
17 888
119 911
93 872
22 872
89 837
21 837
58 849
10 849
11 849
56 882
39 897
7 897
68 897
6 897
34 884
6 884
87 861
54 871
15 871
16 871
17 871
92 871
81 839
34 912
116 893
105 827
54 827
117 905
81 905
75 909
5 909
6 909
76 909
50 899
80 890
20 890
111 841
11 841
76 913
38 913
48 864
7 864
65 870
10 870
70 906
7 906
51 898
80 898
20 898
28 882
30 873
56 861
24 861
23 861
107 861
110 860
49 838
57 894
47 894
1 894
66 881
18 881
19 881
20 881
80 881
108 899
120 870
116 873
57 873
102 873
101 891
109 888
18 888
82 910
17 910
16 910
106 910
105 910
42 908
109 908
18 908
19 908
28 914
73 914
59 890
22 890
23 890
24 890
98 831
10 831
11 831
81 916
59 917
22 917
23 917
30 894
52 892
8 892
9 892
49 892
96 909
119 913
49 913
62 870
11 870
60 918
38 892
83 911
9 911
38 911
49 911
76 911
96 911
88 915
72 877
17 877
18 877
87 882
1 882
108 882
97 882
33 897
8 897
48 838
35 850
115 846
5 846
6 846
7 846
8 846
119 892
54 910
56 914
87 914
1 914
108 914
97 914
2 914
3 914
100 855
22 855
23 855
113 887
34 906
9 906
10 906
11 906
120 906
83 838
10 838
11 838
89 839
24 839
23 839
22 839
21 839
81 917
29 918
91 895
57 914
78 863
20 863
21 863
22 863
45 872
91 872
112 837
45 837
91 837
53 902
36 830
12 830
51 881
23 881
24 881
77 910
52 911
10 911
100 863
23 863
26 909
52 909
49 909
119 909
40 841
87 922
73 922
93 861
1 861
89 917
81 881
89 881
48 892
11 892
12 892
84 896
89 896
92 908
107 919
69 905
84 905
89 905
83 909
48 909
11 909
57 924
4 924
3 924
123 852
25 828
7 828
6 828
46 898
23 898
24 898
79 831
14 831
15 831
117 916
84 916
89 916
108 926
44 900
12 900
13 900
14 900
58 900
36 892
13 892
91 919
45 919
41 907
25 907
51 863
24 863
73 924
87 924
63 852
19 852
20 852
39 864
12 864
98 870
68 912
11 912
94 927
90 927
6 927
124 928
80 920
26 912
96 912
116 894
5 894
6 894
7 894
8 894
25 894
41 894
33 846
11 846
10 846
100 925
86 852
70 913
99 833
10 833
43 894
9 894
10 894
29 894
114 847
4 847
102 914
6 914
53 911
12 911
122 840
24 840
23 840
48 913
13 913
26 913
34 902
12 902
13 902
49 929
61 885
101 847
44 892
14 892
113 910
70 911
13 911
110 928
17 928
18 928
19 928
20 928
102 930
28 924
5 924
48 902
119 929
83 929
36 870
15 870
47 873
7 873
8 873
65 830
16 830
99 894
11 894
68 911
104 903
18 903
105 931
113 931
82 877
23 877
24 877
62 906
16 906
17 906
18 906
94 873
75 897
12 897
13 897
67 918
12 918
13 918
14 918
39 918
123 928
121 915
11 915
43 915
41 915
106 931
51 920
2 920
50 882
95 843
1 843
97 926
60 894
83 918
119 918
98 892
16 892
62 892
17 892
93 932
107 932
5 932
6 932
28 932
87 932
34 911
14 911
48 929
15 929
68 929
104 906
110 906
27 866
9 866
88 833
64 927
86 910
23 910
24 910
73 932
7 932
38 909
15 909
14 909
71 841
20 841
54 887
77 931
52 864
15 864
115 828
11 828
84 934
81 934
76 912
38 912
67 894
13 894
14 894
108 847
8 847
49 918
76 918
38 918
97 932
8 932
118 903
19 903
26 929
76 929
43 828
12 828
124 906
119 912
116 914
9 914
10 914
33 911
15 911
57 930
116 930
9 930
42 840
1 840
78 840
38 929
16 929
117 934
30 923
116 923
40 831
103 879
47 866
10 866
11 866
12 866
120 838
65 892
19 892
20 892
108 932
9 932
116 932
55 908
2 908
94 914
11 914
31 907
26 911
16 911
17 911
68 909
16 909
17 909
18 909
97 930
114 924
8 924
9 924
25 915
37 876
10 876
11 876
12 876
99 936
60 936
34 864
57 923
37 923
10 923
9 923
8 923
101 882
9 882
10 882
11 882
61 843
3 843
4 843
5 843
117 843
84 843
53 897
16 897
41 866
50 926
101 926
9 926
10 926
57 926
106 939
122 885
3 885
4 885
79 900
20 900
48 918
17 918
18 918
30 932
10 932
50 932
112 919
7 919
6 919
117 919
108 930
31 915
13 915
14 915
29 915
72 852
70 902
17 902
18 902
19 902
33 929
71 831
22 831
23 831
24 831
47 937
11 937
10 937
113 939
105 939
63 928
99 915
15 915
67 936
58 903
102 882
34 897
17 897
34 941
17 941
91 938
112 938
8 938
93 938
37 926
11 926
77 939
1 939
64 914
12 914
13 914
14 914
45 935
91 935
112 935
8 935
116 924
11 924
102 924
60 915
86 887
1 887
2 887
3 887
56 922
10 922
97 922
44 870
19 870
83 870
30 926
59 850
7 850
8 850
80 885
51 885
6 885
65 900
21 900
22 900
96 913
90 873
13 873
69 916
8 916
91 916
57 937
12 937
107 938
9 938
10 938
73 938
56 938
101 932
11 932
12 932
64 932
13 932
94 932
35 855
59 855
93 935
50 930
83 942
38 942
19 942
79 903
22 903
23 903
24 903
120 902
21 902
22 902
88 828
16 828
60 828
17 828
18 828
76 828
19 828
38 828
70 828
28 938
11 938
49 912
19 912
117 855
36 909
21 909
37 924
13 924
123 933
2 933
81 843
9 843
50 938
12 938
57 938
13 938
118 900
23 900
110 900
124 900
24 900
90 932
14 932
78 908
5 908
82 908
4 908
84 919
9 919
69 855
81 855
9 855
55 887
108 922
119 828
20 828
111 906
24 906
114 923
28 923
47 882
14 882
97 937
70 912
20 912
21 912
22 912
32 836
7 836
106 908
77 908
105 908
115 907
16 907
15 907
90 907
38 943
76 943
70 943
49 943
96 943
20 943
95 940
83 828
21 828
49 828
89 934
10 934
79 906
77 944
4 944
26 941
20 941
38 941
70 941
37 938
31 914
25 914
17 914
101 930
13 930
12 930
104 841
50 922
59 843
10 843
48 897
108 937
72 939
27 927
15 927
74 822
23 822
22 822
35 919
10 919
56 923
63 933
4 933
69 843
89 843
11 843
12 843
13 843
14 843
15 843
102 938
15 938
75 894
20 894
19 894
37 927
57 932
81 919
69 919
11 919
39 911
22 911
23 911
24 911
64 924
16 924
34 942
21 942
70 942
68 864
58 906
105 933
77 933
49 897
22 897
21 897
20 897
102 927
37 932
45 855
12 855
67 915
20 915
21 915
48 942
49 942
40 903
2 903
3 903
4 903
5 903
105 903
100 920
10 920
11 920
89 920
117 920
69 920
96 828
60 897
76 941
96 941
113 908
6 908
79 911
58 911
1 911
84 855
107 935
13 935
14 935
56 935
93 930
33 943
22 943
119 942
23 942
77 903
113 903
6 903
81 920
87 923
15 923
97 923
103 908
7 908
8 908
9 908
74 946
28 935
68 915
49 941
35 945
12 945
51 945
83 822
24 822
61 908
114 935
15 935
16 935
26 943
76 942
53 929
23 929
70 929
91 934
14 934
69 934
13 934
112 916
100 945
122 908
10 908
11 908
32 940
11 940
100 940
12 940
13 940
81 940
85 921
15 921
112 921
62 838
2 838
79 838
66 888
10 888
95 908
107 930
15 930
69 940
92 887
101 922
17 922
106 933
113 933
8 933
9 933
93 916
50 937
101 937
17 937
49 950
36 912
63 948
88 914
22 914
94 907
85 930
16 930
73 947
17 947
101 947
50 947
34 915
33 915
111 951
4 951
3 951
29 936
23 936
42 933
10 933
110 949
67 897
29 897
23 897
123 948
8 948
106 948
98 918
60 914
29 914
67 914
87 935
68 943
26 942
68 942
111 949
124 949
38 950
86 939
9 939
103 939
10 939
11 939
73 935
18 935
51 952
72 903
9 903
35 934
15 934
16 934
55 939
12 939
61 939
105 948
99 914
24 914
106 903
10 903
92 933
12 933
13 933
104 949
6 949
40 949
107 916
17 916
18 916
101 916
19 916
119 941
70 950
76 950
26 950
116 926
20 926
19 926
122 939
13 939
42 953
12 953
11 953
106 953
50 935
112 930
17 930
69 930
45 934
17 934
107 934
93 934
56 937
19 937
85 937
18 937
107 937
105 953
89 855
17 855
18 855
67 955
29 955
81 930
66 887
13 887
84 920
17 920
112 934
18 934
19 934
82 944
12 944
105 944
106 944
11 944
86 944
87 916
56 916
93 937
30 938
73 926
87 926
92 939
46 836
15 836
16 836
17 836
81 836
59 919
17 919
16 919
15 919
68 950
34 950
76 957
26 957
68 957
74 912
5 912
121 833
107 855
59 959
55 954
14 954
83 941
4 941
31 956
25 956
41 956
84 836
18 836
81 958
84 958
18 958
19 958
20 958
87 958
64 907
23 907
69 959
18 959
81 959
101 935
21 935
22 935
103 903
13 903
14 903
117 940
61 933
15 933
32 908
16 908
17 908
100 952
17 952
18 952
118 951
55 903
15 903
54 931
13 931
12 931
108 923
22 923
23 923
90 923
64 923
94 923
24 923
114 916
21 916
39 941
5 941
6 941
7 941
112 937
20 937
21 937
22 937
23 937
24 937
56 926
66 939
15 939
14 939
77 948
13 948
12 948
11 948
10 948
9 948
119 962
38 962
49 962
70 962
93 855
30 935
23 935
24 935
81 952
69 952
19 952
20 952
93 952
107 952
89 930
97 947
109 840
59 940
19 940
18 940
17 940
16 940
52 913
96 929
87 961
22 961
21 961
20 961
19 961
59 961
69 961
81 961
72 944
13 944
14 944
15 944
16 944
62 941
70 964
38 964
48 964
5 964
4 964
3 964
2 964
80 945
18 945
17 945
16 945
15 945
14 945
72 945
13 945
77 945
105 945
76 962
5 962
6 962
7 962
8 962
9 962
110 962
84 959
20 959
19 959
80 959
92 954
66 840
16 840
15 840
55 940
66 940
68 913
5 913
4 913
3 913
2 913
1 913
25 913
86 931
65 902
8 902
9 902
10 902
11 902
12 902
13 902
14 902
114 926
22 926
21 926
84 926
34 957
5 957
83 957
58 838
67 964
60 964
29 964
98 912
7 912
6 912
109 954
66 954
16 954
15 954
77 954
117 930
20 930
19 930
18 930
79 951
92 940
72 931
14 931
15 931
16 931
17 931
55 931
66 931
101 963
71 949
11 949
10 949
9 949
8 949
116 938
24 938
38 957
6 957
7 957
8 957
9 957
10 957
40 957
11 957
12 957
13 957
14 957
15 957
16 957
73 958
23 958
24 958
111 962
50 960
36 918
8 918
7 918
6 918
5 918
4 918
3 918
25 918
122 965
89 961
96 967
81 926
113 953
72 953
86 953
15 953
14 953
112 952
22 952
21 952
56 966
75 936
5 936
4 936
3 936
2 936
1 936
60 969
29 969
70 967
38 967
7 967
68 967
33 950
6 950
7 950
48 950
119 950
91 921
22 921
23 921
24 921
89 926
117 970
38 971
49 971
48 971
70 971
57 927
116 927
30 927
45 836
22 836
21 836
20 836
19 836
37 907
57 907
116 907
97 963
28 922
24 922
95 933
19 933
18 933
17 933
16 933
72 933
50 921
97 921
81 970
22 970
21 970
20 970
19 970
18 970
17 970
16 970
15 970
54 939
16 939
17 939
18 939
19 939
20 939
21 939
22 939
107 939
93 939
96 971
106 945
94 972
2 972
1 972
37 972
41 918
53 915
7 915
6 915
5 915
4 915
3 915
2 915
63 970
76 971
8 971
9 971
10 971
36 971
46 908
20 908
19 908
42 887
18 887
17 887
16 887
15 887
14 887
52 929
8 929
7 929
29 929
6 929
5 929
4 929
3 929
2 929
1 929
32 944
95 944
64 973
3 973
2 973
1 973
105 954
106 954
74 971
11 971
12 971
25 974
78 888
19 888
18 888
17 888
16 888
15 888
14 888
13 888
12 888
11 888
36 888
80 930
22 930
21 930
55 957
41 974
6 974
5 974
4 974
3 974
2 974
1 974
28 974
51 919
79 975
13 975
12 975
11 975
10 975
70 975
38 975
49 975
48 975
76 975
90 976
4 976
3 976
2 976
28 976
113 954
109 940
20 940
21 940
22 940
23 940
24 940
92 931
20 931
21 931
22 931
23 931
24 931
83 950
10 950
9 950
8 950
69 926
24 926
54 945
124 962
14 962
13 962
12 962
11 962
10 962
34 962
101 960
45 981
91 981
112 981
93 981
107 981
1 981
49 983
38 983
48 983
119 983
66 957
92 957
21 957
20 957
19 957
54 957
77 957
57 972
100 959
96 975
93 985
107 985
112 985
61 965
22 965
23 965
24 965
29 950
105 957
104 948
65 971
14 971
13 971
80 919
73 980
91 985
37 915
114 966
3 966
4 966
5 966
6 966
7 966
8 966
9 966
10 966
11 966
84 961
1 961
62 949
14 949
15 949
16 949
17 949
18 949
19 949
20 949
21 949
39 912
12 912
13 912
14 912
15 912
16 912
17 912
124 948
110 948
56 974
116 972
5 972
4 972
50 972
47 935
69 986
81 986
57 915
68 966
96 966
76 966
70 983
103 978
21 978
20 978
19 978
18 978
17 978
16 978
46 944
24 944
86 933
20 933
21 933
22 933
120 941
65 941
15 941
14 941
13 941
12 941
11 941
10 941
9 941
8 941
95 977
63 982
20 982
19 982
18 982
17 982
72 954
32 930
84 986
2 986
3 986
35 920
1 920
113 945
21 945
20 945
122 836
24 836
46 977
28 980
59 952
2 952
1 952
91 986
58 951
16 951
17 951
18 951
19 951
20 951
21 951
54 951
77 951
105 951
33 979
12 979
11 979
10 979
9 979
8 979
7 979
112 986
4 986
5 986
6 986
7 986
8 986
9 986
10 986
11 986
12 986
47 987
7 987
8 987
9 987
10 987
11 987
12 987
13 987
67 969
11 969
10 969
9 969
8 969
120 988
16 988
15 988
14 988
68 988
26 967
60 950
106 957
22 957
23 957
101 972
6 972
7 972
8 972
9 972
10 972
11 972
12 972
13 972
87 976
6 976
56 980
87 980
6 980
5 980
4 980
95 930
29 986
52 966
94 969
64 969
85 934
5 934
87 934
6 934
101 934
25 941
67 950
12 950
11 950
111 948
18 948
17 948
120 948
98 971
16 971
73 974
76 972
74 888
100 919
2 919
1 919
114 976
89 980
69 980
115 984
10 984
9 984
8 984
7 984
6 984
5 984
96 988
74 990
48 989
53 962
102 932
8 932
9 932
10 932
11 932
86 954
81 980
116 915
8 915
9 915
113 951
