33 50 0.048 49.952
25 50 0.048 49.952
33 50 0.048 49.952
25 50 0.048 49.952
33 50 0.048 49.952
42 50 0.048 49.952
36 50 0.0048 49.9952
36 49.9952 0.048 49.9472
42 49.952 0.0048 49.9472
42 49.9472 0.16 49.7872
36 49.9472 0.016 49.9312
36 49.9312 0.016 49.9152
42 49.7872 0.0016 49.7856
36 49.9152 0.048 49.8672
42 49.7856 0.0048 49.7808
25 50 0.048 49.952
34 50 0.048 49.952
33 50 0.048 49.952
36 50 0.048 49.952
42 50 0.0048 49.9952
25 50 0.048 49.952
34 50 0.048 49.952
28 50 0.0048 49.9952
28 49.9952 0.048 49.9472
44 50 0.0048 49.9952
44 49.9952 0.048 49.9472
34 49.952 0.0096 49.9424
34 49.9424 0.16 49.7824
28 49.9472 0.016 49.9312
28 49.9312 0.016 49.9152
34 49.7824 0.0016 49.7808
28 49.9152 0.048 49.8672
34 49.7808 0.0048 49.776
44 49.9472 0.0048 49.9424
44 49.9424 0.048 49.8944
28 49.8672 0.0048 49.8624
28 49.8624 0.16 49.7024
44 49.8944 0.016 49.8784
44 49.8784 0.016 49.8624
28 49.7024 0.0016 49.7008
44 49.8624 0.048 49.8144
28 49.7008 0.0048 49.696
34 49.776 0.0048 49.7712
33 50 0.048 49.952
36 50 0.048 49.952
42 50 0.0048 49.9952
25 50 0.048 49.952
44 50 0.048 49.952
28 49.8826 0.0048 49.8778
34 50 0.0048 49.9952
33 50 0.048 49.952
36 50 0.048 49.952
42 50 0.0048 49.9952
25 50 0.048 49.952
44 50 0.048 49.952
34 50 0.0048 49.9952
29 50 0.048 49.952
29 49.952 0.0048 49.9472
29 49.9472 0.16 49.7872
29 49.7872 0.0016 49.7856
42 50 0.016 49.984
42 49.984 0.016 49.968
42 49.968 0.048 49.92
36 50 0.0048 49.9952
33 50 0.048 49.952
33 49.952 0.0048 49.9472
33 49.9472 0.16 49.7872
33 49.7872 0.0016 49.7856
27 50 0.016 49.984
27 49.984 0.016 49.968
27 49.968 0.048 49.92
36 49.9952 0.048 49.9472
42 49.92 0.0048 49.9152
40 50 0.048 49.952
25 50 0.048 49.952
25 49.952 0.0048 49.9472
25 49.9472 0.16 49.7872
25 49.7872 0.0016 49.7856
28 50 0.016 49.984
28 49.984 0.016 49.968
28 49.968 0.048 49.92
34 50 0.0048 49.9952
34 49.9952 0.048 49.9472
28 49.92 0.0048 49.9152
28 49.9152 0.16 49.7552
34 49.9472 0.016 49.9312
34 49.9312 0.016 49.9152
28 49.7552 0.0016 49.7536
34 49.9152 0.048 49.8672
28 49.7536 0.0048 49.7488
44 50 0.048 49.952
38 50 0.048 49.952
38 49.952 0.0048 49.9472
38 49.9472 0.16 49.7872
38 49.7872 0.0016 49.7856
28 50 0.016 49.984
28 49.984 0.016 49.968
28 49.968 0.048 49.92
34 49.8672 0.0048 49.8624
44 49.952 0.0048 49.9472
42 50 0.048 49.952
36 50 0.0048 49.9952
27 50 0.048 49.952
36 49.9952 0.048 49.9472
42 49.952 0.0048 49.9472
40 50 0.048 49.952
34 49.9807 0.048 49.9327
28 49.92 0.0048 49.9152
44 50 0.048 49.952
28 49.9152 0.0048 49.9104
28 50 0.048 49.952
34 49.9327 0.0048 49.9279
42 50 0.048 49.952
27 50 0.048 49.952
36 50 0.048 49.952
40 50 0.048 49.952
34 50 0.048 49.952
28 49.952 0.0048 49.9472
44 50 0.048 49.952
28 50 0.048 49.952
34 49.952 0.0048 49.9472
44 49.952 0.0048 49.9472
42 50 0.048 49.952
27 50 0.048 49.952
36 50 0.048 49.952
39 50 0.048 49.952
30 50 0.048 49.952
40 50 0.048 49.952
34 50 0.048 49.952
28 49.952 0.0048 49.9472
44 50 0.0048 49.9952
26 50 0.048 49.952
44 49.9952 0.048 49.9472
28 49.9472 0.0048 49.9424
34 49.952 0.0048 49.9472
31 50 0.048 49.952
28 50 0.048 49.952
44 49.9472 0.0048 49.9424
42 50 0.048 49.952
32 50 0.048 49.952
27 50 0.048 49.952
27 49.952 0.0048 49.9472
27 49.9472 0.16 49.7872
27 49.7872 0.0016 49.7856
36 50 0.048 49.952
39 50 0.048 49.952
30 50 0.048 49.952
40 50 0.048 49.952
34 50 0.048 49.952
34 49.952 0.0048 49.9472
34 49.9472 0.16 49.7872
34 49.7872 0.0016 49.7856
26 50 0.048 49.952
44 50 0.048 49.952
28 49.952 0.0048 49.9472
31 50 0.048 49.952
28 50 0.048 49.952
44 49.952 0.0048 49.9472
42 50 0.048 49.952
32 50 0.048 49.952
36 50 0.048 49.952
42 49.952 0.0048 49.9472
36 49.952 0.0048 49.9472
36 49.9472 0.16 49.7872
36 49.7872 0.0016 49.7856
41 50 0.016 49.984
41 49.984 0.016 49.968
41 49.968 0.048 49.92
41 49.92 0.0048 49.9152
41 49.9152 0.16 49.7552
41 49.7552 0.0016 49.7536
39 50 0.048 49.952
30 50 0.048 49.952
40 50 0.048 49.952
26 50 0.048 49.952
44 50 0.048 49.952
28 49.952 0.0048 49.9472
31 50 0.048 49.952
28 50 0.048 49.952
44 49.952 0.0048 49.9472
42 50 0.048 49.952
32 50 0.048 49.952
39 50 0.048 49.952
37 50 0.048 49.952
30 50 0.048 49.952
40 50 0.048 49.952
26 50 0.048 49.952
26 49.952 0.0048 49.9472
26 49.9472 0.16 49.7872
26 49.7872 0.0016 49.7856
33 50 0.016 49.984
33 49.984 0.016 49.968
33 49.968 0.048 49.92
44 50 0.048 49.952
28 49.952 0.0048 49.9472
31 50 0.048 49.952
28 50 0.048 49.952
44 49.952 0.0048 49.9472
42 50 0.048 49.952
36 50 0.0048 49.9952
36 49.9952 0.048 49.9472
42 49.952 0.0048 49.9472
42 49.9472 0.16 49.7872
36 49.9472 0.016 49.9312
36 49.9312 0.016 49.9152
42 49.7872 0.0016 49.7856
36 49.9152 0.048 49.8672
42 49.7856 0.0048 49.7808
32 50 0.048 49.952
39 50 0.048 49.952
37 50 0.048 49.952
30 50 0.048 49.952
43 50 0.048 49.952
40 50 0.048 49.952
33 50 0.048 49.952
41 50 0.048 49.952
44 50 0.048 49.952
28 49.952 0.0048 49.9472
31 50 0.048 49.952
28 50 0.048 49.952
36 50 0.048 49.952
42 50 0.0048 49.9952
32 50 0.048 49.952
39 50 0.048 49.952
37 50 0.048 49.952
37 49.952 0.0048 49.9472
37 49.9472 0.16 49.7872
37 49.7872 0.0016 49.7856
30 50 0.048 49.952
30 49.952 0.0048 49.9472
30 49.9472 0.16 49.7872
30 49.7872 0.0016 49.7856
43 50 0.048 49.952
40 50 0.048 49.952
33 50 0.048 49.952
41 50 0.048 49.952
44 50 0.048 49.952
31 50 0.048 49.952
28 50 0.048 49.952
36 50 0.048 49.952
42 50 0.0048 49.9952
36 49.952 0.0048 49.9472
36 49.9472 0.16 49.7872
36 49.7872 0.0016 49.7856
27 50 0.016 49.984
27 49.984 0.016 49.968
27 49.968 0.048 49.92
32 50 0.048 49.952
39 50 0.048 49.952
43 50 0.048 49.952
40 50 0.048 49.952
33 50 0.048 49.952
41 50 0.048 49.952
44 50 0.048 49.952
44 49.952 0.0048 49.9472
44 49.9472 0.16 49.7872
44 49.7872 0.0016 49.7856
25 50 0.016 49.984
25 49.984 0.016 49.968
25 49.968 0.048 49.92
35 50 0.048 49.952
31 50 0.048 49.952
28 50 0.048 49.952
27 50 0.048 49.952
32 50 0.048 49.952
39 50 0.048 49.952
39 49.952 0.0048 49.9472
39 49.9472 0.16 49.7872
39 49.7872 0.0016 49.7856
42 50 0.016 49.984
42 49.984 0.016 49.968
42 49.968 0.048 49.92
36 50 0.0048 49.9952
36 49.9952 0.048 49.9472
42 49.92 0.0048 49.9152
42 49.9152 0.16 49.7552
36 49.9472 0.016 49.9312
36 49.9312 0.016 49.9152
42 49.7552 0.0016 49.7536
36 49.9152 0.048 49.8672
42 49.7536 0.0048 49.7488
43 50 0.048 49.952
43 49.952 0.0048 49.9472
43 49.9472 0.16 49.7872
43 49.7872 0.0016 49.7856
39 49.7856 0.016 49.7696
39 49.7696 0.016 49.7536
39 49.7536 0.048 49.7056
40 50 0.048 49.952
33 50 0.048 49.952
41 50 0.048 49.952
25 50 0.048 49.952
35 50 0.048 49.952
35 49.952 0.0048 49.9472
35 49.9472 0.16 49.7872
35 49.7872 0.0016 49.7856
37 50 0.016 49.984
37 49.984 0.016 49.968
37 49.968 0.048 49.92
31 50 0.048 49.952
28 50 0.048 49.952
44 50 0.0048 49.9952
44 49.9952 0.048 49.9472
28 49.952 0.0048 49.9472
28 49.9472 0.16 49.7872
44 49.9472 0.016 49.9312
44 49.9312 0.016 49.9152
28 49.7872 0.0016 49.7856
44 49.9152 0.048 49.8672
28 49.7856 0.0048 49.7808
27 50 0.048 49.952
32 50 0.048 49.952
36 50 0.048 49.952
42 50 0.0048 49.9952
39 49.981 0.048 49.933
40 50 0.048 49.952
33 50 0.048 49.952
41 50 0.048 49.952
25 50 0.048 49.952
37 50 0.048 49.952
31 50 0.048 49.952
31 49.952 0.0048 49.9472
31 49.9472 0.16 49.7872
31 49.7872 0.0016 49.7856
44 50 0.048 49.952
28 50 0.0048 49.9952
27 50 0.048 49.952
32 50 0.048 49.952
36 50 0.048 49.952
39 50 0.048 49.952
40 50 0.048 49.952
33 50 0.048 49.952
33 49.952 0.0048 49.9472
33 49.9472 0.16 49.7872
33 49.7872 0.0016 49.7856
41 50 0.048 49.952
25 50 0.048 49.952
37 50 0.048 49.952
44 50 0.048 49.952
28 50 0.0048 49.9952
27 50 0.048 49.952
32 50 0.048 49.952
36 50 0.048 49.952
39 50 0.048 49.952
40 50 0.048 49.952
40 49.952 0.0048 49.9472
40 49.9472 0.16 49.7872
40 49.7872 0.0016 49.7856
30 50 0.016 49.984
30 49.984 0.016 49.968
30 49.968 0.048 49.92
41 50 0.048 49.952
25 50 0.048 49.952
25 49.952 0.0048 49.9472
25 49.9472 0.16 49.7872
25 49.7872 0.0016 49.7856
37 50 0.048 49.952
44 50 0.048 49.952
28 50 0.0048 49.9952
27 50 0.048 49.952
32 50 0.048 49.952
36 50 0.048 49.952
39 50 0.048 49.952
30 50 0.048 49.952
41 50 0.048 49.952
37 50 0.048 49.952
44 50 0.048 49.952
28 50 0.0048 49.9952
27 50 0.048 49.952
32 50 0.048 49.952
36 50 0.048 49.952
39 50 0.048 49.952
30 50 0.048 49.952
41 50 0.048 49.952
37 50 0.048 49.952
44 50 0.048 49.952
28 50 0.0048 49.9952
27 50 0.048 49.952
32 50 0.048 49.952
36 50 0.048 49.952
42 50 0.0048 49.9952
39 50 0.048 49.952
39 49.952 0.0048 49.9472
39 49.9472 0.16 49.7872
39 49.7872 0.0016 49.7856
34 50 0.016 49.984
34 49.984 0.016 49.968
34 49.968 0.048 49.92
30 50 0.048 49.952
41 50 0.048 49.952
37 50 0.048 49.952
44 50 0.048 49.952
28 50 0.0048 49.9952
27 50 0.048 49.952
32 50 0.048 49.952
36 50 0.048 49.952
42 50 0.0048 49.9952
34 50 0.048 49.952
34 49.952 0.0048 49.9472
34 49.9472 0.16 49.7872
34 49.7872 0.0016 49.7856
30 50 0.048 49.952
41 50 0.048 49.952
41 49.952 0.0048 49.9472
41 49.9472 0.16 49.7872
41 49.7872 0.0016 49.7856
34 49.7856 0.016 49.7696
34 49.7696 0.016 49.7536
34 49.7536 0.048 49.7056
37 50 0.048 49.952
44 50 0.048 49.952
28 50 0.0048 49.9952
27 50 0.048 49.952
32 50 0.048 49.952
36 50 0.048 49.952
42 50 0.0048 49.9952
30 50 0.048 49.952
34 50 0.048 49.952
37 50 0.048 49.952
44 50 0.048 49.952
27 50 0.048 49.952
32 50 0.048 49.952
36 50 0.048 49.952
42 50 0.0048 49.9952
30 50 0.048 49.952
34 50 0.048 49.952
37 50 0.048 49.952
44 50 0.048 49.952
28 50 0.0048 49.9952
27 50 0.048 49.952
32 50 0.048 49.952
36 50 0.048 49.952
30 50 0.048 49.952
34 50 0.048 49.952
37 50 0.048 49.952
44 50 0.048 49.952
28 50 0.0048 49.9952
27 50 0.048 49.952
27 49.952 0.0048 49.9472
27 49.9472 0.16 49.7872
27 49.7872 0.0016 49.7856
33 50 0.016 49.984
33 49.984 0.016 49.968
33 49.968 0.048 49.92
32 50 0.048 49.952
36 50 0.048 49.952
42 50 0.0048 49.9952
30 50 0.048 49.952
34 50 0.048 49.952
37 50 0.048 49.952
44 50 0.048 49.952
33 50 0.048 49.952
32 50 0.048 49.952
36 50 0.048 49.952
30 50 0.048 49.952
34 50 0.048 49.952
37 50 0.048 49.952
44 50 0.048 49.952
28 50 0.0048 49.9952
33 50 0.048 49.952
32 50 0.048 49.952
36 50 0.048 49.952
30 50 0.048 49.952
34 50 0.048 49.952
37 50 0.048 49.952
44 50 0.048 49.952
33 50 0.048 49.952
32 50 0.048 49.952
36 50 0.048 49.952
42 50 0.0048 49.9952
30 50 0.048 49.952
34 50 0.048 49.952
37 50 0.048 49.952
44 50 0.048 49.952
33 50 0.048 49.952
32 50 0.048 49.952
36 50 0.048 49.952
42 50 0.0048 49.9952
30 50 0.048 49.952
34 50 0.048 49.952
37 50 0.048 49.952
44 50 0.048 49.952
33 50 0.048 49.952
32 50 0.048 49.952
32 49.952 0.0048 49.9472
32 49.9472 0.16 49.7872
32 49.7872 0.0016 49.7856
36 50 0.048 49.952
42 50 0.0048 49.9952
25 50 0.048 49.952
30 50 0.048 49.952
34 50 0.048 49.952
37 50 0.048 49.952
37 49.952 0.0048 49.9472
37 49.9472 0.16 49.7872
37 49.7872 0.0016 49.7856
40 50 0.016 49.984
40 49.984 0.016 49.968
40 49.968 0.048 49.92
44 50 0.048 49.952
28 50 0.0048 49.9952
33 50 0.048 49.952
36 50 0.048 49.952
25 50 0.048 49.952
30 50 0.048 49.952
34 50 0.048 49.952
28 49.9952 0.0048 49.9904
28 49.9904 0.048 49.9424
34 49.952 0.0048 49.9472
34 49.9472 0.16 49.7872
28 49.9424 0.016 49.9264
28 49.9264 0.016 49.9104
34 49.7872 0.0016 49.7856
28 49.9104 0.048 49.8624
34 49.7856 0.0048 49.7808
44 50 0.0048 49.9952
40 50 0.048 49.952
44 49.9952 0.048 49.9472
28 49.9711 0.0048 49.9663
33 50 0.048 49.952
36 50 0.048 49.952
42 50 0.0048 49.9952
25 50 0.048 49.952
25 49.952 0.0048 49.9472
25 49.9472 0.16 49.7872
25 49.7872 0.0016 49.7856
34 49.7808 0.016 49.7648
34 49.7648 0.016 49.7488
34 49.7488 0.048 49.7008
28 49.9663 0.0048 49.9615
30 50 0.048 49.952
28 49.9615 0.048 49.9135
34 50 0.0048 49.9952
44 50 0.0048 49.9952
40 50 0.048 49.952
44 49.9952 0.048 49.9472
28 50 0.0048 49.9952
44 49.9472 0.0048 49.9424
44 49.9424 0.16 49.7824
44 49.7824 0.0016 49.7808
25 50 0.016 49.984
25 49.984 0.016 49.968
25 49.968 0.048 49.92
33 50 0.048 49.952
33 49.952 0.0048 49.9472
33 49.9472 0.16 49.7872
33 49.7872 0.0016 49.7856
26 50 0.016 49.984
26 49.984 0.016 49.968
26 49.968 0.048 49.92
36 50 0.048 49.952
42 50 0.0048 49.9952
34 49.9952 0.048 49.9472
28 49.9952 0.0048 49.9904
34 49.9472 0.0048 49.9424
34 49.9424 0.16 49.7824
34 49.7824 0.0016 49.7808
41 50 0.016 49.984
41 49.984 0.016 49.968
41 49.968 0.048 49.92
30 50 0.048 49.952
28 49.9904 0.048 49.9424
34 50 0.0048 49.9952
44 49.9162 0.0048 49.9114
44 49.9114 0.048 49.8634
28 49.9424 0.0048 49.9376
28 49.9376 0.16 49.7776
44 49.8634 0.016 49.8474
44 49.8474 0.016 49.8314
28 49.7776 0.0016 49.776
44 49.8314 0.048 49.7834
28 49.776 0.0048 49.7712
29 50 0.048 49.952
40 50 0.048 49.952
25 50 0.048 49.952
26 50 0.048 49.952
36 50 0.048 49.952
42 50 0.0048 49.9952
36 49.952 0.0048 49.9472
36 49.9472 0.16 49.7872
36 49.7872 0.0016 49.7856
33 50 0.016 49.984
33 49.984 0.016 49.968
33 49.968 0.048 49.92
41 50 0.048 49.952
30 50 0.048 49.952
44 49.9997 0.048 49.9517
29 50 0.048 49.952
40 50 0.048 49.952
25 50 0.048 49.952
26 50 0.048 49.952
33 50 0.048 49.952
33 49.952 0.0048 49.9472
33 49.9472 0.16 49.7872
33 49.7872 0.0016 49.7856
41 50 0.048 49.952
30 50 0.048 49.952
44 50 0.048 49.952
29 50 0.048 49.952
40 50 0.048 49.952
40 49.952 0.0048 49.9472
40 49.9472 0.16 49.7872
40 49.7872 0.0016 49.7856
42 50 0.016 49.984
42 49.984 0.016 49.968
42 49.968 0.048 49.92
36 49.9533 0.0048 49.9485
36 49.9485 0.048 49.9005
42 49.92 0.0048 49.9152
42 49.9152 0.16 49.7552
36 49.9005 0.016 49.8845
36 49.8845 0.016 49.8685
42 49.7552 0.0016 49.7536
36 49.8685 0.048 49.8205
42 49.7536 0.0048 49.7488
25 50 0.048 49.952
26 50 0.048 49.952
41 50 0.048 49.952
41 49.952 0.0048 49.9472
41 49.9472 0.16 49.7872
41 49.7872 0.0016 49.7856
37 50 0.016 49.984
37 49.984 0.016 49.968
37 49.968 0.048 49.92
30 50 0.048 49.952
44 50 0.048 49.952
29 50 0.048 49.952
36 50 0.048 49.952
42 50 0.0048 49.9952
25 50 0.048 49.952
25 49.952 0.0048 49.9472
25 49.9472 0.16 49.7872
25 49.7872 0.0016 49.7856
35 50 0.016 49.984
35 49.984 0.016 49.968
35 49.968 0.048 49.92
26 50 0.048 49.952
37 50 0.048 49.952
30 50 0.048 49.952
39 50 0.048 49.952
44 50 0.048 49.952
29 50 0.048 49.952
36 50 0.048 49.952
42 50 0.0048 49.9952
35 50 0.048 49.952
26 50 0.048 49.952
37 50 0.048 49.952
30 50 0.048 49.952
39 50 0.048 49.952
44 50 0.048 49.952
29 50 0.048 49.952
29 49.952 0.0048 49.9472
29 49.9472 0.16 49.7872
29 49.7872 0.0016 49.7856
40 50 0.016 49.984
40 49.984 0.016 49.968
40 49.968 0.048 49.92
36 50 0.048 49.952
42 50 0.0048 49.9952
35 50 0.048 49.952
26 50 0.048 49.952
37 50 0.048 49.952
30 50 0.048 49.952
39 50 0.048 49.952
44 50 0.048 49.952
40 50 0.048 49.952
36 50 0.048 49.952
42 50 0.0048 49.9952
35 50 0.048 49.952
26 50 0.048 49.952
28 50 0.048 49.952
37 50 0.048 49.952
30 50 0.048 49.952
39 50 0.048 49.952
44 50 0.048 49.952
28 49.952 0.0048 49.9472
40 50 0.048 49.952
36 50 0.048 49.952
35 50 0.048 49.952
26 50 0.048 49.952
28 50 0.048 49.952
34 50 0.0048 49.9952
34 49.9952 0.048 49.9472
44 49.952 0.0048 49.9472
28 49.952 0.0096 49.9424
28 49.9424 0.16 49.7824
28 49.7824 0.0016 49.7808
25 50 0.016 49.984
25 49.984 0.016 49.968
25 49.968 0.048 49.92
25 49.92 0.0048 49.9152
25 49.9152 0.16 49.7552
25 49.7552 0.0016 49.7536
43 50 0.016 49.984
43 49.984 0.016 49.968
43 49.968 0.048 49.92
37 50 0.048 49.952
30 50 0.048 49.952
39 50 0.048 49.952
44 50 0.048 49.952
40 50 0.048 49.952
33 50 0.048 49.952
33 49.952 0.0048 49.9472
33 49.9472 0.16 49.7872
33 49.7872 0.0016 49.7856
27 50 0.016 49.984
27 49.984 0.016 49.968
27 49.968 0.048 49.92
36 50 0.048 49.952
35 50 0.048 49.952
26 50 0.048 49.952
43 50 0.048 49.952
37 50 0.048 49.952
30 50 0.048 49.952
39 50 0.048 49.952
44 50 0.048 49.952
40 50 0.048 49.952
27 50 0.048 49.952
36 50 0.048 49.952
35 50 0.048 49.952
26 50 0.048 49.952
43 50 0.048 49.952
37 50 0.048 49.952
30 50 0.048 49.952
39 50 0.048 49.952
44 50 0.048 49.952
28 50 0.0048 49.9952
34 50 0.0048 49.9952
40 50 0.048 49.952
27 50 0.048 49.952
36 50 0.048 49.952
35 50 0.048 49.952
26 50 0.048 49.952
43 50 0.048 49.952
37 50 0.048 49.952
30 50 0.048 49.952
39 50 0.048 49.952
42 50 0.048 49.952
44 50 0.048 49.952
28 50 0.0048 49.9952
34 50 0.0048 49.9952
40 50 0.048 49.952
27 50 0.048 49.952
36 50 0.048 49.952
36 49.952 0.0048 49.9472
36 49.9472 0.16 49.7872
36 49.7872 0.0016 49.7856
35 50 0.048 49.952
26 50 0.048 49.952
43 50 0.048 49.952
36 50 0.048 49.952
37 50 0.048 49.952
30 50 0.048 49.952
39 50 0.048 49.952
42 50 0.048 49.952
44 50 0.048 49.952
28 50 0.0048 49.9952
34 50 0.0048 49.9952
40 50 0.048 49.952
27 50 0.048 49.952
35 50 0.048 49.952
26 50 0.048 49.952
43 50 0.048 49.952
36 50 0.048 49.952
37 50 0.048 49.952
30 50 0.048 49.952
40 50 0.0048 49.9952
39 50 0.048 49.952
42 50 0.048 49.952
44 50 0.048 49.952
28 50 0.0048 49.9952
34 50 0.0048 49.9952
40 49.9952 0.048 49.9472
30 50 0.0048 49.9952
27 50 0.048 49.952
27 49.952 0.0048 49.9472
27 49.9472 0.16 49.7872
27 49.7872 0.0016 49.7856
35 50 0.048 49.952
26 50 0.048 49.952
43 50 0.048 49.952
36 50 0.048 49.952
37 50 0.048 49.952
30 49.9952 0.048 49.9472
40 50 0.0048 49.9952
39 50 0.048 49.952
42 50 0.048 49.952
44 50 0.048 49.952
28 50 0.0048 49.9952
34 50 0.0048 49.9952
44 49.952 0.0048 49.9472
44 49.9472 0.16 49.7872
44 49.7872 0.0016 49.7856
25 50 0.016 49.984
25 49.984 0.016 49.968
25 49.968 0.048 49.92
40 49.9952 0.048 49.9472
30 50 0.0048 49.9952
35 50 0.048 49.952
35 49.952 0.0048 49.9472
35 49.9472 0.16 49.7872
35 49.7872 0.0016 49.7856
26 50 0.048 49.952
43 50 0.048 49.952
38 50 0.048 49.952
36 50 0.048 49.952
37 50 0.048 49.952
30 49.9952 0.048 49.9472
40 50 0.0048 49.9952
30 49.9472 0.0048 49.9424
30 49.9424 0.16 49.7824
30 49.7824 0.0016 49.7808
34 50 0.016 49.984
34 49.984 0.016 49.968
34 49.968 0.048 49.92
44 50 0.0048 49.9952
44 49.9952 0.048 49.9472
34 49.92 0.0096 49.9104
34 49.9104 0.16 49.7504
34 49.7504 0.0016 49.7488
44 49.9472 0.016 49.9312
44 49.9312 0.016 49.9152
44 49.9152 0.048 49.8672
28 50 0.0048 49.9952
28 49.9952 0.048 49.9472
34 49.7488 0.0048 49.744
44 49.8672 0.0048 49.8624
44 49.8624 0.16 49.7024
28 49.9472 0.016 49.9312
28 49.9312 0.016 49.9152
44 49.7024 0.0016 49.7008
28 49.9152 0.048 49.8672
44 49.7008 0.0048 49.696
39 50 0.048 49.952
42 50 0.048 49.952
42 49.952 0.0048 49.9472
42 49.9472 0.16 49.7872
42 49.7872 0.0016 49.7856
25 50 0.048 49.952
40 49.9952 0.048 49.9472
30 50 0.0048 49.9952
30 49.9952 0.048 49.9472
40 49.9472 0.0048 49.9424
40 49.9424 0.16 49.7824
30 49.9472 0.016 49.9312
30 49.9312 0.016 49.9152
40 49.7824 0.0016 49.7808
30 49.9152 0.048 49.8672
40 49.7808 0.0048 49.776
26 50 0.048 49.952
43 50 0.048 49.952
38 50 0.048 49.952
36 50 0.048 49.952
42 50 0.0048 49.9952
42 49.9952 0.048 49.9472
36 49.952 0.0048 49.9472
36 49.9472 0.16 49.7872
42 49.9472 0.016 49.9312
42 49.9312 0.016 49.9152
36 49.7872 0.0016 49.7856
42 49.9152 0.048 49.8672
36 49.7856 0.0048 49.7808
37 50 0.048 49.952
28 50 0.048 49.952
44 49.8447 0.0048 49.8399
39 50 0.048 49.952
25 50 0.048 49.952
30 50 0.048 49.952
26 50 0.048 49.952
43 50 0.048 49.952
38 50 0.048 49.952
42 49.9697 0.048 49.9217
36 50 0.0048 49.9952
37 50 0.048 49.952
37 49.952 0.0048 49.9472
37 49.9472 0.16 49.7872
37 49.7872 0.0016 49.7856
28 50 0.048 49.952
34 50 0.0048 49.9952
44 50 0.0048 49.9952
39 50 0.048 49.952
25 50 0.048 49.952
30 50 0.048 49.952
32 50 0.048 49.952
26 50 0.048 49.952
43 50 0.048 49.952
38 50 0.048 49.952
42 50 0.048 49.952
36 50 0.0048 49.9952
28 50 0.048 49.952
44 50 0.0048 49.9952
39 50 0.048 49.952
25 50 0.048 49.952
30 50 0.048 49.952
40 50 0.0048 49.9952
32 50 0.048 49.952
26 50 0.048 49.952
43 50 0.048 49.952
38 50 0.048 49.952
42 50 0.048 49.952
28 50 0.048 49.952
34 50 0.0048 49.9952
39 50 0.048 49.952
25 50 0.048 49.952
30 50 0.048 49.952
40 50 0.0048 49.9952
32 50 0.048 49.952
32 49.952 0.0048 49.9472
32 49.9472 0.16 49.7872
32 49.7872 0.0016 49.7856
33 50 0.016 49.984
33 49.984 0.016 49.968
33 49.968 0.048 49.92
26 50 0.048 49.952
43 50 0.048 49.952
38 50 0.048 49.952
42 50 0.048 49.952
28 50 0.048 49.952
44 50 0.0048 49.9952
39 50 0.048 49.952
25 50 0.048 49.952
30 50 0.048 49.952
40 50 0.0048 49.9952
33 50 0.048 49.952
26 50 0.048 49.952
43 50 0.048 49.952
38 50 0.048 49.952
42 50 0.048 49.952
28 50 0.048 49.952
44 50 0.0048 49.9952
39 50 0.048 49.952
39 49.952 0.0048 49.9472
39 49.9472 0.16 49.7872
39 49.7872 0.0016 49.7856
32 50 0.016 49.984
32 49.984 0.016 49.968
32 49.968 0.048 49.92
25 50 0.048 49.952
30 50 0.048 49.952
40 50 0.0048 49.9952
33 50 0.048 49.952
26 50 0.048 49.952
43 50 0.048 49.952
38 50 0.048 49.952
42 50 0.048 49.952
28 50 0.048 49.952
44 50 0.0048 49.9952
32 50 0.048 49.952
25 50 0.048 49.952
30 50 0.048 49.952
40 50 0.0048 49.9952
33 50 0.048 49.952
26 50 0.048 49.952
43 50 0.048 49.952
38 50 0.048 49.952
42 50 0.048 49.952
28 50 0.048 49.952
44 50 0.0048 49.9952
32 50 0.048 49.952
25 50 0.048 49.952
30 50 0.048 49.952
40 50 0.0048 49.9952
33 50 0.048 49.952
41 50 0.048 49.952
26 50 0.048 49.952
43 50 0.048 49.952
38 50 0.048 49.952
42 50 0.048 49.952
36 50 0.0048 49.9952
28 50 0.048 49.952
44 50 0.0048 49.9952
32 50 0.048 49.952
25 50 0.048 49.952
30 50 0.048 49.952
40 50 0.0048 49.9952
33 50 0.048 49.952
41 50 0.048 49.952
26 50 0.048 49.952
43 50 0.048 49.952
38 50 0.048 49.952
42 50 0.048 49.952
36 50 0.0048 49.9952
28 50 0.048 49.952
44 50 0.0048 49.9952
32 50 0.048 49.952
25 50 0.048 49.952
30 50 0.048 49.952
40 50 0.0048 49.9952
33 50 0.048 49.952
41 50 0.048 49.952
26 50 0.048 49.952
43 50 0.048 49.952
38 50 0.048 49.952
38 49.952 0.0048 49.9472
38 49.9472 0.16 49.7872
38 49.7872 0.0016 49.7856
44 50 0.016 49.984
44 49.984 0.016 49.968
44 49.968 0.048 49.92
34 50 0.0048 49.9952
34 49.9952 0.048 49.9472
44 49.92 0.0048 49.9152
44 49.9152 0.16 49.7552
34 49.9472 0.016 49.9312
34 49.9312 0.016 49.9152
44 49.7552 0.0016 49.7536
34 49.9152 0.048 49.8672
44 49.7536 0.0048 49.7488
42 50 0.048 49.952
42 49.952 0.0048 49.9472
42 49.9472 0.16 49.7872
42 49.7872 0.0016 49.7856
28 50 0.048 49.952
32 50 0.048 49.952
25 50 0.048 49.952
30 50 0.048 49.952
40 50 0.0048 49.9952
33 50 0.048 49.952
41 50 0.048 49.952
26 50 0.048 49.952
43 50 0.048 49.952
34 50 0.048 49.952
28 50 0.0048 49.9952
28 49.9952 0.048 49.9472
34 50 0.0048 49.9952
32 50 0.048 49.952
25 50 0.048 49.952
30 50 0.048 49.952
40 50 0.0048 49.9952
40 50 0.048 49.952
30 49.952 0.0048 49.9472
33 50 0.048 49.952
41 50 0.048 49.952
26 50 0.048 49.952
43 50 0.048 49.952
43 49.952 0.0048 49.9472
43 49.9472 0.16 49.7872
43 49.7872 0.0016 49.7856
27 50 0.016 49.984
27 49.984 0.016 49.968
27 49.968 0.048 49.92
34 49.9952 0.048 49.9472
28 50 0.0048 49.9952
28 49.9952 0.048 49.9472
34 50 0.0048 49.9952
44 50 0.0048 49.9952
32 50 0.048 49.952
25 50 0.048 49.952
25 49.952 0.0048 49.9472
25 49.9472 0.16 49.7872
25 49.7872 0.0016 49.7856
39 50 0.016 49.984
39 49.984 0.016 49.968
39 49.968 0.048 49.92
30 50 0.048 49.952
40 50 0.048 49.952
33 50 0.048 49.952
41 50 0.048 49.952
37 50 0.048 49.952
44 49.9952 0.048 49.9472
28 50 0.0048 49.9952
26 50 0.048 49.952
27 50 0.048 49.952
34 49.9952 0.048 49.9472
28 49.9952 0.0048 49.9904
28 49.9904 0.048 49.9424
34 50 0.0048 49.9952
32 50 0.048 49.952
39 50 0.048 49.952
30 50 0.048 49.952
40 50 0.048 49.952
33 50 0.048 49.952
41 50 0.048 49.952
37 50 0.048 49.952
37 49.952 0.0048 49.9472
37 49.9472 0.16 49.7872
37 49.7872 0.0016 49.7856
44 50 0.048 49.952
26 50 0.048 49.952
27 50 0.048 49.952
34 49.9952 0.048 49.9472
28 50 0.0048 49.9952
28 49.9952 0.048 49.9472
34 50 0.0048 49.9952
32 50 0.048 49.952
39 50 0.048 49.952
30 50 0.048 49.952
40 49.952 0.0048 49.9472
40 50 0.048 49.952
30 49.952 0.0048 49.9472
33 50 0.048 49.952
41 50 0.048 49.952
44 50 0.048 49.952
28 50 0.0048 49.9952
34 49.9952 0.0048 49.9904
26 50 0.048 49.952
27 50 0.048 49.952
34 49.9904 0.048 49.9424
28 49.9952 0.0048 49.9904
44 50 0.0048 49.9952
31 50 0.048 49.952
28 49.9904 0.048 49.9424
34 50 0.0048 49.9952
32 50 0.048 49.952
32 49.952 0.0048 49.9472
32 49.9472 0.16 49.7872
32 49.7872 0.0016 49.7856
39 50 0.048 49.952
30 50 0.048 49.952
40 49.952 0.0048 49.9472
40 50 0.048 49.952
30 49.952 0.0048 49.9472
33 50 0.048 49.952
33 49.952 0.0048 49.9472
33 49.9472 0.16 49.7872
33 49.7872 0.0016 49.7856
41 50 0.048 49.952
44 49.9952 0.048 49.9472
34 49.9952 0.0048 49.9904
26 50 0.048 49.952
27 50 0.048 49.952
34 49.9904 0.048 49.9424
44 50 0.0048 49.9952
31 50 0.048 49.952
28 50 0.048 49.952
39 50 0.048 49.952
30 50 0.048 49.952
40 50 0.048 49.952
41 50 0.048 49.952
44 49.9952 0.048 49.9472
34 50 0.0048 49.9952
26 50 0.048 49.952
27 50 0.048 49.952
34 49.9952 0.048 49.9472
28 50 0.0048 49.9952
44 50 0.0048 49.9952
31 50 0.048 49.952
28 49.9952 0.048 49.9472
34 50 0.0048 49.9952
39 50 0.048 49.952
30 50 0.048 49.952
40 50 0.048 49.952
41 50 0.048 49.952
44 49.9952 0.048 49.9472
34 49.9952 0.0048 49.9904
26 50 0.048 49.952
27 50 0.048 49.952
34 49.9904 0.048 49.9424
31 50 0.048 49.952
28 50 0.048 49.952
39 50 0.048 49.952
30 50 0.048 49.952
40 49.952 0.0048 49.9472
40 50 0.048 49.952
30 49.952 0.0048 49.9472
41 50 0.048 49.952
44 50 0.048 49.952
26 50 0.048 49.952
27 50 0.048 49.952
34 50 0.048 49.952
31 50 0.048 49.952
28 50 0.048 49.952
39 50 0.048 49.952
30 50 0.048 49.952
40 50 0.048 49.952
29 50 0.048 49.952
41 50 0.048 49.952
44 50 0.048 49.952
26 50 0.048 49.952
27 50 0.048 49.952
34 50 0.048 49.952
31 50 0.048 49.952
28 50 0.048 49.952
28 49.952 0.0048 49.9472
28 49.9472 0.16 49.7872
28 49.7872 0.0016 49.7856
25 50 0.016 49.984
25 49.984 0.016 49.968
25 49.968 0.048 49.92
28 49.7856 0.048 49.7376
39 50 0.048 49.952
30 50 0.048 49.952
40 50 0.048 49.952
29 50 0.048 49.952
41 50 0.048 49.952
44 50 0.048 49.952
26 50 0.048 49.952
27 50 0.048 49.952
34 50 0.048 49.952
31 50 0.048 49.952
25 50 0.048 49.952
28 50 0.048 49.952
39 50 0.048 49.952
30 50 0.048 49.952
40 50 0.048 49.952
29 50 0.048 49.952
41 50 0.048 49.952
44 50 0.048 49.952
26 50 0.048 49.952
27 50 0.048 49.952
34 50 0.048 49.952
28 50 0.0048 49.9952
31 50 0.048 49.952
25 50 0.048 49.952
28 49.9952 0.048 49.9472
34 50 0.0048 49.9952
39 50 0.048 49.952
30 50 0.048 49.952
30 49.952 0.0048 49.9472
30 49.9472 0.16 49.7872
30 49.7872 0.0016 49.7856
40 50 0.048 49.952
29 50 0.048 49.952
41 50 0.048 49.952
44 50 0.048 49.952
26 50 0.048 49.952
27 50 0.048 49.952
27 49.952 0.0048 49.9472
27 49.9472 0.16 49.7872
27 49.7872 0.0016 49.7856
34 49.9952 0.048 49.9472
28 50 0.0048 49.9952
31 50 0.048 49.952
31 49.952 0.0048 49.9472
31 49.9472 0.16 49.7872
31 49.7872 0.0016 49.7856
42 50 0.016 49.984
42 49.984 0.016 49.968
42 49.968 0.048 49.92
36 50 0.0048 49.9952
36 49.9952 0.048 49.9472
42 49.92 0.0048 49.9152
42 49.9152 0.16 49.7552
36 49.9472 0.016 49.9312
36 49.9312 0.016 49.9152
42 49.7552 0.0016 49.7536
36 49.9152 0.048 49.8672
42 49.7536 0.0048 49.7488
25 50 0.048 49.952
28 49.9952 0.048 49.9472
34 50 0.0048 49.9952
39 50 0.048 49.952
40 50 0.048 49.952
30 50 0.0048 49.9952
30 49.9952 0.048 49.9472
40 49.952 0.0048 49.9472
40 49.9472 0.16 49.7872
30 49.9472 0.016 49.9312
30 49.9312 0.016 49.9152
40 49.7872 0.0016 49.7856
30 49.9152 0.048 49.8672
40 49.7856 0.0048 49.7808
29 50 0.048 49.952
41 50 0.048 49.952
44 50 0.048 49.952
26 50 0.048 49.952
34 49.9952 0.048 49.9472
36 50 0.048 49.952
42 49.9529 0.0048 49.9481
25 50 0.048 49.952
28 50 0.048 49.952
28 49.952 0.0048 49.9472
28 49.9472 0.16 49.7872
28 49.7872 0.0016 49.7856
39 50 0.048 49.952
30 50 0.048 49.952
29 50 0.048 49.952
41 50 0.048 49.952
44 50 0.048 49.952
26 50 0.048 49.952
34 50 0.048 49.952
36 50 0.048 49.952
42 50 0.0048 49.9952
25 50 0.048 49.952
39 50 0.048 49.952
30 50 0.048 49.952
40 50 0.0048 49.9952
29 50 0.048 49.952
41 50 0.048 49.952
44 50 0.048 49.952
26 50 0.048 49.952
34 50 0.048 49.952
28 50 0.0048 49.9952
28 49.9952 0.048 49.9472
34 49.952 0.0096 49.9424
34 49.9424 0.16 49.7824
34 49.7824 0.0016 49.7808
28 49.9472 0.016 49.9312
28 49.9312 0.016 49.9152
28 49.9152 0.048 49.8672
34 49.7808 0.0048 49.776
36 50 0.048 49.952
25 50 0.048 49.952
39 50 0.048 49.952
30 50 0.048 49.952
40 50 0.0048 49.9952
30 49.952 0.0048 49.9472
30 49.9472 0.16 49.7872
30 49.7872 0.0016 49.7856
29 50 0.048 49.952
41 50 0.048 49.952
44 50 0.048 49.952
34 50 0.0048 49.9952
34 49.9952 0.048 49.9472
44 49.952 0.0048 49.9472
44 49.9472 0.16 49.7872
34 49.9472 0.016 49.9312
34 49.9312 0.016 49.9152
44 49.7872 0.0016 49.7856
34 49.9152 0.048 49.8672
28 50 0.0048 49.9952
44 49.7856 0.0048 49.7808
26 50 0.048 49.952
28 49.9952 0.048 49.9472
34 49.8672 0.0048 49.8624
44 49.9567 0.0048 49.9519
36 50 0.048 49.952
42 50 0.0048 49.9952
25 50 0.048 49.952
39 50 0.048 49.952
29 50 0.048 49.952
41 50 0.048 49.952
34 50 0.048 49.952
28 50 0.0048 49.9952
44 49.9519 0.0048 49.9471
26 50 0.048 49.952
28 49.9952 0.048 49.9472
34 49.952 0.0048 49.9472
44 50 0.0048 49.9952
28 49.9472 0.0048 49.9424
28 49.9424 0.16 49.7824
28 49.7824 0.0016 49.7808
40 50 0.016 49.984
40 49.984 0.016 49.968
40 49.968 0.048 49.92
36 50 0.048 49.952
25 50 0.048 49.952
39 50 0.048 49.952
29 50 0.048 49.952
41 50 0.048 49.952
34 50 0.048 49.952
28 50 0.0048 49.9952
28 49.9952 0.048 49.9472
44 49.9952 0.0048 49.9904
34 49.952 0.0048 49.9472
34 49.9472 0.16 49.7872
28 49.9472 0.016 49.9312
28 49.9312 0.016 49.9152
34 49.7872 0.0016 49.7856
28 49.9152 0.048 49.8672
34 49.7856 0.0048 49.7808
44 49.9904 0.0048 49.9856
26 50 0.048 49.952
40 50 0.048 49.952
36 50 0.048 49.952
25 50 0.048 49.952
25 49.952 0.0048 49.9472
25 49.9472 0.16 49.7872
25 49.7872 0.0016 49.7856
39 50 0.048 49.952
29 50 0.048 49.952
41 50 0.048 49.952
28 50 0.048 49.952
34 50 0.0048 49.9952
26 50 0.048 49.952
40 50 0.048 49.952
36 50 0.048 49.952
39 50 0.048 49.952
29 50 0.048 49.952
41 50 0.048 49.952
28 50 0.048 49.952
34 50 0.0048 49.9952
44 50 0.0048 49.9952
26 50 0.048 49.952
40 50 0.048 49.952
36 50 0.048 49.952
42 50 0.0048 49.9952
36 49.952 0.0048 49.9472
36 49.9472 0.16 49.7872
36 49.7872 0.0016 49.7856
35 50 0.016 49.984
35 49.984 0.016 49.968
35 49.968 0.048 49.92
39 50 0.048 49.952
42 49.9952 0.048 49.9472
36 49.7856 0.0048 49.7808
36 49.7808 0.048 49.7328
42 49.9472 0.0048 49.9424
42 49.9424 0.16 49.7824
36 49.7328 0.016 49.7168
36 49.7168 0.016 49.7008
42 49.7824 0.0016 49.7808
36 49.7008 0.048 49.6528
42 49.7808 0.0048 49.776
29 50 0.048 49.952
41 50 0.048 49.952
28 50 0.048 49.952
34 50 0.0048 49.9952
44 50 0.0048 49.9952
26 50 0.048 49.952
40 50 0.048 49.952
35 50 0.048 49.952
39 50 0.048 49.952
36 49.9863 0.048 49.9383
42 50 0.0048 49.9952
29 50 0.048 49.952
41 50 0.048 49.952
28 50 0.048 49.952
34 50 0.0048 49.9952
44 50 0.0048 49.9952
26 50 0.048 49.952
40 50 0.048 49.952
32 50 0.048 49.952
35 50 0.048 49.952
39 50 0.048 49.952
36 50 0.048 49.952
42 50 0.0048 49.9952
36 49.952 0.0048 49.9472
36 49.9472 0.16 49.7872
36 49.7872 0.0016 49.7856
37 50 0.016 49.984
37 49.984 0.016 49.968
37 49.968 0.048 49.92
29 50 0.048 49.952
41 50 0.048 49.952
28 50 0.048 49.952
34 50 0.0048 49.9952
44 50 0.0048 49.9952
26 50 0.048 49.952
40 50 0.048 49.952
32 50 0.048 49.952
35 50 0.048 49.952
39 50 0.048 49.952
37 50 0.048 49.952
29 50 0.048 49.952
41 50 0.048 49.952
28 50 0.048 49.952
34 50 0.0048 49.9952
26 50 0.048 49.952
40 50 0.048 49.952
30 50 0.0048 49.9952
30 49.9952 0.048 49.9472
40 49.952 0.0096 49.9424
40 49.9424 0.16 49.7824
40 49.7824 0.0016 49.7808
30 49.9472 0.016 49.9312
30 49.9312 0.016 49.9152
30 49.9152 0.048 49.8672
40 49.7808 0.0048 49.776
32 50 0.048 49.952
35 50 0.048 49.952
39 50 0.048 49.952
37 50 0.048 49.952
29 50 0.048 49.952
41 50 0.048 49.952
28 50 0.048 49.952
34 50 0.0048 49.9952
44 50 0.0048 49.9952
26 50 0.048 49.952
30 50 0.048 49.952
32 50 0.048 49.952
35 50 0.048 49.952
39 50 0.048 49.952
37 50 0.048 49.952
29 50 0.048 49.952
43 50 0.048 49.952
41 50 0.048 49.952
27 50 0.048 49.952
28 50 0.048 49.952
34 50 0.0048 49.9952
44 50 0.0048 49.9952
26 50 0.048 49.952
26 49.952 0.0048 49.9472
26 49.9472 0.16 49.7872
26 49.7872 0.0016 49.7856
30 50 0.048 49.952
32 50 0.048 49.952
35 50 0.048 49.952
39 50 0.048 49.952
37 50 0.048 49.952
29 50 0.048 49.952
43 50 0.048 49.952
41 50 0.048 49.952
27 50 0.048 49.952
28 50 0.048 49.952
34 50 0.0048 49.9952
33 50 0.048 49.952
30 50 0.048 49.952
32 50 0.048 49.952
35 50 0.048 49.952
39 50 0.048 49.952
37 50 0.048 49.952
29 50 0.048 49.952
43 50 0.048 49.952
41 50 0.048 49.952
27 50 0.048 49.952
28 50 0.048 49.952
34 50 0.0048 49.9952
33 50 0.048 49.952
30 50 0.048 49.952
32 50 0.048 49.952
35 50 0.048 49.952
25 50 0.048 49.952
39 50 0.048 49.952
37 50 0.048 49.952
29 50 0.048 49.952
43 50 0.048 49.952
41 50 0.048 49.952
27 50 0.048 49.952
28 50 0.048 49.952
34 50 0.0048 49.9952
44 50 0.0048 49.9952
33 50 0.048 49.952
30 50 0.048 49.952
40 50 0.0048 49.9952
32 50 0.048 49.952
35 50 0.048 49.952
25 50 0.048 49.952
39 50 0.048 49.952
37 50 0.048 49.952
29 50 0.048 49.952
43 50 0.048 49.952
41 50 0.048 49.952
27 50 0.048 49.952
28 50 0.048 49.952
34 50 0.0048 49.9952
44 50 0.0048 49.9952
28 49.952 0.0048 49.9472
28 49.9472 0.16 49.7872
28 49.7872 0.0016 49.7856
33 50 0.048 49.952
30 50 0.048 49.952
32 50 0.048 49.952
35 50 0.048 49.952
25 50 0.048 49.952
39 50 0.048 49.952
37 50 0.048 49.952
29 50 0.048 49.952
43 50 0.048 49.952
41 50 0.048 49.952
27 50 0.048 49.952
33 50 0.048 49.952
30 50 0.048 49.952
32 50 0.048 49.952
35 50 0.048 49.952
25 50 0.048 49.952
25 49.952 0.0048 49.9472
25 49.9472 0.16 49.7872
25 49.7872 0.0016 49.7856
39 50 0.048 49.952
37 50 0.048 49.952
29 50 0.048 49.952
43 50 0.048 49.952
41 50 0.048 49.952
27 50 0.048 49.952
33 50 0.048 49.952
33 49.952 0.0048 49.9472
33 49.9472 0.16 49.7872
33 49.7872 0.0016 49.7856
30 50 0.048 49.952
30 49.952 0.0048 49.9472
30 49.9472 0.16 49.7872
30 49.7872 0.0016 49.7856
32 50 0.048 49.952
35 50 0.048 49.952
38 50 0.048 49.952
39 50 0.048 49.952
37 50 0.048 49.952
29 50 0.048 49.952
43 50 0.048 49.952
41 50 0.048 49.952
27 50 0.048 49.952
32 50 0.048 49.952
32 49.952 0.0048 49.9472
32 49.9472 0.16 49.7872
32 49.7872 0.0016 49.7856
35 50 0.048 49.952
38 50 0.048 49.952
38 49.952 0.0048 49.9472
38 49.9472 0.16 49.7872
38 49.7872 0.0016 49.7856
39 50 0.048 49.952
37 50 0.048 49.952
29 50 0.048 49.952
43 50 0.048 49.952
41 50 0.048 49.952
27 50 0.048 49.952
35 50 0.048 49.952
39 50 0.048 49.952
37 50 0.048 49.952
29 50 0.048 49.952
43 50 0.048 49.952
43 49.952 0.0048 49.9472
43 49.9472 0.16 49.7872
43 49.7872 0.0016 49.7856
41 50 0.048 49.952
27 50 0.048 49.952
35 50 0.048 49.952
39 50 0.048 49.952
37 50 0.048 49.952
29 50 0.048 49.952
41 50 0.048 49.952
27 50 0.048 49.952
35 50 0.048 49.952
39 50 0.048 49.952
37 50 0.048 49.952
29 50 0.048 49.952
31 50 0.048 49.952
41 50 0.048 49.952
41 49.952 0.0048 49.9472
41 49.9472 0.16 49.7872
41 49.7872 0.0016 49.7856
27 50 0.048 49.952
40 50 0.048 49.952
30 50 0.0048 49.9952
30 49.9952 0.048 49.9472
40 49.952 0.0048 49.9472
40 49.9472 0.16 49.7872
30 49.9472 0.016 49.9312
30 49.9312 0.016 49.9152
40 49.7872 0.0016 49.7856
30 49.9152 0.048 49.8672
40 49.7856 0.0048 49.7808
35 50 0.048 49.952
39 50 0.048 49.952
37 50 0.048 49.952
29 50 0.048 49.952
29 49.952 0.0048 49.9472
29 49.9472 0.16 49.7872
29 49.7872 0.0016 49.7856
31 50 0.048 49.952
27 50 0.048 49.952
30 50 0.048 49.952
40 49.9184 0.0048 49.9136
35 50 0.048 49.952
39 50 0.048 49.952
37 50 0.048 49.952
31 50 0.048 49.952
27 50 0.048 49.952
27 49.952 0.0048 49.9472
27 49.9472 0.16 49.7872
27 49.7872 0.0016 49.7856
30 50 0.048 49.952
35 50 0.048 49.952
39 50 0.048 49.952
37 50 0.048 49.952
31 50 0.048 49.952
30 50 0.048 49.952
40 50 0.0048 49.9952
35 50 0.048 49.952
39 50 0.048 49.952
37 50 0.048 49.952
31 50 0.048 49.952
30 50 0.048 49.952
40 50 0.0048 49.9952
30 49.952 0.0048 49.9472
30 49.9472 0.16 49.7872
30 49.7872 0.0016 49.7856
35 50 0.048 49.952
39 50 0.048 49.952
37 50 0.048 49.952
31 50 0.048 49.952
35 50 0.048 49.952
35 49.952 0.0048 49.9472
35 49.9472 0.16 49.7872
35 49.7872 0.0016 49.7856
39 50 0.048 49.952
37 50 0.048 49.952
31 50 0.048 49.952
39 50 0.048 49.952
37 50 0.048 49.952
31 50 0.048 49.952
31 49.952 0.0048 49.9472
31 49.9472 0.16 49.7872
31 49.7872 0.0016 49.7856
36 50 0.048 49.952
44 50 0.048 49.952
28 50 0.0048 49.9952
28 49.9952 0.048 49.9472
34 50 0.0048 49.9952
34 49.9952 0.048 49.9472
44 49.952 0.0096 49.9424
44 49.9424 0.16 49.7824
28 49.9472 0.016 49.9312
28 49.9312 0.016 49.9152
44 49.7824 0.0016 49.7808
28 49.9152 0.048 49.8672
34 49.9472 0.0048 49.9424
34 49.9424 0.048 49.8944
44 49.7808 0.0048 49.776
28 49.8672 0.0096 49.8576
28 49.8576 0.16 49.6976
28 49.6976 0.0016 49.696
39 50 0.048 49.952
37 50 0.048 49.952
37 49.952 0.0048 49.9472
37 49.9472 0.16 49.7872
37 49.7872 0.0016 49.7856
36 50 0.048 49.952
36 49.952 0.0048 49.9472
36 49.9472 0.16 49.7872
36 49.7872 0.0016 49.7856
39 50 0.048 49.952
34 50 0.048 49.952
44 50 0.0048 49.9952
44 49.9952 0.048 49.9472
34 49.952 0.0048 49.9472
34 49.9472 0.16 49.7872
44 49.9472 0.016 49.9312
44 49.9312 0.016 49.9152
34 49.7872 0.0016 49.7856
44 49.9152 0.048 49.8672
34 49.7856 0.0048 49.7808
39 50 0.048 49.952
44 50 0.048 49.952
28 50 0.0048 49.9952
28 49.9952 0.048 49.9472
34 50 0.0048 49.9952
44 49.952 0.0048 49.9472
44 49.9472 0.16 49.7872
28 49.9472 0.016 49.9312
28 49.9312 0.016 49.9152
44 49.7872 0.0016 49.7856
28 49.9152 0.048 49.8672
34 49.9952 0.0048 49.9904
44 49.7856 0.0048 49.7808
39 50 0.048 49.952
28 50 0.048 49.952
34 50 0.0048 49.9952
44 50 0.0048 49.9952
39 50 0.048 49.952
28 50 0.048 49.952
34 50 0.0048 49.9952
44 50 0.0048 49.9952
37 50 0.048 49.952
39 50 0.048 49.952
28 50 0.048 49.952
34 50 0.0048 49.9952
44 50 0.0048 49.9952
37 50 0.048 49.952
39 50 0.048 49.952
28 50 0.048 49.952
34 50 0.0048 49.9952
44 50 0.0048 49.9952
28 49.952 0.0048 49.9472
28 49.9472 0.16 49.7872
28 49.7872 0.0016 49.7856
37 50 0.048 49.952
37 49.952 0.0048 49.9472
37 49.9472 0.16 49.7872
37 49.7872 0.0016 49.7856
39 50 0.048 49.952
39 50 0.048 49.952
39 50 0.048 49.952
39 50 0.048 49.952
39 50 0.048 49.952
39 50 0.048 49.952
39 50 0.048 49.952
33 50 0.048 49.952
39 50 0.048 49.952
33 50 0.048 49.952
39 50 0.048 49.952
33 50 0.048 49.952
39 50 0.048 49.952
33 50 0.048 49.952
39 50 0.048 49.952
33 50 0.048 49.952
41 50 0.048 49.952
32 50 0.048 49.952
39 50 0.048 49.952
28 50 0.048 49.952
34 50 0.0048 49.9952
34 49.9952 0.048 49.9472
44 50 0.0048 49.9952
44 49.9952 0.048 49.9472
28 49.952 0.0096 49.9424
28 49.9424 0.16 49.7824
34 49.9472 0.016 49.9312
34 49.9312 0.016 49.9152
28 49.7824 0.0016 49.7808
34 49.9152 0.048 49.8672
28 49.7808 0.0048 49.776
44 49.9472 0.0048 49.9424
44 49.9424 0.048 49.8944
34 49.8672 0.0048 49.8624
34 49.8624 0.16 49.7024
44 49.8944 0.016 49.8784
44 49.8784 0.016 49.8624
34 49.7024 0.0016 49.7008
44 49.8624 0.048 49.8144
28 49.776 0.0048 49.7712
34 49.7008 0.0048 49.696
33 50 0.048 49.952
41 50 0.048 49.952
32 50 0.048 49.952
29 50 0.048 49.952
39 50 0.048 49.952
44 49.9842 0.048 49.9362
28 50 0.0048 49.9952
34 49.9392 0.0048 49.9344
44 49.9362 0.0048 49.9314
44 49.9314 0.16 49.7714
44 49.7714 0.0016 49.7698
33 50 0.048 49.952
33 49.952 0.0048 49.9472
33 49.9472 0.16 49.7872
33 49.7872 0.0016 49.7856
41 50 0.048 49.952
32 50 0.048 49.952
35 50 0.048 49.952
35 49.952 0.0048 49.9472
35 49.9472 0.16 49.7872
35 49.7872 0.0016 49.7856
29 50 0.048 49.952
39 50 0.048 49.952
41 50 0.048 49.952
32 50 0.048 49.952
29 50 0.048 49.952
39 50 0.048 49.952
41 50 0.048 49.952
32 50 0.048 49.952
42 50 0.048 49.952
29 50 0.048 49.952
39 50 0.048 49.952
41 50 0.048 49.952
30 50 0.048 49.952
32 50 0.048 49.952
32 49.952 0.0048 49.9472
32 49.9472 0.16 49.7872
32 49.7872 0.0016 49.7856
42 50 0.048 49.952
29 50 0.048 49.952
39 50 0.048 49.952
25 50 0.048 49.952
41 50 0.048 49.952
30 50 0.048 49.952
42 50 0.048 49.952
42 49.952 0.0048 49.9472
42 49.9472 0.16 49.7872
42 49.7872 0.0016 49.7856
29 50 0.048 49.952
39 50 0.048 49.952
25 50 0.048 49.952
41 50 0.048 49.952
30 50 0.048 49.952
29 50 0.048 49.952
39 50 0.048 49.952
25 50 0.048 49.952
41 50 0.048 49.952
30 50 0.048 49.952
29 50 0.048 49.952
39 50 0.048 49.952
25 50 0.048 49.952
41 50 0.048 49.952
30 50 0.048 49.952
29 50 0.048 49.952
39 50 0.048 49.952
25 50 0.048 49.952
41 50 0.048 49.952
30 50 0.048 49.952
29 50 0.048 49.952
40 50 0.048 49.952
39 50 0.048 49.952
39 49.952 0.0048 49.9472
39 49.9472 0.16 49.7872
39 49.7872 0.0016 49.7856
27 50 0.016 49.984
27 49.984 0.016 49.968
27 49.968 0.048 49.92
25 50 0.048 49.952
41 50 0.048 49.952
30 50 0.048 49.952
29 50 0.048 49.952
40 50 0.048 49.952
27 50 0.048 49.952
26 50 0.048 49.952
25 50 0.048 49.952
41 50 0.048 49.952
30 50 0.048 49.952
29 50 0.048 49.952
40 50 0.048 49.952
27 50 0.048 49.952
26 50 0.048 49.952
25 50 0.048 49.952
41 50 0.048 49.952
41 49.952 0.0048 49.9472
41 49.9472 0.16 49.7872
41 49.7872 0.0016 49.7856
30 50 0.048 49.952
29 50 0.048 49.952
29 49.952 0.0048 49.9472
29 49.9472 0.16 49.7872
29 49.7872 0.0016 49.7856
40 50 0.048 49.952
27 50 0.048 49.952
26 50 0.048 49.952
25 50 0.048 49.952
30 50 0.048 49.952
30 49.952 0.0048 49.9472
30 49.9472 0.16 49.7872
30 49.7872 0.0016 49.7856
40 50 0.048 49.952
27 50 0.048 49.952
43 50 0.048 49.952
26 50 0.048 49.952
25 50 0.048 49.952
