108 656
92 656
75 657
80 659
66 660
1 660
29 658
13 658
60 662
28 663
7 663
78 663
26 664
41 656
57 656
6 656
73 661
58 665
39 665
79 665
62 665
62 666
79 666
39 666
25 665
5 665
65 660
2 660
85 668
72 669
101 670
1 670
38 670
2 670
66 670
42 670
3 670
70 670
35 671
86 671
107 659
91 669
16 669
37 669
28 659
9 659
80 663
9 663
54 663
113 663
8 663
86 663
100 657
6 657
39 657
79 657
104 657
45 664
24 664
105 664
124 664
23 664
93 668
119 668
74 662
26 662
25 673
104 673
62 673
39 673
31 667
56 675
30 675
118 675
52 675
121 675
32 668
2 668
107 676
95 677
22 677
49 677
87 677
100 678
7 678
39 678
62 678
104 678
115 674
16 674
53 659
11 659
58 666
8 666
101 668
3 668
4 668
25 678
8 678
9 678
57 678
92 678
100 666
110 664
106 664
77 681
71 681
48 681
70 668
88 669
19 669
18 669
17 669
103 677
40 677
119 682
54 679
36 664
109 680
2 680
43 680
61 672
89 657
25 657
62 657
32 682
4 682
39 683
62 683
87 684
49 684
92 685
52 686
121 686
30 686
116 667
18 667
93 682
44 660
6 660
101 660
5 660
119 660
98 687
23 687
47 687
34 687
43 672
109 672
3 672
63 672
88 688
51 681
15 681
118 681
52 681
121 681
104 683
89 683
83 689
57 685
58 657
10 657
11 657
31 674
79 673
106 690
110 690
105 690
85 682
5 682
6 682
46 656
11 656
89 656
10 656
79 656
37 688
21 688
65 668
7 668
42 668
112 661
9 661
102 661
81 677
103 684
41 685
12 685
80 685
78 685
113 657
113 692
12 692
80 692
116 674
19 674
59 658
20 658
56 686
15 686
75 666
10 666
89 666
39 656
97 688
22 688
23 688
55 688
36 693
2 693
87 693
110 694
36 694
111 680
50 688
24 688
118 695
40 684
81 684
72 658
21 658
22 658
103 693
105 694
48 696
103 697
93 660
66 668
9 668
8 668
82 665
75 665
74 701
4 701
36 701
106 694
51 696
86 679
14 679
92 679
57 679
32 660
85 660
7 660
8 660
30 681
52 695
28 676
15 676
27 689
24 689
108 678
95 684
2 684
1 684
107 685
68 674
29 674
32 702
119 702
85 702
110 701
77 696
124 690
57 703
76 680
6 680
98 688
1 688
47 688
105 704
56 681
17 681
18 681
19 681
20 681
21 681
116 681
121 695
56 695
97 658
24 658
37 658
114 671
15 671
58 673
13 673
82 673
12 673
106 701
49 693
3 693
95 693
71 696
18 696
56 696
82 706
12 706
62 656
35 663
114 663
15 663
55 698
86 676
114 676
46 678
14 678
113 678
15 678
16 678
114 678
78 692
121 696
52 696
108 663
67 691
3 691
103 691
49 691
4 691
110 691
106 691
5 691
6 691
74 691
93 702
9 702
10 702
90 659
17 659
16 659
105 701
5 701
6 701
104 666
14 666
108 666
15 666
124 704
110 704
25 683
96 699
19 699
51 699
48 699
77 699
80 671
17 671
16 671
123 694
5 694
58 656
94 675
19 675
51 675
77 675
40 709
103 709
31 681
23 681
68 681
79 683
120 684
59 674
24 674
88 658
111 711
109 711
118 696
115 667
23 667
25 656
104 656
15 656
42 712
93 713
119 713
32 713
34 688
3 688
4 688
29 681
47 716
34 716
3 716
43 717
111 717
109 717
28 685
18 685
54 657
17 657
107 692
28 692
18 692
54 692
17 692
16 692
104 692
79 692
62 692
39 692
91 674
63 705
9 705
109 705
111 705
65 702
12 702
89 673
15 673
16 673
17 673
81 693
5 693
95 694
62 719
104 719
75 706
15 706
104 706
79 706
62 706
78 710
107 710
122 669
23 669
67 684
5 684
6 684
34 721
47 721
68 667
57 666
17 666
18 666
107 666
84 687
4 687
5 687
70 707
120 688
104 722
79 722
37 715
98 716
86 678
18 678
107 678
19 678
20 678
121 678
94 678
56 678
123 684
7 684
124 684
60 691
8 691
54 673
89 719
16 719
78 666
19 666
73 720
15 720
75 720
16 720
104 720
65 707
13 707
14 707
15 707
75 707
16 707
50 698
4 698
47 698
52 678
21 678
55 721
26 701
9 701
41 679
18 679
19 679
104 707
17 707
18 707
57 707
51 724
64 672
11 672
119 672
67 688
6 688
7 688
34 698
5 698
35 676
19 676
94 726
121 726
56 726
61 717
10 717
74 717
108 671
33 700
4 700
86 673
81 694
7 694
96 696
22 696
92 703
114 708
107 679
20 679
89 720
17 720
18 720
112 714
32 672
87 697
8 697
86 708
20 708
39 706
18 706
82 656
17 656
49 709
87 709
8 709
67 709
7 709
77 724
23 724
98 698
6 698
7 698
62 722
99 661
16 661
17 661
104 661
62 661
18 661
84 716
6 716
69 670
15 670
105 684
110 684
9 684
10 684
124 691
102 718
43 705
61 705
11 705
12 705
13 705
60 701
10 701
103 694
49 694
78 676
21 676
22 676
121 676
23 676
77 676
51 676
24 676
80 657
119 705
45 662
11 662
111 662
61 662
79 719
19 719
20 719
38 660
15 660
66 712
16 712
48 675
24 675
23 675
22 675
67 698
8 698
59 681
3 681
4 681
39 722
19 722
20 722
21 722
22 722
23 722
121 722
44 668
26 717
74 684
105 691
10 691
11 691
12 691
111 691
43 662
35 673
21 673
22 673
23 673
86 719
107 708
22 708
23 708
24 708
77 708
51 708
54 666
21 666
95 687
9 687
123 688
10 688
110 688
37 681
5 681
38 668
16 668
17 668
109 662
13 662
53 686
23 686
24 686
36 690
11 690
29 667
59 667
4 667
5 667
81 697
48 708
31 730
116 730
3 730
105 688
36 688
11 688
12 688
111 688
13 688
106 704
36 704
11 704
12 704
111 704
13 704
27 681
102 668
18 668
19 668
104 668
62 668
79 668
39 668
20 668
21 668
64 725
14 725
71 699
60 728
90 685
23 685
61 691
13 691
14 691
25 692
20 692
21 692
22 692
23 692
77 686
35 719
22 719
23 719
24 719
114 679
46 663
21 663
39 663
79 663
54 668
22 668
55 716
8 716
119 725
15 725
16 725
53 685
24 685
42 702
66 702
18 702
121 673
101 682
16 682
17 682
42 682
66 682
18 682
84 698
9 698
10 698
103 698
11 698
110 698
106 698
105 698
12 698
58 683
21 683
56 722
88 715
6 715
7 715
45 717
13 717
105 717
110 717
106 717
74 728
45 728
13 728
110 728
106 728
105 728
12 728
103 728
49 728
11 728
68 727
5 727
116 727
40 693
11 693
12 693
110 693
106 693
37 667
86 666
114 666
23 666
24 666
62 663
58 663
73 714
20 714
60 698
46 683
22 683
23 683
114 683
54 683
107 729
24 729
114 729
88 667
7 667
8 667
9 667
98 667
84 667
10 667
53 666
112 656
92 720
23 720
109 688
15 688
44 725
18 725
101 725
115 669
5 669
90 692
102 702
20 702
57 671
92 671
23 671
97 700
8 700
71 686
2 686
55 667
34 667
38 682
89 706
22 706
114 720
24 720
107 720
85 713
17 713
41 707
93 672
85 672
17 672
18 672
91 723
7 723
65 670
19 670
20 670
100 665
22 665
72 674
7 674
37 674
8 674
32 705
93 705
112 702
21 702
100 702
22 702
50 721
10 721
51 686
3 686
108 703
73 656
21 656
22 656
101 713
18 713
19 713
66 713
42 713
20 713
80 675
92 707
24 707
43 704
109 704
16 704
17 704
119 704
93 704
63 662
17 662
47 667
11 667
70 660
20 660
25 663
65 713
28 710
1 710
32 704
18 704
26 684
78 657
1 657
79 702
58 706
96 724
101 704
19 704
20 704
66 704
21 704
74 698
29 732
52 726
3 726
36 717
15 717
104 665
24 665
23 665
64 691
18 691
109 691
98 721
119 662
93 662
119 733
87 694
25 706
24 706
23 706
35 679
1 679
114 707
35 707
1 707
33 716
11 716
10 716
9 716
72 716
68 723
8 723
77 726
118 678
4 678
81 728
14 728
15 728
85 705
19 705
39 702
104 702
25 702
46 671
88 700
93 733
57 735
89 663
38 672
21 672
83 681
11 681
27 715
83 715
11 715
10 715
9 715
93 737
58 702
84 721
13 721
12 721
83 721
69 712
22 712
120 709
14 709
13 709
47 709
82 714
24 714
66 672
25 738
62 738
39 738
79 738
33 681
12 681
13 681
54 729
107 657
3 657
2 657
119 737
20 737
39 739
28 734
50 667
13 667
78 679
42 660
23 660
22 660
34 709
55 709
67 687
116 669
9 669
64 705
20 705
21 705
22 705
89 739
79 739
1 739
25 739
107 734
96 740
92 735
2 735
79 735
104 663
1 663
120 687
15 687
58 738
104 738
1 738
54 741
3 741
2 741
58 741
79 741
1 741
102 670
24 670
60 717
18 717
17 717
103 717
66 742
78 734
4 734
94 696
6 696
5 696
107 696
78 696
4 696
118 740
6 740
118 743
89 735
104 735
58 735
73 706
38 712
23 712
24 712
80 710
4 710
54 710
75 661
1 661
2 661
58 661
51 726
7 726
57 657
99 718
62 739
58 739
2 739
40 694
17 694
67 694
16 694
52 740
56 740
41 703
3 703
2 703
58 703
39 735
33 667
14 667
15 667
16 667
28 679
117 680
108 707
3 707
2 707
71 724
7 724
6 724
56 724
69 672
24 672
33 745
14 745
86 683
4 683
28 683
78 683
79 661
30 695
49 717
35 729
4 729
28 729
112 665
92 657
41 657
32 662
22 662
96 743
7 743
80 679
5 679
4 679
3 679
79 679
122 730
10 730
9 730
8 730
71 730
81 687
17 687
49 687
114 710
35 710
65 704
24 704
34 745
15 745
16 745
84 745
77 678
87 728
18 728
42 742
73 665
1 665
42 665
76 711
21 711
105 693
19 693
121 740
7 740
8 740
25 735
3 735
4 735
5 735
35 735
67 667
17 667
103 687
18 687
89 707
25 707
109 744
108 657
4 657
5 657
114 657
63 737
22 737
113 659
5 659
6 659
7 659
121 659
123 690
19 690
18 690
17 690
95 697
18 697
106 687
105 687
52 724
107 683
80 683
6 683
113 683
5 683
92 683
57 683
39 661
72 723
13 723
76 744
22 744
78 729
80 729
6 729
43 691
22 691
64 662
23 662
24 662
56 659
52 659
75 739
3 739
4 739
5 739
6 739
78 739
28 739
60 693
77 740
9 740
10 740
11 740
12 740
84 690
62 703
4 703
5 703
6 703
7 703
52 703
8 703
77 703
9 703
10 703
11 703
12 703
13 703
49 697
19 697
20 697
21 697
44 682
58 679
39 679
70 713
79 707
4 707
58 707
121 724
8 724
9 724
10 724
11 724
12 724
13 724
14 724
15 724
47 745
17 745
18 745
19 745
123 745
106 745
20 745
103 745
25 661
4 661
63 744
23 744
24 744
93 744
106 748
56 749
52 749
97 674
15 674
14 674
13 674
12 674
11 674
10 674
30 743
52 743
62 679
102 712
2 712
65 712
1 712
39 707
94 695
9 695
121 749
30 749
9 749
112 750
3 750
76 691
23 691
24 691
56 743
121 743
9 743
8 743
107 743
78 743
110 687
21 687
26 698
22 698
21 698
20 698
108 683
59 732
14 732
47 751
36 728
21 728
20 728
19 728
77 674
117 711
23 711
85 733
90 696
8 696
46 736
6 736
108 736
119 744
29 669
94 749
10 749
11 749
12 749
13 749
14 749
15 749
16 749
17 749
42 752
93 691
27 721
17 721
28 743
25 679
6 679
96 730
94 730
30 730
83 724
52 754
10 754
11 754
12 754
13 754
14 754
15 754
16 754
17 754
18 754
19 754
49 745
21 745
105 745
36 745
22 745
23 745
24 745
95 698
51 695
77 695
11 695
35 657
8 657
114 696
60 697
23 697
24 697
70 712
3 712
4 712
61 680
24 680
63 745
36 756
106 756
110 756
32 737
1 737
37 700
17 700
16 700
15 700
14 700
13 700
12 700
48 686
12 686
116 703
15 703
100 656
6 656
5 656
111 746
61 746
121 730
56 730
57 736
92 736
8 736
103 755
49 755
22 755
21 755
20 755
65 753
74 693
24 693
78 757
54 735
9 735
72 732
17 732
68 715
16 715
72 715
17 715
18 715
19 715
20 715
21 715
22 715
96 695
12 695
13 695
14 695
15 695
16 695
118 726
12 726
11 726
10 726
9 726
71 674
96 674
77 700
71 700
80 739
10 739
9 739
8 739
7 739
31 727
16 727
15 727
14 727
13 727
12 727
48 727
122 740
15 740
14 740
13 740
78 735
80 735
10 735
11 735
121 735
75 747
100 747
7 747
25 747
39 747
58 747
59 669
17 669
49 758
23 758
26 711
74 711
33 721
20 721
19 721
18 721
47 754
21 754
89 661
8 661
46 661
9 661
92 661
94 686
13 686
14 686
15 686
16 686
17 686
18 686
29 703
18 703
87 687
24 687
38 704
5 704
4 704
57 661
116 695
17 695
103 758
59 721
96 700
51 727
77 727
71 727
107 757
12 757
11 757
90 743
12 743
11 743
10 743
102 656
7 656
8 656
9 656
117 746
2 746
113 729
11 729
10 729
58 729
39 729
60 711
1 711
2 711
37 732
20 732
21 732
67 728
24 728
23 728
22 728
124 701
1 701
35 696
12 696
43 746
109 746
36 687
110 759
36 759
89 760
10 760
39 760
70 753
7 753
8 753
53 734
14 734
56 734
80 696
13 696
72 686
20 686
21 686
48 740
80 762
13 762
14 762
78 762
107 762
52 730
15 730
16 730
17 730
18 730
19 730
62 707
11 707
12 707
27 724
22 724
23 724
24 724
83 732
27 732
22 732
23 732
24 732
122 695
18 695
19 695
20 695
45 684
3 684
58 760
62 760
11 760
12 760
13 760
78 760
121 734
52 734
15 734
16 734
48 734
77 734
51 740
16 740
17 740
18 740
19 740
57 757
30 735
104 679
11 679
12 679
13 679
14 679
79 747
114 736
123 748
2 748
25 729
61 711
4 711
5 711
32 711
6 711
7 711
37 686
22 686
23 686
24 686
56 735
75 656
11 656
104 764
25 764
39 764
79 729
104 729
87 758
2 758
3 758
45 758
101 705
7 705
8 705
9 705
38 711
8 711
64 737
6 737
5 737
116 740
20 740
21 740
22 740
98 690
92 757
13 757
14 757
15 757
52 735
16 735
15 735
14 735
90 762
15 762
16 762
56 762
30 762
121 762
44 704
8 704
9 704
58 764
106 759
3 759
4 759
47 728
107 760
34 761
118 674
17 674
48 674
65 711
9 711
94 700
56 700
121 700
28 696
15 696
16 696
17 696
18 696
19 696
80 757
46 743
13 743
63 766
49 748
51 674
18 674
26 758
5 758
61 758
29 721
22 721
23 721
24 721
71 734
51 734
18 734
17 734
57 743
52 762
17 762
18 762
119 765
69 713
10 713
9 713
86 710
15 710
14 710
39 710
58 710
67 724
2 724
1 724
35 736
86 736
15 736
78 736
41 683
14 683
15 683
108 661
41 661
14 661
13 661
45 759
26 759
5 759
71 767
18 767
52 767
89 729
13 729
14 729
60 684
5 684
4 684
106 684
66 752
69 752
10 752
9 752
8 752
117 758
6 758
7 758
43 758
30 700
28 757
16 757
112 712
12 712
13 712
58 712
39 712
95 715
3 715
84 751
93 752
109 737
7 737
92 743
108 743
41 743
15 743
16 743
51 762
77 762
117 769
62 747
14 747
15 747
57 747
92 747
108 747
79 764
62 764
14 764
15 764
57 764
92 764
64 766
8 766
7 766
45 766
103 748
121 767
56 767
115 731
22 731
21 731
20 731
48 731
51 731
118 734
19 734
20 734
21 734
22 734
23 734
50 709
2 709
1 709
34 724
50 724
107 736
72 695
24 695
23 695
74 759
55 755
34 755
58 771
62 771
96 727
29 734
24 734
123 763
106 763
116 770
23 770
24 770
62 772
25 712
104 710
108 764
16 764
17 764
18 764
19 764
56 764
49 715
5 715
105 756
6 756
49 756
5 756
67 756
4 756
3 756
34 756
57 773
16 773
79 771
70 705
118 727
20 727
19 727
18 727
17 727
72 734
68 703
24 703
58 772
39 771
110 763
37 740
1 740
79 772
39 772
16 772
17 772
71 762
118 762
62 712
79 712
16 712
17 712
18 712
19 712
56 712
20 712
121 764
20 764
21 764
98 751
4 751
3 751
27 751
111 758
9 758
10 758
63 758
69 705
66 705
13 705
12 705
43 737
111 737
9 737
10 737
11 737
86 757
18 757
19 757
20 757
114 735
86 735
18 735
19 735
51 712
32 765
11 765
10 765
112 775
15 775
14 775
13 775
66 775
25 710
62 710
47 724
4 724
5 724
28 736
19 736
20 736
48 764
51 764
71 764
31 669
60 759
8 759
7 759
6 759
104 771
77 731
29 770
1 770
2 770
3 770
4 770
76 746
10 746
11 746
33 754
4 754
121 736
21 736
22 736
48 736
77 736
88 723
2 723
3 723
4 723
47 723
84 723
98 723
5 723
6 723
40 717
7 717
8 717
50 755
47 755
84 755
98 755
5 755
4 755
36 684
8 684
9 684
64 758
11 758
12 758
13 758
44 711
13 711
14 711
101 737
12 737
13 737
93 768
34 770
50 770
47 770
84 770
68 669
1 669
2 669
3 669
4 669
5 669
47 669
54 726
19 726
20 726
86 726
73 750
16 750
15 750
14 750
13 750
49 759
46 729
18 729
17 729
56 757
98 770
6 770
38 713
14 713
15 713
16 713
17 713
39 713
104 713
113 707
51 736
23 736
24 736
84 669
98 669
6 669
47 776
6 776
66 711
15 711
16 711
17 711
82 739
17 739
18 739
19 739
20 739
71 731
23 731
105 763
96 762
23 762
22 762
63 765
81 698
8 698
7 698
6 698
94 674
23 674
27 754
5 754
100 661
18 661
17 661
95 723
83 751
5 751
6 751
7 751
30 767
23 767
51 767
24 767
77 767
90 760
22 760
21 760
20 760
19 760
56 731
120 694
8 694
9 694
10 694
11 694
36 763
10 763
9 763
61 769
111 769
43 769
109 769
59 730
118 764
68 777
81 723
9 723
10 723
106 723
36 723
40 759
9 759
10 759
11 759
12 759
119 752
14 752
15 752
16 752
17 752
18 752
19 752
65 705
16 705
17 705
18 705
50 776
7 776
111 778
43 778
109 778
13 778
12 778
11 778
78 779
28 779
76 769
13 769
14 769
32 746
14 746
15 746
38 746
16 746
124 687
11 687
10 687
9 687
8 687
7 687
6 687
34 669
87 748
10 748
11 748
60 748
33 755
7 755
6 755
27 755
99 774
18 774
17 774
92 773
21 773
22 773
42 753
17 753
16 753
15 753
25 771
20 771
21 771
84 776
8 776
75 711
101 768
15 768
16 768
17 768
42 768
57 727
21 727
25 727
45 694
12 694
13 694
111 694
121 757
24 757
64 765
14 765
76 765
63 769
58 713
103 715
50 669
8 669
74 748
12 748
61 759
78 773
23 773
39 727
30 731
49 763
53 762
24 762
113 780
22 780
23 780
45 748
13 748
93 750
66 768
18 768
19 768
105 778
106 778
36 778
40 763
11 763
12 763
13 763
60 763
64 769
15 769
93 769
16 769
17 769
18 769
25 713
21 713
20 713
79 710
21 710
20 710
19 710
35 683
23 683
22 683
110 723
12 723
13 723
85 744
16 744
17 744
18 744
19 744
20 744
61 748
14 748
114 726
23 726
97 749
7 749
6 749
5 749
101 750
86 739
58 727
79 727
80 743
24 743
53 743
107 779
42 769
73 710
78 780
85 750
39 782
25 782
22 782
29 730
6 730
7 730
8 730
60 723
14 723
15 723
16 723
63 723
119 750
17 750
18 750
19 750
20 750
21 750
22 750
39 750
77 784
51 784
27 730
9 730
58 750
25 750
23 750
24 750
27 785
9 785
10 785
55 756
10 756
84 756
104 727
23 727
22 727
66 769
20 769
19 769
40 786
86 750
47 756
36 783
105 783
106 783
32 753
119 753
18 753
19 753
85 753
70 758
20 758
19 758
18 758
17 758
32 758
82 768
22 768
21 768
20 768
114 739
80 779
1 779
65 746
20 746
19 746
18 746
37 754
9 754
10 754
11 754
94 764
3 764
76 748
17 748
18 748
111 759
76 759
17 759
18 759
19 759
20 759
21 759
22 759
23 759
25 759
83 755
10 755
9 755
8 755
59 755
70 768
124 778
15 778
16 778
96 757
90 779
2 779
3 779
35 726
1 726
44 737
20 737
21 737
22 737
57 782
43 694
74 763
16 763
94 757
4 757
51 757
107 780
2 780
3 780
32 748
19 748
20 748
123 717
110 783
46 760
89 752
104 752
58 752
39 752
92 771
1 771
86 771
60 778
76 694
18 694
17 694
16 694
15 694
45 763
17 763
18 763
111 763
77 757
5 757
6 757
7 757
103 789
15 789
14 789
13 789
12 789
47 789
71 784
5 784
94 784
56 779
4 779
77 779
5 779
6 779
7 779
8 779
9 779
87 715
15 715
14 715
49 788
15 788
67 751
14 751
49 751
15 751
16 751
36 751
105 751
44 748
21 748
22 748
123 783
16 783
49 783
15 783
14 783
13 783
57 760
1 760
79 760
90 791
3 791
43 763
118 784
109 765
43 765
106 792
81 786
31 777
9 777
8 777
7 777
6 777
5 777
94 777
110 751
50 785
13 785
12 785
11 785
25 752
78 791
107 791
42 737
51 787
33 730
13 730
14 730
15 730
55 754
103 788
16 788
26 766
18 766
106 766
105 766
17 766
16 766
104 760
28 773
90 773
4 773
5 773
34 776
74 778
18 778
110 778
17 778
121 731
5 731
4 731
78 731
28 731
76 763
108 772
112 710
50 754
14 754
15 754
16 754
53 780
5 780
123 751
70 790
23 790
22 790
56 773
80 791
4 791
5 791
113 739
73 727
71 787
122 794
9 794
8 794
7 794
6 794
111 765
20 765
45 765
19 765
101 769
41 747
3 747
86 747
64 723
21 723
87 788
17 788
18 788
105 788
123 788
106 751
18 751
19 751
66 748
24 748
124 717
18 717
19 717
20 717
21 717
29 755
11 755
98 756
15 756
47 783
35 771
50 796
34 796
15 796
16 796
69 775
24 775
36 792
91 716
12 716
13 716
14 716
15 716
16 716
17 716
102 737
65 768
24 768
112 727
1 727
92 772
59 779
64 717
22 717
23 717
93 753
101 753
23 753
22 753
119 758
93 758
88 781
13 781
29 781
12 781
11 781
10 781
9 781
8 781
7 781
6 781
5 781
4 781
3 781
84 789
16 789
34 789
96 784
8 784
7 784
6 784
35 784
105 792
123 792
40 715
18 715
17 715
16 715
118 777
110 788
19 788
20 788
36 788
46 793
4 793
3 793
58 793
112 800
53 791
7 791
6 791
100 711
3 711
54 739
5 739
86 784
72 779
13 779
85 769
59 799
13 799
103 754
19 754
20 754
110 754
98 783
17 783
18 783
19 783
62 729
4 729
3 729
76 801
111 801
79 752
4 752
121 773
8 773
39 793
62 793
35 791
49 778
19 778
81 766
19 766
20 766
37 798
15 798
16 798
72 799
14 799
83 785
16 785
17 785
38 774
1 774
2 774
79 793
104 793
5 793
89 781
104 781
62 781
58 781
79 781
78 803
107 803
29 779
14 779
56 794
57 793
6 793
118 802
10 802
11 802
114 771
7 771
8 771
53 771
9 771
80 803
8 803
9 803
50 789
18 789
19 789
54 784
91 779
15 779
16 779
113 747
30 764
10 764
11 764
12 764
122 764
13 764
106 788
22 788
23 788
26 788
33 756
18 756
19 756
51 802
52 700
10 700
11 700
27 798
69 804
66 804
67 789
20 789
60 797
23 797
24 797
115 695
14 695
15 695
49 766
21 766
68 749
15 749
16 749
59 749
84 785
86 791
8 791
53 803
10 803
30 803
37 779
17 779
27 779
18 779
119 769
1 769
2 769
93 805
95 786
21 786
22 786
123 786
105 786
106 786
98 785
20 785
21 785
43 801
25 760
7 760
8 760
35 760
94 773
56 771
30 771
11 771
12 771
39 781
52 803
11 803
51 700
12 700
13 700
14 700
42 804
4 804
5 804
116 757
15 757
16 757
28 780
10 780
11 780
29 695
16 695
67 766
49 785
22 785
40 783
22 783
23 783
24 783
86 760
9 760
118 773
12 773
13 773
89 793
7 793
8 793
94 771
112 804
6 804
7 804
104 804
62 804
85 805
50 756
20 756
92 793
108 793
9 793
35 793
115 700
103 778
23 778
24 778
58 804
89 804
79 804
26 797
124 792
24 792
23 792
40 792
36 786
99 744
6 744
7 744
89 744
58 744
104 744
72 749
44 790
4 790
5 790
42 790
102 774
54 747
10 747
11 747
30 780
91 749
18 749
19 749
42 774
6 774
7 774
86 793
39 804
9 804
10 804
35 804
121 794
63 746
3 746
85 746
28 747
107 747
88 799
19 799
20 799
87 716
62 744
79 744
120 766
23 766
24 766
36 807
106 807
105 807
67 785
23 785
60 783
1 783
2 783
54 793
71 802
14 802
15 802
16 802
74 765
40 766
80 760
12 760
13 760
46 752
10 752
11 752
113 793
11 793
12 793
80 793
33 779
50 779
30 794
14 794
15 794
93 746
101 805
5 805
6 805
87 766
66 790
69 790
7 790
8 790
48 767
15 767
16 767
17 767
18 767
68 767
64 753
57 791
77 787
71 794
60 765
2 765
3 765
4 765
5 765
85 765
119 746
5 746
6 746
78 747
105 809
106 809
34 810
92 811
117 795
3 795
95 785
84 812
73 800
9 800
10 800
58 800
118 771
15 771
16 771
46 791
11 791
104 791
79 791
83 798
22 798
23 798
41 772
12 772
13 772
54 772
48 787
16 787
17 787
18 787
19 787
77 794
48 794
16 794
38 769
7 769
8 769
103 716
1 716
2 716
108 811
41 811
12 811
13 811
111 795
35 752
13 752
14 752
51 773
48 773
77 773
16 773
17 773
18 773
19 773
20 773
89 800
79 800
71 771
77 771
48 771
58 791
56 803
15 803
16 803
48 803
77 803
115 808
19 808
20 808
59 808
85 814
93 814
119 814
6 814
7 814
114 784
13 784
14 784
15 784
52 780
49 792
1 792
120 792
120 815
62 800
94 806
16 806
17 806
48 806
86 804
38 814
8 814
66 814
42 814
109 763
5 763
6 763
32 763
119 763
93 763
30 784
118 794
101 765
7 765
8 765
58 817
79 817
62 817
12 817
13 817
86 817
75 713
11 713
12 713
56 780
124 786
3 786
4 786
61 751
43 795
109 795
27 756
100 729
63 753
6 753
7 753
8 753
9 753
104 800
12 800
13 800
41 800
116 700
20 700
21 700
111 816
80 747
15 747
16 747
36 809
96 777
17 777
18 777
79 819
104 819
54 811
14 811
76 795
6 795
7 795
119 795
93 795
43 816
109 816
6 816
7 816
119 816
81 789
38 765
9 765
30 747
62 819
13 819
14 819
78 752
107 793
71 803
18 803
19 803
20 803
115 803
21 803
77 806
71 806
18 806
85 763
8 763
9 763
94 794
47 796
1 796
2 796
86 818
54 818
15 818
16 818
74 786
5 786
6 786
43 786
60 716
74 716
5 716
6 716
43 716
110 820
4 820
103 820
87 820
32 795
8 795
63 795
31 755
22 755
23 755
70 746
10 746
11 746
48 777
71 777
109 716
7 716
45 788
6 788
7 788
43 788
57 811
88 755
24 755
26 783
45 783
6 783
7 783
116 803
22 803
123 778
5 778
6 778
26 778
69 765
11 765
12 765
73 765
65 769
11 769
12 769
35 817
54 817
16 817
17 817
18 817
94 817
118 817
19 817
48 817
56 747
18 747
19 747
121 780
18 780
19 780
94 780
109 788
41 819
46 811
15 811
58 811
79 811
104 811
55 776
2 776
3 776
31 803
23 803
91 808
24 808
23 808
114 804
42 746
12 746
13 746
73 821
13 821
14 821
15 821
50 810
43 783
8 783
63 783
9 783
10 783
98 812
3 812
4 812
51 771
20 771
19 771
59 803
33 798
2 798
1 798
88 798
45 778
7 778
8 778
63 778
9 778
