77 1541 2.05886
51 1542 2.15652
92 1543 2.17701
120 1544 2.2373
41 1545 2.26303
75 1546 2.30865
70 1547 2.32024
102 1548 2.34428
33 1549 2.36404
88 1550 2.43672
108 1551 2.47469
42 1552 2.48152
59 1553 2.49414
69 1554 2.53294
101 1555 2.53818
44 1556 2.56647
118 1557 2.64944
45 1558 2.6537
100 1559 2.66884
119 1560 2.69364
81 1561 2.74811
83 1562 2.8031
114 1563 2.80418
55 1564 2.87846
40 1565 2.89601
65 1566 2.90848
109 1567 2.93851
86 1568 2.97585
97 1569 3.01002
52 1570 3.04759
67 1571 3.05018
78 1572 3.06783
103 1573 3.1281
34 1574 3.14834
76 1575 3.16211
105 1576 3.1933
99 1577 3.45501
32 1578 3.46261
80 1579 3.46779
66 1580 3.48359
82 1581 3.49468
122 1582 3.51125
93 1583 3.54133
49 1584 3.57039
28 1585 3.57889
57 1586 3.59048
37 1587 3.61874
85 1588 3.63708
50 1589 3.70164
71 1590 3.73848
61 1591 3.78228
30 1592 3.81386
87 1593 3.84253
110 1594 3.84812
73 1595 3.9844
62 1596 4.01202
94 1597 4.02819
115 1598 4.35738
46 1599 4.37868
25 1600 4.38383
72 1601 4.44238
53 1602 4.4645
104 1603 4.50687
96 1604 4.64942
60 1605 4.65633
56 1606 4.72887
123 1607 4.73618
48 1608 4.93879
116 1609 4.97056
75 1610 5.42682
110 1611 6.02262
61 1612 6.24691
73 1613 6.33982
67 1614 6.42597
78 1615 6.52111
70 1616 6.65444
102 1617 6.84829
88 1618 6.85473
43 1619 6.89902
111 1620 6.92339
69 1621 6.98085
103 1622 7.06155
120 1623 7.11163
80 1624 7.22675
32 1625 7.2462
123 1626 7.449
37 1627 7.48126
34 1628 7.49405
79 1629 7.49468
39 1630 7.68019
57 1631 7.6953
117 1632 7.8112
53 1633 7.84843
55 1634 7.86935
77 1635 7.88781
71 1636 7.89037
29 1637 7.93931
51 1638 8.07893
46 1639 8.13413
60 1640 8.21921
45 1641 8.28415
112 1642 8.28502
56 1643 8.28923
27 1644 8.38966
75 1645 8.43479
26 1646 8.55465
48 1647 8.59378
73 1648 8.85241
25 1649 8.90437
74 1650 9.03738
63 1651 9.08001
84 1652 9.09501
91 1653 9.23308
72 1654 9.39878
32 1655 9.52757
40 1656 9.61278
109 1657 9.62732
96 1658 9.67852
81 1659 9.69256
67 1660 9.9418
42 1661 10.198
76 1662 10.2257
58 1663 10.4357
61 1664 10.5893
30 1665 10.5961
54 1666 10.6484
33 1667 10.6909
50 1668 10.759
78 1669 10.8174
103 1670 10.9426
87 1671 10.9513
117 1672 11.1754
88 1673 11.1889
29 1674 11.2368
70 1675 11.2858
100 1676 11.3115
36 1677 11.4164
119 1678 11.4626
64 1679 11.5839
44 1680 11.6257
62 1681 11.6365
109 1682 11.6647
53 1683 11.7246
38 1684 11.754
32 1685 11.7914
69 1686 11.9131
110 1687 11.9401
57 1688 12.1661
31 1689 12.1806
91 1690 12.3125
56 1691 12.4155
96 1692 12.4865
122 1693 12.5872
102 1694 12.6605
104 1695 12.6682
74 1696 12.845
67 1697 12.8735
52 1698 12.9157
41 1699 12.9252
120 1700 13.1765
68 1701 13.4198
47 1702 13.4608
70 1703 13.5088
95 1704 13.5707
111 1705 13.6179
93 1706 13.8316
61 1707 13.8729
89 1708 13.9819
60 1709 14.0605
54 1710 14.1303
55 1711 14.1683
25 1712 14.4441
57 1713 14.4776
103 1714 14.5341
38 1715 14.555
69 1716 14.5693
59 1717 14.6284
107 1718 14.747
35 1719 14.9505
112 1720 14.963
