98 298 0 100 1.2 2.26294 3.46294
89 303 0 100 1.1 2.40919 3.50919
73 301 0 100 1.7 2.39741 4.09741
38 313 0 100 1.5 2.73328 4.23328
110 327 0 100 0.8 3.49989 4.29989
72 324 0 100 1.1 3.27909 4.37909
103 300 0 100 2.1 2.38374 4.48374
103 348 0 100 2.33402e-08 4.52766 4.52766
50 323 0 100 1.3 3.26717 4.56717
63 335 0 100 0.8 3.82527 4.62527
70 326 0 100 1.3 3.40925 4.70925
122 354 0 100 0.1 4.95773 5.05773
34 305 0 100 2.8 2.49114 5.29114
97 333 0 100 1.7 3.79323 5.49323
76 322 0 100 2.3 3.24334 5.54334
64 358 0 100 0.8 5.37262 6.17262
34 357 0 100 1 5.32966 6.32966
95 330 0 100 2.7 3.71562 6.41562
66 344 0 100 2.2 4.27895 6.47895
113 302 0 100 4.1 2.39999 6.49999
95 367 0 100 2.33402e-08 6.50778 6.50778
119 290 0 100 4.5 2.04349 6.54349
79 340 0 100 2.5 4.14433 6.64433
92 345 0 100 2.4 4.34032 6.74032
64 299 0 100 4.5 2.3718 6.8718
113 362 0 100 1 5.95064 6.95064
69 341 0 100 2.8 4.15752 6.95752
48 346 0 100 2.8 4.42876 7.22876
104 347 0 100 2.8 4.4318 7.2318
114 331 0 100 3.7 3.75739 7.45739
85 304 0 100 5.1 2.46039 7.56039
117 308 0 100 5 2.60076 7.60076
86 359 0 100 2.3 5.39865 7.69865
62 364 0 100 1.8 6.06925 7.86925
75 292 0 100 6.1 2.08156 8.18156
52 342 0 100 4 4.19511 8.19511
77 392 0 100 1.16701e-08 8.21225 8.21225
98 360 0 100 2.6 5.78939 8.38939
59 368 0 100 1.9 6.53024 8.43024
29 369 0 100 1.9 6.56104 8.46104
53 320 0 100 5.5 3.17746 8.67746
46 350 0 100 4.1 4.69138 8.79138
46 399 0 100 0.2 8.68296 8.88296
73 363 0 100 2.9 6.00492 8.90492
120 309 0 100 6.5 2.60647 9.10647
72 370 0 100 3 6.61718 9.61718
27 395 0 100 1.3 8.40812 9.70812
110 379 0 100 2.2 7.56059 9.76059
57 371 0 100 3.3 6.63338 9.93338
39 387 0 100 2.2 7.89078 10.0908
36 394 0 100 2 8.31224 10.3122
71 372 0 100 3.6 6.78942 10.3894
80 386 0 100 2.9 7.8514 10.7514
79 384 0 100 3 7.80756 10.8076
55 312 0 100 8.4 2.72092 11.1209
42 378 0 100 4 7.41813 11.4181
56 388 0 100 3.5 8.02958 11.5296
88 397 0 100 3.2 8.59918 11.7992
102 353 0 100 7.5 4.93519 12.4352
54 415 0 100 2.5 9.98544 12.4854
121 398 0 100 3.9 8.66059 12.5606
33 391 0 100 4.6 8.09221 12.6922
121 425 0 100 2 11.0376 13.0376
120 447 0 100 0.1 12.9787 13.0787
121 450 0 100 7.00206e-08 13.0791 13.0791
117 442 0 100 0.6 12.6546 13.2546
73 429 0 100 2 11.2625 13.2625
111 407 0 100 4 9.50952 13.5095
98 409 0 100 4 9.57506 13.5751
98 433 0 100 1.8 11.8102 13.6102
104 402 0 100 4.9 8.84785 13.7478
109 431 0 100 2.2 11.6144 13.8144
27 420 0 100 3.4 10.7876 14.1876
35 449 0 100 1.3 13.0622 14.3622
63 438 0 100 2.1 12.2761 14.3761
37 430 0 100 2.8 11.5896 14.3896
67 404 0 100 5.3 9.15346 14.4535
102 444 0 100 2 12.7835 14.7835
76 457 0 100 1 13.9741 14.9741
