78 50 0.0048 49.9952
55 50 0.0048 49.9952
76 50 0.0048 49.9952
78 49.9952 0.0048 49.9904
102 50 0.0048 49.9952
55 50 0.0048 49.9952
76 50 0.0048 49.9952
78 50 0.0048 49.9952
93 50 0.0048 49.9952
102 50 0.0048 49.9952
55 50 0.0048 49.9952
76 50 0.0048 49.9952
78 50 0.0048 49.9952
93 50 0.0048 49.9952
102 50 0.0048 49.9952
118 50 0.0048 49.9952
55 50 0.0048 49.9952
76 50 0.0048 49.9952
88 50 0.0048 49.9952
93 50 0.0048 49.9952
102 50 0.0048 49.9952
118 50 0.0048 49.9952
123 50 0.0048 49.9952
56 50 0.0048 49.9952
79 50 0.0048 49.9952
88 50 0.0048 49.9952
93 50 0.0048 49.9952
118 50 0.0048 49.9952
123 50 0.0048 49.9952
44 50 0.0048 49.9952
56 50 0.0048 49.9952
79 50 0.0048 49.9952
88 50 0.0048 49.9952
98 50 0.0048 49.9952
103 50 0.0048 49.9952
118 50 0.0048 49.9952
123 50 0.0048 49.9952
29 50 0.0048 49.9952
44 50 0.0048 49.9952
56 50 0.0048 49.9952
79 50 0.0048 49.9952
98 50 0.0048 49.9952
103 50 0.0048 49.9952
123 50 0.0048 49.9952
29 50 0.0048 49.9952
44 50 0.0048 49.9952
56 50 0.0048 49.9952
79 50 0.0048 49.9952
98 50 0.0048 49.9952
103 50 0.0048 49.9952
29 50 0.0048 49.9952
44 50 0.0048 49.9952
98 50 0.0048 49.9952
103 50 0.0048 49.9952
29 50 0.0048 49.9952
79 50 0.048 49.952
56 50 0.0048 49.9952
79 49.952 0.0048 49.9472
79 49.9472 0.16 49.7872
79 49.7872 0.0016 49.7856
93 50 0.048 49.952
88 50 0.048 49.952
88 49.952 0.0048 49.9472
88 49.9472 0.16 49.7872
88 49.7872 0.0016 49.7856
93 50 0.048 49.952
93 50 0.048 49.952
93 50 0.048 49.952
98 50 0.048 49.952
98 49.952 0.0048 49.9472
98 49.9472 0.16 49.7872
98 49.7872 0.0016 49.7856
29 50 0.0048 49.9952
98 49.7856 0.0048 49.7808
93 50 0.048 49.952
98 50 0.0048 49.9952
93 50 0.048 49.952
29 50 0.0048 49.9952
98 50 0.0048 49.9952
78 50 0.048 49.952
93 50 0.048 49.952
29 50 0.0048 49.9952
98 50 0.0048 49.9952
78 50 0.048 49.952
93 50 0.048 49.952
29 50 0.0048 49.9952
98 50 0.0048 49.9952
78 50 0.048 49.952
93 50 0.048 49.952
123 50 0.048 49.952
118 50 0.048 49.952
88 50 0.0048 49.9952
78 50 0.048 49.952
93 50 0.048 49.952
93 49.952 0.0048 49.9472
93 49.9472 0.16 49.7872
93 49.7872 0.0016 49.7856
123 50 0.048 49.952
118 50 0.048 49.952
88 50 0.0048 49.9952
78 50 0.048 49.952
123 50 0.048 49.952
118 49.952 0.0048 49.9472
118 50 0.048 49.952
78 50 0.048 49.952
123 50 0.048 49.952
118 49.952 0.0048 49.9472
118 50 0.048 49.952
123 49.952 0.0048 49.9472
78 50 0.048 49.952
123 50 0.048 49.952
118 49.952 0.0048 49.9472
118 50 0.048 49.952
123 49.952 0.0048 49.9472
78 50 0.048 49.952
123 50 0.048 49.952
118 49.952 0.0048 49.9472
118 50 0.048 49.952
78 50 0.048 49.952
78 49.952 0.0048 49.9472
78 49.9472 0.16 49.7872
78 49.7872 0.0016 49.7856
123 50 0.048 49.952
118 49.952 0.0048 49.9472
118 50 0.048 49.952
123 49.952 0.0048 49.9472
123 50 0.048 49.952
118 49.952 0.0048 49.9472
118 50 0.048 49.952
88 50 0.0048 49.9952
123 49.952 0.0048 49.9472
123 50 0.048 49.952
118 49.952 0.0048 49.9472
118 50 0.048 49.952
123 49.952 0.0048 49.9472
123 50 0.048 49.952
118 49.952 0.0048 49.9472
123 49.952 0.0048 49.9472
123 49.9472 0.16 49.7872
123 49.7872 0.0016 49.7856
118 50 0.048 49.952
88 50 0.0048 49.9952
123 49.7856 0.0048 49.7808
123 49.7808 0.048 49.7328
118 49.952 0.0048 49.9472
118 49.9472 0.16 49.7872
88 49.9952 0.016 49.9792
123 49.7328 0.016 49.7168
123 49.7168 0.016 49.7008
118 49.7872 0.0016 49.7856
123 49.7008 0.048 49.6528
88 49.9792 0.0048 49.9744
118 49.7856 0.0048 49.7808
123 49.8825 0.048 49.8345
88 50 0.0048 49.9952
118 50 0.0048 49.9952
55 50 0.048 49.952
102 50 0.0048 49.9952
123 50 0.048 49.952
88 50 0.0048 49.9952
118 50 0.0048 49.9952
76 50 0.048 49.952
102 50 0.0048 49.9952
55 50 0.048 49.952
102 49.9952 0.0048 49.9904
123 50 0.048 49.952
88 50 0.0048 49.9952
76 50 0.048 49.952
55 50 0.048 49.952
123 50 0.048 49.952
88 50 0.0048 49.9952
118 50 0.0048 49.9952
123 49.952 0.0048 49.9472
123 49.9472 0.16 49.7872
123 49.7872 0.0016 49.7856
76 50 0.048 49.952
102 50 0.048 49.952
55 50 0.048 49.952
76 50 0.048 49.952
102 50 0.048 49.952
102 49.952 0.0048 49.9472
102 49.9472 0.16 49.7872
102 49.7872 0.0016 49.7856
55 50 0.048 49.952
76 49.952 0.0048 49.9472
44 50 0.048 49.952
44 49.952 0.0048 49.9472
44 49.9472 0.16 49.7872
44 49.7872 0.0016 49.7856
76 50 0.048 49.952
55 50 0.0048 49.9952
55 49.9952 0.048 49.9472
102 49.9063 0.0048 49.9015
103 50 0.048 49.952
44 49.9085 0.0048 49.9037
76 50 0.048 49.952
55 50 0.048 49.952
102 50 0.0048 49.9952
55 49.952 0.0048 49.9472
55 49.9472 0.16 49.7872
55 49.7872 0.0016 49.7856
79 50 0.048 49.952
103 50 0.048 49.952
44 50 0.0048 49.9952
56 50 0.048 49.952
76 50 0.048 49.952
79 50 0.048 49.952
79 49.952 0.0048 49.9472
79 49.9472 0.16 49.7872
79 49.7872 0.0016 49.7856
103 50 0.048 49.952
44 50 0.0048 49.9952
56 50 0.048 49.952
76 50 0.048 49.952
98 50 0.0048 49.9952
29 50 0.048 49.952
103 50 0.048 49.952
44 50 0.0048 49.9952
98 50 0.0048 49.9952
56 50 0.048 49.952
76 50 0.048 49.952
98 49.9952 0.0048 49.9904
29 50 0.048 49.952
103 50 0.048 49.952
56 50 0.048 49.952
79 50 0.0048 49.9952
76 50 0.048 49.952
29 50 0.0048 49.9952
98 50 0.0048 49.9952
29 49.9952 0.048 49.9472
103 50 0.048 49.952
56 50 0.048 49.952
79 50 0.0048 49.9952
76 50 0.048 49.952
55 50 0.0048 49.9952
29 50 0.048 49.952
103 50 0.048 49.952
56 50 0.048 49.952
79 50 0.0048 49.9952
76 50 0.048 49.952
55 50 0.0048 49.9952
76 49.952 0.0048 49.9472
76 49.9472 0.16 49.7872
76 49.7872 0.0016 49.7856
29 50 0.0048 49.9952
98 50 0.0048 49.9952
29 49.9952 0.048 49.9472
76 49.7856 0.0048 49.7808
78 50 0.0048 49.9952
103 50 0.048 49.952
44 50 0.0048 49.9952
56 50 0.048 49.952
79 50 0.0048 49.9952
98 50 0.0048 49.9952
29 50 0.048 49.952
55 50 0.0048 49.9952
76 50 0.0048 49.9952
78 50 0.0048 49.9952
102 50 0.0048 49.9952
103 50 0.048 49.952
44 50 0.0048 49.9952
98 50 0.0048 49.9952
93 50 0.048 49.952
93 49.952 0.0048 49.9472
93 49.9472 0.16 49.7872
93 49.7872 0.0016 49.7856
56 50 0.048 49.952
56 49.952 0.0048 49.9472
56 49.9472 0.16 49.7872
56 49.7872 0.0016 49.7856
29 50 0.048 49.952
29 49.952 0.0048 49.9472
29 49.9472 0.16 49.7872
29 49.7872 0.0016 49.7856
55 50 0.0048 49.9952
76 50 0.0048 49.9952
78 50 0.0048 49.9952
93 49.7856 0.0048 49.7808
102 50 0.0048 49.9952
103 50 0.048 49.952
44 50 0.0048 49.9952
98 50 0.0048 49.9952
55 50 0.0048 49.9952
76 50 0.0048 49.9952
78 50 0.0048 49.9952
88 50 0.0048 49.9952
93 50 0.0048 49.9952
102 50 0.0048 49.9952
118 50 0.0048 49.9952
123 50 0.0048 49.9952
103 50 0.048 49.952
44 50 0.0048 49.9952
55 50 0.0048 49.9952
56 50 0.0048 49.9952
79 50 0.0048 49.9952
88 50 0.0048 49.9952
93 50 0.0048 49.9952
102 50 0.0048 49.9952
118 50 0.0048 49.9952
123 50 0.0048 49.9952
103 50 0.048 49.952
44 50 0.0048 49.9952
98 50 0.0048 49.9952
44 50 0.0048 49.9952
56 50 0.0048 49.9952
79 50 0.0048 49.9952
88 50 0.0048 49.9952
93 50 0.0048 49.9952
103 49.952 0.0048 49.9472
118 50 0.0048 49.9952
123 50 0.0048 49.9952
103 50 0.048 49.952
44 49.9952 0.0048 49.9904
88 49.9952 0.048 49.9472
29 50 0.0048 49.9952
44 50 0.0048 49.9952
56 50 0.0048 49.9952
79 50 0.0048 49.9952
88 50 0.0048 49.9952
98 50 0.0048 49.9952
103 49.952 0.0048 49.9472
118 50 0.0048 49.9952
123 50 0.0048 49.9952
103 50 0.048 49.952
44 49.9952 0.0048 49.9904
29 50 0.0048 49.9952
88 49.9952 0.048 49.9472
29 49.9952 0.0048 49.9904
44 50 0.0048 49.9952
56 50 0.0048 49.9952
79 50 0.0048 49.9952
98 50 0.0048 49.9952
103 49.952 0.0048 49.9472
103 50 0.048 49.952
98 50 0.048 49.952
29 50 0.0048 49.9952
88 50 0.048 49.952
29 49.9952 0.0048 49.9904
44 50 0.0048 49.9952
98 49.952 0.0048 49.9472
103 49.952 0.0048 49.9472
103 50 0.048 49.952
98 50 0.048 49.952
29 50 0.0048 49.9952
88 50 0.048 49.952
29 49.9952 0.0048 49.9904
98 49.952 0.0048 49.9472
103 50 0.048 49.952
44 50 0.0048 49.9952
98 50 0.048 49.952
98 49.952 0.0048 49.9472
98 49.9472 0.16 49.7872
98 49.7872 0.0016 49.7856
29 50 0.0048 49.9952
88 50 0.048 49.952
103 50 0.048 49.952
29 50 0.0048 49.9952
88 50 0.048 49.952
118 50 0.0048 49.9952
123 50 0.0048 49.9952
88 49.952 0.0048 49.9472
88 49.9472 0.16 49.7872
88 49.7872 0.0016 49.7856
103 50 0.048 49.952
29 50 0.0048 49.9952
103 50 0.048 49.952
29 50 0.0048 49.9952
103 50 0.048 49.952
98 50 0.0048 49.9952
103 50 0.048 49.952
44 50 0.0048 49.9952
55 50 0.048 49.952
102 50 0.0048 49.9952
103 50 0.048 49.952
55 50 0.048 49.952
102 50 0.048 49.952
103 50 0.048 49.952
123 50 0.048 49.952
88 50 0.0048 49.9952
55 50 0.048 49.952
102 50 0.048 49.952
103 50 0.048 49.952
44 50 0.0048 49.9952
123 50 0.048 49.952
88 50 0.0048 49.9952
123 49.952 0.0048 49.9472
123 49.9472 0.16 49.7872
123 49.7872 0.0016 49.7856
55 50 0.048 49.952
102 50 0.048 49.952
103 50 0.048 49.952
44 50 0.0048 49.9952
98 50 0.0048 49.9952
98 49.9952 0.048 49.9472
103 49.952 0.0048 49.9472
103 49.9472 0.16 49.7872
44 49.9952 0.016 49.9792
98 49.9472 0.016 49.9312
98 49.9312 0.016 49.9152
103 49.7872 0.0016 49.7856
98 49.9152 0.048 49.8672
103 49.7856 0.0048 49.7808
55 50 0.048 49.952
102 50 0.048 49.952
98 50 0.048 49.952
55 50 0.048 49.952
102 50 0.048 49.952
98 50 0.048 49.952
29 50 0.0048 49.9952
55 50 0.048 49.952
102 50 0.048 49.952
55 49.952 0.0048 49.9472
98 50 0.048 49.952
55 50 0.048 49.952
102 50 0.0048 49.9952
102 49.9952 0.048 49.9472
55 49.952 0.0048 49.9472
98 50 0.048 49.952
55 50 0.048 49.952
102 50 0.048 49.952
98 50 0.048 49.952
55 50 0.048 49.952
55 49.952 0.0048 49.9472
55 49.9472 0.16 49.7872
55 49.7872 0.0016 49.7856
78 50 0.048 49.952
102 50 0.048 49.952
98 50 0.048 49.952
78 50 0.048 49.952
102 50 0.048 49.952
55 50 0.0048 49.9952
98 50 0.048 49.952
44 50 0.048 49.952
78 50 0.048 49.952
102 50 0.048 49.952
55 50 0.0048 49.9952
98 50 0.048 49.952
98 49.952 0.0048 49.9472
98 49.9472 0.16 49.7872
98 49.7872 0.0016 49.7856
44 50 0.048 49.952
76 50 0.048 49.952
78 50 0.048 49.952
102 50 0.048 49.952
55 50 0.0048 49.9952
44 50 0.048 49.952
29 50 0.048 49.952
29 49.952 0.0048 49.9472
29 49.9472 0.16 49.7872
29 49.7872 0.0016 49.7856
76 50 0.048 49.952
78 50 0.048 49.952
102 50 0.048 49.952
55 50 0.0048 49.9952
44 50 0.048 49.952
103 50 0.0048 49.9952
44 49.952 0.0048 49.9472
44 49.9472 0.16 49.7872
44 49.7872 0.0016 49.7856
76 50 0.048 49.952
78 50 0.048 49.952
102 50 0.048 49.952
55 50 0.0048 49.9952
76 50 0.048 49.952
78 50 0.048 49.952
102 50 0.048 49.952
55 50 0.0048 49.9952
76 50 0.048 49.952
78 50 0.048 49.952
102 50 0.048 49.952
55 50 0.0048 49.9952
76 50 0.048 49.952
78 50 0.048 49.952
102 50 0.048 49.952
55 50 0.0048 49.9952
79 50 0.048 49.952
76 50 0.048 49.952
78 50 0.048 49.952
78 49.952 0.0048 49.9472
78 49.9472 0.16 49.7872
78 49.7872 0.0016 49.7856
102 50 0.048 49.952
55 50 0.0048 49.9952
118 50 0.048 49.952
79 50 0.048 49.952
76 50 0.048 49.952
102 50 0.048 49.952
55 50 0.0048 49.9952
118 50 0.048 49.952
88 50 0.0048 49.9952
79 50 0.048 49.952
76 50 0.048 49.952
102 50 0.048 49.952
55 50 0.0048 49.9952
118 50 0.048 49.952
123 50 0.0048 49.9952
79 50 0.048 49.952
76 50 0.048 49.952
102 50 0.048 49.952
55 50 0.0048 49.9952
118 50 0.048 49.952
79 50 0.048 49.952
76 50 0.048 49.952
102 50 0.048 49.952
55 50 0.0048 49.9952
118 50 0.048 49.952
88 50 0.0048 49.9952
79 50 0.048 49.952
76 50 0.048 49.952
102 50 0.048 49.952
55 50 0.0048 49.9952
102 49.952 0.0048 49.9472
102 49.9472 0.16 49.7872
102 49.7872 0.0016 49.7856
118 50 0.048 49.952
118 49.952 0.0048 49.9472
118 49.9472 0.16 49.7872
118 49.7872 0.0016 49.7856
123 50 0.048 49.952
79 50 0.048 49.952
76 50 0.048 49.952
55 50 0.0048 49.9952
55 49.9952 0.048 49.9472
76 49.952 0.0048 49.9472
76 49.9472 0.16 49.7872
55 49.9472 0.016 49.9312
55 49.9312 0.016 49.9152
76 49.7872 0.0016 49.7856
55 49.9152 0.048 49.8672
76 49.7856 0.0048 49.7808
102 50 0.0048 49.9952
123 50 0.048 49.952
79 50 0.048 49.952
55 50 0.048 49.952
102 50 0.0048 49.9952
123 50 0.048 49.952
88 50 0.0048 49.9952
79 50 0.048 49.952
55 50 0.048 49.952
76 50 0.0048 49.9952
102 50 0.0048 49.9952
98 50 0.048 49.952
29 50 0.0048 49.9952
98 49.952 0.0048 49.9472
98 49.9472 0.16 49.7872
98 49.7872 0.0016 49.7856
123 50 0.048 49.952
88 50 0.0048 49.9952
79 50 0.048 49.952
55 50 0.048 49.952
76 50 0.0048 49.9952
102 50 0.0048 49.9952
123 50 0.048 49.952
123 49.952 0.0048 49.9472
123 49.9472 0.16 49.7872
123 49.7872 0.0016 49.7856
79 50 0.048 49.952
55 50 0.048 49.952
76 50 0.0048 49.9952
79 50 0.048 49.952
55 50 0.048 49.952
102 50 0.0048 49.9952
79 50 0.048 49.952
56 50 0.0048 49.9952
55 50 0.048 49.952
102 50 0.0048 49.9952
79 50 0.048 49.952
56 50 0.0048 49.9952
79 49.952 0.0048 49.9472
79 49.9472 0.16 49.7872
79 49.7872 0.0016 49.7856
55 50 0.048 49.952
102 50 0.0048 49.9952
56 50 0.048 49.952
55 50 0.048 49.952
102 50 0.0048 49.9952
56 50 0.048 49.952
56 49.952 0.0048 49.9472
56 49.9472 0.16 49.7872
56 49.7872 0.0016 49.7856
55 50 0.048 49.952
102 50 0.0048 49.9952
93 50 0.048 49.952
93 49.952 0.0048 49.9472
93 49.9472 0.16 49.7872
93 49.7872 0.0016 49.7856
55 50 0.048 49.952
102 50 0.0048 49.9952
55 49.952 0.0048 49.9472
55 49.9472 0.16 49.7872
55 49.7872 0.0016 49.7856
88 50 0.048 49.952
118 50 0.0048 49.9952
88 50 0.048 49.952
123 50 0.0048 49.9952
78 50 0.0048 49.9952
88 50 0.048 49.952
123 50 0.0048 49.9952
88 49.952 0.0048 49.9472
88 49.9472 0.16 49.7872
88 49.7872 0.0016 49.7856
55 50 0.0048 49.9952
76 50 0.0048 49.9952
78 50 0.0048 49.9952
102 50 0.0048 49.9952
55 50 0.0048 49.9952
76 50 0.0048 49.9952
78 50 0.0048 49.9952
102 50 0.0048 49.9952
103 50 0.048 49.952
44 50 0.0048 49.9952
29 50 0.0048 49.9952
55 50 0.0048 49.9952
76 50 0.0048 49.9952
78 50 0.0048 49.9952
88 50 0.0048 49.9952
93 50 0.0048 49.9952
102 50 0.0048 49.9952
123 50 0.0048 49.9952
103 50 0.048 49.952
44 50 0.0048 49.9952
29 50 0.0048 49.9952
55 50 0.0048 49.9952
76 50 0.0048 49.9952
88 50 0.0048 49.9952
93 50 0.0048 49.9952
102 50 0.0048 49.9952
118 50 0.0048 49.9952
123 50 0.0048 49.9952
103 50 0.048 49.952
44 50 0.0048 49.9952
55 50 0.048 49.952
29 50 0.0048 49.9952
56 50 0.0048 49.9952
79 50 0.0048 49.9952
88 50 0.0048 49.9952
93 50 0.0048 49.9952
118 50 0.0048 49.9952
123 50 0.0048 49.9952
103 50 0.048 49.952
44 50 0.0048 49.9952
55 50 0.048 49.952
29 50 0.0048 49.9952
44 50 0.0048 49.9952
56 50 0.0048 49.9952
79 50 0.0048 49.9952
88 50 0.0048 49.9952
93 50 0.0048 49.9952
103 49.952 0.0048 49.9472
118 50 0.0048 49.9952
123 50 0.0048 49.9952
103 50 0.048 49.952
44 49.9952 0.0048 49.9904
55 50 0.048 49.952
76 50 0.0048 49.9952
102 50 0.0048 49.9952
29 50 0.048 49.952
98 50 0.0048 49.9952
29 49.952 0.0048 49.9472
98 49.9952 0.0048 49.9904
29 49.9472 0.0048 49.9424
44 50 0.0048 49.9952
56 50 0.0048 49.9952
79 50 0.0048 49.9952
98 49.9904 0.0048 49.9856
103 49.952 0.0048 49.9472
103 50 0.048 49.952
44 49.9952 0.0048 49.9904
55 50 0.048 49.952
102 50 0.0048 49.9952
29 50 0.048 49.952
29 49.952 0.0048 49.9472
98 50 0.0048 49.9952
29 49.9472 0.0048 49.9424
44 50 0.0048 49.9952
56 50 0.0048 49.9952
79 50 0.0048 49.9952
98 49.9952 0.0048 49.9904
103 49.952 0.0048 49.9472
103 50 0.048 49.952
44 49.9952 0.0048 49.9904
55 50 0.048 49.952
76 50 0.0048 49.9952
29 50 0.048 49.952
98 50 0.0048 49.9952
29 49.952 0.0048 49.9472
44 50 0.0048 49.9952
98 49.9952 0.0048 49.9904
103 49.952 0.0048 49.9472
103 50 0.048 49.952
44 49.9952 0.0048 49.9904
55 50 0.048 49.952
76 50 0.0048 49.9952
29 50 0.048 49.952
98 50 0.0048 49.9952
29 49.952 0.0048 49.9472
29 49.9472 0.16 49.7872
29 49.7872 0.0016 49.7856
29 49.7856 0.0048 49.7808
98 49.9952 0.0048 49.9904
103 50 0.048 49.952
44 50 0.0048 49.9952
55 50 0.048 49.952
118 50 0.048 49.952
88 50 0.0048 49.9952
123 50 0.0048 49.9952
103 50 0.048 49.952
44 50 0.0048 49.9952
103 49.952 0.0048 49.9472
103 49.9472 0.16 49.7872
103 49.7872 0.0016 49.7856
55 50 0.048 49.952
55 49.952 0.0048 49.9472
55 49.9472 0.16 49.7872
55 49.7872 0.0016 49.7856
118 50 0.048 49.952
88 50 0.0048 49.9952
118 50 0.048 49.952
88 50 0.0048 49.9952
102 50 0.048 49.952
118 50 0.048 49.952
88 50 0.0048 49.9952
123 50 0.0048 49.9952
102 50 0.048 49.952
44 50 0.048 49.952
103 50 0.0048 49.9952
118 50 0.048 49.952
88 50 0.0048 49.9952
123 50 0.0048 49.9952
102 50 0.048 49.952
123 50 0.048 49.952
93 50 0.0048 49.9952
118 50 0.0048 49.9952
78 50 0.048 49.952
44 50 0.048 49.952
103 50 0.0048 49.9952
118 49.9952 0.048 49.9472
123 49.952 0.0048 49.9472
76 50 0.048 49.952
55 50 0.0048 49.9952
102 50 0.048 49.952
123 50 0.048 49.952
118 50 0.0048 49.9952
78 50 0.048 49.952
44 50 0.048 49.952
103 50 0.0048 49.9952
118 49.9952 0.048 49.9472
123 49.952 0.0048 49.9472
76 50 0.048 49.952
55 50 0.0048 49.9952
102 50 0.048 49.952
123 50 0.048 49.952
88 50 0.0048 49.9952
93 50 0.0048 49.9952
118 50 0.0048 49.9952
78 50 0.048 49.952
44 50 0.048 49.952
103 50 0.0048 49.9952
118 49.9952 0.048 49.9472
88 49.9952 0.0048 49.9904
123 49.952 0.0048 49.9472
76 50 0.048 49.952
55 50 0.0048 49.9952
102 50 0.048 49.952
123 50 0.048 49.952
88 50 0.0048 49.9952
78 50 0.048 49.952
44 50 0.048 49.952
103 50 0.0048 49.9952
118 50 0.048 49.952
88 49.9952 0.0048 49.9904
76 50 0.048 49.952
55 50 0.0048 49.9952
102 50 0.048 49.952
123 50 0.048 49.952
88 50 0.0048 49.9952
93 50 0.0048 49.9952
78 50 0.048 49.952
44 50 0.048 49.952
118 50 0.048 49.952
88 49.9952 0.0048 49.9904
123 49.952 0.0048 49.9472
76 50 0.048 49.952
102 50 0.048 49.952
102 49.952 0.0048 49.9472
102 49.9472 0.16 49.7872
102 49.7872 0.0016 49.7856
123 50 0.048 49.952
88 50 0.0048 49.9952
118 50 0.0048 49.9952
78 50 0.048 49.952
44 50 0.048 49.952
118 49.9952 0.048 49.9472
88 49.9952 0.0048 49.9904
123 49.952 0.0048 49.9472
76 50 0.048 49.952
55 50 0.0048 49.9952
123 50 0.048 49.952
88 50 0.0048 49.9952
118 50 0.0048 49.9952
78 50 0.048 49.952
44 50 0.048 49.952
103 50 0.0048 49.9952
118 49.9952 0.048 49.9472
88 49.9952 0.0048 49.9904
123 49.952 0.0048 49.9472
76 50 0.048 49.952
55 50 0.0048 49.9952
123 50 0.048 49.952
88 50 0.0048 49.9952
118 50 0.0048 49.9952
78 50 0.048 49.952
44 50 0.048 49.952
103 50 0.0048 49.9952
118 49.9952 0.048 49.9472
88 49.9952 0.0048 49.9904
123 49.952 0.0048 49.9472
76 50 0.048 49.952
123 50 0.048 49.952
88 50 0.0048 49.9952
118 50 0.0048 49.9952
78 50 0.048 49.952
44 50 0.048 49.952
103 50 0.0048 49.9952
118 49.9952 0.048 49.9472
88 49.9952 0.0048 49.9904
123 49.952 0.0048 49.9472
76 50 0.048 49.952
76 49.952 0.0048 49.9472
76 49.9472 0.16 49.7872
76 49.7872 0.0016 49.7856
123 50 0.048 49.952
118 50 0.0048 49.9952
123 49.952 0.0048 49.9472
123 49.9472 0.16 49.7872
123 49.7872 0.0016 49.7856
78 50 0.048 49.952
44 50 0.048 49.952
118 49.9952 0.048 49.9472
88 50 0.0048 49.9952
123 49.7856 0.0048 49.7808
78 50 0.048 49.952
44 50 0.048 49.952
118 50 0.048 49.952
88 50 0.0048 49.9952
123 50 0.0048 49.9952
118 49.952 0.0048 49.9472
118 49.9472 0.16 49.7872
118 49.7872 0.0016 49.7856
79 50 0.048 49.952
78 50 0.048 49.952
44 50 0.048 49.952
103 50 0.0048 49.9952
79 50 0.048 49.952
79 49.952 0.0048 49.9472
79 49.9472 0.16 49.7872
79 49.7872 0.0016 49.7856
78 50 0.048 49.952
44 50 0.048 49.952
103 50 0.0048 49.9952
78 50 0.048 49.952
78 49.952 0.0048 49.9472
78 49.9472 0.16 49.7872
78 49.7872 0.0016 49.7856
44 50 0.048 49.952
103 50 0.0048 49.9952
44 50 0.048 49.952
103 50 0.0048 49.9952
44 50 0.048 49.952
103 50 0.0048 49.9952
98 50 0.048 49.952
44 50 0.048 49.952
103 50 0.0048 49.9952
98 50 0.048 49.952
29 50 0.0048 49.9952
44 50 0.048 49.952
98 50 0.048 49.952
29 50 0.0048 49.9952
98 49.952 0.0048 49.9472
98 49.9472 0.16 49.7872
98 49.7872 0.0016 49.7856
44 50 0.048 49.952
44 50 0.048 49.952
44 50 0.048 49.952
44 50 0.048 49.952
93 50 0.048 49.952
44 50 0.048 49.952
55 50 0.048 49.952
93 50 0.048 49.952
93 49.952 0.0048 49.9472
93 49.9472 0.16 49.7872
93 49.7872 0.0016 49.7856
44 50 0.048 49.952
44 49.952 0.0048 49.9472
44 49.9472 0.16 49.7872
44 49.7872 0.0016 49.7856
55 50 0.048 49.952
55 50 0.048 49.952
76 50 0.0048 49.9952
55 50 0.048 49.952
76 50 0.0048 49.9952
56 50 0.048 49.952
79 50 0.0048 49.9952
55 50 0.048 49.952
56 50 0.048 49.952
79 50 0.0048 49.9952
55 50 0.048 49.952
56 50 0.048 49.952
79 50 0.0048 49.9952
55 50 0.048 49.952
56 50 0.048 49.952
79 50 0.0048 49.9952
