44 504
72 504
74 504
52 504
99 504
33 506
43 506
56 506
63 506
102 506
104 506
114 506
77 506
38 506
27 506
35 506
112 506
42 506
108 506
41 507
83 507
91 507
53 508
95 508
89 508
94 508
111 508
30 508
58 508
62 508
100 508
46 508
80 508
84 508
68 508
51 508
81 508
106 508
54 505
29 505
45 505
102 510
33 510
104 510
56 510
63 510
38 510
112 510
101 510
64 511
98 511
108 510
84 512
46 512
81 512
58 512
62 512
90 513
108 515
112 515
104 516
56 516
61 517
31 517
34 517
111 512
94 512
95 512
112 518
96 520
26 520
49 520
50 520
62 523
46 523
111 523
94 523
93 505
43 510
99 525
52 525
72 525
74 525
67 513
45 526
54 526
26 527
96 527
82 511
37 528
86 528
98 528
84 523
81 523
37 523
86 523
67 530
65 509
109 509
52 531
44 525
74 531
44 531
99 531
25 521
82 528
75 533
98 523
96 521
81 534
84 534
86 535
29 526
64 535
81 535
37 534
64 534
46 534
84 535
57 514
70 517
61 514
73 529
66 528
28 541
43 542
86 534
40 511
78 522
39 524
60 533
75 524
74 545
99 545
46 535
62 534
94 536
53 512
95 523
53 523
67 509
76 513
44 545
103 505
44 505
74 505
37 547
106 512
102 542
84 546
109 540
64 547
37 512
90 530
60 524
64 512
106 546
111 532
62 532
46 532
88 519
86 512
48 504
99 505
110 543
71 541
28 543
113 525
81 547
96 548
26 521
103 504
93 504
45 504
54 504
54 549
32 520
49 527
32 527
37 546
63 516
102 516
38 515
63 515
104 542
63 542
25 548
44 550
25 551
96 551
29 504
64 552
62 553
67 555
87 504
46 553
52 545
105 507
95 556
75 557
52 558
46 560
70 514
94 559
99 558
49 551
38 542
103 550
99 550
44 558
26 548
107 537
99 561
102 515
59 539
93 549
61 554
103 558
54 558
112 542
103 564
102 563
32 551
49 548
110 541
55 544
110 544
71 543
28 525
71 525
110 525
113 504
28 504
71 504
110 504
87 545
113 545
28 545
71 545
110 545
41 529
73 565
44 561
63 563
25 566
96 566
103 561
111 553
96 567
86 552
40 522
87 569
44 570
37 552
52 550
48 505
99 570
80 512
113 569
78 504
87 550
29 549
52 505
54 564
48 570
62 560
36 508
81 546
36 546
46 568
62 568
111 571
46 571
62 571
69 508
84 532
36 532
80 532
71 572
95 559
37 573
94 553
95 553
38 563
28 569
113 550
87 505
90 555
109 562
99 576
44 576
64 573
75 574
106 547
84 547
36 547
62 547
81 573
106 573
84 573
69 547
111 547
62 573
69 573
76 530
53 556
103 575
26 551
26 582
96 582
63 580
67 583
90 583
64 584
81 584
32 548
25 567
46 547
111 573
49 566
52 570
99 575
105 529
61 577
85 517
70 554
85 554
92 538
70 538
61 538
85 538
57 517
62 591
84 591
38 589
69 591
112 563
86 586
63 589
43 516
102 580
43 580
48 576
55 543
110 572
55 572
84 594
106 584
71 569
113 505
71 505
28 550
71 550
79 506
55 506
99 597
96 588
87 570
103 576
93 558
29 564
93 564
48 597
103 597
52 575
54 579
93 579
29 579
78 549
78 599
29 599
93 599
107 581
82 523
64 586
37 584
80 547
46 573
80 573
69 596
46 596
80 596
106 596
37 596
84 584
69 584
80 584
90 598
63 601
102 601
103 602
98 512
43 601
25 587
94 556
53 595
94 595
95 590
62 594
79 601
92 581
57 581
85 581
67 598
52 600
99 602
43 605
62 604
84 604
57 607
92 607
79 605
102 605
39 533
92 608
64 606
106 604
75 592
106 609
37 604
