105 612 0 100 2.33402e-08 1.09329 1.09329
107 616 0 100 1.16701e-08 1.39138 1.39138
46 615 0 100 0.27 1.33693 1.60693
94 618 0 100 0.31 1.44848 1.75848
101 625 0 100 0.59 1.65374 2.24374
67 638 0 100 0.58 2.18156 2.76156
78 647 0 100 0.22 2.54517 2.76517
97 637 0 100 0.6 2.16798 2.76798
71 624 0 100 1.5 1.63315 3.13315
99 611 0 100 2.25 1.06887 3.31887
77 650 0 100 0.94 2.55711 3.49711
70 639 0 100 1.27 2.30178 3.57178
27 651 0 100 1.04 2.58052 3.62052
80 635 0 100 2.11 2.06487 4.17487
45 621 0 100 3.03 1.507 4.537
26 660 0 100 0.18 4.3576 4.5376
26 627 0 100 2.86 1.68603 4.54603
124 617 0 100 3.22 1.44547 4.66547
123 656 0 100 1.99 2.9576 4.9476
118 629 0 100 3.54 1.87797 5.41797
109 610 0 100 4.64 1.04265 5.68265
60 619 0 100 4.35 1.45194 5.80194
120 623 0 100 4.29 1.58942 5.87942
65 620 0 100 4.6 1.48068 6.08068
108 657 0 100 3.11 2.97434 6.08434
65 668 0 100 0.68 5.40944 6.08944
50 614 0 100 5.02 1.31586 6.33586
73 640 0 100 4.5 2.30354 6.80354
104 645 0 100 4.38 2.42861 6.80861
119 672 0 100 1.14 5.79141 6.93141
94 662 0 100 2.59 4.47382 7.06382
84 646 0 100 4.56 2.53879 7.09879
52 622 0 100 5.62 1.56904 7.18904
52 680 0 100 0.39 7.11703 7.50703
115 679 0 100 0.96 6.86708 7.82708
96 644 0 100 5.88 2.40589 8.28589
67 667 0 100 2.97 5.32221 8.29221
47 669 0 100 2.86 5.43441 8.29441
33 630 0 100 6.53 1.93964 8.46964
100 641 0 100 6.19 2.35155 8.54155
29 676 0 100 2.27 6.33947 8.60947
70 661 0 100 4.52 4.38334 8.90334
77 664 0 100 3.92 5.02417 8.94417
66 658 0 100 5.04 3.96043 9.00043
93 663 0 100 4.06 4.9474 9.0074
93 631 0 100 7.19 1.94213 9.13213
66 613 0 100 8.02 1.19054 9.21054
76 675 0 100 3.32 6.01673 9.33673
112 678 0 100 3.16 6.63822 9.79822
26 682 0 100 2.37 7.66123 10.0312
123 685 0 100 2.26 7.94691 10.2069
81 626 0 100 8.96 1.655 10.615
58 690 0 100 2.12 8.72243 10.8424
28 674 0 100 5.17 5.87179 11.0418
59 634 0 100 9.07 1.993 11.063
108 688 0 100 2.86 8.5114 11.3714
92 648 0 100 8.85 2.54587 11.3959
108 670 0 100 5.94 5.45881 11.3988
120 704 0 100 0.06 11.4404 11.5004
82 653 0 100 9.05 2.86729 11.9173
82 683 0 100 4.2 7.71942 11.9194
104 684 0 100 4.2 7.72037 11.9204
119 689 0 100 3.8 8.61018 12.4102
62 681 0 100 5.07 7.56441 12.6344
62 655 0 100 9.72 2.92562 12.6456
52 695 0 100 2.59 10.159 12.749
122 654 0 100 9.96 2.89527 12.8553
115 701 0 100 2.16 10.8469 13.0069
78 707 0 100 0.85 12.4973 13.3473
78 687 0 100 5.27 8.10553 13.3755
47 691 0 100 4.53 9.04984 13.5798
72 710 0 100 0.78 12.8076 13.5876
100 677 0 100 7.35 6.44273 13.7927
100 703 0 100 2.53 11.2662 13.7962
93 706 0 100 1.88 11.9338 13.8138
100 719 0 100 1.16701e-08 13.9074 13.9074
29 693 0 100 4.09 9.829 13.919
99 717 0 100 0.34 13.8893 14.2293
102 649 0 100 11.94 2.55557 14.4956
66 705 0 100 2.83 11.6699 14.4999
80 696 0 100 4.45 10.2083 14.6583
80 722 0 100 0.27 14.4458 14.7158
79 628 0 100 13.11 1.74747 14.8575
