45 228
36 228
73 229
75 229
78 229
51 231
35 232
48 232
29 233
60 233
27 233
42 235
80 236
38 236
70 236
73 236
72 228
58 238
81 238
83 239
53 240
47 240
43 241
50 230
77 230
66 230
32 243
40 243
39 243
34 244
84 241
37 231
76 245
52 239
83 245
57 247
43 247
72 250
68 251
44 251
60 252
63 228
64 228
47 255
45 250
70 256
81 246
44 258
33 251
77 260
50 260
28 254
30 230
77 254
73 256
26 240
53 255
26 255
43 264
57 264
47 267
26 267
72 269
45 269
62 232
37 248
62 248
35 231
62 231
74 232
65 241
84 247
60 268
29 252
56 237
49 249
56 249
73 273
71 242
35 274
84 275
79 243
62 274
40 262
79 262
76 239
83 271
76 271
32 265
79 265
52 245
76 278
52 278
42 266
26 279
37 274
34 277
62 281
37 281
55 257
33 263
55 263
44 276
56 283
54 259
37 284
59 261
81 272
82 229
32 285
80 256
70 273
80 273
29 286
78 236
73 289
70 289
78 289
80 289
43 275
65 247
57 241
84 287
57 287
43 287
65 287
51 270
74 274
62 284
74 284
35 281
74 281
53 267
47 279
83 278
82 267
78 267
53 279
82 279
80 267
78 279
26 292
47 292
53 292
69 233
60 286
69 286
82 292
56 293
49 283
71 290
76 294
67 243
62 296
35 296
79 285
33 295
77 280
84 299
57 299
28 230
61 253
28 253
77 253
82 300
26 300
47 300
41 244
66 260
30 254
29 301
60 301
72 282
64 269
63 250
59 302
57 305
77 307
56 309
26 303
73 267
78 292
73 292
