45 97 1.05255
61 98 1.0714
64 99 1.27787
25 100 1.28024
44 101 1.31928
50 102 1.33478
47 103 1.46018
56 104 1.53245
62 105 1.53486
41 106 1.61539
31 107 1.64184
57 108 1.67545
59 109 1.73637
51 110 1.77642
52 111 1.77951
40 112 1.84832
36 113 1.95043
53 114 2.0085
58 115 2.13523
63 116 2.27092
49 117 2.52857
55 118 2.55814
48 119 2.56304
29 120 2.61983
33 121 2.76741
35 122 2.84528
54 123 2.94761
32 124 2.96211
64 125 3.34398
50 126 4.5884
25 127 4.72515
53 128 4.771
61 129 4.9682
57 130 5.16997
32 131 5.35113
35 132 5.59112
63 133 5.8719
36 134 6.4937
48 135 6.71915
57 136 7.60693
29 137 7.73409
25 138 7.85399
35 139 8.39585
50 140 8.59678
61 141 8.99206
47 142 9.04948
34 143 9.64454
49 144 11.1241
47 145 12.1323
36 146 12.136
48 147 12.9595
55 148 13.3602
38 149 13.4689
25 150 13.707
27 151 13.8724
34 152 14.0107
49 153 14.7667
