35 61 0 100 2.33402e-08 2.02545 2.02545
28 66 0 100 0.28 2.3953 2.6753
38 64 0 100 3.38 2.33366 5.71366
40 73 0 100 0.32 5.54021 5.86021
37 75 0 100 0.35 5.82339 6.17339
31 71 0 100 3.18 3.44071 6.62071
50 62 0 100 5.61 2.08921 7.69921
46 76 0 100 2.47 5.89785 8.36785
44 69 0 100 6.04 2.70426 8.74426
25 59 0 100 7.15 1.86542 9.01542
54 60 0 100 7.16 2.00526 9.16526
49 57 0 100 7.55 1.62462 9.17462
27 65 0 100 6.98 2.36194 9.34194
27 72 0 100 4.56 4.78233 9.34233
48 53 0 100 8.36 1.18986 9.54986
45 78 0 100 3.58 6.57233 10.1523
32 63 0 100 8.52 2.26524 10.7852
38 83 0 100 1.13 9.77999 10.91
40 81 0 100 2.54 8.55055 11.0905
40 52 0 100 10.03 1.06286 11.0929
37 67 0 100 8.88 2.42575 11.3057
37 82 0 100 1.75 9.62959 11.3796
31 85 0 100 1.42 10.4545 11.8745
53 79 0 100 5.22 7.1923 12.4123
46 51 0 100 12.56 1.05404 13.614
46 92 0 100 0.32 13.3007 13.6207
25 77 0 100 8.24 6.21086 14.4509
54 89 0 100 2.06 12.3928 14.4528
48 74 0 100 8.88 5.79318 14.6732
48 87 0 100 3.01 11.667 14.677
27 88 0 100 2.86 11.964 14.824
48 96 0 100 2.33402e-08 14.928 14.928
