64 891
41 892
51 892
32 893
57 893
70 893
69 893
30 894
53 894
73 894
54 895
44 895
45 895
27 895
51 896
25 898
39 898
62 898
73 899
53 899
68 900
46 901
67 901
57 902
26 891
69 902
32 902
29 902
26 903
64 903
59 902
71 906
29 909
69 909
57 909
27 910
45 910
44 910
58 911
32 909
56 912
67 914
49 904
45 915
44 915
60 907
58 907
62 916
39 916
48 906
66 900
44 900
45 900
68 910
34 920
39 918
62 918
69 924
57 924
61 895
27 900
54 915
44 926
54 926
74 922
64 922
29 924
53 905
61 900
45 926
51 927
31 892
57 928
41 896
46 914
69 928
43 919
46 930
59 909
32 924
59 924
29 928
59 928
70 902
33 911
45 932
42 913
71 933
48 933
39 933
50 917
29 935
32 935
69 935
59 935
70 935
54 900
44 932
54 932
51 937
68 895
61 926
68 926
69 938
59 938
29 938
32 938
64 931
58 936
44 939
55 897
59 941
29 941
69 941
39 940
26 922
45 939
68 939
61 939
61 943
68 943
45 943
66 910
66 944
68 944
48 940
38 907
60 911
28 898
25 916
62 933
25 933
33 936
72 920
34 934
74 931
41 937
51 946
41 946
40 912
29 950
56 927
40 927
39 951
33 952
43 948
59 950
32 941
68 953
69 955
29 955
59 955
35 901
62 951
34 957
59 958
69 958
50 954
30 899
53 942
30 942
67 930
27 915
45 944
27 944
66 953
45 953
27 953
46 945
44 943
55 956
51 959
62 960
74 961
73 905
58 952
38 911
52 923
49 929
54 939
73 939
27 943
54 943
39 960
48 898
25 951
69 964
72 957
65 908
72 908
39 966
62 966
51 967
68 968
62 969
45 968
44 968
54 968
45 970
44 970
31 896
41 959
34 971
40 901
35 930
40 930
67 945
35 945
40 945
60 936
35 973
67 974
43 965
