39 1518 1.0092
115 1519 1.02247
55 1520 1.02742
105 1521 1.02984
91 1522 1.03381
40 1523 1.03719
26 1524 1.0426
93 1525 1.04591
82 1526 1.05865
100 1527 1.08901
102 1528 1.09549
124 1529 1.10452
37 1530 1.13144
36 1531 1.19288
123 1532 1.20154
85 1533 1.20999
58 1534 1.23321
69 1535 1.23324
94 1536 1.2712
81 1537 1.28444
30 1538 1.31459
74 1539 1.34145
98 1540 1.38848
59 1541 1.39073
52 1542 1.40049
35 1543 1.44356
101 1544 1.4473
99 1545 1.46496
42 1546 1.46871
95 1547 1.48767
32 1548 1.48945
34 1549 1.52186
89 1550 1.61417
119 1551 1.63628
54 1552 1.68415
41 1553 1.69397
48 1554 1.69784
29 1555 1.69894
104 1556 1.71492
46 1557 1.76309
38 1558 1.77284
64 1559 1.80252
50 1560 1.91589
83 1561 2.09405
28 1562 2.16526
56 1563 2.18351
87 1564 2.18377
72 1565 2.18396
60 1566 2.18768
70 1567 2.41415
113 1568 2.5159
67 1569 2.62457
120 1570 2.62556
27 1571 2.63362
106 1572 2.64905
43 1573 2.73816
114 1574 2.74342
65 1575 2.76189
112 1576 2.76732
33 1577 2.7931
68 1578 2.80862
31 1579 2.8155
116 1580 2.88357
79 1581 2.96708
85 1582 3.68721
82 1583 3.90965
50 1584 4.1166
58 1585 4.19129
66 1586 4.259
40 1587 4.30687
64 1588 4.32515
41 1589 4.34725
89 1590 4.5429
87 1591 4.62658
48 1592 4.9435
52 1593 5.0956
105 1594 5.19857
26 1595 5.30148
113 1596 5.76546
79 1597 5.89195
102 1598 5.93061
25 1599 5.95731
30 1600 5.96325
62 1601 6.00536
43 1602 6.05686
55 1603 6.29828
35 1604 6.41698
85 1605 6.48462
94 1606 6.48536
51 1607 6.59305
92 1608 6.61516
28 1609 6.75633
38 1610 6.76336
83 1611 6.77251
60 1612 6.82993
78 1613 6.90615
56 1614 7.02242
112 1615 7.16382
49 1616 7.27556
106 1617 7.39821
63 1618 7.40892
82 1619 7.5098
105 1620 7.55548
122 1621 7.77851
93 1622 7.86695
80 1623 8.09934
87 1624 8.16668
86 1625 8.17238
27 1626 8.33144
79 1627 8.66007
92 1628 8.92228
74 1629 8.95998
91 1630 9.2049
85 1631 9.4976
38 1632 9.6003
123 1633 9.90583
81 1634 9.92813
34 1635 10.0936
57 1636 10.1156
103 1637 10.124
83 1638 10.3017
32 1639 10.3959
109 1640 10.4675
25 1641 10.5202
61 1642 10.6573
101 1643 10.716
29 1644 10.7872
63 1645 10.8436
105 1646 10.939
56 1647 10.9625
62 1648 11.011
79 1649 11.3237
92 1650 11.3629
100 1651 11.4235
52 1652 11.4507
78 1653 11.6874
94 1654 11.7172
106 1655 11.8547
117 1656 11.9989
71 1657 12.0416
68 1658 12.2034
64 1659 12.4869
57 1660 12.6078
88 1661 12.7426
53 1662 13.1245
76 1663 13.131
66 1664 13.2135
38 1665 13.3624
36 1666 13.3878
51 1667 13.6091
34 1668 13.6566
81 1669 13.7597
123 1670 13.8063
56 1671 13.9529
91 1672 14.0334
85 1673 14.0801
102 1674 14.187
105 1675 14.1916
117 1676 14.3633
47 1677 14.4204
32 1678 14.4863
29 1679 14.7083
87 1680 14.8856
61 1681 14.8962
