64 891 1.07895
41 892 1.11828
32 893 1.12006
30 894 1.18724
54 895 1.19421
51 896 1.19952
55 897 1.25653
25 898 1.28289
73 899 1.31683
68 900 1.3206
46 901 1.40558
57 902 1.40728
26 903 1.47557
49 904 1.5728
53 905 1.62415
71 906 1.63762
60 907 1.67828
65 908 1.7123
29 909 1.71535
27 910 1.75789
58 911 1.77106
56 912 2.00551
42 913 2.05622
67 914 2.08767
45 915 2.24025
62 916 2.33297
50 917 2.33669
39 918 2.52271
43 919 2.53358
34 920 2.57109
37 921 2.58311
74 922 2.58509
52 923 2.7227
69 924 2.80797
63 925 2.81479
44 926 2.93484
51 927 3.41482
57 928 4.17312
49 929 4.5248
46 930 4.53539
64 931 5.0286
45 932 5.38382
71 933 5.45712
34 934 5.60115
29 935 5.66988
58 936 5.92955
51 937 6.02154
69 938 6.12726
44 939 6.32084
39 940 6.39545
59 941 6.45489
53 942 6.49935
61 943 6.70759
66 944 6.81521
46 945 8.01892
51 946 8.34952
42 947 8.95087
43 948 9.07672
64 949 9.43048
29 950 9.46002
39 951 9.53018
33 952 9.56671
68 953 9.74449
50 954 10.0197
69 955 10.0736
55 956 10.5226
34 957 10.6342
59 958 10.8127
51 959 11.6851
62 960 11.7633
74 961 11.7725
33 962 13.1884
50 963 13.2487
69 964 13.5395
43 965 13.7656
39 966 13.7893
51 967 13.8437
68 968 14.0639
62 969 14.0992
45 970 14.1764
34 971 14.6289
46 972 14.7873
35 973 14.8604
67 974 14.9732
