80 1213 1.00213
74 1214 1.006
57 1215 1.01381
75 1216 1.03967
61 1217 1.04174
94 1218 1.04752
102 1219 1.07347
36 1220 1.07859
92 1221 1.10242
99 1222 1.11992
90 1223 1.147
98 1224 1.1562
65 1225 1.22589
42 1226 1.23233
54 1227 1.25383
32 1228 1.29301
68 1229 1.35405
100 1230 1.37361
39 1231 1.38499
103 1232 1.40141
95 1233 1.40316
79 1234 1.41569
78 1235 1.43969
27 1236 1.48234
26 1237 1.48723
47 1238 1.53005
69 1239 1.63028
88 1240 1.63317
38 1241 1.71557
71 1242 1.73358
37 1243 1.80722
70 1244 1.82829
86 1245 1.85269
50 1246 1.87795
64 1247 1.89272
82 1248 1.91023
35 1249 2.01427
62 1250 2.02799
28 1251 2.04132
77 1252 2.08012
97 1253 2.10999
73 1254 2.18153
72 1255 2.2649
29 1256 2.34347
67 1257 2.44831
84 1258 2.45672
30 1259 2.47116
66 1260 2.48052
55 1261 2.48408
52 1262 2.61525
87 1263 2.64402
91 1264 2.6581
40 1265 2.7139
41 1266 2.72977
33 1267 2.82655
59 1268 2.90475
44 1269 2.90887
76 1270 2.9391
57 1271 3.14463
61 1272 3.31203
68 1273 3.62141
80 1274 3.71636
65 1275 3.99538
86 1276 4.17997
79 1277 4.24763
94 1278 4.46331
71 1279 4.46677
30 1280 4.63281
26 1281 5.16726
66 1282 5.23881
72 1283 5.47485
69 1284 5.55281
29 1285 5.55652
46 1286 5.56877
76 1287 5.59431
61 1288 5.61053
59 1289 5.69249
102 1290 5.94616
67 1291 5.97717
97 1292 6.23101
88 1293 6.23268
65 1294 6.50796
36 1295 6.67686
50 1296 6.88623
71 1297 6.9263
84 1298 7.32815
26 1299 7.77399
68 1300 7.89765
79 1301 8.11177
51 1302 8.19026
66 1303 8.22042
61 1304 8.30058
53 1305 8.57009
85 1306 8.9155
87 1307 8.92056
65 1308 9.03782
46 1309 9.07193
31 1310 9.16396
94 1311 9.23402
47 1312 9.29343
37 1313 9.31616
86 1314 9.40792
103 1315 9.73433
77 1316 9.87196
91 1317 9.95893
97 1318 10.5211
81 1319 10.5367
40 1320 10.5672
69 1321 10.6008
87 1322 11.2845
37 1323 11.3485
53 1324 11.3508
36 1325 11.3724
70 1326 11.4182
76 1327 11.5026
71 1328 11.8761
103 1329 12.2448
101 1330 12.2507
57 1331 12.3624
69 1332 12.6729
85 1333 12.6797
28 1334 12.8139
40 1335 12.9238
95 1336 13.1203
72 1337 13.2241
36 1338 13.6529
86 1339 13.7824
91 1340 13.8676
65 1341 13.9524
87 1342 13.9691
75 1343 13.9982
54 1344 14.302
80 1345 14.31
81 1346 14.3667
88 1347 14.4345
66 1348 14.4854
58 1349 14.799
70 1350 14.8966
71 1351 14.9919
