74 1214 0 100 0.56 1.006 1.566
78 1235 0 100 0.55 1.43969 1.98969
69 1239 0 100 0.36 1.63028 1.99028
86 1245 0 100 0.14 1.85269 1.99269
37 1243 0 100 0.19 1.80722 1.99722
35 1249 0 100 0.43 2.01427 2.44427
27 1236 0 100 0.99 1.48234 2.47234
44 1269 0 100 3.50103e-08 2.90887 2.90887
65 1225 0 100 1.72 1.22589 2.94589
66 1260 0 100 0.7 2.48052 3.18052
50 1246 0 100 1.36 1.87795 3.23795
61 1272 0 100 0.21 3.31203 3.52203
61 1217 0 100 2.51 1.04174 3.55174
36 1220 0 100 2.96 1.07859 4.03859
29 1256 0 100 1.78 2.34347 4.12347
72 1255 0 100 1.86 2.2649 4.1249
32 1228 0 100 2.93 1.29301 4.22301
79 1277 0 100 2.33402e-08 4.24763 4.24763
59 1268 0 100 2.03 2.90475 4.93475
97 1253 0 100 2.84 2.10999 4.94999
64 1247 0 100 4.22 1.89272 6.11272
46 1286 0 100 0.55 5.56877 6.11877
68 1229 0 100 4.93 1.35405 6.28405
67 1291 0 100 0.31 5.97717 6.28717
68 1273 0 100 2.67 3.62141 6.29141
73 1254 0 100 4.11 2.18153 6.29153
102 1219 0 100 5.22 1.07347 6.29347
102 1290 0 100 0.35 5.94616 6.29616
76 1287 0 100 1.17 5.59431 6.76431
77 1252 0 100 5.15 2.08012 7.23012
30 1259 0 100 4.76 2.47116 7.23116
69 1284 0 100 1.68 5.55281 7.23281
57 1215 0 100 6.47 1.01381 7.48381
94 1218 0 100 6.44 1.04752 7.48752
38 1241 0 100 5.8 1.71557 7.51557
91 1264 0 100 4.86 2.6581 7.5181
40 1265 0 100 4.81 2.7139 7.5239
103 1232 0 100 6.13 1.40141 7.53141
65 1275 0 100 3.54 3.99538 7.53538
54 1227 0 100 6.38 1.25383 7.63383
26 1299 0 100 3.50103e-08 7.77399 7.77399
28 1251 0 100 5.76 2.04132 7.80132
87 1263 0 100 5.27 2.64402 7.91402
71 1279 0 100 3.49 4.46677 7.95677
26 1237 0 100 6.53 1.48723 8.01723
65 1294 0 100 1.51 6.50796 8.01796
84 1298 0 100 0.69 7.32815 8.01815
94 1278 0 100 3.56 4.46331 8.02331
57 1271 0 100 4.88 3.14463 8.02463
71 1297 0 100 1.1 6.9263 8.0263
26 1281 0 100 3 5.16726 8.16726
95 1233 0 100 7.04 1.40316 8.44316
66 1303 0 100 0.23 8.22042 8.45042
29 1285 0 100 3.78 5.55652 9.33653
79 1301 0 100 1.25 8.11177 9.36177
72 1283 0 100 4 5.47485 9.47485
88 1293 0 100 3.25 6.23268 9.48268
80 1274 0 100 7.01 3.71636 10.7264
42 1226 0 100 9.68 1.23233 10.9123
52 1262 0 100 8.3 2.61525 10.9152
75 1216 0 100 9.97 1.03967 11.0097
33 1267 0 100 8.19 2.82655 11.0166
82 1248 0 100 9.11 1.91023 11.0202
46 1309 0 100 2.39 9.07193 11.4619
41 1266 0 100 9.31 2.72977 12.0398
76 1270 0 100 9.11 2.9391 12.0491
76 1327 0 100 0.62 11.5026 12.1226
92 1221 0 100 11.2 1.10242 12.3024
86 1314 0 100 3 9.40792 12.4079
86 1276 0 100 8.23 4.17997 12.41
69 1321 0 100 1.81 10.6008 12.4108
37 1323 0 100 1.07 11.3485 12.4185
77 1316 0 100 2.55 9.87196 12.422
30 1280 0 100 7.84 4.63281 12.4728
69 1332 0 100 7.00206e-08 12.6729 12.6729
71 1242 0 100 11.04 1.73358 12.7736
31 1310 0 100 3.61 9.16396 12.774
90 1223 0 100 11.63 1.147 12.777
70 1244 0 100 10.95 1.82829 12.7783
91 1317 0 100 2.82 9.95893 12.7789
87 1307 0 100 3.86 8.92056 12.7806
103 1315 0 100 3.05 9.73433 12.7843
71 1328 0 100 0.91 11.8761 12.7861
103 1329 0 100 0.55 12.2448 12.7948
101 1330 0 100 0.58 12.2507 12.8307
70 1326 0 100 1.52 11.4182 12.9382
28 1334 0 100 0.49 12.8139 13.3039
40 1335 0 100 0.39 12.9238 13.3138
87 1322 0 100 2.15 11.2845 13.4345
84 1258 0 100 10.98 2.45672 13.4367
99 1222 0 100 12.55 1.11992 13.6699
98 1224 0 100 12.74 1.1562 13.8962
95 1336 0 100 0.78 13.1203 13.9003
50 1296 0 100 7.02 6.88623 13.9062
100 1230 0 100 12.77 1.37361 14.1436
51 1302 0 100 5.96 8.19026 14.1503
61 1288 0 100 8.54 5.61053 14.1505
79 1234 0 100 13.1 1.41569 14.5157
36 1325 0 100 3.22 11.3724 14.5924
88 1347 0 100 0.16 14.4345 14.5945
62 1250 0 100 12.95 2.02799 14.978
