0 4613
0 4614
0 4615
0 4616
0 4617
0 4618
0 4619
0 4620
0 4621
0 4622
63 4623
1 4623
111 4624
7 4624
6 4624
5 4624
4 4624
3 4624
2 4624
1 4624
97 4627
8 4627
7 4627
6 4627
5 4627
4 4627
3 4627
2 4627
1 4627
0 4628
28 4631
13 4631
14 4631
15 4631
16 4631
17 4631
18 4631
19 4631
20 4631
21 4631
22 4631
23 4631
24 4631
100 4633
5 4633
4 4633
3 4633
2 4633
1 4633
0 4635
44 4629
99 4629
13 4629
14 4629
15 4629
16 4629
17 4629
18 4629
19 4629
20 4629
21 4629
22 4629
23 4629
24 4629
39 4636
80 4636
11 4636
10 4636
9 4636
8 4636
7 4636
6 4636
5 4636
4 4636
3 4636
2 4636
1 4636
36 4639
28 4639
14 4639
15 4639
16 4639
17 4639
18 4639
19 4639
20 4639
21 4639
22 4639
23 4639
24 4639
121 4640
84 4641
14 4641
15 4641
16 4641
17 4641
18 4641
19 4641
20 4641
21 4641
22 4641
23 4641
24 4641
0 4642
95 4643
53 4643
4 4643
3 4643
2 4643
1 4643
107 4640
3 4640
2 4640
1 4640
82 4648
8 4648
7 4648
6 4648
5 4648
4 4648
3 4648
2 4648
1 4648
79 4649
8 4649
7 4649
6 4649
5 4649
4 4649
3 4649
2 4649
1 4649
0 4650
0 4655
66 4657
19 4657
20 4657
21 4657
22 4657
23 4657
24 4657
62 4658
96 4659
37 4634
0 4662
52 4660
2 4660
1 4660
58 4663
17 4663
18 4663
19 4663
20 4663
21 4663
22 4663
23 4663
24 4663
124 4665
23 4665
24 4665
25 4668
4 4668
3 4668
2 4668
1 4668
101 4652
1 4652
118 4671
23 4671
24 4671
0 4672
89 4673
97 4673
11 4673
10 4673
9 4673
8 4673
7 4673
6 4673
5 4673
4 4673
3 4673
2 4673
1 4673
43 4632
12 4632
11 4632
10 4632
9 4632
8 4632
7 4632
6 4632
5 4632
4 4632
3 4632
2 4632
1 4632
57 4646
4 4646
3 4646
2 4646
1 4646
85 4674
19 4674
20 4674
21 4674
22 4674
23 4674
24 4674
50 4651
12 4651
11 4651
10 4651
9 4651
8 4651
7 4651
6 4651
5 4651
4 4651
3 4651
2 4651
1 4651
90 4675
0 4677
29 4667
21 4667
22 4667
23 4667
24 4667
81 4676
15 4676
16 4676
17 4676
18 4676
19 4676
20 4676
21 4676
22 4676
23 4676
24 4676
54 4678
27 4679
24 4679
103 4680
22 4680
23 4680
24 4680
83 4661
28 4661
17 4661
18 4661
19 4661
20 4661
21 4661
22 4661
23 4661
24 4661
112 4682
0 4683
109 4684
51 4684
24 4684
77 4686
2 4686
1 4686
123 4659
31 4678
7 4678
6 4678
5 4678
4 4678
3 4678
2 4678
1 4678
31 4687
7 4687
6 4687
5 4687
4 4687
3 4687
2 4687
1 4687
0 4689
76 4690
80 4690
15 4690
16 4690
17 4690
18 4690
19 4690
20 4690
21 4690
22 4690
23 4690
24 4690
115 4691
20 4691
21 4691
22 4691
23 4691
24 4691
59 4659
119 4675
18 4675
19 4675
20 4675
21 4675
22 4675
23 4675
24 4675
51 4692
102 4694
5 4694
4 4694
3 4694
2 4694
1 4694
0 4695
94 4630
32 4653
28 4653
18 4653
19 4653
20 4653
21 4653
22 4653
23 4653
24 4653
117 4630
1 4630
107 4669
7 4669
6 4669
5 4669
4 4669
3 4669
2 4669
1 4669
29 4682
23 4682
24 4682
0 4697
30 4698
17 4698
18 4698
19 4698
20 4698
21 4698
22 4698
23 4698
24 4698
59 4696
1 4696
70 4699
17 4699
18 4699
19 4699
20 4699
21 4699
22 4699
23 4699
24 4699
0 4700
47 4664
21 4664
22 4664
23 4664
24 4664
71 4703
14 4703
15 4703
16 4703
17 4703
18 4703
19 4703
20 4703
21 4703
22 4703
23 4703
24 4703
73 4637
24 4637
120 4638
2 4638
1 4638
0 4704
78 4705
8 4705
7 4705
6 4705
5 4705
4 4705
3 4705
2 4705
1 4705
122 4706
49 4647
22 4647
23 4647
24 4647
108 4708
0 4709
63 4706
104 4710
11 4710
10 4710
9 4710
8 4710
7 4710
6 4710
5 4710
4 4710
3 4710
2 4710
1 4710
0 4712
123 4713
109 4713
2 4713
1 4713
56 4656
14 4656
15 4656
16 4656
17 4656
18 4656
19 4656
20 4656
21 4656
22 4656
23 4656
24 4656
46 4714
105 4701
2 4701
1 4701
26 4717
105 4717
2 4717
1 4717
98 4718
106 4719
18 4719
19 4719
20 4719
21 4719
22 4719
23 4719
24 4719
75 4715
20 4715
21 4715
22 4715
23 4715
24 4715
0 4722
34 4724
6 4724
5 4724
4 4724
3 4724
2 4724
1 4724
80 4725
18 4725
19 4725
20 4725
21 4725
22 4725
23 4725
24 4725
68 4685
8 4685
7 4685
6 4685
5 4685
4 4685
3 4685
2 4685
1 4685
0 4726
30 4714
20 4714
21 4714
22 4714
23 4714
24 4714
81 4708
20 4708
21 4708
22 4708
23 4708
24 4708
74 4728
86 4702
77 4702
6 4702
5 4702
4 4702
3 4702
2 4702
1 4702
114 4729
101 4729
77 4729
6 4729
5 4729
4 4729
3 4729
2 4729
1 4729
0 4733
119 4734
22 4734
23 4734
24 4734
117 4736
5 4736
4 4736
3 4736
2 4736
1 4736
72 4737
3 4737
2 4737
1 4737
87 4738
2 4738
1 4738
0 4739
42 4721
0 4741
38 4730
16 4730
17 4730
18 4730
19 4730
20 4730
21 4730
22 4730
23 4730
24 4730
97 4721
18 4721
19 4721
20 4721
21 4721
22 4721
23 4721
24 4721
41 4735
0 4742
92 4732
57 4732
11 4732
10 4732
9 4732
8 4732
7 4732
6 4732
5 4732
4 4732
3 4732
2 4732
1 4732
73 4728
3 4728
2 4728
1 4728
87 4735
73 4735
3 4735
2 4735
1 4735
33 4716
14 4716
15 4716
16 4716
17 4716
18 4716
19 4716
20 4716
21 4716
22 4716
23 4716
24 4716
0 4743
44 4744
23 4744
24 4744
65 4731
49 4731
1 4731
0 4745
45 4644
10 4644
9 4644
8 4644
7 4644
6 4644
5 4644
4 4644
3 4644
2 4644
1 4644
0 4747
55 4625
99 4740
110 4727
67 4707
2 4707
1 4707
96 4748
51 4748
7 4748
6 4748
5 4748
4 4748
3 4748
2 4748
1 4748
90 4740
99 4727
90 4727
0 4749
35 4681
61 4670
0 4751
80 4670
23 4670
24 4670
25 4706
14 4706
15 4706
16 4706
17 4706
18 4706
19 4706
20 4706
21 4706
22 4706
23 4706
24 4706
113 4723
7 4723
6 4723
5 4723
4 4723
3 4723
2 4723
1 4723
43 4753
22 4753
23 4753
24 4753
0 4754
83 4625
90 4625
1 4625
88 4666
36 4750
90 4750
1 4750
28 4746
90 4746
1 4746
25 4755
14 4755
15 4755
16 4755
17 4755
18 4755
19 4755
20 4755
21 4755
22 4755
23 4755
24 4755
0 4756
64 4626
10 4626
9 4626
8 4626
7 4626
6 4626
5 4626
4 4626
3 4626
2 4626
1 4626
77 4758
12 4758
11 4758
10 4758
9 4758
8 4758
7 4758
6 4758
5 4758
4 4758
3 4758
2 4758
1 4758
0 4759
97 4760
22 4760
23 4760
24 4760
0 4762
30 4666
93 4711
91 4688
94 4764
46 4711
1 4711
83 4757
90 4757
3 4757
2 4757
1 4757
0 4767
32 4681
121 4765
17 4765
18 4765
19 4765
20 4765
21 4765
22 4765
23 4765
24 4765
0 4768
0 4769
124 4770
123 4770
11 4770
10 4770
9 4770
8 4770
7 4770
6 4770
5 4770
4 4770
3 4770
2 4770
1 4770
117 4764
12 4764
11 4764
10 4764
9 4764
8 4764
7 4764
6 4764
5 4764
4 4764
3 4764
2 4764
1 4764
95 4771
20 4771
21 4771
22 4771
23 4771
24 4771
0 4772
53 4634
20 4634
21 4634
22 4634
23 4634
24 4634
0 4773
0 4774
105 4775
12 4775
11 4775
10 4775
9 4775
8 4775
7 4775
6 4775
5 4775
4 4775
3 4775
2 4775
1 4775
111 4776
55 4681
5 4681
4 4681
3 4681
2 4681
1 4681
62 4688
3 4688
2 4688
1 4688
0 4777
107 4778
19 4778
20 4778
21 4778
22 4778
23 4778
24 4778
78 4718
20 4718
21 4718
22 4718
23 4718
24 4718
26 4779
13 4779
14 4779
15 4779
16 4779
17 4779
18 4779
19 4779
20 4779
21 4779
22 4779
23 4779
24 4779
0 4781
79 4782
0 4783
81 4766
72 4785
13 4785
14 4785
15 4785
16 4785
17 4785
18 4785
19 4785
20 4785
21 4785
22 4785
23 4785
24 4785
0 4787
71 4788
116 4645
24 4645
117 4786
16 4786
17 4786
18 4786
19 4786
20 4786
21 4786
22 4786
23 4786
24 4786
97 4788
3 4788
2 4788
1 4788
0 4790
0 4792
37 4761
48 4658
6 4658
5 4658
4 4658
3 4658
2 4658
1 4658
0 4795
60 4654
10 4654
9 4654
8 4654
7 4654
6 4654
5 4654
4 4654
3 4654
2 4654
1 4654
29 4797
14 4797
15 4797
16 4797
17 4797
18 4797
19 4797
20 4797
21 4797
22 4797
23 4797
24 4797
40 4693
19 4693
20 4693
21 4693
22 4693
23 4693
24 4693
106 4798
0 4799
39 4798
7 4798
6 4798
5 4798
4 4798
3 4798
2 4798
1 4798
31 4800
108 4666
8 4666
7 4666
6 4666
5 4666
4 4666
3 4666
2 4666
1 4666
101 4801
41 4802
87 4802
15 4802
16 4802
17 4802
18 4802
19 4802
20 4802
21 4802
22 4802
23 4802
24 4802
44 4803
9 4803
8 4803
7 4803
6 4803
5 4803
4 4803
3 4803
2 4803
1 4803
42 4804
5 4804
4 4804
3 4804
2 4804
1 4804
0 4805
103 4806
100 4761
87 4806
15 4806
16 4806
17 4806
18 4806
19 4806
20 4806
21 4806
22 4806
23 4806
24 4806
104 4761
1 4761
114 4808
0 4810
70 4766
9 4766
8 4766
7 4766
6 4766
5 4766
4 4766
3 4766
2 4766
1 4766
84 4812
0 4813
113 4814
17 4814
18 4814
19 4814
20 4814
21 4814
22 4814
23 4814
24 4814
108 4818
9 4818
8 4818
7 4818
6 4818
5 4818
4 4818
3 4818
2 4818
1 4818
118 4811
0 4819
39 4821
9 4821
8 4821
7 4821
6 4821
5 4821
4 4821
3 4821
2 4821
1 4821
51 4794
19 4794
20 4794
21 4794
22 4794
23 4794
24 4794
115 4823
0 4824
35 4825
55 4825
44 4825
11 4825
10 4825
9 4825
8 4825
7 4825
6 4825
5 4825
4 4825
3 4825
2 4825
1 4825
34 4808
22 4808
23 4808
24 4808
98 4807
54 4826
2 4826
1 4826
63 4820
0 4827
121 4807
122 4807
1 4807
98 4820
65 4829
47 4829
15 4829
16 4829
17 4829
18 4829
19 4829
20 4829
21 4829
22 4829
23 4829
24 4829
0 4833
69 4720
90 4812
55 4812
44 4812
12 4812
11 4812
10 4812
9 4812
8 4812
7 4812
6 4812
5 4812
4 4812
3 4812
2 4812
1 4812
121 4820
122 4820
2 4820
1 4820
0 4834
122 4835
2 4835
1 4835
97 4837
8 4837
7 4837
6 4837
5 4837
4 4837
3 4837
2 4837
1 4837
64 4838
22 4838
23 4838
24 4838
58 4793
15 4793
16 4793
17 4793
18 4793
19 4793
20 4793
21 4793
22 4793
23 4793
24 4793
47 4841
16 4841
17 4841
18 4841
19 4841
20 4841
21 4841
22 4841
23 4841
24 4841
62 4832
11 4832
10 4832
9 4832
8 4832
7 4832
6 4832
5 4832
4 4832
3 4832
2 4832
1 4832
85 4842
90 4843
55 4843
0 4844
28 4840
14 4840
15 4840
16 4840
17 4840
18 4840
19 4840
20 4840
21 4840
22 4840
23 4840
24 4840
124 4845
21 4845
22 4845
23 4845
24 4845
75 4809
13 4809
14 4809
15 4809
16 4809
17 4809
18 4809
19 4809
20 4809
21 4809
22 4809
23 4809
24 4809
93 4847
13 4847
14 4847
15 4847
16 4847
17 4847
18 4847
19 4847
20 4847
21 4847
22 4847
23 4847
24 4847
57 4791
2 4791
1 4791
27 4848
0 4849
115 4842
17 4842
18 4842
19 4842
20 4842
21 4842
22 4842
23 4842
24 4842
51 4848
22 4848
23 4848
24 4848
104 4850
5 4850
4 4850
3 4850
2 4850
1 4850
45 4852
32 4816
66 4752
19 4752
20 4752
21 4752
22 4752
23 4752
24 4752
55 4816
14 4816
15 4816
16 4816
17 4816
18 4816
19 4816
20 4816
21 4816
22 4816
23 4816
24 4816
55 4853
14 4853
15 4853
16 4853
17 4853
18 4853
19 4853
20 4853
21 4853
22 4853
23 4853
24 4853
0 4854
96 4855
118 4855
67 4856
17 4856
18 4856
19 4856
20 4856
21 4856
22 4856
23 4856
24 4856
26 4855
105 4855
21 4855
22 4855
23 4855
24 4855
86 4859
0 4860
77 4801
53 4800
54 4800
5 4800
4 4800
3 4800
2 4800
1 4800
78 4862
122 4862
4 4862
3 4862
2 4862
1 4862
49 4823
18 4823
19 4823
20 4823
21 4823
22 4823
23 4823
24 4823
0 4863
94 4858
117 4858
24 4858
120 4839
24 4839
0 4864
114 4801
86 4801
1 4801
34 4861
114 4861
86 4861
1 4861
119 4865
73 4831
21 4831
22 4831
23 4831
24 4831
30 4866
61 4867
14 4867
15 4867
16 4867
17 4867
18 4867
19 4867
20 4867
21 4867
22 4867
23 4867
24 4867
0 4868
108 4866
15 4866
16 4866
17 4866
18 4866
19 4866
20 4866
21 4866
22 4866
23 4866
24 4866
80 4869
48 4869
14 4869
15 4869
16 4869
17 4869
18 4869
19 4869
20 4869
21 4869
22 4869
23 4869
24 4869
59 4857
51 4857
24 4857
0 4870
74 4871
73 4871
22 4871
23 4871
24 4871
0 4872
99 4873
17 4873
18 4873
19 4873
20 4873
21 4873
22 4873
23 4873
24 4873
110 4874
75 4874
17 4874
18 4874
19 4874
20 4874
21 4874
22 4874
23 4874
24 4874
112 4763
22 4763
23 4763
24 4763
0 4875
0 4878
109 4811
27 4811
1 4811
44 4843
18 4843
19 4843
20 4843
21 4843
22 4843
23 4843
24 4843
0 4879
89 4784
14 4784
15 4784
16 4784
17 4784
18 4784
19 4784
20 4784
21 4784
22 4784
23 4784
24 4784
87 4880
24 4880
25 4881
7 4881
6 4881
5 4881
4 4881
3 4881
2 4881
1 4881
41 4882
0 4883
76 4815
17 4815
18 4815
19 4815
20 4815
21 4815
22 4815
23 4815
24 4815
0 4884
0 4886
123 4836
52 4817
7 4817
6 4817
5 4817
4 4817
3 4817
2 4817
1 4817
0 4887
82 4796
15 4796
16 4796
17 4796
18 4796
19 4796
20 4796
21 4796
22 4796
23 4796
24 4796
0 4891
100 4892
92 4893
10 4893
9 4893
8 4893
7 4893
6 4893
5 4893
4 4893
3 4893
2 4893
1 4893
70 4830
20 4830
21 4830
22 4830
23 4830
24 4830
104 4892
13 4892
14 4892
15 4892
16 4892
17 4892
18 4892
19 4892
20 4892
21 4892
22 4892
23 4892
24 4892
0 4894
77 4896
7 4896
6 4896
5 4896
4 4896
3 4896
2 4896
1 4896
0 4898
118 4836
0 4901
107 4902
11 4902
10 4902
9 4902
8 4902
7 4902
6 4902
5 4902
4 4902
3 4902
2 4902
1 4902
35 4903
110 4903
22 4903
23 4903
24 4903
0 4904
88 4877
22 4877
23 4877
24 4877
0 4906
53 4890
14 4890
15 4890
16 4890
17 4890
18 4890
19 4890
20 4890
21 4890
22 4890
23 4890
24 4890
71 4907
83 4909
32 4909
55 4909
23 4909
24 4909
65 4908
2 4908
1 4908
32 4910
122 4911
13 4911
14 4911
15 4911
16 4911
17 4911
18 4911
19 4911
20 4911
21 4911
22 4911
23 4911
24 4911
0 4912
36 4889
56 4780
18 4780
19 4780
20 4780
21 4780
22 4780
23 4780
24 4780
68 4720
11 4720
10 4720
9 4720
8 4720
7 4720
6 4720
5 4720
4 4720
3 4720
2 4720
1 4720
45 4913
10 4913
9 4913
8 4913
7 4913
6 4913
5 4913
4 4913
3 4913
2 4913
1 4913
31 4915
14 4915
15 4915
16 4915
17 4915
18 4915
19 4915
20 4915
21 4915
22 4915
23 4915
24 4915
0 4916
114 4888
90 4865
85 4914
86 4888
10 4888
9 4888
8 4888
7 4888
6 4888
5 4888
4 4888
3 4888
2 4888
1 4888
81 4917
23 4917
24 4917
0 4918
105 4919
7 4919
6 4919
5 4919
4 4919
3 4919
2 4919
1 4919
108 4924
48 4924
23 4924
24 4924
84 4889
1 4889
0 4925
46 4876
88 4876
24 4876
42 4922
21 4922
22 4922
23 4922
24 4922
117 4926
9 4926
8 4926
7 4926
6 4926
5 4926
4 4926
3 4926
2 4926
1 4926
104 4921
17 4921
18 4921
19 4921
20 4921
21 4921
22 4921
23 4921
24 4921
51 4927
8 4927
7 4927
6 4927
5 4927
4 4927
3 4927
2 4927
1 4927
121 4928
0 4929
122 4928
15 4928
16 4928
17 4928
18 4928
19 4928
20 4928
21 4928
22 4928
23 4928
24 4928
50 4851
73 4930
29 4930
6 4930
5 4930
4 4930
3 4930
2 4930
1 4930
0 4931
42 4851
22 4851
23 4851
24 4851
36 4865
2 4865
1 4865
48 4932
24 4932
103 4882
87 4882
7 4882
6 4882
5 4882
4 4882
3 4882
2 4882
1 4882
0 4934
91 4900
39 4900
0 4935
66 4936
7 4936
6 4936
5 4936
4 4936
3 4936
2 4936
1 4936
0 4937
111 4920
23 4920
24 4920
39 4938
1 4938
61 4939
1 4939
0 4940
37 4942
19 4942
20 4942
21 4942
22 4942
23 4942
24 4942
87 4941
9 4941
8 4941
7 4941
6 4941
5 4941
4 4941
3 4941
2 4941
1 4941
84 4943
4 4943
3 4943
2 4943
1 4943
119 4944
4 4944
3 4944
2 4944
1 4944
49 4914
6 4914
5 4914
4 4914
3 4914
2 4914
1 4914
0 4947
58 4945
5 4945
4 4945
3 4945
2 4945
1 4945
112 4950
8 4950
7 4950
6 4950
5 4950
4 4950
3 4950
2 4950
1 4950
63 4952
92 4952
0 4953
38 4822
23 4822
24 4822
44 4910
75 4910
3 4910
2 4910
1 4910
101 4954
98 4955
0 4956
94 4951
117 4951
13 4951
14 4951
15 4951
16 4951
17 4951
18 4951
19 4951
20 4951
21 4951
22 4951
23 4951
24 4951
57 4952
18 4952
19 4952
20 4952
21 4952
22 4952
23 4952
24 4952
0 4959
72 4895
12 4895
11 4895
10 4895
9 4895
8 4895
7 4895
6 4895
5 4895
4 4895
3 4895
2 4895
1 4895
0 4960
79 4923
0 4963
77 4966
17 4966
18 4966
19 4966
20 4966
21 4966
22 4966
23 4966
24 4966
115 4962
10 4962
9 4962
8 4962
7 4962
6 4962
5 4962
4 4962
3 4962
2 4962
1 4962
0 4967
55 4968
110 4968
6 4968
5 4968
4 4968
3 4968
2 4968
1 4968
90 4969
7 4969
6 4969
5 4969
4 4969
3 4969
2 4969
1 4969
0 4970
25 4971
57 4971
20 4971
21 4971
22 4971
23 4971
24 4971
102 4828
20 4828
21 4828
22 4828
23 4828
24 4828
38 4923
1 4923
69 4933
45 4933
18 4933
19 4933
20 4933
21 4933
22 4933
23 4933
24 4933
95 4846
0 4974
106 4973
123 4975
51 4975
15 4975
16 4975
17 4975
18 4975
19 4975
20 4975
21 4975
22 4975
23 4975
24 4975
54 4972
23 4972
24 4972
34 4976
18 4976
19 4976
20 4976
21 4976
22 4976
23 4976
24 4976
86 4954
18 4954
19 4954
20 4954
21 4954
22 4954
23 4954
24 4954
30 4977
70 4977
6 4977
5 4977
4 4977
3 4977
2 4977
1 4977
0 4978
33 4897
24 4897
116 4946
99 4979
8 4979
7 4979
6 4979
5 4979
4 4979
3 4979
2 4979
1 4979
40 4885
18 4885
19 4885
20 4885
21 4885
22 4885
23 4885
24 4885
0 4980
78 4965
32 4983
9 4983
8 4983
7 4983
6 4983
5 4983
4 4983
3 4983
2 4983
1 4983
93 4984
8 4984
7 4984
6 4984
5 4984
4 4984
3 4984
2 4984
1 4984
0 4985
120 4986
17 4986
18 4986
19 4986
20 4986
21 4986
22 4986
23 4986
24 4986
27 4957
17 4957
18 4957
19 4957
20 4957
21 4957
22 4957
23 4957
24 4957
96 4988
27 4988
17 4988
18 4988
19 4988
20 4988
21 4988
22 4988
23 4988
24 4988
0 4989
70 4987
8 4987
7 4987
6 4987
5 4987
4 4987
3 4987
2 4987
1 4987
76 4991
91 4991
7 4991
6 4991
5 4991
4 4991
3 4991
2 4991
1 4991
61 4973
91 4973
7 4973
6 4973
5 4973
4 4973
3 4973
2 4973
1 4973
60 4949
11 4949
10 4949
9 4949
8 4949
7 4949
6 4949
5 4949
4 4949
3 4949
2 4949
1 4949
0 4992
41 4993
0 4996
122 4955
121 4955
24 4955
107 4965
53 4846
80 4995
98 4965
0 4998
92 4982
64 4997
20 4997
21 4997
22 4997
23 4997
24 4997
29 4961
16 4961
17 4961
18 4961
19 4961
20 4961
21 4961
22 4961
23 4961
24 4961
110 4999
11 4999
10 4999
9 4999
8 4999
7 4999
6 4999
5 4999
4 4999
3 4999
2 4999
1 4999
50 5000
7 5000
6 5000
5 5000
4 5000
3 5000
2 5000
1 5000
0 5002
73 4993
29 4993
16 4993
17 4993
18 4993
19 4993
20 4993
21 4993
22 4993
23 4993
24 4993
100 5003
3 5003
2 5003
1 5003
43 4899
8 4899
7 4899
6 4899
5 4899
4 4899
3 4899
2 4899
1 4899
114 5004
22 5004
23 5004
24 5004
97 5005
7 5005
6 5005
5 5005
4 5005
3 5005
2 5005
1 5005
62 5006
91 5006
9 5006
8 5006
7 5006
6 5006
5 5006
4 5006
3 5006
2 5006
1 5006
0 5007
89 4907
7 4907
6 4907
5 4907
4 4907
3 4907
2 4907
1 4907
71 5008
89 5008
7 5008
6 5008
5 5008
4 5008
3 5008
2 5008
1 5008
0 5010
85 5011
65 5011
15 5011
16 5011
17 5011
18 5011
19 5011
20 5011
21 5011
22 5011
23 5011
24 5011
118 4964
20 4964
21 4964
22 4964
23 4964
24 4964
0 5012
82 5013
7 5013
6 5013
5 5013
4 5013
3 5013
2 5013
1 5013
54 4846
3 4846
2 4846
1 4846
124 4948
21 4948
22 4948
23 4948
24 4948
74 5014
0 5016
63 4982
2 4982
1 4982
109 5017
21 5017
22 5017
23 5017
24 5017
87 5014
19 5014
20 5014
21 5014
22 5014
23 5014
24 5014
47 4958
16 4958
17 4958
18 4958
19 4958
20 4958
21 4958
22 4958
23 4958
24 4958
113 4905
20 4905
21 4905
22 4905
23 4905
24 4905
75 4981
13 4981
14 4981
15 4981
16 4981
17 4981
18 4981
19 4981
20 4981
21 4981
22 4981
23 4981
24 4981
0 5021
68 5009
0 5022
65 5023
17 5023
18 5023
19 5023
20 5023
21 5023
22 5023
23 5023
24 5023
87 5024
20 5024
21 5024
22 5024
23 5024
24 5024
52 5009
69 5009
1 5009
0 5026
56 5027
9 5027
8 5027
7 5027
6 5027
5 5027
4 5027
3 5027
2 5027
1 5027
0 5028
72 5029
113 5029
22 5029
23 5029
24 5029
0 5030
0 5032
67 5001
19 5001
20 5001
21 5001
22 5001
23 5001
24 5001
42 5025
12 5025
11 5025
10 5025
9 5025
8 5025
7 5025
6 5025
5 5025
4 5025
3 5025
2 5025
1 5025
0 5033
59 5020
51 5018
111 5034
12 5034
11 5034
10 5034
9 5034
8 5034
7 5034
6 5034
5 5034
4 5034
3 5034
2 5034
1 5034
83 5035
17 5035
18 5035
19 5035
20 5035
21 5035
22 5035
23 5035
24 5035
26 4836
24 4836
0 5036
0 5037
31 5038
8 5038
7 5038
6 5038
5 5038
4 5038
3 5038
2 5038
1 5038
0 5039
35 5031
110 5031
18 5031
19 5031
20 5031
21 5031
22 5031
23 5031
24 5031
120 5020
55 5040
110 5040
18 5040
19 5040
20 5040
21 5040
22 5040
23 5040
24 5040
84 5015
19 5015
20 5015
21 5015
22 5015
23 5015
24 5015
52 5041
5 5041
4 5041
3 5041
2 5041
1 5041
0 5042
51 5020
109 5020
1 5020
124 5018
109 5018
1 5018
101 5043
4 5043
3 5043
2 5043
1 5043
107 5044
8 5044
7 5044
6 5044
5 5044
4 5044
3 5044
2 5044
1 5044
0 5046
61 4995
79 5047
82 5047
13 5047
14 5047
15 5047
16 5047
17 5047
18 5047
19 5047
20 5047
21 5047
22 5047
23 5047
24 5047
94 5048
59 5048
108 5049
106 5049
109 5048
2 5048
1 5048
39 5049
17 5049
18 5049
19 5049
20 5049
21 5049
22 5049
23 5049
24 5049
103 5050
0 5051
36 5019
20 5019
21 5019
22 5019
23 5019
24 5019
123 5053
109 5053
2 5053
1 5053
93 5045
19 5045
20 5045
21 5045
22 5045
23 5045
24 5045
0 5054
0 5057
28 4990
21 4990
22 4990
23 4990
24 4990
0 5060
105 5061
3 5061
2 5061
1 5061
0 5064
73 5062
53 5065
12 5065
11 5065
10 5065
9 5065
8 5065
7 5065
6 5065
5 5065
4 5065
3 5065
2 5065
1 5065
117 5066
59 5066
109 5066
4 5066
3 5066
2 5066
1 5066
44 5068
98 5058
11 5058
10 5058
9 5058
8 5058
7 5058
6 5058
5 5058
4 5058
3 5058
2 5058
1 5058
0 5070
46 5071
20 5071
21 5071
22 5071
23 5071
24 5071
81 5072
20 5072
21 5072
22 5072
23 5072
24 5072
88 5073
39 5056
20 5056
21 5056
22 5056
23 5056
24 5056
0 5076
91 4995
20 4995
21 4995
22 4995
23 4995
24 4995
76 5078
91 5078
20 5078
21 5078
22 5078
23 5078
24 5078
0 5080
99 5081
41 5084
0 5085
82 5083
17 5083
18 5083
19 5083
20 5083
21 5083
22 5083
23 5083
24 5083
121 5086
12 5086
11 5086
10 5086
9 5086
8 5086
7 5086
6 5086
5 5086
4 5086
3 5086
2 5086
1 5086
25 5074
12 5074
11 5074
10 5074
9 5074
8 5074
7 5074
6 5074
5 5074
4 5074
3 5074
2 5074
1 5074
75 5081
23 5081
24 5081
43 5069
20 5069
21 5069
22 5069
23 5069
24 5069
0 5087
113 5090
5 5090
4 5090
3 5090
2 5090
1 5090
57 5091
12 5091
11 5091
10 5091
9 5091
8 5091
7 5091
6 5091
5 5091
4 5091
3 5091
2 5091
1 5091
89 5092
19 5092
20 5092
21 5092
22 5092
23 5092
24 5092
104 5093
15 5093
16 5093
17 5093
18 5093
19 5093
20 5093
21 5093
22 5093
23 5093
24 5093
119 5055
112 5094
3 5094
2 5094
1 5094
95 5089
15 5089
16 5089
17 5089
18 5089
19 5089
20 5089
21 5089
22 5089
23 5089
24 5089
0 5097
78 5098
0 5099
29 5096
5 5096
4 5096
3 5096
2 5096
1 5096
49 5077
63 5095
25 5095
13 5095
14 5095
15 5095
16 5095
17 5095
18 5095
19 5095
20 5095
21 5095
22 5095
23 5095
24 5095
48 5100
23 5100
24 5100
38 5075
19 5075
20 5075
21 5075
22 5075
23 5075
24 5075
0 5101
62 5102
0 5103
106 5104
91 5104
23 5104
24 5104
0 5106
70 5063
47 5077
4 5077
3 5077
2 5077
1 5077
77 5079
37 5108
17 5108
18 5108
19 5108
20 5108
21 5108
22 5108
23 5108
24 5108
0 5111
93 5068
36 5055
61 5102
91 5102
24 5102
45 4994
13 4994
14 4994
15 4994
16 4994
17 4994
18 4994
19 4994
20 4994
21 4994
22 4994
23 4994
24 4994
0 5112
30 5073
69 5088
14 5088
15 5088
16 5088
17 5088
18 5088
19 5088
20 5088
21 5088
22 5088
23 5088
24 5088
96 5110
10 5110
9 5110
8 5110
7 5110
6 5110
5 5110
4 5110
3 5110
2 5110
1 5110
0 5115
81 5073
115 5107
85 5107
6 5107
5 5107
4 5107
3 5107
2 5107
1 5107
58 5105
60 5105
4 5105
3 5105
2 5105
1 5105
72 5116
0 5117
108 5063
48 5063
1 5063
64 5119
12 5119
11 5119
10 5119
9 5119
8 5119
7 5119
6 5119
5 5119
4 5119
3 5119
2 5119
1 5119
70 5073
48 5073
1 5073
0 5121
34 5067
14 5067
15 5067
16 5067
17 5067
18 5067
19 5067
20 5067
21 5067
22 5067
23 5067
24 5067
27 5123
107 5122
18 5122
19 5122
20 5122
21 5122
22 5122
23 5122
24 5122
114 5124
14 5124
15 5124
16 5124
17 5124
18 5124
19 5124
20 5124
21 5124
22 5124
23 5124
24 5124
0 5125
