67 4153 0 100 1.16701e-08 1.03249 1.03249
92 4156 0 100 0.01 1.08017 1.09017
102 4158 0 100 0.02 1.10049 1.12049
82 4160 0 100 1.28371e-07 1.12979 1.12979
114 4162 0 100 9.33608e-08 1.16217 1.16217
89 4168 0 100 1.51711e-07 1.29017 1.29017
98 4170 0 100 1.51711e-07 1.30076 1.30076
56 4171 0 100 1.05031e-07 1.32372 1.32372
73 4172 0 100 0.1 1.32499 1.42499
107 4159 0 100 0.36 1.11336 1.47336
58 4177 0 100 0.0500001 1.45475 1.50475
49 4163 0 100 0.39 1.19707 1.58707
65 4182 0 100 1.40041e-07 1.58864 1.58864
85 4184 0 100 1.40041e-07 1.59363 1.59363
52 4190 0 100 5.83505e-08 1.68178 1.68178
83 4195 0 100 1.40041e-07 1.75544 1.75544
94 4196 0 100 1.16701e-07 1.76291 1.76291
35 4193 0 100 0.04 1.73855 1.77855
77 4192 0 100 0.07 1.73489 1.80489
44 4191 0 100 0.13 1.68213 1.81213
68 4179 0 100 0.36 1.50669 1.86669
96 4204 0 100 1.05031e-07 1.90363 1.90363
75 4201 0 100 0.0300001 1.90118 1.93118
101 4181 0 100 0.4 1.56493 1.96493
93 4174 0 100 0.61 1.36798 1.97798
95 4189 0 100 0.31 1.67846 1.98846
51 4200 0 100 0.1 1.89063 1.99063
106 4208 0 100 4.66804e-08 2.02202 2.02202
61 4209 0 100 0.03 2.02667 2.05667
45 4210 0 100 0.02 2.041 2.061
59 4188 0 100 0.44 1.65847 2.09847
99 4175 0 100 0.73 1.39856 2.12856
86 4197 0 100 0.35 1.78085 2.13085
34 4213 0 100 5.83505e-08 2.13451 2.13451
31 4216 0 100 1.51711e-07 2.1479 2.1479
48 4185 0 100 0.53 1.62172 2.15172
74 4166 0 100 0.97 1.23582 2.20582
57 4178 0 100 0.89 1.46915 2.35915
36 4183 0 100 0.78 1.59111 2.37111
63 4223 0 100 0.0600001 2.36034 2.42034
110 4224 0 100 0.0300001 2.40599 2.43599
37 4229 0 100 0.01 2.50917 2.51917
40 4219 0 100 0.22 2.30203 2.52203
71 4231 0 100 0.0100001 2.52763 2.53763
76 4164 0 100 1.34 1.20009 2.54009
38 4187 0 100 0.9 1.64504 2.54504
109 4221 0 100 0.24 2.3189 2.5589
50 4234 0 100 4.66804e-08 2.56802 2.56802
41 4235 0 100 8.16907e-08 2.59345 2.59345
113 4233 0 100 0.07 2.54287 2.61287
27 4237 0 100 3.50103e-08 2.64541 2.64541
100 4165 0 100 1.46 1.20329 2.66329
72 4226 0 100 0.25 2.45123 2.70123
97 4242 0 100 0.01 2.70174 2.71174
46 4207 0 100 0.71 2.00923 2.71923
69 4246 0 100 8.16907e-08 2.75195 2.75195
108 4240 0 100 0.0800001 2.69552 2.77552
53 4243 0 100 0.0800001 2.71527 2.79527
43 4247 0 100 8.16907e-08 2.81297 2.81297
60 4206 0 100 0.85 1.97048 2.82048
26 4248 0 100 1.16701e-07 2.8209 2.82091
47 4249 0 100 7.00206e-08 2.82713 2.82713
80 4198 0 100 1.09 1.78205 2.87205
112 4244 0 100 0.14 2.73246 2.87246
105 4252 0 100 9.33608e-08 2.90386 2.90386
29 4256 0 100 1.51711e-07 2.92254 2.92255
39 4228 0 100 0.43 2.50794 2.93794
33 4259 0 100 3.50103e-08 2.97551 2.97551
32 4202 0 100 1.08 1.90135 2.98135
84 4227 0 100 0.61 2.48153 3.09153
25 4203 0 100 1.2 1.90219 3.10219
28 4253 0 100 0.2 2.90975 3.10975
104 4257 0 100 0.19 2.93112 3.12112
64 4157 0 100 2.37 1.09939 3.46939
54 4241 0 100 0.82 2.69859 3.51859
87 4251 0 100 0.75 2.86365 3.61365
81 4255 0 100 0.76 2.92144 3.68144
103 4169 0 100 2.48 1.29909 3.77909
44 4269 0 100 0.0600001 3.85902 3.91902
35 4272 0 100 0.0300001 3.991 4.021
70 4155 0 100 3.02 1.04355 4.06355
55 4220 0 100 1.9 2.3055 4.2055
48 4273 0 100 0.19 4.02263 4.21263
34 4278 0 100 8.16907e-08 4.24344 4.24344
82 4279 0 100 8.16907e-08 4.27903 4.27903
114 4281 0 100 4.66804e-08 4.31452 4.31452
89 4280 0 100 0.04 4.30208 4.34208
90 4239 0 100 1.75 2.66425 4.41425
99 4285 0 100 1.16701e-08 4.41685 4.41685
30 4230 0 100 1.91 2.52597 4.43597
78 4254 0 100 1.54 2.91181 4.45181
68 4288 0 100 1.51711e-07 4.48554 4.48554
74 4287 0 100 0.02 4.473 4.493
67 4270 0 100 0.65 3.86654 4.51654
111 4218 0 100 2.39 2.25498 4.64498
56 4292 0 100 2.33402e-08 4.70306 4.70306
41 4293 0 100 1.16701e-07 4.72853 4.72853
100 4291 0 100 0.13 4.66747 4.79747
83 4283 0 100 0.5 4.35206 4.85206
93 4297 0 100 7.00206e-08 4.88362 4.88362
80 4301 0 100 2.33402e-08 4.96602 4.96602
73 4310 0 100 0.0700002 5.24631 5.31631
62 4215 0 100 3.19 2.147 5.337
66 4212 0 100 3.3 2.10528 5.40528
52 4312 0 100 5.83505e-08 5.41325 5.41325
61 4304 0 100 0.32 5.0976 5.4176
102 4313 0 100 9.33608e-08 5.43436 5.43436
37 4317 0 100 1.51711e-07 5.48057 5.48057
107 4319 0 100 2.33402e-08 5.50593 5.50593
75 4315 0 100 0.0600001 5.46645 5.52645
36 4299 0 100 0.67 4.9132 5.5832
92 4303 0 100 0.51 5.08269 5.59269
105 4323 0 100 7.00206e-08 5.59725 5.59725
43 4327 0 100 7.00206e-08 5.7497 5.74971
38 4334 0 100 1.51711e-07 5.94734 5.94734
49 4335 0 100 5.83505e-08 5.99492 5.99492
26 4320 0 100 0.49 5.51155 6.00155
97 4316 0 100 0.6 5.4777 6.0777
103 4336 0 100 0.0800001 5.99819 6.07819
58 4341 0 100 1.28371e-07 6.14851 6.14851
86 4342 0 100 8.16907e-08 6.18569 6.18569
76 4318 0 100 0.74 5.49323 6.23323
84 4345 0 100 1.40041e-07 6.3302 6.3302
35 4338 0 100 0.26 6.0994 6.3594
114 4348 0 100 0.0200001 6.37365 6.39365
31 4344 0 100 0.11 6.28407 6.39407
111 4349 0 100 1.16701e-07 6.40963 6.40963
33 4352 0 100 9.33608e-08 6.46067 6.46067
65 4339 0 100 0.34 6.13396 6.47396
57 4306 0 100 1.32 5.15879 6.47879
42 4238 0 100 3.92 2.64627 6.56627
87 4331 0 100 0.73 5.8798 6.6098
96 4354 0 100 0.12 6.52792 6.64792
78 4358 0 100 2.33402e-08 6.67069 6.67069
77 4353 0 100 0.17 6.50528 6.67528
59 4356 0 100 0.12 6.59621 6.71621
88 4359 0 100 7.00206e-08 6.73308 6.73308
40 4325 0 100 1.07 5.71365 6.78365
95 4276 0 100 2.64 4.16049 6.80049
50 4307 0 100 1.69 5.19473 6.88473
46 4361 0 100 0.14 6.74676 6.88676
53 4363 0 100 0.18 6.79952 6.97952
55 4308 0 100 1.98 5.23007 7.21007
93 4374 0 100 1.16701e-07 7.2561 7.2561
70 4284 0 100 2.98 4.38437 7.36437
29 4329 0 100 1.58 5.78504 7.36504
108 4377 0 100 9.33608e-08 7.39707 7.39707
30 4379 0 100 1.51711e-07 7.40768 7.40768
69 4332 0 100 1.52 5.91238 7.43238
32 4381 0 100 1.51711e-07 7.44604 7.44604
102 4382 0 100 5.83505e-08 7.45632 7.45632
113 4383 0 100 0.0600001 7.47312 7.53312
55 4378 0 100 0.16 7.40447 7.56447
110 4375 0 100 0.38 7.25967 7.63967
45 4322 0 100 2.06 5.58822 7.64822
27 4386 0 100 0.2 7.56081 7.76081
94 4395 0 100 8.16907e-08 7.77662 7.77662
104 4366 0 100 0.93 6.86634 7.79634
75 4399 0 100 4.66804e-08 7.86496 7.86496
83 4391 0 100 0.21 7.72173 7.93173
34 4394 0 100 0.24 7.75458 7.99458
89 4405 0 100 7.00206e-08 8.16089 8.16089
109 4372 0 100 0.96 7.2043 8.1643
62 4404 0 100 0.0300001 8.15201 8.18201
80 4392 0 100 0.51 7.7362 8.2462
81 4409 0 100 1.05031e-07 8.29596 8.29596
90 4412 0 100 1.40041e-07 8.40718 8.40718
103 4413 0 100 5.83505e-08 8.42164 8.42164
71 4298 0 100 3.59 4.90632 8.49632
63 4362 0 100 1.75 6.7821 8.5321
112 4387 0 100 0.97 7.61844 8.58844
48 4417 0 100 1.51711e-07 8.60353 8.60353
71 4419 0 100 8.16907e-08 8.66429 8.66429
101 4295 0 100 3.99 4.76695 8.75695
60 4396 0 100 0.96 7.7999 8.7599
76 4420 0 100 0.1 8.67442 8.77442
91 4424 0 100 1.16701e-07 8.84186 8.84187
54 4411 0 100 0.5 8.34239 8.84239
101 4415 0 100 0.4 8.4561 8.8561
41 4385 0 100 1.48 7.54969 9.02969
26 4432 0 100 0.0200002 9.01098 9.03098
77 4433 0 100 1.28371e-07 9.03551 9.03551
38 4435 0 100 3.50103e-08 9.06652 9.06652
31 4431 0 100 0.0700001 9.00463 9.07463
50 4428 0 100 0.12 8.97116 9.09116
61 4439 0 100 0.0200001 9.17549 9.19549
64 4351 0 100 2.75 6.44951 9.19951
82 4440 0 100 5.83505e-08 9.20495 9.20495
98 4328 0 100 3.46 5.78351 9.24351
42 4442 0 100 0.0400001 9.25195 9.29195
92 4430 0 100 0.33 8.9931 9.3231
70 4421 0 100 0.69 8.72724 9.41724
37 4446 0 100 0.0600001 9.45351 9.51351
95 4447 0 100 1.28371e-07 9.51443 9.51443
102 4450 0 100 1.40041e-07 9.54557 9.54557
59 4448 0 100 0.0800001 9.52875 9.60875
100 4407 0 100 1.42 8.18985 9.60985
97 4452 0 100 1.28371e-07 9.64273 9.64273
57 4444 0 100 0.24 9.43732 9.67732
58 4454 0 100 9.33608e-08 9.69213 9.69213
44 4398 0 100 1.94 7.86061 9.80061
86 4436 0 100 0.7 9.10312 9.80312
47 4459 0 100 1.51711e-07 9.85559 9.85559
74 4367 0 100 2.96 6.91325 9.87325
25 4364 0 100 3.05 6.83623 9.88623
73 4464 0 100 1.28371e-07 10.0035 10.0035
72 4388 0 100 2.41 7.62158 10.0316
83 4467 0 100 5.83505e-08 10.1208 10.1208
108 4469 0 100 7.00206e-08 10.1417 10.1417
29 4463 0 100 0.19 9.96791 10.1579
99 4406 0 100 2.06 8.16989 10.2299
44 4462 0 100 0.38 9.96591 10.3459
67 4473 0 100 8.16907e-08 10.3509 10.3509
114 4477 0 100 2.33402e-08 10.4215 10.4215
84 4475 0 100 0.0800001 10.377 10.457
104 4480 0 100 7.00206e-08 10.4902 10.4902
78 4460 0 100 0.59 9.91962 10.5096
67 4370 0 100 3.43 7.13269 10.5627
47 4346 0 100 4.25 6.33889 10.5889
106 4437 0 100 1.49 9.11296 10.603
63 4478 0 100 0.19 10.4307 10.6207
90 4483 0 100 1.16701e-08 10.6945 10.6945
105 4466 0 100 0.76 10.0471 10.8071
79 4489 0 100 8.16907e-08 10.8789 10.8789
112 4488 0 100 0.11 10.8464 10.9564
111 4455 0 100 1.3 9.71871 11.0187
60 4493 0 100 1.16701e-07 11.0522 11.0522
27 4474 0 100 0.72 10.3553 11.0753
80 4490 0 100 0.33 10.9298 11.2598
75 4499 0 100 0.0200001 11.3283 11.3483
33 4502 0 100 1.05031e-07 11.4444 11.4444
61 4506 0 100 1.05031e-07 11.6017 11.6017
48 4508 0 100 3.50103e-08 11.6929 11.6929
94 4457 0 100 1.93 9.82152 11.7515
40 4470 0 100 1.58 10.1865 11.7665
113 4510 0 100 1.28371e-07 11.778 11.778
64 4453 0 100 2.13 9.66073 11.7907
85 4511 0 100 1.16701e-07 11.7932 11.7932
68 4429 0 100 2.88 8.97599 11.856
62 4518 0 100 1.40041e-07 11.9236 11.9236
93 4520 0 100 1.40041e-07 11.9302 11.9302
45 4513 0 100 0.1 11.85 11.95
91 4494 0 100 0.9 11.0556 11.9556
34 4523 0 100 9.33608e-08 11.9651 11.9651
74 4525 0 100 0.0100001 11.9691 11.9791
110 4497 0 100 0.77 11.2508 12.0208
54 4529 0 100 1.16701e-07 12.1564 12.1564
43 4402 0 100 4.13 8.13015 12.2601
101 4532 0 100 1.40041e-07 12.2864 12.2864
31 4504 0 100 0.79 11.5302 12.3202
81 4524 0 100 0.36 11.9671 12.3271
65 4485 0 100 1.53 10.8084 12.3384
69 4516 0 100 0.47 11.8978 12.3678
96 4531 0 100 0.12 12.2609 12.3809
103 4503 0 100 0.91 11.4892 12.3992
76 4537 0 100 0.03 12.5086 12.5386
55 4515 0 100 0.68 11.8724 12.5524
98 4540 0 100 0.0400001 12.5663 12.6063
37 4539 0 100 0.08 12.543 12.623
56 4514 0 100 0.78 11.8628 12.6428
41 4522 0 100 0.81 11.9468 12.7568
83 4544 0 100 1.05031e-07 12.8349 12.8349
42 4519 0 100 0.97 11.9266 12.8966
53 4426 0 100 4.07 8.9171 12.9871
79 4551 0 100 1.51711e-07 12.9929 12.9929
99 4549 0 100 0.15 12.9311 13.0811
36 4476 0 100 2.76 10.3807 13.1407
66 4547 0 100 0.27 12.9192 13.1892
43 4555 0 100 8.16907e-08 13.2264 13.2264
58 4553 0 100 0.15 13.1211 13.2711
39 4390 0 100 5.71 7.67697 13.387
82 4560 0 100 2.33402e-08 13.3959 13.3959
59 4562 0 100 2.33402e-08 13.473 13.473
44 4546 0 100 0.7 12.8968 13.5968
89 4526 0 100 1.62 11.9917 13.6117
71 4557 0 100 0.34 13.2965 13.6365
107 4571 0 100 1.51711e-07 13.6428 13.6428
86 4543 0 100 0.97 12.742 13.712
70 4572 0 100 0.0200001 13.6945 13.7145
109 4575 0 100 8.16907e-08 13.7698 13.7698
30 4498 0 100 2.65 11.2782 13.9282
96 4425 0 100 5.03 8.89994 13.9299
51 4579 0 100 8.16907e-08 13.9609 13.9609
73 4580 0 100 5.83505e-08 13.9909 13.9909
77 4581 0 100 1.16701e-07 14.006 14.006
47 4563 0 100 0.48 13.533 14.013
62 4582 0 100 2.33402e-08 14.0245 14.0245
91 4584 0 100 1.16701e-07 14.0585 14.0585
39 4565 0 100 0.5 13.5717 14.0717
53 4574 0 100 0.41 13.7569 14.1669
78 4585 0 100 0.0900002 14.0772 14.1672
105 4589 0 100 1.40041e-07 14.1988 14.1988
40 4586 0 100 0.14 14.0902 14.2302
112 4591 0 100 7.00206e-08 14.2681 14.2681
27 4536 0 100 1.83 12.4679 14.2979
104 4593 0 100 5.83505e-08 14.3121 14.3121
28 4568 0 100 0.74 13.6122 14.3522
95 4592 0 100 0.0900001 14.2975 14.3875
111 4597 0 100 5.83505e-08 14.4296 14.4296
84 4596 0 100 0.05 14.3816 14.4316
102 4601 0 100 1.51711e-07 14.5329 14.5329
108 4576 0 100 0.94 13.7751 14.7151
52 4604 0 100 0.0300001 14.7026 14.7326
72 4606 0 100 1.40041e-07 14.7365 14.7365
97 4587 0 100 0.71 14.1309 14.8409
34 4608 0 100 0.0600001 14.8267 14.8867
106 4610 0 100 0.0300001 14.9365 14.9665
92 4517 0 100 3.05 11.9204 14.9704
103 4612 0 100 1.28371e-07 14.9945 14.9945
