0 2089
0 2090
0 2091
0 2092
0 2094
0 2095
0 2096
0 2097
0 2098
54 2099
28 2100
10 2100
9 2100
8 2100
7 2100
6 2100
5 2100
4 2100
3 2100
2 2100
1 2100
0 2101
34 2102
48 2103
0 2104
0 2105
0 2107
44 2106
12 2106
11 2106
10 2106
9 2106
8 2106
7 2106
6 2106
5 2106
4 2106
3 2106
2 2106
1 2106
41 2108
6 2108
5 2108
4 2108
3 2108
2 2108
1 2108
0 2109
0 2111
0 2113
0 2117
47 2102
13 2102
14 2102
15 2102
16 2102
17 2102
18 2102
19 2102
20 2102
21 2102
22 2102
23 2102
24 2102
0 2119
49 2121
17 2121
18 2121
19 2121
20 2121
21 2121
22 2121
23 2121
24 2121
0 2123
39 2112
36 2110
18 2110
19 2110
20 2110
21 2110
22 2110
23 2110
24 2110
0 2124
0 2126
38 2116
4 2116
3 2116
2 2116
1 2116
0 2127
35 2129
8 2129
7 2129
6 2129
5 2129
4 2129
3 2129
2 2129
1 2129
40 2115
6 2115
5 2115
4 2115
3 2115
2 2115
1 2115
0 2130
27 2131
38 2131
5 2131
4 2131
3 2131
2 2131
1 2131
46 2122
16 2122
17 2122
18 2122
19 2122
20 2122
21 2122
22 2122
23 2122
24 2122
0 2132
53 2133
4 2133
3 2133
2 2133
1 2133
0 2135
25 2136
15 2136
16 2136
17 2136
18 2136
19 2136
20 2136
21 2136
22 2136
23 2136
24 2136
0 2137
26 2128
0 2139
30 2114
15 2114
16 2114
17 2114
18 2114
19 2114
20 2114
21 2114
22 2114
23 2114
24 2114
31 2141
2 2141
1 2141
43 2144
17 2144
18 2144
19 2144
20 2144
21 2144
22 2144
23 2144
24 2144
42 2140
16 2140
17 2140
18 2140
19 2140
20 2140
21 2140
22 2140
23 2140
24 2140
45 2138
22 2138
23 2138
24 2138
50 2099
22 2099
23 2099
24 2099
33 2120
21 2120
22 2120
23 2120
24 2120
0 2150
52 2118
3 2118
2 2118
1 2118
0 2151
0 2152
0 2153
0 2154
0 2155
0 2157
28 2158
0 2159
0 2160
51 2145
0 2162
0 2163
0 2164
41 2156
21 2156
22 2156
23 2156
24 2156
29 2142
43 2142
0 2165
0 2166
0 2167
0 2168
44 2158
4 2158
3 2158
2 2158
1 2158
0 2170
44 2171
4 2171
3 2171
2 2171
1 2171
0 2172
32 2125
42 2125
2 2125
1 2125
46 2173
4 2173
3 2173
2 2173
1 2173
48 2161
20 2161
21 2161
22 2161
23 2161
24 2161
0 2179
0 2181
26 2169
17 2169
18 2169
19 2169
20 2169
21 2169
22 2169
23 2169
24 2169
35 2178
23 2178
24 2178
34 2182
46 2182
5 2182
4 2182
3 2182
2 2182
1 2182
37 2134
17 2134
18 2134
19 2134
20 2134
21 2134
22 2134
23 2134
24 2134
54 2185
9 2185
8 2185
7 2185
6 2185
5 2185
4 2185
3 2185
2 2185
1 2185
39 2128
18 2128
19 2128
20 2128
21 2128
22 2128
23 2128
24 2128
40 2186
22 2186
23 2186
24 2186
0 2189
0 2190
0 2193
0 2194
0 2195
27 2176
24 2176
0 2197
50 2192
54 2192
13 2192
14 2192
15 2192
16 2192
17 2192
18 2192
19 2192
20 2192
21 2192
22 2192
23 2192
24 2192
0 2199
47 2200
46 2200
10 2200
9 2200
8 2200
7 2200
6 2200
5 2200
4 2200
3 2200
2 2200
1 2200
0 2202
0 2205
30 2206
9 2206
8 2206
7 2206
6 2206
5 2206
4 2206
3 2206
2 2206
1 2206
0 2207
28 2145
13 2145
14 2145
15 2145
16 2145
17 2145
18 2145
19 2145
20 2145
21 2145
22 2145
23 2145
24 2145
0 2208
0 2209
43 2203
12 2203
11 2203
10 2203
9 2203
8 2203
7 2203
6 2203
5 2203
4 2203
3 2203
2 2203
1 2203
38 2180
27 2180
2 2180
1 2180
25 2211
12 2211
11 2211
10 2211
9 2211
8 2211
7 2211
6 2211
5 2211
4 2211
3 2211
2 2211
1 2211
0 2212
0 2213
45 2196
0 2214
0 2215
0 2217
34 2218
16 2218
17 2218
18 2218
19 2218
20 2218
21 2218
22 2218
23 2218
24 2218
33 2201
18 2201
19 2201
20 2201
21 2201
22 2201
23 2201
24 2201
0 2219
42 2220
15 2220
16 2220
17 2220
18 2220
19 2220
20 2220
21 2220
22 2220
23 2220
24 2220
0 2221
37 2222
3 2222
2 2222
1 2222
50 2196
20 2196
21 2196
22 2196
23 2196
24 2196
0 2223
0 2224
41 2198
13 2198
14 2198
15 2198
16 2198
17 2198
18 2198
19 2198
20 2198
21 2198
22 2198
23 2198
24 2198
29 2225
17 2225
18 2225
19 2225
20 2225
21 2225
22 2225
23 2225
24 2225
31 2188
2 2188
1 2188
0 2226
32 2227
42 2227
17 2227
18 2227
19 2227
20 2227
21 2227
22 2227
23 2227
24 2227
52 2230
2 2230
1 2230
36 2204
24 2204
0 2235
49 2177
0 2236
39 2234
7 2234
6 2234
5 2234
4 2234
3 2234
2 2234
1 2234
0 2237
51 2238
22 2238
23 2238
24 2238
0 2239
0 2240
0 2241
0 2243
0 2245
0 2246
35 2232
17 2232
18 2232
19 2232
20 2232
21 2232
22 2232
23 2232
24 2232
25 2247
23 2247
24 2247
53 2210
12 2210
11 2210
10 2210
9 2210
8 2210
7 2210
6 2210
5 2210
4 2210
3 2210
2 2210
1 2210
0 2248
54 2242
2 2242
1 2242
50 2249
3 2249
2 2249
1 2249
0 2250
46 2228
0 2251
45 2252
44 2253
1 2253
30 2254
23 2254
24 2254
0 2255
50 2252
4 2252
3 2252
2 2252
1 2252
0 2256
36 2177
6 2177
5 2177
4 2177
3 2177
2 2177
1 2177
0 2257
0 2259
0 2261
34 2228
3 2228
2 2228
1 2228
0 2262
0 2264
0 2266
28 2267
0 2269
47 2268
34 2268
0 2270
0 2273
37 2272
17 2272
18 2272
19 2272
20 2272
21 2272
22 2272
23 2272
24 2272
42 2275
5 2275
4 2275
3 2275
2 2275
1 2275
0 2276
27 2274
21 2274
22 2274
23 2274
24 2274
31 2263
16 2263
17 2263
18 2263
19 2263
20 2263
21 2263
22 2263
23 2263
24 2263
43 2278
6 2278
5 2278
4 2278
3 2278
2 2278
1 2278
0 2279
52 2280
15 2280
16 2280
17 2280
18 2280
19 2280
20 2280
21 2280
22 2280
23 2280
24 2280
0 2281
39 2283
20 2283
21 2283
22 2283
23 2283
24 2283
0 2285
40 2258
0 2286
0 2287
46 2268
10 2268
9 2268
8 2268
7 2268
6 2268
5 2268
4 2268
3 2268
2 2268
1 2268
38 2288
0 2289
0 2291
48 2244
0 2293
0 2294
46 2295
12 2295
11 2295
10 2295
9 2295
8 2295
7 2295
6 2295
5 2295
4 2295
3 2295
2 2295
1 2295
0 2297
50 2290
16 2290
17 2290
18 2290
19 2290
20 2290
21 2290
22 2290
23 2290
24 2290
36 2296
0 2299
0 2300
33 2301
15 2301
16 2301
17 2301
18 2301
19 2301
20 2301
21 2301
22 2301
23 2301
24 2301
0 2303
0 2304
40 2244
5 2244
4 2244
3 2244
2 2244
1 2244
45 2298
18 2298
19 2298
20 2298
21 2298
22 2298
23 2298
24 2298
0 2305
51 2267
16 2267
17 2267
18 2267
19 2267
20 2267
21 2267
22 2267
23 2267
24 2267
44 2302
51 2302
16 2302
17 2302
18 2302
19 2302
20 2302
21 2302
22 2302
23 2302
24 2302
32 2308
13 2308
14 2308
15 2308
16 2308
17 2308
18 2308
19 2308
20 2308
21 2308
22 2308
23 2308
24 2308
54 2306
18 2306
19 2306
20 2306
21 2306
22 2306
23 2306
24 2306
26 2260
2 2260
1 2260
0 2309
41 2310
11 2310
10 2310
9 2310
8 2310
7 2310
6 2310
5 2310
4 2310
3 2310
2 2310
1 2310
0 2311
25 2307
15 2307
16 2307
17 2307
18 2307
19 2307
20 2307
21 2307
22 2307
23 2307
24 2307
0 2312
0 2313
34 2292
17 2292
18 2292
19 2292
20 2292
21 2292
22 2292
23 2292
24 2292
0 2314
0 2315
49 2296
29 2277
18 2277
19 2277
20 2277
21 2277
22 2277
23 2277
24 2277
0 2321
30 2322
17 2322
18 2322
19 2322
20 2322
21 2322
22 2322
23 2322
24 2322
0 2323
45 2296
0 2324
0 2325
50 2296
35 2326
15 2326
16 2326
17 2326
18 2326
19 2326
20 2326
21 2326
22 2326
23 2326
24 2326
0 2328
37 2327
8 2327
7 2327
6 2327
5 2327
4 2327
3 2327
2 2327
1 2327
0 2330
53 2331
10 2331
9 2331
8 2331
7 2331
6 2331
5 2331
4 2331
3 2331
2 2331
1 2331
31 2320
7 2320
6 2320
5 2320
4 2320
3 2320
2 2320
1 2320
27 2329
12 2329
11 2329
10 2329
9 2329
8 2329
7 2329
6 2329
5 2329
4 2329
3 2329
2 2329
1 2329
0 2332
0 2333
0 2334
0 2336
0 2337
0 2340
