32 50 0.0048 49.9952
32 49.9952 0.0048 49.9904
32 49.9904 0.0048 49.9856
32 50 0.0048 49.9952
28 50 0.0048 49.9952
28 50 0.0048 49.9952
28 50 0.0048 49.9952
25 50 0.048 49.952
25 49.952 0.048 49.904
25 49.904 0.048 49.856
25 49.856 0.048 49.808
25 49.808 0.048 49.76
25 49.76 0.048 49.712
25 50 0.048 49.952
25 49.952 0.048 49.904
25 49.904 0.048 49.856
25 49.856 0.048 49.808
25 49.808 0.048 49.76
25 49.76 0.048 49.712
25 49.712 0.048 49.664
28 50 0.048 49.952
25 49.664 0.048 49.616
28 49.952 0.048 49.904
25 49.616 0.048 49.568
28 49.904 0.048 49.856
25 49.568 0.048 49.52
28 49.856 0.048 49.808
25 49.6236 0.048 49.5756
28 49.808 0.048 49.76
25 49.5756 0.048 49.5276
28 49.9881 0.048 49.9401
25 49.5276 0.048 49.4796
28 49.9401 0.048 49.8921
25 49.4796 0.048 49.4316
28 49.8921 0.048 49.8441
25 49.4316 0.048 49.3836
28 49.8441 0.048 49.7961
25 49.3836 0.048 49.3356
28 49.7961 0.048 49.7481
25 49.3356 0.048 49.2876
28 49.7481 0.048 49.7001
25 49.2876 0.048 49.2396
28 49.7001 0.048 49.6521
25 49.2396 0.048 49.1916
28 49.6521 0.048 49.6041
25 49.1916 0.048 49.1436
28 49.6041 0.048 49.5561
25 49.4209 0.048 49.3729
28 49.5561 0.048 49.5081
25 49.3729 0.048 49.3249
28 49.7008 0.048 49.6528
25 49.3249 0.048 49.2769
28 49.6528 0.048 49.6048
25 49.2769 0.048 49.2289
28 49.6048 0.048 49.5568
25 49.2289 0.048 49.1809
28 49.5568 0.048 49.5088
25 49.1809 0.048 49.1329
28 49.5088 0.048 49.4608
25 49.1329 0.048 49.0849
28 49.4608 0.048 49.4128
25 49.0849 0.048 49.0369
28 49.4128 0.048 49.3648
25 49.0369 0.048 48.9889
28 49.3648 0.048 49.3168
25 48.9889 0.048 48.9409
28 49.3168 0.048 49.2688
25 49.3766 0.048 49.3286
28 49.2688 0.048 49.2208
25 49.3286 0.048 49.2806
28 49.3625 0.048 49.3145
25 49.2806 0.048 49.2326
28 49.3145 0.048 49.2665
25 49.2326 0.048 49.1846
28 49.2665 0.048 49.2185
33 50 0.048 49.952
33 49.952 0.0048 49.9472
33 49.9472 0.16 49.7872
33 49.7872 0.0016 49.7856
25 49.1846 0.048 49.1366
28 49.2185 0.048 49.1705
25 49.1366 0.048 49.0886
28 49.1705 0.048 49.1225
25 49.0886 0.048 49.0406
28 49.1225 0.048 49.0745
25 49.0406 0.048 48.9926
28 49.0745 0.048 49.0265
28 49.0265 0.0048 49.0217
28 49.0217 0.16 48.8617
28 48.8617 0.0016 48.8601
25 48.9926 0.048 48.9446
25 48.9446 0.048 48.8966
25 49.3497 0.048 49.3017
25 49.3017 0.048 49.2537
25 49.2537 0.048 49.2057
25 49.2057 0.048 49.1577
25 49.1577 0.048 49.1097
25 49.1097 0.048 49.0617
25 49.0617 0.048 49.0137
25 49.0137 0.048 48.9657
25 48.9657 0.048 48.9177
25 48.9177 0.048 48.8697
25 49.0989 0.048 49.0509
25 49.0509 0.048 49.0029
25 49.0029 0.048 48.9549
25 48.9549 0.048 48.9069
25 48.9069 0.048 48.8589
25 48.8589 0.048 48.8109
25 48.8109 0.048 48.7629
25 48.7629 0.048 48.7149
25 48.7149 0.048 48.6669
25 48.6669 0.048 48.6189
25 48.9119 0.048 48.8639
25 48.8639 0.048 48.8159
25 48.8159 0.048 48.7679
25 48.7679 0.048 48.7199
25 48.7199 0.048 48.6719
25 48.6719 0.048 48.6239
25 48.6239 0.048 48.5759
25 48.5759 0.048 48.5279
25 48.5279 0.048 48.4799
25 48.4799 0.048 48.4319
25 48.7059 0.048 48.6579
25 48.6579 0.048 48.6099
25 48.6099 0.048 48.5619
25 48.5619 0.048 48.5139
25 48.5139 0.048 48.4659
25 48.4659 0.048 48.4179
32 50 0.048 49.952
32 49.952 0.0048 49.9472
32 49.9472 0.16 49.7872
32 49.7872 0.0016 49.7856
25 48.4179 0.048 48.3699
25 48.3699 0.048 48.3219
33 50 0.0048 49.9952
25 48.3219 0.048 48.2739
25 48.2739 0.048 48.2259
25 48.357 0.048 48.309
27 50 0.048 49.952
27 49.952 0.0048 49.9472
27 49.9472 0.16 49.7872
27 49.7872 0.0016 49.7856
25 48.309 0.048 48.261
25 48.261 0.048 48.213
25 48.213 0.048 48.165
25 48.165 0.048 48.117
25 48.117 0.048 48.069
34 50 0.048 49.952
25 48.069 0.048 48.021
34 49.952 0.048 49.904
25 48.021 0.048 47.973
33 50 0.0048 49.9952
34 49.904 0.048 49.856
25 47.973 0.048 47.925
34 50 0.048 49.952
25 47.925 0.048 47.877
34 49.952 0.048 49.904
25 48.0722 0.048 48.0242
34 49.904 0.048 49.856
25 48.0242 0.048 47.9762
34 49.856 0.048 49.808
25 47.9762 0.048 47.9282
34 49.808 0.048 49.76
25 47.9282 0.048 47.8802
34 49.76 0.048 49.712
25 47.8802 0.048 47.8322
34 49.712 0.048 49.664
25 47.8322 0.048 47.7842
34 49.664 0.048 49.616
25 47.7842 0.048 47.7362
34 49.616 0.048 49.568
25 47.7362 0.048 47.6882
33 50 0.0048 49.9952
34 49.568 0.048 49.52
25 47.6882 0.048 47.6402
34 49.6446 0.048 49.5966
25 47.6402 0.048 47.5922
34 49.5966 0.048 49.5486
25 47.8635 0.048 47.8155
34 49.5486 0.048 49.5006
25 47.8155 0.048 47.7675
34 49.5006 0.048 49.4526
25 47.7675 0.048 47.7195
34 49.4526 0.048 49.4046
25 47.7195 0.048 47.6715
34 49.4046 0.048 49.3566
25 47.6715 0.048 47.6235
34 49.3566 0.048 49.3086
25 47.6235 0.048 47.5755
34 49.3086 0.048 49.2606
25 47.5755 0.048 47.5275
34 49.2606 0.048 49.2126
25 47.5275 0.048 47.4795
33 50 0.0048 49.9952
34 49.2126 0.048 49.1646
25 47.4795 0.048 47.4315
30 50 0.048 49.952
30 49.952 0.0048 49.9472
30 49.9472 0.16 49.7872
30 49.7872 0.0016 49.7856
34 49.3619 0.048 49.3139
25 47.4315 0.048 47.3835
34 49.3139 0.048 49.2659
25 47.5408 0.048 47.4928
34 49.2659 0.048 49.2179
25 47.4928 0.048 47.4448
34 49.2179 0.048 49.1699
25 47.4448 0.048 47.3968
34 49.1699 0.048 49.1219
25 47.3968 0.048 47.3488
34 49.1219 0.048 49.0739
25 47.3488 0.048 47.3008
34 49.0739 0.048 49.0259
25 47.3008 0.048 47.2528
34 49.0259 0.048 48.9779
25 47.2528 0.048 47.2048
34 48.9779 0.048 48.9299
25 47.2048 0.048 47.1568
34 48.9299 0.0048 48.9251
34 48.9251 0.048 48.8771
25 47.1568 0.048 47.1088
34 49.2582 0.048 49.2102
25 47.1088 0.048 47.0608
34 49.2102 0.048 49.1622
25 47.2854 0.048 47.2374
34 49.1622 0.048 49.1142
25 47.2374 0.048 47.1894
34 49.1142 0.048 49.0662
25 47.1894 0.048 47.1414
34 49.0662 0.048 49.0182
25 47.1414 0.048 47.0934
26 50 0.048 49.952
34 49.0182 0.048 48.9702
25 47.0934 0.048 47.0454
26 49.952 0.048 49.904
34 48.9702 0.048 48.9222
25 47.0454 0.048 46.9974
26 50 0.048 49.952
34 48.9222 0.048 48.8742
25 46.9974 0.048 46.9494
26 49.952 0.048 49.904
34 48.8742 0.048 48.8262
25 46.9494 0.048 46.9014
26 49.904 0.048 49.856
34 48.8262 0.0048 48.8214
34 48.8214 0.048 48.7734
25 46.9014 0.048 46.8534
26 49.856 0.048 49.808
31 50 0.048 49.952
31 49.952 0.0048 49.9472
31 49.9472 0.16 49.7872
31 49.7872 0.0016 49.7856
34 49.0602 0.048 49.0122
25 46.8534 0.048 46.8054
26 49.808 0.048 49.76
34 49.0122 0.048 48.9642
25 46.9292 0.048 46.8812
26 49.76 0.048 49.712
34 48.9642 0.048 48.9162
25 46.8812 0.048 46.8332
26 49.712 0.048 49.664
34 48.9162 0.048 48.8682
25 46.8332 0.048 46.7852
26 49.664 0.048 49.616
34 48.8682 0.048 48.8202
25 46.7852 0.048 46.7372
26 49.616 0.048 49.568
34 48.8202 0.048 48.7722
25 46.7372 0.048 46.6892
26 49.568 0.048 49.52
34 48.7722 0.048 48.7242
25 46.6892 0.048 46.6412
26 49.9543 0.048 49.9063
34 48.7242 0.048 48.6762
25 46.6412 0.048 46.5932
26 49.9063 0.048 49.8583
34 48.6762 0.048 48.6282
25 46.5932 0.048 46.5452
26 49.8583 0.048 49.8103
29 50 0.0048 49.9952
34 48.6282 0.0048 48.6234
34 48.6234 0.048 48.5754
25 46.5452 0.048 46.4972
26 49.8103 0.048 49.7623
34 48.7544 0.048 48.7064
25 46.4972 0.048 46.4492
26 49.7623 0.048 49.7143
34 48.7064 0.048 48.6584
25 46.9117 0.048 46.8637
26 49.7143 0.048 49.6663
34 48.6584 0.048 48.6104
25 46.8637 0.048 46.8157
26 49.6663 0.048 49.6183
34 48.6104 0.048 48.5624
25 46.8157 0.048 46.7677
26 49.6183 0.048 49.5703
34 48.5624 0.048 48.5144
25 46.7677 0.048 46.7197
26 49.5703 0.048 49.5223
34 48.5144 0.048 48.4664
25 46.7197 0.048 46.6717
26 49.5223 0.048 49.4743
34 48.4664 0.048 48.4184
25 46.6717 0.048 46.6237
26 49.7073 0.048 49.6593
34 48.4184 0.048 48.3704
25 46.6237 0.048 46.5757
26 49.6593 0.048 49.6113
34 48.3704 0.048 48.3224
25 46.5757 0.048 46.5277
26 49.6113 0.048 49.5633
29 50 0.0048 49.9952
34 48.3224 0.0048 48.3176
34 48.3176 0.048 48.2696
25 46.5277 0.048 46.4797
26 49.5633 0.048 49.5153
34 48.6705 0.048 48.6225
25 46.4797 0.048 46.4317
26 49.5153 0.048 49.4673
34 48.6225 0.048 48.5745
25 46.674 0.048 46.626
26 49.4673 0.048 49.4193
34 48.5745 0.048 48.5265
25 46.626 0.048 46.578
26 49.4193 0.048 49.3713
34 48.5265 0.048 48.4785
25 46.578 0.048 46.53
26 49.3713 0.048 49.3233
34 48.4785 0.048 48.4305
25 46.53 0.048 46.482
26 49.3233 0.048 49.2753
34 48.4305 0.048 48.3825
25 46.482 0.048 46.434
26 49.2753 0.048 49.2273
34 48.3825 0.048 48.3345
25 46.434 0.048 46.386
26 49.4699 0.048 49.4219
34 48.3345 0.048 48.2865
25 46.386 0.048 46.338
26 49.4219 0.048 49.3739
34 48.2865 0.048 48.2385
25 46.338 0.048 46.29
26 49.3739 0.048 49.3259
25 46.29 0.0048 46.2852
29 50 0.0048 49.9952
34 48.2385 0.048 48.1905
25 46.2852 0.048 46.2372
26 49.3259 0.048 49.2779
29 50 0.048 49.952
29 49.952 0.0048 49.9472
29 49.9472 0.16 49.7872
29 49.7872 0.0016 49.7856
34 48.3477 0.048 48.2997
25 46.2372 0.048 46.1892
26 49.2779 0.048 49.2299
34 48.2997 0.048 48.2517
25 46.3751 0.048 46.3271
26 49.2299 0.048 49.1819
34 48.2517 0.048 48.2037
25 46.3271 0.048 46.2791
26 49.1819 0.048 49.1339
34 48.2037 0.048 48.1557
25 46.2791 0.048 46.2311
26 49.1339 0.048 49.0859
34 48.1557 0.048 48.1077
25 46.2311 0.048 46.1831
26 49.0859 0.048 49.0379
34 48.1077 0.048 48.0597
25 46.1831 0.048 46.1351
26 49.0379 0.048 48.9899
34 48.0597 0.048 48.0117
25 46.1351 0.048 46.0871
26 49.3587 0.048 49.3107
34 48.0117 0.048 47.9637
25 46.0871 0.048 46.0391
26 49.3107 0.048 49.2627
34 47.9637 0.048 47.9157
25 46.0391 0.048 45.9911
26 49.2627 0.048 49.2147
25 45.9911 0.0048 45.9863
29 49.7856 0.0048 49.7808
34 47.9157 0.048 47.8677
25 45.9863 0.048 45.9383
26 49.2147 0.048 49.1667
34 48.1866 0.048 48.1386
25 45.9383 0.048 45.8903
26 49.1667 0.048 49.1187
34 48.1386 0.048 48.0906
25 46.0129 0.048 45.9649
26 49.1187 0.048 49.0707
34 48.0906 0.048 48.0426
25 45.9649 0.048 45.9169
26 49.0707 0.048 49.0227
34 48.0426 0.048 47.9946
25 45.9169 0.048 45.8689
26 49.0227 0.048 48.9747
34 47.9946 0.048 47.9466
25 45.8689 0.048 45.8209
26 48.9747 0.048 48.9267
34 47.9466 0.048 47.8986
25 45.8209 0.048 45.7729
26 48.9267 0.048 48.8787
34 47.8986 0.048 47.8506
25 45.7729 0.048 45.7249
26 49.1507 0.048 49.1027
34 47.8506 0.048 47.8026
25 45.7249 0.048 45.6769
26 49.1027 0.048 49.0547
34 47.8026 0.048 47.7546
25 45.6769 0.048 45.6289
26 49.0547 0.048 49.0067
25 45.6289 0.0048 45.6241
27 50 0.0048 49.9952
34 47.7546 0.048 47.7066
25 45.6241 0.048 45.5761
26 49.0067 0.048 48.9587
34 47.896 0.048 47.848
25 45.5761 0.048 45.5281
26 48.9587 0.048 48.9107
34 47.848 0.048 47.8
25 45.9613 0.048 45.9133
26 48.9107 0.048 48.8627
34 47.8 0.048 47.752
25 45.9133 0.048 45.8653
26 48.8627 0.048 48.8147
34 47.752 0.048 47.704
25 45.8653 0.048 45.8173
26 48.8147 0.048 48.7667
34 47.704 0.048 47.656
25 45.8173 0.048 45.7693
26 48.7667 0.048 48.7187
34 47.656 0.048 47.608
25 45.7693 0.048 45.7213
26 48.7187 0.048 48.6707
34 47.608 0.048 47.56
25 45.7213 0.048 45.6733
26 48.9993 0.048 48.9513
34 47.56 0.048 47.512
25 45.6733 0.048 45.6253
26 48.9513 0.048 48.9033
34 47.512 0.048 47.464
25 45.6253 0.048 45.5773
26 48.9033 0.048 48.8553
25 45.5773 0.0048 45.5725
27 50 0.0048 49.9952
34 47.464 0.048 47.416
25 45.5725 0.048 45.5245
26 48.8553 0.048 48.8073
34 47.6698 0.048 47.6218
25 45.5245 0.048 45.4765
26 48.8073 0.048 48.7593
34 47.6218 0.048 47.5738
25 45.5938 0.048 45.5458
26 48.7593 0.048 48.7113
34 47.5738 0.048 47.5258
25 45.5458 0.048 45.4978
26 48.7113 0.048 48.6633
34 47.5258 0.048 47.4778
25 45.4978 0.048 45.4498
26 48.6633 0.048 48.6153
34 47.4778 0.048 47.4298
25 45.4498 0.048 45.4018
26 48.6153 0.048 48.5673
34 47.4298 0.048 47.3818
25 45.4018 0.048 45.3538
26 48.5673 0.048 48.5193
34 47.3818 0.048 47.3338
25 45.3538 0.048 45.3058
26 48.9213 0.048 48.8733
34 47.3338 0.048 47.2858
25 45.3058 0.048 45.2578
26 48.8733 0.048 48.8253
34 47.2858 0.048 47.2378
25 45.2578 0.048 45.2098
26 48.8253 0.048 48.7773
27 50 0.0048 49.9952
34 47.2378 0.048 47.1898
25 45.2098 0.048 45.1618
26 48.7773 0.048 48.7293
34 47.3963 0.048 47.3483
25 45.1618 0.048 45.1138
26 48.7293 0.048 48.6813
34 47.3483 0.048 47.3003
25 45.386 0.048 45.338
26 48.6813 0.048 48.6333
34 47.3003 0.048 47.2523
25 45.338 0.048 45.29
26 48.6333 0.048 48.5853
34 47.2523 0.048 47.2043
25 45.29 0.048 45.242
26 48.5853 0.048 48.5373
34 47.2043 0.048 47.1563
25 45.242 0.048 45.194
26 48.5373 0.048 48.4893
34 47.1563 0.048 47.1083
25 45.194 0.048 45.146
26 48.4893 0.048 48.4413
34 47.1083 0.048 47.0603
25 45.146 0.048 45.098
26 48.6888 0.048 48.6408
34 47.0603 0.048 47.0123
25 45.098 0.048 45.05
26 48.6408 0.048 48.5928
34 47.0123 0.048 46.9643
25 45.05 0.048 45.002
26 48.5928 0.048 48.5448
26 48.5448 0.0048 48.54
27 50 0.0048 49.9952
34 46.9643 0.048 46.9163
25 45.002 0.048 44.954
26 48.54 0.048 48.492
34 47.1204 0.048 47.0724
25 44.954 0.048 44.906
26 48.492 0.048 48.444
34 47.0724 0.048 47.0244
25 45.2197 0.048 45.1717
26 48.444 0.048 48.396
34 47.0244 0.048 46.9764
25 45.1717 0.048 45.1237
26 48.396 0.048 48.348
34 46.9764 0.048 46.9284
25 45.1237 0.048 45.0757
26 48.348 0.048 48.3
34 46.9284 0.048 46.8804
25 45.0757 0.048 45.0277
26 48.3 0.048 48.252
34 46.8804 0.048 46.8324
25 45.0277 0.048 44.9797
26 48.252 0.048 48.204
34 46.8324 0.048 46.7844
25 44.9797 0.048 44.9317
26 48.4091 0.048 48.3611
34 46.7844 0.048 46.7364
25 44.9317 0.048 44.8837
26 48.3611 0.048 48.3131
34 46.7364 0.048 46.6884
25 44.8837 0.048 44.8357
26 48.3131 0.048 48.2651
26 48.2651 0.0048 48.2603
34 46.6884 0.048 46.6404
25 44.8357 0.048 44.7877
26 48.2603 0.048 48.2123
34 46.8949 0.048 46.8469
25 44.7877 0.048 44.7397
26 48.2123 0.048 48.1643
34 46.8469 0.048 46.7989
25 44.9319 0.048 44.8839
26 48.1643 0.048 48.1163
34 46.7989 0.048 46.7509
25 44.8839 0.048 44.8359
26 48.1163 0.048 48.0683
34 46.7509 0.048 46.7029
25 44.8359 0.048 44.7879
26 48.0683 0.048 48.0203
34 46.7029 0.048 46.6549
25 44.7879 0.048 44.7399
26 48.0203 0.048 47.9723
34 46.6549 0.048 46.6069
25 44.7399 0.048 44.6919
26 47.9723 0.048 47.9243
34 46.6069 0.048 46.5589
25 44.6919 0.048 44.6439
26 48.1515 0.048 48.1035
34 46.5589 0.048 46.5109
25 44.6439 0.048 44.5959
26 48.1035 0.048 48.0555
34 46.5109 0.048 46.4629
25 44.5959 0.048 44.5479
26 48.0555 0.048 48.0075
34 46.4629 0.048 46.4149
25 44.5479 0.048 44.4999
26 48.0075 0.048 47.9595
34 46.8596 0.048 46.8116
25 44.4999 0.048 44.4519
26 47.9595 0.048 47.9115
34 46.8116 0.048 46.7636
25 44.7169 0.048 44.6689
26 47.9115 0.048 47.8635
34 46.7636 0.048 46.7156
25 44.6689 0.048 44.6209
25 44.6209 0.0048 44.6161
25 44.6161 0.16 44.4561
25 44.4561 0.0016 44.4545
26 47.8635 0.048 47.8155
34 46.7156 0.048 46.6676
26 47.8155 0.048 47.7675
34 46.6676 0.048 46.6196
26 47.7675 0.048 47.7195
34 46.6196 0.048 46.5716
26 47.7195 0.048 47.6715
34 46.5716 0.048 46.5236
26 47.9942 0.048 47.9462
34 46.5236 0.048 46.4756
26 47.9462 0.048 47.8982
34 46.4756 0.048 46.4276
26 47.8982 0.048 47.8502
34 46.4276 0.048 46.3796
26 47.8502 0.048 47.8022
34 46.7332 0.048 46.6852
26 47.8022 0.048 47.7542
34 46.6852 0.048 46.6372
26 47.7542 0.048 47.7062
34 46.6372 0.048 46.5892
26 47.7062 0.048 47.6582
34 46.5892 0.048 46.5412
26 47.6582 0.048 47.6102
34 46.5412 0.048 46.4932
26 47.6102 0.048 47.5622
34 46.4932 0.048 46.4452
26 47.5622 0.048 47.5142
34 46.4452 0.048 46.3972
26 47.9973 0.048 47.9493
34 46.3972 0.048 46.3492
26 47.9493 0.048 47.9013
34 46.3492 0.048 46.3012
26 47.9013 0.048 47.8533
34 46.3012 0.048 46.2532
26 47.8533 0.048 47.8053
34 46.6154 0.048 46.5674
26 47.8053 0.048 47.7573
34 46.5674 0.048 46.5194
26 47.7573 0.048 47.7093
34 46.5194 0.048 46.4714
26 47.7093 0.048 47.6613
34 46.4714 0.048 46.4234
26 47.6613 0.048 47.6133
34 46.4234 0.048 46.3754
26 47.6133 0.048 47.5653
34 46.3754 0.048 46.3274
26 47.5653 0.048 47.5173
34 46.3274 0.048 46.2794
26 47.8559 0.048 47.8079
34 46.2794 0.048 46.2314
26 47.8079 0.048 47.7599
34 46.2314 0.048 46.1834
26 47.7599 0.048 47.7119
34 46.1834 0.048 46.1354
26 47.7119 0.048 47.6639
34 46.27 0.048 46.222
26 47.6639 0.048 47.6159
34 46.222 0.048 46.174
26 47.6159 0.048 47.5679
34 46.174 0.048 46.126
26 47.5679 0.048 47.5199
34 46.126 0.048 46.078
26 47.5199 0.048 47.4719
34 46.078 0.048 46.03
26 47.4719 0.048 47.4239
34 46.03 0.048 45.982
26 47.4239 0.048 47.3759
34 45.982 0.048 45.934
26 47.5515 0.048 47.5035
34 45.934 0.048 45.886
26 47.5035 0.048 47.4555
34 45.886 0.048 45.838
26 47.4555 0.048 47.4075
30 50 0.0048 49.9952
34 45.838 0.048 45.79
26 47.4075 0.048 47.3595
34 46.105 0.048 46.057
26 47.3595 0.048 47.3115
34 46.057 0.048 46.009
26 47.3115 0.048 47.2635
34 46.009 0.048 45.961
26 47.2635 0.048 47.2155
34 45.961 0.048 45.913
26 47.2155 0.048 47.1675
34 45.913 0.048 45.865
26 47.1675 0.048 47.1195
34 45.865 0.048 45.817
26 47.1195 0.048 47.0715
34 45.817 0.048 45.769
26 47.2971 0.048 47.2491
34 45.769 0.048 45.721
26 47.2491 0.048 47.2011
34 45.721 0.048 45.673
26 47.2011 0.048 47.1531
30 50 0.0048 49.9952
34 45.673 0.048 45.625
26 47.1531 0.048 47.1051
34 45.7707 0.048 45.7227
26 47.1051 0.048 47.0571
34 45.7227 0.048 45.6747
26 47.0571 0.048 47.0091
34 45.6747 0.048 45.6267
26 47.0091 0.048 46.9611
34 45.6267 0.048 45.5787
26 46.9611 0.048 46.9131
34 45.5787 0.048 45.5307
26 46.9131 0.048 46.8651
34 45.5307 0.048 45.4827
26 46.8651 0.048 46.8171
34 45.4827 0.048 45.4347
26 47.0999 0.048 47.0519
34 45.4347 0.048 45.3867
26 47.0519 0.048 47.0039
34 45.3867 0.048 45.3387
26 47.0039 0.048 46.9559
30 50 0.0048 49.9952
34 45.3387 0.048 45.2907
26 46.9559 0.048 46.9079
34 45.539 0.048 45.491
26 46.9079 0.048 46.8599
34 45.491 0.048 45.443
26 46.8599 0.048 46.8119
34 45.443 0.048 45.395
26 46.8119 0.048 46.7639
34 45.395 0.048 45.347
26 46.7639 0.048 46.7159
34 45.347 0.048 45.299
26 46.7159 0.048 46.6679
34 45.299 0.048 45.251
26 46.6679 0.048 46.6199
34 45.251 0.048 45.203
26 47.1005 0.048 47.0525
34 45.203 0.048 45.155
26 47.0525 0.048 47.0045
34 45.155 0.048 45.107
26 47.0045 0.048 46.9565
30 50 0.0048 49.9952
34 45.107 0.048 45.059
26 46.9565 0.048 46.9085
34 45.3952 0.048 45.3472
26 46.9085 0.048 46.8605
34 45.3472 0.048 45.2992
26 46.8605 0.048 46.8125
34 45.2992 0.048 45.2512
26 46.8125 0.048 46.7645
34 45.2512 0.048 45.2032
26 46.7645 0.048 46.7165
34 45.2032 0.048 45.1552
26 46.7165 0.048 46.6685
34 45.1552 0.048 45.1072
26 46.6685 0.048 46.6205
34 45.1072 0.048 45.0592
26 46.8323 0.048 46.7843
34 45.0592 0.048 45.0112
26 46.7843 0.048 46.7363
34 45.0112 0.048 44.9632
26 46.7363 0.048 46.6883
34 44.9632 0.048 44.9152
26 46.6883 0.048 46.6403
34 45.1757 0.048 45.1277
26 46.6403 0.048 46.5923
34 45.1277 0.048 45.0797
26 46.5923 0.048 46.5443
34 45.0797 0.048 45.0317
26 46.5443 0.048 46.4963
34 45.0317 0.048 44.9837
26 46.4963 0.048 46.4483
34 44.9837 0.048 44.9357
26 46.4483 0.048 46.4003
34 44.9357 0.048 44.8877
26 46.4003 0.048 46.3523
34 44.8877 0.048 44.8397
26 46.8138 0.048 46.7658
34 44.8397 0.048 44.7917
26 46.7658 0.048 46.7178
34 44.7917 0.048 44.7437
26 46.7178 0.048 46.6698
34 44.7437 0.048 44.6957
26 46.6698 0.048 46.6218
34 45.0288 0.048 44.9808
34 44.9808 0.0048 44.976
34 44.976 0.16 44.816
34 44.816 0.0016 44.8144
26 46.6218 0.048 46.5738
26 46.5738 0.048 46.5258
27 50 0.048 49.952
26 46.5258 0.048 46.4778
27 49.952 0.048 49.904
26 46.4778 0.048 46.4298
27 49.904 0.048 49.856
26 46.4298 0.048 46.3818
27 49.856 0.048 49.808
26 46.3818 0.048 46.3338
27 49.808 0.048 49.76
26 46.5702 0.048 46.5222
27 49.76 0.048 49.712
26 46.5222 0.048 46.4742
27 49.712 0.048 49.664
26 46.4742 0.048 46.4262
27 49.664 0.048 49.616
26 46.4262 0.048 46.3782
27 49.616 0.048 49.568
26 46.3782 0.048 46.3302
27 49.8511 0.048 49.8031
26 46.3302 0.048 46.2822
27 49.8031 0.048 49.7551
26 46.2822 0.048 46.2342
27 49.7551 0.048 49.7071
26 46.2342 0.048 46.1862
27 49.7071 0.048 49.6591
26 46.1862 0.048 46.1382
27 49.6591 0.048 49.6111
26 46.1382 0.048 46.0902
27 49.6111 0.048 49.5631
26 46.5042 0.048 46.4562
27 49.5631 0.048 49.5151
26 46.4562 0.048 46.4082
27 49.5151 0.048 49.4671
26 46.4082 0.048 46.3602
27 49.4671 0.048 49.4191
26 46.3602 0.048 46.3122
27 49.4191 0.048 49.3711
26 46.3122 0.048 46.2642
27 49.7091 0.048 49.6611
26 46.2642 0.048 46.2162
27 49.6611 0.048 49.6131
26 46.2162 0.048 46.1682
27 49.6131 0.048 49.5651
26 46.1682 0.048 46.1202
27 49.5651 0.048 49.5171
26 46.1202 0.048 46.0722
27 49.5171 0.048 49.4691
26 46.0722 0.048 46.0242
27 49.4691 0.048 49.4211
26 46.4643 0.048 46.4163
27 49.4211 0.048 49.3731
26 46.4163 0.048 46.3683
27 49.3731 0.048 49.3251
26 46.3683 0.048 46.3203
27 49.3251 0.048 49.2771
31 50 0.0048 49.9952
26 46.3203 0.048 46.2723
27 49.2771 0.048 49.2291
26 46.2723 0.048 46.2243
27 49.6196 0.048 49.5716
26 46.2243 0.048 46.1763
27 49.5716 0.048 49.5236
26 46.1763 0.048 46.1283
27 49.5236 0.048 49.4756
26 46.1283 0.048 46.0803
27 49.4756 0.048 49.4276
26 46.0803 0.048 46.0323
27 49.4276 0.048 49.3796
26 46.0323 0.048 45.9843
27 49.3796 0.048 49.3316
26 46.4394 0.048 46.3914
27 49.3316 0.048 49.2836
26 46.3914 0.048 46.3434
27 49.2836 0.048 49.2356
26 46.3434 0.048 46.2954
27 49.2356 0.048 49.1876
31 50 0.0048 49.9952
26 46.2954 0.048 46.2474
27 49.1876 0.048 49.1396
26 46.2474 0.048 46.1994
27 49.5737 0.048 49.5257
26 46.1994 0.048 46.1514
27 49.5257 0.048 49.4777
26 46.1514 0.048 46.1034
27 49.4777 0.048 49.4297
26 46.1034 0.048 46.0554
27 49.4297 0.048 49.3817
26 46.0554 0.048 46.0074
27 49.3817 0.048 49.3337
26 46.0074 0.048 45.9594
27 49.3337 0.048 49.2857
26 46.3807 0.048 46.3327
27 49.2857 0.048 49.2377
26 46.3327 0.048 46.2847
27 49.2377 0.048 49.1897
26 46.2847 0.048 46.2367
27 49.1897 0.048 49.1417
31 50 0.0048 49.9952
26 46.2367 0.048 46.1887
27 49.1417 0.048 49.0937
26 46.1887 0.048 46.1407
27 49.2047 0.048 49.1567
26 46.1407 0.048 46.0927
27 49.1567 0.048 49.1087
26 46.0927 0.048 46.0447
27 49.1087 0.048 49.0607
26 46.0447 0.048 45.9967
27 49.0607 0.048 49.0127
26 45.9967 0.048 45.9487
27 49.0127 0.048 48.9647
26 45.9487 0.048 45.9007
27 48.9647 0.048 48.9167
26 46.071 0.048 46.023
27 48.9167 0.048 48.8687
26 46.023 0.048 45.975
27 48.8687 0.048 48.8207
26 45.975 0.048 45.927
27 48.8207 0.048 48.7727
31 50 0.0048 49.9952
26 45.927 0.048 45.879
26 45.879 0.0048 45.8742
26 45.8742 0.16 45.7142
26 45.7142 0.0016 45.7126
27 48.7727 0.048 48.7247
27 48.8853 0.048 48.8373
27 48.8373 0.048 48.7893
27 48.7893 0.048 48.7413
27 48.7413 0.048 48.6933
27 48.6933 0.048 48.6453
27 48.6453 0.048 48.5973
27 48.5973 0.048 48.5493
27 48.5493 0.048 48.5013
27 48.5013 0.048 48.4533
27 48.4533 0.048 48.4053
27 48.6718 0.048 48.6238
27 48.6238 0.048 48.5758
27 48.5758 0.048 48.5278
27 48.5278 0.048 48.4798
27 48.4798 0.048 48.4318
27 48.4318 0.048 48.3838
27 48.3838 0.048 48.3358
27 48.3358 0.048 48.2878
27 48.2878 0.048 48.2398
32 50 0.0048 49.9952
27 48.2398 0.048 48.1918
27 48.4947 0.048 48.4467
27 48.4467 0.048 48.3987
27 48.3987 0.048 48.3507
27 48.3507 0.048 48.3027
27 48.3027 0.048 48.2547
27 48.2547 0.048 48.2067
27 48.2067 0.048 48.1587
27 48.1587 0.048 48.1107
27 48.1107 0.048 48.0627
32 50 0.0048 49.9952
27 48.0627 0.048 48.0147
27 48.2811 0.048 48.2331
27 48.2331 0.048 48.1851
27 48.1851 0.048 48.1371
27 48.1371 0.048 48.0891
27 48.0891 0.048 48.0411
27 48.0411 0.048 47.9931
27 47.9931 0.048 47.9451
27 47.9451 0.048 47.8971
27 47.8971 0.048 47.8491
32 50 0.0048 49.9952
27 47.8491 0.048 47.8011
27 48.1509 0.048 48.1029
27 48.1029 0.048 48.0549
27 48.0549 0.048 48.0069
27 48.0069 0.048 47.9589
27 47.9589 0.048 47.9109
27 47.9109 0.048 47.8629
27 47.8629 0.048 47.8149
27 47.8149 0.048 47.7669
27 47.7669 0.048 47.7189
32 50 0.0048 49.9952
30 50 0.048 49.952
30 49.952 0.0048 49.9472
30 49.9472 0.16 49.7872
30 49.7872 0.0016 49.7856
27 47.7189 0.048 47.6709
27 48.0749 0.048 48.0269
27 48.0269 0.048 47.9789
27 47.9789 0.048 47.9309
27 47.9309 0.048 47.8829
33 50 0.048 49.952
27 47.8829 0.048 47.8349
33 49.952 0.048 49.904
27 47.8349 0.048 47.7869
33 49.904 0.048 49.856
27 47.7869 0.048 47.7389
33 49.856 0.048 49.808
27 47.7389 0.048 47.6909
33 49.808 0.048 49.76
27 47.6909 0.048 47.6429
33 49.76 0.048 49.712
27 47.6429 0.048 47.5949
33 50 0.048 49.952
27 47.7341 0.048 47.6861
33 49.952 0.048 49.904
27 47.6861 0.048 47.6381
33 49.904 0.048 49.856
27 47.6381 0.048 47.5901
33 49.856 0.048 49.808
27 47.5901 0.048 47.5421
33 49.808 0.048 49.76
27 47.5421 0.048 47.4941
33 49.76 0.048 49.712
27 47.4941 0.048 47.4461
33 49.712 0.048 49.664
27 47.4461 0.048 47.3981
33 49.664 0.048 49.616
27 47.3981 0.048 47.3501
33 49.616 0.048 49.568
27 47.3501 0.048 47.3021
33 49.568 0.048 49.52
27 47.3021 0.048 47.2541
33 49.7597 0.048 49.7117
27 47.3855 0.048 47.3375
33 49.7117 0.048 49.6637
27 47.3375 0.048 47.2895
33 49.6637 0.048 49.6157
27 47.2895 0.048 47.2415
33 49.6157 0.048 49.5677
27 47.2415 0.048 47.1935
33 49.5677 0.048 49.5197
27 47.1935 0.048 47.1455
33 49.5197 0.048 49.4717
27 47.1455 0.048 47.0975
33 49.4717 0.048 49.4237
27 47.0975 0.048 47.0495
33 49.4237 0.048 49.3757
27 47.0495 0.048 47.0015
33 49.3757 0.048 49.3277
27 47.0015 0.048 46.9535
33 49.3277 0.048 49.2797
27 46.9535 0.048 46.9055
33 49.593 0.048 49.545
27 47.1651 0.048 47.1171
33 49.545 0.048 49.497
27 47.1171 0.048 47.0691
33 49.497 0.048 49.449
33 49.449 0.0048 49.4442
33 49.4442 0.16 49.2842
33 49.2842 0.0016 49.2826
27 47.0691 0.048 47.0211
27 47.0211 0.048 46.9731
27 46.9731 0.048 46.9251
27 46.9251 0.048 46.8771
27 46.8771 0.048 46.8291
31 50 0.048 49.952
27 46.8291 0.048 46.7811
31 49.952 0.048 49.904
27 46.7811 0.048 46.7331
28 50 0.0048 49.9952
31 49.904 0.048 49.856
27 46.7331 0.048 46.6851
31 49.856 0.048 49.808
27 46.8386 0.048 46.7906
31 49.808 0.048 49.76
27 46.7906 0.048 46.7426
31 50 0.048 49.952
27 46.7426 0.048 46.6946
31 49.952 0.048 49.904
27 46.6946 0.048 46.6466
31 49.904 0.048 49.856
27 46.6466 0.048 46.5986
31 49.856 0.048 49.808
27 46.5986 0.048 46.5506
31 49.808 0.048 49.76
27 46.5506 0.048 46.5026
31 49.76 0.048 49.712
27 46.5026 0.048 46.4546
31 49.712 0.048 49.664
27 46.4546 0.048 46.4066
28 50 0.0048 49.9952
31 49.664 0.048 49.616
27 46.4066 0.048 46.3586
31 49.616 0.048 49.568
27 46.6442 0.048 46.5962
31 49.568 0.048 49.52
27 46.5962 0.048 46.5482
31 49.9501 0.048 49.9021
27 46.5482 0.048 46.5002
31 49.9021 0.048 49.8541
27 46.5002 0.048 46.4522
31 49.8541 0.048 49.8061
27 46.4522 0.048 46.4042
31 49.8061 0.048 49.7581
27 46.4042 0.048 46.3562
31 49.7581 0.048 49.7101
27 46.3562 0.048 46.3082
31 49.7101 0.048 49.6621
27 46.3082 0.048 46.2602
31 49.6621 0.048 49.6141
27 46.2602 0.048 46.2122
28 50 0.0048 49.9952
31 49.6141 0.048 49.5661
27 46.2122 0.048 46.1642
31 49.5661 0.048 49.5181
27 46.4585 0.048 46.4105
31 49.5181 0.048 49.4701
27 46.4105 0.048 46.3625
31 49.6022 0.048 49.5542
27 46.3625 0.048 46.3145
31 49.5542 0.048 49.5062
28 50 0.048 49.952
27 46.3145 0.048 46.2665
31 49.5062 0.048 49.4582
28 49.952 0.048 49.904
27 46.2665 0.048 46.2185
31 49.4582 0.048 49.4102
28 49.904 0.048 49.856
27 46.2185 0.048 46.1705
31 49.4102 0.048 49.3622
28 49.856 0.048 49.808
27 46.1705 0.048 46.1225
31 49.3622 0.048 49.3142
28 49.808 0.048 49.76
27 46.1225 0.048 46.0745
31 49.3142 0.048 49.2662
28 49.76 0.048 49.712
27 46.0745 0.048 46.0265
32 50 0.048 49.952
31 49.2662 0.048 49.2182
28 49.712 0.048 49.664
27 46.0265 0.048 45.9785
32 49.952 0.048 49.904
31 49.2182 0.048 49.1702
28 49.664 0.048 49.616
27 46.3636 0.048 46.3156
32 49.904 0.048 49.856
31 49.1702 0.048 49.1222
28 49.616 0.048 49.568
27 46.3156 0.048 46.2676
32 49.856 0.048 49.808
31 49.3152 0.048 49.2672
28 49.7679 0.048 49.7199
27 46.2676 0.048 46.2196
32 49.808 0.048 49.76
31 49.2672 0.048 49.2192
28 49.7199 0.048 49.6719
27 46.2196 0.048 46.1716
32 49.76 0.048 49.712
31 49.2192 0.048 49.1712
28 49.6719 0.048 49.6239
27 46.1716 0.048 46.1236
32 50 0.048 49.952
31 49.1712 0.048 49.1232
28 49.6239 0.048 49.5759
27 46.1236 0.048 46.0756
32 49.952 0.048 49.904
31 49.1232 0.048 49.0752
28 49.5759 0.048 49.5279
27 46.0756 0.048 46.0276
32 49.904 0.048 49.856
31 49.0752 0.048 49.0272
28 49.5279 0.048 49.4799
27 46.0276 0.048 45.9796
32 49.856 0.048 49.808
31 49.0272 0.048 48.9792
28 49.4799 0.048 49.4319
27 45.9796 0.048 45.9316
32 49.808 0.048 49.76
31 48.9792 0.048 48.9312
28 49.4319 0.048 49.3839
27 45.9316 0.048 45.8836
32 49.76 0.048 49.712
31 48.9312 0.048 48.8832
28 49.3839 0.048 49.3359
27 46.3379 0.048 46.2899
32 49.712 0.048 49.664
31 48.8832 0.048 48.8352
28 49.3359 0.048 49.2879
27 46.2899 0.048 46.2419
32 49.664 0.048 49.616
31 49.1938 0.048 49.1458
28 49.5658 0.048 49.5178
27 46.2419 0.048 46.1939
32 49.616 0.048 49.568
31 49.1458 0.048 49.0978
28 49.5178 0.048 49.4698
27 46.1939 0.048 46.1459
32 49.568 0.048 49.52
31 49.0978 0.048 49.0498
28 49.4698 0.048 49.4218
27 46.1459 0.048 46.0979
32 50 0.048 49.952
31 49.0498 0.048 49.0018
29 50 0.048 49.952
28 49.4218 0.048 49.3738
27 46.0979 0.048 46.0499
32 49.952 0.048 49.904
31 49.0018 0.048 48.9538
29 49.952 0.048 49.904
28 49.3738 0.048 49.3258
27 46.0499 0.048 46.0019
32 49.904 0.048 49.856
31 48.9538 0.048 48.9058
29 49.904 0.048 49.856
28 49.3258 0.048 49.2778
27 46.0019 0.048 45.9539
32 49.856 0.048 49.808
31 48.9058 0.048 48.8578
29 49.856 0.048 49.808
28 49.2778 0.048 49.2298
27 45.9539 0.048 45.9059
32 49.808 0.048 49.76
31 48.8578 0.048 48.8098
29 49.808 0.048 49.76
28 49.2298 0.048 49.1818
27 45.9059 0.048 45.8579
32 49.76 0.048 49.712
31 48.8098 0.048 48.7618
29 49.9782 0.048 49.9302
28 49.1818 0.048 49.1338
27 46.043 0.048 45.995
32 49.712 0.048 49.664
31 48.7618 0.048 48.7138
29 49.9302 0.048 49.8822
28 49.1338 0.048 49.0858
27 45.995 0.048 45.947
32 49.664 0.048 49.616
31 49.0399 0.048 48.9919
29 49.8822 0.048 49.8342
28 49.335 0.048 49.287
27 45.947 0.048 45.899
32 49.616 0.048 49.568
31 48.9919 0.048 48.9439
29 49.8342 0.048 49.7862
28 49.287 0.048 49.239
27 45.899 0.048 45.851
27 45.851 0.0048 45.8462
27 45.8462 0.16 45.6862
27 45.6862 0.0016 45.6846
32 49.568 0.048 49.52
31 48.9439 0.048 48.8959
29 49.7862 0.048 49.7382
28 49.239 0.048 49.191
32 49.7702 0.048 49.7222
31 48.8959 0.048 48.8479
29 49.7382 0.048 49.6902
28 49.191 0.048 49.143
32 49.7222 0.048 49.6742
31 48.8479 0.048 48.7999
29 49.6902 0.048 49.6422
28 49.143 0.048 49.095
32 49.6742 0.048 49.6262
31 48.7999 0.048 48.7519
29 49.6422 0.048 49.5942
28 49.095 0.048 49.047
32 49.6262 0.048 49.5782
31 48.7519 0.048 48.7039
29 49.5942 0.048 49.5462
28 49.047 0.048 48.999
32 49.5782 0.048 49.5302
31 48.7039 0.048 48.6559
29 49.5462 0.048 49.4982
28 48.999 0.048 48.951
32 49.5302 0.048 49.4822
31 48.6559 0.048 48.6079
29 49.9509 0.048 49.9029
28 48.951 0.048 48.903
32 49.4822 0.048 49.4342
31 48.6079 0.048 48.5599
29 49.9029 0.048 49.8549
28 48.903 0.048 48.855
32 49.4342 0.048 49.3862
31 48.6618 0.048 48.6138
29 49.8549 0.048 49.8069
28 49.0401 0.048 48.9921
32 49.3862 0.048 49.3382
31 48.6138 0.048 48.5658
29 49.8069 0.048 49.7589
28 48.9921 0.048 48.9441
32 49.3382 0.048 49.2902
31 48.5658 0.048 48.5178
29 49.7589 0.048 49.7109
28 48.9441 0.048 48.8961
32 49.6907 0.048 49.6427
31 48.5178 0.048 48.4698
29 49.7109 0.048 49.6629
28 48.8961 0.048 48.8481
32 49.6427 0.048 49.5947
31 48.4698 0.048 48.4218
29 49.6629 0.048 49.6149
28 48.8481 0.048 48.8001
32 49.5947 0.048 49.5467
31 48.4218 0.048 48.3738
29 49.6149 0.048 49.5669
28 48.8001 0.048 48.7521
32 49.5467 0.048 49.4987
31 48.3738 0.048 48.3258
29 49.5669 0.048 49.5189
28 48.7521 0.048 48.7041
32 49.4987 0.048 49.4507
31 48.3258 0.048 48.2778
29 49.5189 0.048 49.4709
28 48.7041 0.048 48.6561
32 49.4507 0.048 49.4027
31 48.2778 0.048 48.2298
29 49.7045 0.048 49.6565
28 48.6561 0.048 48.6081
32 49.4027 0.048 49.3547
31 48.2298 0.048 48.1818
29 49.6565 0.048 49.6085
28 48.6081 0.048 48.5601
32 49.3547 0.048 49.3067
31 48.503 0.048 48.455
29 49.6085 0.048 49.5605
28 49.0591 0.048 49.0111
32 49.3067 0.048 49.2587
31 48.455 0.048 48.407
29 49.5605 0.048 49.5125
28 49.0111 0.048 48.9631
32 49.2587 0.048 49.2107
31 48.407 0.048 48.359
29 49.5125 0.048 49.4645
28 48.9631 0.048 48.9151
32 49.3371 0.048 49.2891
31 48.359 0.048 48.311
29 49.4645 0.048 49.4165
28 48.9151 0.048 48.8671
32 49.2891 0.048 49.2411
31 48.311 0.048 48.263
29 49.4165 0.048 49.3685
28 48.8671 0.048 48.8191
32 49.2411 0.048 49.1931
31 48.263 0.048 48.215
29 49.3685 0.048 49.3205
28 48.8191 0.048 48.7711
32 49.1931 0.048 49.1451
31 48.215 0.048 48.167
29 49.3205 0.048 49.2725
28 48.7711 0.048 48.7231
32 49.1451 0.048 49.0971
31 48.167 0.048 48.119
29 49.2725 0.048 49.2245
28 48.7231 0.048 48.6751
32 49.0971 0.048 49.0491
31 48.119 0.048 48.071
29 49.5888 0.048 49.5408
28 48.6751 0.048 48.6271
32 49.0491 0.048 49.0011
31 48.071 0.048 48.023
29 49.5408 0.048 49.4928
28 48.6271 0.048 48.5791
32 49.0011 0.048 48.9531
31 48.3024 0.048 48.2544
29 49.4928 0.048 49.4448
28 48.8737 0.048 48.8257
32 48.9531 0.048 48.9051
31 48.2544 0.048 48.2064
29 49.4448 0.048 49.3968
28 48.8257 0.048 48.7777
32 48.9051 0.048 48.8571
31 48.2064 0.048 48.1584
29 49.3968 0.048 49.3488
28 48.7777 0.048 48.7297
32 49.0464 0.048 48.9984
31 48.1584 0.048 48.1104
29 49.3488 0.048 49.3008
28 48.7297 0.048 48.6817
32 48.9984 0.048 48.9504
31 48.1104 0.048 48.0624
29 49.3008 0.048 49.2528
28 48.6817 0.048 48.6337
32 48.9504 0.048 48.9024
31 48.0624 0.048 48.0144
29 49.2528 0.048 49.2048
28 48.6337 0.048 48.5857
32 48.9024 0.048 48.8544
31 48.0144 0.048 47.9664
29 49.2048 0.048 49.1568
28 48.5857 0.048 48.5377
32 48.8544 0.048 48.8064
31 47.9664 0.048 47.9184
29 49.1568 0.048 49.1088
28 48.5377 0.048 48.4897
32 48.8064 0.048 48.7584
31 47.9184 0.048 47.8704
29 49.3327 0.048 49.2847
28 48.4897 0.048 48.4417
32 48.7584 0.048 48.7104
31 47.8704 0.048 47.8224
29 49.2847 0.048 49.2367
28 48.4417 0.048 48.3937
32 48.7104 0.048 48.6624
31 48.1872 0.048 48.1392
29 49.2367 0.048 49.1887
28 48.7715 0.048 48.7235
32 48.6624 0.048 48.6144
31 48.1392 0.048 48.0912
29 49.1887 0.048 49.1407
28 48.7235 0.048 48.6755
32 48.6144 0.048 48.5664
31 48.0912 0.048 48.0432
29 49.1407 0.048 49.0927
28 48.6755 0.048 48.6275
32 48.7678 0.048 48.7198
31 48.0432 0.048 47.9952
29 49.0927 0.048 49.0447
28 48.6275 0.048 48.5795
32 48.7198 0.048 48.6718
31 47.9952 0.048 47.9472
29 49.0447 0.048 48.9967
28 48.5795 0.048 48.5315
32 48.6718 0.048 48.6238
31 47.9472 0.048 47.8992
29 48.9967 0.048 48.9487
28 48.5315 0.048 48.4835
32 48.6238 0.048 48.5758
31 47.8992 0.048 47.8512
29 48.9487 0.048 48.9007
28 48.4835 0.048 48.4355
32 48.5758 0.048 48.5278
31 47.8512 0.048 47.8032
29 48.9007 0.048 48.8527
28 48.4355 0.048 48.3875
32 48.5278 0.048 48.4798
31 47.8032 0.048 47.7552
29 49.1286 0.048 49.0806
28 48.3875 0.048 48.3395
32 48.4798 0.048 48.4318
31 47.7552 0.048 47.7072
29 49.0806 0.048 49.0326
28 48.3395 0.048 48.2915
32 48.4318 0.048 48.3838
31 47.8232 0.048 47.7752
29 49.0326 0.048 48.9846
28 48.4568 0.048 48.4088
32 48.3838 0.048 48.3358
31 47.7752 0.048 47.7272
29 48.9846 0.048 48.9366
28 48.4088 0.048 48.3608
32 48.3358 0.048 48.2878
31 47.7272 0.048 47.6792
29 48.9366 0.048 48.8886
28 48.3608 0.048 48.3128
32 48.4649 0.048 48.4169
31 47.6792 0.048 47.6312
29 48.8886 0.048 48.8406
28 48.3128 0.048 48.2648
32 48.4169 0.048 48.3689
31 47.6312 0.048 47.5832
29 48.8406 0.048 48.7926
28 48.2648 0.048 48.2168
32 48.3689 0.048 48.3209
31 47.5832 0.048 47.5352
29 48.7926 0.048 48.7446
28 48.2168 0.048 48.1688
32 48.3209 0.048 48.2729
31 47.5352 0.048 47.4872
29 48.7446 0.048 48.6966
28 48.1688 0.048 48.1208
32 48.2729 0.048 48.2249
31 47.4872 0.048 47.4392
29 48.6966 0.048 48.6486
28 48.1208 0.048 48.0728
32 48.2249 0.048 48.1769
31 47.4392 0.048 47.3912
29 49.0041 0.048 48.9561
28 48.0728 0.048 48.0248
32 48.1769 0.048 48.1289
31 47.3912 0.048 47.3432
29 48.9561 0.048 48.9081
28 48.0248 0.048 47.9768
32 48.1289 0.048 48.0809
31 47.7379 0.048 47.6899
29 48.9081 0.048 48.8601
28 48.246 0.048 48.198
32 48.0809 0.048 48.0329
31 47.6899 0.048 47.6419
29 48.8601 0.048 48.8121
28 48.198 0.048 48.15
32 48.0329 0.048 47.9849
31 47.6419 0.048 47.5939
29 48.8121 0.048 48.7641
28 48.15 0.048 48.102
32 48.296 0.048 48.248
31 47.5939 0.048 47.5459
29 48.7641 0.048 48.7161
28 48.102 0.048 48.054
32 48.248 0.048 48.2
31 47.5459 0.048 47.4979
29 48.7161 0.048 48.6681
28 48.054 0.048 48.006
32 48.2 0.048 48.152
31 47.4979 0.048 47.4499
29 48.6681 0.048 48.6201
28 48.006 0.048 47.958
32 48.152 0.048 48.104
31 47.4499 0.048 47.4019
29 48.6201 0.048 48.5721
28 47.958 0.048 47.91
32 48.104 0.048 48.056
31 47.4019 0.048 47.3539
29 48.5721 0.048 48.5241
28 47.91 0.048 47.862
32 48.056 0.048 48.008
31 47.3539 0.048 47.3059
29 48.8251 0.048 48.7771
28 47.862 0.048 47.814
32 48.008 0.048 47.96
31 47.3059 0.048 47.2579
29 48.7771 0.048 48.7291
28 47.814 0.048 47.766
32 47.96 0.048 47.912
31 47.6037 0.048 47.5557
29 48.7291 0.048 48.6811
28 48.1479 0.048 48.0999
32 47.912 0.048 47.864
31 47.5557 0.048 47.5077
29 48.6811 0.048 48.6331
28 48.0999 0.048 48.0519
32 47.864 0.048 47.816
31 47.5077 0.048 47.4597
29 48.6331 0.048 48.5851
28 48.0519 0.048 48.0039
32 48.177 0.048 48.129
31 47.4597 0.048 47.4117
29 48.5851 0.048 48.5371
28 48.0039 0.048 47.9559
32 48.129 0.048 48.081
31 47.4117 0.048 47.3637
29 48.5371 0.048 48.4891
28 47.9559 0.048 47.9079
32 48.081 0.048 48.033
31 47.3637 0.048 47.3157
29 48.4891 0.048 48.4411
28 47.9079 0.048 47.8599
32 48.033 0.048 47.985
31 47.3157 0.048 47.2677
29 48.4411 0.048 48.3931
28 47.8599 0.048 47.8119
32 47.985 0.048 47.937
33 50 0.0048 49.9952
31 47.2677 0.048 47.2197
29 48.3931 0.048 48.3451
28 47.8119 0.048 47.7639
32 47.937 0.048 47.889
31 47.2197 0.048 47.1717
29 48.5616 0.048 48.5136
28 47.7639 0.048 47.7159
32 47.889 0.048 47.841
31 47.1717 0.048 47.1237
29 48.5136 0.048 48.4656
28 47.7159 0.048 47.6679
32 47.841 0.048 47.793
31 47.5841 0.048 47.5361
29 48.4656 0.048 48.4176
28 47.9593 0.048 47.9113
32 47.793 0.048 47.745
31 47.5361 0.048 47.4881
29 48.4176 0.048 48.3696
28 47.9113 0.048 47.8633
32 47.745 0.048 47.697
31 47.4881 0.048 47.4401
29 48.3696 0.048 48.3216
28 47.8633 0.048 47.8153
32 48.0455 0.048 47.9975
31 47.4401 0.048 47.3921
29 48.3216 0.048 48.2736
28 47.8153 0.048 47.7673
32 47.9975 0.048 47.9495
31 47.3921 0.048 47.3441
29 48.2736 0.048 48.2256
28 47.7673 0.048 47.7193
32 47.9495 0.048 47.9015
31 47.3441 0.048 47.2961
29 48.2256 0.048 48.1776
28 47.7193 0.048 47.6713
32 47.9015 0.048 47.8535
31 47.2961 0.048 47.2481
29 48.1776 0.048 48.1296
28 47.6713 0.048 47.6233
32 47.8535 0.048 47.8055
33 50 0.0048 49.9952
31 47.2481 0.048 47.2001
29 48.1296 0.048 48.0816
28 47.6233 0.048 47.5753
32 47.8055 0.048 47.7575
31 47.2001 0.048 47.1521
29 48.2722 0.048 48.2242
29 48.2242 0.0048 48.2194
29 48.2194 0.16 48.0594
29 48.0594 0.0016 48.0578
28 47.5753 0.048 47.5273
32 47.7575 0.048 47.7095
31 47.1521 0.048 47.1041
31 47.1041 0.0048 47.0993
31 47.0993 0.16 46.9393
31 46.9393 0.0016 46.9377
28 47.5273 0.048 47.4793
32 47.7095 0.048 47.6615
28 47.8505 0.048 47.8025
32 47.6615 0.048 47.6135
28 47.8025 0.048 47.7545
32 47.6135 0.048 47.5655
28 47.7545 0.048 47.7065
32 47.8618 0.048 47.8138
28 47.7065 0.048 47.6585
32 47.8138 0.048 47.7658
28 47.6585 0.048 47.6105
32 47.7658 0.048 47.7178
28 47.6105 0.048 47.5625
32 47.7178 0.048 47.6698
28 47.5625 0.048 47.5145
32 47.6698 0.048 47.6218
33 50 0.0048 49.9952
28 47.5145 0.048 47.4665
32 47.6218 0.048 47.5738
28 47.4665 0.048 47.4185
32 47.5738 0.048 47.5258
28 47.4185 0.048 47.3705
32 47.5258 0.048 47.4778
28 47.8103 0.048 47.7623
32 47.4778 0.048 47.4298
28 47.7623 0.048 47.7143
32 47.4298 0.048 47.3818
28 47.7143 0.048 47.6663
32 47.643 0.048 47.595
28 47.6663 0.048 47.6183
32 47.595 0.048 47.547
28 47.6183 0.048 47.5703
32 47.547 0.048 47.499
28 47.5703 0.048 47.5223
32 47.499 0.048 47.451
28 47.5223 0.048 47.4743
32 47.451 0.048 47.403
33 50 0.0048 49.9952
28 47.4743 0.048 47.4263
32 47.403 0.048 47.355
28 47.4263 0.048 47.3783
32 47.355 0.048 47.307
28 47.3783 0.048 47.3303
32 47.307 0.048 47.259
28 47.705 0.048 47.657
32 47.259 0.048 47.211
28 47.657 0.048 47.609
32 47.211 0.048 47.163
28 47.609 0.048 47.561
32 47.459 0.048 47.411
28 47.561 0.048 47.513
32 47.411 0.048 47.363
28 47.513 0.048 47.465
32 47.363 0.048 47.315
28 47.465 0.048 47.417
32 47.315 0.048 47.267
28 47.417 0.048 47.369
32 47.267 0.048 47.219
28 47.369 0.048 47.321
32 47.219 0.048 47.171
28 47.321 0.048 47.273
32 47.171 0.048 47.123
28 47.273 0.048 47.225
32 47.123 0.048 47.075
28 47.4603 0.048 47.4123
32 47.075 0.048 47.027
28 47.4123 0.048 47.3643
32 47.027 0.048 46.979
28 47.3643 0.048 47.3163
32 47.2035 0.048 47.1555
28 47.3163 0.048 47.2683
32 47.1555 0.048 47.1075
28 47.2683 0.048 47.2203
32 47.1075 0.048 47.0595
28 47.2203 0.048 47.1723
32 47.0595 0.048 47.0115
28 47.1723 0.048 47.1243
32 47.0115 0.048 46.9635
32 46.9635 0.0048 46.9587
32 46.9587 0.16 46.7987
32 46.7987 0.0016 46.7971
34 50 0.0048 49.9952
28 47.1243 0.048 47.0763
28 47.0763 0.048 47.0283
28 47.0283 0.048 46.9803
28 47.4127 0.048 47.3647
26 50 0.048 49.952
28 47.3647 0.048 47.3167
26 49.952 0.048 49.904
28 47.3167 0.048 47.2687
26 49.904 0.048 49.856
28 47.2687 0.048 47.2207
26 50 0.048 49.952
28 47.2207 0.048 47.1727
26 49.952 0.048 49.904
28 47.1727 0.048 47.1247
26 49.904 0.048 49.856
28 47.1247 0.048 47.0767
34 50 0.0048 49.9952
25 50 0.048 49.952
25 49.952 0.0048 49.9472
25 49.9472 0.16 49.7872
25 49.7872 0.0016 49.7856
26 49.856 0.048 49.808
28 47.0767 0.048 47.0287
26 49.808 0.048 49.76
28 47.0287 0.048 46.9807
26 49.76 0.048 49.712
28 46.9807 0.048 46.9327
26 49.712 0.048 49.664
28 47.2851 0.048 47.2371
26 49.664 0.048 49.616
28 47.2371 0.048 47.1891
26 49.616 0.048 49.568
28 47.1891 0.048 47.1411
26 49.568 0.048 49.52
28 47.1411 0.048 47.0931
26 49.9049 0.048 49.8569
28 47.0931 0.048 47.0451
26 49.8569 0.048 49.8089
28 47.0451 0.048 46.9971
26 49.8089 0.048 49.7609
28 46.9971 0.048 46.9491
29 49.5109 0.0048 49.5061
34 50 0.0048 49.9952
26 49.7609 0.048 49.7129
28 46.9491 0.048 46.9011
26 49.7129 0.048 49.6649
28 46.9011 0.048 46.8531
26 49.6649 0.048 49.6169
28 46.8531 0.048 46.8051
26 49.6169 0.048 49.5689
28 47.146 0.048 47.098
26 49.5689 0.048 49.5209
28 47.098 0.048 47.05
26 49.5209 0.048 49.4729
28 47.05 0.048 47.002
26 49.4729 0.048 49.4249
28 47.002 0.048 46.954
26 49.6777 0.048 49.6297
28 46.954 0.048 46.906
26 49.6297 0.048 49.5817
28 46.906 0.048 46.858
26 49.5817 0.048 49.5337
28 46.858 0.048 46.81
25 50 0.0048 49.9952
29 49.9365 0.0048 49.9317
26 49.5337 0.048 49.4857
28 46.81 0.048 46.762
26 49.4857 0.048 49.4377
28 46.762 0.048 46.714
26 49.4377 0.048 49.3897
28 46.714 0.048 46.666
26 49.3897 0.048 49.3417
28 47.0336 0.048 46.9856
26 49.3417 0.048 49.2937
28 46.9856 0.048 46.9376
26 49.2937 0.048 49.2457
28 46.9376 0.048 46.8896
26 49.2457 0.048 49.1977
28 46.8896 0.048 46.8416
26 49.4967 0.048 49.4487
28 46.8416 0.048 46.7936
26 49.4487 0.048 49.4007
28 46.7936 0.048 46.7456
26 49.4007 0.048 49.3527
28 46.7456 0.048 46.6976
25 50 0.0048 49.9952
29 50 0.0048 49.9952
26 49.3527 0.048 49.3047
28 46.6976 0.048 46.6496
26 49.3047 0.048 49.2567
28 46.6496 0.048 46.6016
26 49.2567 0.048 49.2087
28 46.6016 0.048 46.5536
26 49.2087 0.048 49.1607
28 46.9376 0.048 46.8896
26 49.1607 0.048 49.1127
28 46.8896 0.048 46.8416
26 49.1127 0.048 49.0647
28 46.8416 0.048 46.7936
26 49.0647 0.048 49.0167
28 46.7936 0.048 46.7456
26 49.3668 0.048 49.3188
28 46.7456 0.048 46.6976
28 46.6976 0.0048 46.6928
28 46.6928 0.16 46.5328
28 46.5328 0.0016 46.5312
26 49.3188 0.048 49.2708
26 49.2708 0.048 49.2228
25 50 0.0048 49.9952
26 49.2228 0.048 49.1748
26 49.1748 0.048 49.1268
26 49.1268 0.048 49.0788
26 49.0788 0.048 49.0308
26 49.0308 0.048 48.9828
26 48.9828 0.048 48.9348
26 48.9348 0.048 48.8868
26 49.3366 0.048 49.2886
26 49.2886 0.048 49.2406
26 49.2406 0.048 49.1926
25 50 0.0048 49.9952
27 50 0.0048 49.9952
26 49.1926 0.048 49.1446
34 50 0.048 49.952
26 49.1446 0.048 49.0966
34 49.952 0.048 49.904
26 49.0966 0.048 49.0486
34 49.904 0.048 49.856
26 49.0486 0.048 49.0006
34 49.856 0.048 49.808
26 49.0006 0.048 48.9526
34 49.808 0.048 49.76
26 48.9526 0.048 48.9046
34 49.76 0.048 49.712
26 48.9046 0.048 48.8566
34 49.712 0.048 49.664
26 49.0452 0.048 48.9972
34 49.664 0.048 49.616
26 48.9972 0.048 48.9492
34 49.616 0.048 49.568
26 48.9492 0.048 48.9012
34 49.568 0.048 49.52
26 48.9012 0.0048 48.8964
27 50 0.0048 49.9952
26 48.8964 0.048 48.8484
34 49.9161 0.048 49.8681
26 48.8484 0.048 48.8004
34 49.8681 0.048 49.8201
26 48.8004 0.048 48.7524
34 49.8201 0.048 49.7721
26 48.7524 0.048 48.7044
34 49.7721 0.048 49.7241
26 48.7044 0.048 48.6564
34 49.7241 0.048 49.6761
26 48.6564 0.048 48.6084
34 49.6761 0.048 49.6281
26 48.6084 0.048 48.5604
34 49.6281 0.048 49.5801
26 49.0117 0.048 48.9637
34 49.5801 0.048 49.5321
26 48.9637 0.048 48.9157
34 49.5321 0.048 49.4841
33 50 0.048 49.952
26 48.9157 0.048 48.8677
34 49.4841 0.048 49.4361
33 49.952 0.048 49.904
26 48.8677 0.0048 48.8629
27 50 0.0048 49.9952
26 48.8629 0.048 48.8149
34 49.9171 0.048 49.8691
33 49.904 0.048 49.856
26 48.8149 0.048 48.7669
34 49.8691 0.048 49.8211
33 50 0.048 49.952
26 48.7669 0.048 48.7189
26 48.7189 0.0048 48.7141
26 48.7141 0.16 48.5541
26 48.5541 0.0016 48.5525
34 49.8211 0.048 49.7731
33 49.952 0.048 49.904
34 49.7731 0.048 49.7251
33 49.904 0.048 49.856
34 49.7251 0.048 49.6771
33 49.856 0.048 49.808
34 49.6771 0.048 49.6291
33 49.808 0.048 49.76
34 49.6291 0.048 49.5811
33 49.76 0.048 49.712
34 49.5811 0.048 49.5331
33 49.712 0.048 49.664
34 49.5331 0.048 49.4851
33 49.664 0.048 49.616
33 49.616 0.0048 49.6112
33 49.6112 0.16 49.4512
33 49.4512 0.0016 49.4496
34 49.4851 0.048 49.4371
26 49.0229 0.0048 49.0181
34 49.894 0.048 49.846
34 49.846 0.048 49.798
34 49.798 0.048 49.75
34 49.75 0.048 49.702
34 49.702 0.048 49.654
34 49.654 0.048 49.606
34 49.606 0.048 49.558
34 49.558 0.048 49.51
34 49.51 0.048 49.462
34 49.462 0.048 49.414
26 49.2082 0.0048 49.2034
34 49.7454 0.048 49.6974
34 49.6974 0.048 49.6494
34 49.6494 0.048 49.6014
34 49.6014 0.048 49.5534
34 49.5534 0.048 49.5054
34 49.5054 0.048 49.4574
34 49.4574 0.048 49.4094
34 49.4094 0.048 49.3614
34 49.3614 0.048 49.3134
34 49.3134 0.048 49.2654
34 49.6341 0.048 49.5861
34 49.5861 0.048 49.5381
34 49.5381 0.048 49.4901
34 49.4901 0.048 49.4421
34 49.4421 0.048 49.3941
34 49.3941 0.048 49.3461
34 49.3461 0.048 49.2981
34 49.2981 0.048 49.2501
34 49.2501 0.048 49.2021
34 49.2021 0.048 49.1541
34 49.5738 0.048 49.5258
34 49.5258 0.048 49.4778
34 49.4778 0.048 49.4298
34 49.4298 0.048 49.3818
34 49.3818 0.048 49.3338
34 49.3338 0.048 49.2858
34 49.2858 0.048 49.2378
34 49.2378 0.048 49.1898
34 49.1898 0.048 49.1418
34 49.1418 0.048 49.0938
34 49.4712 0.048 49.4232
34 49.4232 0.0048 49.4184
34 49.4184 0.16 49.2584
34 49.2584 0.0016 49.2568
30 50 0.0048 49.9952
30 50 0.0048 49.9952
30 50 0.0048 49.9952
29 50 0.048 49.952
29 49.952 0.048 49.904
29 49.904 0.048 49.856
29 49.856 0.048 49.808
29 49.808 0.048 49.76
29 49.76 0.0048 49.7552
29 49.7552 0.16 49.5952
29 49.5952 0.0016 49.5936
30 50 0.0048 49.9952
30 50 0.048 49.952
30 49.952 0.0048 49.9472
30 49.9472 0.16 49.7872
30 49.7872 0.0016 49.7856
31 50 0.0048 49.9952
31 50 0.0048 49.9952
31 50 0.0048 49.9952
32 50 0.0048 49.9952
26 50 0.048 49.952
26 49.952 0.048 49.904
26 49.904 0.048 49.856
26 49.856 0.048 49.808
26 49.808 0.048 49.76
26 50 0.048 49.952
26 49.952 0.048 49.904
32 50 0.0048 49.9952
26 49.904 0.048 49.856
26 49.856 0.048 49.808
26 49.808 0.048 49.76
26 49.76 0.048 49.712
26 49.712 0.048 49.664
26 49.664 0.048 49.616
26 49.616 0.048 49.568
26 49.568 0.048 49.52
26 49.6311 0.048 49.5831
26 49.5831 0.048 49.5351
32 50 0.0048 49.9952
26 49.5351 0.048 49.4871
26 49.4871 0.048 49.4391
26 49.4391 0.048 49.3911
26 49.3911 0.048 49.3431
26 49.3431 0.048 49.2951
26 49.2951 0.048 49.2471
26 49.2471 0.048 49.1991
26 49.1991 0.048 49.1511
26 49.3964 0.048 49.3484
26 49.3484 0.048 49.3004
26 49.3004 0.048 49.2524
26 49.2524 0.048 49.2044
26 49.2044 0.048 49.1564
26 49.1564 0.048 49.1084
26 49.1084 0.048 49.0604
26 49.0604 0.048 49.0124
26 49.0124 0.048 48.9644
26 48.9644 0.048 48.9164
26 49.3274 0.048 49.2794
26 49.2794 0.048 49.2314
26 49.2314 0.048 49.1834
26 49.1834 0.048 49.1354
26 49.1354 0.048 49.0874
26 49.0874 0.048 49.0394
26 49.0394 0.048 48.9914
26 48.9914 0.048 48.9434
26 48.9434 0.048 48.8954
26 48.8954 0.048 48.8474
26 49.0707 0.048 49.0227
26 49.0227 0.048 48.9747
26 48.9747 0.048 48.9267
26 48.9267 0.048 48.8787
26 48.8787 0.048 48.8307
26 48.8307 0.048 48.7827
26 48.7827 0.048 48.7347
26 48.7347 0.048 48.6867
26 48.6867 0.048 48.6387
26 48.6387 0.048 48.5907
26 48.6962 0.048 48.6482
26 48.6482 0.048 48.6002
26 48.6002 0.048 48.5522
26 48.5522 0.048 48.5042
26 48.5042 0.048 48.4562
27 50 0.048 49.952
26 48.4562 0.048 48.4082
27 49.952 0.048 49.904
26 48.4082 0.048 48.3602
27 49.904 0.048 49.856
26 48.3602 0.048 48.3122
27 49.856 0.048 49.808
26 48.3122 0.048 48.2642
27 49.808 0.048 49.76
26 48.2642 0.048 48.2162
27 49.76 0.048 49.712
26 48.415 0.048 48.367
27 49.712 0.048 49.664
26 48.367 0.048 48.319
27 49.664 0.048 49.616
26 48.319 0.048 48.271
27 49.616 0.048 49.568
26 48.271 0.048 48.223
27 49.808 0.048 49.76
26 48.223 0.048 48.175
27 49.76 0.048 49.712
26 48.175 0.048 48.127
27 49.712 0.048 49.664
26 48.127 0.048 48.079
27 49.664 0.048 49.616
26 48.079 0.048 48.031
27 49.616 0.048 49.568
26 48.031 0.048 47.983
27 49.568 0.048 49.52
26 47.983 0.048 47.935
27 49.52 0.048 49.472
26 48.3593 0.048 48.3113
27 49.472 0.048 49.424
26 48.3113 0.048 48.2633
27 49.424 0.048 49.376
28 50 0.0048 49.9952
26 48.2633 0.048 48.2153
27 49.376 0.048 49.328
26 48.2153 0.048 48.1673
27 49.6928 0.048 49.6448
26 48.1673 0.048 48.1193
27 49.6448 0.048 49.5968
26 48.1193 0.048 48.0713
27 49.5968 0.048 49.5488
26 48.0713 0.048 48.0233
27 49.5488 0.048 49.5008
26 48.0233 0.048 47.9753
27 49.5008 0.048 49.4528
26 47.9753 0.048 47.9273
27 49.4528 0.048 49.4048
26 47.9273 0.048 47.8793
27 49.4048 0.048 49.3568
26 48.0263 0.048 47.9783
27 49.3568 0.048 49.3088
26 47.9783 0.048 47.9303
27 49.3088 0.048 49.2608
28 50 0.0048 49.9952
26 47.9303 0.048 47.8823
27 49.2608 0.048 49.2128
26 47.8823 0.048 47.8343
27 49.4009 0.048 49.3529
26 47.8343 0.048 47.7863
27 49.3529 0.048 49.3049
26 47.7863 0.048 47.7383
27 49.3049 0.048 49.2569
26 47.7383 0.048 47.6903
27 49.2569 0.048 49.2089
26 47.6903 0.048 47.6423
27 49.2089 0.048 49.1609
26 47.6423 0.048 47.5943
27 49.1609 0.048 49.1129
26 47.5943 0.048 47.5463
27 49.1129 0.048 49.0649
26 47.7978 0.048 47.7498
27 49.0649 0.048 49.0169
26 47.7498 0.048 47.7018
27 49.0169 0.048 48.9689
26 47.7018 0.048 47.6538
27 48.9689 0.048 48.9209
26 47.6538 0.048 47.6058
27 49.1448 0.048 49.0968
26 47.6058 0.048 47.5578
27 49.0968 0.048 49.0488
26 47.5578 0.048 47.5098
27 49.0488 0.048 49.0008
26 47.5098 0.048 47.4618
27 49.0008 0.048 48.9528
26 47.4618 0.048 47.4138
27 48.9528 0.048 48.9048
26 47.4138 0.048 47.3658
27 48.9048 0.048 48.8568
26 47.3658 0.048 47.3178
27 48.8568 0.048 48.8088
26 47.7408 0.048 47.6928
27 48.8088 0.048 48.7608
26 47.6928 0.048 47.6448
27 48.7608 0.048 48.7128
26 47.6448 0.048 47.5968
27 48.7128 0.048 48.6648
26 47.5968 0.048 47.5488
27 48.9952 0.048 48.9472
26 47.5488 0.048 47.5008
29 50 0.048 49.952
27 48.9472 0.048 48.8992
26 47.5008 0.048 47.4528
29 49.952 0.048 49.904
25 50 0.048 49.952
27 48.8992 0.048 48.8512
26 47.4528 0.048 47.4048
31 50 0.048 49.952
31 49.952 0.0048 49.9472
31 49.9472 0.16 49.7872
31 49.7872 0.0016 49.7856
29 49.904 0.048 49.856
25 49.952 0.048 49.904
27 48.8512 0.048 48.8032
26 47.4048 0.048 47.3568
29 49.856 0.048 49.808
25 49.904 0.048 49.856
27 48.8032 0.048 48.7552
26 47.3568 0.048 47.3088
29 49.808 0.048 49.76
25 49.856 0.048 49.808
27 48.7552 0.048 48.7072
26 47.3088 0.048 47.2608
29 49.76 0.048 49.712
25 49.808 0.048 49.76
27 48.7072 0.048 48.6592
26 47.6033 0.048 47.5553
29 49.712 0.048 49.664
25 49.76 0.048 49.712
27 48.6592 0.048 48.6112
26 47.5553 0.048 47.5073
29 49.664 0.048 49.616
25 49.712 0.048 49.664
27 48.6112 0.048 48.5632
26 47.5073 0.048 47.4593
29 49.616 0.048 49.568
25 49.664 0.048 49.616
27 48.5632 0.048 48.5152
26 47.4593 0.048 47.4113
29 49.9762 0.048 49.9282
25 49.616 0.048 49.568
27 48.8449 0.048 48.7969
26 47.4113 0.048 47.3633
29 49.9282 0.048 49.8802
25 49.9644 0.048 49.9164
27 48.7969 0.048 48.7489
26 47.3633 0.048 47.3153
29 49.8802 0.048 49.8322
25 49.9164 0.048 49.8684
27 48.7489 0.048 48.7009
26 47.3153 0.048 47.2673
29 49.8322 0.048 49.7842
25 49.8684 0.048 49.8204
27 48.7009 0.048 48.6529
26 47.2673 0.048 47.2193
29 49.7842 0.048 49.7362
25 49.8204 0.048 49.7724
27 48.6529 0.048 48.6049
26 47.2193 0.048 47.1713
29 49.7362 0.048 49.6882
25 49.7724 0.048 49.7244
27 48.6049 0.048 48.5569
26 47.1713 0.048 47.1233
29 49.6882 0.048 49.6402
25 49.7244 0.048 49.6764
27 48.5569 0.048 48.5089
26 47.3635 0.048 47.3155
29 49.6402 0.048 49.5922
25 49.6764 0.048 49.6284
27 48.5089 0.048 48.4609
26 47.3155 0.048 47.2675
29 49.5922 0.048 49.5442
25 49.6284 0.048 49.5804
27 48.4609 0.048 48.4129
26 47.2675 0.048 47.2195
29 49.5442 0.048 49.4962
25 49.5804 0.048 49.5324
27 48.4129 0.048 48.3649
26 47.2195 0.048 47.1715
26 47.1715 0.0048 47.1667
26 47.1667 0.16 47.0067
26 47.0067 0.0016 47.0051
29 49.7182 0.048 49.6702
25 49.5324 0.048 49.4844
27 48.8598 0.048 48.8118
29 49.6702 0.048 49.6222
25 49.6241 0.048 49.5761
27 48.8118 0.048 48.7638
29 49.6222 0.048 49.5742
25 49.5761 0.048 49.5281
27 48.7638 0.048 48.7158
29 49.5742 0.048 49.5262
25 49.5281 0.048 49.4801
27 48.7158 0.048 48.6678
29 49.5262 0.048 49.4782
25 49.4801 0.048 49.4321
27 48.6678 0.048 48.6198
29 49.4782 0.048 49.4302
25 49.4321 0.048 49.3841
27 48.6198 0.048 48.5718
29 49.4302 0.048 49.3822
25 49.3841 0.048 49.3361
27 48.5718 0.048 48.5238
29 49.3822 0.048 49.3342
25 49.3361 0.048 49.2881
27 48.5238 0.048 48.4758
29 49.3342 0.048 49.2862
25 49.2881 0.048 49.2401
27 48.4758 0.048 48.4278
29 49.2862 0.048 49.2382
25 49.2401 0.048 49.1921
27 48.4278 0.048 48.3798
29 49.7122 0.048 49.6642
25 49.1921 0.048 49.1441
27 48.4908 0.048 48.4428
29 49.6642 0.048 49.6162
25 49.5392 0.048 49.4912
27 48.4428 0.048 48.3948
29 49.6162 0.048 49.5682
25 49.4912 0.048 49.4432
27 48.3948 0.048 48.3468
29 49.5682 0.048 49.5202
25 49.4432 0.048 49.3952
27 48.3468 0.048 48.2988
29 49.5202 0.048 49.4722
25 49.3952 0.048 49.3472
27 48.2988 0.048 48.2508
29 49.4722 0.048 49.4242
25 49.3472 0.048 49.2992
27 48.2508 0.048 48.2028
29 49.4242 0.048 49.3762
25 49.2992 0.048 49.2512
27 48.2028 0.048 48.1548
29 49.3762 0.048 49.3282
25 49.2512 0.048 49.2032
27 48.1548 0.048 48.1068
29 49.3282 0.048 49.2802
25 49.2032 0.048 49.1552
32 50 0.048 49.952
27 48.1068 0.048 48.0588
29 49.2802 0.048 49.2322
25 49.1552 0.048 49.1072
32 49.952 0.048 49.904
27 48.0588 0.048 48.0108
29 49.7161 0.048 49.6681
25 49.1072 0.048 49.0592
32 49.904 0.048 49.856
27 48.3575 0.048 48.3095
29 49.6681 0.048 49.6201
25 49.5141 0.048 49.4661
32 49.856 0.048 49.808
27 48.3095 0.048 48.2615
29 49.6201 0.048 49.5721
25 49.4661 0.048 49.4181
32 49.808 0.048 49.76
27 48.2615 0.048 48.2135
29 49.5721 0.048 49.5241
25 49.4181 0.048 49.3701
32 49.76 0.048 49.712
27 48.2135 0.048 48.1655
29 49.5241 0.048 49.4761
25 49.3701 0.048 49.3221
32 50 0.048 49.952
27 48.1655 0.048 48.1175
29 49.4761 0.048 49.4281
25 49.3221 0.048 49.2741
32 49.952 0.048 49.904
27 48.1175 0.048 48.0695
29 49.4281 0.048 49.3801
25 49.2741 0.048 49.2261
32 49.904 0.048 49.856
27 48.0695 0.048 48.0215
29 49.3801 0.048 49.3321
25 49.2261 0.048 49.1781
32 49.856 0.048 49.808
27 48.0215 0.048 47.9735
29 49.3321 0.048 49.2841
25 49.1781 0.048 49.1301
32 49.808 0.048 49.76
27 47.9735 0.048 47.9255
29 49.2841 0.048 49.2361
25 49.1301 0.048 49.0821
32 49.76 0.048 49.712
32 49.712 0.0048 49.7072
32 49.7072 0.16 49.5472
32 49.5472 0.0016 49.5456
27 47.9255 0.048 47.8775
29 49.6187 0.048 49.5707
25 49.0821 0.048 49.0341
27 47.9962 0.048 47.9482
29 49.5707 0.048 49.5227
25 49.5182 0.048 49.4702
27 47.9482 0.048 47.9002
29 49.5227 0.048 49.4747
25 49.4702 0.048 49.4222
27 47.9002 0.048 47.8522
29 49.4747 0.048 49.4267
25 49.4222 0.048 49.3742
27 47.8522 0.048 47.8042
29 49.4267 0.048 49.3787
25 49.3742 0.048 49.3262
27 47.8042 0.048 47.7562
29 49.3787 0.048 49.3307
25 49.3262 0.048 49.2782
27 47.7562 0.048 47.7082
29 49.3307 0.048 49.2827
25 49.2782 0.048 49.2302
27 47.7082 0.048 47.6602
29 49.2827 0.048 49.2347
25 49.2302 0.048 49.1822
27 47.6602 0.048 47.6122
29 49.2347 0.048 49.1867
25 49.1822 0.048 49.1342
27 47.6122 0.048 47.5642
29 49.1867 0.048 49.1387
25 49.1342 0.048 49.0862
27 47.5642 0.048 47.5162
29 49.3704 0.048 49.3224
25 49.0862 0.048 49.0382
27 47.9461 0.048 47.8981
29 49.3224 0.048 49.2744
25 49.2825 0.048 49.2345
27 47.8981 0.048 47.8501
29 49.2744 0.048 49.2264
25 49.2345 0.048 49.1865
27 47.8501 0.048 47.8021
29 49.2264 0.048 49.1784
25 49.1865 0.048 49.1385
27 47.8021 0.048 47.7541
29 49.1784 0.048 49.1304
25 49.1385 0.048 49.0905
27 47.7541 0.048 47.7061
29 49.1304 0.048 49.0824
25 49.0905 0.048 49.0425
27 47.7061 0.048 47.6581
29 49.0824 0.048 49.0344
25 49.0425 0.048 48.9945
27 47.6581 0.048 47.6101
29 49.0344 0.048 48.9864
25 48.9945 0.048 48.9465
27 47.6101 0.048 47.5621
29 48.9864 0.048 48.9384
25 48.9465 0.048 48.8985
27 47.5621 0.048 47.5141
29 48.9384 0.048 48.8904
25 48.8985 0.048 48.8505
27 47.5141 0.048 47.4661
29 49.2727 0.048 49.2247
25 48.8505 0.048 48.8025
27 47.7882 0.048 47.7402
29 49.2247 0.048 49.1767
25 49.1522 0.048 49.1042
27 47.7402 0.048 47.6922
29 49.1767 0.048 49.1287
25 49.1042 0.048 49.0562
27 47.6922 0.048 47.6442
29 49.1287 0.048 49.0807
25 49.0562 0.048 49.0082
27 47.6442 0.048 47.5962
29 49.0807 0.048 49.0327
25 49.0082 0.048 48.9602
27 47.5962 0.048 47.5482
29 49.0327 0.048 48.9847
25 48.9602 0.048 48.9122
27 47.5482 0.048 47.5002
29 48.9847 0.048 48.9367
25 48.9122 0.048 48.8642
27 47.5002 0.048 47.4522
29 48.9367 0.048 48.8887
25 48.8642 0.048 48.8162
27 47.4522 0.048 47.4042
29 48.8887 0.048 48.8407
25 48.8162 0.048 48.7682
27 47.4042 0.048 47.3562
29 48.8407 0.048 48.7927
25 48.7682 0.048 48.7202
27 47.3562 0.048 47.3082
29 49.0304 0.048 48.9824
25 48.7202 0.048 48.6722
27 47.7015 0.048 47.6535
29 48.9824 0.048 48.9344
25 49.019 0.048 48.971
27 47.6535 0.048 47.6055
29 48.9344 0.048 48.8864
25 48.971 0.048 48.923
27 47.6055 0.048 47.5575
29 48.8864 0.048 48.8384
25 48.923 0.048 48.875
27 47.5575 0.048 47.5095
29 48.8384 0.048 48.7904
25 48.875 0.048 48.827
27 47.5095 0.048 47.4615
29 48.7904 0.048 48.7424
25 48.827 0.048 48.779
27 47.4615 0.048 47.4135
29 48.7424 0.048 48.6944
25 48.779 0.048 48.731
27 47.4135 0.048 47.3655
29 48.6944 0.048 48.6464
25 48.731 0.048 48.683
27 47.3655 0.048 47.3175
29 48.6464 0.048 48.5984
25 48.683 0.048 48.635
27 47.3175 0.048 47.2695
29 48.5984 0.048 48.5504
25 48.635 0.048 48.587
27 47.2695 0.048 47.2215
29 49.0365 0.048 48.9885
25 48.587 0.048 48.539
27 47.6954 0.048 47.6474
28 50 0.048 49.952
29 48.9885 0.048 48.9405
25 48.9446 0.048 48.8966
27 47.6474 0.048 47.5994
28 49.952 0.048 49.904
29 48.9405 0.048 48.8925
25 48.8966 0.048 48.8486
27 47.5994 0.048 47.5514
28 50 0.048 49.952
29 48.8925 0.048 48.8445
25 48.8486 0.048 48.8006
27 47.5514 0.048 47.5034
28 49.952 0.048 49.904
29 48.8445 0.048 48.7965
25 48.8006 0.048 48.7526
27 47.5034 0.048 47.4554
28 49.904 0.048 49.856
29 48.7965 0.048 48.7485
25 48.7526 0.048 48.7046
27 47.4554 0.048 47.4074
28 49.856 0.048 49.808
29 48.7485 0.048 48.7005
25 48.7046 0.048 48.6566
27 47.4074 0.048 47.3594
28 49.808 0.048 49.76
29 48.7005 0.048 48.6525
25 48.6566 0.048 48.6086
27 47.3594 0.048 47.3114
28 49.76 0.048 49.712
29 48.6525 0.048 48.6045
25 48.6086 0.048 48.5606
27 47.3114 0.048 47.2634
33 50 0.0048 49.9952
28 49.712 0.048 49.664
29 48.6045 0.048 48.5565
25 48.5606 0.048 48.5126
27 47.2634 0.048 47.2154
28 49.664 0.048 49.616
29 48.9864 0.048 48.9384
25 48.5126 0.048 48.4646
27 47.4237 0.048 47.3757
28 49.616 0.048 49.568
29 48.9384 0.048 48.8904
25 48.8548 0.048 48.8068
27 47.3757 0.048 47.3277
28 49.568 0.048 49.52
29 48.8904 0.048 48.8424
25 48.8068 0.048 48.7588
27 47.3277 0.048 47.2797
28 49.7752 0.048 49.7272
29 48.8424 0.048 48.7944
25 48.7588 0.048 48.7108
27 47.2797 0.048 47.2317
28 49.7272 0.048 49.6792
29 48.7944 0.048 48.7464
25 48.7108 0.048 48.6628
27 47.2317 0.048 47.1837
28 49.6792 0.048 49.6312
29 48.7464 0.048 48.6984
25 48.6628 0.048 48.6148
27 47.1837 0.048 47.1357
28 49.6312 0.048 49.5832
29 48.6984 0.048 48.6504
25 48.6148 0.048 48.5668
27 47.1357 0.048 47.0877
28 49.5832 0.048 49.5352
29 48.6504 0.048 48.6024
25 48.5668 0.048 48.5188
27 47.0877 0.048 47.0397
28 49.5352 0.048 49.4872
29 48.6024 0.048 48.5544
25 48.5188 0.048 48.4708
27 47.0397 0.048 46.9917
28 49.4872 0.048 49.4392
29 48.5544 0.048 48.5064
25 48.4708 0.048 48.4228
27 46.9917 0.048 46.9437
28 49.4392 0.048 49.3912
29 48.6251 0.048 48.5771
25 48.4228 0.048 48.3748
27 47.422 0.048 47.374
28 49.3912 0.048 49.3432
29 48.5771 0.048 48.5291
25 48.7644 0.048 48.7164
27 47.374 0.048 47.326
28 49.3432 0.048 49.2952
29 48.5291 0.048 48.4811
25 48.7164 0.048 48.6684
27 47.326 0.048 47.278
28 49.5859 0.048 49.5379
34 50 0.048 49.952
29 48.4811 0.048 48.4331
25 48.6684 0.048 48.6204
27 47.278 0.048 47.23
28 49.5379 0.048 49.4899
34 49.952 0.048 49.904
29 48.4331 0.048 48.3851
25 48.6204 0.048 48.5724
27 47.23 0.048 47.182
28 49.4899 0.048 49.4419
34 49.904 0.048 49.856
29 48.3851 0.048 48.3371
25 48.5724 0.048 48.5244
27 47.182 0.048 47.134
28 49.4419 0.048 49.3939
34 49.856 0.048 49.808
29 48.3371 0.048 48.2891
25 48.5244 0.048 48.4764
27 47.134 0.048 47.086
28 49.3939 0.048 49.3459
34 49.808 0.048 49.76
29 48.2891 0.048 48.2411
25 48.4764 0.048 48.4284
27 47.086 0.048 47.038
28 49.3459 0.048 49.2979
34 49.76 0.048 49.712
29 48.2411 0.048 48.1931
25 48.4284 0.048 48.3804
27 47.038 0.048 46.99
28 49.2979 0.048 49.2499
34 49.8838 0.048 49.8358
29 48.1931 0.048 48.1451
25 48.3804 0.048 48.3324
27 46.99 0.048 46.942
28 49.2499 0.048 49.2019
34 49.8358 0.048 49.7878
29 48.2848 0.048 48.2368
25 48.3324 0.048 48.2844
27 47.3357 0.048 47.2877
28 49.2019 0.048 49.1539
34 49.7878 0.048 49.7398
29 48.2368 0.048 48.1888
25 48.7142 0.048 48.6662
27 47.2877 0.048 47.2397
28 49.1539 0.048 49.1059
34 49.7398 0.048 49.6918
29 48.1888 0.048 48.1408
25 48.6662 0.048 48.6182
27 47.2397 0.048 47.1917
28 49.5046 0.048 49.4566
34 49.6918 0.048 49.6438
29 48.1408 0.048 48.0928
25 48.6182 0.048 48.5702
27 47.1917 0.048 47.1437
27 47.1437 0.0048 47.1389
27 47.1389 0.16 46.9789
27 46.9789 0.0016 46.9773
28 49.4566 0.048 49.4086
34 49.6438 0.048 49.5958
29 48.0928 0.048 48.0448
25 48.5702 0.048 48.5222
28 49.4086 0.048 49.3606
34 49.5958 0.048 49.5478
29 48.0448 0.048 47.9968
25 48.5222 0.048 48.4742
33 50 0.048 49.952
28 49.3606 0.048 49.3126
34 49.5478 0.048 49.4998
29 47.9968 0.048 47.9488
25 48.4742 0.048 48.4262
33 49.952 0.048 49.904
28 49.3126 0.048 49.2646
34 49.4998 0.048 49.4518
29 47.9488 0.048 47.9008
25 48.4262 0.048 48.3782
33 49.904 0.048 49.856
28 49.2646 0.048 49.2166
34 49.4518 0.048 49.4038
29 47.9008 0.048 47.8528
25 48.3782 0.048 48.3302
33 49.856 0.048 49.808
34 49.4038 0.0048 49.399
28 49.2166 0.048 49.1686
34 49.7297 0.048 49.6817
29 47.8528 0.048 47.8048
25 48.3302 0.048 48.2822
33 50 0.048 49.952
28 49.1686 0.048 49.1206
34 49.6817 0.048 49.6337
29 47.9515 0.048 47.9035
25 48.2822 0.048 48.2342
33 49.952 0.048 49.904
28 49.1206 0.048 49.0726
34 49.6337 0.048 49.5857
29 47.9035 0.048 47.8555
25 48.4114 0.048 48.3634
33 49.904 0.048 49.856
28 49.0726 0.048 49.0246
34 49.5857 0.048 49.5377
29 47.8555 0.048 47.8075
25 48.3634 0.048 48.3154
25 48.3154 0.0048 48.3106
25 48.3106 0.16 48.1506
25 48.1506 0.0016 48.149
33 49.856 0.048 49.808
28 49.1743 0.048 49.1263
34 49.5377 0.048 49.4897
29 47.8075 0.048 47.7595
33 49.808 0.048 49.76
28 49.1263 0.048 49.0783
34 49.4897 0.048 49.4417
29 47.7595 0.048 47.7115
33 49.76 0.048 49.712
28 49.0783 0.048 49.0303
34 49.4417 0.048 49.3937
29 47.7115 0.048 47.6635
33 49.712 0.048 49.664
28 49.0303 0.048 48.9823
34 49.3937 0.048 49.3457
29 47.6635 0.048 47.6155
33 49.664 0.048 49.616
28 48.9823 0.048 48.9343
34 49.3457 0.048 49.2977
29 47.6155 0.048 47.5675
33 49.616 0.048 49.568
28 48.9343 0.048 48.8863
34 49.2977 0.048 49.2497
29 47.5675 0.048 47.5195
33 49.568 0.048 49.52
34 49.2497 0.0048 49.2449
28 48.8863 0.048 48.8383
34 49.6687 0.048 49.6207
29 47.5195 0.048 47.4715
33 49.9741 0.048 49.9261
28 48.8383 0.048 48.7903
34 49.6207 0.048 49.5727
29 47.5731 0.048 47.5251
33 49.9261 0.048 49.8781
28 48.7903 0.048 48.7423
34 49.5727 0.048 49.5247
29 47.5251 0.048 47.4771
33 49.8781 0.048 49.8301
28 48.7423 0.048 48.6943
34 49.5247 0.048 49.4767
29 47.4771 0.048 47.4291
33 49.8301 0.048 49.7821
28 49.1556 0.048 49.1076
34 49.4767 0.048 49.4287
29 47.4291 0.048 47.3811
33 49.7821 0.048 49.7341
28 49.1076 0.048 49.0596
34 49.4287 0.048 49.3807
29 47.3811 0.048 47.3331
33 49.7341 0.048 49.6861
28 49.0596 0.048 49.0116
34 49.3807 0.048 49.3327
29 47.3331 0.048 47.2851
33 49.6861 0.048 49.6381
28 49.0116 0.048 48.9636
34 49.3327 0.048 49.2847
29 47.2851 0.048 47.2371
33 49.6381 0.048 49.5901
28 48.9636 0.048 48.9156
34 49.2847 0.048 49.2367
29 47.2371 0.048 47.1891
33 49.5901 0.048 49.5421
28 48.9156 0.048 48.8676
34 49.2367 0.048 49.1887
29 47.1891 0.048 47.1411
33 49.5421 0.048 49.4941
29 47.1411 0.0048 47.1363
34 49.1887 0.0048 49.1839
28 48.8676 0.048 48.8196
34 49.3104 0.048 49.2624
29 47.1363 0.048 47.0883
33 49.7724 0.048 49.7244
28 48.8196 0.048 48.7716
34 49.2624 0.048 49.2144
29 47.5872 0.048 47.5392
33 49.7244 0.048 49.6764
28 48.7716 0.048 48.7236
34 49.2144 0.048 49.1664
29 47.5392 0.048 47.4912
33 49.6764 0.048 49.6284
28 48.7236 0.048 48.6756
34 49.1664 0.048 49.1184
29 47.4912 0.048 47.4432
33 49.6284 0.048 49.5804
28 49.0139 0.048 48.9659
34 49.1184 0.048 49.0704
29 47.4432 0.048 47.3952
33 49.5804 0.048 49.5324
28 48.9659 0.048 48.9179
34 49.0704 0.048 49.0224
29 47.3952 0.048 47.3472
33 49.5324 0.048 49.4844
28 48.9179 0.048 48.8699
34 49.0224 0.048 48.9744
29 47.3472 0.048 47.2992
33 49.4844 0.048 49.4364
28 48.8699 0.048 48.8219
34 48.9744 0.048 48.9264
29 47.2992 0.048 47.2512
33 49.4364 0.048 49.3884
28 48.8219 0.048 48.7739
34 48.9264 0.048 48.8784
29 47.2512 0.048 47.2032
33 49.3884 0.048 49.3404
28 48.7739 0.048 48.7259
34 48.8784 0.048 48.8304
29 47.2032 0.048 47.1552
33 49.3404 0.048 49.2924
25 49.0458 0.0048 49.041
29 47.1552 0.0048 47.1504
34 48.8304 0.0048 48.8256
28 48.7259 0.048 48.6779
34 49.2865 0.048 49.2385
29 47.1504 0.048 47.1024
33 49.4963 0.048 49.4483
28 48.6779 0.048 48.6299
34 49.2385 0.048 49.1905
34 49.1905 0.0048 49.1857
34 49.1857 0.16 49.0257
34 49.0257 0.0016 49.0241
29 47.4991 0.048 47.4511
33 49.4483 0.048 49.4003
28 48.6299 0.048 48.5819
29 47.4511 0.048 47.4031
33 49.4003 0.048 49.3523
28 48.5819 0.048 48.5339
29 47.4031 0.048 47.3551
33 49.3523 0.048 49.3043
28 48.8571 0.048 48.8091
29 47.3551 0.048 47.3071
33 49.3043 0.048 49.2563
28 48.8091 0.048 48.7611
29 47.3071 0.048 47.2591
33 49.2563 0.048 49.2083
28 48.7611 0.048 48.7131
29 47.2591 0.048 47.2111
29 47.2111 0.0048 47.2063
29 47.2063 0.16 47.0463
29 47.0463 0.0016 47.0447
33 49.2083 0.048 49.1603
28 48.7131 0.048 48.6651
33 49.1603 0.048 49.1123
28 48.6651 0.048 48.6171
33 49.1123 0.048 49.0643
28 48.6171 0.048 48.5691
33 49.0643 0.048 49.0163
25 49.1867 0.0048 49.1819
29 47.0447 0.0048 47.0399
28 48.5691 0.048 48.5211
33 49.234 0.048 49.186
28 48.5211 0.048 48.4731
33 49.186 0.048 49.138
28 48.4731 0.048 48.4251
33 49.138 0.048 49.09
28 48.4251 0.048 48.3771
33 49.09 0.048 49.042
28 48.7441 0.048 48.6961
33 49.042 0.048 48.994
28 48.6961 0.048 48.6481
33 48.994 0.048 48.946
28 48.6481 0.048 48.6001
33 48.946 0.048 48.898
28 48.6001 0.048 48.5521
33 48.898 0.048 48.85
28 48.5521 0.048 48.5041
33 48.85 0.048 48.802
28 48.5041 0.048 48.4561
33 48.802 0.048 48.754
25 49.3406 0.0048 49.3358
29 47.4205 0.0048 47.4157
28 48.4561 0.048 48.4081
33 49.1701 0.048 49.1221
28 48.4081 0.048 48.3601
33 49.1221 0.048 49.0741
28 48.3601 0.048 48.3121
33 49.0741 0.048 49.0261
28 48.3121 0.048 48.2641
33 49.0261 0.048 48.9781
28 48.5205 0.048 48.4725
33 48.9781 0.048 48.9301
28 48.4725 0.048 48.4245
33 48.9301 0.048 48.8821
28 48.4245 0.048 48.3765
33 48.8821 0.048 48.8341
28 48.3765 0.048 48.3285
33 48.8341 0.048 48.7861
28 48.3285 0.048 48.2805
33 48.7861 0.048 48.7381
28 48.2805 0.048 48.2325
33 48.7381 0.048 48.6901
25 49.5071 0.0048 49.5023
27 49.2539 0.0048 49.2491
28 48.2325 0.048 48.1845
33 49.1431 0.048 49.0951
28 48.1845 0.048 48.1365
33 49.0951 0.048 49.0471
28 48.1365 0.048 48.0885
33 49.0471 0.048 48.9991
28 48.0885 0.048 48.0405
33 48.9991 0.048 48.9511
28 48.1516 0.048 48.1036
33 48.9511 0.048 48.9031
28 48.1036 0.048 48.0556
33 48.9031 0.048 48.8551
28 48.0556 0.048 48.0076
33 48.8551 0.048 48.8071
28 48.0076 0.048 47.9596
33 48.8071 0.048 48.7591
28 47.9596 0.048 47.9116
33 48.7591 0.048 48.7111
28 47.9116 0.048 47.8636
33 48.7111 0.048 48.6631
25 49.6531 0.0048 49.6483
26 50 0.0048 49.9952
27 49.5944 0.0048 49.5896
28 47.8636 0.048 47.8156
33 48.7693 0.048 48.7213
28 47.8156 0.048 47.7676
33 48.7213 0.048 48.6733
28 47.7676 0.048 47.7196
33 48.6733 0.048 48.6253
28 47.7196 0.048 47.6716
28 47.6716 0.0048 47.6668
28 47.6668 0.16 47.5068
28 47.5068 0.0016 47.5052
33 48.6253 0.048 48.5773
33 48.5773 0.048 48.5293
33 48.5293 0.048 48.4813
33 48.4813 0.048 48.4333
33 48.4333 0.048 48.3853
33 48.3853 0.048 48.3373
33 48.3373 0.048 48.2893
26 50 0.0048 49.9952
27 50 0.0048 49.9952
33 48.5584 0.048 48.5104
33 48.5104 0.048 48.4624
33 48.4624 0.048 48.4144
31 50 0.048 49.952
33 48.4144 0.048 48.3664
31 49.952 0.048 49.904
33 48.3664 0.048 48.3184
31 49.904 0.048 49.856
33 48.3184 0.048 48.2704
31 49.856 0.048 49.808
33 48.2704 0.048 48.2224
31 49.808 0.048 49.76
33 48.2224 0.048 48.1744
31 49.76 0.048 49.712
33 48.1744 0.048 48.1264
31 49.712 0.048 49.664
33 48.1264 0.048 48.0784
26 50 0.0048 49.9952
27 50 0.0048 49.9952
31 49.664 0.048 49.616
33 48.4932 0.048 48.4452
31 49.616 0.048 49.568
33 48.4452 0.048 48.3972
31 49.568 0.048 49.52
33 48.3972 0.048 48.3492
31 49.737 0.048 49.689
33 48.3492 0.048 48.3012
31 49.689 0.048 49.641
33 48.3012 0.048 48.2532
31 49.641 0.048 49.593
33 48.2532 0.048 48.2052
31 49.593 0.048 49.545
33 48.2052 0.048 48.1572
31 49.545 0.048 49.497
33 48.1572 0.048 48.1092
31 49.497 0.048 49.449
33 48.1092 0.048 48.0612
31 49.449 0.048 49.401
33 48.0612 0.048 48.0132
26 50 0.0048 49.9952
31 49.401 0.048 49.353
33 48.3957 0.048 48.3477
31 49.353 0.048 49.305
33 48.3477 0.048 48.2997
31 49.305 0.048 49.257
33 48.2997 0.048 48.2517
31 49.4311 0.048 49.3831
33 48.2517 0.048 48.2037
31 49.3831 0.048 49.3351
33 48.2037 0.048 48.1557
31 49.3351 0.048 49.2871
33 48.1557 0.048 48.1077
31 49.2871 0.048 49.2391
33 48.1077 0.048 48.0597
31 49.2391 0.048 49.1911
33 48.0597 0.048 48.0117
31 49.1911 0.048 49.1431
33 48.0117 0.048 47.9637
31 49.1431 0.048 49.0951
33 47.9637 0.048 47.9157
31 49.0951 0.048 49.0471
33 48.3601 0.048 48.3121
31 49.0471 0.048 48.9991
33 48.3121 0.048 48.2641
31 48.9991 0.048 48.9511
33 48.2641 0.048 48.2161
31 49.3412 0.048 49.2932
33 48.2161 0.048 48.1681
31 49.2932 0.048 49.2452
33 48.1681 0.048 48.1201
31 49.2452 0.048 49.1972
33 48.1201 0.048 48.0721
31 49.1972 0.048 49.1492
33 48.0721 0.048 48.0241
31 49.1492 0.048 49.1012
33 48.0241 0.048 47.9761
31 49.1012 0.048 49.0532
33 47.9761 0.048 47.9281
31 49.0532 0.048 49.0052
33 47.9281 0.048 47.8801
31 49.0052 0.048 48.9572
33 47.9947 0.048 47.9467
31 48.9572 0.048 48.9092
33 47.9467 0.048 47.8987
31 48.9092 0.048 48.8612
33 47.8987 0.048 47.8507
31 49.2504 0.048 49.2024
33 47.8507 0.048 47.8027
31 49.2024 0.048 49.1544
33 47.8027 0.048 47.7547
31 49.1544 0.048 49.1064
33 47.7547 0.048 47.7067
31 49.1064 0.048 49.0584
33 47.7067 0.048 47.6587
31 49.0584 0.048 49.0104
33 47.6587 0.048 47.6107
31 49.0104 0.048 48.9624
33 47.6107 0.048 47.5627
31 48.9624 0.048 48.9144
33 47.5627 0.048 47.5147
31 48.9144 0.048 48.8664
33 47.6993 0.048 47.6513
31 48.8664 0.048 48.8184
33 47.6513 0.048 47.6033
31 48.8184 0.048 48.7704
33 47.6033 0.048 47.5553
31 49.0867 0.048 49.0387
33 47.5553 0.048 47.5073
31 49.0387 0.048 48.9907
33 47.5073 0.048 47.4593
31 48.9907 0.048 48.9427
33 47.4593 0.048 47.4113
31 48.9427 0.048 48.8947
33 47.4113 0.048 47.3633
31 48.8947 0.048 48.8467
33 47.3633 0.048 47.3153
31 48.8467 0.048 48.7987
33 47.3153 0.048 47.2673
31 48.7987 0.048 48.7507
33 47.2673 0.048 47.2193
31 48.7507 0.048 48.7027
31 48.7027 0.0048 48.6979
31 48.6979 0.16 48.5379
31 48.5379 0.0016 48.5363
33 47.3304 0.048 47.2824
33 47.2824 0.048 47.2344
33 47.2344 0.048 47.1864
33 47.1864 0.048 47.1384
33 47.1384 0.048 47.0904
33 47.0904 0.048 47.0424
33 47.0424 0.048 46.9944
33 46.9944 0.048 46.9464
33 46.9464 0.048 46.8984
33 46.8984 0.048 46.8504
33 47.2932 0.048 47.2452
33 47.2452 0.048 47.1972
33 47.1972 0.048 47.1492
33 47.1492 0.048 47.1012
33 47.1012 0.048 47.0532
33 47.0532 0.048 47.0052
33 47.0052 0.048 46.9572
33 46.9572 0.048 46.9092
33 46.9092 0.048 46.8612
33 46.8612 0.048 46.8132
30 50 0.0048 49.9952
33 46.936 0.048 46.888
33 46.888 0.048 46.84
33 46.84 0.048 46.792
33 46.792 0.048 46.744
30 49.9952 0.048 49.9472
33 46.744 0.048 46.696
30 49.9472 0.048 49.8992
33 46.696 0.048 46.648
30 49.8992 0.048 49.8512
33 46.648 0.048 46.6
30 49.8512 0.048 49.8032
33 46.6 0.048 46.552
30 49.8032 0.048 49.7552
33 46.552 0.048 46.504
30 49.7552 0.048 49.7072
33 46.504 0.048 46.456
30 49.9219 0.0048 49.9171
30 49.9171 0.048 49.8691
33 46.5877 0.048 46.5397
30 49.8691 0.048 49.8211
33 46.5397 0.048 46.4917
30 49.8211 0.048 49.7731
33 46.4917 0.048 46.4437
30 49.7731 0.048 49.7251
33 46.4437 0.048 46.3957
30 49.7251 0.048 49.6771
33 46.3957 0.048 46.3477
30 49.6771 0.048 49.6291
33 46.3477 0.048 46.2997
30 49.6291 0.048 49.5811
33 46.2997 0.048 46.2517
30 49.5811 0.048 49.5331
33 46.2517 0.048 46.2037
30 49.5331 0.048 49.4851
33 46.2037 0.048 46.1557
30 49.4851 0.048 49.4371
33 46.1557 0.048 46.1077
30 49.6116 0.048 49.5636
33 46.3293 0.048 46.2813
30 49.5636 0.048 49.5156
33 46.2813 0.048 46.2333
30 49.5156 0.048 49.4676
33 46.2333 0.048 46.1853
30 49.4676 0.048 49.4196
33 46.1853 0.048 46.1373
30 49.4196 0.048 49.3716
33 46.1373 0.048 46.0893
30 49.3716 0.048 49.3236
33 46.0893 0.048 46.0413
30 49.3236 0.048 49.2756
33 46.0413 0.048 45.9933
30 49.2756 0.048 49.2276
32 50 0.048 49.952
33 45.9933 0.048 45.9453
30 49.2276 0.048 49.1796
32 49.952 0.048 49.904
33 45.9453 0.048 45.8973
30 49.1796 0.048 49.1316
32 49.904 0.048 49.856
33 45.8973 0.048 45.8493
30 49.3145 0.048 49.2665
32 49.856 0.048 49.808
33 45.9934 0.048 45.9454
30 49.2665 0.048 49.2185
32 49.808 0.048 49.76
33 45.9454 0.048 45.8974
30 49.2185 0.048 49.1705
32 49.76 0.048 49.712
33 45.8974 0.048 45.8494
30 49.1705 0.048 49.1225
32 49.712 0.048 49.664
33 45.8494 0.048 45.8014
30 49.1225 0.048 49.0745
32 49.664 0.048 49.616
33 45.8014 0.048 45.7534
30 49.0745 0.048 49.0265
32 49.9153 0.048 49.8673
33 45.7534 0.048 45.7054
30 49.0265 0.048 48.9785
32 49.8673 0.048 49.8193
33 45.7054 0.048 45.6574
30 48.9785 0.048 48.9305
32 49.8193 0.048 49.7713
33 45.6574 0.048 45.6094
30 48.9305 0.048 48.8825
32 49.7713 0.048 49.7233
33 45.6094 0.048 45.5614
30 48.8825 0.048 48.8345
32 49.7233 0.048 49.6753
33 45.5614 0.048 45.5134
30 49.0535 0.048 49.0055
32 49.6753 0.048 49.6273
