63 4623 0 100 2.33402e-08 1.04414 1.04414
111 4624 0 100 9.33608e-08 1.04607 1.04607
97 4627 0 100 1.05031e-07 1.09087 1.09087
28 4631 0 100 1.51711e-07 1.13132 1.13132
100 4633 0 100 7.00206e-08 1.16136 1.16136
44 4629 0 100 0.0900002 1.10527 1.19527
39 4636 0 100 1.51711e-07 1.23269 1.23269
36 4639 0 100 1.51711e-07 1.27199 1.27199
84 4641 0 100 1.40041e-07 1.29232 1.29232
95 4643 0 100 7.00206e-08 1.29757 1.29757
121 4640 0 100 0.0200001 1.28167 1.30167
82 4648 0 100 1.05031e-07 1.36689 1.36689
79 4649 0 100 1.05031e-07 1.388 1.388
66 4657 0 100 8.16907e-08 1.51857 1.51857
52 4660 0 100 0.05 1.55568 1.60568
58 4663 0 100 1.05031e-07 1.61058 1.61058
124 4665 0 100 3.50103e-08 1.61514 1.61514
25 4668 0 100 5.83505e-08 1.66951 1.66951
101 4652 0 100 0.28 1.40276 1.68276
118 4671 0 100 3.50103e-08 1.68967 1.68967
89 4673 0 100 1.51711e-07 1.70055 1.70055
43 4632 0 100 0.58 1.13557 1.71557
57 4646 0 100 0.37 1.35046 1.72046
85 4674 0 100 8.16907e-08 1.74042 1.74042
50 4651 0 100 0.37 1.39832 1.76832
29 4667 0 100 0.17 1.63448 1.80448
81 4676 0 100 0.0300001 1.78819 1.81819
27 4679 0 100 2.33402e-08 1.82333 1.82333
103 4680 0 100 4.66804e-08 1.84221 1.84221
83 4661 0 100 0.3 1.56074 1.86074
109 4684 0 100 3.50103e-08 1.90044 1.90044
77 4686 0 100 3.50103e-08 1.94007 1.94007
54 4678 0 100 0.14 1.81854 1.95854
31 4687 0 100 9.33608e-08 1.96841 1.96841
76 4690 0 100 1.40041e-07 2.00339 2.00339
115 4691 0 100 7.00206e-08 2.01316 2.01316
96 4659 0 100 0.49 1.52598 2.01598
90 4675 0 100 0.25 1.77895 2.02895
51 4692 0 100 1.16701e-08 2.04652 2.04652
102 4694 0 100 7.00206e-08 2.08874 2.08874
32 4653 0 100 0.69 1.41905 2.10905
94 4630 0 100 1.01 1.11542 2.12542
107 4669 0 100 0.51 1.6697 2.1797
112 4682 0 100 0.34 1.84587 2.18587
30 4698 0 100 1.05031e-07 2.20119 2.20119
59 4696 0 100 0.1 2.11893 2.21893
70 4699 0 100 1.05031e-07 2.23852 2.23852
47 4664 0 100 0.68 1.61443 2.29443
71 4703 0 100 1.40041e-07 2.35451 2.35451
73 4637 0 100 1.1 1.25636 2.35636
120 4638 0 100 1.1 1.26859 2.36859
78 4705 0 100 1.05031e-07 2.40329 2.40329
49 4647 0 100 1.06 1.36007 2.42007
104 4710 0 100 1.40041e-07 2.54508 2.54508
123 4713 0 100 4.66804e-08 2.59596 2.59596
56 4656 0 100 1.12 1.50177 2.62177
105 4701 0 100 0.34 2.3031 2.6431
26 4717 0 100 4.66804e-08 2.6525 2.6525
106 4719 0 100 9.33608e-08 2.66387 2.66387
75 4715 0 100 0.0600001 2.633 2.693
34 4724 0 100 8.16907e-08 2.69952 2.69952
80 4725 0 100 9.33608e-08 2.74171 2.74171
68 4685 0 100 0.86 1.9155 2.7755
46 4714 0 100 0.19 2.62328 2.81328
108 4708 0 100 0.37 2.47703 2.84703
86 4702 0 100 0.51 2.34025 2.85025
114 4729 0 100 1.05031e-07 2.85645 2.85645
119 4734 0 100 4.66804e-08 2.92437 2.92437
117 4736 0 100 7.00206e-08 2.97433 2.97433
72 4737 0 100 4.66804e-08 2.98119 2.98119
87 4738 0 100 3.50103e-08 2.98927 2.98927
38 4730 0 100 0.27 2.86587 3.13587
42 4721 0 100 0.47 2.67286 3.14286
92 4732 0 100 0.31 2.8847 3.1947
74 4728 0 100 0.35 2.84887 3.19887
41 4735 0 100 0.27 2.93068 3.20068
33 4716 0 100 0.6 2.64191 3.24191
44 4744 0 100 3.50103e-08 3.32338 3.32338
65 4731 0 100 0.5 2.87437 3.37437
45 4644 0 100 2.09 1.31701 3.40701
67 4707 0 100 1.07 2.45707 3.52707
96 4748 0 100 1.05031e-07 3.57428 3.57428
99 4740 0 100 0.59 2.99535 3.58535
110 4727 0 100 0.77 2.8211 3.5911
61 4670 0 100 2.01 1.68598 3.69598
122 4706 0 100 1.37 2.4097 3.7797
113 4723 0 100 1.09 2.69438 3.78438
43 4753 0 100 4.66804e-08 3.78969 3.78969
55 4625 0 100 2.73 1.06348 3.79348
36 4750 0 100 0.19 3.60867 3.79867
28 4746 0 100 0.36 3.44269 3.80269
25 4755 0 100 1.40041e-07 3.83546 3.83546
64 4626 0 100 2.83 1.08237 3.91237
77 4758 0 100 1.51711e-07 3.96552 3.96552
97 4760 0 100 4.66804e-08 3.99462 3.99462
93 4711 0 100 1.59 2.56951 4.15951
83 4757 0 100 0.25 3.9392 4.1892
121 4765 0 100 0.1 4.16374 4.26374
124 4770 0 100 1.51711e-07 4.43206 4.43206
94 4764 0 100 0.33 4.12692 4.45692
95 4771 0 100 7.00206e-08 4.48722 4.48722
37 4634 0 100 3.39 1.18533 4.57533
105 4775 0 100 1.51711e-07 4.70651 4.70651
111 4776 0 100 1.16701e-08 4.76097 4.76097
35 4681 0 100 2.92 1.84429 4.76429
91 4688 0 100 2.81 1.98109 4.79109
107 4778 0 100 8.16907e-08 4.83837 4.83837
98 4718 0 100 2.2 2.66276 4.86276
26 4779 0 100 1.51711e-07 4.87077 4.87077
79 4782 0 100 1.16701e-08 4.93987 4.93987
72 4785 0 100 1.51711e-07 5.047 5.047
116 4645 0 100 3.85 1.31843 5.16843
117 4786 0 100 0.18 5.06966 5.24966
71 4788 0 100 0.16 5.1252 5.2852
62 4658 0 100 3.89 1.52076 5.41076
60 4654 0 100 4.06 1.44196 5.50196
29 4797 0 100 1.40041e-07 5.57226 5.57226
40 4693 0 100 3.5 2.07947 5.57947
106 4798 0 100 0.0100001 5.5898 5.5998
88 4666 0 100 4.01 1.62376 5.63376
41 4802 0 100 1.40041e-07 5.67515 5.67515
44 4803 0 100 1.16701e-07 5.67566 5.67566
42 4804 0 100 7.00206e-08 5.69311 5.69311
103 4806 0 100 0.0100001 5.69716 5.70716
37 4761 0 100 1.74 4.00855 5.74855
81 4766 0 100 1.66 4.18386 5.84386
113 4814 0 100 1.05031e-07 5.90787 5.90787
108 4818 0 100 1.16701e-07 5.95954 5.95954
39 4821 0 100 1.16701e-07 6.00197 6.00197
51 4794 0 100 0.55 5.49067 6.04067
35 4825 0 100 1.63381e-07 6.0942 6.0942
114 4808 0 100 0.33 5.76465 6.09465
54 4826 0 100 3.50103e-08 6.16778 6.16778
98 4807 0 100 0.48 5.72495 6.20495
65 4829 0 100 0.0100001 6.21909 6.22909
84 4812 0 100 0.43 5.88311 6.31311
63 4820 0 100 0.35 5.99418 6.34418
122 4835 0 100 3.50103e-08 6.40068 6.40068
97 4837 0 100 1.05031e-07 6.42186 6.42186
64 4838 0 100 4.66804e-08 6.42741 6.42741
58 4793 0 100 1 5.4551 6.4551
47 4841 0 100 1.16701e-07 6.47146 6.47146
62 4832 0 100 0.19 6.2907 6.4807
28 4840 0 100 0.0500001 6.45941 6.50941
124 4845 0 100 5.83505e-08 6.53193 6.53193
75 4809 0 100 0.79 5.77842 6.56842
93 4847 0 100 1.51711e-07 6.57895 6.57895
57 4791 0 100 1.23 5.34911 6.57911
85 4842 0 100 0.13 6.48337 6.61337
27 4848 0 100 0.0500001 6.5893 6.6393
104 4850 0 100 7.00206e-08 6.64472 6.64472
45 4852 0 100 1.16701e-08 6.65295 6.65295
66 4752 0 100 2.88 3.78661 6.66661
32 4816 0 100 0.76 5.91416 6.67416
55 4853 0 100 1.40041e-07 6.68344 6.68344
67 4856 0 100 1.05031e-07 6.69864 6.69864
96 4855 0 100 0.0400001 6.69444 6.73444
86 4859 0 100 1.16701e-08 6.78022 6.78022
31 4800 0 100 1.21 5.60271 6.81271
78 4862 0 100 7.00206e-08 6.87394 6.87394
115 4823 0 100 0.79 6.09223 6.88223
94 4858 0 100 0.22 6.75621 6.97621
120 4839 0 100 0.53 6.44952 6.97952
101 4801 0 100 1.35 5.64809 6.99809
34 4861 0 100 0.15 6.85023 7.00023
73 4831 0 100 0.77 6.26098 7.03098
61 4867 0 100 1.40041e-07 7.07921 7.07921
30 4866 0 100 0.0400001 7.0737 7.1137
80 4869 0 100 1.51711e-07 7.12624 7.12624
59 4857 0 100 0.41 6.75248 7.16248
74 4871 0 100 5.83505e-08 7.25768 7.25768
99 4873 0 100 1.05031e-07 7.29793 7.29793
110 4874 0 100 0.0200001 7.32557 7.34557
112 4763 0 100 3.24 4.12326 7.36326
118 4811 0 100 1.72 5.80173 7.52173
90 4843 0 100 1.05 6.49278 7.54278
89 4784 0 100 2.6 5.00797 7.60797
87 4880 0 100 2.33402e-08 7.61122 7.61122
25 4881 0 100 9.33608e-08 7.6406 7.6406
76 4815 0 100 1.79 5.91351 7.70351
52 4817 0 100 1.99 5.95631 7.94631
82 4796 0 100 2.51 5.54919 8.05919
92 4893 0 100 1.28371e-07 8.13508 8.13508
70 4830 0 100 1.92 6.25463 8.17463
100 4892 0 100 0.0600002 8.12002 8.18002
77 4896 0 100 9.33608e-08 8.19964 8.19964
107 4902 0 100 1.40041e-07 8.40609 8.40609
35 4903 0 100 5.83505e-08 8.43984 8.43984
88 4877 0 100 1.13 7.43633 8.56633
53 4890 0 100 0.51 8.08943 8.59943
83 4909 0 100 5.83505e-08 8.63128 8.63128
65 4908 0 100 0.01 8.62509 8.63509
122 4911 0 100 1.51711e-07 8.67629 8.67629
56 4780 0 100 3.83 4.87192 8.70192
69 4720 0 100 6.07 2.66412 8.73412
45 4913 0 100 1.28371e-07 8.75045 8.75045
31 4915 0 100 1.40041e-07 8.78251 8.78251
114 4888 0 100 0.81 8.03476 8.84476
81 4917 0 100 3.50103e-08 8.85741 8.85741
105 4919 0 100 0.0100001 8.89844 8.90844
108 4924 0 100 4.66804e-08 8.97076 8.97076
36 4889 0 100 0.92 8.07167 8.99167
46 4876 0 100 1.58 7.41632 8.99632
42 4922 0 100 0.0400001 8.95918 8.99918
117 4926 0 100 1.16701e-07 9.00537 9.00537
104 4921 0 100 0.0900001 8.94407 9.03407
51 4927 0 100 1.05031e-07 9.04579 9.04579
121 4928 0 100 0.0400001 9.06389 9.10389
73 4930 0 100 9.33608e-08 9.15477 9.15477
50 4851 0 100 2.55 6.65122 9.20122
119 4865 0 100 2.2 7.01906 9.21906
48 4932 0 100 2.33402e-08 9.23319 9.23319
41 4882 0 100 1.59 7.68499 9.27499
91 4900 0 100 1.02 8.37289 9.39289
66 4936 0 100 9.33608e-08 9.48547 9.48547
111 4920 0 100 0.58 8.92505 9.50505
39 4938 0 100 0.01 9.54444 9.55444
61 4939 0 100 2.33402e-08 9.58734 9.58734
37 4942 0 100 8.16907e-08 9.63268 9.63268
87 4941 0 100 0.0200001 9.6164 9.6364
84 4943 0 100 5.83505e-08 9.63987 9.63987
119 4944 0 100 5.83505e-08 9.66963 9.66963
85 4914 0 100 0.91 8.76133 9.67133
58 4945 0 100 0.0300001 9.68523 9.71523
112 4950 0 100 0.0200001 9.74944 9.76944
38 4822 0 100 3.75 6.05145 9.80145
32 4910 0 100 1.14 8.66278 9.80278
94 4951 0 100 0.12 9.77597 9.89597
63 4952 0 100 0.15 9.79169 9.94169
72 4895 0 100 1.89 8.19576 10.0858
77 4966 0 100 1.05031e-07 10.2826 10.2826
115 4962 0 100 0.17 10.1135 10.2835
55 4968 0 100 9.33608e-08 10.3248 10.3248
90 4969 0 100 9.33608e-08 10.3656 10.3656
25 4971 0 100 8.16907e-08 10.417 10.417
102 4828 0 100 4.24 6.20543 10.4454
79 4923 0 100 1.48 8.97061 10.4506
69 4933 0 100 1.21 9.2445 10.4545
123 4975 0 100 1.40041e-07 10.53 10.53
54 4972 0 100 0.07 10.4734 10.5434
34 4976 0 100 9.33608e-08 10.5554 10.5554
101 4954 0 100 0.75 9.8168 10.5668
30 4977 0 100 9.33608e-08 10.5691 10.5691
33 4897 0 100 2.4 8.19993 10.5999
116 4946 0 100 0.92 9.68613 10.6061
99 4979 0 100 1.05031e-07 10.6233 10.6233
40 4885 0 100 2.79 7.87861 10.6686
32 4983 0 100 0.0200001 10.7378 10.7578
93 4984 0 100 1.05031e-07 10.765 10.765
120 4986 0 100 1.05031e-07 10.8082 10.8082
27 4957 0 100 0.97 9.89791 10.8679
96 4988 0 100 1.16701e-07 10.8707 10.8707
70 4987 0 100 0.0700001 10.8585 10.9285
76 4991 0 100 1.05031e-07 10.958 10.958
106 4973 0 100 0.47 10.4913 10.9613
60 4949 0 100 1.26 9.72221 10.9822
98 4955 0 100 1.27 9.82414 11.0941
78 4965 0 100 0.97 10.2102 11.1802
64 4997 0 100 0.1 11.1526 11.2526
29 4961 0 100 1.15 10.1084 11.2584
110 4999 0 100 0.0100001 11.2543 11.2643
50 5000 0 100 0.0100001 11.2658 11.2758
41 4993 0 100 0.32 10.9967 11.3167
100 5003 0 100 4.66804e-08 11.343 11.343
43 4899 0 100 3.02 8.3339 11.3539
114 5004 0 100 4.66804e-08 11.3699 11.3699
97 5005 0 100 9.33608e-08 11.3751 11.3751
62 5006 0 100 1.28371e-07 11.3898 11.3898
71 4907 0 100 2.83 8.60042 11.4304
71 5008 0 100 1.05031e-07 11.4609 11.4609
85 5011 0 100 1.40041e-07 11.5292 11.5292
118 4964 0 100 1.33 10.2002 11.5302
82 5013 0 100 9.33608e-08 11.5971 11.5971
95 4846 0 100 5.07 6.55673 11.6267
124 4948 0 100 1.93 9.69899 11.629
92 4982 0 100 0.98 10.7213 11.7013
109 5017 0 100 5.83505e-08 11.7038 11.7038
74 5014 0 100 0.0500001 11.6657 11.7157
47 4958 0 100 1.76 9.96646 11.7265
113 4905 0 100 3.22 8.54153 11.7615
75 4981 0 100 1.08 10.6953 11.7753
65 5023 0 100 1.05031e-07 11.9461 11.9461
87 5024 0 100 7.00206e-08 11.9564 11.9564
68 5009 0 100 0.48 11.4771 11.9571
56 5027 0 100 1.16701e-07 12.0758 12.0758
72 5029 0 100 0.0100001 12.1239 12.1339
67 5001 0 100 1.06 11.2793 12.3393
42 5025 0 100 0.4 11.99 12.39
111 5034 0 100 1.51711e-07 12.4361 12.4361
83 5035 0 100 1.05031e-07 12.4751 12.4751
123 4836 0 100 6.09 6.40135 12.4914
31 5038 0 100 0.0400001 12.6107 12.6507
35 5031 0 100 0.5 12.2454 12.7454
55 5040 0 100 1.05031e-07 12.7481 12.7481
84 5015 0 100 1.1 11.6703 12.7703
52 5041 0 100 7.00206e-08 12.78 12.78
59 5020 0 100 1.01 11.786 12.796
51 5018 0 100 1.08 11.7207 12.8007
101 5043 0 100 5.83505e-08 12.8496 12.8496
107 5044 0 100 0.0100001 12.8532 12.8632
79 5047 0 100 1.63381e-07 12.897 12.897
94 5048 0 100 0.0100001 12.9447 12.9547
108 5049 0 100 0.0100001 12.954 12.964
103 5050 0 100 1.16701e-08 12.9931 12.9931
36 5019 0 100 1.24 11.7826 13.0226
123 5053 0 100 4.66804e-08 13.0612 13.0612
93 5045 0 100 0.23 12.8538 13.0838
28 4990 0 100 2.32 10.9069 13.2269
105 5061 0 100 4.66804e-08 13.3545 13.3545
53 5065 0 100 1.51711e-07 13.4485 13.4485
117 5066 0 100 8.16907e-08 13.4527 13.4527
98 5058 0 100 0.28 13.2059 13.4859
46 5071 0 100 7.00206e-08 13.4935 13.4935
81 5072 0 100 7.00206e-08 13.5054 13.5054
39 5056 0 100 0.39 13.1532 13.5432
80 4995 0 100 2.57 11.0542 13.6242
76 5078 0 100 8.16907e-08 13.6424 13.6424
82 5083 0 100 0.0800001 13.7202 13.8002
121 5086 0 100 1.51711e-07 13.8292 13.8292
25 5074 0 100 0.3 13.5489 13.8489
99 5081 0 100 0.17 13.7157 13.8857
43 5069 0 100 0.4 13.487 13.887
113 5090 0 100 7.00206e-08 13.9286 13.9286
57 5091 0 100 1.51711e-07 13.9391 13.9391
89 5092 0 100 8.16907e-08 13.9406 13.9406
104 5093 0 100 1.28371e-07 13.9413 13.9413
112 5094 0 100 4.66804e-08 13.9656 13.9656
95 5089 0 100 0.0600001 13.9285 13.9885
29 5096 0 100 0.16 13.9885 14.1485
63 5095 0 100 0.18 13.9873 14.1673
48 5100 0 100 3.50103e-08 14.173 14.173
38 5075 0 100 0.63 13.5627 14.1927
106 5104 0 100 0.02 14.2958 14.3158
49 5077 0 100 0.79 13.6299 14.4199
37 5108 0 100 1.05031e-07 14.4652 14.4652
62 5102 0 100 0.31 14.2228 14.5328
45 4994 0 100 3.52 11.0515 14.5715
69 5088 0 100 0.78 13.8938 14.6738
96 5110 0 100 0.19 14.4879 14.6779
115 5107 0 100 0.3 14.4508 14.7508
58 5105 0 100 0.39 14.3663 14.7563
70 5063 0 100 1.43 13.3708 14.8008
64 5119 0 100 0.0100002 14.8168 14.8268
88 5073 0 100 1.34 13.5057 14.8457
34 5067 0 100 1.44 13.4566 14.8966
107 5122 0 100 0.0400001 14.8943 14.9343
114 5124 0 100 1.40041e-07 14.9832 14.9832
