85 6727 1.0297
100 6728 1.03092
72 6729 1.05375
87 6731 1.11535
62 6732 1.15196
25 6734 1.20365
52 6735 1.21257
45 6736 1.21666
99 6738 1.27043
63 6739 1.28096
48 6740 1.3042
43 6741 1.32701
30 6742 1.33304
86 6743 1.34319
70 6744 1.35965
49 6746 1.38469
33 6747 1.41244
36 6748 1.41751
58 6749 1.41924
82 6750 1.43702
61 6751 1.45327
90 6752 1.45903
81 6753 1.45988
68 6755 1.50471
102 6756 1.51094
37 6757 1.53082
60 6759 1.57072
29 6760 1.57159
95 6761 1.64955
76 6763 1.70278
69 6764 1.74002
31 6766 1.82573
88 6767 1.83625
44 6768 1.86047
50 6770 1.90277
54 6771 1.90431
101 6772 1.92488
74 6773 1.92706
34 6774 1.93252
79 6776 1.96901
64 6778 2.06834
94 6779 2.09971
80 6780 2.11487
56 6781 2.11677
73 6782 2.14485
28 6784 2.24907
67 6785 2.25835
93 6787 2.29504
51 6788 2.35404
104 6789 2.35554
42 6791 2.39693
78 6792 2.39739
97 6793 2.45101
57 6795 2.46805
46 6796 2.47527
38 6797 2.53905
27 6798 2.54077
83 6799 2.5459
47 6800 2.5613
35 6802 2.66393
89 6803 2.66704
66 6805 2.72265
103 6806 2.73032
53 6807 2.73825
32 6808 2.75113
55 6810 2.79291
65 6811 2.824
40 6812 2.86318
91 6814 2.92616
59 6815 2.93115
75 6816 2.95809
84 6817 2.95962
77 6819 2.98938
72 6824 3.40201
100 6827 3.66581
61 6830 3.79171
25 6831 3.79679
52 6832 3.85772
48 6835 4.05696
37 6838 4.24189
39 6840 4.31873
31 6842 4.42886
69 6844 4.49529
33 6845 4.53775
76 6848 4.68999
63 6849 4.75147
30 6853 4.97987
78 6854 4.99906
86 6855 5.02586
95 6857 5.06936
103 6858 5.06985
60 6859 5.12861
88 6861 5.2523
42 6862 5.25589
43 6864 5.28221
26 6865 5.30564
90 6866 5.32884
85 6868 5.37023
28 6869 5.4314
29 6870 5.45715
49 6872 5.55225
44 6874 5.61871
51 6875 5.63659
55 6876 5.65662
45 6878 5.66802
62 6879 5.73314
104 6880 5.74226
87 6882 5.76988
34 6883 5.81695
102 6884 5.84328
54 6886 5.87929
35 6888 5.98146
83 6889 6.01794
27 6890 6.02404
99 6892 6.14861
25 6894 6.19962
57 6895 6.20354
40 6896 6.20787
97 6898 6.28635
81 6899 6.28645
66 6900 6.32411
68 6901 6.32854
46 6903 6.37381
56 6904 6.407
82 6905 6.42523
84 6906 6.45127
47 6908 6.48674
94 6909 6.50017
77 6911 6.60741
67 6912 6.61062
101 6914 6.69254
91 6915 6.76563
41 6917 6.81531
100 6918 6.84409
76 6919 6.84956
74 6921 6.88956
72 6922 6.90025
80 6925 7.07312
75 6926 7.11642
96 6927 7.13137
38 6929 7.25514
61 6931 7.27587
95 6932 7.31998
65 6934 7.39211
69 6935 7.4194
89 6938 7.57036
39 6939 7.62665
92 6941 7.67039
30 6942 7.69074
32 6943 7.71385
58 6944 7.74949
71 6945 7.76421
36 6947 7.79508
64 6948 7.8398
98 6950 7.88362
33 6951 7.89748
103 6952 7.95044
52 6955 8.08114
42 6956 8.11236
26 6958 8.18965
60 6959 8.20735
79 6960 8.24442
86 6961 8.25021
70 6963 8.30731
81 6965 8.37521
37 6967 8.48313
31 6968 8.56164
46 6971 8.73541
78 6973 8.79782
34 6975 8.88894
56 6977 9.01473
57 6978 9.03818
54 6981 9.20765
43 6983 9.26818
62 6984 9.31274
44 6985 9.35177
47 6987 9.39566
53 6988 9.41293
55 6991 9.59355
73 6992 9.59783
94 6994 9.72878
75 6997 9.86881
76 6998 9.89275
84 6999 9.95811
90 7000 9.96737
29 7002 9.97836
25 7003 10.0466
99 7004 10.058
101 7006 10.0979
27 7007 10.1058
38 7009 10.2019
95 7011 10.2822
97 7012 10.29
40 7014 10.3697
88 7015 10.3813
68 7016 10.3948
91 7017 10.4494
103 7018 10.4652
102 7019 10.4666
28 7021 10.4737
45 7022 10.4771
39 7023 10.5007
72 7025 10.5751
85 7026 10.6352
69 7029 10.7769
71 7030 10.8508
61 7032 10.8697
60 7033 10.884
87 7034 10.8922
35 7035 10.9521
81 7036 10.9547
66 7038 10.9981
83 7039 11.0085
33 7040 11.0104
77 7043 11.1956
74 7046 11.4424
67 7047 11.4538
96 7049 11.4691
36 7050 11.4809
30 7051 11.5056
86 7052 11.5409
78 7053 11.5675
41 7055 11.6017
98 7056 11.6534
44 7058 11.7331
51 7060 11.7916
100 7061 11.7934
64 7062 11.8003
34 7063 11.8233
59 7065 11.9317
55 7067 12.0284
93 7068 12.0295
89 7069 12.0514
80 7071 12.0736
75 7074 12.2817
32 7075 12.2928
48 7077 12.4054
37 7078 12.4334
92 7079 12.4362
47 7083 12.6705
58 7084 12.729
26 7085 12.7492
49 7087 12.7713
52 7088 12.8126
31 7089 12.8274
42 7092 12.9873
56 7093 13.0459
54 7096 13.209
70 7097 13.2623
46 7099 13.3077
50 7101 13.3843
76 7102 13.3911
99 7103 13.4124
84 7104 13.4231
53 7105 13.4231
40 7106 13.4547
29 7107 13.4575
90 7110 13.5982
45 7111 13.6288
39 7112 13.6649
91 7114 13.6855
101 7116 13.7691
73 7118 13.8803
67 7119 13.9369
57 7120 13.9375
94 7122 14.0444
102 7124 14.0882
38 7125 14.1167
74 7127 14.2613
62 7129 14.3572
65 7131 14.3972
75 7132 14.4305
95 7135 14.6089
60 7136 14.6454
83 7137 14.6528
35 7139 14.7566
52 7141 14.8136
27 7142 14.8152
104 7143 14.864
28 7145 14.9144
97 7146 14.9342
80 7147 14.9343
87 7148 14.9412
64 7150 14.9897
85 7151 14.9997
