39 5626 1.07148
73 5627 1.08752
32 5629 1.15149
48 5630 1.19165
54 5631 1.19791
57 5633 1.26325
60 5634 1.26398
37 5635 1.2704
71 5637 1.36934
49 5639 1.50556
66 5640 1.51177
62 5641 1.51738
52 5642 1.52183
53 5643 1.52708
41 5645 1.53022
33 5647 1.6459
55 5648 1.70227
65 5649 1.72103
36 5651 1.80254
40 5653 1.85333
43 5654 1.92293
25 5656 1.94522
31 5657 1.95789
45 5658 1.96628
27 5660 2.03778
35 5661 2.06536
28 5662 2.06961
63 5663 2.09533
51 5664 2.10123
42 5666 2.15119
69 5667 2.17154
61 5668 2.19994
56 5669 2.22837
26 5671 2.22933
67 5672 2.24621
58 5673 2.27689
68 5674 2.28361
46 5676 2.39945
64 5678 2.4368
50 5680 2.53749
44 5681 2.59399
38 5684 2.75857
34 5685 2.82749
59 5688 2.96652
29 5689 2.97501
70 5690 2.98451
37 5699 3.76371
60 5704 4.14125
48 5708 4.45533
57 5710 4.57513
69 5711 4.58487
39 5712 4.58608
52 5714 4.71027
32 5715 4.7262
68 5717 4.7393
61 5720 4.96756
31 5721 4.98853
49 5723 5.06344
63 5724 5.08419
66 5726 5.15593
54 5727 5.22841
43 5729 5.26796
71 5730 5.31058
74 5732 5.38223
25 5734 5.47235
33 5735 5.47711
62 5737 5.57473
40 5739 5.67621
59 5741 5.81179
41 5744 5.97892
35 5745 5.99496
37 5747 6.12283
55 5749 6.19673
65 5750 6.21602
50 5752 6.31739
34 5754 6.33478
28 5755 6.3554
67 5756 6.42622
58 5758 6.45709
73 5760 6.5485
44 5761 6.62722
47 5763 6.68908
53 5765 6.76588
72 5766 6.77604
45 5767 6.81892
26 5768 6.82677
56 5771 6.93877
31 5773 7.11241
70 5776 7.30224
49 5779 7.45072
38 5780 7.49912
57 5782 7.57554
29 5785 7.76094
36 5787 7.91275
63 5791 8.13213
52 5793 8.30693
48 5794 8.32286
46 5796 8.34091
35 5797 8.40089
66 5798 8.42052
33 5801 8.59659
64 5803 8.63301
42 5804 8.67452
25 5805 8.70818
27 5808 8.86606
32 5810 9.00319
61 5812 9.04547
69 5813 9.11748
44 5815 9.21517
39 5817 9.23652
59 5818 9.28595
55 5820 9.35124
68 5821 9.41975
71 5823 9.43049
26 5824 9.46268
67 5826 9.54992
74 5827 9.62215
45 5829 9.71514
43 5830 9.72363
65 5832 9.7371
72 5835 10.0164
53 5837 10.0469
54 5842 10.4405
48 5843 10.4712
31 5846 10.6863
50 5847 10.6898
58 5848 10.6923
47 5851 10.8465
57 5852 10.8719
62 5853 10.8842
56 5856 11.0831
36 5858 11.1568
73 5859 11.1625
69 5861 11.2648
37 5863 11.3638
49 5866 11.542
44 5867 11.5969
46 5869 11.6892
70 5871 11.7696
29 5873 11.8366
66 5874 11.9126
45 5876 12.0246
30 5878 12.0768
38 5879 12.0987
28 5881 12.1316
34 5882 12.2173
52 5884 12.3183
51 5886 12.3847
67 5887 12.3943
71 5891 12.6356
61 5892 12.667
60 5893 12.6735
39 5896 12.8656
72 5897 12.8854
63 5898 12.9281
59 5900 12.9577
43 5901 12.988
32 5902 13.0017
42 5904 13.0722
74 5907 13.2864
26 5909 13.3341
37 5911 13.4508
35 5913 13.545
55 5915 13.6879
73 5918 13.8626
65 5920 13.9772
68 5923 14.1942
62 5925 14.2668
44 5927 14.4126
58 5929 14.4983
53 5931 14.5773
49 5933 14.646
70 5936 14.9267
69 5938 14.9625
