0 7152
0 7153
0 7154
0 7155
0 7156
0 7157
0 7158
0 7159
0 7160
0 7161
0 7162
68 7164
21 7164
22 7164
23 7164
24 7164
30 7165
109 7165
7 7165
6 7165
5 7165
4 7165
3 7165
2 7165
1 7165
97 7167
0 7169
91 7163
63 7170
41 7166
13 7166
14 7166
15 7166
16 7166
17 7166
18 7166
19 7166
20 7166
21 7166
22 7166
23 7166
24 7166
110 7171
15 7171
16 7171
17 7171
18 7171
19 7171
20 7171
21 7171
22 7171
23 7171
24 7171
0 7172
98 7163
97 7170
35 7170
42 7167
63 7167
30 7167
50 7176
105 7176
18 7176
19 7176
20 7176
21 7176
22 7176
23 7176
24 7176
33 7177
47 7179
17 7179
18 7179
19 7179
20 7179
21 7179
22 7179
23 7179
24 7179
0 7180
58 7173
26 7163
113 7163
10 7163
9 7163
8 7163
7 7163
6 7163
5 7163
4 7163
3 7163
2 7163
1 7163
35 7167
104 7183
14 7183
15 7183
16 7183
17 7183
18 7183
19 7183
20 7183
21 7183
22 7183
23 7183
24 7183
92 7175
4 7175
3 7175
2 7175
1 7175
27 7186
4 7186
3 7186
2 7186
1 7186
0 7187
100 7189
88 7182
113 7184
75 7185
107 7168
10 7168
9 7168
8 7168
7 7168
6 7168
5 7168
4 7168
3 7168
2 7168
1 7168
0 7190
61 7174
89 7192
21 7192
22 7192
23 7192
24 7192
111 7193
46 7194
24 7194
91 7184
80 7195
0 7197
79 7198
33 7174
83 7189
2 7189
1 7189
34 7200
73 7200
22 7200
23 7200
24 7200
48 7193
98 7184
0 7203
90 7198
3 7198
2 7198
1 7198
100 7174
45 7170
51 7191
77 7193
21 7193
22 7193
23 7193
24 7193
0 7208
35 7209
99 7211
17 7211
18 7211
19 7211
20 7211
21 7211
22 7211
23 7211
24 7211
52 7206
0 7216
45 7209
11 7209
10 7209
9 7209
8 7209
7 7209
6 7209
5 7209
4 7209
3 7209
2 7209
1 7209
67 7199
8 7199
7 7199
6 7199
5 7199
4 7199
3 7199
2 7199
1 7199
78 7217
23 7217
24 7217
106 7213
29 7218
23 7218
24 7218
0 7219
86 7181
2 7181
1 7181
69 7222
45 7213
35 7213
12 7213
11 7213
10 7213
9 7213
8 7213
7 7213
6 7213
5 7213
4 7213
3 7213
2 7213
1 7213
60 7207
59 7196
6 7196
5 7196
4 7196
3 7196
2 7196
1 7196
0 7225
101 7205
81 7226
4 7226
3 7226
2 7226
1 7226
105 7227
22 7227
23 7227
24 7227
56 7195
108 7215
17 7215
18 7215
19 7215
20 7215
21 7215
22 7215
23 7215
24 7215
0 7229
25 7173
109 7167
58 7205
54 7222
6 7222
5 7222
4 7222
3 7222
2 7222
1 7222
64 7231
43 7228
18 7228
19 7228
20 7228
21 7228
22 7228
23 7228
24 7228
36 7185
17 7185
18 7185
19 7185
20 7185
21 7185
22 7185
23 7185
24 7185
38 7207
20 7207
21 7207
22 7207
23 7207
24 7207
0 7232
39 7188
12 7188
11 7188
10 7188
9 7188
8 7188
7 7188
6 7188
5 7188
4 7188
3 7188
2 7188
1 7188
54 7233
6 7233
5 7233
4 7233
3 7233
2 7233
1 7233
45 7167
13 7167
14 7167
15 7167
16 7167
17 7167
18 7167
19 7167
20 7167
21 7167
22 7167
23 7167
24 7167
63 7231
98 7238
62 7224
20 7224
21 7224
22 7224
23 7224
24 7224
96 7212
27 7195
9 7195
8 7195
7 7195
6 7195
5 7195
4 7195
3 7195
2 7195
1 7195
0 7240
87 7230
53 7235
8 7235
7 7235
6 7235
5 7235
4 7235
3 7235
2 7235
1 7235
73 7236
85 7237
10 7237
9 7237
8 7237
7 7237
6 7237
5 7237
4 7237
3 7237
2 7237
1 7237
94 7206
2 7206
1 7206
113 7238
82 7239
0 7243
37 7244
28 7221
10 7221
9 7221
8 7221
7 7221
6 7221
5 7221
4 7221
3 7221
2 7221
1 7221
66 7202
22 7202
23 7202
24 7202
0 7247
74 7220
11 7220
10 7220
9 7220
8 7220
7 7220
6 7220
5 7220
4 7220
3 7220
2 7220
1 7220
110 7191
66 7191
22 7191
23 7191
24 7191
35 7231
54 7239
69 7239
8 7239
7 7239
6 7239
5 7239
4 7239
3 7239
2 7239
1 7239
95 7250
42 7242
0 7251
83 7174
7 7174
6 7174
5 7174
4 7174
3 7174
2 7174
1 7174
109 7252
15 7252
16 7252
17 7252
18 7252
19 7252
20 7252
21 7252
22 7252
23 7252
24 7252
30 7170
15 7170
16 7170
17 7170
18 7170
19 7170
20 7170
21 7170
22 7170
23 7170
24 7170
26 7184
17 7184
18 7184
19 7184
20 7184
21 7184
22 7184
23 7184
24 7184
45 7231
15 7231
16 7231
17 7231
18 7231
19 7231
20 7231
21 7231
22 7231
23 7231
24 7231
55 7256
72 7250
64 7242
63 7242
0 7258
76 7259
8 7259
7 7259
6 7259
5 7259
4 7259
3 7259
2 7259
1 7259
103 7204
6 7204
5 7204
4 7204
3 7204
2 7204
1 7204
44 7254
90 7255
35 7242
94 7257
52 7257
4 7257
3 7257
2 7257
1 7257
57 7261
18 7261
19 7261
20 7261
21 7261
22 7261
23 7261
24 7261
0 7262
93 7248
12 7248
11 7248
10 7248
9 7248
8 7248
7 7248
6 7248
5 7248
4 7248
3 7248
2 7248
1 7248
40 7263
2 7263
1 7263
49 7210
11 7210
10 7210
9 7210
8 7210
7 7210
6 7210
5 7210
4 7210
3 7210
2 7210
1 7210
84 7255
9 7255
8 7255
7 7255
6 7255
5 7255
4 7255
3 7255
2 7255
1 7255
30 7242
0 7264
102 7223
19 7223
20 7223
21 7223
22 7223
23 7223
24 7223
91 7238
41 7256
104 7256
22 7256
23 7256
24 7256
31 7241
17 7241
18 7241
19 7241
20 7241
21 7241
22 7241
23 7241
24 7241
106 7242
17 7242
18 7242
19 7242
20 7242
21 7242
22 7242
23 7242
24 7242
0 7265
25 7205
56 7245
12 7245
11 7245
10 7245
9 7245
8 7245
7 7245
6 7245
5 7245
4 7245
3 7245
2 7245
1 7245
0 7266
48 7249
3 7249
2 7249
1 7249
34 7236
5 7236
4 7236
3 7236
2 7236
1 7236
112 7201
11 7201
10 7201
9 7201
8 7201
7 7201
6 7201
5 7201
4 7201
3 7201
2 7201
1 7201
114 7178
9 7178
8 7178
7 7178
6 7178
5 7178
4 7178
3 7178
2 7178
1 7178
0 7267
32 7253
77 7246
111 7246
4 7246
3 7246
2 7246
1 7246
0 7269
53 7253
13 7253
14 7253
15 7253
16 7253
17 7253
18 7253
19 7253
20 7253
21 7253
22 7253
23 7253
24 7253
0 7270
99 7212
0 7271
50 7268
105 7268
4 7268
3 7268
2 7268
1 7268
0 7275
61 7272
71 7260
5 7260
4 7260
3 7260
2 7260
1 7260
41 7273
91 7276
22 7276
23 7276
24 7276
26 7238
22 7238
23 7238
24 7238
65 7214
8 7214
7 7214
6 7214
5 7214
4 7214
3 7214
2 7214
1 7214
0 7277
101 7173
3 7173
2 7173
1 7173
88 7230
11 7230
10 7230
9 7230
8 7230
7 7230
6 7230
5 7230
4 7230
3 7230
2 7230
1 7230
100 7272
0 7278
104 7273
1 7273
113 7279
107 7274
22 7274
23 7274
24 7274
0 7281
33 7272
26 7279
98 7279
23 7279
24 7279
27 7280
110 7282
0 7283
80 7280
17 7280
18 7280
19 7280
20 7280
21 7280
22 7280
23 7280
24 7280
51 7282
104 7284
2 7284
1 7284
68 7250
11 7250
10 7250
9 7250
8 7250
7 7250
6 7250
5 7250
4 7250
3 7250
2 7250
1 7250
0 7285
30 7287
0 7288
83 7272
15 7272
16 7272
17 7272
18 7272
19 7272
20 7272
21 7272
22 7272
23 7272
24 7272
106 7287
25 7289
6 7289
5 7289
4 7289
3 7289
2 7289
1 7289
106 7290
35 7290
0 7291
33 7292
15 7292
16 7292
17 7292
18 7292
19 7292
20 7292
21 7292
22 7292
23 7292
24 7292
45 7287
109 7287
30 7290
45 7290
0 7297
38 7293
29 7299
10 7299
9 7299
8 7299
7 7299
6 7299
5 7299
4 7299
3 7299
2 7299
1 7299
0 7300
63 7287
24 7287
99 7296
0 7301
70 7234
1 7234
64 7298
24 7298
78 7286
29 7286
11 7286
10 7286
9 7286
8 7286
7 7286
6 7286
5 7286
4 7286
3 7286
2 7286
1 7286
97 7294
24 7294
0 7303
75 7302
4 7302
3 7302
2 7302
1 7302
96 7296
6 7296
5 7296
4 7296
3 7296
2 7296
1 7296
0 7304
73 7305
79 7306
0 7307
76 7306
84 7306
0 7311
90 7306
19 7306
20 7306
21 7306
22 7306
23 7306
24 7306
0 7313
84 7316
76 7316
79 7316
20 7316
21 7316
22 7316
23 7316
24 7316
0 7317
100 7318
88 7308
66 7282
10 7282
9 7282
8 7282
7 7282
6 7282
5 7282
4 7282
3 7282
2 7282
1 7282
0 7320
83 7318
87 7308
37 7310
12 7310
11 7310
10 7310
9 7310
8 7310
7 7310
6 7310
5 7310
4 7310
3 7310
2 7310
1 7310
0 7322
32 7323
23 7323
24 7323
92 7312
24 7312
28 7319
86 7295
19 7295
20 7295
21 7295
22 7295
23 7295
24 7295
0 7326
45 7324
35 7324
93 7319
53 7315
109 7290
4 7290
3 7290
2 7290
1 7290
0 7328
63 7324
64 7324
111 7314
36 7330
32 7315
24 7315
74 7327
0 7332
97 7324
85 7309
1 7309
34 7305
17 7305
18 7305
19 7305
20 7305
21 7305
22 7305
23 7305
24 7305
54 7335
82 7336
23 7336
24 7336
89 7321
0 7338
77 7314
16 7314
17 7314
18 7314
19 7314
20 7314
21 7314
22 7314
23 7314
24 7314
90 7333
23 7333
24 7333
76 7335
29 7321
0 7345
108 7339
10 7339
9 7339
8 7339
7 7339
6 7339
5 7339
4 7339
3 7339
2 7339
1 7339
35 7346
30 7346
34 7347
18 7347
19 7347
20 7347
21 7347
22 7347
23 7347
24 7347
98 7341
83 7348
23 7348
24 7348
91 7334
75 7330
10 7330
9 7330
8 7330
7 7330
6 7330
5 7330
4 7330
3 7330
2 7330
1 7330
63 7342
35 7342
30 7342
6 7342
5 7342
4 7342
3 7342
2 7342
1 7342
82 7335
24 7335
67 7327
3 7327
2 7327
1 7327
0 7350
60 7293
13 7293
14 7293
15 7293
16 7293
17 7293
18 7293
19 7293
20 7293
21 7293
22 7293
23 7293
24 7293
47 7244
15 7244
16 7244
17 7244
18 7244
19 7244
20 7244
21 7244
22 7244
23 7244
24 7244
51 7351
113 7341
77 7352
17 7352
18 7352
19 7352
20 7352
21 7352
22 7352
23 7352
24 7352
26 7334
76 7353
43 7331
0 7358
91 7341
87 7329
98 7334
104 7331
58 7354
15 7354
16 7354
17 7354
18 7354
19 7354
20 7354
21 7354
22 7354
23 7354
24 7354
0 7362
88 7329
23 7329
24 7329
113 7334
9 7334
8 7334
7 7334
6 7334
5 7334
4 7334
3 7334
2 7334
1 7334
72 7364
96 7360
41 7360
55 7331
13 7331
14 7331
15 7331
16 7331
17 7331
18 7331
19 7331
20 7331
21 7331
22 7331
23 7331
24 7331
46 7356
22 7356
23 7356
24 7356
59 7349
1 7349
0 7365
48 7340
66 7351
106 7346
82 7353
40 7325
19 7325
20 7325
21 7325
22 7325
23 7325
24 7325
104 7360
71 7344
18 7344
19 7344
20 7344
21 7344
22 7344
23 7344
24 7344
60 7367
0 7369
111 7340
19 7340
20 7340
21 7340
22 7340
23 7340
24 7340
109 7346
8 7346
7 7346
6 7346
5 7346
4 7346
3 7346
2 7346
1 7346
93 7366
4 7366
3 7366
2 7366
1 7366
26 7341
10 7341
9 7341
8 7341
7 7341
6 7341
5 7341
4 7341
3 7341
2 7341
1 7341
95 7343
22 7343
23 7343
24 7343
62 7361
15 7361
16 7361
17 7361
18 7361
19 7361
20 7361
21 7361
22 7361
23 7361
24 7361
113 7368
78 7321
20 7321
21 7321
22 7321
23 7321
24 7321
0 7371
42 7324
8 7324
7 7324
6 7324
5 7324
4 7324
3 7324
2 7324
1 7324
52 7372
44 7363
18 7363
19 7363
20 7363
21 7363
22 7363
23 7363
24 7363
69 7337
2 7337
1 7337
98 7368
0 7373
101 7374
17 7374
18 7374
19 7374
20 7374
21 7374
22 7374
23 7374
24 7374
94 7372
22 7372
23 7372
24 7372
0 7376
110 7351
17 7351
18 7351
19 7351
20 7351
21 7351
22 7351
23 7351
24 7351
102 7377
12 7377
11 7377
10 7377
9 7377
8 7377
7 7377
6 7377
5 7377
4 7377
3 7377
2 7377
1 7377
97 7375
42 7375
0 7378
103 7308
105 7379
20 7379
21 7379
22 7379
23 7379
24 7379
54 7353
3 7353
2 7353
1 7353
33 7380
107 7355
11 7355
10 7355
9 7355
8 7355
7 7355
6 7355
5 7355
4 7355
3 7355
2 7355
1 7355
26 7381
0 7383
61 7318
3 7318
2 7318
1 7318
100 7380
98 7381
56 7382
0 7386
65 7387
24 7387
80 7382
0 7389
104 7388
17 7388
18 7388
19 7388
20 7388
21 7388
22 7388
23 7388
24 7388
91 7368
39 7357
11 7357
10 7357
9 7357
8 7357
7 7357
6 7357
5 7357
4 7357
3 7357
2 7357
1 7357
0 7391
94 7385
83 7380
4 7380
3 7380
2 7380
1 7380
106 7390
113 7381
14 7381
15 7381
16 7381
17 7381
18 7381
19 7381
20 7381
21 7381
22 7381
23 7381
24 7381
0 7393
109 7390
29 7392
24 7392
0 7396
75 7384
68 7364
2 7364
1 7364
63 7375
30 7390
38 7367
20 7367
21 7367
22 7367
23 7367
24 7367
57 7368
0 7399
31 7394
55 7397
19 7397
20 7397
21 7397
22 7397
23 7397
24 7397
35 7390
99 7395
20 7395
21 7395
22 7395
23 7395
24 7395
0 7401
80 7400
0 7402
49 7403
82 7404
84 7404
0 7406
106 7394
15 7394
16 7394
17 7394
18 7394
19 7394
20 7394
21 7394
22 7394
23 7394
24 7394
79 7404
90 7404
57 7405
91 7405
26 7368
17 7368
18 7368
19 7368
20 7368
21 7368
22 7368
23 7368
24 7368
0 7407
50 7398
98 7405
64 7375
15 7375
16 7375
17 7375
18 7375
19 7375
20 7375
21 7375
22 7375
23 7375
24 7375
0 7410
112 7409
0 7411
61 7404
9 7404
8 7404
7 7404
6 7404
5 7404
4 7404
3 7404
2 7404
1 7404
0 7413
53 7403
68 7412
41 7414
45 7390
17 7390
18 7390
19 7390
20 7390
21 7390
22 7390
23 7390
24 7390
64 7415
0 7416
66 7417
54 7418
32 7403
12 7403
11 7403
10 7403
9 7403
8 7403
7 7403
6 7403
5 7403
4 7403
3 7403
2 7403
1 7403
0 7420
110 7417
36 7384
22 7384
23 7384
24 7384
69 7418
11 7418
10 7418
9 7418
8 7418
7 7418
6 7418
5 7418
4 7418
3 7418
2 7418
1 7418
43 7360
23 7360
24 7360
78 7419
63 7415
0 7422
81 7370
10 7370
9 7370
8 7370
7 7370
6 7370
5 7370
4 7370
3 7370
2 7370
1 7370
104 7414
30 7426
89 7408
5 7408
4 7408
3 7408
2 7408
1 7408
113 7405
20 7405
21 7405
22 7405
23 7405
24 7405
29 7419
96 7421
24 7421
42 7415
0 7427
73 7424
6 7424
5 7424
4 7424
3 7424
2 7424
1 7424
72 7412
45 7426
25 7428
2 7428
1 7428
0 7429
109 7426
105 7398
59 7409
13 7409
14 7409
15 7409
16 7409
17 7409
18 7409
19 7409
20 7409
21 7409
22 7409
23 7409
24 7409
0 7431
77 7432
32 7433
98 7434
35 7415
0 7435
111 7432
95 7412
9 7412
8 7412
7 7412
6 7412
5 7412
4 7412
3 7412
2 7412
1 7412
106 7426
49 7433
15 7433
16 7433
17 7433
18 7433
19 7433
20 7433
21 7433
22 7433
23 7433
24 7433
0 7438
48 7432
6 7432
5 7432
4 7432
3 7432
2 7432
1 7432
34 7439
43 7414
55 7414
31 7426
21 7426
22 7426
23 7426
24 7426
85 7436
17 7436
18 7436
19 7436
20 7436
21 7436
22 7436
23 7436
24 7436
72 7440
68 7440
27 7382
16 7382
17 7382
18 7382
19 7382
20 7382
21 7382
22 7382
23 7382
24 7382
0 7441
67 7425
56 7400
0 7443
38 7423
111 7442
28 7445
114 7359
88 7446
91 7437
0 7447
52 7444
103 7446
13 7446
14 7446
15 7446
16 7446
17 7446
18 7446
19 7446
20 7446
21 7446
22 7446
23 7446
24 7446
113 7434
0 7449
65 7444
10 7444
9 7444
8 7444
7 7444
6 7444
5 7444
4 7444
3 7444
2 7444
1 7444
77 7442
8 7442
7 7442
6 7442
5 7442
4 7442
3 7442
2 7442
1 7442
79 7450
26 7437
0 7452
73 7439
10 7439
9 7439
8 7439
7 7439
6 7439
5 7439
4 7439
3 7439
2 7439
1 7439
84 7455
16 7455
17 7455
18 7455
19 7455
20 7455
21 7455
22 7455
23 7455
24 7455
0 7456
86 7308
14 7308
15 7308
16 7308
17 7308
18 7308
19 7308
20 7308
21 7308
22 7308
23 7308
24 7308
36 7453
65 7454
52 7454
27 7400
19 7400
20 7400
21 7400
22 7400
23 7400
24 7400
91 7434
0 7459
61 7460
16 7460
17 7460
18 7460
19 7460
20 7460
21 7460
22 7460
23 7460
24 7460
108 7453
90 7450
94 7454
12 7454
11 7454
10 7454
9 7454
8 7454
7 7454
6 7454
5 7454
4 7454
3 7454
2 7454
1 7454
105 7463
9 7463
8 7463
7 7463
6 7463
5 7463
4 7463
3 7463
2 7463
1 7463
108 7464
99 7458
5 7458
4 7458
3 7458
2 7458
1 7458
0 7465
103 7461
59 7462
84 7450
82 7450
35 7451
24 7451
36 7464
4 7464
3 7464
2 7464
1 7464
44 7430
9 7430
8 7430
7 7430
6 7430
5 7430
4 7430
3 7430
2 7430
1 7430
0 7466
88 7461
87 7461
54 7450
18 7450
19 7450
20 7450
21 7450
22 7450
23 7450
24 7450
37 7469
9 7469
8 7469
7 7469
6 7469
5 7469
4 7469
3 7469
2 7469
1 7469
71 7398
10 7398
9 7398
8 7398
7 7398
6 7398
5 7398
4 7398
3 7398
2 7398
1 7398
57 7437
2 7437
1 7437
53 7457
32 7457
20 7457
21 7457
22 7457
23 7457
24 7457
0 7471
76 7467
54 7467
70 7448
2 7448
1 7448
0 7475
109 7468
30 7468
100 7476
18 7476
19 7476
20 7476
21 7476
22 7476
23 7476
24 7476
0 7478
43 7472
60 7423
8 7423
7 7423
6 7423
5 7423
4 7423
3 7423
2 7423
1 7423
95 7440
15 7440
16 7440
17 7440
18 7440
19 7440
20 7440
21 7440
22 7440
23 7440
24 7440
39 7473
1 7473
0 7481
55 7472
7 7472
6 7472
5 7472
4 7472
3 7472
2 7472
1 7472
86 7461
17 7461
18 7461
19 7461
20 7461
21 7461
22 7461
23 7461
24 7461
51 7417
9 7417
8 7417
7 7417
6 7417
5 7417
4 7417
3 7417
2 7417
1 7417
49 7479
75 7453
6 7453
5 7453
4 7453
3 7453
2 7453
1 7453
58 7483
93 7474
0 7484
53 7479
74 7425
24 7425
31 7480
60 7485
38 7485
9 7485
8 7485
7 7485
6 7485
5 7485
4 7485
3 7485
2 7485
1 7485
81 7359
19 7359
20 7359
21 7359
22 7359
23 7359
24 7359
83 7482
107 7486
3 7486
2 7486
1 7486
25 7483
26 7434
0 7487
62 7488
9 7488
8 7488
7 7488
6 7488
5 7488
4 7488
3 7488
2 7488
1 7488
61 7482
33 7482
100 7482
20 7482
21 7482
22 7482
23 7482
24 7482
0 7490
32 7479
23 7479
24 7479
92 7445
24 7445
66 7483
40 7477
97 7415
3 7415
2 7415
1 7415
0 7493
69 7467
22 7467
23 7467
24 7467
33 7492
45 7468
46 7496
18 7496
19 7496
20 7496
21 7496
22 7496
23 7496
24 7496
71 7497
14 7497
15 7497
16 7497
17 7497
18 7497
19 7497
20 7497
21 7497
22 7497
23 7497
24 7497
78 7477
42 7498
57 7434
6 7434
5 7434
4 7434
3 7434
2 7434
1 7434
28 7474
0 7499
106 7494
30 7495
4 7495
3 7495
2 7495
1 7495
100 7492
83 7492
64 7498
4 7498
3 7498
2 7498
1 7498
48 7489
15 7489
16 7489
17 7489
18 7489
19 7489
20 7489
21 7489
22 7489
23 7489
24 7489
63 7501
92 7474
0 7502
109 7480
68 7500
97 7501
0 7505
45 7480
87 7503
21 7503
22 7503
23 7503
24 7503
113 7504
0 7506
112 7462
24 7462
0 7508
31 7494
6 7494
5 7494
4 7494
3 7494
2 7494
1 7494
82 7507
64 7501
6 7501
5 7501
4 7501
3 7501
2 7501
1 7501
0 7510
61 7492
24 7492
54 7507
55 7509
43 7509
12 7509
11 7509
10 7509
9 7509
8 7509
7 7509
6 7509
5 7509
4 7509
3 7509
2 7509
1 7509
29 7477
18 7477
19 7477
20 7477
21 7477
22 7477
23 7477
24 7477
98 7504
0 7511
76 7507
26 7504
9 7504
8 7504
7 7504
6 7504
5 7504
4 7504
3 7504
2 7504
1 7504
0 7512
35 7468
64 7468
42 7468
7 7468
6 7468
5 7468
4 7468
3 7468
2 7468
1 7468
94 7515
52 7515
0 7516
106 7480
8 7480
7 7480
6 7480
5 7480
4 7480
3 7480
2 7480
1 7480
34 7518
72 7500
22 7500
23 7500
24 7500
50 7470
18 7470
19 7470
20 7470
21 7470
22 7470
23 7470
24 7470
66 7513
102 7514
11 7514
10 7514
9 7514
8 7514
7 7514
6 7514
5 7514
4 7514
3 7514
2 7514
1 7514
65 7515
21 7515
22 7515
23 7515
24 7515
0 7519
78 7520
110 7513
0 7521
45 7522
40 7520
85 7517
5 7517
4 7517
3 7517
2 7517
1 7517
101 7483
104 7523
14 7523
15 7523
16 7523
17 7523
18 7523
19 7523
20 7523
21 7523
22 7523
23 7523
24 7523
0 7524
54 7525
51 7513
17 7513
18 7513
19 7513
20 7513
21 7513
22 7513
23 7513
24 7513
0 7527
82 7525
76 7525
3 7525
2 7525
1 7525
41 7526
0 7528
109 7522
76 7529
3 7529
2 7529
1 7529
89 7419
22 7419
23 7419
24 7419
0 7532
27 7530
6 7530
5 7530
4 7530
3 7530
2 7530
1 7530
37 7531
20 7531
21 7531
22 7531
23 7531
24 7531
0 7534
65 7535
24 7535
80 7533
110 7483
51 7483
19 7483
20 7483
21 7483
22 7483
23 7483
24 7483
91 7536
0 7537
31 7522
29 7520
23 7520
24 7520
83 7538
4 7538
3 7538
2 7538
1 7538
113 7536
0 7539
70 7540
14 7540
15 7540
16 7540
17 7540
18 7540
19 7540
20 7540
21 7540
22 7540
23 7540
24 7540
0 7541
51 7542
20 7542
21 7542
22 7542
23 7542
24 7542
43 7526
98 7536
0 7544
27 7533
0 7545
25 7547
108 7549
18 7549
19 7549
20 7549
21 7549
22 7549
23 7549
24 7549
0 7551
106 7522
71 7552
58 7553
22 7553
23 7553
24 7553
70 7536
79 7550
0 7555
49 7546
9 7546
8 7546
7 7546
6 7546
5 7546
4 7546
3 7546
2 7546
1 7546
56 7533
10 7533
9 7533
8 7533
7 7533
6 7533
5 7533
4 7533
3 7533
2 7533
1 7533
73 7518
2 7518
1 7518
69 7554
8 7554
7 7554
6 7554
5 7554
4 7554
3 7554
2 7554
1 7554
0 7558
81 7543
7 7543
6 7543
5 7543
4 7543
3 7543
2 7543
1 7543
32 7557
53 7557
10 7557
9 7557
8 7557
7 7557
6 7557
5 7557
4 7557
3 7557
2 7557
1 7557
90 7550
8 7550
7 7550
6 7550
5 7550
4 7550
3 7550
2 7550
1 7550
0 7560
95 7556
72 7556
67 7559
55 7526
21 7526
22 7526
23 7526
24 7526
88 7561
75 7562
20 7562
21 7562
22 7562
23 7562
24 7562
53 7563
0 7564
38 7565
103 7561
7 7561
6 7561
5 7561
4 7561
3 7561
2 7561
1 7561
0 7566
101 7547
73 7567
4 7567
3 7567
2 7567
1 7567
48 7568
111 7568
0 7569
68 7556
6 7556
5 7556
4 7556
3 7556
2 7556
1 7556
99 7570
23 7570
24 7570
58 7547
77 7568
3 7568
2 7568
1 7568
0 7573
46 7571
7 7571
6 7571
5 7571
4 7571
3 7571
2 7571
1 7571
66 7547
110 7547
52 7574
106 7572
18 7572
19 7572
20 7572
21 7572
22 7572
23 7572
24 7572
0 7576
107 7522
18 7522
19 7522
20 7522
21 7522
22 7522
23 7522
24 7522
105 7552
3 7552
2 7552
1 7552
93 7575
111 7579
0 7580
103 7582
30 7583
109 7583
100 7578
11 7578
10 7578
9 7578
8 7578
7 7578
6 7578
5 7578
4 7578
3 7578
2 7578
1 7578
0 7584
28 7586
57 7548
21 7548
22 7548
23 7548
24 7548
26 7536
21 7536
22 7536
23 7536
24 7536
87 7582
0 7587
107 7589
36 7581
112 7577
13 7577
14 7577
15 7577
16 7577
17 7577
18 7577
19 7577
20 7577
21 7577
22 7577
23 7577
24 7577
114 7590
11 7590
10 7590
9 7590
8 7590
7 7590
6 7590
5 7590
4 7590
3 7590
2 7590
1 7590
61 7593
12 7593
11 7593
10 7593
9 7593
8 7593
7 7593
6 7593
5 7593
4 7593
3 7593
2 7593
1 7593
0 7594
104 7585
75 7581
24 7581
48 7579
0 7595
106 7589
0 7598
64 7599
94 7574
84 7596
90 7596
32 7563
16 7563
17 7563
18 7563
19 7563
20 7563
21 7563
22 7563
23 7563
24 7563
0 7601
42 7599
63 7599
39 7597
43 7603
0 7605
97 7599
54 7606
113 7607
64 7597
101 7602
25 7602
5 7602
4 7602
3 7602
2 7602
1 7602
41 7604
0 7610
35 7599
70 7607
24 7607
42 7597
63 7597
0 7613
82 7608
63 7615
83 7609
100 7609
98 7612
91 7612
0 7618
109 7588
23 7588
24 7588
76 7606
16 7606
17 7606
18 7606
19 7606
20 7606
21 7606
22 7606
23 7606
24 7606
74 7559
20 7559
21 7559
22 7559
23 7559
24 7559
80 7619
42 7615
59 7611
17 7611
18 7611
19 7611
20 7611
21 7611
22 7611
23 7611
24 7611
88 7582
14 7582
15 7582
16 7582
17 7582
18 7582
19 7582
20 7582
21 7582
22 7582
23 7582
24 7582
102 7617
1 7617
26 7612
