27 5339 0 100 5.83505e-08 1.23614 1.23614
58 5338 0 100 0.1 1.17611 1.27611
53 5335 0 100 0.4 1.05798 1.45798
44 5346 0 100 7.00206e-08 1.54337 1.54337
31 5355 0 100 9.33608e-08 1.75538 1.75538
51 5351 0 100 0.1 1.66252 1.76252
38 5357 0 100 1.28371e-07 1.77309 1.77309
50 5340 0 100 0.7 1.25829 1.95829
29 5343 0 100 0.6 1.42391 2.02391
39 5365 0 100 1.51711e-07 2.06018 2.06018
62 5362 0 100 0.2 1.96665 2.16665
34 5366 0 100 0.2 2.09922 2.29923
45 5354 0 100 0.6 1.73556 2.33556
55 5370 0 100 0.1 2.23728 2.33728
52 5369 0 100 0.2 2.19904 2.39904
59 5375 0 100 0.1 2.29922 2.39922
56 5360 0 100 0.5 1.90366 2.40366
32 5376 0 100 0.1 2.34901 2.44901
25 5352 0 100 0.8 1.66732 2.46732
41 5382 0 100 1.05031e-07 2.49036 2.49036
30 5367 0 100 0.4 2.11899 2.51899
54 5374 0 100 0.3 2.28344 2.58344
46 5353 0 100 0.9 1.70043 2.60043
28 5384 0 100 0.1 2.59966 2.69966
42 5347 0 100 1.2 1.54765 2.74765
49 5388 0 100 1.05031e-07 2.79553 2.79553
60 5389 0 100 0.1 2.79972 2.89972
63 5334 0 100 1.9 1.04835 2.94835
26 5350 0 100 1.3 1.66102 2.96102
36 5371 0 100 0.9 2.24214 3.14214
61 5380 0 100 0.8 2.45451 3.25451
47 5345 0 100 1.9 1.52421 3.42421
57 5363 0 100 1.5 1.995 3.495
48 5378 0 100 1.4 2.37449 3.77449
35 5373 0 100 1.6 2.26144 3.86144
43 5359 0 100 2 1.88539 3.88539
40 5387 0 100 1.1 2.79355 3.89355
38 5404 0 100 5.83505e-08 4.12188 4.12188
64 5379 0 100 1.7 2.42587 4.12587
29 5407 0 100 5.83505e-08 4.27521 4.27521
37 5390 0 100 1.5 2.83632 4.33632
53 5412 0 100 0.1 4.461 4.561
39 5409 0 100 0.8 4.38688 5.18688
27 5410 0 100 0.8 4.44335 5.24335
31 5428 0 100 1.28371e-07 5.29495 5.29495
51 5422 0 100 0.3 5.07689 5.37689
36 5431 0 100 0.1 5.36889 5.46889
45 5414 0 100 0.9 4.59493 5.49493
44 5433 0 100 3.50103e-08 5.50647 5.50647
60 5423 0 100 0.6 5.09542 5.69542
50 5427 0 100 0.5 5.29239 5.79239
28 5416 0 100 1.1 4.73456 5.83456
56 5419 0 100 1 4.93952 5.93952
32 5445 0 100 3.50103e-08 6.07115 6.07115
58 5426 0 100 1.1 5.26814 6.36814
46 5440 0 100 0.5 5.87773 6.37773
29 5451 0 100 1.40041e-07 6.38097 6.38097
48 5434 0 100 1 5.52663 6.52663
55 5449 0 100 0.2 6.33697 6.53697
41 5456 0 100 0.2 6.5013 6.7013
53 5460 0 100 9.33608e-08 6.71208 6.71208
49 5461 0 100 3.50103e-08 6.75702 6.75702
43 5459 0 100 0.1 6.68176 6.78176
54 5454 0 100 0.4 6.44713 6.84713
30 5429 0 100 1.8 5.33882 7.13882
61 5442 0 100 1.2 6.00379 7.20379
42 5453 0 100 0.9 6.43345 7.33345
26 5472 0 100 0.1 7.30082 7.40082
64 5465 0 100 0.7 7.01969 7.71969
63 5471 0 100 0.5 7.28222 7.78222
25 5452 0 100 1.4 6.4122 7.8122
47 5484 0 100 1.51711e-07 8.06367 8.06367
62 5485 0 100 1.28371e-07 8.11418 8.11418
62 5437 0 100 2.5 5.74726 8.24726
31 5482 0 100 0.2 8.05349 8.25349
59 5448 0 100 2 6.28189 8.28189
37 5469 0 100 1.1 7.25237 8.35237
45 5492 0 100 1.05031e-07 8.57126 8.57126
35 5495 0 100 7.00206e-08 8.70355 8.70355
51 5489 0 100 0.3 8.45157 8.75157
29 5493 0 100 0.3 8.57424 8.87424
52 5444 0 100 2.9 6.06486 8.96486
28 5474 0 100 1.6 7.38811 8.98811
40 5476 0 100 1.8 7.51613 9.31613
49 5506 0 100 1.28371e-07 9.49581 9.49581
39 5507 0 100 0.1 9.51774 9.61774
27 5508 0 100 0.1 9.55512 9.65512
48 5501 0 100 0.7 9.18353 9.88353
64 5516 0 100 0.1 9.90682 10.0068
30 5513 0 100 0.3 9.76057 10.0606
50 5518 0 100 0.1 10.0543 10.1543
61 5522 0 100 1.40041e-07 10.1719 10.1719
44 5511 0 100 0.5 9.68611 10.1861
57 5468 0 100 3.1 7.17024 10.2702
36 5503 0 100 1 9.28608 10.2861
43 5529 0 100 0.1 10.4624 10.5624
56 5515 0 100 0.7 9.86997 10.57
54 5530 0 100 0.2 10.4761 10.6761
26 5537 0 100 0.1 10.8413 10.9413
28 5541 0 100 0.1 10.9965 11.0965
60 5523 0 100 0.9 10.2493 11.1493
42 5550 0 100 3.50103e-08 11.452 11.452
32 5526 0 100 1.2 10.343 11.543
46 5525 0 100 1.4 10.2666 11.6666
63 5536 0 100 0.9 10.8277 11.7277
41 5520 0 100 1.6 10.1335 11.7335
25 5545 0 100 0.8 11.1879 11.9879
59 5534 0 100 1.3 10.7676 12.0676
38 5563 0 100 1.28371e-07 12.2505 12.2505
51 5561 0 100 0.2 12.0903 12.2903
52 5567 0 100 7.00206e-08 12.4672 12.4672
27 5557 0 100 0.5 12.0302 12.5302
64 5558 0 100 0.5 12.0489 12.5489
58 5538 0 100 1.8 10.8471 12.6471
44 5569 0 100 0.1 12.5944 12.6944
47 5578 0 100 1.28371e-07 12.8938 12.8938
62 5577 0 100 0.2 12.8742 13.0742
31 5581 0 100 4.66804e-08 13.0896 13.0896
28 5586 0 100 0.1 13.3332 13.4332
45 5585 0 100 0.2 13.2903 13.4903
40 5560 0 100 1.5 12.0686 13.5686
35 5549 0 100 2.2 11.424 13.624
55 5543 0 100 2.6 11.1312 13.7312
43 5583 0 100 0.5 13.2448 13.7448
42 5596 0 100 1.51711e-07 13.7744 13.7744
54 5591 0 100 0.3 13.5176 13.8176
29 5588 0 100 0.5 13.3641 13.8641
53 5548 0 100 2.5 11.393 13.893
30 5600 0 100 8.16907e-08 14.0571 14.0571
34 5590 0 100 0.6 13.4794 14.0794
49 5570 0 100 1.5 12.63 14.13
39 5574 0 100 1.4 12.805 14.205
37 5535 0 100 3.7 10.7743 14.4743
57 5599 0 100 0.5 14.0052 14.5052
26 5594 0 100 0.8 13.7411 14.5411
32 5609 0 100 0.1 14.6522 14.7522
56 5572 0 100 2.2 12.7402 14.9402
