76 533 1.07901
35 534 1.10647
43 535 1.10692
34 536 1.14984
60 537 1.16964
25 538 1.2679
41 539 1.30904
57 540 1.31102
70 541 1.33797
51 542 1.37994
88 543 1.39267
64 544 1.39743
37 545 1.43349
55 546 1.48686
27 547 1.50786
94 548 1.55601
92 549 1.59128
74 550 1.59324
89 551 1.60426
63 552 1.71893
68 553 1.73951
40 554 1.80589
80 555 1.81351
46 556 1.86029
84 557 1.86344
47 558 1.87675
26 559 1.90604
93 560 1.92649
91 561 1.92957
81 562 1.95291
85 563 1.96478
36 564 1.97493
87 565 2.11931
62 566 2.13987
53 567 2.16433
50 568 2.21451
82 569 2.2262
58 570 2.23538
45 571 2.30997
65 572 2.42011
75 573 2.42762
31 574 2.44945
29 575 2.49137
83 576 2.60206
33 577 2.6613
28 578 2.70054
71 579 2.85304
30 580 2.85811
86 581 2.90788
67 582 2.93249
59 583 4.30591
62 584 4.42879
31 585 4.57048
76 586 4.61082
87 587 4.76046
53 588 4.81737
94 589 4.96018
35 590 5.0127
49 591 5.03878
46 592 5.25798
58 593 5.27382
40 594 5.2808
69 595 5.37353
29 596 5.47191
80 597 5.53194
84 598 5.60287
25 599 5.65401
27 600 6.12758
78 601 6.25114
91 602 6.51431
66 603 6.53347
73 604 6.68713
77 605 6.74779
44 606 6.75253
92 607 6.83144
71 608 7.05451
34 609 7.21497
64 610 7.23111
67 611 7.24715
46 612 7.27984
59 613 7.32235
83 614 7.49815
28 615 7.60232
52 616 7.60963
37 617 7.6591
72 618 8.25596
30 619 8.45575
66 620 8.53804
32 621 8.61845
84 622 8.80901
69 623 8.86617
90 624 9.04122
31 625 9.12494
92 626 9.13311
68 627 9.13372
60 628 9.17188
80 629 9.5084
64 630 9.52531
61 631 9.72411
89 632 9.96143
34 633 9.99592
44 634 10.0795
26 635 10.2533
41 636 10.2934
40 637 10.3014
77 638 10.3019
35 639 10.4989
79 640 10.5832
25 641 10.6716
67 642 10.6769
43 643 10.6774
27 644 10.6812
49 645 10.7027
62 646 10.7144
38 647 11.2045
72 648 11.3364
87 649 11.4307
56 650 11.6902
46 651 11.9545
71 652 11.9754
32 653 11.9777
80 654 12.0227
76 655 12.0608
82 656 12.2449
65 657 12.2733
92 658 12.3166
86 659 12.373
59 660 12.5791
93 661 12.598
51 662 12.7728
68 663 13.2864
78 664 13.3886
69 665 13.5101
29 666 13.5595
66 667 13.6508
31 668 13.7224
64 669 13.7713
87 670 13.9154
73 671 13.9614
54 672 13.9782
48 673 14.1541
83 674 14.3802
36 675 14.3996
89 676 14.4414
56 677 14.616
40 678 14.7688
67 679 14.7759
