79 428 0 100 3.50103e-08 1.51892 1.51892
71 430 0 100 0.6 1.61635 2.21635
84 446 0 100 0.1 2.48824 2.58824
76 439 0 100 0.4 2.22172 2.62172
83 440 0 100 0.4 2.27224 2.67224
65 437 0 100 0.6 2.11455 2.71455
75 450 0 100 0.1 2.76057 2.86057
59 420 0 100 1.6 1.31714 2.91714
55 421 0 100 1.6 1.32459 2.92459
57 432 0 100 1.3 1.67098 2.97098
70 429 0 100 1.6 1.60106 3.20106
56 442 0 100 1.2 2.31352 3.51352
48 434 0 100 2.2 1.79157 3.99157
60 414 0 100 3.2 1.13608 4.33608
58 455 0 100 0.6 3.91068 4.51068
43 427 0 100 3.1 1.47023 4.57023
58 426 0 100 3.2 1.43628 4.63628
37 452 0 100 1.8 2.89535 4.69535
28 436 0 100 3.7 1.98763 5.68763
82 423 0 100 4.8 1.35898 6.15898
74 424 0 100 5.1 1.40489 6.50489
73 463 0 100 1.3 5.52172 6.82172
75 465 0 100 1 5.83724 6.83724
41 454 0 100 3.3 3.5504 6.8504
60 464 0 100 1.1 5.76725 6.86725
57 467 0 100 1 6.07093 7.07093
26 457 0 100 2.9 4.72888 7.62888
50 462 0 100 3 5.21102 8.21102
63 441 0 100 6 2.30713 8.30713
44 484 0 100 0.3 8.03218 8.33218
29 456 0 100 4.3 4.17654 8.47654
70 487 0 100 0.5 8.32102 8.82102
33 475 0 100 2.8 6.61776 9.41777
37 493 0 100 0.6 9.38825 9.98825
30 448 0 100 8.3 2.69381 10.9938
77 482 0 100 3.8 7.36455 11.1645
61 501 0 100 0.7 10.6444 11.3444
34 495 0 100 2 9.47874 11.4787
81 496 0 100 1.7 9.94355 11.6436
79 489 0 100 3.2 8.4697 11.6697
66 486 0 100 3.8 8.31094 12.1109
73 510 0 100 1.7 11.5416 13.2416
58 477 0 100 7 6.83176 13.8318
37 511 0 100 2.7 11.565 14.265
63 498 0 100 4 10.3036 14.3036
