92 842 0 100 0.1 1.2909 1.3909
34 858 0 100 0.1 1.76843 1.86843
64 861 0 100 0.1 1.83219 1.93219
94 862 0 100 0.1 1.86382 1.96382
46 832 0 100 0.9 1.10923 2.00923
45 866 0 100 0.1 1.91964 2.01964
75 859 0 100 0.8 1.80419 2.60419
68 835 0 100 1.8 1.16957 2.96957
26 873 0 100 1.5 2.0546 3.55461
82 865 0 100 1.8 1.8723 3.6723
48 867 0 100 2.6 1.92935 4.52935
98 874 0 100 2.7 2.13418 4.83418
96 898 0 100 0.4 4.55217 4.95217
110 876 0 100 3 2.14688 5.14688
114 894 0 100 1.4 3.8242 5.2242
81 869 0 100 3.4 2.00384 5.40384
57 878 0 100 3.3 2.21342 5.51342
111 838 0 100 4.5 1.21976 5.71976
73 834 0 100 4.6 1.15973 5.75973
44 863 0 100 3.9 1.86455 5.76455
108 836 0 100 4.6 1.17017 5.77017
50 845 0 100 4.8 1.33063 6.13063
28 895 0 100 2 4.1328 6.1328
72 875 0 100 4 2.14657 6.14657
35 916 0 100 0.2 6.14883 6.34883
92 903 0 100 1.2 5.16836 6.36836
54 902 0 100 1.5 5.06876 6.56876
85 909 0 100 0.9 5.69101 6.59101
55 901 0 100 1.8 4.85603 6.65603
25 868 0 100 4.8 1.95036 6.75036
88 884 0 100 4.4 2.48307 6.88307
69 910 0 100 1.6 5.78594 7.38594
95 891 0 100 4.8 2.76982 7.56982
88 924 0 100 0.7 7.07201 7.77201
107 854 0 100 6.2 1.6167 7.8167
36 904 0 100 2.6 5.28695 7.88695
65 886 0 100 5.6 2.50493 8.10493
62 907 0 100 3.3 5.40947 8.70947
32 922 0 100 2 6.72283 8.72283
61 906 0 100 3.4 5.36429 8.76429
74 911 0 100 3.8 5.79464 9.59464
71 932 0 100 2 7.88516 9.88516
111 936 0 100 2.2 8.2133 10.4133
81 944 0 100 2 8.85057 10.8506
47 963 0 100 2.33402e-08 10.9613 10.9613
101 940 0 100 2.7 8.64834 11.3483
90 951 0 100 1.6 9.81927 11.4193
73 967 0 100 0.1 11.36 11.46
90 927 0 100 4 7.47825 11.4783
69 950 0 100 2.2 9.47729 11.6773
103 931 0 100 3.9 7.83274 11.7327
25 971 0 100 0.4 11.4786 11.8786
45 918 0 100 5.5 6.38881 11.8888
36 935 0 100 4.1 8.13486 12.2349
34 977 0 100 0.3 12.0437 12.3437
78 952 0 100 2.6 9.87328 12.4733
49 896 0 100 8.5 4.16786 12.6679
32 968 0 100 1.3 11.3794 12.6794
26 946 0 100 3.8 8.92729 12.7273
72 920 0 100 6.3 6.69017 12.9902
36 981 0 100 0.3 12.7686 13.0686
102 964 0 100 2.3 11.0153 13.3153
74 989 0 100 7.00206e-08 13.3219 13.3219
56 915 0 100 7.4 6.13252 13.5325
68 966 0 100 2.8 11.0442 13.8442
102 945 0 100 5.1 8.90404 14.004
93 953 0 100 4.4 10.1448 14.5448
