99 680
62 681
60 681
7 681
66 681
45 683
92 683
78 683
64 683
54 683
73 683
29 682
28 682
8 682
64 687
92 687
69 687
78 687
48 688
94 684
7 684
8 684
28 684
46 680
51 689
33 689
85 690
67 691
80 691
68 691
30 686
45 687
24 687
80 687
68 687
33 695
58 695
71 696
29 684
9 684
47 692
14 692
99 692
95 693
21 693
51 695
1 695
2 695
88 680
59 697
18 697
44 702
46 692
53 694
78 694
69 694
64 694
37 696
87 702
92 694
84 699
62 684
10 684
11 684
49 684
12 684
91 698
58 698
33 698
51 698
2 698
3 698
25 703
87 703
76 704
19 704
70 705
4 705
97 705
90 705
104 688
23 688
24 688
26 688
52 683
50 709
102 710
47 710
66 682
10 682
11 682
57 704
78 712
80 713
96 708
55 708
6 708
7 708
34 702
19 702
103 714
77 705
5 705
35 705
48 693
31 695
4 695
90 695
77 695
5 695
59 696
20 696
71 709
44 703
89 704
40 715
43 715
100 714
22 714
23 714
104 693
24 693
23 693
57 696
75 684
83 700
1 700
92 700
64 700
54 700
73 700
28 716
29 716
12 716
13 716
45 712
77 717
82 699
84 684
90 717
41 715
98 705
7 705
8 705
55 705
74 680
18 680
87 719
93 691
83 691
2 691
78 691
92 691
68 713
93 713
83 713
2 713
3 713
92 713
88 692
48 714
72 693
67 687
93 687
83 687
2 687
69 683
3 683
4 683
91 683
58 683
33 683
5 683
6 683
54 718
69 718
73 718
3 718
67 718
83 718
2 718
80 718
68 718
37 709
44 719
49 716
15 716
14 716
35 695
8 695
75 699
15 699
14 699
13 699
102 680
46 720
81 698
6 698
43 722
40 722
68 723
84 716
45 691
64 691
54 691
69 691
78 713
64 713
45 713
69 713
4 713
5 713
91 713
58 713
79 708
10 708
9 708
8 708
55 695
9 695
10 695
11 695
12 695
13 695
14 695
29 695
99 720
63 721
18 721
31 698
7 698
8 698
34 703
22 703
21 703
20 703
98 726
58 727
6 727
33 713
6 713
7 713
8 713
9 713
10 713
11 713
12 713
13 713
14 713
15 713
16 713
17 713
18 713
19 713
103 693
26 687
3 687
4 687
5 687
6 687
81 687
7 687
38 707
21 707
20 707
19 707
18 707
17 707
16 707
15 707
14 707
13 707
12 707
11 707
10 707
9 707
8 707
7 707
90 683
8 683
7 683
82 684
16 684
15 684
14 684
13 684
57 725
24 725
71 725
37 725
67 723
91 727
27 686
33 687
58 687
56 706
89 696
93 718
4 718
5 718
80 723
51 727
53 712
69 712
5 712
57 686
85 688
4 688
5 688
64 688
69 688
45 688
38 706
22 706
21 706
20 706
19 706
18 706
17 706
16 706
15 706
14 706
13 706
12 706
11 706
10 706
9 706
8 706
7 706
6 706
5 706
67 706
92 718
59 709
24 709
49 724
82 724
17 724
16 724
15 724
14 724
13 724
12 724
11 724
10 724
9 724
8 724
7 724
6 724
5 724
92 730
69 730
77 708
104 714
3 714
72 731
2 731
45 730
78 730
6 730
5 730
86 711
19 711
18 711
30 704
1 704
76 702
91 687
8 687
9 687
10 687
11 687
12 687
13 687
14 687
15 687
16 687
64 718
25 719
35 726
11 726
10 726
9 726
8 726
58 726
75 716
18 716
17 716
35 732
59 702
37 702
45 718
53 718
78 718
7 718
6 718
26 718
34 719
90 708
11 708
12 708
13 708
14 708
15 708
16 708
17 708
18 708
95 714
4 714
5 714
40 714
60 685
17 685
16 685
15 685
14 685
13 685
12 685
11 685
77 685
27 696
2 696
1 696
47 680
22 680
21 680
20 680
19 680
46 703
23 703
91 726
74 692
23 692
22 692
21 692
20 692
19 692
18 692
17 692
16 692
54 688
92 688
78 688
53 688
8 688
7 688
6 688
28 695
18 695
17 695
16 695
88 720
70 698
11 698
10 698
9 698
53 698
78 698
45 698
92 698
43 714
6 714
7 714
8 714
45 714
78 714
69 714
65 721
22 721
21 721
20 721
19 721
28 721
54 698
64 698
101 701
21 701
20 701
19 701
47 733
24 733
92 714
64 714
9 714
10 714
94 699
18 699
17 699
16 699
103 704
5 704
4 704
37 704
58 714
100 731
83 730
9 730
8 730
104 730
48 730
7 730
82 711
75 711
21 711
20 711
56 703
32 729
1 729
31 683
13 683
12 683
11 683
10 683
9 683
103 731
6 731
5 731
4 731
67 724
36 690
9 690
8 690
98 732
15 732
14 732
84 708
22 708
101 708
23 708
24 708
85 718
39 681
20 681
19 681
18 681
17 681
16 681
15 681
74 720
1 720
102 720
96 705
16 705
15 705
14 705
13 705
12 705
78 705
11 705
10 705
64 705
36 718
10 718
9 718
8 718
48 718
66 684
49 680
23 680
42 710
1 710
38 703
3 703
2 703
1 703
33 727
13 727
12 727
11 727
10 727
9 727
8 727
7 727
103 727
39 684
21 684
20 684
19 684
18 684
17 684
27 731
47 720
61 697
5 697
53 736
93 723
11 723
65 708
67 735
71 702
6 702
5 702
4 702
38 702
92 705
35 684
57 731
42 720
2 720
3 720
4 720
87 720
34 720
76 697
37 697
6 697
43 730
10 730
11 730
85 730
64 723
51 726
33 726
14 726
13 726
80 712
76 737
60 701
22 701
23 701
24 701
91 714
14 714
33 714
55 728
68 706
81 707
67 712
84 701
75 701
93 735
12 735
40 688
11 688
10 688
9 688
79 699
19 699
20 699
21 699
22 699
44 720
71 697
7 697
8 697
78 736
92 736
13 736
67 736
64 726
59 704
94 734
22 734
63 708
2 708
1 708
43 739
51 714
15 714
16 714
17 714
18 714
60 699
23 699
24 699
104 718
11 718
12 718
13 718
14 718
50 725
71 704
68 712
13 712
12 712
11 712
10 712
9 712
37 737
63 740
96 728
19 728
18 728
17 728
16 728
15 728
62 682
24 682
95 690
11 690
92 726
39 734
40 739
12 739
33 728
58 728
51 728
29 721
36 730
13 730
68 730
28 711
53 726
15 726
16 726
17 726
18 726
19 726
20 726
70 732
18 732
17 732
85 735
45 705
54 723
40 741
13 741
71 737
9 737
8 737
87 737
34 737
73 691
15 691
14 691
13 691
12 691
11 691
10 691
71 691
37 691
76 691
9 691
89 731
10 731
76 731
37 731
103 697
11 697
27 697
10 697
9 697
56 702
7 702
8 702
9 702
10 702
57 702
89 702
98 684
55 684
99 743
46 743
92 723
50 704
10 704
9 704
8 704
88 745
90 685
20 685
35 685
71 731
77 681
104 741
14 741
15 741
16 741
46 745
7 745
53 705
17 705
98 685
50 731
11 731
12 731
13 731
14 731
29 711
2 711
39 711
69 698
17 698
16 698
15 698
64 747
79 726
23 726
22 726
21 726
28 742
2 742
82 701
49 701
4 701
3 701
2 701
27 702
12 702
50 702
43 731
78 741
45 741
81 732
20 732
70 744
21 744
81 744
20 744
51 744
19 744
18 744
74 743
59 725
67 730
17 730
16 730
15 730
14 730
29 742
3 742
4 742
84 742
75 742
56 704
30 712
27 712
68 705
40 731
16 731
73 723
69 723
54 747
73 747
69 747
78 747
82 742
5 742
6 742
52 700
78 700
64 744
54 744
73 744
52 744
99 745
9 745
66 734
3 734
28 734
39 701
83 724
18 724
54 724
73 724
93 736
83 736
18 736
54 736
64 736
69 700
19 700
67 705
85 746
18 746
30 748
89 748
68 700
38 704
11 704
12 704
13 704
14 704
15 704
16 704
17 704
18 704
58 732
91 728
21 728
20 728
26 683
18 683
71 749
37 749
101 680
7 680
84 680
45 723
20 723
19 723
18 723
17 723
16 723
15 723
86 742
8 742
29 734
5 734
95 739
17 739
16 739
15 739
71 739
14 739
83 705
80 706
52 724
20 724
34 697
13 697
12 697
73 736
20 736
92 747
52 747
20 747
19 747
18 747
95 747
17 747
16 747
15 747
37 747
14 747
69 752
52 752
78 744
66 701
5 701
29 701
46 754
89 723
77 726
92 752
21 752
54 752
64 752
67 700
20 700
21 700
22 700
69 744
55 685
1 685
35 755
98 755
1 755
82 751
40 746
19 746
27 748
16 748
63 742
10 742
42 742
102 742
58 700
23 700
65 740
10 740
36 735
20 735
68 728
54 728
52 728
75 680
88 743
12 743
42 743
48 738
19 738
80 736
21 736
84 751
104 698
48 698
19 698
74 754
12 754
85 704
92 744
22 744
68 744
67 744
93 705
21 705
45 724
40 738
20 738
21 738
93 738
67 738
68 738
41 722
20 722
48 722
81 700
44 737
15 737
14 737
13 737
74 737
33 732
24 732
56 753
14 753
13 753
78 724
38 697
56 697
14 697
15 697
16 697
17 697
18 697
19 697
20 697
41 697
103 730
18 730
57 712
17 712
16 712
51 732
86 740
11 740
12 740
13 740
14 740
28 701
8 701
7 701
6 701
49 757
62 721
8 721
40 697
21 697
22 697
69 736
23 736
55 755
3 755
77 755
2 755
36 704
22 704
100 727
19 727
18 727
57 727
61 691
64 728
23 728
78 728
45 728
43 683
40 683
39 721
54 738
60 711
104 722
21 722
22 722
85 722
63 758
67 704
23 704
33 759
69 728
24 728
83 706
23 706
96 684
4 684
3 684
92 724
69 724
24 724
92 760
45 760
53 741
64 706
87 750
17 750
52 738
68 736
24 736
36 722
23 722
83 722
67 722
24 722
53 722
91 732
1 732
26 735
23 735
55 761
72 688
21 688
100 688
62 711
10 711
9 711
8 711
7 711
6 711
37 748
19 748
58 759
2 759
59 739
54 706
50 749
89 730
20 730
75 751
12 751
69 760
92 741
84 757
61 750
19 750
18 750
38 750
45 722
78 722
30 723
21 723
22 723
53 760
34 691
19 691
94 701
10 701
75 757
13 757
102 743
16 743
99 754
17 754
102 754
16 754
15 754
14 754
88 737
28 763
46 740
58 764
51 764
3 764
74 753
17 753
91 759
3 759
4 759
92 722
2 722
93 722
1 722
42 756
40 735
37 739
21 739
89 739
31 707
5 707
4 707
41 683
59 749
21 749
90 681
6 681
76 725
21 725
25 720
20 720
19 720
18 720
17 720
16 720
15 720
14 720
50 730
37 730
90 767
71 747
27 727
22 727
37 727
87 691
88 740
58 707
72 766
24 766
77 767
7 767
69 741
3 741
67 741
93 741
83 741
2 741
71 727
36 768
89 765
63 743
17 743
18 743
19 743
20 743
21 743
22 743
84 720
73 752
3 752
68 741
65 758
17 758
16 758
15 758
14 758
99 737
19 737
43 735
46 753
81 759
6 759
56 750
20 750
99 750
61 725
22 725
23 725
54 722
78 760
4 760
83 752
67 752
59 727
23 727
44 712
22 712
37 712
23 712
41 735
2 735
48 735
88 753
34 749
22 749
46 750
31 681
7 681
8 681
9 681
64 738
4 738
45 738
53 738
69 738
52 736
4 736
25 691
74 740
20 740
51 707
6 707
87 749
88 750
71 743
59 743
79 711
11 711
12 711
13 711
14 711
15 711
16 711
17 711
18 711
65 711
86 754
18 754
19 754
20 754
21 754
22 754
50 747
73 741
64 741
29 763
15 763
37 743
89 725
63 711
19 711
20 711
87 754
23 754
24 754
102 756
20 756
65 756
19 756
54 760
76 727
24 727
42 737
102 737
20 737
65 737
80 744
5 744
33 764
7 764
6 764
69 764
60 769
15 769
29 769
104 735
3 735
4 735
27 765
74 750
21 750
102 750
66 721
15 721
92 738
6 738
80 738
5 738
68 722
80 722
5 722
59 747
57 748
44 691
24 691
39 763
83 735
5 735
68 735
55 681
11 681
98 767
11 767
71 754
76 747
97 717
10 717
78 764
61 712
32 745
23 745
28 769
17 769
50 743
1 743
64 722
7 722
73 760
99 753
23 753
82 680
19 680
18 680
29 680
35 681
12 681
70 755
37 754
32 753
24 753
30 739
3 739
57 739
96 761
13 761
91 707
9 707
26 738
55 767
96 767
13 767
12 767
50 754
2 754
64 760
8 760
31 717
11 717
12 717
13 717
50 772
71 772
38 762
43 774
96 717
74 745
24 745
66 763
18 763
17 763
56 740
39 769
18 769
19 769
20 769
21 769
22 769
23 769
101 757
21 757
20 757
19 757
39 757
94 773
18 773
82 770
73 771
54 771
9 771
87 727
44 727
2 727
55 717
14 717
15 717
16 717
17 717
18 717
19 717
63 737
23 737
22 737
21 737
80 735
73 735
54 735
9 735
36 738
8 738
68 760
80 760
9 760
92 764
10 764
37 772
51 775
78 735
92 735
10 735
11 735
25 749
87 777
28 680
20 680
21 680
49 751
22 751
95 746
7 746
48 746
84 770
49 770
22 770
21 770
34 727
3 727
4 727
82 737
84 737
102 769
58 775
12 775
51 735
77 776
75 720
104 746
8 746
67 760
10 760
53 744
11 744
104 778
45 736
11 736
10 736
36 736
64 771
11 771
45 771
92 771
94 717
20 717
21 717
22 717
54 764
73 764
68 764
76 743
5 743
71 780
53 771
80 764
11 764
55 779
69 722
12 722
29 770
83 760
11 760
12 760
13 760
14 760
93 752
11 752
49 737
24 737
45 764
58 735
14 735
13 735
37 780
59 780
51 760
78 771
75 717
84 717
64 781
101 751
28 770
23 770
24 770
69 771
13 771
67 771
49 717
78 782
92 782
45 782
69 782
13 782
67 782
83 782
90 776
17 776
31 776
16 776
15 776
14 776
76 780
7 780
6 780
5 780
58 760
15 760
16 760
17 760
77 760
88 783
39 773
23 773
82 720
74 784
99 784
99 785
92 786
44 749
7 749
76 749
8 749
9 749
89 749
28 773
24 773
34 743
44 743
7 743
62 758
28 758
88 784
5 784
66 757
24 757
67 787
14 787
69 788
78 788
15 788
67 788
14 788
29 758
32 784
6 784
7 784
44 784
8 784
71 784
9 784
74 785
45 786
69 786
51 776
62 757
33 707
17 707
16 707
69 707
25 777
8 777
98 681
20 681
19 681
18 681
17 681
87 743
25 743
8 743
9 743
10 743
11 743
64 788
52 741
15 741
16 741
17 741
18 741
76 784
54 781
15 781
46 783
88 785
6 785
65 790
45 707
48 778
13 778
84 791
70 767
19 767
73 722
92 788
16 788
54 788
91 744
17 744
16 744
15 744
14 744
104 744
13 744
78 786
64 786
16 786
63 790
5 790
30 749
11 749
34 777
100 723
12 723
11 723
71 723
53 764
57 772
11 772
76 772
10 772
27 739
11 739
10 739
58 776
18 776
19 776
20 776
21 776
98 776
51 681
75 791
97 755
20 755
19 755
18 755
37 723
27 723
86 756
5 756
33 741
67 781
16 781
34 772
25 772
44 777
10 777
9 777
58 681
79 793
23 793
22 793
51 741
19 741
20 741
97 741
21 741
52 781
45 781
92 781
69 781
53 781
44 794
38 740
9 740
8 740
7 740
6 740
5 740
64 764
103 688
13 688
80 771
17 771
16 771
68 752
17 752
45 752
93 782
17 782
68 782
61 754
73 788
40 774
16 774
72 795
14 795
100 795
80 782
34 794
62 796
44 754
25 754
68 788
18 788
78 781
19 781
83 787
93 787
18 787
17 787
16 787
15 787
53 752
59 784
13 784
99 783
10 783
54 786
19 786
26 736
18 736
72 787
91 755
21 755
58 755
80 788
19 788
83 788
48 774
17 774
18 774
80 774
19 774
104 771
78 752
20 752
80 752
19 752
18 752
37 784
14 784
68 781
61 794
13 794
96 779
53 786
20 786
34 754
13 754
45 774
64 774
92 774
60 721
5 721
51 755
22 755
23 755
24 755
41 746
18 746
17 746
16 746
15 746
69 774
78 774
73 782
54 782
20 782
80 781
20 781
68 786
32 777
12 777
88 777
40 736
19 736
31 767
24 767
93 788
20 788
21 788
22 788
58 788
90 760
83 781
52 764
21 764
42 750
11 750
82 791
8 791
7 791
6 791
62 791
97 767
51 788
23 788
37 746
27 799
48 771
19 771
64 782
81 775
24 775
70 775
60 791
37 799
16 799
53 774
22 774
83 774
21 774
76 739
16 739
61 739
44 739
41 771
20 771
67 764
85 768
21 768
67 768
39 791
104 736
48 736
20 736
29 792
8 792
59 754
50 746
51 800
68 774
80 768
55 776
3 776
4 776
102 790
42 790
13 790
99 790
30 688
18 688
50 688
95 778
20 778
72 778
19 778
33 681
36 789
85 789
22 789
98 793
26 752
36 752
85 752
22 752
23 752
24 752
54 801
23 801
92 801
78 801
69 801
89 784
18 784
73 786
23 786
85 786
36 786
62 792
60 792
58 800
96 798
67 774
23 774
40 771
22 771
64 801
53 801
60 802
28 796
63 756
13 756
14 756
99 756
15 756
55 793
98 798
38 783
16 783
17 783
61 783
87 772
17 772
68 768
73 768
54 768
64 768
92 768
78 768
69 768
86 797
13 797
88 790
15 790
16 790
57 723
19 723
20 723
69 803
92 803
78 803
80 789
50 784
19 784
57 784
25 794
83 764
24 764
23 764
63 797
14 797
102 797
65 750
63 750
14 750
43 738
23 738
76 754
19 754
71 799
50 799
76 799
19 799
44 783
87 794
18 794
19 794
76 794
50 794
71 794
104 764
61 772
56 780
17 780
67 804
68 789
27 784
20 784
21 784
22 784
23 784
25 783
70 808
79 776
7 776
8 776
9 776
10 776
38 790
30 778
21 778
71 778
50 778
49 720
13 720
12 720
52 782
1 782
2 782
3 782
84 806
97 808
5 808
90 808
42 797
16 797
65 797
60 776
11 776
12 776
13 776
56 790
18 790
19 790
86 750
15 750
16 750
17 750
18 750
19 750
66 791
11 791
12 791
13 791
39 792
66 792
11 792
12 792
13 792
14 792
86 792
15 792
81 782
4 782
58 782
37 794
21 794
30 794
22 794
48 764
53 768
2 768
49 791
14 791
15 791
95 738
24 738
83 804
1 804
68 804
59 746
64 803
67 789
55 798
7 798
85 774
1 774
73 774
54 774
2 774
3 774
58 774
4 774
103 795
23 795
88 805
18 805
56 805
104 784
62 802
66 802
75 806
14 806
41 764
26 786
1 786
84 776
99 780
88 780
18 780
100 787
81 774
5 774
36 771
77 808
7 808
94 721
12 721
13 721
14 721
80 804
73 804
51 782
5 782
6 782
67 786
76 778
103 787
24 787
23 787
90 798
39 802
13 802
101 740
16 740
17 740
18 740
29 796
14 796
66 796
34 739
22 739
50 739
23 739
24 739
103 739
72 739
59 778
28 720
76 787
50 812
23 812
30 795
24 795
40 811
49 806
16 806
52 768
4 768
5 768
58 768
55 808
9 808
10 808
99 813
84 721
54 804
52 804
64 804
92 804
69 804
53 803
52 803
68 814
73 814
4 814
92 814
69 814
64 814
53 814
47 742
19 742
20 742
70 782
8 782
101 806
17 806
18 806
98 809
29 720
15 720
78 804
53 804
5 804
6 804
97 810
77 798
9 798
90 782
102 780
65 792
19 792
20 792
70 810
9 810
97 798
38 805
22 805
23 805
82 807
39 796
49 721
71 746
54 803
73 803
52 814
6 814
96 793
11 793
12 793
13 793
14 793
15 793
66 793
39 793
50 795
71 795
43 811
4 811
104 811
34 805
24 805
94 802
15 802
16 802
44 772
24 772
23 772
56 772
84 807
60 796
16 796
61 790
44 790
25 750
102 792
21 792
22 792
59 787
50 787
62 793
60 793
16 793
70 798
10 798
99 742
22 742
23 742
24 742
85 771
5 771
80 786
6 786
34 790
74 777
22 777
44 750
34 750
71 787
1 787
2 787
3 787
4 787
91 788
8 788
9 788
68 803
80 803
67 803
6 803
85 803
36 803
83 789
6 789
78 814
7 814
61 742
44 742
34 742
48 784
64 816
92 816
69 816
78 816
53 816
7 816
83 816
52 786
7 786
88 813
47 780
22 780
23 780
24 780
56 792
24 792
99 792
23 792
104 787
73 789
7 789
92 789
64 789
78 789
69 789
102 777
86 791
21 791
76 812
59 812
71 812
2 812
61 812
44 812
1 812
53 789
31 798
11 798
12 798
13 798
14 798
15 798
16 798
17 798
66 798
39 798
60 798
95 811
5 811
6 811
85 811
77 782
12 782
93 781
7 781
67 816
25 790
1 790
76 790
2 790
71 790
55 809
13 809
52 789
80 814
62 798
18 798
19 798
20 798
45 801
36 811
7 811
80 811
85 781
42 740
102 740
23 740
24 740
38 772
59 790
74 813
24 813
102 813
34 812
32 756
90 810
67 814
8 814
87 783
93 816
8 816
79 808
15 808
16 808
17 808
18 808
66 808
60 808
83 786
93 786
8 786
9 786
10 786
82 721
21 721
22 721
88 792
25 812
54 789
9 789
51 768
11 768
12 768
70 768
62 808
39 808
19 808
20 808
21 808
57 799
4 799
68 811
67 811
83 811
9 811
64 811
92 811
78 811
53 811
45 811
80 816
27 794
82 808
22 808
23 808
50 790
4 790
37 778
4 778
61 778
44 778
92 818
78 818
85 814
9 814
99 740
1 740
96 809
16 809
100 817
47 777
48 787
8 787
83 814
10 814
52 801
11 801
80 801
10 801
32 740
2 740
49 807
23 807
24 807
94 796
20 796
21 796
22 796
82 796
49 796
23 796
24 796
75 776
49 776
82 776
23 776
78 819
52 819
92 819
11 819
83 819
10 819
36 781
10 781
97 768
15 768
36 822
10 822
27 790
6 790
101 791
24 791
23 791
53 818
45 818
64 818
83 822
55 824
58 804
14 804
15 804
97 804
43 771
51 823
58 823
14 823
15 823
40 781
88 826
99 826
3 826
80 819
12 819
26 803
11 803
84 798
29 802
23 802
24 802
62 827
60 827
66 827
67 822
12 822
37 790
7 790
98 824
18 824
58 828
87 812
6 812
37 812
7 812
8 812
100 812
52 818
13 818
43 781
11 781
84 802
34 783
6 783
31 821
16 821
17 821
18 821
98 821
65 808
2 808
89 790
8 790
51 828
15 828
16 828
70 804
17 804
18 804
71 829
8 829
