25 50 0.0048 49.9952
25 50 0.0048 49.9952
25 50 0.0048 49.9952
25 50 0.0048 49.9952
31 50 0.0048 49.9952
27 50 0.0048 49.9952
31 50 0.0048 49.9952
46 50 0.0048 49.9952
27 50 0.0048 49.9952
31 50 0.0048 49.9952
46 50 0.0048 49.9952
27 50 0.0048 49.9952
31 50 0.0048 49.9952
46 50 0.0048 49.9952
27 50 0.0048 49.9952
46 50 0.0048 49.9952
50 50 0.0048 49.9952
62 50 0.0048 49.9952
46 49.9952 0.048 49.9472
27 49.9952 0.0048 49.9904
34 50 0.0048 49.9952
50 50 0.0048 49.9952
62 50 0.0048 49.9952
63 50 0.0048 49.9952
46 50 0.048 49.952
27 50 0.0048 49.9952
46 49.952 0.0048 49.9472
46 49.9472 0.16 49.7872
46 49.7872 0.0016 49.7856
30 50 0.048 49.952
30 49.952 0.0048 49.9472
30 49.9472 0.16 49.7872
30 49.7872 0.0016 49.7856
34 50 0.0048 49.9952
50 50 0.0048 49.9952
62 50 0.0048 49.9952
63 50 0.0048 49.9952
47 50 0.048 49.952
51 50 0.048 49.952
57 50 0.048 49.952
26 50 0.0048 49.9952
38 50 0.0048 49.9952
25 50 0.048 49.952
34 50 0.0048 49.9952
50 50 0.0048 49.9952
53 50 0.0048 49.9952
62 50 0.0048 49.9952
63 50 0.0048 49.9952
47 50 0.048 49.952
51 50 0.048 49.952
51 49.952 0.0048 49.9472
51 49.9472 0.16 49.7872
51 49.7872 0.0016 49.7856
57 50 0.048 49.952
26 50 0.0048 49.9952
57 49.952 0.0048 49.9472
57 49.9472 0.16 49.7872
57 49.7872 0.0016 49.7856
25 50 0.048 49.952
36 50 0.048 49.952
26 49.9952 0.0048 49.9904
34 50 0.0048 49.9952
38 50 0.0048 49.9952
53 50 0.0048 49.9952
57 50 0.0048 49.9952
63 50 0.0048 49.9952
39 50 0.048 49.952
40 50 0.0048 49.9952
42 50 0.048 49.952
43 50 0.0048 49.9952
47 50 0.048 49.952
25 50 0.048 49.952
36 50 0.048 49.952
26 50 0.0048 49.9952
38 50 0.0048 49.9952
53 50 0.0048 49.9952
57 50 0.0048 49.9952
39 50 0.048 49.952
42 50 0.048 49.952
47 50 0.048 49.952
27 50 0.048 49.952
25 50 0.048 49.952
36 50 0.048 49.952
26 50 0.0048 49.9952
38 50 0.0048 49.9952
53 50 0.0048 49.9952
57 50 0.0048 49.9952
39 50 0.048 49.952
42 50 0.048 49.952
43 50 0.0048 49.9952
47 50 0.048 49.952
52 50 0.048 49.952
48 50 0.048 49.952
27 50 0.048 49.952
46 50 0.0048 49.9952
27 49.952 0.0048 49.9472
27 49.9472 0.16 49.7872
27 49.7872 0.0016 49.7856
25 50 0.048 49.952
36 50 0.048 49.952
36 49.952 0.0048 49.9472
36 49.9472 0.16 49.7872
36 49.7872 0.0016 49.7856
26 50 0.0048 49.9952
57 50 0.0048 49.9952
39 50 0.048 49.952
42 50 0.048 49.952
43 50 0.0048 49.9952
47 50 0.048 49.952
26 49.9952 0.048 49.9472
57 49.9952 0.0048 49.9904
52 50 0.048 49.952
29 50 0.048 49.952
28 50 0.0048 49.9952
58 50 0.0048 49.9952
48 50 0.048 49.952
48 49.952 0.0048 49.9472
48 49.9472 0.16 49.7872
48 49.7872 0.0016 49.7856
25 50 0.048 49.952
39 50 0.048 49.952
42 50 0.048 49.952
33 50 0.048 49.952
47 50 0.048 49.952
54 50 0.0048 49.9952
26 50 0.048 49.952
57 50 0.0048 49.9952
52 50 0.048 49.952
29 50 0.048 49.952
28 50 0.0048 49.9952
25 50 0.048 49.952
64 50 0.0048 49.9952
39 50 0.048 49.952
40 50 0.0048 49.9952
42 50 0.048 49.952
43 50 0.0048 49.9952
33 50 0.048 49.952
44 50 0.048 49.952
47 50 0.048 49.952
54 50 0.0048 49.9952
26 50 0.048 49.952
57 50 0.0048 49.9952
50 50 0.048 49.952
62 50 0.0048 49.9952
54 49.9952 0.048 49.9472
52 50 0.048 49.952
29 50 0.048 49.952
28 50 0.0048 49.9952
40 49.9952 0.048 49.9472
43 49.9952 0.048 49.9472
42 50 0.0048 49.9952
25 50 0.048 49.952
47 50 0.0048 49.9952
54 50 0.0048 49.9952
64 50 0.0048 49.9952
39 50 0.048 49.952
42 49.9952 0.048 49.9472
43 50 0.0048 49.9952
42 49.9472 0.0048 49.9424
42 49.9424 0.16 49.7824
42 49.7824 0.0016 49.7808
33 50 0.048 49.952
44 50 0.048 49.952
51 50 0.0048 49.9952
47 49.9952 0.048 49.9472
54 49.9952 0.0048 49.9904
26 50 0.048 49.952
63 50 0.048 49.952
50 50 0.048 49.952
62 50 0.0048 49.9952
54 49.9904 0.048 49.9424
47 50 0.0048 49.9952
52 50 0.048 49.952
29 50 0.048 49.952
28 50 0.0048 49.9952
40 50 0.048 49.952
39 50 0.0048 49.9952
43 49.9952 0.048 49.9472
25 50 0.048 49.952
47 49.9952 0.0048 49.9904
52 50 0.0048 49.9952
54 50 0.0048 49.9952
64 50 0.0048 49.9952
39 49.9952 0.048 49.9472
40 50 0.0048 49.9952
33 50 0.048 49.952
44 50 0.048 49.952
51 50 0.0048 49.9952
47 49.9904 0.048 49.9424
26 50 0.048 49.952
57 50 0.0048 49.9952
58 50 0.048 49.952
29 50 0.0048 49.9952
58 49.952 0.0048 49.9472
58 49.9472 0.16 49.7872
58 49.7872 0.0016 49.7856
63 50 0.048 49.952
34 50 0.0048 49.9952
50 50 0.048 49.952
62 50 0.0048 49.9952
61 50 0.048 49.952
61 49.952 0.0048 49.9472
61 49.9472 0.16 49.7872
61 49.7872 0.0016 49.7856
54 49.9952 0.048 49.9472
52 49.9952 0.048 49.9472
29 49.9952 0.048 49.9472
58 50 0.0048 49.9952
29 49.9472 0.0048 49.9424
29 49.9424 0.16 49.7824
29 49.7824 0.0016 49.7808
40 49.9952 0.048 49.9472
39 50 0.0048 49.9952
43 50 0.048 49.952
25 50 0.048 49.952
47 50 0.0048 49.9952
52 50 0.0048 49.9952
54 50 0.0048 49.9952
64 50 0.0048 49.9952
39 49.9952 0.048 49.9472
40 50 0.0048 49.9952
64 49.9952 0.048 49.9472
33 50 0.048 49.952
44 50 0.048 49.952
47 49.9952 0.048 49.9472
54 49.9952 0.0048 49.9904
26 50 0.048 49.952
32 50 0.048 49.952
45 50 0.0048 49.9952
63 50 0.048 49.952
34 50 0.048 49.952
34 49.952 0.0048 49.9472
34 49.9472 0.16 49.7872
34 49.7872 0.0016 49.7856
50 50 0.048 49.952
62 50 0.0048 49.9952
54 49.9904 0.048 49.9424
52 49.9952 0.048 49.9472
40 49.9952 0.048 49.9472
39 50 0.0048 49.9952
62 49.9952 0.048 49.9472
50 50 0.0048 49.9952
43 50 0.048 49.952
25 50 0.048 49.952
47 50 0.0048 49.9952
52 50 0.0048 49.9952
54 50 0.0048 49.9952
56 50 0.0048 49.9952
39 49.9952 0.048 49.9472
64 50 0.048 49.952
33 50 0.048 49.952
44 50 0.048 49.952
51 50 0.0048 49.9952
47 49.9952 0.048 49.9472
47 49.9472 0.0048 49.9424
47 49.9424 0.16 49.7824
47 49.7824 0.0016 49.7808
26 50 0.048 49.952
32 50 0.048 49.952
32 49.952 0.0048 49.9472
32 49.9472 0.16 49.7872
32 49.7872 0.0016 49.7856
63 50 0.048 49.952
45 50 0.048 49.952
50 49.9952 0.048 49.9472
62 50 0.0048 49.9952
50 49.9472 0.0048 49.9424
50 49.9424 0.16 49.7824
50 49.7824 0.0016 49.7808
54 49.9952 0.048 49.9472
54 49.9472 0.0048 49.9424
54 49.9424 0.16 49.7824
54 49.7824 0.0016 49.7808
52 49.9952 0.048 49.9472
40 50 0.048 49.952
62 49.9952 0.048 49.9472
50 50 0.0048 49.9952
43 50 0.048 49.952
25 50 0.048 49.952
52 50 0.0048 49.9952
56 50 0.0048 49.9952
39 50 0.048 49.952
64 50 0.048 49.952
33 50 0.048 49.952
44 50 0.048 49.952
44 49.952 0.0048 49.9472
44 49.9472 0.16 49.7872
44 49.7872 0.0016 49.7856
26 50 0.048 49.952
59 50 0.048 49.952
41 50 0.0048 49.9952
63 50 0.048 49.952
34 50 0.0048 49.9952
45 50 0.048 49.952
32 50 0.0048 49.9952
32 49.9952 0.048 49.9472
45 49.952 0.0048 49.9472
45 49.9472 0.16 49.7872
32 49.9472 0.016 49.9312
32 49.9312 0.016 49.9152
45 49.7872 0.0016 49.7856
32 49.9152 0.048 49.8672
45 49.7856 0.0048 49.7808
52 49.9952 0.048 49.9472
52 49.9472 0.0048 49.9424
52 49.9424 0.16 49.7824
52 49.7824 0.0016 49.7808
40 50 0.048 49.952
39 50 0.0048 49.9952
62 50 0.048 49.952
50 50 0.0048 49.9952
43 50 0.048 49.952
42 50 0.0048 49.9952
25 50 0.048 49.952
42 49.9952 0.0048 49.9904
43 49.952 0.0048 49.9472
56 50 0.0048 49.9952
39 49.9952 0.048 49.9472
40 50 0.0048 49.9952
64 50 0.048 49.952
33 50 0.048 49.952
26 50 0.048 49.952
59 50 0.048 49.952
41 50 0.0048 49.9952
63 50 0.048 49.952
34 50 0.0048 49.9952
63 49.952 0.0048 49.9472
63 49.9472 0.16 49.7872
63 49.7872 0.0016 49.7856
32 50 0.048 49.952
45 49.8911 0.0048 49.8863
60 50 0.048 49.952
56 49.9952 0.048 49.9472
40 49.9952 0.048 49.9472
39 50 0.0048 49.9952
62 50 0.048 49.952
50 50 0.0048 49.9952
43 50 0.048 49.952
42 50 0.0048 49.9952
25 50 0.048 49.952
55 50 0.048 49.952
42 49.9952 0.0048 49.9904
43 49.952 0.0048 49.9472
51 50 0.0048 49.9952
56 50 0.0048 49.9952
39 49.9952 0.048 49.9472
40 50 0.0048 49.9952
64 50 0.048 49.952
33 50 0.048 49.952
26 50 0.048 49.952
26 49.952 0.0048 49.9472
26 49.9472 0.16 49.7872
26 49.7872 0.0016 49.7856
59 50 0.048 49.952
32 50 0.048 49.952
45 50 0.0048 49.9952
60 50 0.048 49.952
38 50 0.048 49.952
53 50 0.0048 49.9952
57 50 0.0048 49.9952
57 49.9952 0.048 49.9472
38 49.952 0.0048 49.9472
38 49.9472 0.16 49.7872
53 49.9952 0.016 49.9792
57 49.9472 0.016 49.9312
57 49.9312 0.016 49.9152
38 49.7872 0.0016 49.7856
57 49.9152 0.048 49.8672
38 49.7856 0.0048 49.7808
49 50 0.048 49.952
37 50 0.048 49.952
56 49.9952 0.048 49.9472
56 49.9472 0.0048 49.9424
56 49.9424 0.16 49.7824
56 49.7824 0.0016 49.7808
40 49.9952 0.048 49.9472
39 50 0.0048 49.9952
62 50 0.048 49.952
50 50 0.0048 49.9952
43 50 0.048 49.952
42 50 0.0048 49.9952
25 50 0.048 49.952
55 50 0.048 49.952
49 49.952 0.0048 49.9472
35 50 0.0048 49.9952
42 49.9952 0.0048 49.9904
43 49.952 0.0048 49.9472
44 50 0.0048 49.9952
51 50 0.0048 49.9952
39 49.9952 0.048 49.9472
40 50 0.0048 49.9952
41 50 0.048 49.952
64 50 0.048 49.952
33 50 0.048 49.952
59 50 0.048 49.952
32 50 0.048 49.952
45 50 0.0048 49.9952
60 50 0.048 49.952
57 50 0.048 49.952
53 50 0.0048 49.9952
49 50 0.048 49.952
37 50 0.048 49.952
31 50 0.048 49.952
40 49.9952 0.048 49.9472
39 50 0.0048 49.9952
40 49.9472 0.0048 49.9424
40 49.9424 0.16 49.7824
40 49.7824 0.0016 49.7808
62 50 0.048 49.952
50 50 0.0048 49.9952
28 50 0.048 49.952
29 50 0.0048 49.9952
53 50 0.048 49.952
57 50 0.0048 49.9952
43 50 0.048 49.952
42 50 0.0048 49.9952
25 50 0.048 49.952
55 50 0.048 49.952
35 50 0.0048 49.9952
41 50 0.0048 49.9952
42 49.9952 0.0048 49.9904
43 49.952 0.0048 49.9472
44 50 0.0048 49.9952
51 50 0.0048 49.9952
59 50 0.0048 49.9952
39 49.9952 0.048 49.9472
40 49.9888 0.0048 49.984
41 49.9952 0.048 49.9472
64 50 0.048 49.952
33 50 0.048 49.952
59 49.9952 0.048 49.9472
32 50 0.048 49.952
45 50 0.0048 49.9952
60 50 0.048 49.952
57 49.9952 0.048 49.9472
38 50 0.0048 49.9952
53 49.952 0.0048 49.9472
49 50 0.048 49.952
55 50 0.0048 49.9952
37 50 0.048 49.952
31 50 0.048 49.952
35 50 0.048 49.952
35 49.952 0.0048 49.9472
35 49.9472 0.16 49.7872
35 49.7872 0.0016 49.7856
62 50 0.048 49.952
28 50 0.048 49.952
29 50 0.0048 49.9952
53 50 0.048 49.952
38 49.9952 0.0048 49.9904
57 50 0.0048 49.9952
43 50 0.048 49.952
42 50 0.0048 49.9952
25 50 0.048 49.952
55 49.9952 0.048 49.9472
49 49.952 0.0048 49.9472
35 49.7856 0.0048 49.7808
41 50 0.0048 49.9952
44 50 0.0048 49.9952
51 50 0.0048 49.9952
59 50 0.0048 49.9952
39 50 0.048 49.952
40 50 0.0048 49.9952
41 49.9952 0.048 49.9472
64 50 0.048 49.952
33 50 0.048 49.952
59 49.9952 0.048 49.9472
32 50 0.048 49.952
45 50 0.0048 49.9952
32 49.952 0.0048 49.9472
32 49.9472 0.16 49.7872
32 49.7872 0.0016 49.7856
60 50 0.048 49.952
57 49.9952 0.048 49.9472
38 50 0.0048 49.9952
53 49.952 0.0048 49.9472
49 50 0.048 49.952
55 50 0.0048 49.9952
49 49.952 0.0048 49.9472
49 49.9472 0.16 49.7872
49 49.7872 0.0016 49.7856
37 50 0.048 49.952
31 50 0.048 49.952
62 50 0.048 49.952
28 50 0.048 49.952
29 50 0.0048 49.9952
58 50 0.0048 49.9952
53 50 0.048 49.952
38 49.9952 0.0048 49.9904
57 50 0.0048 49.9952
43 50 0.048 49.952
42 50 0.0048 49.9952
25 50 0.048 49.952
55 49.9952 0.048 49.9472
35 49.9747 0.0048 49.9699
41 50 0.0048 49.9952
44 50 0.0048 49.9952
49 49.7856 0.0048 49.7808
55 49.9472 0.0048 49.9424
59 50 0.0048 49.9952
39 50 0.048 49.952
40 50 0.0048 49.9952
41 49.9952 0.048 49.9472
64 50 0.048 49.952
33 50 0.048 49.952
59 49.9952 0.048 49.9472
60 50 0.048 49.952
57 49.9952 0.048 49.9472
38 50 0.0048 49.9952
53 49.952 0.0048 49.9472
37 50 0.048 49.952
31 50 0.048 49.952
62 50 0.048 49.952
50 50 0.0048 49.9952
28 50 0.048 49.952
29 50 0.0048 49.9952
58 50 0.0048 49.9952
53 50 0.048 49.952
38 49.9952 0.0048 49.9904
57 50 0.0048 49.9952
43 50 0.048 49.952
42 50 0.0048 49.9952
43 49.952 0.0048 49.9472
43 49.9472 0.16 49.7872
43 49.7872 0.0016 49.7856
25 50 0.048 49.952
55 50 0.048 49.952
49 49.9744 0.0048 49.9696
41 50 0.0048 49.9952
49 49.9696 0.0048 49.9648
55 49.952 0.0048 49.9472
39 50 0.048 49.952
41 49.9952 0.048 49.9472
64 50 0.048 49.952
33 50 0.048 49.952
59 50 0.048 49.952
46 50 0.048 49.952
60 50 0.048 49.952
57 49.9952 0.048 49.9472
38 50 0.0048 49.9952
53 49.952 0.0048 49.9472
37 50 0.048 49.952
31 50 0.048 49.952
62 50 0.048 49.952
50 50 0.0048 49.9952
28 50 0.048 49.952
29 50 0.0048 49.9952
58 50 0.0048 49.9952
53 50 0.048 49.952
38 49.9952 0.0048 49.9904
25 50 0.048 49.952
55 50 0.048 49.952
49 50 0.0048 49.9952
49 49.9952 0.0048 49.9904
55 49.952 0.0048 49.9472
39 50 0.048 49.952
40 50 0.0048 49.9952
41 50 0.048 49.952
64 50 0.048 49.952
33 50 0.048 49.952
59 50 0.048 49.952
46 50 0.048 49.952
60 50 0.048 49.952
57 50 0.048 49.952
38 50 0.0048 49.9952
53 49.952 0.0048 49.9472
37 50 0.048 49.952
31 50 0.048 49.952
62 50 0.048 49.952
50 50 0.0048 49.9952
28 50 0.048 49.952
29 50 0.0048 49.9952
58 50 0.0048 49.9952
53 50 0.048 49.952
57 50 0.0048 49.9952
25 50 0.048 49.952
55 50 0.048 49.952
49 50 0.0048 49.9952
49 49.9952 0.0048 49.9904
55 49.952 0.0048 49.9472
39 50 0.048 49.952
40 50 0.0048 49.9952
41 50 0.048 49.952
64 50 0.048 49.952
33 50 0.048 49.952
59 50 0.048 49.952
46 50 0.048 49.952
60 50 0.048 49.952
57 49.9952 0.048 49.9472
38 50 0.0048 49.9952
53 49.952 0.0048 49.9472
37 50 0.048 49.952
31 50 0.048 49.952
62 50 0.048 49.952
28 50 0.048 49.952
29 50 0.0048 49.9952
28 49.952 0.0048 49.9472
28 49.9472 0.16 49.7872
28 49.7872 0.0016 49.7856
53 50 0.048 49.952
38 49.9952 0.0048 49.9904
57 50 0.0048 49.9952
25 50 0.048 49.952
55 50 0.048 49.952
49 50 0.0048 49.9952
37 50 0.0048 49.9952
58 50 0.0048 49.9952
39 50 0.048 49.952
41 50 0.048 49.952
59 50 0.0048 49.9952
64 50 0.048 49.952
33 50 0.048 49.952
59 49.9952 0.048 49.9472
41 49.952 0.0048 49.9472
46 50 0.048 49.952
46 49.952 0.0048 49.9472
46 49.9472 0.16 49.7872
46 49.7872 0.0016 49.7856
60 50 0.048 49.952
57 49.9952 0.048 49.9472
38 50 0.0048 49.9952
37 49.9952 0.048 49.9472
31 50 0.048 49.952
62 50 0.048 49.952
50 50 0.0048 49.9952
53 50 0.048 49.952
25 50 0.048 49.952
55 50 0.048 49.952
28 50 0.0048 49.9952
29 50 0.0048 49.9952
37 50 0.0048 49.9952
58 50 0.0048 49.9952
39 50 0.048 49.952
41 50 0.048 49.952
59 50 0.0048 49.9952
64 50 0.048 49.952
33 50 0.048 49.952
59 49.9952 0.048 49.9472
35 50 0.0048 49.9952
41 49.952 0.0048 49.9472
60 50 0.048 49.952
57 50 0.048 49.952
38 50 0.0048 49.9952
37 49.9952 0.048 49.9472
31 50 0.048 49.952
62 50 0.048 49.952
50 50 0.0048 49.9952
53 50 0.048 49.952
25 50 0.048 49.952
25 49.952 0.0048 49.9472
25 49.9472 0.16 49.7872
25 49.7872 0.0016 49.7856
55 50 0.048 49.952
49 50 0.0048 49.9952
28 50 0.0048 49.9952
29 50 0.0048 49.9952
37 50 0.0048 49.9952
39 50 0.0048 49.9952
58 50 0.0048 49.9952
39 49.9952 0.048 49.9472
41 50 0.048 49.952
59 50 0.0048 49.9952
64 50 0.048 49.952
33 50 0.048 49.952
59 49.9952 0.048 49.9472
35 50 0.0048 49.9952
41 49.952 0.0048 49.9472
60 50 0.048 49.952
57 50 0.048 49.952
38 50 0.0048 49.9952
37 49.9952 0.048 49.9472
31 50 0.048 49.952
62 50 0.048 49.952
50 50 0.0048 49.9952
53 50 0.048 49.952
55 50 0.048 49.952
49 50 0.0048 49.9952
28 50 0.0048 49.9952
29 50 0.0048 49.9952
37 50 0.0048 49.9952
39 50 0.0048 49.9952
40 50 0.0048 49.9952
58 50 0.0048 49.9952
39 49.9952 0.048 49.9472
41 50 0.048 49.952
64 50 0.048 49.952
64 49.952 0.0048 49.9472
64 49.9472 0.16 49.7872
64 49.7872 0.0016 49.7856
33 50 0.048 49.952
59 50 0.048 49.952
41 49.952 0.0048 49.9472
59 49.952 0.0048 49.9472
59 49.9472 0.16 49.7872
59 49.7872 0.0016 49.7856
60 50 0.048 49.952
60 49.952 0.0048 49.9472
60 49.9472 0.16 49.7872
60 49.7872 0.0016 49.7856
57 50 0.048 49.952
37 49.9952 0.048 49.9472
31 50 0.048 49.952
62 50 0.048 49.952
50 50 0.0048 49.9952
53 50 0.048 49.952
55 50 0.048 49.952
55 49.952 0.0048 49.9472
55 49.9472 0.16 49.7872
55 49.7872 0.0016 49.7856
39 50 0.0048 49.9952
40 50 0.0048 49.9952
60 49.7856 0.0048 49.7808
39 49.9952 0.048 49.9472
41 50 0.048 49.952
59 50 0.0048 49.9952
33 50 0.048 49.952
57 50 0.048 49.952
37 50 0.048 49.952
31 50 0.048 49.952
62 50 0.048 49.952
53 50 0.048 49.952
39 50 0.0048 49.9952
40 50 0.0048 49.9952
60 50 0.0048 49.9952
39 49.9952 0.048 49.9472
41 50 0.048 49.952
33 50 0.048 49.952
57 50 0.048 49.952
36 50 0.048 49.952
37 50 0.048 49.952
31 50 0.048 49.952
62 50 0.048 49.952
53 50 0.048 49.952
57 50 0.0048 49.9952
40 50 0.0048 49.9952
45 50 0.0048 49.9952
60 50 0.0048 49.9952
39 50 0.048 49.952
41 50 0.048 49.952
59 50 0.0048 49.9952
41 49.952 0.0048 49.9472
41 49.9472 0.16 49.7872
41 49.7872 0.0016 49.7856
33 50 0.048 49.952
57 49.9952 0.048 49.9472
38 50 0.0048 49.9952
36 50 0.048 49.952
36 49.952 0.0048 49.9472
36 49.9472 0.16 49.7872
36 49.7872 0.0016 49.7856
37 50 0.048 49.952
31 50 0.048 49.952
62 50 0.048 49.952
53 50 0.048 49.952
32 50 0.0048 49.9952
45 50 0.0048 49.9952
60 50 0.0048 49.9952
39 50 0.048 49.952
33 50 0.048 49.952
57 50 0.048 49.952
26 50 0.0048 49.9952
38 50 0.0048 49.9952
53 49.952 0.0048 49.9472
37 50 0.048 49.952
31 50 0.048 49.952
62 50 0.048 49.952
53 50 0.048 49.952
38 49.9952 0.0048 49.9904
57 50 0.0048 49.9952
32 50 0.0048 49.9952
45 50 0.0048 49.9952
39 50 0.048 49.952
33 50 0.048 49.952
57 49.9952 0.048 49.9472
38 50 0.0048 49.9952
53 49.952 0.0048 49.9472
37 50 0.048 49.952
31 50 0.048 49.952
62 50 0.048 49.952
62 49.952 0.0048 49.9472
62 49.9472 0.16 49.7872
62 49.7872 0.0016 49.7856
53 50 0.048 49.952
38 49.9952 0.0048 49.9904
57 50 0.0048 49.9952
30 50 0.0048 49.9952
32 50 0.0048 49.9952
36 50 0.0048 49.9952
45 50 0.0048 49.9952
39 50 0.048 49.952
33 50 0.048 49.952
57 49.9952 0.048 49.9472
53 49.952 0.0048 49.9472
37 50 0.048 49.952
37 49.952 0.0048 49.9472
37 49.9472 0.16 49.7872
37 49.7872 0.0016 49.7856
31 50 0.048 49.952
53 50 0.048 49.952
57 50 0.0048 49.9952
53 49.952 0.0048 49.9472
53 49.9472 0.16 49.7872
53 49.7872 0.0016 49.7856
30 50 0.0048 49.9952
36 50 0.0048 49.9952
48 50 0.0048 49.9952
39 50 0.048 49.952
33 50 0.048 49.952
57 49.9952 0.048 49.9472
53 49.7856 0.0048 49.7808
31 50 0.048 49.952
30 50 0.0048 49.9952
36 50 0.0048 49.9952
48 50 0.0048 49.9952
61 50 0.0048 49.9952
39 50 0.048 49.952
33 50 0.048 49.952
57 50 0.048 49.952
38 50 0.0048 49.9952
53 50 0.0048 49.9952
31 50 0.048 49.952
30 50 0.0048 49.9952
33 50 0.0048 49.9952
36 50 0.0048 49.9952
48 50 0.0048 49.9952
61 50 0.0048 49.9952
39 50 0.048 49.952
40 50 0.0048 49.9952
40 49.9952 0.048 49.9472
39 49.952 0.0048 49.9472
39 49.9472 0.16 49.7872
40 49.9472 0.016 49.9312
40 49.9312 0.016 49.9152
39 49.7872 0.0016 49.7856
40 49.9152 0.048 49.8672
39 49.7856 0.0048 49.7808
58 50 0.048 49.952
28 50 0.0048 49.9952
33 49.9952 0.048 49.9472
47 50 0.048 49.952
57 50 0.048 49.952
38 50 0.0048 49.9952
31 50 0.048 49.952
30 50 0.0048 49.9952
33 50 0.0048 49.9952
48 50 0.0048 49.9952
61 50 0.0048 49.9952
40 50 0.048 49.952
58 50 0.048 49.952
28 50 0.0048 49.9952
29 50 0.0048 49.9952
33 49.9952 0.048 49.9472
47 50 0.048 49.952
57 50 0.048 49.952
38 50 0.0048 49.9952
30 50 0.048 49.952
31 50 0.048 49.952
33 50 0.0048 49.9952
61 50 0.0048 49.9952
40 50 0.048 49.952
58 50 0.048 49.952
29 50 0.0048 49.9952
33 49.9952 0.048 49.9472
47 50 0.048 49.952
57 50 0.048 49.952
38 50 0.0048 49.9952
53 50 0.0048 49.9952
30 50 0.048 49.952
31 50 0.048 49.952
32 50 0.048 49.952
45 50 0.0048 49.9952
33 50 0.0048 49.9952
40 50 0.048 49.952
58 50 0.048 49.952
29 50 0.0048 49.9952
33 49.9952 0.048 49.9472
47 50 0.048 49.952
57 50 0.048 49.952
38 50 0.0048 49.9952
30 50 0.048 49.952
31 50 0.048 49.952
31 49.952 0.0048 49.9472
31 49.9472 0.16 49.7872
31 49.7872 0.0016 49.7856
32 50 0.048 49.952
45 50 0.0048 49.9952
32 49.952 0.0048 49.9472
32 49.9472 0.16 49.7872
32 49.7872 0.0016 49.7856
40 50 0.048 49.952
58 50 0.048 49.952
28 50 0.0048 49.9952
29 50 0.0048 49.9952
33 50 0.048 49.952
33 49.952 0.0048 49.9472
33 49.9472 0.16 49.7872
33 49.7872 0.0016 49.7856
47 50 0.048 49.952
57 50 0.048 49.952
38 50 0.0048 49.9952
30 50 0.048 49.952
40 50 0.048 49.952
58 50 0.048 49.952
29 50 0.0048 49.9952
51 50 0.048 49.952
26 50 0.048 49.952
47 50 0.048 49.952
61 50 0.048 49.952
57 50 0.048 49.952
38 50 0.0048 49.9952
27 50 0.048 49.952
30 50 0.048 49.952
30 49.952 0.0048 49.9472
30 49.9472 0.16 49.7872
30 49.7872 0.0016 49.7856
40 50 0.048 49.952
58 50 0.048 49.952
28 50 0.0048 49.9952
29 50 0.0048 49.9952
51 50 0.048 49.952
26 50 0.048 49.952
47 50 0.048 49.952
61 50 0.048 49.952
57 50 0.048 49.952
57 49.952 0.0048 49.9472
57 49.9472 0.16 49.7872
57 49.7872 0.0016 49.7856
27 50 0.048 49.952
63 50 0.048 49.952
34 50 0.0048 49.9952
63 49.952 0.0048 49.9472
63 49.9472 0.16 49.7872
63 49.7872 0.0016 49.7856
40 50 0.048 49.952
39 50 0.0048 49.9952
58 50 0.048 49.952
28 50 0.0048 49.9952
51 50 0.048 49.952
26 50 0.048 49.952
47 50 0.048 49.952
61 50 0.048 49.952
27 50 0.048 49.952
46 50 0.0048 49.9952
25 50 0.0048 49.9952
40 50 0.048 49.952
39 50 0.0048 49.9952
58 50 0.048 49.952
28 50 0.0048 49.9952
51 50 0.048 49.952
26 50 0.048 49.952
38 50 0.0048 49.9952
47 50 0.048 49.952
61 50 0.048 49.952
27 50 0.048 49.952
46 50 0.0048 49.9952
25 50 0.0048 49.9952
40 50 0.048 49.952
39 50 0.0048 49.9952
58 50 0.048 49.952
28 50 0.0048 49.9952
51 50 0.048 49.952
26 50 0.048 49.952
57 50 0.0048 49.9952
34 50 0.048 49.952
47 50 0.048 49.952
61 50 0.048 49.952
27 50 0.048 49.952
46 50 0.0048 49.9952
25 50 0.0048 49.9952
40 50 0.048 49.952
39 50 0.0048 49.9952
58 50 0.048 49.952
28 50 0.0048 49.9952
51 50 0.048 49.952
44 50 0.0048 49.9952
44 49.9952 0.048 49.9472
51 49.952 0.0048 49.9472
51 49.9472 0.16 49.7872
44 49.9472 0.016 49.9312
44 49.9312 0.016 49.9152
51 49.7872 0.0016 49.7856
44 49.9152 0.048 49.8672
51 49.7856 0.0048 49.7808
26 50 0.048 49.952
57 50 0.0048 49.9952
34 50 0.048 49.952
47 50 0.048 49.952
61 50 0.048 49.952
27 50 0.048 49.952
46 50 0.0048 49.9952
25 50 0.048 49.952
25 49.952 0.0048 49.9472
40 50 0.048 49.952
58 50 0.048 49.952
28 50 0.0048 49.9952
44 50 0.048 49.952
51 50 0.0048 49.9952
26 50 0.048 49.952
38 50 0.0048 49.9952
57 50 0.0048 49.9952
34 50 0.048 49.952
63 50 0.0048 49.9952
47 50 0.048 49.952
47 49.952 0.0048 49.9472
47 49.9472 0.16 49.7872
47 49.7872 0.0016 49.7856
61 50 0.048 49.952
27 50 0.048 49.952
35 50 0.048 49.952
25 50 0.048 49.952
40 50 0.048 49.952
39 50 0.0048 49.9952
58 50 0.048 49.952
28 50 0.0048 49.9952
60 50 0.048 49.952
44 50 0.048 49.952
26 50 0.048 49.952
38 50 0.0048 49.9952
57 50 0.0048 49.9952
34 50 0.048 49.952
63 50 0.0048 49.9952
28 50 0.048 49.952
58 49.952 0.0048 49.9472
61 50 0.048 49.952
27 50 0.048 49.952
35 50 0.048 49.952
25 50 0.048 49.952
31 50 0.0048 49.9952
40 50 0.048 49.952
58 50 0.048 49.952
28 49.952 0.0048 49.9472
60 50 0.048 49.952
44 50 0.048 49.952
26 50 0.048 49.952
38 50 0.0048 49.9952
57 50 0.0048 49.9952
34 50 0.048 49.952
28 50 0.048 49.952
29 50 0.0048 49.9952
58 49.952 0.0048 49.9472
61 50 0.048 49.952
27 50 0.048 49.952
46 50 0.0048 49.9952
35 50 0.048 49.952
25 50 0.048 49.952
52 50 0.048 49.952
27 49.952 0.0048 49.9472
31 50 0.0048 49.9952
46 49.9952 0.0048 49.9904
40 50 0.048 49.952
58 50 0.048 49.952
29 49.9952 0.0048 49.9904
60 50 0.048 49.952
60 49.952 0.0048 49.9472
60 49.9472 0.16 49.7872
60 49.7872 0.0016 49.7856
29 49.9904 0.048 49.9424
28 49.952 0.0048 49.9472
58 49.952 0.0048 49.9472
44 50 0.048 49.952
26 50 0.048 49.952
38 50 0.0048 49.9952
57 50 0.0048 49.9952
34 50 0.048 49.952
28 50 0.048 49.952
29 50 0.0048 49.9952
61 50 0.048 49.952
27 50 0.048 49.952
35 50 0.048 49.952
59 50 0.0048 49.9952
35 49.952 0.0048 49.9472
35 49.9472 0.16 49.7872
35 49.7872 0.0016 49.7856
25 50 0.048 49.952
52 50 0.048 49.952
27 49.952 0.0048 49.9472
31 50 0.0048 49.9952
46 50 0.0048 49.9952
49 50 0.048 49.952
49 49.952 0.0048 49.9472
49 49.9472 0.16 49.7872
49 49.7872 0.0016 49.7856
40 50 0.048 49.952
58 50 0.048 49.952
29 49.9952 0.0048 49.9904
58 49.952 0.0048 49.9472
58 49.9472 0.16 49.7872
58 49.7872 0.0016 49.7856
29 49.9904 0.048 49.9424
28 49.952 0.0048 49.9472
58 49.7856 0.0048 49.7808
44 50 0.048 49.952
26 50 0.048 49.952
34 50 0.048 49.952
34 49.952 0.0048 49.9472
34 49.9472 0.16 49.7872
34 49.7872 0.0016 49.7856
28 50 0.048 49.952
29 50 0.0048 49.9952
58 49.7808 0.0048 49.776
61 50 0.048 49.952
43 50 0.048 49.952
42 50 0.0048 49.9952
27 50 0.048 49.952
25 50 0.048 49.952
52 50 0.048 49.952
54 50 0.048 49.952
54 49.952 0.0048 49.9472
54 49.9472 0.16 49.7872
54 49.7872 0.0016 49.7856
27 49.952 0.0048 49.9472
31 50 0.0048 49.9952
46 50 0.0048 49.9952
50 50 0.0048 49.9952
62 50 0.0048 49.9952
40 50 0.048 49.952
29 49.9952 0.048 49.9472
58 50 0.0048 49.9952
44 50 0.048 49.952
26 50 0.048 49.952
57 50 0.0048 49.9952
28 50 0.048 49.952
61 50 0.048 49.952
43 50 0.048 49.952
27 50 0.048 49.952
25 50 0.048 49.952
52 50 0.048 49.952
46 50 0.0048 49.9952
50 50 0.0048 49.9952
62 50 0.0048 49.9952
40 50 0.048 49.952
29 50 0.048 49.952
58 50 0.0048 49.9952
44 50 0.048 49.952
26 50 0.048 49.952
38 50 0.0048 49.9952
57 50 0.0048 49.9952
56 50 0.048 49.952
28 50 0.048 49.952
61 50 0.048 49.952
43 50 0.048 49.952
27 50 0.048 49.952
45 50 0.048 49.952
32 50 0.0048 49.9952
25 50 0.048 49.952
52 50 0.048 49.952
34 50 0.0048 49.9952
50 50 0.0048 49.9952
62 50 0.0048 49.9952
63 50 0.0048 49.9952
40 50 0.048 49.952
39 50 0.0048 49.9952
29 50 0.048 49.952
58 50 0.0048 49.9952
44 50 0.048 49.952
35 50 0.0048 49.9952
44 49.952 0.0048 49.9472
44 49.9472 0.16 49.7872
44 49.7872 0.0016 49.7856
26 50 0.048 49.952
38 50 0.0048 49.9952
56 50 0.048 49.952
28 50 0.048 49.952
29 50 0.0048 49.9952
58 49.9952 0.0048 49.9904
61 50 0.048 49.952
43 50 0.048 49.952
42 50 0.0048 49.9952
27 50 0.048 49.952
46 50 0.0048 49.9952
46 49.9952 0.048 49.9472
27 49.952 0.0048 49.9472
27 49.9472 0.16 49.7872
46 49.9472 0.016 49.9312
46 49.9312 0.016 49.9152
27 49.7872 0.0016 49.7856
46 49.9152 0.048 49.8672
27 49.7856 0.0048 49.7808
48 50 0.048 49.952
53 50 0.048 49.952
38 50 0.0048 49.9952
45 50 0.048 49.952
32 50 0.0048 49.9952
25 50 0.048 49.952
55 50 0.048 49.952
49 50 0.0048 49.9952
55 49.952 0.0048 49.9472
55 49.9472 0.16 49.7872
55 49.7872 0.0016 49.7856
52 50 0.048 49.952
34 50 0.0048 49.9952
50 50 0.0048 49.9952
62 50 0.0048 49.9952
63 50 0.0048 49.9952
40 50 0.048 49.952
29 49.9952 0.048 49.9472
28 49.952 0.0048 49.9472
58 50 0.0048 49.9952
29 49.9472 0.0048 49.9424
29 49.9424 0.16 49.7824
29 49.7824 0.0016 49.7808
26 50 0.048 49.952
57 50 0.0048 49.9952
56 50 0.048 49.952
28 50 0.048 49.952
29 49.902 0.0048 49.8972
58 49.9952 0.0048 49.9904
28 49.952 0.0048 49.9472
28 49.9472 0.16 49.7872
28 49.7872 0.0016 49.7856
61 50 0.048 49.952
43 50 0.048 49.952
46 50 0.048 49.952
27 49.945 0.0048 49.9402
48 50 0.048 49.952
53 50 0.048 49.952
45 50 0.048 49.952
32 50 0.0048 49.9952
25 50 0.048 49.952
52 50 0.048 49.952
34 50 0.0048 49.9952
38 50 0.0048 49.9952
53 50 0.0048 49.9952
57 50 0.0048 49.9952
63 50 0.0048 49.9952
40 50 0.048 49.952
26 50 0.048 49.952
56 50 0.048 49.952
61 50 0.048 49.952
43 50 0.048 49.952
46 50 0.048 49.952
27 50 0.0048 49.9952
48 50 0.048 49.952
53 49.9952 0.048 49.9472
57 49.9952 0.0048 49.9904
45 50 0.048 49.952
32 50 0.0048 49.9952
45 49.952 0.0048 49.9472
45 49.9472 0.16 49.7872
45 49.7872 0.0016 49.7856
25 50 0.048 49.952
52 50 0.048 49.952
52 49.952 0.0048 49.9472
52 49.9472 0.16 49.7872
52 49.7872 0.0016 49.7856
26 50 0.0048 49.9952
34 50 0.0048 49.9952
38 50 0.0048 49.9952
53 50 0.0048 49.9952
57 50 0.0048 49.9952
63 50 0.0048 49.9952
40 50 0.048 49.952
26 49.9952 0.048 49.9472
38 49.9952 0.0048 49.9904
56 50 0.048 49.952
61 50 0.048 49.952
61 49.952 0.0048 49.9472
61 49.9472 0.16 49.7872
61 49.7872 0.0016 49.7856
43 50 0.048 49.952
42 50 0.0048 49.9952
46 50 0.048 49.952
27 50 0.0048 49.9952
48 50 0.048 49.952
53 49.9952 0.048 49.9472
57 49.9952 0.0048 49.9904
25 50 0.048 49.952
25 49.952 0.0048 49.9472
25 49.9472 0.16 49.7872
25 49.7872 0.0016 49.7856
26 50 0.0048 49.9952
38 50 0.0048 49.9952
53 50 0.0048 49.9952
57 50 0.0048 49.9952
40 50 0.048 49.952
39 50 0.0048 49.9952
26 49.9952 0.048 49.9472
38 49.9952 0.0048 49.9904
57 49.9952 0.0048 49.9904
26 49.9472 0.0048 49.9424
26 49.9424 0.16 49.7824
26 49.7824 0.0016 49.7808
38 49.9904 0.048 49.9424
26 49.7808 0.0048 49.776
53 49.9952 0.0048 49.9904
57 49.9904 0.0048 49.9856
42 50 0.048 49.952
43 50 0.0048 49.9952
56 50 0.048 49.952
43 49.9952 0.048 49.9472
46 50 0.048 49.952
48 50 0.048 49.952
50 50 0.048 49.952
53 49.9904 0.048 49.9424
26 49.9974 0.0048 49.9926
38 50 0.0048 49.9952
53 50 0.0048 49.9952
57 50 0.0048 49.9952
40 50 0.048 49.952
59 50 0.048 49.952
38 49.9952 0.048 49.9472
26 49.9926 0.0048 49.9878
42 50 0.048 49.952
41 50 0.048 49.952
35 50 0.0048 49.9952
41 49.952 0.0048 49.9472
41 49.9472 0.16 49.7872
41 49.7872 0.0016 49.7856
56 50 0.048 49.952
43 50 0.048 49.952
46 50 0.048 49.952
48 50 0.048 49.952
50 50 0.048 49.952
62 50 0.0048 49.9952
53 49.9952 0.048 49.9472
26 50 0.0048 49.9952
40 50 0.048 49.952
39 50 0.0048 49.9952
59 50 0.048 49.952
41 50 0.0048 49.9952
41 49.9952 0.048 49.9472
59 49.952 0.0048 49.9472
59 49.9472 0.16 49.7872
41 49.9472 0.016 49.9312
41 49.9312 0.016 49.9152
59 49.7872 0.0016 49.7856
41 49.9152 0.048 49.8672
35 50 0.0048 49.9952
59 49.7856 0.0048 49.7808
38 50 0.048 49.952
26 49.9952 0.0048 49.9904
26 49.9904 0.048 49.9424
57 50 0.0048 49.9952
38 49.952 0.0048 49.9472
38 49.9472 0.16 49.7872
26 49.9424 0.016 49.9264
26 49.9264 0.016 49.9104
38 49.7872 0.0016 49.7856
26 49.9104 0.048 49.8624
38 49.7856 0.0048 49.7808
57 49.9952 0.016 49.9792
42 50 0.048 49.952
42 49.952 0.0048 49.9472
42 49.9472 0.16 49.7872
42 49.7872 0.0016 49.7856
44 50 0.048 49.952
56 50 0.048 49.952
43 50 0.048 49.952
46 50 0.048 49.952
27 50 0.0048 49.9952
48 50 0.048 49.952
50 50 0.048 49.952
62 50 0.0048 49.9952
53 50 0.048 49.952
38 50 0.0048 49.9952
64 50 0.0048 49.9952
40 50 0.048 49.952
39 50 0.0048 49.9952
41 50 0.048 49.952
35 50 0.0048 49.9952
59 50 0.0048 49.9952
62 50 0.048 49.952
50 49.952 0.0048 49.9472
26 50 0.048 49.952
38 49.9952 0.0048 49.9904
57 50 0.0048 49.9952
44 50 0.048 49.952
56 50 0.048 49.952
43 50 0.048 49.952
46 50 0.048 49.952
27 50 0.0048 49.9952
48 50 0.048 49.952
50 50 0.048 49.952
62 49.952 0.0048 49.9472
31 50 0.048 49.952
53 50 0.048 49.952
38 50 0.0048 49.9952
53 49.952 0.0048 49.9472
53 49.9472 0.16 49.7872
53 49.7872 0.0016 49.7856
64 50 0.0048 49.9952
40 50 0.048 49.952
39 50 0.0048 49.9952
41 50 0.048 49.952
59 50 0.0048 49.9952
62 50 0.048 49.952
50 49.952 0.0048 49.9472
62 49.952 0.0048 49.9472
62 49.9472 0.16 49.7872
62 49.7872 0.0016 49.7856
26 50 0.048 49.952
57 50 0.0048 49.9952
44 50 0.048 49.952
56 50 0.048 49.952
56 49.952 0.0048 49.9472
56 49.9472 0.16 49.7872
56 49.7872 0.0016 49.7856
43 50 0.048 49.952
42 50 0.0048 49.9952
46 50 0.048 49.952
27 50 0.0048 49.9952
48 50 0.048 49.952
50 50 0.048 49.952
62 49.7856 0.0048 49.7808
31 50 0.048 49.952
31 49.952 0.0048 49.9472
31 49.9472 0.16 49.7872
31 49.7872 0.0016 49.7856
47 50 0.0048 49.9952
54 50 0.0048 49.9952
64 50 0.0048 49.9952
40 50 0.048 49.952
39 50 0.0048 49.9952
41 50 0.048 49.952
35 50 0.0048 49.9952
26 50 0.048 49.952
57 50 0.0048 49.9952
44 50 0.048 49.952
43 50 0.048 49.952
42 50 0.0048 49.9952
46 50 0.048 49.952
27 50 0.0048 49.9952
48 50 0.048 49.952
50 50 0.048 49.952
62 49.9648 0.0048 49.96
47 50 0.0048 49.9952
52 50 0.0048 49.9952
54 50 0.0048 49.9952
64 50 0.0048 49.9952
40 50 0.048 49.952
39 50 0.0048 49.9952
41 50 0.048 49.952
35 50 0.0048 49.9952
26 50 0.048 49.952
44 50 0.048 49.952
43 50 0.048 49.952
43 49.952 0.0048 49.9472
43 49.9472 0.16 49.7872
43 49.7872 0.0016 49.7856
46 50 0.048 49.952
27 50 0.0048 49.9952
48 50 0.048 49.952
50 50 0.048 49.952
62 50 0.0048 49.9952
47 50 0.0048 49.9952
52 50 0.0048 49.9952
54 50 0.0048 49.9952
56 50 0.0048 49.9952
64 50 0.0048 49.9952
40 50 0.048 49.952
30 50 0.048 49.952
41 50 0.048 49.952
35 50 0.0048 49.9952
26 50 0.048 49.952
57 50 0.0048 49.9952
33 50 0.048 49.952
33 49.952 0.0048 49.9472
33 49.9472 0.16 49.7872
33 49.7872 0.0016 49.7856
44 50 0.048 49.952
46 50 0.048 49.952
48 50 0.048 49.952
50 50 0.048 49.952
62 50 0.0048 49.9952
47 50 0.0048 49.9952
52 50 0.0048 49.9952
54 50 0.0048 49.9952
56 50 0.0048 49.9952
40 50 0.048 49.952
30 50 0.048 49.952
30 49.952 0.0048 49.9472
30 49.9472 0.16 49.7872
30 49.7872 0.0016 49.7856
41 50 0.048 49.952
35 50 0.0048 49.9952
59 50 0.0048 49.9952
26 50 0.048 49.952
38 50 0.0048 49.9952
44 50 0.048 49.952
46 50 0.048 49.952
48 50 0.048 49.952
50 50 0.048 49.952
62 50 0.0048 49.9952
42 50 0.0048 49.9952
52 50 0.0048 49.9952
56 50 0.0048 49.9952
40 50 0.048 49.952
41 50 0.048 49.952
59 50 0.0048 49.9952
41 49.952 0.0048 49.9472
41 49.9472 0.16 49.7872
41 49.7872 0.0016 49.7856
26 50 0.048 49.952
38 50 0.0048 49.9952
44 50 0.048 49.952
46 50 0.048 49.952
27 50 0.0048 49.9952
48 50 0.048 49.952
50 50 0.048 49.952
62 50 0.0048 49.9952
51 50 0.048 49.952
42 50 0.0048 49.9952
43 50 0.0048 49.9952
56 50 0.0048 49.9952
40 50 0.048 49.952
26 50 0.048 49.952
38 50 0.0048 49.9952
26 49.952 0.0048 49.9472
26 49.9472 0.16 49.7872
26 49.7872 0.0016 49.7856
44 50 0.048 49.952
46 50 0.048 49.952
27 50 0.0048 49.9952
48 50 0.048 49.952
50 50 0.048 49.952
62 50 0.0048 49.9952
51 50 0.048 49.952
51 49.952 0.0048 49.9472
51 49.9472 0.16 49.7872
51 49.7872 0.0016 49.7856
42 50 0.0048 49.9952
43 50 0.0048 49.9952
44 49.952 0.0048 49.9472
51 49.7856 0.0048 49.7808
40 50 0.048 49.952
39 50 0.0048 49.9952
44 50 0.048 49.952
46 50 0.048 49.952
27 50 0.0048 49.9952
48 50 0.048 49.952
50 50 0.048 49.952
62 50 0.0048 49.9952
35 50 0.0048 49.9952
41 50 0.0048 49.9952
42 50 0.0048 49.9952
43 50 0.0048 49.9952
44 49.952 0.0048 49.9472
51 50 0.0048 49.9952
59 50 0.0048 49.9952
40 50 0.048 49.952
44 50 0.048 49.952
46 50 0.048 49.952
27 50 0.0048 49.9952
57 50 0.048 49.952
26 50 0.0048 49.9952
26 49.9952 0.048 49.9472
53 50 0.0048 49.9952
57 49.952 0.0048 49.9472
57 49.9472 0.16 49.7872
26 49.9472 0.016 49.9312
26 49.9312 0.016 49.9152
57 49.7872 0.0016 49.7856
26 49.9152 0.048 49.8672
57 49.7856 0.0048 49.7808
53 49.9952 0.016 49.9792
48 50 0.048 49.952
50 50 0.048 49.952
62 50 0.0048 49.9952
35 50 0.0048 49.9952
41 50 0.0048 49.9952
43 50 0.0048 49.9952
44 49.952 0.0048 49.9472
51 50 0.0048 49.9952
59 50 0.0048 49.9952
40 50 0.048 49.952
44 50 0.048 49.952
46 50 0.048 49.952
27 50 0.0048 49.9952
26 50 0.048 49.952
57 50 0.0048 49.9952
48 50 0.048 49.952
50 50 0.048 49.952
62 50 0.0048 49.9952
37 50 0.048 49.952
58 50 0.0048 49.9952
34 50 0.048 49.952
34 49.952 0.0048 49.9472
34 49.9472 0.16 49.7872
34 49.7872 0.0016 49.7856
35 50 0.0048 49.9952
41 50 0.0048 49.9952
44 49.952 0.0048 49.9472
51 50 0.0048 49.9952
55 50 0.0048 49.9952
59 50 0.0048 49.9952
40 50 0.048 49.952
39 50 0.0048 49.9952
44 50 0.048 49.952
46 50 0.048 49.952
46 49.952 0.0048 49.9472
46 49.9472 0.16 49.7872
46 49.7872 0.0016 49.7856
26 50 0.048 49.952
57 50 0.0048 49.9952
48 50 0.048 49.952
50 50 0.048 49.952
62 50 0.0048 49.9952
50 49.952 0.0048 49.9472
50 49.9472 0.16 49.7872
50 49.7872 0.0016 49.7856
37 50 0.048 49.952
58 50 0.0048 49.9952
35 50 0.0048 49.9952
41 50 0.0048 49.9952
44 49.952 0.0048 49.9472
49 50 0.0048 49.9952
55 50 0.0048 49.9952
59 50 0.0048 49.9952
40 50 0.048 49.952
44 50 0.048 49.952
26 50 0.048 49.952
57 50 0.0048 49.9952
48 50 0.048 49.952
37 50 0.048 49.952
58 50 0.0048 49.9952
49 50 0.0048 49.9952
55 50 0.0048 49.9952
40 50 0.048 49.952
44 50 0.048 49.952
26 50 0.048 49.952
48 50 0.048 49.952
39 50 0.048 49.952
36 50 0.048 49.952
37 50 0.048 49.952
49 50 0.0048 49.9952
55 50 0.0048 49.9952
40 50 0.048 49.952
64 50 0.048 49.952
44 50 0.048 49.952
35 50 0.0048 49.9952
26 50 0.048 49.952
48 50 0.048 49.952
39 50 0.048 49.952
40 49.952 0.0048 49.9472
36 50 0.048 49.952
37 50 0.048 49.952
37 50 0.0048 49.9952
49 50 0.0048 49.9952
40 50 0.048 49.952
39 49.952 0.0048 49.9472
40 49.952 0.0048 49.9472
40 49.9472 0.16 49.7872
40 49.7872 0.0016 49.7856
64 50 0.048 49.952
44 50 0.048 49.952
26 50 0.048 49.952
38 50 0.0048 49.9952
26 49.952 0.0048 49.9472
26 49.9472 0.16 49.7872
26 49.7872 0.0016 49.7856
48 50 0.048 49.952
39 50 0.048 49.952
36 50 0.048 49.952
37 49.9952 0.048 49.9472
28 50 0.0048 49.9952
29 50 0.0048 49.9952
37 50 0.0048 49.9952
58 50 0.0048 49.9952
64 50 0.048 49.952
44 50 0.048 49.952
44 49.952 0.0048 49.9472
44 49.9472 0.16 49.7872
44 49.7872 0.0016 49.7856
48 50 0.048 49.952
48 49.952 0.0048 49.9472
48 49.9472 0.16 49.7872
48 49.7872 0.0016 49.7856
39 50 0.048 49.952
36 50 0.048 49.952
27 50 0.048 49.952
46 50 0.0048 49.9952
46 49.9952 0.048 49.9472
27 49.952 0.0048 49.9472
27 49.9472 0.16 49.7872
46 49.9472 0.016 49.9312
46 49.9312 0.016 49.9152
27 49.7872 0.0016 49.7856
46 49.9152 0.048 49.8672
27 49.7856 0.0048 49.7808
37 49.9952 0.048 49.9472
28 50 0.0048 49.9952
29 50 0.0048 49.9952
37 50 0.0048 49.9952
58 50 0.0048 49.9952
64 50 0.048 49.952
39 50 0.048 49.952
40 50 0.0048 49.9952
40 49.9952 0.048 49.9472
39 49.952 0.0048 49.9472
39 49.9472 0.16 49.7872
40 49.9472 0.016 49.9312
40 49.9312 0.016 49.9152
39 49.7872 0.0016 49.7856
40 49.9152 0.048 49.8672
39 49.7856 0.0048 49.7808
40 49.8672 0.0048 49.8624
40 49.8624 0.16 49.7024
40 49.7024 0.0016 49.7008
36 50 0.048 49.952
46 50 0.048 49.952
27 50 0.0048 49.9952
46 49.952 0.0048 49.9472
46 49.9472 0.16 49.7872
46 49.7872 0.0016 49.7856
63 50 0.048 49.952
37 49.9952 0.048 49.9472
28 50 0.0048 49.9952
29 50 0.0048 49.9952
37 50 0.0048 49.9952
39 49.7808 0.0048 49.776
40 49.846 0.0048 49.8412
58 50 0.0048 49.9952
64 50 0.048 49.952
36 50 0.048 49.952
63 50 0.048 49.952
34 50 0.0048 49.9952
32 50 0.048 49.952
37 49.9952 0.048 49.9472
37 49.9472 0.0048 49.9424
37 49.9424 0.16 49.7824
37 49.7824 0.0016 49.7808
28 50 0.0048 49.9952
29 50 0.0048 49.9952
39 50 0.0048 49.9952
40 50 0.0048 49.9952
60 50 0.0048 49.9952
64 50 0.048 49.952
36 50 0.048 49.952
63 50 0.048 49.952
32 50 0.048 49.952
39 50 0.0048 49.9952
40 50 0.0048 49.9952
60 50 0.0048 49.9952
64 50 0.048 49.952
28 50 0.048 49.952
29 50 0.0048 49.9952
37 50 0.0048 49.9952
58 50 0.0048 49.9952
36 50 0.048 49.952
63 50 0.048 49.952
32 50 0.048 49.952
39 50 0.0048 49.9952
40 50 0.0048 49.9952
60 50 0.0048 49.9952
60 50 0.048 49.952
64 50 0.048 49.952
28 50 0.048 49.952
29 50 0.0048 49.9952
58 50 0.0048 49.9952
36 50 0.048 49.952
36 49.952 0.0048 49.9472
36 49.9472 0.16 49.7872
36 49.7872 0.0016 49.7856
63 50 0.048 49.952
34 50 0.0048 49.9952
32 50 0.048 49.952
32 49.952 0.0048 49.9472
45 50 0.0048 49.9952
60 49.952 0.0048 49.9472
60 50 0.048 49.952
64 50 0.048 49.952
28 50 0.048 49.952
58 50 0.0048 49.9952
63 50 0.048 49.952
32 50 0.048 49.952
45 50 0.0048 49.9952
32 49.952 0.0048 49.9472
45 49.9952 0.0048 49.9904
60 50 0.048 49.952
64 50 0.048 49.952
28 50 0.048 49.952
58 50 0.0048 49.9952
63 50 0.048 49.952
32 50 0.048 49.952
32 49.952 0.0048 49.9472
32 49.9472 0.16 49.7872
32 49.7872 0.0016 49.7856
45 50 0.048 49.952
32 49.7856 0.0048 49.7808
36 50 0.0048 49.9952
45 49.952 0.0048 49.9472
60 50 0.048 49.952
64 50 0.048 49.952
28 50 0.048 49.952
58 50 0.0048 49.9952
63 50 0.048 49.952
45 50 0.048 49.952
32 49.9922 0.0048 49.9874
30 50 0.0048 49.9952
32 49.9874 0.0048 49.9826
36 50 0.0048 49.9952
45 49.952 0.0048 49.9472
60 50 0.048 49.952
64 50 0.048 49.952
28 50 0.048 49.952
58 50 0.0048 49.9952
63 50 0.048 49.952
63 49.952 0.0048 49.9472
63 49.9472 0.16 49.7872
63 49.7872 0.0016 49.7856
45 50 0.048 49.952
32 50 0.0048 49.9952
45 49.952 0.0048 49.9472
45 49.9472 0.16 49.7872
45 49.7872 0.0016 49.7856
30 50 0.0048 49.9952
36 50 0.0048 49.9952
48 50 0.0048 49.9952
61 50 0.0048 49.9952
60 50 0.048 49.952
64 50 0.048 49.952
42 50 0.048 49.952
28 50 0.048 49.952
58 50 0.0048 49.9952
30 50 0.0048 49.9952
36 50 0.0048 49.9952
48 50 0.0048 49.9952
61 50 0.0048 49.9952
47 50 0.048 49.952
60 50 0.048 49.952
60 49.952 0.0048 49.9472
60 49.9472 0.16 49.7872
60 49.7872 0.0016 49.7856
64 50 0.048 49.952
64 49.952 0.0048 49.9472
64 49.9472 0.16 49.7872
64 49.7872 0.0016 49.7856
42 50 0.048 49.952
28 50 0.048 49.952
37 50 0.0048 49.9952
30 50 0.0048 49.9952
33 50 0.0048 49.9952
48 50 0.0048 49.9952
61 50 0.0048 49.9952
47 50 0.048 49.952
47 49.952 0.0048 49.9472
47 49.9472 0.16 49.7872
47 49.7872 0.0016 49.7856
42 50 0.048 49.952
28 50 0.048 49.952
29 50 0.0048 49.9952
37 50 0.0048 49.9952
33 50 0.0048 49.9952
48 50 0.0048 49.9952
61 50 0.0048 49.9952
35 50 0.048 49.952
41 50 0.0048 49.9952
44 50 0.0048 49.9952
56 50 0.048 49.952
42 50 0.048 49.952
28 50 0.048 49.952
33 50 0.0048 49.9952
35 50 0.048 49.952
41 50 0.0048 49.9952
49 50 0.048 49.952
56 50 0.048 49.952
42 50 0.048 49.952
42 49.952 0.0048 49.9472
42 49.9472 0.16 49.7872
42 49.7872 0.0016 49.7856
28 50 0.048 49.952
25 50 0.048 49.952
25 49.952 0.0048 49.9472
25 49.9472 0.16 49.7872
25 49.7872 0.0016 49.7856
29 50 0.048 49.952
33 50 0.0048 49.9952
35 50 0.048 49.952
41 50 0.0048 49.9952
35 49.952 0.0048 49.9472
35 49.9472 0.16 49.7872
35 49.7872 0.0016 49.7856
49 50 0.048 49.952
56 50 0.048 49.952
28 50 0.048 49.952
29 50 0.048 49.952
54 50 0.048 49.952
49 50 0.048 49.952
61 50 0.048 49.952
56 50 0.048 49.952
28 50 0.048 49.952
58 50 0.0048 49.9952
29 50 0.048 49.952
58 49.9952 0.0048 49.9904
53 50 0.048 49.952
38 50 0.0048 49.9952
54 50 0.048 49.952
49 50 0.048 49.952
61 50 0.048 49.952
56 50 0.048 49.952
28 50 0.048 49.952
37 50 0.0048 49.9952
58 50 0.0048 49.9952
26 50 0.048 49.952
57 50 0.0048 49.9952
29 50 0.048 49.952
37 49.9952 0.0048 49.9904
58 49.9952 0.0048 49.9904
53 50 0.048 49.952
54 50 0.048 49.952
49 50 0.048 49.952
61 50 0.048 49.952
56 50 0.048 49.952
28 50 0.048 49.952
37 50 0.0048 49.9952
58 50 0.0048 49.9952
26 50 0.048 49.952
38 50 0.0048 49.9952
57 50 0.0048 49.9952
29 50 0.048 49.952
37 49.9952 0.0048 49.9904
53 50 0.048 49.952
38 49.9952 0.0048 49.9904
54 50 0.048 49.952
49 50 0.048 49.952
61 50 0.048 49.952
56 50 0.048 49.952
28 50 0.048 49.952
29 50 0.0048 49.9952
26 50 0.048 49.952
57 50 0.0048 49.9952
29 49.9952 0.048 49.9472
28 49.952 0.0048 49.9472
25 50 0.0048 49.9952
53 50 0.048 49.952
38 50 0.0048 49.9952
57 50 0.0048 49.9952
54 50 0.048 49.952
55 50 0.048 49.952
55 49.952 0.0048 49.9472
55 49.9472 0.16 49.7872
55 49.7872 0.0016 49.7856
49 50 0.048 49.952
61 50 0.048 49.952
56 50 0.048 49.952
28 50 0.048 49.952
29 50 0.0048 49.9952
37 50 0.0048 49.9952
58 50 0.0048 49.9952
26 50 0.048 49.952
57 49.9952 0.0048 49.9904
62 50 0.048 49.952
50 50 0.0048 49.9952
29 49.9952 0.048 49.9472
28 49.952 0.0048 49.9472
37 49.9952 0.0048 49.9904
25 50 0.0048 49.9952
53 50 0.048 49.952
54 50 0.048 49.952
49 50 0.048 49.952
55 50 0.0048 49.9952
61 50 0.048 49.952
56 50 0.048 49.952
58 49.9952 0.048 49.9472
28 50 0.0048 49.9952
37 50 0.0048 49.9952
58 49.9472 0.0048 49.9424
58 49.9424 0.16 49.7824
58 49.7824 0.0016 49.7808
28 49.9952 0.048 49.9472
37 49.9952 0.0048 49.9904
58 50 0.0048 49.9952
26 50 0.048 49.952
57 50 0.0048 49.9952
62 50 0.048 49.952
50 50 0.0048 49.9952
29 50 0.048 49.952
25 50 0.0048 49.9952
53 50 0.048 49.952
38 50 0.0048 49.9952
54 50 0.048 49.952
49 50 0.048 49.952
61 50 0.048 49.952
56 50 0.048 49.952
43 50 0.048 49.952
28 50 0.048 49.952
37 50 0.0048 49.9952
58 50 0.0048 49.9952
26 50 0.048 49.952
57 50 0.0048 49.9952
62 50 0.048 49.952
50 50 0.0048 49.9952
29 50 0.048 49.952
29 49.952 0.0048 49.9472
29 49.9472 0.16 49.7872
29 49.7872 0.0016 49.7856
25 50 0.0048 49.9952
53 50 0.048 49.952
38 50 0.0048 49.9952
54 50 0.048 49.952
49 50 0.048 49.952
61 50 0.048 49.952
56 50 0.048 49.952
43 50 0.048 49.952
48 50 0.048 49.952
28 50 0.048 49.952
37 50 0.0048 49.9952
58 50 0.0048 49.9952
26 50 0.048 49.952
57 50 0.0048 49.9952
62 50 0.048 49.952
50 50 0.0048 49.9952
53 50 0.048 49.952
38 50 0.0048 49.9952
54 50 0.048 49.952
49 50 0.048 49.952
49 49.952 0.0048 49.9472
49 49.9472 0.16 49.7872
49 49.7872 0.0016 49.7856
61 50 0.048 49.952
56 50 0.048 49.952
43 50 0.048 49.952
48 50 0.048 49.952
27 50 0.048 49.952
46 50 0.0048 49.9952
46 49.9952 0.048 49.9472
27 49.952 0.0048 49.9472
27 49.9472 0.16 49.7872
46 49.9472 0.016 49.9312
46 49.9312 0.016 49.9152
27 49.7872 0.0016 49.7856
46 49.9152 0.048 49.8672
27 49.7856 0.0048 49.7808
28 50 0.048 49.952
37 50 0.0048 49.9952
58 50 0.0048 49.9952
26 50 0.048 49.952
26 49.952 0.0048 49.9472
26 49.9472 0.16 49.7872
26 49.7872 0.0016 49.7856
62 50 0.048 49.952
50 50 0.0048 49.9952
62 49.952 0.0048 49.9472
62 49.9472 0.16 49.7872
62 49.7872 0.0016 49.7856
27 49.7808 0.0048 49.776
31 50 0.0048 49.9952
53 50 0.048 49.952
38 50 0.0048 49.9952
54 50 0.048 49.952
61 50 0.048 49.952
56 50 0.048 49.952
43 50 0.048 49.952
48 50 0.048 49.952
46 50 0.048 49.952
27 50 0.0048 49.9952
28 50 0.048 49.952
37 50 0.0048 49.9952
58 50 0.0048 49.9952
44 50 0.048 49.952
41 50 0.0048 49.9952
44 49.952 0.0048 49.9472
44 49.9472 0.16 49.7872
44 49.7872 0.0016 49.7856
27 49.9952 0.0048 49.9904
31 50 0.0048 49.9952
46 49.952 0.0048 49.9472
53 50 0.048 49.952
38 50 0.0048 49.9952
57 50 0.0048 49.9952
54 50 0.048 49.952
61 50 0.048 49.952
56 50 0.048 49.952
43 50 0.048 49.952
59 50 0.048 49.952
41 49.9952 0.0048 49.9904
59 49.952 0.0048 49.9472
59 49.9472 0.16 49.7872
59 49.7872 0.0016 49.7856
48 50 0.048 49.952
46 50 0.048 49.952
27 50 0.0048 49.9952
28 50 0.048 49.952
37 50 0.0048 49.9952
58 50 0.0048 49.9952
41 50 0.048 49.952
59 49.7856 0.0048 49.7808
27 49.9952 0.0048 49.9904
31 50 0.0048 49.9952
46 49.952 0.0048 49.9472
39 50 0.048 49.952
40 50 0.0048 49.9952
53 50 0.048 49.952
54 50 0.048 49.952
61 50 0.048 49.952
56 50 0.048 49.952
43 50 0.048 49.952
48 50 0.048 49.952
46 50 0.048 49.952
27 50 0.0048 49.9952
28 50 0.048 49.952
37 50 0.0048 49.9952
41 50 0.048 49.952
44 50 0.0048 49.9952
59 50 0.0048 49.9952
34 50 0.048 49.952
38 50 0.048 49.952
53 50 0.0048 49.9952
57 50 0.0048 49.9952
27 49.9952 0.0048 49.9904
31 50 0.0048 49.9952
46 49.952 0.0048 49.9472
50 50 0.0048 49.9952
62 50 0.0048 49.9952
39 50 0.048 49.952
53 49.9952 0.048 49.9472
38 49.952 0.0048 49.9472
57 49.9952 0.0048 49.9904
54 50 0.048 49.952
61 50 0.048 49.952
56 50 0.048 49.952
43 50 0.048 49.952
48 50 0.048 49.952
46 50 0.048 49.952
28 50 0.048 49.952
41 50 0.048 49.952
44 50 0.0048 49.9952
59 50 0.0048 49.9952
34 50 0.048 49.952
63 50 0.0048 49.9952
34 49.952 0.0048 49.9472
34 49.9472 0.16 49.7872
34 49.7872 0.0016 49.7856
52 50 0.048 49.952
38 50 0.048 49.952
53 50 0.0048 49.9952
57 50 0.0048 49.9952
34 49.7856 0.0048 49.7808
46 49.952 0.0048 49.9472
50 50 0.0048 49.9952
62 50 0.0048 49.9952
63 49.9952 0.0048 49.9904
39 50 0.048 49.952
53 49.9952 0.048 49.9472
38 49.952 0.0048 49.9472
53 49.9472 0.0048 49.9424
53 49.9424 0.16 49.7824
53 49.7824 0.0016 49.7808
54 50 0.048 49.952
33 50 0.048 49.952
61 50 0.048 49.952
56 50 0.048 49.952
43 50 0.048 49.952
48 50 0.048 49.952
46 50 0.048 49.952
28 50 0.048 49.952
41 50 0.048 49.952
44 50 0.0048 49.9952
59 50 0.0048 49.9952
32 50 0.048 49.952
52 50 0.048 49.952
38 50 0.048 49.952
53 50 0.0048 49.9952
34 50 0.0048 49.9952
50 50 0.0048 49.9952
62 50 0.0048 49.9952
63 50 0.0048 49.9952
39 50 0.048 49.952
40 50 0.0048 49.9952
54 50 0.048 49.952
33 50 0.048 49.952
61 50 0.048 49.952
56 50 0.048 49.952
43 50 0.048 49.952
48 50 0.048 49.952
46 50 0.048 49.952
27 50 0.0048 49.9952
28 50 0.048 49.952
37 50 0.0048 49.9952
58 50 0.0048 49.9952
41 50 0.048 49.952
59 50 0.0048 49.9952
32 50 0.048 49.952
32 49.952 0.0048 49.9472
32 49.9472 0.16 49.7872
32 49.7872 0.0016 49.7856
30 50 0.048 49.952
52 50 0.048 49.952
38 50 0.048 49.952
53 50 0.0048 49.9952
34 50 0.0048 49.9952
38 49.952 0.0048 49.9472
50 50 0.0048 49.9952
53 49.9952 0.0048 49.9904
62 50 0.0048 49.9952
63 50 0.0048 49.9952
39 50 0.048 49.952
40 50 0.0048 49.9952
54 50 0.048 49.952
33 50 0.048 49.952
61 50 0.048 49.952
56 50 0.048 49.952
43 50 0.048 49.952
48 50 0.048 49.952
46 50 0.048 49.952
28 50 0.048 49.952
37 50 0.0048 49.9952
58 50 0.0048 49.9952
41 50 0.048 49.952
59 50 0.0048 49.9952
30 50 0.048 49.952
52 50 0.048 49.952
38 50 0.048 49.952
53 50 0.0048 49.9952
26 50 0.0048 49.9952
34 50 0.0048 49.9952
38 49.952 0.0048 49.9472
53 49.9952 0.0048 49.9904
57 50 0.0048 49.9952
63 50 0.0048 49.9952
39 50 0.048 49.952
40 50 0.0048 49.9952
54 50 0.048 49.952
33 50 0.048 49.952
61 50 0.048 49.952
40 49.9952 0.048 49.9472
40 49.9472 0.0048 49.9424
40 49.9424 0.16 49.7824
40 49.7824 0.0016 49.7808
56 50 0.048 49.952
31 50 0.048 49.952
43 50 0.048 49.952
43 49.952 0.0048 49.9472
43 49.9472 0.16 49.7872
43 49.7872 0.0016 49.7856
48 50 0.048 49.952
46 50 0.048 49.952
27 50 0.0048 49.9952
28 50 0.048 49.952
37 50 0.0048 49.9952
58 50 0.0048 49.9952
41 50 0.048 49.952
59 50 0.0048 49.9952
30 50 0.048 49.952
52 50 0.048 49.952
52 49.952 0.0048 49.9472
52 49.9472 0.16 49.7872
52 49.7872 0.0016 49.7856
38 50 0.048 49.952
53 50 0.0048 49.9952
38 49.952 0.0048 49.9472
38 49.9472 0.16 49.7872
38 49.7872 0.0016 49.7856
26 50 0.0048 49.9952
38 49.7856 0.0048 49.7808
53 49.9952 0.0048 49.9904
57 50 0.0048 49.9952
63 50 0.0048 49.9952
39 50 0.048 49.952
54 50 0.048 49.952
33 50 0.048 49.952
61 50 0.048 49.952
56 50 0.048 49.952
31 50 0.048 49.952
27 50 0.0048 49.9952
48 50 0.048 49.952
46 50 0.048 49.952
28 50 0.048 49.952
37 50 0.0048 49.9952
58 50 0.0048 49.9952
41 50 0.048 49.952
59 50 0.0048 49.9952
30 50 0.048 49.952
26 50 0.0048 49.9952
38 50 0.0048 49.9952
53 50 0.0048 49.9952
57 50 0.0048 49.9952
39 50 0.048 49.952
40 50 0.0048 49.9952
54 50 0.048 49.952
54 49.952 0.0048 49.9472
54 49.9472 0.16 49.7872
54 49.7872 0.0016 49.7856
33 50 0.048 49.952
47 50 0.048 49.952
61 50 0.048 49.952
56 50 0.048 49.952
31 50 0.048 49.952
27 50 0.0048 49.9952
31 49.952 0.0048 49.9472
31 49.9472 0.16 49.7872
31 49.7872 0.0016 49.7856
48 50 0.048 49.952
46 50 0.048 49.952
28 50 0.048 49.952
37 50 0.0048 49.9952
41 50 0.048 49.952
59 50 0.0048 49.9952
30 50 0.048 49.952
26 50 0.0048 49.9952
57 50 0.0048 49.9952
39 50 0.048 49.952
33 50 0.048 49.952
47 50 0.048 49.952
47 49.952 0.0048 49.9472
47 49.9472 0.16 49.7872
47 49.7872 0.0016 49.7856
61 50 0.048 49.952
57 49.9952 0.048 49.9472
26 49.9952 0.0048 49.9904
38 50 0.0048 49.9952
53 50 0.0048 49.9952
56 50 0.048 49.952
48 50 0.048 49.952
46 50 0.048 49.952
27 50 0.0048 49.9952
46 49.952 0.0048 49.9472
46 49.9472 0.16 49.7872
46 49.7872 0.0016 49.7856
28 50 0.048 49.952
37 50 0.0048 49.9952
58 50 0.0048 49.9952
41 50 0.048 49.952
51 50 0.048 49.952
30 50 0.048 49.952
64 50 0.048 49.952
64 49.952 0.0048 49.9472
64 49.9472 0.16 49.7872
64 49.7872 0.0016 49.7856
39 50 0.048 49.952
33 50 0.048 49.952
61 50 0.048 49.952
57 50 0.048 49.952
26 50 0.0048 49.9952
53 50 0.0048 49.9952
56 50 0.048 49.952
48 50 0.048 49.952
28 50 0.048 49.952
37 50 0.0048 49.9952
58 50 0.0048 49.9952
41 50 0.048 49.952
44 50 0.0048 49.9952
51 50 0.048 49.952
30 50 0.048 49.952
64 49.9678 0.0048 49.963
39 50 0.048 49.952
40 50 0.0048 49.9952
39 49.952 0.0048 49.9472
39 49.9472 0.16 49.7872
39 49.7872 0.0016 49.7856
33 50 0.048 49.952
61 50 0.048 49.952
57 50 0.048 49.952
53 50 0.0048 49.9952
56 50 0.048 49.952
48 50 0.048 49.952
28 50 0.048 49.952
37 50 0.0048 49.9952
58 50 0.0048 49.9952
41 50 0.048 49.952
44 50 0.0048 49.9952
59 50 0.0048 49.9952
51 50 0.048 49.952
51 49.952 0.0048 49.9472
51 49.9472 0.16 49.7872
51 49.7872 0.0016 49.7856
35 50 0.048 49.952
35 49.952 0.0048 49.9472
35 49.9472 0.16 49.7872
35 49.7872 0.0016 49.7856
30 50 0.048 49.952
36 50 0.048 49.952
47 50 0.0048 49.9952
54 50 0.0048 49.9952
64 50 0.0048 49.9952
33 50 0.048 49.952
61 50 0.048 49.952
57 50 0.048 49.952
26 50 0.0048 49.9952
53 50 0.0048 49.9952
56 50 0.048 49.952
48 50 0.048 49.952
28 50 0.048 49.952
37 50 0.0048 49.9952
41 50 0.048 49.952
44 50 0.0048 49.9952
30 50 0.048 49.952
36 50 0.048 49.952
47 50 0.0048 49.9952
54 50 0.0048 49.9952
64 50 0.0048 49.9952
33 50 0.048 49.952
61 50 0.048 49.952
57 50 0.048 49.952
26 50 0.0048 49.9952
57 49.952 0.0048 49.9472
57 49.9472 0.16 49.7872
57 49.7872 0.0016 49.7856
56 50 0.048 49.952
48 50 0.048 49.952
28 50 0.048 49.952
37 50 0.0048 49.9952
58 50 0.0048 49.9952
41 50 0.048 49.952
44 50 0.0048 49.9952
30 50 0.048 49.952
30 49.952 0.0048 49.9472
30 49.9472 0.16 49.7872
30 49.7872 0.0016 49.7856
36 50 0.048 49.952
47 50 0.0048 49.9952
52 50 0.0048 49.9952
54 50 0.0048 49.9952
64 50 0.0048 49.9952
45 50 0.048 49.952
33 50 0.048 49.952
33 49.952 0.0048 49.9472
33 49.9472 0.16 49.7872
33 49.7872 0.0016 49.7856
61 50 0.048 49.952
56 50 0.048 49.952
56 49.952 0.0048 49.9472
56 49.9472 0.16 49.7872
56 49.7872 0.0016 49.7856
48 50 0.048 49.952
50 50 0.048 49.952
28 50 0.048 49.952
37 50 0.0048 49.9952
58 50 0.0048 49.9952
28 49.952 0.0048 49.9472
28 49.9472 0.16 49.7872
28 49.7872 0.0016 49.7856
41 50 0.048 49.952
44 50 0.0048 49.9952
59 50 0.0048 49.9952
36 50 0.048 49.952
47 50 0.0048 49.9952
52 50 0.0048 49.9952
54 50 0.0048 49.9952
56 49.9579 0.0048 49.9531
45 50 0.048 49.952
45 49.952 0.0048 49.9472
45 49.9472 0.16 49.7872
45 49.7872 0.0016 49.7856
61 50 0.048 49.952
48 50 0.048 49.952
50 50 0.048 49.952
62 50 0.0048 49.9952
50 49.952 0.0048 49.9472
50 49.9472 0.16 49.7872
50 49.7872 0.0016 49.7856
41 50 0.048 49.952
44 50 0.0048 49.9952
59 50 0.0048 49.9952
36 50 0.048 49.952
52 50 0.0048 49.9952
56 50 0.0048 49.9952
61 50 0.048 49.952
48 50 0.048 49.952
48 49.952 0.0048 49.9472
48 49.9472 0.16 49.7872
48 49.7872 0.0016 49.7856
41 50 0.048 49.952
44 50 0.0048 49.9952
59 50 0.0048 49.9952
36 50 0.048 49.952
42 50 0.0048 49.9952
43 50 0.0048 49.9952
52 50 0.0048 49.9952
56 50 0.0048 49.9952
61 50 0.048 49.952
41 50 0.048 49.952
44 50 0.0048 49.9952
59 50 0.0048 49.9952
36 50 0.048 49.952
42 50 0.0048 49.9952
43 50 0.0048 49.9952
51 50 0.0048 49.9952
56 50 0.0048 49.9952
61 50 0.048 49.952
42 49.9952 0.048 49.9472
42 49.9472 0.0048 49.9424
42 49.9424 0.16 49.7824
42 49.7824 0.0016 49.7808
41 50 0.048 49.952
44 50 0.0048 49.9952
59 50 0.0048 49.9952
36 50 0.048 49.952
30 50 0.0048 49.9952
30 49.9952 0.048 49.9472
36 49.952 0.0048 49.9472
36 49.9472 0.16 49.7872
30 49.9472 0.016 49.9312
30 49.9312 0.016 49.9152
36 49.7872 0.0016 49.7856
30 49.9152 0.048 49.8672
36 49.7856 0.0048 49.7808
35 50 0.0048 49.9952
42 50 0.0048 49.9952
43 50 0.0048 49.9952
51 50 0.0048 49.9952
61 50 0.048 49.952
61 49.952 0.0048 49.9472
61 49.9472 0.16 49.7872
61 49.7872 0.0016 49.7856
63 50 0.048 49.952
60 50 0.048 49.952
41 50 0.048 49.952
44 50 0.0048 49.9952
59 50 0.0048 49.9952
30 50 0.048 49.952
35 50 0.0048 49.9952
41 49.952 0.0048 49.9472
42 50 0.0048 49.9952
43 50 0.0048 49.9952
44 49.9952 0.0048 49.9904
51 50 0.0048 49.9952
59 50 0.0048 49.9952
63 50 0.048 49.952
60 50 0.048 49.952
60 49.952 0.0048 49.9472
60 49.9472 0.16 49.7872
60 49.7872 0.0016 49.7856
41 50 0.048 49.952
44 50 0.0048 49.9952
37 50 0.048 49.952
28 50 0.0048 49.9952
28 49.9952 0.048 49.9472
29 50 0.0048 49.9952
29 49.9952 0.048 49.9472
58 50 0.0048 49.9952
37 49.952 0.0096 49.9424
37 49.9424 0.16 49.7824
28 49.9472 0.016 49.9312
29 49.9472 0.016 49.9312
29 49.9312 0.016 49.9152
37 49.7824 0.0016 49.7808
29 49.9152 0.048 49.8672
28 49.9312 0.0048 49.9264
37 49.7808 0.0048 49.776
58 49.9952 0.0048 49.9904
58 49.9904 0.016 49.9744
30 50 0.048 49.952
36 50 0.0048 49.9952
35 50 0.0048 49.9952
41 49.952 0.0048 49.9472
43 50 0.0048 49.9952
44 49.9952 0.0048 49.9904
51 50 0.0048 49.9952
59 50 0.0048 49.9952
63 50 0.048 49.952
41 50 0.048 49.952
29 50 0.048 49.952
28 50 0.0048 49.9952
37 50 0.0048 49.9952
58 50 0.0048 49.9952
30 50 0.048 49.952
35 50 0.0048 49.9952
41 49.952 0.0048 49.9472
44 50 0.0048 49.9952
49 50 0.0048 49.9952
55 50 0.0048 49.9952
59 50 0.0048 49.9952
58 49.9952 0.048 49.9472
28 49.9952 0.0048 49.9904
28 49.9904 0.048 49.9424
29 50 0.0048 49.9952
37 50 0.0048 49.9952
58 49.9472 0.0048 49.9424
58 49.9424 0.16 49.7824
28 49.9424 0.016 49.9264
28 49.9264 0.016 49.9104
58 49.7824 0.0016 49.7808
28 49.9104 0.048 49.8624
37 49.9952 0.0048 49.9904
58 49.7808 0.0048 49.776
29 49.9952 0.016 49.9792
37 49.9904 0.016 49.9744
63 50 0.048 49.952
41 50 0.048 49.952
44 50 0.0048 49.9952
29 49.9792 0.048 49.9312
58 50 0.0048 49.9952
30 50 0.048 49.952
41 49.952 0.0048 49.9472
44 49.9952 0.0048 49.9904
49 50 0.0048 49.9952
55 50 0.0048 49.9952
59 50 0.0048 49.9952
28 50 0.048 49.952
58 49.9952 0.0048 49.9904
63 50 0.048 49.952
41 50 0.048 49.952
29 50 0.048 49.952
30 50 0.048 49.952
49 50 0.0048 49.9952
55 50 0.0048 49.9952
28 50 0.048 49.952
63 50 0.048 49.952
41 50 0.048 49.952
29 50 0.048 49.952
30 50 0.048 49.952
49 50 0.0048 49.9952
55 50 0.0048 49.9952
28 50 0.048 49.952
63 50 0.048 49.952
41 50 0.048 49.952
29 50 0.048 49.952
30 50 0.048 49.952
28 50 0.0048 49.9952
29 49.952 0.0048 49.9472
37 50 0.0048 49.9952
58 50 0.0048 49.9952
28 49.9952 0.048 49.9472
63 50 0.048 49.952
63 49.952 0.0048 49.9472
63 49.9472 0.16 49.7872
63 49.7872 0.0016 49.7856
62 50 0.048 49.952
62 49.952 0.0048 49.9472
62 49.9472 0.16 49.7872
62 49.7872 0.0016 49.7856
41 50 0.048 49.952
44 50 0.0048 49.9952
59 50 0.0048 49.9952
29 50 0.048 49.952
30 50 0.048 49.952
30 49.952 0.0048 49.9472
30 49.9472 0.16 49.7872
30 49.7872 0.0016 49.7856
28 50 0.0048 49.9952
29 49.952 0.0048 49.9472
37 50 0.0048 49.9952
58 50 0.0048 49.9952
28 49.9952 0.048 49.9472
59 50 0.048 49.952
44 50 0.0048 49.9952
59 49.952 0.0048 49.9472
59 49.9472 0.16 49.7872
59 49.7872 0.0016 49.7856
41 50 0.048 49.952
29 50 0.048 49.952
28 50 0.0048 49.9952
29 49.952 0.0048 49.9472
37 50 0.0048 49.9952
40 50 0.0048 49.9952
58 50 0.0048 49.9952
28 49.9952 0.048 49.9472
27 50 0.048 49.952
46 50 0.0048 49.9952
46 49.9952 0.048 49.9472
27 49.952 0.0048 49.9472
27 49.9472 0.16 49.7872
46 49.9472 0.016 49.9312
46 49.9312 0.016 49.9152
27 49.7872 0.0016 49.7856
46 49.9152 0.048 49.8672
27 49.7856 0.0048 49.7808
46 49.8672 0.0048 49.8624
46 49.8624 0.16 49.7024
46 49.7024 0.0016 49.7008
38 50 0.048 49.952
53 50 0.0048 49.9952
41 50 0.048 49.952
44 50 0.0048 49.9952
29 50 0.048 49.952
37 49.9952 0.0048 49.9904
58 50 0.0048 49.9952
28 50 0.0048 49.9952
29 49.952 0.0048 49.9472
37 50 0.0048 49.9952
39 50 0.0048 49.9952
40 50 0.0048 49.9952
58 49.9952 0.0048 49.9904
60 50 0.0048 49.9952
28 49.9952 0.048 49.9472
38 50 0.048 49.952
53 50 0.0048 49.9952
41 50 0.048 49.952
44 50 0.0048 49.9952
29 50 0.048 49.952
37 49.9952 0.0048 49.9904
58 50 0.0048 49.9952
39 50 0.0048 49.9952
40 50 0.0048 49.9952
60 50 0.0048 49.9952
28 50 0.048 49.952
38 50 0.048 49.952
41 50 0.048 49.952
44 50 0.0048 49.9952
29 50 0.048 49.952
37 50 0.0048 49.9952
58 50 0.0048 49.9952
39 50 0.0048 49.9952
40 50 0.0048 49.9952
60 50 0.0048 49.9952
49 50 0.048 49.952
43 50 0.048 49.952
28 50 0.048 49.952
28 49.952 0.0048 49.9472
28 49.9472 0.16 49.7872
28 49.7872 0.0016 49.7856
38 50 0.048 49.952
41 50 0.048 49.952
44 50 0.0048 49.9952
29 50 0.048 49.952
37 50 0.0048 49.9952
29 49.952 0.0048 49.9472
29 49.9472 0.16 49.7872
29 49.7872 0.0016 49.7856
39 50 0.0048 49.9952
45 50 0.0048 49.9952
60 50 0.0048 49.9952
49 50 0.048 49.952
43 50 0.048 49.952
53 50 0.048 49.952
26 50 0.0048 49.9952
26 49.9952 0.048 49.9472
53 49.952 0.0048 49.9472
53 49.9472 0.16 49.7872
26 49.9472 0.016 49.9312
26 49.9312 0.016 49.9152
53 49.7872 0.0016 49.7856
26 49.9152 0.048 49.8672
53 49.7856 0.0048 49.7808
38 50 0.048 49.952
41 50 0.048 49.952
44 50 0.0048 49.9952
32 50 0.0048 49.9952
45 50 0.0048 49.9952
60 50 0.0048 49.9952
31 50 0.048 49.952
49 50 0.048 49.952
43 50 0.048 49.952
26 50 0.048 49.952
38 50 0.048 49.952
52 50 0.048 49.952
41 50 0.048 49.952
44 50 0.0048 49.9952
32 50 0.0048 49.9952
45 50 0.0048 49.9952
31 50 0.048 49.952
49 50 0.048 49.952
43 50 0.048 49.952
26 50 0.048 49.952
38 50 0.048 49.952
52 50 0.048 49.952
41 50 0.048 49.952
44 50 0.0048 49.9952
59 50 0.0048 49.9952
32 50 0.0048 49.9952
36 50 0.0048 49.9952
45 50 0.0048 49.9952
31 50 0.048 49.952
49 50 0.048 49.952
43 50 0.048 49.952
26 50 0.048 49.952
38 50 0.048 49.952
53 50 0.0048 49.9952
52 50 0.048 49.952
41 50 0.048 49.952
44 50 0.0048 49.9952
59 50 0.0048 49.9952
30 50 0.0048 49.9952
32 50 0.0048 49.9952
36 50 0.0048 49.9952
45 50 0.0048 49.9952
48 50 0.0048 49.9952
31 50 0.048 49.952
31 49.952 0.0048 49.9472
31 49.9472 0.16 49.7872
31 49.7872 0.0016 49.7856
49 50 0.048 49.952
43 50 0.048 49.952
26 50 0.048 49.952
38 50 0.048 49.952
53 50 0.0048 49.9952
52 50 0.048 49.952
41 50 0.048 49.952
44 50 0.0048 49.9952
59 50 0.0048 49.9952
25 50 0.048 49.952
54 50 0.048 49.952
54 49.952 0.0048 49.9472
54 49.9472 0.16 49.7872
54 49.7872 0.0016 49.7856
