0 1606
0 1607
0 1608
0 1609
0 1611
0 1613
0 1615
28 1616
18 1616
19 1616
20 1616
21 1616
22 1616
23 1616
24 1616
41 1612
15 1612
16 1612
17 1612
18 1612
19 1612
20 1612
21 1612
22 1612
23 1612
24 1612
47 1614
41 1614
15 1614
16 1614
17 1614
18 1614
19 1614
20 1614
21 1614
22 1614
23 1614
24 1614
30 1624
0 1626
0 1628
39 1630
0 1631
0 1632
0 1635
26 1636
15 1636
16 1636
17 1636
18 1636
19 1636
20 1636
21 1636
22 1636
23 1636
24 1636
0 1639
45 1621
16 1621
17 1621
18 1621
19 1621
20 1621
21 1621
22 1621
23 1621
24 1621
0 1640
0 1643
43 1644
21 1644
22 1644
23 1644
24 1644
38 1641
16 1641
17 1641
18 1641
19 1641
20 1641
21 1641
22 1641
23 1641
24 1641
44 1642
19 1642
20 1642
21 1642
22 1642
23 1642
24 1642
0 1648
34 1633
14 1633
15 1633
16 1633
17 1633
18 1633
19 1633
20 1633
21 1633
22 1633
23 1633
24 1633
53 1646
36 1617
16 1617
17 1617
18 1617
19 1617
20 1617
21 1617
22 1617
23 1617
24 1617
0 1650
25 1649
1 1649
0 1652
40 1638
51 1619
4 1619
3 1619
2 1619
1 1619
37 1624
19 1624
20 1624
21 1624
22 1624
23 1624
24 1624
50 1634
3 1634
2 1634
1 1634
0 1653
0 1658
49 1654
24 1654
46 1657
17 1657
18 1657
19 1657
20 1657
21 1657
22 1657
23 1657
24 1657
52 1647
16 1647
17 1647
18 1647
19 1647
20 1647
21 1647
22 1647
23 1647
24 1647
0 1660
0 1661
0 1662
0 1663
35 1651
17 1651
18 1651
19 1651
20 1651
21 1651
22 1651
23 1651
24 1651
0 1664
32 1637
11 1637
10 1637
9 1637
8 1637
7 1637
6 1637
5 1637
4 1637
3 1637
2 1637
1 1637
33 1656
18 1656
19 1656
20 1656
21 1656
22 1656
23 1656
24 1656
0 1665
27 1645
18 1645
19 1645
20 1645
21 1645
22 1645
23 1645
24 1645
0 1667
0 1668
0 1669
28 1666
30 1670
0 1671
0 1672
48 1629
21 1629
22 1629
23 1629
24 1629
0 1673
54 1659
23 1659
24 1659
0 1674
0 1675
0 1676
42 1655
18 1655
19 1655
20 1655
21 1655
22 1655
23 1655
24 1655
0 1677
41 1678
0 1679
47 1678
6 1678
5 1678
4 1678
3 1678
2 1678
1 1678
0 1680
0 1681
31 1627
14 1627
15 1627
16 1627
17 1627
18 1627
19 1627
20 1627
21 1627
22 1627
23 1627
24 1627
0 1682
0 1683
0 1685
39 1684
29 1620
12 1620
11 1620
10 1620
9 1620
8 1620
7 1620
6 1620
5 1620
4 1620
3 1620
2 1620
1 1620
31 1684
16 1684
17 1684
18 1684
19 1684
20 1684
21 1684
22 1684
23 1684
24 1684
40 1666
12 1666
11 1666
10 1666
9 1666
8 1666
7 1666
6 1666
5 1666
4 1666
3 1666
2 1666
1 1666
36 1692
6 1692
5 1692
4 1692
3 1692
2 1692
1 1692
0 1697
43 1687
12 1687
11 1687
10 1687
9 1687
8 1687
7 1687
6 1687
5 1687
4 1687
3 1687
2 1687
1 1687
26 1691
8 1691
7 1691
6 1691
5 1691
4 1691
3 1691
2 1691
1 1691
35 1694
4 1694
3 1694
2 1694
1 1694
0 1698
0 1699
37 1670
10 1670
9 1670
8 1670
7 1670
6 1670
5 1670
4 1670
3 1670
2 1670
1 1670
0 1702
0 1704
45 1700
10 1700
9 1700
8 1700
7 1700
6 1700
5 1700
4 1700
3 1700
2 1700
1 1700
50 1701
20 1701
21 1701
22 1701
23 1701
24 1701
0 1709
47 1708
14 1708
15 1708
16 1708
17 1708
18 1708
19 1708
20 1708
21 1708
22 1708
23 1708
24 1708
51 1710
0 1711
40 1703
18 1703
19 1703
20 1703
21 1703
22 1703
23 1703
24 1703
0 1712
34 1707
8 1707
7 1707
6 1707
5 1707
4 1707
3 1707
2 1707
1 1707
46 1696
9 1696
8 1696
7 1696
6 1696
5 1696
4 1696
3 1696
2 1696
1 1696
49 1705
17 1705
18 1705
19 1705
20 1705
21 1705
22 1705
23 1705
24 1705
54 1714
10 1714
9 1714
8 1714
7 1714
6 1714
5 1714
4 1714
3 1714
2 1714
1 1714
52 1706
9 1706
8 1706
7 1706
6 1706
5 1706
4 1706
3 1706
2 1706
1 1706
31 1710
24 1710
0 1721
0 1722
0 1723
33 1724
11 1724
10 1724
9 1724
8 1724
7 1724
6 1724
5 1724
4 1724
3 1724
2 1724
1 1724
0 1725
53 1726
23 1726
24 1726
38 1713
14 1713
15 1713
16 1713
17 1713
18 1713
19 1713
20 1713
21 1713
22 1713
23 1713
24 1713
0 1727
44 1716
18 1716
19 1716
20 1716
21 1716
22 1716
23 1716
24 1716
0 1728
0 1731
0 1733
27 1732
13 1732
14 1732
15 1732
16 1732
17 1732
18 1732
19 1732
20 1732
21 1732
22 1732
23 1732
24 1732
0 1735
0 1737
41 1734
22 1734
23 1734
24 1734
0 1738
0 1739
0 1741
0 1742
43 1743
24 1743
39 1730
6 1730
5 1730
4 1730
3 1730
2 1730
1 1730
0 1744
28 1736
2 1736
1 1736
0 1747
0 1749
0 1750
0 1751
25 1729
5 1729
4 1729
3 1729
2 1729
1 1729
0 1753
0 1754
0 1755
42 1719
15 1719
16 1719
17 1719
18 1719
19 1719
20 1719
21 1719
22 1719
23 1719
24 1719
0 1756
0 1758
29 1759
7 1759
6 1759
5 1759
4 1759
3 1759
2 1759
1 1759
0 1760
35 1740
21 1740
22 1740
23 1740
24 1740
0 1762
30 1748
1 1748
0 1763
53 1761
9 1761
8 1761
7 1761
6 1761
5 1761
4 1761
3 1761
2 1761
1 1761
0 1764
32 1745
16 1745
17 1745
18 1745
19 1745
20 1745
21 1745
22 1745
23 1745
24 1745
0 1765
45 1766
2 1766
1 1766
0 1767
0 1770
0 1771
36 1757
2 1757
1 1757
0 1774
0 1777
52 1773
1 1773
0 1778
0 1782
44 1776
8 1776
7 1776
6 1776
5 1776
4 1776
3 1776
2 1776
1 1776
27 1785
35 1785
2 1785
1 1785
46 1781
4 1781
3 1781
2 1781
1 1781
48 1752
3 1752
2 1752
1 1752
54 1788
40 1786
14 1786
15 1786
16 1786
17 1786
18 1786
19 1786
20 1786
21 1786
22 1786
23 1786
24 1786
28 1779
14 1779
15 1779
16 1779
17 1779
18 1779
19 1779
20 1779
21 1779
22 1779
23 1779
24 1779
31 1746
18 1746
19 1746
20 1746
21 1746
22 1746
23 1746
24 1746
37 1780
8 1780
7 1780
6 1780
5 1780
4 1780
3 1780
2 1780
1 1780
47 1775
11 1775
10 1775
9 1775
8 1775
7 1775
6 1775
5 1775
4 1775
3 1775
2 1775
1 1775
26 1768
8 1768
7 1768
6 1768
5 1768
4 1768
3 1768
2 1768
1 1768
0 1793
41 1772
12 1772
11 1772
10 1772
9 1772
8 1772
7 1772
6 1772
5 1772
4 1772
3 1772
2 1772
1 1772
0 1794
46 1788
6 1788
5 1788
4 1788
3 1788
2 1788
1 1788
0 1796
34 1795
6 1795
5 1795
4 1795
3 1795
2 1795
1 1795
0 1798
33 1797
6 1797
5 1797
4 1797
3 1797
2 1797
1 1797
0 1799
51 1791
21 1791
22 1791
23 1791
24 1791
50 1792
20 1792
21 1792
22 1792
23 1792
24 1792
0 1800
0 1802
49 1769
18 1769
19 1769
20 1769
21 1769
22 1769
23 1769
24 1769
0 1809
0 1810
0 1811
0 1812
0 1813
0 1815
42 1801
7 1801
6 1801
5 1801
4 1801
3 1801
2 1801
1 1801
45 1817
25 1808
24 1808
0 1818
39 1816
2 1816
1 1816
0 1820
0 1822
46 1823
15 1823
16 1823
17 1823
18 1823
19 1823
20 1823
21 1823
22 1823
23 1823
24 1823
0 1825
0 1827
43 1826
41 1826
22 1826
23 1826
24 1826
26 1817
18 1817
19 1817
20 1817
21 1817
22 1817
23 1817
24 1817
53 1821
1 1821
0 1829
0 1830
0 1834
48 1819
16 1819
17 1819
18 1819
19 1819
20 1819
21 1819
22 1819
23 1819
24 1819
52 1814
16 1814
17 1814
18 1814
19 1814
20 1814
21 1814
22 1814
23 1814
24 1814
0 1836
28 1828
2 1828
1 1828
0 1837
0 1839
0 1840
0 1842
27 1838
18 1838
19 1838
20 1838
21 1838
22 1838
23 1838
24 1838
0 1844
0 1847
29 1831
5 1831
4 1831
3 1831
2 1831
1 1831
0 1850
0 1852
30 1835
24 1835
0 1854
51 1851
47 1853
3 1853
2 1853
1 1853
0 1855
0 1856
33 1841
22 1841
23 1841
24 1841
0 1857
38 1806
26 1849
1 1849
32 1824
16 1824
17 1824
18 1824
19 1824
20 1824
21 1824
22 1824
23 1824
24 1824
0 1859
50 1860
11 1860
10 1860
9 1860
8 1860
7 1860
6 1860
5 1860
4 1860
3 1860
2 1860
1 1860
0 1862
