27 2165 1.04514
54 2167 1.08617
71 2168 1.1167
34 2169 1.11997
39 2171 1.18252
42 2172 1.2494
66 2173 1.26232
29 2175 1.27149
68 2176 1.30667
58 2177 1.34248
56 2179 1.3925
69 2181 1.4764
28 2182 1.50951
63 2183 1.51221
30 2184 1.52031
37 2185 1.52404
31 2187 1.61517
43 2189 1.71914
61 2190 1.75168
49 2193 1.89527
46 2195 1.96906
57 2196 1.98223
26 2197 1.99226
53 2198 2.02353
65 2200 2.09891
38 2202 2.24977
73 2204 2.33701
47 2205 2.35508
50 2207 2.37384
35 2208 2.37452
72 2209 2.37635
52 2210 2.39704
55 2211 2.41207
40 2212 2.41388
51 2213 2.46231
70 2215 2.49462
67 2216 2.49665
32 2218 2.59216
48 2219 2.60696
44 2220 2.64025
64 2222 2.70952
25 2223 2.73491
45 2225 2.7766
41 2226 2.83655
60 2227 2.84445
62 2229 2.89394
36 2230 2.941
33 2231 2.95038
74 2232 2.95199
59 2234 2.99124
42 2239 3.44291
34 2242 3.62994
63 2247 3.98342
69 2249 4.16459
58 2251 4.21008
39 2254 4.42095
71 2257 4.58209
49 2258 4.65389
31 2260 4.68802
57 2261 4.76274
40 2263 4.84
52 2267 5.07789
50 2269 5.20641
47 2271 5.33997
61 2273 5.40512
48 2275 5.49027
27 2276 5.49885
43 2277 5.52437
72 2279 5.57009
59 2280 5.61549
35 2282 5.73212
66 2283 5.73979
62 2286 5.93943
74 2289 6.11165
53 2292 6.27777
28 2293 6.34046
56 2295 6.36549
42 2296 6.37576
34 2297 6.4061
54 2299 6.4921
32 2300 6.50271
68 2301 6.53013
30 2302 6.54288
55 2304 6.6354
33 2307 6.80016
46 2309 6.89475
73 2310 6.90261
65 2312 6.99206
29 2314 7.11462
49 2315 7.15193
26 2317 7.17188
70 2320 7.36631
44 2324 7.69325
40 2325 7.6953
60 2326 7.70891
38 2327 7.74843
41 2329 7.86295
67 2332 8.05044
66 2336 8.26522
31 2337 8.27377
28 2339 8.42031
25 2340 8.42378
58 2342 8.54937
36 2343 8.56358
45 2345 8.6224
35 2347 8.7047
50 2348 8.74457
43 2350 8.80394
71 2351 8.86338
64 2353 8.94522
39 2355 9.01977
56 2359 9.32449
55 2361 9.46201
27 2363 9.52187
47 2364 9.5559
69 2367 9.67677
51 2369 9.80595
52 2371 9.91675
30 2372 9.92627
74 2373 9.93547
59 2375 10.0313
54 2379 10.306
49 2381 10.3815
40 2383 10.466
57 2384 10.4984
61 2385 10.5611
29 2387 10.6499
73 2391 10.9084
37 2392 10.9286
48 2393 10.9366
63 2394 10.9481
33 2395 10.9628
42 2398 11.0965
32 2399 11.156
53 2401 11.1902
46 2403 11.316
36 2409 11.7923
34 2411 11.8786
38 2412 11.9009
55 2413 11.92
25 2414 11.93
44 2417 12.0806
70 2418 12.1346
39 2419 12.1516
68 2421 12.1725
60 2422 12.2403
72 2424 12.3166
26 2427 12.5101
67 2428 12.5545
41 2433 12.8693
71 2435 12.9868
50 2436 12.9894
58 2437 13.0084
64 2440 13.1718
52 2441 13.1768
31 2442 13.1975
65 2444 13.273
40 2445 13.3446
69 2447 13.4037
45 2448 13.4342
56 2449 13.4579
74 2452 13.6277
35 2454 13.6997
43 2455 13.7174
62 2456 13.7509
47 2458 13.831
73 2460 13.9441
48 2463 14.0794
59 2464 14.1174
28 2469 14.4786
29 2473 14.7683
46 2474 14.8057
66 2475 14.8216
49 2477 14.927
57 2479 14.9913
