54 92 1.08933
63 93 1.0953
29 94 1.1026
46 95 1.12476
42 96 1.20756
58 97 1.2758
37 98 1.33812
49 99 1.40386
35 100 1.47037
33 101 1.47296
31 102 1.57252
60 103 1.59796
51 104 1.67911
25 105 1.71507
64 106 1.73312
38 107 1.91182
44 108 1.99959
61 109 2.10597
53 110 2.26785
28 111 2.29019
26 112 2.31153
40 113 2.40574
47 114 2.47595
59 115 2.55017
34 116 2.61276
55 117 2.63856
30 118 2.81698
37 119 3.44514
35 120 3.92215
38 121 4.19758
60 122 4.55468
33 123 4.72158
58 124 4.77511
47 125 5.47416
37 126 5.58251
28 127 6.18273
31 128 6.27317
49 129 6.31153
40 130 7.0851
61 131 7.13434
26 132 8.34333
25 133 9.64152
61 134 9.97986
40 135 10.6889
27 136 10.9733
44 137 11.3625
30 138 11.4289
64 139 11.668
26 140 12.3809
47 141 12.4218
61 142 13.9888
34 143 14.347
38 144 14.968
