36 591
51 591
52 593
47 597
101 597
70 598
77 600
113 604
117 604
63 601
65 601
73 605
29 605
114 605
68 607
42 602
28 596
69 603
72 610
38 610
53 611
122 609
74 612
51 614
36 614
108 592
47 592
25 615
90 611
31 617
41 617
92 594
108 594
48 595
71 597
101 592
26 604
92 604
75 607
123 612
37 612
64 615
110 611
26 621
83 620
37 620
123 620
100 623
94 623
112 624
56 624
60 625
55 625
93 625
120 607
76 607
76 627
103 598
97 600
93 628
55 628
96 626
47 594
38 632
44 630
91 600
106 626
39 634
79 635
72 632
123 633
33 616
117 621
117 637
60 628
75 641
62 625
65 642
49 643
34 643
106 644
113 611
42 595
109 606
103 645
30 618
90 640
67 646
104 607
120 627
26 637
64 648
68 641
117 611
63 642
78 607
62 649
91 647
93 649
84 631
95 615
118 635
64 631
108 604
79 642
118 642
92 621
110 640
66 651
102 600
77 625
111 626
106 651
93 600
63 653
68 656
77 659
78 656
101 594
47 604
97 647
26 611
102 625
97 625
110 657
117 658
26 658
77 647
79 663
61 622
78 666
38 669
40 632
60 649
77 649
102 647
72 669
111 651
92 672
117 672
96 644
111 644
97 649
124 629
106 667
113 637
26 672
26 676
52 668
93 659
123 665
89 624
65 653
60 647
62 600
112 652
111 677
72 674
93 647
42 660
50 625
60 600
97 659
46 600
91 625
46 625
30 664
60 684
77 684
119 639
120 680
89 652
112 639
63 686
104 675
76 673
28 606
109 607
28 607
65 686
99 601
78 688
28 688
31 655
49 682
67 681
96 667
93 684
120 675
104 673
106 677
54 597
71 592
82 613
47 685
108 621
92 637
108 637
54 613
117 676
92 676
26 690
117 690
97 684
46 684
79 653
90 657
65 694
79 694
97 696
108 676
92 690
72 691
32 610
96 677
106 693
53 640
26 640
110 687
53 687
26 687
87 630
44 679
52 689
74 620
123 697
83 633
113 672
112 695
117 640
92 687
119 652
61 692
111 699
121 605
73 612
54 707
33 595
42 701
62 647
60 704
93 700
62 704
110 672
60 700
59 617
30 655
72 712
109 688
68 666
109 666
75 656
78 705
75 705
63 694
31 708
65 710
79 709
123 716
63 710
