36 591 1.02658
108 592 1.0339
52 593 1.08012
92 594 1.09395
48 595 1.10221
28 596 1.11354
47 597 1.12121
70 598 1.13739
115 599 1.14116
77 600 1.14622
63 601 1.15375
42 602 1.19418
69 603 1.23149
113 604 1.24755
73 605 1.25477
109 606 1.25594
68 607 1.27781
27 608 1.28261
122 609 1.29858
72 610 1.35674
53 611 1.35902
74 612 1.409
82 613 1.41747
51 614 1.42297
25 615 1.44086
33 616 1.45649
31 617 1.48335
30 618 1.49973
88 619 1.55849
83 620 1.59182
26 621 1.6751
61 622 1.68519
100 623 1.70309
112 624 1.74317
60 625 1.76319
96 626 1.76906
76 627 1.80867
93 628 1.84985
124 629 1.86023
44 630 1.93921
84 631 2.03015
38 632 2.03661
123 633 2.04938
39 634 2.10335
79 635 2.10957
107 636 2.20899
117 637 2.21155
45 638 2.21651
119 639 2.27158
90 640 2.30947
75 641 2.35034
65 642 2.36364
49 643 2.39521
106 644 2.45306
103 645 2.67788
67 646 2.7301
91 647 2.81786
64 648 2.83032
62 649 2.90098
80 650 2.92814
66 651 2.93329
112 652 3.79648
63 653 3.95298
69 654 4.11302
31 655 4.16282
68 656 4.308
110 657 4.36467
117 658 4.36952
77 659 4.43821
42 660 4.86868
51 661 4.87802
39 662 5.0048
79 663 5.0111
30 664 5.05534
123 665 5.16335
78 666 5.29317
106 667 5.41396
52 668 5.43114
38 669 5.4393
100 670 5.72116
36 671 5.73361
92 672 5.73536
76 673 5.84112
72 674 5.84553
104 675 5.90897
26 676 6.18438
111 677 6.30893
64 678 6.34562
44 679 6.52958
120 680 6.9167
67 681 7.27636
49 682 7.29192
103 683 7.66217
60 684 8.03459
47 685 8.13298
63 686 8.39632
110 687 8.44457
78 688 8.54872
52 689 8.95756
26 690 9.31698
72 691 9.80482
61 692 9.92074
106 693 10.1985
65 694 10.2181
112 695 10.2691
97 696 10.5273
123 697 11.0001
67 698 11.3759
111 699 11.6284
93 700 11.8993
42 701 12.2906
50 702 12.3137
104 703 12.3248
60 704 12.3637
78 705 12.4432
49 706 12.6705
54 707 12.6856
31 708 12.7854
79 709 12.8774
65 710 13.0885
97 711 13.2786
72 712 13.4822
110 713 13.4846
83 714 13.9478
92 715 14.2678
123 716 14.3861
52 717 14.538
111 718 14.6858
26 719 14.8616
