56 210
79 214
45 214
37 214
34 214
49 215
25 215
27 215
32 215
65 215
57 212
30 217
40 218
77 219
50 220
42 216
82 223
44 223
28 213
66 218
79 213
55 228
61 216
64 233
49 233
37 222
52 234
44 236
45 213
34 222
78 230
38 238
65 233
37 213
69 217
49 230
65 230
29 239
66 242
62 231
60 235
48 243
43 221
30 250
42 249
39 231
80 239
45 222
28 222
51 244
37 255
83 245
49 257
62 258
61 249
29 254
42 259
64 230
54 233
78 233
65 257
81 219
26 232
63 224
46 227
77 251
60 232
48 231
39 258
43 256
74 240
35 225
62 268
39 268
80 254
37 271
45 255
28 261
70 223
51 267
67 237
29 277
61 259
42 269
58 238
38 252
26 278
62 279
81 251
45 281
55 263
56 253
77 282
50 217
30 265
43 240
72 229
74 280
34 213
