30 1020
29 1021
73 1021
82 1022
35 1023
91 1023
40 1023
92 1024
70 1025
46 1027
42 1027
86 1021
74 1021
91 1028
40 1028
93 1029
76 1030
58 1031
83 1025
27 1032
78 1026
53 1030
44 1030
47 1030
84 1031
88 1034
87 1031
89 1037
56 1039
46 1032
74 1043
86 1043
73 1043
40 1045
91 1045
53 1046
44 1046
66 1036
86 1057
74 1057
35 1045
83 1056
43 1034
41 1063
60 1064
84 1067
58 1067
47 1046
61 1022
44 1070
81 1061
45 1041
52 1047
48 1023
57 1028
46 1072
84 1047
88 1074
35 1075
91 1075
93 1073
76 1046
53 1070
53 1076
44 1076
63 1038
90 1020
30 1061
91 1078
76 1077
53 1077
37 1042
47 1076
44 1077
74 1080
58 1047
54 1062
31 1051
34 1035
77 1033
75 1054
62 1069
26 1066
58 1084
65 1059
66 1082
44 1087
92 1071
68 1024
78 1081
49 1050
81 1088
67 1025
51 1055
70 1056
67 1056
83 1079
70 1079
67 1079
69 1021
73 1057
86 1080
69 1080
74 1082
86 1082
69 1082
43 1074
45 1083
28 1060
88 1086
49 1055
76 1076
53 1087
44 1098
55 1065
38 1029
41 1073
38 1073
93 1096
41 1096
56 1063
49 1101
81 1103
90 1061
67 1104
30 1085
70 1104
86 1107
84 1084
87 1067
52 1083
58 1094
70 1112
84 1083
54 1033
74 1109
62 1066
26 1106
62 1106
59 1031
58 1083
33 1053
64 1052
92 1108
68 1102
56 1114
41 1114
83 1104
29 1043
69 1107
86 1109
28 1105
36 1044
26 1119
60 1089
75 1111
35 1078
40 1075
61 1091
91 1092
42 1032
46 1095
82 1064
27 1072
29 1107
73 1082
63 1088
74 1107
72 1039
86 1128
56 1088
38 1096
93 1114
41 1127
90 1085
30 1120
90 1120
