103 1240
113 1240
29 1240
114 1240
72 1240
86 1241
92 1242
28 1243
90 1244
88 1242
60 1249
70 1244
85 1242
68 1242
111 1247
107 1250
93 1249
105 1251
91 1243
62 1249
80 1253
72 1254
29 1254
103 1254
58 1254
114 1254
75 1255
64 1255
52 1259
104 1247
114 1247
58 1247
29 1247
72 1247
64 1260
41 1263
113 1254
104 1254
54 1256
94 1257
98 1262
108 1243
61 1241
50 1266
100 1269
85 1273
68 1273
88 1273
91 1274
88 1275
85 1275
62 1267
93 1267
103 1247
35 1245
63 1270
74 1270
58 1281
103 1281
72 1281
114 1281
61 1283
92 1273
102 1240
87 1272
95 1270
29 1281
79 1284
63 1284
74 1284
49 1289
97 1286
36 1255
67 1245
96 1277
104 1288
114 1288
68 1294
85 1294
66 1268
71 1282
83 1292
92 1294
40 1266
79 1286
50 1268
29 1288
103 1288
114 1304
29 1304
112 1262
67 1295
48 1279
36 1305
70 1301
53 1261
59 1249
69 1250
92 1307
107 1262
28 1306
46 1282
58 1240
93 1309
59 1309
112 1250
40 1268
76 1300
51 1257
103 1304
85 1307
94 1289
57 1246
108 1274
30 1245
64 1305
91 1306
35 1295
60 1267
51 1289
36 1312
60 1314
62 1309
93 1314
94 1311
75 1260
79 1320
97 1320
97 1323
103 1321
108 1306
28 1274
40 1324
53 1325
29 1321
102 1281
67 1315
114 1321
58 1304
72 1288
111 1254
85 1320
29 1326
72 1326
90 1301
91 1328
102 1304
84 1276
99 1290
42 1287
88 1294
71 1330
92 1320
103 1326
85 1331
37 1248
44 1285
89 1271
80 1329
28 1328
114 1333
29 1333
27 1280
70 1280
92 1331
43 1244
70 1337
36 1260
56 1263
107 1327
28 1339
111 1340
98 1250
65 1298
48 1335
114 1340
82 1299
104 1240
103 1333
100 1316
62 1314
93 1332
31 1293
52 1308
79 1323
50 1324
76 1336
97 1294
53 1345
40 1347
59 1267
30 1295
67 1343
30 1343
35 1315
94 1342
51 1311
73 1292
112 1322
83 1325
105 1313
28 1348
102 1326
101 1272
29 1340
104 1333
113 1247
114 1351
72 1304
113 1304
104 1304
103 1341
29 1341
113 1341
90 1280
98 1356
43 1337
104 1341
70 1353
43 1353
34 1252
43 1359
27 1244
99 1285
44 1354
39 1297
93 1360
84 1287
42 1344
104 1362
113 1362
103 1362
100 1313
29 1362
106 1303
51 1363
61 1310
97 1361
85 1323
79 1294
95 1284
63 1286
64 1312
74 1296
64 1296
75 1319
56 1352
107 1322
67 1303
69 1262
25 1251
74 1319
65 1357
112 1356
36 1346
75 1346
64 1319
103 1367
113 1367
69 1356
107 1356
58 1288
72 1362
29 1369
72 1369
103 1369
74 1346
52 1355
109 1259
54 1317
70 1372
99 1287
