30 810 1.02013
50 811 1.06002
41 812 1.15607
48 813 1.24149
53 814 1.24173
29 815 1.30599
28 816 1.32254
55 817 1.35128
42 818 1.39044
60 819 1.53286
40 820 1.57097
38 821 1.57774
39 822 1.70037
63 823 1.73081
26 824 1.8
25 825 1.80245
35 826 1.81278
31 827 1.83627
52 828 1.8492
57 829 1.99301
33 830 2.222
59 831 2.29591
64 832 2.45651
44 833 2.46306
61 834 2.52159
45 835 2.60372
32 836 2.62566
46 837 2.63903
58 838 2.65077
51 839 2.69374
27 840 2.9509
42 841 4.27025
63 842 4.60478
40 843 4.73089
55 844 4.8901
53 845 5.05347
50 846 5.77458
61 847 6.05108
26 848 6.11882
46 849 6.21004
28 850 6.92143
51 851 6.92338
63 852 6.93548
55 853 8.64978
52 854 8.81501
25 855 9.37288
53 856 10.0948
28 857 10.5601
59 858 10.6866
61 859 10.9776
44 860 11.2361
51 861 11.8097
64 862 12.2067
26 863 12.7374
46 864 13.4032
