36 762 1.00303
52 763 1.0459
30 764 1.09975
31 765 1.11948
47 766 1.18523
35 767 1.22304
40 768 1.28936
28 769 1.34726
43 770 1.45452
29 771 1.60358
49 772 1.77631
45 773 1.89317
32 774 1.8984
48 775 1.96239
50 776 2.03991
34 777 2.15654
25 778 2.19469
38 779 2.24646
42 780 2.25534
27 781 2.35648
39 782 2.3841
46 783 2.49132
37 784 2.6985
53 785 2.80974
41 786 2.86735
54 787 2.90037
26 788 2.94779
49 789 4.35865
44 790 5.59472
28 791 5.75219
31 792 6.90743
39 793 7.24072
29 794 7.45955
35 795 10.459
44 796 10.6914
36 797 10.832
38 798 11.4158
25 799 11.758
45 800 12.06
31 801 12.071
52 802 12.1047
37 803 12.1621
48 804 13.267
49 805 13.3417
44 806 13.7104
39 807 14.4992
29 808 14.7083
28 809 14.7243
