0 1708
0 1709
0 1712
30 1711
10 1711
9 1711
8 1711
7 1711
6 1711
5 1711
4 1711
3 1711
2 1711
1 1711
0 1714
32 1715
16 1715
17 1715
18 1715
19 1715
20 1715
21 1715
22 1715
23 1715
24 1715
0 1717
0 1719
0 1720
33 1723
24 1723
42 1718
17 1718
18 1718
19 1718
20 1718
21 1718
22 1718
23 1718
24 1718
0 1725
44 1726
11 1726
10 1726
9 1726
8 1726
7 1726
6 1726
5 1726
4 1726
3 1726
2 1726
1 1726
26 1724
24 1724
0 1727
0 1728
0 1729
0 1731
0 1733
31 1722
13 1722
14 1722
15 1722
16 1722
17 1722
18 1722
19 1722
20 1722
21 1722
22 1722
23 1722
24 1722
0 1735
41 1713
17 1713
18 1713
19 1713
20 1713
21 1713
22 1713
23 1713
24 1713
0 1736
27 1732
4 1732
3 1732
2 1732
1 1732
0 1738
36 1730
3 1730
2 1730
1 1730
28 1734
0 1739
38 1737
16 1737
17 1737
18 1737
19 1737
20 1737
21 1737
22 1737
23 1737
24 1737
0 1742
34 1741
8 1741
7 1741
6 1741
5 1741
4 1741
3 1741
2 1741
1 1741
43 1740
29 1710
16 1710
17 1710
18 1710
19 1710
20 1710
21 1710
22 1710
23 1710
24 1710
0 1747
0 1749
0 1750
0 1751
36 1740
7 1740
6 1740
5 1740
4 1740
3 1740
2 1740
1 1740
40 1716
4 1716
3 1716
2 1716
1 1716
0 1752
0 1753
0 1754
0 1757
0 1758
0 1759
0 1760
0 1761
0 1762
39 1748
5 1748
4 1748
3 1748
2 1748
1 1748
0 1763
0 1764
0 1765
25 1746
12 1746
11 1746
10 1746
9 1746
8 1746
7 1746
6 1746
5 1746
4 1746
3 1746
2 1746
1 1746
0 1766
35 1745
15 1745
16 1745
17 1745
18 1745
19 1745
20 1745
21 1745
22 1745
23 1745
24 1745
42 1767
7 1767
6 1767
5 1767
4 1767
3 1767
2 1767
1 1767
0 1768
0 1769
32 1775
10 1775
9 1775
8 1775
7 1775
6 1775
5 1775
4 1775
3 1775
2 1775
1 1775
26 1773
16 1773
17 1773
18 1773
19 1773
20 1773
21 1773
22 1773
23 1773
24 1773
40 1778
27 1771
19 1771
20 1771
21 1771
22 1771
23 1771
24 1771
33 1785
36 1785
20 1785
21 1785
22 1785
23 1785
24 1785
38 1770
7 1770
6 1770
5 1770
4 1770
3 1770
2 1770
1 1770
37 1721
18 1721
19 1721
20 1721
21 1721
22 1721
23 1721
24 1721
0 1789
43 1790
21 1790
22 1790
23 1790
24 1790
0 1791
0 1792
0 1794
28 1778
19 1778
20 1778
21 1778
22 1778
23 1778
24 1778
30 1783
10 1783
9 1783
8 1783
7 1783
6 1783
5 1783
4 1783
3 1783
2 1783
1 1783
44 1788
9 1788
8 1788
7 1788
6 1788
5 1788
4 1788
3 1788
2 1788
1 1788
0 1797
0 1798
0 1799
0 1800
0 1802
0 1804
0 1806
0 1807
0 1809
41 1803
17 1803
18 1803
19 1803
20 1803
21 1803
22 1803
23 1803
24 1803
0 1811
0 1812
31 1793
14 1793
15 1793
16 1793
17 1793
18 1793
19 1793
20 1793
21 1793
22 1793
23 1793
24 1793
0 1813
34 1810
7 1810
6 1810
5 1810
4 1810
3 1810
2 1810
1 1810
0 1814
42 1808
29 1796
15 1796
16 1796
17 1796
18 1796
19 1796
20 1796
21 1796
22 1796
23 1796
24 1796
0 1815
39 1808
22 1808
23 1808
24 1808
35 1805
6 1805
5 1805
4 1805
3 1805
2 1805
1 1805
28 1801
2 1801
1 1801
0 1819
0 1820
0 1823
25 1824
5 1824
4 1824
3 1824
2 1824
1 1824
0 1825
0 1826
0 1827
43 1821
8 1821
7 1821
6 1821
5 1821
4 1821
3 1821
2 1821
1 1821
26 1816
8 1816
7 1816
6 1816
5 1816
4 1816
3 1816
2 1816
1 1816
40 1833
28 1833
6 1833
5 1833
4 1833
3 1833
2 1833
1 1833
0 1834
0 1835
0 1836
0 1837
37 1832
9 1832
8 1832
7 1832
6 1832
5 1832
4 1832
3 1832
2 1832
1 1832
0 1838
0 1840
0 1841
30 1830
0 1842
0 1845
0 1846
36 1844
14 1844
15 1844
16 1844
17 1844
18 1844
19 1844
20 1844
21 1844
22 1844
23 1844
24 1844
0 1847
0 1848
27 1843
17 1843
18 1843
19 1843
20 1843
21 1843
22 1843
23 1843
24 1843
39 1831
9 1831
8 1831
7 1831
6 1831
5 1831
4 1831
3 1831
2 1831
1 1831
32 1822
10 1822
9 1822
8 1822
7 1822
6 1822
5 1822
4 1822
3 1822
2 1822
1 1822
38 1856
4 1856
3 1856
2 1856
1 1856
35 1854
20 1854
21 1854
22 1854
23 1854
24 1854
0 1863
0 1865
44 1864
8 1864
7 1864
6 1864
5 1864
4 1864
3 1864
2 1864
1 1864
0 1867
31 1852
8 1852
7 1852
6 1852
5 1852
4 1852
3 1852
2 1852
1 1852
0 1868
29 1866
8 1866
7 1866
6 1866
5 1866
4 1866
3 1866
2 1866
1 1866
25 1869
21 1869
22 1869
23 1869
24 1869
0 1872
42 1871
0 1873
0 1874
0 1875
0 1876
0 1877
33 1839
28 1878
22 1878
23 1878
24 1878
0 1879
0 1882
0 1884
0 1885
39 1871
20 1871
21 1871
22 1871
23 1871
24 1871
0 1888
0 1889
43 1880
3 1880
2 1880
1 1880
0 1890
26 1883
3 1883
2 1883
1 1883
0 1891
37 1887
3 1887
2 1887
1 1887
0 1895
0 1896
0 1897
0 1899
29 1902
18 1902
19 1902
20 1902
21 1902
22 1902
23 1902
24 1902
0 1903
34 1886
11 1886
10 1886
9 1886
8 1886
7 1886
6 1886
5 1886
4 1886
3 1886
2 1886
1 1886
27 1893
9 1893
8 1893
7 1893
6 1893
5 1893
4 1893
3 1893
2 1893
1 1893
0 1904
38 1908
21 1908
22 1908
23 1908
24 1908
30 1905
22 1905
23 1905
24 1905
44 1900
21 1900
22 1900
23 1900
24 1900
0 1911
0 1912
0 1913
25 1907
9 1907
8 1907
7 1907
6 1907
5 1907
4 1907
3 1907
2 1907
1 1907
0 1914
41 1881
1 1881
0 1916
36 1898
12 1898
11 1898
10 1898
9 1898
8 1898
7 1898
6 1898
5 1898
4 1898
3 1898
2 1898
1 1898
0 1917
0 1918
