88 3168 1.04102
69 3169 1.04822
84 3170 1.11566
35 3171 1.11658
62 3173 1.17031
70 3174 1.19525
32 3175 1.19684
44 3177 1.22717
60 3178 1.24312
56 3179 1.25522
78 3180 1.27838
86 3181 1.2959
90 3182 1.31518
76 3185 1.44254
71 3186 1.44432
31 3187 1.46734
61 3188 1.48022
75 3190 1.54604
59 3191 1.57639
34 3192 1.59414
83 3193 1.62122
58 3195 1.64827
64 3196 1.65549
30 3197 1.66948
77 3198 1.68275
50 3200 1.76779
41 3201 1.78277
39 3202 1.79809
68 3203 1.82568
91 3205 1.84935
48 3206 1.8952
94 3207 1.92576
93 3209 1.94989
54 3210 1.97381
81 3211 2.0023
66 3213 2.04723
33 3215 2.14247
45 3216 2.22098
42 3218 2.24579
85 3219 2.25215
57 3220 2.2897
43 3222 2.33043
26 3223 2.33453
28 3224 2.34763
92 3225 2.34897
74 3226 2.3989
82 3227 2.425
37 3229 2.43463
79 3230 2.443
87 3231 2.47484
49 3232 2.48032
55 3233 2.51982
53 3235 2.52903
27 3236 2.55198
52 3237 2.57056
73 3238 2.57793
25 3240 2.63734
63 3241 2.67305
72 3243 2.72652
46 3244 2.74928
51 3245 2.76052
29 3246 2.76367
38 3247 2.77451
80 3249 2.83558
36 3250 2.88243
67 3251 2.90413
89 3252 2.91726
65 3254 2.93941
40 3255 2.96314
32 3266 3.98173
69 3268 4.1146
76 3270 4.1564
88 3271 4.20515
44 3273 4.27131
75 3275 4.38247
64 3278 4.59451
28 3281 4.77611
34 3283 4.88142
49 3285 4.92837
39 3286 5.00382
27 3288 5.06263
38 3289 5.06666
86 3290 5.07644
91 3291 5.07965
68 3292 5.09402
87 3294 5.16982
90 3295 5.19644
71 3298 5.33845
83 3299 5.34196
93 3301 5.42672
60 3302 5.46472
61 3303 5.50663
73 3304 5.51907
62 3306 5.57495
30 3307 5.60592
85 3308 5.61627
31 3311 5.73063
50 3312 5.76043
51 3313 5.77892
81 3314 5.79021
74 3315 5.79032
89 3316 5.80511
80 3317 5.80869
77 3319 5.87452
53 3320 5.91181
40 3322 5.964
43 3323 5.97934
33 3324 5.9815
58 3325 6.01851
35 3327 6.06595
54 3328 6.0763
56 3329 6.0852
82 3331 6.13218
79 3332 6.19327
78 3333 6.22533
66 3335 6.26302
92 3336 6.29879
63 3338 6.36026
26 3340 6.50854
36 3342 6.58809
47 3344 6.63479
34 3348 6.9881
29 3350 7.06796
75 3351 7.09313
42 3353 7.21411
48 3355 7.24558
67 3357 7.33636
70 3358 7.33895
25 3359 7.34573
64 3361 7.43944
27 3362 7.44313
41 3363 7.46003
37 3364 7.47104
72 3365 7.49477
57 3367 7.55951
31 3370 7.7634
59 3372 7.87187
87 3375 8.05503
52 3376 8.09674
65 3377 8.10557
33 3379 8.14338
77 3380 8.14634
46 3383 8.3419
76 3384 8.34203
74 3386 8.4375
45 3387 8.47829
82 3388 8.48582
62 3389 8.49988
55 3390 8.51446
44 3392 8.54962
63 3394 8.64551
36 3395 8.64719
71 3396 8.65633
39 3398 8.75352
93 3399 8.7989
84 3401 8.92082
91 3403 8.9551
73 3404 8.98382
88 3405 9.01151
85 3407 9.06825
61 3410 9.27368
38 3412 9.3377
83 3414 9.43584
49 3416 9.59848
64 3418 9.67607
86 3419 9.70362
27 3421 9.7415
68 3423 9.84514
51 3424 9.87439
53 3425 9.9152
94 3427 9.93631
32 3428 9.94292
90 3429 10.0068
72 3431 10.0594
40 3432 10.0795
78 3433 10.0969
29 3434 10.098
58 3436 10.1969
80 3437 10.2033
34 3439 10.2379
30 3440 10.2412
65 3441 10.2616
54 3443 10.3777
69 3444 10.4239
56 3446 10.4735
89 3448 10.5897
41 3450 10.6767
92 3453 10.832
26 3454 10.8442
50 3455 10.9257
47 3458 11.035
35 3459 11.0403
84 3460 11.0617
67 3461 11.1104
93 3466 11.5213
75 3468 11.608
63 3470 11.7195
70 3472 11.7308
81 3473 11.7392
85 3474 11.8026
43 3476 11.8522
79 3477 11.8688
45 3478 11.9019
28 3480 11.9678
59 3481 11.9815
52 3482 12.0012
76 3484 12.1115
39 3486 12.1335
25 3488 12.2336
33 3489 12.2875
66 3491 12.3397
57 3492 12.409
62 3494 12.4276
71 3495 12.4813
48 3497 12.5318
31 3498 12.5605
82 3499 12.6002
37 3500 12.6167
49 3502 12.6352
78 3505 12.8737
38 3507 12.9505
60 3508 12.9996
83 3509 13.0147
74 3510 13.0158
53 3513 13.1443
44 3514 13.1456
90 3515 13.1608
55 3518 13.3479
64 3519 13.4025
87 3521 13.5048
51 3522 13.5077
80 3524 13.6172
77 3526 13.643
68 3529 13.9133
61 3531 13.9488
73 3532 13.9676
30 3533 14.009
47 3535 14.092
40 3537 14.1371
88 3538 14.1662
85 3539 14.1885
32 3541 14.2343
69 3542 14.301
94 3544 14.3545
43 3546 14.4828
27 3547 14.5154
36 3549 14.5919
34 3551 14.6526
46 3552 14.6648
56 3553 14.701
25 3555 14.7269
58 3556 14.7469
65 3557 14.7575
42 3558 14.7719
86 3559 14.7815
76 3561 14.9008
91 3563 14.9608
29 3564 14.9733
89 3565 14.9763
35 3566 14.9935
