92 3577 1.00246
25 3579 1.0097
102 3580 1.10372
36 3582 1.11535
81 3583 1.16054
90 3584 1.16476
60 3585 1.17307
38 3586 1.20262
53 3588 1.22809
58 3589 1.24599
63 3590 1.28963
56 3591 1.29335
30 3593 1.36673
52 3594 1.38864
33 3596 1.47796
26 3597 1.47915
39 3598 1.47976
86 3600 1.52147
85 3601 1.56017
32 3602 1.56645
61 3603 1.59116
69 3604 1.60336
70 3606 1.66729
78 3607 1.67617
97 3609 1.73495
98 3610 1.73537
66 3611 1.74396
65 3612 1.75374
84 3613 1.78737
91 3614 1.78747
88 3616 1.82621
104 3617 1.83037
43 3618 1.87662
62 3619 1.886
99 3621 1.92061
83 3622 1.92164
68 3623 1.93106
73 3624 1.9357
37 3626 2.02366
34 3627 2.03634
74 3628 2.04987
40 3629 2.09889
44 3630 2.10678
82 3631 2.10847
100 3633 2.11901
57 3634 2.13235
27 3635 2.16342
41 3636 2.19059
94 3638 2.23282
79 3639 2.29062
31 3641 2.33168
49 3642 2.33711
96 3643 2.36075
55 3644 2.37388
45 3645 2.40243
89 3647 2.50765
35 3649 2.51053
50 3650 2.52149
80 3651 2.52592
76 3652 2.54177
87 3653 2.54811
67 3654 2.56426
95 3655 2.59897
29 3657 2.65415
47 3659 2.73833
46 3660 2.75608
77 3661 2.75995
54 3662 2.76139
48 3664 2.81408
75 3665 2.8532
103 3666 2.85521
101 3667 2.87184
64 3668 2.87996
59 3669 2.90267
93 3671 2.9188
72 3672 2.92317
51 3673 2.93464
60 3678 3.38778
25 3681 3.53215
66 3687 4.08945
92 3689 4.13942
53 3691 4.27376
94 3693 4.39189
56 3694 4.39412
55 3697 4.52048
33 3699 4.61249
58 3700 4.64505
80 3702 4.71123
88 3704 4.82027
85 3705 4.87176
28 3707 4.9727
41 3708 4.98746
27 3710 5.0134
34 3711 5.03039
74 3712 5.05289
98 3713 5.06149
104 3715 5.14324
78 3716 5.15559
35 3717 5.19635
30 3719 5.2871
82 3720 5.29747
73 3723 5.47439
72 3725 5.51909
26 3726 5.59432
101 3728 5.62796
47 3729 5.63418
69 3730 5.65799
65 3732 5.76639
90 3733 5.78745
102 3735 5.8147
25 3736 5.89124
71 3738 5.95382
103 3740 6.02726
96 3741 6.04674
29 3742 6.08114
54 3745 6.24882
81 3746 6.27621
84 3747 6.28921
48 3749 6.33516
39 3751 6.41901
44 3752 6.46142
64 3753 6.46352
63 3755 6.52149
70 3756 6.54291
83 3757 6.55914
66 3758 6.56078
57 3759 6.57396
99 3760 6.57518
100 3762 6.64944
37 3763 6.6776
87 3764 6.70243
75 3765 6.7085
31 3767 6.74691
86 3769 6.83929
79 3770 6.88463
32 3771 6.90902
89 3774 7.02052
91 3775 7.05819
68 3778 7.21166
62 3779 7.22509
49 3780 7.23546
60 3782 7.3231
77 3783 7.32773
50 3784 7.35033
51 3785 7.38022
40 3787 7.47589
67 3788 7.48848
55 3790 7.51606
45 3791 7.52943
94 3793 7.6667
101 3794 7.69307
92 3796 7.78256
52 3797 7.7891
93 3799 7.82096
42 3802 8.03219
103 3804 8.20392
104 3806 8.217
78 3807 8.2255
61 3808 8.2779
43 3811 8.40964
59 3812 8.41194
53 3814 8.54279
33 3815 8.60307
47 3818 8.7489
76 3820 8.82965
102 3822 8.9444
28 3824 9.01688
83 3825 9.09157
80 3827 9.12789
85 3829 9.24027
38 3830 9.28919
91 3832 9.32143
56 3833 9.34932
35 3834 9.3598
36 3835 9.38354
90 3836 9.3922
72 3838 9.43095
34 3839 9.44628
30 3840 9.50172
74 3842 9.52867
96 3843 9.56436
27 3844 9.56568
31 3845 9.60476
44 3847 9.69597
69 3849 9.70993
39 3850 9.71892
63 3851 9.72408
65 3852 9.77416
86 3853 9.78373
71 3855 9.81379
75 3856 9.8529
79 3857 9.8662
98 3858 9.89618
54 3860 9.92477
66 3863 10.177
46 3865 10.2143
29 3866 10.2248
82 3867 10.258
97 3869 10.3336
58 3872 10.5256
32 3873 10.5518
88 3875 10.6983
68 3877 10.77
92 3878 10.7915
87 3879 10.797
70 3881 10.8427
25 3882 10.8593
45 3884 10.9816
84 3885 10.9954
81 3887 11.0903
59 3889 11.1461
103 3892 11.3417
61 3894 11.4214
102 3895 11.444
99 3897 11.5133
51 3898 11.5296
50 3899 11.5532
67 3901 11.6098
64 3902 11.6234
56 3903 11.7032
100 3905 11.7539
80 3906 11.7613
37 3907 11.7919
49 3909 11.8616
78 3912 12.0479
69 3913 12.0604
89 3914 12.0898
30 3916 12.1751
42 3917 12.1841
27 3918 12.1862
43 3920 12.2126
90 3922 12.3146
74 3923 12.3268
94 3925 12.4485
46 3926 12.4801
95 3927 12.4854
77 3928 12.4872
55 3930 12.5463
85 3931 12.558
35 3933 12.6962
104 3937 12.9322
44 3938 12.9907
91 3940 13.0169
60 3941 13.0337
93 3942 13.0575
72 3943 13.0602
101 3944 13.0872
76 3946 13.1193
92 3947 13.1367
65 3949 13.2435
63 3950 13.2504
71 3951 13.2594
26 3952 13.2717
31 3953 13.2991
57 3956 13.4488
62 3957 13.4698
39 3959 13.516
29 3960 13.5713
102 3961 13.5981
83 3963 13.6328
96 3964 13.6741
36 3966 13.8031
33 3968 13.8852
82 3970 13.9477
81 3971 14.0067
40 3974 14.1883
45 3975 14.1913
79 3977 14.2885
78 3979 14.3775
75 3981 14.4858
73 3983 14.5437
54 3984 14.5566
53 3985 14.603
86 3987 14.6273
98 3989 14.7819
61 3991 14.83
99 3992 14.8458
89 3993 14.8935
25 3994 14.9036
