80 2821 0 100 2.33402e-08 1.32538 1.32538
38 2820 0 100 0.1 1.31832 1.41832
81 2825 0 100 1.28371e-07 1.48983 1.48983
41 2816 0 100 0.3 1.19364 1.49364
74 2808 0 100 0.6 1.04824 1.64824
27 2834 0 100 0.1 1.62571 1.72571
36 2843 0 100 2.33402e-08 1.73712 1.73712
54 2814 0 100 0.6 1.15832 1.75832
53 2822 0 100 0.4 1.38675 1.78675
61 2815 0 100 0.6 1.19155 1.79155
82 2827 0 100 0.3 1.50557 1.80557
65 2852 0 100 1.16701e-08 1.96684 1.96684
26 2837 0 100 0.4 1.65788 2.05788
60 2832 0 100 0.5 1.57256 2.07256
71 2810 0 100 1.1 1.07896 2.17896
51 2860 0 100 1.05031e-07 2.20997 2.20997
43 2818 0 100 1.1 1.22314 2.32314
76 2863 0 100 8.16907e-08 2.32819 2.32819
42 2858 0 100 0.2 2.14662 2.34662
62 2836 0 100 0.7 1.64907 2.34907
52 2853 0 100 0.4 1.98441 2.38441
69 2856 0 100 0.4 2.0026 2.4026
32 2813 0 100 1.3 1.12227 2.42227
45 2842 0 100 0.7 1.72587 2.42587
57 2861 0 100 0.2 2.23399 2.43399
59 2809 0 100 1.4 1.0528 2.4528
67 2838 0 100 0.8 1.67831 2.47831
70 2854 0 100 0.5 1.99716 2.49716
56 2840 0 100 0.8 1.70371 2.50371
73 2824 0 100 1.1 1.43427 2.53427
37 2845 0 100 0.8 1.74538 2.54538
75 2846 0 100 0.8 1.75757 2.55757
78 2828 0 100 1.1 1.52461 2.62461
66 2829 0 100 1.1 1.52643 2.62643
39 2872 0 100 5.83505e-08 2.64517 2.64517
28 2831 0 100 1.1 1.56744 2.66744
84 2875 0 100 5.83505e-08 2.6866 2.6866
58 2812 0 100 1.6 1.10565 2.70565
77 2866 0 100 0.3 2.42114 2.72114
83 2880 0 100 1.16701e-07 2.78467 2.78467
40 2844 0 100 1.1 1.74191 2.84191
35 2879 0 100 0.1 2.75075 2.85075
30 2848 0 100 1.1 1.81377 2.91377
72 2868 0 100 0.4 2.54394 2.94394
48 2849 0 100 1.3 1.84096 3.14096
29 2830 0 100 1.6 1.55452 3.15452
79 2835 0 100 1.7 1.63743 3.33743
34 2882 0 100 0.7 2.80425 3.50425
50 2884 0 100 0.6 2.91964 3.51964
33 2871 0 100 0.9 2.62011 3.52011
64 2878 0 100 0.8 2.73633 3.53633
55 2851 0 100 1.6 1.96642 3.56642
44 2864 0 100 1.2 2.38611 3.58611
46 2885 0 100 1.1 2.98076 4.08076
25 2869 0 100 1.5 2.589 4.089
49 2874 0 100 1.6 2.65934 4.25934
68 2876 0 100 1.7 2.68685 4.38685
31 2873 0 100 1.8 2.64963 4.44963
76 2905 0 100 0.1 4.55991 4.65991
47 2841 0 100 3 1.70662 4.70662
27 2910 0 100 0.1 4.77415 4.87415
81 2904 0 100 0.4 4.50308 4.90308
36 2897 0 100 0.9 4.01568 4.91568
82 2914 0 100 1.28371e-07 4.93092 4.93092
43 2913 0 100 0.1 4.90647 5.00647
59 2918 0 100 0.1 5.05816 5.15816
38 2906 0 100 0.6 4.59274 5.19274
51 2902 0 100 0.8 4.4341 5.2341
65 2926 0 100 1.16701e-07 5.33491 5.33491
26 2917 0 100 0.4 5.04401 5.44401
60 2916 0 100 0.5 5.03582 5.53582
71 2923 0 100 0.4 5.25126 5.65126
48 2920 0 100 0.5 5.17281 5.67281
53 2930 0 100 0.2 5.50642 5.70642
56 2928 0 100 0.4 5.4199 5.8199
74 2932 0 100 0.4 5.54975 5.94975
78 2921 0 100 0.8 5.19708 5.99708
42 2908 0 100 1.4 4.66581 6.06581
37 2945 0 100 3.50103e-08 6.11949 6.11949
62 2924 0 100 0.9 5.28364 6.18364
61 2947 0 100 0.3 6.20736 6.50736
54 2948 0 100 0.4 6.22663 6.62663
32 2949 0 100 0.4 6.23182 6.63182
41 2952 0 100 0.4 6.36051 6.76051
83 2937 0 100 1 5.79299 6.79299
40 2959 0 100 0.1 6.75508 6.85508
63 2931 0 100 1.4 5.54754 6.94754
39 2934 0 100 1.4 5.64576 7.04576
35 2942 0 100 1.1 5.98458 7.08458
79 2939 0 100 1.2 5.89245 7.09245
50 2972 0 100 2.33402e-08 7.11589 7.11589
73 2958 0 100 0.4 6.74068 7.14068
30 2970 0 100 0.1 7.0476 7.1476
58 2964 0 100 0.3 6.85545 7.15545
69 2963 0 100 0.4 6.83588 7.23588
45 2950 0 100 1 6.27646 7.27646
57 2936 0 100 1.5 5.78409 7.28409
70 2978 0 100 1.51711e-07 7.32646 7.32646
77 2979 0 100 1.16701e-08 7.35796 7.35796
84 2965 0 100 0.5 6.85893 7.35893
76 2956 0 100 0.7 6.67319 7.37319
47 2981 0 100 1.16701e-07 7.44258 7.44258
80 2941 0 100 1.6 5.92598 7.52598
52 2966 0 100 0.7 6.86459 7.56459
44 2967 0 100 0.7 6.87694 7.57694
66 2986 0 100 0.2 7.6005 7.8005
29 2989 0 100 7.00206e-08 7.82546 7.82546
65 2997 0 100 5.83505e-08 8.10367 8.10367
46 2996 0 100 0.1 8.10107 8.20107
67 2976 0 100 1.1 7.29028 8.39028
72 2990 0 100 0.5 7.89644 8.39644
34 2962 0 100 1.8 6.82847 8.62847
68 2975 0 100 1.4 7.27349 8.67349
27 2982 0 100 1.2 7.48278 8.68278
49 2960 0 100 2.1 6.77334 8.87334
28 2983 0 100 1.4 7.49339 8.89339
31 3011 0 100 0.1 8.89069 8.99069
61 3002 0 100 0.7 8.30125 9.00125
78 3017 0 100 1.28371e-07 9.09446 9.09446
60 3013 0 100 0.2 8.9235 9.1235
59 3019 0 100 1.16701e-07 9.15388 9.15388
38 3014 0 100 0.3 8.92417 9.22417
25 2998 0 100 1.2 8.19213 9.39213
45 3027 0 100 1.16701e-08 9.59203 9.59203
75 2974 0 100 2.4 7.24904 9.64904
48 3020 0 100 0.5 9.18381 9.68381
51 3000 0 100 1.5 8.24303 9.74303
82 3009 0 100 1 8.78905 9.78905
55 2994 0 100 1.9 7.99812 9.89812
81 3029 0 100 0.3 9.64142 9.94142
35 3034 0 100 0.1 9.88945 9.98945
33 3004 0 100 1.5 8.49149 9.99149
32 3015 0 100 1.2 8.98514 10.1851
71 2992 0 100 2.3 7.93991 10.2399
56 3043 0 100 0.2 10.2796 10.4796
62 3024 0 100 1.1 9.41683 10.5168
80 3052 0 100 0.1 10.6315 10.7315
37 3032 0 100 0.9 9.83587 10.7359
53 3046 0 100 0.4 10.3455 10.7455
39 3051 0 100 0.2 10.6152 10.8152
43 3025 0 100 1.5 9.45722 10.9572
79 3059 0 100 0.2 10.9088 11.1088
29 3048 0 100 0.7 10.4957 11.1957
64 3067 0 100 1.51711e-07 11.2735 11.2735
50 3057 0 100 0.4 10.8773 11.2773
68 3063 0 100 0.2 11.1259 11.3259
36 3071 0 100 8.16907e-08 11.4248 11.4248
47 3072 0 100 1.28371e-07 11.4377 11.4377
84 3038 0 100 1.5 10.0777 11.5777
26 3042 0 100 1.4 10.2077 11.6077
57 3054 0 100 0.9 10.7319 11.6319
76 3079 0 100 0.1 11.698 11.798
36 3008 0 100 3.2 8.71365 11.9136
67 3080 0 100 0.2 11.759 11.959
70 3082 0 100 0.1 11.8621 11.9621
78 3084 0 100 0.1 11.9381 12.0381
40 3066 0 100 0.9 11.2473 12.1473
44 3077 0 100 0.5 11.6613 12.1613
30 3075 0 100 0.7 11.5079 12.2079
66 3091 0 100 0.3 12.1582 12.4582
27 3086 0 100 0.7 12.0237 12.7237
35 3103 0 100 3.50103e-08 12.7396 12.7396
83 3045 0 100 2.4 10.3397 12.7397
82 3093 0 100 0.5 12.2502 12.7502
72 3097 0 100 0.3 12.4729 12.7729
73 3069 0 100 1.5 11.3123 12.8123
71 3099 0 100 0.4 12.5788 12.9788
75 3088 0 100 0.9 12.0925 12.9925
28 3096 0 100 0.6 12.4701 13.0701
25 3090 0 100 1 12.1309 13.1309
77 3036 0 100 3.3 9.93573 13.2357
50 3116 0 100 0.1 13.3019 13.4019
61 3114 0 100 0.2 13.2064 13.4064
69 3055 0 100 2.7 10.7842 13.4842
65 3109 0 100 0.5 13.0461 13.5461
60 3119 0 100 0.1 13.459 13.559
58 3073 0 100 2.2 11.478 13.678
62 3122 0 100 0.1 13.5938 13.6938
55 3112 0 100 0.6 13.1292 13.7292
59 3125 0 100 0.1 13.6327 13.7327
54 3033 0 100 3.9 9.85574 13.7557
52 3061 0 100 2.8 11.0508 13.8508
37 3100 0 100 1.3 12.5834 13.8834
43 3117 0 100 0.6 13.3232 13.9232
49 3087 0 100 1.9 12.0867 13.9867
38 3110 0 100 1 13.0566 14.0566
74 3105 0 100 1.3 12.8057 14.1057
46 3107 0 100 1.2 12.929 14.129
26 3135 0 100 0.2 14.2404 14.4404
34 3121 0 100 0.9 13.58 14.48
45 3143 0 100 0.1 14.5023 14.6023
70 3140 0 100 0.3 14.4217 14.7217
41 3040 0 100 4.6 10.1237 14.7237
68 3124 0 100 1.1 13.6245 14.7245
53 3127 0 100 1 13.7492 14.7492
42 3146 0 100 0.2 14.5642 14.7642
33 3136 0 100 0.5 14.2951 14.7951
39 3144 0 100 0.3 14.5036 14.8036
57 3152 0 100 5.83505e-08 14.8328 14.8328
81 3130 0 100 0.9 13.9798 14.8798
31 3064 0 100 3.8 11.1478 14.9478
