61 17
24 17
49 17
23 17
31 17
57 17
22 17
21 17
20 17
19 17
18 17
17 17
25 17
16 17
15 17
14 17
29 17
13 17
12 17
11 17
10 17
9 17
8 17
7 17
6 17
5 17
4 17
3 17
2 17
1 17
38 17
51 17
47 17
52 17
47 19
2 19
1 19
3 19
4 19
5 19
49 19
6 19
7 19
8 19
9 19
10 19
11 19
12 19
13 19
14 19
15 19
16 19
17 19
18 19
19 19
20 19
21 19
22 19
23 19
24 19
51 18
5 18
4 18
6 18
3 18
7 18
2 18
8 18
1 18
9 18
10 18
11 18
12 18
13 18
14 18
15 18
16 18
17 18
18 18
19 18
20 18
21 18
22 18
23 18
24 18
55 17
59 17
60 17
27 17
58 17
45 17
55 20
16 20
15 20
17 20
14 20
18 20
13 20
19 20
12 20
20 20
11 20
21 20
10 20
22 20
9 20
23 20
8 20
24 20
7 20
6 20
5 20
4 20
3 20
2 20
1 20
47 18
53 17
39 17
50 17
53 22
12 22
11 22
13 22
10 22
14 22
9 22
15 22
8 22
16 22
7 22
17 22
6 22
18 22
5 22
19 22
4 22
20 22
3 22
21 22
2 22
22 22
1 22
23 22
24 22
36 17
55 21
8 21
7 21
9 21
6 21
10 21
5 21
11 21
4 21
12 21
3 21
13 21
2 21
14 21
1 21
15 21
16 21
17 21
18 21
19 21
20 21
21 21
22 21
23 21
24 21
32 17
37 17
58 20
61 19
45 20
51 20
47 22
44 17
53 21
39 22
58 23
12 23
11 23
13 23
10 23
14 23
9 23
15 23
8 23
16 23
7 23
17 23
6 23
18 23
5 23
19 23
4 23
20 23
3 23
21 23
2 23
22 23
1 23
23 23
24 23
55 23
