87 5983 2.04587
27 5984 2.05314
70 5985 2.11601
64 5987 2.16713
32 5989 2.24516
57 5990 2.32262
30 5992 2.40691
68 5994 2.51501
80 5996 2.58372
36 5997 2.62725
45 5998 2.63317
73 6000 2.69797
41 6001 2.70563
60 6002 2.72815
85 6004 2.80646
51 6005 2.81777
66 6007 2.8466
78 6008 2.86549
58 6009 2.8734
89 6010 2.88672
55 6011 2.918
42 6013 2.97298
69 6015 3.04946
88 6016 3.05938
92 6017 3.06883
44 6018 3.07499
39 6020 3.13862
79 6021 3.14176
46 6022 3.14425
76 6023 3.16005
61 6024 3.17845
33 6026 3.26625
54 6027 3.33325
34 6029 3.41007
59 6031 3.45413
29 6032 3.47623
77 6033 3.52838
90 6035 3.59958
40 6036 3.61348
26 6038 3.72081
75 6040 3.80554
37 6041 3.80867
56 6044 3.96076
49 6046 4.0411
82 6047 4.05376
87 6048 4.11644
94 6050 4.18576
38 6051 4.18722
25 6052 4.20899
67 6054 4.32922
31 6056 4.39966
28 6058 4.50099
43 6059 4.51835
72 6061 4.59663
64 6062 4.59757
35 6063 4.63048
65 6065 4.73286
50 6067 4.77641
48 6068 4.78129
74 6069 4.80069
93 6070 4.80324
71 6072 4.83516
84 6073 4.83584
81 6074 4.89411
63 6075 4.92116
47 6076 4.92935
27 6080 5.22166
61 6085 5.57479
58 6087 5.68234
77 6088 5.69949
46 6091 5.84169
86 6092 5.86308
91 6093 5.93174
45 6094 5.93316
80 6097 6.0478
32 6098 6.11145
59 6100 6.15451
49 6101 6.21259
78 6103 6.28423
70 6105 6.33726
26 6106 6.41766
75 6107 6.42681
37 6110 6.56529
42 6112 6.6738
79 6114 6.76899
43 6115 6.80976
72 6117 6.87587
60 6119 6.94726
92 6121 7.04628
89 6123 7.1348
57 6124 7.18183
85 6125 7.21708
52 6126 7.23177
87 6128 7.33098
76 6130 7.39113
36 6131 7.39876
73 6133 7.44092
68 6134 7.50569
53 6135 7.51193
33 6137 7.6223
51 6139 7.6754
74 6140 7.67816
40 6141 7.69755
44 6143 7.73553
94 6144 7.76567
83 6146 7.88789
90 6148 7.94162
55 6150 8.04163
88 6151 8.08544
29 6153 8.19787
69 6155 8.28226
34 6156 8.31843
49 6158 8.33939
93 6159 8.34096
56 6160 8.4271
45 6162 8.44123
30 6164 8.54455
67 6165 8.59051
31 6167 8.65603
81 6169 8.74704
50 6170 8.78753
82 6171 8.80994
47 6172 8.81516
25 6174 8.84554
38 6175 8.87505
84 6180 9.27413
37 6182 9.35738
64 6183 9.35783
91 6185 9.52945
32 6187 9.56192
46 6188 9.60392
35 6189 9.60461
63 6190 9.60812
65 6191 9.62839
48 6193 9.6713
77 6195 9.77933
76 6196 9.80196
75 6197 9.82424
41 6199 9.84346
80 6200 9.87065
71 6201 9.91248
54 6203 9.94959
83 6204 10.0247
78 6206 10.1109
36 6207 10.1206
27 6209 10.1795
86 6210 10.2
79 6212 10.2587
43 6214 10.3714
51 6215 10.3744
33 6216 10.392
61 6219 10.6288
60 6221 10.704
28 6223 10.7443
72 6224 10.7622
74 6225 10.794
88 6228 10.9455
70 6229 10.9462
40 6232 11.2223
29 6235 11.3451
89 6236 11.3511
44 6237 11.3613
53 6238 11.3709
42 6239 11.4166
93 6240 11.4231
26 6242 11.4472
92 6244 11.6169
52 6246 11.6491
85 6248 11.7743
46 6251 11.9711
80 6252 11.979
73 6253 12.0273
91 6255 12.0802
94 6256 12.1211
69 6258 12.1552
50 6260 12.2368
82 6261 12.2625
65 6262 12.3302
45 6264 12.4304
62 6266 12.5084
68 6267 12.5263
90 6268 12.5312
86 6272 12.7541
39 6273 12.7737
60 6274 12.782
55 6275 12.7934
83 6276 12.8107
77 6278 12.8408
54 6279 12.9328
71 6281 12.9418
41 6282 13.0018
34 6284 13.0577
48 6285 13.0748
66 6287 13.1658
25 6288 13.1671
64 6289 13.1896
30 6291 13.2426
84 6292 13.2969
47 6293 13.3118
49 6295 13.3986
79 6297 13.5172
56 6298 13.5286
81 6302 13.7355
28 6303 13.746
59 6304 13.7643
63 6305 13.7914
76 6306 13.8334
32 6308 13.8455
36 6309 13.8639
93 6310 13.8688
33 6312 13.9629
70 6314 14.0701
46 6315 14.1245
75 6317 14.2018
72 6318 14.2158
38 6320 14.2701
35 6323 14.4875
58 6325 14.6333
51 6327 14.6356
94 6328 14.6902
27 6329 14.7221
87 6331 14.7718
37 6333 14.8392
