33 50 0.048 49.952
28 50 0.048 49.952
27 50 0.048 49.952
26 50 0.048 49.952
32 50 0.048 49.952
30 50 0.048 49.952
33 50 0.048 49.952
28 50 0.048 49.952
27 50 0.048 49.952
26 50 0.048 49.952
32 50 0.048 49.952
25 50 0.048 49.952
29 50 0.048 49.952
34 50 0.048 49.952
31 50 0.048 49.952
30 50 0.048 49.952
33 50 0.048 49.952
28 50 0.048 49.952
27 50 0.048 49.952
34 50 0.048 49.952
26 50 0.048 49.952
32 50 0.048 49.952
25 50 0.048 49.952
29 50 0.048 49.952
34 49.952 0.048 49.904
31 50 0.048 49.952
30 50 0.048 49.952
33 50 0.048 49.952
28 50 0.048 49.952
27 50 0.048 49.952
34 50 0.048 49.952
26 50 0.048 49.952
32 50 0.048 49.952
25 50 0.048 49.952
29 50 0.048 49.952
34 49.952 0.048 49.904
31 50 0.048 49.952
30 50 0.048 49.952
33 50 0.048 49.952
28 50 0.048 49.952
27 50 0.048 49.952
34 50 0.048 49.952
26 50 0.048 49.952
32 50 0.048 49.952
25 50 0.048 49.952
29 50 0.048 49.952
34 49.952 0.048 49.904
31 50 0.048 49.952
30 50 0.048 49.952
33 50 0.048 49.952
28 50 0.048 49.952
27 50 0.048 49.952
34 50 0.048 49.952
26 50 0.048 49.952
32 50 0.048 49.952
25 50 0.048 49.952
29 50 0.048 49.952
34 49.952 0.048 49.904
31 50 0.048 49.952
30 50 0.048 49.952
33 50 0.048 49.952
28 50 0.048 49.952
27 50 0.048 49.952
34 50 0.048 49.952
26 50 0.048 49.952
32 50 0.048 49.952
25 50 0.048 49.952
29 50 0.048 49.952
34 49.952 0.048 49.904
31 50 0.048 49.952
30 50 0.048 49.952
33 50 0.048 49.952
28 50 0.048 49.952
27 50 0.048 49.952
34 50 0.048 49.952
26 50 0.048 49.952
32 50 0.048 49.952
25 50 0.048 49.952
29 50 0.048 49.952
34 49.952 0.048 49.904
31 50 0.048 49.952
30 50 0.048 49.952
33 50 0.048 49.952
28 50 0.048 49.952
27 50 0.048 49.952
34 50 0.048 49.952
34 49.952 0.0048 49.9472
34 49.9472 0.16 49.7872
34 49.7872 0.0016 49.7856
26 50 0.048 49.952
32 50 0.048 49.952
25 50 0.048 49.952
29 50 0.048 49.952
34 49.7856 0.048 49.7376
31 50 0.048 49.952
30 50 0.048 49.952
33 50 0.048 49.952
28 50 0.048 49.952
27 50 0.048 49.952
26 50 0.048 49.952
32 50 0.048 49.952
25 50 0.048 49.952
29 50 0.048 49.952
34 50 0.048 49.952
31 50 0.048 49.952
30 50 0.048 49.952
33 50 0.048 49.952
28 50 0.048 49.952
27 50 0.048 49.952
26 50 0.048 49.952
32 50 0.048 49.952
25 50 0.048 49.952
25 49.952 0.048 49.904
29 50 0.048 49.952
34 50 0.048 49.952
31 50 0.048 49.952
30 50 0.048 49.952
33 50 0.048 49.952
28 50 0.048 49.952
27 50 0.048 49.952
26 50 0.048 49.952
32 50 0.048 49.952
25 50 0.048 49.952
25 49.952 0.0048 49.9472
25 49.9472 0.16 49.7872
25 49.7872 0.0016 49.7856
25 49.7856 0.048 49.7376
29 50 0.048 49.952
34 50 0.048 49.952
31 50 0.048 49.952
30 50 0.048 49.952
33 50 0.048 49.952
28 50 0.048 49.952
27 50 0.048 49.952
26 50 0.048 49.952
32 50 0.048 49.952
25 50 0.048 49.952
29 50 0.048 49.952
34 50 0.048 49.952
31 50 0.048 49.952
30 50 0.048 49.952
33 50 0.048 49.952
28 50 0.048 49.952
27 50 0.048 49.952
26 50 0.048 49.952
32 50 0.048 49.952
25 50 0.048 49.952
29 50 0.048 49.952
34 50 0.048 49.952
31 50 0.048 49.952
30 50 0.048 49.952
33 50 0.048 49.952
28 50 0.048 49.952
27 50 0.048 49.952
26 50 0.048 49.952
32 50 0.048 49.952
25 50 0.048 49.952
29 50 0.048 49.952
34 50 0.048 49.952
31 50 0.048 49.952
27 50 0.048 49.952
30 50 0.048 49.952
33 50 0.048 49.952
28 50 0.048 49.952
27 49.952 0.048 49.904
26 50 0.048 49.952
32 50 0.048 49.952
25 50 0.048 49.952
29 50 0.048 49.952
34 50 0.048 49.952
31 50 0.048 49.952
27 50 0.048 49.952
30 50 0.048 49.952
33 50 0.048 49.952
28 50 0.048 49.952
27 49.952 0.048 49.904
26 50 0.048 49.952
32 50 0.048 49.952
25 50 0.048 49.952
29 50 0.048 49.952
34 50 0.048 49.952
31 50 0.048 49.952
27 50 0.048 49.952
27 49.952 0.0048 49.9472
27 49.9472 0.16 49.7872
27 49.7872 0.0016 49.7856
30 50 0.048 49.952
33 50 0.048 49.952
28 50 0.048 49.952
27 49.7856 0.048 49.7376
26 50 0.048 49.952
32 50 0.048 49.952
25 50 0.048 49.952
29 50 0.048 49.952
34 50 0.048 49.952
31 50 0.048 49.952
30 50 0.048 49.952
33 50 0.048 49.952
28 50 0.048 49.952
27 49.8571 0.048 49.8091
26 50 0.048 49.952
32 50 0.048 49.952
25 50 0.048 49.952
29 50 0.048 49.952
34 50 0.048 49.952
31 50 0.048 49.952
30 50 0.048 49.952
33 50 0.048 49.952
28 50 0.048 49.952
27 50 0.048 49.952
26 50 0.048 49.952
32 50 0.048 49.952
25 50 0.048 49.952
29 50 0.048 49.952
34 50 0.048 49.952
31 50 0.048 49.952
30 50 0.048 49.952
33 50 0.048 49.952
26 50 0.048 49.952
28 50 0.048 49.952
27 50 0.048 49.952
32 50 0.0048 49.9952
32 49.9952 0.048 49.9472
27 49.952 0.0048 49.9472
26 49.952 0.048 49.904
32 49.9472 0.048 49.8992
25 50 0.048 49.952
29 50 0.048 49.952
34 50 0.048 49.952
31 50 0.048 49.952
30 50 0.048 49.952
33 50 0.048 49.952
26 50 0.048 49.952
28 50 0.048 49.952
27 50 0.048 49.952
26 49.952 0.048 49.904
32 50 0.048 49.952
25 50 0.048 49.952
29 50 0.048 49.952
34 50 0.048 49.952
30 50 0.048 49.952
31 50 0.048 49.952
30 49.952 0.048 49.904
33 50 0.048 49.952
26 50 0.048 49.952
26 49.952 0.0048 49.9472
26 49.9472 0.16 49.7872
26 49.7872 0.0016 49.7856
28 50 0.048 49.952
27 50 0.048 49.952
32 50 0.0048 49.9952
32 49.9952 0.048 49.9472
27 49.952 0.0048 49.9472
26 49.7856 0.048 49.7376
32 49.9472 0.048 49.8992
27 49.9472 0.0048 49.9424
27 49.9424 0.048 49.8944
32 49.8992 0.0048 49.8944
25 50 0.048 49.952
29 50 0.048 49.952
34 50 0.048 49.952
30 50 0.048 49.952
31 50 0.048 49.952
30 49.952 0.048 49.904
33 50 0.048 49.952
28 50 0.048 49.952
27 50 0.048 49.952
32 50 0.0048 49.9952
32 49.9952 0.048 49.9472
27 49.952 0.0048 49.9472
26 50 0.048 49.952
32 49.9472 0.048 49.8992
27 49.9472 0.0048 49.9424
27 49.9424 0.048 49.8944
32 49.8992 0.0048 49.8944
25 50 0.048 49.952
29 50 0.048 49.952
34 50 0.048 49.952
30 50 0.048 49.952
31 50 0.048 49.952
30 49.952 0.048 49.904
33 50 0.048 49.952
28 50 0.048 49.952
27 50 0.048 49.952
32 50 0.0048 49.9952
32 49.9952 0.048 49.9472
27 49.952 0.0048 49.9472
26 50 0.048 49.952
32 49.9472 0.048 49.8992
27 49.9472 0.0048 49.9424
27 49.9424 0.048 49.8944
32 49.8992 0.0048 49.8944
25 50 0.048 49.952
29 50 0.048 49.952
34 50 0.048 49.952
30 50 0.048 49.952
31 50 0.048 49.952
30 49.952 0.048 49.904
33 50 0.048 49.952
28 50 0.048 49.952
27 50 0.048 49.952
32 50 0.0048 49.9952
32 49.9952 0.048 49.9472
27 49.952 0.0048 49.9472
26 50 0.048 49.952
32 49.9472 0.048 49.8992
27 49.9472 0.0048 49.9424
27 49.9424 0.048 49.8944
32 49.8992 0.0048 49.8944
25 50 0.048 49.952
29 50 0.048 49.952
34 50 0.048 49.952
30 50 0.048 49.952
31 50 0.048 49.952
30 49.952 0.048 49.904
33 50 0.048 49.952
28 50 0.048 49.952
27 50 0.048 49.952
32 50 0.0048 49.9952
32 49.9952 0.048 49.9472
27 49.952 0.0048 49.9472
29 50 0.048 49.952
26 50 0.048 49.952
32 49.9472 0.048 49.8992
27 49.9472 0.0048 49.9424
27 49.9424 0.048 49.8944
32 49.8992 0.0048 49.8944
25 50 0.048 49.952
29 49.952 0.048 49.904
34 50 0.048 49.952
30 50 0.048 49.952
31 50 0.048 49.952
30 49.952 0.048 49.904
33 50 0.048 49.952
28 50 0.048 49.952
27 50 0.048 49.952
32 50 0.0048 49.9952
32 49.9952 0.048 49.9472
27 49.952 0.0048 49.9472
29 50 0.048 49.952
26 50 0.048 49.952
32 49.9472 0.048 49.8992
27 49.9472 0.0048 49.9424
27 49.9424 0.048 49.8944
32 49.8992 0.0048 49.8944
25 50 0.048 49.952
29 49.952 0.048 49.904
34 50 0.048 49.952
30 50 0.048 49.952
31 50 0.048 49.952
30 49.952 0.048 49.904
33 50 0.048 49.952
28 50 0.048 49.952
33 50 0.048 49.952
27 50 0.048 49.952
32 50 0.0048 49.9952
32 49.9952 0.048 49.9472
27 49.952 0.0048 49.9472
32 49.9472 0.048 49.8992
27 49.9472 0.0048 49.9424
29 50 0.048 49.952
26 50 0.048 49.952
32 49.8992 0.048 49.8512
27 49.9424 0.0048 49.9376
27 49.9376 0.048 49.8896
32 49.8512 0.0048 49.8464
25 50 0.048 49.952
29 49.952 0.048 49.904
34 50 0.048 49.952
30 50 0.048 49.952
31 50 0.048 49.952
30 49.952 0.048 49.904
33 49.952 0.048 49.904
28 50 0.048 49.952
33 50 0.048 49.952
27 50 0.048 49.952
32 50 0.0048 49.9952
32 49.9952 0.048 49.9472
27 49.952 0.0048 49.9472
32 49.9472 0.048 49.8992
27 49.9472 0.0048 49.9424
27 49.9424 0.048 49.8944
32 49.8992 0.0048 49.8944
32 49.8944 0.16 49.7344
27 49.8944 0.016 49.8784
27 49.8784 0.016 49.8624
32 49.7344 0.0016 49.7328
27 49.8624 0.048 49.8144
32 49.7328 0.0048 49.728
29 50 0.048 49.952
26 50 0.048 49.952
32 49.728 0.048 49.68
27 49.8144 0.0048 49.8096
27 49.8096 0.048 49.7616
32 49.68 0.0048 49.6752
25 50 0.048 49.952
31 50 0.048 49.952
29 49.952 0.048 49.904
34 50 0.048 49.952
30 50 0.048 49.952
31 49.952 0.048 49.904
30 49.952 0.048 49.904
33 49.952 0.048 49.904
28 50 0.048 49.952
33 50 0.048 49.952
27 49.8767 0.048 49.8287
27 49.8287 0.048 49.7807
29 50 0.048 49.952
26 50 0.048 49.952
32 50 0.048 49.952
25 50 0.048 49.952
31 50 0.048 49.952
31 49.952 0.0048 49.9472
31 49.9472 0.16 49.7872
31 49.7872 0.0016 49.7856
29 49.952 0.048 49.904
34 50 0.048 49.952
30 50 0.048 49.952
31 49.7856 0.048 49.7376
30 49.952 0.048 49.904
33 49.952 0.048 49.904
28 50 0.048 49.952
33 50 0.048 49.952
27 50 0.048 49.952
27 49.952 0.048 49.904
29 50 0.048 49.952
26 50 0.048 49.952
32 50 0.048 49.952
25 50 0.048 49.952
28 50 0.048 49.952
29 49.952 0.048 49.904
34 50 0.048 49.952
30 50 0.048 49.952
31 50 0.048 49.952
30 49.952 0.048 49.904
33 49.952 0.048 49.904
28 49.952 0.048 49.904
33 50 0.048 49.952
27 50 0.048 49.952
27 49.952 0.048 49.904
29 50 0.048 49.952
26 50 0.048 49.952
32 50 0.048 49.952
25 50 0.048 49.952
28 50 0.048 49.952
29 49.952 0.048 49.904
34 50 0.048 49.952
30 50 0.048 49.952
31 50 0.048 49.952
30 49.952 0.048 49.904
33 49.952 0.048 49.904
28 49.952 0.048 49.904
33 50 0.048 49.952
27 50 0.048 49.952
27 49.952 0.048 49.904
27 49.904 0.0048 49.8992
27 49.8992 0.16 49.7392
27 49.7392 0.0016 49.7376
29 50 0.048 49.952
26 50 0.048 49.952
32 50 0.048 49.952
25 50 0.048 49.952
28 50 0.048 49.952
29 49.952 0.048 49.904
34 50 0.048 49.952
30 50 0.048 49.952
31 50 0.048 49.952
30 49.952 0.048 49.904
33 49.952 0.048 49.904
28 49.952 0.048 49.904
33 50 0.048 49.952
27 49.949 0.048 49.901
29 50 0.048 49.952
26 50 0.048 49.952
32 50 0.048 49.952
25 50 0.048 49.952
28 50 0.048 49.952
29 49.952 0.048 49.904
34 50 0.048 49.952
30 50 0.048 49.952
31 50 0.048 49.952
30 49.952 0.048 49.904
33 49.952 0.048 49.904
28 49.952 0.048 49.904
33 50 0.048 49.952
27 50 0.048 49.952
32 50 0.0048 49.9952
32 49.9952 0.048 49.9472
27 49.952 0.0048 49.9472
29 50 0.048 49.952
26 50 0.048 49.952
32 49.9472 0.048 49.8992
27 49.9472 0.0048 49.9424
27 49.9424 0.048 49.8944
32 49.8992 0.0048 49.8944
25 50 0.048 49.952
28 50 0.048 49.952
29 49.952 0.048 49.904
34 50 0.048 49.952
30 50 0.048 49.952
31 50 0.048 49.952
30 49.952 0.048 49.904
33 49.952 0.048 49.904
28 49.952 0.048 49.904
33 50 0.048 49.952
27 50 0.048 49.952
29 50 0.048 49.952
26 50 0.048 49.952
32 50 0.048 49.952
25 50 0.048 49.952
28 50 0.048 49.952
29 49.952 0.048 49.904
34 50 0.048 49.952
30 50 0.048 49.952
31 50 0.048 49.952
30 49.952 0.048 49.904
33 49.952 0.048 49.904
28 49.952 0.048 49.904
33 50 0.048 49.952
27 50 0.048 49.952
32 50 0.0048 49.9952
32 49.9952 0.048 49.9472
27 49.952 0.0048 49.9472
29 50 0.048 49.952
26 50 0.048 49.952
32 49.9472 0.048 49.8992
27 49.9472 0.0048 49.9424
27 49.9424 0.048 49.8944
32 49.8992 0.0048 49.8944
25 50 0.048 49.952
28 50 0.048 49.952
29 49.952 0.048 49.904
34 50 0.048 49.952
30 50 0.048 49.952
31 50 0.048 49.952
30 49.952 0.048 49.904
33 49.952 0.048 49.904
28 49.952 0.048 49.904
33 50 0.048 49.952
27 50 0.048 49.952
29 50 0.048 49.952
26 50 0.048 49.952
32 50 0.048 49.952
25 50 0.048 49.952
28 50 0.048 49.952
29 49.952 0.048 49.904
34 50 0.048 49.952
30 50 0.048 49.952
31 50 0.048 49.952
30 49.952 0.048 49.904
33 49.952 0.048 49.904
28 49.952 0.048 49.904
33 50 0.048 49.952
25 50 0.0048 49.9952
27 50 0.048 49.952
29 50 0.048 49.952
26 50 0.048 49.952
32 50 0.048 49.952
25 49.9952 0.048 49.9472
28 50 0.048 49.952
29 49.952 0.048 49.904
34 50 0.048 49.952
30 50 0.048 49.952
31 50 0.048 49.952
30 49.952 0.048 49.904
33 49.952 0.048 49.904
28 49.952 0.048 49.904
33 50 0.048 49.952
27 50 0.048 49.952
29 50 0.048 49.952
26 50 0.048 49.952
32 50 0.048 49.952
25 50 0.048 49.952
28 50 0.048 49.952
29 49.952 0.048 49.904
34 50 0.048 49.952
30 50 0.048 49.952
31 50 0.048 49.952
30 49.952 0.048 49.904
33 49.952 0.048 49.904
28 49.952 0.048 49.904
33 50 0.048 49.952
27 50 0.048 49.952
29 50 0.048 49.952
26 50 0.048 49.952
32 50 0.048 49.952
25 50 0.048 49.952
28 50 0.048 49.952
29 49.952 0.048 49.904
34 50 0.048 49.952
30 50 0.048 49.952
30 49.952 0.0048 49.9472
30 49.9472 0.16 49.7872
30 49.7872 0.0016 49.7856
31 50 0.048 49.952
30 49.7856 0.048 49.7376
33 49.952 0.048 49.904
28 49.952 0.048 49.904
33 50 0.048 49.952
27 50 0.048 49.952
29 50 0.048 49.952
26 50 0.048 49.952
32 50 0.048 49.952
25 50 0.048 49.952
28 50 0.048 49.952
29 49.952 0.048 49.904
34 50 0.048 49.952
31 50 0.048 49.952
30 50 0.048 49.952
27 50 0.048 49.952
33 49.952 0.048 49.904
28 49.952 0.048 49.904
33 50 0.048 49.952
27 49.952 0.048 49.904
29 50 0.048 49.952
29 49.952 0.0048 49.9472
29 49.9472 0.16 49.7872
29 49.7872 0.0016 49.7856
26 50 0.048 49.952
32 50 0.048 49.952
27 49.904 0.0048 49.8992
27 49.8992 0.048 49.8512
32 49.952 0.0048 49.9472
25 50 0.048 49.952
28 50 0.048 49.952
29 49.7856 0.048 49.7376
34 50 0.048 49.952
31 50 0.048 49.952
30 50 0.048 49.952
27 50 0.048 49.952
33 49.952 0.048 49.904
28 49.952 0.048 49.904
33 50 0.048 49.952
27 49.952 0.048 49.904
26 50 0.048 49.952
32 50 0.048 49.952
25 50 0.048 49.952
33 49.952 0.0048 49.9472
33 49.9472 0.048 49.8992
25 49.952 0.0048 49.9472
28 50 0.048 49.952
29 50 0.048 49.952
34 50 0.048 49.952
31 50 0.048 49.952
30 50 0.048 49.952
27 50 0.048 49.952
33 49.8992 0.048 49.8512
28 49.952 0.048 49.904
33 50 0.048 49.952
27 49.952 0.048 49.904
26 50 0.048 49.952
32 50 0.048 49.952
25 50 0.048 49.952
33 49.952 0.0048 49.9472
33 49.9472 0.048 49.8992
25 49.952 0.0048 49.9472
28 50 0.048 49.952
29 50 0.048 49.952
34 50 0.048 49.952
31 50 0.048 49.952
30 50 0.048 49.952
27 50 0.048 49.952
33 49.8992 0.048 49.8512
25 50 0.0048 49.9952
25 49.9952 0.048 49.9472
33 49.8512 0.0048 49.8464
28 49.952 0.048 49.904
33 50 0.048 49.952
25 49.9472 0.0048 49.9424
33 49.952 0.0048 49.9472
33 49.9472 0.16 49.7872
33 49.7872 0.0016 49.7856
27 49.952 0.048 49.904
26 50 0.048 49.952
34 50 0.048 49.952
32 50 0.048 49.952
25 49.9424 0.048 49.8944
28 50 0.048 49.952
29 50 0.048 49.952
34 49.952 0.048 49.904
31 50 0.048 49.952
30 50 0.048 49.952
27 50 0.048 49.952
33 49.7856 0.048 49.7376
28 49.952 0.048 49.904
27 49.952 0.048 49.904
26 50 0.048 49.952
34 50 0.048 49.952
32 50 0.048 49.952
25 50 0.048 49.952
28 50 0.048 49.952
29 50 0.048 49.952
34 49.952 0.048 49.904
31 50 0.048 49.952
30 50 0.048 49.952
27 50 0.048 49.952
33 49.8383 0.048 49.7903
28 49.952 0.048 49.904
27 49.952 0.048 49.904
26 50 0.048 49.952
34 50 0.048 49.952
34 49.952 0.0048 49.9472
34 49.9472 0.16 49.7872
34 49.7872 0.0016 49.7856
32 50 0.048 49.952
25 50 0.048 49.952
28 50 0.048 49.952
29 50 0.048 49.952
34 49.7856 0.048 49.7376
31 50 0.048 49.952
30 50 0.048 49.952
27 50 0.048 49.952
33 50 0.048 49.952
28 49.952 0.048 49.904
27 49.952 0.048 49.904
26 50 0.048 49.952
32 50 0.048 49.952
25 50 0.048 49.952
28 50 0.048 49.952
29 50 0.048 49.952
34 50 0.048 49.952
31 50 0.048 49.952
30 50 0.048 49.952
27 50 0.048 49.952
33 50 0.048 49.952
28 49.952 0.048 49.904
27 49.952 0.048 49.904
26 50 0.048 49.952
32 50 0.048 49.952
25 50 0.048 49.952
28 50 0.048 49.952
29 50 0.048 49.952
34 50 0.048 49.952
31 50 0.048 49.952
30 50 0.048 49.952
27 50 0.048 49.952
33 50 0.048 49.952
28 49.952 0.048 49.904
27 49.952 0.048 49.904
26 50 0.048 49.952
32 50 0.048 49.952
25 50 0.048 49.952
28 50 0.048 49.952
28 49.952 0.0048 49.9472
28 49.9472 0.16 49.7872
28 49.7872 0.0016 49.7856
29 50 0.048 49.952
34 50 0.048 49.952
31 50 0.048 49.952
30 50 0.048 49.952
27 50 0.048 49.952
33 50 0.048 49.952
28 49.7856 0.048 49.7376
27 49.952 0.048 49.904
26 50 0.048 49.952
25 50 0.048 49.952
32 50 0.048 49.952
25 49.952 0.048 49.904
29 50 0.048 49.952
34 50 0.048 49.952
31 50 0.048 49.952
30 50 0.048 49.952
27 50 0.048 49.952
33 50 0.048 49.952
28 50 0.048 49.952
27 49.952 0.048 49.904
26 50 0.048 49.952
25 50 0.048 49.952
32 50 0.048 49.952
25 49.952 0.048 49.904
29 50 0.048 49.952
34 50 0.048 49.952
31 50 0.048 49.952
30 50 0.048 49.952
27 50 0.048 49.952
33 50 0.048 49.952
28 50 0.048 49.952
27 49.952 0.048 49.904
26 50 0.048 49.952
25 50 0.048 49.952
32 50 0.048 49.952
25 49.952 0.048 49.904
29 50 0.048 49.952
34 50 0.048 49.952
31 50 0.048 49.952
30 50 0.048 49.952
27 50 0.048 49.952
33 50 0.048 49.952
25 50 0.0048 49.9952
25 49.9952 0.048 49.9472
33 49.952 0.0048 49.9472
28 50 0.048 49.952
27 49.952 0.048 49.904
26 50 0.048 49.952
25 49.9472 0.048 49.8992
33 50 0.0048 49.9952
33 49.9952 0.048 49.9472
25 49.8992 0.0048 49.8944
25 49.8944 0.16 49.7344
33 49.9472 0.016 49.9312
33 49.9312 0.016 49.9152
25 49.7344 0.0016 49.7328
33 49.9152 0.048 49.8672
25 49.7328 0.0048 49.728
32 50 0.048 49.952
25 49.728 0.048 49.68
29 50 0.048 49.952
34 50 0.048 49.952
31 50 0.048 49.952
30 50 0.048 49.952
27 50 0.048 49.952
33 49.8672 0.048 49.8192
28 50 0.048 49.952
27 49.952 0.048 49.904
26 50 0.048 49.952
33 50 0.048 49.952
33 49.952 0.0048 49.9472
33 49.9472 0.16 49.7872
33 49.7872 0.0016 49.7856
32 50 0.048 49.952
25 50 0.048 49.952
29 50 0.048 49.952
34 50 0.048 49.952
31 50 0.048 49.952
30 50 0.048 49.952
27 50 0.048 49.952
32 49.952 0.0048 49.9472
33 49.7856 0.048 49.7376
28 50 0.048 49.952
27 49.952 0.048 49.904
32 50 0.0048 49.9952
32 49.9952 0.048 49.9472
27 49.904 0.0048 49.8992
26 50 0.048 49.952
32 49.9472 0.048 49.8992
27 49.8992 0.0048 49.8944
27 49.8944 0.048 49.8464
32 49.8992 0.0048 49.8944
25 50 0.048 49.952
29 50 0.048 49.952
34 50 0.048 49.952
31 50 0.048 49.952
30 50 0.048 49.952
27 50 0.048 49.952
33 49.8759 0.048 49.8279
28 50 0.048 49.952
27 49.952 0.048 49.904
32 50 0.0048 49.9952
32 49.9952 0.048 49.9472
27 49.904 0.0048 49.8992
26 50 0.048 49.952
32 49.9472 0.048 49.8992
27 49.8992 0.0048 49.8944
27 49.8944 0.048 49.8464
32 49.8992 0.0048 49.8944
25 50 0.048 49.952
29 50 0.048 49.952
34 50 0.048 49.952
31 50 0.048 49.952
26 49.952 0.048 49.904
30 50 0.048 49.952
27 50 0.048 49.952
32 49.8944 0.0048 49.8896
27 49.952 0.0048 49.9472
27 49.9472 0.16 49.7872
27 49.7872 0.0016 49.7856
33 49.9882 0.048 49.9402
28 50 0.048 49.952
27 49.7856 0.048 49.7376
32 50 0.0048 49.9952
32 49.9952 0.048 49.9472
27 49.7376 0.0048 49.7328
26 50 0.048 49.952
32 49.9472 0.048 49.8992
25 50 0.048 49.952
29 50 0.048 49.952
34 50 0.048 49.952
31 50 0.048 49.952
26 49.952 0.048 49.904
30 50 0.048 49.952
33 50 0.048 49.952
28 50 0.048 49.952
27 49.8492 0.048 49.8012
32 50 0.0048 49.9952
32 49.9952 0.048 49.9472
27 49.8012 0.0048 49.7964
26 50 0.048 49.952
32 49.9472 0.048 49.8992
27 49.7964 0.0048 49.7916
27 49.7916 0.048 49.7436
32 49.8992 0.0048 49.8944
25 50 0.048 49.952
29 50 0.048 49.952
34 50 0.048 49.952
31 50 0.048 49.952
26 49.952 0.048 49.904
30 50 0.048 49.952
33 50 0.048 49.952
28 50 0.048 49.952
27 49.9319 0.048 49.8839
26 50 0.048 49.952
32 50 0.048 49.952
25 50 0.048 49.952
29 50 0.048 49.952
34 50 0.048 49.952
31 50 0.048 49.952
26 49.952 0.048 49.904
30 50 0.048 49.952
33 50 0.048 49.952
28 50 0.048 49.952
27 50 0.048 49.952
32 50 0.0048 49.9952
32 49.9952 0.048 49.9472
27 49.952 0.0048 49.9472
26 50 0.048 49.952
32 49.9472 0.048 49.8992
27 49.9472 0.0048 49.9424
27 49.9424 0.048 49.8944
32 49.8992 0.0048 49.8944
25 50 0.048 49.952
29 50 0.048 49.952
34 50 0.048 49.952
31 50 0.048 49.952
26 49.952 0.048 49.904
30 50 0.048 49.952
33 50 0.048 49.952
28 50 0.048 49.952
27 50 0.048 49.952
32 50 0.0048 49.9952
32 49.9952 0.048 49.9472
27 49.952 0.0048 49.9472
32 49.9472 0.048 49.8992
27 49.9472 0.0048 49.9424
27 49.9424 0.048 49.8944
32 49.8992 0.0096 49.8896
32 49.8896 0.16 49.7296
32 49.7296 0.0016 49.728
26 50 0.048 49.952
32 49.728 0.048 49.68
25 50 0.048 49.952
33 50 0.0048 49.9952
33 49.9952 0.048 49.9472
25 49.952 0.0048 49.9472
29 50 0.048 49.952
34 50 0.048 49.952
31 50 0.048 49.952
26 49.952 0.048 49.904
30 50 0.048 49.952
33 49.9472 0.048 49.8992
25 50 0.0048 49.9952
25 49.9952 0.048 49.9472
33 49.8992 0.0048 49.8944
28 50 0.048 49.952
27 50 0.048 49.952
26 50 0.048 49.952
32 50 0.048 49.952
25 49.9472 0.048 49.8992
33 50 0.0048 49.9952
33 49.9952 0.048 49.9472
25 49.8992 0.0048 49.8944
29 50 0.048 49.952
34 50 0.048 49.952
31 50 0.048 49.952
26 49.952 0.048 49.904
30 50 0.048 49.952
33 49.9472 0.048 49.8992
25 50 0.0048 49.9952
25 49.9952 0.048 49.9472
33 49.8992 0.0048 49.8944
28 50 0.048 49.952
27 50 0.048 49.952
26 50 0.048 49.952
32 50 0.048 49.952
30 49.952 0.048 49.904
25 49.9472 0.048 49.8992
33 50 0.0048 49.9952
33 49.9952 0.048 49.9472
25 49.8992 0.0048 49.8944
29 50 0.048 49.952
34 50 0.048 49.952
31 50 0.048 49.952
26 49.952 0.048 49.904
30 50 0.048 49.952
33 49.9472 0.048 49.8992
25 50 0.0048 49.9952
25 49.9952 0.048 49.9472
33 49.8992 0.0048 49.8944
28 50 0.048 49.952
27 50 0.048 49.952
26 50 0.048 49.952
32 50 0.048 49.952
30 49.952 0.048 49.904
25 49.9472 0.048 49.8992
33 50 0.0048 49.9952
33 49.9952 0.048 49.9472
25 49.8992 0.0048 49.8944
29 50 0.048 49.952
34 50 0.048 49.952
31 50 0.048 49.952
26 49.952 0.048 49.904
30 50 0.048 49.952
33 49.9472 0.048 49.8992
25 50 0.0048 49.9952
25 49.9952 0.048 49.9472
33 49.8992 0.0048 49.8944
28 50 0.048 49.952
27 50 0.048 49.952
26 50 0.048 49.952
32 50 0.048 49.952
30 49.952 0.048 49.904
30 49.904 0.0048 49.8992
30 49.8992 0.16 49.7392
30 49.7392 0.0016 49.7376
25 49.9472 0.048 49.8992
29 50 0.048 49.952
34 50 0.048 49.952
31 50 0.048 49.952
26 49.952 0.048 49.904
30 50 0.048 49.952
33 50 0.048 49.952
28 50 0.048 49.952
27 50 0.048 49.952
26 50 0.048 49.952
32 50 0.048 49.952
27 49.952 0.0048 49.9472
27 49.9472 0.048 49.8992
32 49.952 0.0048 49.9472
25 50 0.048 49.952
29 50 0.048 49.952
34 50 0.048 49.952
31 50 0.048 49.952
26 49.952 0.048 49.904
30 50 0.048 49.952
33 50 0.048 49.952
28 50 0.048 49.952
27 50 0.048 49.952
32 50 0.0048 49.9952
32 49.9952 0.048 49.9472
27 49.952 0.0048 49.9472
26 50 0.048 49.952
32 49.9472 0.048 49.8992
27 49.9472 0.0048 49.9424
27 49.9424 0.048 49.8944
32 49.8992 0.0048 49.8944
25 50 0.048 49.952
31 50 0.048 49.952
29 50 0.048 49.952
34 50 0.048 49.952
31 49.952 0.048 49.904
26 49.952 0.048 49.904
30 50 0.048 49.952
33 50 0.048 49.952
28 50 0.048 49.952
27 50 0.048 49.952
32 50 0.0048 49.9952
32 49.9952 0.048 49.9472
27 49.952 0.0048 49.9472
26 50 0.048 49.952
32 49.9472 0.048 49.8992
27 49.9472 0.0048 49.9424
27 49.9424 0.048 49.8944
32 49.8992 0.0048 49.8944
25 50 0.048 49.952
33 50 0.0048 49.9952
33 49.9952 0.048 49.9472
25 49.952 0.0048 49.9472
31 50 0.048 49.952
29 50 0.048 49.952
34 50 0.048 49.952
31 49.952 0.048 49.904
26 49.952 0.048 49.904
30 50 0.048 49.952
33 49.9472 0.048 49.8992
25 50 0.0048 49.9952
25 49.9952 0.048 49.9472
33 49.8992 0.0048 49.8944
28 50 0.048 49.952
27 50 0.048 49.952
32 50 0.0048 49.9952
32 49.9952 0.048 49.9472
27 49.952 0.0048 49.9472
26 50 0.048 49.952
32 49.9472 0.048 49.8992
27 49.9472 0.0048 49.9424
27 49.9424 0.048 49.8944
32 49.8992 0.0048 49.8944
25 49.9472 0.048 49.8992
33 50 0.0048 49.9952
33 49.9952 0.048 49.9472
25 49.8992 0.0048 49.8944
31 50 0.048 49.952
29 50 0.048 49.952
34 50 0.048 49.952
31 49.952 0.048 49.904
26 49.952 0.048 49.904
30 50 0.048 49.952
33 49.9472 0.048 49.8992
25 50 0.0048 49.9952
25 49.9952 0.048 49.9472
33 49.8992 0.0048 49.8944
28 50 0.048 49.952
27 50 0.048 49.952
32 50 0.0048 49.9952
32 49.9952 0.048 49.9472
27 49.952 0.0048 49.9472
26 50 0.048 49.952
32 49.9472 0.048 49.8992
27 49.9472 0.0048 49.9424
27 49.9424 0.048 49.8944
32 49.8992 0.0048 49.8944
25 49.9472 0.048 49.8992
31 50 0.048 49.952
29 50 0.048 49.952
34 50 0.048 49.952
31 49.952 0.048 49.904
26 49.952 0.048 49.904
30 50 0.048 49.952
33 50 0.048 49.952
28 50 0.048 49.952
27 50 0.048 49.952
32 50 0.0048 49.9952
32 49.9952 0.048 49.9472
27 49.952 0.0048 49.9472
26 50 0.048 49.952
32 49.9472 0.048 49.8992
27 49.9472 0.0048 49.9424
27 49.9424 0.048 49.8944
32 49.8992 0.0048 49.8944
25 50 0.048 49.952
31 50 0.048 49.952
29 50 0.048 49.952
34 50 0.048 49.952
31 49.952 0.048 49.904
26 49.952 0.048 49.904
30 50 0.048 49.952
33 50 0.048 49.952
25 50 0.0048 49.9952
25 49.9952 0.048 49.9472
33 49.952 0.0048 49.9472
28 50 0.048 49.952
27 50 0.048 49.952
32 50 0.0048 49.9952
32 49.9952 0.048 49.9472
27 49.952 0.0048 49.9472
26 50 0.048 49.952
32 49.9472 0.048 49.8992
27 49.9472 0.0048 49.9424
27 49.9424 0.048 49.8944
32 49.8992 0.0048 49.8944
25 49.9472 0.048 49.8992
33 50 0.0048 49.9952
33 49.9952 0.048 49.9472
25 49.8992 0.0048 49.8944
31 50 0.048 49.952
29 50 0.048 49.952
34 50 0.048 49.952
31 49.952 0.048 49.904
26 49.952 0.048 49.904
30 50 0.048 49.952
33 49.9472 0.048 49.8992
25 50 0.0048 49.9952
25 49.9952 0.048 49.9472
33 49.8992 0.0048 49.8944
28 50 0.048 49.952
27 50 0.048 49.952
32 50 0.0048 49.9952
32 49.9952 0.048 49.9472
27 49.952 0.0048 49.9472
26 50 0.048 49.952
32 49.9472 0.048 49.8992
27 49.9472 0.0048 49.9424
27 49.9424 0.048 49.8944
32 49.8992 0.0048 49.8944
25 49.9472 0.048 49.8992
31 50 0.048 49.952
29 50 0.048 49.952
34 50 0.048 49.952
31 49.952 0.048 49.904
26 49.952 0.048 49.904
30 50 0.048 49.952
33 50 0.048 49.952
28 50 0.048 49.952
27 50 0.048 49.952
32 50 0.0048 49.9952
32 49.9952 0.048 49.9472
27 49.952 0.0048 49.9472
26 50 0.048 49.952
32 49.9472 0.048 49.8992
27 49.9472 0.0048 49.9424
27 49.9424 0.048 49.8944
32 49.8992 0.0048 49.8944
25 50 0.048 49.952
33 50 0.0048 49.9952
33 49.9952 0.048 49.9472
25 49.952 0.0048 49.9472
31 50 0.048 49.952
29 50 0.048 49.952
34 50 0.048 49.952
31 49.952 0.048 49.904
26 49.952 0.048 49.904
26 49.904 0.0048 49.8992
26 49.8992 0.16 49.7392
26 49.7392 0.0016 49.7376
30 50 0.048 49.952
33 49.9472 0.048 49.8992
25 50 0.0048 49.9952
25 49.9952 0.048 49.9472
33 49.8992 0.0048 49.8944
28 50 0.048 49.952
27 50 0.048 49.952
32 50 0.0048 49.9952
32 49.9952 0.048 49.9472
27 49.952 0.0048 49.9472
26 49.8465 0.048 49.7985
32 49.9472 0.048 49.8992
27 49.9472 0.0048 49.9424
27 49.9424 0.048 49.8944
32 49.8992 0.0048 49.8944
25 49.9472 0.048 49.8992
31 50 0.048 49.952
29 50 0.048 49.952
34 50 0.048 49.952
31 49.952 0.048 49.904
30 50 0.048 49.952
33 50 0.048 49.952
28 50 0.048 49.952
27 50 0.048 49.952
32 50 0.0048 49.9952
32 49.9952 0.048 49.9472
27 49.952 0.0048 49.9472
26 50 0.048 49.952
32 49.9472 0.048 49.8992
27 49.9472 0.0048 49.9424
27 49.9424 0.048 49.8944
32 49.8992 0.0048 49.8944
25 50 0.048 49.952
31 50 0.048 49.952
31 49.952 0.0048 49.9472
31 49.9472 0.16 49.7872
31 49.7872 0.0016 49.7856
29 50 0.048 49.952
34 50 0.048 49.952
31 49.7856 0.048 49.7376
30 50 0.048 49.952
33 50 0.048 49.952
25 50 0.0048 49.9952
25 49.9952 0.048 49.9472
33 49.952 0.0048 49.9472
28 50 0.048 49.952
27 49.9992 0.048 49.9512
32 50 0.0048 49.9952
32 49.9952 0.048 49.9472
27 49.9512 0.0048 49.9464
26 50 0.048 49.952
32 49.9472 0.048 49.8992
27 49.9464 0.0048 49.9416
27 49.9416 0.048 49.8936
32 49.8992 0.0048 49.8944
25 49.9472 0.048 49.8992
33 50 0.0048 49.9952
33 49.9952 0.048 49.9472
25 49.8992 0.0048 49.8944
29 50 0.048 49.952
34 50 0.048 49.952
31 49.926 0.048 49.878
30 50 0.048 49.952
33 49.9472 0.048 49.8992
25 50 0.0048 49.9952
25 49.9952 0.048 49.9472
33 49.8992 0.0048 49.8944
28 50 0.048 49.952
27 50 0.048 49.952
26 50 0.048 49.952
32 50 0.048 49.952
25 49.9472 0.048 49.8992
33 50 0.0048 49.9952
33 49.9952 0.048 49.9472
25 49.8992 0.0048 49.8944
29 50 0.048 49.952
34 50 0.048 49.952
31 50 0.048 49.952
30 50 0.048 49.952
33 49.9472 0.048 49.8992
28 50 0.048 49.952
27 50 0.048 49.952
32 50 0.0048 49.9952
32 49.9952 0.048 49.9472
27 49.952 0.0048 49.9472
26 50 0.048 49.952
32 49.9472 0.048 49.8992
27 49.9472 0.0048 49.9424
27 49.9424 0.048 49.8944
32 49.8992 0.0048 49.8944
25 50 0.048 49.952
29 50 0.048 49.952
34 50 0.048 49.952
31 50 0.048 49.952
30 50 0.048 49.952
33 50 0.048 49.952
28 50 0.048 49.952
27 50 0.048 49.952
32 50 0.0048 49.9952
32 49.9952 0.048 49.9472
27 49.952 0.0048 49.9472
26 50 0.048 49.952
32 49.9472 0.048 49.8992
27 49.9472 0.0048 49.9424
27 49.9424 0.048 49.8944
32 49.8992 0.0048 49.8944
25 50 0.048 49.952
33 50 0.0048 49.9952
33 49.9952 0.048 49.9472
25 49.952 0.0048 49.9472
29 50 0.048 49.952
34 50 0.048 49.952
31 50 0.048 49.952
30 50 0.048 49.952
33 49.9472 0.048 49.8992
25 50 0.0048 49.9952
25 49.9952 0.048 49.9472
33 49.8992 0.0048 49.8944
28 50 0.048 49.952
27 50 0.048 49.952
32 50 0.0048 49.9952
32 49.9952 0.048 49.9472
27 49.952 0.0048 49.9472
26 50 0.048 49.952
32 49.9472 0.048 49.8992
27 49.9472 0.0048 49.9424
27 49.9424 0.048 49.8944
32 49.8992 0.0048 49.8944
25 49.9472 0.048 49.8992
33 50 0.0048 49.9952
33 49.9952 0.048 49.9472
25 49.8992 0.0048 49.8944
29 50 0.048 49.952
34 50 0.048 49.952
31 50 0.048 49.952
30 50 0.048 49.952
33 49.9472 0.048 49.8992
25 50 0.0048 49.9952
25 49.9952 0.048 49.9472
33 49.8992 0.0048 49.8944
28 50 0.048 49.952
27 49.9976 0.048 49.9496
26 50 0.048 49.952
32 50 0.048 49.952
25 49.9472 0.048 49.8992
33 50 0.0048 49.9952
33 49.9952 0.048 49.9472
25 49.8992 0.0048 49.8944
29 50 0.048 49.952
34 50 0.048 49.952
31 50 0.048 49.952
30 50 0.048 49.952
33 49.9472 0.048 49.8992
25 50 0.0048 49.9952
25 49.9952 0.048 49.9472
33 49.8992 0.0048 49.8944
28 50 0.048 49.952
27 50 0.048 49.952
26 50 0.048 49.952
32 50 0.048 49.952
25 49.9472 0.048 49.8992
33 50 0.0048 49.9952
33 49.9952 0.048 49.9472
25 49.8992 0.0048 49.8944
29 50 0.048 49.952
34 50 0.048 49.952
31 50 0.048 49.952
30 50 0.048 49.952
34 49.952 0.048 49.904
33 49.9472 0.048 49.8992
25 50 0.0048 49.9952
25 49.9952 0.048 49.9472
33 49.8992 0.0048 49.8944
28 50 0.048 49.952
27 50 0.048 49.952
26 50 0.048 49.952
25 49.9472 0.048 49.8992
33 50 0.0048 49.9952
33 49.9952 0.048 49.9472
25 49.8992 0.0048 49.8944
25 49.8944 0.16 49.7344
33 49.9472 0.016 49.9312
33 49.9312 0.016 49.9152
25 49.7344 0.0016 49.7328
33 49.9152 0.048 49.8672
25 49.7328 0.0048 49.728
32 50 0.048 49.952
25 49.728 0.048 49.68
33 49.8672 0.0048 49.8624
33 49.8624 0.048 49.8144
25 49.68 0.0048 49.6752
29 50 0.048 49.952
34 50 0.048 49.952
31 50 0.048 49.952
30 50 0.048 49.952
34 49.952 0.048 49.904
33 49.8144 0.048 49.7664
25 49.8301 0.0048 49.8253
25 49.8253 0.048 49.7773
33 49.7664 0.0048 49.7616
28 50 0.048 49.952
27 50 0.048 49.952
26 50 0.048 49.952
33 49.966 0.048 49.918
25 49.7773 0.0048 49.7725
32 50 0.048 49.952
25 49.7725 0.048 49.7245
29 50 0.048 49.952
34 50 0.048 49.952
31 50 0.048 49.952
30 50 0.048 49.952
34 49.952 0.048 49.904
33 49.918 0.048 49.87
28 50 0.048 49.952
27 50 0.048 49.952
26 50 0.048 49.952
33 50 0.048 49.952
32 50 0.048 49.952
25 50 0.048 49.952
29 50 0.048 49.952
34 50 0.048 49.952
31 50 0.048 49.952
30 50 0.048 49.952
34 49.952 0.048 49.904
33 49.952 0.048 49.904
28 50 0.048 49.952
27 50 0.048 49.952
32 50 0.0048 49.9952
32 49.9952 0.048 49.9472
27 49.952 0.0048 49.9472
26 50 0.048 49.952
33 50 0.048 49.952
32 49.9472 0.048 49.8992
27 49.9472 0.0048 49.9424
27 49.9424 0.048 49.8944
32 49.8992 0.0048 49.8944
25 50 0.048 49.952
33 49.952 0.0048 49.9472
33 49.9472 0.048 49.8992
25 49.952 0.0048 49.9472
29 50 0.048 49.952
34 50 0.048 49.952
31 50 0.048 49.952
30 50 0.048 49.952
29 49.952 0.048 49.904
34 49.952 0.048 49.904
33 49.8992 0.048 49.8512
25 50 0.0048 49.9952
25 49.9952 0.048 49.9472
33 49.8512 0.0048 49.8464
28 50 0.048 49.952
27 50 0.048 49.952
32 50 0.0048 49.9952
32 49.9952 0.048 49.9472
27 49.952 0.0048 49.9472
26 50 0.048 49.952
33 50 0.048 49.952
25 49.9472 0.0048 49.9424
32 49.9472 0.048 49.8992
27 49.9472 0.0048 49.9424
27 49.9424 0.048 49.8944
32 49.8992 0.0048 49.8944
25 49.9424 0.048 49.8944
33 49.952 0.0048 49.9472
33 49.9472 0.048 49.8992
25 49.8944 0.0048 49.8896
29 50 0.048 49.952
34 50 0.048 49.952
31 50 0.048 49.952
30 50 0.048 49.952
29 49.952 0.048 49.904
34 49.952 0.048 49.904
33 49.8992 0.048 49.8512
25 50 0.0048 49.9952
25 49.9952 0.048 49.9472
33 49.8512 0.0048 49.8464
28 50 0.048 49.952
27 50 0.048 49.952
26 50 0.048 49.952
33 50 0.048 49.952
25 49.9472 0.0048 49.9424
32 50 0.048 49.952
25 49.9424 0.048 49.8944
29 50 0.048 49.952
34 50 0.048 49.952
31 50 0.048 49.952
32 49.952 0.048 49.904
30 50 0.048 49.952
29 49.952 0.048 49.904
34 49.952 0.048 49.904
33 49.952 0.048 49.904
28 50 0.048 49.952
27 50 0.048 49.952
26 50 0.048 49.952
33 50 0.048 49.952
32 50 0.048 49.952
25 50 0.048 49.952
29 50 0.048 49.952
34 50 0.048 49.952
31 50 0.048 49.952
32 49.952 0.048 49.904
32 49.904 0.0048 49.8992
32 49.8992 0.16 49.7392
32 49.7392 0.0016 49.7376
30 50 0.048 49.952
29 49.952 0.048 49.904
34 49.952 0.048 49.904
34 49.904 0.0048 49.8992
34 49.8992 0.16 49.7392
34 49.7392 0.0016 49.7376
33 49.952 0.048 49.904
28 50 0.048 49.952
27 50 0.048 49.952
26 50 0.048 49.952
33 50 0.048 49.952
25 50 0.0048 49.9952
32 50 0.048 49.952
25 49.9952 0.048 49.9472
33 49.952 0.0048 49.9472
33 49.9472 0.048 49.8992
25 49.9472 0.0048 49.9424
29 50 0.048 49.952
34 49.9957 0.048 49.9477
31 50 0.048 49.952
30 50 0.048 49.952
30 49.952 0.048 49.904
29 49.952 0.048 49.904
33 49.8992 0.048 49.8512
25 50 0.0048 49.9952
25 49.9952 0.048 49.9472
33 49.8512 0.0048 49.8464
28 50 0.048 49.952
27 50 0.048 49.952
26 50 0.048 49.952
33 50 0.048 49.952
25 49.9472 0.0048 49.9424
32 50 0.048 49.952
25 49.9424 0.048 49.8944
33 49.952 0.0048 49.9472
33 49.9472 0.048 49.8992
25 49.8944 0.0048 49.8896
29 50 0.048 49.952
34 50 0.048 49.952
31 50 0.048 49.952
30 50 0.048 49.952
30 49.952 0.048 49.904
29 49.952 0.048 49.904
28 50 0.048 49.952
33 49.8992 0.048 49.8512
25 50 0.0048 49.9952
25 49.9952 0.048 49.9472
33 49.8512 0.0048 49.8464
28 49.952 0.048 49.904
27 50 0.048 49.952
26 50 0.048 49.952
33 50 0.048 49.952
25 49.9472 0.0048 49.9424
32 50 0.048 49.952
25 49.9424 0.048 49.8944
33 49.952 0.0048 49.9472
33 49.9472 0.048 49.8992
25 49.8944 0.0048 49.8896
29 50 0.048 49.952
34 50 0.048 49.952
31 50 0.048 49.952
30 50 0.048 49.952
30 49.952 0.048 49.904
29 49.952 0.048 49.904
28 50 0.048 49.952
33 49.8992 0.048 49.8512
25 50 0.0048 49.9952
25 49.9952 0.048 49.9472
33 49.8512 0.0048 49.8464
28 49.952 0.048 49.904
27 50 0.048 49.952
26 50 0.048 49.952
33 50 0.048 49.952
25 49.9472 0.0048 49.9424
32 50 0.048 49.952
25 49.9424 0.048 49.8944
33 49.952 0.0048 49.9472
33 49.9472 0.048 49.8992
25 49.8944 0.0048 49.8896
29 50 0.048 49.952
34 50 0.048 49.952
31 50 0.048 49.952
30 50 0.048 49.952
30 49.952 0.048 49.904
29 49.952 0.048 49.904
28 50 0.048 49.952
33 49.8992 0.048 49.8512
25 50 0.0048 49.9952
25 49.9952 0.048 49.9472
33 49.8512 0.0048 49.8464
28 49.952 0.048 49.904
27 50 0.048 49.952
26 50 0.048 49.952
33 50 0.048 49.952
25 49.9472 0.0048 49.9424
32 50 0.048 49.952
25 49.9424 0.048 49.8944
29 50 0.048 49.952
34 50 0.048 49.952
31 50 0.048 49.952
30 50 0.048 49.952
30 49.952 0.048 49.904
29 49.952 0.048 49.904
29 49.904 0.0048 49.8992
29 49.8992 0.16 49.7392
29 49.7392 0.0016 49.7376
28 50 0.048 49.952
28 49.952 0.0048 49.9472
28 49.9472 0.16 49.7872
28 49.7872 0.0016 49.7856
33 49.952 0.048 49.904
28 49.7856 0.048 49.7376
27 50 0.048 49.952
26 50 0.048 49.952
33 50 0.048 49.952
25 50 0.0048 49.9952
33 49.952 0.0048 49.9472
33 49.9472 0.16 49.7872
33 49.7872 0.0016 49.7856
32 50 0.048 49.952
25 49.9952 0.048 49.9472
33 49.7856 0.0048 49.7808
33 49.7808 0.048 49.7328
25 49.9472 0.0048 49.9424
29 49.9648 0.048 49.9168
34 50 0.048 49.952
31 50 0.048 49.952
30 50 0.048 49.952
30 49.952 0.048 49.904
33 49.7328 0.048 49.6848
25 50 0.0048 49.9952
25 49.9952 0.048 49.9472
33 49.6848 0.0048 49.68
28 50 0.048 49.952
27 50 0.048 49.952
26 50 0.048 49.952
32 50 0.048 49.952
25 49.9472 0.048 49.8992
33 49.786 0.0048 49.7812
33 49.7812 0.048 49.7332
25 49.8992 0.0048 49.8944
29 50 0.048 49.952
34 50 0.048 49.952
31 50 0.048 49.952
30 50 0.048 49.952
30 49.952 0.048 49.904
33 49.7332 0.048 49.6852
25 50 0.0048 49.9952
25 49.9952 0.048 49.9472
33 49.6852 0.0048 49.6804
28 50 0.048 49.952
27 50 0.048 49.952
26 50 0.048 49.952
32 50 0.048 49.952
25 49.9472 0.048 49.8992
33 49.8167 0.0048 49.8119
33 49.8119 0.048 49.7639
25 49.8992 0.0048 49.8944
29 50 0.048 49.952
34 50 0.048 49.952
31 50 0.048 49.952
30 50 0.048 49.952
30 49.952 0.048 49.904
33 49.7639 0.048 49.7159
25 50 0.0048 49.9952
25 49.9952 0.048 49.9472
33 49.7159 0.0048 49.7111
28 50 0.048 49.952
27 50 0.048 49.952
26 50 0.048 49.952
32 50 0.048 49.952
25 49.9472 0.048 49.8992
29 50 0.048 49.952
34 50 0.048 49.952
31 50 0.048 49.952
30 50 0.048 49.952
30 49.952 0.048 49.904
27 50 0.048 49.952
33 50 0.048 49.952
28 50 0.048 49.952
27 49.952 0.048 49.904
26 50 0.048 49.952
32 50 0.048 49.952
25 50 0.048 49.952
33 50 0.0048 49.9952
33 49.9952 0.048 49.9472
25 49.952 0.0048 49.9472
29 50 0.048 49.952
34 50 0.048 49.952
31 50 0.048 49.952
30 50 0.048 49.952
30 49.952 0.0048 49.9472
30 49.9472 0.16 49.7872
30 49.7872 0.0016 49.7856
30 49.7856 0.048 49.7376
27 50 0.048 49.952
27 49.952 0.0048 49.9472
27 49.9472 0.16 49.7872
27 49.7872 0.0016 49.7856
33 49.9472 0.048 49.8992
25 50 0.0048 49.9952
25 49.9952 0.048 49.9472
33 49.8992 0.0048 49.8944
26 50 0.048 49.952
28 50 0.048 49.952
27 49.7856 0.048 49.7376
26 49.952 0.048 49.904
32 50 0.048 49.952
25 49.9472 0.048 49.8992
33 50 0.0048 49.9952
33 49.9952 0.048 49.9472
25 49.8992 0.0048 49.8944
29 50 0.048 49.952
34 50 0.048 49.952
31 50 0.048 49.952
30 49.8926 0.048 49.8446
33 49.9472 0.048 49.8992
25 50 0.0048 49.9952
25 49.9952 0.048 49.9472
33 49.8992 0.0048 49.8944
26 50 0.048 49.952
26 49.952 0.0048 49.9472
26 49.9472 0.16 49.7872
26 49.7872 0.0016 49.7856
28 50 0.048 49.952
27 50 0.048 49.952
26 49.7856 0.048 49.7376
32 50 0.048 49.952
25 49.9472 0.048 49.8992
29 50 0.048 49.952
34 50 0.048 49.952
31 50 0.048 49.952
30 50 0.048 49.952
33 50 0.048 49.952
28 50 0.048 49.952
27 50 0.048 49.952
26 49.9903 0.048 49.9423
32 50 0.048 49.952
25 50 0.048 49.952
33 50 0.0048 49.9952
33 49.9952 0.048 49.9472
25 49.952 0.0048 49.9472
29 50 0.048 49.952
34 50 0.048 49.952
31 50 0.048 49.952
30 50 0.048 49.952
33 49.9472 0.048 49.8992
28 50 0.048 49.952
27 50 0.048 49.952
26 50 0.048 49.952
32 50 0.048 49.952
25 50 0.048 49.952
29 50 0.048 49.952
34 50 0.048 49.952
31 50 0.048 49.952
30 50 0.048 49.952
33 50 0.048 49.952
28 50 0.048 49.952
27 50 0.048 49.952
26 50 0.048 49.952
32 50 0.048 49.952
25 50 0.048 49.952
33 50 0.0048 49.9952
33 49.9952 0.048 49.9472
25 49.952 0.0048 49.9472
29 50 0.048 49.952
34 50 0.048 49.952
31 50 0.048 49.952
30 50 0.048 49.952
33 49.9472 0.048 49.8992
25 50 0.0048 49.9952
25 49.9952 0.048 49.9472
33 49.8992 0.0048 49.8944
28 50 0.048 49.952
27 50 0.048 49.952
26 50 0.048 49.952
32 50 0.048 49.952
25 49.9472 0.048 49.8992
33 49.9963 0.0048 49.9915
33 49.9915 0.048 49.9435
25 49.8992 0.0048 49.8944
29 50 0.048 49.952
34 50 0.048 49.952
31 50 0.048 49.952
30 50 0.048 49.952
33 49.9435 0.048 49.8955
25 50 0.0048 49.9952
25 49.9952 0.048 49.9472
33 49.8955 0.0048 49.8907
28 50 0.048 49.952
27 50 0.048 49.952
26 50 0.048 49.952
32 50 0.048 49.952
25 49.9472 0.048 49.8992
33 50 0.0048 49.9952
33 49.9952 0.048 49.9472
25 49.8992 0.0048 49.8944
29 50 0.048 49.952
34 50 0.048 49.952
31 50 0.048 49.952
30 50 0.048 49.952
33 49.9472 0.048 49.8992
25 50 0.0048 49.9952
25 49.9952 0.048 49.9472
33 49.8992 0.0048 49.8944
28 50 0.048 49.952
27 50 0.048 49.952
26 50 0.048 49.952
32 50 0.048 49.952
25 49.9472 0.048 49.8992
33 50 0.0048 49.9952
33 49.9952 0.048 49.9472
25 49.8992 0.0048 49.8944
29 50 0.048 49.952
34 50 0.048 49.952
31 50 0.048 49.952
30 50 0.048 49.952
33 49.9472 0.048 49.8992
25 50 0.0048 49.9952
25 49.9952 0.048 49.9472
33 49.8992 0.0048 49.8944
28 50 0.048 49.952
27 50 0.048 49.952
26 50 0.048 49.952
32 50 0.048 49.952
25 49.9472 0.048 49.8992
33 50 0.0048 49.9952
33 49.9952 0.048 49.9472
25 49.8992 0.0048 49.8944
29 50 0.048 49.952
34 50 0.048 49.952
31 50 0.048 49.952
30 50 0.048 49.952
33 49.9472 0.048 49.8992
25 50 0.0048 49.9952
25 49.9952 0.048 49.9472
33 49.8992 0.0048 49.8944
28 50 0.048 49.952
27 50 0.048 49.952
26 50 0.048 49.952
32 50 0.048 49.952
25 49.9472 0.048 49.8992
33 50 0.0048 49.9952
33 49.9952 0.048 49.9472
25 49.8992 0.0048 49.8944
29 50 0.048 49.952
34 50 0.048 49.952
31 50 0.048 49.952
30 50 0.048 49.952
33 49.9472 0.048 49.8992
25 50 0.0048 49.9952
25 49.9952 0.048 49.9472
33 49.8992 0.0048 49.8944
28 50 0.048 49.952
27 50 0.048 49.952
26 50 0.048 49.952
32 50 0.048 49.952
25 49.9472 0.048 49.8992
33 50 0.0048 49.9952
33 49.9952 0.048 49.9472
25 49.8992 0.0048 49.8944
29 50 0.048 49.952
34 50 0.048 49.952
31 50 0.048 49.952
30 50 0.048 49.952
33 49.9472 0.048 49.8992
25 50 0.0048 49.9952
25 49.9952 0.048 49.9472
33 49.8992 0.0048 49.8944
28 50 0.048 49.952
27 50 0.048 49.952
26 50 0.048 49.952
32 50 0.048 49.952
25 49.9472 0.048 49.8992
33 50 0.0048 49.9952
33 49.9952 0.048 49.9472
25 49.8992 0.0048 49.8944
29 50 0.048 49.952
34 50 0.048 49.952
31 50 0.048 49.952
30 50 0.048 49.952
33 49.9472 0.048 49.8992
25 50 0.0048 49.9952
25 49.9952 0.048 49.9472
33 49.8992 0.0048 49.8944
28 50 0.048 49.952
27 50 0.048 49.952
26 50 0.048 49.952
32 50 0.048 49.952
25 49.9472 0.048 49.8992
33 50 0.0048 49.9952
33 49.9952 0.048 49.9472
25 49.8992 0.0048 49.8944
29 50 0.048 49.952
34 50 0.048 49.952
31 50 0.048 49.952
30 50 0.048 49.952
33 49.9472 0.048 49.8992
25 50 0.0048 49.9952
25 49.9952 0.048 49.9472
33 49.8992 0.0048 49.8944
28 50 0.048 49.952
25 49.9472 0.048 49.8992
33 49.8944 0.0048 49.8896
33 49.8896 0.048 49.8416
25 49.8992 0.0048 49.8944
25 49.8944 0.16 49.7344
33 49.8416 0.016 49.8256
33 49.8256 0.016 49.8096
25 49.7344 0.0016 49.7328
33 49.8096 0.048 49.7616
25 49.7328 0.0048 49.728
27 50 0.048 49.952
26 50 0.048 49.952
32 50 0.048 49.952
25 49.728 0.048 49.68
33 50 0.0048 49.9952
33 49.9952 0.048 49.9472
25 49.68 0.0048 49.6752
29 50 0.048 49.952
34 50 0.048 49.952
31 50 0.048 49.952
30 50 0.048 49.952
33 49.9472 0.048 49.8992
25 50 0.0048 49.9952
25 49.9952 0.048 49.9472
33 49.8992 0.0048 49.8944
28 50 0.048 49.952
33 49.8944 0.048 49.8464
25 49.9472 0.0048 49.9424
33 49.8464 0.0048 49.8416
33 49.8416 0.16 49.6816
33 49.6816 0.0016 49.68
27 50 0.048 49.952
26 50 0.048 49.952
32 50 0.048 49.952
25 49.9424 0.048 49.8944
33 49.8041 0.0048 49.7993
33 49.7993 0.048 49.7513
25 49.8944 0.0048 49.8896
29 50 0.048 49.952
34 50 0.048 49.952
31 50 0.048 49.952
30 50 0.048 49.952
33 49.7513 0.048 49.7033
28 50 0.048 49.952
27 50 0.048 49.952
26 50 0.048 49.952
32 50 0.048 49.952
25 50 0.048 49.952
29 50 0.048 49.952
34 50 0.048 49.952
31 50 0.048 49.952
30 50 0.048 49.952
33 50 0.048 49.952
28 50 0.048 49.952
27 50 0.048 49.952
26 50 0.048 49.952
32 50 0.048 49.952
25 50 0.048 49.952
33 50 0.0048 49.9952
33 49.9952 0.048 49.9472
25 49.952 0.0048 49.9472
29 50 0.048 49.952
34 50 0.048 49.952
31 50 0.048 49.952
30 50 0.048 49.952
33 49.9472 0.048 49.8992
25 50 0.0048 49.9952
25 49.9952 0.048 49.9472
33 49.8992 0.0048 49.8944
28 50 0.048 49.952
27 50 0.048 49.952
26 50 0.048 49.952
29 50 0.048 49.952
32 50 0.048 49.952
25 49.9472 0.048 49.8992
33 50 0.0048 49.9952
33 49.9952 0.048 49.9472
25 49.8992 0.0048 49.8944
29 49.952 0.048 49.904
34 50 0.048 49.952
31 50 0.048 49.952
30 50 0.048 49.952
33 49.9472 0.048 49.8992
28 50 0.048 49.952
27 50 0.048 49.952
26 50 0.048 49.952
29 50 0.048 49.952
32 50 0.048 49.952
25 50 0.048 49.952
33 50 0.0048 49.9952
33 49.9952 0.048 49.9472
25 49.952 0.0048 49.9472
29 49.952 0.048 49.904
34 50 0.048 49.952
31 50 0.048 49.952
30 50 0.048 49.952
33 49.9472 0.048 49.8992
25 50 0.0048 49.9952
25 49.9952 0.048 49.9472
33 49.8992 0.0048 49.8944
28 50 0.048 49.952
27 50 0.048 49.952
26 50 0.048 49.952
29 50 0.048 49.952
32 50 0.048 49.952
25 49.9472 0.048 49.8992
33 50 0.0048 49.9952
33 49.9952 0.048 49.9472
25 49.8992 0.0048 49.8944
29 49.952 0.048 49.904
34 50 0.048 49.952
31 50 0.048 49.952
30 50 0.048 49.952
33 49.9472 0.048 49.8992
25 50 0.0048 49.9952
25 49.9952 0.048 49.9472
33 49.8992 0.0048 49.8944
28 50 0.048 49.952
27 50 0.048 49.952
26 50 0.048 49.952
29 50 0.048 49.952
32 50 0.048 49.952
25 49.9472 0.048 49.8992
33 50 0.0048 49.9952
33 49.9952 0.048 49.9472
25 49.8992 0.0048 49.8944
29 49.952 0.048 49.904
34 50 0.048 49.952
31 50 0.048 49.952
30 50 0.048 49.952
33 49.9472 0.048 49.8992
25 50 0.0048 49.9952
25 49.9952 0.048 49.9472
33 49.8992 0.0048 49.8944
28 50 0.048 49.952
27 50 0.048 49.952
26 50 0.048 49.952
29 50 0.048 49.952
32 50 0.048 49.952
25 49.9472 0.048 49.8992
33 50 0.0048 49.9952
33 49.9952 0.048 49.9472
25 49.8992 0.0048 49.8944
29 49.952 0.048 49.904
34 50 0.048 49.952
31 50 0.048 49.952
30 50 0.048 49.952
33 49.9472 0.048 49.8992
28 50 0.048 49.952
27 50 0.048 49.952
26 50 0.048 49.952
29 50 0.048 49.952
32 50 0.048 49.952
25 50 0.048 49.952
29 49.952 0.048 49.904
34 50 0.048 49.952
31 50 0.048 49.952
30 50 0.048 49.952
33 50 0.048 49.952
28 50 0.048 49.952
27 50 0.048 49.952
26 50 0.048 49.952
29 50 0.048 49.952
32 50 0.048 49.952
25 50 0.048 49.952
33 50 0.0048 49.9952
33 49.9952 0.048 49.9472
25 49.952 0.0048 49.9472
29 49.952 0.048 49.904
34 50 0.048 49.952
31 50 0.048 49.952
30 50 0.048 49.952
33 49.9472 0.048 49.8992
25 50 0.0048 49.9952
25 49.9952 0.048 49.9472
33 49.8992 0.0048 49.8944
28 50 0.048 49.952
27 50 0.048 49.952
31 50 0.048 49.952
26 50 0.048 49.952
29 50 0.048 49.952
29 49.952 0.0048 49.9472
29 49.9472 0.16 49.7872
29 49.7872 0.0016 49.7856
32 50 0.048 49.952
25 49.9472 0.048 49.8992
29 49.7856 0.048 49.7376
34 50 0.048 49.952
31 49.952 0.048 49.904
30 50 0.048 49.952
33 50 0.048 49.952
28 50 0.048 49.952
27 50 0.048 49.952
31 50 0.048 49.952
26 50 0.048 49.952
32 50 0.048 49.952
25 50 0.048 49.952
30 50 0.048 49.952
29 50 0.048 49.952
34 50 0.048 49.952
31 49.952 0.048 49.904
30 49.952 0.048 49.904
33 50 0.048 49.952
28 50 0.048 49.952
27 50 0.048 49.952
31 50 0.048 49.952
26 50 0.048 49.952
32 50 0.048 49.952
25 50 0.048 49.952
30 50 0.048 49.952
29 50 0.048 49.952
34 50 0.048 49.952
31 49.952 0.048 49.904
30 49.952 0.048 49.904
33 50 0.048 49.952
28 50 0.048 49.952
27 50 0.048 49.952
31 50 0.048 49.952
26 50 0.048 49.952
32 50 0.048 49.952
25 50 0.048 49.952
30 50 0.048 49.952
29 50 0.048 49.952
34 50 0.048 49.952
31 49.952 0.048 49.904
30 49.952 0.048 49.904
33 50 0.048 49.952
25 50 0.0048 49.9952
25 49.9952 0.048 49.9472
33 49.952 0.0048 49.9472
28 50 0.048 49.952
27 50 0.048 49.952
31 50 0.048 49.952
26 50 0.048 49.952
32 50 0.048 49.952
25 49.9472 0.048 49.8992
33 50 0.0048 49.9952
33 49.9952 0.048 49.9472
25 49.8992 0.0048 49.8944
30 50 0.048 49.952
29 50 0.048 49.952
34 50 0.048 49.952
31 49.952 0.048 49.904
30 49.952 0.048 49.904
