68 6765 2.01366
89 6766 2.01583
113 6767 2.02113
59 6768 2.02337
65 6770 2.07676
87 6771 2.12817
70 6772 2.13527
52 6774 2.2351
109 6775 2.2451
63 6776 2.2534
90 6778 2.28346
95 6779 2.31377
102 6781 2.3738
43 6782 2.37603
67 6783 2.38521
94 6784 2.42918
54 6785 2.44422
28 6787 2.50257
46 6788 2.55191
77 6789 2.55581
62 6791 2.58988
27 6793 2.69187
31 6794 2.71335
114 6795 2.72374
57 6796 2.7531
93 6797 2.7538
101 6799 2.80515
84 6801 2.89705
108 6802 2.91276
50 6804 2.99975
91 6805 3.00439
66 6806 3.00775
64 6807 3.06536
98 6809 3.10844
60 6810 3.11071
99 6811 3.16317
110 6813 3.17925
56 6814 3.20723
41 6817 3.39648
103 6819 3.47621
107 6820 3.50118
83 6822 3.59025
42 6823 3.63974
44 6824 3.64652
51 6825 3.66742
53 6827 3.68884
74 6828 3.72594
71 6830 3.822
86 6832 3.89802
82 6833 3.92937
29 6834 3.93416
38 6835 3.95641
96 6836 3.96144
26 6838 3.98272
58 6840 4.0915
92 6841 4.09452
35 6842 4.10107
45 6843 4.11253
25 6844 4.11702
30 6845 4.16445
106 6847 4.19697
37 6848 4.20428
55 6849 4.21613
97 6851 4.27394
49 6852 4.27942
69 6853 4.31692
75 6854 4.32151
34 6855 4.35849
81 6857 4.39285
105 6859 4.48879
88 6860 4.561
33 6861 4.56331
47 6863 4.57381
85 6864 4.59232
32 6865 4.65723
112 6867 4.68437
61 6868 4.69535
36 6869 4.71215
104 6870 4.73595
40 6871 4.76762
76 6873 4.83853
111 6874 4.85695
100 6876 4.87483
79 6877 4.90493
89 6878 4.93257
95 6880 5.00532
27 6883 5.1829
114 6888 5.60936
46 6889 5.61474
109 6891 5.70671
101 6894 5.95531
94 6895 5.96454
62 6897 6.0053
102 6898 6.03621
59 6899 6.0393
65 6900 6.04753
67 6902 6.07356
96 6903 6.13191
90 6905 6.18487
110 6906 6.21044
99 6907 6.22491
106 6909 6.31639
51 6910 6.35087
45 6913 6.54164
108 6914 6.54194
54 6916 6.571
31 6917 6.63833
60 6918 6.64177
28 6919 6.65554
82 6921 6.72129
50 6922 6.74752
98 6924 6.77124
68 6925 6.79118
83 6927 6.89362
57 6928 6.91395
30 6929 6.92472
58 6930 6.94271
56 6931 6.96738
36 6933 6.99711
70 6934 7.05703
84 6936 7.09595
43 6937 7.14816
49 6939 7.1896
66 6940 7.22823
74 6942 7.34455
77 6944 7.44378
105 6947 7.58923
86 6948 7.6283
29 6949 7.63127
26 6950 7.64887
64 6951 7.65702
44 6953 7.6773
111 6955 7.77641
25 6956 7.84198
38 6958 7.88576
91 6959 7.8875
109 6960 7.96162
39 6962 8.01267
41 6963 8.01376
35 6965 8.15486
93 6967 8.22857
73 6968 8.25445
81 6970 8.27538
33 6971 8.27728
34 6972 8.27827
103 6973 8.35737
40 6975 8.37138
65 6976 8.40982
88 6977 8.4542
37 6978 8.4563
80 6980 8.48304
78 6981 8.48344
53 6982 8.50928
107 6983 8.55766
85 6986 8.74735
47 6988 8.79452
32 6989 8.79483
112 6990 8.86891
75 6992 8.89091
97 6993 8.95769
72 6995 8.97933
71 6996 9.00578
100 6997 9.03853
48 6998 9.04788
59 6999 9.0672
82 7001 9.07304
108 7003 9.24909
61 7004 9.26804
89 7006 9.27272
69 7007 9.3554
87 7009 9.42758
43 7010 9.43877
104 7012 9.48604
98 7013 9.51855
56 7015 9.57954
60 7016 9.61879
84 7018 9.70156
68 7019 9.76394
66 7022 9.90318
54 7024 9.97544
113 7026 10.0815
114 7027 10.0857
95 7028 10.103
46 7029 10.1129
94 7030 10.127
50 7032 10.2373
39 7034 10.3342
55 7035 10.3658
70 7037 10.4394
27 7038 10.4549
77 7039 10.4596
49 7040 10.4615
28 7042 10.5479
83 7044 10.5784
106 7045 10.5954
76 7046 10.6016
44 7047 10.6175
41 7049 10.7426
93 7050 10.7435
96 7051 10.7458
53 7053 10.8101
45 7056 10.9845
35 7057 11.0237
102 7059 11.0992
58 7060 11.1253
30 7061 11.1464
101 7062 11.1618
86 7064 11.2405
31 7066 11.2811
40 7067 11.3674
79 7069 11.4013
92 7070 11.4037
74 7072 11.493
73 7073 11.5003
75 7076 11.7073
57 7078 11.7888
48 7079 11.8378
111 7080 11.8669
108 7082 11.9375
69 7083 11.9507
104 7085 11.9709
64 7086 11.9714
37 7087 12.0656
71 7089 12.0977
32 7090 12.1354
38 7092 12.2245
47 7094 12.2709
87 7095 12.2735
59 7096 12.2847
68 7097 12.3485
50 7098 12.3548
103 7100 12.3991
105 7102 12.5298
26 7103 12.5438
72 7105 12.6319
100 7106 12.6409
42 7107 12.6623
63 7108 12.6675
107 7110 12.6977
34 7111 12.7051
78 7112 12.7175
41 7114 12.8301
91 7116 12.8768
60 7117 12.9568
88 7119 12.9782
25 7120 12.9949
51 7121 13.0471
61 7123 13.1435
67 7125 13.2053
81 7126 13.2349
65 7127 13.2421
95 7129 13.2956
109 7130 13.3165
54 7131 13.341
66 7132 13.3637
49 7134 13.3821
114 7136 13.4843
106 7137 13.4987
35 7139 13.5776
30 7140 13.6223
31 7141 13.6386
70 7143 13.6733
82 7144 13.71
44 7145 13.7635
99 7147 13.8104
77 7148 13.8422
110 7151 14.0142
112 7152 14.0156
55 7153 14.0474
36 7156 14.1748
90 7157 14.2378
98 7159 14.3073
53 7160 14.3429
97 7162 14.4091
87 7163 14.4465
28 7165 14.5103
56 7166 14.5222
84 7168 14.5867
37 7169 14.5937
89 7171 14.6873
102 7173 14.8024
74 7175 14.8722
94 7176 14.9247
92 7177 14.9439
83 7178 14.9583
