0 6745
0 6746
0 6747
0 6748
0 6749
0 6750
0 6751
0 6752
0 6753
0 6754
0 6755
0 6756
0 6757
0 6758
0 6759
0 6760
0 6761
0 6762
0 6763
0 6764
89 6766
6 6766
5 6766
4 6766
3 6766
2 6766
1 6766
59 6768
0 6769
65 6770
68 6765
41 6768
87 6771
13 6771
14 6771
15 6771
16 6771
17 6771
18 6771
19 6771
20 6771
21 6771
22 6771
23 6771
24 6771
0 6773
73 6770
64 6768
52 6774
70 6772
109 6775
19 6775
20 6775
21 6775
22 6775
23 6775
24 6775
63 6776
85 6776
4 6776
3 6776
2 6776
1 6776
0 6777
42 6770
29 6768
114 6768
38 6774
58 6772
0 6780
102 6781
60 6770
14 6770
15 6770
16 6770
17 6770
18 6770
19 6770
20 6770
21 6770
22 6770
23 6770
24 6770
84 6768
17 6768
18 6768
19 6768
20 6768
21 6768
22 6768
23 6768
24 6768
54 6785
84 6785
17 6785
18 6785
19 6785
20 6785
21 6785
22 6785
23 6785
24 6785
0 6786
77 6789
0 6790
90 6778
37 6765
113 6767
35 6789
9 6789
8 6789
7 6789
6 6789
5 6789
4 6789
3 6789
2 6789
1 6789
0 6792
48 6781
16 6781
17 6781
18 6781
19 6781
20 6781
21 6781
22 6781
23 6781
24 6781
62 6791
9 6791
8 6791
7 6791
6 6791
5 6791
4 6791
3 6791
2 6791
1 6791
95 6779
15 6779
16 6779
17 6779
18 6779
19 6779
20 6779
21 6779
22 6779
23 6779
24 6779
94 6784
24 6784
0 6798
26 6765
9 6765
8 6765
7 6765
6 6765
5 6765
4 6765
3 6765
2 6765
1 6765
0 6800
67 6783
46 6788
3 6788
2 6788
1 6788
57 6796
0 6803
101 6799
2 6799
1 6799
31 6794
64 6807
29 6807
0 6808
27 6793
1 6793
60 6810
47 6767
114 6795
61 6774
99 6811
41 6807
0 6812
43 6782
21 6782
22 6782
23 6782
24 6782
73 6810
42 6810
65 6810
18 6810
19 6810
20 6810
21 6810
22 6810
23 6810
24 6810
108 6802
102 6767
29 6795
59 6807
0 6815
84 6801
103 6801
21 6801
22 6801
23 6801
24 6801
50 6804
14 6804
15 6804
16 6804
17 6804
18 6804
19 6804
20 6804
21 6804
22 6804
23 6804
24 6804
28 6787
66 6806
13 6806
14 6806
15 6806
16 6806
17 6806
18 6806
19 6806
20 6806
21 6806
22 6806
23 6806
24 6806
25 6794
95 6794
18 6794
19 6794
20 6794
21 6794
22 6794
23 6794
24 6794
41 6795
21 6795
22 6795
23 6795
24 6795
0 6816
41 6817
21 6817
22 6817
23 6817
24 6817
101 6787
4 6787
3 6787
2 6787
1 6787
98 6809
74 6774
7 6774
6 6774
5 6774
4 6774
3 6774
2 6774
1 6774
0 6818
91 6805
105 6805
24 6805
30 6767
0 6821
103 6819
42 6823
44 6824
7 6824
6 6824
5 6824
4 6824
3 6824
2 6824
1 6824
93 6797
9 6797
8 6797
7 6797
6 6797
5 6797
4 6797
3 6797
2 6797
1 6797
0 6826
84 6819
23 6819
24 6819
100 6823
51 6825
6 6825
5 6825
4 6825
3 6825
2 6825
1 6825
0 6829
53 6827
107 6820
11 6820
10 6820
9 6820
8 6820
7 6820
6 6820
5 6820
4 6820
3 6820
2 6820
1 6820
97 6809
20 6809
21 6809
22 6809
23 6809
24 6809
74 6828
9 6828
8 6828
7 6828
6 6828
5 6828
4 6828
3 6828
2 6828
1 6828
31 6823
21 6823
22 6823
23 6823
24 6823
0 6831
111 6778
96 6827
68 6827
14 6827
15 6827
16 6827
17 6827
18 6827
19 6827
20 6827
21 6827
22 6827
23 6827
24 6827
83 6822
2 6822
1 6822
82 6833
29 6834
88 6772
33 6796
13 6796
14 6796
15 6796
16 6796
17 6796
18 6796
19 6796
20 6796
21 6796
22 6796
23 6796
24 6796
0 6837
110 6813
18 6813
19 6813
20 6813
21 6813
22 6813
23 6813
24 6813
86 6832
6 6832
5 6832
4 6832
3 6832
2 6832
1 6832
71 6830
21 6830
22 6830
23 6830
24 6830
64 6834
96 6836
0 6839
25 6844
48 6767
23 6767
24 6767
30 6845
0 6846
26 6838
78 6783
11 6783
10 6783
9 6783
8 6783
7 6783
6 6783
5 6783
4 6783
3 6783
2 6783
1 6783
35 6842
56 6814
19 6814
20 6814
21 6814
22 6814
23 6814
24 6814
55 6849
31 6844
100 6844
60 6844
41 6834
80 6807
0 6850
49 6852
10 6852
9 6852
8 6852
7 6852
6 6852
5 6852
4 6852
3 6852
2 6852
1 6852
106 6847
2 6847
1 6847
45 6843
106 6843
2 6843
1 6843
65 6844
42 6844
75 6854
10 6854
9 6854
8 6854
7 6854
6 6854
5 6854
4 6854
3 6854
2 6854
1 6854
114 6834
103 6834
38 6835
0 6856
62 6842
17 6842
18 6842
19 6842
20 6842
21 6842
22 6842
23 6842
24 6842
69 6853
14 6853
15 6853
16 6853
17 6853
18 6853
19 6853
20 6853
21 6853
22 6853
23 6853
24 6853
74 6835
12 6835
11 6835
10 6835
9 6835
8 6835
7 6835
6 6835
5 6835
4 6835
3 6835
2 6835
1 6835
113 6845
0 6858
97 6851
68 6838
17 6838
18 6838
19 6838
20 6838
21 6838
22 6838
23 6838
24 6838
81 6857
13 6857
14 6857
15 6857
16 6857
17 6857
18 6857
19 6857
20 6857
21 6857
22 6857
23 6857
24 6857
92 6841
44 6849
75 6849
11 6849
10 6849
9 6849
8 6849
7 6849
6 6849
5 6849
4 6849
3 6849
2 6849
1 6849
34 6855
88 6860
19 6860
20 6860
21 6860
22 6860
23 6860
24 6860
0 6862
47 6863
105 6859
58 6840
85 6864
27 6841
8 6841
7 6841
6 6841
5 6841
4 6841
3 6841
2 6841
1 6841
106 6855
0 6866
72 6778
16 6778
17 6778
18 6778
19 6778
20 6778
21 6778
22 6778
23 6778
24 6778
70 6840
20 6840
21 6840
22 6840
23 6840
24 6840
61 6868
38 6868
37 6848
68 6848
18 6848
19 6848
20 6848
21 6848
22 6848
23 6848
24 6848
104 6870
21 6870
22 6870
23 6870
24 6870
32 6865
2 6865
1 6865
0 6872
102 6863
36 6869
4 6869
3 6869
2 6869
1 6869
111 6874
72 6874
17 6874
18 6874
19 6874
20 6874
21 6874
22 6874
23 6874
24 6874
48 6845
102 6845
47 6845
2 6845
1 6845
0 6875
100 6876
84 6834
4 6834
3 6834
2 6834
1 6834
45 6855
5 6855
4 6855
3 6855
2 6855
1 6855
53 6836
19 6836
20 6836
21 6836
22 6836
23 6836
24 6836
0 6879
25 6876
112 6867
16 6867
17 6867
18 6867
19 6867
20 6867
21 6867
22 6867
23 6867
24 6867
39 6833
14 6833
15 6833
16 6833
17 6833
18 6833
19 6833
20 6833
21 6833
22 6833
23 6833
24 6833
66 6772
21 6772
22 6772
23 6772
24 6772
33 6861
0 6881
31 6876
65 6876
57 6861
19 6861
20 6861
21 6861
22 6861
23 6861
24 6861
0 6882
0 6884
91 6859
8 6859
7 6859
6 6859
5 6859
4 6859
3 6859
2 6859
1 6859
52 6868
16 6868
17 6868
18 6868
19 6868
20 6868
21 6868
22 6868
23 6868
24 6868
89 6878
22 6878
23 6878
24 6878
0 6885
95 6880
0 6886
27 6883
25 6880
31 6880
100 6880
4 6880
3 6880
2 6880
1 6880
0 6887
98 6851
3 6851
2 6851
1 6851
63 6864
20 6864
21 6864
22 6864
23 6864
24 6864
76 6873
19 6873
20 6873
21 6873
22 6873
23 6873
24 6873
0 6890
114 6888
41 6888
0 6892
109 6891
11 6891
10 6891
9 6891
8 6891
7 6891
6 6891
5 6891
4 6891
3 6891
2 6891
1 6891
0 6893
0 6896
29 6888
0 6901
80 6888
9 6888
8 6888
7 6888
6 6888
5 6888
4 6888
3 6888
2 6888
1 6888
73 6844
7 6844
6 6844
5 6844
4 6844
3 6844
2 6844
1 6844
96 6903
102 6898
59 6899
9 6899
8 6899
7 6899
6 6899
5 6899
4 6899
3 6899
2 6899
1 6899
65 6900
40 6871
16 6871
17 6871
18 6871
19 6871
20 6871
21 6871
22 6871
23 6871
24 6871
0 6904
68 6903
26 6903
42 6900
0 6908
62 6897
1 6897
110 6906
99 6907
15 6907
16 6907
17 6907
18 6907
19 6907
20 6907
21 6907
22 6907
23 6907
24 6907
37 6903
1 6903
73 6900
8 6900
7 6900
6 6900
5 6900
4 6900
3 6900
2 6900
1 6900
101 6894
18 6894
19 6894
20 6894
21 6894
22 6894
23 6894
24 6894
0 6911
87 6876
8 6876
7 6876
6 6876
5 6876
4 6876
3 6876
2 6876
1 6876
90 6905
72 6905
47 6898
48 6898
9 6898
8 6898
7 6898
6 6898
5 6898
4 6898
3 6898
2 6898
1 6898
0 6912
79 6877
13 6877
14 6877
15 6877
16 6877
17 6877
18 6877
19 6877
20 6877
21 6877
22 6877
23 6877
24 6877
56 6906
5 6906
4 6906
3 6906
2 6906
1 6906
45 6913
0 6915
54 6916
31 6917
95 6917
9 6917
8 6917
7 6917
6 6917
5 6917
4 6917
3 6917
2 6917
1 6917
34 6913
13 6913
14 6913
15 6913
16 6913
17 6913
18 6913
19 6913
20 6913
21 6913
22 6913
23 6913
24 6913
60 6918
28 6919
0 6920
84 6916
82 6921
22 6921
23 6921
24 6921
100 6918
50 6922
101 6919
20 6919
21 6919
22 6919
23 6919
24 6919
94 6895
18 6895
19 6895
20 6895
21 6895
22 6895
23 6895
24 6895
0 6923
64 6916
113 6863
11 6863
10 6863
9 6863
8 6863
7 6863
6 6863
5 6863
4 6863
3 6863
2 6863
1 6863
68 6925
46 6889
21 6889
22 6889
23 6889
24 6889
65 6918
108 6914
104 6922
6 6922
5 6922
4 6922
3 6922
2 6922
1 6922
0 6926
98 6924
9 6924
8 6924
7 6924
6 6924
5 6924
4 6924
3 6924
2 6924
1 6924
67 6902
24 6902
57 6928
33 6928
2 6928
1 6928
30 6929
73 6918
99 6914
18 6914
19 6914
20 6914
21 6914
22 6914
23 6914
24 6914
58 6930
56 6931
7 6931
6 6931
5 6931
4 6931
3 6931
2 6931
1 6931
0 6932
111 6905
2 6905
1 6905
106 6909
15 6909
16 6909
17 6909
18 6909
19 6909
20 6909
21 6909
22 6909
23 6909
24 6909
48 6929
12 6929
11 6929
10 6929
9 6929
8 6929
7 6929
6 6929
5 6929
4 6929
3 6929
2 6929
1 6929
88 6930
6 6930
5 6930
4 6930
3 6930
2 6930
1 6930
0 6935
114 6916
29 6916
84 6936
36 6933
34 6933
70 6934
58 6934
0 6938
54 6936
15 6936
16 6936
17 6936
18 6936
19 6936
20 6936
21 6936
22 6936
23 6936
24 6936
106 6933
43 6937
54 6937
15 6937
16 6937
17 6937
18 6937
19 6937
20 6937
21 6937
22 6937
23 6937
24 6937
0 6941
80 6916
49 6939
37 6925
0 6943
26 6925
0 6945
45 6933
17 6933
18 6933
19 6933
20 6933
21 6933
22 6933
23 6933
24 6933
66 6940
8 6940
7 6940
6 6940
5 6940
4 6940
3 6940
2 6940
1 6940
77 6944
62 6944
7 6944
6 6944
5 6944
4 6944
3 6944
2 6944
1 6944
74 6942
0 6946
83 6927
52 6942
26 6950
68 6950
7 6950
6 6950
5 6950
4 6950
3 6950
2 6950
1 6950
64 6951
0 6952
92 6883
23 6883
24 6883
96 6925
7 6925
6 6925
5 6925
4 6925
3 6925
2 6925
1 6925
109 6927
20 6927
21 6927
22 6927
23 6927
24 6927
29 6949
114 6951
0 6954
44 6953
80 6949
17 6949
18 6949
19 6949
20 6949
21 6949
22 6949
23 6949
24 6949
38 6942
61 6942
3 6942
2 6942
1 6942
88 6934
0 6957
75 6953
105 6947
20 6947
21 6947
22 6947
23 6947
24 6947
55 6939
2 6939
1 6939
0 6961
38 6958
39 6962
84 6951
54 6951
19 6951
20 6951
21 6951
22 6951
23 6951
24 6951
0 6964
59 6916
18 6916
19 6916
20 6916
21 6916
22 6916
23 6916
24 6916
111 6955
72 6955
49 6953
3 6953
2 6953
1 6953
74 6958
41 6963
51 6910
35 6965
10 6965
9 6965
8 6965
7 6965
6 6965
5 6965
4 6965
3 6965
2 6965
1 6965
0 6966
64 6963
93 6967
25 6956
73 6968
17 6968
18 6968
19 6968
20 6968
21 6968
22 6968
23 6968
24 6968
0 6969
81 6970
33 6971
34 6972
103 6973
109 6960
0 6974
90 6955
65 6976
87 6976
82 6962
5 6962
4 6962
3 6962
2 6962
1 6962
88 6977
58 6977
37 6978
11 6978
10 6978
9 6978
8 6978
7 6978
6 6978
5 6978
4 6978
3 6978
2 6978
1 6978
84 6973
0 6979
40 6975
2 6975
1 6975
25 6976
95 6956
18 6956
19 6956
20 6956
21 6956
22 6956
23 6956
24 6956
66 6934
13 6934
14 6934
15 6934
16 6934
17 6934
18 6934
19 6934
20 6934
21 6934
22 6934
23 6934
24 6934
54 6973
0 6984
33 6955
10 6955
9 6955
8 6955
7 6955
6 6955
5 6955
4 6955
3 6955
2 6955
1 6955
80 6980
86 6948
3 6948
2 6948
1 6948
64 6973
0 6985
59 6980
91 6959
53 6982
96 6982
31 6976
19 6976
20 6976
21 6976
22 6976
23 6976
24 6976
67 6967
8 6967
7 6967
6 6967
5 6967
4 6967
3 6967
2 6967
1 6967
85 6986
0 6987
93 6970
47 6988
26 6982
0 6991
45 6972
105 6959
68 6982
13 6982
14 6982
15 6982
16 6982
17 6982
18 6982
19 6982
20 6982
21 6982
22 6982
23 6982
24 6982
0 6994
100 6997
21 6997
22 6997
23 6997
24 6997
48 6998
59 6999
0 7000
82 7001
72 6995
30 6998
112 6990
11 6990
10 6990
9 6990
8 6990
7 6990
6 6990
5 6990
4 6990
3 6990
2 6990
1 6990
0 7002
108 7003
61 7004
38 7004
10 7004
9 7004
8 7004
7 7004
6 7004
5 7004
4 7004
3 7004
2 7004
1 7004
0 7005
106 6972
75 6992
71 6996
21 6996
22 6996
23 6996
24 6996
0 7008
78 6981
11 6981
10 6981
9 6981
8 6981
7 6981
6 6981
5 6981
4 6981
3 6981
2 6981
1 6981
49 6992
42 6918
23 6918
24 6918
69 7007
13 7007
14 7007
15 7007
16 7007
17 7007
18 7007
19 7007
20 7007
21 7007
22 7007
23 7007
24 7007
0 7011
57 6971
14 6971
15 6971
16 6971
17 6971
18 6971
19 6971
20 6971
21 6971
22 6971
23 6971
24 6971
104 7012
44 6992
10 6992
9 6992
8 6992
7 6992
6 6992
5 6992
4 6992
3 6992
2 6992
1 6992
113 6988
24 6988
87 7009
25 7009
23 7009
24 7009
0 7014
52 6958
60 7016
0 7017
84 7018
100 7016
24 7016
102 6998
46 6910
10 6910
9 6910
8 6910
7 6910
6 6910
5 6910
4 6910
3 6910
2 6910
1 6910
97 6993
68 7019
0 7020
89 7006
18 7006
19 7006
20 7006
21 7006
22 7006
23 7006
24 7006
54 7018
2 7018
1 7018
98 7013
23 7013
24 7013
41 6973
2 6973
1 6973
0 7021
56 7015
66 7022
114 6963
84 6963
0 7023
54 7024
64 7024
32 6989
2 6989
1 6989
53 7019
18 7019
19 7019
20 7019
21 7019
22 7019
23 7019
24 7019
0 7025
39 7001
13 7001
14 7001
15 7001
16 7001
17 7001
18 7001
19 7001
20 7001
21 7001
22 7001
23 7001
24 7001
114 7024
114 7027
0 7031
90 6995
64 7027
50 7012
22 7012
23 7012
24 7012
95 7028
50 7032
22 7032
23 7032
24 7032
63 6986
17 6986
18 6986
19 6986
20 6986
21 6986
22 6986
23 6986
24 6986
0 7033
94 7030
10 7030
9 7030
8 7030
7 7030
6 7030
5 7030
4 7030
3 7030
2 7030
1 7030
70 6977
22 6977
23 6977
24 6977
83 6960
8 6960
7 6960
6 6960
5 6960
4 6960
3 6960
2 6960
1 6960
55 7035
0 7036
67 6970
16 6970
17 6970
18 6970
19 6970
20 6970
21 6970
22 6970
23 6970
24 6970
57 6995
113 7026
3 7026
2 7026
1 7026
61 6958
15 6958
16 6958
17 6958
18 6958
19 6958
20 6958
21 6958
22 6958
23 6958
24 6958
87 7028
103 6963
5 6963
4 6963
3 6963
2 6963
1 6963
70 7037
58 7037
22 7037
23 7037
24 7037
27 7038
11 7038
10 7038
9 7038
8 7038
7 7038
6 7038
5 7038
4 7038
3 7038
2 7038
1 7038
107 6983
18 6983
19 6983
20 6983
21 6983
22 6983
23 6983
24 6983
77 7039
21 7039
22 7039
23 7039
24 7039
0 7041
41 7024
5 7024
4 7024
3 7024
2 7024
1 7024
84 7027
25 7028
39 7034
15 7034
16 7034
17 7034
18 7034
19 7034
20 7034
21 7034
22 7034
23 7034
24 7034
49 7040
15 7040
16 7040
17 7040
18 7040
19 7040
20 7040
21 7040
22 7040
23 7040
24 7040
44 7035
15 7035
16 7035
17 7035
18 7035
19 7035
20 7035
21 7035
22 7035
23 7035
24 7035
0 7043
83 7044
9 7044
8 7044
7 7044
6 7044
5 7044
4 7044
3 7044
2 7044
1 7044
110 7015
24 7015
103 7027
6 7027
5 7027
4 7027
3 7027
2 7027
1 7027
31 7028
44 7047
49 7047
15 7047
16 7047
17 7047
18 7047
19 7047
20 7047
21 7047
22 7047
23 7047
24 7047
0 7048
41 7049
93 7050
80 6999
6 6999
5 6999
4 6999
3 6999
2 6999
1 6999
0 7052
76 7046
54 7049
7 7049
6 7049
5 7049
4 7049
3 7049
2 7049
1 7049
0 7054
36 6972
8 6972
7 6972
6 6972
5 6972
4 6972
3 6972
2 6972
1 6972
33 6995
21 6995
22 6995
23 6995
24 6995
88 7022
24 7022
53 7053
0 7055
29 6980
45 7056
36 7056
35 7057
96 7051
0 7058
114 6980
84 6980
54 6980
8 6980
7 6980
6 6980
5 6980
4 6980
3 6980
2 6980
1 6980
106 7045
102 7059
30 7059
6 7059
5 7059
4 7059
3 7059
2 7059
1 7059
26 7053
62 7057
24 7057
53 7051
30 7061
99 7003
13 7003
14 7003
15 7003
16 7003
17 7003
18 7003
19 7003
20 7003
21 7003
22 7003
23 7003
24 7003
71 6993
5 6993
4 6993
3 6993
2 6993
1 6993
0 7063
58 7060
68 7051
0 7065
31 7066
34 7056
93 7046
73 7028
40 7067
16 7067
17 7067
18 7067
19 7067
20 7067
21 7067
22 7067
23 7067
24 7067
0 7068
92 7070
86 7064
40 7064
16 7064
17 7064
18 7064
19 7064
20 7064
21 7064
22 7064
23 7064
24 7064
67 7050
21 7050
22 7050
23 7050
24 7050
0 7071
106 7056
11 7056
10 7056
9 7056
8 7056
7 7056
6 7056
5 7056
4 7056
3 7056
2 7056
1 7056
45 7045
73 7073
66 7060
0 7074
87 7066
74 7072
36 7045
25 7073
96 7053
48 7061
0 7075
52 7072
61 7072
75 7076
55 7076
88 7060
3 7060
2 7060
1 7060
0 7077
95 7066
57 7078
102 7061
10 7061
9 7061
8 7061
7 7061
6 7061
5 7061
4 7061
3 7061
2 7061
1 7061
0 7081
73 7066
38 7072
22 7072
23 7072
24 7072
34 7045
13 7045
14 7045
15 7045
16 7045
17 7045
18 7045
19 7045
20 7045
21 7045
22 7045
23 7045
24 7045
87 7073
9 7073
8 7073
7 7073
6 7073
5 7073
4 7073
3 7073
2 7073
1 7073
49 7076
68 7053
2 7053
1 7053
108 7082
43 7010
103 7010
84 7010
0 7084
104 7085
5 7085
4 7085
3 7085
2 7085
1 7085
64 7086
41 7086
44 7076
22 7076
23 7076
24 7076
99 7082
17 7082
18 7082
19 7082
20 7082
21 7082
22 7082
23 7082
24 7082
28 7042
20 7042
21 7042
22 7042
23 7042
24 7042
69 7083
37 7087
3 7087
2 7087
1 7087
0 7088
114 7086
48 7079
30 7079
11 7079
10 7079
9 7079
8 7079
7 7079
6 7079
5 7079
4 7079
3 7079
2 7079
1 7079
54 7010
64 7010
13 7010
14 7010
15 7010
16 7010
17 7010
18 7010
19 7010
20 7010
21 7010
22 7010
23 7010
24 7010
26 7051
3 7051
2 7051
1 7051
0 7091
81 7046
38 7092
0 7093
47 7094
25 7066
11 7066
10 7066
9 7066
8 7066
7 7066
6 7066
5 7066
4 7066
3 7066
2 7066
1 7066
68 7097
96 7097
4 7097
3 7097
2 7097
1 7097
0 7099
87 7095
71 7089
11 7089
10 7089
9 7089
8 7089
7 7089
6 7089
5 7089
4 7089
3 7089
2 7089
1 7089
61 7092
50 7098
111 7080
3 7080
2 7080
1 7080
0 7101
31 7095
12 7095
11 7095
10 7095
9 7095
8 7095
7 7095
6 7095
5 7095
4 7095
3 7095
2 7095
1 7095
59 7096
14 7096
15 7096
16 7096
17 7096
18 7096
19 7096
20 7096
21 7096
22 7096
23 7096
24 7096
103 7100
15 7100
16 7100
17 7100
18 7100
19 7100
20 7100
21 7100
22 7100
23 7100
24 7100
65 7028
12 7028
11 7028
10 7028
9 7028
8 7028
7 7028
6 7028
5 7028
4 7028
3 7028
2 7028
1 7028
74 7092
26 7103
5 7103
4 7103
3 7103
2 7103
1 7103
0 7104
29 7086
27 7070
21 7070
22 7070
23 7070
24 7070
72 7105
32 7090
59 7090
15 7090
16 7090
17 7090
18 7090
19 7090
20 7090
21 7090
22 7090
23 7090
24 7090
100 7106
101 7062
23 7062
24 7062
42 7107
63 7108
0 7109
113 7094
14 7094
15 7094
16 7094
17 7094
18 7094
19 7094
20 7094
21 7094
22 7094
23 7094
24 7094
34 7111
17 7111
18 7111
19 7111
20 7111
21 7111
22 7111
23 7111
24 7111
105 7102
18 7102
19 7102
20 7102
21 7102
22 7102
23 7102
24 7102
90 7105
60 7106
100 7107
0 7113
41 7114
87 7106
65 7107
60 7107
14 7107
15 7107
16 7107
17 7107
18 7107
19 7107
20 7107
21 7107
22 7107
23 7107
24 7107
0 7115
91 7116
19 7116
20 7116
21 7116
22 7116
23 7116
24 7116
114 7114
31 7106
60 7117
0 7118
88 7119
9 7119
8 7119
7 7119
6 7119
5 7119
4 7119
3 7119
2 7119
1 7119
29 7114
17 7114
18 7114
19 7114
20 7114
21 7114
22 7114
23 7114
24 7114
65 7106
95 7106
100 7117
15 7117
16 7117
17 7117
18 7117
19 7117
20 7117
21 7117
22 7117
23 7117
24 7117
0 7122
25 7120
31 7120
87 7120
15 7120
16 7120
17 7120
18 7120
19 7120
20 7120
21 7120
22 7120
23 7120
24 7120
73 7106
15 7106
16 7106
17 7106
18 7106
19 7106
20 7106
21 7106
22 7106
23 7106
24 7106
0 7124
65 7127
61 7123
0 7128
95 7129
107 7110
46 7029
2 7029
1 7029
109 7130
22 7130
23 7130
24 7130
81 7126
54 7131
19 7131
20 7131
21 7131
22 7131
23 7131
24 7131
31 7127
16 7127
17 7127
18 7127
19 7127
20 7127
21 7127
22 7127
23 7127
24 7127
74 7123
38 7123
4 7123
3 7123
2 7123
1 7123
0 7133
49 7134
87 7129
31 7129
63 7110
7 7110
6 7110
5 7110
4 7110
3 7110
2 7110
1 7110
57 7105
8 7105
7 7105
6 7105
5 7105
4 7105
3 7105
2 7105
1 7105
93 7126
6 7126
5 7126
4 7126
3 7126
2 7126
1 7126
66 7132
0 7135
55 7134
114 7136
25 7129
79 7069
21 7069
22 7069
23 7069
24 7069
58 7132
12 7132
11 7132
10 7132
9 7132
8 7132
7 7132
6 7132
5 7132
4 7132
3 7132
2 7132
1 7132
85 7108
0 7138
35 7139
11 7139
10 7139
9 7139
8 7139
7 7139
6 7139
5 7139
4 7139
3 7139
2 7139
1 7139
64 7136
54 7136
20 7136
21 7136
22 7136
23 7136
24 7136
73 7129
17 7129
18 7129
19 7129
20 7129
21 7129
22 7129
23 7129
24 7129
0 7142
30 7140
31 7141
18 7141
19 7141
20 7141
21 7141
22 7141
23 7141
24 7141
51 7121
4 7121
3 7121
2 7121
1 7121
0 7146
82 7144
6 7144
5 7144
4 7144
3 7144
2 7144
1 7144
99 7147
0 7149
52 7092
7 7092
6 7092
5 7092
4 7092
3 7092
2 7092
1 7092
44 7145
6 7145
5 7145
4 7145
3 7145
2 7145
1 7145
0 7150
70 7143
75 7134
6 7134
5 7134
4 7134
3 7134
2 7134
1 7134
106 7137
23 7137
24 7137
55 7153
0 7154
108 7147
2 7147
1 7147
77 7148
49 7153
0 7155
67 7125
9 7125
8 7125
7 7125
6 7125
5 7125
4 7125
3 7125
2 7125
1 7125
90 7157
35 7148
62 7148
14 7148
15 7148
16 7148
17 7148
18 7148
19 7148
20 7148
21 7148
22 7148
23 7148
24 7148
0 7158
0 7161
78 7112
10 7112
9 7112
8 7112
7 7112
6 7112
5 7112
4 7112
3 7112
2 7112
1 7112
53 7160
14 7160
15 7160
16 7160
17 7160
18 7160
19 7160
20 7160
21 7160
22 7160
23 7160
24 7160
87 7163
75 7153
0 7164
60 7163
22 7163
23 7163
24 7163
44 7153
9 7153
8 7153
7 7153
6 7153
5 7153
4 7153
3 7153
2 7153
1 7153
0 7167
84 7168
54 7168
112 7152
12 7152
11 7152
10 7152
9 7152
8 7152
7 7152
6 7152
5 7152
4 7152
3 7152
2 7152
1 7152
57 7157
107 7108
13 7108
14 7108
15 7108
16 7108
17 7108
18 7108
19 7108
20 7108
21 7108
22 7108
23 7108
24 7108
0 7170
0 7172
89 7171
97 7162
22 7162
23 7162
24 7162
0 7174
74 7175
58 7143
36 7156
2 7156
1 7156
102 7173
94 7176
7 7176
6 7176
5 7176
4 7176
3 7176
2 7176
1 7176
0 7179
61 7175
37 7169
