31 223
4 223
63 224
49 229
64 229
16 229
50 226
19 226
25 227
5 227
6 227
60 228
56 230
2 230
1 230
47 228
23 228
24 228
55 231
21 231
20 231
19 231
42 233
28 235
36 235
2 235
1 235
38 231
39 226
21 226
20 226
61 232
15 232
41 227
8 227
45 228
2 228
48 238
11 238
10 238
9 238
27 223
9 223
25 223
8 223
7 223
6 223
5 223
43 223
53 223
63 235
3 235
4 235
34 237
18 237
17 237
40 232
17 232
43 235
5 235
38 226
22 226
23 226
24 226
62 225
44 231
22 231
23 231
35 239
22 239
23 239
44 239
53 235
6 235
47 242
32 233
3 233
47 233
4 233
5 233
6 233
37 234
22 234
60 242
5 242
6 242
7 242
8 242
40 240
21 240
20 240
19 240
18 240
17 240
16 240
15 240
14 240
31 240
26 229
24 229
51 236
10 236
43 236
53 236
9 236
26 244
49 244
63 233
8 233
39 243
3 243
2 243
53 245
34 234
24 234
38 239
2 239
1 239
49 239
58 241
19 241
18 241
17 241
16 241
15 241
29 242
64 244
1 244
36 236
26 239
56 235
50 231
4 231
29 236
11 236
12 236
13 236
14 236
15 236
16 236
17 236
18 236
19 236
36 248
11 248
39 231
5 231
6 231
7 231
42 231
44 247
28 242
45 233
10 233
9 233
29 248
12 248
30 227
16 227
15 227
14 227
13 227
41 238
17 238
25 238
43 245
13 245
32 231
9 231
53 248
52 223
14 223
43 248
14 248
60 233
11 233
12 233
13 233
14 233
53 233
49 250
47 231
36 242
14 242
29 223
52 248
15 248
16 248
17 248
18 248
19 248
54 246
57 243
7 243
8 243
9 243
26 250
5 250
4 250
43 233
53 242
36 223
15 223
16 223
17 223
18 223
19 223
20 223
21 223
22 223
23 223
24 223
52 233
16 233
41 248
20 248
21 248
22 248
23 248
24 248
28 245
31 241
21 241
62 243
11 243
36 245
16 245
30 238
20 238
19 238
29 233
58 236
37 250
6 250
7 250
8 250
43 242
17 242
16 242
42 249
56 227
18 227
27 240
22 240
23 240
24 240
60 231
14 231
38 247
9 247
59 232
5 232
4 232
3 232
2 232
1 232
64 239
8 239
7 239
33 228
15 228
14 228
13 228
28 252
17 252
44 250
32 249
14 249
43 227
52 245
19 245
25 251
54 231
15 231
16 231
56 245
20 245
21 245
22 245
23 245
24 245
31 245
29 252
19 252
20 252
52 252
27 245
61 237
55 243
15 243
14 243
13 243
43 252
21 252
22 252
23 252
24 252
51 235
22 235
31 253
46 224
21 224
52 235
23 235
24 235
41 241
2 241
50 243
16 243
17 243
18 243
42 243
26 254
28 224
63 242
25 241
3 241
4 241
5 241
6 241
7 241
8 241
9 241
10 241
11 241
29 224
24 224
47 246
21 246
49 254
60 249
37 239
14 239
13 239
12 239
11 239
10 239
9 239
37 257
14 257
13 257
12 257
11 257
10 257
9 257
8 257
7 257
6 257
5 257
4 257
3 257
2 257
1 257
61 241
12 241
13 241
14 241
30 251
4 251
3 251
2 251
29 259
56 251
45 231
24 231
35 247
17 247
26 247
16 247
15 247
14 247
13 247
62 228
21 228
20 228
19 228
34 256
15 256
14 256
13 256
12 256
11 256
10 256
9 256
8 256
7 256
6 256
5 256
33 246
24 246
41 255
6 255
28 259
2 259
48 261
10 261
9 261
8 261
38 250
20 250
44 263
32 243
53 227
4 227
46 242
3 242
2 242
1 242
63 259
3 259
4 259
40 237
53 259
5 259
6 259
7 259
8 259
9 259
10 259
11 259
12 259
13 259
14 259
15 259
16 259
17 259
18 259
43 224
5 224
49 265
27 253
10 253
9 253
8 253
7 253
6 253
5 253
64 254
21 254
20 254
19 254
18 254
17 254
16 254
15 254
14 254
13 254
12 254
11 254
31 254
53 224
6 224
7 224
8 224
9 224
10 224
11 224
12 224
13 224
14 224
15 224
16 224
17 224
18 224
19 224
20 224
43 253
51 251
7 251
56 264
7 264
26 265
59 237
19 237
20 237
21 237
49 237
41 261
11 261
12 261
13 261
14 261
15 261
16 261
17 261
18 261
19 261
20 261
21 261
22 261
23 261
24 261
51 264
8 264
9 264
10 264
11 264
55 258
1 258
50 260
61 247
19 247
47 249
4 249
3 249
2 249
1 249
54 262
4 262
41 264
12 264
13 264
14 264
15 264
16 264
17 264
18 264
19 264
20 264
21 264
22 264
23 264
24 264
64 265
23 265
22 265
21 265
20 265
19 265
18 265
17 265
16 265
15 265
14 265
13 265
45 246
6 246
46 246
32 262
26 237
58 239
17 239
16 239
57 228
1 228
43 251
9 251
34 224
23 224
22 224
47 267
6 267
7 267
63 246
8 246
59 247
22 247
21 247
40 259
22 259
38 263
25 255
14 255
13 255
12 255
30 256
52 257
55 249
5 249
6 249
7 249
8 249
28 251
10 251
63 251
64 237
1 237
62 258
6 258
5 258
4 258
3 258
38 258
42 262
7 262
8 262
33 242
9 242
39 266
5 266
6 266
47 262
9 262
29 227
12 227
25 256
16 256
17 256
30 268
25 268
16 268
17 268
18 268
19 268
59 259
54 249
9 249
10 249
11 249
31 256
18 256
19 256
20 256
61 224
50 228
46 251
12 251
13 251
63 249
12 249
58 256
22 256
23 256
24 256
55 266
8 266
9 266
32 266
46 249
56 255
15 255
29 251
14 251
42 266
10 266
47 266
28 227
14 227
52 251
15 251
16 251
17 251
18 251
19 251
28 269
14 269
15 269
51 255
16 255
53 253
15 253
16 253
64 270
49 270
43 257
16 257
17 257
42 271
52 255
51 253
17 253
57 263
8 263
9 263
44 258
8 258
9 258
29 269
16 269
27 254
22 254
23 254
24 254
36 233
17 233
60 267
14 267
15 267
16 267
17 267
29 267
63 227
16 227
59 272
54 266
14 266
15 266
36 267
57 258
10 258
11 258
12 258
13 258
43 255
18 255
19 255
20 255
21 255
33 262
15 262
16 262
31 251
27 251
23 251
24 251
42 258
14 258
47 258
63 262
17 262
18 262
26 270
9 270
10 270
38 270
46 269
44 270
11 270
29 262
56 257
51 257
21 257
22 257
23 257
63 269
19 269
20 269
28 233
20 233
21 233
43 269
21 269
31 274
57 270
13 270
14 270
15 270
30 255
61 275
8 275
9 275
25 257
44 276
54 258
18 258
19 258
45 242
20 242
21 242
22 242
23 242
24 242
53 267
22 267
23 267
56 269
23 269
24 269
62 277
17 277
18 277
36 262
22 262
46 262
21 262
50 263
15 263
16 263
62 263
17 263
18 263
47 263
30 278
1 278
2 278
59 275
10 275
11 275
12 275
26 275
60 266
19 266
20 266
35 250
14 250
15 250
64 275
50 250
16 250
41 265
3 265
4 265
5 265
6 265
7 265
8 265
9 265
10 265
45 266
22 266
23 266
29 266
24 266
36 266
39 228
18 228
17 228
57 250
17 250
18 250
47 280
22 280
23 280
25 281
37 241
15 241
64 282
16 282
17 282
55 270
20 270
21 270
45 280
24 280
46 280
27 274
6 274
7 274
8 274
9 274
10 274
11 274
12 274
13 274
53 266
1 266
2 266
34 273
15 273
16 273
26 241
52 253
2 253
3 253
40 272
14 272
15 272
43 267
33 258
24 258
23 258
31 278
27 278
7 278
8 278
9 278
10 278
11 278
12 278
13 278
14 278
32 271
23 271
24 271
62 270
22 270
23 270
54 263
24 263
23 263
22 263
40 278
15 278
16 278
17 278
33 271
42 277
24 277
23 277
22 277
29 283
36 283
32 270
52 267
4 267
49 275
19 275
20 275
57 275
21 275
22 275
23 275
42 270
63 280
3 280
4 280
43 280
59 274
17 274
18 274
19 274
44 282
39 250
23 250
24 250
54 284
30 281
9 281
10 281
27 281
38 276
22 276
23 276
31 281
11 281
47 284
3 284
52 280
7 280
8 280
9 280
10 280
49 274
22 274
23 274
26 278
49 278
22 278
23 278
48 268
14 268
37 273
21 273
22 273
26 273
64 241
22 241
23 241
24 241
50 277
34 272
21 272
22 272
26 272
25 280
11 280
41 281
12 281
13 281
14 281
55 263
2 263
3 263
32 263
64 272
23 272
24 272
49 273
64 273
23 273
24 273
33 284
5 284
6 284
42 263
4 263
5 263
38 274
44 278
38 278
62 275
3 275
4 275
47 275
54 275
5 275
32 275
57 282
38 282
39 276
2 276
3 276
27 285
14 285
15 285
63 287
52 286
10 286
36 286
29 286
9 286
62 288
4 288
5 288
45 284
8 284
9 284
29 284
42 275
6 275
53 283
10 283
11 283
36 284
53 284
10 284
11 284
12 284
13 284
32 288
47 289
