58 483 0 100 7.00206e-08 2.02445 2.02445
83 486 0 100 0.3 2.11111 2.41111
29 488 0 100 0.3 2.17671 2.47671
27 496 0 100 1.98392e-07 2.52368 2.52368
30 493 0 100 0.1 2.43693 2.53693
87 489 0 100 0.6 2.17706 2.77706
50 501 0 100 2.33402e-08 2.7913 2.7913
76 484 0 100 1 2.04947 3.04947
65 502 0 100 0.3 2.92928 3.22928
60 504 0 100 0.2 3.049 3.249
93 490 0 100 1.2 2.19957 3.39957
94 509 0 100 0.3 3.16904 3.46904
42 513 0 100 0.1 3.38543 3.48543
44 487 0 100 1.4 2.14195 3.54195
85 499 0 100 0.9 2.68876 3.58876
48 491 0 100 1.3 2.38732 3.68732
79 515 0 100 0.2 3.50927 3.70927
38 508 0 100 0.6 3.1408 3.7408
86 492 0 100 1.8 2.39772 4.19772
26 529 0 100 1.16701e-08 4.42903 4.42903
80 514 0 100 1.2 3.39199 4.59199
53 516 0 100 2.1 3.52276 5.62276
67 485 0 100 3.8 2.10729 5.90729
82 523 0 100 2.1 4.12082 6.22082
38 540 0 100 0.7 5.58437 6.28437
91 494 0 100 4 2.44548 6.44548
28 503 0 100 3.6 2.98091 6.58091
62 532 0 100 1.9 4.68741 6.58741
91 539 0 100 1.1 5.52564 6.62564
73 521 0 100 2.7 4.08797 6.78797
83 537 0 100 1.8 5.03661 6.83661
45 506 0 100 3.8 3.1187 6.9187
87 554 0 100 0.3 7.20646 7.50646
43 517 0 100 4.2 3.57398 7.77398
66 525 0 100 3.8 4.18377 7.98377
54 561 0 100 0.3 7.99491 8.29491
67 541 0 100 2.7 5.63712 8.33712
86 538 0 100 3 5.4985 8.4985
54 542 0 100 2.9 5.92452 8.82452
66 565 0 100 0.2 8.6429 8.8429
66 545 0 100 2.7 6.21288 8.91288
61 556 0 100 1.7 7.33723 9.03723
33 564 0 100 0.8 8.35758 9.15758
82 566 0 100 0.4 8.8323 9.2323
25 549 0 100 2.3 6.9427 9.2427
72 518 0 100 6.4 3.64494 10.0449
39 560 0 100 2.8 7.78674 10.5867
41 522 0 100 6.5 4.11793 10.6179
35 553 0 100 3.7 7.14531 10.8453
82 582 0 100 1.16701e-08 10.9125 10.9125
38 572 0 100 0.9 10.1979 11.0979
77 550 0 100 4.4 7.07283 11.4728
81 505 0 100 8.5 3.09076 11.5908
75 567 0 100 2.5 9.10519 11.6052
74 551 0 100 4.7 7.14208 11.8421
75 587 0 100 0.2 11.6573 11.8573
93 575 0 100 1.7 10.3811 12.0811
68 573 0 100 2.4 10.2002 12.6002
66 591 0 100 0.5 12.2704 12.7704
65 568 0 100 4.3 9.19826 13.4983
65 596 0 100 0.6 12.9234 13.5234
76 585 0 100 2.4 11.1439 13.5439
64 548 0 100 6.7 6.8512 13.5512
69 528 0 100 9.3 4.31392 13.6139
54 579 0 100 3.2 10.8201 14.0201
70 583 0 100 3.1 10.9598 14.0598
57 570 0 100 4.5 9.58435 14.0844
59 526 0 100 10 4.28263 14.2826
78 604 0 100 0.1 14.2939 14.3939
86 586 0 100 3.1 11.3495 14.4495
