0 2036
0 2037
0 2038
0 2039
0 2040
0 2041
0 2042
0 2043
0 2044
0 2045
0 2046
0 2047
0 2048
0 2049
0 2050
0 2051
0 2052
0 2053
0 2054
0 2055
0 2056
65 2058
0 2063
47 2060
13 2060
14 2060
15 2060
16 2060
17 2060
18 2060
19 2060
20 2060
21 2060
22 2060
23 2060
24 2060
39 2058
19 2058
20 2058
21 2058
22 2058
23 2058
24 2058
0 2065
0 2067
0 2068
46 2057
16 2057
17 2057
18 2057
19 2057
20 2057
21 2057
22 2057
23 2057
24 2057
0 2069
37 2070
6 2070
5 2070
4 2070
3 2070
2 2070
1 2070
70 2061
24 2061
0 2072
0 2076
31 2073
17 2073
18 2073
19 2073
20 2073
21 2073
22 2073
23 2073
24 2073
29 2074
12 2074
11 2074
10 2074
9 2074
8 2074
7 2074
6 2074
5 2074
4 2074
3 2074
2 2074
1 2074
55 2062
6 2062
5 2062
4 2062
3 2062
2 2062
1 2062
0 2081
36 2080
22 2080
23 2080
24 2080
32 2071
13 2071
14 2071
15 2071
16 2071
17 2071
18 2071
19 2071
20 2071
21 2071
22 2071
23 2071
24 2071
49 2087
0 2088
64 2089
17 2089
18 2089
19 2089
20 2089
21 2089
22 2089
23 2089
24 2089
59 2082
18 2082
19 2082
20 2082
21 2082
22 2082
23 2082
24 2082
48 2091
11 2091
10 2091
9 2091
8 2091
7 2091
6 2091
5 2091
4 2091
3 2091
2 2091
1 2091
0 2092
34 2093
1 2093
0 2096
68 2094
4 2094
3 2094
2 2094
1 2094
0 2098
0 2102
62 2097
61 2101
8 2101
7 2101
6 2101
5 2101
4 2101
3 2101
2 2101
1 2101
33 2084
10 2084
9 2084
8 2084
7 2084
6 2084
5 2084
4 2084
3 2084
2 2084
1 2084
74 2087
9 2087
8 2087
7 2087
6 2087
5 2087
4 2087
3 2087
2 2087
1 2087
0 2104
67 2083
3 2083
2 2083
1 2083
0 2106
39 2105
1 2105
42 2086
17 2086
18 2086
19 2086
20 2086
21 2086
22 2086
23 2086
24 2086
0 2109
41 2075
52 2085
11 2085
10 2085
9 2085
8 2085
7 2085
6 2085
5 2085
4 2085
3 2085
2 2085
1 2085
0 2111
0 2112
53 2100
12 2100
11 2100
10 2100
9 2100
8 2100
7 2100
6 2100
5 2100
4 2100
3 2100
2 2100
1 2100
43 2064
16 2064
17 2064
18 2064
19 2064
20 2064
21 2064
22 2064
23 2064
24 2064
0 2114
57 2113
2 2113
1 2113
60 2079
17 2079
18 2079
19 2079
20 2079
21 2079
22 2079
23 2079
24 2079
0 2115
28 2077
13 2077
14 2077
15 2077
16 2077
17 2077
18 2077
19 2077
20 2077
21 2077
22 2077
23 2077
24 2077
38 2078
19 2078
20 2078
21 2078
22 2078
23 2078
24 2078
0 2118
50 2117
5 2117
4 2117
3 2117
2 2117
1 2117
0 2121
69 2119
1 2119
0 2125
45 2099
17 2099
18 2099
19 2099
20 2099
21 2099
22 2099
23 2099
24 2099
58 2126
26 2066
4 2066
3 2066
2 2066
1 2066
0 2127
27 2107
1 2107
0 2128
0 2129
63 2123
24 2123
56 2130
14 2130
15 2130
16 2130
17 2130
18 2130
19 2130
20 2130
21 2130
22 2130
23 2130
24 2130
0 2131
72 2110
40 2124
21 2124
22 2124
23 2124
24 2124
0 2134
30 2132
21 2132
22 2132
23 2132
24 2132
54 2120
11 2120
10 2120
9 2120
8 2120
7 2120
6 2120
5 2120
4 2120
3 2120
2 2120
1 2120
0 2135
0 2136
66 2122
19 2122
20 2122
21 2122
22 2122
23 2122
24 2122
0 2138
0 2139
51 2116
11 2116
10 2116
9 2116
8 2116
7 2116
6 2116
5 2116
4 2116
3 2116
2 2116
1 2116
0 2142
0 2143
36 2140
0 2145
69 2126
7 2126
6 2126
5 2126
4 2126
3 2126
2 2126
1 2126
0 2147
57 2140
10 2140
9 2140
8 2140
7 2140
6 2140
5 2140
4 2140
3 2140
2 2140
1 2140
59 2110
6 2110
5 2110
4 2110
3 2110
2 2110
1 2110
33 2144
21 2144
22 2144
23 2144
24 2144
0 2148
0 2149
31 2150
7 2150
6 2150
5 2150
4 2150
3 2150
2 2150
1 2150
55 2151
0 2152
73 2090
13 2090
14 2090
15 2090
16 2090
17 2090
18 2090
19 2090
20 2090
21 2090
22 2090
23 2090
24 2090
0 2153
68 2141
18 2141
19 2141
20 2141
21 2141
22 2141
23 2141
24 2141
0 2154
38 2155
0 2156
61 2151
22 2151
23 2151
24 2151
0 2159
74 2158
23 2158
24 2158
0 2162
0 2163
64 2164
29 2137
5 2137
4 2137
3 2137
2 2137
1 2137
0 2166
0 2167
0 2170
32 2161
7 2161
6 2161
5 2161
4 2161
3 2161
2 2161
1 2161
44 2095
10 2095
9 2095
8 2095
7 2095
6 2095
5 2095
4 2095
3 2095
2 2095
1 2095
0 2171
47 2164
11 2164
10 2164
9 2164
8 2164
7 2164
6 2164
5 2164
4 2164
3 2164
2 2164
1 2164
0 2174
61 2172
1 2172
52 2168
2 2168
1 2168
35 2108
16 2108
17 2108
18 2108
19 2108
20 2108
21 2108
22 2108
23 2108
24 2108
0 2177
42 2155
9 2155
8 2155
7 2155
6 2155
5 2155
4 2155
3 2155
2 2155
1 2155
65 2169
18 2169
19 2169
20 2169
21 2169
22 2169
23 2169
24 2169
0 2179
46 2146
14 2146
15 2146
16 2146
17 2146
18 2146
19 2146
20 2146
21 2146
22 2146
23 2146
24 2146
27 2176
14 2176
15 2176
16 2176
17 2176
18 2176
19 2176
20 2176
21 2176
22 2176
23 2176
24 2176
70 2157
22 2157
23 2157
24 2157
0 2183
45 2173
7 2173
6 2173
5 2173
4 2173
3 2173
2 2173
1 2173
0 2185
39 2165
20 2165
21 2165
22 2165
23 2165
24 2165
37 2184
5 2184
4 2184
3 2184
2 2184
1 2184
0 2188
28 2175
5 2175
4 2175
3 2175
2 2175
1 2175
0 2191
40 2181
10 2181
9 2181
8 2181
7 2181
6 2181
5 2181
4 2181
3 2181
2 2181
1 2181
0 2195
41 2186
20 2186
21 2186
22 2186
23 2186
24 2186
34 2198
24 2198
0 2199
67 2192
24 2192
62 2197
22 2197
23 2197
24 2197
72 2194
17 2194
18 2194
19 2194
20 2194
21 2194
22 2194
23 2194
24 2194
0 2201
53 2202
0 2204
66 2200
9 2200
8 2200
7 2200
6 2200
5 2200
4 2200
3 2200
2 2200
1 2200
0 2206
0 2207
58 2187
21 2187
22 2187
23 2187
24 2187
71 2133
23 2133
24 2133
73 2203
0 2210
48 2160
12 2160
11 2160
10 2160
9 2160
8 2160
7 2160
6 2160
5 2160
4 2160
3 2160
2 2160
1 2160
56 2182
7 2182
6 2182
5 2182
4 2182
3 2182
2 2182
1 2182
0 2212
60 2193
14 2193
15 2193
16 2193
17 2193
18 2193
19 2193
20 2193
21 2193
22 2193
23 2193
24 2193
49 2190
9 2190
8 2190
7 2190
6 2190
5 2190
4 2190
3 2190
2 2190
1 2190
0 2215
0 2216
0 2218
59 2189
21 2189
22 2189
23 2189
24 2189
42 2209
17 2209
18 2209
19 2209
20 2209
21 2209
22 2209
23 2209
24 2209
0 2219
52 2202
11 2202
10 2202
9 2202
8 2202
7 2202
6 2202
5 2202
4 2202
3 2202
2 2202
1 2202
57 2205
1 2205
0 2222
50 2221
54 2214
6 2214
5 2214
4 2214
3 2214
2 2214
1 2214
0 2223
0 2226
36 2224
63 2225
21 2225
22 2225
23 2225
24 2225
0 2228
0 2229
25 2103
4 2103
3 2103
2 2103
1 2103
33 2208
14 2208
15 2208
16 2208
17 2208
18 2208
19 2208
20 2208
21 2208
22 2208
23 2208
24 2208
0 2230
30 2196
18 2196
19 2196
20 2196
21 2196
22 2196
23 2196
24 2196
29 2231
19 2231
20 2231
21 2231
22 2231
23 2231
24 2231
55 2213
13 2213
14 2213
15 2213
16 2213
17 2213
18 2213
19 2213
20 2213
21 2213
22 2213
23 2213
24 2213
0 2233
51 2211
7 2211
6 2211
5 2211
4 2211
3 2211
2 2211
1 2211
74 2232
14 2232
15 2232
16 2232
17 2232
18 2232
19 2232
20 2232
21 2232
22 2232
23 2232
24 2232
0 2234
0 2237
26 2220
5 2220
4 2220
3 2220
2 2220
1 2220
0 2238
37 2236
16 2236
17 2236
18 2236
19 2236
20 2236
21 2236
22 2236
23 2236
24 2236
0 2240
57 2224
6 2224
5 2224
4 2224
3 2224
2 2224
1 2224
61 2239
15 2239
16 2239
17 2239
18 2239
19 2239
20 2239
21 2239
22 2239
23 2239
24 2239
0 2243
0 2244
44 2241
1 2241
43 2178
22 2178
23 2178
24 2178
0 2246
58 2247
6 2247
5 2247
4 2247
3 2247
2 2247
1 2247
0 2248
0 2250
46 2249
5 2249
4 2249
3 2249
2 2249
1 2249
0 2252
38 2227
1 2227
28 2254
0 2257
31 2235
6 2235
5 2235
4 2235
3 2235
2 2235
1 2235
68 2256
16 2256
17 2256
18 2256
19 2256
20 2256
21 2256
22 2256
23 2256
24 2256
0 2259
66 2251
22 2251
23 2251
24 2251
0 2260
0 2262
0 2263
57 2264
12 2264
11 2264
10 2264
9 2264
8 2264
7 2264
6 2264
5 2264
4 2264
3 2264
2 2264
1 2264
0 2267
70 2268
16 2268
17 2268
18 2268
19 2268
20 2268
21 2268
22 2268
23 2268
24 2268
0 2270
71 2271
48 2258
1 2258
32 2255
4 2255
3 2255
2 2255
1 2255
0 2272
45 2253
1 2253
0 2273
67 2261
17 2261
18 2261
19 2261
20 2261
21 2261
22 2261
23 2261
24 2261
0 2274
47 2275
9 2275
8 2275
7 2275
6 2275
5 2275
4 2275
3 2275
2 2275
1 2275
65 2277
15 2277
16 2277
17 2277
18 2277
19 2277
20 2277
21 2277
22 2277
23 2277
24 2277
35 2269
13 2269
14 2269
15 2269
16 2269
17 2269
18 2269
19 2269
20 2269
21 2269
22 2269
23 2269
24 2269
0 2278
52 2254
62 2280
16 2280
17 2280
18 2280
19 2280
20 2280
21 2280
22 2280
23 2280
24 2280
0 2281
72 2276
11 2276
10 2276
9 2276
8 2276
7 2276
6 2276
5 2276
4 2276
3 2276
2 2276
1 2276
49 2265
0 2282
27 2266
12 2266
11 2266
10 2266
9 2266
8 2266
7 2266
6 2266
5 2266
4 2266
3 2266
2 2266
1 2266
0 2284
0 2286
37 2288
0 2289
64 2242
12 2242
11 2242
10 2242
9 2242
8 2242
7 2242
6 2242
5 2242
4 2242
3 2242
2 2242
1 2242
61 2285
1 2285
0 2291
69 2217
15 2217
16 2217
17 2217
18 2217
19 2217
20 2217
21 2217
22 2217
23 2217
24 2217
0 2299
50 2292
20 2292
21 2292
22 2292
23 2292
24 2292
43 2300
8 2300
7 2300
6 2300
5 2300
4 2300
3 2300
2 2300
1 2300
30 2298
8 2298
7 2298
6 2298
5 2298
4 2298
3 2298
2 2298
1 2298
0 2302
0 2304
44 2295
13 2295
14 2295
15 2295
16 2295
17 2295
18 2295
19 2295
20 2295
21 2295
22 2295
23 2295
24 2295
42 2296
11 2296
10 2296
9 2296
8 2296
7 2296
6 2296
5 2296
4 2296
3 2296
2 2296
1 2296
41 2271
19 2271
20 2271
21 2271
22 2271
23 2271
24 2271
54 2290
24 2290
34 2301
23 2301
24 2301
53 2288
5 2288
4 2288
3 2288
2 2288
1 2288
0 2305
60 2307
10 2307
9 2307
8 2307
7 2307
6 2307
5 2307
4 2307
3 2307
2 2307
1 2307
0 2309
74 2310
5 2310
4 2310
3 2310
2 2310
1 2310
36 2308
0 2312
58 2306
19 2306
20 2306
21 2306
22 2306
23 2306
24 2306
0 2314
0 2316
57 2308
22 2308
23 2308
24 2308
55 2283
6 2283
5 2283
4 2283
3 2283
2 2283
1 2283
73 2221
24 2221
57 2317
22 2317
23 2317
24 2317
0 2318
33 2313
8 2313
7 2313
6 2313
5 2313
4 2313
3 2313
2 2313
1 2313
25 2319
23 2319
24 2319
59 2311
18 2311
19 2311
20 2311
21 2311
22 2311
23 2311
24 2311
0 2320
40 2279
13 2279
14 2279
15 2279
16 2279
17 2279
18 2279
19 2279
20 2279
21 2279
22 2279
23 2279
24 2279
0 2321
51 2294
1 2294
0 2322
0 2324
63 2287
18 2287
19 2287
20 2287
21 2287
22 2287
23 2287
24 2287
0 2326
26 2303
24 2303
0 2327
0 2328
56 2315
9 2315
8 2315
7 2315
6 2315
5 2315
4 2315
3 2315
2 2315
1 2315
0 2330
31 2329
72 2329
22 2329
23 2329
24 2329
0 2333
38 2334
18 2334
19 2334
20 2334
21 2334
22 2334
23 2334
24 2334
39 2297
2 2297
1 2297
0 2336
46 2331
23 2331
24 2331
47 2335
22 2335
23 2335
24 2335
0 2339
0 2340
0 2342
0 2344
