48 50 0.0048 49.9952
34 50 0.0048 49.9952
48 50 0.0048 49.9952
34 50 0.0048 49.9952
48 50 0.0048 49.9952
57 50 0.0048 49.9952
34 50 0.0048 49.9952
48 50 0.0048 49.9952
57 50 0.0048 49.9952
34 50 0.0048 49.9952
57 50 0.0048 49.9952
57 50 0.0048 49.9952
62 50 0.0048 49.9952
35 50 0.0048 49.9952
62 50 0.0048 49.9952
35 50 0.0048 49.9952
42 50 0.0048 49.9952
55 50 0.0048 49.9952
62 50 0.0048 49.9952
35 50 0.0048 49.9952
42 50 0.0048 49.9952
55 50 0.0048 49.9952
61 50 0.0048 49.9952
62 50 0.0048 49.9952
35 50 0.0048 49.9952
42 50 0.0048 49.9952
55 50 0.0048 49.9952
61 50 0.0048 49.9952
38 50 0.0048 49.9952
42 50 0.0048 49.9952
55 50 0.0048 49.9952
61 50 0.0048 49.9952
31 50 0.0048 49.9952
38 50 0.0048 49.9952
61 50 0.0048 49.9952
31 50 0.0048 49.9952
38 50 0.0048 49.9952
45 50 0.0048 49.9952
31 50 0.0048 49.9952
38 50 0.0048 49.9952
45 50 0.0048 49.9952
30 50 0.0048 49.9952
31 50 0.0048 49.9952
45 50 0.0048 49.9952
28 50 0.0048 49.9952
30 50 0.0048 49.9952
45 50 0.0048 49.9952
28 50 0.0048 49.9952
30 50 0.0048 49.9952
53 50 0.0048 49.9952
58 50 0.0048 49.9952
28 50 0.0048 49.9952
30 50 0.0048 49.9952
39 50 0.0048 49.9952
53 50 0.0048 49.9952
58 50 0.0048 49.9952
28 50 0.0048 49.9952
39 50 0.0048 49.9952
41 50 0.0048 49.9952
53 50 0.0048 49.9952
58 50 0.0048 49.9952
54 50 0.048 49.952
39 50 0.0048 49.9952
41 50 0.0048 49.9952
52 50 0.0048 49.9952
53 50 0.0048 49.9952
58 50 0.0048 49.9952
43 50 0.048 49.952
43 49.952 0.0048 49.9472
43 49.9472 0.16 49.7872
43 49.7872 0.0016 49.7856
45 50 0.048 49.952
46 50 0.048 49.952
43 49.7856 0.0048 49.7808
46 49.952 0.0048 49.9472
46 49.9472 0.16 49.7872
46 49.7872 0.0016 49.7856
61 50 0.048 49.952
27 50 0.048 49.952
27 49.952 0.0048 49.9472
27 49.9472 0.16 49.7872
27 49.7872 0.0016 49.7856
37 50 0.048 49.952
54 50 0.048 49.952
39 50 0.0048 49.9952
41 50 0.0048 49.9952
52 50 0.0048 49.9952
58 50 0.0048 49.9952
60 50 0.048 49.952
45 50 0.048 49.952
55 50 0.048 49.952
42 50 0.0048 49.9952
61 50 0.048 49.952
37 50 0.048 49.952
37 49.952 0.0048 49.9472
37 49.9472 0.16 49.7872
37 49.7872 0.0016 49.7856
54 50 0.048 49.952
37 49.7856 0.0048 49.7808
41 50 0.0048 49.9952
47 50 0.0048 49.9952
52 50 0.0048 49.9952
60 50 0.048 49.952
59 50 0.0048 49.9952
45 50 0.048 49.952
55 50 0.048 49.952
42 50 0.0048 49.9952
25 50 0.048 49.952
61 50 0.048 49.952
56 50 0.048 49.952
54 50 0.048 49.952
54 49.952 0.0048 49.9472
54 49.9472 0.16 49.7872
54 49.7872 0.0016 49.7856
37 50 0.0048 49.9952
47 50 0.0048 49.9952
52 50 0.0048 49.9952
56 50 0.0048 49.9952
60 50 0.048 49.952
59 50 0.0048 49.9952
45 50 0.048 49.952
39 50 0.048 49.952
58 50 0.0048 49.9952
55 50 0.048 49.952
42 50 0.0048 49.9952
25 50 0.048 49.952
61 50 0.048 49.952
56 49.9952 0.048 49.9472
27 50 0.0048 49.9952
37 50 0.0048 49.9952
47 50 0.0048 49.9952
56 50 0.0048 49.9952
60 50 0.048 49.952
59 50 0.0048 49.9952
45 50 0.048 49.952
41 50 0.048 49.952
39 50 0.048 49.952
58 50 0.0048 49.9952
32 50 0.048 49.952
55 50 0.048 49.952
42 50 0.0048 49.9952
25 50 0.048 49.952
61 50 0.048 49.952
56 49.9952 0.048 49.9472
27 50 0.0048 49.9952
37 50 0.0048 49.9952
44 50 0.0048 49.9952
47 50 0.0048 49.9952
56 50 0.0048 49.9952
60 50 0.048 49.952
59 50 0.0048 49.9952
45 50 0.048 49.952
41 50 0.048 49.952
39 50 0.048 49.952
32 50 0.048 49.952
55 50 0.048 49.952
42 50 0.0048 49.9952
25 50 0.048 49.952
25 49.952 0.0048 49.9472
25 49.9472 0.16 49.7872
25 49.7872 0.0016 49.7856
61 50 0.048 49.952
61 49.952 0.0048 49.9472
61 49.9472 0.16 49.7872
61 49.7872 0.0016 49.7856
56 49.9952 0.048 49.9472
27 50 0.0048 49.9952
44 50 0.0048 49.9952
56 50 0.0048 49.9952
64 50 0.0048 49.9952
60 50 0.048 49.952
59 50 0.0048 49.9952
45 50 0.048 49.952
41 50 0.048 49.952
39 50 0.048 49.952
32 50 0.048 49.952
55 50 0.048 49.952
42 50 0.0048 49.9952
56 49.9952 0.048 49.9472
27 50 0.0048 49.9952
44 50 0.0048 49.9952
51 50 0.0048 49.9952
64 50 0.0048 49.9952
60 50 0.048 49.952
59 50 0.0048 49.9952
45 50 0.048 49.952
45 49.952 0.0048 49.9472
45 49.9472 0.16 49.7872
45 49.7872 0.0016 49.7856
41 50 0.048 49.952
39 50 0.048 49.952
32 50 0.048 49.952
55 50 0.048 49.952
42 50 0.0048 49.9952
56 50 0.048 49.952
25 50 0.0048 49.9952
44 50 0.0048 49.9952
51 50 0.0048 49.9952
64 50 0.0048 49.9952
60 50 0.048 49.952
59 50 0.0048 49.9952
41 50 0.048 49.952
39 50 0.048 49.952
32 50 0.048 49.952
55 50 0.048 49.952
42 50 0.0048 49.9952
56 50 0.048 49.952
25 50 0.0048 49.9952
51 50 0.0048 49.9952
64 50 0.0048 49.9952
33 50 0.048 49.952
26 50 0.0048 49.9952
29 50 0.0048 49.9952
49 50 0.0048 49.9952
60 50 0.048 49.952
59 50 0.0048 49.9952
41 50 0.048 49.952
39 50 0.048 49.952
32 50 0.048 49.952
55 50 0.048 49.952
42 50 0.0048 49.9952
56 50 0.048 49.952
52 50 0.048 49.952
25 50 0.0048 49.9952
51 50 0.0048 49.9952
64 50 0.0048 49.9952
33 50 0.048 49.952
40 50 0.0048 49.9952
49 50 0.0048 49.9952
33 49.952 0.0048 49.9472
33 49.9472 0.16 49.7872
33 49.7872 0.0016 49.7856
60 50 0.048 49.952
59 50 0.0048 49.9952
41 50 0.048 49.952
39 50 0.048 49.952
44 50 0.048 49.952
32 50 0.048 49.952
55 50 0.048 49.952
42 50 0.0048 49.9952
55 49.952 0.0048 49.9472
55 49.9472 0.16 49.7872
55 49.7872 0.0016 49.7856
34 50 0.048 49.952
56 50 0.048 49.952
52 50 0.048 49.952
25 50 0.0048 49.9952
63 50 0.0048 49.9952
60 50 0.048 49.952
59 50 0.0048 49.9952
49 50 0.048 49.952
33 50 0.0048 49.9952
41 50 0.048 49.952
39 50 0.048 49.952
44 50 0.048 49.952
32 50 0.048 49.952
34 50 0.048 49.952
34 49.952 0.0048 49.9472
34 49.9472 0.16 49.7872
34 49.7872 0.0016 49.7856
36 50 0.048 49.952
38 50 0.048 49.952
31 50 0.0048 49.9952
31 49.9952 0.048 49.9472
38 49.952 0.0048 49.9472
38 49.9472 0.16 49.7872
31 49.9472 0.016 49.9312
31 49.9312 0.016 49.9152
38 49.7872 0.0016 49.7856
31 49.9152 0.048 49.8672
38 49.7856 0.0048 49.7808
56 50 0.048 49.952
52 50 0.048 49.952
25 50 0.0048 49.9952
63 50 0.0048 49.9952
60 50 0.048 49.952
59 50 0.0048 49.9952
49 50 0.048 49.952
33 50 0.0048 49.9952
40 50 0.0048 49.9952
49 49.952 0.0048 49.9472
49 49.9472 0.16 49.7872
49 49.7872 0.0016 49.7856
41 50 0.048 49.952
39 50 0.048 49.952
39 49.952 0.0048 49.9472
39 49.9472 0.16 49.7872
39 49.7872 0.0016 49.7856
47 50 0.048 49.952
44 50 0.048 49.952
32 50 0.048 49.952
32 49.952 0.0048 49.9472
32 49.9472 0.16 49.7872
32 49.7872 0.0016 49.7856
36 50 0.048 49.952
31 50 0.048 49.952
38 50 0.0048 49.9952
56 50 0.048 49.952
52 50 0.048 49.952
36 49.952 0.0048 49.9472
63 50 0.0048 49.9952
60 50 0.048 49.952
59 50 0.0048 49.9952
41 50 0.048 49.952
47 50 0.048 49.952
44 50 0.048 49.952
36 50 0.048 49.952
31 50 0.048 49.952
56 50 0.048 49.952
37 50 0.0048 49.9952
52 50 0.048 49.952
36 49.952 0.0048 49.9472
50 50 0.0048 49.9952
63 50 0.0048 49.9952
60 50 0.048 49.952
59 50 0.0048 49.9952
41 50 0.048 49.952
47 50 0.048 49.952
44 50 0.048 49.952
36 50 0.048 49.952
36 49.952 0.0048 49.9472
36 49.9472 0.16 49.7872
36 49.7872 0.0016 49.7856
31 50 0.048 49.952
56 50 0.048 49.952
56 49.952 0.0048 49.9472
56 49.9472 0.16 49.7872
56 49.7872 0.0016 49.7856
52 50 0.048 49.952
36 49.7856 0.0048 49.7808
50 50 0.0048 49.9952
60 50 0.048 49.952
59 50 0.0048 49.9952
41 50 0.048 49.952
41 49.952 0.0048 49.9472
41 49.9472 0.16 49.7872
41 49.7872 0.0016 49.7856
47 50 0.048 49.952
44 50 0.048 49.952
44 49.952 0.0048 49.9472
44 49.9472 0.16 49.7872
44 49.7872 0.0016 49.7856
31 50 0.048 49.952
52 50 0.048 49.952
36 50 0.0048 49.9952
50 50 0.0048 49.9952
60 50 0.048 49.952
47 50 0.048 49.952
31 50 0.048 49.952
38 50 0.0048 49.9952
52 50 0.048 49.952
36 50 0.0048 49.9952
50 50 0.0048 49.9952
60 50 0.048 49.952
47 50 0.048 49.952
31 50 0.048 49.952
38 50 0.0048 49.9952
52 50 0.048 49.952
48 50 0.048 49.952
60 50 0.048 49.952
59 50 0.0048 49.9952
47 50 0.048 49.952
31 50 0.048 49.952
38 50 0.0048 49.9952
52 50 0.048 49.952
59 50 0.048 49.952
60 50 0.0048 49.9952
59 49.952 0.0048 49.9472
59 49.9472 0.16 49.7872
59 49.7872 0.0016 49.7856
48 50 0.048 49.952
60 49.9952 0.048 49.9472
59 49.7856 0.0048 49.7808
28 50 0.048 49.952
47 50 0.048 49.952
50 50 0.048 49.952
31 50 0.048 49.952
38 50 0.0048 49.9952
64 50 0.048 49.952
52 50 0.048 49.952
48 50 0.048 49.952
43 50 0.0048 49.9952
46 50 0.0048 49.9952
60 50 0.048 49.952
59 50 0.0048 49.9952
28 50 0.048 49.952
30 50 0.048 49.952
47 50 0.048 49.952
47 49.952 0.0048 49.9472
47 49.9472 0.16 49.7872
47 49.7872 0.0016 49.7856
58 50 0.048 49.952
50 50 0.048 49.952
31 50 0.048 49.952
38 50 0.0048 49.9952
31 49.952 0.0048 49.9472
31 49.9472 0.16 49.7872
31 49.7872 0.0016 49.7856
64 50 0.048 49.952
52 50 0.048 49.952
48 50 0.048 49.952
43 50 0.0048 49.9952
46 50 0.0048 49.9952
54 50 0.0048 49.9952
60 50 0.048 49.952
28 50 0.048 49.952
42 50 0.048 49.952
30 50 0.048 49.952
26 50 0.048 49.952
33 50 0.0048 49.9952
40 50 0.0048 49.9952
58 50 0.048 49.952
50 50 0.048 49.952
64 50 0.048 49.952
40 50 0.048 49.952
26 50 0.0048 49.9952
33 50 0.0048 49.9952
49 50 0.0048 49.9952
52 50 0.048 49.952
48 50 0.048 49.952
43 50 0.0048 49.9952
46 50 0.0048 49.9952
54 50 0.0048 49.9952
60 50 0.048 49.952
28 50 0.048 49.952
42 50 0.048 49.952
30 50 0.048 49.952
26 49.9952 0.048 49.9472
29 50 0.0048 49.9952
33 49.9952 0.0048 49.9904
40 49.952 0.0048 49.9472
49 49.9952 0.0048 49.9904
58 50 0.048 49.952
53 50 0.0048 49.9952
50 50 0.048 49.952
64 50 0.048 49.952
40 50 0.048 49.952
26 50 0.0048 49.9952
29 50 0.0048 49.9952
33 50 0.0048 49.9952
49 50 0.0048 49.9952
52 50 0.048 49.952
48 50 0.048 49.952
26 49.9952 0.0048 49.9904
29 49.9952 0.0048 49.9904
33 49.9952 0.0048 49.9904
40 49.952 0.0048 49.9472
43 50 0.0048 49.9952
46 50 0.0048 49.9952
49 49.9952 0.0048 49.9904
54 50 0.0048 49.9952
51 50 0.048 49.952
51 49.952 0.0048 49.9472
51 49.9472 0.16 49.7872
51 49.7872 0.0016 49.7856
60 50 0.048 49.952
28 50 0.048 49.952
42 50 0.048 49.952
30 50 0.048 49.952
53 49.9952 0.048 49.9472
58 50 0.0048 49.9952
35 50 0.048 49.952
26 49.9904 0.048 49.9424
29 49.9904 0.0048 49.9856
33 49.9904 0.0048 49.9856
40 49.9472 0.0048 49.9424
58 49.9952 0.048 49.9472
53 50 0.0048 49.9952
50 50 0.048 49.952
64 50 0.048 49.952
51 50 0.0048 49.9952
40 50 0.048 49.952
26 50 0.0048 49.9952
29 50 0.0048 49.9952
33 50 0.0048 49.9952
57 50 0.048 49.952
52 50 0.048 49.952
48 50 0.048 49.952
26 49.9952 0.0048 49.9904
29 49.9952 0.0048 49.9904
33 49.9952 0.0048 49.9904
40 49.952 0.0048 49.9472
49 50 0.0048 49.9952
54 50 0.0048 49.9952
60 50 0.048 49.952
28 50 0.048 49.952
42 50 0.048 49.952
30 50 0.048 49.952
30 49.952 0.0048 49.9472
30 49.9472 0.16 49.7872
30 49.7872 0.0016 49.7856
53 49.9952 0.048 49.9472
58 50 0.0048 49.9952
35 50 0.048 49.952
35 49.952 0.0048 49.9472
35 49.9472 0.16 49.7872
35 49.7872 0.0016 49.7856
26 49.9904 0.048 49.9424
29 49.9904 0.0048 49.9856
33 49.9904 0.0048 49.9856
40 49.9472 0.0048 49.9424
58 49.9952 0.048 49.9472
53 50 0.0048 49.9952
50 50 0.048 49.952
64 50 0.048 49.952
51 50 0.0048 49.9952
40 50 0.048 49.952
26 50 0.0048 49.9952
49 50 0.0048 49.9952
57 50 0.048 49.952
52 50 0.048 49.952
62 50 0.048 49.952
48 50 0.048 49.952
26 49.9952 0.0048 49.9904
29 50 0.0048 49.9952
33 50 0.0048 49.9952
40 49.952 0.0048 49.9472
49 49.9952 0.0048 49.9904
60 50 0.048 49.952
28 50 0.048 49.952
42 50 0.048 49.952
53 49.9952 0.048 49.9472
58 50 0.0048 49.9952
26 49.9904 0.048 49.9424
29 49.9952 0.0048 49.9904
33 49.9952 0.0048 49.9904
63 50 0.048 49.952
58 49.9952 0.048 49.9472
53 50 0.0048 49.9952
50 50 0.048 49.952
31 50 0.048 49.952
64 50 0.048 49.952
40 50 0.048 49.952
49 50 0.0048 49.9952
57 50 0.048 49.952
52 50 0.048 49.952
62 50 0.048 49.952
48 50 0.048 49.952
40 49.952 0.0048 49.9472
49 49.9952 0.0048 49.9904
59 50 0.0048 49.9952
60 50 0.0048 49.9952
60 49.9952 0.048 49.9472
28 50 0.048 49.952
42 50 0.048 49.952
53 49.9952 0.048 49.9472
58 50 0.0048 49.9952
26 50 0.048 49.952
29 50 0.0048 49.9952
33 50 0.0048 49.9952
63 50 0.048 49.952
46 50 0.048 49.952
58 49.9952 0.048 49.9472
53 50 0.0048 49.9952
50 50 0.048 49.952
31 50 0.048 49.952
64 50 0.048 49.952
64 49.952 0.0048 49.9472
64 49.9472 0.16 49.7872
64 49.7872 0.0016 49.7856
40 50 0.048 49.952
57 50 0.048 49.952
52 50 0.048 49.952
62 50 0.048 49.952
48 50 0.048 49.952
54 50 0.048 49.952
59 50 0.0048 49.9952
60 50 0.0048 49.9952
60 49.9952 0.048 49.9472
28 50 0.048 49.952
42 50 0.048 49.952
42 49.952 0.0048 49.9472
42 49.9472 0.16 49.7872
42 49.7872 0.0016 49.7856
53 49.9952 0.048 49.9472
58 50 0.0048 49.9952
29 50 0.048 49.952
26 50 0.0048 49.9952
33 50 0.0048 49.9952
26 49.9952 0.048 49.9472
29 49.952 0.0048 49.9472
33 49.9952 0.0048 49.9904
63 50 0.048 49.952
46 50 0.048 49.952
58 49.9952 0.048 49.9472
53 50 0.0048 49.9952
50 50 0.048 49.952
31 50 0.048 49.952
40 50 0.048 49.952
29 50 0.0048 49.9952
33 50 0.0048 49.9952
49 50 0.0048 49.9952
57 50 0.048 49.952
52 50 0.048 49.952
62 50 0.048 49.952
48 50 0.048 49.952
54 50 0.048 49.952
32 50 0.0048 49.9952
59 50 0.0048 49.9952
60 50 0.0048 49.9952
60 49.9952 0.048 49.9472
59 49.9952 0.0048 49.9904
28 50 0.048 49.952
53 49.9952 0.048 49.9472
58 50 0.0048 49.9952
29 49.9952 0.048 49.9472
26 50 0.0048 49.9952
33 49.9952 0.0048 49.9904
40 49.952 0.0048 49.9472
26 49.9952 0.048 49.9472
29 49.9472 0.0048 49.9424
33 49.9904 0.0048 49.9856
40 49.9472 0.0048 49.9424
63 50 0.048 49.952
46 50 0.048 49.952
58 49.9952 0.048 49.9472
53 50 0.0048 49.9952
50 50 0.048 49.952
31 50 0.048 49.952
31 49.952 0.0048 49.9472
31 49.9472 0.16 49.7872
31 49.7872 0.0016 49.7856
40 50 0.048 49.952
26 50 0.0048 49.9952
29 50 0.0048 49.9952
33 50 0.0048 49.9952
49 50 0.0048 49.9952
57 50 0.048 49.952
52 50 0.048 49.952
62 50 0.048 49.952
62 49.952 0.0048 49.9472
62 49.9472 0.16 49.7872
62 49.7872 0.0016 49.7856
48 50 0.048 49.952
54 50 0.048 49.952
32 50 0.0048 49.9952
59 50 0.0048 49.9952
60 50 0.0048 49.9952
60 49.9952 0.048 49.9472
59 49.9952 0.0048 49.9904
28 50 0.048 49.952
53 49.9952 0.048 49.9472
29 49.9952 0.048 49.9472
26 49.9952 0.0048 49.9904
33 49.9952 0.0048 49.9904
40 49.952 0.0048 49.9472
26 49.9904 0.048 49.9424
29 49.9472 0.0048 49.9424
33 49.9904 0.0048 49.9856
40 49.9472 0.0048 49.9424
49 49.9952 0.0048 49.9904
49 49.9904 0.048 49.9424
26 49.9424 0.0048 49.9376
26 49.9376 0.16 49.7776
29 49.9424 0.016 49.9264
33 49.9856 0.016 49.9696
40 49.9424 0.016 49.9264
49 49.9424 0.016 49.9264
49 49.9264 0.016 49.9104
26 49.7776 0.0016 49.776
49 49.9104 0.048 49.8624
26 49.776 0.0048 49.7712
40 49.9264 0.0048 49.9216
63 50 0.048 49.952
46 50 0.048 49.952
58 50 0.048 49.952
50 50 0.048 49.952
40 50 0.048 49.952
26 49.9764 0.0048 49.9716
29 50 0.0048 49.9952
33 50 0.0048 49.9952
49 50 0.0048 49.9952
57 50 0.048 49.952
52 50 0.048 49.952
48 50 0.048 49.952
54 50 0.048 49.952
32 50 0.0048 49.9952
60 50 0.048 49.952
59 50 0.0048 49.9952
28 50 0.048 49.952
53 50 0.048 49.952
29 49.9952 0.048 49.9472
26 49.9716 0.0048 49.9668
33 49.9952 0.0048 49.9904
40 49.952 0.0048 49.9472
27 50 0.048 49.952
49 49.9952 0.048 49.9472
26 49.9668 0.0048 49.962
40 49.9472 0.0048 49.9424
63 50 0.048 49.952
46 50 0.048 49.952
43 50 0.0048 49.9952
58 50 0.048 49.952
50 50 0.048 49.952
50 49.952 0.0048 49.9472
50 49.9472 0.16 49.7872
50 49.7872 0.0016 49.7856
40 50 0.048 49.952
26 50 0.0048 49.9952
29 50 0.0048 49.9952
33 50 0.0048 49.9952
49 50 0.0048 49.9952
61 50 0.048 49.952
61 49.952 0.0048 49.9472
61 49.9472 0.16 49.7872
61 49.7872 0.0016 49.7856
57 50 0.048 49.952
52 50 0.048 49.952
48 50 0.048 49.952
54 50 0.048 49.952
32 50 0.0048 49.9952
60 50 0.048 49.952
59 50 0.0048 49.9952
28 50 0.048 49.952
53 50 0.048 49.952
58 50 0.0048 49.9952
29 49.9952 0.048 49.9472
26 49.9952 0.0048 49.9904
33 49.9952 0.0048 49.9904
40 49.952 0.0048 49.9472
27 50 0.048 49.952
49 49.9952 0.048 49.9472
40 49.9472 0.0048 49.9424
63 50 0.048 49.952
46 50 0.048 49.952
43 50 0.0048 49.9952
46 49.952 0.0048 49.9472
46 49.9472 0.16 49.7872
46 49.7872 0.0016 49.7856
58 49.9952 0.048 49.9472
53 50 0.0048 49.9952
40 50 0.048 49.952
26 50 0.0048 49.9952
33 50 0.0048 49.9952
49 50 0.0048 49.9952
57 50 0.048 49.952
52 50 0.048 49.952
48 50 0.048 49.952
54 50 0.048 49.952
48 49.952 0.0048 49.9472
60 50 0.048 49.952
60 49.952 0.0048 49.9472
60 49.9472 0.16 49.7872
60 49.7872 0.0016 49.7856
28 50 0.048 49.952
53 49.9952 0.048 49.9472
58 50 0.0048 49.9952
53 49.9472 0.0048 49.9424
53 49.9424 0.16 49.7824
53 49.7824 0.0016 49.7808
29 50 0.048 49.952
26 49.9952 0.0048 49.9904
33 49.9952 0.0048 49.9904
27 50 0.048 49.952
49 49.9952 0.048 49.9472
26 49.9904 0.0048 49.9856
40 49.952 0.0048 49.9472
63 50 0.048 49.952
58 49.9952 0.048 49.9472
53 50 0.0048 49.9952
58 49.9472 0.0048 49.9424
58 49.9424 0.16 49.7824
58 49.7824 0.0016 49.7808
40 50 0.048 49.952
40 49.952 0.0048 49.9472
40 49.9472 0.16 49.7872
40 49.7872 0.0016 49.7856
57 50 0.048 49.952
52 50 0.048 49.952
48 50 0.048 49.952
54 50 0.048 49.952
54 49.952 0.0048 49.9472
54 49.9472 0.16 49.7872
54 49.7872 0.0016 49.7856
34 50 0.0048 49.9952
48 49.952 0.0048 49.9472
28 50 0.048 49.952
28 49.952 0.0048 49.9472
28 49.9472 0.16 49.7872
28 49.7872 0.0016 49.7856
32 50 0.048 49.952
29 50 0.048 49.952
26 50 0.0048 49.9952
33 50 0.0048 49.9952
39 50 0.048 49.952
27 50 0.048 49.952
27 49.952 0.0048 49.9472
27 49.9472 0.16 49.7872
27 49.7872 0.0016 49.7856
49 50 0.048 49.952
26 49.9952 0.0048 49.9904
49 49.952 0.0048 49.9472
49 49.9472 0.16 49.7872
49 49.7872 0.0016 49.7856
63 50 0.048 49.952
57 50 0.048 49.952
52 50 0.048 49.952
48 50 0.048 49.952
34 50 0.0048 49.9952
48 49.952 0.0048 49.9472
57 49.952 0.0048 49.9472
32 50 0.048 49.952
25 50 0.048 49.952
29 50 0.048 49.952
26 50 0.0048 49.9952
40 49.9159 0.0048 49.9111
40 49.9111 0.048 49.8631
29 49.952 0.0096 49.9424
29 49.9424 0.16 49.7824
29 49.7824 0.0016 49.7808
39 50 0.048 49.952
63 50 0.048 49.952
57 50 0.048 49.952
52 50 0.048 49.952
52 49.952 0.0048 49.9472
52 49.9472 0.16 49.7872
52 49.7872 0.0016 49.7856
48 50 0.048 49.952
34 50 0.0048 49.9952
48 49.952 0.0048 49.9472
57 49.952 0.0048 49.9472
32 50 0.048 49.952
25 50 0.048 49.952
39 50 0.048 49.952
63 50 0.048 49.952
33 50 0.048 49.952
26 50 0.0048 49.9952
29 50 0.0048 49.9952
40 50 0.0048 49.9952
40 49.9952 0.048 49.9472
33 49.952 0.0048 49.9472
33 49.9472 0.16 49.7872
26 49.9952 0.016 49.9792
29 49.9952 0.016 49.9792
40 49.9472 0.016 49.9312
40 49.9312 0.016 49.9152
33 49.7872 0.0016 49.7856
40 49.9152 0.048 49.8672
26 49.9792 0.0048 49.9744
29 49.9792 0.0048 49.9744
33 49.7856 0.0048 49.7808
49 50 0.0048 49.9952
57 50 0.048 49.952
48 50 0.048 49.952
48 49.952 0.0048 49.9472
48 49.9472 0.16 49.7872
48 49.7872 0.0016 49.7856
34 50 0.0048 49.9952
57 49.952 0.0048 49.9472
32 50 0.048 49.952
25 50 0.048 49.952
39 50 0.048 49.952
63 50 0.048 49.952
40 50 0.048 49.952
26 50 0.0048 49.9952
29 50 0.0048 49.9952
57 50 0.048 49.952
57 49.952 0.0048 49.9472
32 50 0.048 49.952
25 50 0.048 49.952
39 50 0.048 49.952
63 50 0.048 49.952
37 50 0.048 49.952
37 49.952 0.0048 49.9472
37 49.9472 0.16 49.7872
37 49.7872 0.0016 49.7856
34 50 0.048 49.952
40 50 0.048 49.952
26 50 0.0048 49.9952
29 50 0.0048 49.9952
49 50 0.0048 49.9952
57 50 0.048 49.952
57 49.952 0.0048 49.9472
57 49.9472 0.16 49.7872
57 49.7872 0.0016 49.7856
62 50 0.0048 49.9952
32 50 0.048 49.952
25 50 0.048 49.952
39 50 0.048 49.952
63 50 0.048 49.952
34 50 0.048 49.952
40 50 0.048 49.952
26 50 0.0048 49.9952
29 50 0.0048 49.9952
49 50 0.0048 49.9952
62 50 0.0048 49.9952
32 50 0.048 49.952
25 50 0.048 49.952
25 49.952 0.0048 49.9472
25 49.9472 0.16 49.7872
25 49.7872 0.0016 49.7856
39 50 0.048 49.952
39 49.952 0.0048 49.9472
39 49.9472 0.16 49.7872
39 49.7872 0.0016 49.7856
63 50 0.048 49.952
34 50 0.048 49.952
40 50 0.048 49.952
49 50 0.0048 49.9952
35 50 0.0048 49.9952
42 50 0.0048 49.9952
62 50 0.0048 49.9952
32 50 0.048 49.952
63 50 0.048 49.952
34 50 0.048 49.952
40 50 0.048 49.952
26 50 0.0048 49.9952
33 50 0.0048 49.9952
49 50 0.0048 49.9952
35 50 0.0048 49.9952
42 50 0.0048 49.9952
55 50 0.0048 49.9952
61 50 0.0048 49.9952
62 50 0.0048 49.9952
32 50 0.048 49.952
63 50 0.048 49.952
34 50 0.048 49.952
45 50 0.048 49.952
40 50 0.048 49.952
33 50 0.0048 49.9952
35 50 0.0048 49.9952
42 50 0.0048 49.9952
55 50 0.0048 49.9952
61 50 0.0048 49.9952
44 50 0.048 49.952
43 50 0.048 49.952
46 50 0.0048 49.9952
32 50 0.048 49.952
63 50 0.048 49.952
34 50 0.048 49.952
45 50 0.048 49.952
40 50 0.048 49.952
33 50 0.0048 49.9952
35 50 0.0048 49.9952
42 50 0.0048 49.9952
55 50 0.0048 49.9952
61 50 0.0048 49.9952
44 50 0.048 49.952
43 50 0.048 49.952
46 50 0.0048 49.9952
32 50 0.048 49.952
63 50 0.048 49.952
34 50 0.048 49.952
45 50 0.048 49.952
40 50 0.048 49.952
33 50 0.0048 49.9952
55 50 0.048 49.952
42 50 0.0048 49.9952
31 50 0.0048 49.9952
38 50 0.0048 49.9952
55 49.952 0.0048 49.9472
61 50 0.0048 49.9952
44 50 0.048 49.952
43 50 0.048 49.952
32 50 0.048 49.952
63 50 0.048 49.952
34 50 0.048 49.952
45 50 0.048 49.952
40 50 0.048 49.952
49 50 0.0048 49.9952
55 50 0.048 49.952
31 50 0.0048 49.9952
38 50 0.0048 49.9952
45 50 0.0048 49.9952
44 50 0.048 49.952
44 49.952 0.0048 49.9472
44 49.9472 0.16 49.7872
44 49.7872 0.0016 49.7856
43 50 0.048 49.952
32 50 0.048 49.952
63 50 0.048 49.952
34 50 0.048 49.952
45 49.9952 0.048 49.9472
40 50 0.048 49.952
26 50 0.0048 49.9952
49 50 0.0048 49.9952
55 50 0.048 49.952
42 50 0.0048 49.9952
31 50 0.0048 49.9952
38 50 0.0048 49.9952
45 50 0.0048 49.9952
43 50 0.048 49.952
46 50 0.0048 49.9952
43 49.952 0.0048 49.9472
43 49.9472 0.16 49.7872
43 49.7872 0.0016 49.7856
32 50 0.048 49.952
63 50 0.048 49.952
34 50 0.048 49.952
51 50 0.048 49.952
64 50 0.0048 49.9952
45 49.9952 0.048 49.9472
40 50 0.048 49.952
26 50 0.0048 49.9952
33 50 0.0048 49.9952
55 50 0.048 49.952
42 50 0.0048 49.9952
31 50 0.0048 49.9952
38 50 0.0048 49.9952
45 50 0.0048 49.9952
32 50 0.048 49.952
63 50 0.048 49.952
34 50 0.048 49.952
34 49.952 0.0048 49.9472
34 49.9472 0.16 49.7872
34 49.7872 0.0016 49.7856
51 50 0.048 49.952
45 49.9952 0.048 49.9472
40 50 0.048 49.952
26 50 0.0048 49.9952
29 50 0.0048 49.9952
33 50 0.0048 49.9952
49 50 0.0048 49.9952
55 50 0.048 49.952
28 50 0.0048 49.9952
30 50 0.0048 49.9952
45 50 0.0048 49.9952
32 50 0.048 49.952
63 50 0.048 49.952
38 50 0.048 49.952
51 50 0.048 49.952
64 50 0.0048 49.9952
45 49.9952 0.048 49.9472
40 50 0.048 49.952
49 50 0.0048 49.9952
55 50 0.048 49.952
28 50 0.0048 49.9952
30 50 0.0048 49.9952
53 50 0.0048 49.9952
32 50 0.048 49.952
63 50 0.048 49.952
38 50 0.048 49.952
51 50 0.048 49.952
64 50 0.0048 49.9952
45 50 0.048 49.952
40 50 0.048 49.952
29 50 0.0048 49.9952
49 50 0.0048 49.9952
55 50 0.048 49.952
28 50 0.0048 49.9952
30 50 0.0048 49.9952
53 50 0.0048 49.9952
58 50 0.0048 49.9952
32 50 0.048 49.952
63 50 0.048 49.952
38 50 0.048 49.952
51 50 0.048 49.952
64 50 0.0048 49.9952
45 50 0.048 49.952
45 49.952 0.0048 49.9472
45 49.9472 0.16 49.7872
45 49.7872 0.0016 49.7856
40 50 0.048 49.952
26 50 0.0048 49.9952
49 50 0.0048 49.9952
55 50 0.048 49.952
55 49.952 0.0048 49.9472
55 49.9472 0.16 49.7872
55 49.7872 0.0016 49.7856
28 50 0.0048 49.9952
30 50 0.0048 49.9952
39 50 0.0048 49.9952
41 50 0.0048 49.9952
53 50 0.0048 49.9952
58 50 0.0048 49.9952
32 50 0.048 49.952
63 50 0.048 49.952
38 50 0.048 49.952
38 49.952 0.0048 49.9472
38 49.9472 0.16 49.7872
38 49.7872 0.0016 49.7856
56 50 0.048 49.952
51 50 0.048 49.952
64 50 0.0048 49.9952
40 50 0.048 49.952
26 50 0.0048 49.9952
49 50 0.0048 49.9952
28 50 0.0048 49.9952
39 50 0.0048 49.9952
41 50 0.0048 49.9952
52 50 0.0048 49.9952
53 50 0.0048 49.9952
58 50 0.0048 49.9952
41 49.9952 0.048 49.9472
32 50 0.048 49.952
32 49.952 0.0048 49.9472
32 49.9472 0.16 49.7872
32 49.7872 0.0016 49.7856
63 50 0.048 49.952
56 50 0.048 49.952
51 50 0.048 49.952
64 50 0.0048 49.9952
40 50 0.048 49.952
59 50 0.048 49.952
60 50 0.0048 49.9952
59 49.952 0.0048 49.9472
59 49.9472 0.16 49.7872
59 49.7872 0.0016 49.7856
39 50 0.0048 49.9952
41 50 0.0048 49.9952
52 50 0.0048 49.9952
58 50 0.0048 49.9952
41 49.9952 0.048 49.9472
63 50 0.048 49.952
56 50 0.048 49.952
51 50 0.048 49.952
40 50 0.048 49.952
26 50 0.0048 49.9952
49 50 0.0048 49.9952
40 49.952 0.0048 49.9472
40 49.9472 0.16 49.7872
40 49.7872 0.0016 49.7856
49 49.9952 0.048 49.9472
26 49.9952 0.0048 49.9904
40 49.7856 0.0048 49.7808
49 49.9472 0.0048 49.9424
49 49.9424 0.16 49.7824
49 49.7824 0.0016 49.7808
39 50 0.0048 49.9952
41 50 0.0048 49.9952
47 50 0.0048 49.9952
52 50 0.0048 49.9952
41 49.9952 0.048 49.9472
47 49.9952 0.048 49.9472
37 50 0.0048 49.9952
63 50 0.048 49.952
56 50 0.048 49.952
37 50 0.0048 49.9952
51 50 0.048 49.952
37 49.9952 0.0048 49.9904
47 50 0.0048 49.9952
52 50 0.0048 49.9952
56 50 0.0048 49.9952
41 50 0.048 49.952
47 49.9952 0.048 49.9472
63 50 0.048 49.952
56 49.9952 0.048 49.9472
51 50 0.048 49.952
64 50 0.0048 49.9952
61 50 0.048 49.952
37 50 0.0048 49.9952
47 50 0.0048 49.9952
56 50 0.0048 49.9952
41 50 0.048 49.952
47 49.9952 0.048 49.9472
37 49.9952 0.0048 49.9904
47 49.9472 0.0048 49.9424
47 49.9424 0.16 49.7824
47 49.7824 0.0016 49.7808
52 50 0.048 49.952
63 50 0.048 49.952
36 50 0.048 49.952
56 49.9952 0.048 49.9472
51 50 0.048 49.952
61 50 0.048 49.952
27 50 0.0048 49.9952
37 50 0.0048 49.9952
47 50 0.0048 49.9952
56 50 0.0048 49.9952
41 50 0.048 49.952
52 50 0.048 49.952
63 50 0.048 49.952
36 50 0.048 49.952
56 49.9952 0.048 49.9472
51 50 0.048 49.952
64 50 0.0048 49.9952
61 50 0.048 49.952
27 50 0.0048 49.9952
37 50 0.0048 49.9952
44 50 0.0048 49.9952
47 50 0.0048 49.9952
56 50 0.0048 49.9952
41 50 0.048 49.952
52 50 0.048 49.952
52 49.952 0.0048 49.9472
52 49.9472 0.16 49.7872
52 49.7872 0.0016 49.7856
63 50 0.048 49.952
36 50 0.048 49.952
56 49.9952 0.048 49.9472
51 50 0.048 49.952
61 50 0.048 49.952
27 50 0.0048 49.9952
44 50 0.0048 49.9952
51 49.952 0.0048 49.9472
64 50 0.0048 49.9952
41 50 0.048 49.952
63 50 0.048 49.952
36 50 0.048 49.952
36 49.952 0.0048 49.9472
36 49.9472 0.16 49.7872
36 49.7872 0.0016 49.7856
56 50 0.048 49.952
37 50 0.0048 49.9952
51 50 0.048 49.952
61 50 0.048 49.952
27 50 0.0048 49.9952
44 50 0.0048 49.9952
51 49.952 0.0048 49.9472
64 50 0.0048 49.9952
41 50 0.048 49.952
63 50 0.048 49.952
56 50 0.048 49.952
53 50 0.048 49.952
58 50 0.0048 49.9952
58 49.9952 0.048 49.9472
53 49.952 0.0048 49.9472
53 49.9472 0.16 49.7872
58 49.9472 0.016 49.9312
58 49.9312 0.016 49.9152
53 49.7872 0.0016 49.7856
58 49.9152 0.048 49.8672
53 49.7856 0.0048 49.7808
40 50 0.048 49.952
26 50 0.0048 49.9952
49 50 0.0048 49.9952
51 50 0.048 49.952
61 50 0.048 49.952
25 50 0.0048 49.9952
44 50 0.0048 49.9952
51 49.952 0.0048 49.9472
64 50 0.0048 49.9952
54 50 0.048 49.952
41 50 0.048 49.952
41 49.952 0.0048 49.9472
41 49.9472 0.16 49.7872
41 49.7872 0.0016 49.7856
63 50 0.048 49.952
56 50 0.048 49.952
58 50 0.048 49.952
53 49.9136 0.0048 49.9088
40 50 0.048 49.952
26 50 0.0048 49.9952
29 50 0.0048 49.9952
49 50 0.0048 49.9952
51 50 0.048 49.952
64 50 0.0048 49.9952
61 50 0.048 49.952
25 50 0.0048 49.9952
51 49.952 0.0048 49.9472
64 49.9952 0.0048 49.9904
54 50 0.048 49.952
63 50 0.048 49.952
56 50 0.048 49.952
58 50 0.048 49.952
53 50 0.0048 49.9952
40 50 0.048 49.952
26 50 0.0048 49.9952
49 50 0.0048 49.9952
51 50 0.048 49.952
61 50 0.048 49.952
25 50 0.0048 49.9952
64 50 0.0048 49.9952
54 50 0.048 49.952
54 49.952 0.0048 49.9472
54 49.9472 0.16 49.7872
54 49.7872 0.0016 49.7856
63 50 0.048 49.952
56 50 0.048 49.952
56 49.952 0.0048 49.9472
56 49.9472 0.16 49.7872
56 49.7872 0.0016 49.7856
58 50 0.048 49.952
53 50 0.0048 49.9952
40 50 0.048 49.952
26 50 0.0048 49.9952
49 50 0.0048 49.9952
51 50 0.048 49.952
42 50 0.048 49.952
55 50 0.0048 49.9952
55 49.9952 0.048 49.9472
42 49.952 0.0048 49.9472
42 49.9472 0.16 49.7872
55 49.9472 0.016 49.9312
55 49.9312 0.016 49.9152
42 49.7872 0.0016 49.7856
55 49.9152 0.048 49.8672
42 49.7856 0.0048 49.7808
61 50 0.048 49.952
25 50 0.0048 49.9952
63 50 0.0048 49.9952
35 50 0.048 49.952
35 49.952 0.0048 49.9472
35 49.9472 0.16 49.7872
35 49.7872 0.0016 49.7856
63 49.9952 0.048 49.9472
26 50 0.048 49.952
40 50 0.0048 49.9952
49 49.9952 0.0048 49.9904
49 49.9904 0.048 49.9424
26 49.952 0.0048 49.9472
26 49.9472 0.16 49.7872
40 49.9952 0.016 49.9792
49 49.9424 0.016 49.9264
49 49.9264 0.016 49.9104
26 49.7872 0.0016 49.7856
49 49.9104 0.048 49.8624
26 49.7856 0.0048 49.7808
40 49.9792 0.0048 49.9744
58 50 0.048 49.952
53 50 0.0048 49.9952
40 49.9744 0.048 49.9264
26 49.7808 0.0048 49.776
49 50 0.0048 49.9952
62 50 0.048 49.952
62 49.952 0.0048 49.9472
62 49.9472 0.16 49.7872
62 49.7872 0.0016 49.7856
51 50 0.048 49.952
64 50 0.0048 49.9952
64 49.9952 0.048 49.9472
51 49.952 0.0048 49.9472
51 49.9472 0.16 49.7872
64 49.9472 0.016 49.9312
64 49.9312 0.016 49.9152
51 49.7872 0.0016 49.7856
64 49.9152 0.048 49.8672
51 49.7856 0.0048 49.7808
55 50 0.048 49.952
42 50 0.0048 49.9952
61 50 0.048 49.952
63 50 0.0048 49.9952
63 49.9952 0.048 49.9472
49 49.9952 0.048 49.9472
26 50 0.0048 49.9952
40 50 0.0048 49.9952
58 50 0.048 49.952
53 50 0.0048 49.9952
40 49.9952 0.048 49.9472
49 50 0.0048 49.9952
64 50 0.048 49.952
51 50 0.0048 49.9952
55 50 0.048 49.952
61 50 0.0048 49.9952
61 49.9952 0.048 49.9472
55 49.952 0.0048 49.9472
36 50 0.0048 49.9952
63 50 0.0048 49.9952
63 49.9952 0.048 49.9472
31 50 0.048 49.952
38 50 0.0048 49.9952
49 49.9952 0.048 49.9472
49 49.9472 0.0048 49.9424
49 49.9424 0.16 49.7824
49 49.7824 0.0016 49.7808
58 50 0.048 49.952
53 50 0.0048 49.9952
40 50 0.048 49.952
26 50 0.0048 49.9952
64 50 0.048 49.952
51 50 0.0048 49.9952
55 50 0.048 49.952
61 50 0.048 49.952
36 50 0.0048 49.9952
50 50 0.0048 49.9952
63 50 0.0048 49.9952
63 49.9952 0.048 49.9472
31 50 0.048 49.952
38 50 0.0048 49.9952
46 50 0.048 49.952
43 50 0.0048 49.9952
58 50 0.048 49.952
53 50 0.0048 49.9952
40 50 0.048 49.952
64 50 0.048 49.952
51 50 0.0048 49.9952
55 50 0.048 49.952
42 50 0.0048 49.9952
61 50 0.048 49.952
36 50 0.0048 49.9952
50 50 0.0048 49.9952
63 50 0.048 49.952
31 50 0.048 49.952
38 50 0.0048 49.9952
31 49.952 0.0048 49.9472
31 49.9472 0.16 49.7872
31 49.7872 0.0016 49.7856
30 50 0.048 49.952
46 50 0.048 49.952
43 50 0.0048 49.9952
58 50 0.048 49.952
53 50 0.0048 49.9952
40 50 0.048 49.952
26 50 0.0048 49.9952
49 50 0.0048 49.9952
40 49.952 0.0048 49.9472
40 49.9472 0.16 49.7872
40 49.7872 0.0016 49.7856
64 50 0.048 49.952
55 50 0.048 49.952
61 50 0.048 49.952
50 50 0.048 49.952
36 50 0.0048 49.9952
50 49.952 0.0048 49.9472
63 50 0.048 49.952
30 50 0.048 49.952
46 50 0.048 49.952
43 50 0.0048 49.9952
58 50 0.048 49.952
53 50 0.0048 49.9952
64 50 0.048 49.952
51 50 0.0048 49.9952
55 50 0.048 49.952
42 50 0.0048 49.9952
61 50 0.048 49.952
50 50 0.048 49.952
50 49.952 0.0048 49.9472
37 50 0.048 49.952
47 50 0.0048 49.9952
63 50 0.048 49.952
30 50 0.048 49.952
30 49.952 0.0048 49.9472
30 49.9472 0.16 49.7872
30 49.7872 0.0016 49.7856
46 50 0.048 49.952
58 50 0.048 49.952
53 50 0.0048 49.9952
64 50 0.048 49.952
55 50 0.048 49.952
61 50 0.048 49.952
50 50 0.048 49.952
37 50 0.048 49.952
47 50 0.0048 49.9952
37 49.952 0.0048 49.9472
37 49.9472 0.16 49.7872
37 49.7872 0.0016 49.7856
63 50 0.048 49.952
46 50 0.048 49.952
58 50 0.048 49.952
53 50 0.0048 49.9952
64 50 0.048 49.952
51 50 0.0048 49.9952
55 50 0.048 49.952
61 50 0.048 49.952
61 49.952 0.0048 49.9472
61 49.9472 0.16 49.7872
61 49.7872 0.0016 49.7856
50 50 0.048 49.952
43 50 0.0048 49.9952
46 50 0.0048 49.9952
28 50 0.048 49.952
63 50 0.048 49.952
46 49.9952 0.048 49.9472
43 49.9952 0.0048 49.9904
58 50 0.048 49.952
53 50 0.0048 49.9952
64 50 0.048 49.952
51 50 0.0048 49.9952
55 50 0.048 49.952
50 50 0.048 49.952
43 50 0.0048 49.9952
46 50 0.0048 49.9952
28 50 0.048 49.952
63 50 0.048 49.952
46 49.9952 0.048 49.9472
43 49.9952 0.0048 49.9904
58 50 0.048 49.952
53 50 0.0048 49.9952
64 50 0.048 49.952
51 50 0.0048 49.9952
55 50 0.048 49.952
42 50 0.0048 49.9952
50 50 0.048 49.952
43 50 0.0048 49.9952
46 50 0.0048 49.9952
54 50 0.0048 49.9952
28 50 0.048 49.952
63 50 0.048 49.952
33 50 0.048 49.952
29 50 0.0048 49.9952
33 49.952 0.0048 49.9472
33 49.9472 0.16 49.7872
33 49.7872 0.0016 49.7856
46 49.9952 0.048 49.9472
58 50 0.048 49.952
53 50 0.0048 49.9952
64 50 0.048 49.952
51 50 0.0048 49.9952
55 50 0.048 49.952
42 50 0.0048 49.9952
50 50 0.048 49.952
50 49.952 0.0048 49.9472
50 49.9472 0.16 49.7872
50 49.7872 0.0016 49.7856
26 50 0.0048 49.9952
29 50 0.0048 49.9952
33 50 0.0048 49.9952
43 50 0.0048 49.9952
46 50 0.0048 49.9952
54 50 0.0048 49.9952
28 50 0.048 49.952
63 50 0.048 49.952
46 49.9952 0.048 49.9472
43 49.9952 0.0048 49.9904
46 49.9472 0.0048 49.9424
46 49.9424 0.16 49.7824
46 49.7824 0.0016 49.7808
58 50 0.048 49.952
53 50 0.0048 49.9952
64 50 0.048 49.952
51 50 0.0048 49.9952
55 50 0.048 49.952
42 50 0.0048 49.9952
61 50 0.0048 49.9952
48 50 0.048 49.952
26 50 0.0048 49.9952
29 50 0.0048 49.9952
33 50 0.0048 49.9952
40 50 0.0048 49.9952
49 50 0.0048 49.9952
54 50 0.0048 49.9952
28 50 0.048 49.952
59 50 0.048 49.952
63 50 0.048 49.952
58 50 0.048 49.952
53 50 0.0048 49.9952
64 50 0.048 49.952
55 50 0.048 49.952
42 50 0.0048 49.9952
61 50 0.0048 49.9952
48 50 0.048 49.952
26 50 0.0048 49.9952
29 50 0.0048 49.9952
33 50 0.0048 49.9952
40 50 0.0048 49.9952
49 50 0.0048 49.9952
54 50 0.0048 49.9952
28 50 0.048 49.952
59 50 0.048 49.952
60 50 0.0048 49.9952
63 50 0.048 49.952
58 50 0.048 49.952
53 50 0.0048 49.9952
64 50 0.048 49.952
27 50 0.048 49.952
55 50 0.048 49.952
42 50 0.0048 49.9952
61 50 0.0048 49.9952
48 50 0.048 49.952
60 50 0.048 49.952
60 49.952 0.0048 49.9472
60 49.9472 0.16 49.7872
60 49.7872 0.0016 49.7856
26 50 0.0048 49.9952
29 50 0.0048 49.9952
33 50 0.0048 49.9952
40 50 0.0048 49.9952
49 50 0.0048 49.9952
60 49.7856 0.0048 49.7808
49 49.9952 0.048 49.9472
29 49.9952 0.0048 49.9904
40 49.9952 0.0048 49.9904
28 50 0.048 49.952
29 49.9904 0.048 49.9424
26 49.9952 0.0048 49.9904
33 49.9952 0.0048 49.9904
59 50 0.048 49.952
63 50 0.048 49.952
58 50 0.048 49.952
53 50 0.0048 49.9952
64 50 0.048 49.952
27 50 0.048 49.952
55 50 0.048 49.952
48 50 0.048 49.952
40 50 0.0048 49.9952
49 50 0.0048 49.9952
59 50 0.0048 49.9952
60 49.8901 0.0048 49.8853
49 49.9952 0.048 49.9472
40 49.9952 0.0048 49.9904
49 49.9472 0.0048 49.9424
49 49.9424 0.16 49.7824
49 49.7824 0.0016 49.7808
28 50 0.048 49.952
28 49.952 0.0048 49.9472
28 49.9472 0.16 49.7872
28 49.7872 0.0016 49.7856
29 50 0.048 49.952
26 50 0.0048 49.9952
33 50 0.0048 49.9952
59 49.9952 0.048 49.9472
63 50 0.048 49.952
58 50 0.048 49.952
53 50 0.0048 49.9952
64 50 0.048 49.952
51 50 0.0048 49.9952
64 49.952 0.0048 49.9472
64 49.9472 0.16 49.7872
64 49.7872 0.0016 49.7856
27 50 0.048 49.952
55 50 0.048 49.952
42 50 0.0048 49.9952
55 49.952 0.0048 49.9472
55 49.9472 0.16 49.7872
55 49.7872 0.0016 49.7856
48 50 0.048 49.952
48 49.952 0.0048 49.9472
48 49.9472 0.16 49.7872
48 49.7872 0.0016 49.7856
32 50 0.0048 49.9952
59 50 0.0048 49.9952
60 50 0.0048 49.9952
29 50 0.048 49.952
26 50 0.0048 49.9952
59 49.9952 0.048 49.9472
63 50 0.048 49.952
44 50 0.048 49.952
58 50 0.048 49.952
27 50 0.048 49.952
32 50 0.0048 49.9952
59 50 0.0048 49.9952
60 50 0.0048 49.9952
29 50 0.048 49.952
26 50 0.0048 49.9952
29 49.952 0.0048 49.9472
29 49.9472 0.16 49.7872
29 49.7872 0.0016 49.7856
59 49.9952 0.048 49.9472
60 49.9952 0.0048 49.9904
63 50 0.048 49.952
44 50 0.048 49.952
25 50 0.048 49.952
39 50 0.048 49.952
58 50 0.048 49.952
27 50 0.048 49.952
32 50 0.0048 49.9952
59 50 0.0048 49.9952
60 50 0.0048 49.9952
59 49.9952 0.048 49.9472
60 49.9952 0.0048 49.9904
59 49.9472 0.0048 49.9424
59 49.9424 0.16 49.7824
59 49.7824 0.0016 49.7808
63 50 0.048 49.952
57 50 0.048 49.952
44 50 0.048 49.952
25 50 0.048 49.952
39 50 0.048 49.952
58 50 0.048 49.952
58 49.952 0.0048 49.9472
58 49.9472 0.16 49.7872
58 49.7872 0.0016 49.7856
27 50 0.048 49.952
32 50 0.0048 49.9952
63 50 0.048 49.952
57 50 0.048 49.952
44 50 0.048 49.952
25 50 0.048 49.952
39 50 0.048 49.952
27 50 0.048 49.952
27 49.952 0.0048 49.9472
27 49.9472 0.16 49.7872
27 49.7872 0.0016 49.7856
48 50 0.0048 49.9952
63 50 0.048 49.952
57 50 0.048 49.952
44 50 0.048 49.952
25 50 0.048 49.952
39 50 0.048 49.952
41 50 0.0048 49.9952
48 50 0.0048 49.9952
63 50 0.048 49.952
57 50 0.048 49.952
44 50 0.048 49.952
25 50 0.048 49.952
25 49.952 0.0048 49.9472
25 49.9472 0.16 49.7872
25 49.7872 0.0016 49.7856
39 50 0.048 49.952
41 50 0.0048 49.9952
45 50 0.048 49.952
34 50 0.0048 49.9952
48 50 0.0048 49.9952
63 50 0.048 49.952
57 50 0.048 49.952
44 50 0.048 49.952
39 50 0.048 49.952
45 50 0.048 49.952
34 50 0.0048 49.9952
48 50 0.0048 49.9952
57 50 0.0048 49.9952
63 50 0.048 49.952
57 49.9952 0.048 49.9472
44 50 0.048 49.952
39 50 0.048 49.952
39 49.952 0.0048 49.9472
39 49.9472 0.16 49.7872
39 49.7872 0.0016 49.7856
45 50 0.048 49.952
34 50 0.0048 49.9952
57 50 0.0048 49.9952
63 50 0.048 49.952
57 49.9952 0.048 49.9472
44 50 0.048 49.952
45 50 0.048 49.952
34 50 0.0048 49.9952
57 50 0.0048 49.9952
63 50 0.048 49.952
57 49.9952 0.048 49.9472
44 50 0.048 49.952
45 50 0.048 49.952
57 50 0.0048 49.9952
62 50 0.0048 49.9952
43 50 0.048 49.952
63 50 0.048 49.952
47 50 0.048 49.952
37 50 0.0048 49.9952
57 49.9952 0.048 49.9472
44 50 0.048 49.952
45 50 0.048 49.952
62 50 0.0048 49.9952
43 50 0.048 49.952
63 50 0.048 49.952
63 49.952 0.0048 49.9472
63 49.9472 0.16 49.7872
63 49.7872 0.0016 49.7856
47 50 0.048 49.952
37 50 0.0048 49.9952
57 50 0.048 49.952
44 50 0.048 49.952
45 50 0.048 49.952
35 50 0.0048 49.9952
62 50 0.0048 49.9952
43 50 0.048 49.952
46 50 0.0048 49.9952
47 50 0.048 49.952
37 50 0.0048 49.9952
57 50 0.048 49.952
57 49.952 0.0048 49.9472
57 49.9472 0.16 49.7872
57 49.7872 0.0016 49.7856
44 50 0.048 49.952
56 50 0.048 49.952
45 50 0.048 49.952
35 50 0.0048 49.9952
42 50 0.0048 49.9952
55 50 0.0048 49.9952
62 50 0.0048 49.9952
43 50 0.048 49.952
46 50 0.0048 49.9952
47 50 0.048 49.952
37 50 0.0048 49.9952
44 50 0.048 49.952
31 50 0.048 49.952
31 49.952 0.0048 49.9472
31 49.9472 0.16 49.7872
31 49.7872 0.0016 49.7856
56 50 0.048 49.952
45 50 0.048 49.952
35 50 0.0048 49.9952
42 50 0.0048 49.9952
55 50 0.0048 49.9952
61 50 0.0048 49.9952
62 50 0.0048 49.9952
43 50 0.048 49.952
46 50 0.0048 49.9952
34 50 0.048 49.952
47 50 0.048 49.952
37 50 0.0048 49.9952
44 50 0.048 49.952
56 50 0.048 49.952
41 50 0.048 49.952
41 49.952 0.0048 49.9472
41 49.9472 0.16 49.7872
41 49.7872 0.0016 49.7856
45 50 0.048 49.952
35 50 0.0048 49.9952
42 50 0.0048 49.9952
55 50 0.0048 49.9952
61 50 0.0048 49.9952
43 50 0.048 49.952
46 50 0.0048 49.9952
34 50 0.048 49.952
47 50 0.048 49.952
44 50 0.048 49.952
56 50 0.048 49.952
45 50 0.048 49.952
35 50 0.048 49.952
35 49.952 0.0048 49.9472
35 49.9472 0.16 49.7872
35 49.7872 0.0016 49.7856
31 50 0.0048 49.9952
38 50 0.0048 49.9952
42 50 0.0048 49.9952
55 50 0.0048 49.9952
61 50 0.0048 49.9952
43 50 0.048 49.952
34 50 0.048 49.952
47 50 0.048 49.952
47 49.952 0.0048 49.9472
47 49.9472 0.16 49.7872
47 49.7872 0.0016 49.7856
44 50 0.048 49.952
56 50 0.048 49.952
45 50 0.048 49.952
30 50 0.048 49.952
31 50 0.0048 49.9952
38 50 0.0048 49.9952
61 50 0.0048 49.9952
43 50 0.048 49.952
34 50 0.048 49.952
44 50 0.048 49.952
56 50 0.048 49.952
47 50 0.0048 49.9952
45 50 0.048 49.952
30 50 0.048 49.952
31 50 0.0048 49.9952
38 50 0.0048 49.9952
45 50 0.0048 49.9952
43 50 0.048 49.952
34 50 0.048 49.952
44 50 0.048 49.952
56 50 0.048 49.952
47 50 0.0048 49.9952
45 49.9952 0.048 49.9472
30 50 0.048 49.952
30 49.952 0.0048 49.9472
30 49.9472 0.16 49.7872
30 49.7872 0.0016 49.7856
31 50 0.0048 49.9952
38 50 0.0048 49.9952
45 50 0.0048 49.9952
43 50 0.048 49.952
34 50 0.048 49.952
53 50 0.048 49.952
58 50 0.0048 49.9952
58 49.9952 0.048 49.9472
53 49.952 0.0096 49.9424
53 49.9424 0.16 49.7824
53 49.7824 0.0016 49.7808
44 50 0.048 49.952
56 50 0.048 49.952
38 49.9952 0.048 49.9472
31 49.9952 0.0048 49.9904
62 50 0.048 49.952
45 49.9952 0.048 49.9472
30 49.9753 0.0048 49.9705
45 50 0.0048 49.9952
43 50 0.048 49.952
46 50 0.0048 49.9952
34 50 0.048 49.952
44 50 0.048 49.952
56 50 0.048 49.952
37 50 0.0048 49.9952
38 50 0.048 49.952
62 50 0.048 49.952
32 50 0.048 49.952
45 49.9952 0.048 49.9472
28 50 0.0048 49.9952
30 50 0.0048 49.9952
45 50 0.0048 49.9952
43 50 0.048 49.952
46 50 0.0048 49.9952
34 50 0.048 49.952
44 50 0.048 49.952
56 50 0.048 49.952
37 50 0.0048 49.9952
47 50 0.0048 49.9952
38 50 0.048 49.952
62 50 0.048 49.952
32 50 0.048 49.952
45 49.9952 0.048 49.9472
28 50 0.0048 49.9952
30 50 0.0048 49.9952
53 50 0.0048 49.9952
43 50 0.048 49.952
46 50 0.0048 49.9952
34 50 0.048 49.952
28 49.9952 0.048 49.9472
44 50 0.048 49.952
56 50 0.048 49.952
37 50 0.0048 49.9952
47 50 0.0048 49.9952
38 50 0.048 49.952
62 50 0.048 49.952
62 49.952 0.0048 49.9472
62 49.9472 0.16 49.7872
62 49.7872 0.0016 49.7856
32 50 0.048 49.952
32 49.952 0.0048 49.9472
32 49.9472 0.16 49.7872
32 49.7872 0.0016 49.7856
33 50 0.048 49.952
29 50 0.0048 49.9952
45 50 0.048 49.952
28 50 0.0048 49.9952
30 50 0.0048 49.9952
39 50 0.0048 49.9952
53 50 0.0048 49.9952
58 50 0.0048 49.9952
43 50 0.048 49.952
46 50 0.0048 49.9952
49 50 0.048 49.952
40 50 0.0048 49.9952
34 50 0.048 49.952
28 49.9952 0.048 49.9472
44 50 0.048 49.952
56 50 0.048 49.952
38 50 0.048 49.952
54 50 0.048 49.952
33 50 0.048 49.952
33 49.952 0.0048 49.9472
33 49.9472 0.16 49.7872
33 49.7872 0.0016 49.7856
45 50 0.048 49.952
28 50 0.0048 49.9952
39 50 0.0048 49.9952
41 50 0.0048 49.9952
53 50 0.0048 49.9952
58 50 0.0048 49.9952
43 50 0.048 49.952
46 50 0.0048 49.9952
49 50 0.048 49.952
26 50 0.048 49.952
29 50 0.0048 49.9952
34 50 0.048 49.952
34 49.952 0.0048 49.9472
34 49.9472 0.16 49.7872
34 49.7872 0.0016 49.7856
28 49.9952 0.048 49.9472
44 50 0.048 49.952
56 50 0.048 49.952
38 50 0.048 49.952
54 50 0.048 49.952
54 49.952 0.0048 49.9472
54 49.9472 0.16 49.7872
54 49.7872 0.0016 49.7856
45 50 0.048 49.952
50 50 0.048 49.952
52 50 0.048 49.952
39 50 0.0048 49.9952
41 50 0.0048 49.9952
52 49.952 0.0048 49.9472
53 50 0.0048 49.9952
58 50 0.0048 49.9952
43 50 0.048 49.952
46 50 0.0048 49.9952
43 49.952 0.0048 49.9472
43 49.9472 0.16 49.7872
43 49.7872 0.0016 49.7856
49 50 0.048 49.952
29 50 0.0048 49.9952
26 50 0.048 49.952
33 50 0.0048 49.9952
46 49.9952 0.048 49.9472
43 49.7856 0.0048 49.7808
28 50 0.048 49.952
36 50 0.048 49.952
36 49.952 0.0048 49.9472
36 49.9472 0.16 49.7872
36 49.7872 0.0016 49.7856
44 50 0.048 49.952
56 50 0.048 49.952
56 49.952 0.0048 49.9472
56 49.9472 0.16 49.7872
56 49.7872 0.0016 49.7856
38 50 0.048 49.952
45 50 0.048 49.952
50 50 0.048 49.952
52 50 0.048 49.952
39 50 0.0048 49.9952
41 50 0.0048 49.9952
52 49.952 0.0048 49.9472
58 50 0.0048 49.9952
49 50 0.048 49.952
26 50 0.048 49.952
26 49.952 0.0048 49.9472
26 49.9472 0.16 49.7872
26 49.7872 0.0016 49.7856
46 50 0.048 49.952
43 50 0.0048 49.9952
28 50 0.048 49.952
44 50 0.048 49.952
38 50 0.048 49.952
45 50 0.048 49.952
50 50 0.048 49.952
52 50 0.048 49.952
37 50 0.0048 49.9952
41 50 0.0048 49.9952
52 49.952 0.0048 49.9472
49 50 0.048 49.952
29 50 0.0048 49.9952
46 50 0.048 49.952
43 50 0.0048 49.9952
28 50 0.048 49.952
44 50 0.048 49.952
38 50 0.048 49.952
31 50 0.0048 49.9952
45 50 0.048 49.952
45 49.952 0.0048 49.9472
45 49.9472 0.16 49.7872
45 49.7872 0.0016 49.7856
50 50 0.048 49.952
52 50 0.048 49.952
42 50 0.048 49.952
55 50 0.0048 49.9952
37 50 0.0048 49.9952
47 50 0.0048 49.9952
52 49.952 0.0048 49.9472
56 50 0.0048 49.9952
49 50 0.048 49.952
29 50 0.0048 49.9952
40 50 0.0048 49.9952
46 50 0.048 49.952
43 50 0.0048 49.9952
28 50 0.048 49.952
44 50 0.048 49.952
38 50 0.048 49.952
31 50 0.0048 49.9952
50 50 0.048 49.952
52 50 0.048 49.952
27 50 0.048 49.952
27 49.952 0.0048 49.9472
27 49.9472 0.16 49.7872
27 49.7872 0.0016 49.7856
42 50 0.048 49.952
55 50 0.0048 49.9952
27 49.7856 0.0048 49.7808
37 50 0.0048 49.9952
47 50 0.0048 49.9952
56 50 0.0048 49.9952
49 50 0.048 49.952
46 50 0.048 49.952
43 50 0.0048 49.9952
28 50 0.048 49.952
44 50 0.048 49.952
38 50 0.048 49.952
31 50 0.0048 49.9952
50 50 0.048 49.952
52 50 0.048 49.952
42 50 0.048 49.952
55 50 0.0048 49.9952
27 49.9321 0.0048 49.9273
37 50 0.0048 49.9952
47 50 0.0048 49.9952
56 50 0.0048 49.9952
49 50 0.048 49.952
46 50 0.048 49.952
43 50 0.0048 49.9952
28 50 0.048 49.952
44 50 0.048 49.952
38 50 0.048 49.952
50 50 0.048 49.952
50 49.952 0.0048 49.9472
50 49.9472 0.16 49.7872
50 49.7872 0.0016 49.7856
52 50 0.048 49.952
42 50 0.048 49.952
42 49.952 0.0048 49.9472
42 49.9472 0.16 49.7872
42 49.7872 0.0016 49.7856
27 50 0.0048 49.9952
44 49.952 0.0048 49.9472
47 50 0.0048 49.9952
56 50 0.0048 49.9952
49 50 0.048 49.952
29 50 0.0048 49.9952
61 50 0.048 49.952
46 50 0.048 49.952
43 50 0.0048 49.9952
28 50 0.048 49.952
44 50 0.048 49.952
38 50 0.048 49.952
25 50 0.048 49.952
52 50 0.048 49.952
27 50 0.0048 49.9952
44 49.952 0.0048 49.9472
51 50 0.0048 49.9952
64 50 0.0048 49.9952
49 50 0.048 49.952
29 50 0.0048 49.9952
40 50 0.0048 49.9952
61 50 0.048 49.952
55 50 0.0048 49.9952
61 49.952 0.0048 49.9472
61 49.9472 0.16 49.7872
61 49.7872 0.0016 49.7856
46 50 0.048 49.952
43 50 0.0048 49.9952
28 50 0.048 49.952
51 50 0.048 49.952
44 50 0.048 49.952
44 49.952 0.0048 49.9472
44 49.9472 0.16 49.7872
44 49.7872 0.0016 49.7856
38 50 0.048 49.952
38 49.952 0.0048 49.9472
38 49.9472 0.16 49.7872
38 49.7872 0.0016 49.7856
25 50 0.048 49.952
25 49.952 0.0048 49.9472
25 49.9472 0.16 49.7872
25 49.7872 0.0016 49.7856
52 50 0.048 49.952
25 49.7856 0.0048 49.7808
44 49.7856 0.0048 49.7808
51 49.952 0.0048 49.9472
64 50 0.0048 49.9952
49 50 0.048 49.952
29 50 0.0048 49.9952
40 50 0.0048 49.9952
46 50 0.048 49.952
28 50 0.048 49.952
28 49.952 0.0048 49.9472
28 49.9472 0.16 49.7872
28 49.7872 0.0016 49.7856
51 50 0.048 49.952
52 50 0.048 49.952
25 50 0.0048 49.9952
44 50 0.0048 49.9952
51 49.952 0.0048 49.9472
64 50 0.0048 49.9952
49 50 0.048 49.952
26 50 0.0048 49.9952
29 50 0.0048 49.9952
46 50 0.048 49.952
43 50 0.0048 49.9952
51 50 0.048 49.952
64 49.9952 0.0048 49.9904
40 50 0.048 49.952
29 50 0.0048 49.9952
49 50 0.0048 49.9952
52 50 0.048 49.952
58 50 0.048 49.952
53 50 0.0048 49.9952
58 49.952 0.0048 49.9472
58 49.9472 0.16 49.7872
58 49.7872 0.0016 49.7856
25 50 0.0048 49.9952
51 49.952 0.0048 49.9472
64 50 0.0048 49.9952
49 49.9952 0.048 49.9472
26 50 0.0048 49.9952
29 49.9952 0.0048 49.9904
40 49.952 0.0048 49.9472
46 50 0.048 49.952
43 50 0.0048 49.9952
51 50 0.048 49.952
64 49.9952 0.0048 49.9904
40 50 0.048 49.952
52 50 0.048 49.952
25 50 0.0048 49.9952
49 50 0.048 49.952
29 50 0.0048 49.9952
46 50 0.048 49.952
37 50 0.048 49.952
51 50 0.048 49.952
64 50 0.0048 49.9952
40 50 0.048 49.952
52 50 0.048 49.952
63 50 0.0048 49.9952
49 50 0.048 49.952
29 50 0.0048 49.9952
49 49.952 0.0048 49.9472
49 49.9472 0.16 49.7872
49 49.7872 0.0016 49.7856
63 49.9952 0.048 49.9472
47 50 0.048 49.952
56 50 0.0048 49.9952
46 50 0.048 49.952
37 50 0.048 49.952
37 49.952 0.0048 49.9472
37 49.9472 0.16 49.7872
37 49.7872 0.0016 49.7856
51 50 0.048 49.952
40 50 0.048 49.952
52 50 0.048 49.952
63 50 0.0048 49.9952
63 49.9952 0.048 49.9472
47 50 0.048 49.952
56 50 0.0048 49.9952
46 50 0.048 49.952
51 50 0.048 49.952
40 50 0.048 49.952
52 50 0.048 49.952
36 50 0.0048 49.9952
50 50 0.0048 49.9952
63 50 0.0048 49.9952
63 49.9952 0.048 49.9472
47 50 0.048 49.952
46 50 0.048 49.952
43 50 0.0048 49.9952
51 50 0.048 49.952
64 50 0.0048 49.9952
40 50 0.048 49.952
52 50 0.048 49.952
36 50 0.0048 49.9952
50 50 0.0048 49.9952
63 50 0.0048 49.9952
63 49.9952 0.048 49.9472
47 50 0.048 49.952
37 50 0.0048 49.9952
56 50 0.0048 49.9952
46 50 0.048 49.952
43 50 0.0048 49.9952
51 50 0.048 49.952
64 50 0.0048 49.9952
40 50 0.048 49.952
52 50 0.048 49.952
36 50 0.0048 49.9952
50 50 0.0048 49.9952
63 50 0.048 49.952
47 50 0.048 49.952
37 50 0.0048 49.9952
56 50 0.0048 49.9952
46 50 0.048 49.952
43 50 0.0048 49.9952
51 50 0.048 49.952
64 50 0.0048 49.9952
40 50 0.048 49.952
29 50 0.0048 49.9952
52 50 0.048 49.952
36 50 0.0048 49.9952
50 50 0.0048 49.9952
63 50 0.048 49.952
47 50 0.048 49.952
37 50 0.0048 49.9952
56 50 0.0048 49.9952
46 50 0.048 49.952
51 50 0.048 49.952
64 50 0.0048 49.9952
60 50 0.048 49.952
59 50 0.0048 49.9952
40 50 0.048 49.952
29 50 0.0048 49.9952
49 50 0.0048 49.9952
52 50 0.048 49.952
50 50 0.0048 49.9952
55 50 0.048 49.952
63 50 0.048 49.952
47 50 0.048 49.952
37 50 0.0048 49.9952
56 50 0.0048 49.9952
46 50 0.048 49.952
51 50 0.048 49.952
64 50 0.0048 49.9952
60 50 0.048 49.952
59 50 0.0048 49.9952
40 50 0.048 49.952
29 50 0.0048 49.9952
49 50 0.0048 49.9952
40 49.952 0.0048 49.9472
40 49.9472 0.16 49.7872
40 49.7872 0.0016 49.7856
52 50 0.048 49.952
43 50 0.0048 49.9952
46 50 0.0048 49.9952
55 50 0.048 49.952
63 50 0.048 49.952
63 49.952 0.0048 49.9472
63 49.9472 0.16 49.7872
63 49.7872 0.0016 49.7856
47 50 0.048 49.952
37 50 0.0048 49.9952
56 50 0.0048 49.9952
46 49.9952 0.048 49.9472
51 50 0.048 49.952
64 50 0.0048 49.9952
60 50 0.048 49.952
59 50 0.0048 49.9952
52 50 0.048 49.952
43 50 0.0048 49.9952
46 50 0.0048 49.9952
31 50 0.048 49.952
55 50 0.048 49.952
42 50 0.0048 49.9952
47 50 0.048 49.952
37 50 0.0048 49.9952
46 49.9952 0.048 49.9472
51 50 0.048 49.952
64 50 0.0048 49.9952
59 50 0.048 49.952
60 50 0.0048 49.9952
60 49.9952 0.048 49.9472
59 49.952 0.0048 49.9472
52 50 0.048 49.952
43 50 0.0048 49.9952
46 50 0.0048 49.9952
54 50 0.0048 49.9952
31 50 0.048 49.952
55 50 0.048 49.952
42 50 0.0048 49.9952
47 50 0.048 49.952
37 50 0.0048 49.9952
46 49.9952 0.048 49.9472
51 50 0.048 49.952
64 50 0.0048 49.9952
59 50 0.048 49.952
60 50 0.0048 49.9952
34 50 0.048 49.952
60 49.9952 0.048 49.9472
59 49.952 0.0048 49.9472
52 50 0.048 49.952
62 50 0.048 49.952
33 50 0.0048 49.9952
43 50 0.0048 49.9952
46 50 0.0048 49.9952
54 50 0.0048 49.9952
31 50 0.048 49.952
38 50 0.0048 49.9952
55 50 0.048 49.952
39 50 0.048 49.952
58 50 0.0048 49.9952
30 50 0.048 49.952
47 50 0.048 49.952
37 50 0.0048 49.9952
46 49.9952 0.048 49.9472
43 49.9952 0.0048 49.9904
51 50 0.048 49.952
64 50 0.0048 49.9952
59 50 0.048 49.952
60 50 0.0048 49.9952
34 50 0.048 49.952
60 49.9952 0.048 49.9472
59 49.952 0.0048 49.9472
52 50 0.048 49.952
62 50 0.048 49.952
26 50 0.0048 49.9952
29 50 0.0048 49.9952
33 50 0.0048 49.9952
40 50 0.0048 49.9952
49 50 0.0048 49.9952
54 50 0.0048 49.9952
31 50 0.048 49.952
64 50 0.048 49.952
51 49.952 0.0048 49.9472
53 50 0.048 49.952
55 50 0.048 49.952
55 49.952 0.0048 49.9472
55 49.9472 0.16 49.7872
55 49.7872 0.0016 49.7856
39 50 0.048 49.952
30 50 0.048 49.952
47 50 0.048 49.952
37 50 0.0048 49.9952
46 50 0.048 49.952
51 50 0.048 49.952
59 50 0.048 49.952
60 50 0.0048 49.9952
59 49.952 0.0048 49.9472
59 49.9472 0.16 49.7872
59 49.7872 0.0016 49.7856
34 50 0.048 49.952
60 49.9952 0.048 49.9472
59 49.7856 0.0048 49.7808
60 49.9472 0.0048 49.9424
60 49.9424 0.16 49.7824
60 49.7824 0.0016 49.7808
52 50 0.048 49.952
62 50 0.048 49.952
