0 3060
0 3061
0 3062
0 3063
0 3064
0 3065
0 3066
0 3067
0 3068
0 3069
0 3070
0 3071
0 3072
0 3073
0 3074
0 3075
0 3076
0 3077
0 3078
0 3081
0 3083
0 3085
80 3082
54 3086
17 3086
18 3086
19 3086
20 3086
21 3086
22 3086
23 3086
24 3086
92 3088
8 3088
7 3088
6 3088
5 3088
4 3088
3 3088
2 3088
1 3088
0 3089
95 3092
84 3092
9 3092
8 3092
7 3092
6 3092
5 3092
4 3092
3 3092
2 3092
1 3092
0 3093
46 3082
2 3082
1 3082
89 3096
19 3096
20 3096
21 3096
22 3096
23 3096
24 3096
0 3098
84 3094
10 3094
9 3094
8 3094
7 3094
6 3094
5 3094
4 3094
3 3094
2 3094
1 3094
36 3079
8 3079
7 3079
6 3079
5 3079
4 3079
3 3079
2 3079
1 3079
0 3099
71 3100
11 3100
10 3100
9 3100
8 3100
7 3100
6 3100
5 3100
4 3100
3 3100
2 3100
1 3100
37 3084
23 3084
24 3084
0 3101
30 3091
17 3091
18 3091
19 3091
20 3091
21 3091
22 3091
23 3091
24 3091
42 3105
0 3106
0 3111
44 3097
9 3097
8 3097
7 3097
6 3097
5 3097
4 3097
3 3097
2 3097
1 3097
0 3114
49 3107
2 3107
1 3107
34 3103
2 3103
1 3103
56 3095
28 3117
29 3118
0 3119
94 3104
4 3104
3 3104
2 3104
1 3104
35 3087
7 3087
6 3087
5 3087
4 3087
3 3087
2 3087
1 3087
41 3120
23 3120
24 3120
0 3121
50 3122
22 3122
23 3122
24 3122
61 3128
9 3128
8 3128
7 3128
6 3128
5 3128
4 3128
3 3128
2 3128
1 3128
0 3129
99 3125
1 3125
97 3117
21 3117
22 3117
23 3117
24 3117
0 3133
32 3090
15 3090
16 3090
17 3090
18 3090
19 3090
20 3090
21 3090
22 3090
23 3090
24 3090
96 3134
11 3134
10 3134
9 3134
8 3134
7 3134
6 3134
5 3134
4 3134
3 3134
2 3134
1 3134
66 3102
24 3102
83 3131
10 3131
9 3131
8 3131
7 3131
6 3131
5 3131
4 3131
3 3131
2 3131
1 3131
0 3136
48 3124
6 3124
5 3124
4 3124
3 3124
2 3124
1 3124
93 3132
21 3132
22 3132
23 3132
24 3132
97 3139
22 3139
23 3139
24 3139
0 3140
73 3127
19 3127
20 3127
21 3127
22 3127
23 3127
24 3127
26 3109
24 3109
0 3143
0 3144
31 3115
20 3115
21 3115
22 3115
23 3115
24 3115
88 3130
6 3130
5 3130
4 3130
3 3130
2 3130
1 3130
103 3138
15 3138
16 3138
17 3138
18 3138
19 3138
20 3138
21 3138
22 3138
23 3138
24 3138
60 3080
24 3080
0 3145
62 3116
6 3116
5 3116
4 3116
3 3116
2 3116
1 3116
87 3105
22 3105
23 3105
24 3105
55 3110
22 3110
23 3110
24 3110
0 3147
79 3141
1 3141
70 3113
24 3113
0 3149
101 3151
21 3151
22 3151
23 3151
24 3151
100 3142
55 3142
23 3142
24 3142
27 3153
18 3153
19 3153
20 3153
21 3153
22 3153
23 3153
24 3153
0 3154
76 3108
6 3108
5 3108
4 3108
3 3108
2 3108
1 3108
0 3158
104 3135
18 3135
19 3135
20 3135
21 3135
22 3135
23 3135
24 3135
0 3160
75 3123
5 3123
4 3123
3 3123
2 3123
1 3123
0 3163
98 3112
5 3112
4 3112
3 3112
2 3112
1 3112
54 3167
3 3167
2 3167
1 3167
58 3161
17 3161
18 3161
19 3161
20 3161
21 3161
22 3161
23 3161
24 3161
0 3171
57 3148
59 3148
18 3148
19 3148
20 3148
21 3148
22 3148
23 3148
24 3148
81 3174
68 3166
0 3178
102 3181
69 3182
13 3182
14 3182
15 3182
16 3182
17 3182
18 3182
19 3182
20 3182
21 3182
22 3182
23 3182
24 3182
25 3126
10 3126
9 3126
8 3126
7 3126
6 3126
5 3126
4 3126
3 3126
2 3126
1 3126
0 3187
53 3172
18 3172
19 3172
20 3172
21 3172
22 3172
23 3172
24 3172
37 3189
8 3189
7 3189
6 3189
5 3189
4 3189
3 3189
2 3189
1 3189
86 3152
18 3152
19 3152
20 3152
21 3152
22 3152
23 3152
24 3152
38 3177
1 3177
0 3190
90 3188
67 3137
19 3137
20 3137
21 3137
22 3137
23 3137
24 3137
0 3195
75 3174
8 3174
7 3174
6 3174
5 3174
4 3174
3 3174
2 3174
1 3174
30 3184
3 3184
2 3184
1 3184
87 3176
0 3197
64 3165
23 3165
24 3165
77 3150
4 3150
3 3150
2 3150
1 3150
42 3192
3 3192
2 3192
1 3192
85 3170
14 3170
15 3170
16 3170
17 3170
18 3170
19 3170
20 3170
21 3170
22 3170
23 3170
24 3170
0 3199
0 3200
29 3188
11 3188
10 3188
9 3188
8 3188
7 3188
6 3188
5 3188
4 3188
3 3188
2 3188
1 3188
47 3156
6 3156
5 3156
4 3156
3 3156
2 3156
1 3156
45 3162
16 3162
17 3162
18 3162
19 3162
20 3162
21 3162
22 3162
23 3162
24 3162
0 3202
78 3155
11 3155
10 3155
9 3155
8 3155
7 3155
6 3155
5 3155
4 3155
3 3155
2 3155
1 3155
65 3191
10 3191
9 3191
8 3191
7 3191
6 3191
5 3191
4 3191
3 3191
2 3191
1 3191
84 3181
24 3181
0 3203
0 3205
46 3146
18 3146
19 3146
20 3146
21 3146
22 3146
23 3146
24 3146
82 3157
14 3157
15 3157
16 3157
17 3157
18 3157
19 3157
20 3157
21 3157
22 3157
23 3157
24 3157
72 3159
10 3159
9 3159
8 3159
7 3159
6 3159
5 3159
4 3159
3 3159
2 3159
1 3159
0 3206
89 3168
10 3168
9 3168
8 3168
7 3168
6 3168
5 3168
4 3168
3 3168
2 3168
1 3168
92 3207
0 3208
83 3166
22 3166
23 3166
24 3166
0 3210
32 3201
33 3169
19 3169
20 3169
21 3169
22 3169
23 3169
24 3169
0 3213
39 3173
13 3173
14 3173
15 3173
16 3173
17 3173
18 3173
19 3173
20 3173
21 3173
22 3173
23 3173
24 3173
49 3196
17 3196
18 3196
19 3196
20 3196
21 3196
22 3196
23 3196
24 3196
64 3201
3 3201
2 3201
1 3201
50 3211
11 3211
10 3211
9 3211
8 3211
7 3211
6 3211
5 3211
4 3211
3 3211
2 3211
1 3211
91 3185
20 3185
21 3185
22 3185
23 3185
24 3185
0 3215
51 3194
24 3194
0 3216
0 3219
43 3179
3 3179
2 3179
1 3179
59 3183
2 3183
1 3183
0 3221
0 3224
83 3217
0 3227
63 3193
16 3193
17 3193
18 3193
19 3193
20 3193
21 3193
22 3193
23 3193
24 3193
94 3212
21 3212
22 3212
23 3212
24 3212
0 3229
62 3228
20 3228
21 3228
22 3228
23 3228
24 3228
55 3176
11 3176
10 3176
9 3176
8 3176
7 3176
6 3176
5 3176
4 3176
3 3176
2 3176
1 3176
0 3231
31 3220
10 3220
9 3220
8 3220
7 3220
6 3220
5 3220
4 3220
3 3220
2 3220
1 3220
0 3232
70 3222
13 3222
14 3222
15 3222
16 3222
17 3222
18 3222
19 3222
20 3222
21 3222
22 3222
23 3222
24 3222
73 3233
10 3233
9 3233
8 3233
7 3233
6 3233
5 3233
4 3233
3 3233
2 3233
1 3233
0 3234
95 3164
7 3164
6 3164
5 3164
4 3164
3 3164
2 3164
1 3164
29 3209
19 3209
20 3209
21 3209
22 3209
23 3209
24 3209
71 3236
80 3204
68 3238
3 3238
2 3238
1 3238
97 3230
14 3230
15 3230
16 3230
17 3230
18 3230
19 3230
20 3230
21 3230
22 3230
23 3230
24 3230
0 3239
0 3242
30 3240
14 3240
15 3240
16 3240
17 3240
18 3240
19 3240
20 3240
21 3240
22 3240
23 3240
24 3240
41 3241
18 3241
19 3241
20 3241
21 3241
22 3241
23 3241
24 3241
0 3245
34 3246
23 3246
24 3246
88 3247
0 3248
26 3249
42 3250
14 3250
15 3250
16 3250
17 3250
18 3250
19 3250
20 3250
21 3250
22 3250
23 3250
24 3250
60 3237
16 3237
17 3237
18 3237
19 3237
20 3237
21 3237
22 3237
23 3237
24 3237
36 3223
7 3223
6 3223
5 3223
4 3223
3 3223
2 3223
1 3223
0 3253
79 3225
18 3225
19 3225
20 3225
21 3225
22 3225
23 3225
24 3225
98 3226
20 3226
21 3226
22 3226
23 3226
24 3226
100 3257
40 3186
10 3186
9 3186
8 3186
7 3186
6 3186
5 3186
4 3186
3 3186
2 3186
1 3186
0 3258
90 3235
22 3235
23 3235
24 3235
74 3175
5 3175
4 3175
3 3175
2 3175
1 3175
0 3261
85 3256
44 3263
7 3263
6 3263
5 3263
4 3263
3 3263
2 3263
1 3263
103 3260
9 3260
8 3260
7 3260
6 3260
5 3260
4 3260
3 3260
2 3260
1 3260
0 3265
99 3266
81 3252
0 3267
84 3214
11 3214
10 3214
9 3214
8 3214
7 3214
6 3214
5 3214
4 3214
3 3214
2 3214
1 3214
96 3244
8 3244
7 3244
6 3244
5 3244
4 3244
3 3244
2 3244
1 3244
66 3262
21 3262
22 3262
23 3262
24 3262
94 3256
2 3256
1 3256
75 3252
23 3252
24 3252
0 3272
89 3268
0 3273
93 3254
18 3254
19 3254
20 3254
21 3254
22 3254
23 3254
24 3254
79 3268
21 3268
22 3268
23 3268
24 3268
28 3270
19 3270
20 3270
21 3270
22 3270
23 3270
24 3270
34 3247
2 3247
1 3247
0 3278
29 3266
0 3280
0 3282
101 3283
17 3283
18 3283
19 3283
20 3283
21 3283
22 3283
23 3283
24 3283
48 3264
5 3264
4 3264
3 3264
2 3264
1 3264
102 3276
0 3286
38 3275
19 3275
20 3275
21 3275
22 3275
23 3275
24 3275
84 3276
14 3276
15 3276
16 3276
17 3276
18 3276
19 3276
20 3276
21 3276
22 3276
23 3276
24 3276
86 3271
11 3271
10 3271
9 3271
8 3271
7 3271
6 3271
5 3271
4 3271
3 3271
2 3271
1 3271
0 3289
75 3287
1 3287
54 3249
23 3249
24 3249
64 3236
0 3291
76 3284
3 3284
2 3284
1 3284
50 3277
24 3277
0 3293
61 3243
11 3243
10 3243
9 3243
8 3243
7 3243
6 3243
5 3243
4 3243
3 3243
2 3243
1 3243
52 3180
104 3279
15 3279
16 3279
17 3279
18 3279
19 3279
20 3279
21 3279
22 3279
23 3279
24 3279
0 3296
39 3180
2 3180
1 3180
78 3285
3 3285
2 3285
1 3285
32 3281
17 3281
18 3281
19 3281
20 3281
21 3281
22 3281
23 3281
24 3281
37 3288
3 3288
2 3288
1 3288
0 3300
35 3255
10 3255
9 3255
8 3255
7 3255
6 3255
5 3255
4 3255
3 3255
2 3255
1 3255
0 3302
45 3292
9 3292
8 3292
7 3292
6 3292
5 3292
4 3292
3 3292
2 3292
1 3292
0 3304
83 3305
13 3305
14 3305
15 3305
16 3305
17 3305
18 3305
19 3305
20 3305
21 3305
22 3305
23 3305
24 3305
0 3306
43 3307
104 3307
17 3307
18 3307
19 3307
20 3307
21 3307
22 3307
23 3307
24 3307
63 3298
4 3298
3 3298
2 3298
1 3298
0 3308
67 3251
16 3251
17 3251
18 3251
19 3251
20 3251
21 3251
22 3251
23 3251
24 3251
0 3313
0 3314
0 3320
33 3315
12 3315
11 3315
10 3315
9 3315
8 3315
7 3315
6 3315
5 3315
4 3315
3 3315
2 3315
1 3315
95 3236
20 3236
21 3236
22 3236
23 3236
24 3236
0 3321
77 3323
2 3323
1 3323
80 3310
13 3310
14 3310
15 3310
16 3310
17 3310
18 3310
19 3310
20 3310
21 3310
22 3310
23 3310
24 3310
0 3325
27 3218
21 3218
22 3218
23 3218
24 3218
87 3326
1 3326
49 3311
11 3311
10 3311
9 3311
8 3311
7 3311
6 3311
5 3311
4 3311
3 3311
2 3311
1 3311
0 3328
94 3322
12 3322
11 3322
10 3322
9 3322
8 3322
7 3322
6 3322
5 3322
4 3322
3 3322
2 3322
1 3322
36 3316
19 3316
20 3316
21 3316
22 3316
23 3316
24 3316
103 3330
20 3330
21 3330
22 3330
23 3330
24 3330
88 3319
11 3319
10 3319
9 3319
8 3319
7 3319
6 3319
5 3319
4 3319
3 3319
2 3319
1 3319
0 3331
91 3309
14 3309
15 3309
16 3309
17 3309
18 3309
19 3309
20 3309
21 3309
22 3309
23 3309
24 3309
58 3274
19 3274
20 3274
21 3274
22 3274
23 3274
24 3274
55 3257
2 3257
1 3257
47 3332
0 3334
31 3297
1 3297
0 3336
72 3335
7 3335
6 3335
5 3335
4 3335
3 3335
2 3335
1 3335
74 3327
18 3327
19 3327
20 3327
21 3327
22 3327
23 3327
24 3327
57 3301
21 3301
22 3301
23 3301
24 3301
53 3295
20 3295
21 3295
22 3295
23 3295
24 3295
0 3343
90 3318
11 3318
10 3318
9 3318
8 3318
7 3318
6 3318
5 3318
4 3318
3 3318
2 3318
1 3318
59 3338
22 3338
23 3338
24 3338
42 3333
4 3333
3 3333
2 3333
1 3333
0 3346
0 3348
82 3294
13 3294
14 3294
15 3294
16 3294
17 3294
18 3294
19 3294
20 3294
21 3294
22 3294
23 3294
24 3294
26 3324
8 3324
7 3324
6 3324
5 3324
4 3324
3 3324
2 3324
1 3324
0 3352
66 3337
10 3337
9 3337
8 3337
7 3337
6 3337
5 3337
4 3337
3 3337
2 3337
1 3337
41 3345
10 3345
9 3345
8 3345
7 3345
6 3345
5 3345
4 3345
3 3345
2 3345
1 3345
71 3341
1 3341
0 3353
60 3332
8 3332
7 3332
6 3332
5 3332
4 3332
3 3332
2 3332
1 3332
85 3342
52 3357
25 3299
15 3299
16 3299
17 3299
18 3299
19 3299
20 3299
21 3299
22 3299
23 3299
24 3299
0 3358
62 3350
15 3350
16 3350
17 3350
18 3350
19 3350
20 3350
21 3350
22 3350
23 3350
24 3350
94 3342
17 3342
18 3342
19 3342
20 3342
21 3342
22 3342
23 3342
24 3342
0 3360
75 3356
13 3356
14 3356
15 3356
16 3356
17 3356
18 3356
19 3356
20 3356
21 3356
22 3356
23 3356
24 3356
65 3339
12 3339
11 3339
10 3339
9 3339
8 3339
7 3339
6 3339
5 3339
4 3339
3 3339
2 3339
1 3339
0 3361
45 3362
19 3362
20 3362
21 3362
22 3362
23 3362
24 3362
97 3363
68 3364
0 3365
79 3349
11 3349
10 3349
9 3349
8 3349
7 3349
6 3349
5 3349
4 3349
3 3349
2 3349
1 3349
69 3269
20 3269
21 3269
22 3269
23 3269
24 3269
0 3367
0 3370
98 3371
14 3371
15 3371
16 3371
17 3371
18 3371
19 3371
20 3371
21 3371
22 3371
23 3371
24 3371
46 3303
21 3303
22 3303
23 3303
24 3303
61 3364
24 3364
93 3359
10 3359
9 3359
8 3359
7 3359
6 3359
5 3359
4 3359
3 3359
2 3359
1 3359
0 3373
100 3372
9 3372
8 3372
7 3372
6 3372
5 3372
4 3372
3 3372
2 3372
1 3372
0 3377
96 3344
34 3374
19 3374
20 3374
21 3374
22 3374
23 3374
24 3374
51 3351
1 3351
56 3259
17 3259
18 3259
19 3259
20 3259
21 3259
22 3259
23 3259
24 3259
0 3381
95 3369
5 3369
4 3369
3 3369
2 3369
1 3369
84 3380
5 3380
4 3380
3 3380
2 3380
1 3380
63 3357
16 3357
17 3357
18 3357
19 3357
20 3357
21 3357
22 3357
23 3357
24 3357
0 3382
30 3378
11 3378
10 3378
9 3378
8 3378
7 3378
6 3378
5 3378
4 3378
3 3378
2 3378
1 3378
0 3385
73 3368
9 3368
8 3368
7 3368
6 3368
5 3368
4 3368
3 3368
2 3368
1 3368
102 3347
6 3347
5 3347
4 3347
3 3347
2 3347
1 3347
70 3312
13 3312
14 3312
15 3312
16 3312
17 3312
18 3312
19 3312
20 3312
21 3312
22 3312
23 3312
24 3312
0 3389
77 3363
40 3384
7 3384
6 3384
5 3384
4 3384
3 3384
2 3384
1 3384
0 3391
104 3354
6 3354
5 3354
4 3354
3 3354
2 3354
1 3354
93 3363
13 3363
14 3363
15 3363
16 3363
17 3363
18 3363
19 3363
20 3363
21 3363
22 3363
23 3363
24 3363
92 3290
6 3290
5 3290
4 3290
3 3290
2 3290
1 3290
101 3379
10 3379
9 3379
8 3379
7 3379
6 3379
5 3379
4 3379
3 3379
2 3379
1 3379
28 3387
0 3394
86 3344
4 3344
3 3344
2 3344
1 3344
44 3355
4 3355
3 3355
2 3355
1 3355
61 3388
3 3388
2 3388
1 3388
86 3395
4 3395
3 3395
2 3395
1 3395
0 3396
99 3329
20 3329
21 3329
22 3329
23 3329
24 3329
0 3397
0 3399
37 3366
38 3398
14 3398
15 3398
16 3398
17 3398
18 3398
19 3398
20 3398
21 3398
22 3398
23 3398
24 3398
48 3376
0 3401
39 3317
20 3317
21 3317
22 3317
23 3317
24 3317
29 3383
78 3383
21 3383
22 3383
23 3383
24 3383
57 3402
0 3403
81 3405
21 3405
22 3405
23 3405
24 3405
0 3406
89 3407
19 3407
20 3407
21 3407
22 3407
23 3407
24 3407
70 3387
17 3387
18 3387
19 3387
20 3387
21 3387
22 3387
23 3387
24 3387
0 3409
32 3386
11 3386
10 3386
9 3386
8 3386
7 3386
6 3386
5 3386
4 3386
3 3386
2 3386
1 3386
83 3410
6 3410
5 3410
4 3410
3 3410
2 3410
1 3410
43 3412
10 3412
9 3412
8 3412
7 3412
6 3412
5 3412
4 3412
3 3412
2 3412
1 3412
0 3413
42 3414
16 3414
17 3414
18 3414
19 3414
20 3414
21 3414
22 3414
23 3414
24 3414
0 3416
88 3404
1 3404
0 3422
49 3392
2 3392
1 3392
63 3393
23 3393
24 3393
0 3424
54 3400
21 3400
22 3400
23 3400
24 3400
64 3420
13 3420
14 3420
15 3420
16 3420
17 3420
18 3420
19 3420
20 3420
21 3420
22 3420
23 3420
24 3420
0 3429
27 3408
13 3408
14 3408
15 3408
16 3408
17 3408
18 3408
19 3408
20 3408
21 3408
22 3408
23 3408
24 3408
76 3375
1 3375
0 3430
0 3432
0 3434
35 3417
8 3417
7 3417
6 3417
5 3417
4 3417
3 3417
2 3417
1 3417
68 3425
10 3425
9 3425
8 3425
7 3425
6 3425
5 3425
4 3425
3 3425
2 3425
1 3425
53 3431
11 3431
10 3431
9 3431
8 3431
7 3431
6 3431
5 3431
4 3431
3 3431
2 3431
1 3431
0 3438
33 3436
7 3436
6 3436
5 3436
4 3436
3 3436
2 3436
1 3436
45 3421
7 3421
6 3421
5 3421
4 3421
3 3421
2 3421
1 3421
36 3423
0 3440
66 3433
50 3426
24 3426
67 3423
13 3423
14 3423
15 3423
16 3423
17 3423
18 3423
19 3423
20 3423
21 3423
22 3423
23 3423
24 3423
0 3444
71 3445
95 3445
16 3445
17 3445
18 3445
19 3445
20 3445
21 3445
22 3445
23 3445
24 3445
59 3402
14 3402
15 3402
16 3402
17 3402
18 3402
19 3402
20 3402
21 3402
22 3402
23 3402
24 3402
52 3441
2 3441
1 3441
84 3443
16 3443
17 3443
18 3443
19 3443
20 3443
21 3443
22 3443
23 3443
24 3443
0 3446
94 3435
7 3435
6 3435
5 3435
4 3435
3 3435
2 3435
1 3435
47 3447
96 3448
13 3448
14 3448
15 3448
16 3448
17 3448
18 3448
19 3448
20 3448
21 3448
22 3448
23 3448
24 3448
75 3366
78 3411
97 3450
0 3452
60 3447
24 3447
82 3415
5 3415
4 3415
3 3415
2 3415
1 3415
0 3456
80 3418
10 3418
9 3418
8 3418
7 3418
6 3418
5 3418
4 3418
3 3418
2 3418
1 3418
72 3451
2 3451
1 3451
79 3442
0 3458
51 3453
14 3453
15 3453
16 3453
17 3453
18 3453
19 3453
20 3453
21 3453
22 3453
23 3453
24 3453
0 3463
0 3467
0 3469
31 3449
23 3449
24 3449
91 3465
