39 6
25 6
11 6
10 6
12 6
9 6
13 6
8 6
14 6
7 6
15 6
6 6
16 6
5 6
17 6
4 6
18 6
3 6
19 6
2 6
20 6
1 6
21 6
22 6
23 6
24 6
28 6
37 6
41 7
12 7
11 7
13 7
10 7
14 7
25 7
9 7
15 7
8 7
16 7
7 7
17 7
6 7
18 7
5 7
19 7
4 7
20 7
3 7
21 7
2 7
22 7
1 7
23 7
24 7
32 6
36 6
32 8
6 8
5 8
7 8
4 8
8 8
3 8
9 8
2 8
10 8
1 8
11 8
12 8
13 8
14 8
15 8
16 8
17 8
18 8
19 8
20 8
21 8
22 8
23 8
24 8
35 6
27 6
39 7
41 8
33 6
39 12
15 12
14 12
16 12
13 12
17 12
12 12
18 12
11 12
19 12
10 12
20 12
9 12
21 12
8 12
22 12
7 12
23 12
6 12
24 12
5 12
4 12
3 12
2 12
1 12
35 10
19 10
18 10
20 10
17 10
21 10
16 10
22 10
15 10
23 10
14 10
24 10
13 10
12 10
11 10
10 10
9 10
8 10
7 10
6 10
5 10
4 10
3 10
2 10
1 10
27 11
20 11
19 11
21 11
18 11
22 11
17 11
23 11
16 11
24 11
15 11
14 11
13 11
12 11
11 11
10 11
9 11
8 11
7 11
6 11
5 11
4 11
3 11
2 11
1 11
31 6
36 8
39 10
39 13
4 13
3 13
5 13
2 13
6 13
1 13
7 13
8 13
9 13
10 13
11 13
12 13
13 13
14 13
15 13
16 13
17 13
18 13
19 13
20 13
21 13
22 13
23 13
24 13
41 9
3 9
2 9
4 9
1 9
5 9
6 9
7 9
8 9
9 9
10 9
11 9
12 9
13 9
14 9
15 9
16 9
17 9
18 9
19 9
20 9
21 9
22 9
23 9
24 9
27 14
10 14
9 14
11 14
8 14
12 14
7 14
13 14
6 14
14 14
5 14
15 14
4 14
16 14
3 14
17 14
2 14
18 14
1 14
19 14
20 14
21 14
22 14
23 14
24 14
37 7
44 6
38 6
36 13
