30 50 0.048 49.952
27 50 0.048 49.952
32 50 0.048 49.952
29 50 0.048 49.952
30 50 0.048 49.952
27 50 0.048 49.952
34 50 0.048 49.952
28 50 0.048 49.952
26 50 0.048 49.952
31 50 0.048 49.952
33 50 0.048 49.952
25 50 0.048 49.952
32 50 0.048 49.952
29 50 0.048 49.952
30 50 0.048 49.952
27 50 0.048 49.952
34 50 0.048 49.952
32 49.952 0.0048 49.9472
32 49.9472 0.048 49.8992
34 49.952 0.0048 49.9472
28 50 0.048 49.952
26 50 0.048 49.952
31 50 0.048 49.952
33 50 0.048 49.952
25 50 0.048 49.952
32 50 0.048 49.952
34 49.9472 0.0048 49.9424
34 49.9424 0.048 49.8944
32 49.952 0.0048 49.9472
29 50 0.048 49.952
30 50 0.048 49.952
27 50 0.048 49.952
34 50 0.048 49.952
32 49.9472 0.0048 49.9424
32 49.9424 0.048 49.8944
34 49.952 0.0048 49.9472
28 50 0.048 49.952
26 50 0.048 49.952
31 50 0.048 49.952
33 50 0.048 49.952
25 50 0.048 49.952
32 49.9959 0.048 49.9479
29 50 0.048 49.952
30 50 0.048 49.952
27 50 0.048 49.952
27 49.952 0.048 49.904
34 50 0.048 49.952
28 50 0.048 49.952
26 50 0.048 49.952
31 50 0.048 49.952
33 50 0.048 49.952
25 50 0.048 49.952
32 50 0.048 49.952
29 50 0.048 49.952
30 50 0.048 49.952
27 50 0.048 49.952
27 49.952 0.048 49.904
34 50 0.048 49.952
28 50 0.048 49.952
34 49.952 0.048 49.904
26 50 0.048 49.952
31 50 0.048 49.952
33 50 0.048 49.952
25 50 0.048 49.952
32 50 0.048 49.952
29 50 0.048 49.952
30 50 0.048 49.952
27 50 0.048 49.952
27 49.952 0.0048 49.9472
27 49.9472 0.16 49.7872
27 49.7872 0.0016 49.7856
27 49.7856 0.048 49.7376
34 50 0.048 49.952
28 50 0.048 49.952
34 49.952 0.048 49.904
26 50 0.048 49.952
31 50 0.048 49.952
33 50 0.048 49.952
25 50 0.048 49.952
32 50 0.048 49.952
29 50 0.048 49.952
30 50 0.048 49.952
27 50 0.048 49.952
34 50 0.048 49.952
28 50 0.048 49.952
34 49.952 0.048 49.904
33 50 0.048 49.952
26 50 0.048 49.952
31 50 0.048 49.952
33 49.952 0.048 49.904
25 50 0.048 49.952
32 50 0.048 49.952
29 50 0.048 49.952
30 50 0.048 49.952
27 50 0.048 49.952
34 50 0.048 49.952
28 50 0.048 49.952
34 49.952 0.048 49.904
34 49.904 0.0048 49.8992
34 49.8992 0.16 49.7392
34 49.7392 0.0016 49.7376
33 50 0.048 49.952
26 50 0.048 49.952
31 50 0.048 49.952
33 49.952 0.048 49.904
25 50 0.048 49.952
32 50 0.048 49.952
29 50 0.048 49.952
30 50 0.048 49.952
27 50 0.048 49.952
34 50 0.048 49.952
28 50 0.048 49.952
28 49.952 0.048 49.904
33 50 0.048 49.952
26 50 0.048 49.952
31 50 0.048 49.952
33 49.952 0.048 49.904
25 50 0.048 49.952
32 50 0.048 49.952
29 50 0.048 49.952
30 50 0.048 49.952
27 50 0.048 49.952
34 50 0.048 49.952
28 50 0.048 49.952
28 49.952 0.048 49.904
33 50 0.048 49.952
26 50 0.048 49.952
31 50 0.048 49.952
33 49.952 0.048 49.904
25 50 0.048 49.952
32 50 0.048 49.952
29 50 0.048 49.952
30 50 0.048 49.952
27 50 0.048 49.952
34 50 0.048 49.952
28 50 0.048 49.952
28 49.952 0.048 49.904
33 50 0.048 49.952
26 50 0.048 49.952
31 50 0.048 49.952
33 49.952 0.048 49.904
25 50 0.048 49.952
32 50 0.048 49.952
29 50 0.048 49.952
30 50 0.048 49.952
27 50 0.048 49.952
34 50 0.048 49.952
28 50 0.048 49.952
28 49.952 0.048 49.904
33 50 0.048 49.952
26 50 0.048 49.952
31 50 0.048 49.952
33 49.952 0.048 49.904
25 50 0.048 49.952
32 50 0.048 49.952
29 50 0.048 49.952
30 50 0.048 49.952
27 50 0.048 49.952
34 50 0.048 49.952
28 50 0.048 49.952
28 49.952 0.048 49.904
28 49.904 0.0048 49.8992
28 49.8992 0.16 49.7392
28 49.7392 0.0016 49.7376
33 50 0.048 49.952
26 50 0.048 49.952
31 50 0.048 49.952
33 49.952 0.048 49.904
25 50 0.048 49.952
32 50 0.048 49.952
29 50 0.048 49.952
30 50 0.048 49.952
27 50 0.048 49.952
34 50 0.048 49.952
28 50 0.048 49.952
33 50 0.048 49.952
26 50 0.048 49.952
31 50 0.048 49.952
33 49.952 0.048 49.904
25 50 0.048 49.952
32 50 0.048 49.952
29 50 0.048 49.952
30 50 0.048 49.952
27 50 0.048 49.952
34 50 0.048 49.952
28 50 0.048 49.952
33 50 0.048 49.952
33 49.952 0.0048 49.9472
33 49.9472 0.16 49.7872
33 49.7872 0.0016 49.7856
26 50 0.048 49.952
31 50 0.048 49.952
33 49.7856 0.048 49.7376
25 50 0.048 49.952
32 50 0.048 49.952
29 50 0.048 49.952
30 50 0.048 49.952
27 50 0.048 49.952
34 50 0.048 49.952
28 50 0.048 49.952
26 50 0.048 49.952
31 50 0.048 49.952
33 49.8797 0.048 49.8317
25 50 0.048 49.952
29 50 0.048 49.952
32 50 0.048 49.952
29 49.952 0.048 49.904
30 50 0.048 49.952
27 50 0.048 49.952
34 50 0.048 49.952
32 49.952 0.0048 49.9472
32 49.9472 0.048 49.8992
34 49.952 0.0048 49.9472
28 50 0.048 49.952
26 50 0.048 49.952
31 50 0.048 49.952
33 49.9443 0.048 49.8963
25 50 0.048 49.952
29 50 0.048 49.952
32 50 0.048 49.952
29 49.952 0.048 49.904
30 50 0.048 49.952
32 49.952 0.0048 49.9472
32 49.9472 0.048 49.8992
30 49.952 0.0048 49.9472
27 50 0.048 49.952
34 50 0.048 49.952
28 50 0.048 49.952
31 50 0.048 49.952
26 50 0.048 49.952
31 49.952 0.048 49.904
33 50 0.048 49.952
25 50 0.048 49.952
29 50 0.048 49.952
32 50 0.048 49.952
29 49.952 0.048 49.904
30 50 0.048 49.952
27 50 0.048 49.952
34 50 0.048 49.952
32 49.952 0.0048 49.9472
32 49.9472 0.048 49.8992
34 49.952 0.0048 49.9472
28 50 0.048 49.952
31 50 0.048 49.952
26 50 0.048 49.952
31 49.952 0.048 49.904
33 50 0.048 49.952
25 50 0.048 49.952
29 50 0.048 49.952
32 50 0.048 49.952
34 49.9472 0.0048 49.9424
34 49.9424 0.048 49.8944
32 49.952 0.0048 49.9472
29 49.952 0.048 49.904
30 50 0.048 49.952
27 50 0.048 49.952
34 50 0.048 49.952
32 49.9472 0.0048 49.9424
32 49.9424 0.048 49.8944
34 49.952 0.0048 49.9472
28 50 0.048 49.952
31 50 0.048 49.952
26 49.952 0.048 49.904
26 49.904 0.0048 49.8992
26 49.8992 0.16 49.7392
26 49.7392 0.0016 49.7376
26 50 0.048 49.952
31 49.952 0.048 49.904
33 50 0.048 49.952
25 50 0.048 49.952
29 50 0.048 49.952
29 49.952 0.0048 49.9472
29 49.9472 0.16 49.7872
29 49.7872 0.0016 49.7856
32 50 0.048 49.952
29 49.7856 0.048 49.7376
30 50 0.048 49.952
27 50 0.048 49.952
34 50 0.048 49.952
32 49.952 0.0048 49.9472
32 49.9472 0.048 49.8992
34 49.952 0.0048 49.9472
28 50 0.048 49.952
31 50 0.048 49.952
26 50 0.048 49.952
31 49.952 0.048 49.904
33 50 0.048 49.952
25 50 0.048 49.952
32 50 0.048 49.952
34 49.9472 0.0048 49.9424
34 49.9424 0.048 49.8944
32 49.952 0.0048 49.9472
29 49.9293 0.048 49.8813
25 49.952 0.048 49.904
30 50 0.048 49.952
27 50 0.048 49.952
34 50 0.048 49.952
32 49.9472 0.0048 49.9424
32 49.9424 0.048 49.8944
34 49.952 0.0048 49.9472
28 50 0.048 49.952
31 50 0.048 49.952
26 50 0.048 49.952
31 49.952 0.048 49.904
33 50 0.048 49.952
25 50 0.048 49.952
32 50 0.048 49.952
34 49.9472 0.0048 49.9424
34 49.9424 0.048 49.8944
32 49.952 0.0048 49.9472
29 50 0.048 49.952
25 49.952 0.048 49.904
30 50 0.048 49.952
27 50 0.048 49.952
34 50 0.048 49.952
28 50 0.048 49.952
31 50 0.048 49.952
31 49.952 0.0048 49.9472
31 49.9472 0.16 49.7872
31 49.7872 0.0016 49.7856
26 50 0.048 49.952
31 49.7856 0.048 49.7376
33 50 0.048 49.952
25 50 0.048 49.952
32 50 0.048 49.952
29 50 0.048 49.952
32 49.952 0.048 49.904
25 49.952 0.048 49.904
30 50 0.048 49.952
27 50 0.048 49.952
34 50 0.048 49.952
28 50 0.048 49.952
30 50 0.048 49.952
26 50 0.048 49.952
31 49.8718 0.048 49.8238
33 50 0.048 49.952
25 50 0.048 49.952
32 50 0.048 49.952
29 50 0.048 49.952
32 49.952 0.048 49.904
25 49.952 0.048 49.904
30 49.952 0.048 49.904
27 50 0.048 49.952
34 50 0.048 49.952
28 50 0.048 49.952
30 50 0.048 49.952
26 50 0.048 49.952
31 50 0.048 49.952
33 50 0.048 49.952
25 50 0.048 49.952
32 50 0.048 49.952
29 50 0.048 49.952
32 49.952 0.048 49.904
25 49.952 0.048 49.904
30 49.952 0.048 49.904
27 50 0.048 49.952
34 50 0.048 49.952
32 49.904 0.0048 49.8992
32 49.8992 0.048 49.8512
34 49.952 0.0048 49.9472
28 50 0.048 49.952
30 50 0.048 49.952
26 50 0.048 49.952
31 50 0.048 49.952
33 50 0.048 49.952
25 50 0.048 49.952
32 50 0.048 49.952
34 49.9472 0.0048 49.9424
34 49.9424 0.048 49.8944
32 49.952 0.0048 49.9472
29 50 0.048 49.952
32 49.9472 0.048 49.8992
34 49.8944 0.0048 49.8896
25 49.952 0.048 49.904
30 49.952 0.048 49.904
27 50 0.048 49.952
34 50 0.048 49.952
32 49.8992 0.0048 49.8944
32 49.8944 0.048 49.8464
34 49.952 0.0048 49.9472
28 50 0.048 49.952
30 50 0.048 49.952
26 50 0.048 49.952
31 50 0.048 49.952
33 50 0.048 49.952
25 50 0.048 49.952
32 50 0.048 49.952
34 49.9472 0.0048 49.9424
34 49.9424 0.048 49.8944
32 49.952 0.0048 49.9472
29 50 0.048 49.952
32 49.9472 0.048 49.8992
34 49.8944 0.0048 49.8896
34 49.8896 0.048 49.8416
32 49.8992 0.0048 49.8944
32 49.8944 0.16 49.7344
34 49.8416 0.016 49.8256
34 49.8256 0.016 49.8096
32 49.7344 0.0016 49.7328
34 49.8096 0.048 49.7616
32 49.7328 0.0048 49.728
25 49.952 0.048 49.904
25 49.904 0.0048 49.8992
25 49.8992 0.16 49.7392
25 49.7392 0.0016 49.7376
30 49.952 0.048 49.904
27 50 0.048 49.952
34 49.8711 0.048 49.8231
32 49.728 0.0048 49.7232
32 49.7232 0.048 49.6752
34 49.8231 0.0048 49.8183
28 50 0.048 49.952
30 50 0.048 49.952
26 50 0.048 49.952
31 50 0.048 49.952
33 50 0.048 49.952
25 49.912 0.048 49.864
32 50 0.048 49.952
34 49.8183 0.0048 49.8135
34 49.8135 0.048 49.7655
32 49.952 0.0048 49.9472
29 50 0.048 49.952
34 49.7655 0.048 49.7175
32 49.9472 0.0048 49.9424
30 49.952 0.048 49.904
27 50 0.048 49.952
34 50 0.048 49.952
32 49.9424 0.0048 49.9376
32 49.9376 0.048 49.8896
34 49.952 0.0048 49.9472
28 50 0.048 49.952
30 50 0.048 49.952
26 50 0.048 49.952
31 50 0.048 49.952
33 50 0.048 49.952
25 50 0.048 49.952
32 50 0.048 49.952
34 49.9472 0.0048 49.9424
34 49.9424 0.048 49.8944
32 49.952 0.0048 49.9472
29 50 0.048 49.952
34 49.8944 0.048 49.8464
30 49.952 0.048 49.904
27 50 0.048 49.952
34 50 0.048 49.952
32 49.9472 0.0048 49.9424
32 49.9424 0.048 49.8944
34 49.952 0.0048 49.9472
28 50 0.048 49.952
30 50 0.048 49.952
26 50 0.048 49.952
31 50 0.048 49.952
33 50 0.048 49.952
25 50 0.048 49.952
32 50 0.048 49.952
29 50 0.048 49.952
34 49.9472 0.048 49.8992
30 49.952 0.048 49.904
27 50 0.048 49.952
34 50 0.048 49.952
28 50 0.048 49.952
30 50 0.048 49.952
26 50 0.048 49.952
31 50 0.048 49.952
33 50 0.048 49.952
25 50 0.048 49.952
32 50 0.048 49.952
29 50 0.048 49.952
34 49.952 0.048 49.904
30 49.952 0.048 49.904
27 50 0.048 49.952
34 50 0.048 49.952
28 50 0.048 49.952
30 50 0.048 49.952
26 50 0.048 49.952
31 50 0.048 49.952
33 50 0.048 49.952
25 50 0.048 49.952
32 50 0.048 49.952
29 50 0.048 49.952
34 49.952 0.048 49.904
30 49.952 0.048 49.904
27 50 0.048 49.952
34 50 0.048 49.952
28 50 0.048 49.952
30 50 0.048 49.952
26 50 0.048 49.952
31 50 0.048 49.952
33 50 0.048 49.952
25 50 0.048 49.952
32 50 0.048 49.952
29 50 0.048 49.952
34 49.952 0.048 49.904
30 49.952 0.048 49.904
27 50 0.048 49.952
34 50 0.048 49.952
27 49.952 0.048 49.904
28 50 0.048 49.952
30 50 0.048 49.952
30 49.952 0.0048 49.9472
30 49.9472 0.16 49.7872
30 49.7872 0.0016 49.7856
26 50 0.048 49.952
31 50 0.048 49.952
33 50 0.048 49.952
25 50 0.048 49.952
32 50 0.048 49.952
29 50 0.048 49.952
34 49.952 0.048 49.904
30 49.7856 0.048 49.7376
27 50 0.048 49.952
28 50 0.048 49.952
34 50 0.048 49.952
27 49.952 0.048 49.904
27 49.904 0.0048 49.8992
27 49.8992 0.16 49.7392
27 49.7392 0.0016 49.7376
28 49.952 0.048 49.904
26 50 0.048 49.952
31 50 0.048 49.952
33 50 0.048 49.952
25 50 0.048 49.952
32 50 0.048 49.952
29 50 0.048 49.952
34 49.952 0.048 49.904
30 50 0.048 49.952
27 49.9562 0.048 49.9082
28 50 0.048 49.952
34 50 0.048 49.952
33 50 0.048 49.952
28 49.952 0.048 49.904
26 50 0.048 49.952
31 50 0.048 49.952
33 49.952 0.048 49.904
25 50 0.048 49.952
32 50 0.048 49.952
29 50 0.048 49.952
34 49.952 0.048 49.904
30 50 0.048 49.952
27 50 0.048 49.952
28 50 0.048 49.952
34 50 0.048 49.952
33 50 0.048 49.952
28 49.952 0.048 49.904
26 50 0.048 49.952
31 50 0.048 49.952
33 49.952 0.048 49.904
25 50 0.048 49.952
32 50 0.048 49.952
29 50 0.048 49.952
34 49.952 0.048 49.904
30 50 0.048 49.952
27 50 0.048 49.952
28 50 0.048 49.952
34 50 0.048 49.952
33 50 0.048 49.952
28 49.952 0.048 49.904
26 50 0.048 49.952
31 50 0.048 49.952
33 49.952 0.048 49.904
25 50 0.048 49.952
32 50 0.048 49.952
29 50 0.048 49.952
34 49.952 0.048 49.904
30 50 0.048 49.952
27 50 0.048 49.952
28 50 0.048 49.952
34 50 0.048 49.952
32 49.952 0.0048 49.9472
32 49.9472 0.048 49.8992
34 49.952 0.0048 49.9472
33 50 0.048 49.952
28 49.952 0.048 49.904
26 50 0.048 49.952
31 50 0.048 49.952
33 49.952 0.048 49.904
25 50 0.048 49.952
32 50 0.048 49.952
34 49.9472 0.0048 49.9424
34 49.9424 0.048 49.8944
32 49.952 0.0048 49.9472
29 50 0.048 49.952
34 49.8944 0.048 49.8464
32 49.9472 0.0048 49.9424
30 50 0.048 49.952
27 50 0.048 49.952
28 50 0.048 49.952
34 50 0.048 49.952
32 49.9424 0.0048 49.9376
32 49.9376 0.048 49.8896
34 49.952 0.0048 49.9472
33 50 0.048 49.952
33 49.952 0.0048 49.9472
33 49.9472 0.16 49.7872
33 49.7872 0.0016 49.7856
28 49.952 0.048 49.904
26 50 0.048 49.952
31 50 0.048 49.952
33 49.7856 0.048 49.7376
25 50 0.048 49.952
32 50 0.048 49.952
29 50 0.048 49.952
34 49.9472 0.048 49.8992
30 50 0.048 49.952
27 50 0.048 49.952
28 50 0.048 49.952
34 50 0.048 49.952
28 49.952 0.048 49.904
26 50 0.048 49.952
31 50 0.048 49.952
33 50 0.048 49.952
25 50 0.048 49.952
32 50 0.048 49.952
29 50 0.048 49.952
34 49.952 0.048 49.904
34 49.904 0.0048 49.8992
34 49.8992 0.16 49.7392
34 49.7392 0.0016 49.7376
30 50 0.048 49.952
27 50 0.048 49.952
28 50 0.048 49.952
34 50 0.048 49.952
28 49.952 0.048 49.904
26 50 0.048 49.952
31 50 0.048 49.952
33 50 0.048 49.952
25 50 0.048 49.952
32 50 0.048 49.952
29 50 0.048 49.952
30 50 0.048 49.952
27 50 0.048 49.952
28 50 0.048 49.952
34 50 0.048 49.952
28 49.952 0.048 49.904
26 50 0.048 49.952
31 50 0.048 49.952
33 50 0.048 49.952
25 50 0.048 49.952
32 50 0.048 49.952
29 50 0.048 49.952
30 50 0.048 49.952
27 50 0.048 49.952
28 50 0.048 49.952
28 49.952 0.0048 49.9472
28 49.9472 0.16 49.7872
28 49.7872 0.0016 49.7856
34 50 0.048 49.952
28 49.7856 0.048 49.7376
26 50 0.048 49.952
31 50 0.048 49.952
33 50 0.048 49.952
25 50 0.048 49.952
32 50 0.048 49.952
29 50 0.048 49.952
30 50 0.048 49.952
27 50 0.048 49.952
34 50 0.048 49.952
28 49.9517 0.048 49.9037
26 50 0.048 49.952
31 50 0.048 49.952
33 50 0.048 49.952
25 50 0.048 49.952
32 50 0.048 49.952
29 50 0.048 49.952
30 50 0.048 49.952
27 50 0.048 49.952
26 49.952 0.048 49.904
34 50 0.048 49.952
28 50 0.048 49.952
26 50 0.048 49.952
31 50 0.048 49.952
33 50 0.048 49.952
25 50 0.048 49.952
32 50 0.048 49.952
34 49.952 0.0048 49.9472
34 49.9472 0.048 49.8992
32 49.952 0.0048 49.9472
29 50 0.048 49.952
30 50 0.048 49.952
27 50 0.048 49.952
26 49.952 0.048 49.904
34 50 0.048 49.952
28 50 0.048 49.952
26 50 0.048 49.952
31 50 0.048 49.952
33 50 0.048 49.952
25 50 0.048 49.952
32 50 0.048 49.952
29 50 0.048 49.952
30 50 0.048 49.952
27 50 0.048 49.952
26 49.952 0.048 49.904
34 50 0.048 49.952
28 50 0.048 49.952
26 50 0.048 49.952
31 50 0.048 49.952
33 50 0.048 49.952
25 50 0.048 49.952
32 50 0.048 49.952
29 50 0.048 49.952
30 50 0.048 49.952
27 50 0.048 49.952
26 49.952 0.048 49.904
34 50 0.048 49.952
28 50 0.048 49.952
26 50 0.048 49.952
31 50 0.048 49.952
33 50 0.048 49.952
25 50 0.048 49.952
32 50 0.048 49.952
29 50 0.048 49.952
34 49.952 0.048 49.904
30 50 0.048 49.952
27 50 0.048 49.952
26 49.952 0.048 49.904
34 50 0.048 49.952
32 49.952 0.0048 49.9472
32 49.9472 0.048 49.8992
34 49.952 0.0048 49.9472
28 50 0.048 49.952
26 50 0.048 49.952
31 50 0.048 49.952
33 50 0.048 49.952
25 50 0.048 49.952
32 50 0.048 49.952
34 49.9472 0.0048 49.9424
34 49.9424 0.048 49.8944
32 49.952 0.0048 49.9472
29 50 0.048 49.952
34 49.8944 0.048 49.8464
32 49.9472 0.0048 49.9424
30 50 0.048 49.952
27 50 0.048 49.952
26 49.952 0.048 49.904
34 50 0.048 49.952
32 49.9424 0.0048 49.9376
32 49.9376 0.048 49.8896
34 49.952 0.0048 49.9472
28 50 0.048 49.952
26 50 0.048 49.952
31 50 0.048 49.952
33 50 0.048 49.952
25 50 0.048 49.952
32 50 0.048 49.952
34 49.9472 0.0048 49.9424
34 49.9424 0.048 49.8944
32 49.952 0.0048 49.9472
29 50 0.048 49.952
34 49.8944 0.048 49.8464
32 49.9472 0.0048 49.9424
32 49.9424 0.048 49.8944
34 49.8464 0.0048 49.8416
34 49.8416 0.16 49.6816
32 49.8944 0.016 49.8784
32 49.8784 0.016 49.8624
34 49.6816 0.0016 49.68
32 49.8624 0.048 49.8144
34 49.68 0.0048 49.6752
30 50 0.048 49.952
27 50 0.048 49.952
26 49.952 0.048 49.904
34 50 0.048 49.952
28 50 0.048 49.952
26 50 0.048 49.952
31 50 0.048 49.952
33 50 0.048 49.952
25 50 0.048 49.952
32 50 0.048 49.952
29 50 0.048 49.952
32 49.952 0.048 49.904
32 49.904 0.0048 49.8992
32 49.8992 0.16 49.7392
32 49.7392 0.0016 49.7376
30 50 0.048 49.952
27 50 0.048 49.952
26 49.952 0.048 49.904
34 50 0.048 49.952
28 50 0.048 49.952
26 50 0.048 49.952
31 50 0.048 49.952
33 50 0.048 49.952
25 50 0.048 49.952
32 50 0.048 49.952
29 50 0.048 49.952
30 50 0.048 49.952
27 50 0.048 49.952
26 49.952 0.048 49.904
34 50 0.048 49.952
32 49.952 0.0048 49.9472
32 49.9472 0.048 49.8992
34 49.952 0.0048 49.9472
28 50 0.048 49.952
26 50 0.048 49.952
31 50 0.048 49.952
33 50 0.048 49.952
25 50 0.048 49.952
32 50 0.048 49.952
34 49.9472 0.0048 49.9424
34 49.9424 0.048 49.8944
32 49.952 0.0048 49.9472
29 50 0.048 49.952
30 50 0.048 49.952
27 50 0.048 49.952
26 49.952 0.048 49.904
34 50 0.048 49.952
32 49.9472 0.0048 49.9424
32 49.9424 0.048 49.8944
34 49.952 0.0048 49.9472
28 50 0.048 49.952
26 50 0.048 49.952
31 50 0.048 49.952
33 50 0.048 49.952
25 50 0.048 49.952
32 50 0.048 49.952
34 49.9472 0.0048 49.9424
34 49.9424 0.048 49.8944
32 49.952 0.0048 49.9472
29 50 0.048 49.952
30 50 0.048 49.952
27 50 0.048 49.952
26 49.952 0.048 49.904
34 50 0.048 49.952
32 49.9472 0.0048 49.9424
32 49.9424 0.048 49.8944
34 49.952 0.0048 49.9472
28 50 0.048 49.952
26 50 0.048 49.952
31 50 0.048 49.952
33 50 0.048 49.952
25 50 0.048 49.952
32 50 0.048 49.952
29 50 0.048 49.952
30 50 0.048 49.952
27 50 0.048 49.952
26 49.952 0.048 49.904
34 50 0.048 49.952
28 50 0.048 49.952
26 50 0.048 49.952
31 50 0.048 49.952
33 50 0.048 49.952
25 50 0.048 49.952
32 50 0.048 49.952
29 50 0.048 49.952
30 50 0.048 49.952
27 50 0.048 49.952
26 49.952 0.048 49.904
26 49.904 0.0048 49.8992
26 49.8992 0.16 49.7392
26 49.7392 0.0016 49.7376
34 50 0.048 49.952
28 50 0.048 49.952
26 49.9404 0.048 49.8924
31 50 0.048 49.952
33 50 0.048 49.952
25 50 0.048 49.952
32 50 0.048 49.952
34 49.952 0.0048 49.9472
34 49.9472 0.048 49.8992
32 49.952 0.0048 49.9472
29 50 0.048 49.952
30 50 0.048 49.952
27 50 0.048 49.952
34 50 0.048 49.952
32 49.9472 0.0048 49.9424
32 49.9424 0.048 49.8944
34 49.952 0.0048 49.9472
28 50 0.048 49.952
26 50 0.048 49.952
31 50 0.048 49.952
33 50 0.048 49.952
25 50 0.048 49.952
32 50 0.048 49.952
29 50 0.048 49.952
30 50 0.048 49.952
27 50 0.048 49.952
34 50 0.048 49.952
32 49.952 0.0048 49.9472
32 49.9472 0.048 49.8992
34 49.952 0.0048 49.9472
28 50 0.048 49.952
26 50 0.048 49.952
31 50 0.048 49.952
33 50 0.048 49.952
25 50 0.048 49.952
32 50 0.048 49.952
29 50 0.048 49.952
30 50 0.048 49.952
27 50 0.048 49.952
30 49.952 0.048 49.904
34 50 0.048 49.952
28 50 0.048 49.952
26 50 0.048 49.952
31 50 0.048 49.952
33 50 0.048 49.952
25 50 0.048 49.952
32 50 0.048 49.952
29 50 0.048 49.952
30 50 0.048 49.952
27 50 0.048 49.952
30 49.952 0.048 49.904
34 50 0.048 49.952
28 50 0.048 49.952
26 50 0.048 49.952
31 50 0.048 49.952
33 50 0.048 49.952
25 50 0.048 49.952
32 50 0.048 49.952
34 49.952 0.0048 49.9472
34 49.9472 0.048 49.8992
32 49.952 0.0048 49.9472
29 50 0.048 49.952
30 50 0.048 49.952
27 50 0.048 49.952
30 49.952 0.048 49.904
34 50 0.048 49.952
28 50 0.048 49.952
32 49.9472 0.048 49.8992
26 50 0.048 49.952
31 50 0.048 49.952
33 50 0.048 49.952
25 50 0.048 49.952
32 50 0.048 49.952
29 50 0.048 49.952
30 50 0.048 49.952
27 50 0.048 49.952
30 49.952 0.048 49.904
34 50 0.048 49.952
28 50 0.048 49.952
32 49.952 0.048 49.904
31 50 0.048 49.952
26 50 0.048 49.952
31 49.952 0.048 49.904
33 50 0.048 49.952
25 50 0.048 49.952
32 50 0.048 49.952
29 50 0.048 49.952
30 50 0.048 49.952
27 50 0.048 49.952
30 49.952 0.048 49.904
34 50 0.048 49.952
28 50 0.048 49.952
32 49.952 0.048 49.904
31 50 0.048 49.952
26 50 0.048 49.952
31 49.952 0.048 49.904
33 50 0.048 49.952
25 50 0.048 49.952
32 50 0.048 49.952
30 50 0.0048 49.9952
30 49.9952 0.048 49.9472
32 49.952 0.0048 49.9472
29 50 0.048 49.952
30 49.9472 0.048 49.8992
32 49.9472 0.0048 49.9424
32 49.9424 0.048 49.8944
30 49.8992 0.0048 49.8944
27 50 0.048 49.952
30 49.8944 0.048 49.8464
34 50 0.048 49.952
28 50 0.048 49.952
32 49.8944 0.048 49.8464
31 50 0.048 49.952
26 50 0.048 49.952
31 49.952 0.048 49.904
33 50 0.048 49.952
25 50 0.048 49.952
32 50 0.048 49.952
29 50 0.048 49.952
30 50 0.048 49.952
27 50 0.048 49.952
30 49.952 0.048 49.904
34 50 0.048 49.952
28 50 0.048 49.952
32 49.952 0.048 49.904
30 49.904 0.0048 49.8992
31 50 0.048 49.952
26 50 0.048 49.952
31 49.952 0.048 49.904
33 50 0.048 49.952
25 50 0.048 49.952
32 50 0.048 49.952
30 50 0.0048 49.9952
30 49.9952 0.048 49.9472
32 49.952 0.0048 49.9472
25 49.952 0.048 49.904
29 50 0.048 49.952
30 49.9472 0.048 49.8992
32 49.9472 0.0048 49.9424
32 49.9424 0.048 49.8944
30 49.8992 0.0048 49.8944
27 50 0.048 49.952
30 49.8944 0.048 49.8464
32 49.8944 0.0048 49.8896
34 50 0.048 49.952
28 50 0.048 49.952
32 49.8896 0.048 49.8416
30 49.8464 0.0048 49.8416
31 50 0.048 49.952
26 50 0.048 49.952
31 49.952 0.048 49.904
33 50 0.048 49.952
25 50 0.048 49.952
29 50 0.048 49.952
32 50 0.048 49.952
25 49.952 0.048 49.904
29 49.952 0.048 49.904
30 50 0.048 49.952
27 50 0.048 49.952
30 49.952 0.048 49.904
34 50 0.048 49.952
28 50 0.048 49.952
32 49.952 0.048 49.904
31 50 0.048 49.952
26 50 0.048 49.952
31 49.952 0.048 49.904
33 50 0.048 49.952
25 50 0.048 49.952
29 50 0.048 49.952
32 50 0.048 49.952
25 49.952 0.048 49.904
29 49.952 0.048 49.904
30 50 0.048 49.952
27 50 0.048 49.952
30 49.952 0.048 49.904
34 50 0.048 49.952
28 50 0.048 49.952
32 49.952 0.048 49.904
31 50 0.048 49.952
26 50 0.048 49.952
31 49.952 0.048 49.904
33 50 0.048 49.952
25 50 0.048 49.952
29 50 0.048 49.952
32 50 0.048 49.952
25 49.952 0.048 49.904
29 49.952 0.048 49.904
30 50 0.048 49.952
27 50 0.048 49.952
30 49.952 0.048 49.904
34 50 0.048 49.952
28 50 0.048 49.952
32 49.952 0.048 49.904
27 49.952 0.048 49.904
31 50 0.048 49.952
26 50 0.048 49.952
31 49.952 0.048 49.904
33 50 0.048 49.952
25 50 0.048 49.952
33 49.952 0.048 49.904
29 50 0.048 49.952
29 49.952 0.0048 49.9472
29 49.9472 0.16 49.7872
29 49.7872 0.0016 49.7856
32 50 0.048 49.952
25 49.952 0.048 49.904
29 49.7856 0.048 49.7376
30 50 0.048 49.952
27 50 0.048 49.952
30 49.952 0.048 49.904
34 50 0.048 49.952
28 50 0.048 49.952
32 49.952 0.048 49.904
27 49.952 0.048 49.904
31 50 0.048 49.952
26 50 0.048 49.952
31 49.952 0.048 49.904
33 50 0.048 49.952
25 50 0.048 49.952
33 49.952 0.048 49.904
32 50 0.048 49.952
25 49.952 0.048 49.904
29 50 0.048 49.952
30 50 0.048 49.952
27 50 0.048 49.952
30 49.952 0.048 49.904
34 50 0.048 49.952
28 50 0.048 49.952
32 49.952 0.048 49.904
27 49.952 0.048 49.904
31 50 0.048 49.952
26 50 0.048 49.952
31 49.952 0.048 49.904
33 50 0.048 49.952
25 50 0.048 49.952
33 49.952 0.048 49.904
32 50 0.048 49.952
25 49.952 0.048 49.904
29 50 0.048 49.952
30 50 0.048 49.952
27 50 0.048 49.952
30 49.952 0.048 49.904
34 50 0.048 49.952
28 50 0.048 49.952
32 49.952 0.048 49.904
27 49.952 0.048 49.904
31 50 0.048 49.952
26 50 0.048 49.952
31 49.952 0.048 49.904
33 50 0.048 49.952
25 50 0.048 49.952
33 49.952 0.048 49.904
32 50 0.048 49.952
25 49.952 0.048 49.904
29 50 0.048 49.952
30 50 0.048 49.952
27 50 0.048 49.952
30 49.952 0.048 49.904
30 49.904 0.0048 49.8992
30 49.8992 0.16 49.7392
30 49.7392 0.0016 49.7376
34 50 0.048 49.952
28 50 0.048 49.952
32 49.952 0.048 49.904
27 49.952 0.048 49.904
31 50 0.048 49.952
26 50 0.048 49.952
31 49.952 0.048 49.904
33 50 0.048 49.952
25 50 0.048 49.952
33 49.952 0.048 49.904
32 50 0.048 49.952
25 49.952 0.048 49.904
29 50 0.048 49.952
30 49.8678 0.048 49.8198
27 50 0.048 49.952
34 50 0.048 49.952
28 50 0.048 49.952
32 49.952 0.048 49.904
27 49.952 0.048 49.904
31 50 0.048 49.952
26 50 0.048 49.952
31 49.952 0.048 49.904
33 50 0.048 49.952
25 50 0.048 49.952
33 49.952 0.048 49.904
32 50 0.048 49.952
25 49.952 0.048 49.904
29 50 0.048 49.952
30 49.9801 0.048 49.9321
27 50 0.048 49.952
34 50 0.048 49.952
28 50 0.048 49.952
32 49.952 0.048 49.904
27 49.952 0.048 49.904
31 50 0.048 49.952
31 49.952 0.0048 49.9472
31 49.9472 0.16 49.7872
31 49.7872 0.0016 49.7856
26 50 0.048 49.952
31 49.7856 0.048 49.7376
33 50 0.048 49.952
25 50 0.048 49.952
33 49.952 0.048 49.904
32 50 0.048 49.952
25 49.952 0.048 49.904
29 50 0.048 49.952
30 50 0.048 49.952
27 50 0.048 49.952
34 50 0.048 49.952
28 50 0.048 49.952
32 49.952 0.048 49.904
27 49.952 0.048 49.904
26 50 0.048 49.952
31 50 0.048 49.952
33 50 0.048 49.952
25 50 0.048 49.952
33 49.952 0.048 49.904
32 50 0.048 49.952
25 49.952 0.048 49.904
25 49.904 0.0048 49.8992
25 49.8992 0.16 49.7392
25 49.7392 0.0016 49.7376
29 50 0.048 49.952
30 50 0.048 49.952
27 50 0.048 49.952
34 50 0.048 49.952
28 50 0.048 49.952
32 49.952 0.048 49.904
27 49.952 0.048 49.904
26 50 0.048 49.952
31 50 0.048 49.952
33 50 0.048 49.952
25 49.9751 0.048 49.9271
33 49.952 0.048 49.904
32 50 0.048 49.952
29 50 0.048 49.952
30 50 0.048 49.952
27 50 0.048 49.952
34 50 0.048 49.952
28 50 0.048 49.952
32 49.952 0.048 49.904
27 49.952 0.048 49.904
28 49.952 0.048 49.904
26 50 0.048 49.952
31 50 0.048 49.952
33 50 0.048 49.952
25 50 0.048 49.952
33 49.952 0.048 49.904
32 50 0.048 49.952
29 50 0.048 49.952
30 50 0.048 49.952
27 50 0.048 49.952
34 50 0.048 49.952
28 50 0.048 49.952
32 49.952 0.048 49.904
27 49.952 0.048 49.904
27 49.904 0.0048 49.8992
27 49.8992 0.16 49.7392
27 49.7392 0.0016 49.7376
28 49.952 0.048 49.904
26 50 0.048 49.952
31 50 0.048 49.952
33 50 0.048 49.952
25 50 0.048 49.952
33 49.952 0.048 49.904
32 50 0.048 49.952
29 50 0.048 49.952
30 50 0.048 49.952
27 49.9659 0.048 49.9179
34 50 0.048 49.952
28 50 0.048 49.952
32 49.952 0.048 49.904
28 49.952 0.048 49.904
26 50 0.048 49.952
31 50 0.048 49.952
33 50 0.048 49.952
25 50 0.048 49.952
33 49.952 0.048 49.904
32 50 0.048 49.952
29 50 0.048 49.952
30 50 0.048 49.952
27 50 0.048 49.952
34 50 0.048 49.952
28 50 0.048 49.952
32 49.952 0.048 49.904
28 49.952 0.048 49.904
26 50 0.048 49.952
31 50 0.048 49.952
33 50 0.048 49.952
25 50 0.048 49.952
33 49.952 0.048 49.904
32 50 0.048 49.952
29 50 0.048 49.952
30 50 0.048 49.952
27 50 0.048 49.952
34 50 0.048 49.952
28 50 0.048 49.952
32 49.952 0.048 49.904
28 49.952 0.048 49.904
26 50 0.048 49.952
31 50 0.048 49.952
33 50 0.048 49.952
25 50 0.048 49.952
33 49.952 0.048 49.904
34 49.952 0.048 49.904
32 50 0.048 49.952
29 50 0.048 49.952
30 50 0.048 49.952
27 50 0.048 49.952
34 50 0.048 49.952
28 50 0.048 49.952
32 49.952 0.048 49.904
28 49.952 0.048 49.904
26 50 0.048 49.952
31 50 0.048 49.952
33 50 0.048 49.952
25 50 0.048 49.952
33 49.952 0.048 49.904
34 49.952 0.048 49.904
32 50 0.048 49.952
29 50 0.048 49.952
30 50 0.048 49.952
27 50 0.048 49.952
34 50 0.048 49.952
28 50 0.048 49.952
32 49.952 0.048 49.904
28 49.952 0.048 49.904
26 50 0.048 49.952
31 50 0.048 49.952
33 50 0.048 49.952
25 50 0.048 49.952
33 49.952 0.048 49.904
34 49.952 0.048 49.904
32 50 0.048 49.952
29 50 0.048 49.952
30 50 0.048 49.952
27 50 0.048 49.952
34 50 0.048 49.952
28 50 0.048 49.952
32 49.952 0.048 49.904
28 49.952 0.048 49.904
26 50 0.048 49.952
31 50 0.048 49.952
33 50 0.048 49.952
25 50 0.048 49.952
33 49.952 0.048 49.904
34 49.952 0.048 49.904
32 50 0.048 49.952
29 50 0.048 49.952
30 50 0.048 49.952
27 50 0.048 49.952
34 50 0.048 49.952
28 50 0.048 49.952
32 49.952 0.048 49.904
28 49.952 0.048 49.904
28 49.904 0.0048 49.8992
28 49.8992 0.16 49.7392
28 49.7392 0.0016 49.7376
26 50 0.048 49.952
31 50 0.048 49.952
33 50 0.048 49.952
25 50 0.048 49.952
33 49.952 0.048 49.904
34 49.952 0.048 49.904
34 49.904 0.0048 49.8992
34 49.8992 0.16 49.7392
34 49.7392 0.0016 49.7376
32 50 0.048 49.952
29 50 0.048 49.952
30 50 0.048 49.952
27 50 0.048 49.952
34 50 0.048 49.952
28 50 0.048 49.952
32 49.952 0.048 49.904
26 50 0.048 49.952
31 50 0.048 49.952
33 50 0.048 49.952
25 50 0.048 49.952
33 49.952 0.048 49.904
32 50 0.048 49.952
29 50 0.048 49.952
30 50 0.048 49.952
27 50 0.048 49.952
34 50 0.048 49.952
32 49.952 0.0048 49.9472
32 49.9472 0.048 49.8992
34 49.952 0.0048 49.9472
26 49.952 0.048 49.904
28 50 0.048 49.952
32 49.8992 0.048 49.8512
34 49.9472 0.0048 49.9424
26 50 0.048 49.952
31 50 0.048 49.952
33 50 0.048 49.952
25 50 0.048 49.952
33 49.952 0.048 49.904
32 50 0.048 49.952
29 50 0.048 49.952
30 50 0.048 49.952
27 50 0.048 49.952
34 50 0.048 49.952
26 49.952 0.048 49.904
28 50 0.048 49.952
32 49.952 0.048 49.904
26 50 0.048 49.952
31 50 0.048 49.952
33 50 0.048 49.952
25 50 0.048 49.952
33 49.952 0.048 49.904
32 50 0.048 49.952
29 50 0.048 49.952
30 50 0.048 49.952
27 50 0.048 49.952
34 50 0.048 49.952
32 49.952 0.0048 49.9472
32 49.9472 0.048 49.8992
34 49.952 0.0048 49.9472
26 49.952 0.048 49.904
28 50 0.048 49.952
32 49.8992 0.048 49.8512
34 49.9472 0.0048 49.9424
34 49.9424 0.048 49.8944
32 49.8512 0.0048 49.8464
32 49.8464 0.16 49.6864
34 49.8944 0.016 49.8784
34 49.8784 0.016 49.8624
32 49.6864 0.0016 49.6848
34 49.8624 0.048 49.8144
32 49.6848 0.0048 49.68
26 50 0.048 49.952
31 50 0.048 49.952
33 50 0.048 49.952
25 50 0.048 49.952
33 49.952 0.048 49.904
32 49.9007 0.048 49.8527
34 49.8144 0.0048 49.8096
34 49.8096 0.048 49.7616
32 49.8527 0.0048 49.8479
29 50 0.048 49.952
30 50 0.048 49.952
27 50 0.048 49.952
34 50 0.048 49.952
32 49.8479 0.0048 49.8431
32 49.8431 0.048 49.7951
34 49.952 0.0048 49.9472
26 49.952 0.048 49.904
28 50 0.048 49.952
34 49.9472 0.048 49.8992
32 49.7951 0.0048 49.7903
26 50 0.048 49.952
31 50 0.048 49.952
33 50 0.048 49.952
25 50 0.048 49.952
33 49.952 0.048 49.904
32 49.9539 0.048 49.9059
34 49.8992 0.0048 49.8944
34 49.8944 0.048 49.8464
32 49.9059 0.0048 49.9011
29 50 0.048 49.952
30 50 0.048 49.952
27 50 0.048 49.952
34 50 0.048 49.952
32 49.9011 0.0048 49.8963
32 49.8963 0.048 49.8483
34 49.952 0.0048 49.9472
26 49.952 0.048 49.904
28 50 0.048 49.952
34 49.9472 0.048 49.8992
32 49.8483 0.0048 49.8435
26 50 0.048 49.952
31 50 0.048 49.952
33 50 0.048 49.952
25 50 0.048 49.952
33 49.952 0.048 49.904
32 50 0.048 49.952
29 50 0.048 49.952
30 50 0.048 49.952
27 50 0.048 49.952
34 50 0.048 49.952
32 49.952 0.0048 49.9472
32 49.9472 0.048 49.8992
34 49.952 0.0048 49.9472
26 49.952 0.048 49.904
28 50 0.048 49.952
34 49.9472 0.048 49.8992
32 49.8992 0.0048 49.8944
26 50 0.048 49.952
31 50 0.048 49.952
33 50 0.048 49.952
25 50 0.048 49.952
33 49.952 0.048 49.904
32 50 0.048 49.952
29 50 0.048 49.952
30 50 0.048 49.952
27 50 0.048 49.952
34 50 0.048 49.952
26 49.952 0.048 49.904
28 50 0.048 49.952
34 49.952 0.048 49.904
26 50 0.048 49.952
31 50 0.048 49.952
33 50 0.048 49.952
25 50 0.048 49.952
33 49.952 0.048 49.904
33 49.904 0.0048 49.8992
33 49.8992 0.16 49.7392
33 49.7392 0.0016 49.7376
32 50 0.048 49.952
29 50 0.048 49.952
30 50 0.048 49.952
27 50 0.048 49.952
34 50 0.048 49.952
26 49.952 0.048 49.904
28 50 0.048 49.952
34 49.952 0.048 49.904
26 50 0.048 49.952
31 50 0.048 49.952
33 49.9999 0.048 49.9519
25 50 0.048 49.952
32 50 0.048 49.952
29 50 0.048 49.952
30 50 0.048 49.952
27 50 0.048 49.952
34 50 0.048 49.952
26 49.952 0.048 49.904
28 50 0.048 49.952
34 49.952 0.048 49.904
26 50 0.048 49.952
31 50 0.048 49.952
33 50 0.048 49.952
25 50 0.048 49.952
32 50 0.048 49.952
29 50 0.048 49.952
30 50 0.048 49.952
27 50 0.048 49.952
34 50 0.048 49.952
26 49.952 0.048 49.904
28 50 0.048 49.952
34 49.952 0.048 49.904
26 50 0.048 49.952
31 50 0.048 49.952
33 50 0.048 49.952
25 50 0.048 49.952
32 50 0.048 49.952
29 50 0.048 49.952
30 50 0.048 49.952
27 50 0.048 49.952
34 50 0.048 49.952
26 49.952 0.048 49.904
28 50 0.048 49.952
34 49.952 0.048 49.904
26 50 0.048 49.952
31 50 0.048 49.952
33 50 0.048 49.952
25 50 0.048 49.952
32 50 0.048 49.952
29 50 0.048 49.952
30 50 0.048 49.952
27 50 0.048 49.952
34 50 0.048 49.952
26 49.952 0.048 49.904
28 50 0.048 49.952
34 49.952 0.048 49.904
26 50 0.048 49.952
31 50 0.048 49.952
33 50 0.048 49.952
25 50 0.048 49.952
32 50 0.048 49.952
29 50 0.048 49.952
30 50 0.048 49.952
27 50 0.048 49.952
34 50 0.048 49.952
26 49.952 0.048 49.904
28 50 0.048 49.952
34 49.952 0.048 49.904
26 50 0.048 49.952
31 50 0.048 49.952
33 50 0.048 49.952
25 50 0.048 49.952
32 50 0.048 49.952
29 50 0.048 49.952
30 50 0.048 49.952
27 50 0.048 49.952
34 50 0.048 49.952
26 49.952 0.048 49.904
28 50 0.048 49.952
34 49.952 0.048 49.904
26 50 0.048 49.952
31 50 0.048 49.952
33 50 0.048 49.952
25 50 0.048 49.952
32 50 0.048 49.952
29 50 0.048 49.952
30 50 0.048 49.952
27 50 0.048 49.952
34 50 0.048 49.952
32 49.952 0.0048 49.9472
32 49.9472 0.048 49.8992
34 49.952 0.0048 49.9472
26 49.952 0.048 49.904
28 50 0.048 49.952
34 49.9472 0.048 49.8992
32 49.8992 0.0048 49.8944
26 50 0.048 49.952
31 50 0.048 49.952
33 50 0.048 49.952
25 50 0.048 49.952
32 50 0.048 49.952
34 49.8992 0.0048 49.8944
34 49.8944 0.048 49.8464
32 49.952 0.0048 49.9472
29 50 0.048 49.952
30 50 0.048 49.952
27 50 0.048 49.952
34 50 0.048 49.952
26 49.952 0.048 49.904
28 50 0.048 49.952
34 49.952 0.048 49.904
29 49.952 0.048 49.904
26 50 0.048 49.952
31 50 0.048 49.952
33 50 0.048 49.952
25 50 0.048 49.952
32 50 0.048 49.952
29 50 0.048 49.952
30 50 0.048 49.952
27 50 0.048 49.952
34 50 0.048 49.952
26 49.952 0.048 49.904
28 50 0.048 49.952
34 49.952 0.048 49.904
29 49.952 0.048 49.904
30 50 0.048 49.952
30 49.952 0.0048 49.9472
30 49.9472 0.16 49.7872
30 49.7872 0.0016 49.7856
26 50 0.048 49.952
31 50 0.048 49.952
33 50 0.048 49.952
25 50 0.048 49.952
32 50 0.048 49.952
27 49.952 0.048 49.904
29 50 0.048 49.952
30 49.7856 0.048 49.7376
27 50 0.048 49.952
34 50 0.048 49.952
26 49.952 0.048 49.904
28 50 0.048 49.952
34 49.952 0.048 49.904
29 49.952 0.048 49.904
29 49.904 0.0048 49.8992
29 49.8992 0.16 49.7392
29 49.7392 0.0016 49.7376
26 50 0.048 49.952
31 50 0.048 49.952
33 50 0.048 49.952
25 50 0.048 49.952
32 50 0.048 49.952
27 49.952 0.048 49.904
29 50 0.048 49.952
30 50 0.048 49.952
27 50 0.048 49.952
34 50 0.048 49.952
26 49.952 0.048 49.904
26 49.904 0.0048 49.8992
26 49.8992 0.16 49.7392
26 49.7392 0.0016 49.7376
28 50 0.048 49.952
34 49.952 0.048 49.904
26 49.8421 0.048 49.7941
31 50 0.048 49.952
33 50 0.048 49.952
25 50 0.048 49.952
32 50 0.048 49.952
27 49.952 0.048 49.904
29 50 0.048 49.952
30 50 0.048 49.952
27 50 0.048 49.952
34 50 0.048 49.952
28 50 0.048 49.952
34 49.952 0.048 49.904
26 50 0.048 49.952
31 50 0.048 49.952
33 50 0.048 49.952
25 50 0.048 49.952
32 50 0.048 49.952
27 49.952 0.048 49.904
29 50 0.048 49.952
30 50 0.048 49.952
27 50 0.048 49.952
34 50 0.048 49.952
28 50 0.048 49.952
34 49.952 0.048 49.904
26 50 0.048 49.952
31 50 0.048 49.952
33 50 0.048 49.952
25 50 0.048 49.952
32 50 0.048 49.952
27 49.952 0.048 49.904
29 50 0.048 49.952
30 50 0.048 49.952
27 50 0.048 49.952
34 50 0.048 49.952
28 50 0.048 49.952
34 49.952 0.048 49.904
26 50 0.048 49.952
31 50 0.048 49.952
33 50 0.048 49.952
25 50 0.048 49.952
32 50 0.048 49.952
27 49.952 0.048 49.904
29 50 0.048 49.952
30 50 0.048 49.952
27 50 0.048 49.952
34 50 0.048 49.952
28 50 0.048 49.952
34 49.952 0.048 49.904
26 50 0.048 49.952
31 50 0.048 49.952
33 50 0.048 49.952
25 50 0.048 49.952
32 50 0.048 49.952
27 49.952 0.048 49.904
29 50 0.048 49.952
30 50 0.048 49.952
27 50 0.048 49.952
34 50 0.048 49.952
28 50 0.048 49.952
34 49.952 0.048 49.904
26 50 0.048 49.952
31 50 0.048 49.952
33 50 0.048 49.952
25 50 0.048 49.952
32 50 0.048 49.952
27 49.952 0.048 49.904
29 50 0.048 49.952
30 50 0.048 49.952
27 50 0.048 49.952
34 50 0.048 49.952
28 50 0.048 49.952
34 49.952 0.048 49.904
26 50 0.048 49.952
31 50 0.048 49.952
33 50 0.048 49.952
25 50 0.048 49.952
32 50 0.048 49.952
27 49.952 0.048 49.904
29 50 0.048 49.952
30 50 0.048 49.952
27 50 0.048 49.952
34 50 0.048 49.952
28 50 0.048 49.952
34 49.952 0.048 49.904
26 50 0.048 49.952
31 50 0.048 49.952
33 50 0.048 49.952
25 50 0.048 49.952
32 50 0.048 49.952
27 49.952 0.048 49.904
29 50 0.048 49.952
30 50 0.048 49.952
27 50 0.048 49.952
34 50 0.048 49.952
28 50 0.048 49.952
34 49.952 0.048 49.904
26 50 0.048 49.952
31 50 0.048 49.952
33 50 0.048 49.952
25 50 0.048 49.952
32 50 0.048 49.952
27 49.952 0.048 49.904
29 50 0.048 49.952
30 50 0.048 49.952
27 50 0.048 49.952
34 50 0.048 49.952
28 50 0.048 49.952
34 49.952 0.048 49.904
31 50 0.048 49.952
31 49.952 0.0048 49.9472
31 49.9472 0.16 49.7872
31 49.7872 0.0016 49.7856
26 50 0.048 49.952
31 49.7856 0.048 49.7376
33 50 0.048 49.952
25 50 0.048 49.952
32 50 0.048 49.952
27 49.952 0.048 49.904
29 50 0.048 49.952
30 50 0.048 49.952
27 50 0.048 49.952
34 50 0.048 49.952
28 50 0.048 49.952
34 49.952 0.048 49.904
26 50 0.048 49.952
31 50 0.048 49.952
33 50 0.048 49.952
25 50 0.048 49.952
32 50 0.048 49.952
27 49.952 0.048 49.904
29 50 0.048 49.952
30 50 0.048 49.952
27 50 0.048 49.952
34 50 0.048 49.952
28 50 0.048 49.952
34 49.952 0.048 49.904
26 50 0.048 49.952
31 50 0.048 49.952
33 50 0.048 49.952
25 50 0.048 49.952
32 50 0.048 49.952
27 49.952 0.048 49.904
29 50 0.048 49.952
30 50 0.048 49.952
27 50 0.048 49.952
34 50 0.048 49.952
28 50 0.048 49.952
34 49.952 0.048 49.904
34 49.904 0.0048 49.8992
34 49.8992 0.16 49.7392
34 49.7392 0.0016 49.7376
26 50 0.048 49.952
31 50 0.048 49.952
33 50 0.048 49.952
25 50 0.048 49.952
32 50 0.048 49.952
30 50 0.0048 49.9952
30 49.9952 0.048 49.9472
32 49.952 0.0048 49.9472
27 49.952 0.048 49.904
29 50 0.048 49.952
30 49.9472 0.048 49.8992
32 49.9472 0.0048 49.9424
32 49.9424 0.048 49.8944
30 49.8992 0.0048 49.8944
27 50 0.048 49.952
34 50 0.048 49.952
28 50 0.048 49.952
26 50 0.048 49.952
31 50 0.048 49.952
33 50 0.048 49.952
25 50 0.048 49.952
32 50 0.048 49.952
30 50 0.0048 49.9952
30 49.9952 0.048 49.9472
32 49.952 0.0048 49.9472
27 49.952 0.048 49.904
29 50 0.048 49.952
30 49.9472 0.048 49.8992
32 49.9472 0.0048 49.9424
32 49.9424 0.048 49.8944
30 49.8992 0.0048 49.8944
27 50 0.048 49.952
34 50 0.048 49.952
28 50 0.048 49.952
26 50 0.048 49.952
31 50 0.048 49.952
33 50 0.048 49.952
25 50 0.048 49.952
32 50 0.048 49.952
30 50 0.0048 49.9952
30 49.9952 0.048 49.9472
34 49.952 0.0048 49.9472
34 49.9472 0.048 49.8992
32 49.952 0.0048 49.9472
32 49.9472 0.0048 49.9424
27 49.952 0.048 49.904
29 50 0.048 49.952
30 49.9472 0.048 49.8992
32 49.9424 0.0048 49.9376
32 49.9376 0.048 49.8896
30 49.8992 0.0048 49.8944
27 50 0.048 49.952
34 50 0.048 49.952
32 49.8896 0.0048 49.8848
32 49.8848 0.048 49.8368
34 49.952 0.0048 49.9472
28 50 0.048 49.952
26 50 0.048 49.952
31 50 0.048 49.952
33 50 0.048 49.952
25 50 0.048 49.952
32 50 0.048 49.952
27 49.952 0.048 49.904
32 49.952 0.048 49.904
29 50 0.048 49.952
30 50 0.048 49.952
27 50 0.048 49.952
34 50 0.048 49.952
28 50 0.048 49.952
26 50 0.048 49.952
31 50 0.048 49.952
33 50 0.048 49.952
25 50 0.048 49.952
32 50 0.048 49.952
27 49.952 0.048 49.904
32 49.952 0.048 49.904
29 50 0.048 49.952
30 50 0.048 49.952
27 50 0.048 49.952
34 50 0.048 49.952
28 50 0.048 49.952
26 50 0.048 49.952
31 50 0.048 49.952
33 50 0.048 49.952
25 50 0.048 49.952
32 50 0.048 49.952
27 49.952 0.048 49.904
32 49.952 0.048 49.904
29 50 0.048 49.952
30 50 0.048 49.952
27 50 0.048 49.952
34 50 0.048 49.952
32 49.904 0.0048 49.8992
32 49.8992 0.048 49.8512
34 49.952 0.0048 49.9472
28 50 0.048 49.952
26 50 0.048 49.952
31 50 0.048 49.952
33 50 0.048 49.952
25 50 0.048 49.952
32 50 0.048 49.952
27 49.952 0.048 49.904
32 49.952 0.048 49.904
32 49.904 0.0048 49.8992
32 49.8992 0.16 49.7392
32 49.7392 0.0016 49.7376
29 50 0.048 49.952
30 50 0.048 49.952
32 49.7376 0.0048 49.7328
32 49.7328 0.048 49.6848
30 49.952 0.0048 49.9472
27 50 0.048 49.952
34 50 0.048 49.952
28 50 0.048 49.952
26 50 0.048 49.952
31 50 0.048 49.952
33 50 0.048 49.952
25 50 0.048 49.952
32 50 0.048 49.952
30 50 0.0048 49.9952
30 49.9952 0.048 49.9472
32 49.952 0.0048 49.9472
27 49.952 0.048 49.904
29 50 0.048 49.952
30 49.9472 0.048 49.8992
32 49.9472 0.0048 49.9424
32 49.9424 0.048 49.8944
30 49.8992 0.0048 49.8944
27 50 0.048 49.952
34 50 0.048 49.952
28 50 0.048 49.952
25 49.952 0.048 49.904
26 50 0.048 49.952
31 50 0.048 49.952
33 50 0.048 49.952
25 50 0.048 49.952
32 50 0.048 49.952
27 49.952 0.048 49.904
29 50 0.048 49.952
30 50 0.048 49.952
27 50 0.048 49.952
34 50 0.048 49.952
28 50 0.048 49.952
25 49.952 0.048 49.904
26 50 0.048 49.952
31 50 0.048 49.952
33 50 0.048 49.952
25 50 0.048 49.952
32 50 0.048 49.952
27 49.952 0.048 49.904
27 49.904 0.0048 49.8992
27 49.8992 0.16 49.7392
27 49.7392 0.0016 49.7376
29 50 0.048 49.952
30 50 0.048 49.952
27 49.8566 0.048 49.8086
34 50 0.048 49.952
33 50 0.048 49.952
33 49.952 0.0048 49.9472
33 49.9472 0.16 49.7872
33 49.7872 0.0016 49.7856
28 50 0.048 49.952
25 49.952 0.048 49.904
26 50 0.048 49.952
31 50 0.048 49.952
33 49.7856 0.048 49.7376
25 50 0.048 49.952
32 50 0.048 49.952
29 50 0.048 49.952
30 50 0.048 49.952
27 50 0.048 49.952
34 50 0.048 49.952
28 50 0.048 49.952
25 49.952 0.048 49.904
26 50 0.048 49.952
31 50 0.048 49.952
33 49.9454 0.048 49.8974
25 50 0.048 49.952
32 50 0.048 49.952
34 49.952 0.0048 49.9472
34 49.9472 0.048 49.8992
32 49.952 0.0048 49.9472
