59 5602 2.00492
62 5603 2.01807
42 5604 2.05444
70 5606 2.08154
74 5607 2.11525
78 5609 2.19024
68 5610 2.22284
54 5611 2.26557
38 5612 2.27003
67 5616 2.49144
37 5617 2.55821
33 5618 2.57182
29 5620 2.58961
66 5621 2.59065
77 5622 2.62018
53 5623 2.62031
40 5624 2.62977
34 5626 2.68521
64 5627 2.69362
79 5628 2.74786
81 5632 2.99059
51 5633 3.00204
27 5634 3.01752
46 5635 3.07351
43 5638 3.19092
41 5639 3.20017
49 5640 3.22224
52 5642 3.33262
35 5643 3.35476
50 5645 3.39864
84 5646 3.42595
76 5647 3.45887
44 5649 3.49989
60 5650 3.50409
30 5651 3.54484
82 5653 3.65285
25 5655 3.70668
48 5656 3.72327
71 5657 3.77792
39 5659 3.78323
31 5660 3.86224
69 5661 3.87002
47 5662 3.87889
57 5664 3.92213
56 5666 4.03776
63 5669 4.18894
80 5670 4.19322
75 5671 4.23063
36 5672 4.23682
58 5673 4.26579
32 5675 4.32626
61 5677 4.39524
65 5678 4.45412
73 5681 4.61683
38 5682 4.67364
29 5685 4.80741
26 5686 4.83922
66 5687 4.84233
55 5688 4.85096
72 5689 4.86972
45 5691 4.95199
83 5692 4.96858
53 5694 5.01903
37 5700 5.5373
67 5703 5.7191
35 5706 5.92165
43 5707 5.92236
54 5710 6.08143
52 5711 6.17104
34 5714 6.29359
70 5715 6.37979
39 5717 6.4401
77 5720 6.62289
33 5721 6.66649
32 5723 6.76573
56 5724 6.76857
44 5727 6.92187
51 5729 7.0468
47 5732 7.18352
68 5733 7.20322
62 5734 7.21615
78 5735 7.21857
69 5736 7.25857
50 5737 7.26322
57 5739 7.30718
61 5740 7.32752
42 5741 7.35092
79 5743 7.39427
40 5744 7.4358
27 5746 7.54354
55 5747 7.55411
26 5749 7.65877
31 5751 7.68597
30 5752 7.76692
71 5754 7.8224
41 5755 7.86906
48 5756 7.87892
76 5758 7.88941
46 5759 7.90124
49 5760 7.95078
60 5762 8.03163
53 5765 8.19186
83 5766 8.23699
65 5768 8.36278
74 5769 8.36807
37 5773 8.66178
58 5774 8.66522
63 5775 8.67475
34 5777 8.72022
80 5778 8.72473
73 5780 8.80895
28 5781 8.81232
43 5784 8.99266
36 5787 9.18705
72 5788 9.21922
39 5789 9.27659
38 5792 9.44388
62 5794 9.54293
67 5796 9.64664
29 5797 9.66538
79 5799 9.72551
45 5801 9.84304
81 5803 9.91846
32 5805 9.98441
61 5806 10.0138
52 5808 10.0969
48 5811 10.2982
71 5812 10.3706
57 5814 10.402
42 5815 10.4752
59 5818 10.6706
77 5820 10.7277
51 5821 10.739
33 5822 10.7587
35 5824 10.789
49 5826 10.8953
37 5827 10.8976
66 5829 11.0033
74 5830 11.0215
84 5832 11.1571
31 5835 11.2809
46 5836 11.2935
50 5838 11.4039
47 5839 11.4167
56 5841 11.5
72 5842 11.5352
65 5843 11.558
26 5844 11.5649
70 5846 11.6765
73 5848 11.686
64 5849 11.7391
44 5852 11.9238
58 5853 11.936
69 5854 11.9792
68 5856 12.0232
55 5857 12.0374
75 5861 12.3437
76 5863 12.4033
43 5864 12.4306
82 5865 12.4495
71 5867 12.5304
78 5868 12.549
38 5870 12.6491
33 5873 12.8759
83 5875 12.9706
60 5876 12.973
52 5878 13.0034
61 5879 13.0251
53 5880 13.0413
51 5882 13.1507
54 5884 13.1876
48 5885 13.231
34 5887 13.3467
35 5889 13.395
30 5890 13.4773
27 5892 13.5085
41 5893 13.5275
25 5895 13.6529
63 5897 13.7168
47 5900 13.9548
39 5903 14.1202
28 5905 14.2503
29 5907 14.3668
36 5908 14.3784
62 5910 14.4713
37 5912 14.552
45 5916 14.8493
67 5917 14.8584
