30 4566 0 100 1.40041e-07 2.21815 2.21815
43 4569 0 100 1.16701e-08 2.41985 2.41985
39 4572 0 100 0.2 2.59903 2.79903
35 4574 0 100 0.2 2.62784 2.82784
38 4564 0 100 0.8 2.11999 2.91999
29 4579 0 100 4.66804e-08 3.0048 3.0048
33 4581 0 100 1.51711e-07 3.07762 3.07762
28 4578 0 100 0.3 2.99795 3.29795
41 4571 0 100 0.8 2.55599 3.35599
40 4585 0 100 0.6 3.304 3.904
36 4589 0 100 0.4 3.60159 4.00159
26 4594 0 100 0.3 3.78471 4.08471
31 4582 0 100 1.2 3.09783 4.29783
37 4593 0 100 0.6 3.77957 4.37957
25 4607 0 100 0.1 4.82971 4.92971
38 4610 0 100 1.16701e-08 4.95879 4.95879
27 4591 0 100 1.5 3.62054 5.12054
42 4608 0 100 0.7 4.84304 5.54304
39 4614 0 100 0.3 5.2837 5.5837
30 4617 0 100 0.3 5.45922 5.75922
35 4619 0 100 1.4 5.60801 7.00801
43 4638 0 100 4.66804e-08 7.01801 7.01802
34 4630 0 100 0.5 6.54851 7.04851
40 4639 0 100 0.2 7.0189 7.2189
44 4598 0 100 3.2 4.05255 7.25255
44 4643 0 100 0.1 7.29665 7.39665
29 4644 0 100 0.1 7.29696 7.39696
33 4632 0 100 1.1 6.65211 7.75211
36 4633 0 100 1.1 6.71162 7.81162
41 4641 0 100 1.1 7.11569 8.21569
30 4653 0 100 0.6 7.91675 8.51675
31 4646 0 100 1.2 7.38619 8.58619
42 4656 0 100 0.5 8.19379 8.69379
32 4663 0 100 0.4 8.66503 9.06503
26 4659 0 100 0.8 8.34701 9.14701
37 4664 0 100 0.5 8.70028 9.20028
25 4665 0 100 0.5 8.70145 9.20145
39 4673 0 100 0.2 9.33421 9.53421
29 4676 0 100 1.16701e-07 9.55388 9.55388
38 4678 0 100 0.4 9.67013 10.0701
27 4679 0 100 0.5 9.67163 10.1716
43 4695 0 100 0.1 10.9264 11.0264
44 4687 0 100 1.3 10.3401 11.6401
30 4706 0 100 0.3 11.7147 12.0147
37 4713 0 100 0.1 11.9869 12.0869
28 4694 0 100 1.3 10.9248 12.2248
36 4719 0 100 5.83505e-08 12.3487 12.3487
40 4708 0 100 0.8 11.8433 12.6433
39 4724 0 100 3.50103e-08 12.7452 12.7452
34 4709 0 100 1 11.877 12.877
42 4699 0 100 1.6 11.2986 12.8986
33 4717 0 100 0.7 12.2858 12.9858
44 4725 0 100 0.3 12.7845 13.0845
25 4704 0 100 1.6 11.6158 13.2158
31 4731 0 100 0.1 13.2651 13.3651
35 4712 0 100 1.4 11.9847 13.3847
41 4711 0 100 1.5 11.9636 13.4636
38 4733 0 100 0.1 13.3655 13.4655
29 4735 0 100 0.3 13.4867 13.7867
26 4741 0 100 0.1 13.8654 13.9654
43 4738 0 100 0.3 13.673 13.973
28 4751 0 100 8.16907e-08 14.7964 14.7964
