27 4382 0 100 0.2 2.22477 2.42477
34 4384 0 100 0.3 2.36867 2.66867
28 4390 0 100 0.4 2.76744 3.16744
33 4387 0 100 0.8 2.57066 3.37066
26 4404 0 100 1.16701e-07 3.86301 3.86301
29 4399 0 100 0.4 3.49186 3.89186
31 4401 0 100 0.5 3.65785 4.15785
25 4407 0 100 0.6 4.01302 4.61302
30 4411 0 100 1 4.26941 5.26941
27 4422 0 100 0.1 5.24317 5.34317
33 4426 0 100 0.4 5.43615 5.83615
32 4410 0 100 1.8 4.20351 6.00351
28 4424 0 100 0.9 5.33076 6.23076
34 4442 0 100 0.3 6.80613 7.10613
26 4437 0 100 1.2 6.43322 7.63322
29 4466 0 100 0.3 8.68679 8.98679
30 4454 0 100 1.4 7.9309 9.3309
31 4459 0 100 1.3 8.27763 9.57763
25 4464 0 100 1.1 8.59638 9.69638
27 4469 0 100 1 8.96028 9.96028
28 4480 0 100 0.8 9.86346 10.6635
34 4486 0 100 0.4 10.2868 10.6868
33 4470 0 100 2.5 8.9862 11.4862
30 4510 0 100 4.66804e-08 12.4662 12.4662
29 4508 0 100 0.2 12.3646 12.5646
26 4492 0 100 1.8 10.842 12.642
31 4523 0 100 1.28371e-07 13.5597 13.5597
32 4457 0 100 5.7 8.15486 13.8549
32 4531 0 100 0.3 14.1979 14.4979
27 4512 0 100 2.3 12.4963 14.7963
33 4539 0 100 1.51711e-07 14.8445 14.8445
