27 4382 2.22477
34 4384 2.36867
33 4387 2.57066
28 4390 2.76744
29 4399 3.49186
31 4401 3.65785
26 4404 3.86301
25 4407 4.01302
32 4410 4.20351
30 4411 4.26941
27 4422 5.24317
28 4424 5.33076
33 4426 5.43615
26 4437 6.43322
34 4442 6.80613
30 4454 7.9309
32 4457 8.15486
31 4459 8.27763
25 4464 8.59638
29 4466 8.68679
27 4469 8.96028
33 4470 8.9862
28 4480 9.86346
34 4486 10.2868
26 4492 10.842
29 4508 12.3646
30 4510 12.4662
27 4512 12.4963
31 4523 13.5597
32 4531 14.1979
25 4536 14.6455
33 4539 14.8445
