0 5582
0 5583
0 5584
0 5585
0 5586
0 5587
0 5588
0 5589
0 5590
0 5591
0 5592
0 5593
0 5594
0 5595
0 5596
0 5597
0 5598
0 5599
0 5600
0 5601
0 5605
59 5602
1 5602
0 5608
62 5603
38 5612
9 5612
8 5612
7 5612
6 5612
5 5612
4 5612
3 5612
2 5612
1 5612
0 5613
78 5609
3 5609
2 5609
1 5609
48 5603
75 5603
24 5603
0 5614
42 5604
0 5615
0 5619
66 5621
15 5621
16 5621
17 5621
18 5621
19 5621
20 5621
21 5621
22 5621
23 5621
24 5621
53 5623
68 5610
5 5610
4 5610
3 5610
2 5610
1 5610
56 5604
22 5604
23 5604
24 5604
0 5625
70 5606
8 5606
7 5606
6 5606
5 5606
4 5606
3 5606
2 5606
1 5606
82 5623
16 5623
17 5623
18 5623
19 5623
20 5623
21 5623
22 5623
23 5623
24 5623
79 5628
54 5611
0 5629
29 5620
17 5620
18 5620
19 5620
20 5620
21 5620
22 5620
23 5620
24 5620
64 5627
57 5628
37 5617
33 5618
16 5618
17 5618
18 5618
19 5618
20 5618
21 5618
22 5618
23 5618
24 5618
0 5630
40 5624
38 5628
27 5628
12 5628
11 5628
10 5628
9 5628
8 5628
7 5628
6 5628
5 5628
4 5628
3 5628
2 5628
1 5628
69 5617
21 5617
22 5617
23 5617
24 5617
0 5631
34 5626
6 5626
5 5626
4 5626
3 5626
2 5626
1 5626
27 5634
0 5636
51 5633
0 5637
47 5624
0 5641
67 5616
20 5616
21 5616
22 5616
23 5616
24 5616
79 5634
69 5624
23 5624
24 5624
35 5643
61 5643
13 5643
14 5643
15 5643
16 5643
17 5643
18 5643
19 5643
20 5643
21 5643
22 5643
23 5643
24 5643
0 5644
43 5638
53 5633
66 5633
19 5633
20 5633
21 5633
22 5633
23 5633
24 5633
57 5634
49 5640
52 5642
13 5642
14 5642
15 5642
16 5642
17 5642
18 5642
19 5642
20 5642
21 5642
22 5642
23 5642
24 5642
0 5648
82 5638
43 5640
20 5640
21 5640
22 5640
23 5640
24 5640
76 5647
0 5652
53 5638
20 5638
21 5638
22 5638
23 5638
24 5638
45 5647
4 5647
3 5647
2 5647
1 5647
0 5654
60 5650
5 5650
4 5650
3 5650
2 5650
1 5650
82 5653
21 5653
22 5653
23 5653
24 5653
0 5658
25 5655
12 5655
11 5655
10 5655
9 5655
8 5655
7 5655
6 5655
5 5655
4 5655
3 5655
2 5655
1 5655
30 5651
71 5657
0 5663
39 5659
2 5659
1 5659
44 5649
16 5649
17 5649
18 5649
19 5649
20 5649
21 5649
22 5649
23 5649
24 5649
77 5622
3 5622
2 5622
1 5622
57 5664
84 5646
2 5646
1 5646
69 5661
40 5661
1 5661
46 5635
9 5635
8 5635
7 5635
6 5635
5 5635
4 5635
3 5635
2 5635
1 5635
47 5662
40 5662
1 5662
0 5665
38 5634
17 5634
18 5634
19 5634
20 5634
21 5634
22 5634
23 5634
24 5634
27 5664
56 5666
4 5666
3 5666
2 5666
1 5666
52 5651
16 5651
17 5651
18 5651
19 5651
20 5651
21 5651
22 5651
23 5651
24 5651
31 5660
10 5660
9 5660
8 5660
7 5660
6 5660
5 5660
4 5660
3 5660
2 5660
1 5660
0 5667
79 5664
18 5664
19 5664
20 5664
21 5664
22 5664
23 5664
24 5664
0 5668
74 5607
1 5607
0 5674
0 5676
61 5677
35 5677
18 5677
19 5677
20 5677
21 5677
22 5677
23 5677
24 5677
50 5645
15 5645
16 5645
17 5645
18 5645
19 5645
20 5645
21 5645
22 5645
23 5645
24 5645
0 5679
80 5670
15 5670
16 5670
17 5670
18 5670
19 5670
20 5670
21 5670
22 5670
23 5670
24 5670
32 5675
20 5675
21 5675
22 5675
23 5675
24 5675
65 5678
23 5678
24 5678
25 5657
0 5680
28 5627
9 5627
8 5627
7 5627
6 5627
5 5627
4 5627
3 5627
2 5627
1 5627
38 5682
80 5657
16 5657
17 5657
18 5657
19 5657
20 5657
21 5657
22 5657
23 5657
24 5657
0 5683
36 5672
6 5672
5 5672
4 5672
3 5672
2 5672
1 5672
57 5682
27 5682
21 5682
22 5682
23 5682
24 5682
0 5684
48 5656
11 5656
10 5656
9 5656
8 5656
7 5656
6 5656
5 5656
4 5656
3 5656
2 5656
1 5656
66 5687
51 5687
53 5687
1 5687
0 5690
73 5681
2 5681
1 5681
26 5686
17 5686
18 5686
19 5686
20 5686
21 5686
22 5686
23 5686
24 5686
0 5693
81 5632
11 5632
10 5632
9 5632
8 5632
7 5632
6 5632
5 5632
4 5632
3 5632
2 5632
1 5632
41 5639
3 5639
2 5639
1 5639
53 5694
2 5694
1 5694
55 5688
7 5688
6 5688
5 5688
4 5688
3 5688
2 5688
1 5688
45 5691
0 5695
29 5685
3 5685
2 5685
1 5685
58 5673
10 5673
9 5673
8 5673
7 5673
6 5673
5 5673
4 5673
3 5673
2 5673
1 5673
0 5696
83 5692
0 5697
76 5691
0 5698
63 5669
14 5669
15 5669
16 5669
17 5669
18 5669
19 5669
20 5669
21 5669
22 5669
23 5669
24 5669
75 5671
48 5671
14 5671
15 5671
16 5671
17 5671
18 5671
19 5671
20 5671
21 5671
22 5671
23 5671
24 5671
0 5699
68 5611
19 5611
20 5611
21 5611
22 5611
23 5611
24 5611
0 5701
37 5700
72 5689
7 5689
6 5689
5 5689
4 5689
3 5689
2 5689
1 5689
0 5702
40 5700
0 5704
0 5705
0 5708
67 5703
8 5703
7 5703
6 5703
5 5703
4 5703
3 5703
2 5703
1 5703
35 5706
44 5706
1 5706
0 5709
43 5707
53 5707
0 5712
52 5711
30 5711
0 5713
69 5700
12 5700
11 5700
10 5700
9 5700
8 5700
7 5700
6 5700
5 5700
4 5700
3 5700
2 5700
1 5700
61 5711
0 5716
34 5714
22 5714
23 5714
24 5714
0 5718
0 5719
0 5722
56 5724
17 5724
18 5724
19 5724
20 5724
21 5724
22 5724
23 5724
24 5724
0 5725
33 5721
10 5721
9 5721
8 5721
7 5721
6 5721
5 5721
4 5721
3 5721
2 5721
1 5721
35 5711
5 5711
4 5711
3 5711
2 5711
1 5711
0 5726
32 5723
7 5723
6 5723
5 5723
4 5723
3 5723
2 5723
1 5723
0 5728
77 5720
18 5720
19 5720
20 5720
21 5720
22 5720
23 5720
24 5720
64 5691
0 5730
51 5729
0 5731
62 5734
22 5734
23 5734
24 5734
39 5717
69 5736
50 5737
4 5737
3 5737
2 5737
1 5737
0 5738
47 5732
17 5732
18 5732
19 5732
20 5732
21 5732
22 5732
23 5732
24 5732
57 5739
61 5740
7 5740
6 5740
5 5740
4 5740
3 5740
2 5740
1 5740
36 5717
40 5736
37 5736
0 5742
70 5715
6 5715
5 5715
4 5715
3 5715
2 5715
1 5715
0 5745
79 5743
9 5743
8 5743
7 5743
6 5743
5 5743
4 5743
3 5743
2 5743
1 5743
40 5744
18 5744
19 5744
20 5744
21 5744
22 5744
23 5744
24 5744
27 5746
28 5691
0 5748
38 5739
9 5739
8 5739
7 5739
6 5739
5 5739
4 5739
3 5739
2 5739
1 5739
57 5746
55 5747
19 5747
20 5747
21 5747
22 5747
23 5747
24 5747
0 5750
68 5733
4 5733
3 5733
2 5733
1 5733
82 5707
15 5707
16 5707
17 5707
18 5707
19 5707
20 5707
21 5707
22 5707
23 5707
24 5707
79 5746
10 5746
9 5746
8 5746
7 5746
6 5746
5 5746
4 5746
3 5746
2 5746
1 5746
81 5691
24 5691
30 5752
9 5752
8 5752
7 5752
6 5752
5 5752
4 5752
3 5752
2 5752
1 5752
0 5753
0 5757
31 5751
3 5751
2 5751
1 5751
46 5759
3 5759
2 5759
1 5759
44 5727
10 5727
9 5727
8 5727
7 5727
6 5727
5 5727
4 5727
3 5727
2 5727
1 5727
71 5754
84 5717
21 5717
22 5717
23 5717
24 5717
66 5729
49 5760
0 5761
53 5729
48 5756
0 5763
26 5749
7 5749
6 5749
5 5749
4 5749
3 5749
2 5749
1 5749
0 5764
62 5756
2 5756
1 5756
0 5767
76 5758
1 5758
53 5765
60 5762
2 5762
1 5762
43 5760
18 5760
19 5760
20 5760
21 5760
22 5760
23 5760
24 5760
74 5769
21 5769
22 5769
23 5769
24 5769
0 5770
66 5765
42 5741
0 5771
83 5766
59 5692
7 5692
6 5692
5 5692
4 5692
3 5692
2 5692
1 5692
0 5772
37 5773
69 5773
0 5776
58 5774
2 5774
1 5774
0 5779
28 5781
4 5781
3 5781
2 5781
1 5781
80 5778
0 5782
0 5783
43 5784
21 5784
22 5784
23 5784
24 5784
73 5780
63 5775
0 5785
54 5710
11 5710
10 5710
9 5710
8 5710
7 5710
6 5710
5 5710
4 5710
3 5710
2 5710
1 5710
25 5754
31 5766
9 5766
8 5766
7 5766
6 5766
5 5766
4 5766
3 5766
2 5766
1 5766
65 5768
20 5768
21 5768
22 5768
23 5768
24 5768
0 5786
71 5778
82 5729
22 5729
23 5729
24 5729
41 5755
23 5755
24 5755
0 5790
29 5780
23 5780
24 5780
34 5777
11 5777
10 5777
9 5777
8 5777
7 5777
6 5777
5 5777
4 5777
3 5777
2 5777
1 5777
0 5791
51 5765
72 5788
40 5773
2 5773
1 5773
0 5793
62 5794
8 5794
7 5794
6 5794
5 5794
4 5794
3 5794
2 5794
1 5794
0 5795
36 5787
4 5787
3 5787
2 5787
1 5787
38 5792
57 5792
19 5792
20 5792
21 5792
22 5792
23 5792
24 5792
29 5797
0 5798
80 5754
15 5754
16 5754
17 5754
18 5754
19 5754
20 5754
21 5754
22 5754
23 5754
24 5754
79 5799
57 5799
0 5800
38 5799
0 5802
25 5778
16 5778
17 5778
18 5778
19 5778
20 5778
21 5778
22 5778
23 5778
24 5778
45 5801
9 5801
8 5801
7 5801
6 5801
5 5801
4 5801
3 5801
2 5801
1 5801
0 5804
0 5807
82 5765
1 5765
61 5806
35 5806
81 5803
60 5803
0 5809
47 5736
6 5736
5 5736
4 5736
3 5736
2 5736
1 5736
75 5775
12 5775
11 5775
10 5775
9 5775
8 5775
7 5775
6 5775
5 5775
4 5775
3 5775
2 5775
1 5775
0 5810
78 5735
16 5735
17 5735
18 5735
19 5735
20 5735
21 5735
22 5735
23 5735
24 5735
71 5812
0 5813
48 5811
0 5816
62 5803
27 5799
23 5799
24 5799
80 5812
19 5812
20 5812
21 5812
22 5812
23 5812
24 5812
0 5817
52 5808
22 5808
23 5808
24 5808
57 5814
27 5814
0 5819
60 5811
30 5806
23 5806
24 5806
51 5821
82 5821
4 5821
3 5821
2 5821
1 5821
33 5822
82 5822
4 5822
3 5822
2 5822
1 5822
59 5818
83 5818
17 5818
18 5818
19 5818
20 5818
21 5818
22 5818
23 5818
24 5818
42 5815
11 5815
10 5815
9 5815
8 5815
7 5815
6 5815
5 5815
4 5815
3 5815
2 5815
1 5815
0 5823
35 5824
0 5825
30 5824
37 5827
9 5827
8 5827
7 5827
6 5827
5 5827
4 5827
3 5827
2 5827
1 5827
0 5828
66 5829
5 5829
4 5829
3 5829
2 5829
1 5829
0 5831
49 5826
0 5833
62 5811
16 5811
17 5811
18 5811
19 5811
20 5811
21 5811
22 5811
23 5811
24 5811
0 5834
0 5837
0 5840
56 5841
74 5830
11 5830
10 5830
9 5830
8 5830
7 5830
6 5830
5 5830
4 5830
3 5830
2 5830
1 5830
77 5820
14 5820
15 5820
16 5820
17 5820
18 5820
19 5820
20 5820
21 5820
22 5820
23 5820
24 5820
0 5845
48 5803
18 5803
19 5803
20 5803
21 5803
22 5803
23 5803
24 5803
65 5843
7 5843
6 5843
5 5843
4 5843
3 5843
2 5843
1 5843
0 5847
47 5839
13 5839
14 5839
15 5839
16 5839
17 5839
18 5839
19 5839
20 5839
21 5839
22 5839
23 5839
24 5839
64 5849
0 5850
61 5824
3 5824
2 5824
1 5824
42 5841
16 5841
17 5841
18 5841
19 5841
20 5841
21 5841
22 5841
23 5841
24 5841
84 5832
39 5789
15 5789
16 5789
17 5789
18 5789
19 5789
20 5789
21 5789
22 5789
23 5789
24 5789
0 5851
43 5826
10 5826
9 5826
8 5826
7 5826
6 5826
5 5826
4 5826
3 5826
2 5826
1 5826
72 5842
12 5842
11 5842
10 5842
9 5842
8 5842
7 5842
6 5842
5 5842
4 5842
3 5842
2 5842
1 5842
69 5854
0 5855
31 5835
83 5835
59 5835
23 5835
24 5835
38 5814
5 5814
4 5814
3 5814
2 5814
1 5814
0 5858
73 5848
55 5857
0 5859
28 5849
20 5849
21 5849
22 5849
23 5849
24 5849
67 5796
13 5796
14 5796
15 5796
16 5796
17 5796
18 5796
19 5796
20 5796
21 5796
22 5796
23 5796
24 5796
36 5832
0 5860
58 5853
19 5853
20 5853
21 5853
22 5853
23 5853
24 5853
75 5861
22 5861
23 5861
24 5861
26 5844
2 5844
1 5844
0 5862
0 5866
76 5863
43 5864
78 5868
2 5868
1 5868
70 5846
5 5846
4 5846
3 5846
2 5846
1 5846
0 5869
71 5867
38 5870
82 5865
39 5832
19 5832
20 5832
21 5832
22 5832
23 5832
24 5832
0 5871
68 5856
3 5856
2 5856
1 5856
57 5870
33 5865
0 5872
46 5836
1 5836
66 5865
14 5865
15 5865
16 5865
17 5865
18 5865
19 5865
20 5865
21 5865
22 5865
23 5865
24 5865
33 5873
14 5873
15 5873
16 5873
17 5873
18 5873
19 5873
20 5873
21 5873
22 5873
23 5873
24 5873
40 5854
0 5874
29 5848
15 5848
16 5848
17 5848
18 5848
19 5848
20 5848
21 5848
22 5848
23 5848
24 5848
47 5857
19 5857
20 5857
21 5857
22 5857
23 5857
24 5857
60 5876
24 5876
0 5877
50 5838
6 5838
5 5838
4 5838
3 5838
2 5838
1 5838
61 5879
9 5879
8 5879
7 5879
6 5879
5 5879
4 5879
3 5879
2 5879
1 5879
80 5867
6 5867
5 5867
4 5867
3 5867
2 5867
1 5867
83 5875
3 5875
2 5875
1 5875
0 5881
52 5878
9 5878
8 5878
7 5878
6 5878
5 5878
4 5878
3 5878
2 5878
1 5878
51 5882
0 5883
45 5863
64 5863
48 5885
53 5880
0 5886
51 5880
66 5880
34 5887
5 5887
4 5887
3 5887
2 5887
1 5887
82 5882
0 5888
35 5889
30 5890
11 5890
10 5890
9 5890
8 5890
7 5890
6 5890
5 5890
4 5890
3 5890
2 5890
1 5890
0 5891
61 5889
0 5894
28 5863
27 5892
33 5880
0 5896
30 5889
12 5889
11 5889
10 5889
9 5889
8 5889
7 5889
6 5889
5 5889
4 5889
3 5889
2 5889
1 5889
38 5892
66 5882
0 5898
63 5897
4 5897
3 5897
2 5897
1 5897
25 5895
0 5899
32 5805
15 5805
16 5805
17 5805
18 5805
19 5805
20 5805
21 5805
22 5805
23 5805
24 5805
54 5884
9 5884
8 5884
7 5884
6 5884
5 5884
4 5884
3 5884
2 5884
1 5884
81 5863
0 5901
60 5863
4 5863
3 5863
2 5863
1 5863
79 5870
15 5870
16 5870
17 5870
18 5870
19 5870
20 5870
21 5870
22 5870
23 5870
24 5870
0 5902
62 5885
5 5885
4 5885
3 5885
2 5885
1 5885
33 5882
20 5882
21 5882
22 5882
23 5882
24 5882
0 5904
49 5864
21 5864
22 5864
23 5864
24 5864
0 5906
57 5892
47 5900
29 5907
22 5907
23 5907
24 5907
36 5908
0 5909
62 5910
37 5854
1 5854
0 5911
37 5912
55 5900
2 5900
1 5900
0 5913
28 5905
0 5914
45 5905
0 5915
39 5903
4 5903
3 5903
2 5903
1 5903
44 5852
18 5852
19 5852
20 5852
21 5852
22 5852
23 5852
24 5852
0 5918
45 5916
64 5905
69 5912
67 5917
1 5917
48 5910
9 5910
8 5910
7 5910
6 5910
5 5910
4 5910
3 5910
2 5910
1 5910
0 5919
