0 5920
0 5921
0 5922
0 5923
0 5924
0 5925
0 5926
0 5927
0 5928
0 5929
0 5930
0 5931
0 5932
0 5933
0 5934
0 5935
0 5936
0 5937
0 5938
0 5939
0 5940
0 5942
27 5944
0 5947
63 5944
2 5944
1 5944
77 5948
75 5948
64 5948
7 5948
6 5948
5 5948
4 5948
3 5948
2 5948
1 5948
0 5949
49 5945
85 5946
0 5950
28 5945
58 5954
13 5954
14 5954
15 5954
16 5954
17 5954
18 5954
19 5954
20 5954
21 5954
22 5954
23 5954
24 5954
66 5946
0 5958
47 5957
20 5957
21 5957
22 5957
23 5957
24 5957
0 5960
41 5951
86 5952
23 5952
24 5952
0 5963
64 5953
74 5961
5 5961
4 5961
3 5961
2 5961
1 5961
92 5945
24 5945
84 5964
93 5962
9 5962
8 5962
7 5962
6 5962
5 5962
4 5962
3 5962
2 5962
1 5962
60 5946
23 5946
24 5946
0 5966
36 5941
24 5941
82 5953
45 5956
22 5956
23 5956
24 5956
0 5969
63 5967
94 5968
10 5968
9 5968
8 5968
7 5968
6 5968
5 5968
4 5968
3 5968
2 5968
1 5968
0 5972
32 5967
6 5967
5 5967
4 5967
3 5967
2 5967
1 5967
82 5976
0 5978
52 5979
75 5976
43 5981
2 5981
1 5981
42 5977
17 5977
18 5977
19 5977
20 5977
21 5977
22 5977
23 5977
24 5977
46 5965
0 5983
80 5984
19 5984
20 5984
21 5984
22 5984
23 5984
24 5984
77 5953
71 5974
64 5976
12 5976
11 5976
10 5976
9 5976
8 5976
7 5976
6 5976
5 5976
4 5976
3 5976
2 5976
1 5976
40 5980
0 5986
81 5987
4 5987
3 5987
2 5987
1 5987
48 5943
8 5943
7 5943
6 5943
5 5943
4 5943
3 5943
2 5943
1 5943
91 5959
20 5959
21 5959
22 5959
23 5959
24 5959
47 5974
24 5974
35 5980
5 5980
4 5980
3 5980
2 5980
1 5980
0 5988
26 5951
1 5951
51 5989
22 5989
23 5989
24 5989
34 5970
13 5970
14 5970
15 5970
16 5970
17 5970
18 5970
19 5970
20 5970
21 5970
22 5970
23 5970
24 5970
0 5992
83 5979
75 5953
13 5953
14 5953
15 5953
16 5953
17 5953
18 5953
19 5953
20 5953
21 5953
22 5953
23 5953
24 5953
68 5993
40 5993
6 5993
5 5993
4 5993
3 5993
2 5993
1 5993
33 5990
0 5995
61 5979
24 5979
50 5965
12 5965
11 5965
10 5965
9 5965
8 5965
7 5965
6 5965
5 5965
4 5965
3 5965
2 5965
1 5965
0 5998
66 5999
72 5973
16 5973
17 5973
18 5973
19 5973
20 5973
21 5973
22 5973
23 5973
24 5973
57 5994
12 5994
11 5994
10 5994
9 5994
8 5994
7 5994
6 5994
5 5994
4 5994
3 5994
2 5994
1 5994
31 5975
9 5975
8 5975
7 5975
6 5975
5 5975
4 5975
3 5975
2 5975
1 5975
0 6001
85 5999
56 5997
81 5990
69 6000
6 6000
5 6000
4 6000
3 6000
2 6000
1 6000
0 6005
73 6002
14 6002
15 6002
16 6002
17 6002
18 6002
19 6002
20 6002
21 6002
22 6002
23 6002
24 6002
79 5990
7 5990
6 5990
5 5990
4 5990
3 5990
2 5990
1 5990
67 6003
16 6003
17 6003
18 6003
19 6003
20 6003
21 6003
22 6003
23 6003
24 6003
62 5991
13 5991
14 5991
15 5991
16 5991
17 5991
18 5991
19 5991
20 5991
21 5991
22 5991
23 5991
24 5991
0 6006
88 5955
13 5955
14 5955
15 5955
16 5955
17 5955
18 5955
19 5955
20 5955
21 5955
22 5955
23 5955
24 5955
76 6009
11 6009
10 6009
9 6009
8 6009
7 6009
6 6009
5 6009
4 6009
3 6009
2 6009
1 6009
0 6010
37 6011
61 6008
0 6012
38 5996
24 5996
40 6011
0 6013
68 6011
44 6015
0 6016
54 6015
49 6017
8 6017
7 6017
6 6017
5 6017
4 6017
3 6017
2 6017
1 6017
0 6019
52 6008
55 6020
75 6018
93 6018
92 5982
8 5982
7 5982
6 5982
5 5982
4 5982
3 5982
2 5982
1 5982
0 6021
32 6020
82 6018
0 6023
79 6022
27 6020
14 6020
15 6020
16 6020
17 6020
18 6020
19 6020
20 6020
21 6020
22 6020
23 6020
24 6020
53 6004
3 6004
2 6004
1 6004
77 6018
0 6027
87 6029
28 6007
29 6025
35 6011
12 6011
11 6011
10 6011
9 6011
8 6011
7 6011
6 6011
5 6011
4 6011
3 6011
2 6011
1 6011
0 6032
68 6029
60 5999
8 5999
7 5999
6 5999
5 5999
4 5999
3 5999
2 5999
1 5999
78 5985
13 5985
14 5985
15 5985
16 5985
17 5985
18 5985
19 5985
20 5985
21 5985
22 5985
23 5985
24 5985
39 6031
5 6031
4 6031
3 6031
2 6031
1 6031
0 6033
32 6028
76 6028
81 6022
0 6034
40 6029
64 6018
21 6018
22 6018
23 6018
24 6018
0 6035
37 6029
30 6030
6 6030
5 6030
4 6030
3 6030
2 6030
1 6030
65 6015
2 6015
1 6015
26 6026
0 6036
41 6024
59 6025
3 6025
2 6025
1 6025
60 6026
0 6038
70 5997
19 5997
20 5997
21 5997
22 5997
23 5997
24 5997
0 6039
49 6007
13 6007
14 6007
15 6007
16 6007
17 6007
18 6007
19 6007
20 6007
21 6007
22 6007
23 6007
24 6007
25 6014
3 6014
2 6014
1 6014
48 6040
19 6040
20 6040
21 6040
22 6040
23 6040
24 6040
89 5971
6 5971
5 5971
4 5971
3 5971
2 5971
1 5971
0 6041
55 6028
82 6042
23 6042
24 6042
33 6022
15 6022
16 6022
17 6022
18 6022
19 6022
20 6022
21 6022
22 6022
23 6022
24 6022
90 5964
41 6026
12 6026
11 6026
10 6026
9 6026
8 6026
7 6026
6 6026
5 6026
4 6026
3 6026
2 6026
1 6026
0 6044
63 6028
94 6045
23 6045
24 6045
0 6047
68 6049
0 6050
26 6024
40 6049
0 6052
47 6051
87 6049
0 6053
60 6024
14 6024
15 6024
16 6024
17 6024
18 6024
19 6024
20 6024
21 6024
22 6024
23 6024
24 6024
42 6055
6 6055
5 6055
4 6055
3 6055
2 6055
1 6055
0 6056
0 6057
35 6029
19 6029
20 6029
21 6029
22 6029
23 6029
24 6029
0 6059
50 6054
37 6049
0 6061
93 6062
64 6062
0 6063
34 6048
3 6048
2 6048
1 6048
77 6062
75 6062
3 6062
2 6062
1 6062
52 6058
0 6064
91 6065
11 6065
10 6065
9 6065
8 6065
7 6065
6 6065
5 6065
4 6065
3 6065
2 6065
1 6065
43 6046
19 6046
20 6046
21 6046
22 6046
23 6046
24 6046
71 6051
15 6051
16 6051
17 6051
18 6051
19 6051
20 6051
21 6051
22 6051
23 6051
24 6051
35 6049
21 6049
22 6049
23 6049
24 6049
0 6067
61 6058
15 6058
16 6058
17 6058
18 6058
19 6058
20 6058
21 6058
22 6058
23 6058
24 6058
77 6066
64 6066
93 6066
4 6066
3 6066
2 6066
1 6066
0 6070
40 6071
68 6071
22 6071
23 6071
24 6071
0 6072
36 6037
19 6037
20 6037
21 6037
22 6037
23 6037
24 6037
0 6073
86 6043
83 6008
16 6008
17 6008
18 6008
19 6008
20 6008
21 6008
22 6008
23 6008
24 6008
35 6068
87 6068
23 6068
24 6068
66 6069
0 6078
36 6043
20 6043
21 6043
22 6043
23 6043
24 6043
46 6082
0 6083
75 6079
77 6079
58 6080
33 6074
23 6074
24 6074
74 6084
2 6084
1 6084
79 6077
33 6077
23 6077
24 6077
50 6082
0 6086
34 6079
7 6079
6 6079
5 6079
4 6079
3 6079
2 6079
1 6079
25 6080
12 6080
11 6080
10 6080
9 6080
8 6080
7 6080
6 6080
5 6080
4 6080
3 6080
2 6080
1 6080
88 6081
4 6081
3 6081
2 6081
1 6081
72 6088
9 6088
8 6088
7 6088
6 6088
5 6088
4 6088
3 6088
2 6088
1 6088
84 6085
0 6089
0 6091
0 6093
64 6094
63 6095
0 6096
82 6094
93 6094
94 6094
8 6094
7 6094
6 6094
5 6094
4 6094
3 6094
2 6094
1 6094
54 6098
76 6095
32 6095
4 6095
3 6095
2 6095
1 6095
0 6099
37 6102
69 6090
44 6098
0 6103
60 6105
55 6106
5 6106
4 6106
3 6106
2 6106
1 6106
85 6069
23 6069
24 6069
0 6107
73 6097
9 6097
8 6097
7 6097
6 6097
5 6097
4 6097
3 6097
2 6097
1 6097
41 6105
62 6076
8 6076
7 6076
6 6076
5 6076
4 6076
3 6076
2 6076
1 6076
90 6085
12 6085
11 6085
10 6085
9 6085
8 6085
7 6085
6 6085
5 6085
4 6085
3 6085
2 6085
1 6085
0 6110
35 6102
81 6109
61 6112
0 6113
28 6114
1 6114
42 6111
31 6060
6 6060
5 6060
4 6060
3 6060
2 6060
1 6060
33 6109
0 6115
27 6028
6 6028
5 6028
4 6028
3 6028
2 6028
1 6028
0 6119
57 6082
10 6082
9 6082
8 6082
7 6082
6 6082
5 6082
4 6082
3 6082
2 6082
1 6082
83 6112
23 6112
24 6112
92 6118
2 6118
1 6118
0 6121
26 6105
1 6105
49 6117
78 6092
0 6123
56 6101
38 6120
25 6111
18 6111
19 6111
20 6111
21 6111
22 6111
23 6111
24 6111
79 6109
5 6109
4 6109
3 6109
2 6109
1 6109
0 6124
65 6098
19 6098
20 6098
21 6098
22 6098
23 6098
24 6098
0 6126
45 6087
1 6087
53 6125
23 6125
24 6125
76 6129
40 6092
0 6131
70 6101
11 6101
10 6101
9 6101
8 6101
7 6101
6 6101
5 6101
4 6101
3 6101
2 6101
1 6101
70 6132
11 6132
10 6132
9 6132
8 6132
7 6132
6 6132
5 6132
4 6132
3 6132
2 6132
1 6132
63 6129
80 6108
22 6108
23 6108
24 6108
37 6092
0 6133
44 6116
28 6117
5 6117
4 6117
3 6117
2 6117
1 6117
94 6128
50 6130
0 6134
30 6135
54 6116
21 6116
22 6116
23 6116
24 6116
68 6102
8 6102
7 6102
6 6102
5 6102
4 6102
3 6102
2 6102
1 6102
32 6129
0 6137
59 6127
22 6127
23 6127
24 6127
51 6075
32 6139
11 6139
10 6139
9 6139
8 6139
7 6139
6 6139
5 6139
4 6139
3 6139
2 6139
1 6139
39 6140
90 6136
18 6136
19 6136
20 6136
21 6136
22 6136
23 6136
24 6136
0 6142
0 6145
34 6138
17 6138
18 6138
19 6138
20 6138
21 6138
22 6138
23 6138
24 6138
36 6143
6 6143
5 6143
4 6143
3 6143
2 6143
1 6143
93 6141
0 6146
67 6104
18 6104
19 6104
20 6104
21 6104
22 6104
23 6104
24 6104
82 6128
17 6128
18 6128
19 6128
20 6128
21 6128
22 6128
23 6128
24 6128
94 6141
82 6141
17 6141
18 6141
19 6141
20 6141
21 6141
22 6141
23 6141
24 6141
77 6144
0 6147
71 6148
4 6148
3 6148
2 6148
1 6148
55 6129
75 6144
0 6152
26 6150
91 6120
1 6120
35 6092
11 6092
10 6092
9 6092
8 6092
7 6092
6 6092
5 6092
4 6092
3 6092
2 6092
1 6092
87 6151
68 6151
11 6151
10 6151
9 6151
8 6151
7 6151
6 6151
5 6151
4 6151
3 6151
2 6151
1 6151
0 6153
43 6149
47 6156
0 6157
83 6155
61 6155
5 6155
4 6155
3 6155
2 6155
1 6155
88 6158
71 6156
6 6156
5 6156
4 6156
3 6156
2 6156
1 6156
0 6159
0 6161
25 6160
29 6122
64 6144
20 6144
21 6144
22 6144
23 6144
24 6144
0 6163
42 6160
74 6129
16 6129
17 6129
18 6129
19 6129
20 6129
21 6129
22 6129
23 6129
24 6129
0 6165
48 6154
17 6154
18 6154
19 6154
20 6154
21 6154
22 6154
23 6154
24 6154
58 6160
1 6160
54 6162
0 6167
44 6162
84 6166
0 6168
86 6170
0 6171
35 6169
15 6169
16 6169
17 6169
18 6169
19 6169
20 6169
21 6169
22 6169
23 6169
24 6169
41 6150
11 6150
10 6150
9 6150
8 6150
7 6150
6 6150
5 6150
4 6150
3 6150
2 6150
1 6150
36 6170
12 6170
11 6170
10 6170
9 6170
8 6170
7 6170
6 6170
5 6170
4 6170
3 6170
2 6170
1 6170
33 6164
0 6172
40 6173
0 6174
65 6162
4 6162
3 6162
2 6162
1 6162
37 6173
35 6173
0 6178
89 6100
7 6100
6 6100
5 6100
4 6100
3 6100
2 6100
1 6100
72 6176
1 6176
87 6173
45 6177
11 6177
10 6177
9 6177
8 6177
7 6177
6 6177
5 6177
4 6177
3 6177
2 6177
1 6177
81 6164
16 6164
17 6164
18 6164
19 6164
20 6164
21 6164
22 6164
23 6164
24 6164
0 6179
74 6175
0 6181
55 6175
76 6175
20 6175
21 6175
22 6175
23 6175
24 6175
66 6180
0 6184
58 6187
0 6188
75 6182
81 6186
18 6186
19 6186
20 6186
21 6186
22 6186
23 6186
24 6186
90 6166
3 6166
2 6166
1 6166
0 6189
27 6190
94 6191
1 6191
62 6158
24 6158
0 6192
34 6182
2 6182
1 6182
76 6193
22 6193
23 6193
24 6193
57 6130
42 6187
0 6194
31 6190
22 6190
23 6190
24 6190
78 6185
50 6183
42 6196
0 6197
0 6200
85 6180
16 6180
17 6180
18 6180
19 6180
20 6180
21 6180
22 6180
23 6180
24 6180
49 6202
71 6198
15 6198
16 6198
17 6198
18 6198
19 6198
20 6198
21 6198
22 6198
23 6198
24 6198
0 6203
31 6205
55 6206
59 6122
10 6122
9 6122
8 6122
7 6122
6 6122
5 6122
4 6122
3 6122
2 6122
1 6122
40 6185
77 6199
4 6199
3 6199
2 6199
1 6199
0 6208
60 6209
66 6209
76 6206
37 6185
22 6185
23 6185
24 6185
0 6211
41 6204
26 6204
18 6204
19 6204
20 6204
21 6204
22 6204
23 6204
24 6204
63 6195
0 6214
91 6215
64 6216
5 6216
4 6216
3 6216
2 6216
1 6216
34 6213
0 6217
80 6215
13 6215
14 6215
15 6215
16 6215
17 6215
18 6215
19 6215
20 6215
21 6215
22 6215
23 6215
24 6215
80 6219
13 6219
14 6219
15 6219
16 6219
17 6219
18 6219
19 6219
20 6219
21 6219
22 6219
23 6219
24 6219
54 6221
65 6221
0 6223
51 6212
15 6212
16 6212
17 6212
18 6212
19 6212
20 6212
21 6212
22 6212
23 6212
24 6212
85 6209
19 6209
20 6209
21 6209
22 6209
23 6209
24 6209
43 6220
22 6220
23 6220
24 6220
93 6222
0 6224
52 6140
17 6140
18 6140
19 6140
20 6140
21 6140
22 6140
23 6140
24 6140
79 6210
23 6210
24 6210
28 6202
22 6202
23 6202
24 6202
75 6213
0 6227
37 6225
40 6225
76 6195
0 6228
32 6206
3 6206
2 6206
1 6206
94 6222
7 6222
6 6222
5 6222
4 6222
3 6222
2 6222
1 6222
0 6231
61 6230
57 6183
6 6183
5 6183
4 6183
3 6183
2 6183
1 6183
53 6207
17 6207
18 6207
19 6207
20 6207
21 6207
22 6207
23 6207
24 6207
0 6232
55 6195
4 6195
3 6195
2 6195
1 6195
85 6226
66 6226
22 6226
23 6226
24 6226
0 6233
87 6234
73 6229
8 6229
7 6229
6 6229
5 6229
4 6229
3 6229
2 6229
1 6229
77 6213
0 6236
27 6205
4 6205
3 6205
2 6205
1 6205
0 6238
46 6201
8 6201
7 6201
6 6201
5 6201
4 6201
3 6201
2 6201
1 6201
0 6240
44 6221
16 6221
17 6221
18 6221
19 6221
20 6221
21 6221
22 6221
23 6221
24 6221
68 6173
3 6173
2 6173
1 6173
39 6242
21 6242
22 6242
23 6242
24 6242
82 6237
10 6237
9 6237
8 6237
7 6237
6 6237
5 6237
4 6237
3 6237
2 6237
1 6237
89 6235
19 6235
20 6235
21 6235
22 6235
23 6235
24 6235
0 6244
64 6213
11 6213
10 6213
9 6213
8 6213
7 6213
6 6213
5 6213
4 6213
3 6213
2 6213
1 6213
0 6247
65 6239
88 6245
62 6245
9 6245
8 6245
7 6245
6 6245
5 6245
4 6245
3 6245
2 6245
1 6245
29 6241
0 6250
59 6241
18 6241
19 6241
20 6241
21 6241
22 6241
23 6241
24 6241
84 6248
90 6248
0 6253
36 6252
2 6252
1 6252
0 6256
35 6234
5 6234
4 6234
3 6234
2 6234
1 6234
74 6258
55 6258
8 6258
7 6258
6 6258
5 6258
4 6258
3 6258
2 6258
1 6258
45 6259
25 6187
18 6187
19 6187
20 6187
21 6187
22 6187
23 6187
24 6187
58 6196
25 6196
18 6196
19 6196
20 6196
21 6196
22 6196
23 6196
24 6196
0 6260
56 6218
10 6218
9 6218
8 6218
7 6218
6 6218
5 6218
4 6218
3 6218
2 6218
1 6218
68 6249
92 6246
3 6246
2 6246
1 6246
86 6255
0 6264
26 6265
2 6265
1 6265
44 6266
19 6266
20 6266
21 6266
22 6266
23 6266
24 6266
66 6261
2 6261
1 6261
87 6249
6 6249
5 6249
4 6249
3 6249
2 6249
1 6249
70 6251
48 6251
10 6251
9 6251
8 6251
7 6251
6 6251
5 6251
4 6251
3 6251
2 6251
1 6251
38 6243
22 6243
23 6243
24 6243
0 6267
42 6257
33 6268
40 6262
0 6269
58 6257
0 6271
25 6257
20 6257
21 6257
22 6257
23 6257
24 6257
71 6272
83 6230
1 6230
90 6270
30 6263
0 6273
0 6275
72 6248
18 6248
19 6248
20 6248
21 6248
22 6248
23 6248
24 6248
0 6277
94 6276
0 6279
0 6281
