40 225 2.03568
26 226 2.27054
45 227 2.32884
50 228 2.34025
53 229 2.43216
52 230 2.4604
60 231 2.53787
62 232 2.69131
42 233 2.76725
32 234 2.98509
59 235 3.0046
34 236 3.24931
27 237 3.40193
64 238 3.5453
48 239 3.58683
38 240 3.66999
43 241 3.69128
35 242 3.70448
29 243 3.93163
33 244 3.98248
30 245 4.02723
46 246 4.13732
55 247 4.15255
47 248 4.16759
56 249 4.74802
54 250 4.88115
25 251 4.94035
63 252 4.96961
40 253 5.47297
60 254 6.58752
54 255 6.98341
50 256 7.05137
26 257 7.05649
33 258 7.14075
48 259 7.25259
45 260 7.26548
41 261 7.27826
43 262 7.38281
58 263 7.42301
51 264 7.58796
38 265 7.68806
29 266 7.93212
30 267 8.08391
35 268 8.25616
27 269 8.48517
56 270 8.83635
61 271 8.85001
55 272 8.86282
57 273 9.3306
39 274 9.53011
25 275 9.88505
35 276 10.4248
32 277 10.4266
45 278 10.7698
46 279 10.9236
44 280 11.0643
61 281 11.1116
63 282 11.8194
56 283 12.0777
29 284 12.0778
25 285 12.1094
52 286 12.1821
59 287 12.6416
38 288 13.0049
39 289 13.2426
60 290 13.6337
49 291 14.0053
37 292 14.2607
51 293 14.6132
28 294 14.625
