73 488 2.00749
46 489 2.1369
60 490 2.18926
39 491 2.22838
89 492 2.40965
33 493 2.42432
34 494 2.42763
40 495 2.46343
93 496 2.58717
44 497 2.60278
92 498 2.64663
88 499 2.67658
32 500 2.68825
27 501 2.73136
31 502 2.75522
52 503 2.80143
64 504 2.87899
91 505 2.91534
81 506 3.09276
82 507 3.09384
50 508 3.11652
25 509 3.15237
26 510 3.27595
30 511 3.27682
90 512 3.3141
54 513 3.44865
41 514 3.482
86 515 3.48266
74 516 3.60303
49 517 3.69431
35 518 3.72869
78 519 3.80114
36 520 3.93753
87 521 3.96491
53 522 3.99775
57 523 4.14477
77 524 4.17637
76 525 4.31875
68 526 4.35029
69 527 4.39797
56 528 4.40884
66 529 4.44578
42 530 4.44747
65 531 4.56179
38 532 4.60517
28 533 4.65382
59 534 4.9886
92 535 5.13181
26 536 5.32276
39 537 5.62156
74 538 5.94543
50 539 5.99201
27 540 6.03581
32 541 6.12338
73 542 6.18071
93 543 6.2423
51 544 6.43355
41 545 6.59142
29 546 6.75925
34 547 6.89125
91 548 6.99814
82 549 7.1388
42 550 7.31696
84 551 7.3678
63 552 7.80151
66 553 7.84945
25 554 8.02171
64 555 8.10374
59 556 8.23093
75 557 8.24196
74 558 8.45615
27 559 8.74564
40 560 8.78537
76 561 8.92581
50 562 9.02062
28 563 9.05611
72 564 9.05703
45 565 9.31853
32 566 9.42955
88 567 9.48549
31 568 9.79767
49 569 10.259
73 570 10.3483
46 571 10.4109
29 572 10.4157
85 573 10.4862
42 574 10.5878
79 575 10.6702
78 576 11.0635
58 577 11.0957
41 578 11.1881
51 579 11.3327
63 580 11.4738
62 581 11.6577
82 582 11.7031
30 583 11.7369
61 584 12.1773
25 585 12.3615
88 586 12.5138
60 587 12.666
74 588 12.6808
36 589 12.912
48 590 12.9703
64 591 12.9746
83 592 13.0511
45 593 13.1424
76 594 13.2399
80 595 13.2555
27 596 13.4908
44 597 13.629
51 598 14.0565
31 599 14.0968
32 600 14.3945
29 601 14.4444
73 602 14.5249
46 603 14.5582
93 604 14.5636
30 605 14.8213
38 606 14.8927
