65 764
52 765
105 767
89 767
74 769
72 769
50 763
45 766
84 766
73 768
20 768
19 768
18 768
17 768
85 768
57 768
90 770
63 770
106 770
43 770
104 770
87 770
38 770
33 771
9 771
98 771
96 771
30 771
112 763
8 763
98 763
30 763
88 765
24 765
23 765
22 765
77 772
79 772
62 772
34 773
110 773
51 769
18 769
17 769
104 775
43 775
106 775
90 775
63 775
80 775
16 775
17 775
18 775
19 775
20 775
36 775
109 774
101 774
81 776
57 769
42 777
95 777
76 778
26 778
28 778
7 778
62 778
79 778
114 781
20 781
69 779
89 779
41 764
8 764
108 781
107 773
93 784
47 785
71 785
15 785
14 785
13 785
54 784
23 784
22 784
46 772
8 772
9 772
78 772
26 788
76 788
63 789
77 778
79 787
62 787
29 787
8 787
58 782
6 782
7 782
27 765
1 765
110 765
34 765
110 790
48 772
10 772
11 772
95 772
106 789
90 789
46 778
9 778
10 778
78 778
88 793
4 793
3 793
54 794
37 782
9 782
8 782
86 783
8 783
46 792
10 792
79 792
29 792
105 779
6 779
93 794
107 765
3 765
4 765
34 790
77 787
43 798
66 783
110 793
113 799
47 799
18 799
17 799
49 800
2 800
60 796
11 796
79 796
97 774
22 774
55 801
68 786
20 786
21 786
38 786
87 786
94 772
100 776
9 776
8 776
80 789
48 778
12 778
11 778
81 782
48 803
61 765
6 765
92 780
3 780
84 780
104 786
22 786
109 786
83 768
23 768
74 768
72 768
31 770
22 770
23 770
24 770
87 804
36 784
1 784
2 784
82 791
6 791
5 791
52 791
106 774
43 774
55 789
22 789
23 789
31 789
85 769
24 769
80 802
55 802
22 802
21 802
90 798
71 799
19 799
99 779
7 779
77 796
12 796
26 796
13 796
14 796
95 796
63 774
59 766
3 766
4 766
104 789
38 804
104 804
106 798
96 763
16 763
17 763
18 763
19 763
47 763
113 763
62 792
12 792
13 792
14 792
103 764
14 764
15 764
112 764
80 774
97 786
24 786
23 786
27 766
33 785
17 785
16 785
96 785
42 772
15 772
16 772
87 789
53 777
15 777
60 778
13 778
71 763
20 763
21 763
95 792
42 792
53 792
15 792
41 792
66 805
12 805
39 807
57 806
80 786
106 786
67 802
23 802
106 802
111 799
21 799
22 799
91 800
70 797
71 797
113 797
28 788
14 788
13 788
63 798
80 798
24 798
52 779
8 779
94 796
25 801
80 801
107 790
7 790
30 785
96 772
79 788
34 793
96 808
18 808
33 808
19 808
20 808
21 808
70 808
71 808
94 809
95 809
82 779
56 765
10 765
11 765
105 765
89 765
63 801
90 786
63 786
36 811
4 811
3 811
72 811
29 778
14 778
43 802
90 802
100 782
13 782
14 782
113 808
22 808
59 800
6 800
45 780
6 780
5 780
93 780
40 807
12 807
13 807
97 813
106 810
90 810
101 814
67 815
107 793
8 793
9 793
82 793
10 793
56 793
11 793
68 799
67 799
61 779
10 779
56 779
11 779
12 779
109 813
97 814
62 788
15 788
29 782
79 782
62 782
15 782
60 782
16 782
17 782
26 782
102 763
24 763
99 816
11 816
10 816
64 775
5 775
6 775
44 793
12 793
40 779
13 779
84 784
45 784
7 784
8 784
9 784
34 784
110 784
41 812
48 812
17 812
55 774
25 774
1 774
104 774
87 774
2 774
100 807
14 807
15 807
29 807
62 807
92 766
8 766
7 766
27 790
92 790
8 790
45 790
46 787
16 787
59 775
7 775
8 775
9 775
34 775
58 779
14 779
15 779
16 779
60 779
91 817
7 817
103 812
18 812
81 805
35 771
20 771
19 771
25 820
2 820
1 820
61 821
42 809
19 809
18 809
17 809
28 779
17 779
71 823
40 818
14 818
13 818
56 818
45 817
8 817
94 812
19 812
20 812
21 812
22 812
23 812
24 812
50 764
20 764
35 764
100 805
15 805
16 805
17 805
18 805
53 796
47 797
24 797
85 806
4 806
3 806
98 785
30 772
95 771
53 771
112 777
66 778
16 778
15 778
76 782
37 783
16 783
110 775
10 775
104 806
49 766
9 766
10 766
98 772
21 772
20 772
19 772
109 814
4 814
85 814
74 811
5 811
6 811
7 811
26 787
62 783
17 783
70 763
65 792
19 792
18 792
17 792
16 792
66 792
72 822
5 822
6 822
7 822
41 805
19 805
20 805
29 819
30 827
104 828
4 828
106 828
80 828
86 776
16 776
15 776
14 776
13 776
12 776
11 776
10 776
75 781
7 781
8 781
39 793
15 793
14 793
46 779
18 779
19 779
41 779
74 829
62 819
18 819
26 819
19 819
20 819
98 827
22 827
21 827
20 827
19 827
43 810
57 814
63 802
4 802
3 802
96 764
98 764
73 800
9 800
10 800
11 800
108 824
50 777
22 777
21 777
20 777
19 777
18 777
31 804
5 804
106 804
113 823
47 823
59 817
10 817
9 817
30 764
23 764
24 764
54 780
9 780
8 780
7 780
57 780
34 766
12 766
13 766
14 766
104 810
77 788
44 825
16 825
15 825
100 826
86 826
65 779
21 779
22 779
23 779
72 829
7 829
70 823
2 823
3 823
4 823
93 817
95 805
22 805
50 805
23 805
96 805
41 819
31 810
6 810
97 810
84 790
11 790
55 828
5 828
6 828
53 772
22 772
107 784
13 784
12 784
11 784
98 805
69 765
16 765
17 765
56 766
16 766
32 795
4 795
3 795
35 785
24 785
45 776
63 804
6 804
7 804
8 804
91 781
11 781
82 821
15 821
14 821
13 821
12 821
11 821
10 821
9 821
8 821
7 821
61 825
89 818
44 766
17 766
114 770
9 770
10 770
109 810
7 810
8 810
9 810
81 830
19 830
18 830
40 778
18 778
19 778
20 778
45 781
12 781
13 781
14 781
15 781
16 781
17 781
18 781
25 802
6 802
78 803
22 803
23 803
24 803
27 775
13 775
12 775
11 775
48 809
22 809
21 809
20 809
29 809
57 829
8 829
30 805
39 765
18 765
19 765
92 800
79 807
21 807
22 807
23 807
65 819
48 819
78 819
22 819
23 819
81 778
31 802
76 787
22 787
78 787
48 787
60 783
76 783
22 783
78 783
62 809
67 823
6 823
7 823
25 823
59 784
90 774
7 774
6 774
5 774
95 807
24 807
87 806
109 831
8 831
7 831
6 831
5 831
4 831
94 771
24 771
74 814
9 814
8 814
90 814
63 814
80 814
72 804
74 804
9 804
65 787
23 787
28 782
22 782
21 782
20 782
19 782
18 782
56 782
48 783
23 783
24 783
94 783
99 793
17 793
18 793
19 793
20 793
21 793
62 793
105 818
18 818
17 818
53 819
31 806
8 806
9 806
10 806
11 806
12 806
13 806
69 766
18 766
70 831
113 831
49 790
14 790
13 790
43 828
8 828
7 828
106 814
46 788
22 788
21 788
20 788
60 787
97 821
109 821
82 825
17 825
18 825
19 825
69 825
111 808
5 808
6 808
7 808
47 832
61 818
42 796
94 819
42 819
26 827
76 827
23 827
24 827
42 827
71 831
110 833
34 833
64 811
12 811
11 811
10 811
97 811
109 811
9 811
90 811
95 783
36 822
113 832
55 823
8 823
63 823
86 765
21 765
22 765
46 765
41 772
106 811
79 809
23 809
80 823
90 823
53 827
63 811
28 787
24 787
28 836
60 836
76 836
71 832
6 832
5 832
4 832
3 832
76 837
28 837
24 837
54 817
14 817
15 817
16 817
50 838
2 838
98 838
88 791
18 791
19 791
20 791
38 789
80 811
25 811
95 839
42 839
87 821
26 836
29 793
79 793
24 793
60 793
35 838
77 765
101 813
11 813
63 813
94 827
67 828
9 828
10 828
44 830
21 830
20 830
31 834
109 789
11 789
97 789
48 841
41 841
1 841
26 841
60 841
38 821
52 816
19 816
68 808
9 808
46 809
64 822
14 822
78 837
48 837
1 837
113 842
71 842
7 842
69 840
21 840
108 810
14 810
105 825
21 825
20 825
67 808
10 808
80 808
91 784
16 784
15 784
49 817
17 817
18 817
96 838
56 791
21 791
105 791
51 768
13 768
36 810
84 776
17 776
59 776
101 789
12 789
13 789
100 778
24 778
53 839
3 839
68 843
10 843
30 832
98 832
112 838
4 838
69 791
22 791
23 791
24 791
100 791
85 780
13 780
45 806
59 806
17 806
99 766
21 766
20 766
19 766
75 824
15 824
97 768
105 844
69 844
22 844
87 834
38 834
12 834
50 839
37 792
58 826
24 826
77 809
1 809
96 832
26 837
82 818
21 818
108 784
49 806
18 806
19 806
20 806
21 806
22 806
57 804
67 843
11 843
12 843
87 843
38 843
88 816
21 816
20 816
52 825
28 793
2 793
25 808
12 808
38 808
87 808
13 808
99 818
22 818
42 845
80 834
72 789
77 846
30 838
6 838
5 838
51 780
15 780
90 813
13 813
38 813
56 844
23 844
24 844
107 833
20 833
74 789
51 789
15 789
112 839
96 839
6 839
73 775
18 775
19 775
60 837
3 837
70 842
10 842
110 766
25 834
13 834
86 778
1 778
30 839
7 839
34 816
54 822
18 822
50 832
83 829
15 829
35 849
7 849
79 850
3 850
2 850
32 774
12 774
11 774
57 789
76 841
89 782
90 848
14 848
84 775
20 775
97 808
15 808
73 822
19 822
112 832
7 832
8 832
9 832
10 832
11 832
12 832
29 837
62 837
81 791
2 791
1 791
53 845
6 845
102 795
12 795
11 795
10 795
9 795
8 795
96 795
50 795
112 795
7 795
53 795
6 795
5 795
60 795
47 831
11 831
10 831
44 840
55 811
14 811
98 839
25 848
110 816
22 816
23 816
24 816
89 816
112 852
50 852
26 851
86 850
100 850
103 847
6 847
41 847
48 847
107 766
22 766
23 766
24 766
76 795
43 814
15 814
91 776
20 776
109 843
97 843
16 843
43 843
15 843
55 848
56 816
106 823
42 838
7 838
60 851
65 772
6 772
25 814
66 777
4 777
90 843
57 808
17 808
51 808
93 770
20 770
73 770
63 828
67 811
15 811
16 811
17 811
106 843
63 843
62 853
5 853
79 837
38 829
109 829
17 829
71 774
87 813
17 813
101 768
109 768
17 768
55 814
16 814
17 814
18 814
54 776
21 776
29 777
62 777
57 811
18 811
40 781
3 781
44 781
2 781
80 848
31 821
17 821
55 821
16 821
37 809
5 809
59 822
22 822
77 837
6 837
37 837
5 837
4 837
38 768
49 833
23 833
59 833
22 833
87 814
79 777
6 777
89 781
25 843
80 843
97 829
18 829
19 829
60 772
7 772
8 772
9 772
68 834
16 834
55 843
17 843
18 843
19 843
67 821
45 822
23 822
99 854
2 854
47 774
90 828
18 828
93 776
22 776
23 776
24 776
83 789
19 789
18 789
17 789
16 789
85 804
57 843
33 835
12 835
11 835
84 822
24 822
72 780
20 780
19 780
38 814
19 814
20 814
72 814
88 825
2 825
1 825
107 825
34 825
92 817
113 774
15 774
14 774
13 774
80 855
37 777
7 777
8 777
71 859
70 832
16 832
52 854
103 838
10 838
41 838
48 838
27 800
1 800
95 827
11 827
36 824
23 824
31 768
72 858
21 858
64 810
23 810
22 810
21 810
20 810
19 810
25 828
19 828
38 828
73 833
24 833
51 814
21 814
22 814
64 814
55 855
19 855
28 841
9 841
29 841
62 841
66 853
74 808
47 859
86 857
46 846
9 846
107 800
94 845
78 847
10 847
9 847
80 810
108 814
39 788
6 788
77 777
9 777
10 777
83 804
21 804
104 802
85 843
58 857
7 857
111 842
17 842
43 823
76 851
10 851
60 861
10 861
95 845
12 845
106 813
57 858
32 834
18 834
79 841
84 856
1 856
100 809
8 809
69 818
6 818
5 818
4 818
3 818
88 854
4 854
3 854
75 784
90 780
97 862
50 827
13 827
85 858
22 858
23 858
24 858
108 858
98 835
14 835
110 825
3 825
30 849
14 849
107 818
81 850
9 850
29 850
62 850
10 850
34 800
3 800
4 800
88 800
57 864
43 813
21 813
44 788
67 789
20 789
21 789
22 789
63 848
21 848
47 842
18 842
19 842
20 842
110 818
65 838
12 838
106 780
85 864
23 864
78 865
12 865
43 848
22 848
23 848
85 848
92 825
67 842
21 842
106 842
90 842
43 842
22 842
23 842
24 842
98 849
15 849
16 849
17 849
18 849
71 849
33 774
16 774
98 774
74 863
24 863
111 834
19 834
35 839
15 839
14 839
13 839
40 837
9 837
114 829
63 780
22 780
112 827
15 827
98 866
25 855
22 855
105 782
8 782
83 843
24 843
43 780
23 780
24 780
82 806
7 806
35 827
16 827
17 827
18 827
19 827
20 827
93 824
2 824
30 866
35 866
16 866
81 867
11 867
62 867
12 867
63 855
23 855
90 855
101 811
24 811
51 804
74 843
51 843
96 852
16 852
15 852
53 852
42 852
102 832
21 832
47 849
20 849
102 849
21 849
22 849
41 851
14 851
97 864
31 828
24 828
113 834
20 834
21 834
65 865
79 867
43 855
48 777
56 781
105 781
9 781
50 835
16 835
15 835
53 835
104 823
66 850
12 850
11 850
103 845
15 845
71 827
73 824
4 824
91 770
4 770
55 810
61 830
41 865
15 865
65 777
41 777
15 777
14 777
13 777
12 777
41 869
15 869
110 868
47 827
21 827
87 768
75 858
3 858
37 853
13 853
57 848
1 848
70 859
104 870
43 870
90 870
39 857
11 857
10 857
89 857
31 823
48 845
112 866
38 802
65 869
79 853
14 853
15 853
16 853
17 853
96 853
18 853
35 853
51 848
2 848
95 852
17 852
18 852
98 852
67 849
24 849
27 854
7 854
84 854
6 854
91 854
73 854
5 854
60 838
15 838
62 838
14 838
66 838
41 845
16 845
101 864
1 864
109 862
50 866
18 866
36 858
4 858
5 858
91 858
97 828
109 828
1 828
2 828
74 828
94 839
17 839
87 802
109 802
48 869
16 869
30 853
42 835
95 835
35 852
46 847
15 847
85 863
53 866
95 866
82 830
10 830
41 839
98 853
19 853
112 853
68 821
89 872
55 849
28 846
16 846
61 871
80 813
60 869
94 835
18 835
63 849
47 873
42 866
103 865
18 865
42 865
95 865
77 841
105 872
12 872
108 874
65 845
18 845
19 845
62 847
16 847
101 862
3 862
88 830
11 830
12 830
102 834
69 788
13 788
48 839
65 839
18 839
44 782
107 868
58 809
15 809
54 860
7 860
75 874
6 874
7 874
112 845
20 845
98 845
96 845
77 847
17 847
105 830
13 830
89 788
103 839
19 839
20 839
21 839
22 839
97 802
41 835
81 809
16 809
17 809
56 857
13 857
79 846
62 846
17 846
18 846
91 874
8 874
100 875
81 875
16 875
53 865
20 865
112 865
21 865
29 867
17 867
48 835
19 835
44 857
14 857
15 857
16 857
65 846
48 846
37 838
17 838
71 873
52 800
12 800
13 800
89 800
66 847
85 862
5 862
87 862
45 824
9 824
103 835
20 835
27 868
11 868
111 859
1 859
30 852
22 852
23 852
24 852
81 857
17 857
29 838
79 838
18 838
56 800
14 800
82 871
13 871
35 845
59 770
98 865
105 788
114 848
7 848
61 872
44 800
15 800
58 875
17 875
18 875
79 875
99 806
113 827
1 827
59 878
10 878
29 875
19 875
84 878
11 878
12 878
110 878
35 865
100 867
18 867
65 835
21 835
22 835
60 809
20 809
21 809
64 784
9 784
36 860
64 860
25 810
5 810
49 825
12 825
82 872
15 872
77 838
20 838
21 838
40 850
65 880
106 855
6 855
104 855
74 848
8 848
93 854
36 854
88 871
15 871
16 871
52 876
88 876
15 876
107 878
14 878
58 867
19 867
48 880
22 880
66 857
20 857
29 857
86 837
58 837
19 837
100 837
34 818
14 818
15 818
88 818
108 860
78 851
22 851
55 813
82 876
16 876
17 876
73 858
12 858
79 857
64 854
48 851
58 882
57 863
9 863
94 866
24 866
98 883
91 824
13 824
14 824
87 877
104 877
43 877
60 880
23 880
56 788
18 788
101 802
9 802
57 802
85 802
65 851
24 851
23 851
89 871
109 863
48 866
31 855
9 855
46 841
23 841
24 841
83 802
10 802
75 860
12 860
59 858
14 858
15 858
16 858
110 858
51 828
11 828
85 828
27 878
16 878
109 855
10 855
74 802
51 802
11 802
12 802
77 857
114 784
12 784
93 860
13 860
14 860
65 866
90 877
97 848
99 872
19 872
88 872
18 872
17 872
46 857
24 857
108 854
75 854
13 854
37 847
23 847
101 863
26 795
107 858
17 858
96 865
3 865
4 865
5 865
6 865
79 880
24 880
77 880
33 839
4 839
109 848
60 857
26 857
80 849
10 849
74 784
91 860
15 860
29 851
86 882
23 882
66 882
35 883
44 876
21 876
80 886
63 886
10 886
31 886
87 855
11 855
112 835
3 835
92 868
17 868
18 868
19 868
110 872
102 859
8 859
113 859
7 859
6 859
5 859
103 809
2 809
92 887
17 887
52 818
19 818
20 818
21 818
59 860
16 860
17 860
25 813
10 813
9 813
73 884
43 886
83 828
12 828
34 878
18 878
19 878
46 880
85 855
35 835
4 835
5 835
6 835
7 835
113 835
71 835
101 848
12 848
107 872
114 854
14 854
79 851
77 851
100 847
86 847
24 847
87 886
12 886
109 886
27 858
18 858
19 858
20 858
69 830
22 830
23 830
86 830
100 830
24 830
70 865
50 853
4 853
53 853
95 853
42 853
88 868
20 868
21 868
22 868
31 848
75 889
15 889
76 861
78 881
2 881
49 824
18 824
106 877
28 869
90 891
81 837
104 849
41 846
3 846
42 846
95 846
4 846
62 875
1 875
96 883
5 883
91 884
17 884
93 884
16 884
108 884
63 877
80 877
12 877
85 890
57 890
14 890
87 848
13 848
108 893
103 892
4 892
95 892
39 850
24 850
23 850
22 850
26 861
48 881
41 881
57 894
85 894
14 894
58 847
89 876
23 876
24 876
31 877
13 877
111 865
10 865
82 788
22 788
23 788
24 788
76 869
74 854
28 861
3 861
29 861
62 861
112 883
27 824
20 824
21 824
22 824
113 865
83 855
106 891
63 891
64 893
17 893
36 889
92 860
20 860
46 851
3 851
77 875
46 875
3 875
61 806
23 806
82 824
75 884
66 830
2 830
106 895
94 853
90 849
72 854
16 854
85 854
93 889
18 889
73 889
105 800
24 800
87 894
43 894
89 806
101 886
15 886
40 867
1 867
63 895
14 895
87 895
54 874
19 874
93 874
79 861
77 861
46 861
4 861
5 861
31 894
15 894
102 813
12 813
64 884
18 884
19 884
52 878
23 878
24 878
43 895
31 895
15 895
16 895
107 888
22 888
53 846
7 846
49 860
21 860
62 851
4 851
88 850
48 861
101 894
16 894
74 894
17 894
96 899
35 899
80 891
15 891
31 891
84 825
21 825
44 818
1 818
112 846
8 846
96 846
63 896
42 892
37 882
4 882
77 882
79 882
55 885
15 885
31 885
43 885
16 885
94 898
7 898
25 877
55 877
15 877
16 877
17 877
25 901
55 901
15 901
95 897
85 895
17 895
18 895
19 895
75 895
103 853
7 853
8 853
9 853
10 853
11 853
12 853
34 872
23 872
24 872
110 887
107 887
66 851
84 900
22 900
53 892
8 892
29 882
74 877
18 877
42 897
53 897
8 897
64 895
26 869
6 869
79 869
109 890
17 890
69 868
2 868
32 832
14 832
15 832
55 832
80 896
16 896
27 860
23 860
52 850
78 875
26 875
28 875
76 875
50 883
9 883
42 883
53 883
111 813
39 876
3 876
63 901
99 858
1 858
112 897
86 867
4 867
39 867
3 867
2 867
108 895
20 895
21 895
64 902
108 902
75 902
20 902
21 902
22 902
23 902
110 902
43 890
34 887
24 887
72 894
19 894
20 894
108 894
75 894
70 813
14 813
114 893
20 893
21 893
51 784
94 892
9 892
65 881
8 881
95 883
113 813
48 898
58 830
5 830
77 869
46 869
7 869
43 906
18 906
66 904
6 904
100 904
81 904
103 881
9 881
95 881
42 881
90 886
18 886
19 886
88 858
70 905
73 825
23 825
24 825
27 887
84 860
24 860
94 883
10 883
38 862
19 862
20 862
47 813
15 813
16 813
69 876
4 876
5 876
74 886
44 868
4 868
5 868
33 859
13 859
14 859
15 859
16 859
17 859
18 859
75 893
22 893
23 893
24 893
49 900
30 845
12 845
13 845
72 862
97 863
105 806
4 806
59 884
24 884
49 884
51 886
78 869
9 869
111 905
16 905
109 906
97 906
20 906
21 906
90 859
35 846
56 871
74 862
38 863
20 863
44 909
69 909
5 909
68 879
18 879
19 879
65 898
10 898
45 770
40 830
6 830
7 830
8 830
31 890
20 890
39 868
6 868
110 907
34 907
2 907
43 859
31 859
20 859
30 846
13 846
14 846
37 851
8 851
100 851
113 908
16 908
17 908
111 908
105 871
5 871
69 871
33 845
14 845
15 845
16 845
78 898
26 898
79 830
107 902
97 890
21 890
109 859
97 859
21 859
22 859
23 859
108 859
41 861
11 861
94 861
95 861
101 885
109 885
97 885
21 885
22 885
23 885
85 877
22 877
23 877
24 877
77 830
71 865
102 905
18 905
109 911
101 911
56 909
105 909
6 909
7 909
58 876
8 876
28 898
89 878
105 878
29 869
10 869
98 899
14 899
81 851
9 851
70 908
18 908
97 911
22 911
23 911
42 861
13 861
14 861
98 861
96 861
53 881
13 881
60 875
11 875
12 875
65 875
48 875
32 813
19 813
68 813
20 813
100 876
81 876
9 876
76 898
60 898
11 898
79 898
77 898
67 810
68 810
20 810
21 810
22 810
40 868
8 868
9 868
100 868
87 891
84 893
55 896
21 896
26 913
76 913
34 902
4 902
5 902
38 890
81 868
106 849
22 849
23 849
109 849
91 889
2 889
36 874
1 874
2 874
62 882
11 882
81 882
41 875
13 875
14 875
95 875
42 875
51 862
24 862
23 862
93 903
88 902
6 902
7 902
105 902
87 890
23 890
24 890
25 832
22 832
102 908
50 897
96 897
89 902
8 902
51 890
49 893
4 893
5 893
110 893
53 875
15 875
42 914
74 910
51 910
31 912
87 912
38 912
109 912
24 912
23 912
60 913
13 913
79 913
48 915
80 901
23 901
24 901
31 901
87 901
38 901
86 904
11 904
97 849
38 849
87 849
24 849
58 851
11 851
112 892
50 892
44 871
9 871
10 871
58 871
11 871
113 845
20 845
95 914
63 879
109 901
101 810
30 899
17 899
73 860
4 860
5 860
6 860
110 860
35 861
100 882
12 882
13 882
60 882
78 882
26 882
80 879
24 879
109 879
101 879
38 879
97 901
101 901
57 855
1 855
101 855
97 855
71 905
78 917
60 917
27 907
6 907
89 918
86 851
12 851
13 851
14 851
96 892
85 911
57 911
1 911
2 911
81 871
64 894
3 894
108 885
64 885
3 885
4 885
91 885
55 912
69 902
75 859
74 911
76 882
15 882
53 914
17 914
25 912
29 898
14 898
15 898
26 917
84 907
40 904
12 904
32 908
23 908
48 882
16 882
17 882
63 912
87 879
107 893
8 893
59 889
6 889
39 909
80 912
1 912
41 898
17 898
53 898
