39 50 0.048 49.952
52 50 0.0048 49.9952
52 49.9952 0.048 49.9472
39 49.952 0.0048 49.9472
39 49.9472 0.16 49.7872
52 49.9472 0.016 49.9312
52 49.9312 0.016 49.9152
39 49.7872 0.0016 49.7856
52 49.9152 0.048 49.8672
39 49.7856 0.0048 49.7808
34 50 0.048 49.952
52 50 0.048 49.952
44 50 0.048 49.952
34 50 0.048 49.952
52 50 0.048 49.952
44 50 0.048 49.952
41 50 0.0048 49.9952
41 49.9952 0.048 49.9472
44 49.952 0.0048 49.9472
44 49.9472 0.16 49.7872
41 49.9472 0.016 49.9312
41 49.9312 0.016 49.9152
44 49.7872 0.0016 49.7856
41 49.9152 0.048 49.8672
44 49.7856 0.0048 49.7808
34 50 0.048 49.952
52 50 0.048 49.952
26 50 0.048 49.952
36 50 0.048 49.952
41 50 0.048 49.952
44 50 0.0048 49.9952
34 50 0.048 49.952
34 49.952 0.0048 49.9472
34 49.9472 0.16 49.7872
34 49.7872 0.0016 49.7856
48 50 0.016 49.984
48 49.984 0.016 49.968
48 49.968 0.048 49.92
32 50 0.048 49.952
38 50 0.0048 49.9952
38 49.9952 0.048 49.9472
32 49.952 0.0096 49.9424
32 49.9424 0.16 49.7824
38 49.9472 0.016 49.9312
38 49.9312 0.016 49.9152
32 49.7824 0.0016 49.7808
38 49.9152 0.048 49.8672
32 49.7808 0.0048 49.776
52 50 0.048 49.952
26 50 0.048 49.952
26 49.952 0.0048 49.9472
26 49.9472 0.16 49.7872
26 49.7872 0.0016 49.7856
51 50 0.016 49.984
51 49.984 0.016 49.968
51 49.968 0.048 49.92
49 50 0.0048 49.9952
49 49.9952 0.048 49.9472
51 49.92 0.0048 49.9152
51 49.9152 0.16 49.7552
49 49.9472 0.016 49.9312
49 49.9312 0.016 49.9152
51 49.7552 0.0016 49.7536
49 49.9152 0.048 49.8672
51 49.7536 0.0048 49.7488
36 50 0.048 49.952
41 50 0.048 49.952
48 50 0.048 49.952
38 50 0.048 49.952
32 49.963 0.0048 49.9582
52 50 0.048 49.952
35 50 0.048 49.952
54 50 0.048 49.952
54 49.952 0.0048 49.9472
54 49.9472 0.16 49.7872
54 49.7872 0.0016 49.7856
25 50 0.016 49.984
25 49.984 0.016 49.968
25 49.968 0.048 49.92
43 50 0.0048 49.9952
43 49.9952 0.048 49.9472
25 49.92 0.0048 49.9152
25 49.9152 0.16 49.7552
43 49.9472 0.016 49.9312
43 49.9312 0.016 49.9152
25 49.7552 0.0016 49.7536
43 49.9152 0.048 49.8672
25 49.7536 0.0048 49.7488
49 50 0.048 49.952
46 50 0.048 49.952
36 50 0.0048 49.9952
36 49.9952 0.048 49.9472
46 49.952 0.0048 49.9472
41 50 0.048 49.952
41 49.952 0.0048 49.9472
41 49.9472 0.16 49.7872
41 49.7872 0.0016 49.7856
34 50 0.016 49.984
34 49.984 0.016 49.968
34 49.968 0.048 49.92
48 50 0.048 49.952
38 50 0.048 49.952
32 50 0.0048 49.9952
52 50 0.048 49.952
35 50 0.048 49.952
43 50 0.048 49.952
25 49.8685 0.0048 49.8637
28 50 0.048 49.952
49 50 0.048 49.952
46 50 0.048 49.952
36 50 0.0048 49.9952
36 49.9952 0.048 49.9472
46 49.952 0.0048 49.9472
34 50 0.048 49.952
48 50 0.048 49.952
38 50 0.048 49.952
52 50 0.048 49.952
35 50 0.048 49.952
43 50 0.048 49.952
25 50 0.0048 49.9952
28 50 0.048 49.952
49 50 0.048 49.952
46 50 0.048 49.952
36 50 0.048 49.952
34 50 0.048 49.952
48 50 0.048 49.952
38 50 0.048 49.952
38 49.952 0.0048 49.9472
38 49.9472 0.16 49.7872
38 49.7872 0.0016 49.7856
39 50 0.016 49.984
39 49.984 0.016 49.968
39 49.968 0.048 49.92
52 50 0.048 49.952
35 50 0.048 49.952
43 50 0.048 49.952
25 50 0.0048 49.9952
28 50 0.048 49.952
49 50 0.048 49.952
46 50 0.048 49.952
36 50 0.048 49.952
34 50 0.048 49.952
48 50 0.048 49.952
39 50 0.048 49.952
52 50 0.048 49.952
35 50 0.048 49.952
43 50 0.048 49.952
25 50 0.0048 49.9952
47 50 0.048 49.952
40 50 0.0048 49.9952
40 49.9952 0.048 49.9472
47 49.952 0.0048 49.9472
47 49.9472 0.16 49.7872
40 49.9472 0.016 49.9312
40 49.9312 0.016 49.9152
47 49.7872 0.0016 49.7856
40 49.9152 0.048 49.8672
47 49.7856 0.0048 49.7808
28 50 0.048 49.952
49 50 0.048 49.952
46 50 0.048 49.952
36 50 0.048 49.952
34 50 0.048 49.952
48 50 0.048 49.952
39 50 0.048 49.952
52 50 0.0048 49.9952
52 49.9952 0.048 49.9472
39 49.952 0.0048 49.9472
35 50 0.048 49.952
43 50 0.048 49.952
25 50 0.0048 49.9952
40 50 0.048 49.952
47 50 0.0048 49.9952
40 49.952 0.0048 49.9472
40 49.9472 0.16 49.7872
40 49.7872 0.0016 49.7856
42 50 0.016 49.984
42 49.984 0.016 49.968
42 49.968 0.048 49.92
45 50 0.0048 49.9952
45 49.9952 0.048 49.9472
42 49.92 0.0048 49.9152
42 49.9152 0.16 49.7552
45 49.9472 0.016 49.9312
45 49.9312 0.016 49.9152
42 49.7552 0.0016 49.7536
45 49.9152 0.048 49.8672
42 49.7536 0.0048 49.7488
28 50 0.048 49.952
49 50 0.048 49.952
46 50 0.048 49.952
36 50 0.0048 49.9952
36 49.9952 0.048 49.9472
46 49.952 0.0048 49.9472
34 50 0.048 49.952
34 49.952 0.0048 49.9472
34 49.9472 0.16 49.7872
34 49.7872 0.0016 49.7856
31 50 0.016 49.984
31 49.984 0.016 49.968
31 49.968 0.048 49.92
48 50 0.048 49.952
39 50 0.048 49.952
52 50 0.0048 49.9952
52 49.9952 0.048 49.9472
39 49.952 0.0048 49.9472
35 50 0.048 49.952
43 50 0.048 49.952
25 50 0.0048 49.9952
45 50 0.048 49.952
42 49.9435 0.0048 49.9387
28 50 0.048 49.952
49 50 0.048 49.952
51 50 0.0048 49.9952
49 49.952 0.0048 49.9472
49 49.9472 0.16 49.7872
49 49.7872 0.0016 49.7856
47 50 0.016 49.984
47 49.984 0.016 49.968
47 49.968 0.048 49.92
40 50 0.0048 49.9952
40 49.9952 0.048 49.9472
47 49.92 0.0048 49.9152
47 49.9152 0.16 49.7552
40 49.9472 0.016 49.9312
40 49.9312 0.016 49.9152
47 49.7552 0.0016 49.7536
40 49.9152 0.048 49.8672
47 49.7536 0.0048 49.7488
46 50 0.048 49.952
36 50 0.048 49.952
31 50 0.048 49.952
48 50 0.048 49.952
39 50 0.048 49.952
52 50 0.0048 49.9952
52 49.9952 0.048 49.9472
39 49.952 0.0048 49.9472
35 50 0.048 49.952
43 50 0.048 49.952
25 50 0.0048 49.9952
45 50 0.048 49.952
42 50 0.0048 49.9952
28 50 0.048 49.952
40 50 0.048 49.952
40 49.952 0.0048 49.9472
40 49.9472 0.16 49.7872
40 49.7872 0.0016 49.7856
42 49.9952 0.016 49.9792
42 49.9792 0.016 49.9632
42 49.9632 0.048 49.9152
45 49.952 0.0048 49.9472
42 49.9152 0.0048 49.9104
42 49.9104 0.16 49.7504
42 49.7504 0.0016 49.7488
37 50 0.016 49.984
37 49.984 0.016 49.968
37 49.968 0.048 49.92
46 50 0.048 49.952
36 50 0.0048 49.9952
36 49.9952 0.048 49.9472
46 49.952 0.0048 49.9472
31 50 0.048 49.952
48 50 0.048 49.952
39 50 0.048 49.952
52 50 0.0048 49.9952
52 49.9952 0.048 49.9472
39 49.952 0.0048 49.9472
35 50 0.048 49.952
43 50 0.048 49.952
43 49.952 0.0048 49.9472
43 49.9472 0.16 49.7872
43 49.7872 0.0016 49.7856
32 50 0.016 49.984
32 49.984 0.016 49.968
32 49.968 0.048 49.92
27 50 0.048 49.952
27 49.952 0.0048 49.9472
27 49.9472 0.16 49.7872
27 49.7872 0.0016 49.7856
25 50 0.016 49.984
25 49.984 0.016 49.968
25 49.968 0.048 49.92
45 50 0.048 49.952
42 50 0.0048 49.9952
28 50 0.048 49.952
37 50 0.048 49.952
46 50 0.048 49.952
36 50 0.0048 49.9952
51 50 0.048 49.952
36 49.9952 0.048 49.9472
46 49.952 0.0048 49.9472
31 50 0.048 49.952
53 50 0.0048 49.9952
53 49.9952 0.048 49.9472
31 49.952 0.0048 49.9472
31 49.9472 0.16 49.7872
53 49.9472 0.016 49.9312
53 49.9312 0.016 49.9152
31 49.7872 0.0016 49.7856
53 49.9152 0.048 49.8672
31 49.7856 0.0048 49.7808
41 50 0.048 49.952
48 50 0.048 49.952
39 50 0.048 49.952
52 50 0.0048 49.9952
52 49.9952 0.048 49.9472
39 49.952 0.0048 49.9472
35 50 0.048 49.952
32 50 0.048 49.952
25 50 0.048 49.952
45 50 0.048 49.952
42 50 0.0048 49.9952
28 50 0.048 49.952
37 50 0.048 49.952
42 49.9952 0.048 49.9472
45 49.952 0.0048 49.9472
46 50 0.048 49.952
36 50 0.0048 49.9952
51 50 0.048 49.952
49 50 0.0048 49.9952
49 49.9952 0.048 49.9472
51 49.952 0.0048 49.9472
51 49.9472 0.16 49.7872
49 49.9472 0.016 49.9312
49 49.9312 0.016 49.9152
51 49.7872 0.0016 49.7856
49 49.9152 0.048 49.8672
51 49.7856 0.0048 49.7808
36 49.9952 0.048 49.9472
46 49.952 0.0048 49.9472
53 50 0.048 49.952
31 49.9909 0.0048 49.9861
41 50 0.048 49.952
48 50 0.048 49.952
39 50 0.048 49.952
52 50 0.048 49.952
35 50 0.048 49.952
32 50 0.048 49.952
25 50 0.048 49.952
45 50 0.048 49.952
42 50 0.0048 49.9952
33 50 0.048 49.952
28 50 0.048 49.952
28 49.952 0.0048 49.9472
28 49.9472 0.16 49.7872
28 49.7872 0.0016 49.7856
38 50 0.016 49.984
38 49.984 0.016 49.968
38 49.968 0.048 49.92
37 50 0.048 49.952
42 49.9952 0.048 49.9472
45 49.952 0.0048 49.9472
46 50 0.048 49.952
36 50 0.0048 49.9952
49 50 0.048 49.952
36 49.9952 0.048 49.9472
53 50 0.048 49.952
31 50 0.0048 49.9952
41 50 0.048 49.952
31 50 0.048 49.952
53 49.952 0.0048 49.9472
48 50 0.048 49.952
29 50 0.048 49.952
39 50 0.048 49.952
52 50 0.048 49.952
35 50 0.048 49.952
32 50 0.048 49.952
25 50 0.048 49.952
43 50 0.0048 49.9952
43 49.9952 0.048 49.9472
25 49.952 0.0048 49.9472
25 49.9472 0.16 49.7872
43 49.9472 0.016 49.9312
43 49.9312 0.016 49.9152
25 49.7872 0.0016 49.7856
43 49.9152 0.048 49.8672
25 49.7856 0.0048 49.7808
45 50 0.048 49.952
42 50 0.0048 49.9952
33 50 0.048 49.952
38 50 0.048 49.952
37 50 0.048 49.952
42 49.9952 0.048 49.9472
45 49.952 0.0048 49.9472
46 50 0.048 49.952
49 50 0.048 49.952
36 50 0.048 49.952
53 50 0.048 49.952
31 49.952 0.0048 49.9472
41 50 0.048 49.952
31 50 0.048 49.952
53 49.952 0.0048 49.9472
48 50 0.048 49.952
29 50 0.048 49.952
39 50 0.048 49.952
52 50 0.048 49.952
35 50 0.048 49.952
32 50 0.048 49.952
38 50 0.0048 49.9952
43 50 0.048 49.952
25 50 0.0048 49.9952
45 50 0.048 49.952
33 50 0.048 49.952
38 49.9952 0.048 49.9472
32 49.952 0.0048 49.9472
37 50 0.048 49.952
42 50 0.048 49.952
46 50 0.048 49.952
36 50 0.0048 49.9952
46 49.952 0.0048 49.9472
46 49.9472 0.16 49.7872
46 49.7872 0.0016 49.7856
26 50 0.016 49.984
26 49.984 0.016 49.968
26 49.968 0.048 49.92
49 50 0.048 49.952
49 49.952 0.0048 49.9472
49 49.9472 0.16 49.7872
49 49.7872 0.0016 49.7856
47 50 0.016 49.984
47 49.984 0.016 49.968
47 49.968 0.048 49.92
36 49.9952 0.048 49.9472
46 49.7856 0.0048 49.7808
46 49.7808 0.048 49.7328
36 49.9472 0.0048 49.9424
36 49.9424 0.16 49.7824
46 49.7328 0.016 49.7168
46 49.7168 0.016 49.7008
36 49.7824 0.0016 49.7808
46 49.7008 0.048 49.6528
36 49.7808 0.0048 49.776
46 49.6528 0.0048 49.648
46 49.648 0.16 49.488
46 49.488 0.0016 49.4864
49 49.7856 0.016 49.7696
49 49.7696 0.016 49.7536
49 49.7536 0.048 49.7056
49 49.7056 0.0048 49.7008
49 49.7008 0.16 49.5408
49 49.5408 0.0016 49.5392
40 50 0.016 49.984
40 49.984 0.016 49.968
40 49.968 0.048 49.92
53 50 0.048 49.952
31 49.952 0.0048 49.9472
41 50 0.048 49.952
31 50 0.048 49.952
53 49.952 0.0048 49.9472
48 50 0.048 49.952
29 50 0.048 49.952
39 50 0.048 49.952
52 50 0.0048 49.9952
52 49.9952 0.048 49.9472
39 49.952 0.0048 49.9472
35 50 0.048 49.952
32 50 0.048 49.952
43 50 0.048 49.952
25 50 0.0048 49.9952
45 50 0.048 49.952
33 50 0.048 49.952
33 49.952 0.0048 49.9472
33 49.9472 0.16 49.7872
33 49.7872 0.0016 49.7856
44 50 0.016 49.984
44 49.984 0.016 49.968
44 49.968 0.048 49.92
38 50 0.048 49.952
38 49.952 0.0048 49.9472
38 49.9472 0.16 49.7872
38 49.7872 0.0016 49.7856
37 50 0.048 49.952
42 50 0.048 49.952
26 50 0.048 49.952
47 50 0.048 49.952
47 49.952 0.0048 49.9472
47 49.9472 0.16 49.7872
47 49.7872 0.0016 49.7856
50 50 0.016 49.984
50 49.984 0.016 49.968
50 49.968 0.048 49.92
40 50 0.048 49.952
40 49.952 0.0048 49.9472
40 49.9472 0.16 49.7872
40 49.7872 0.0016 49.7856
47 49.7856 0.016 49.7696
47 49.7696 0.016 49.7536
47 49.7536 0.048 49.7056
53 50 0.048 49.952
31 49.952 0.0048 49.9472
41 50 0.048 49.952
31 50 0.048 49.952
53 49.952 0.0048 49.9472
48 50 0.048 49.952
29 50 0.048 49.952
29 49.952 0.0048 49.9472
29 49.9472 0.16 49.7872
29 49.7872 0.0016 49.7856
34 50 0.016 49.984
34 49.984 0.016 49.968
34 49.968 0.048 49.92
39 50 0.048 49.952
52 50 0.0048 49.9952
52 49.9952 0.048 49.9472
39 49.952 0.0048 49.9472
35 50 0.048 49.952
32 50 0.048 49.952
32 49.952 0.0048 49.9472
32 49.9472 0.16 49.7872
32 49.7872 0.0016 49.7856
43 50 0.048 49.952
45 50 0.048 49.952
30 50 0.048 49.952
44 50 0.048 49.952
37 50 0.048 49.952
42 50 0.048 49.952
42 49.952 0.0048 49.9472
42 49.9472 0.16 49.7872
42 49.7872 0.0016 49.7856
27 50 0.016 49.984
27 49.984 0.016 49.968
27 49.968 0.048 49.92
27 49.92 0.0048 49.9152
27 49.9152 0.16 49.7552
27 49.7552 0.0016 49.7536
25 50 0.016 49.984
25 49.984 0.016 49.968
25 49.968 0.048 49.92
26 50 0.048 49.952
50 50 0.048 49.952
47 49.9061 0.048 49.8581
40 50 0.0048 49.9952
53 50 0.048 49.952
31 49.952 0.0048 49.9472
41 50 0.048 49.952
31 50 0.048 49.952
53 49.952 0.0048 49.9472
48 50 0.048 49.952
34 50 0.048 49.952
39 50 0.048 49.952
52 50 0.0048 49.9952
39 49.952 0.0048 49.9472
39 49.9472 0.16 49.7872
39 49.7872 0.0016 49.7856
29 50 0.016 49.984
29 49.984 0.016 49.968
29 49.968 0.048 49.92
52 49.9952 0.048 49.9472
35 50 0.048 49.952
43 50 0.048 49.952
25 50 0.0048 49.9952
45 50 0.048 49.952
30 50 0.048 49.952
44 50 0.048 49.952
40 50 0.048 49.952
47 50 0.0048 49.9952
40 49.952 0.0048 49.9472
40 49.9472 0.16 49.7872
40 49.7872 0.0016 49.7856
42 50 0.016 49.984
42 49.984 0.016 49.968
42 49.968 0.048 49.92
37 50 0.048 49.952
25 49.9952 0.048 49.9472
43 49.952 0.0048 49.9472
26 50 0.048 49.952
50 50 0.048 49.952
38 50 0.048 49.952
47 49.9952 0.048 49.9472
40 49.7856 0.0048 49.7808
53 50 0.048 49.952
31 49.952 0.0048 49.9472
41 50 0.048 49.952
31 50 0.048 49.952
53 49.952 0.0048 49.9472
48 50 0.048 49.952
34 50 0.048 49.952
34 49.952 0.0048 49.9472
34 49.9472 0.16 49.7872
34 49.7872 0.0016 49.7856
36 50 0.016 49.984
36 49.984 0.016 49.968
36 49.968 0.048 49.92
46 50 0.0048 49.9952
46 49.9952 0.048 49.9472
36 49.92 0.0048 49.9152
36 49.9152 0.16 49.7552
46 49.9472 0.016 49.9312
46 49.9312 0.016 49.9152
36 49.7552 0.0016 49.7536
46 49.9152 0.048 49.8672
36 49.7536 0.0048 49.7488
29 50 0.048 49.952
52 50 0.048 49.952
35 50 0.048 49.952
43 50 0.048 49.952
25 50 0.0048 49.9952
27 50 0.0048 49.9952
43 49.952 0.0048 49.9472
43 49.9472 0.16 49.7872
43 49.7872 0.0016 49.7856
54 50 0.016 49.984
54 49.984 0.016 49.968
54 49.968 0.048 49.92
45 50 0.048 49.952
30 50 0.048 49.952
44 50 0.048 49.952
42 50 0.048 49.952
42 49.952 0.0048 49.9472
42 49.9472 0.16 49.7872
42 49.7872 0.0016 49.7856
27 49.9952 0.016 49.9792
27 49.9792 0.016 49.9632
27 49.9632 0.048 49.9152
27 49.9152 0.0048 49.9104
27 49.9104 0.16 49.7504
27 49.7504 0.0016 49.7488
43 49.7856 0.016 49.7696
43 49.7696 0.016 49.7536
43 49.7536 0.048 49.7056
25 49.9952 0.0048 49.9904
37 50 0.048 49.952
25 49.9904 0.048 49.9424
43 49.7056 0.0048 49.7008
26 50 0.048 49.952
26 49.952 0.0048 49.9472
26 49.9472 0.16 49.7872
26 49.7872 0.0016 49.7856
51 50 0.016 49.984
51 49.984 0.016 49.968
51 49.968 0.048 49.92
49 50 0.0048 49.9952
49 49.9952 0.048 49.9472
51 49.92 0.0096 49.9104
51 49.9104 0.16 49.7504
49 49.9472 0.016 49.9312
49 49.9312 0.016 49.9152
51 49.7504 0.0016 49.7488
49 49.9152 0.048 49.8672
51 49.7488 0.0048 49.744
50 50 0.048 49.952
38 50 0.048 49.952
47 50 0.048 49.952
53 50 0.048 49.952
31 49.952 0.0048 49.9472
53 49.952 0.0048 49.9472
53 49.9472 0.16 49.7872
53 49.7872 0.0016 49.7856
36 49.8989 0.016 49.8829
36 49.8829 0.016 49.8669
36 49.8669 0.048 49.8189
46 49.8672 0.0048 49.8624
41 50 0.048 49.952
31 50 0.048 49.952
53 49.7856 0.0048 49.7808
53 49.7808 0.048 49.7328
31 49.952 0.0048 49.9472
31 49.9472 0.16 49.7872
53 49.7328 0.016 49.7168
53 49.7168 0.016 49.7008
31 49.7872 0.0016 49.7856
53 49.7008 0.048 49.6528
31 49.7856 0.0048 49.7808
53 49.6528 0.0048 49.648
53 49.648 0.16 49.488
53 49.488 0.0016 49.4864
26 49.7856 0.016 49.7696
26 49.7696 0.016 49.7536
26 49.7536 0.048 49.7056
48 50 0.048 49.952
46 50 0.048 49.952
36 49.8189 0.0048 49.8141
29 50 0.048 49.952
52 50 0.048 49.952
35 50 0.048 49.952
54 50 0.048 49.952
45 50 0.048 49.952
30 50 0.048 49.952
44 50 0.048 49.952
43 50 0.048 49.952
25 50 0.0048 49.9952
37 50 0.048 49.952
25 49.9952 0.048 49.9472
43 49.952 0.0048 49.9472
49 50 0.048 49.952
51 49.9119 0.0048 49.9071
50 50 0.048 49.952
50 49.952 0.0048 49.9472
50 49.9472 0.16 49.7872
50 49.7872 0.0016 49.7856
27 50 0.016 49.984
27 49.984 0.016 49.968
27 49.968 0.048 49.92
38 50 0.048 49.952
47 50 0.048 49.952
47 49.952 0.0048 49.9472
47 49.9472 0.16 49.7872
47 49.7872 0.0016 49.7856
51 49.9071 0.016 49.8911
51 49.8911 0.016 49.8751
51 49.8751 0.048 49.8271
49 49.952 0.0048 49.9472
36 50 0.048 49.952
41 50 0.048 49.952
41 49.952 0.0048 49.9472
41 49.9472 0.16 49.7872
41 49.7872 0.0016 49.7856
34 50 0.016 49.984
34 49.984 0.016 49.968
34 49.968 0.048 49.92
26 50 0.048 49.952
26 49.952 0.0048 49.9472
26 49.9472 0.16 49.7872
26 49.7872 0.0016 49.7856
47 49.7856 0.016 49.7696
47 49.7696 0.016 49.7536
47 49.7536 0.048 49.7056
48 50 0.048 49.952
46 50 0.048 49.952
29 50 0.048 49.952
52 50 0.048 49.952
39 50 0.0048 49.9952
35 50 0.048 49.952
54 50 0.048 49.952
45 50 0.048 49.952
30 50 0.048 49.952
44 50 0.048 49.952
44 49.952 0.0048 49.9472
44 49.9472 0.16 49.7872
44 49.7872 0.0016 49.7856
41 50 0.016 49.984
41 49.984 0.016 49.968
41 49.968 0.048 49.92
43 50 0.048 49.952
43 49.952 0.0048 49.9472
43 49.9472 0.16 49.7872
43 49.7872 0.0016 49.7856
37 50 0.048 49.952
25 50 0.048 49.952
49 50 0.048 49.952
51 50 0.0048 49.9952
27 50 0.048 49.952
38 50 0.048 49.952
51 49.9952 0.048 49.9472
49 49.952 0.0048 49.9472
36 50 0.048 49.952
46 49.952 0.0048 49.9472
34 50 0.048 49.952
47 49.9129 0.048 49.8649
48 50 0.048 49.952
46 50 0.048 49.952
36 49.952 0.0048 49.9472
29 50 0.048 49.952
52 50 0.048 49.952
39 50 0.0048 49.9952
35 50 0.048 49.952
54 50 0.048 49.952
45 50 0.048 49.952
42 50 0.0048 49.9952
30 50 0.048 49.952
41 50 0.048 49.952
37 50 0.048 49.952
25 50 0.048 49.952
49 50 0.048 49.952
27 50 0.048 49.952
38 50 0.048 49.952
51 50 0.048 49.952
36 50 0.048 49.952
46 49.952 0.0048 49.9472
34 50 0.048 49.952
47 50 0.048 49.952
40 50 0.0048 49.9952
40 49.9952 0.048 49.9472
47 49.952 0.0048 49.9472
47 49.9472 0.16 49.7872
40 49.9472 0.016 49.9312
40 49.9312 0.016 49.9152
47 49.7872 0.0016 49.7856
40 49.9152 0.048 49.8672
47 49.7856 0.0048 49.7808
48 50 0.048 49.952
46 50 0.048 49.952
36 49.952 0.0048 49.9472
29 50 0.048 49.952
29 49.952 0.0048 49.9472
29 49.9472 0.16 49.7872
29 49.7872 0.0016 49.7856
44 50 0.016 49.984
44 49.984 0.016 49.968
44 49.968 0.048 49.92
44 49.92 0.0048 49.9152
44 49.9152 0.16 49.7552
44 49.7552 0.0016 49.7536
31 50 0.016 49.984
31 49.984 0.016 49.968
31 49.968 0.048 49.92
53 50 0.0048 49.9952
53 49.9952 0.048 49.9472
31 49.92 0.0048 49.9152
31 49.9152 0.16 49.7552
53 49.9472 0.016 49.9312
53 49.9312 0.016 49.9152
31 49.7552 0.0016 49.7536
53 49.9152 0.048 49.8672
31 49.7536 0.0048 49.7488
52 50 0.048 49.952
39 50 0.0048 49.9952
35 50 0.048 49.952
54 50 0.048 49.952
45 50 0.048 49.952
42 50 0.0048 49.9952
45 49.952 0.0048 49.9472
45 49.9472 0.16 49.7872
45 49.7872 0.0016 49.7856
50 50 0.016 49.984
50 49.984 0.016 49.968
50 49.968 0.048 49.92
30 50 0.048 49.952
41 50 0.048 49.952
37 50 0.048 49.952
25 50 0.048 49.952
43 50 0.0048 49.9952
43 49.9952 0.048 49.9472
25 49.952 0.0048 49.9472
25 49.9472 0.16 49.7872
43 49.9472 0.016 49.9312
43 49.9312 0.016 49.9152
25 49.7872 0.0016 49.7856
43 49.9152 0.048 49.8672
25 49.7856 0.0048 49.7808
49 50 0.048 49.952
51 50 0.0048 49.9952
27 50 0.048 49.952
43 49.8672 0.0048 49.8624
27 49.952 0.0048 49.9472
27 49.9472 0.16 49.7872
27 49.7872 0.0016 49.7856
38 50 0.048 49.952
51 49.9952 0.048 49.9472
49 49.952 0.0048 49.9472
36 50 0.048 49.952
46 49.952 0.0048 49.9472
34 50 0.048 49.952
40 50 0.048 49.952
47 50 0.0048 49.9952
48 50 0.048 49.952
46 50 0.048 49.952
36 49.952 0.0048 49.9472
53 50 0.048 49.952
31 50 0.0048 49.9952
53 49.952 0.0048 49.9472
53 49.9472 0.16 49.7872
53 49.7872 0.0016 49.7856
26 50 0.016 49.984
26 49.984 0.016 49.968
26 49.968 0.048 49.92
52 50 0.048 49.952
39 50 0.0048 49.9952
52 49.952 0.0048 49.9472
52 49.9472 0.16 49.7872
52 49.7872 0.0016 49.7856
29 49.974 0.016 49.958
29 49.958 0.016 49.942
29 49.942 0.048 49.894
35 50 0.048 49.952
54 50 0.048 49.952
54 49.952 0.0048 49.9472
54 49.9472 0.16 49.7872
54 49.7872 0.0016 49.7856
28 50 0.016 49.984
28 49.984 0.016 49.968
28 49.968 0.048 49.92
50 50 0.048 49.952
30 50 0.048 49.952
41 50 0.048 49.952
37 50 0.048 49.952
37 49.952 0.0048 49.9472
37 49.9472 0.16 49.7872
37 49.7872 0.0016 49.7856
43 50 0.048 49.952
49 50 0.048 49.952
38 50 0.048 49.952
38 49.952 0.0048 49.9472
38 49.9472 0.16 49.7872
38 49.7872 0.0016 49.7856
39 50 0.016 49.984
39 49.984 0.016 49.968
39 49.968 0.048 49.92
52 50 0.0048 49.9952
52 49.9952 0.048 49.9472
39 49.92 0.0048 49.9152
39 49.9152 0.16 49.7552
52 49.9472 0.016 49.9312
52 49.9312 0.016 49.9152
39 49.7552 0.0016 49.7536
52 49.9152 0.048 49.8672
39 49.7536 0.0048 49.7488
51 50 0.048 49.952
49 49.952 0.0048 49.9472
36 50 0.048 49.952
46 49.952 0.0048 49.9472
34 50 0.048 49.952
40 50 0.048 49.952
47 50 0.0048 49.9952
48 50 0.048 49.952
46 50 0.048 49.952
36 49.952 0.0048 49.9472
26 50 0.048 49.952
29 50 0.048 49.952
35 50 0.048 49.952
28 50 0.048 49.952
50 50 0.048 49.952
50 49.952 0.0048 49.9472
50 49.9472 0.16 49.7872
50 49.7872 0.0016 49.7856
37 50 0.016 49.984
37 49.984 0.016 49.968
37 49.968 0.048 49.92
30 50 0.048 49.952
41 50 0.048 49.952
53 49.9918 0.048 49.9438
31 50 0.0048 49.9952
31 49.9952 0.048 49.9472
53 49.9438 0.0096 49.9342
53 49.9342 0.16 49.7742
31 49.9472 0.016 49.9312
31 49.9312 0.016 49.9152
53 49.7742 0.0016 49.7726
31 49.9152 0.048 49.8672
53 49.7726 0.0048 49.7678
43 50 0.048 49.952
49 50 0.048 49.952
51 50 0.0048 49.9952
52 50 0.048 49.952
51 49.9952 0.048 49.9472
49 49.952 0.0048 49.9472
36 50 0.048 49.952
46 49.952 0.0048 49.9472
34 50 0.048 49.952
40 50 0.048 49.952
47 50 0.0048 49.9952
48 50 0.048 49.952
46 50 0.048 49.952
26 50 0.048 49.952
29 50 0.048 49.952
35 50 0.048 49.952
28 50 0.048 49.952
37 50 0.048 49.952
30 50 0.048 49.952
41 50 0.048 49.952
31 50 0.048 49.952
43 50 0.048 49.952
27 50 0.0048 49.9952
49 50 0.048 49.952
51 50 0.0048 49.9952
49 49.952 0.0048 49.9472
49 49.9472 0.16 49.7872
49 49.7872 0.0016 49.7856
47 50 0.016 49.984
47 49.984 0.016 49.968
47 49.968 0.048 49.92
40 50 0.0048 49.9952
52 50 0.048 49.952
51 49.9952 0.048 49.9472
49 49.7856 0.0048 49.7808
36 50 0.048 49.952
34 50 0.048 49.952
40 49.9952 0.048 49.9472
47 49.92 0.0048 49.9152
48 50 0.048 49.952
46 50 0.048 49.952
36 49.952 0.0048 49.9472
26 50 0.048 49.952
29 50 0.048 49.952
35 50 0.048 49.952
28 50 0.048 49.952
37 50 0.048 49.952
30 50 0.048 49.952
41 50 0.048 49.952
31 50 0.048 49.952
43 50 0.048 49.952
27 50 0.0048 49.9952
47 50 0.048 49.952
40 50 0.0048 49.9952
52 50 0.048 49.952
39 50 0.0048 49.9952
51 50 0.048 49.952
36 50 0.048 49.952
46 49.952 0.0048 49.9472
34 50 0.048 49.952
40 49.9952 0.048 49.9472
47 49.952 0.0048 49.9472
48 50 0.048 49.952
46 50 0.048 49.952
36 49.952 0.0048 49.9472
26 50 0.048 49.952
29 50 0.048 49.952
35 50 0.048 49.952
28 50 0.048 49.952
37 50 0.048 49.952
30 50 0.048 49.952
41 50 0.048 49.952
31 50 0.048 49.952
53 50 0.0048 49.9952
43 50 0.048 49.952
27 50 0.0048 49.9952
47 50 0.048 49.952
52 50 0.048 49.952
39 50 0.0048 49.9952
51 50 0.048 49.952
36 50 0.048 49.952
46 49.952 0.0048 49.9472
34 50 0.048 49.952
40 50 0.048 49.952
40 49.952 0.0048 49.9472
40 49.9472 0.16 49.7872
40 49.7872 0.0016 49.7856
42 50 0.016 49.984
42 49.984 0.016 49.968
42 49.968 0.048 49.92
45 50 0.0048 49.9952
45 49.9952 0.048 49.9472
42 49.92 0.0048 49.9152
42 49.9152 0.16 49.7552
45 49.9472 0.016 49.9312
45 49.9312 0.016 49.9152
42 49.7552 0.0016 49.7536
45 49.9152 0.048 49.8672
42 49.7536 0.0048 49.7488
48 50 0.048 49.952
46 50 0.048 49.952
36 49.952 0.0048 49.9472
26 50 0.048 49.952
29 50 0.048 49.952
29 49.952 0.0048 49.9472
29 49.9472 0.16 49.7872
29 49.7872 0.0016 49.7856
44 50 0.016 49.984
44 49.984 0.016 49.968
44 49.968 0.048 49.92
35 50 0.048 49.952
28 50 0.048 49.952
37 50 0.048 49.952
30 50 0.048 49.952
41 50 0.048 49.952
31 50 0.048 49.952
53 50 0.0048 49.9952
43 50 0.048 49.952
27 50 0.0048 49.9952
47 50 0.048 49.952
52 50 0.048 49.952
51 50 0.048 49.952
36 50 0.048 49.952
46 49.952 0.0048 49.9472
34 50 0.048 49.952
45 50 0.048 49.952
42 50 0.0048 49.9952
45 49.952 0.0048 49.9472
45 49.9472 0.16 49.7872
45 49.7872 0.0016 49.7856
50 50 0.016 49.984
50 49.984 0.016 49.968
50 49.968 0.048 49.92
48 50 0.048 49.952
46 50 0.048 49.952
36 49.952 0.0048 49.9472
26 50 0.048 49.952
44 50 0.048 49.952
35 50 0.048 49.952
28 50 0.048 49.952
37 50 0.048 49.952
30 50 0.048 49.952
41 50 0.048 49.952
31 50 0.048 49.952
53 50 0.0048 49.9952
31 49.952 0.0048 49.9472
31 49.9472 0.16 49.7872
31 49.7872 0.0016 49.7856
49 50 0.016 49.984
49 49.984 0.016 49.968
49 49.968 0.048 49.92
43 50 0.048 49.952
27 50 0.0048 49.9952
47 50 0.048 49.952
40 50 0.0048 49.9952
40 49.9952 0.048 49.9472
47 49.952 0.0048 49.9472
47 49.9472 0.16 49.7872
40 49.9472 0.016 49.9312
40 49.9312 0.016 49.9152
47 49.7872 0.0016 49.7856
40 49.9152 0.048 49.8672
47 49.7856 0.0048 49.7808
52 50 0.048 49.952
52 49.952 0.0048 49.9472
52 49.9472 0.16 49.7872
52 49.7872 0.0016 49.7856
29 50 0.016 49.984
29 49.984 0.016 49.968
29 49.968 0.048 49.92
51 50 0.048 49.952
36 50 0.048 49.952
46 49.952 0.0048 49.9472
34 50 0.048 49.952
50 50 0.048 49.952
48 50 0.048 49.952
46 50 0.048 49.952
36 49.952 0.0048 49.9472
32 50 0.048 49.952
26 50 0.048 49.952
44 50 0.048 49.952
35 50 0.048 49.952
28 50 0.048 49.952
37 50 0.048 49.952
37 49.952 0.0048 49.9472
37 49.9472 0.16 49.7872
37 49.7872 0.0016 49.7856
30 50 0.048 49.952
41 50 0.048 49.952
41 49.952 0.0048 49.9472
41 49.9472 0.16 49.7872
41 49.7872 0.0016 49.7856
31 50 0.016 49.984
31 49.984 0.016 49.968
31 49.968 0.048 49.92
53 50 0.0048 49.9952
53 49.9952 0.048 49.9472
31 49.92 0.0048 49.9152
31 49.9152 0.16 49.7552
53 49.9472 0.016 49.9312
53 49.9312 0.016 49.9152
31 49.7552 0.0016 49.7536
53 49.9152 0.048 49.8672
31 49.7536 0.0048 49.7488
49 50 0.048 49.952
43 50 0.048 49.952
40 50 0.048 49.952
47 50 0.0048 49.9952
29 50 0.048 49.952
51 50 0.048 49.952
36 50 0.048 49.952
46 49.952 0.0048 49.9472
34 50 0.048 49.952
50 50 0.048 49.952
48 50 0.048 49.952
46 50 0.048 49.952
36 49.952 0.0048 49.9472
32 50 0.048 49.952
32 49.952 0.0048 49.9472
32 49.9472 0.16 49.7872
32 49.7872 0.0016 49.7856
52 50 0.016 49.984
52 49.984 0.016 49.968
52 49.968 0.048 49.92
39 50 0.0048 49.9952
39 49.9952 0.048 49.9472
52 49.92 0.0048 49.9152
52 49.9152 0.16 49.7552
39 49.9472 0.016 49.9312
39 49.9312 0.016 49.9152
52 49.7552 0.0016 49.7536
39 49.9152 0.048 49.8672
52 49.7536 0.0048 49.7488
26 50 0.048 49.952
44 50 0.048 49.952
35 50 0.048 49.952
28 50 0.048 49.952
30 50 0.048 49.952
30 49.952 0.0048 49.9472
30 49.9472 0.16 49.7872
30 49.7872 0.0016 49.7856
37 50 0.016 49.984
37 49.984 0.016 49.968
37 49.968 0.048 49.92
53 50 0.048 49.952
31 50 0.0048 49.9952
49 50 0.048 49.952
43 50 0.048 49.952
40 50 0.048 49.952
29 50 0.048 49.952
51 50 0.048 49.952
36 50 0.048 49.952
46 49.952 0.0048 49.9472
34 50 0.048 49.952
50 50 0.048 49.952
48 50 0.048 49.952
46 50 0.048 49.952
36 49.952 0.0048 49.9472
39 50 0.048 49.952
39 49.952 0.0048 49.9472
39 49.9472 0.16 49.7872
39 49.7872 0.0016 49.7856
33 50 0.016 49.984
33 49.984 0.016 49.968
33 49.968 0.048 49.92
26 50 0.048 49.952
44 50 0.048 49.952
35 50 0.048 49.952
28 50 0.048 49.952
37 50 0.048 49.952
53 50 0.048 49.952
31 50 0.0048 49.9952
49 50 0.048 49.952
43 50 0.048 49.952
40 50 0.048 49.952
29 50 0.048 49.952
51 50 0.048 49.952
36 50 0.048 49.952
46 49.952 0.0048 49.9472
34 50 0.048 49.952
50 50 0.048 49.952
48 50 0.048 49.952
46 50 0.048 49.952
36 49.952 0.0048 49.9472
33 50 0.048 49.952
26 50 0.048 49.952
44 50 0.048 49.952
35 50 0.048 49.952
35 49.952 0.0048 49.9472
35 49.9472 0.16 49.7872
35 49.7872 0.0016 49.7856
54 50 0.016 49.984
54 49.984 0.016 49.968
54 49.968 0.048 49.92
28 50 0.048 49.952
28 49.952 0.0048 49.9472
28 49.9472 0.16 49.7872
28 49.7872 0.0016 49.7856
38 50 0.016 49.984
38 49.984 0.016 49.968
38 49.968 0.048 49.92
37 50 0.048 49.952
53 50 0.048 49.952
49 50 0.048 49.952
43 50 0.048 49.952
25 50 0.0048 49.9952
40 50 0.048 49.952
29 50 0.048 49.952
51 50 0.048 49.952
36 50 0.048 49.952
46 49.952 0.0048 49.9472
34 50 0.048 49.952
50 50 0.048 49.952
48 50 0.048 49.952
46 50 0.048 49.952
36 49.952 0.0048 49.9472
46 49.952 0.0048 49.9472
46 49.9472 0.16 49.7872
46 49.7872 0.0016 49.7856
47 50 0.016 49.984
47 49.984 0.016 49.968
47 49.968 0.048 49.92
33 50 0.048 49.952
26 50 0.048 49.952
44 50 0.048 49.952
54 50 0.048 49.952
38 50 0.048 49.952
37 50 0.048 49.952
53 50 0.048 49.952
31 50 0.0048 49.9952
49 50 0.048 49.952
43 50 0.048 49.952
40 50 0.048 49.952
29 50 0.048 49.952
51 50 0.048 49.952
36 50 0.048 49.952
46 49.7856 0.0048 49.7808
46 49.7808 0.048 49.7328
36 49.952 0.0048 49.9472
36 49.9472 0.16 49.7872
46 49.7328 0.016 49.7168
46 49.7168 0.016 49.7008
36 49.7872 0.0016 49.7856
46 49.7008 0.048 49.6528
36 49.7856 0.0048 49.7808
34 50 0.048 49.952
50 50 0.048 49.952
50 49.952 0.0048 49.9472
50 49.9472 0.16 49.7872
50 49.7872 0.0016 49.7856
48 50 0.048 49.952
47 50 0.048 49.952
40 49.952 0.0048 49.9472
33 50 0.048 49.952
26 50 0.048 49.952
44 50 0.048 49.952
54 50 0.048 49.952
38 50 0.048 49.952
37 50 0.048 49.952
53 50 0.048 49.952
31 50 0.0048 49.9952
49 50 0.048 49.952
43 50 0.048 49.952
43 49.952 0.0048 49.9472
43 49.9472 0.16 49.7872
43 49.7872 0.0016 49.7856
28 50 0.016 49.984
28 49.984 0.016 49.968
28 49.968 0.048 49.92
28 49.92 0.0048 49.9152
28 49.9152 0.16 49.7552
28 49.7552 0.0016 49.7536
32 50 0.016 49.984
32 49.984 0.016 49.968
32 49.968 0.048 49.92
40 50 0.048 49.952
47 50 0.0048 49.9952
29 50 0.048 49.952
51 50 0.048 49.952
46 50 0.048 49.952
36 50 0.0048 49.9952
46 49.952 0.0048 49.9472
46 49.9472 0.16 49.7872
46 49.7872 0.0016 49.7856
45 50 0.016 49.984
45 49.984 0.016 49.968
45 49.968 0.048 49.92
42 50 0.0048 49.9952
42 49.9952 0.048 49.9472
45 49.92 0.0048 49.9152
45 49.9152 0.16 49.7552
42 49.9472 0.016 49.9312
42 49.9312 0.016 49.9152
45 49.7552 0.0016 49.7536
42 49.9152 0.048 49.8672
45 49.7536 0.0048 49.7488
34 50 0.048 49.952
48 50 0.048 49.952
48 49.952 0.0048 49.9472
48 49.9472 0.16 49.7872
48 49.7872 0.0016 49.7856
31 50 0.016 49.984
31 49.984 0.016 49.968
31 49.968 0.048 49.92
47 49.9952 0.048 49.9472
40 49.952 0.0048 49.9472
33 50 0.048 49.952
33 49.952 0.0048 49.9472
33 49.9472 0.16 49.7872
33 49.7872 0.0016 49.7856
41 50 0.016 49.984
41 49.984 0.016 49.968
41 49.968 0.048 49.92
26 50 0.048 49.952
44 50 0.048 49.952
54 50 0.048 49.952
38 50 0.048 49.952
37 50 0.048 49.952
37 49.952 0.0048 49.9472
37 49.9472 0.16 49.7872
37 49.7872 0.0016 49.7856
53 50 0.048 49.952
49 50 0.048 49.952
32 50 0.048 49.952
40 50 0.048 49.952
29 50 0.048 49.952
29 49.952 0.0048 49.9472
29 49.9472 0.16 49.7872
29 49.7872 0.0016 49.7856
48 50 0.016 49.984
48 49.984 0.016 49.968
48 49.968 0.048 49.92
51 50 0.048 49.952
42 50 0.048 49.952
45 49.904 0.0048 49.8992
34 50 0.048 49.952
31 50 0.048 49.952
47 50 0.048 49.952
47 49.952 0.0048 49.9472
47 49.9472 0.16 49.7872
47 49.7872 0.0016 49.7856
45 49.8992 0.016 49.8832
45 49.8832 0.016 49.8672
45 49.8672 0.048 49.8192
42 50 0.0048 49.9952
41 50 0.048 49.952
26 50 0.048 49.952
44 50 0.048 49.952
44 49.952 0.0048 49.9472
44 49.9472 0.16 49.7872
44 49.7872 0.0016 49.7856
36 50 0.016 49.984
36 49.984 0.016 49.968
36 49.968 0.048 49.92
54 50 0.048 49.952
38 50 0.048 49.952
53 50 0.048 49.952
49 50 0.048 49.952
32 50 0.048 49.952
40 50 0.048 49.952
48 50 0.048 49.952
51 50 0.048 49.952
42 49.9952 0.048 49.9472
45 49.9296 0.0048 49.9248
34 50 0.048 49.952
31 50 0.048 49.952
53 50 0.0048 49.9952
45 49.9248 0.048 49.8768
42 50 0.0048 49.9952
41 50 0.048 49.952
26 50 0.048 49.952
36 50 0.048 49.952
54 50 0.048 49.952
38 50 0.048 49.952
39 50 0.048 49.952
53 49.9952 0.048 49.9472
31 49.952 0.0048 49.9472
49 50 0.048 49.952
32 50 0.048 49.952
40 50 0.048 49.952
48 50 0.048 49.952
51 50 0.048 49.952
42 49.9952 0.048 49.9472
45 50 0.0048 49.9952
34 50 0.048 49.952
34 49.952 0.0048 49.9472
34 49.9472 0.16 49.7872
34 49.7872 0.0016 49.7856
46 50 0.016 49.984
46 49.984 0.016 49.968
46 49.968 0.048 49.92
31 50 0.048 49.952
53 50 0.0048 49.9952
45 49.9952 0.048 49.9472
42 50 0.0048 49.9952
41 50 0.048 49.952
26 50 0.048 49.952
36 50 0.048 49.952
46 50 0.0048 49.9952
54 50 0.048 49.952
38 50 0.048 49.952
39 50 0.048 49.952
53 49.9952 0.048 49.9472
31 49.952 0.0048 49.9472
53 49.9472 0.0048 49.9424
53 49.9424 0.16 49.7824
53 49.7824 0.0016 49.7808
47 50 0.016 49.984
47 49.984 0.016 49.968
47 49.968 0.048 49.92
49 50 0.048 49.952
32 50 0.048 49.952
40 50 0.048 49.952
48 50 0.048 49.952
51 50 0.048 49.952
42 49.9952 0.048 49.9472
46 49.9952 0.048 49.9472
36 50 0.0048 49.9952
31 50 0.048 49.952
53 50 0.0048 49.9952
53 49.9952 0.048 49.9472
31 49.952 0.0048 49.9472
31 49.9472 0.16 49.7872
53 49.9472 0.016 49.9312
53 49.9312 0.016 49.9152
31 49.7872 0.0016 49.7856
53 49.9152 0.048 49.8672
31 49.7856 0.0048 49.7808
45 50 0.048 49.952
41 50 0.048 49.952
26 50 0.048 49.952
36 49.9952 0.048 49.9472
46 50 0.0048 49.9952
54 50 0.048 49.952
38 50 0.048 49.952
39 50 0.048 49.952
47 50 0.048 49.952
49 50 0.048 49.952
32 50 0.048 49.952
40 50 0.048 49.952
50 50 0.048 49.952
48 50 0.048 49.952
51 50 0.048 49.952
42 50 0.048 49.952
46 49.9952 0.048 49.9472
53 50 0.048 49.952
31 50 0.0048 49.9952
45 50 0.048 49.952
41 50 0.048 49.952
33 50 0.048 49.952
26 50 0.048 49.952
36 50 0.048 49.952
54 50 0.048 49.952
38 50 0.048 49.952
39 50 0.048 49.952
47 50 0.048 49.952
49 50 0.048 49.952
32 50 0.048 49.952
40 50 0.048 49.952
50 50 0.048 49.952
50 49.952 0.0048 49.9472
50 49.9472 0.16 49.7872
50 49.7872 0.0016 49.7856
37 50 0.016 49.984
37 49.984 0.016 49.968
37 49.968 0.048 49.92
48 50 0.048 49.952
51 50 0.048 49.952
42 50 0.048 49.952
46 50 0.048 49.952
36 50 0.0048 49.9952
53 50 0.048 49.952
31 50 0.0048 49.9952
45 50 0.048 49.952
41 50 0.048 49.952
33 50 0.048 49.952
26 50 0.048 49.952
36 49.9952 0.048 49.9472
46 50 0.0048 49.9952
36 49.9472 0.0048 49.9424
36 49.9424 0.16 49.7824
36 49.7824 0.0016 49.7808
54 50 0.048 49.952
38 50 0.048 49.952
39 50 0.048 49.952
47 50 0.048 49.952
49 50 0.048 49.952
49 49.952 0.0048 49.9472
49 49.9472 0.16 49.7872
49 49.7872 0.0016 49.7856
36 49.7808 0.016 49.7648
36 49.7648 0.016 49.7488
36 49.7488 0.048 49.7008
46 49.9952 0.0048 49.9904
32 50 0.048 49.952
40 50 0.048 49.952
40 49.952 0.0048 49.9472
40 49.9472 0.16 49.7872
40 49.7872 0.0016 49.7856
37 50 0.048 49.952
48 50 0.048 49.952
51 50 0.048 49.952
42 50 0.048 49.952
46 49.9904 0.048 49.9424
36 49.9315 0.0048 49.9267
53 50 0.048 49.952
31 50 0.0048 49.9952
45 50 0.048 49.952
41 50 0.048 49.952
33 50 0.048 49.952
33 49.952 0.0048 49.9472
33 49.9472 0.16 49.7872
33 49.7872 0.0016 49.7856
29 50 0.016 49.984
29 49.984 0.016 49.968
29 49.968 0.048 49.92
26 50 0.048 49.952
54 50 0.048 49.952
38 50 0.048 49.952
39 50 0.048 49.952
47 50 0.048 49.952
36 49.9267 0.048 49.8787
32 50 0.048 49.952
37 50 0.048 49.952
48 50 0.048 49.952
51 50 0.048 49.952
42 50 0.048 49.952
46 50 0.048 49.952
53 50 0.048 49.952
45 50 0.048 49.952
41 50 0.048 49.952
29 50 0.048 49.952
26 50 0.048 49.952
54 50 0.048 49.952
54 49.952 0.0048 49.9472
54 49.9472 0.16 49.7872
54 49.7872 0.0016 49.7856
25 50 0.016 49.984
25 49.984 0.016 49.968
25 49.968 0.048 49.92
38 50 0.048 49.952
39 50 0.048 49.952
47 50 0.048 49.952
40 50 0.0048 49.9952
40 49.9952 0.048 49.9472
47 49.952 0.0048 49.9472
47 49.9472 0.16 49.7872
40 49.9472 0.016 49.9312
40 49.9312 0.016 49.9152
47 49.7872 0.0016 49.7856
40 49.9152 0.048 49.8672
47 49.7856 0.0048 49.7808
36 50 0.048 49.952
32 50 0.048 49.952
37 50 0.048 49.952
37 49.952 0.0048 49.9472
37 49.9472 0.16 49.7872
37 49.7872 0.0016 49.7856
30 50 0.016 49.984
30 49.984 0.016 49.968
30 49.968 0.048 49.92
48 50 0.048 49.952
51 50 0.048 49.952
42 50 0.048 49.952
45 50 0.0048 49.9952
46 50 0.048 49.952
53 50 0.048 49.952
45 49.9952 0.048 49.9472
42 50 0.0048 49.9952
41 50 0.048 49.952
29 50 0.048 49.952
29 49.952 0.0048 49.9472
29 49.9472 0.16 49.7872
29 49.7872 0.0016 49.7856
44 50 0.016 49.984
44 49.984 0.016 49.968
44 49.968 0.048 49.92
26 50 0.048 49.952
25 50 0.048 49.952
38 50 0.048 49.952
39 50 0.048 49.952
40 50 0.048 49.952
36 50 0.048 49.952
32 50 0.048 49.952
30 50 0.048 49.952
30 49.952 0.0048 49.9472
30 49.9472 0.16 49.7872
30 49.7872 0.0016 49.7856
35 50 0.016 49.984
35 49.984 0.016 49.968
35 49.968 0.048 49.92
48 50 0.048 49.952
51 50 0.048 49.952
42 49.9952 0.048 49.9472
45 50 0.0048 49.9952
46 50 0.048 49.952
53 50 0.048 49.952
31 50 0.0048 49.9952
45 49.9952 0.048 49.9472
42 50 0.0048 49.9952
41 50 0.048 49.952
44 50 0.048 49.952
44 49.952 0.0048 49.9472
44 49.9472 0.16 49.7872
44 49.7872 0.0016 49.7856
34 50 0.016 49.984
34 49.984 0.016 49.968
34 49.968 0.048 49.92
26 50 0.048 49.952
25 50 0.048 49.952
43 50 0.0048 49.9952
43 49.9952 0.048 49.9472
25 49.952 0.0048 49.9472
25 49.9472 0.16 49.7872
43 49.9472 0.016 49.9312
43 49.9312 0.016 49.9152
25 49.7872 0.0016 49.7856
43 49.9152 0.048 49.8672
25 49.7856 0.0048 49.7808
27 50 0.0048 49.9952
27 49.9952 0.048 49.9472
43 49.8672 0.0048 49.8624
43 49.8624 0.16 49.7024
27 49.9472 0.016 49.9312
27 49.9312 0.016 49.9152
43 49.7024 0.0016 49.7008
27 49.9152 0.048 49.8672
43 49.7008 0.0048 49.696
38 50 0.048 49.952
39 50 0.048 49.952
40 50 0.048 49.952
36 50 0.048 49.952
46 50 0.0048 49.9952
49 50 0.048 49.952
32 50 0.048 49.952
35 50 0.048 49.952
48 50 0.048 49.952
25 49.7808 0.048 49.7328
43 49.8355 0.0048 49.8307
43 49.8307 0.048 49.7827
25 49.7328 0.0048 49.728
25 49.728 0.16 49.568
43 49.7827 0.016 49.7667
43 49.7667 0.016 49.7507
25 49.568 0.0016 49.5664
43 49.7507 0.048 49.7027
25 49.5664 0.0048 49.5616
51 50 0.048 49.952
42 49.9952 0.048 49.9472
46 49.9952 0.048 49.9472
36 50 0.0048 49.9952
53 50 0.048 49.952
45 50 0.048 49.952
42 50 0.0048 49.9952
41 50 0.048 49.952
41 49.952 0.0048 49.9472
41 49.9472 0.16 49.7872
41 49.7872 0.0016 49.7856
31 50 0.016 49.984
31 49.984 0.016 49.968
31 49.968 0.048 49.92
34 50 0.048 49.952
26 50 0.048 49.952
27 50 0.048 49.952
43 49.7027 0.0048 49.6979
38 50 0.048 49.952
39 50 0.048 49.952
40 50 0.048 49.952
36 49.9952 0.048 49.9472
46 50 0.0048 49.9952
49 50 0.048 49.952
32 50 0.048 49.952
35 50 0.048 49.952
35 49.952 0.0048 49.9472
35 49.9472 0.16 49.7872
35 49.7872 0.0016 49.7856
25 50 0.016 49.984
25 49.984 0.016 49.968
25 49.968 0.048 49.92
48 50 0.048 49.952
43 49.9485 0.048 49.9005
27 50 0.0048 49.9952
51 50 0.048 49.952
51 49.952 0.0048 49.9472
51 49.9472 0.16 49.7872
51 49.7872 0.0016 49.7856
37 50 0.016 49.984
37 49.984 0.016 49.968
37 49.968 0.048 49.92
42 49.9952 0.048 49.9472
46 49.9952 0.048 49.9472
36 50 0.0048 49.9952
53 50 0.048 49.952
45 50 0.048 49.952
31 50 0.048 49.952
34 50 0.048 49.952
26 50 0.048 49.952
27 49.9952 0.048 49.9472
43 49.9005 0.0048 49.8957
38 50 0.048 49.952
39 50 0.048 49.952
40 50 0.048 49.952
47 50 0.0048 49.9952
36 49.9952 0.048 49.9472
49 50 0.048 49.952
51 50 0.0048 49.9952
51 49.9952 0.048 49.9472
49 49.952 0.0048 49.9472
49 49.9472 0.16 49.7872
51 49.9472 0.016 49.9312
51 49.9312 0.016 49.9152
49 49.7872 0.0016 49.7856
51 49.9152 0.048 49.8672
49 49.7856 0.0048 49.7808
32 50 0.048 49.952
25 50 0.048 49.952
48 50 0.048 49.952
43 50 0.048 49.952
37 50 0.048 49.952
42 50 0.048 49.952
46 50 0.048 49.952
53 50 0.048 49.952
45 50 0.048 49.952
31 50 0.048 49.952
34 50 0.048 49.952
26 50 0.048 49.952
27 50 0.048 49.952
38 50 0.048 49.952
39 50 0.048 49.952
39 49.952 0.0048 49.9472
39 49.9472 0.16 49.7872
39 49.7872 0.0016 49.7856
33 50 0.016 49.984
33 49.984 0.016 49.968
33 49.968 0.048 49.92
40 50 0.048 49.952
47 50 0.0048 49.9952
36 50 0.048 49.952
51 49.9919 0.048 49.9439
32 50 0.048 49.952
25 50 0.048 49.952
43 49.952 0.0048 49.9472
48 50 0.048 49.952
43 50 0.048 49.952
25 49.952 0.0048 49.9472
27 50 0.0048 49.9952
43 49.952 0.0048 49.9472
43 49.9472 0.16 49.7872
43 49.7872 0.0016 49.7856
54 50 0.016 49.984
54 49.984 0.016 49.968
54 49.968 0.048 49.92
37 50 0.048 49.952
42 50 0.048 49.952
42 49.952 0.0048 49.9472
42 49.9472 0.16 49.7872
42 49.7872 0.0016 49.7856
47 49.9952 0.016 49.9792
47 49.9792 0.016 49.9632
47 49.9632 0.048 49.9152
40 49.952 0.0048 49.9472
46 50 0.048 49.952
53 50 0.048 49.952
45 50 0.048 49.952
31 50 0.048 49.952
34 50 0.048 49.952
26 50 0.048 49.952
27 49.9952 0.048 49.9472
43 49.7856 0.0048 49.7808
38 50 0.048 49.952
33 50 0.048 49.952
40 50 0.048 49.952
47 50 0.0048 49.9952
36 50 0.048 49.952
46 50 0.0048 49.9952
51 50 0.048 49.952
51 49.952 0.0048 49.9472
51 49.9472 0.16 49.7872
51 49.7872 0.0016 49.7856
42 50 0.016 49.984
42 49.984 0.016 49.968
42 49.968 0.048 49.92
32 50 0.048 49.952
25 50 0.048 49.952
43 49.7808 0.0048 49.776
43 49.776 0.048 49.728
25 49.952 0.0048 49.9472
25 49.9472 0.16 49.7872
43 49.728 0.016 49.712
43 49.712 0.016 49.696
25 49.7872 0.0016 49.7856
43 49.696 0.048 49.648
25 49.7856 0.0048 49.7808
27 49.9472 0.0048 49.9424
48 50 0.048 49.952
54 50 0.048 49.952
37 50 0.048 49.952
47 49.9952 0.048 49.9472
40 49.952 0.0048 49.9472
46 49.9952 0.048 49.9472
36 50 0.0048 49.9952
53 50 0.048 49.952
45 50 0.048 49.952
31 50 0.048 49.952
28 50 0.048 49.952
34 50 0.048 49.952
26 50 0.048 49.952
27 50 0.048 49.952
43 50 0.0048 49.9952
38 50 0.048 49.952
33 50 0.048 49.952
33 49.952 0.0048 49.9472
33 49.9472 0.16 49.7872
33 49.7872 0.0016 49.7856
52 50 0.016 49.984
52 49.984 0.016 49.968
52 49.968 0.048 49.92
40 50 0.048 49.952
47 50 0.0048 49.9952
36 49.9952 0.048 49.9472
42 50 0.048 49.952
32 50 0.048 49.952
43 49.9952 0.048 49.9472
25 49.983 0.0048 49.9782
27 49.952 0.0048 49.9472
48 50 0.048 49.952
54 50 0.048 49.952
37 50 0.048 49.952
47 49.9952 0.048 49.9472
40 49.952 0.0048 49.9472
46 50 0.048 49.952
36 50 0.0048 49.9952
53 50 0.048 49.952
45 50 0.048 49.952
31 50 0.048 49.952
28 50 0.048 49.952
34 50 0.048 49.952
26 50 0.048 49.952
27 50 0.048 49.952
43 50 0.0048 49.9952
38 50 0.048 49.952
52 50 0.048 49.952
40 50 0.048 49.952
36 49.9952 0.048 49.9472
46 50 0.0048 49.9952
42 50 0.048 49.952
32 50 0.048 49.952
43 49.9952 0.048 49.9472
25 50 0.0048 49.9952
27 49.952 0.0048 49.9472
48 50 0.048 49.952
48 49.952 0.0048 49.9472
48 49.9472 0.16 49.7872
48 49.7872 0.0016 49.7856
41 50 0.016 49.984
41 49.984 0.016 49.968
41 49.968 0.048 49.92
54 50 0.048 49.952
37 50 0.048 49.952
47 50 0.048 49.952
46 49.9952 0.048 49.9472
36 50 0.0048 49.9952
46 49.9472 0.0048 49.9424
46 49.9424 0.16 49.7824
46 49.7824 0.0016 49.7808
49 50 0.016 49.984
49 49.984 0.016 49.968
49 49.968 0.048 49.92
53 50 0.048 49.952
45 50 0.048 49.952
31 50 0.048 49.952
28 50 0.048 49.952
34 50 0.048 49.952
26 50 0.048 49.952
27 50 0.048 49.952
43 50 0.0048 49.9952
38 50 0.048 49.952
32 49.952 0.0048 49.9472
52 50 0.048 49.952
40 50 0.048 49.952
36 49.9952 0.048 49.9472
46 50 0.0048 49.9952
46 49.9952 0.048 49.9472
36 49.9472 0.0048 49.9424
36 49.9424 0.16 49.7824
46 49.9472 0.016 49.9312
46 49.9312 0.016 49.9152
36 49.7824 0.0016 49.7808
46 49.9152 0.048 49.8672
36 49.7808 0.0048 49.776
42 50 0.048 49.952
42 49.952 0.0048 49.9472
42 49.9472 0.16 49.7872
42 49.7872 0.0016 49.7856
50 50 0.016 49.984
50 49.984 0.016 49.968
50 49.968 0.048 49.92
32 50 0.048 49.952
38 49.952 0.0048 49.9472
43 49.9952 0.048 49.9472
27 49.952 0.0048 49.9472
43 49.9472 0.0048 49.9424
43 49.9424 0.16 49.7824
43 49.7824 0.0016 49.7808
39 50 0.016 49.984
39 49.984 0.016 49.968
39 49.968 0.048 49.92
41 50 0.048 49.952
54 50 0.048 49.952
37 50 0.048 49.952
47 50 0.048 49.952
49 50 0.048 49.952
51 50 0.0048 49.9952
51 49.9952 0.048 49.9472
49 49.952 0.0048 49.9472
49 49.9472 0.16 49.7872
51 49.9472 0.016 49.9312
51 49.9312 0.016 49.9152
49 49.7872 0.0016 49.7856
51 49.9152 0.048 49.8672
49 49.7856 0.0048 49.7808
53 50 0.048 49.952
45 50 0.048 49.952
31 50 0.048 49.952
28 50 0.048 49.952
34 50 0.048 49.952
34 49.952 0.0048 49.9472
34 49.9472 0.16 49.7872
34 49.7872 0.0016 49.7856
48 50 0.016 49.984
48 49.984 0.016 49.968
48 49.968 0.048 49.92
26 50 0.048 49.952
27 50 0.048 49.952
25 50 0.0048 49.9952
43 50 0.0048 49.9952
38 50 0.048 49.952
32 49.952 0.0048 49.9472
52 50 0.048 49.952
40 50 0.048 49.952
46 50 0.048 49.952
50 50 0.048 49.952
32 50 0.048 49.952
38 49.952 0.0048 49.9472
39 50 0.048 49.952
41 50 0.048 49.952
54 50 0.048 49.952
37 50 0.048 49.952
47 50 0.048 49.952
51 50 0.048 49.952
51 49.952 0.0048 49.9472
51 49.9472 0.16 49.7872
51 49.7872 0.0016 49.7856
53 50 0.048 49.952
45 50 0.048 49.952
42 50 0.0048 49.9952
42 49.9952 0.048 49.9472
45 49.952 0.0048 49.9472
45 49.9472 0.16 49.7872
42 49.9472 0.016 49.9312
42 49.9312 0.016 49.9152
45 49.7872 0.0016 49.7856
42 49.9152 0.048 49.8672
45 49.7856 0.0048 49.7808
31 50 0.048 49.952
28 50 0.048 49.952
48 50 0.048 49.952
26 50 0.048 49.952
27 50 0.048 49.952
43 50 0.0048 49.9952
38 50 0.048 49.952
32 49.952 0.0048 49.9472
52 50 0.048 49.952
40 50 0.048 49.952
47 50 0.0048 49.9952
46 50 0.048 49.952
50 50 0.048 49.952
32 50 0.048 49.952
38 49.952 0.0048 49.9472
39 50 0.048 49.952
41 50 0.048 49.952
54 50 0.048 49.952
37 50 0.048 49.952
47 49.9952 0.048 49.9472
40 49.952 0.0048 49.9472
53 50 0.048 49.952
42 50 0.048 49.952
31 50 0.048 49.952
28 50 0.048 49.952
48 50 0.048 49.952
26 50 0.048 49.952
26 49.952 0.0048 49.9472
26 49.9472 0.16 49.7872
26 49.7872 0.0016 49.7856
49 50 0.016 49.984
49 49.984 0.016 49.968
49 49.968 0.048 49.92
51 50 0.0048 49.9952
51 49.9952 0.048 49.9472
49 49.92 0.0048 49.9152
49 49.9152 0.16 49.7552
51 49.9472 0.016 49.9312
51 49.9312 0.016 49.9152
49 49.7552 0.0016 49.7536
51 49.9152 0.048 49.8672
49 49.7536 0.0048 49.7488
27 50 0.048 49.952
27 49.952 0.0048 49.9472
27 49.9472 0.16 49.7872
27 49.7872 0.0016 49.7856
33 50 0.016 49.984
33 49.984 0.016 49.968
33 49.968 0.048 49.92
38 50 0.048 49.952
32 49.952 0.0048 49.9472
52 50 0.048 49.952
40 50 0.048 49.952
46 50 0.048 49.952
50 50 0.048 49.952
32 50 0.048 49.952
39 50 0.048 49.952
41 50 0.048 49.952
54 50 0.048 49.952
37 50 0.048 49.952
47 50 0.048 49.952
53 50 0.048 49.952
42 50 0.048 49.952
45 50 0.0048 49.9952
31 50 0.048 49.952
28 50 0.048 49.952
48 50 0.048 49.952
51 50 0.048 49.952
49 49.9413 0.0048 49.9365
33 50 0.048 49.952
38 50 0.048 49.952
52 50 0.048 49.952
52 49.952 0.0048 49.9472
52 49.9472 0.16 49.7872
52 49.7872 0.0016 49.7856
29 50 0.016 49.984
29 49.984 0.016 49.968
29 49.968 0.048 49.92
40 50 0.048 49.952
47 50 0.0048 49.9952
46 50 0.048 49.952
50 50 0.048 49.952
32 50 0.048 49.952
39 50 0.048 49.952
41 50 0.048 49.952
54 50 0.048 49.952
37 50 0.048 49.952
47 49.9952 0.048 49.9472
40 49.952 0.0048 49.9472
47 49.9472 0.0048 49.9424
47 49.9424 0.16 49.7824
47 49.7824 0.0016 49.7808
53 50 0.048 49.952
42 50 0.048 49.952
31 50 0.048 49.952
28 50 0.048 49.952
48 50 0.048 49.952
51 50 0.048 49.952
49 50 0.0048 49.9952
33 50 0.048 49.952
38 50 0.048 49.952
32 49.952 0.0048 49.9472
29 50 0.048 49.952
40 50 0.048 49.952
47 50 0.0048 49.9952
46 50 0.048 49.952
36 50 0.0048 49.9952
50 50 0.048 49.952
32 50 0.048 49.952
38 49.952 0.0048 49.9472
39 50 0.048 49.952
41 50 0.048 49.952
54 50 0.048 49.952
54 49.952 0.0048 49.9472
54 49.9472 0.16 49.7872
54 49.7872 0.0016 49.7856
52 50 0.016 49.984
52 49.984 0.016 49.968
52 49.968 0.048 49.92
37 50 0.048 49.952
53 50 0.048 49.952
42 50 0.048 49.952
31 50 0.048 49.952
31 49.952 0.0048 49.9472
31 49.9472 0.16 49.7872
31 49.7872 0.0016 49.7856
36 50 0.016 49.984
36 49.984 0.016 49.968
36 49.968 0.048 49.92
46 50 0.0048 49.9952
28 50 0.048 49.952
28 49.952 0.0048 49.9472
28 49.9472 0.16 49.7872
28 49.7872 0.0016 49.7856
44 50 0.016 49.984
44 49.984 0.016 49.968
44 49.968 0.048 49.92
48 50 0.048 49.952
51 50 0.048 49.952
33 50 0.048 49.952
38 50 0.048 49.952
32 49.952 0.0048 49.9472
29 50 0.048 49.952
40 50 0.048 49.952
47 50 0.0048 49.9952
46 49.9952 0.048 49.9472
36 49.92 0.0048 49.9152
50 50 0.048 49.952
32 50 0.048 49.952
39 50 0.048 49.952
41 50 0.048 49.952
41 49.952 0.0048 49.9472
41 49.9472 0.16 49.7872
41 49.7872 0.0016 49.7856
52 50 0.048 49.952
37 50 0.048 49.952
53 50 0.048 49.952
42 50 0.048 49.952
36 50 0.048 49.952
46 50 0.0048 49.9952
44 50 0.048 49.952
44 49.952 0.0048 49.9472
44 49.9472 0.16 49.7872
44 49.7872 0.0016 49.7856
48 50 0.048 49.952
51 50 0.048 49.952
33 50 0.048 49.952
38 50 0.048 49.952
29 50 0.048 49.952
40 50 0.048 49.952
46 49.9952 0.048 49.9472
36 49.952 0.0048 49.9472
50 50 0.048 49.952
32 50 0.048 49.952
39 50 0.048 49.952
52 50 0.048 49.952
37 50 0.048 49.952
53 50 0.048 49.952
42 50 0.048 49.952
36 50 0.048 49.952
48 50 0.048 49.952
51 50 0.048 49.952
33 50 0.048 49.952
38 50 0.048 49.952
32 49.952 0.0048 49.9472
29 50 0.048 49.952
40 50 0.048 49.952
46 50 0.048 49.952
46 49.952 0.0048 49.9472
46 49.9472 0.16 49.7872
46 49.7872 0.0016 49.7856
26 50 0.016 49.984
26 49.984 0.016 49.968
26 49.968 0.048 49.92
50 50 0.048 49.952
32 50 0.048 49.952
38 49.952 0.0048 49.9472
39 50 0.048 49.952
52 50 0.048 49.952
37 50 0.048 49.952
53 50 0.048 49.952
42 50 0.048 49.952
45 50 0.0048 49.9952
36 50 0.048 49.952
48 50 0.048 49.952
51 50 0.048 49.952
33 50 0.048 49.952
38 50 0.048 49.952
29 50 0.048 49.952
40 50 0.048 49.952
26 50 0.048 49.952
26 49.952 0.0048 49.9472
26 49.9472 0.16 49.7872
26 49.7872 0.0016 49.7856
47 50 0.016 49.984
47 49.984 0.016 49.968
47 49.968 0.048 49.92
50 50 0.048 49.952
32 50 0.048 49.952
39 50 0.048 49.952
52 50 0.048 49.952
37 50 0.048 49.952
53 50 0.048 49.952
42 50 0.048 49.952
45 50 0.0048 49.9952
36 50 0.048 49.952
48 50 0.048 49.952
48 49.952 0.0048 49.9472
48 49.9472 0.16 49.7872
48 49.7872 0.0016 49.7856
31 50 0.016 49.984
31 49.984 0.016 49.968
31 49.968 0.048 49.92
51 50 0.048 49.952
49 50 0.0048 49.9952
33 50 0.048 49.952
38 50 0.048 49.952
29 50 0.048 49.952
40 50 0.048 49.952
47 50 0.0048 49.9952
40 49.952 0.0048 49.9472
40 49.9472 0.16 49.7872
40 49.7872 0.0016 49.7856
45 49.9952 0.016 49.9792
45 49.9792 0.016 49.9632
45 49.9632 0.048 49.9152
42 49.952 0.0048 49.9472
47 49.9952 0.048 49.9472
40 49.7856 0.0048 49.7808
40 49.7808 0.048 49.7328
47 49.9472 0.0048 49.9424
47 49.9424 0.16 49.7824
40 49.7328 0.016 49.7168
40 49.7168 0.016 49.7008
47 49.7824 0.0016 49.7808
40 49.7008 0.048 49.6528
47 49.7808 0.0048 49.776
40 49.6528 0.0048 49.648
40 49.648 0.16 49.488
40 49.488 0.0016 49.4864
50 50 0.048 49.952
32 50 0.048 49.952
38 49.952 0.0048 49.9472
39 50 0.048 49.952
43 50 0.048 49.952
25 50 0.0048 49.9952
25 49.9952 0.048 49.9472
27 50 0.0048 49.9952
27 49.9952 0.048 49.9472
43 49.952 0.0096 49.9424
43 49.9424 0.16 49.7824
27 49.9472 0.016 49.9312
27 49.9312 0.016 49.9152
43 49.7824 0.0016 49.7808
27 49.9152 0.048 49.8672
43 49.7808 0.0048 49.776
52 50 0.048 49.952
37 50 0.048 49.952
53 50 0.048 49.952
42 50 0.048 49.952
45 50 0.0048 49.9952
36 50 0.048 49.952
31 50 0.048 49.952
51 50 0.048 49.952
33 50 0.048 49.952
38 50 0.048 49.952
29 50 0.048 49.952
45 49.9952 0.048 49.9472
42 49.952 0.0048 49.9472
50 50 0.048 49.952
32 50 0.048 49.952
32 49.952 0.0048 49.9472
32 49.9472 0.16 49.7872
32 49.7872 0.0016 49.7856
39 50 0.048 49.952
27 50 0.048 49.952
52 50 0.048 49.952
37 50 0.048 49.952
53 50 0.048 49.952
42 50 0.048 49.952
45 50 0.0048 49.9952
36 50 0.048 49.952
31 50 0.048 49.952
51 50 0.048 49.952
33 50 0.048 49.952
38 50 0.048 49.952
29 50 0.048 49.952
45 49.9952 0.048 49.9472
50 50 0.048 49.952
39 50 0.048 49.952
27 50 0.048 49.952
25 50 0.0048 49.9952
25 49.9952 0.048 49.9472
27 49.952 0.0048 49.9472
27 49.9472 0.16 49.7872
25 49.9472 0.016 49.9312
25 49.9312 0.016 49.9152
27 49.7872 0.0016 49.7856
25 49.9152 0.048 49.8672
27 49.7856 0.0048 49.7808
52 50 0.048 49.952
37 50 0.048 49.952
53 50 0.048 49.952
42 50 0.048 49.952
42 49.952 0.0048 49.9472
42 49.9472 0.16 49.7872
42 49.7872 0.0016 49.7856
30 50 0.016 49.984
30 49.984 0.016 49.968
30 49.968 0.048 49.92
36 50 0.048 49.952
46 50 0.0048 49.9952
46 49.9952 0.048 49.9472
36 49.952 0.0048 49.9472
36 49.9472 0.16 49.7872
46 49.9472 0.016 49.9312
46 49.9312 0.016 49.9152
36 49.7872 0.0016 49.7856
46 49.9152 0.048 49.8672
36 49.7856 0.0048 49.7808
31 50 0.048 49.952
51 50 0.048 49.952
33 50 0.048 49.952
38 50 0.048 49.952
44 50 0.048 49.952
29 50 0.048 49.952
45 50 0.048 49.952
50 50 0.048 49.952
39 50 0.048 49.952
25 50 0.048 49.952
52 50 0.048 49.952
37 50 0.048 49.952
53 50 0.048 49.952
30 50 0.048 49.952
30 49.952 0.0048 49.9472
30 49.9472 0.16 49.7872
30 49.7872 0.0016 49.7856
46 50 0.048 49.952
36 50 0.0048 49.9952
31 50 0.048 49.952
31 49.952 0.0048 49.9472
31 49.9472 0.16 49.7872
31 49.7872 0.0016 49.7856
36 49.9952 0.016 49.9792
36 49.9792 0.016 49.9632
36 49.9632 0.048 49.9152
46 49.952 0.0048 49.9472
51 50 0.048 49.952
33 50 0.048 49.952
38 50 0.048 49.952
44 50 0.048 49.952
29 50 0.048 49.952
45 50 0.048 49.952
42 50 0.0048 49.9952
42 49.9952 0.048 49.9472
45 49.952 0.0048 49.9472
45 49.9472 0.16 49.7872
42 49.9472 0.016 49.9312
42 49.9312 0.016 49.9152
45 49.7872 0.0016 49.7856
42 49.9152 0.048 49.8672
45 49.7856 0.0048 49.7808
50 50 0.048 49.952
39 50 0.048 49.952
25 50 0.048 49.952
27 50 0.0048 49.9952
43 50 0.0048 49.9952
52 50 0.048 49.952
52 49.952 0.0048 49.9472
52 49.9472 0.16 49.7872
52 49.7872 0.0016 49.7856
41 50 0.016 49.984
41 49.984 0.016 49.968
41 49.968 0.048 49.92
37 50 0.048 49.952
53 50 0.048 49.952
46 50 0.048 49.952
36 50 0.0048 49.9952
36 49.9952 0.048 49.9472
46 49.952 0.0048 49.9472
51 50 0.048 49.952
33 50 0.048 49.952
38 50 0.048 49.952
44 50 0.048 49.952
29 50 0.048 49.952
42 50 0.048 49.952
45 50 0.0048 49.9952
50 50 0.048 49.952
39 50 0.048 49.952
25 50 0.048 49.952
27 50 0.0048 49.9952
43 50 0.0048 49.9952
41 50 0.048 49.952
37 50 0.048 49.952
53 50 0.048 49.952
46 50 0.048 49.952
36 50 0.0048 49.9952
36 49.9952 0.048 49.9472
46 49.952 0.0048 49.9472
36 49.9472 0.0048 49.9424
36 49.9424 0.16 49.7824
36 49.7824 0.0016 49.7808
26 50 0.016 49.984
26 49.984 0.016 49.968
26 49.968 0.048 49.92
51 50 0.048 49.952
33 50 0.048 49.952
38 50 0.048 49.952
44 50 0.048 49.952
44 49.952 0.0048 49.9472
44 49.9472 0.16 49.7872
44 49.7872 0.0016 49.7856
34 50 0.016 49.984
34 49.984 0.016 49.968
34 49.968 0.048 49.92
29 50 0.048 49.952
32 50 0.048 49.952
42 50 0.048 49.952
45 50 0.0048 49.9952
50 50 0.048 49.952
39 50 0.048 49.952
25 50 0.048 49.952
43 50 0.0048 49.9952
41 50 0.048 49.952
41 49.952 0.0048 49.9472
41 49.9472 0.16 49.7872
41 49.7872 0.0016 49.7856
48 50 0.016 49.984
48 49.984 0.016 49.968
48 49.968 0.048 49.92
37 50 0.048 49.952
37 49.952 0.0048 49.9472
37 49.9472 0.16 49.7872
37 49.7872 0.0016 49.7856
30 50 0.016 49.984
30 49.984 0.016 49.968
30 49.968 0.048 49.92
53 50 0.048 49.952
46 50 0.048 49.952
36 50 0.0048 49.9952
26 50 0.048 49.952
51 50 0.048 49.952
33 50 0.048 49.952
33 49.952 0.0048 49.9472
33 49.9472 0.16 49.7872
33 49.7872 0.0016 49.7856
52 50 0.016 49.984
52 49.984 0.016 49.968
52 49.968 0.048 49.92
38 50 0.048 49.952
34 50 0.048 49.952
29 50 0.048 49.952
32 50 0.048 49.952
42 50 0.048 49.952
45 50 0.0048 49.9952
50 50 0.048 49.952
39 50 0.048 49.952
25 50 0.048 49.952
43 50 0.0048 49.9952
48 50 0.048 49.952
30 50 0.048 49.952
53 50 0.048 49.952
46 50 0.048 49.952
36 50 0.0048 49.9952
26 50 0.048 49.952
26 49.952 0.0048 49.9472
26 49.9472 0.16 49.7872
26 49.7872 0.0016 49.7856
49 50 0.016 49.984
49 49.984 0.016 49.968
49 49.968 0.048 49.92
51 50 0.048 49.952
52 50 0.048 49.952
38 50 0.048 49.952
34 50 0.048 49.952
29 50 0.048 49.952
32 50 0.048 49.952
42 50 0.048 49.952
45 50 0.0048 49.9952
50 50 0.048 49.952
39 50 0.048 49.952
25 50 0.048 49.952
43 50 0.0048 49.9952
48 50 0.048 49.952
30 50 0.048 49.952
53 50 0.048 49.952
46 50 0.048 49.952
36 50 0.0048 49.9952
49 50 0.048 49.952
51 50 0.048 49.952
52 50 0.048 49.952
38 50 0.048 49.952
34 50 0.048 49.952
29 50 0.048 49.952
29 49.952 0.0048 49.9472
29 49.9472 0.16 49.7872
29 49.7872 0.0016 49.7856
41 50 0.016 49.984
41 49.984 0.016 49.968
41 49.968 0.048 49.92
32 50 0.048 49.952
42 50 0.048 49.952
45 50 0.0048 49.9952
42 49.952 0.0048 49.9472
42 49.9472 0.16 49.7872
42 49.7872 0.0016 49.7856
37 50 0.016 49.984
37 49.984 0.016 49.968
37 49.968 0.048 49.92
50 50 0.048 49.952
39 50 0.048 49.952
25 50 0.048 49.952
43 50 0.0048 49.9952
48 50 0.048 49.952
30 50 0.048 49.952
53 50 0.048 49.952
53 49.952 0.0048 49.9472
53 49.9472 0.16 49.7872
53 49.7872 0.0016 49.7856
36 50 0.016 49.984
36 49.984 0.016 49.968
36 49.968 0.048 49.92
46 50 0.048 49.952
36 49.92 0.0048 49.9152
49 50 0.048 49.952
51 50 0.048 49.952
52 50 0.048 49.952
38 50 0.048 49.952
34 50 0.048 49.952
41 50 0.048 49.952
32 50 0.048 49.952
37 50 0.048 49.952
50 50 0.048 49.952
39 50 0.048 49.952
25 50 0.048 49.952
27 50 0.0048 49.9952
48 50 0.048 49.952
30 50 0.048 49.952
36 50 0.048 49.952
46 50 0.0048 49.9952
46 49.9952 0.048 49.9472
36 49.952 0.0048 49.9472
46 49.9472 0.0048 49.9424
46 49.9424 0.16 49.7824
46 49.7824 0.0016 49.7808
53 50 0.016 49.984
53 49.984 0.016 49.968
53 49.968 0.048 49.92
49 50 0.048 49.952
51 50 0.048 49.952
52 50 0.048 49.952
38 50 0.048 49.952
34 50 0.048 49.952
41 50 0.048 49.952
41 49.952 0.0048 49.9472
41 49.9472 0.16 49.7872
41 49.7872 0.0016 49.7856
44 50 0.016 49.984
44 49.984 0.016 49.968
44 49.968 0.048 49.92
32 50 0.048 49.952
32 49.952 0.0048 49.9472
32 49.9472 0.16 49.7872
32 49.7872 0.0016 49.7856
33 50 0.016 49.984
33 49.984 0.016 49.968
33 49.968 0.048 49.92
37 50 0.048 49.952
50 50 0.048 49.952
50 49.952 0.0048 49.9472
50 49.9472 0.16 49.7872
50 49.7872 0.0016 49.7856
35 50 0.016 49.984
35 49.984 0.016 49.968
35 49.968 0.048 49.92
39 50 0.048 49.952
47 50 0.048 49.952
40 50 0.0048 49.9952
40 49.9952 0.048 49.9472
47 49.952 0.0048 49.9472
47 49.9472 0.16 49.7872
40 49.9472 0.016 49.9312
40 49.9312 0.016 49.9152
47 49.7872 0.0016 49.7856
40 49.9152 0.048 49.8672
47 49.7856 0.0048 49.7808
25 50 0.048 49.952
25 49.952 0.0048 49.9472
25 49.9472 0.16 49.7872
25 49.7872 0.0016 49.7856
48 50 0.048 49.952
30 50 0.048 49.952
36 50 0.048 49.952
46 50 0.0048 49.9952
46 49.9952 0.048 49.9472
36 49.952 0.0048 49.9472
36 49.9472 0.16 49.7872
46 49.9472 0.016 49.9312
46 49.9312 0.016 49.9152
36 49.7872 0.0016 49.7856
46 49.9152 0.048 49.8672
36 49.7856 0.0048 49.7808
53 50 0.048 49.952
25 49.8996 0.048 49.8516
25 49.8516 0.0048 49.8468
25 49.8468 0.16 49.6868
25 49.6868 0.0016 49.6852
49 50 0.048 49.952
51 50 0.048 49.952
51 49.952 0.0048 49.9472
51 49.9472 0.16 49.7872
51 49.7872 0.0016 49.7856
47 50 0.016 49.984
47 49.984 0.016 49.968
47 49.968 0.048 49.92
40 50 0.0048 49.9952
52 50 0.048 49.952
38 50 0.048 49.952
34 50 0.048 49.952
34 49.952 0.0048 49.9472
34 49.9472 0.16 49.7872
34 49.7872 0.0016 49.7856
31 50 0.016 49.984
31 49.984 0.016 49.968
31 49.968 0.048 49.92
34 49.7856 0.048 49.7376
34 49.7376 0.0048 49.7328
34 49.7328 0.16 49.5728
34 49.5728 0.0016 49.5712
36 49.7808 0.016 49.7648
36 49.7648 0.016 49.7488
36 49.7488 0.048 49.7008
46 49.8672 0.0048 49.8624
44 50 0.048 49.952
33 50 0.048 49.952
37 50 0.048 49.952
35 50 0.048 49.952
39 50 0.048 49.952
40 49.9952 0.048 49.9472
47 49.92 0.0048 49.9152
40 49.9472 0.0048 49.9424
40 49.9424 0.16 49.7824
40 49.7824 0.0016 49.7808
42 50 0.016 49.984
42 49.984 0.016 49.968
42 49.968 0.048 49.92
45 50 0.0048 49.9952
45 49.9952 0.048 49.9472
42 49.92 0.0048 49.9152
42 49.9152 0.16 49.7552
45 49.9472 0.016 49.9312
45 49.9312 0.016 49.9152
42 49.7552 0.0016 49.7536
45 49.9152 0.048 49.8672
42 49.7536 0.0048 49.7488
48 50 0.048 49.952
30 50 0.048 49.952
46 50 0.048 49.952
36 49.8391 0.0048 49.8343
46 49.952 0.0048 49.9472
46 49.9472 0.16 49.7872
46 49.7872 0.0016 49.7856
26 50 0.016 49.984
26 49.984 0.016 49.968
26 49.968 0.048 49.92
53 50 0.048 49.952
54 50 0.048 49.952
49 50 0.048 49.952
47 50 0.048 49.952
40 50 0.0048 49.9952
40 49.9952 0.048 49.9472
47 49.952 0.0096 49.9424
47 49.9424 0.16 49.7824
40 49.9472 0.016 49.9312
40 49.9312 0.016 49.9152
47 49.7824 0.0016 49.7808
40 49.9152 0.048 49.8672
47 49.7808 0.0048 49.776
40 49.8672 0.0048 49.8624
40 49.8624 0.16 49.7024
40 49.7024 0.0016 49.7008
42 50 0.016 49.984
42 49.984 0.016 49.968
42 49.968 0.048 49.92
45 49.8672 0.0048 49.8624
52 50 0.048 49.952
38 50 0.048 49.952
31 50 0.048 49.952
36 49.8343 0.048 49.7863
46 49.7856 0.0048 49.7808
46 49.7808 0.048 49.7328
36 49.7863 0.0048 49.7815
36 49.7815 0.16 49.6215
46 49.7328 0.016 49.7168
46 49.7168 0.016 49.7008
36 49.6215 0.0016 49.6199
46 49.7008 0.048 49.6528
36 49.6199 0.0048 49.6151
44 50 0.048 49.952
33 50 0.048 49.952
37 50 0.048 49.952
35 50 0.048 49.952
35 49.952 0.0048 49.9472
35 49.9472 0.16 49.7872
35 49.7872 0.0016 49.7856
39 50 0.048 49.952
45 50 0.048 49.952
42 49.92 0.0048 49.9152
48 50 0.048 49.952
30 50 0.048 49.952
26 50 0.048 49.952
26 49.952 0.0048 49.9472
26 49.9472 0.16 49.7872
26 49.7872 0.0016 49.7856
51 49.8908 0.016 49.8748
51 49.8748 0.016 49.8588
51 49.8588 0.048 49.8108
53 50 0.048 49.952
54 50 0.048 49.952
49 50 0.048 49.952
42 50 0.048 49.952
45 49.952 0.0048 49.9472
52 50 0.048 49.952
38 50 0.048 49.952
31 50 0.048 49.952
46 49.7728 0.048 49.7248
36 49.9636 0.0048 49.9588
44 50 0.048 49.952
44 49.952 0.0048 49.9472
44 49.9472 0.16 49.7872
44 49.7872 0.0016 49.7856
34 50 0.016 49.984
34 49.984 0.016 49.968
34 49.968 0.048 49.92
33 50 0.048 49.952
37 50 0.048 49.952
39 50 0.048 49.952
45 50 0.048 49.952
42 49.952 0.0048 49.9472
48 50 0.048 49.952
48 49.952 0.0048 49.9472
48 49.9472 0.16 49.7872
48 49.7872 0.0016 49.7856
30 50 0.048 49.952
51 50 0.048 49.952
53 50 0.048 49.952
54 50 0.048 49.952
49 50 0.048 49.952
42 50 0.048 49.952
45 49.952 0.0048 49.9472
52 50 0.048 49.952
38 50 0.048 49.952
31 50 0.048 49.952
46 50 0.048 49.952
34 50 0.048 49.952
33 50 0.048 49.952
37 50 0.048 49.952
39 50 0.048 49.952
45 50 0.048 49.952
42 49.952 0.0048 49.9472
45 49.952 0.0048 49.9472
45 49.9472 0.16 49.7872
45 49.7872 0.0016 49.7856
50 50 0.016 49.984
50 49.984 0.016 49.968
50 49.968 0.048 49.92
30 50 0.048 49.952
51 50 0.048 49.952
53 50 0.048 49.952
54 50 0.048 49.952
49 50 0.048 49.952
42 50 0.048 49.952
45 49.7856 0.0048 49.7808
45 49.7808 0.048 49.7328
42 49.952 0.0048 49.9472
42 49.9472 0.16 49.7872
45 49.7328 0.016 49.7168
45 49.7168 0.016 49.7008
42 49.7872 0.0016 49.7856
45 49.7008 0.048 49.6528
42 49.7856 0.0048 49.7808
52 50 0.048 49.952
38 50 0.048 49.952
31 50 0.048 49.952
31 49.952 0.0048 49.9472
31 49.9472 0.16 49.7872
31 49.7872 0.0016 49.7856
36 50 0.016 49.984
36 49.984 0.016 49.968
36 49.968 0.048 49.92
46 50 0.048 49.952
34 50 0.048 49.952
34 49.952 0.0048 49.9472
34 49.9472 0.16 49.7872
34 49.7872 0.0016 49.7856
48 50 0.016 49.984
48 49.984 0.016 49.968
48 49.968 0.048 49.92
33 50 0.048 49.952
37 50 0.048 49.952
39 50 0.048 49.952
50 50 0.048 49.952
30 50 0.048 49.952
51 50 0.048 49.952
35 50 0.048 49.952
53 50 0.048 49.952
54 50 0.048 49.952
49 50 0.048 49.952
45 50 0.048 49.952
42 50 0.0048 49.9952
52 50 0.048 49.952
38 50 0.048 49.952
36 50 0.048 49.952
46 50 0.0048 49.9952
46 49.9952 0.048 49.9472
36 49.952 0.0048 49.9472
48 50 0.048 49.952
48 49.952 0.0048 49.9472
48 49.9472 0.16 49.7872
48 49.7872 0.0016 49.7856
31 49.9321 0.016 49.9161
31 49.9161 0.016 49.9001
31 49.9001 0.048 49.8521
33 50 0.048 49.952
37 50 0.048 49.952
39 50 0.048 49.952
50 50 0.048 49.952
30 50 0.048 49.952
51 50 0.048 49.952
35 50 0.048 49.952
53 50 0.048 49.952
53 49.952 0.0048 49.9472
53 49.9472 0.16 49.7872
53 49.7872 0.0016 49.7856
26 50 0.016 49.984
26 49.984 0.016 49.968
26 49.968 0.048 49.92
54 50 0.048 49.952
49 50 0.048 49.952
45 50 0.048 49.952
42 50 0.0048 49.9952
52 50 0.048 49.952
38 50 0.048 49.952
36 50 0.048 49.952
46 50 0.048 49.952
31 50 0.048 49.952
33 50 0.048 49.952
37 50 0.048 49.952
39 50 0.048 49.952
50 50 0.048 49.952
30 50 0.048 49.952
51 50 0.048 49.952
35 50 0.048 49.952
26 50 0.048 49.952
54 50 0.048 49.952
49 50 0.048 49.952
45 50 0.048 49.952
42 50 0.0048 49.9952
52 50 0.048 49.952
38 50 0.048 49.952
36 50 0.048 49.952
46 50 0.048 49.952
46 49.952 0.0048 49.9472
46 49.9472 0.16 49.7872
46 49.7872 0.0016 49.7856
47 50 0.016 49.984
47 49.984 0.016 49.968
47 49.968 0.048 49.92
31 50 0.048 49.952
33 50 0.048 49.952
33 49.952 0.0048 49.9472
33 49.9472 0.16 49.7872
33 49.7872 0.0016 49.7856
44 50 0.016 49.984
44 49.984 0.016 49.968
44 49.968 0.048 49.92
37 50 0.048 49.952
39 50 0.048 49.952
50 50 0.048 49.952
30 50 0.048 49.952
51 50 0.048 49.952
35 50 0.048 49.952
26 50 0.048 49.952
54 50 0.048 49.952
49 50 0.048 49.952
45 50 0.048 49.952
42 50 0.0048 49.9952
52 50 0.048 49.952
38 50 0.048 49.952
36 50 0.048 49.952
47 50 0.048 49.952
40 50 0.0048 49.9952
40 49.9952 0.048 49.9472
47 49.952 0.0048 49.9472
47 49.9472 0.16 49.7872
40 49.9472 0.016 49.9312
40 49.9312 0.016 49.9152
47 49.7872 0.0016 49.7856
40 49.9152 0.048 49.8672
47 49.7856 0.0048 49.7808
27 50 0.048 49.952
31 50 0.048 49.952
44 50 0.048 49.952
37 50 0.048 49.952
39 50 0.048 49.952
50 50 0.048 49.952
30 50 0.048 49.952
51 50 0.048 49.952
51 49.952 0.0048 49.9472
51 49.9472 0.16 49.7872
51 49.7872 0.0016 49.7856
42 50 0.016 49.984
42 49.984 0.016 49.968
42 49.968 0.048 49.92
35 50 0.048 49.952
26 50 0.048 49.952
54 50 0.048 49.952
49 50 0.048 49.952
45 50 0.048 49.952
52 50 0.048 49.952
38 50 0.048 49.952
36 50 0.048 49.952
46 50 0.0048 49.9952
46 49.9952 0.048 49.9472
36 49.952 0.0096 49.9424
36 49.9424 0.16 49.7824
46 49.9472 0.016 49.9312
46 49.9312 0.016 49.9152
36 49.7824 0.0016 49.7808
46 49.9152 0.048 49.8672
36 49.7808 0.0048 49.776
46 49.8672 0.0048 49.8624
46 49.8624 0.16 49.7024
46 49.7024 0.0016 49.7008
47 50 0.016 49.984
47 49.984 0.016 49.968
47 49.968 0.048 49.92
40 50 0.0048 49.9952
40 49.9952 0.048 49.9472
47 49.92 0.0048 49.9152
40 49.9472 0.0048 49.9424
40 49.9424 0.16 49.7824
40 49.7824 0.0016 49.7808
27 50 0.048 49.952
25 50 0.0048 49.9952
25 49.9952 0.048 49.9472
27 49.952 0.0048 49.9472
27 49.9472 0.16 49.7872
25 49.9472 0.016 49.9312
25 49.9312 0.016 49.9152
27 49.7872 0.0016 49.7856
25 49.9152 0.048 49.8672
27 49.7856 0.0048 49.7808
31 50 0.048 49.952
44 50 0.048 49.952
37 50 0.048 49.952
39 50 0.048 49.952
50 50 0.048 49.952
30 50 0.048 49.952
42 50 0.048 49.952
35 50 0.048 49.952
26 50 0.048 49.952
54 50 0.048 49.952
49 50 0.048 49.952
45 50 0.048 49.952
52 50 0.048 49.952
38 50 0.048 49.952
47 50 0.048 49.952
25 50 0.048 49.952
27 50 0.0048 49.9952
31 50 0.048 49.952
44 50 0.048 49.952
37 50 0.048 49.952
39 50 0.048 49.952
50 50 0.048 49.952
30 50 0.048 49.952
42 50 0.048 49.952
35 50 0.048 49.952
26 50 0.048 49.952
54 50 0.048 49.952
49 50 0.048 49.952
45 50 0.048 49.952
52 50 0.048 49.952
52 49.952 0.0048 49.9472
52 49.9472 0.16 49.7872
52 49.7872 0.0016 49.7856
32 50 0.016 49.984
32 49.984 0.016 49.968
32 49.968 0.048 49.92
38 50 0.048 49.952
47 50 0.048 49.952
25 50 0.048 49.952
31 50 0.048 49.952
31 49.952 0.0048 49.9472
31 49.9472 0.16 49.7872
31 49.7872 0.0016 49.7856
53 50 0.016 49.984
53 49.984 0.016 49.968
53 49.968 0.048 49.92
44 50 0.048 49.952
37 50 0.048 49.952
39 50 0.048 49.952
50 50 0.048 49.952
30 50 0.048 49.952
42 50 0.048 49.952
35 50 0.048 49.952
35 49.952 0.0048 49.9472
35 49.9472 0.16 49.7872
35 49.7872 0.0016 49.7856
43 50 0.016 49.984
43 49.984 0.016 49.968
43 49.968 0.048 49.92
27 50 0.0048 49.9952
27 49.9952 0.048 49.9472
43 49.92 0.0048 49.9152
43 49.9152 0.16 49.7552
27 49.9472 0.016 49.9312
27 49.9312 0.016 49.9152
43 49.7552 0.0016 49.7536
27 49.9152 0.048 49.8672
43 49.7536 0.0048 49.7488
26 50 0.048 49.952
54 50 0.048 49.952
49 50 0.048 49.952
45 50 0.048 49.952
32 50 0.048 49.952
38 50 0.048 49.952
47 50 0.048 49.952
25 50 0.048 49.952
27 49.8672 0.0048 49.8624
53 50 0.048 49.952
44 50 0.048 49.952
37 50 0.048 49.952
39 50 0.048 49.952
50 50 0.048 49.952
30 50 0.048 49.952
30 49.952 0.0048 49.9472
30 49.9472 0.16 49.7872
30 49.7872 0.0016 49.7856
42 50 0.048 49.952
27 50 0.048 49.952
25 49.952 0.0048 49.9472
43 49.9164 0.0048 49.9116
26 50 0.048 49.952
54 50 0.048 49.952
54 49.952 0.0048 49.9472
54 49.9472 0.16 49.7872
54 49.7872 0.0016 49.7856
43 49.9116 0.016 49.8956
43 49.8956 0.016 49.8796
43 49.8796 0.048 49.8316
27 49.952 0.0048 49.9472
49 50 0.048 49.952
45 50 0.048 49.952
32 50 0.048 49.952
38 50 0.048 49.952
47 50 0.048 49.952
25 50 0.048 49.952
27 49.9472 0.0048 49.9424
53 50 0.048 49.952
44 50 0.048 49.952
37 50 0.048 49.952
37 49.952 0.0048 49.9472
37 49.9472 0.16 49.7872
37 49.7872 0.0016 49.7856
39 50 0.048 49.952
50 50 0.048 49.952
42 50 0.048 49.952
27 50 0.048 49.952
25 49.952 0.0048 49.9472
43 49.9443 0.0048 49.9395
26 50 0.048 49.952
43 49.9395 0.048 49.8915
25 50 0.0048 49.9952
27 49.952 0.0048 49.9472
49 50 0.048 49.952
45 50 0.048 49.952
45 49.952 0.0048 49.9472
45 49.9472 0.16 49.7872
45 49.7872 0.0016 49.7856
32 50 0.048 49.952
38 50 0.048 49.952
47 50 0.048 49.952
40 50 0.0048 49.9952
40 49.9952 0.048 49.9472
47 49.952 0.0048 49.9472
47 49.9472 0.16 49.7872
40 49.9472 0.016 49.9312
40 49.9312 0.016 49.9152
47 49.7872 0.0016 49.7856
40 49.9152 0.048 49.8672
47 49.7856 0.0048 49.7808
25 49.9952 0.048 49.9472
27 49.9472 0.0048 49.9424
43 49.8915 0.0048 49.8867
53 50 0.048 49.952
44 50 0.048 49.952
39 50 0.048 49.952
50 50 0.048 49.952
50 49.952 0.0048 49.9472
50 49.9472 0.16 49.7872
50 49.7872 0.0016 49.7856
42 50 0.048 49.952
27 50 0.048 49.952
25 49.9472 0.0048 49.9424
26 50 0.048 49.952
43 50 0.048 49.952
25 50 0.0048 49.9952
49 50 0.048 49.952
32 50 0.048 49.952
38 50 0.048 49.952
40 50 0.048 49.952
47 50 0.0048 49.9952
25 49.9952 0.048 49.9472
27 49.952 0.0048 49.9472
43 49.952 0.0048 49.9472
53 50 0.048 49.952
44 50 0.048 49.952
39 50 0.048 49.952
42 50 0.048 49.952
27 50 0.048 49.952
25 49.9472 0.0048 49.9424
43 50 0.0048 49.9952
26 50 0.048 49.952
43 49.9952 0.048 49.9472
25 50 0.0048 49.9952
27 49.952 0.0048 49.9472
49 50 0.048 49.952
49 49.952 0.0048 49.9472
49 49.9472 0.16 49.7872
49 49.7872 0.0016 49.7856
51 50 0.016 49.984
51 49.984 0.016 49.968
51 49.968 0.048 49.92
32 50 0.048 49.952
38 50 0.048 49.952
38 49.952 0.0048 49.9472
38 49.9472 0.16 49.7872
38 49.7872 0.0016 49.7856
52 50 0.016 49.984
52 49.984 0.016 49.968
52 49.968 0.048 49.92
40 50 0.048 49.952
47 50 0.0048 49.9952
25 49.9952 0.048 49.9472
43 49.9472 0.0048 49.9424
53 50 0.048 49.952
44 50 0.048 49.952
39 50 0.048 49.952
41 50 0.048 49.952
42 50 0.048 49.952
27 50 0.048 49.952
25 49.9472 0.0048 49.9424
43 50 0.0048 49.9952
26 50 0.048 49.952
43 49.9952 0.048 49.9472
25 50 0.0048 49.9952
27 49.952 0.0048 49.9472
51 50 0.048 49.952
32 50 0.048 49.952
52 50 0.048 49.952
40 50 0.048 49.952
25 49.9952 0.048 49.9472
27 49.9472 0.0048 49.9424
43 49.9472 0.0048 49.9424
53 50 0.048 49.952
44 50 0.048 49.952
39 50 0.048 49.952
41 50 0.048 49.952
42 50 0.048 49.952
27 50 0.048 49.952
25 49.9472 0.0048 49.9424
43 50 0.0048 49.9952
26 50 0.048 49.952
43 49.9952 0.048 49.9472
25 50 0.0048 49.9952
27 49.952 0.0048 49.9472
51 50 0.048 49.952
32 50 0.048 49.952
38 50 0.0048 49.9952
38 49.9952 0.048 49.9472
32 49.952 0.0048 49.9472
32 49.9472 0.16 49.7872
38 49.9472 0.016 49.9312
38 49.9312 0.016 49.9152
32 49.7872 0.0016 49.7856
38 49.9152 0.048 49.8672
32 49.7856 0.0048 49.7808
52 50 0.048 49.952
40 50 0.048 49.952
25 49.9952 0.048 49.9472
27 49.9472 0.0048 49.9424
43 49.9472 0.0048 49.9424
53 50 0.048 49.952
44 50 0.048 49.952
39 50 0.048 49.952
39 49.952 0.0048 49.9472
39 49.9472 0.16 49.7872
39 49.7872 0.0016 49.7856
32 50 0.016 49.984
32 49.984 0.016 49.968
32 49.968 0.048 49.92
38 49.8672 0.0048 49.8624
41 50 0.048 49.952
42 50 0.048 49.952
42 49.952 0.0048 49.9472
42 49.9472 0.16 49.7872
42 49.7872 0.0016 49.7856
27 50 0.048 49.952
25 49.9472 0.0048 49.9424
43 50 0.0048 49.9952
26 50 0.048 49.952
43 49.9952 0.048 49.9472
25 50 0.0048 49.9952
27 49.952 0.0048 49.9472
51 50 0.048 49.952
38 49.9808 0.048 49.9328
32 49.92 0.0048 49.9152
52 50 0.048 49.952
40 50 0.048 49.952
25 49.9952 0.048 49.9472
27 49.9472 0.0048 49.9424
43 49.9472 0.0048 49.9424
53 50 0.048 49.952
44 50 0.048 49.952
32 50 0.048 49.952
38 49.9328 0.0048 49.928
41 50 0.048 49.952
27 50 0.048 49.952
25 49.9472 0.0048 49.9424
43 50 0.0048 49.9952
26 50 0.048 49.952
43 49.9952 0.048 49.9472
25 50 0.0048 49.9952
27 49.952 0.0048 49.9472
51 50 0.048 49.952
38 50 0.048 49.952
32 49.952 0.0048 49.9472
52 50 0.048 49.952
40 50 0.048 49.952
25 49.9952 0.048 49.9472
27 49.9472 0.0048 49.9424
53 50 0.048 49.952
44 50 0.048 49.952
45 50 0.048 49.952
32 50 0.048 49.952
41 50 0.048 49.952
28 50 0.048 49.952
27 50 0.048 49.952
25 49.9472 0.0048 49.9424
27 49.952 0.0048 49.9472
27 49.9472 0.16 49.7872
27 49.7872 0.0016 49.7856
54 50 0.016 49.984
54 49.984 0.016 49.968
54 49.968 0.048 49.92
26 50 0.048 49.952
43 50 0.048 49.952
51 50 0.048 49.952
38 50 0.048 49.952
52 50 0.048 49.952
40 50 0.048 49.952
47 50 0.0048 49.9952
25 50 0.048 49.952
27 49.7856 0.0048 49.7808
53 50 0.048 49.952
44 50 0.048 49.952
45 50 0.048 49.952
32 50 0.048 49.952
38 49.952 0.0048 49.9472
41 50 0.048 49.952
28 50 0.048 49.952
54 50 0.048 49.952
26 50 0.048 49.952
43 50 0.048 49.952
51 50 0.048 49.952
38 50 0.048 49.952
32 49.952 0.0048 49.9472
38 49.952 0.0048 49.9472
38 49.9472 0.16 49.7872
38 49.7872 0.0016 49.7856
39 50 0.016 49.984
39 49.984 0.016 49.968
39 49.968 0.048 49.92
39 49.92 0.0048 49.9152
39 49.9152 0.16 49.7552
39 49.7552 0.0016 49.7536
52 50 0.048 49.952
40 50 0.048 49.952
47 50 0.0048 49.9952
25 50 0.048 49.952
27 49.9127 0.0048 49.9079
53 50 0.048 49.952
44 50 0.048 49.952
45 50 0.048 49.952
42 50 0.0048 49.9952
42 49.9952 0.048 49.9472
45 49.952 0.0096 49.9424
45 49.9424 0.16 49.7824
42 49.9472 0.016 49.9312
42 49.9312 0.016 49.9152
45 49.7824 0.0016 49.7808
42 49.9152 0.048 49.8672
45 49.7808 0.0048 49.776
32 50 0.048 49.952
32 49.952 0.0048 49.9472
32 49.9472 0.16 49.7872
32 49.7872 0.0016 49.7856
38 49.7856 0.016 49.7696
38 49.7696 0.016 49.7536
38 49.7536 0.048 49.7056
41 50 0.048 49.952
28 50 0.048 49.952
54 50 0.048 49.952
26 50 0.048 49.952
43 50 0.048 49.952
27 50 0.0048 49.9952
27 49.9952 0.048 49.9472
43 49.952 0.0048 49.9472
43 49.9472 0.16 49.7872
27 49.9472 0.016 49.9312
27 49.9312 0.016 49.9152
43 49.7872 0.0016 49.7856
27 49.9152 0.048 49.8672
43 49.7856 0.0048 49.7808
51 50 0.048 49.952
52 50 0.048 49.952
40 50 0.048 49.952
47 50 0.0048 49.9952
25 50 0.048 49.952
25 49.952 0.0048 49.9472
25 49.9472 0.16 49.7872
25 49.7872 0.0016 49.7856
43 49.7808 0.016 49.7648
43 49.7648 0.016 49.7488
43 49.7488 0.048 49.7008
27 49.8672 0.0048 49.8624
53 50 0.048 49.952
44 50 0.048 49.952
42 50 0.048 49.952
45 49.9872 0.0048 49.9824
38 50 0.048 49.952
41 50 0.048 49.952
28 50 0.048 49.952
28 49.952 0.0048 49.9472
28 49.9472 0.16 49.7872
28 49.7872 0.0016 49.7856
32 50 0.016 49.984
32 49.984 0.016 49.968
32 49.968 0.048 49.92
54 50 0.048 49.952
54 49.952 0.0048 49.9472
54 49.9472 0.16 49.7872
54 49.7872 0.0016 49.7856
25 49.7856 0.016 49.7696
25 49.7696 0.016 49.7536
25 49.7536 0.048 49.7056
26 50 0.048 49.952
27 50 0.048 49.952
51 50 0.048 49.952
52 50 0.048 49.952
40 50 0.048 49.952
47 50 0.0048 49.9952
31 50 0.048 49.952
43 50 0.048 49.952
25 49.9482 0.0048 49.9434
53 50 0.048 49.952
44 50 0.048 49.952
42 50 0.048 49.952
34 50 0.048 49.952
38 50 0.048 49.952
41 50 0.048 49.952
32 50 0.048 49.952
32 49.952 0.0048 49.9472
32 49.9472 0.16 49.7872
32 49.7872 0.0016 49.7856
39 50 0.016 49.984
39 49.984 0.016 49.968
39 49.968 0.048 49.92
25 49.9434 0.048 49.8954
43 50 0.0048 49.9952
26 50 0.048 49.952
26 49.952 0.0048 49.9472
26 49.9472 0.16 49.7872
26 49.7872 0.0016 49.7856
49 50 0.016 49.984
49 49.984 0.016 49.968
49 49.968 0.048 49.92
27 50 0.048 49.952
51 50 0.048 49.952
52 50 0.048 49.952
40 50 0.048 49.952
47 50 0.0048 49.9952
31 50 0.048 49.952
43 49.9952 0.048 49.9472
25 50 0.0048 49.9952
53 50 0.048 49.952
44 50 0.048 49.952
42 50 0.048 49.952
34 50 0.048 49.952
38 50 0.048 49.952
41 50 0.048 49.952
39 50 0.048 49.952
25 49.9952 0.048 49.9472
27 50 0.0048 49.9952
43 50 0.0048 49.9952
49 50 0.048 49.952
27 49.9952 0.048 49.9472
25 50 0.0048 49.9952
51 50 0.048 49.952
52 50 0.048 49.952
52 49.952 0.0048 49.9472
52 49.9472 0.16 49.7872
52 49.7872 0.0016 49.7856
33 50 0.016 49.984
33 49.984 0.016 49.968
33 49.968 0.048 49.92
40 50 0.048 49.952
47 50 0.0048 49.9952
40 49.952 0.0048 49.9472
40 49.9472 0.16 49.7872
40 49.7872 0.0016 49.7856
45 50 0.016 49.984
45 49.984 0.016 49.968
45 49.968 0.048 49.92
31 50 0.048 49.952
43 49.9952 0.048 49.9472
25 49.9952 0.0048 49.9904
53 50 0.048 49.952
44 50 0.048 49.952
42 50 0.048 49.952
34 50 0.048 49.952
38 50 0.048 49.952
41 50 0.048 49.952
39 50 0.048 49.952
25 49.9904 0.048 49.9424
27 50 0.0048 49.9952
43 50 0.0048 49.9952
49 50 0.048 49.952
27 49.9952 0.048 49.9472
25 50 0.0048 49.9952
43 49.9952 0.0048 49.9904
51 50 0.048 49.952
33 50 0.048 49.952
45 50 0.048 49.952
31 50 0.048 49.952
43 49.9904 0.048 49.9424
25 49.9952 0.0048 49.9904
27 49.9472 0.0048 49.9424
53 50 0.048 49.952
44 50 0.048 49.952
42 50 0.048 49.952
45 49.952 0.0048 49.9472
34 50 0.048 49.952
38 50 0.048 49.952
41 50 0.048 49.952
39 50 0.048 49.952
25 49.9904 0.048 49.9424
27 50 0.0048 49.9952
43 50 0.0048 49.9952
49 50 0.048 49.952
27 49.9952 0.048 49.9472
25 50 0.0048 49.9952
43 49.9952 0.0048 49.9904
51 50 0.048 49.952
33 50 0.048 49.952
45 50 0.048 49.952
31 50 0.048 49.952
43 49.9904 0.048 49.9424
25 49.9952 0.0048 49.9904
27 49.9472 0.0048 49.9424
53 50 0.048 49.952
44 50 0.048 49.952
42 50 0.048 49.952
34 50 0.048 49.952
38 50 0.048 49.952
41 50 0.048 49.952
39 50 0.048 49.952
39 49.952 0.0048 49.9472
39 49.9472 0.16 49.7872
39 49.7872 0.0016 49.7856
52 50 0.016 49.984
52 49.984 0.016 49.968
52 49.968 0.048 49.92
25 49.9904 0.048 49.9424
27 50 0.0048 49.9952
43 50 0.0048 49.9952
49 50 0.048 49.952
27 49.9952 0.048 49.9472
25 50 0.0048 49.9952
51 50 0.048 49.952
33 50 0.048 49.952
45 50 0.048 49.952
31 50 0.048 49.952
43 49.9952 0.048 49.9472
25 49.9952 0.0048 49.9904
53 50 0.048 49.952
44 50 0.048 49.952
42 50 0.048 49.952
42 49.952 0.0048 49.9472
42 49.9472 0.16 49.7872
42 49.7872 0.0016 49.7856
50 50 0.016 49.984
50 49.984 0.016 49.968
50 49.968 0.048 49.92
26 50 0.048 49.952
26 49.952 0.0048 49.9472
26 49.9472 0.16 49.7872
26 49.7872 0.0016 49.7856
47 50 0.016 49.984
47 49.984 0.016 49.968
47 49.968 0.048 49.92
34 50 0.048 49.952
38 50 0.048 49.952
41 50 0.048 49.952
52 50 0.048 49.952
25 49.9904 0.048 49.9424
27 50 0.0048 49.9952
49 50 0.048 49.952
27 49.9952 0.048 49.9472
25 50 0.0048 49.9952
51 50 0.048 49.952
33 50 0.048 49.952
45 50 0.048 49.952
31 50 0.048 49.952
43 50 0.048 49.952
53 50 0.048 49.952
44 50 0.048 49.952
50 50 0.048 49.952
47 50 0.048 49.952
40 50 0.0048 49.9952
40 49.9952 0.048 49.9472
47 49.952 0.0096 49.9424
47 49.9424 0.16 49.7824
40 49.9472 0.016 49.9312
40 49.9312 0.016 49.9152
47 49.7824 0.0016 49.7808
40 49.9152 0.048 49.8672
47 49.7808 0.0048 49.776
40 49.8672 0.0048 49.8624
40 49.8624 0.16 49.7024
40 49.7024 0.0016 49.7008
42 49.9574 0.016 49.9414
42 49.9414 0.016 49.9254
42 49.9254 0.048 49.8774
34 50 0.048 49.952
38 50 0.048 49.952
41 50 0.048 49.952
52 50 0.048 49.952
52 49.952 0.0048 49.9472
52 49.9472 0.16 49.7872
52 49.7872 0.0016 49.7856
29 50 0.016 49.984
29 49.984 0.016 49.968
29 49.968 0.048 49.92
25 49.9952 0.048 49.9472
27 50 0.0048 49.9952
49 50 0.048 49.952
27 49.9952 0.048 49.9472
25 50 0.0048 49.9952
51 50 0.048 49.952
33 50 0.048 49.952
45 50 0.048 49.952
31 50 0.048 49.952
43 50 0.048 49.952
53 50 0.048 49.952
53 49.952 0.0048 49.9472
53 49.9472 0.16 49.7872
53 49.7872 0.0016 49.7856
46 50 0.016 49.984
46 49.984 0.016 49.968
46 49.968 0.048 49.92
44 50 0.048 49.952
50 50 0.048 49.952
42 50 0.048 49.952
42 49.952 0.0048 49.9472
42 49.9472 0.16 49.7872
42 49.7872 0.0016 49.7856
37 50 0.016 49.984
37 49.984 0.016 49.968
37 49.968 0.048 49.92
34 50 0.048 49.952
38 50 0.048 49.952
41 50 0.048 49.952
44 49.952 0.0048 49.9472
29 50 0.048 49.952
25 49.9952 0.048 49.9472
27 50 0.0048 49.9952
49 50 0.048 49.952
27 49.9952 0.048 49.9472
25 50 0.0048 49.9952
51 50 0.048 49.952
52 50 0.048 49.952
52 49.952 0.0048 49.9472
52 49.9472 0.16 49.7872
52 49.7872 0.0016 49.7856
39 50 0.016 49.984
39 49.984 0.016 49.968
39 49.968 0.048 49.92
33 50 0.048 49.952
45 50 0.048 49.952
31 50 0.048 49.952
43 50 0.048 49.952
25 49.9952 0.0048 49.9904
46 50 0.048 49.952
44 50 0.048 49.952
50 50 0.048 49.952
37 50 0.048 49.952
34 50 0.048 49.952
38 50 0.048 49.952
41 50 0.048 49.952
29 50 0.048 49.952
25 49.9904 0.048 49.9424
27 50 0.0048 49.9952
43 50 0.0048 49.9952
49 50 0.048 49.952
49 49.952 0.0048 49.9472
49 49.9472 0.16 49.7872
49 49.7872 0.0016 49.7856
47 50 0.016 49.984
47 49.984 0.016 49.968
47 49.968 0.048 49.92
27 49.9952 0.048 49.9472
25 50 0.0048 49.9952
51 50 0.048 49.952
39 50 0.048 49.952
33 50 0.048 49.952
45 50 0.048 49.952
31 50 0.048 49.952
43 49.9952 0.048 49.9472
25 49.9952 0.0048 49.9904
46 50 0.048 49.952
44 50 0.048 49.952
44 49.952 0.0048 49.9472
44 49.9472 0.16 49.7872
44 49.7872 0.0016 49.7856
50 50 0.048 49.952
37 50 0.048 49.952
34 50 0.048 49.952
34 49.952 0.0048 49.9472
34 49.9472 0.16 49.7872
34 49.7872 0.0016 49.7856
44 49.7856 0.016 49.7696
44 49.7696 0.016 49.7536
44 49.7536 0.048 49.7056
38 50 0.048 49.952
41 50 0.048 49.952
29 50 0.048 49.952
25 49.9904 0.048 49.9424
27 50 0.0048 49.9952
43 50 0.0048 49.9952
47 50 0.048 49.952
27 49.9952 0.048 49.9472
25 50 0.0048 49.9952
51 50 0.048 49.952
39 50 0.048 49.952
33 50 0.048 49.952
45 50 0.048 49.952
31 50 0.048 49.952
43 49.9952 0.048 49.9472
25 49.9952 0.0048 49.9904
46 50 0.048 49.952
50 50 0.048 49.952
37 50 0.048 49.952
44 49.9328 0.048 49.8848
38 50 0.048 49.952
38 49.952 0.0048 49.9472
38 49.9472 0.16 49.7872
38 49.7872 0.0016 49.7856
28 50 0.016 49.984
28 49.984 0.016 49.968
28 49.968 0.048 49.92
41 50 0.048 49.952
29 50 0.048 49.952
25 49.9904 0.048 49.9424
43 50 0.0048 49.9952
47 50 0.048 49.952
40 50 0.0048 49.9952
40 49.9952 0.048 49.9472
47 49.952 0.0048 49.9472
47 49.9472 0.16 49.7872
40 49.9472 0.016 49.9312
40 49.9312 0.016 49.9152
47 49.7872 0.0016 49.7856
40 49.9152 0.048 49.8672
47 49.7856 0.0048 49.7808
27 50 0.048 49.952
51 50 0.048 49.952
39 50 0.048 49.952
39 49.952 0.0048 49.9472
39 49.9472 0.16 49.7872
39 49.7872 0.0016 49.7856
38 50 0.016 49.984
38 49.984 0.016 49.968
38 49.968 0.048 49.92
33 50 0.048 49.952
45 50 0.048 49.952
31 50 0.048 49.952
43 49.9952 0.048 49.9472
46 50 0.048 49.952
36 50 0.0048 49.9952
36 49.9952 0.048 49.9472
46 49.952 0.0048 49.9472
46 49.9472 0.16 49.7872
36 49.9472 0.016 49.9312
36 49.9312 0.016 49.9152
46 49.7872 0.0016 49.7856
36 49.9152 0.048 49.8672
46 49.7856 0.0048 49.7808
50 50 0.048 49.952
37 50 0.048 49.952
44 50 0.048 49.952
28 50 0.048 49.952
41 50 0.048 49.952
29 50 0.048 49.952
25 50 0.048 49.952
40 50 0.048 49.952
47 50 0.0048 49.9952
27 50 0.048 49.952
27 49.952 0.0048 49.9472
27 49.9472 0.16 49.7872
27 49.7872 0.0016 49.7856
35 50 0.016 49.984
35 49.984 0.016 49.968
35 49.968 0.048 49.92
51 50 0.048 49.952
38 50 0.048 49.952
33 50 0.048 49.952
45 50 0.048 49.952
31 50 0.048 49.952
43 50 0.048 49.952
25 50 0.0048 49.9952
36 50 0.048 49.952
46 50 0.0048 49.9952
50 50 0.048 49.952
37 50 0.048 49.952
37 49.952 0.0048 49.9472
37 49.9472 0.16 49.7872
37 49.7872 0.0016 49.7856
30 50 0.016 49.984
30 49.984 0.016 49.968
30 49.968 0.048 49.92
44 50 0.048 49.952
28 50 0.048 49.952
41 50 0.048 49.952
29 50 0.048 49.952
25 49.9952 0.048 49.9472
43 50 0.0048 49.9952
40 50 0.048 49.952
47 50 0.0048 49.9952
35 50 0.048 49.952
51 50 0.048 49.952
38 50 0.048 49.952
33 50 0.048 49.952
45 50 0.048 49.952
31 50 0.048 49.952
43 49.9952 0.048 49.9472
25 50 0.0048 49.9952
36 50 0.048 49.952
46 50 0.0048 49.9952
50 50 0.048 49.952
30 50 0.048 49.952
44 50 0.048 49.952
28 50 0.048 49.952
41 50 0.048 49.952
41 49.952 0.0048 49.9472
41 49.9472 0.16 49.7872
41 49.7872 0.0016 49.7856
29 50 0.048 49.952
25 49.9952 0.048 49.9472
43 50 0.0048 49.9952
40 50 0.048 49.952
47 50 0.0048 49.9952
35 50 0.048 49.952
51 50 0.048 49.952
38 50 0.048 49.952
33 50 0.048 49.952
45 50 0.048 49.952
31 50 0.048 49.952
43 49.9952 0.048 49.9472
36 50 0.048 49.952
46 50 0.0048 49.9952
50 50 0.048 49.952
30 50 0.048 49.952
44 50 0.048 49.952
28 50 0.048 49.952
29 50 0.048 49.952
25 50 0.048 49.952
27 50 0.0048 49.9952
40 50 0.048 49.952
47 50 0.0048 49.9952
35 50 0.048 49.952
51 50 0.048 49.952
38 50 0.048 49.952
38 49.952 0.0048 49.9472
38 49.9472 0.16 49.7872
38 49.7872 0.0016 49.7856
32 50 0.016 49.984
32 49.984 0.016 49.968
32 49.968 0.048 49.92
33 50 0.048 49.952
45 50 0.048 49.952
42 50 0.0048 49.9952
42 49.9952 0.048 49.9472
45 49.952 0.0048 49.9472
45 49.9472 0.16 49.7872
42 49.9472 0.016 49.9312
42 49.9312 0.016 49.9152
45 49.7872 0.0016 49.7856
42 49.9152 0.048 49.8672
45 49.7856 0.0048 49.7808
31 50 0.048 49.952
43 50 0.048 49.952
25 50 0.0048 49.9952
36 50 0.048 49.952
46 50 0.0048 49.9952
50 50 0.048 49.952
30 50 0.048 49.952
44 50 0.048 49.952
28 50 0.048 49.952
29 50 0.048 49.952
29 49.952 0.0048 49.9472
29 49.9472 0.16 49.7872
29 49.7872 0.0016 49.7856
47 50 0.048 49.952
40 49.952 0.0048 49.9472
48 50 0.048 49.952
25 49.9952 0.048 49.9472
27 50 0.0048 49.9952
43 50 0.0048 49.9952
40 50 0.048 49.952
47 49.952 0.0048 49.9472
35 50 0.048 49.952
51 50 0.048 49.952
32 50 0.048 49.952
33 50 0.048 49.952
42 50 0.048 49.952
45 50 0.0048 49.9952
31 50 0.048 49.952
43 49.9952 0.048 49.9472
25 50 0.0048 49.9952
36 50 0.048 49.952
46 50 0.0048 49.9952
50 50 0.048 49.952
30 50 0.048 49.952
44 50 0.048 49.952
28 50 0.048 49.952
28 49.952 0.0048 49.9472
28 49.9472 0.16 49.7872
28 49.7872 0.0016 49.7856
52 50 0.016 49.984
52 49.984 0.016 49.968
52 49.968 0.048 49.92
52 49.92 0.0048 49.9152
47 50 0.048 49.952
40 49.952 0.0048 49.9472
48 50 0.048 49.952
48 49.952 0.0048 49.9472
48 49.9472 0.16 49.7872
48 49.7872 0.0016 49.7856
53 50 0.016 49.984
53 49.984 0.016 49.968
53 49.968 0.048 49.92
25 49.9952 0.048 49.9472
27 50 0.0048 49.9952
40 50 0.048 49.952
47 49.952 0.0048 49.9472
35 50 0.048 49.952
51 50 0.048 49.952
32 50 0.048 49.952
33 50 0.048 49.952
42 50 0.048 49.952
31 50 0.048 49.952
43 50 0.048 49.952
36 50 0.048 49.952
46 50 0.0048 49.9952
50 50 0.048 49.952
30 50 0.048 49.952
44 50 0.048 49.952
41 50 0.0048 49.9952
41 49.9952 0.048 49.9472
44 49.952 0.0048 49.9472
44 49.9472 0.16 49.7872
41 49.9472 0.016 49.9312
41 49.9312 0.016 49.9152
44 49.7872 0.0016 49.7856
41 49.9152 0.048 49.8672
44 49.7856 0.0048 49.7808
41 49.8672 0.0048 49.8624
41 49.8624 0.16 49.7024
41 49.7024 0.0016 49.7008
48 49.9768 0.016 49.9608
48 49.9608 0.016 49.9448
48 49.9448 0.048 49.8968
47 50 0.048 49.952
40 49.952 0.0048 49.9472
53 50 0.048 49.952
25 50 0.048 49.952
27 50 0.0048 49.9952
40 50 0.048 49.952
47 49.952 0.0048 49.9472
35 50 0.048 49.952
35 49.952 0.0048 49.9472
35 49.9472 0.16 49.7872
35 49.7872 0.0016 49.7856
28 50 0.016 49.984
28 49.984 0.016 49.968
28 49.968 0.048 49.92
51 50 0.048 49.952
32 50 0.048 49.952
32 49.952 0.0048 49.9472
32 49.9472 0.16 49.7872
32 49.7872 0.0016 49.7856
33 50 0.048 49.952
42 50 0.048 49.952
31 50 0.048 49.952
43 50 0.048 49.952
36 50 0.048 49.952
46 50 0.0048 49.9952
50 50 0.048 49.952
30 50 0.048 49.952
48 50 0.048 49.952
48 49.952 0.0048 49.9472
48 49.9472 0.16 49.7872
48 49.7872 0.0016 49.7856
46 49.9952 0.016 49.9792
46 49.9792 0.016 49.9632
46 49.9632 0.048 49.9152
39 50 0.048 49.952
37 50 0.048 49.952
47 50 0.048 49.952
40 49.952 0.0048 49.9472
53 50 0.048 49.952
25 50 0.048 49.952
43 50 0.0048 49.9952
40 50 0.048 49.952
47 49.952 0.0048 49.9472
28 50 0.048 49.952
51 50 0.048 49.952
33 50 0.048 49.952
42 50 0.048 49.952
31 50 0.048 49.952
43 49.9952 0.048 49.9472
25 50 0.0048 49.9952
36 50 0.048 49.952
46 50 0.0048 49.9952
50 50 0.048 49.952
30 50 0.048 49.952
46 49.9952 0.048 49.9472
36 50 0.0048 49.9952
39 50 0.048 49.952
37 50 0.048 49.952
47 50 0.048 49.952
40 49.952 0.0048 49.9472
53 50 0.048 49.952
53 49.952 0.0048 49.9472
53 49.9472 0.16 49.7872
53 49.7872 0.0016 49.7856
49 50 0.016 49.984
49 49.984 0.016 49.968
49 49.968 0.048 49.92
25 49.9952 0.048 49.9472
43 50 0.0048 49.9952
40 50 0.048 49.952
47 49.952 0.0048 49.9472
28 50 0.048 49.952
51 50 0.048 49.952
33 50 0.048 49.952
42 50 0.048 49.952
31 50 0.048 49.952
43 49.9952 0.048 49.9472
25 50 0.0048 49.9952
36 49.9952 0.048 49.9472
46 50 0.0048 49.9952
50 50 0.048 49.952
30 50 0.048 49.952
46 49.9952 0.048 49.9472
36 50 0.0048 49.9952
39 50 0.048 49.952
37 50 0.048 49.952
37 49.952 0.0048 49.9472
37 49.9472 0.16 49.7872
37 49.7872 0.0016 49.7856
35 50 0.016 49.984
35 49.984 0.016 49.968
35 49.968 0.048 49.92
47 50 0.048 49.952
40 49.952 0.0048 49.9472
49 50 0.048 49.952
25 49.9952 0.048 49.9472
43 50 0.0048 49.9952
40 50 0.048 49.952
47 49.952 0.0048 49.9472
28 50 0.048 49.952
51 50 0.048 49.952
33 50 0.048 49.952
42 50 0.048 49.952
31 50 0.048 49.952
31 49.952 0.0048 49.9472
31 49.9472 0.16 49.7872
31 49.7872 0.0016 49.7856
53 50 0.016 49.984
53 49.984 0.016 49.968
53 49.968 0.048 49.92
43 49.9952 0.048 49.9472
25 50 0.0048 49.9952
36 49.9952 0.048 49.9472
46 50 0.0048 49.9952
50 50 0.048 49.952
30 50 0.048 49.952
46 49.9952 0.048 49.9472
36 50 0.0048 49.9952
39 50 0.048 49.952
35 50 0.048 49.952
35 49.952 0.0048 49.9472
35 49.9472 0.16 49.7872
35 49.7872 0.0016 49.7856
27 50 0.016 49.984
27 49.984 0.016 49.968
27 49.968 0.048 49.92
47 50 0.048 49.952
40 49.952 0.0048 49.9472
49 50 0.048 49.952
25 49.9952 0.048 49.9472
43 50 0.0048 49.9952
40 50 0.048 49.952
47 49.952 0.0048 49.9472
28 50 0.048 49.952
51 50 0.048 49.952
33 50 0.048 49.952
42 50 0.048 49.952
45 50 0.0048 49.9952
53 50 0.048 49.952
43 49.9952 0.048 49.9472
25 50 0.0048 49.9952
36 49.9952 0.048 49.9472
46 50 0.0048 49.9952
50 50 0.048 49.952
30 50 0.048 49.952
46 49.9952 0.048 49.9472
36 50 0.0048 49.9952
39 50 0.048 49.952
27 50 0.048 49.952
25 49.9952 0.0048 49.9904
47 50 0.048 49.952
49 50 0.048 49.952
25 49.9904 0.048 49.9424
27 50 0.0048 49.9952
43 50 0.0048 49.9952
40 50 0.048 49.952
28 50 0.048 49.952
51 50 0.048 49.952
35 50 0.048 49.952
33 50 0.048 49.952
42 50 0.048 49.952
45 50 0.0048 49.9952
53 50 0.048 49.952
43 49.9952 0.048 49.9472
25 50 0.0048 49.9952
36 49.9952 0.048 49.9472
46 50 0.0048 49.9952
50 50 0.048 49.952
30 50 0.048 49.952
46 49.9952 0.048 49.9472
39 50 0.048 49.952
27 49.9952 0.048 49.9472
25 49.9952 0.0048 49.9904
47 50 0.048 49.952
40 49.952 0.0048 49.9472
49 50 0.048 49.952
25 49.9904 0.048 49.9424
27 50 0.0048 49.9952
43 50 0.0048 49.9952
40 50 0.048 49.952
28 50 0.048 49.952
51 50 0.048 49.952
35 50 0.048 49.952
33 50 0.048 49.952
42 50 0.048 49.952
45 50 0.0048 49.9952
53 50 0.048 49.952
43 49.9952 0.048 49.9472
25 50 0.0048 49.9952
36 50 0.048 49.952
46 50 0.0048 49.9952
50 50 0.048 49.952
30 50 0.048 49.952
46 49.9952 0.048 49.9472
39 50 0.048 49.952
27 49.9952 0.048 49.9472
25 49.9952 0.0048 49.9904
47 50 0.048 49.952
49 50 0.048 49.952
25 49.9904 0.048 49.9424
27 50 0.0048 49.9952
43 50 0.0048 49.9952
40 50 0.048 49.952
28 50 0.048 49.952
51 50 0.048 49.952
51 49.952 0.0048 49.9472
51 49.9472 0.16 49.7872
51 49.7872 0.0016 49.7856
45 50 0.016 49.984
45 49.984 0.016 49.968
45 49.968 0.048 49.92
42 50 0.0048 49.9952
35 50 0.048 49.952
33 50 0.048 49.952
42 49.9952 0.048 49.9472
45 49.92 0.0048 49.9152
53 50 0.048 49.952
43 49.9952 0.048 49.9472
25 50 0.0048 49.9952
27 49.9952 0.0048 49.9904
36 50 0.048 49.952
50 50 0.048 49.952
30 50 0.048 49.952
46 50 0.048 49.952
39 50 0.048 49.952
27 49.9904 0.048 49.9424
43 49.9472 0.0048 49.9424
47 50 0.048 49.952
47 49.952 0.0048 49.9472
47 49.9472 0.16 49.7872
47 49.7872 0.0016 49.7856
51 49.7856 0.016 49.7696
51 49.7696 0.016 49.7536
51 49.7536 0.048 49.7056
49 50 0.048 49.952
25 49.9952 0.048 49.9472
40 50 0.048 49.952
28 50 0.048 49.952
26 50 0.048 49.952
45 50 0.048 49.952
35 50 0.048 49.952
33 50 0.048 49.952
42 50 0.048 49.952
42 49.952 0.0048 49.9472
42 49.9472 0.16 49.7872
42 49.7872 0.0016 49.7856
53 50 0.048 49.952
43 50 0.048 49.952
27 50 0.0048 49.9952
36 50 0.048 49.952
50 50 0.048 49.952
30 50 0.048 49.952
30 49.952 0.0048 49.9472
30 49.9472 0.16 49.7872
30 49.7872 0.0016 49.7856
54 50 0.016 49.984
54 49.984 0.016 49.968
54 49.968 0.048 49.92
46 50 0.048 49.952
39 50 0.048 49.952
27 49.9952 0.048 49.9472
43 49.952 0.0048 49.9472
51 49.8793 0.048 49.8313
49 50 0.048 49.952
25 50 0.048 49.952
40 50 0.048 49.952
28 50 0.048 49.952
26 50 0.048 49.952
45 50 0.048 49.952
35 50 0.048 49.952
33 50 0.048 49.952
53 50 0.048 49.952
43 50 0.048 49.952
36 50 0.048 49.952
50 50 0.048 49.952
54 50 0.048 49.952
46 50 0.048 49.952
