56 382
11 382
12 382
27 383
77 382
47 385
54 385
80 388
46 388
16 388
17 388
78 388
57 388
73 381
76 386
5 386
38 386
37 386
4 386
54 386
82 381
55 392
30 393
9 393
10 393
41 394
45 394
49 384
20 384
63 384
45 384
51 395
32 383
2 383
82 383
74 385
5 385
47 386
41 384
21 384
42 393
11 393
70 394
21 394
22 394
71 394
65 395
59 398
79 393
12 393
13 393
14 393
15 393
68 394
23 394
40 398
83 394
60 394
24 394
51 385
48 388
21 388
22 388
70 388
41 388
77 393
81 394
66 392
19 392
28 387
17 387
63 388
50 396
3 396
34 395
8 395
58 395
7 395
65 385
34 385
8 385
58 385
7 385
39 399
9 399
25 390
12 390
43 389
14 389
32 401
54 399
46 402
62 392
21 392
22 392
78 403
56 393
19 393
27 401
7 401
8 401
47 399
10 399
65 399
77 387
19 387
53 384
44 382
19 382
20 382
21 382
37 404
11 404
54 404
71 405
74 386
11 386
33 400
15 400
69 400
16 400
74 407
57 403
47 404
79 389
17 389
18 389
19 389
20 389
77 389
73 383
8 383
9 383
26 390
14 390
82 406
73 406
8 406
54 407
60 409
4 409
51 399
11 399
38 411
13 411
56 387
21 387
22 387
23 387
69 408
17 408
79 408
18 408
43 408
83 409
5 409
40 409
44 389
21 389
30 400
17 400
45 388
3 388
4 388
72 391
19 391
61 396
8 396
9 396
64 383
11 383
12 383
35 401
10 401
77 413
67 397
9 397
40 414
7 414
8 414
52 414
80 402
1 402
74 383
84 385
11 385
42 408
19 408
72 408
20 408
21 408
22 408
75 381
10 381
31 410
15 410
56 389
23 389
24 389
82 396
75 396
10 396
73 401
75 401
65 386
51 386
13 386
14 386
15 386
71 388
6 388
7 388
77 408
23 408
32 396
11 396
54 383
14 383
15 383
16 383
17 383
46 392
70 418
5 418
63 418
45 418
44 413
23 413
24 413
63 419
5 419
57 421
4 421
5 421
63 421
48 403
4 403
27 396
12 396
54 422
84 417
13 417
37 411
16 411
76 390
17 390
18 390
19 390
29 414
10 414
11 414
12 414
39 404
16 404
17 404
52 420
67 381
12 381
27 381
13 381
53 403
6 403
7 403
38 410
32 414
13 414
63 403
64 385
15 385
16 385
39 385
17 385
47 407
39 407
17 407
65 407
74 422
47 422
54 411
74 411
66 387
4 387
5 387
84 381
15 381
16 381
37 410
18 410
19 410
20 410
21 410
22 410
36 395
70 419
8 419
82 401
14 401
34 399
17 399
35 417
15 417
82 417
14 417
42 424
23 424
24 424
45 421
65 381
74 399
18 399
58 416
17 416
41 418
9 418
10 418
39 422
19 422
20 422
21 422
22 422
23 422
42 422
24 422
31 386
20 386
21 386
22 386
23 386
42 386
24 386
47 411
39 411
19 411
20 411
43 400
42 400
24 400
23 400
22 400
21 400
20 400
19 400
74 400
54 400
47 400
70 421
41 421
9 421
10 421
11 421
75 423
49 403
9 403
70 403
81 415
12 415
68 405
11 405
12 405
55 402
80 392
7 392
8 392
71 418
68 418
11 418
12 418
13 418
32 417
16 417
83 421
12 421
71 421
40 388
13 388
14 388
28 393
4 393
26 412
22 412
23 412
24 412
31 411
21 411
22 411
45 403
41 403
10 403
11 403
12 403
81 405
13 405
48 392
43 412
46 387
59 409
14 409
83 403
13 403
60 415
83 415
13 415
14 415
40 405
14 405
83 405
29 420
15 420
26 411
23 411
24 411
72 424
2 424
3 424
4 424
56 408
5 408
27 414
18 414
19 414
43 426
1 426
52 418
77 424
79 391
2 391
66 402
8 402
9 402
10 402
57 402
78 392
29 418
16 418
17 418
18 418
27 418
37 399
22 399
61 397
17 397
18 397
71 403
14 403
15 403
16 403
52 403
65 416
21 416
74 416
54 416
48 402
11 402
57 392
11 392
12 392
70 392
63 392
32 418
19 418
56 424
6 424
7 424
8 424
66 424
55 424
9 424
59 415
16 415
60 405
15 405
16 405
84 395
20 395
21 395
22 395
74 395
53 419
12 419
57 419
41 392
36 418
84 418
20 418
21 418
34 381
22 381
23 381
62 382
9 382
10 382
37 427
23 427
42 426
3 426
46 424
11 424
12 424
69 410
3 410
59 405
17 405
18 405
40 420
41 428
82 423
20 423
21 423
84 423
42 410
4 410
5 410
61 405
19 405
20 405
27 405
48 419
13 419
14 419
45 419
49 392
14 392
15 392
75 417
20 417
21 417
74 381
24 381
38 385
79 426
5 426
6 426
7 426
8 426
67 401
20 401
52 415
19 415
82 431
75 431
21 431
41 419
49 419
15 419
16 419
77 426
30 425
65 418
24 418
23 418
31 399
1 399
63 428
49 428
15 428
27 417
22 417
23 417
24 417
39 400
47 416
39 416
34 427
32 405
22 405
84 405
23 405
24 405
78 402
14 402
15 402
41 402
63 402
54 395
47 395
69 425
5 425
6 425
74 417
50 406
21 406
37 381
1 381
2 381
29 403
20 403
21 403
82 403
22 403
27 403
34 405
73 396
22 396
23 396
45 392
16 392
17 392
18 392
83 392
61 401
27 432
23 432
24 432
70 429
45 429
63 429
16 429
32 403
23 403
40 415
20 415
64 414
24 414
23 414
67 431
22 431
58 418
38 399
2 399
3 399
38 434
2 434
57 424
31 381
3 381
48 430
29 415
21 415
22 415
71 419
19 419
60 392
34 433
1 433
2 433
41 429
17 429
18 429
19 429
67 415
23 415
32 415
24 415
84 396
25 383
6 383
7 383
69 383
75 406
24 406
51 407
2 407
82 414
73 414
54 417
3 417
74 434
54 434
3 434
4 434
5 434
6 434
7 434
8 434
9 434
10 434
11 434
12 434
13 434
14 434
15 434
16 434
17 434
18 434
19 434
45 434
41 434
34 407
3 407
4 407
5 407
6 407
7 407
8 407
9 407
10 407
11 407
12 407
13 407
14 407
15 407
16 407
35 397
1 397
73 397
43 391
9 391
49 402
19 402
59 420
23 420
22 420
21 420
20 420
19 420
63 434
33 390
8 390
7 390
6 390
5 390
54 390
76 404
6 404
5 404
4 404
83 419
22 419
21 419
46 407
18 407
19 407
20 407
63 407
38 381
6 381
5 381
4 381
50 401
1 401
65 427
5 427
4 427
3 427
2 427
1 427
56 426
15 426
14 426
13 426
12 426
11 426
10 426
78 424
20 424
19 424
18 424
17 424
16 424
15 424
14 424
57 430
78 430
20 430
19 430
18 430
51 404
34 404
37 417
7 417
31 417
8 417
9 417
10 417
11 417
12 417
82 397
3 397
42 391
12 391
11 391
10 391
45 402
22 402
21 402
79 425
80 387
20 387
19 387
18 387
32 406
4 406
3 406
2 406
1 406
41 407
69 439
12 439
11 439
10 439
9 439
78 440
47 433
8 433
74 390
54 436
8 436
53 428
23 428
22 428
84 437
6 437
60 429
34 436
40 441
39 395
9 395
10 395
11 395
12 395
13 395
14 395
15 395
16 395
17 395
18 395
71 392
1 392
56 442
47 390
9 390
10 390
11 390
45 407
25 391
13 391
14 391
15 391
16 391
17 391
18 391
19 391
20 391
21 391
22 391
23 391
24 391
45 391
75 414
6 414
5 414
4 414
3 414
2 414
1 414
82 445
6 445
73 445
48 420
24 420
42 425
15 425
14 425
13 425
12 425
11 425
10 425
9 425
8 425
7 425
73 425
35 444
7 444
73 444
6 444
5 444
4 444
3 444
2 444
1 444
43 417
49 434
62 387
21 387
22 387
23 387
24 387
49 387
66 382
22 382
21 382
20 382
19 382
18 382
17 382
16 382
15 382
67 435
6 435
5 435
4 435
3 435
2 435
1 435
36 423
8 423
7 423
75 445
7 445
8 445
36 445
82 425
83 429
4 429
3 429
2 429
1 429
55 430
50 427
7 427
73 427
84 445
9 445
10 445
11 445
12 445
47 445
65 404
11 404
10 404
9 404
36 404
51 436
65 436
11 436
61 431
7 431
63 447
45 447
68 421
66 430
24 430
27 415
9 415
39 445
33 426
16 426
17 426
18 426
19 426
20 426
21 426
22 426
23 426
24 426
78 428
1 428
32 437
49 429
68 448
50 431
8 431
9 431
10 431
11 431
26 399
15 399
48 428
2 428
3 428
4 428
5 428
6 428
7 428
8 428
37 433
13 433
42 417
45 449
63 449
81 409
6 409
7 409
8 409
9 409
54 445
13 445
14 445
15 445
16 445
17 445
18 445
19 445
20 445
21 445
22 445
23 445
24 445
47 436
13 436
39 433
54 433
28 408
23 408
22 408
21 408
20 408
46 430
1 430
43 446
42 446
19 446
18 446
17 446
16 446
15 446
14 446
47 446
31 390
15 390
14 390
13 390
72 410
20 410
19 410
82 427
10 427
9 427
8 427
39 446
57 440
3 440
2 440
55 440
1 440
48 451
78 451
3 451
67 423
10 423
44 393
23 393
22 393
21 393
20 393
19 393
18 393
17 393
16 393
38 439
15 439
60 421
7 421
71 448
60 448
7 448
6 448
5 448
74 433
15 433
57 451
4 451
5 451
6 451
7 451
68 451
54 446
36 431
13 431
12 431
39 439
38 433
16 433
17 433
18 433
19 433
20 433
21 433
22 433
23 433
24 433
77 442
64 443
14 443
13 443
12 443
11 443
10 443
9 443
43 410
21 410
22 410
23 410
24 410
63 448
25 399
19 399
20 399
21 399
22 399
23 399
24 399
71 451
47 439
51 390
65 390
34 390
16 390
17 390
18 390
19 390
20 390
50 409
12 409
51 453
65 453
34 453
16 453
39 453
37 436
42 452
73 450
58 381
16 381
67 409
13 409
34 454
17 454
45 448
8 448
9 448
10 448
11 448
12 448
13 448
14 448
15 448
16 448
32 431
15 431
43 452
23 452
22 452
21 452
41 447
8 447
7 447
62 426
4 426
54 439
18 439
27 437
15 437
14 437
13 437
12 437
11 437
71 437
10 437
9 437
45 437
41 437
8 437
80 455
6 455
5 455
4 455
3 455
2 455
49 449
8 449
47 453
54 453
18 453
17 453
57 447
78 447
63 437
39 454
47 454
29 438
13 438
12 438
11 438
41 449
9 449
10 449
11 449
12 449
13 449
14 449
54 454
19 454
66 440
6 440
5 440
4 440
44 442
3 442
2 442
1 442
60 451
83 451
12 451
11 451
10 451
45 451
50 449
15 449
16 449
17 449
18 449
19 449
47 449
39 449
71 438
60 438
69 382
24 382
32 457
17 457
38 436
20 436
19 436
18 436
17 436
16 436
50 436
15 436
14 436
55 426
75 425
16 425
54 449
20 449
21 449
22 449
23 449
24 449
82 450
16 450
51 381
19 381
18 381
73 409
74 446
20 446
21 446
22 446
23 446
24 446
46 458
8 458
41 451
75 409
17 409
65 456
20 456
21 456
22 456
23 456
24 456
34 439
20 439
52 406
15 406
14 406
71 406
32 409
18 409
19 409
20 409
54 409
21 409
29 436
51 439
21 439
22 439
23 439
24 439
64 453
20 453
19 453
68 438
14 438
15 438
16 438
17 438
18 438
19 438
27 457
19 457
18 457
55 458
9 458
10 458
83 406
76 461
24 461
53 429
12 429
34 409
22 409
84 404
20 404
27 404
26 452
60 406
63 451
13 451
14 451
15 451
16 451
17 451
18 451
19 451
20 451
59 441
17 441
16 441
71 441
60 441
48 447
12 447
11 447
10 447
36 460
21 460
40 427
17 427
30 383
3 383
4 383
43 383
69 464
84 466
73 438
20 438
21 438
22 438
23 438
35 415
21 415
73 415
20 415
19 415
18 415
17 415
16 415
15 415
32 404
35 404
21 404
22 404
23 404
24 404
66 458
11 458
12 458
13 458
14 458
15 458
45 458
41 458
28 440
9 440
8 440
7 440
44 440
27 460
67 450
20 450
19 450
18 450
17 450
75 453
55 447
32 460
35 460
22 460
23 460
24 460
64 451
23 451
40 450
73 453
21 453
35 453
22 453
32 453
81 443
18 443
34 438
82 457
21 457
42 383
25 462
3 462
2 462
1 462
36 466
23 466
70 467
16 467
41 467
83 441
18 441
19 441
20 441
21 441
39 460
47 460
38 409
1 409
39 409
32 466
65 438
31 393
2 393
75 441
82 441
22 441
23 441
63 458
16 458
17 458
18 458
77 440
10 440
11 440
12 440
13 440
14 440
15 440
16 440
49 437
16 437
54 460
51 451
65 451
57 429
15 429
48 429
28 468
11 468
10 468
9 468
8 468
7 468
43 468
40 443
20 443
19 443
33 382
5 382
4 382
3 382
2 382
1 382
45 467
63 440
62 459
13 459
12 459
11 459
60 443
49 467
29 427
21 427
20 427
19 427
71 458
19 458
20 458
45 440
49 440
17 440
18 440
19 440
20 440
61 428
22 428
21 428
58 448
1 448
36 441
50 425
23 425
22 425
21 425
20 425
19 425
18 425
45 425
30 464
7 464
49 425
56 455
12 455
11 455
10 455
9 455
8 455
74 460
3 460
68 406
20 406
19 406
18 406
48 406
17 406
16 406
78 429
17 429
16 429
51 471
77 469
12 469
11 469
10 469
9 469
8 469
7 469
30 469
60 458
57 470
17 470
48 470
53 463
18 463
17 463
16 463
15 463
14 463
13 463
71 474
68 458
21 458
22 458
23 458
24 458
78 470
18 470
19 470
20 470
21 470
47 472
39 472
4 472
51 472
3 472
60 474
68 474
21 474
20 474
19 474
18 474
17 474
44 459
66 447
16 447
15 447
14 447
13 447
34 460
4 460
5 460
6 460
7 460
8 460
9 460
10 460
11 460
12 460
13 460
14 460
15 460
16 460
83 443
22 443
21 443
54 476
39 476
47 476
71 470
22 470
81 470
23 470
24 470
33 464
9 464
8 464
80 429
18 429
19 429
20 429
21 429
22 429
23 429
24 429
65 471
4 471
68 443
39 478
40 428
24 428
37 454
6 454
5 454
4 454
34 471
5 471
47 478
6 478
29 428
75 479
2 479
39 471
6 471
47 471
63 467
21 467
48 467
20 467
19 467
18 467
17 467
67 457
2 457
45 475
63 475
21 475
20 475
58 472
5 472
6 472
7 472
79 417
12 417
11 417
59 450
81 480
73 479
82 479
74 476
7 476
8 476
82 481
3 481
4 481
84 481
46 406
41 425
26 465
10 465
42 468
13 468
14 468
52 436
2 436
81 436
1 436
44 447
17 447
57 474
22 474
78 474
38 393
9 393
74 393
47 393
69 469
13 469
50 458
4 458
5 458
37 472
9 472
10 472
72 473
15 473
16 473
17 473
70 437
24 437
23 437
78 437
54 471
71 443
1 443
2 443
42 469
14 469
15 469
44 473
18 473
19 473
20 473
21 473
67 479
5 479
43 455
80 406
22 406
23 406
79 468
15 468
16 468
17 468
18 468
83 436
60 436
71 436
72 469
16 469
82 458
31 465
11 465
64 454
8 454
44 468
19 468
20 468
21 468
22 468
23 468
66 477
22 477
23 477
24 477
59 443
4 443
5 443
52 443
55 467
66 467
22 467
23 467
24 467
53 475
34 478
10 478
36 481
8 481
9 481
50 479
6 479
7 479
63 425
1 425
65 478
78 406
77 459
20 459
21 459
22 459
23 459
79 469
17 469
28 447
21 447
37 465
12 465
54 465
47 465
84 454
66 459
64 481
10 481
11 481
63 485
2 485
48 474
1 474
57 437
1 437
44 483
21 483
27 453
9 453
49 475
2 475
76 476
14 476
15 476
70 485
3 485
41 485
53 474
49 474
84 453
10 453
11 453
12 453
37 453
13 453
31 453
14 453
35 466
10 466
11 466
73 486
65 481
12 481
54 481
63 474
3 474
4 474
48 437
2 437
36 454
74 471
13 471
80 468
1 468
76 453
15 453
16 453
40 487
7 487
78 475
34 484
13 484
32 479
35 454
11 454
37 471
14 471
57 468
29 443
8 443
