50 763 2.046
65 764 2.07449
52 765 2.07782
45 766 2.09424
105 767 2.09768
73 768 2.10442
74 769 2.12857
90 770 2.2046
33 771 2.21499
77 772 2.31202
34 773 2.35564
109 774 2.39092
104 775 2.45415
81 776 2.52001
42 777 2.5286
76 778 2.52971
69 779 2.56014
92 780 2.58099
114 781 2.62981
58 782 2.7364
86 783 2.74332
93 784 2.77118
47 785 2.81064
68 786 2.89362
79 787 2.9342
26 788 3.02251
63 789 3.02572
110 790 3.10769
82 791 3.17418
46 792 3.2473
88 793 3.25636
54 794 3.27611
32 795 3.29689
60 796 3.38545
70 797 3.38658
43 798 3.4421
113 799 3.458
49 800 3.48039
55 801 3.49341
80 802 3.531
48 803 3.54281
87 804 3.62957
66 805 3.67541
57 806 3.79225
39 807 3.89159
96 808 4.25678
94 809 4.25879
106 810 4.30526
36 811 4.32922
41 812 4.37195
97 813 4.39432
101 814 4.4151
67 815 4.45016
99 816 4.45018
91 817 4.57176
40 818 4.66996
29 819 4.69205
25 820 4.73615
61 821 4.74548
72 822 4.76104
71 823 4.76803
108 824 4.79844
44 825 4.95149
100 826 4.95565
30 827 4.99528
104 828 5.00896
74 829 5.0662
81 830 5.31381
109 831 5.69741
47 832 5.96242
110 833 6.0139
31 834 6.11504
33 835 6.23983
28 836 6.25355
76 837 6.26474
50 838 6.27362
95 839 6.33057
69 840 6.39907
48 841 6.42726
113 842 6.46736
68 843 6.53706
105 844 6.6135
42 845 6.88637
77 846 6.97177
103 847 6.98937
90 848 7.14452
35 849 7.16738
79 850 7.17855
26 851 7.27714
112 852 7.36144
62 853 7.43722
99 854 7.87004
80 855 8.12291
84 856 8.12997
86 857 8.1641
72 858 8.20484
71 859 8.25747
54 860 8.27442
60 861 8.28403
97 862 8.59152
74 863 8.59174
57 864 8.68857
78 865 8.72109
98 866 9.00173
81 867 9.12129
110 868 9.24167
41 869 9.33334
104 870 9.46121
61 871 9.48126
89 872 9.75461
47 873 9.87515
108 874 9.97535
100 875 10.0867
52 876 10.3969
87 877 10.4039
59 878 10.4177
68 879 10.4958
65 880 10.8224
78 881 10.9848
58 882 11.0861
98 883 11.1906
73 884 11.3989
55 885 11.692
80 886 11.6998
92 887 11.7604
107 888 11.8561
75 889 11.9731
85 890 12.0377
90 891 12.049
103 892 12.0784
108 893 12.1606
57 894 12.1862
106 895 12.4267
63 896 12.5718
95 897 12.6128
94 898 12.6995
96 899 12.7479
84 900 12.7774
25 901 12.804
64 902 12.9306
93 903 13.0001
66 904 13.0615
70 905 13.2336
43 906 13.2337
110 907 13.2495
113 908 13.4786
44 909 13.5923
74 910 13.6941
109 911 13.8805
31 912 14.0955
26 913 14.0978
42 914 14.3894
48 915 14.4008
111 916 14.4814
78 917 14.638
89 918 14.6621
