70 298 0 100 1 2.23682 3.23682
54 296 0 100 1.6 2.13332 3.73332
38 318 0 100 1.16701e-08 3.74448 3.74448
56 300 0 100 1.3 2.45887 3.75887
60 310 0 100 1.1 2.8966 3.9966
68 317 0 100 1 3.53944 4.53944
61 315 0 100 1.2 3.43455 4.63455
47 301 0 100 2.6 2.51561 5.11561
31 297 0 100 3 2.20248 5.20248
58 320 0 100 1.4 3.83122 5.23122
59 304 0 100 2.8 2.65513 5.45513
69 319 0 100 1.7 3.82102 5.52102
28 314 0 100 2.5 3.40976 5.90976
36 334 0 100 0.1 6.3978 6.4978
44 321 0 100 3 3.9636 6.9636
71 309 0 100 4.7 2.87615 7.57615
30 330 0 100 3.4 4.49731 7.89731
63 327 0 100 4 4.28448 8.28448
45 307 0 100 5.6 2.77012 8.37012
54 333 0 100 2.6 6.08319 8.68319
30 347 0 100 2.33402e-08 8.69126 8.69126
73 329 0 100 4.4 4.39105 8.79105
73 335 0 100 2.9 6.50409 9.40409
39 341 0 100 2.3 7.48602 9.78602
48 328 0 100 5.6 4.33801 9.93801
43 325 0 100 7 4.24105 11.2411
59 344 0 100 3.7 7.67066 11.3707
27 350 0 100 2.6 8.89695 11.4969
33 348 0 100 2.9 8.83933 11.7393
70 355 0 100 2.4 9.39316 11.7932
27 322 0 100 7.9 3.9833 11.8833
43 362 0 100 0.7 11.7187 12.4187
28 364 0 100 0.5 11.9927 12.4927
27 361 0 100 1.3 11.5491 12.8491
41 305 0 100 10.3 2.68531 12.9853
39 357 0 100 3.6 9.59959 13.1996
57 375 0 100 0.6 13.7435 14.3435
