0 3888
0 3889
0 3890
0 3891
0 3892
0 3893
0 3894
0 3895
0 3896
0 3897
0 3898
0 3899
0 3900
0 3901
0 3902
0 3903
0 3904
0 3905
0 3906
0 3907
0 3910
25 3912
23 3912
24 3912
0 3913
0 3917
110 3918
20 3918
21 3918
22 3918
23 3918
24 3918
40 3920
21 3920
22 3920
23 3920
24 3920
38 3909
24 3909
60 3916
9 3916
8 3916
7 3916
6 3916
5 3916
4 3916
3 3916
2 3916
1 3916
0 3924
50 3925
4 3925
3 3925
2 3925
1 3925
104 3921
15 3921
16 3921
17 3921
18 3921
19 3921
20 3921
21 3921
22 3921
23 3921
24 3921
37 3908
21 3908
22 3908
23 3908
24 3908
91 3929
23 3929
24 3929
0 3930
61 3932
23 3932
24 3932
0 3935
70 3936
116 3927
43 3927
11 3927
10 3927
9 3927
8 3927
7 3927
6 3927
5 3927
4 3927
3 3927
2 3927
1 3927
0 3940
82 3942
18 3942
19 3942
20 3942
21 3942
22 3942
23 3942
24 3942
0 3943
123 3931
15 3931
16 3931
17 3931
18 3931
19 3931
20 3931
21 3931
22 3931
23 3931
24 3931
107 3945
0 3947
0 3949
110 3945
23 3945
24 3945
27 3926
24 3926
81 3948
17 3948
18 3948
19 3948
20 3948
21 3948
22 3948
23 3948
24 3948
83 3915
10 3915
9 3915
8 3915
7 3915
6 3915
5 3915
4 3915
3 3915
2 3915
1 3915
0 3956
97 3946
65 3955
0 3961
59 3938
14 3938
15 3938
16 3938
17 3938
18 3938
19 3938
20 3938
21 3938
22 3938
23 3938
24 3938
113 3962
18 3962
19 3962
20 3962
21 3962
22 3962
23 3962
24 3962
49 3963
12 3963
11 3963
10 3963
9 3963
8 3963
7 3963
6 3963
5 3963
4 3963
3 3963
2 3963
1 3963
62 3965
17 3965
18 3965
19 3965
20 3965
21 3965
22 3965
23 3965
24 3965
0 3967
121 3968
0 3969
69 3937
24 3937
0 3974
55 3958
112 3951
12 3951
11 3951
10 3951
9 3951
8 3951
7 3951
6 3951
5 3951
4 3951
3 3951
2 3951
1 3951
33 3959
9 3959
8 3959
7 3959
6 3959
5 3959
4 3959
3 3959
2 3959
1 3959
58 3923
7 3923
6 3923
5 3923
4 3923
3 3923
2 3923
1 3923
0 3978
86 3911
9 3911
8 3911
7 3911
6 3911
5 3911
4 3911
3 3911
2 3911
1 3911
41 3975
0 3984
117 3919
48 3980
15 3980
16 3980
17 3980
18 3980
19 3980
20 3980
21 3980
22 3980
23 3980
24 3980
54 3981
14 3981
15 3981
16 3981
17 3981
18 3981
19 3981
20 3981
21 3981
22 3981
23 3981
24 3981
64 3973
0 3987
46 3990
23 3990
24 3990
95 3953
21 3953
22 3953
23 3953
24 3953
96 3954
23 3954
24 3954
0 3993
108 3992
17 3992
18 3992
19 3992
20 3992
21 3992
22 3992
23 3992
24 3992
51 3964
23 3964
24 3964
68 3933
24 3933
92 3973
17 3973
18 3973
19 3973
20 3973
21 3973
22 3973
23 3973
24 3973
0 3996
44 3997
26 3985
100 3952
2 3952
1 3952
77 3995
6 3995
5 3995
4 3995
3 3995
2 3995
1 3995
102 3999
17 3999
18 3999
19 3999
20 3999
21 3999
22 3999
23 3999
24 3999
42 3986
17 3986
18 3986
19 3986
20 3986
21 3986
22 3986
23 3986
24 3986
0 4000
39 4001
1 4001
43 3979
18 3979
19 3979
20 3979
21 3979
22 3979
23 3979
24 3979
36 3970
8 3970
7 3970
6 3970
5 3970
4 3970
3 3970
2 3970
1 3970
89 3960
7 3960
6 3960
5 3960
4 3960
3 3960
2 3960
1 3960
87 3966
0 4003
103 3989
14 3989
15 3989
16 3989
17 3989
18 3989
19 3989
20 3989
21 3989
22 3989
23 3989
24 3989
114 4004
9 4004
8 4004
7 4004
6 4004
5 4004
4 4004
3 4004
2 4004
1 4004
84 3994
14 3994
15 3994
16 3994
17 3994
18 3994
19 3994
20 3994
21 3994
22 3994
23 3994
24 3994
106 3934
2 3934
1 3934
0 4007
120 3944
14 3944
15 3944
16 3944
17 3944
18 3944
19 3944
20 3944
21 3944
22 3944
23 3944
24 3944
79 3919
2 3919
1 3919
99 4006
22 4006
23 4006
24 4006
56 4009
7 4009
6 4009
5 4009
4 4009
3 4009
2 4009
1 4009
78 3972
18 3972
19 3972
20 3972
21 3972
22 3972
23 3972
24 3972
85 3983
14 3983
15 3983
16 3983
17 3983
18 3983
19 3983
20 3983
21 3983
22 3983
23 3983
24 3983
0 4010
93 4002
22 4002
23 4002
24 4002
29 3976
15 3976
16 3976
17 3976
18 3976
19 3976
20 3976
21 3976
22 3976
23 3976
24 3976
76 4012
18 4012
19 4012
20 4012
21 4012
22 4012
23 4012
24 4012
0 4013
38 3975
9 3975
8 3975
7 3975
6 3975
5 3975
4 3975
3 3975
2 3975
1 3975
75 3922
0 4016
72 4014
3 4014
2 4014
1 4014
35 3991
5 3991
4 3991
3 3991
2 3991
1 3991
90 3941
30 4018
4 4018
3 4018
2 4018
1 4018
71 3971
24 3971
105 4019
0 4020
101 4022
20 4022
21 4022
22 4022
23 4022
24 4022
73 3977
19 3977
20 3977
21 3977
22 3977
23 3977
24 3977
66 3928
14 3928
15 3928
16 3928
17 3928
18 3928
19 3928
20 3928
21 3928
22 3928
23 3928
24 3928
111 4023
10 4023
9 4023
8 4023
7 4023
6 4023
5 4023
4 4023
3 4023
2 4023
1 4023
124 4024
7 4024
6 4024
5 4024
4 4024
3 4024
2 4024
1 4024
0 4025
0 4030
31 4032
5 4032
4 4032
3 4032
2 4032
1 4032
74 4028
0 4033
109 3998
10 3998
9 3998
8 3998
7 3998
6 3998
5 3998
4 3998
3 3998
2 3998
1 3998
79 4034
98 4008
6 4008
5 4008
4 4008
3 4008
2 4008
1 4008
115 3939
21 3939
22 3939
23 3939
24 3939
53 3914
14 3914
15 3914
16 3914
17 3914
18 3914
19 3914
20 3914
21 3914
22 3914
23 3914
24 3914
123 3968
1 3968
118 3982
3 3982
2 3982
1 3982
0 4037
110 4015
8 4015
7 4015
6 4015
5 4015
4 4015
3 4015
2 4015
1 4015
0 4039
45 3988
17 3988
18 3988
19 3988
20 3988
21 3988
22 3988
23 3988
24 3988
57 3997
21 3997
22 3997
23 3997
24 3997
59 4040
80 4021
11 4021
10 4021
9 4021
8 4021
7 4021
6 4021
5 4021
4 4021
3 4021
2 4021
1 4021
32 3936
6 3936
5 3936
4 3936
3 3936
2 3936
1 3936
122 4027
8 4027
7 4027
6 4027
5 4027
4 4027
3 4027
2 4027
1 4027
0 4043
51 3941
5 3941
4 3941
3 3941
2 3941
1 3941
0 4045
119 4031
8 4031
7 4031
6 4031
5 4031
4 4031
3 4031
2 4031
1 4031
47 4035
7 4035
6 4035
5 4035
4 4035
3 4035
2 4035
1 4035
0 4046
104 4047
5 4047
4 4047
3 4047
2 4047
1 4047
63 3957
16 3957
17 3957
18 3957
19 3957
20 3957
21 3957
22 3957
23 3957
24 3957
67 4005
4 4005
3 4005
2 4005
1 4005
0 4048
61 4049
13 4049
14 4049
15 4049
16 4049
17 4049
18 4049
19 4049
20 4049
21 4049
22 4049
23 4049
24 4049
25 4044
34 4017
21 4017
22 4017
23 4017
24 4017
0 4051
43 4040
0 4052
0 4054
83 4038
24 4038
0 4055
33 4053
21 4053
22 4053
23 4053
24 4053
27 4036
14 4036
15 4036
16 4036
17 4036
18 4036
19 4036
20 4036
21 4036
22 4036
23 4036
24 4036
0 4057
88 4029
21 4029
22 4029
23 4029
24 4029
54 4058
1 4058
0 4060
82 4062
113 4028
8 4028
7 4028
6 4028
5 4028
4 4028
3 4028
2 4028
1 4028
0 4064
117 4034
12 4034
11 4034
10 4034
9 4034
8 4034
7 4034
6 4034
5 4034
4 4034
3 4034
2 4034
1 4034
62 4061
7 4061
6 4061
5 4061
4 4061
3 4061
2 4061
1 4061
0 4066
28 3950
11 3950
10 3950
9 3950
8 3950
7 3950
6 3950
5 3950
4 3950
3 3950
2 3950
1 3950
94 4011
22 4011
23 4011
24 4011
103 4059
0 4067
97 4042
17 4042
18 4042
19 4042
20 4042
21 4042
22 4042
23 4042
24 4042
0 4071
0 4074
69 4075
15 4075
16 4075
17 4075
18 4075
19 4075
20 4075
21 4075
22 4075
23 4075
24 4075
50 4076
108 4040
6 4040
5 4040
4 4040
3 4040
2 4040
1 4040
90 4079
12 4079
11 4079
10 4079
9 4079
8 4079
7 4079
6 4079
5 4079
4 4079
3 4079
2 4079
1 4079
121 4080
0 4081
85 4069
1 4069
92 4026
6 4026
5 4026
4 4026
3 4026
2 4026
1 4026
0 4085
38 4044
21 4044
22 4044
23 4044
24 4044
64 4077
7 4077
6 4077
5 4077
4 4077
3 4077
2 4077
1 4077
81 4050
11 4050
10 4050
9 4050
8 4050
7 4050
6 4050
5 4050
4 4050
3 4050
2 4050
1 4050
0 4088
78 4086
6 4086
5 4086
4 4086
3 4086
2 4086
1 4086
91 4083
20 4083
21 4083
22 4083
23 4083
24 4083
26 4091
15 4091
16 4091
17 4091
18 4091
19 4091
20 4091
21 4091
22 4091
23 4091
24 4091
60 4078
7 4078
6 4078
5 4078
4 4078
3 4078
2 4078
1 4078
38 4087
22 4087
23 4087
24 4087
62 4080
0 4093
84 4082
3 4082
2 4082
1 4082
76 4094
6 4094
5 4094
4 4094
3 4094
2 4094
1 4094
70 4095
15 4095
16 4095
17 4095
18 4095
19 4095
20 4095
21 4095
22 4095
23 4095
24 4095
111 4084
22 4084
23 4084
24 4084
0 4099
41 4065
111 4065
22 4065
23 4065
24 4065
66 4096
1 4096
89 4104
22 4104
23 4104
24 4104
105 4098
13 4098
14 4098
15 4098
16 4098
17 4098
18 4098
19 4098
20 4098
21 4098
22 4098
23 4098
24 4098
0 4105
43 4100
52 3958
18 3958
19 3958
20 3958
21 3958
22 3958
23 3958
24 3958
37 4103
20 4103
21 4103
22 4103
23 4103
24 4103
55 4107
18 4107
19 4107
20 4107
21 4107
22 4107
23 4107
24 4107
0 4108
64 4100
9 4100
8 4100
7 4100
6 4100
5 4100
4 4100
3 4100
2 4100
1 4100
35 4101
19 4101
20 4101
21 4101
22 4101
23 4101
24 4101
71 4070
13 4070
14 4070
15 4070
16 4070
17 4070
18 4070
19 4070
20 4070
21 4070
22 4070
23 4070
24 4070
0 4113
116 4111
10 4111
9 4111
8 4111
7 4111
6 4111
5 4111
4 4111
3 4111
2 4111
1 4111
93 4080
13 4080
14 4080
15 4080
16 4080
17 4080
18 4080
19 4080
20 4080
21 4080
22 4080
23 4080
24 4080
44 4073
8 4073
7 4073
6 4073
5 4073
4 4073
3 4073
2 4073
1 4073
0 4116
109 4106
23 4106
24 4106
58 4121
2 4121
1 4121
49 4115
0 4122
123 4056
14 4056
15 4056
16 4056
17 4056
18 4056
19 4056
20 4056
21 4056
22 4056
23 4056
24 4056
122 4110
20 4110
21 4110
22 4110
23 4110
24 4110
95 4119
15 4119
16 4119
17 4119
18 4119
19 4119
20 4119
21 4119
22 4119
23 4119
24 4119
73 4115
9 4115
8 4115
7 4115
6 4115
5 4115
4 4115
3 4115
2 4115
1 4115
0 4126
112 4109
8 4109
7 4109
6 4109
5 4109
4 4109
3 4109
2 4109
1 4109
87 4124
18 4124
19 4124
20 4124
21 4124
22 4124
23 4124
24 4124
65 4102
23 4102
24 4102
36 4097
1 4097
0 4129
40 4068
23 4068
24 4068
32 4127
19 4127
20 4127
21 4127
22 4127
23 4127
24 4127
75 4128
17 4128
18 4128
19 4128
20 4128
21 4128
22 4128
23 4128
24 4128
0 4133
68 4130
120 4118
7 4118
6 4118
5 4118
4 4118
3 4118
2 4118
1 4118
0 4136
114 4072
3 4072
2 4072
1 4072
46 4132
19 4132
20 4132
21 4132
22 4132
23 4132
24 4132
0 4139
104 4138
18 4138
19 4138
20 4138
21 4138
22 4138
23 4138
24 4138
0 4141
80 4125
1 4125
96 4062
20 4062
21 4062
22 4062
23 4062
24 4062
79 4135
22 4135
23 4135
24 4135
0 4144
0 4150
28 4130
21 4130
22 4130
23 4130
24 4130
29 4131
10 4131
9 4131
8 4131
7 4131
6 4131
5 4131
4 4131
3 4131
2 4131
1 4131
72 4146
48 4140
13 4140
14 4140
15 4140
16 4140
17 4140
18 4140
19 4140
20 4140
21 4140
22 4140
23 4140
24 4140
34 4147
10 4147
9 4147
8 4147
7 4147
6 4147
5 4147
4 4147
3 4147
2 4147
1 4147
47 4134
22 4134
23 4134
24 4134
0 4152
106 4123
23 4123
24 4123
102 4145
14 4145
15 4145
16 4145
17 4145
18 4145
19 4145
20 4145
21 4145
22 4145
23 4145
24 4145
63 4143
6 4143
5 4143
4 4143
3 4143
2 4143
1 4143
0 4155
56 4089
3 4089
2 4089
1 4089
51 4114
21 4114
22 4114
23 4114
24 4114
0 4156
27 4137
99 4157
19 4157
20 4157
21 4157
22 4157
23 4157
24 4157
124 4120
2 4120
1 4120
0 4160
31 4142
24 4142
118 4148
22 4148
23 4148
24 4148
0 4162
37 4137
3 4137
2 4137
1 4137
107 4090
2 4090
1 4090
0 4164
0 4165
61 4153
5 4153
4 4153
3 4153
2 4153
1 4153
69 4159
122 4159
2 4159
1 4159
0 4168
74 4170
0 4172
110 4169
4 4169
3 4169
2 4169
1 4169
100 4158
122 4158
3 4158
2 4158
1 4158
73 4171
17 4171
18 4171
19 4171
20 4171
21 4171
22 4171
23 4171
24 4171
0 4174
0 4177
32 4146
47 4146
2 4146
1 4146
101 4175
19 4175
20 4175
21 4175
22 4175
23 4175
24 4175
86 4112
13 4112
14 4112
15 4112
16 4112
17 4112
18 4112
19 4112
20 4112
21 4112
22 4112
23 4112
24 4112
77 4154
8 4154
7 4154
6 4154
5 4154
4 4154
3 4154
2 4154
1 4154
42 4063
0 4180
53 4179
12 4179
11 4179
10 4179
9 4179
8 4179
7 4179
6 4179
5 4179
4 4179
3 4179
2 4179
1 4179
64 4161
20 4161
21 4161
22 4161
23 4161
24 4161
117 4092
31 4092
3 4092
2 4092
1 4092
67 4176
24 4176
0 4185
45 4178
14 4178
15 4178
16 4178
17 4178
18 4178
19 4178
20 4178
21 4178
22 4178
23 4178
24 4178
25 4151
10 4151
9 4151
8 4151
7 4151
6 4151
5 4151
4 4151
3 4151
2 4151
1 4151
39 4149
4 4149
3 4149
2 4149
1 4149
0 4189
87 4190
3 4190
2 4190
1 4190
76 4186
73 4186
19 4186
20 4186
21 4186
22 4186
23 4186
24 4186
109 4184
9 4184
8 4184
7 4184
6 4184
5 4184
4 4184
3 4184
2 4184
1 4184
115 4163
20 4163
21 4163
22 4163
23 4163
24 4163
0 4191
119 4117
60 4192
21 4192
22 4192
23 4192
24 4192
30 4167
5 4167
4 4167
3 4167
2 4167
1 4167
0 4193
41 4199
11 4199
10 4199
9 4199
8 4199
7 4199
6 4199
5 4199
4 4199
3 4199
2 4199
1 4199
0 4200
82 4194
4 4194
3 4194
2 4194
1 4194
28 4187
4 4187
3 4187
2 4187
1 4187
0 4204
108 4181
23 4181
24 4181
93 4197
1 4197
57 4173
21 4173
22 4173
23 4173
24 4173
88 4207
16 4207
17 4207
18 4207
19 4207
20 4207
21 4207
22 4207
23 4207
24 4207
46 4202
5 4202
4 4202
3 4202
2 4202
1 4202
70 4182
6 4182
5 4182
4 4182
3 4182
2 4182
1 4182
95 4210
3 4210
2 4210
1 4210
0 4212
113 4170
3 4170
2 4170
1 4170
98 4166
8 4166
7 4166
6 4166
5 4166
4 4166
3 4166
2 4166
1 4166
35 4183
9 4183
8 4183
7 4183
6 4183
5 4183
4 4183
3 4183
2 4183
1 4183
78 4063
23 4063
24 4063
0 4215
114 4195
15 4195
16 4195
17 4195
18 4195
19 4195
20 4195
21 4195
22 4195
23 4195
24 4195
49 4216
23 4216
24 4216
0 4218
106 4117
8 4117
7 4117
6 4117
5 4117
4 4117
3 4117
2 4117
1 4117
83 4214
63 4217
16 4217
17 4217
18 4217
19 4217
20 4217
21 4217
22 4217
23 4217
24 4217
54 4198
23 4198
24 4198
0 4222
94 4225
18 4225
19 4225
20 4225
21 4225
22 4225
23 4225
24 4225
0 4227
84 4228
21 4228
22 4228
23 4228
24 4228
62 4223
4 4223
3 4223
2 4223
1 4223
59 4188
1 4188
0 4232
36 4220
16 4220
17 4220
18 4220
19 4220
20 4220
21 4220
22 4220
23 4220
24 4220
91 4230
14 4230
15 4230
16 4230
17 4230
18 4230
19 4230
20 4230
21 4230
22 4230
23 4230
24 4230
89 4221
15 4221
16 4221
17 4221
18 4221
19 4221
20 4221
21 4221
22 4221
23 4221
24 4221
105 4206
6 4206
5 4206
4 4206
3 4206
2 4206
1 4206
40 4231
13 4231
14 4231
15 4231
16 4231
17 4231
18 4231
19 4231
20 4231
21 4231
22 4231
23 4231
24 4231
0 4236
71 4229
5 4229
4 4229
3 4229
2 4229
1 4229
52 4237
38 4226
41 4226
16 4226
17 4226
18 4226
19 4226
20 4226
21 4226
22 4226
23 4226
24 4226
0 4239
66 4205
20 4205
21 4205
22 4205
23 4205
24 4205
0 4243
116 4219
3 4219
2 4219
1 4219
122 4237
12 4237
11 4237
10 4237
9 4237
8 4237
7 4237
6 4237
5 4237
4 4237
3 4237
2 4237
1 4237
121 4240
6 4240
5 4240
4 4240
3 4240
2 4240
1 4240
0 4244
37 4213
14 4213
15 4213
16 4213
17 4213
18 4213
19 4213
20 4213
21 4213
22 4213
23 4213
24 4213
111 4224
17 4224
18 4224
19 4224
20 4224
21 4224
22 4224
23 4224
24 4224
112 4214
26 4209
11 4209
10 4209
9 4209
8 4209
7 4209
6 4209
5 4209
4 4209
3 4209
2 4209
1 4209
61 4246
16 4246
17 4246
18 4246
19 4246
20 4246
21 4246
22 4246
23 4246
24 4246
0 4247
118 4234
9 4234
8 4234
7 4234
6 4234
5 4234
4 4234
3 4234
2 4234
1 4234
0 4251
44 4235
2 4235
1 4235
32 4253
0 4255
90 4254
11 4254
10 4254
9 4254
8 4254
7 4254
6 4254
5 4254
4 4254
3 4254
2 4254
1 4254
0 4258
112 4260
2 4260
1 4260
0 4263
122 4261
15 4261
16 4261
17 4261
18 4261
19 4261
20 4261
21 4261
22 4261
23 4261
24 4261
96 4238
12 4238
11 4238
10 4238
9 4238
8 4238
7 4238
6 4238
5 4238
4 4238
3 4238
2 4238
1 4238
75 4242
11 4242
10 4242
9 4242
8 4242
7 4242
6 4242
5 4242
4 4242
3 4242
2 4242
1 4242
0 4265
50 4196
68 4267
13 4267
14 4267
15 4267
16 4267
17 4267
18 4267
19 4267
20 4267
21 4267
22 4267
23 4267
24 4267
0 4268
85 4259
1 4259
103 4245
123 4270
0 4271
42 4269
6 4269
5 4269
4 4269
3 4269
2 4269
1 4269
113 4233
11 4233
10 4233
9 4233
8 4233
7 4233
6 4233
5 4233
4 4233
3 4233
2 4233
1 4233
72 4241
15 4241
16 4241
17 4241
18 4241
19 4241
20 4241
21 4241
22 4241
23 4241
24 4241
0 4274
115 4273
49 4273
6 4273
5 4273
4 4273
3 4273
2 4273
1 4273
0 4276
0 4278
45 4275
2 4275
1 4275
0 4281
79 4257
17 4257
18 4257
19 4257
20 4257
21 4257
22 4257
23 4257
24 4257
33 4211
3 4211
2 4211
1 4211
0 4283
107 4250
20 4250
21 4250
22 4250
23 4250
24 4250
0 4288
97 4201
22 4201
23 4201
24 4201
25 4289
24 4289
81 4203
14 4203
15 4203
16 4203
17 4203
18 4203
19 4203
20 4203
21 4203
22 4203
23 4203
24 4203
74 4286
14 4286
15 4286
16 4286
17 4286
18 4286
19 4286
20 4286
21 4286
22 4286
23 4286
24 4286
124 4252
21 4252
22 4252
23 4252
24 4252
104 4262
15 4262
16 4262
17 4262
18 4262
19 4262
20 4262
21 4262
22 4262
23 4262
24 4262
0 4292
48 4290
9 4290
8 4290
7 4290
6 4290
5 4290
4 4290
3 4290
2 4290
1 4290
46 4282
84 4245
6 4245
5 4245
4 4245
3 4245
2 4245
1 4245
69 4291
0 4295
106 4296
19 4296
20 4296
21 4296
22 4296
23 4296
24 4296
99 4294
14 4294
15 4294
16 4294
17 4294
18 4294
19 4294
20 4294
21 4294
22 4294
23 4294
24 4294
78 4297
48 4297
10 4297
9 4297
8 4297
7 4297
6 4297
5 4297
4 4297
3 4297
2 4297
1 4297
0 4298
65 4264
23 4264
24 4264
92 4256
11 4256
10 4256
9 4256
8 4256
7 4256
6 4256
5 4256
4 4256
3 4256
2 4256
1 4256
70 4279
19 4279
20 4279
21 4279
22 4279
23 4279
24 4279
0 4302
96 4282
0 4305
60 4303
120 4293
7 4293
6 4293
5 4293
4 4293
3 4293
2 4293
1 4293
43 4249
92 4249
12 4249
11 4249
10 4249
9 4249
8 4249
7 4249
6 4249
5 4249
4 4249
3 4249
2 4249
1 4249
38 4307
56 4304
0 4309
80 4284
119 4306
21 4306
22 4306
23 4306
24 4306
0 4313
55 4248
22 4248
23 4248
24 4248
88 4314
6 4314
5 4314
4 4314
3 4314
2 4314
1 4314
28 4285
20 4285
21 4285
22 4285
23 4285
24 4285
109 4300
1 4300
94 4301
6 4301
5 4301
4 4301
3 4301
2 4301
1 4301
71 4270
17 4270
18 4270
19 4270
20 4270
21 4270
22 4270
23 4270
24 4270
0 4316
76 4311
47 4253
21 4253
22 4253
23 4253
24 4253
0 4321
40 4299
1 4299
31 4266
22 4266
23 4266
24 4266
58 4280
6 4280
5 4280
4 4280
3 4280
2 4280
1 4280
0 4324
117 4272
23 4272
24 4272
122 4291
24 4291
100 4320
122 4320
24 4320
0 4325
73 4317
13 4317
14 4317
15 4317
16 4317
17 4317
18 4317
19 4317
20 4317
21 4317
22 4317
23 4317
24 4317
111 4307
4 4307
3 4307
2 4307
1 4307
0 4329
64 4323
16 4323
17 4323
18 4323
19 4323
20 4323
21 4323
22 4323
23 4323
24 4323
0 4330
54 4311
14 4311
15 4311
16 4311
17 4311
18 4311
19 4311
20 4311
21 4311
22 4311
23 4311
24 4311
93 4312
19 4312
20 4312
21 4312
22 4312
23 4312
24 4312
51 4287
22 4287
23 4287
24 4287
110 4315
2 4315
1 4315
0 4332
29 4310
12 4310
11 4310
10 4310
9 4310
8 4310
7 4310
6 4310
5 4310
4 4310
3 4310
2 4310
1 4310
36 4326
6 4326
5 4326
4 4326
3 4326
2 4326
1 4326
91 4333
116 4327
17 4327
18 4327
19 4327
20 4327
21 4327
22 4327
23 4327
24 4327
34 4277
12 4277
11 4277
10 4277
9 4277
8 4277
7 4277
6 4277
5 4277
4 4277
3 4277
2 4277
1 4277
27 4308
3 4308
2 4308
1 4308
0 4338
101 4303
16 4303
17 4303
18 4303
19 4303
20 4303
21 4303
22 4303
23 4303
24 4303
122 4331
35 4334
2 4334
1 4334
50 4335
11 4335
10 4335
9 4335
8 4335
7 4335
6 4335
5 4335
4 4335
3 4335
2 4335
1 4335
108 4337
92 4337
17 4337
18 4337
19 4337
20 4337
21 4337
22 4337
23 4337
24 4337
0 4343
103 4345
0 4347
75 4341
23 4341
24 4341
98 4346
2 4346
1 4346
67 4328
0 4350
61 4322
6 4322
5 4322
4 4322
3 4322
2 4322
1 4322
39 4353
2 4353
1 4353
0 4354
59 4351
19 4351
20 4351
21 4351
22 4351
23 4351
24 4351
77 4352
7 4352
6 4352
5 4352
4 4352
3 4352
2 4352
1 4352
55 4331
3 4331
2 4331
1 4331
89 4355
8 4355
7 4355
6 4355
5 4355
4 4355
3 4355
2 4355
1 4355
0 4356
84 4345
15 4345
16 4345
17 4345
18 4345
19 4345
20 4345
21 4345
22 4345
23 4345
24 4345
84 4358
15 4358
16 4358
17 4358
18 4358
19 4358
20 4358
21 4358
22 4358
23 4358
24 4358
53 4342
11 4342
10 4342
9 4342
8 4342
7 4342
6 4342
5 4342
4 4342
3 4342
2 4342
1 4342
0 4359
