36 1765 0 100 1.28371e-07 2.10502 2.10502
53 1767 0 100 5.83505e-08 2.15106 2.15106
28 1769 0 100 2.33402e-08 2.18164 2.18164
61 1766 0 100 0.2 2.13476 2.33476
40 1774 0 100 7.00206e-08 2.46705 2.46705
51 1778 0 100 0.1 2.60681 2.70681
32 1779 0 100 0.1 2.64561 2.74561
37 1780 0 100 0.1 2.66001 2.76001
27 1776 0 100 0.4 2.56408 2.96408
49 1783 0 100 0.4 2.85942 3.25942
56 1771 0 100 1 2.35556 3.35556
43 1797 0 100 0.1 3.42927 3.52927
38 1793 0 100 0.4 3.19652 3.59652
47 1795 0 100 0.3 3.29925 3.59925
29 1804 0 100 3.50103e-08 3.80517 3.80517
48 1791 0 100 0.7 3.11343 3.81343
58 1802 0 100 0.1 3.76877 3.86877
31 1799 0 100 0.4 3.5483 3.9483
59 1773 0 100 1.6 2.40562 4.00562
64 1815 0 100 0.2 4.1815 4.3815
26 1810 0 100 0.3 4.0974 4.3974
50 1806 0 100 0.6 3.87717 4.47717
55 1821 0 100 1.16701e-08 4.5996 4.5996
46 1819 0 100 0.1 4.50231 4.60231
63 1788 0 100 1.6 3.03652 4.63652
39 1786 0 100 1.8 2.90284 4.70284
41 1789 0 100 1.7 3.04868 4.74868
52 1811 0 100 0.7 4.12331 4.82331
42 1826 0 100 1.05031e-07 4.84762 4.84762
30 1827 0 100 0.1 4.84771 4.94771
36 1832 0 100 0.1 4.94341 5.04341
25 1831 0 100 0.2 4.94216 5.14216
57 1812 0 100 1.2 4.16094 5.36094
27 1840 0 100 0.1 5.42192 5.52192
35 1829 0 100 0.7 4.85569 5.55569
33 1808 0 100 1.6 3.98385 5.58385
60 1784 0 100 2.8 2.86823 5.66823
62 1834 0 100 0.8 4.98483 5.78483
28 1845 0 100 9.33608e-08 5.83917 5.83917
34 1823 0 100 1.2 4.69253 5.89253
49 1846 0 100 0.1 5.86871 5.96871
45 1813 0 100 2.2 4.16545 6.36545
61 1856 0 100 7.00206e-08 6.52857 6.52857
47 1851 0 100 0.4 6.14105 6.54105
31 1861 0 100 0.4 6.67294 7.07294
53 1838 0 100 1.9 5.32096 7.22096
48 1865 0 100 0.4 6.96659 7.36659
50 1874 0 100 1.40041e-07 7.43437 7.43437
51 1875 0 100 3.50103e-08 7.46015 7.46015
37 1850 0 100 1.7 6.07603 7.77603
38 1878 0 100 0.3 7.54689 7.84689
41 1882 0 100 0.1 7.75681 7.85681
58 1859 0 100 1.2 6.6612 7.8612
46 1858 0 100 1.3 6.63775 7.93775
59 1868 0 100 1 7.0419 8.0419
54 1825 0 100 3.3 4.83855 8.13855
43 1887 0 100 0.2 7.95605 8.15605
55 1889 0 100 0.1 8.06793 8.16793
32 1870 0 100 1.3 7.09612 8.39612
29 1895 0 100 0.1 8.34761 8.44761
40 1828 0 100 3.7 4.84814 8.54814
28 1893 0 100 0.3 8.25064 8.55064
56 1864 0 100 1.7 6.90727 8.60727
42 1899 0 100 0.1 8.57684 8.67684
34 1902 0 100 0.1 8.72778 8.82778
44 1904 0 100 0.1 8.79046 8.89046
39 1879 0 100 1.6 7.56566 9.16566
35 1913 0 100 1.28371e-07 9.17606 9.17606
25 1884 0 100 1.5 7.8108 9.3108
60 1877 0 100 1.9 7.52926 9.42926
62 1918 0 100 0.1 9.41859 9.51859
30 1867 0 100 2.5 7.02899 9.52899
52 1915 0 100 0.3 9.29701 9.59701
33 1905 0 100 0.8 8.80171 9.60171
37 1923 0 100 7.00206e-08 9.83322 9.83322
36 1886 0 100 2.1 7.94467 10.0447
61 1916 0 100 0.7 9.36086 10.0609
47 1900 0 100 1.4 8.66539 10.0654
26 1909 0 100 1.1 8.98986 10.0899
64 1910 0 100 1.2 9.04496 10.245
49 1925 0 100 0.7 9.9593 10.6593
25 1936 0 100 0.1 10.6587 10.7587
27 1891 0 100 2.8 8.13642 10.9364
63 1906 0 100 2.2 8.86723 11.0672
40 1942 0 100 0.4 10.9072 11.3072
30 1938 0 100 0.8 10.7178 11.5178
48 1947 0 100 0.3 11.2405 11.5405
45 1949 0 100 0.2 11.3636 11.5636
51 1929 0 100 1.4 10.2527 11.6527
38 1940 0 100 1 10.7948 11.7948
41 1946 0 100 0.6 11.2403 11.8403
39 1957 0 100 0.1 11.7669 11.8669
57 1931 0 100 1.8 10.2875 12.0875
61 1964 0 100 4.66804e-08 12.1274 12.1274
43 1956 0 100 0.4 11.7375 12.1375
60 1954 0 100 1 11.5845 12.5845
42 1976 0 100 5.83505e-08 12.8568 12.8568
50 1932 0 100 2.6 10.3187 12.9187
46 1965 0 100 1.1 12.1374 13.2374
32 1979 0 100 0.3 13.0002 13.3002
26 1986 0 100 0.1 13.363 13.463
47 1985 0 100 0.2 13.2916 13.4916
28 1952 0 100 2 11.5515 13.5515
35 1995 0 100 0.1 13.8476 13.9476
44 1982 0 100 0.8 13.1578 13.9578
33 1993 0 100 0.3 13.7161 14.0161
36 1996 0 100 0.2 13.851 14.051
29 1971 0 100 1.8 12.5248 14.3248
58 1989 0 100 0.8 13.5549 14.3549
37 2002 0 100 0.3 14.2412 14.5412
51 2000 0 100 0.5 14.0748 14.5748
52 1963 0 100 2.5 12.0826 14.5826
62 2004 0 100 0.5 14.3127 14.8127
40 2013 0 100 0.1 14.7763 14.8763
53 1960 0 100 3 11.9602 14.9602
