32 378
39 378
99 378
46 378
78 380
40 380
43 381
33 381
97 381
26 381
68 381
94 381
93 382
82 388
47 388
50 388
79 388
40 384
59 386
65 383
73 393
61 393
64 381
52 381
66 381
62 381
98 381
27 394
96 394
57 396
62 397
98 397
66 397
26 400
68 400
33 400
52 397
53 401
98 402
62 402
66 402
96 403
64 397
26 397
68 397
97 400
55 405
70 405
103 408
36 408
90 408
45 408
33 397
64 406
74 382
87 382
71 409
52 402
64 402
80 407
68 411
33 411
36 412
90 412
70 417
99 415
61 423
33 422
42 392
100 427
74 424
66 429
52 429
62 429
83 396
77 425
87 413
25 405
89 427
55 417
102 414
100 425
27 403
57 403
96 396
89 425
48 418
35 409
79 410
56 420
101 416
91 398
31 392
57 430
81 399
71 438
69 394
27 396
61 439
33 436
82 410
96 443
79 430
42 440
57 394
27 443
72 382
94 400
26 411
94 411
87 448
66 436
68 422
26 422
51 381
85 385
73 423
62 432
92 386
77 427
89 442
59 431
33 452
100 447
77 431
29 390
59 447
78 384
40 434
103 412
99 446
101 454
27 457
58 407
61 455
64 429
80 435
81 449
66 460
95 393
73 455
28 404
79 450
57 443
27 450
96 457
57 450
43 433
68 452
33 429
94 422
97 397
64 460
33 460
64 471
48 445
88 401
70 441
25 417
92 462
77 447
59 465
77 465
27 473
35 438
49 380
71 458
60 408
36 444
