26 78
44 81
31 81
33 84
54 80
36 83
37 89
59 87
25 80
64 88
60 87
51 90
59 90
31 93
27 94
28 96
37 87
60 90
38 89
60 89
37 90
60 99
40 98
43 97
46 94
49 85
25 107
51 87
59 89
37 99
42 79
26 109
32 91
30 95
45 104
48 106
60 106
27 116
53 86
36 112
58 92
50 103
56 105
49 114
47 96
34 100
47 100
28 111
34 111
38 90
59 99
38 99
48 124
59 124
38 124
37 106
38 106
51 89
60 120
37 120
38 120
51 120
42 119
52 80
54 107
25 121
32 122
59 106
48 120
60 130
37 130
53 103
36 131
57 81
44 93
57 93
31 118
44 118
57 118
58 80
56 129
52 107
34 133
54 121
25 134
46 116
37 135
31 136
50 127
