71 139 1.04336
39 140 1.1112
45 141 1.11764
55 142 1.1251
47 143 1.18666
63 144 1.29185
59 145 1.29759
35 146 1.31481
69 147 1.33532
42 148 1.39272
73 149 1.45387
74 150 1.51403
67 151 1.53772
30 152 1.64274
34 153 1.65377
64 154 1.6711
58 155 1.73055
54 156 1.76031
43 157 1.76388
36 158 1.8457
50 159 1.85876
37 160 1.86559
56 161 1.90901
33 162 1.91566
38 163 1.97647
65 164 2.0268
31 165 2.12422
53 166 2.22775
68 167 2.25487
57 168 2.37916
52 169 2.44552
70 170 2.45456
61 171 2.7563
41 172 2.79697
49 173 2.7988
27 174 2.82808
44 175 2.94785
59 176 4.21228
65 177 4.27001
38 178 4.42668
31 179 4.88328
47 180 4.90903
36 181 5.05398
69 182 5.17594
71 183 5.40578
35 184 5.7225
58 185 5.74657
59 186 7.07434
49 187 7.12066
56 188 7.40565
27 189 7.41524
70 190 7.62896
68 191 7.85744
43 192 8.16695
55 193 8.40446
49 194 9.25604
27 195 9.41765
71 196 9.82256
31 197 9.85373
69 198 9.9631
52 199 10.5884
59 200 10.7209
25 201 10.8891
53 202 11.3891
56 203 11.461
27 204 12.3716
47 205 12.5446
31 206 12.6256
57 207 14.1997
68 208 14.4369
27 209 14.9799
