66 288 1.00768
59 289 1.02006
90 290 1.02708
34 291 1.11697
26 292 1.1631
87 293 1.16878
43 294 1.19757
72 295 1.20091
62 296 1.28216
58 297 1.31571
55 298 1.3311
74 299 1.33828
83 300 1.38188
52 301 1.38858
93 302 1.43284
68 303 1.46478
60 304 1.51497
28 305 1.53945
94 306 1.60529
78 307 1.62983
45 308 1.65679
64 309 1.68434
86 310 1.71451
69 311 1.80168
44 312 1.83664
77 313 1.84187
56 314 1.8725
33 315 1.89362
54 316 1.97252
92 317 1.98568
84 318 1.99606
70 319 2.02666
30 320 2.17759
75 321 2.2344
61 322 2.38371
41 323 2.42693
82 324 2.4578
71 325 2.59327
51 326 2.65296
63 327 2.69652
27 328 2.82027
79 329 2.90399
88 330 2.91173
32 331 2.98676
43 332 3.21572
28 333 4.07593
64 334 4.23735
44 335 4.34006
90 336 4.35035
70 337 4.45015
52 338 4.48511
86 339 5.08852
45 340 5.09609
34 341 5.26332
40 342 5.37967
61 343 5.70287
87 344 5.73501
77 345 6.11736
68 346 6.14153
41 347 6.42098
63 348 6.44626
78 349 6.48755
42 350 7.33888
53 351 7.63706
51 352 8.42466
64 353 8.78442
44 354 8.92615
87 355 9.16068
70 356 9.17094
40 357 9.39295
61 358 9.54324
92 359 9.69189
79 360 10.0388
93 361 10.376
34 362 10.5941
53 363 11.1917
62 364 11.2004
78 365 11.9967
40 366 12.0325
64 367 12.0627
42 368 12.3259
61 369 12.8203
34 370 13.0351
52 371 13.1387
70 372 13.3155
87 373 13.5156
74 374 13.6943
54 375 13.9943
94 376 14.0289
63 377 14.186
