26 78 1.01707
42 79 1.02117
54 80 1.02463
44 81 1.03718
62 82 1.17192
36 83 1.18279
33 84 1.20424
49 85 1.32153
53 86 1.47071
59 87 1.4992
64 88 1.53171
37 89 1.58442
51 90 1.64575
32 91 1.67834
58 92 1.69537
31 93 1.83718
27 94 1.90886
30 95 1.9181
28 96 1.94347
43 97 2.23633
40 98 2.31038
60 99 2.34738
34 100 2.37754
35 101 2.46512
55 102 2.48728
50 103 2.57712
45 104 2.70684
56 105 2.82746
48 106 2.87175
25 107 2.92583
39 108 2.9697
26 109 3.68169
64 110 4.20957
28 111 4.25116
36 112 4.90144
33 113 5.04534
49 114 5.84612
40 115 5.97513
27 116 6.17207
43 117 6.29486
31 118 6.33875
42 119 6.74075
60 120 6.7897
25 121 6.89095
32 122 7.39754
26 123 7.44452
48 124 8.163
45 125 8.61956
30 126 8.77234
50 127 10.6819
27 128 10.9497
56 129 11.2794
60 130 11.4898
36 131 11.5846
49 132 11.8332
34 133 12.6927
25 134 12.8833
37 135 13.2682
31 136 14.1508
42 137 14.3242
32 138 14.5031
