89 582
49 582
110 583
29 583
97 584
78 584
44 586
70 586
77 586
57 586
106 587
63 588
42 588
122 590
112 591
33 591
107 592
83 594
101 594
35 595
25 595
39 598
76 582
69 601
72 602
76 603
123 605
41 605
38 606
94 583
77 608
70 608
93 609
87 609
70 610
91 612
74 607
66 613
115 602
51 615
80 618
98 605
94 619
120 620
88 614
56 611
64 593
99 617
46 617
73 600
52 612
90 606
119 588
104 625
38 625
68 622
121 622
109 620
91 611
79 618
75 624
68 624
44 608
58 591
115 591
78 626
101 628
43 630
79 633
95 599
99 599
56 612
89 603
109 637
37 634
53 607
115 639
112 639
27 636
75 636
116 602
74 608
65 585
26 587
72 591
71 592
45 614
44 607
107 585
36 630
43 587
91 640
100 597
98 643
60 620
89 641
59 594
48 627
99 644
26 630
75 646
108 632
44 647
85 635
67 589
96 631
28 616
43 650
81 606
62 625
90 625
120 637
104 606
38 656
80 633
30 609
93 603
100 594
83 628
100 628
45 657
101 597
63 660
118 582
76 641
118 641
79 661
86 593
108 616
89 609
76 609
34 584
78 653
34 653
97 626
120 665
113 623
105 617
106 630
122 658
26 650
43 667
97 623
34 623
116 591
72 659
100 674
115 662
89 677
81 625
99 675
104 656
38 676
39 654
93 677
97 682
28 666
108 668
28 668
66 649
112 652
53 608
113 684
92 615
93 685
103 601
69 663
103 663
101 674
119 660
86 658
64 588
86 588
122 686
86 686
78 623
34 682
80 661
51 651
109 665
74 647
53 615
46 599
100 661
40 590
95 644
105 675
43 687
120 680
46 644
63 683
28 688
92 647
110 619
114 605
35 645
102 596
124 595
56 640
91 670
56 670
35 596
94 642
123 643
69 692
110 645
98 678
112 689
100 690
35 642
71 585
107 672
71 672
31 604
81 656
104 676
81 676
68 636
121 624
38 691
32 598
111 638
81 691
109 680
48 669
108 688
