29 850
25 851
48 851
47 851
68 851
45 851
54 853
43 855
55 856
46 859
40 861
35 855
43 861
52 863
33 864
70 865
31 865
42 854
56 854
68 873
25 873
45 873
44 869
74 875
30 875
47 872
45 872
68 872
53 870
30 877
37 876
31 883
63 867
45 886
47 886
34 868
61 857
60 880
28 863
35 861
43 887
52 867
40 855
56 879
49 860
35 860
40 860
48 873
68 886
67 859
47 873
65 851
38 881
44 870
25 872
25 889
45 889
47 889
53 881
46 890
48 886
65 872
25 886
30 888
74 877
73 862
58 852
40 900
45 897
47 897
61 895
33 857
32 864
42 879
44 881
47 903
52 893
63 863
53 894
69 878
39 882
33 908
49 902
35 900
59 885
32 910
41 865
31 891
70 883
48 872
25 897
55 899
41 891
67 890
40 913
46 882
30 912
58 909
61 908
62 853
33 910
47 916
72 858
41 917
42 914
37 904
34 901
29 892
70 891
31 917
