29 850 1.00941
25 851 1.26258
58 852 1.33579
54 853 1.36289
42 854 1.43313
43 855 1.48502
55 856 1.4881
61 857 1.4897
72 858 1.50812
46 859 1.51527
49 860 1.51745
40 861 1.52003
73 862 1.63085
52 863 1.69063
33 864 1.7076
70 865 1.73882
36 866 1.89435
63 867 1.96113
34 868 1.96267
44 869 1.97545
53 870 1.97639
26 871 2.00778
47 872 2.02571
68 873 2.03264
57 874 2.03571
74 875 2.19335
37 876 2.3546
30 877 2.43177
69 878 2.48333
56 879 2.505
60 880 2.56808
38 881 2.57402
39 882 2.65805
31 883 2.68842
50 884 2.83042
59 885 2.88064
45 886 2.90159
43 887 3.72824
30 888 4.7079
25 889 4.75465
46 890 4.76549
31 891 5.05612
29 892 5.08689
52 893 5.41021
53 894 5.51593
61 895 5.82534
74 896 6.02565
45 897 6.22172
54 898 6.30065
55 899 6.3068
40 900 6.49786
34 901 6.59992
49 902 6.61358
47 903 6.99591
37 904 7.16563
60 905 7.6649
56 906 8.26893
73 907 8.34187
33 908 8.72379
58 909 8.72556
32 910 8.79457
53 911 9.96335
30 912 10.1067
40 913 10.4278
42 914 10.7144
63 915 10.8948
47 916 11.078
41 917 11.5673
52 918 11.9515
69 919 12.7718
30 920 12.861
49 921 13.0456
59 922 13.1459
33 923 13.2298
46 924 13.7496
47 925 14.2107
55 926 14.2835
40 927 14.941
