25 1237 0 100 0.6 1.00136 1.60136
27 1261 0 100 0.3 1.5988 1.8988
48 1278 0 100 1.16701e-08 2.14908 2.14908
78 1256 0 100 1.1 1.41323 2.51323
114 1249 0 100 2.1 1.32412 3.42412
62 1253 0 100 3 1.38934 4.38934
56 1292 0 100 2 2.7864 4.7864
47 1270 0 100 3 1.8584 4.8584
79 1266 0 100 3.2 1.67107 4.87107
101 1272 0 100 4 1.90804 5.90804
80 1245 0 100 4.9 1.13303 6.03303
37 1240 0 100 5.1 1.03547 6.13547
72 1283 0 100 3.9 2.39422 6.29422
53 1295 0 100 3.6 2.97133 6.57133
53 1304 0 100 1.5 5.10226 6.60226
38 1289 0 100 4.1 2.63743 6.73743
46 1243 0 100 5.8 1.06298 6.86298
35 1275 0 100 5 2.0514 7.0514
110 1305 0 100 2 5.10662 7.10662
60 1311 0 100 1.7 5.52327 7.22327
88 1296 0 100 4.4 3.34829 7.74829
94 1267 0 100 6.4 1.68557 8.08557
50 1287 0 100 5.7 2.52362 8.22362
36 1291 0 100 5.9 2.68575 8.58575
36 1319 0 100 1.9 6.77448 8.67448
34 1282 0 100 6.5 2.30769 8.80769
97 1317 0 100 3 6.48956 9.48956
96 1241 0 100 8.5 1.03558 9.53558
49 1293 0 100 6.7 2.85012 9.55012
84 1314 0 100 3.5 6.10966 9.60966
97 1281 0 100 7.4 2.23871 9.63871
64 1277 0 100 7.6 2.11889 9.71889
40 1301 0 100 4.9 4.87658 9.77658
106 1259 0 100 8.3 1.53469 9.83469
40 1269 0 100 8.1 1.79627 9.89627
39 1303 0 100 5 5.10122 10.1012
33 1330 0 100 1.5 8.60638 10.1064
56 1323 0 100 2.9 7.21457 10.1146
39 1325 0 100 2.6 7.52753 10.1275
32 1252 0 100 8.8 1.37444 10.1744
100 1263 0 100 9.3 1.65853 10.9585
42 1265 0 100 9.4 1.67031 11.0703
80 1333 0 100 1.9 9.39348 11.2935
76 1271 0 100 9.6 1.8621 11.4621
72 1320 0 100 4.5 7.15615 11.6561
38 1332 0 100 3.1 8.93908 12.0391
41 1336 0 100 2.3 10.1955 12.4955
59 1310 0 100 7.1 5.44303 12.543
98 1334 0 100 3 9.54626 12.5463
98 1285 0 100 10.3 2.44075 12.7408
43 1273 0 100 10.9 1.91069 12.8107
112 1298 0 100 9.4 3.54754 12.9475
88 1244 0 100 12 1.07312 13.0731
105 1264 0 100 11.6 1.66494 13.2649
63 1246 0 100 12.4 1.13662 13.5366
108 1239 0 100 12.6 1.01903 13.619
95 1348 0 100 1.9 11.9714 13.8714
95 1260 0 100 12.3 1.58364 13.8836
34 1357 0 100 0.8 13.317 14.117
55 1247 0 100 13.2 1.18217 14.3822
55 1300 0 100 9.9 4.48426 14.3843
30 1286 0 100 12.1 2.50421 14.6042
51 1250 0 100 13.5 1.33079 14.8308
