47 796 0 100 1.3 1.32105 2.62105
63 816 0 100 0.7 2.6405 3.3405
49 795 0 100 2.4 1.25122 3.65122
30 792 0 100 2.6 1.05464 3.65464
61 803 0 100 2.1 1.66387 3.76387
27 812 0 100 3.1 2.43503 5.53503
39 808 0 100 3.8 2.07439 5.87439
42 822 0 100 3 2.93697 5.93697
44 821 0 100 3.6 2.92483 6.52483
54 810 0 100 5 2.37581 7.37581
52 824 0 100 4.1 4.30337 8.40337
61 832 0 100 2.3 6.79669 9.09669
51 827 0 100 3.9 5.25629 9.15629
51 815 0 100 6.7 2.5375 9.2375
36 806 0 100 8.3 1.86921 10.1692
62 833 0 100 2.8 7.40387 10.2039
27 837 0 100 1.1 9.65041 10.7504
53 800 0 100 9.4 1.56302 10.963
48 807 0 100 9.2 1.92309 11.1231
58 813 0 100 9.1 2.46988 11.5699
40 828 0 100 6.9 5.83511 12.7351
25 820 0 100 10.1 2.7668 12.8668
30 823 0 100 10.6 3.40452 14.0045
60 797 0 100 12.6 1.40633 14.0063
