0 3156
0 3157
0 3158
0 3159
0 3160
0 3161
0 3162
0 3163
0 3164
0 3165
0 3171
27 3169
18 3169
19 3169
20 3169
21 3169
22 3169
23 3169
24 3169
40 3174
22 3174
23 3174
24 3174
0 3176
85 3170
21 3170
22 3170
23 3170
24 3170
0 3179
0 3186
84 3180
0 3189
25 3173
19 3173
20 3173
21 3173
22 3173
23 3173
24 3173
39 3175
0 3193
46 3194
24 3194
77 3187
23 3187
24 3187
60 3195
10 3195
9 3195
8 3195
7 3195
6 3195
5 3195
4 3195
3 3195
2 3195
1 3195
0 3197
81 3185
16 3185
17 3185
18 3185
19 3185
20 3185
21 3185
22 3185
23 3185
24 3185
0 3202
0 3205
59 3203
20 3203
21 3203
22 3203
23 3203
24 3203
41 3192
15 3192
16 3192
17 3192
18 3192
19 3192
20 3192
21 3192
22 3192
23 3192
24 3192
91 3208
74 3209
15 3209
16 3209
17 3209
18 3209
19 3209
20 3209
21 3209
22 3209
23 3209
24 3209
0 3211
87 3198
23 3198
24 3198
37 3191
11 3191
10 3191
9 3191
8 3191
7 3191
6 3191
5 3191
4 3191
3 3191
2 3191
1 3191
32 3184
3 3184
2 3184
1 3184
45 3178
14 3178
15 3178
16 3178
17 3178
18 3178
19 3178
20 3178
21 3178
22 3178
23 3178
24 3178
64 3201
5 3201
4 3201
3 3201
2 3201
1 3201
70 3216
18 3216
19 3216
20 3216
21 3216
22 3216
23 3216
24 3216
0 3217
62 3218
14 3218
15 3218
16 3218
17 3218
18 3218
19 3218
20 3218
21 3218
22 3218
23 3218
24 3218
54 3172
13 3172
14 3172
15 3172
16 3172
17 3172
18 3172
19 3172
20 3172
21 3172
22 3172
23 3172
24 3172
34 3207
1 3207
92 3219
18 3219
19 3219
20 3219
21 3219
22 3219
23 3219
24 3219
68 3214
19 3214
20 3214
21 3214
22 3214
23 3214
24 3214
0 3224
75 3225
2 3225
1 3225
0 3229
80 3230
3 3230
2 3230
1 3230
50 3226
26 3177
18 3177
19 3177
20 3177
21 3177
22 3177
23 3177
24 3177
71 3223
23 3223
24 3223
31 3227
21 3227
22 3227
23 3227
24 3227
0 3233
83 3204
15 3204
16 3204
17 3204
18 3204
19 3204
20 3204
21 3204
22 3204
23 3204
24 3204
36 3231
63 3220
10 3220
9 3220
8 3220
7 3220
6 3220
5 3220
4 3220
3 3220
2 3220
1 3220
86 3208
8 3208
7 3208
6 3208
5 3208
4 3208
3 3208
2 3208
1 3208
55 3232
7 3232
6 3232
5 3232
4 3232
3 3232
2 3232
1 3232
0 3236
33 3167
22 3167
23 3167
24 3167
52 3180
17 3180
18 3180
19 3180
20 3180
21 3180
22 3180
23 3180
24 3180
76 3240
15 3240
16 3240
17 3240
18 3240
19 3240
20 3240
21 3240
22 3240
23 3240
24 3240
67 3234
5 3234
4 3234
3 3234
2 3234
1 3234
82 3196
14 3196
15 3196
16 3196
17 3196
18 3196
19 3196
20 3196
21 3196
22 3196
23 3196
24 3196
0 3242
56 3190
24 3190
0 3245
90 3221
8 3221
7 3221
6 3221
5 3221
4 3221
3 3221
2 3221
1 3221
28 3241
44 3248
9 3248
8 3248
7 3248
6 3248
5 3248
4 3248
3 3248
2 3248
1 3248
0 3249
79 3166
16 3166
17 3166
18 3166
19 3166
20 3166
21 3166
22 3166
23 3166
24 3166
38 3250
11 3250
10 3250
9 3250
8 3250
7 3250
6 3250
5 3250
4 3250
3 3250
2 3250
1 3250
47 3168
24 3168
61 3246
12 3246
11 3246
10 3246
9 3246
8 3246
7 3246
6 3246
5 3246
4 3246
3 3246
2 3246
1 3246
78 3238
12 3238
11 3238
10 3238
9 3238
8 3238
7 3238
6 3238
5 3238
4 3238
3 3238
2 3238
1 3238
49 3235
18 3235
19 3235
20 3235
21 3235
22 3235
23 3235
24 3235
0 3252
88 3237
52 3251
19 3251
20 3251
21 3251
22 3251
23 3251
24 3251
73 3181
20 3181
21 3181
22 3181
23 3181
24 3181
35 3239
7 3239
6 3239
5 3239
4 3239
3 3239
2 3239
1 3239
0 3254
93 3206
11 3206
10 3206
9 3206
8 3206
7 3206
6 3206
5 3206
4 3206
3 3206
2 3206
1 3206
29 3199
10 3199
9 3199
8 3199
7 3199
6 3199
5 3199
4 3199
3 3199
2 3199
1 3199
30 3244
6 3244
5 3244
4 3244
3 3244
2 3244
1 3244
0 3255
69 3200
12 3200
11 3200
10 3200
9 3200
8 3200
7 3200
6 3200
5 3200
4 3200
3 3200
2 3200
1 3200
0 3256
0 3257
66 3210
23 3210
24 3210
0 3258
51 3212
11 3212
10 3212
9 3212
8 3212
7 3212
6 3212
5 3212
4 3212
3 3212
2 3212
1 3212
57 3183
0 3259
58 3213
12 3213
11 3213
10 3213
9 3213
8 3213
7 3213
6 3213
5 3213
4 3213
3 3213
2 3213
1 3213
48 3253
20 3253
21 3253
22 3253
23 3253
24 3253
60 3226
19 3226
20 3226
21 3226
22 3226
23 3226
24 3226
0 3260
39 3261
10 3261
9 3261
8 3261
7 3261
6 3261
5 3261
4 3261
3 3261
2 3261
1 3261
89 3188
12 3188
11 3188
10 3188
9 3188
8 3188
7 3188
6 3188
5 3188
4 3188
3 3188
2 3188
1 3188
0 3262
94 3182
7 3182
6 3182
5 3182
4 3182
3 3182
2 3182
1 3182
72 3222
1 3222
0 3263
0 3265
0 3266
25 3264
6 3264
5 3264
4 3264
3 3264
2 3264
1 3264
0 3267
43 3228
13 3228
14 3228
15 3228
16 3228
17 3228
18 3228
19 3228
20 3228
21 3228
22 3228
23 3228
24 3228
0 3270
64 3268
15 3268
16 3268
17 3268
18 3268
19 3268
20 3268
21 3268
22 3268
23 3268
24 3268
0 3274
60 3272
23 3272
24 3272
53 3215
14 3215
15 3215
16 3215
17 3215
18 3215
19 3215
20 3215
21 3215
22 3215
23 3215
24 3215
0 3276
70 3278
4 3278
3 3278
2 3278
1 3278
65 3243
2 3243
1 3243
71 3279
56 3279
8 3279
7 3279
6 3279
5 3279
4 3279
3 3279
2 3279
1 3279
0 3280
0 3281
45 3275
1 3275
0 3282
0 3284
0 3286
0 3289
55 3283
59 3285
10 3285
9 3285
8 3285
7 3285
6 3285
5 3285
4 3285
3 3285
2 3285
1 3285
93 3291
21 3291
22 3291
23 3291
24 3291
0 3292
58 3283
20 3283
21 3283
22 3283
23 3283
24 3283
88 3287
11 3287
10 3287
9 3287
8 3287
7 3287
6 3287
5 3287
4 3287
3 3287
2 3287
1 3287
0 3297
0 3299
34 3271
17 3271
18 3271
19 3271
20 3271
21 3271
22 3271
23 3271
24 3271
0 3303
75 3302
18 3302
19 3302
20 3302
21 3302
22 3302
23 3302
24 3302
84 3273
7 3273
6 3273
5 3273
4 3273
3 3273
2 3273
1 3273
0 3307
68 3293
11 3293
10 3293
9 3293
8 3293
7 3293
6 3293
5 3293
4 3293
3 3293
2 3293
1 3293
0 3312
33 3314
13 3314
14 3314
15 3314
16 3314
17 3314
18 3314
19 3314
20 3314
21 3314
22 3314
23 3314
24 3314
85 3308
18 3308
19 3308
20 3308
21 3308
22 3308
23 3308
24 3308
40 3306
19 3306
20 3306
21 3306
22 3306
23 3306
24 3306
77 3298
18 3298
19 3298
20 3298
21 3298
22 3298
23 3298
24 3298
79 3296
6 3296
5 3296
4 3296
3 3296
2 3296
1 3296
0 3316
0 3318
54 3309
7 3309
6 3309
5 3309
4 3309
3 3309
2 3309
1 3309
0 3319
27 3320
17 3320
18 3320
19 3320
20 3320
21 3320
22 3320
23 3320
24 3320
87 3305
18 3305
19 3305
20 3305
21 3305
22 3305
23 3305
24 3305
0 3322
30 3304
21 3304
22 3304
23 3304
24 3304
36 3301
18 3301
19 3301
20 3301
21 3301
22 3301
23 3301
24 3301
86 3323
1 3323
26 3324
41 3325
11 3325
10 3325
9 3325
8 3325
7 3325
6 3325
5 3325
4 3325
3 3325
2 3325
1 3325
0 3326
83 3288
9 3288
8 3288
7 3288
6 3288
5 3288
4 3288
3 3288
2 3288
1 3288
0 3328
0 3331
51 3313
1 3313
32 3300
0 3335
57 3315
15 3315
16 3315
17 3315
18 3315
19 3315
20 3315
21 3315
22 3315
23 3315
24 3315
80 3334
24 3334
67 3327
42 3247
20 3247
21 3247
22 3247
23 3247
24 3247
0 3338
35 3300
0 3341
89 3339
2 3339
1 3339
0 3343
82 3310
10 3310
9 3310
8 3310
7 3310
6 3310
5 3310
4 3310
3 3310
2 3310
1 3310
0 3346
50 3277
31 3344
18 3344
19 3344
20 3344
21 3344
22 3344
23 3344
24 3344
46 3269
58 3311
52 3348
14 3348
15 3348
16 3348
17 3348
18 3348
19 3348
20 3348
21 3348
22 3348
23 3348
24 3348
0 3349
91 3333
5 3333
4 3333
3 3333
2 3333
1 3333
76 3317
12 3317
11 3317
10 3317
9 3317
8 3317
7 3317
6 3317
5 3317
4 3317
3 3317
2 3317
1 3317
70 3345
17 3345
18 3345
19 3345
20 3345
21 3345
22 3345
23 3345
24 3345
94 3329
23 3329
24 3329
65 3347
15 3347
16 3347
17 3347
18 3347
19 3347
20 3347
21 3347
22 3347
23 3347
24 3347
0 3350
78 3351
8 3351
7 3351
6 3351
5 3351
4 3351
3 3351
2 3351
1 3351
0 3353
69 3354
7 3354
6 3354
5 3354
4 3354
3 3354
2 3354
1 3354
51 3311
5 3311
4 3311
3 3311
2 3311
1 3311
0 3355
47 3357
21 3357
22 3357
23 3357
24 3357
81 3330
18 3330
19 3330
20 3330
21 3330
22 3330
23 3330
24 3330
0 3359
48 3361
14 3361
15 3361
16 3361
17 3361
18 3361
19 3361
20 3361
21 3361
22 3361
23 3361
24 3361
66 3324
18 3324
19 3324
20 3324
21 3324
22 3324
23 3324
24 3324
0 3363
62 3342
15 3342
16 3342
17 3342
18 3342
19 3342
20 3342
21 3342
22 3342
23 3342
24 3342
92 3340
19 3340
20 3340
21 3340
22 3340
23 3340
24 3340
61 3362
10 3362
9 3362
8 3362
7 3362
6 3362
5 3362
4 3362
3 3362
2 3362
1 3362
0 3365
73 3364
28 3290
24 3290
0 3369
90 3332
7 3332
6 3332
5 3332
4 3332
3 3332
2 3332
1 3332
29 3370
8 3370
7 3370
6 3370
5 3370
4 3370
3 3370
2 3370
1 3370
74 3336
18 3336
19 3336
20 3336
21 3336
22 3336
23 3336
24 3336
0 3373
55 3366
8 3366
7 3366
6 3366
5 3366
4 3366
3 3366
2 3366
1 3366
35 3374
0 3375
82 3277
15 3277
16 3277
17 3277
18 3277
19 3277
20 3277
21 3277
22 3277
23 3277
24 3277
39 3327
6 3327
5 3327
4 3327
3 3327
2 3327
1 3327
0 3378
56 3356
53 3377
7 3377
6 3377
5 3377
4 3377
3 3377
2 3377
1 3377
0 3379
65 3364
20 3364
21 3364
22 3364
23 3364
24 3364
63 3321
13 3321
14 3321
15 3321
16 3321
17 3321
18 3321
19 3321
20 3321
21 3321
22 3321
23 3321
24 3321
44 3358
10 3358
9 3358
8 3358
7 3358
6 3358
5 3358
4 3358
3 3358
2 3358
1 3358
0 3382
72 3383
0 3384
71 3360
32 3374
8 3374
7 3374
6 3374
5 3374
4 3374
3 3374
2 3374
1 3374
92 3383
23 3383
24 3383
0 3385
86 3380
12 3380
11 3380
10 3380
9 3380
8 3380
7 3380
6 3380
5 3380
4 3380
3 3380
2 3380
1 3380
45 3371
20 3371
21 3371
22 3371
23 3371
24 3371
0 3387
43 3388
9 3388
8 3388
7 3388
6 3388
5 3388
4 3388
3 3388
2 3388
1 3388
25 3381
3 3381
2 3381
1 3381
0 3389
0 3392
87 3391
6 3391
5 3391
4 3391
3 3391
2 3391
1 3391
0 3393
0 3396
0 3398
93 3376
15 3376
16 3376
17 3376
18 3376
19 3376
20 3376
21 3376
22 3376
23 3376
24 3376
0 3402
58 3399
14 3399
15 3399
16 3399
17 3399
18 3399
19 3399
20 3399
21 3399
22 3399
23 3399
24 3399
49 3368
23 3368
24 3368
64 3397
14 3397
15 3397
16 3397
17 3397
18 3397
19 3397
20 3397
21 3397
22 3397
23 3397
24 3397
0 3403
0 3407
88 3390
6 3390
5 3390
4 3390
3 3390
2 3390
1 3390
60 3372
0 3409
84 3367
83 3404
24 3404
31 3400
5 3400
4 3400
3 3400
2 3400
1 3400
42 3411
0 3412
0 3414
38 3352
19 3352
20 3352
21 3352
22 3352
23 3352
24 3352
0 3417
30 3418
82 3372
24 3372
0 3422
66 3419
4 3419
3 3419
2 3419
1 3419
28 3360
9 3360
8 3360
7 3360
6 3360
5 3360
4 3360
3 3360
2 3360
1 3360
78 3413
21 3413
22 3413
23 3413
24 3413
59 3408
8 3408
7 3408
6 3408
5 3408
4 3408
3 3408
2 3408
1 3408
89 3395
17 3395
18 3395
19 3395
20 3395
21 3395
22 3395
23 3395
24 3395
0 3425
0 3428
79 3394
1 3394
68 3427
7 3427
6 3427
5 3427
4 3427
3 3427
2 3427
1 3427
65 3423
37 3337
0 3430
50 3401
1 3401
0 3434
34 3426
15 3426
16 3426
17 3426
18 3426
19 3426
20 3426
21 3426
22 3426
23 3426
24 3426
74 3423
5 3423
4 3423
3 3423
2 3423
1 3423
0 3436
85 3435
15 3435
16 3435
17 3435
18 3435
19 3435
20 3435
21 3435
22 3435
23 3435
24 3435
51 3439
20 3439
21 3439
22 3439
23 3439
24 3439
52 3429
6 3429
5 3429
4 3429
3 3429
2 3429
1 3429
0 3442
62 3443
83 3443
5 3443
4 3443
3 3443
2 3443
1 3443
94 3410
15 3410
16 3410
17 3410
18 3410
19 3410
20 3410
21 3410
22 3410
23 3410
24 3410
27 3411
14 3411
15 3411
16 3411
17 3411
18 3411
19 3411
20 3411
21 3411
22 3411
23 3411
24 3411
0 3444
0 3447
82 3431
4 3431
3 3431
2 3431
1 3431
0 3451
40 3440
19 3440
20 3440
21 3440
22 3440
23 3440
24 3440
0 3452
26 3424
10 3424
9 3424
8 3424
7 3424
6 3424
5 3424
4 3424
3 3424
2 3424
1 3424
0 3455
75 3432
19 3432
20 3432
21 3432
22 3432
23 3432
24 3432
0 3459
80 3453
21 3453
22 3453
23 3453
24 3453
90 3448
24 3448
0 3462
63 3463
3 3463
2 3463
1 3463
36 3449
18 3449
19 3449
20 3449
21 3449
22 3449
23 3449
24 3449
53 3457
23 3457
24 3457
49 3461
9 3461
8 3461
7 3461
6 3461
5 3461
4 3461
3 3461
2 3461
1 3461
0 3464
32 3420
23 3420
24 3420
41 3454
11 3454
10 3454
9 3454
8 3454
7 3454
6 3454
5 3454
4 3454
3 3454
2 3454
1 3454
70 3433
13 3433
14 3433
15 3433
16 3433
17 3433
18 3433
19 3433
20 3433
21 3433
22 3433
23 3433
24 3433
91 3446
0 3469
44 3465
1 3465
77 3421
21 3421
22 3421
23 3421
24 3421
56 3456
17 3456
18 3456
19 3456
20 3456
21 3456
22 3456
23 3456
24 3456
33 3415
16 3415
17 3415
18 3415
19 3415
20 3415
21 3415
22 3415
23 3415
24 3415
76 3405
9 3405
8 3405
7 3405
6 3405
5 3405
4 3405
3 3405
2 3405
1 3405
67 3406
23 3406
24 3406
0 3471
92 3467
14 3467
15 3467
16 3467
17 3467
18 3467
19 3467
20 3467
21 3467
22 3467
23 3467
24 3467
73 3458
12 3458
11 3458
10 3458
9 3458
8 3458
7 3458
6 3458
5 3458
4 3458
3 3458
2 3458
1 3458
0 3472
69 3437
3 3437
2 3437
1 3437
61 3474
5 3474
4 3474
3 3474
2 3474
1 3474
0 3475
55 3476
2 3476
1 3476
81 3473
14 3473
15 3473
16 3473
17 3473
18 3473
19 3473
20 3473
21 3473
22 3473
23 3473
24 3473
72 3477
0 3478
46 3418
23 3418
24 3418
31 3480
17 3480
18 3480
19 3480
20 3480
21 3480
22 3480
23 3480
24 3480
54 3386
11 3386
10 3386
9 3386
8 3386
7 3386
6 3386
5 3386
4 3386
3 3386
2 3386
1 3386
0 3481
35 3479
1 3479
0 3482
57 3445
17 3445
18 3445
19 3445
20 3445
21 3445
22 3445
23 3445
24 3445
0 3483
86 3446
5 3446
4 3446
3 3446
2 3446
1 3446
0 3485
43 3484
2 3484
1 3484
0 3488
39 3470
0 3493
43 3470
3 3470
2 3470
1 3470
64 3491
5 3491
4 3491
3 3491
2 3491
1 3491
0 3494
89 3489
5 3489
4 3489
3 3489
2 3489
1 3489
0 3496
83 3498
15 3498
16 3498
17 3498
18 3498
19 3498
20 3498
21 3498
22 3498
23 3498
24 3498
0 3499
81 3477
19 3477
20 3477
21 3477
22 3477
23 3477
24 3477
28 3460
23 3460
24 3460
0 3502
29 3490
8 3490
7 3490
6 3490
5 3490
4 3490
3 3490
2 3490
1 3490
79 3497
15 3497
16 3497
17 3497
18 3497
19 3497
20 3497
21 3497
22 3497
23 3497
24 3497
87 3450
1 3450
0 3505
0 3507
74 3468
19 3468
20 3468
21 3468
22 3468
23 3468
24 3468
0 3508
0 3510
86 3512
10 3512
9 3512
8 3512
7 3512
6 3512
5 3512
4 3512
3 3512
2 3512
1 3512
45 3506
0 3515
25 3511
1 3511
47 3486
0 3517
71 3492
2 3492
1 3492
84 3509
20 3509
21 3509
22 3509
23 3509
24 3509
51 3514
10 3514
9 3514
8 3514
7 3514
6 3514
5 3514
4 3514
3 3514
2 3514
1 3514
0 3518
48 3416
19 3416
20 3416
21 3416
22 3416
23 3416
24 3416
0 3521
88 3466
2 3466
1 3466
0 3523
55 3526
12 3526
11 3526
10 3526
9 3526
8 3526
7 3526
6 3526
5 3526
4 3526
3 3526
2 3526
1 3526
65 3520
0 3527
94 3501
6 3501
5 3501
4 3501
3 3501
2 3501
1 3501
32 3519
10 3519
9 3519
8 3519
7 3519
6 3519
5 3519
4 3519
3 3519
2 3519
1 3519
0 3529
66 3528
24 3528
38 3500
15 3500
16 3500
17 3500
18 3500
19 3500
20 3500
21 3500
22 3500
23 3500
24 3500
36 3531
6 3531
5 3531
4 3531
3 3531
2 3531
1 3531
74 3520
23 3520
24 3520
0 3532
91 3533
14 3533
15 3533
16 3533
17 3533
18 3533
19 3533
20 3533
21 3533
22 3533
23 3533
24 3533
59 3534
33 3534
3 3534
2 3534
1 3534
58 3525
13 3525
14 3525
15 3525
16 3525
17 3525
18 3525
19 3525
20 3525
21 3525
22 3525
23 3525
24 3525
34 3504
9 3504
8 3504
7 3504
6 3504
5 3504
4 3504
3 3504
2 3504
1 3504
0 3535
44 3530
14 3530
15 3530
16 3530
17 3530
18 3530
19 3530
20 3530
21 3530
22 3530
23 3530
24 3530
0 3537
0 3540
93 3495
16 3495
17 3495
18 3495
19 3495
20 3495
21 3495
22 3495
23 3495
24 3495
0 3544
49 3522
24 3522
37 3513
21 3513
22 3513
23 3513
24 3513
50 3539
22 3539
23 3539
24 3539
40 3545
0 3546
83 3506
24 3506
0 3549
78 3503
19 3503
20 3503
21 3503
22 3503
23 3503
24 3503
68 3538
4 3538
3 3538
2 3538
1 3538
0 3551
42 3524
9 3524
8 3524
7 3524
6 3524
5 3524
4 3524
3 3524
2 3524
1 3524
83 3553
