79 3166 1.03307
33 3167 1.04143
47 3168 1.05568
27 3169 1.05843
85 3170 1.06321
54 3172 1.14735
25 3173 1.16716
40 3174 1.18448
39 3175 1.22589
26 3177 1.29592
45 3178 1.3177
84 3180 1.3682
73 3181 1.38549
94 3182 1.3902
57 3183 1.39976
32 3184 1.41384
81 3185 1.42753
77 3187 1.46029
89 3188 1.46978
56 3190 1.54073
37 3191 1.56193
41 3192 1.56978
46 3194 1.63724
60 3195 1.6964
82 3196 1.702
87 3198 1.74946
29 3199 1.75811
69 3200 1.80912
64 3201 1.8194
59 3203 1.84559
83 3204 1.84877
93 3206 1.94514
34 3207 1.95835
91 3208 2.01178
74 3209 2.01487
66 3210 2.01906
51 3212 2.05804
58 3213 2.0639
68 3214 2.08169
53 3215 2.11531
70 3216 2.12915
62 3218 2.13432
92 3219 2.16445
63 3220 2.17834
90 3221 2.18393
72 3222 2.19247
71 3223 2.20462
75 3225 2.27733
50 3226 2.29325
31 3227 2.31809
43 3228 2.31866
80 3230 2.3355
36 3231 2.35826
55 3232 2.41995
67 3234 2.49973
49 3235 2.52701
88 3237 2.53132
78 3238 2.58305
35 3239 2.58665
76 3240 2.59168
28 3241 2.61376
65 3243 2.69739
30 3244 2.7263
61 3246 2.77069
42 3247 2.80106
44 3248 2.8292
38 3250 2.83308
52 3251 2.86798
48 3253 2.98796
39 3261 3.66817
25 3264 3.87196
64 3268 4.13311
46 3269 4.21693
34 3271 4.25136
60 3272 4.28524
84 3273 4.32206
45 3275 4.41076
50 3277 4.43845
70 3278 4.43999
71 3279 4.51014
55 3283 4.76636
59 3285 4.87554
88 3287 4.95695
83 3288 4.99894
28 3290 5.1068
93 3291 5.12978
68 3293 5.20955
79 3296 5.42123
77 3298 5.48317
32 3300 5.54687
36 3301 5.56818
75 3302 5.61647
30 3304 5.66044
87 3305 5.66566
40 3306 5.68118
85 3308 5.77563
54 3309 5.81035
82 3310 5.81168
58 3311 5.8283
51 3313 5.84228
33 3314 5.85168
57 3315 5.86058
76 3317 5.97091
27 3320 6.13112
63 3321 6.21066
86 3323 6.27719
26 3324 6.29944
41 3325 6.31418
67 3327 6.39491
94 3329 6.49622
81 3330 6.52154
90 3332 6.54626
91 3333 6.55534
80 3334 6.57141
74 3336 6.7123
37 3337 6.71906
89 3339 6.73486
92 3340 6.76417
62 3342 6.85959
31 3344 6.98202
70 3345 6.99364
65 3347 7.12712
52 3348 7.12963
78 3351 7.2553
38 3352 7.29444
69 3354 7.42173
56 3356 7.42999
47 3357 7.49511
44 3358 7.51628
71 3360 7.53938
48 3361 7.56481
61 3362 7.59463
73 3364 7.66197
55 3366 7.73364
84 3367 7.7356
49 3368 7.77153
29 3370 7.86965
45 3371 7.89252
60 3372 7.92534
35 3374 7.94479
93 3376 8.04491
53 3377 8.09323
86 3380 8.28284
25 3381 8.32059
72 3383 8.35018
54 3386 8.62988
43 3388 8.63818
88 3390 8.78487
87 3391 8.80132
79 3394 8.97188
89 3395 9.02522
64 3397 9.07617
58 3399 9.13005
31 3400 9.15232
50 3401 9.20851
83 3404 9.35038
76 3405 9.42077
67 3406 9.42784
59 3408 9.50492
94 3410 9.56768
42 3411 9.601
78 3413 9.68044
33 3415 9.81295
48 3416 9.81948
30 3418 9.83237
66 3419 9.83489
32 3420 9.87398
77 3421 9.87554
65 3423 10.0036
26 3424 10.0058
34 3426 10.0495
68 3427 10.1027
52 3429 10.2166
82 3431 10.2365
75 3432 10.2509
70 3433 10.2928
85 3435 10.3954
69 3437 10.4411
51 3439 10.5405
40 3440 10.6014
62 3443 10.7661
57 3445 10.8884
91 3446 10.9114
90 3448 10.998
36 3449 11.0088
87 3450 11.0282
80 3453 11.1585
41 3454 11.1913
56 3456 11.2849
53 3457 11.3135
73 3458 11.3288
28 3460 11.3829
49 3461 11.4146
63 3463 11.4648
44 3465 11.5409
88 3466 11.5767
92 3467 11.5794
74 3468 11.6272
39 3470 11.6656
81 3473 11.8313
61 3474 11.9289
55 3476 11.9313
72 3477 11.9665
35 3479 12.0586
31 3480 12.1226
43 3484 12.3768
47 3486 12.4563
30 3487 12.492
89 3489 12.5401
29 3490 12.5687
64 3491 12.5783
71 3492 12.6123
93 3495 12.7454
79 3497 12.8942
83 3498 12.8944
38 3500 12.9534
94 3501 12.9609
78 3503 13.0312
34 3504 13.1205
45 3506 13.2179
84 3509 13.416
25 3511 13.4415
86 3512 13.4511
37 3513 13.4795
51 3514 13.5242
60 3516 13.5386
32 3519 13.7773
65 3520 13.8287
49 3522 13.8755
42 3524 13.9671
58 3525 14.0112
55 3526 14.0236
66 3528 14.0309
44 3530 14.2204
36 3531 14.2268
91 3533 14.245
59 3534 14.2711
62 3536 14.3581
68 3538 14.4627
50 3539 14.4864
27 3541 14.5303
80 3542 14.5721
67 3543 14.5857
40 3545 14.7034
90 3547 14.7795
70 3548 14.8023
46 3550 14.9035
75 3552 14.9756
83 3553 14.9831
