48 287
62 287
34 288
29 288
33 288
43 288
52 288
50 289
49 289
64 290
39 290
91 290
25 291
28 291
44 291
53 292
60 291
94 288
79 288
86 289
39 289
87 296
38 296
47 296
80 296
70 286
77 286
63 298
80 299
88 297
42 300
30 300
51 300
59 302
90 304
45 304
72 304
55 296
37 296
35 303
87 299
55 299
27 305
79 305
57 288
94 305
57 305
68 303
46 290
73 300
43 305
91 289
28 308
67 298
94 310
57 310
55 311
91 312
76 294
32 315
36 315
93 318
70 318
31 306
80 311
26 317
93 317
74 318
72 321
85 297
42 297
88 300
61 316
78 313
85 300
36 320
84 288
64 289
34 294
62 301
86 290
48 302
62 302
65 287
46 289
65 289
62 289
50 290
65 290
62 290
64 324
91 324
86 324
50 324
46 324
65 324
62 324
48 289
39 312
64 312
86 312
50 312
46 312
65 312
62 312
48 312
27 288
52 310
27 310
57 323
27 323
52 323
94 323
43 310
59 305
74 322
40 288
80 325
42 326
88 326
48 305
59 288
50 327
46 327
65 327
63 316
94 328
52 328
27 328
91 331
58 293
75 286
70 317
75 317
77 318
68 332
64 331
86 331
69 295
92 307
50 331
82 303
93 322
57 328
70 322
93 339
70 339
81 304
90 321
81 321
39 342
64 342
72 330
90 330
36 333
67 315
63 337
78 316
61 313
35 332
94 343
52 343
80 340
55 325
64 344
87 311
42 341
88 336
86 344
68 347
41 296
61 296
37 299
41 299
54 288
76 288
33 305
54 305
76 305
34 334
33 334
54 334
76 334
78 296
61 299
72 351
80 354
37 354
69 348
58 295
50 345
93 349
74 339
26 318
35 347
55 359
31 329
35 360
80 359
87 362
55 362
81 330
82 332
68 360
32 320
36 350
32 350
67 355
68 364
80 362
63 296
61 357
41 354
37 359
85 326
69 366
39 358
55 369
80 369
93 370
88 356
62 327
48 288
62 288
40 305
94 361
59 328
48 328
57 343
26 370
64 353
76 363
84 294
60 309
