31 224 0 100 0.5 1.57364 2.07364
28 214 0 100 1.5 1.17613 2.67613
45 217 0 100 1.5 1.35158 2.85158
47 235 0 100 0.9 2.15849 3.05849
71 219 0 100 1.8 1.45047 3.25047
74 236 0 100 1.8 2.17623 3.97623
76 239 0 100 1.8 2.23779 4.03779
80 245 0 100 1.7 2.56821 4.26821
38 240 0 100 2.6 2.27776 4.87776
77 232 0 100 3.1 1.80691 4.90691
42 221 0 100 4.2 1.50127 5.70127
59 225 0 100 4.4 1.58655 5.98655
72 249 0 100 1.9 4.52802 6.42802
55 226 0 100 5.2 1.59685 6.79685
69 243 0 100 4.4 2.53749 6.93749
36 231 0 100 5.3 1.77044 7.07044
69 260 0 100 0.6 6.49705 7.09705
79 259 0 100 0.9 6.38923 7.28923
28 247 0 100 3.6 4.27584 7.87584
33 213 0 100 6.8 1.1572 7.9572
49 244 0 100 5.4 2.55897 7.95897
49 262 0 100 1.1 6.89006 7.99006
46 252 0 100 3.3 5.61085 8.91085
82 216 0 100 8 1.25953 9.25953
56 218 0 100 7.9 1.44718 9.34718
38 264 0 100 2.9 7.22569 10.1257
27 270 0 100 0.7 9.4305 10.1305
68 222 0 100 9.8 1.54071 11.3407
69 272 0 100 2.4 9.87947 12.2795
67 265 0 100 5.1 7.37855 12.4786
79 233 0 100 10.7 1.97137 12.6714
33 256 0 100 6.9 6.18907 13.0891
57 274 0 100 3.1 10.0876 13.1876
57 223 0 100 11.7 1.56534 13.2653
73 228 0 100 11.9 1.7002 13.6002
71 267 0 100 5.4 8.34724 13.7472
73 269 0 100 4.6 9.23513 13.8351
50 273 0 100 4.2 9.90761 14.1076
50 283 0 100 0.7 13.4371 14.1371
46 234 0 100 12.1 2.1132 14.2132
82 284 0 100 0.3 14.0432 14.3432
56 251 0 100 9.2 5.35829 14.5583
80 250 0 100 9.9 4.85377 14.7538
