63 1042 0 100 0.5 1.26551 1.76551
47 1053 0 100 0.4 1.58321 1.98321
48 1064 0 100 0.6 1.86057 2.46057
60 1038 0 100 1.6 1.05965 2.65965
71 1074 0 100 0.5 2.19812 2.69812
39 1052 0 100 1.2 1.55997 2.75997
65 1077 0 100 0.5 2.54269 3.04269
77 1069 0 100 1.5 2.0516 3.5516
84 1055 0 100 2.8 1.66274 4.46274
52 1067 0 100 2.5 1.98064 4.48064
40 1037 0 100 3.5 1.05757 4.55757
75 1089 0 100 0.2 4.56005 4.76005
25 1049 0 100 3.5 1.45538 4.95538
43 1048 0 100 4.2 1.44168 5.64168
82 1090 0 100 1.5 4.58644 6.08644
42 1073 0 100 4.2 2.18282 6.38282
73 1076 0 100 3.9 2.49204 6.39204
68 1062 0 100 4.7 1.83052 6.53052
93 1068 0 100 4.5 2.03091 6.53091
83 1088 0 100 2 4.5573 6.5573
61 1054 0 100 5.1 1.59097 6.69097
63 1086 0 100 2.9 4.05168 6.95168
67 1059 0 100 5.6 1.76967 7.36967
33 1082 0 100 4.2 3.34124 7.54124
45 1061 0 100 5.8 1.79733 7.59733
33 1044 0 100 6.4 1.31322 7.71322
87 1106 0 100 0.6 7.1428 7.7428
78 1094 0 100 3.2 5.00174 8.20174
86 1046 0 100 6.9 1.40551 8.30551
86 1097 0 100 2.4 5.92462 8.32462
26 1075 0 100 6.3 2.29382 8.59382
77 1099 0 100 2.6 6.29545 8.89545
66 1079 0 100 6.3 2.81119 9.11119
69 1071 0 100 7.5 2.10612 9.60612
76 1096 0 100 3.7 5.92245 9.62245
76 1051 0 100 8.2 1.48968 9.68968
69 1102 0 100 3.3 6.45163 9.75163
40 1085 0 100 5.9 3.92676 9.82676
46 1091 0 100 5.1 4.82427 9.92427
46 1117 0 100 0.4 9.53749 9.93749
31 1100 0 100 3.7 6.32111 10.0211
31 1047 0 100 8.8 1.43848 10.2385
82 1109 0 100 3.2 8.15168 11.3517
53 1118 0 100 2.3 9.61202 11.912
54 1081 0 100 9.2 2.83436 12.0344
74 1056 0 100 10.4 1.66945 12.0694
63 1110 0 100 3.8 8.2912 12.0912
88 1078 0 100 9.5 2.64785 12.1478
35 1070 0 100 10.3 2.05858 12.3586
55 1045 0 100 11 1.36548 12.3655
67 1093 0 100 7.5 4.91793 12.4179
49 1114 0 100 3.3 9.1742 12.4742
28 1137 0 100 0.1 12.7673 12.8673
62 1120 0 100 2.8 10.0951 12.8951
48 1130 0 100 1 11.9563 12.9563
71 1095 0 100 8.2 5.07675 13.2768
56 1103 0 100 6.8 6.55338 13.3534
39 1126 0 100 2.1 11.3062 13.4062
91 1129 0 100 1.7 11.9445 13.6445
26 1136 0 100 1.4 12.444 13.844
92 1080 0 100 11.6 2.81805 14.4181
59 1108 0 100 6.8 7.80958 14.6096
51 1063 0 100 13 1.85186 14.8519
40 1124 0 100 4.3 10.6111 14.9111
51 1134 0 100 2.6 12.3124 14.9124
40 1146 0 100 1.16701e-08 14.9602 14.9602
