45 1427 0 100 0.4 1.00102 1.40102
121 1428 0 100 1 1.0254 2.0254
108 1447 0 100 1 1.57539 2.57539
70 1473 0 100 0.4 2.18903 2.58903
43 1454 0 100 1 1.67724 2.67724
48 1448 0 100 1.3 1.57635 2.87635
84 1476 0 100 0.7 2.27174 2.97174
116 1432 0 100 2 1.10689 3.10689
110 1444 0 100 2 1.46874 3.46874
75 1474 0 100 1.3 2.23447 3.53447
81 1485 0 100 1.1 2.48187 3.58187
106 1475 0 100 1.4 2.24347 3.64347
54 1442 0 100 2.7 1.36226 4.06226
26 1434 0 100 3 1.15927 4.15927
41 1431 0 100 3.1 1.1002 4.2002
55 1489 0 100 1.6 2.64242 4.24242
80 1460 0 100 2.5 1.82957 4.32957
111 1477 0 100 2.1 2.27313 4.37313
58 1467 0 100 3.5 1.91502 5.41502
124 1480 0 100 3.1 2.36124 5.46124
85 1439 0 100 4.4 1.24874 5.64874
78 1468 0 100 4.1 1.96897 6.06897
115 1522 0 100 2.33402e-08 6.08219 6.08219
118 1513 0 100 0.9 5.41315 6.31315
118 1446 0 100 4.8 1.57289 6.37289
122 1501 0 100 1.9 4.59684 6.49684
79 1466 0 100 4.6 1.91443 6.51443
77 1451 0 100 4.9 1.62872 6.52872
97 1479 0 100 4.2 2.34457 6.54457
113 1490 0 100 3.9 2.70202 6.60202
122 1458 0 100 4.8 1.81112 6.61112
38 1518 0 100 1 5.82336 6.82336
112 1492 0 100 4.2 2.73668 6.93668
56 1440 0 100 5.7 1.25738 6.95738
88 1486 0 100 4.7 2.52373 7.22373
121 1497 0 100 3 4.236 7.236
74 1505 0 100 2.6 4.68499 7.28499
88 1508 0 100 2.2 5.11067 7.31067
52 1429 0 100 6.5 1.04626 7.54626
108 1514 0 100 2.3 5.51182 7.81182
36 1478 0 100 5.5 2.33861 7.83861
49 1441 0 100 6.6 1.25865 7.85865
105 1523 0 100 1.3 6.57833 7.87833
52 1496 0 100 4.8 3.13179 7.93179
72 1464 0 100 6.1 1.87891 7.97891
105 1494 0 100 5.2 2.81777 8.01777
84 1512 0 100 2.9 5.22569 8.12569
48 1532 0 100 0.1 8.03961 8.13961
59 1433 0 100 7.1 1.12185 8.22185
100 1450 0 100 6.6 1.62585 8.22585
102 1521 0 100 2.2 6.03078 8.23079
109 1495 0 100 5.4 2.88478 8.28478
109 1529 0 100 1.2 7.20964 8.40964
94 1506 0 100 3.7 4.7724 8.4724
100 1503 0 100 4 4.6383 8.6383
81 1524 0 100 2.2 6.75798 8.95798
92 1515 0 100 4.1 5.51844 9.61844
103 1516 0 100 4.2 5.58904 9.78904
63 1484 0 100 7.6 2.4799 10.0799
51 1520 0 100 4.3 5.88884 10.1888
27 1552 0 100 0.3 10.4172 10.7172
39 1436 0 100 9.7 1.20482 10.9048
53 1500 0 100 6.7 4.43615 11.1361
66 1504 0 100 6.5 4.64167 11.1417
65 1456 0 100 9.5 1.76177 11.2618
115 1493 0 100 8.7 2.79868 11.4987
68 1543 0 100 1.9 9.64519 11.5452
29 1531 0 100 3.7 8.01789 11.7179
122 1540 0 100 2.2 9.5482 11.7482
93 1533 0 100 3.8 8.1061 11.9061
29 1462 0 100 10.1 1.87126 11.9713
93 1562 0 100 2.33402e-08 11.9959 11.9959
28 1435 0 100 11 1.2007 12.2007
56 1542 0 100 2.7 9.63455 12.3345
74 1538 0 100 3.8 8.72578 12.5258
121 1530 0 100 4.6 7.96979 12.5698
43 1549 0 100 2.8 10.1924 12.9924
70 1548 0 100 2.9 10.177 13.077
72 1570 0 100 0.3 12.9737 13.2737
120 1557 0 100 2.7 10.7201 13.4201
69 1572 0 100 0.3 13.1361 13.4361
102 1430 0 100 12.7 1.09213 13.7921
30 1556 0 100 3.2 10.6664 13.8664
116 1499 0 100 9.7 4.40069 14.1007
37 1437 0 100 13.1 1.2061 14.3061
37 1519 0 100 8.6 5.85576 14.4558
92 1481 0 100 12.2 2.41825 14.6183
54 1567 0 100 2 12.6603 14.6603
26 1554 0 100 4.2 10.4842 14.6842
47 1558 0 100 3.9 10.8159 14.7159
41 1510 0 100 9.7 5.12666 14.8267
26 1517 0 100 9.1 5.76088 14.8609
