49 791 1.05523
42 792 1.0724
57 793 1.1248
59 794 1.14586
31 795 1.23893
28 796 1.281
63 797 1.35027
60 798 1.35462
29 799 1.37968
32 800 1.38189
34 801 1.41014
35 802 1.49786
36 803 1.60196
41 804 1.63181
51 805 1.64742
62 806 1.74328
61 807 1.79172
56 808 1.83025
26 809 1.92535
30 810 1.93459
38 811 2.06835
64 812 2.17185
55 813 2.17214
27 814 2.42776
39 815 2.43546
58 816 2.51163
33 817 2.5425
37 818 2.77864
25 819 2.83584
53 820 2.92616
61 821 3.99133
34 822 4.15039
29 823 4.46259
32 824 4.50098
60 825 4.5076
25 826 4.97179
30 827 5.07274
57 828 5.35113
38 829 5.37697
29 830 6.61072
42 831 6.65895
36 832 6.79481
58 833 7.28748
27 834 7.42853
32 835 8.1436
63 836 8.27938
34 837 8.92976
38 838 9.11357
61 839 9.61077
26 840 9.86701
58 841 11.0657
64 842 11.0694
38 843 11.2236
29 844 11.7775
30 845 11.9618
26 846 13.5658
43 847 13.9528
25 848 14.1061
