43 4452 1.02584
84 4453 1.03776
77 4454 1.06927
40 4455 1.09044
93 4456 1.09706
48 4457 1.10437
52 4458 1.10939
57 4460 1.12762
106 4461 1.1485
35 4462 1.1657
82 4463 1.17654
94 4465 1.22146
118 4466 1.24958
37 4467 1.26949
71 4468 1.2906
101 4470 1.33445
80 4471 1.34356
60 4472 1.38945
46 4473 1.40349
100 4474 1.41451
53 4476 1.42267
30 4477 1.42469
116 4478 1.49755
76 4479 1.51083
47 4481 1.54564
68 4482 1.54767
89 4483 1.56112
31 4484 1.56855
83 4485 1.59012
88 4487 1.64565
27 4488 1.65465
28 4489 1.66439
78 4490 1.66569
104 4491 1.6703
109 4493 1.72984
26 4494 1.74683
102 4495 1.77216
79 4496 1.78315
121 4497 1.79528
86 4498 1.81504
66 4500 1.82828
73 4501 1.89289
34 4502 1.91061
105 4504 1.92496
45 4505 1.95327
65 4506 1.99856
41 4507 2.01455
111 4509 2.02946
29 4510 2.04408
39 4511 2.10196
51 4513 2.11716
59 4514 2.12064
107 4515 2.13182
96 4516 2.16807
98 4517 2.18504
117 4519 2.23354
63 4520 2.29252
38 4522 2.3193
50 4523 2.34228
75 4524 2.35089
113 4525 2.37412
122 4526 2.3942
69 4527 2.40654
70 4528 2.40667
119 4530 2.41853
97 4531 2.44555
115 4532 2.4765
32 4533 2.4825
123 4534 2.4899
36 4536 2.52761
91 4537 2.53255
87 4538 2.55251
99 4539 2.5668
124 4540 2.57117
49 4541 2.61296
62 4543 2.62541
85 4544 2.62845
114 4545 2.64388
42 4546 2.65199
110 4547 2.66863
90 4548 2.68235
103 4549 2.69627
64 4550 2.6978
74 4551 2.70047
56 4553 2.81215
61 4555 2.89004
55 4556 2.90921
25 4558 2.95722
81 4559 2.95977
95 4560 2.98766
58 4561 2.99737
43 4565 3.22636
116 4569 3.57202
57 4572 3.79001
37 4577 4.20937
84 4580 4.32787
121 4581 4.38815
45 4582 4.39335
113 4585 4.57856
78 4587 4.63175
83 4588 4.65441
82 4590 4.76592
49 4592 4.87601
30 4593 4.89839
89 4595 4.92205
27 4596 4.98341
102 4599 5.12103
74 4600 5.2157
29 4602 5.24857
87 4604 5.38481
70 4607 5.57993
59 4609 5.644
98 4610 5.67585
61 4612 5.73015
44 4613 5.7422
101 4614 5.75257
60 4615 5.76555
46 4616 5.76645
77 4617 5.77118
33 4618 5.80383
93 4620 5.87326
51 4622 5.98806
92 4623 5.99088
97 4624 5.99899
91 4626 6.04276
34 4627 6.08777
71 4628 6.09002
118 4629 6.09398
106 4631 6.1755
69 4632 6.18451
96 4634 6.24368
124 4635 6.26098
123 4636 6.27084
39 4637 6.31269
52 4639 6.34116
28 4640 6.34537
81 4641 6.35346
115 4642 6.36487
42 4643 6.37859
26 4644 6.3805
104 4645 6.38523
121 4647 6.43025
48 4649 6.52204
63 4650 6.57167
47 4651 6.57285
113 4652 6.57964
41 4654 6.62999
38 4655 6.67943
79 4656 6.69204
90 4657 6.7155
40 4659 6.72083
80 4660 6.72183
72 4661 6.74652
122 4663 6.86589
67 4664 6.87817
110 4666 6.94036
73 4668 7.01812
55 4669 7.06272
95 4670 7.09969
58 4671 7.10754
112 4673 7.15342
88 4674 7.16163
27 4675 7.19697
114 4676 7.21202
100 4678 7.28284
25 4680 7.36739
120 4681 7.36805
54 4682 7.36914
119 4683 7.39551
103 4685 7.43117
108 4686 7.44118
82 4688 7.52727
30 4689 7.5449
99 4690 7.55521
64 4691 7.56736
49 4692 7.61362
36 4694 7.62316
65 4695 7.67857
45 4697 7.74521
66 4698 7.76215
116 4699 7.81568
62 4701 7.84856
32 4702 7.86213
57 4704 8.01488
86 4706 8.01762
33 4708 8.2129
34 4710 8.25645
102 4711 8.3058
84 4713 8.34226
50 4715 8.5091
29 4718 8.62109
78 4719 8.64377
85 4721 8.72511
118 4722 8.75075
109 4725 8.96216
31 4727 9.05575
94 4728 9.07007
83 4730 9.15532
111 4732 9.292
74 4733 9.30978
75 4735 9.36205
115 4736 9.38674
35 4737 9.41444
105 4739 9.41867
67 4741 9.52
63 4742 9.52211
52 4743 9.54409
113 4744 9.587
59 4745 9.58776
91 4746 9.58854
68 4747 9.613
101 4749 9.64332
124 4750 9.67028
51 4752 9.76789
81 4753 9.80382
108 4755 9.83273
87 4756 9.83659
107 4757 9.8533
98 4758 9.88431
41 4760 9.9535
96 4761 9.97305
40 4763 10.0521
89 4764 10.0987
25 4766 10.1199
72 4767 10.1314
60 4768 10.1865
58 4769 10.1877
92 4770 10.1985
26 4771 10.2036
65 4773 10.2726
46 4774 10.3115
121 4776 10.3978
110 4778 10.4264
79 4779 10.4562
30 4780 10.4583
77 4781 10.5049
82 4783 10.5275
27 4784 10.561
106 4785 10.5624
28 4787 10.6226
97 4788 10.6274
29 4789 10.66
54 4791 10.74
36 4793 10.8208
45 4794 10.823
69 4795 10.8258
71 4796 10.843
53 4797 10.8578
48 4798 10.8636
93 4799 10.8697
55 4800 10.874
61 4801 10.8838
114 4803 10.9207
86 4804 11.0076
44 4806 11.021
119 4807 11.105
76 4809 11.1318
57 4810 11.1602
122 4811 11.1994
38 4813 11.2352
80 4814 11.2464
116 4815 11.3042
99 4817 11.3743
47 4819 11.4628
73 4821 11.5541
56 4823 11.7064
37 4825 11.7444
33 4826 11.7553
32 4827 11.7649
117 4828 11.7815
112 4829 11.7845
67 4831 11.8565
102 4833 11.9173
90 4834 11.9657
84 4835 11.9684
35 4836 11.9998
83 4838 12.0249
115 4839 12.0618
107 4841 12.1859
65 4843 12.2998
100 4845 12.3968
85 4847 12.4571
123 4848 12.4623
88 4850 12.5453
66 4851 12.5519
81 4853 12.6748
60 4854 12.6992
70 4855 12.7163
92 4857 12.755
101 4858 12.761
105 4859 12.8071
28 4860 12.8075
111 4864 13.0324
34 4865 13.0471
72 4866 13.1079
54 4868 13.2008
98 4870 13.3121
50 4872 13.3802
94 4873 13.4135
108 4875 13.4464
44 4876 13.4726
118 4877 13.4828
27 4878 13.4994
30 4879 13.5055
110 4881 13.5491
51 4882 13.5655
75 4883 13.5669
109 4885 13.6213
78 4886 13.6333
52 4887 13.677
46 4888 13.6793
124 4890 13.7447
91 4891 13.7921
38 4892 13.8
64 4894 13.8432
39 4895 13.8694
48 4897 13.9506
68 4898 13.9531
41 4899 13.9988
59 4901 14.0355
43 4902 14.051
31 4903 14.051
49 4904 14.0747
32 4906 14.1344
35 4907 14.1491
83 4908 14.169
113 4909 14.1948
25 4911 14.2199
45 4912 14.2444
36 4913 14.3026
63 4914 14.3111
114 4915 14.3149
37 4918 14.4406
87 4919 14.4656
93 4920 14.4668
55 4921 14.5019
42 4923 14.5876
80 4924 14.6
122 4927 14.7849
89 4930 14.9468
58 4931 14.9735
