0 2239
0 2240
0 2241
0 2242
0 2243
0 2244
0 2245
0 2246
0 2247
0 2248
0 2250
49 2251
18 2251
19 2251
20 2251
21 2251
22 2251
23 2251
24 2251
31 2249
15 2249
16 2249
17 2249
18 2249
19 2249
20 2249
21 2249
22 2249
23 2249
24 2249
47 2252
8 2252
7 2252
6 2252
5 2252
4 2252
3 2252
2 2252
1 2252
0 2254
62 2253
24 2253
0 2255
56 2256
32 2257
16 2257
17 2257
18 2257
19 2257
20 2257
21 2257
22 2257
23 2257
24 2257
58 2258
0 2260
45 2262
9 2262
8 2262
7 2262
6 2262
5 2262
4 2262
3 2262
2 2262
1 2262
44 2263
0 2266
0 2269
57 2261
5 2261
4 2261
3 2261
2 2261
1 2261
0 2272
46 2275
62 2275
2 2275
1 2275
0 2276
63 2268
0 2278
34 2256
6 2256
5 2256
4 2256
3 2256
2 2256
1 2256
55 2279
24 2279
50 2268
4 2268
3 2268
2 2268
1 2268
53 2277
14 2277
15 2277
16 2277
17 2277
18 2277
19 2277
20 2277
21 2277
22 2277
23 2277
24 2277
48 2273
0 2281
0 2284
61 2259
18 2259
19 2259
20 2259
21 2259
22 2259
23 2259
24 2259
0 2285
0 2289
40 2282
0 2291
43 2287
23 2287
24 2287
35 2288
27 2290
21 2290
22 2290
23 2290
24 2290
0 2293
33 2292
23 2292
24 2292
42 2294
23 2294
24 2294
0 2297
60 2270
15 2270
16 2270
17 2270
18 2270
19 2270
20 2270
21 2270
22 2270
23 2270
24 2270
50 2298
7 2298
6 2298
5 2298
4 2298
3 2298
2 2298
1 2298
54 2300
16 2300
17 2300
18 2300
19 2300
20 2300
21 2300
22 2300
23 2300
24 2300
0 2302
26 2303
39 2299
4 2299
3 2299
2 2299
1 2299
0 2304
30 2264
0 2305
29 2286
0 2306
53 2264
19 2264
20 2264
21 2264
22 2264
23 2264
24 2264
64 2296
53 2296
19 2296
20 2296
21 2296
22 2296
23 2296
24 2296
0 2307
62 2303
8 2303
7 2303
6 2303
5 2303
4 2303
3 2303
2 2303
1 2303
0 2308
28 2280
11 2280
10 2280
9 2280
8 2280
7 2280
6 2280
5 2280
4 2280
3 2280
2 2280
1 2280
0 2309
0 2310
36 2271
3 2271
2 2271
1 2271
0 2311
62 2312
10 2312
9 2312
8 2312
7 2312
6 2312
5 2312
4 2312
3 2312
2 2312
1 2312
0 2313
0 2314
0 2316
59 2283
18 2283
19 2283
20 2283
21 2283
22 2283
23 2283
24 2283
38 2273
1 2273
44 2286
13 2286
14 2286
15 2286
16 2286
17 2286
18 2286
19 2286
20 2286
21 2286
22 2286
23 2286
24 2286
49 2288
8 2288
7 2288
6 2288
5 2288
4 2288
3 2288
2 2288
1 2288
25 2265
38 2265
3 2265
2 2265
1 2265
0 2323
52 2258
0 2324
30 2258
55 2282
11 2282
10 2282
9 2282
8 2282
7 2282
6 2282
5 2282
4 2282
3 2282
2 2282
1 2282
0 2327
47 2328
0 2329
48 2325
4 2325
3 2325
2 2325
1 2325
54 2328
53 2326
52 2326
1 2326
0 2330
0 2331
40 2332
13 2332
14 2332
15 2332
16 2332
17 2332
18 2332
19 2332
20 2332
21 2332
22 2332
23 2332
24 2332
51 2267
53 2267
63 2334
18 2334
19 2334
20 2334
21 2334
22 2334
23 2334
24 2334
37 2301
23 2301
24 2301
52 2267
3 2267
2 2267
1 2267
61 2338
42 2340
10 2340
9 2340
8 2340
7 2340
6 2340
5 2340
4 2340
3 2340
2 2340
1 2340
38 2338
7 2338
6 2338
5 2338
4 2338
3 2338
2 2338
1 2338
46 2339
43 2342
11 2342
10 2342
9 2342
8 2342
7 2342
6 2342
5 2342
4 2342
3 2342
2 2342
1 2342
0 2343
32 2337
10 2337
9 2337
8 2337
7 2337
6 2337
5 2337
4 2337
3 2337
2 2337
1 2337
41 2295
7 2295
6 2295
5 2295
4 2295
3 2295
2 2295
1 2295
49 2344
13 2344
14 2344
15 2344
16 2344
17 2344
18 2344
19 2344
20 2344
21 2344
22 2344
23 2344
24 2344
0 2345
34 2318
22 2318
23 2318
24 2318
44 2339
19 2339
20 2339
21 2339
22 2339
23 2339
24 2339
0 2346
31 2322
11 2322
10 2322
9 2322
8 2322
7 2322
6 2322
5 2322
4 2322
3 2322
2 2322
1 2322
0 2347
0 2348
0 2351
45 2352
5 2352
4 2352
3 2352
2 2352
1 2352
0 2353
58 2354
6 2354
5 2354
4 2354
3 2354
2 2354
1 2354
30 2355
7 2355
6 2355
5 2355
4 2355
3 2355
2 2355
1 2355
0 2356
35 2349
16 2349
17 2349
18 2349
19 2349
20 2349
21 2349
22 2349
23 2349
24 2349
0 2359
0 2361
57 2362
2 2362
1 2362
39 2357
20 2357
21 2357
22 2357
23 2357
24 2357
36 2350
43 2350
0 2363
56 2315
1 2315
0 2364
0 2366
28 2367
1 2367
0 2368
0 2369
38 2360
14 2360
15 2360
16 2360
17 2360
18 2360
19 2360
20 2360
21 2360
22 2360
23 2360
24 2360
0 2370
55 2365
22 2365
23 2365
24 2365
48 2372
14 2372
15 2372
16 2372
17 2372
18 2372
19 2372
20 2372
21 2372
22 2372
23 2372
24 2372
0 2374
26 2375
44 2375
1 2375
29 2358
62 2358
1 2358
50 2335
29 2335
0 2377
62 2335
2 2335
1 2335
0 2379
54 2380
0 2381
0 2382
33 2350
21 2350
22 2350
23 2350
24 2350
0 2383
0 2385
27 2371
20 2371
21 2371
22 2371
23 2371
24 2371
63 2386
6 2386
5 2386
4 2386
3 2386
2 2386
1 2386
0 2387
64 2388
16 2388
17 2388
18 2388
19 2388
20 2388
21 2388
22 2388
23 2388
24 2388
42 2384
23 2384
24 2384
0 2390
60 2378
15 2378
16 2378
17 2378
18 2378
19 2378
20 2378
21 2378
22 2378
23 2378
24 2378
59 2391
12 2391
11 2391
10 2391
9 2391
8 2391
7 2391
6 2391
5 2391
4 2391
3 2391
2 2391
1 2391
0 2392
40 2393
55 2393
2 2393
1 2393
0 2395
52 2373
17 2373
18 2373
19 2373
20 2373
21 2373
22 2373
23 2373
24 2373
0 2396
43 2397
36 2398
0 2399
47 2380
17 2380
18 2380
19 2380
20 2380
21 2380
22 2380
23 2380
24 2380
0 2401
0 2402
0 2404
32 2406
1 2406
0 2407
0 2408
0 2409
41 2394
0 2411
61 2394
58 2412
21 2412
22 2412
23 2412
24 2412
51 2414
64 2414
22 2414
23 2414
24 2414
0 2416
26 2417
0 2419
46 2403
12 2403
11 2403
10 2403
9 2403
8 2403
7 2403
6 2403
5 2403
4 2403
3 2403
2 2403
1 2403
0 2420
31 2405
32 2405
4 2405
3 2405
2 2405
1 2405
25 2410
2 2410
1 2410
48 2423
2 2423
1 2423
0 2424
44 2418
14 2418
15 2418
16 2418
17 2418
18 2418
19 2418
20 2418
21 2418
22 2418
23 2418
24 2418
0 2427
53 2425
0 2428
0 2430
47 2415
0 2432
0 2434
45 2435
0 2436
52 2440
3 2440
2 2440
1 2440
28 2433
20 2433
21 2433
22 2433
23 2433
24 2433
50 2441
19 2441
20 2441
21 2441
22 2441
23 2441
24 2441
0 2444
0 2446
49 2429
14 2429
15 2429
16 2429
17 2429
18 2429
19 2429
20 2429
21 2429
22 2429
23 2429
24 2429
0 2449
42 2450
12 2450
11 2450
10 2450
9 2450
8 2450
7 2450
6 2450
5 2450
4 2450
3 2450
2 2450
1 2450
57 2447
24 2447
60 2415
4 2415
3 2415
2 2415
1 2415
0 2452
36 2451
13 2451
14 2451
15 2451
16 2451
17 2451
18 2451
19 2451
20 2451
21 2451
22 2451
23 2451
24 2451
0 2453
54 2456
5 2456
4 2456
3 2456
2 2456
1 2456
38 2445
0 2457
0 2459
0 2460
33 2461
15 2461
16 2461
17 2461
18 2461
19 2461
20 2461
21 2461
22 2461
23 2461
24 2461
0 2462
29 2463
22 2463
23 2463
24 2463
40 2464
19 2464
20 2464
21 2464
22 2464
23 2464
24 2464
0 2465
0 2467
62 2417
23 2417
24 2417
37 2431
4 2431
3 2431
2 2431
1 2431
43 2448
0 2469
35 2400
18 2400
19 2400
20 2400
21 2400
22 2400
23 2400
24 2400
0 2471
0 2473
0 2474
58 2466
54 2466
10 2466
9 2466
8 2466
7 2466
6 2466
5 2466
4 2466
3 2466
2 2466
1 2466
0 2476
39 2455
23 2455
24 2455
0 2477
46 2478
62 2478
1 2478
0 2481
56 2454
6 2454
5 2454
4 2454
3 2454
2 2454
1 2454
59 2468
37 2468
9 2468
8 2468
7 2468
6 2468
5 2468
4 2468
3 2468
2 2468
1 2468
0 2482
0 2483
34 2426
7 2426
6 2426
5 2426
4 2426
3 2426
2 2426
1 2426
25 2475
0 2484
31 2485
20 2485
21 2485
22 2485
23 2485
24 2485
0 2487
45 2486
14 2486
15 2486
16 2486
17 2486
18 2486
19 2486
20 2486
21 2486
22 2486
23 2486
24 2486
0 2488
61 2475
19 2475
20 2475
21 2475
22 2475
23 2475
24 2475
30 2437
16 2437
17 2437
18 2437
19 2437
20 2437
21 2437
22 2437
23 2437
24 2437
64 2458
16 2458
17 2458
18 2458
19 2458
20 2458
21 2458
22 2458
23 2458
24 2458
0 2489
0 2490
47 2491
15 2491
16 2491
17 2491
18 2491
19 2491
20 2491
21 2491
22 2491
23 2491
24 2491
27 2442
22 2442
23 2442
24 2442
0 2492
0 2494
0 2497
26 2498
42 2448
0 2499
55 2413
4 2413
3 2413
2 2413
1 2413
0 2500
48 2470
22 2470
23 2470
24 2470
32 2495
49 2502
3 2502
2 2502
1 2502
41 2445
48 2445
22 2445
23 2445
24 2445
0 2503
52 2501
51 2496
20 2496
21 2496
22 2496
23 2496
24 2496
41 2505
0 2506
58 2501
54 2501
19 2501
20 2501
21 2501
22 2501
23 2501
24 2501
44 2507
9 2507
8 2507
7 2507
6 2507
5 2507
4 2507
3 2507
2 2507
1 2507
0 2508
60 2510
19 2510
20 2510
21 2510
22 2510
23 2510
24 2510
0 2511
63 2472
12 2472
11 2472
10 2472
9 2472
8 2472
7 2472
6 2472
5 2472
4 2472
3 2472
2 2472
1 2472
0 2513
0 2514
48 2505
0 2515
0 2516
62 2498
12 2498
11 2498
10 2498
9 2498
8 2498
7 2498
6 2498
5 2498
4 2498
3 2498
2 2498
1 2498
53 2519
23 2519
24 2519
37 2512
19 2512
20 2512
21 2512
22 2512
23 2512
24 2512
0 2522
