88 3997 0 100 9.33608e-08 1.00571 1.00571
106 4000 0 100 8.16907e-08 1.05154 1.05154
51 4003 0 100 9.33608e-08 1.10343 1.10343
73 4008 0 100 1.40041e-07 1.19599 1.19599
74 4012 0 100 1.05031e-07 1.26674 1.26674
76 4013 0 100 1.05031e-07 1.27175 1.27175
79 4021 0 100 9.33608e-08 1.3933 1.3933
113 4024 0 100 1.28371e-07 1.45881 1.45881
71 4010 0 100 0.4 1.22253 1.62253
45 4031 0 100 2.33402e-08 1.64408 1.64408
89 4006 0 100 0.5 1.15836 1.65836
36 4018 0 100 0.3 1.36755 1.66755
114 4036 0 100 1.16701e-08 1.68549 1.68549
65 4002 0 100 0.6 1.09073 1.69073
54 4030 0 100 0.1 1.60132 1.70132
101 4007 0 100 0.7 1.17826 1.87826
70 4045 0 100 0.1 1.82689 1.92689
31 4050 0 100 8.16907e-08 1.94145 1.94145
78 4053 0 100 9.33608e-08 1.97212 1.97212
43 4026 0 100 0.5 1.49067 1.99067
81 4049 0 100 0.1 1.91455 2.01455
44 4059 0 100 2.33402e-08 2.05501 2.05501
112 4034 0 100 0.4 1.68013 2.08013
30 4048 0 100 0.2 1.88282 2.08282
86 4043 0 100 0.3 1.81311 2.11311
34 4063 0 100 5.83505e-08 2.13546 2.13546
52 4028 0 100 0.6 1.55958 2.15958
83 4060 0 100 0.1 2.06322 2.16322
94 4065 0 100 1.05031e-07 2.24803 2.24803
37 4020 0 100 0.9 1.37743 2.27743
49 4022 0 100 0.9 1.42118 2.32118
87 3998 0 100 1.3 1.02468 2.32468
109 4070 0 100 1.16701e-08 2.32989 2.32989
47 4073 0 100 1.16701e-08 2.35148 2.35148
66 4009 0 100 1.2 1.20821 2.40821
102 4015 0 100 1.2 1.33045 2.53045
95 4084 0 100 7.00206e-08 2.5645 2.5645
26 4040 0 100 0.8 1.79283 2.59283
40 4056 0 100 0.6 2.00521 2.60521
56 4087 0 100 1.28371e-07 2.61445 2.61445
57 4061 0 100 0.5 2.11841 2.61841
61 4019 0 100 1.3 1.37021 2.67021
98 4044 0 100 1 1.81966 2.81966
82 4093 0 100 4.66804e-08 2.82557 2.82557
59 4077 0 100 0.4 2.44851 2.84851
38 4029 0 100 1.3 1.56012 2.86012
103 4095 0 100 4.66804e-08 2.90757 2.90757
62 4042 0 100 1.1 1.81169 2.91169
68 4057 0 100 0.9 2.03991 2.93991
42 4025 0 100 1.5 1.46472 2.96472
27 4088 0 100 0.4 2.62054 3.02054
28 4047 0 100 1.2 1.85374 3.05374
72 4033 0 100 1.4 1.67656 3.07656
33 4004 0 100 2 1.11274 3.11274
85 4037 0 100 1.4 1.72166 3.12166
35 4001 0 100 2.1 1.07435 3.17435
111 4074 0 100 1 2.36897 3.36897
50 4055 0 100 1.4 1.98968 3.38968
69 4079 0 100 1 2.48516 3.48516
67 4014 0 100 2.2 1.28879 3.48879
84 4076 0 100 1.1 2.4212 3.5212
58 4096 0 100 0.6 2.93326 3.53326
65 4107 0 100 1.40041e-07 3.65047 3.65047
32 4089 0 100 1.1 2.64595 3.74595
41 4052 0 100 1.8 1.96814 3.76814
108 4099 0 100 0.8 2.9788 3.7788
93 4086 0 100 1.2 2.60531 3.80531
107 4081 0 100 1.4 2.52928 3.92928
46 4035 0 100 2.7 1.68327 4.38327
45 4118 0 100 0.2 4.37463 4.57463
91 4041 0 100 2.8 1.79855 4.59855
64 4092 0 100 1.8 2.80244 4.60245
101 4121 0 100 0.1 4.56433 4.66433
83 4122 0 100 0.1 4.61009 4.71009
100 4038 0 100 3 1.74253 4.74253
52 4127 0 100 8.16907e-08 4.75716 4.75716
80 4068 0 100 2.5 2.30637 4.80637
55 4083 0 100 2.3 2.56313 4.86313
110 4085 0 100 2.3 2.57128 4.87128
105 4054 0 100 2.9 1.98145 4.88145
81 4113 0 100 0.8 4.08794 4.88794
37 4130 0 100 1.16701e-07 4.91286 4.91286
96 4069 0 100 2.6 2.32047 4.92047
73 4129 0 100 0.1 4.90841 5.00841
38 4133 0 100 9.33608e-08 5.03403 5.03403
102 4132 0 100 0.1 5.0028 5.1028
47 4140 0 100 1.51711e-07 5.12148 5.12148
44 4134 0 100 0.1 5.04994 5.14994
31 4137 0 100 0.1 5.07723 5.17723
113 4144 0 100 5.83505e-08 5.27912 5.27912
36 4146 0 100 0.1 5.28917 5.38917
43 4151 0 100 9.33608e-08 5.40241 5.40241
97 4017 0 100 4.1 1.36288 5.46288
114 4110 0 100 1.6 3.89352 5.49352
96 4138 0 100 0.5 5.09464 5.59464
60 4067 0 100 3.3 2.29634 5.59634
39 4062 0 100 3.5 2.13446 5.63446
75 4147 0 100 0.3 5.34851 5.64851
92 4071 0 100 3.3 2.34873 5.64873
79 4159 0 100 1.51711e-07 5.69046 5.69046
84 4160 0 100 7.00206e-08 5.69085 5.69085
100 4164 0 100 1.16701e-07 5.79634 5.79634
77 4075 0 100 3.5 2.37921 5.87921
74 4145 0 100 0.6 5.28582 5.88582
49 4169 0 100 5.83505e-08 5.97577 5.97577
41 4170 0 100 1.28371e-07 5.98234 5.98234
78 4173 0 100 1.51711e-07 6.03402 6.03402
71 4162 0 100 0.3 5.74301 6.04301
34 4175 0 100 4.66804e-08 6.08766 6.08766
104 4177 0 100 1.16701e-07 6.13346 6.13346
76 4179 0 100 1.28371e-07 6.1602 6.1602
63 4098 0 100 3.2 2.96567 6.16567
109 4142 0 100 1 5.19354 6.19354
66 4176 0 100 0.1 6.10358 6.20358
30 4171 0 100 0.3 5.98725 6.28725
86 4126 0 100 1.6 4.7508 6.3508
55 4185 0 100 1.05031e-07 6.35565 6.35565
33 4161 0 100 0.7 5.70625 6.40625
32 4187 0 100 1.16701e-07 6.45032 6.45032
99 4080 0 100 4 2.48615 6.48615
35 4180 0 100 0.3 6.19265 6.49265
92 4188 0 100 0.1 6.46784 6.56784
106 4149 0 100 1.3 5.36242 6.66242
48 4197 0 100 4.66804e-08 6.67734 6.67734
94 4154 0 100 1.2 5.48313 6.68313
88 4139 0 100 1.6 5.11501 6.71501
56 4195 0 100 0.1 6.65273 6.75273
69 4181 0 100 0.6 6.23692 6.83692
70 4168 0 100 0.9 5.96679 6.86679
65 4203 0 100 3.50103e-08 6.9068 6.9068
64 4199 0 100 0.1 6.82454 6.92454
99 4205 0 100 4.66804e-08 6.95085 6.95085
83 4208 0 100 4.66804e-08 7.18542 7.18542
51 4124 0 100 2.5 4.68851 7.18851
111 4155 0 100 1.7 5.49501 7.19501
67 4210 0 100 7.00206e-08 7.30478 7.30478
98 4192 0 100 0.8 6.55346 7.35346
59 4212 0 100 1.75052e-07 7.38349 7.38349
57 4191 0 100 0.9 6.55301 7.45301
89 4193 0 100 1.1 6.58658 7.68658
107 4213 0 100 0.3 7.43499 7.73499
39 4223 0 100 1.28371e-07 7.75183 7.75183
108 4221 0 100 0.1 7.70587 7.80587
37 4225 0 100 4.66804e-08 7.85657 7.85657
28 4226 0 100 3.50103e-08 7.92389 7.92389
46 4229 0 100 4.66804e-08 7.99181 7.99181
45 4216 0 100 0.5 7.50614 8.00614
53 4230 0 100 1.28371e-07 8.00986 8.00986
85 4156 0 100 2.5 5.52796 8.02796
72 4189 0 100 1.6 6.51267 8.11267
50 4234 0 100 7.00206e-08 8.12567 8.12567
91 4150 0 100 2.8 5.37582 8.17582
58 4214 0 100 0.8 7.43843 8.23843
79 4228 0 100 0.3 7.97722 8.27722
103 4172 0 100 2.3 6.01571 8.31571
110 4244 0 100 1.51711e-07 8.36132 8.36132
77 4233 0 100 0.5 8.0673 8.5673
36 4252 0 100 1.05031e-07 8.67446 8.67446
93 4251 0 100 0.1 8.67037 8.77037
91 4248 0 100 0.3 8.52078 8.82078
111 4240 0 100 0.6 8.2328 8.8328
62 4196 0 100 2.2 6.67434 8.87434
97 4257 0 100 1.28371e-07 8.90805 8.90805
78 4260 0 100 0.1 9.00917 9.10917
27 4258 0 100 0.2 8.93196 9.13196
102 4266 0 100 1.16701e-08 9.16406 9.16406
35 4268 0 100 7.00206e-08 9.17616 9.17616
81 4269 0 100 4.66804e-08 9.18241 9.18241
104 4238 0 100 1 8.2056 9.2056
76 4254 0 100 0.4 8.81344 9.21344
80 4236 0 100 1.1 8.14485 9.24485
38 4262 0 100 0.2 9.0629 9.2629
43 4272 0 100 0.1 9.29098 9.39098
61 4217 0 100 1.9 7.51244 9.41244
34 4275 0 100 0.1 9.35343 9.45343
113 4256 0 100 0.6 8.86001 9.46001
31 4242 0 100 1.2 8.31621 9.51621
112 4239 0 100 1.3 8.22057 9.52057
105 4231 0 100 1.5 8.0342 9.5342
60 4281 0 100 1.16701e-07 9.55794 9.55794
49 4265 0 100 0.4 9.15942 9.55942
44 4246 0 100 1.2 8.40241 9.60241
59 4278 0 100 0.1 9.51267 9.61267
96 4282 0 100 1.40041e-07 9.64985 9.64985
63 4263 0 100 0.6 9.14085 9.74085
82 4219 0 100 2.1 7.64726 9.74726
73 4288 0 100 3.50103e-08 9.7638 9.7638
89 4285 0 100 0.1 9.67316 9.77316
55 4290 0 100 1.16701e-08 9.83819 9.83819
68 4166 0 100 4 5.87199 9.87199
51 4293 0 100 1.28371e-07 9.91755 9.91755
114 4279 0 100 0.4 9.52513 9.92513
25 4200 0 100 3.1 6.84059 9.94059
32 4296 0 100 9.33608e-08 9.95647 9.95647
99 4292 0 100 0.1 9.87457 9.97457
64 4294 0 100 0.1 9.94357 10.0436
84 4300 0 100 0.2 10.1841 10.3841
71 4305 0 100 9.33608e-08 10.3976 10.3976
98 4307 0 100 4.66804e-08 10.4267 10.4267
47 4245 0 100 2.1 8.36258 10.4626
97 4136 0 100 5.4 5.07115 10.4711
92 4310 0 100 8.16907e-08 10.5206 10.5206
47 4312 0 100 1.40041e-07 10.6192 10.6192
106 4313 0 100 3.50103e-08 10.6447 10.6447
48 4271 0 100 1.8 9.28911 11.0891
42 4183 0 100 4.8 6.29233 11.0923
74 4309 0 100 0.7 10.5188 11.2188
83 4316 0 100 0.4 10.8211 11.2211
87 4326 0 100 8.16907e-08 11.2354 11.2354
101 4328 0 100 5.83505e-08 11.3157 11.3157
75 4306 0 100 0.9 10.4164 11.3164
88 4301 0 100 1.1 10.2191 11.3191
54 4235 0 100 3.2 8.12907 11.3291
52 4273 0 100 2 9.33789 11.3379
67 4323 0 100 0.3 11.1428 11.4428
57 4330 0 100 0.1 11.3581 11.4581
76 4333 0 100 1.16701e-07 11.4807 11.4807
62 4334 0 100 1.28371e-07 11.4851 11.4851
61 4331 0 100 0.1 11.4198 11.5198
53 4339 0 100 9.33608e-08 11.651 11.651
82 4337 0 100 0.1 11.5772 11.6772
70 4289 0 100 1.9 9.81919 11.7192
81 4341 0 100 1.28371e-07 11.8189 11.8189
39 4345 0 100 1.51711e-07 11.869 11.869
111 4335 0 100 0.4 11.4928 11.8928
38 4343 0 100 0.1 11.848 11.948
113 4348 0 100 1.28371e-07 11.99 11.99
78 4349 0 100 1.16701e-07 11.9955 11.9955
30 4319 0 100 1.1 10.8984 11.9984
103 4353 0 100 1.16701e-07 12.0597 12.0597
65 4267 0 100 2.9 9.16615 12.0661
66 4277 0 100 2.6 9.47764 12.0776
50 4347 0 100 0.1 11.9804 12.0804
69 4354 0 100 1.40041e-07 12.1041 12.1041
46 4358 0 100 9.33608e-08 12.1837 12.1837
56 4325 0 100 1 11.2321 12.2321
45 4361 0 100 3.50103e-08 12.3212 12.3212
36 4362 0 100 2.33402e-08 12.336 12.336
107 4303 0 100 2.1 10.3187 12.4187
43 4366 0 100 1.16701e-07 12.4354 12.4354
55 4342 0 100 0.6 11.8468 12.4468
95 4152 0 100 7.2 5.40895 12.6089
93 4357 0 100 0.5 12.1806 12.6806
87 4202 0 100 5.8 6.90298 12.703
37 4350 0 100 0.8 12.0141 12.8141
90 4375 0 100 5.83505e-08 12.8797 12.8797
35 4376 0 100 3.50103e-08 12.9456 12.9456
91 4379 0 100 3.50103e-08 13.0256 13.0256
60 4351 0 100 1 12.042 13.042
32 4380 0 100 0.1 13.0355 13.1355
99 4378 0 100 0.2 12.9669 13.1669
69 4298 0 100 3.2 10.0959 13.2959
102 4388 0 100 7.00206e-08 13.3231 13.3231
33 4284 0 100 3.7 9.6565 13.3565
31 4359 0 100 1.4 12.2308 13.6308
51 4394 0 100 0.1 13.5372 13.6372
66 4399 0 100 1.40041e-07 13.6979 13.6979
92 4390 0 100 0.3 13.4151 13.7151
94 4286 0 100 4.1 9.68199 13.782
34 4402 0 100 1.28371e-07 13.7875 13.7875
106 4403 0 100 1.05031e-07 13.8146 13.8146
42 4387 0 100 0.5 13.318 13.818
97 4384 0 100 0.6 13.2427 13.8427
101 4401 0 100 0.1 13.7674 13.8674
111 4409 0 100 1.05031e-07 13.9723 13.9723
44 4410 0 100 8.16907e-08 13.976 13.976
112 4417 0 100 8.16907e-08 14.1821 14.1821
71 4419 0 100 1.40041e-07 14.2209 14.2209
64 4414 0 100 0.1 14.1319 14.2319
47 4404 0 100 0.5 13.8363 14.3363
52 4422 0 100 0.1 14.2879 14.3879
48 4424 0 100 0.1 14.3463 14.4463
56 4426 0 100 0.1 14.4054 14.5054
57 4429 0 100 0.2 14.4563 14.6563
114 4431 0 100 0.1 14.5912 14.6912
54 4432 0 100 0.1 14.6403 14.7403
113 4434 0 100 0.1 14.6566 14.7566
88 4437 0 100 0.1 14.809 14.909
82 4427 0 100 0.5 14.4107 14.9107
61 4397 0 100 1.4 13.5856 14.9856
84 4418 0 100 0.8 14.1929 14.9929
