0 2524
0 2525
0 2526
0 2527
0 2528
0 2529
0 2530
0 2531
0 2532
31 2533
4 2533
3 2533
2 2533
1 2533
0 2534
0 2538
25 2536
11 2536
10 2536
9 2536
8 2536
7 2536
6 2536
5 2536
4 2536
3 2536
2 2536
1 2536
0 2540
37 2542
0 2545
47 2544
2 2544
1 2544
0 2547
61 2549
16 2549
17 2549
18 2549
19 2549
20 2549
21 2549
22 2549
23 2549
24 2549
71 2535
1 2535
44 2551
13 2551
14 2551
15 2551
16 2551
17 2551
18 2551
19 2551
20 2551
21 2551
22 2551
23 2551
24 2551
0 2552
30 2546
0 2553
0 2554
53 2557
0 2558
0 2560
0 2562
70 2561
30 2561
2 2561
1 2561
51 2559
0 2564
27 2550
0 2568
63 2569
45 2565
12 2565
11 2565
10 2565
9 2565
8 2565
7 2565
6 2565
5 2565
4 2565
3 2565
2 2565
1 2565
29 2556
8 2556
7 2556
6 2556
5 2556
4 2556
3 2556
2 2556
1 2556
0 2570
69 2541
73 2541
14 2541
15 2541
16 2541
17 2541
18 2541
19 2541
20 2541
21 2541
22 2541
23 2541
24 2541
62 2572
7 2572
6 2572
5 2572
4 2572
3 2572
2 2572
1 2572
30 2550
0 2574
60 2542
22 2542
23 2542
24 2542
73 2575
15 2575
16 2575
17 2575
18 2575
19 2575
20 2575
21 2575
22 2575
23 2575
24 2575
50 2571
7 2571
6 2571
5 2571
4 2571
3 2571
2 2571
1 2571
0 2577
74 2578
22 2578
23 2578
24 2578
65 2580
68 2567
1 2567
0 2582
35 2583
10 2583
9 2583
8 2583
7 2583
6 2583
5 2583
4 2583
3 2583
2 2583
1 2583
41 2585
23 2585
24 2585
28 2543
54 2580
18 2580
19 2580
20 2580
21 2580
22 2580
23 2580
24 2580
46 2587
73 2587
16 2587
17 2587
18 2587
19 2587
20 2587
21 2587
22 2587
23 2587
24 2587
0 2588
0 2593
43 2591
6 2591
5 2591
4 2591
3 2591
2 2591
1 2591
0 2596
54 2597
19 2597
20 2597
21 2597
22 2597
23 2597
24 2597
0 2598
0 2599
55 2573
22 2573
23 2573
24 2573
48 2595
23 2595
24 2595
33 2550
7 2550
6 2550
5 2550
4 2550
3 2550
2 2550
1 2550
0 2600
0 2601
0 2602
0 2603
52 2576
7 2576
6 2576
5 2576
4 2576
3 2576
2 2576
1 2576
0 2604
32 2555
0 2605
0 2607
58 2537
9 2537
8 2537
7 2537
6 2537
5 2537
4 2537
3 2537
2 2537
1 2537
44 2606
24 2606
0 2608
0 2609
40 2594
6 2594
5 2594
4 2594
3 2594
2 2594
1 2594
0 2610
38 2584
16 2584
17 2584
18 2584
19 2584
20 2584
21 2584
22 2584
23 2584
24 2584
0 2612
67 2559
0 2614
47 2611
16 2611
17 2611
18 2611
19 2611
20 2611
21 2611
22 2611
23 2611
24 2611
0 2615
26 2569
15 2569
16 2569
17 2569
18 2569
19 2569
20 2569
21 2569
22 2569
23 2569
24 2569
57 2581
0 2616
42 2548
46 2548
24 2548
56 2586
3 2586
2 2586
1 2586
48 2559
5 2559
4 2559
3 2559
2 2559
1 2559
0 2618
0 2620
65 2619
3 2619
2 2619
1 2619
72 2592
16 2592
17 2592
18 2592
19 2592
20 2592
21 2592
22 2592
23 2592
24 2592
0 2623
36 2543
17 2543
18 2543
19 2543
20 2543
21 2543
22 2543
23 2543
24 2543
74 2621
8 2621
7 2621
6 2621
5 2621
4 2621
3 2621
2 2621
1 2621
63 2613
26 2613
17 2613
18 2613
19 2613
20 2613
21 2613
22 2613
23 2613
24 2613
0 2625
25 2626
4 2626
3 2626
2 2626
1 2626
39 2563
14 2563
15 2563
16 2563
17 2563
18 2563
19 2563
20 2563
21 2563
22 2563
23 2563
24 2563
0 2627
30 2629
33 2629
17 2629
18 2629
19 2629
20 2629
21 2629
22 2629
23 2629
24 2629
69 2622
3 2622
2 2622
1 2622
0 2632
55 2634
8 2634
7 2634
6 2634
5 2634
4 2634
3 2634
2 2634
1 2634
71 2635
0 2636
0 2637
0 2638
49 2579
14 2579
15 2579
16 2579
17 2579
18 2579
19 2579
20 2579
21 2579
22 2579
23 2579
24 2579
32 2639
10 2639
9 2639
8 2639
7 2639
6 2639
5 2639
4 2639
3 2639
2 2639
1 2639
0 2641
60 2631
13 2631
14 2631
15 2631
16 2631
17 2631
18 2631
19 2631
20 2631
21 2631
22 2631
23 2631
24 2631
35 2640
0 2643
73 2645
6 2645
5 2645
4 2645
3 2645
2 2645
1 2645
51 2617
11 2617
10 2617
9 2617
8 2617
7 2617
6 2617
5 2617
4 2617
3 2617
2 2617
1 2617
34 2566
16 2566
17 2566
18 2566
19 2566
20 2566
21 2566
22 2566
23 2566
24 2566
61 2647
12 2647
11 2647
10 2647
9 2647
8 2647
7 2647
6 2647
5 2647
4 2647
3 2647
2 2647
1 2647
0 2649
52 2644
18 2644
19 2644
20 2644
21 2644
22 2644
23 2644
24 2644
50 2652
24 2652
0 2653
54 2633
9 2633
8 2633
7 2633
6 2633
5 2633
4 2633
3 2633
2 2633
1 2633
31 2646
3 2646
2 2646
1 2646
0 2654
0 2656
46 2657
8 2657
7 2657
6 2657
5 2657
4 2657
3 2657
2 2657
1 2657
53 2655
21 2655
22 2655
23 2655
24 2655
0 2658
70 2650
30 2650
62 2624
68 2661
19 2661
20 2661
21 2661
22 2661
23 2661
24 2661
0 2662
28 2642
38 2624
2 2624
1 2624
47 2659
1 2659
58 2660
52 2660
21 2660
22 2660
23 2660
24 2660
0 2664
0 2665
27 2651
0 2666
0 2667
0 2668
66 2590
6 2590
5 2590
4 2590
3 2590
2 2590
1 2590
0 2669
63 2672
33 2650
1 2650
29 2673
6 2673
5 2673
4 2673
3 2673
2 2673
1 2673
0 2674
48 2670
70 2651
2 2651
1 2651
0 2675
32 2670
17 2670
18 2670
19 2670
20 2670
21 2670
22 2670
23 2670
24 2670
0 2678
69 2677
13 2677
14 2677
15 2677
16 2677
17 2677
18 2677
19 2677
20 2677
21 2677
22 2677
23 2677
24 2677
37 2648
20 2648
21 2648
22 2648
23 2648
24 2648
0 2679
0 2680
41 2681
0 2683
60 2681
22 2681
23 2681
24 2681
33 2682
4 2682
3 2682
2 2682
1 2682
0 2684
0 2685
57 2663
16 2663
17 2663
18 2663
19 2663
20 2663
21 2663
22 2663
23 2663
24 2663
0 2686
64 2539
1 2539
71 2672
7 2672
6 2672
5 2672
4 2672
3 2672
2 2672
1 2672
26 2635
35 2688
29 2688
10 2688
9 2688
8 2688
7 2688
6 2688
5 2688
4 2688
3 2688
2 2688
1 2688
0 2689
67 2692
0 2693
65 2691
19 2691
20 2691
21 2691
22 2691
23 2691
24 2691
50 2695
9 2695
8 2695
7 2695
6 2695
5 2695
4 2695
3 2695
2 2695
1 2695
0 2696
0 2697
25 2694
20 2694
21 2694
22 2694
23 2694
24 2694
36 2635
9 2635
8 2635
7 2635
6 2635
5 2635
4 2635
3 2635
2 2635
1 2635
48 2692
23 2692
24 2692
0 2699
0 2701
45 2671
17 2671
18 2671
19 2671
20 2671
21 2671
22 2671
23 2671
24 2671
0 2703
74 2698
37 2698
1 2698
0 2706
38 2687
13 2687
14 2687
15 2687
16 2687
17 2687
18 2687
19 2687
20 2687
21 2687
22 2687
23 2687
24 2687
0 2708
36 2709
11 2709
10 2709
9 2709
8 2709
7 2709
6 2709
5 2709
4 2709
3 2709
2 2709
1 2709
26 2707
44 2711
23 2711
24 2711
56 2712
23 2712
24 2712
0 2713
60 2710
3 2710
2 2710
1 2710
68 2715
0 2716
73 2717
21 2717
22 2717
23 2717
24 2717
0 2718
55 2705
1 2705
0 2720
28 2719
14 2719
15 2719
16 2719
17 2719
18 2719
19 2719
20 2719
21 2719
22 2719
23 2719
24 2719
0 2722
72 2721
13 2721
14 2721
15 2721
16 2721
17 2721
18 2721
19 2721
20 2721
21 2721
22 2721
23 2721
24 2721
0 2723
61 2724
4 2724
3 2724
2 2724
1 2724
46 2725
23 2725
24 2725
0 2726
0 2729
53 2728
12 2728
11 2728
10 2728
9 2728
8 2728
7 2728
6 2728
5 2728
4 2728
3 2728
2 2728
1 2728
0 2732
62 2731
38 2731
18 2731
19 2731
20 2731
21 2731
22 2731
23 2731
24 2731
30 2733
14 2733
15 2733
16 2733
17 2733
18 2733
19 2733
20 2733
21 2733
22 2733
23 2733
24 2733
0 2734
52 2730
12 2730
11 2730
10 2730
9 2730
8 2730
7 2730
6 2730
5 2730
4 2730
3 2730
2 2730
1 2730
31 2736
21 2736
22 2736
23 2736
24 2736
0 2737
32 2735
5 2735
4 2735
3 2735
2 2735
1 2735
0 2738
59 2589
71 2707
17 2707
18 2707
19 2707
20 2707
21 2707
22 2707
23 2707
24 2707
49 2714
10 2714
9 2714
8 2714
7 2714
6 2714
5 2714
4 2714
3 2714
2 2714
1 2714
0 2739
70 2704
16 2704
17 2704
18 2704
19 2704
20 2704
21 2704
22 2704
23 2704
24 2704
0 2740
0 2741
34 2690
13 2690
14 2690
15 2690
16 2690
17 2690
18 2690
19 2690
20 2690
21 2690
22 2690
23 2690
24 2690
43 2676
17 2676
18 2676
19 2676
20 2676
21 2676
22 2676
23 2676
24 2676
51 2746
8 2746
7 2746
6 2746
5 2746
4 2746
3 2746
2 2746
1 2746
0 2749
39 2727
16 2727
17 2727
18 2727
19 2727
20 2727
21 2727
22 2727
23 2727
24 2727
48 2747
9 2747
8 2747
7 2747
6 2747
5 2747
4 2747
3 2747
2 2747
1 2747
63 2751
71 2751
20 2751
21 2751
22 2751
23 2751
24 2751
0 2752
0 2753
54 2754
7 2754
6 2754
5 2754
4 2754
3 2754
2 2754
1 2754
27 2750
58 2748
17 2748
18 2748
19 2748
20 2748
21 2748
22 2748
23 2748
24 2748
0 2755
0 2757
0 2759
70 2750
21 2750
22 2750
23 2750
24 2750
0 2760
0 2762
40 2702
16 2702
17 2702
18 2702
19 2702
20 2702
21 2702
22 2702
23 2702
24 2702
44 2756
10 2756
9 2756
8 2756
7 2756
6 2756
5 2756
4 2756
3 2756
2 2756
1 2756
50 2763
29 2743
0 2764
0 2765
0 2768
0 2772
28 2763
1 2763
0 2774
68 2766
20 2766
21 2766
22 2766
23 2766
24 2766
0 2776
33 2775
24 2775
37 2744
17 2744
18 2744
19 2744
20 2744
21 2744
22 2744
23 2744
24 2744
0 2778
57 2771
11 2771
10 2771
9 2771
8 2771
7 2771
6 2771
5 2771
4 2771
3 2771
2 2771
1 2771
0 2780
41 2781
19 2781
20 2781
21 2781
22 2781
23 2781
24 2781
74 2761
0 2782
0 2784
37 2761
19 2761
20 2761
21 2761
22 2761
23 2761
24 2761
69 2767
12 2767
11 2767
10 2767
9 2767
8 2767
7 2767
6 2767
5 2767
4 2767
3 2767
2 2767
1 2767
0 2785
26 2783
36 2783
3 2783
2 2783
1 2783
0 2786
71 2787
36 2787
4 2787
3 2787
2 2787
1 2787
35 2743
7 2743
6 2743
5 2743
4 2743
3 2743
2 2743
1 2743
0 2788
47 2758
28 2758
71 2758
0 2791
45 2789
12 2789
11 2789
10 2789
9 2789
8 2789
7 2789
6 2789
5 2789
4 2789
3 2789
2 2789
1 2789
64 2715
24 2715
53 2770
2 2770
1 2770
67 2793
19 2793
20 2793
21 2793
22 2793
23 2793
24 2793
0 2794
60 2779
0 2797
65 2798
39 2795
2 2795
1 2795
66 2773
10 2773
9 2773
8 2773
7 2773
6 2773
5 2773
4 2773
3 2773
2 2773
1 2773
0 2800
56 2801
18 2801
19 2801
20 2801
21 2801
22 2801
23 2801
24 2801
62 2799
8 2799
7 2799
6 2799
5 2799
4 2799
3 2799
2 2799
1 2799
0 2802
38 2769
0 2803
34 2804
1 2804
63 2805
7 2805
6 2805
5 2805
4 2805
3 2805
2 2805
1 2805
0 2806
25 2777
19 2777
20 2777
21 2777
22 2777
23 2777
24 2777
0 2808
61 2792
23 2792
24 2792
62 2769
10 2769
9 2769
8 2769
7 2769
6 2769
5 2769
4 2769
3 2769
2 2769
1 2769
32 2809
22 2809
23 2809
24 2809
0 2811
49 2810
2 2810
1 2810
0 2812
73 2814
18 2814
19 2814
20 2814
21 2814
22 2814
23 2814
24 2814
0 2815
0 2816
36 2758
10 2758
9 2758
8 2758
7 2758
6 2758
5 2758
4 2758
3 2758
2 2758
1 2758
0 2817
58 2796
7 2796
6 2796
5 2796
4 2796
3 2796
2 2796
1 2796
0 2818
55 2819
24 2819
70 2820
10 2820
9 2820
8 2820
7 2820
6 2820
5 2820
4 2820
3 2820
2 2820
1 2820
72 2821
70 2821
10 2821
9 2821
8 2821
7 2821
6 2821
5 2821
4 2821
3 2821
2 2821
1 2821
0 2822
74 2779
2 2779
1 2779
33 2824
10 2824
9 2824
8 2824
7 2824
6 2824
5 2824
4 2824
3 2824
2 2824
1 2824
0 2825
46 2827
21 2827
22 2827
23 2827
24 2827
30 2828
10 2828
9 2828
8 2828
7 2828
6 2828
5 2828
4 2828
3 2828
2 2828
1 2828
42 2700
21 2700
22 2700
23 2700
24 2700
31 2790
17 2790
18 2790
19 2790
20 2790
21 2790
22 2790
23 2790
24 2790
0 2829
0 2830
28 2807
14 2807
15 2807
16 2807
17 2807
18 2807
19 2807
20 2807
21 2807
22 2807
23 2807
24 2807
0 2832
74 2833
4 2833
3 2833
2 2833
1 2833
54 2798
59 2834
0 2835
0 2836
44 2798
48 2831
32 2831
3 2831
2 2831
1 2831
0 2837
25 2798
1 2798
0 2838
43 2813
13 2813
14 2813
15 2813
16 2813
17 2813
18 2813
19 2813
20 2813
21 2813
22 2813
23 2813
24 2813
