59 50 0.0048 49.9952
37 50 0.0048 49.9952
59 50 0.0048 49.9952
37 50 0.0048 49.9952
59 50 0.0048 49.9952
37 50 0.0048 49.9952
57 50 0.0048 49.9952
59 50 0.0048 49.9952
57 50 0.0048 49.9952
57 50 0.0048 49.9952
34 50 0.0048 49.9952
56 50 0.0048 49.9952
34 50 0.0048 49.9952
56 50 0.0048 49.9952
34 50 0.0048 49.9952
56 50 0.0048 49.9952
28 50 0.0048 49.9952
34 50 0.0048 49.9952
31 50 0.048 49.952
32 50 0.0048 49.9952
28 50 0.0048 49.9952
50 50 0.0048 49.9952
63 50 0.0048 49.9952
49 50 0.048 49.952
49 49.952 0.0048 49.9472
49 49.9472 0.16 49.7872
49 49.7872 0.0016 49.7856
31 50 0.048 49.952
32 50 0.0048 49.9952
31 49.952 0.0048 49.9472
31 49.9472 0.16 49.7872
31 49.7872 0.0016 49.7856
47 50 0.048 49.952
60 50 0.0048 49.9952
47 49.952 0.0048 49.9472
47 49.9472 0.16 49.7872
47 49.7872 0.0016 49.7856
62 50 0.048 49.952
26 50 0.0048 49.9952
29 50 0.0048 49.9952
44 50 0.0048 49.9952
46 50 0.0048 49.9952
28 50 0.0048 49.9952
50 50 0.0048 49.9952
63 50 0.0048 49.9952
62 50 0.048 49.952
44 50 0.0048 49.9952
62 49.952 0.0048 49.9472
62 49.9472 0.16 49.7872
62 49.7872 0.0016 49.7856
50 50 0.0048 49.9952
62 49.7856 0.0048 49.7808
63 50 0.0048 49.9952
56 50 0.048 49.952
34 50 0.0048 49.9952
34 49.9952 0.048 49.9472
56 49.952 0.0048 49.9472
56 49.9472 0.16 49.7872
34 49.9472 0.016 49.9312
34 49.9312 0.016 49.9152
56 49.7872 0.0016 49.7856
34 49.9152 0.048 49.8672
56 49.7856 0.0048 49.7808
32 50 0.048 49.952
31 50 0.0048 49.9952
32 49.952 0.0048 49.9472
32 49.9472 0.16 49.7872
32 49.7872 0.0016 49.7856
58 50 0.048 49.952
52 50 0.0048 49.9952
52 49.9952 0.048 49.9472
54 50 0.0048 49.9952
58 49.952 0.0048 49.9472
58 49.9472 0.16 49.7872
52 49.9472 0.016 49.9312
52 49.9312 0.016 49.9152
58 49.7872 0.0016 49.7856
52 49.9152 0.048 49.8672
30 50 0.0048 49.9952
58 49.7856 0.0048 49.7808
54 49.9952 0.016 49.9792
61 50 0.048 49.952
25 50 0.0048 49.9952
38 50 0.0048 49.9952
48 50 0.0048 49.9952
26 50 0.0048 49.9952
29 50 0.0048 49.9952
44 50 0.0048 49.9952
50 50 0.0048 49.9952
62 50 0.0048 49.9952
57 50 0.048 49.952
34 50 0.048 49.952
56 49.9478 0.0048 49.943
45 50 0.048 49.952
47 50 0.0048 49.9952
60 50 0.0048 49.9952
45 49.952 0.0048 49.9472
45 49.9472 0.16 49.7872
45 49.7872 0.0016 49.7856
44 49.9952 0.048 49.9472
62 49.9952 0.0048 49.9904
44 49.9472 0.0048 49.9424
44 49.9424 0.16 49.7824
44 49.7824 0.0016 49.7808
30 50 0.048 49.952
52 50 0.0048 49.9952
52 49.9952 0.048 49.9472
30 49.952 0.0048 49.9472
25 49.9952 0.048 49.9472
38 50 0.0048 49.9952
48 50 0.0048 49.9952
61 50 0.0048 49.9952
61 49.9952 0.048 49.9472
25 50 0.0048 49.9952
38 49.9952 0.0048 49.9904
48 49.9952 0.0048 49.9904
26 50 0.0048 49.9952
29 50 0.0048 49.9952
44 50 0.0048 49.9952
46 50 0.0048 49.9952
62 50 0.0048 49.9952
57 50 0.048 49.952
51 50 0.048 49.952
53 50 0.0048 49.9952
64 50 0.0048 49.9952
34 50 0.048 49.952
56 50 0.0048 49.9952
30 50 0.048 49.952
52 50 0.0048 49.9952
52 49.9952 0.048 49.9472
30 49.952 0.0048 49.9472
58 50 0.0048 49.9952
25 49.9952 0.048 49.9472
38 50 0.0048 49.9952
48 50 0.0048 49.9952
61 50 0.0048 49.9952
63 50 0.048 49.952
61 49.9952 0.048 49.9472
25 50 0.0048 49.9952
38 49.9952 0.0048 49.9904
26 50 0.0048 49.9952
29 50 0.0048 49.9952
44 50 0.0048 49.9952
46 50 0.0048 49.9952
62 50 0.0048 49.9952
57 50 0.048 49.952
57 49.952 0.0048 49.9472
57 49.9472 0.16 49.7872
57 49.7872 0.0016 49.7856
51 50 0.048 49.952
53 50 0.0048 49.9952
60 50 0.048 49.952
45 50 0.0048 49.9952
47 50 0.0048 49.9952
34 50 0.048 49.952
56 50 0.0048 49.9952
30 50 0.048 49.952
52 50 0.0048 49.9952
52 49.9952 0.048 49.9472
30 49.952 0.0048 49.9472
58 50 0.0048 49.9952
25 49.9952 0.048 49.9472
38 50 0.0048 49.9952
48 50 0.0048 49.9952
61 50 0.0048 49.9952
36 50 0.048 49.952
63 50 0.048 49.952
61 49.9952 0.048 49.9472
25 50 0.0048 49.9952
38 49.9952 0.0048 49.9904
48 49.9952 0.0048 49.9904
44 50 0.0048 49.9952
62 50 0.0048 49.9952
51 50 0.048 49.952
53 50 0.0048 49.9952
60 50 0.048 49.952
34 50 0.048 49.952
30 50 0.048 49.952
52 50 0.0048 49.9952
52 49.9952 0.048 49.9472
30 49.952 0.0048 49.9472
58 50 0.0048 49.9952
25 49.9952 0.048 49.9472
38 50 0.0048 49.9952
48 50 0.0048 49.9952
61 50 0.0048 49.9952
36 50 0.048 49.952
63 50 0.048 49.952
61 49.9952 0.048 49.9472
25 50 0.0048 49.9952
38 49.9952 0.0048 49.9904
48 49.9952 0.0048 49.9904
48 49.9904 0.048 49.9424
25 49.9952 0.0048 49.9904
41 50 0.0048 49.9952
61 49.9472 0.0048 49.9424
51 50 0.048 49.952
53 50 0.0048 49.9952
60 50 0.048 49.952
34 50 0.048 49.952
56 50 0.0048 49.9952
46 50 0.048 49.952
26 50 0.0048 49.9952
62 50 0.0048 49.9952
62 49.9952 0.048 49.9472
46 49.952 0.0048 49.9472
46 49.9472 0.16 49.7872
26 49.9952 0.016 49.9792
62 49.9472 0.016 49.9312
62 49.9312 0.016 49.9152
46 49.7872 0.0016 49.7856
62 49.9152 0.048 49.8672
26 49.9792 0.0048 49.9744
44 50 0.0048 49.9952
46 49.7856 0.0048 49.7808
62 49.8672 0.0048 49.8624
62 49.8624 0.16 49.7024
62 49.7024 0.0016 49.7008
30 50 0.048 49.952
52 50 0.0048 49.9952
52 49.9952 0.048 49.9472
30 49.952 0.0048 49.9472
58 50 0.0048 49.9952
25 49.9904 0.048 49.9424
38 50 0.0048 49.9952
48 50 0.0048 49.9952
61 50 0.0048 49.9952
36 50 0.048 49.952
63 50 0.048 49.952
61 49.9952 0.048 49.9472
25 50 0.0048 49.9952
38 49.9952 0.0048 49.9904
48 49.9952 0.0048 49.9904
48 49.9904 0.048 49.9424
25 49.9952 0.0048 49.9904
41 50 0.0048 49.9952
61 49.9472 0.0048 49.9424
39 50 0.0048 49.9952
51 50 0.048 49.952
53 50 0.0048 49.9952
60 50 0.048 49.952
34 50 0.048 49.952
30 50 0.048 49.952
52 50 0.0048 49.9952
58 50 0.0048 49.9952
52 49.9952 0.048 49.9472
30 49.952 0.0048 49.9472
58 49.9952 0.0048 49.9904
25 49.9904 0.048 49.9424
38 50 0.0048 49.9952
48 50 0.0048 49.9952
61 50 0.0048 49.9952
36 50 0.048 49.952
63 50 0.048 49.952
50 50 0.0048 49.9952
50 49.9952 0.048 49.9472
63 49.952 0.0048 49.9472
63 49.9472 0.16 49.7872
50 49.9472 0.016 49.9312
50 49.9312 0.016 49.9152
63 49.7872 0.0016 49.7856
50 49.9152 0.048 49.8672
63 49.7856 0.0048 49.7808
61 49.9952 0.048 49.9472
25 50 0.0048 49.9952
38 49.9952 0.0048 49.9904
48 49.9952 0.0048 49.9904
53 50 0.048 49.952
51 50 0.0048 49.9952
64 50 0.0048 49.9952
48 49.9904 0.048 49.9424
25 49.9952 0.0048 49.9904
41 50 0.0048 49.9952
61 49.9472 0.0048 49.9424
39 50 0.0048 49.9952
51 49.9952 0.048 49.9472
53 49.952 0.0048 49.9472
60 50 0.048 49.952
34 50 0.048 49.952
34 49.952 0.0048 49.9472
34 49.9472 0.16 49.7872
34 49.7872 0.0016 49.7856
30 50 0.048 49.952
52 50 0.0048 49.9952
58 50 0.0048 49.9952
52 49.9952 0.048 49.9472
30 49.952 0.0048 49.9472
58 49.9952 0.0048 49.9904
55 50 0.048 49.952
55 49.952 0.0048 49.9472
55 49.9472 0.16 49.7872
55 49.7872 0.0016 49.7856
25 49.9904 0.048 49.9424
38 50 0.0048 49.9952
48 50 0.0048 49.9952
61 50 0.0048 49.9952
36 50 0.048 49.952
43 50 0.0048 49.9952
50 50 0.048 49.952
63 50 0.0048 49.9952
50 49.952 0.0048 49.9472
50 49.9472 0.16 49.7872
50 49.7872 0.0016 49.7856
61 49.9952 0.048 49.9472
25 50 0.0048 49.9952
38 49.9952 0.0048 49.9904
48 49.9952 0.0048 49.9904
53 50 0.048 49.952
51 50 0.0048 49.9952
64 50 0.0048 49.9952
53 49.952 0.0048 49.9472
53 49.9472 0.16 49.7872
53 49.7872 0.0016 49.7856
48 49.9904 0.048 49.9424
25 49.9952 0.0048 49.9904
38 49.9904 0.0048 49.9856
38 49.9856 0.048 49.9376
41 50 0.0048 49.9952
61 49.9472 0.0048 49.9424
48 49.9424 0.0048 49.9376
48 49.9376 0.16 49.7776
25 49.9904 0.016 49.9744
38 49.9376 0.016 49.9216
38 49.9216 0.016 49.9056
48 49.7776 0.0016 49.776
38 49.9056 0.048 49.8576
25 49.9744 0.0048 49.9696
48 49.776 0.0048 49.7712
61 49.9424 0.0048 49.9376
41 49.9952 0.016 49.9792
61 49.9376 0.016 49.9216
28 50 0.048 49.952
39 50 0.0048 49.9952
40 50 0.0048 49.9952
51 49.9952 0.048 49.9472
60 50 0.048 49.952
30 50 0.048 49.952
52 50 0.0048 49.9952
58 50 0.0048 49.9952
52 49.9952 0.048 49.9472
30 49.952 0.0048 49.9472
58 49.9952 0.0048 49.9904
25 49.9696 0.048 49.9216
38 50 0.0048 49.9952
48 50 0.0048 49.9952
36 50 0.048 49.952
43 50 0.0048 49.9952
40 50 0.048 49.952
61 50 0.048 49.952
48 49.9952 0.0048 49.9904
59 50 0.048 49.952
38 49.9952 0.048 49.9472
25 50 0.0048 49.9952
28 50 0.048 49.952
40 49.952 0.0048 49.9472
55 50 0.0048 49.9952
51 50 0.048 49.952
64 50 0.0048 49.9952
60 50 0.048 49.952
30 50 0.048 49.952
52 50 0.0048 49.9952
58 50 0.0048 49.9952
64 49.9952 0.0048 49.9904
52 49.9952 0.048 49.9472
30 49.952 0.0048 49.9472
58 49.9952 0.0048 49.9904
25 49.9952 0.048 49.9472
48 50 0.0048 49.9952
61 50 0.0048 49.9952
36 50 0.048 49.952
43 50 0.0048 49.9952
40 50 0.048 49.952
61 49.9952 0.048 49.9472
25 50 0.0048 49.9952
48 49.9952 0.0048 49.9904
61 49.9472 0.0048 49.9424
61 49.9424 0.16 49.7824
61 49.7824 0.0016 49.7808
59 50 0.048 49.952
38 50 0.048 49.952
28 50 0.048 49.952
40 49.952 0.0048 49.9472
55 50 0.0048 49.9952
51 50 0.048 49.952
60 50 0.048 49.952
29 50 0.048 49.952
30 50 0.048 49.952
52 50 0.0048 49.9952
58 50 0.0048 49.9952
52 49.9952 0.048 49.9472
30 49.952 0.0048 49.9472
58 49.9952 0.0048 49.9904
25 49.9952 0.048 49.9472
38 50 0.0048 49.9952
61 49.9556 0.0048 49.9508
43 50 0.048 49.952
36 50 0.0048 49.9952
36 49.9952 0.048 49.9472
43 49.952 0.0048 49.9472
40 50 0.048 49.952
55 50 0.0048 49.9952
35 50 0.048 49.952
59 50 0.048 49.952
37 50 0.0048 49.9952
38 49.9952 0.048 49.9472
25 50 0.0048 49.9952
61 49.9508 0.0048 49.946
28 50 0.048 49.952
55 49.9952 0.0048 49.9904
51 50 0.048 49.952
60 50 0.048 49.952
29 50 0.048 49.952
30 50 0.048 49.952
52 50 0.0048 49.9952
52 49.9952 0.048 49.9472
30 49.952 0.0048 49.9472
58 50 0.0048 49.9952
25 49.9952 0.048 49.9472
38 50 0.0048 49.9952
61 50 0.0048 49.9952
43 50 0.048 49.952
36 50 0.048 49.952
40 50 0.048 49.952
55 50 0.0048 49.9952
55 49.9952 0.048 49.9472
40 49.952 0.0048 49.9472
40 49.9472 0.16 49.7872
55 49.9472 0.016 49.9312
55 49.9312 0.016 49.9152
40 49.7872 0.0016 49.7856
55 49.9152 0.048 49.8672
40 49.7856 0.0048 49.7808
35 50 0.048 49.952
59 50 0.048 49.952
37 50 0.0048 49.9952
38 49.9952 0.048 49.9472
25 50 0.0048 49.9952
61 49.9952 0.0048 49.9904
27 50 0.048 49.952
28 50 0.048 49.952
49 50 0.0048 49.9952
51 50 0.048 49.952
64 50 0.0048 49.9952
60 50 0.048 49.952
29 50 0.048 49.952
30 50 0.048 49.952
52 50 0.0048 49.9952
58 50 0.0048 49.9952
64 49.9952 0.0048 49.9904
52 49.9952 0.048 49.9472
30 49.952 0.0048 49.9472
58 49.9952 0.0048 49.9904
25 49.9952 0.048 49.9472
38 50 0.0048 49.9952
61 50 0.0048 49.9952
43 50 0.048 49.952
43 49.952 0.0048 49.9472
43 49.9472 0.16 49.7872
43 49.7872 0.0016 49.7856
33 50 0.048 49.952
42 50 0.0048 49.9952
36 50 0.048 49.952
55 50 0.048 49.952
40 50 0.0048 49.9952
35 50 0.048 49.952
49 50 0.0048 49.9952
49 49.9952 0.048 49.9472
35 49.952 0.0048 49.9472
35 49.9472 0.16 49.7872
49 49.9472 0.016 49.9312
49 49.9312 0.016 49.9152
35 49.7872 0.0016 49.7856
49 49.9152 0.048 49.8672
35 49.7856 0.0048 49.7808
59 50 0.048 49.952
37 50 0.0048 49.9952
38 49.9952 0.048 49.9472
61 49.9952 0.0048 49.9904
27 50 0.048 49.952
27 49.952 0.0048 49.9472
27 49.9472 0.16 49.7872
27 49.7872 0.0016 49.7856
28 50 0.048 49.952
35 49.7808 0.0048 49.776
49 49.8672 0.0048 49.8624
51 50 0.048 49.952
60 50 0.048 49.952
29 50 0.048 49.952
30 50 0.048 49.952
52 50 0.0048 49.9952
58 50 0.0048 49.9952
64 50 0.0048 49.9952
52 49.9952 0.048 49.9472
30 49.952 0.0048 49.9472
58 49.9952 0.0048 49.9904
25 50 0.048 49.952
61 50 0.0048 49.9952
33 50 0.048 49.952
42 50 0.0048 49.9952
33 49.952 0.0048 49.9472
33 49.9472 0.16 49.7872
33 49.7872 0.0016 49.7856
36 50 0.048 49.952
55 50 0.048 49.952
40 50 0.0048 49.9952
42 49.9952 0.048 49.9472
33 49.7856 0.0048 49.7808
43 50 0.0048 49.9952
42 49.9472 0.0048 49.9424
42 49.9424 0.16 49.7824
42 49.7824 0.0016 49.7808
49 50 0.048 49.952
41 50 0.048 49.952
59 50 0.048 49.952
38 50 0.048 49.952
61 49.9952 0.0048 49.9904
64 49.9952 0.048 49.9472
30 49.9472 0.0048 49.9424
51 50 0.0048 49.9952
52 49.9472 0.0048 49.9424
28 50 0.048 49.952
35 50 0.0048 49.9952
49 49.952 0.0048 49.9472
51 49.9952 0.048 49.9472
60 50 0.048 49.952
60 49.952 0.0048 49.9472
60 49.9472 0.16 49.7872
60 49.7872 0.0016 49.7856
50 50 0.048 49.952
50 49.952 0.0048 49.9472
50 49.9472 0.16 49.7872
50 49.7872 0.0016 49.7856
29 50 0.048 49.952
26 50 0.0048 49.9952
30 50 0.048 49.952
52 50 0.0048 49.9952
64 50 0.0048 49.9952
52 49.9952 0.048 49.9472
30 49.952 0.0048 49.9472
64 49.9952 0.0048 49.9904
25 50 0.048 49.952
61 50 0.0048 49.9952
36 50 0.048 49.952
55 50 0.048 49.952
40 50 0.0048 49.9952
39 50 0.048 49.952
49 50 0.048 49.952
41 50 0.048 49.952
59 50 0.048 49.952
38 50 0.048 49.952
61 49.9952 0.0048 49.9904
64 49.9904 0.048 49.9424
30 49.9472 0.0048 49.9424
52 49.9472 0.0048 49.9424
54 50 0.048 49.952
54 49.952 0.0048 49.9472
54 49.9472 0.16 49.7872
54 49.7872 0.0016 49.7856
28 50 0.048 49.952
37 50 0.048 49.952
35 50 0.0048 49.9952
26 50 0.048 49.952
29 50 0.0048 49.9952
62 50 0.0048 49.9952
62 49.9952 0.048 49.9472
26 49.952 0.0048 49.9472
26 49.9472 0.16 49.7872
29 49.9952 0.016 49.9792
62 49.9472 0.016 49.9312
62 49.9312 0.016 49.9152
26 49.7872 0.0016 49.7856
62 49.9152 0.048 49.8672
26 49.7856 0.0048 49.7808
46 50 0.0048 49.9952
51 50 0.048 49.952
53 50 0.0048 49.9952
29 49.9792 0.048 49.9312
26 49.7808 0.0048 49.776
30 50 0.048 49.952
52 50 0.0048 49.9952
64 50 0.0048 49.9952
52 49.9952 0.048 49.9472
30 49.952 0.0048 49.9472
25 50 0.048 49.952
61 50 0.0048 49.9952
36 50 0.048 49.952
55 50 0.048 49.952
40 50 0.0048 49.9952
39 50 0.048 49.952
39 49.952 0.0048 49.9472
39 49.9472 0.16 49.7872
39 49.7872 0.0016 49.7856
49 50 0.048 49.952
41 50 0.048 49.952
59 50 0.048 49.952
38 50 0.048 49.952
61 49.9952 0.0048 49.9904
64 49.9952 0.048 49.9472
30 49.9472 0.0048 49.9424
28 50 0.048 49.952
37 50 0.048 49.952
33 50 0.0048 49.9952
36 49.952 0.0048 49.9472
42 50 0.0048 49.9952
43 50 0.0048 49.9952
62 50 0.048 49.952
46 50 0.0048 49.9952
51 50 0.048 49.952
53 50 0.0048 49.9952
29 50 0.048 49.952
26 49.9869 0.0048 49.9821
30 50 0.048 49.952
52 50 0.0048 49.9952
53 50 0.0048 49.9952
53 49.9952 0.048 49.9472
64 50 0.0048 49.9952
30 49.952 0.0048 49.9472
30 49.9472 0.16 49.7872
52 49.9952 0.016 49.9792
53 49.9472 0.016 49.9312
53 49.9312 0.016 49.9152
30 49.7872 0.0016 49.7856
53 49.9152 0.048 49.8672
30 49.7856 0.0048 49.7808
51 49.952 0.0048 49.9472
64 49.9952 0.0048 49.9904
64 49.9904 0.016 49.9744
52 49.9792 0.048 49.9312
30 49.7808 0.0048 49.776
25 50 0.048 49.952
61 50 0.0048 49.9952
36 50 0.048 49.952
55 50 0.048 49.952
40 50 0.0048 49.9952
49 50 0.048 49.952
41 50 0.048 49.952
59 50 0.048 49.952
38 50 0.048 49.952
48 50 0.0048 49.9952
61 49.9952 0.0048 49.9904
64 49.9744 0.048 49.9264
30 49.776 0.0048 49.7712
53 49.8672 0.0048 49.8624
28 50 0.048 49.952
37 50 0.048 49.952
33 50 0.0048 49.9952
42 50 0.0048 49.9952
43 50 0.0048 49.9952
62 50 0.048 49.952
26 50 0.0048 49.9952
46 50 0.0048 49.9952
51 50 0.048 49.952
53 49.8624 0.0048 49.8576
29 50 0.048 49.952
44 50 0.0048 49.9952
44 49.9952 0.048 49.9472
29 49.952 0.0048 49.9472
29 49.9472 0.16 49.7872
44 49.9472 0.016 49.9312
44 49.9312 0.016 49.9152
29 49.7872 0.0016 49.7856
44 49.9152 0.048 49.8672
29 49.7856 0.0048 49.7808
46 49.9952 0.0048 49.9904
53 50 0.048 49.952
30 50 0.0048 49.9952
51 49.952 0.0048 49.9472
64 50 0.0048 49.9952
52 50 0.048 49.952
30 49.9952 0.0048 49.9904
25 50 0.048 49.952
48 50 0.0048 49.9952
61 50 0.0048 49.9952
36 50 0.048 49.952
55 50 0.048 49.952
40 50 0.0048 49.9952
49 50 0.048 49.952
41 50 0.048 49.952
48 49.9952 0.0048 49.9904
59 50 0.048 49.952
38 50 0.048 49.952
25 50 0.0048 49.9952
64 49.9952 0.048 49.9472
30 49.9904 0.0048 49.9856
28 50 0.048 49.952
37 50 0.048 49.952
33 50 0.0048 49.9952
42 50 0.0048 49.9952
43 50 0.0048 49.9952
62 50 0.048 49.952
26 50 0.0048 49.9952
46 50 0.0048 49.9952
51 50 0.048 49.952
53 49.952 0.0048 49.9472
44 50 0.048 49.952
29 49.906 0.0048 49.9012
46 49.9952 0.0048 49.9904
53 50 0.048 49.952
30 50 0.0048 49.9952
51 49.952 0.0048 49.9472
53 49.952 0.0048 49.9472
53 49.9472 0.16 49.7872
53 49.7872 0.0016 49.7856
52 50 0.048 49.952
30 49.9952 0.0048 49.9904
64 50 0.0048 49.9952
25 49.9952 0.048 49.9472
38 50 0.0048 49.9952
48 50 0.0048 49.9952
61 50 0.0048 49.9952
36 50 0.048 49.952
55 50 0.048 49.952
49 50 0.048 49.952
41 50 0.048 49.952
48 49.9952 0.0048 49.9904
59 50 0.048 49.952
38 49.9952 0.048 49.9472
25 50 0.0048 49.9952
64 49.9952 0.048 49.9472
30 49.9904 0.0048 49.9856
52 49.952 0.0048 49.9472
53 49.7856 0.0048 49.7808
53 49.7808 0.048 49.7328
64 49.9472 0.0048 49.9424
64 49.9424 0.16 49.7824
30 49.9856 0.016 49.9696
52 49.9472 0.016 49.9312
53 49.7328 0.016 49.7168
53 49.7168 0.016 49.7008
64 49.7824 0.0016 49.7808
53 49.7008 0.048 49.6528
30 49.9696 0.0048 49.9648
51 50 0.0048 49.9952
64 49.7808 0.0048 49.776
53 49.6528 0.0048 49.648
53 49.648 0.16 49.488
53 49.488 0.0016 49.4864
28 50 0.048 49.952
37 50 0.048 49.952
31 50 0.0048 49.9952
32 50 0.0048 49.9952
33 50 0.0048 49.9952
42 50 0.0048 49.9952
62 50 0.048 49.952
26 50 0.0048 49.9952
29 50 0.0048 49.9952
44 50 0.0048 49.9952
46 50 0.0048 49.9952
62 49.952 0.0048 49.9472
62 49.9472 0.16 49.7872
62 49.7872 0.0016 49.7856
51 49.9952 0.048 49.9472
53 49.4864 0.0048 49.4816
44 49.9952 0.048 49.9472
26 49.9952 0.0048 49.9904
29 49.9952 0.0048 49.9904
46 49.9952 0.0048 49.9904
62 49.7856 0.0048 49.7808
52 50 0.048 49.952
30 50 0.0048 49.9952
64 50 0.0048 49.9952
25 49.9952 0.048 49.9472
38 50 0.0048 49.9952
61 50 0.0048 49.9952
36 50 0.048 49.952
55 50 0.048 49.952
49 50 0.048 49.952
41 50 0.048 49.952
48 50 0.0048 49.9952
59 50 0.048 49.952
38 49.9952 0.048 49.9472
25 50 0.0048 49.9952
28 50 0.048 49.952
37 50 0.048 49.952
27 50 0.0048 49.9952
31 50 0.0048 49.9952
32 50 0.0048 49.9952
51 50 0.048 49.952
53 49.838 0.0048 49.8332
44 50 0.048 49.952
26 50 0.0048 49.9952
29 50 0.0048 49.9952
46 50 0.0048 49.9952
62 50 0.0048 49.9952
52 50 0.048 49.952
30 50 0.0048 49.9952
64 50 0.0048 49.9952
25 49.9952 0.048 49.9472
38 50 0.0048 49.9952
48 50 0.0048 49.9952
61 50 0.0048 49.9952
36 50 0.048 49.952
55 50 0.048 49.952
40 50 0.0048 49.9952
49 50 0.048 49.952
41 50 0.048 49.952
48 49.9952 0.0048 49.9904
59 50 0.048 49.952
38 49.9952 0.048 49.9472
25 50 0.0048 49.9952
61 49.9952 0.0048 49.9904
28 50 0.048 49.952
28 49.952 0.0048 49.9472
28 49.9472 0.16 49.7872
28 49.7872 0.0016 49.7856
37 50 0.048 49.952
27 50 0.0048 49.9952
31 50 0.0048 49.9952
51 50 0.048 49.952
44 50 0.048 49.952
26 50 0.0048 49.9952
29 50 0.0048 49.9952
46 50 0.0048 49.9952
62 50 0.0048 49.9952
52 50 0.048 49.952
30 50 0.0048 49.9952
64 50 0.0048 49.9952
25 49.9952 0.048 49.9472
38 50 0.0048 49.9952
61 50 0.0048 49.9952
36 50 0.048 49.952
55 50 0.048 49.952
40 50 0.0048 49.9952
49 50 0.048 49.952
41 50 0.048 49.952
48 50 0.0048 49.9952
59 50 0.048 49.952
38 49.9952 0.048 49.9472
25 50 0.0048 49.9952
61 49.9952 0.0048 49.9904
37 50 0.048 49.952
27 50 0.0048 49.9952
51 50 0.048 49.952
64 50 0.0048 49.9952
44 50 0.048 49.952
26 50 0.0048 49.9952
29 50 0.0048 49.9952
46 50 0.0048 49.9952
62 50 0.0048 49.9952
52 50 0.048 49.952
30 50 0.0048 49.9952
64 49.9952 0.0048 49.9904
25 49.9952 0.048 49.9472
38 50 0.0048 49.9952
61 50 0.0048 49.9952
36 50 0.048 49.952
36 49.952 0.0048 49.9472
36 49.9472 0.16 49.7872
36 49.7872 0.0016 49.7856
55 50 0.048 49.952
40 50 0.0048 49.9952
49 50 0.048 49.952
41 50 0.048 49.952
48 50 0.0048 49.9952
59 50 0.048 49.952
38 49.9952 0.048 49.9472
25 50 0.0048 49.9952
61 49.9952 0.0048 49.9904
37 50 0.048 49.952
25 49.9952 0.0048 49.9904
27 50 0.0048 49.9952
38 49.9472 0.0048 49.9424
51 50 0.048 49.952
62 50 0.048 49.952
26 50 0.0048 49.9952
29 50 0.0048 49.9952
44 50 0.0048 49.9952
46 50 0.0048 49.9952
62 49.952 0.0048 49.9472
62 49.9472 0.16 49.7872
62 49.7872 0.0016 49.7856
44 49.9952 0.048 49.9472
26 49.9952 0.0048 49.9904
29 49.9952 0.0048 49.9904
46 49.9952 0.0048 49.9904
62 49.7856 0.0048 49.7808
52 50 0.048 49.952
30 50 0.0048 49.9952
64 50 0.0048 49.9952
25 49.9904 0.048 49.9424
38 50 0.0048 49.9952
61 50 0.0048 49.9952
55 50 0.048 49.952
40 50 0.0048 49.9952
49 50 0.048 49.952
35 50 0.0048 49.9952
41 50 0.048 49.952
48 50 0.0048 49.9952
59 50 0.048 49.952
38 49.9952 0.048 49.9472
25 50 0.0048 49.9952
61 49.9952 0.0048 49.9904
37 50 0.048 49.952
25 49.9952 0.0048 49.9904
38 49.9472 0.0048 49.9424
61 49.9904 0.0048 49.9856
51 50 0.048 49.952
44 50 0.048 49.952
26 50 0.0048 49.9952
29 50 0.0048 49.9952
46 50 0.0048 49.9952
62 50 0.0048 49.9952
52 50 0.048 49.952
30 50 0.0048 49.9952
64 50 0.0048 49.9952
25 49.9904 0.048 49.9424
38 50 0.0048 49.9952
61 50 0.0048 49.9952
55 50 0.048 49.952
40 50 0.0048 49.9952
49 50 0.048 49.952
35 50 0.0048 49.9952
41 50 0.048 49.952
48 50 0.0048 49.9952
59 50 0.048 49.952
38 49.9952 0.048 49.9472
25 50 0.0048 49.9952
37 50 0.048 49.952
25 49.9952 0.0048 49.9904
38 49.9472 0.0048 49.9424
41 49.952 0.0048 49.9472
48 49.9952 0.0048 49.9904
61 49.9952 0.0048 49.9904
51 50 0.048 49.952
64 50 0.0048 49.9952
56 50 0.048 49.952
44 50 0.048 49.952
26 50 0.0048 49.9952
46 50 0.0048 49.9952
52 50 0.048 49.952
30 50 0.0048 49.9952
64 49.9952 0.0048 49.9904
25 49.9904 0.048 49.9424
38 50 0.0048 49.9952
55 50 0.048 49.952
49 50 0.048 49.952
35 50 0.0048 49.9952
41 50 0.048 49.952
48 50 0.0048 49.9952
59 50 0.048 49.952
37 50 0.0048 49.9952
38 49.9952 0.048 49.9472
25 50 0.0048 49.9952
37 49.9952 0.048 49.9472
59 49.952 0.0048 49.9472
38 49.9472 0.0048 49.9424
41 49.952 0.0048 49.9472
48 49.9952 0.0048 49.9904
51 50 0.048 49.952
64 50 0.0048 49.9952
56 50 0.048 49.952
44 50 0.048 49.952
26 50 0.0048 49.9952
46 50 0.0048 49.9952
52 50 0.048 49.952
30 50 0.0048 49.9952
64 49.9952 0.0048 49.9904
25 49.9952 0.048 49.9472
38 50 0.0048 49.9952
55 50 0.048 49.952
49 50 0.048 49.952
41 50 0.048 49.952
48 50 0.0048 49.9952
59 50 0.048 49.952
37 50 0.0048 49.9952
59 49.952 0.0048 49.9472
59 49.9472 0.16 49.7872
59 49.7872 0.0016 49.7856
38 49.9952 0.048 49.9472
25 50 0.0048 49.9952
38 49.9472 0.0048 49.9424
38 49.9424 0.16 49.7824
38 49.7824 0.0016 49.7808
37 49.9952 0.048 49.9472
59 49.7856 0.0048 49.7808
51 50 0.048 49.952
64 50 0.0048 49.9952
34 50 0.048 49.952
56 50 0.048 49.952
44 50 0.048 49.952
26 50 0.0048 49.9952
46 50 0.0048 49.9952
52 50 0.048 49.952
64 49.9952 0.0048 49.9904
25 49.9952 0.048 49.9472
61 50 0.0048 49.9952
55 50 0.048 49.952
49 50 0.048 49.952
35 50 0.0048 49.9952
41 50 0.048 49.952
48 50 0.0048 49.9952
37 50 0.048 49.952
51 50 0.048 49.952
64 50 0.0048 49.9952
34 50 0.048 49.952
56 50 0.048 49.952
44 50 0.048 49.952
62 50 0.0048 49.9952
52 50 0.048 49.952
64 49.9952 0.0048 49.9904
25 50 0.048 49.952
61 50 0.0048 49.9952
55 50 0.048 49.952
49 50 0.048 49.952
41 50 0.048 49.952
48 50 0.0048 49.9952
37 50 0.048 49.952
51 50 0.048 49.952
64 50 0.0048 49.9952
34 50 0.048 49.952
56 50 0.048 49.952
44 50 0.048 49.952
46 50 0.0048 49.9952
44 49.952 0.0048 49.9472
44 49.9472 0.16 49.7872
44 49.7872 0.0016 49.7856
52 50 0.048 49.952
64 49.9952 0.0048 49.9904
25 50 0.048 49.952
61 50 0.0048 49.9952
55 50 0.048 49.952
49 50 0.048 49.952
35 50 0.0048 49.9952
49 49.952 0.0048 49.9472
49 49.9472 0.16 49.7872
49 49.7872 0.0016 49.7856
41 50 0.048 49.952
48 50 0.0048 49.9952
37 50 0.048 49.952
51 50 0.048 49.952
64 50 0.0048 49.9952
34 50 0.048 49.952
56 50 0.048 49.952
52 50 0.048 49.952
64 49.9952 0.0048 49.9904
25 50 0.048 49.952
38 50 0.0048 49.9952
38 49.9952 0.048 49.9472
61 50 0.0048 49.9952
25 49.952 0.0048 49.9472
25 49.9472 0.16 49.7872
38 49.9472 0.016 49.9312
38 49.9312 0.016 49.9152
25 49.7872 0.0016 49.7856
38 49.9152 0.048 49.8672
25 49.7856 0.0048 49.7808
38 49.8672 0.0048 49.8624
38 49.8624 0.16 49.7024
61 49.9952 0.016 49.9792
38 49.7024 0.0016 49.7008
55 50 0.048 49.952
41 50 0.048 49.952
48 50 0.0048 49.9952
31 50 0.048 49.952
37 50 0.048 49.952
30 50 0.0048 49.9952
51 50 0.0048 49.9952
53 50 0.0048 49.9952
64 50 0.0048 49.9952
51 49.9952 0.048 49.9472
64 49.9952 0.0048 49.9904
34 50 0.048 49.952
56 50 0.0048 49.9952
56 49.9952 0.048 49.9472
34 49.952 0.0048 49.9472
52 50 0.048 49.952
30 50 0.0048 49.9952
30 49.9952 0.048 49.9472
52 49.952 0.0048 49.9472
52 49.9472 0.16 49.7872
30 49.9472 0.016 49.9312
30 49.9312 0.016 49.9152
52 49.7872 0.0016 49.7856
30 49.9152 0.048 49.8672
52 49.7856 0.0048 49.7808
55 50 0.048 49.952
41 50 0.048 49.952
48 50 0.0048 49.9952
31 50 0.048 49.952
37 50 0.048 49.952
30 49.8672 0.0048 49.8624
51 50 0.0048 49.9952
52 49.7808 0.0048 49.776
53 50 0.0048 49.9952
64 50 0.0048 49.9952
51 49.9952 0.048 49.9472
48 50 0.048 49.952
41 49.952 0.0048 49.9472
34 50 0.048 49.952
56 50 0.0048 49.9952
56 49.9952 0.048 49.9472
34 49.952 0.0048 49.9472
30 50 0.048 49.952
52 50 0.0048 49.9952
30 49.952 0.0048 49.9472
30 49.9472 0.16 49.7872
30 49.7872 0.0016 49.7856
53 50 0.048 49.952
52 49.9952 0.0048 49.9904
64 49.9952 0.0048 49.9904
55 50 0.048 49.952
55 49.952 0.0048 49.9472
55 49.9472 0.16 49.7872
55 49.7872 0.0016 49.7856
41 50 0.048 49.952
48 49.952 0.0048 49.9472
31 50 0.048 49.952
37 50 0.048 49.952
30 49.7856 0.0048 49.7808
45 50 0.0048 49.9952
52 49.9904 0.0048 49.9856
53 49.952 0.0048 49.9472
54 50 0.0048 49.9952
58 50 0.0048 49.9952
64 50 0.0048 49.9952
51 50 0.048 49.952
48 50 0.048 49.952
41 49.952 0.0048 49.9472
47 50 0.048 49.952
54 50 0.0048 49.9952
54 49.9952 0.048 49.9472
60 50 0.0048 49.9952
47 49.952 0.0048 49.9472
47 49.9472 0.16 49.7872
54 49.9472 0.016 49.9312
54 49.9312 0.016 49.9152
47 49.7872 0.0016 49.7856
54 49.9152 0.048 49.8672
47 49.7856 0.0048 49.7808
58 49.9952 0.0048 49.9904
60 49.9952 0.016 49.9792
34 50 0.048 49.952
56 50 0.0048 49.9952
56 49.9952 0.048 49.9472
34 49.952 0.0048 49.9472
53 50 0.048 49.952
52 50 0.0048 49.9952
64 49.9952 0.0048 49.9904
41 50 0.048 49.952
48 49.952 0.0048 49.9472
31 50 0.048 49.952
37 50 0.048 49.952
30 50 0.0048 49.9952
45 50 0.0048 49.9952
47 50 0.0048 49.9952
52 49.9952 0.0048 49.9904
54 49.8672 0.0048 49.8624
58 50 0.0048 49.9952
51 50 0.048 49.952
48 50 0.048 49.952
41 49.952 0.0048 49.9472
48 49.952 0.0048 49.9472
48 49.9472 0.16 49.7872
48 49.7872 0.0016 49.7856
54 50 0.048 49.952
45 49.9952 0.0048 49.9904
47 49.9952 0.0048 49.9904
58 49.9952 0.0048 49.9904
54 49.952 0.0048 49.9472
54 49.9472 0.16 49.7872
54 49.7872 0.0016 49.7856
34 50 0.048 49.952
56 50 0.0048 49.9952
56 49.9952 0.048 49.9472
34 49.952 0.0048 49.9472
53 50 0.048 49.952
30 50 0.0048 49.9952
30 49.9952 0.048 49.9472
52 50 0.0048 49.9952
52 49.9952 0.048 49.9472
64 50 0.0048 49.9952
53 49.952 0.0096 49.9424
53 49.9424 0.16 49.7824
30 49.9472 0.016 49.9312
52 49.9472 0.016 49.9312
52 49.9312 0.016 49.9152
53 49.7824 0.0016 49.7808
52 49.9152 0.048 49.8672
30 49.9312 0.0048 49.9264
53 49.7808 0.0048 49.776
64 49.9952 0.0048 49.9904
52 49.8672 0.0048 49.8624
52 49.8624 0.16 49.7024
64 49.9904 0.016 49.9744
52 49.7024 0.0016 49.7008
41 50 0.048 49.952
48 49.7856 0.0048 49.7808
31 50 0.048 49.952
37 50 0.048 49.952
45 50 0.0048 49.9952
47 50 0.0048 49.9952
54 49.7856 0.0048 49.7808
58 50 0.0048 49.9952
60 50 0.0048 49.9952
51 50 0.048 49.952
34 50 0.048 49.952
56 50 0.0048 49.9952
56 49.9952 0.048 49.9472
34 49.952 0.0048 49.9472
41 50 0.048 49.952
31 50 0.048 49.952
37 50 0.048 49.952
45 50 0.0048 49.9952
47 50 0.0048 49.9952
60 50 0.0048 49.9952
40 50 0.048 49.952
55 50 0.0048 49.9952
55 49.9952 0.048 49.9472
40 49.952 0.0096 49.9424
40 49.9424 0.16 49.7824
40 49.7824 0.0016 49.7808
51 50 0.048 49.952
34 50 0.048 49.952
56 50 0.0048 49.9952
56 49.9952 0.048 49.9472
34 49.952 0.0048 49.9472
41 50 0.048 49.952
48 50 0.0048 49.9952
31 50 0.048 49.952
37 50 0.048 49.952
51 50 0.048 49.952
53 50 0.0048 49.9952
53 49.9952 0.048 49.9472
51 49.952 0.0048 49.9472
51 49.9472 0.16 49.7872
53 49.9472 0.016 49.9312
53 49.9312 0.016 49.9152
51 49.7872 0.0016 49.7856
53 49.9152 0.048 49.8672
30 50 0.0048 49.9952
30 49.9952 0.048 49.9472
51 49.7856 0.0048 49.7808
52 50 0.0048 49.9952
52 49.9952 0.048 49.9472
64 50 0.0048 49.9952
53 49.8672 0.0096 49.8576
53 49.8576 0.16 49.6976
30 49.9472 0.016 49.9312
52 49.9472 0.016 49.9312
52 49.9312 0.016 49.9152
53 49.6976 0.0016 49.696
52 49.9152 0.048 49.8672
30 49.9312 0.0048 49.9264
53 49.696 0.0048 49.6912
64 49.9952 0.0048 49.9904
64 49.9904 0.016 49.9744
34 50 0.048 49.952
56 50 0.0048 49.9952
56 49.9952 0.048 49.9472
34 49.952 0.0048 49.9472
63 50 0.048 49.952
63 49.952 0.0048 49.9472
63 49.9472 0.16 49.7872
63 49.7872 0.0016 49.7856
41 50 0.048 49.952
48 50 0.0048 49.9952
31 50 0.048 49.952
50 50 0.048 49.952
37 50 0.048 49.952
37 49.952 0.0048 49.9472
37 49.9472 0.16 49.7872
37 49.7872 0.0016 49.7856
32 50 0.048 49.952
31 49.952 0.0048 49.9472
52 50 0.048 49.952
30 50 0.0048 49.9952
53 49.7931 0.0048 49.7883
64 50 0.0048 49.9952
52 49.952 0.0048 49.9472
52 49.9472 0.16 49.7872
52 49.7872 0.0016 49.7856
34 50 0.048 49.952
56 50 0.048 49.952
61 50 0.048 49.952
25 50 0.0048 49.9952
38 50 0.0048 49.9952
38 49.9952 0.048 49.9472
61 49.952 0.0048 49.9472
61 49.9472 0.16 49.7872
25 49.9952 0.016 49.9792
38 49.9472 0.016 49.9312
38 49.9312 0.016 49.9152
61 49.7872 0.0016 49.7856
38 49.9152 0.048 49.8672
25 49.9792 0.0048 49.9744
61 49.7856 0.0048 49.7808
46 50 0.048 49.952
29 50 0.0048 49.9952
41 50 0.048 49.952
42 50 0.048 49.952
33 50 0.0048 49.9952
43 50 0.0048 49.9952
42 49.952 0.0048 49.9472
42 49.9472 0.16 49.7872
42 49.7872 0.0016 49.7856
31 50 0.048 49.952
50 50 0.048 49.952
32 50 0.048 49.952
34 50 0.048 49.952
56 50 0.048 49.952
38 50 0.048 49.952
25 50 0.0048 49.9952
61 49.9735 0.0048 49.9687
38 49.952 0.0048 49.9472
38 49.9472 0.16 49.7872
38 49.7872 0.0016 49.7856
46 50 0.048 49.952
29 50 0.0048 49.9952
44 50 0.0048 49.9952
44 49.9952 0.048 49.9472
46 49.952 0.0048 49.9472
46 49.9472 0.16 49.7872
29 49.9952 0.016 49.9792
44 49.9472 0.016 49.9312
44 49.9312 0.016 49.9152
46 49.7872 0.0016 49.7856
44 49.9152 0.048 49.8672
46 49.7856 0.0048 49.7808
41 50 0.048 49.952
43 50 0.048 49.952
42 49.9345 0.0048 49.9297
42 49.9297 0.048 49.8817
43 49.952 0.0096 49.9424
43 49.9424 0.16 49.7824
43 49.7824 0.0016 49.7808
31 50 0.048 49.952
50 50 0.048 49.952
59 50 0.0048 49.9952
32 50 0.048 49.952
32 49.952 0.0048 49.9472
32 49.9472 0.16 49.7872
32 49.7872 0.0016 49.7856
34 50 0.048 49.952
56 50 0.048 49.952
44 50 0.048 49.952
46 50 0.0048 49.9952
41 50 0.048 49.952
41 49.952 0.0048 49.9472
41 49.9472 0.16 49.7872
41 49.7872 0.0016 49.7856
31 50 0.048 49.952
50 50 0.048 49.952
49 50 0.048 49.952
49 49.952 0.0048 49.9472
49 49.9472 0.16 49.7872
49 49.7872 0.0016 49.7856
37 50 0.0048 49.9952
59 50 0.0048 49.9952
34 50 0.048 49.952
34 49.952 0.0048 49.9472
34 49.9472 0.16 49.7872
34 49.7872 0.0016 49.7856
56 50 0.048 49.952
44 50 0.048 49.952
46 50 0.0048 49.9952
62 50 0.0048 49.9952
44 49.952 0.0048 49.9472
44 49.9472 0.16 49.7872
44 49.7872 0.0016 49.7856
31 50 0.048 49.952
50 50 0.048 49.952
37 50 0.0048 49.9952
59 50 0.0048 49.9952
56 50 0.048 49.952
31 50 0.048 49.952
31 49.952 0.0048 49.9472
31 49.9472 0.16 49.7872
31 49.7872 0.0016 49.7856
50 50 0.048 49.952
37 50 0.0048 49.9952
59 50 0.0048 49.9952
56 50 0.048 49.952
50 50 0.048 49.952
37 50 0.0048 49.9952
57 50 0.0048 49.9952
56 50 0.048 49.952
35 50 0.048 49.952
36 50 0.048 49.952
50 50 0.048 49.952
57 50 0.0048 49.9952
56 50 0.048 49.952
35 50 0.048 49.952
49 50 0.0048 49.9952
45 50 0.048 49.952
47 50 0.0048 49.9952
54 50 0.0048 49.9952
60 50 0.0048 49.9952
45 49.952 0.0048 49.9472
45 49.9472 0.16 49.7872
45 49.7872 0.0016 49.7856
36 50 0.048 49.952
50 50 0.048 49.952
34 50 0.0048 49.9952
57 50 0.0048 49.9952
56 50 0.048 49.952
35 50 0.048 49.952
49 50 0.0048 49.9952
36 50 0.048 49.952
58 50 0.048 49.952
58 49.952 0.0048 49.9472
58 49.9472 0.16 49.7872
58 49.7872 0.0016 49.7856
30 50 0.048 49.952
52 50 0.0048 49.9952
53 50 0.0048 49.9952
64 50 0.0048 49.9952
30 49.952 0.0048 49.9472
30 49.9472 0.16 49.7872
30 49.7872 0.0016 49.7856
50 50 0.048 49.952
34 50 0.0048 49.9952
56 50 0.0048 49.9952
57 50 0.0048 49.9952
56 49.9952 0.048 49.9472
35 50 0.048 49.952
49 50 0.0048 49.9952
35 49.952 0.0048 49.9472
35 49.9472 0.16 49.7872
35 49.7872 0.0016 49.7856
39 50 0.048 49.952
36 50 0.048 49.952
50 50 0.048 49.952
29 50 0.048 49.952
34 50 0.0048 49.9952
56 50 0.0048 49.9952
38 50 0.048 49.952
61 50 0.0048 49.9952
56 49.9952 0.048 49.9472
39 50 0.048 49.952
36 50 0.048 49.952
50 50 0.048 49.952
29 50 0.048 49.952
28 50 0.0048 49.9952
34 50 0.0048 49.9952
56 50 0.0048 49.9952
38 50 0.048 49.952
61 50 0.0048 49.9952
56 49.9952 0.048 49.9472
57 50 0.048 49.952
57 49.952 0.0048 49.9472
57 49.9472 0.16 49.7872
57 49.7872 0.0016 49.7856
39 50 0.048 49.952
39 49.952 0.0048 49.9472
39 49.9472 0.16 49.7872
39 49.7872 0.0016 49.7856
36 50 0.048 49.952
43 50 0.0048 49.9952
43 49.9952 0.048 49.9472
36 49.952 0.0048 49.9472
36 49.9472 0.16 49.7872
43 49.9472 0.016 49.9312
43 49.9312 0.016 49.9152
36 49.7872 0.0016 49.7856
43 49.9152 0.048 49.8672
33 50 0.0048 49.9952
33 49.9952 0.048 49.9472
36 49.7856 0.0048 49.7808
43 49.8672 0.0048 49.8624
43 49.8624 0.16 49.7024
33 49.9472 0.016 49.9312
33 49.9312 0.016 49.9152
43 49.7024 0.0016 49.7008
33 49.9152 0.048 49.8672
42 50 0.0048 49.9952
43 49.7008 0.0048 49.696
50 50 0.048 49.952
29 50 0.048 49.952
28 50 0.0048 49.9952
63 50 0.0048 49.9952
38 50 0.048 49.952
56 50 0.048 49.952
56 49.952 0.0048 49.9472
56 49.9472 0.16 49.7872
56 49.7872 0.0016 49.7856
33 50 0.048 49.952
42 50 0.0048 49.9952
43 49.8253 0.0048 49.8205
50 50 0.048 49.952
29 50 0.048 49.952
28 50 0.0048 49.9952
63 50 0.0048 49.9952
38 50 0.048 49.952
55 50 0.048 49.952
33 50 0.048 49.952
50 50 0.048 49.952
29 50 0.048 49.952
28 50 0.0048 49.9952
50 49.952 0.0048 49.9472
63 50 0.0048 49.9952
38 50 0.048 49.952
61 50 0.0048 49.9952
28 50 0.048 49.952
28 49.952 0.0048 49.9472
28 49.9472 0.16 49.7872
28 49.7872 0.0016 49.7856
55 50 0.048 49.952
33 50 0.048 49.952
42 50 0.0048 49.9952
50 50 0.048 49.952
29 50 0.0048 49.9952
29 49.9952 0.048 49.9472
50 49.952 0.0048 49.9472
29 49.9472 0.0048 49.9424
44 50 0.0048 49.9952
50 49.9472 0.0048 49.9424
62 50 0.0048 49.9952
63 50 0.0048 49.9952
38 50 0.048 49.952
61 50 0.0048 49.9952
55 50 0.048 49.952
33 50 0.048 49.952
50 50 0.048 49.952
29 50 0.0048 49.9952
29 49.9952 0.048 49.9472
50 49.952 0.0048 49.9472
26 50 0.0048 49.9952
29 49.9472 0.0048 49.9424
44 50 0.0048 49.9952
46 50 0.0048 49.9952
62 50 0.0048 49.9952
38 50 0.048 49.952
25 50 0.0048 49.9952
61 50 0.0048 49.9952
38 49.952 0.0048 49.9472
38 49.9472 0.16 49.7872
38 49.7872 0.0016 49.7856
55 50 0.048 49.952
33 50 0.048 49.952
50 50 0.048 49.952
29 50 0.048 49.952
26 50 0.0048 49.9952
29 49.952 0.0048 49.9472
44 50 0.0048 49.9952
46 50 0.0048 49.9952
62 50 0.0048 49.9952
27 50 0.048 49.952
55 50 0.048 49.952
55 49.952 0.0048 49.9472
55 49.9472 0.16 49.7872
55 49.7872 0.0016 49.7856
48 50 0.048 49.952
41 50 0.0048 49.9952
48 49.952 0.0048 49.9472
48 49.9472 0.16 49.7872
48 49.7872 0.0016 49.7856
33 50 0.048 49.952
52 50 0.048 49.952
30 50 0.0048 49.9952
53 50 0.0048 49.9952
50 50 0.048 49.952
29 50 0.048 49.952
44 50 0.0048 49.9952
46 50 0.0048 49.9952
62 50 0.0048 49.9952
26 50 0.048 49.952
44 49.9952 0.0048 49.9904
44 49.9904 0.048 49.9424
26 49.952 0.0048 49.9472
26 49.9472 0.16 49.7872
44 49.9424 0.016 49.9264
44 49.9264 0.016 49.9104
26 49.7872 0.0016 49.7856
44 49.9104 0.048 49.8624
26 49.7856 0.0048 49.7808
62 49.9952 0.0048 49.9904
44 49.8624 0.0048 49.8576
44 49.8576 0.16 49.6976
44 49.6976 0.0016 49.696
27 50 0.048 49.952
33 50 0.048 49.952
43 50 0.0048 49.9952
52 50 0.048 49.952
30 50 0.0048 49.9952
50 50 0.048 49.952
29 50 0.0048 49.9952
29 49.9952 0.048 49.9472
50 49.952 0.0048 49.9472
62 50 0.0048 49.9952
62 49.9952 0.048 49.9472
29 49.9472 0.0048 49.9424
29 49.9424 0.16 49.7824
50 49.9472 0.016 49.9312
62 49.9472 0.016 49.9312
62 49.9312 0.016 49.9152
29 49.7824 0.0016 49.7808
62 49.9152 0.048 49.8672
29 49.7808 0.0048 49.776
44 49.8085 0.0048 49.8037
46 50 0.0048 49.9952
62 49.8672 0.0048 49.8624
62 49.8624 0.16 49.7024
62 49.7024 0.0016 49.7008
27 50 0.048 49.952
33 50 0.048 49.952
42 50 0.0048 49.9952
43 50 0.0048 49.9952
52 50 0.048 49.952
30 50 0.0048 49.9952
51 50 0.0048 49.9952
50 50 0.048 49.952
29 50 0.0048 49.9952
29 49.9952 0.048 49.9472
50 49.952 0.0048 49.9472
50 49.9472 0.16 49.7872
29 49.9472 0.016 49.9312
29 49.9312 0.016 49.9152
50 49.7872 0.0016 49.7856
29 49.9152 0.048 49.8672
50 49.7856 0.0048 49.7808
62 49.8766 0.0048 49.8718
62 49.8718 0.048 49.8238
29 49.8672 0.0048 49.8624
29 49.8624 0.16 49.7024
62 49.8238 0.016 49.8078
62 49.8078 0.016 49.7918
29 49.7024 0.0016 49.7008
62 49.7918 0.048 49.7438
29 49.7008 0.0048 49.696
46 50 0.0048 49.9952
39 50 0.0048 49.9952
27 50 0.048 49.952
60 50 0.048 49.952
45 50 0.0048 49.9952
47 50 0.0048 49.9952
33 50 0.048 49.952
52 50 0.048 49.952
30 50 0.0048 49.9952
51 50 0.0048 49.9952
62 49.888 0.048 49.84
29 50 0.0048 49.9952
46 50 0.0048 49.9952
62 49.84 0.0048 49.8352
62 49.8352 0.16 49.6752
62 49.6752 0.0016 49.6736
39 50 0.0048 49.9952
27 50 0.048 49.952
60 50 0.048 49.952
45 50 0.0048 49.9952
47 50 0.0048 49.9952
54 50 0.048 49.952
47 50 0.0048 49.9952
47 49.9952 0.048 49.9472
54 49.952 0.0048 49.9472
54 49.9472 0.16 49.7872
47 49.9472 0.016 49.9312
47 49.9312 0.016 49.9152
54 49.7872 0.0016 49.7856
47 49.9152 0.048 49.8672
54 49.7856 0.0048 49.7808
60 49.952 0.0048 49.9472
33 50 0.048 49.952
52 50 0.048 49.952
30 50 0.0048 49.9952
39 50 0.0048 49.9952
27 50 0.048 49.952
60 50 0.048 49.952
45 50 0.0048 49.9952
47 49.8672 0.0048 49.8624
47 50 0.048 49.952
54 50 0.0048 49.9952
60 49.952 0.0048 49.9472
33 50 0.048 49.952
43 50 0.0048 49.9952
52 50 0.048 49.952
30 50 0.0048 49.9952
51 50 0.0048 49.9952
39 50 0.0048 49.9952
40 50 0.0048 49.9952
55 50 0.0048 49.9952
27 50 0.048 49.952
60 50 0.048 49.952
45 50 0.0048 49.9952
47 49.952 0.0048 49.9472
47 50 0.048 49.952
45 49.9952 0.0048 49.9904
60 49.952 0.0048 49.9472
33 50 0.048 49.952
43 50 0.0048 49.9952
33 49.952 0.0048 49.9472
33 49.9472 0.16 49.7872
33 49.7872 0.0016 49.7856
52 50 0.048 49.952
30 50 0.0048 49.9952
51 50 0.0048 49.9952
40 50 0.0048 49.9952
55 50 0.0048 49.9952
27 50 0.048 49.952
60 50 0.048 49.952
45 50 0.0048 49.9952
47 49.952 0.0048 49.9472
47 50 0.048 49.952
60 49.952 0.0048 49.9472
52 50 0.048 49.952
30 50 0.0048 49.9952
42 50 0.048 49.952
40 50 0.0048 49.9952
55 50 0.0048 49.9952
27 50 0.048 49.952
27 49.952 0.0048 49.9472
27 49.9472 0.16 49.7872
27 49.7872 0.0016 49.7856
60 50 0.048 49.952
45 50 0.0048 49.9952
47 49.952 0.0048 49.9472
47 50 0.048 49.952
54 50 0.0048 49.9952
60 49.952 0.0048 49.9472
63 50 0.048 49.952
63 49.952 0.0048 49.9472
63 49.9472 0.16 49.7872
63 49.7872 0.0016 49.7856
52 50 0.048 49.952
30 50 0.0048 49.9952
51 50 0.0048 49.9952
42 50 0.048 49.952
55 50 0.0048 49.9952
60 50 0.048 49.952
45 50 0.0048 49.9952
47 49.952 0.0048 49.9472
47 50 0.048 49.952
54 50 0.0048 49.9952
60 49.952 0.0048 49.9472
64 50 0.048 49.952
53 50 0.0048 49.9952
64 49.952 0.0048 49.9472
64 49.9472 0.16 49.7872
64 49.7872 0.0016 49.7856
52 50 0.048 49.952
30 50 0.0048 49.9952
51 50 0.0048 49.9952
42 50 0.048 49.952
60 50 0.048 49.952
47 49.952 0.0048 49.9472
54 50 0.0048 49.9952
47 50 0.048 49.952
45 50 0.0048 49.9952
60 49.952 0.0048 49.9472
52 50 0.048 49.952
30 50 0.0048 49.9952
51 50 0.0048 49.9952
42 50 0.048 49.952
42 49.952 0.0048 49.9472
42 49.9472 0.16 49.7872
42 49.7872 0.0016 49.7856
35 50 0.0048 49.9952
49 50 0.0048 49.9952
60 50 0.048 49.952
47 49.952 0.0048 49.9472
54 50 0.0048 49.9952
60 49.952 0.0048 49.9472
60 49.9472 0.16 49.7872
60 49.7872 0.0016 49.7856
59 50 0.048 49.952
37 50 0.0048 49.9952
37 49.9952 0.048 49.9472
59 49.952 0.0096 49.9424
59 49.9424 0.16 49.7824
59 49.7824 0.0016 49.7808
47 50 0.048 49.952
45 50 0.0048 49.9952
60 49.7856 0.0048 49.7808
52 50 0.048 49.952
30 50 0.0048 49.9952
51 50 0.0048 49.9952
53 50 0.0048 49.9952
35 50 0.0048 49.9952
36 50 0.0048 49.9952
49 50 0.0048 49.9952
40 50 0.048 49.952
55 50 0.0048 49.9952
55 49.9952 0.048 49.9472
40 49.952 0.0048 49.9472
40 49.9472 0.16 49.7872
55 49.9472 0.016 49.9312
55 49.9312 0.016 49.9152
40 49.7872 0.0016 49.7856
55 49.9152 0.048 49.8672
40 49.7856 0.0048 49.7808
55 49.8672 0.0048 49.8624
55 49.8624 0.16 49.7024
55 49.7024 0.0016 49.7008
41 50 0.048 49.952
48 50 0.0048 49.9952
61 50 0.0048 49.9952
47 50 0.048 49.952
45 50 0.0048 49.9952
54 50 0.0048 49.9952
60 50 0.0048 49.9952
52 50 0.048 49.952
30 50 0.0048 49.9952
53 50 0.0048 49.9952
35 50 0.0048 49.9952
36 50 0.0048 49.9952
43 50 0.0048 49.9952
41 50 0.048 49.952
48 50 0.0048 49.9952
47 50 0.048 49.952
60 50 0.0048 49.9952
52 50 0.048 49.952
30 50 0.0048 49.9952
53 50 0.0048 49.9952
64 50 0.0048 49.9952
52 49.952 0.0048 49.9472
52 49.9472 0.16 49.7872
52 49.7872 0.0016 49.7856
33 50 0.0048 49.9952
36 50 0.0048 49.9952
42 50 0.0048 49.9952
43 50 0.0048 49.9952
43 49.9952 0.048 49.9472
36 49.9952 0.0048 49.9904
43 49.9472 0.0048 49.9424
43 49.9424 0.16 49.7824
43 49.7824 0.0016 49.7808
41 50 0.048 49.952
48 50 0.0048 49.9952
47 50 0.048 49.952
45 50 0.0048 49.9952
60 50 0.0048 49.9952
36 50 0.048 49.952
43 49.7808 0.0048 49.776
36 49.952 0.0048 49.9472
36 49.9472 0.16 49.7872
36 49.7872 0.0016 49.7856
33 50 0.0048 49.9952
36 49.7856 0.0048 49.7808
42 50 0.0048 49.9952
43 50 0.0048 49.9952
41 50 0.048 49.952
48 50 0.0048 49.9952
47 50 0.048 49.952
45 50 0.0048 49.9952
47 49.952 0.0048 49.9472
47 49.9472 0.16 49.7872
47 49.7872 0.0016 49.7856
35 50 0.048 49.952
32 50 0.0048 49.9952
33 50 0.0048 49.9952
36 50 0.0048 49.9952
42 50 0.0048 49.9952
43 50 0.0048 49.9952
41 50 0.048 49.952
48 50 0.0048 49.9952
35 50 0.048 49.952
31 50 0.0048 49.9952
32 50 0.0048 49.9952
42 50 0.0048 49.9952
41 50 0.048 49.952
48 50 0.0048 49.9952
46 50 0.048 49.952
44 50 0.0048 49.9952
62 50 0.0048 49.9952
35 50 0.048 49.952
49 50 0.0048 49.9952
27 50 0.0048 49.9952
31 50 0.0048 49.9952
32 50 0.0048 49.9952
41 50 0.048 49.952
48 50 0.0048 49.9952
31 49.9952 0.048 49.9472
32 49.9952 0.048 49.9472
32 49.9472 0.0048 49.9424
32 49.9424 0.16 49.7824
32 49.7824 0.0016 49.7808
46 50 0.048 49.952
29 50 0.0048 49.9952
44 50 0.0048 49.9952
62 50 0.0048 49.9952
35 50 0.048 49.952
49 50 0.0048 49.9952
27 50 0.0048 49.9952
32 50 0.0048 49.9952
41 50 0.048 49.952
48 50 0.0048 49.9952
31 50 0.048 49.952
46 50 0.048 49.952
44 50 0.0048 49.9952
62 50 0.0048 49.9952
35 50 0.048 49.952
25 50 0.0048 49.9952
27 50 0.0048 49.9952
38 50 0.0048 49.9952
41 50 0.048 49.952
48 50 0.0048 49.9952
31 50 0.048 49.952
46 50 0.048 49.952
44 50 0.0048 49.9952
62 50 0.0048 49.9952
35 50 0.048 49.952
25 50 0.0048 49.9952
38 50 0.0048 49.9952
61 50 0.0048 49.9952
41 50 0.048 49.952
48 50 0.0048 49.9952
61 49.9952 0.0048 49.9904
61 49.9904 0.048 49.9424
41 49.952 0.0048 49.9472
41 49.9472 0.16 49.7872
48 49.9952 0.016 49.9792
61 49.9424 0.016 49.9264
61 49.9264 0.016 49.9104
41 49.7872 0.0016 49.7856
61 49.9104 0.048 49.8624
41 49.7856 0.0048 49.7808
48 49.9792 0.0048 49.9744
25 49.9952 0.048 49.9472
38 49.9952 0.0048 49.9904
31 50 0.048 49.952
46 50 0.048 49.952
44 50 0.0048 49.9952
62 50 0.0048 49.9952
35 50 0.048 49.952
25 50 0.0048 49.9952
38 50 0.0048 49.9952
41 50 0.0048 49.9952
48 49.9744 0.0048 49.9696
61 50 0.0048 49.9952
61 49.9952 0.048 49.9472
48 50 0.0048 49.9952
61 49.9472 0.0048 49.9424
61 49.9424 0.16 49.7824
61 49.7824 0.0016 49.7808
25 49.9952 0.048 49.9472
38 49.9952 0.0048 49.9904
31 50 0.048 49.952
58 50 0.048 49.952
58 49.952 0.0048 49.9472
58 49.9472 0.16 49.7872
58 49.7872 0.0016 49.7856
55 50 0.048 49.952
40 50 0.0048 49.9952
46 50 0.048 49.952
44 50 0.0048 49.9952
51 50 0.048 49.952
53 50 0.0048 49.9952
53 49.9952 0.048 49.9472
64 50 0.0048 49.9952
64 49.9952 0.048 49.9472
51 49.952 0.0096 49.9424
51 49.9424 0.16 49.7824
53 49.9472 0.016 49.9312
64 49.9472 0.016 49.9312
64 49.9312 0.016 49.9152
51 49.7824 0.0016 49.7808
64 49.9152 0.048 49.8672
30 50 0.0048 49.9952
30 49.9952 0.048 49.9472
51 49.7808 0.0048 49.776
52 50 0.0048 49.9952
52 49.9952 0.048 49.9472
53 49.9312 0.0048 49.9264
64 49.8672 0.0144 49.8528
64 49.8528 0.16 49.6928
64 49.6928 0.0016 49.6912
47 50 0.048 49.952
60 50 0.0048 49.9952
35 50 0.048 49.952
25 50 0.0048 49.9952
38 50 0.0048 49.9952
41 50 0.0048 49.9952
48 49.9952 0.0048 49.9904
61 49.902 0.0048 49.8972
26 50 0.048 49.952
62 50 0.0048 49.9952
62 49.9952 0.048 49.9472
26 49.952 0.0048 49.9472
26 49.9472 0.16 49.7872
62 49.9472 0.016 49.9312
62 49.9312 0.016 49.9152
26 49.7872 0.0016 49.7856
62 49.9152 0.048 49.8672
26 49.7856 0.0048 49.7808
25 49.9952 0.048 49.9472
38 49.9952 0.0048 49.9904
31 50 0.048 49.952
55 50 0.048 49.952
40 50 0.0048 49.9952
46 50 0.048 49.952
44 50 0.0048 49.9952
62 49.8672 0.0048 49.8624
44 49.9952 0.048 49.9472
46 49.952 0.0048 49.9472
47 50 0.048 49.952
60 50 0.0048 49.9952
35 50 0.048 49.952
41 50 0.0048 49.9952
48 50 0.0048 49.9952
61 50 0.0048 49.9952
62 50 0.048 49.952
26 50 0.0048 49.9952
46 50 0.0048 49.9952
25 50 0.048 49.952
38 50 0.0048 49.9952
31 50 0.048 49.952
55 50 0.048 49.952
40 50 0.0048 49.9952
46 49.9952 0.048 49.9472
26 49.9952 0.0048 49.9904
29 50 0.0048 49.9952
44 50 0.0048 49.9952
62 49.952 0.0048 49.9472
46 49.9472 0.0048 49.9424
46 49.9424 0.16 49.7824
46 49.7824 0.0016 49.7808
44 49.9952 0.048 49.9472
46 49.7808 0.0048 49.776
62 50 0.0048 49.9952
47 50 0.048 49.952
60 50 0.0048 49.9952
35 50 0.048 49.952
48 50 0.0048 49.9952
62 49.9952 0.048 49.9472
26 50 0.0048 49.9952
44 50 0.0048 49.9952
46 49.9551 0.0048 49.9503
25 50 0.048 49.952
38 50 0.0048 49.9952
31 50 0.048 49.952
32 50 0.0048 49.9952
32 49.9952 0.048 49.9472
31 49.952 0.0048 49.9472
31 49.9472 0.16 49.7872
32 49.9472 0.016 49.9312
32 49.9312 0.016 49.9152
31 49.7872 0.0016 49.7856
32 49.9152 0.048 49.8672
31 49.7856 0.0048 49.7808
32 49.8672 0.0048 49.8624
32 49.8624 0.16 49.7024
32 49.7024 0.0016 49.7008
55 50 0.048 49.952
40 50 0.0048 49.9952
44 49.9952 0.048 49.9472
46 49.9503 0.0048 49.9455
62 50 0.0048 49.9952
47 50 0.048 49.952
45 50 0.0048 49.9952
60 50 0.0048 49.9952
35 50 0.048 49.952
62 49.9952 0.048 49.9472
26 50 0.0048 49.9952
44 50 0.0048 49.9952
46 50 0.0048 49.9952
25 50 0.048 49.952
38 50 0.0048 49.9952
25 49.952 0.0048 49.9472
25 49.9472 0.16 49.7872
25 49.7872 0.0016 49.7856
55 50 0.048 49.952
44 49.9952 0.048 49.9472
46 49.9952 0.0048 49.9904
62 50 0.0048 49.9952
47 50 0.048 49.952
45 50 0.0048 49.9952
54 50 0.0048 49.9952
60 50 0.0048 49.9952
35 50 0.048 49.952
62 49.9952 0.048 49.9472
44 50 0.0048 49.9952
46 50 0.0048 49.9952
55 50 0.048 49.952
44 49.9952 0.048 49.9472
46 49.9952 0.0048 49.9904
62 50 0.0048 49.9952
48 50 0.048 49.952
48 49.952 0.0048 49.9472
48 49.9472 0.16 49.7872
48 49.7872 0.0016 49.7856
47 50 0.048 49.952
45 50 0.0048 49.9952
54 50 0.0048 49.9952
60 50 0.0048 49.9952
35 50 0.048 49.952
30 50 0.0048 49.9952
51 50 0.0048 49.9952
53 50 0.0048 49.9952
64 50 0.0048 49.9952
62 49.9952 0.048 49.9472
44 50 0.0048 49.9952
46 50 0.0048 49.9952
53 49.9952 0.048 49.9472
30 49.9952 0.0048 49.9904
51 49.9952 0.0048 49.9904
52 50 0.0048 49.9952
55 50 0.048 49.952
34 50 0.048 49.952
56 50 0.0048 49.9952
44 49.9952 0.048 49.9472
26 50 0.0048 49.9952
46 49.9952 0.0048 49.9904
62 50 0.0048 49.9952
44 49.9472 0.0048 49.9424
44 49.9424 0.16 49.7824
44 49.7824 0.0016 49.7808
47 50 0.048 49.952
45 50 0.0048 49.9952
60 50 0.0048 49.9952
35 50 0.048 49.952
49 50 0.0048 49.9952
30 50 0.0048 49.9952
51 50 0.0048 49.9952
52 50 0.0048 49.9952
53 50 0.0048 49.9952
64 50 0.0048 49.9952
62 49.9952 0.048 49.9472
26 50 0.0048 49.9952
53 49.9952 0.048 49.9472
30 49.9952 0.0048 49.9904
51 49.9952 0.0048 49.9904
64 49.9952 0.0048 49.9904
53 49.9472 0.0048 49.9424
53 49.9424 0.16 49.7824
53 49.7824 0.0016 49.7808
55 50 0.048 49.952
34 50 0.048 49.952
56 50 0.0048 49.9952
47 50 0.048 49.952
45 50 0.0048 49.9952
54 50 0.0048 49.9952
60 50 0.0048 49.9952
35 50 0.048 49.952
49 50 0.0048 49.9952
30 50 0.0048 49.9952
51 50 0.0048 49.9952
52 50 0.0048 49.9952
53 49.9355 0.0048 49.9307
58 50 0.0048 49.9952
64 50 0.0048 49.9952
62 50 0.048 49.952
55 50 0.048 49.952
34 50 0.048 49.952
56 50 0.0048 49.9952
47 50 0.048 49.952
45 50 0.0048 49.9952
54 50 0.0048 49.9952
60 50 0.0048 49.9952
35 50 0.048 49.952
49 50 0.048 49.952
30 50 0.0048 49.9952
45 50 0.0048 49.9952
52 50 0.0048 49.9952
53 50 0.0048 49.9952
54 49.9952 0.0048 49.9904
58 50 0.0048 49.9952
60 49.9952 0.0048 49.9904
64 50 0.0048 49.9952
62 50 0.048 49.952
46 50 0.0048 49.9952
37 50 0.048 49.952
59 50 0.0048 49.9952
55 50 0.048 49.952
34 50 0.048 49.952
56 50 0.0048 49.9952
47 50 0.048 49.952
54 50 0.0048 49.9952
54 49.9952 0.048 49.9472
60 50 0.0048 49.9952
60 49.9952 0.048 49.9472
47 49.952 0.0096 49.9424
47 49.9424 0.16 49.7824
54 49.9472 0.016 49.9312
60 49.9472 0.016 49.9312
60 49.9312 0.016 49.9152
47 49.7824 0.0016 49.7808
60 49.9152 0.048 49.8672
45 49.9952 0.0048 49.9904
47 49.7808 0.0048 49.776
35 50 0.048 49.952
49 50 0.048 49.952
45 50 0.0048 49.9952
47 49.776 0.0048 49.7712
54 49.9312 0.0048 49.9264
58 50 0.0048 49.9952
60 49.8672 0.0048 49.8624
62 50 0.048 49.952
46 50 0.0048 49.9952
37 50 0.048 49.952
55 50 0.048 49.952
40 50 0.0048 49.9952
28 50 0.048 49.952
34 50 0.048 49.952
56 50 0.0048 49.9952
60 50 0.048 49.952
35 50 0.048 49.952
49 50 0.048 49.952
45 50 0.0048 49.9952
47 50 0.0048 49.9952
54 50 0.0048 49.9952
60 49.952 0.0048 49.9472
62 50 0.048 49.952
29 50 0.0048 49.9952
46 50 0.0048 49.9952
45 49.9952 0.048 49.9472
45 49.9472 0.0048 49.9424
45 49.9424 0.16 49.7824
45 49.7824 0.0016 49.7808
37 50 0.048 49.952
59 50 0.0048 49.9952
55 50 0.048 49.952
40 50 0.0048 49.9952
28 50 0.048 49.952
34 50 0.048 49.952
56 50 0.0048 49.9952
60 50 0.048 49.952
45 49.7808 0.0048 49.776
35 50 0.048 49.952
49 50 0.048 49.952
45 50 0.0048 49.9952
60 49.952 0.0048 49.9472
62 50 0.048 49.952
44 50 0.0048 49.9952
46 50 0.0048 49.9952
37 50 0.048 49.952
59 50 0.0048 49.9952
55 50 0.048 49.952
40 50 0.0048 49.9952
28 50 0.048 49.952
34 50 0.048 49.952
56 50 0.0048 49.9952
30 50 0.048 49.952
51 50 0.0048 49.9952
52 50 0.0048 49.9952
53 50 0.0048 49.9952
64 50 0.0048 49.9952
60 50 0.048 49.952
45 49.9952 0.0048 49.9904
35 50 0.048 49.952
49 50 0.048 49.952
62 50 0.048 49.952
44 50 0.0048 49.9952
46 50 0.0048 49.9952
37 50 0.048 49.952
59 50 0.0048 49.9952
55 50 0.048 49.952
40 50 0.0048 49.9952
28 50 0.048 49.952
34 50 0.048 49.952
56 50 0.0048 49.9952
30 50 0.048 49.952
51 50 0.0048 49.9952
52 50 0.0048 49.9952
53 50 0.0048 49.9952
64 50 0.0048 49.9952
60 50 0.048 49.952
45 50 0.0048 49.9952
47 50 0.0048 49.9952
35 50 0.048 49.952
49 50 0.048 49.952
62 50 0.048 49.952
44 50 0.0048 49.9952
46 50 0.0048 49.9952
37 50 0.048 49.952
52 49.9952 0.048 49.9472
30 49.952 0.0048 49.9472
53 49.9952 0.0048 49.9904
64 50 0.0048 49.9952
52 49.9472 0.0048 49.9424
52 49.9424 0.16 49.7824
52 49.7824 0.0016 49.7808
55 50 0.048 49.952
40 50 0.0048 49.9952
28 50 0.048 49.952
34 50 0.048 49.952
50 50 0.048 49.952
30 50 0.048 49.952
51 50 0.0048 49.9952
52 50 0.0048 49.9952
53 50 0.0048 49.9952
64 49.9952 0.0048 49.9904
27 50 0.048 49.952
60 50 0.048 49.952
45 50 0.0048 49.9952
47 50 0.0048 49.9952
54 50 0.0048 49.9952
35 50 0.048 49.952
49 50 0.048 49.952
62 50 0.048 49.952
44 50 0.0048 49.9952
46 50 0.0048 49.9952
37 50 0.048 49.952
55 50 0.048 49.952
28 50 0.048 49.952
28 49.952 0.0048 49.9472
28 49.9472 0.16 49.7872
28 49.7872 0.0016 49.7856
34 50 0.048 49.952
50 50 0.048 49.952
50 49.952 0.0048 49.9472
50 49.9472 0.16 49.7872
50 49.7872 0.0016 49.7856
30 50 0.048 49.952
52 50 0.0048 49.9952
64 50 0.0048 49.9952
27 50 0.048 49.952
60 50 0.048 49.952
45 50 0.0048 49.9952
47 50 0.0048 49.9952
54 50 0.0048 49.9952
35 50 0.048 49.952
49 50 0.048 49.952
59 50 0.0048 49.9952
62 50 0.048 49.952
44 50 0.0048 49.9952
46 50 0.0048 49.9952
37 50 0.048 49.952
55 50 0.048 49.952
34 50 0.048 49.952
38 50 0.048 49.952
30 50 0.048 49.952
64 50 0.0048 49.9952
27 50 0.048 49.952
60 50 0.048 49.952
45 50 0.0048 49.9952
47 50 0.0048 49.9952
54 50 0.0048 49.9952
35 50 0.048 49.952
49 50 0.048 49.952
37 50 0.0048 49.9952
59 50 0.0048 49.9952
62 50 0.048 49.952
44 50 0.0048 49.9952
46 50 0.0048 49.9952
37 49.9952 0.048 49.9472
55 50 0.048 49.952
40 50 0.0048 49.9952
34 50 0.048 49.952
57 50 0.048 49.952
43 50 0.048 49.952
38 50 0.048 49.952
30 50 0.048 49.952
53 50 0.0048 49.9952
64 50 0.0048 49.9952
27 50 0.048 49.952
60 50 0.048 49.952
45 50 0.0048 49.9952
47 50 0.0048 49.9952
54 50 0.0048 49.9952
35 50 0.048 49.952
49 50 0.048 49.952
49 49.952 0.0048 49.9472
49 49.9472 0.16 49.7872
49 49.7872 0.0016 49.7856
37 50 0.0048 49.9952
62 50 0.048 49.952
46 50 0.0048 49.9952
37 49.9952 0.048 49.9472
55 50 0.048 49.952
40 50 0.0048 49.9952
42 50 0.048 49.952
33 50 0.0048 49.9952
42 49.952 0.0048 49.9472
42 49.9472 0.16 49.7872
42 49.7872 0.0016 49.7856
34 50 0.048 49.952
36 50 0.048 49.952
57 50 0.048 49.952
57 49.952 0.0048 49.9472
57 49.9472 0.16 49.7872
57 49.7872 0.0016 49.7856
43 50 0.048 49.952
38 50 0.048 49.952
25 50 0.0048 49.9952
30 50 0.048 49.952
52 50 0.0048 49.9952
53 50 0.0048 49.9952
64 50 0.0048 49.9952
27 50 0.048 49.952
60 50 0.048 49.952
45 50 0.0048 49.9952
47 50 0.0048 49.9952
54 50 0.0048 49.9952
60 49.952 0.0048 49.9472
60 49.9472 0.16 49.7872
60 49.7872 0.0016 49.7856
35 50 0.048 49.952
57 49.9062 0.0048 49.9014
62 50 0.048 49.952
44 50 0.0048 49.9952
46 50 0.0048 49.9952
37 50 0.048 49.952
55 50 0.048 49.952
40 50 0.0048 49.9952
34 50 0.048 49.952
36 50 0.048 49.952
36 49.952 0.0048 49.9472
36 49.9472 0.16 49.7872
36 49.7872 0.0016 49.7856
43 50 0.048 49.952
38 50 0.048 49.952
25 50 0.0048 49.9952
30 50 0.048 49.952
52 50 0.0048 49.9952
53 50 0.0048 49.9952
27 50 0.048 49.952
35 50 0.048 49.952
57 50 0.0048 49.9952
62 50 0.048 49.952
44 50 0.0048 49.9952
46 50 0.0048 49.9952
56 50 0.048 49.952
37 50 0.048 49.952
39 50 0.048 49.952
55 50 0.048 49.952
40 50 0.0048 49.9952
54 50 0.048 49.952
45 50 0.0048 49.9952
45 49.9952 0.048 49.9472
58 50 0.0048 49.9952
60 50 0.0048 49.9952
60 49.9952 0.048 49.9472
54 49.952 0.0144 49.9376
54 49.9376 0.16 49.7776
54 49.7776 0.0016 49.776
34 50 0.048 49.952
43 50 0.048 49.952
33 50 0.0048 49.9952
38 50 0.048 49.952
41 50 0.0048 49.9952
41 49.9952 0.048 49.9472
38 49.952 0.0048 49.9472
38 49.9472 0.16 49.7872
41 49.9472 0.016 49.9312
41 49.9312 0.016 49.9152
38 49.7872 0.0016 49.7856
41 49.9152 0.048 49.8672
38 49.7856 0.0048 49.7808
30 50 0.048 49.952
51 50 0.0048 49.9952
52 50 0.0048 49.9952
53 50 0.0048 49.9952
27 50 0.048 49.952
35 50 0.048 49.952
57 50 0.0048 49.9952
62 50 0.048 49.952
44 50 0.0048 49.9952
46 50 0.0048 49.9952
56 50 0.048 49.952
37 50 0.048 49.952
39 50 0.048 49.952
55 50 0.048 49.952
40 50 0.0048 49.9952
34 50 0.048 49.952
56 49.952 0.0048 49.9472
43 50 0.048 49.952
33 50 0.0048 49.9952
36 50 0.0048 49.9952
41 50 0.048 49.952
38 49.9612 0.0048 49.9564
30 50 0.048 49.952
51 50 0.0048 49.9952
52 50 0.0048 49.9952
53 50 0.0048 49.9952
27 50 0.048 49.952
64 50 0.048 49.952
35 50 0.048 49.952
56 50 0.0048 49.9952
57 50 0.0048 49.9952
62 50 0.048 49.952
26 50 0.0048 49.9952
44 50 0.0048 49.9952
46 50 0.0048 49.9952
56 49.9952 0.048 49.9472
34 49.952 0.0048 49.9472
37 50 0.048 49.952
39 50 0.048 49.952
55 50 0.048 49.952
34 50 0.048 49.952
56 49.9472 0.0048 49.9424
43 50 0.048 49.952
33 50 0.0048 49.9952
36 50 0.0048 49.9952
41 50 0.048 49.952
38 50 0.0048 49.9952
30 50 0.048 49.952
51 50 0.0048 49.9952
53 50 0.0048 49.9952
64 50 0.0048 49.9952
27 50 0.048 49.952
64 49.9952 0.048 49.9472
30 49.952 0.0048 49.9472
51 49.9952 0.0048 49.9904
35 50 0.048 49.952
34 49.952 0.0048 49.9472
56 50 0.0048 49.9952
62 50 0.048 49.952
44 50 0.0048 49.9952
56 49.9952 0.048 49.9472
34 49.9472 0.0048 49.9424
37 50 0.048 49.952
39 50 0.048 49.952
55 50 0.048 49.952
34 50 0.048 49.952
56 49.9472 0.0048 49.9424
43 50 0.048 49.952
33 50 0.0048 49.9952
41 50 0.048 49.952
38 50 0.0048 49.9952
30 50 0.048 49.952
51 50 0.0048 49.9952
53 50 0.0048 49.9952
27 50 0.048 49.952
64 50 0.048 49.952
51 49.9952 0.0048 49.9904
53 49.9952 0.0048 49.9904
35 50 0.048 49.952
49 50 0.0048 49.9952
33 49.9952 0.048 49.9472
36 50 0.0048 49.9952
43 50 0.0048 49.9952
33 49.9472 0.0048 49.9424
33 49.9424 0.16 49.7824
33 49.7824 0.0016 49.7808
28 50 0.0048 49.9952
34 49.952 0.0048 49.9472
56 50 0.0048 49.9952
62 50 0.048 49.952
44 50 0.0048 49.9952
56 49.9952 0.048 49.9472
34 49.9472 0.0048 49.9424
29 50 0.048 49.952
29 49.952 0.0048 49.9472
29 49.9472 0.16 49.7872
29 49.7872 0.0016 49.7856
37 50 0.048 49.952
39 50 0.048 49.952
55 50 0.048 49.952
34 50 0.048 49.952
56 49.9472 0.0048 49.9424
43 49.9952 0.048 49.9472
33 50 0.0048 49.9952
36 50 0.0048 49.9952
41 50 0.048 49.952
30 50 0.048 49.952
53 50 0.0048 49.9952
64 50 0.0048 49.9952
40 50 0.048 49.952
40 49.952 0.0048 49.9472
40 49.9472 0.16 49.7872
40 49.7872 0.0016 49.7856
27 50 0.048 49.952
64 49.9952 0.048 49.9472
30 49.952 0.0048 49.9472
51 50 0.0048 49.9952
53 49.9952 0.0048 49.9904
35 50 0.048 49.952
49 50 0.0048 49.9952
28 50 0.0048 49.9952
62 50 0.048 49.952
29 49.7856 0.0048 49.7808
44 50 0.0048 49.9952
56 50 0.048 49.952
34 49.952 0.0048 49.9472
37 50 0.048 49.952
39 50 0.048 49.952
55 50 0.048 49.952
34 50 0.048 49.952
56 49.952 0.0048 49.9472
58 50 0.048 49.952
52 50 0.0048 49.9952
43 50 0.048 49.952
33 50 0.0048 49.9952
36 50 0.0048 49.9952
41 50 0.048 49.952
30 50 0.048 49.952
53 50 0.0048 49.9952
64 50 0.0048 49.9952
27 50 0.048 49.952
64 49.9952 0.048 49.9472
30 49.952 0.0048 49.9472
51 50 0.0048 49.9952
53 49.9952 0.0048 49.9904
35 50 0.048 49.952
49 50 0.0048 49.9952
28 50 0.0048 49.9952
62 50 0.048 49.952
29 49.9093 0.0048 49.9045
44 50 0.0048 49.9952
62 49.952 0.0048 49.9472
62 49.9472 0.16 49.7872
62 49.7872 0.0016 49.7856
56 50 0.048 49.952
34 49.952 0.0048 49.9472
37 50 0.048 49.952
37 49.952 0.0048 49.9472
37 49.9472 0.16 49.7872
37 49.7872 0.0016 49.7856
39 50 0.048 49.952
55 50 0.048 49.952
34 50 0.048 49.952
56 49.952 0.0048 49.9472
58 50 0.048 49.952
43 50 0.048 49.952
33 50 0.0048 49.9952
42 50 0.0048 49.9952
42 49.9952 0.048 49.9472
43 49.952 0.0048 49.9472
43 49.9472 0.16 49.7872
33 49.9952 0.016 49.9792
42 49.9472 0.016 49.9312
42 49.9312 0.016 49.9152
43 49.7872 0.0016 49.7856
42 49.9152 0.048 49.8672
33 49.9792 0.0048 49.9744
43 49.7856 0.0048 49.7808
41 50 0.048 49.952
59 50 0.048 49.952
30 50 0.048 49.952
51 50 0.0048 49.9952
53 50 0.0048 49.9952
64 50 0.0048 49.9952
27 50 0.048 49.952
64 49.9952 0.048 49.9472
30 49.952 0.0048 49.9472
51 49.9952 0.0048 49.9904
53 49.9952 0.0048 49.9904
35 50 0.048 49.952
49 50 0.0048 49.9952
28 50 0.0048 49.9952
50 50 0.0048 49.9952
63 50 0.0048 49.9952
56 50 0.048 49.952
34 49.952 0.0048 49.9472
48 50 0.048 49.952
39 50 0.048 49.952
55 50 0.048 49.952
34 50 0.048 49.952
56 49.952 0.0048 49.9472
58 50 0.048 49.952
42 50 0.048 49.952
33 50 0.0048 49.9952
43 50 0.0048 49.9952
41 50 0.048 49.952
48 49.952 0.0048 49.9472
59 50 0.048 49.952
30 50 0.048 49.952
51 50 0.0048 49.9952
53 50 0.0048 49.9952
64 50 0.0048 49.9952
27 50 0.048 49.952
64 49.9952 0.048 49.9472
30 49.952 0.0048 49.9472
51 49.9952 0.0048 49.9904
53 49.9952 0.0048 49.9904
35 50 0.048 49.952
49 50 0.0048 49.9952
35 49.952 0.0048 49.9472
35 49.9472 0.16 49.7872
35 49.7872 0.0016 49.7856
50 50 0.0048 49.9952
56 50 0.048 49.952
34 49.952 0.0048 49.9472
48 50 0.048 49.952
41 49.952 0.0048 49.9472
39 50 0.048 49.952
55 50 0.048 49.952
34 50 0.048 49.952
56 49.952 0.0048 49.9472
58 50 0.048 49.952
42 50 0.048 49.952
33 50 0.0048 49.9952
43 50 0.0048 49.9952
41 50 0.048 49.952
48 49.952 0.0048 49.9472
63 50 0.048 49.952
59 50 0.048 49.952
30 50 0.048 49.952
53 50 0.0048 49.9952
64 50 0.0048 49.9952
27 50 0.048 49.952
64 49.9952 0.048 49.9472
30 49.952 0.0048 49.9472
53 49.9952 0.0048 49.9904
26 50 0.0048 49.9952
29 50 0.0048 49.9952
44 50 0.0048 49.9952
50 50 0.0048 49.9952
62 50 0.0048 49.9952
56 50 0.048 49.952
34 49.952 0.0048 49.9472
48 50 0.048 49.952
41 49.952 0.0048 49.9472
61 50 0.0048 49.9952
39 50 0.048 49.952
55 50 0.048 49.952
40 50 0.0048 49.9952
34 50 0.048 49.952
56 49.952 0.0048 49.9472
58 50 0.048 49.952
52 50 0.0048 49.9952
42 50 0.048 49.952
33 50 0.0048 49.9952
41 50 0.048 49.952
48 49.952 0.0048 49.9472
63 50 0.048 49.952
59 50 0.048 49.952
30 50 0.048 49.952
53 50 0.0048 49.9952
64 50 0.0048 49.9952
27 50 0.048 49.952
64 49.9952 0.048 49.9472
30 49.952 0.0048 49.9472
53 49.9952 0.0048 49.9904
26 50 0.0048 49.9952
29 50 0.0048 49.9952
44 50 0.0048 49.9952
46 50 0.0048 49.9952
62 50 0.0048 49.9952
56 50 0.048 49.952
34 49.952 0.0048 49.9472
48 50 0.048 49.952
41 49.952 0.0048 49.9472
39 50 0.048 49.952
55 50 0.048 49.952
40 50 0.0048 49.9952
34 50 0.048 49.952
56 49.952 0.0048 49.9472
58 50 0.048 49.952
52 50 0.0048 49.9952
54 50 0.0048 49.9952
54 49.9952 0.048 49.9472
58 49.952 0.0048 49.9472
58 49.9472 0.16 49.7872
52 49.9952 0.016 49.9792
54 49.9472 0.016 49.9312
54 49.9312 0.016 49.9152
58 49.7872 0.0016 49.7856
54 49.9152 0.048 49.8672
58 49.7856 0.0048 49.7808
54 49.8672 0.0048 49.8624
54 49.8624 0.16 49.7024
54 49.7024 0.0016 49.7008
42 50 0.048 49.952
33 50 0.0048 49.9952
41 50 0.048 49.952
48 49.952 0.0048 49.9472
63 50 0.048 49.952
25 50 0.048 49.952
38 50 0.0048 49.9952
59 50 0.048 49.952
30 50 0.048 49.952
52 49.9792 0.0048 49.9744
53 50 0.0048 49.9952
64 50 0.0048 49.9952
27 50 0.048 49.952
64 49.9952 0.048 49.9472
30 49.952 0.0048 49.9472
53 49.9952 0.0048 49.9904
29 50 0.0048 49.9952
44 50 0.0048 49.9952
46 50 0.0048 49.9952
62 50 0.0048 49.9952
56 50 0.048 49.952
34 49.952 0.0048 49.9472
48 50 0.048 49.952
41 49.952 0.0048 49.9472
39 50 0.048 49.952
39 49.952 0.0048 49.9472
39 49.9472 0.16 49.7872
39 49.7872 0.0016 49.7856
55 50 0.048 49.952
40 50 0.0048 49.9952
34 50 0.048 49.952
56 49.952 0.0048 49.9472
42 50 0.048 49.952
33 50 0.0048 49.9952
41 50 0.048 49.952
48 49.952 0.0048 49.9472
63 50 0.048 49.952
25 50 0.048 49.952
38 50 0.0048 49.9952
59 50 0.048 49.952
30 50 0.048 49.952
52 50 0.0048 49.9952
53 50 0.0048 49.9952
64 50 0.0048 49.9952
27 50 0.048 49.952
64 49.9952 0.048 49.9472
30 49.952 0.0048 49.9472
53 49.9952 0.0048 49.9904
44 50 0.0048 49.9952
62 50 0.0048 49.9952
56 50 0.048 49.952
34 49.952 0.0048 49.9472
48 50 0.048 49.952
41 49.952 0.0048 49.9472
55 50 0.048 49.952
40 50 0.0048 49.9952
34 50 0.048 49.952
56 49.952 0.0048 49.9472
42 50 0.048 49.952
33 50 0.0048 49.9952
46 50 0.048 49.952
26 50 0.0048 49.9952
29 50 0.0048 49.9952
44 49.9952 0.0048 49.9904
44 49.9904 0.048 49.9424
62 50 0.0048 49.9952
62 49.9952 0.048 49.9472
46 49.952 0.0096 49.9424
46 49.9424 0.16 49.7824
26 49.9952 0.016 49.9792
29 49.9952 0.016 49.9792
44 49.9424 0.016 49.9264
62 49.9472 0.016 49.9312
62 49.9312 0.016 49.9152
46 49.7824 0.0016 49.7808
62 49.9152 0.048 49.8672
29 49.9792 0.0048 49.9744
44 49.9264 0.0048 49.9216
46 49.7808 0.0048 49.776
62 49.8672 0.0048 49.8624
62 49.8624 0.16 49.7024
62 49.7024 0.0016 49.7008
41 50 0.048 49.952
38 50 0.0048 49.9952
48 49.952 0.0048 49.9472
63 50 0.048 49.952
25 50 0.048 49.952
38 49.9952 0.0048 49.9904
59 50 0.048 49.952
30 50 0.048 49.952
52 50 0.0048 49.9952
53 50 0.0048 49.9952
64 50 0.0048 49.9952
27 50 0.048 49.952
64 49.9952 0.048 49.9472
30 49.952 0.0048 49.9472
53 49.9952 0.0048 49.9904
56 50 0.048 49.952
34 49.952 0.0048 49.9472
48 50 0.048 49.952
41 49.952 0.0048 49.9472
55 50 0.048 49.952
40 50 0.0048 49.9952
34 50 0.048 49.952
56 49.952 0.0048 49.9472
42 50 0.048 49.952
33 50 0.0048 49.9952
41 50 0.048 49.952
25 50 0.0048 49.9952
48 49.952 0.0048 49.9472
63 50 0.048 49.952
25 49.9952 0.048 49.9472
38 50 0.0048 49.9952
41 49.952 0.0048 49.9472
59 50 0.048 49.952
30 50 0.048 49.952
52 50 0.0048 49.9952
53 50 0.0048 49.9952
64 50 0.0048 49.9952
27 50 0.048 49.952
64 49.9952 0.048 49.9472
30 49.952 0.0048 49.9472
56 50 0.048 49.952
34 49.952 0.0048 49.9472
48 50 0.048 49.952
41 49.9472 0.0048 49.9424
55 50 0.048 49.952
40 50 0.0048 49.9952
34 50 0.048 49.952
56 49.952 0.0048 49.9472
42 50 0.048 49.952
33 50 0.0048 49.9952
41 50 0.048 49.952
25 50 0.0048 49.9952
48 49.952 0.0048 49.9472
63 50 0.048 49.952
25 49.9952 0.048 49.9472
41 49.952 0.0048 49.9472
59 50 0.048 49.952
30 50 0.048 49.952
52 50 0.0048 49.9952
64 50 0.0048 49.9952
27 50 0.048 49.952
64 49.9952 0.048 49.9472
30 49.952 0.0048 49.9472
39 50 0.0048 49.9952
56 50 0.048 49.952
34 49.952 0.0048 49.9472
56 49.952 0.0048 49.9472
56 49.9472 0.16 49.7872
56 49.7872 0.0016 49.7856
48 50 0.048 49.952
41 49.9472 0.0048 49.9424
61 50 0.0048 49.9952
55 50 0.048 49.952
40 50 0.0048 49.9952
34 50 0.048 49.952
56 49.7856 0.0048 49.7808
42 50 0.048 49.952
41 50 0.048 49.952
25 50 0.0048 49.9952
48 49.952 0.0048 49.9472
61 50 0.0048 49.9952
63 50 0.048 49.952
25 49.9952 0.048 49.9472
41 49.952 0.0048 49.9472
59 50 0.048 49.952
37 50 0.0048 49.9952
37 49.9952 0.048 49.9472
59 49.952 0.0048 49.9472
59 49.9472 0.16 49.7872
37 49.9472 0.016 49.9312
37 49.9312 0.016 49.9152
59 49.7872 0.0016 49.7856
37 49.9152 0.048 49.8672
59 49.7856 0.0048 49.7808
37 49.8672 0.0048 49.8624
37 49.8624 0.16 49.7024
37 49.7024 0.0016 49.7008
30 50 0.048 49.952
52 50 0.0048 49.9952
64 50 0.0048 49.9952
27 50 0.048 49.952
64 49.9952 0.048 49.9472
30 49.952 0.0048 49.9472
39 50 0.0048 49.9952
40 50 0.0048 49.9952
48 50 0.048 49.952
61 49.9952 0.0048 49.9904
55 50 0.048 49.952
34 50 0.048 49.952
56 50 0.0048 49.9952
42 50 0.048 49.952
33 50 0.0048 49.9952
41 50 0.048 49.952
25 50 0.0048 49.9952
48 49.952 0.0048 49.9472
61 50 0.0048 49.9952
63 50 0.048 49.952
25 49.9952 0.048 49.9472
41 49.952 0.0048 49.9472
30 50 0.048 49.952
52 50 0.0048 49.9952
64 50 0.0048 49.9952
27 50 0.048 49.952
64 49.9952 0.048 49.9472
30 49.952 0.0048 49.9472
39 50 0.0048 49.9952
40 50 0.0048 49.9952
55 50 0.0048 49.9952
48 50 0.048 49.952
41 49.9472 0.0048 49.9424
61 49.9952 0.0048 49.9904
55 49.9952 0.048 49.9472
34 50 0.048 49.952
56 50 0.0048 49.9952
34 49.952 0.0048 49.9472
34 49.9472 0.16 49.7872
34 49.7872 0.0016 49.7856
42 50 0.048 49.952
33 50 0.0048 49.9952
41 50 0.048 49.952
25 50 0.0048 49.9952
48 49.952 0.0048 49.9472
61 50 0.0048 49.9952
63 50 0.048 49.952
25 49.9952 0.048 49.9472
41 49.952 0.0048 49.9472
61 49.9952 0.0048 49.9904
61 49.9904 0.048 49.9424
25 49.9472 0.0048 49.9424
25 49.9424 0.16 49.7824
41 49.9472 0.016 49.9312
61 49.9424 0.016 49.9264
61 49.9264 0.016 49.9104
25 49.7824 0.0016 49.7808
61 49.9104 0.048 49.8624
25 49.7808 0.0048 49.776
38 50 0.0048 49.9952
41 49.9312 0.0048 49.9264
30 50 0.048 49.952
52 50 0.0048 49.9952
53 50 0.0048 49.9952
27 50 0.048 49.952
64 50 0.048 49.952
40 50 0.0048 49.9952
55 50 0.0048 49.9952
31 50 0.048 49.952
32 50 0.0048 49.9952
32 49.9952 0.048 49.9472
31 49.952 0.0096 49.9424
31 49.9424 0.16 49.7824
31 49.7824 0.0016 49.7808
48 50 0.048 49.952
55 49.9952 0.048 49.9472
40 49.9952 0.0048 49.9904
42 50 0.048 49.952
33 50 0.0048 49.9952
45 50 0.048 49.952
47 50 0.0048 49.9952
60 50 0.0048 49.9952
41 50 0.048 49.952
25 49.9659 0.0048 49.9611
61 49.9988 0.0048 49.994
63 50 0.048 49.952
61 49.994 0.048 49.946
25 49.9611 0.0048 49.9563
38 50 0.0048 49.9952
41 49.952 0.0048 49.9472
30 50 0.048 49.952
52 50 0.0048 49.9952
53 50 0.0048 49.9952
27 50 0.048 49.952
64 50 0.048 49.952
55 50 0.0048 49.9952
48 50 0.048 49.952
55 49.9952 0.048 49.9472
40 50 0.0048 49.9952
42 50 0.048 49.952
33 50 0.0048 49.9952
45 50 0.048 49.952
47 50 0.0048 49.9952
60 50 0.0048 49.9952
45 49.952 0.0048 49.9472
45 49.9472 0.16 49.7872
45 49.7872 0.0016 49.7856
41 50 0.048 49.952
25 50 0.0048 49.9952
61 50 0.0048 49.9952
63 50 0.048 49.952
61 49.9952 0.048 49.9472
25 49.9952 0.0048 49.9904
38 50 0.0048 49.9952
41 49.952 0.0048 49.9472
30 50 0.048 49.952
52 50 0.0048 49.9952
53 50 0.0048 49.9952
27 50 0.048 49.952
64 50 0.048 49.952
53 49.9952 0.0048 49.9904
49 50 0.0048 49.9952
48 50 0.048 49.952
55 50 0.048 49.952
42 50 0.048 49.952
33 50 0.0048 49.9952
41 50 0.048 49.952
25 50 0.0048 49.9952
61 50 0.0048 49.9952
63 50 0.048 49.952
61 49.9952 0.048 49.9472
25 49.9952 0.0048 49.9904
38 50 0.0048 49.9952
41 49.952 0.0048 49.9472
61 49.9472 0.0048 49.9424
61 49.9424 0.16 49.7824
61 49.7824 0.0016 49.7808
30 50 0.048 49.952
52 50 0.0048 49.9952
53 50 0.0048 49.9952
64 50 0.0048 49.9952
30 49.952 0.0048 49.9472
30 49.9472 0.16 49.7872
30 49.7872 0.0016 49.7856
27 50 0.048 49.952
64 49.9952 0.048 49.9472
30 49.7856 0.0048 49.7808
53 49.9952 0.0048 49.9904
64 49.9472 0.0048 49.9424
64 49.9424 0.16 49.7824
64 49.7824 0.0016 49.7808
35 50 0.0048 49.9952
49 50 0.0048 49.9952
48 50 0.048 49.952
55 50 0.048 49.952
42 50 0.048 49.952
33 50 0.0048 49.9952
41 50 0.048 49.952
25 50 0.0048 49.9952
48 49.952 0.0048 49.9472
61 49.9283 0.0048 49.9235
63 50 0.048 49.952
27 50 0.048 49.952
35 50 0.0048 49.9952
49 50 0.0048 49.9952
48 50 0.048 49.952
41 49.952 0.0048 49.9472
61 49.9235 0.0048 49.9187
55 50 0.048 49.952
47 50 0.048 49.952
45 50 0.0048 49.9952
45 49.9952 0.048 49.9472
60 50 0.0048 49.9952
60 49.9952 0.048 49.9472
47 49.952 0.0144 49.9376
47 49.9376 0.16 49.7776
47 49.7776 0.0016 49.776
42 50 0.048 49.952
33 50 0.0048 49.9952
41 50 0.048 49.952
25 50 0.0048 49.9952
48 49.952 0.0048 49.9472
61 50 0.0048 49.9952
63 50 0.048 49.952
27 50 0.048 49.952
27 49.952 0.0048 49.9472
27 49.9472 0.16 49.7872
27 49.7872 0.0016 49.7856
35 50 0.0048 49.9952
36 50 0.0048 49.9952
49 50 0.0048 49.9952
48 50 0.048 49.952
25 49.9952 0.0048 49.9904
41 49.952 0.0048 49.9472
61 49.9952 0.0048 49.9904
61 50 0.048 49.952
25 49.9904 0.0048 49.9856
41 49.9472 0.0048 49.9424
48 49.952 0.0048 49.9472
55 50 0.048 49.952
42 50 0.048 49.952
41 50 0.048 49.952
25 50 0.0048 49.9952
48 49.9472 0.0048 49.9424
61 49.952 0.0048 49.9472
63 50 0.048 49.952
35 50 0.0048 49.9952
36 50 0.0048 49.9952
43 50 0.0048 49.9952
48 50 0.048 49.952
41 49.952 0.0048 49.9472
61 49.9472 0.0048 49.9424
32 50 0.048 49.952
31 50 0.0048 49.9952
61 50 0.048 49.952
25 49.9952 0.0048 49.9904
41 49.9472 0.0048 49.9424
48 49.952 0.0048 49.9472
55 50 0.048 49.952
51 50 0.048 49.952
42 50 0.048 49.952
41 50 0.048 49.952
25 50 0.0048 49.9952
48 49.9472 0.0048 49.9424
61 49.952 0.0048 49.9472
63 50 0.048 49.952
33 50 0.0048 49.9952
36 50 0.0048 49.9952
42 49.952 0.0048 49.9472
43 50 0.0048 49.9952
48 50 0.048 49.952
38 50 0.0048 49.9952
41 49.952 0.0048 49.9472
61 49.9472 0.0048 49.9424
32 50 0.048 49.952
61 50 0.048 49.952
25 49.9952 0.0048 49.9904
38 50 0.0048 49.9952
41 49.9472 0.0048 49.9424
48 49.952 0.0048 49.9472
55 50 0.048 49.952
26 50 0.048 49.952
62 50 0.0048 49.9952
62 49.9952 0.048 49.9472
26 49.952 0.0048 49.9472
26 49.9472 0.16 49.7872
62 49.9472 0.016 49.9312
62 49.9312 0.016 49.9152
26 49.7872 0.0016 49.7856
62 49.9152 0.048 49.8672
26 49.7856 0.0048 49.7808
51 50 0.048 49.952
42 50 0.048 49.952
42 49.952 0.0048 49.9472
42 49.9472 0.16 49.7872
42 49.7872 0.0016 49.7856
41 50 0.048 49.952
25 50 0.0048 49.9952
48 49.9472 0.0048 49.9424
61 49.952 0.0048 49.9472
63 50 0.048 49.952
31 50 0.0048 49.9952
32 50 0.0048 49.9952
33 50 0.0048 49.9952
36 50 0.0048 49.9952
42 49.7856 0.0048 49.7808
43 50 0.0048 49.9952
48 50 0.048 49.952
38 49.9952 0.0048 49.9904
41 49.952 0.0048 49.9472
61 49.9472 0.0048 49.9424
32 49.9952 0.048 49.9472
31 49.9952 0.0048 49.9904
61 50 0.048 49.952
25 49.9952 0.0048 49.9904
38 50 0.0048 49.9952
41 49.9472 0.0048 49.9424
48 49.952 0.0048 49.9472
55 50 0.048 49.952
55 49.952 0.0048 49.9472
55 49.9472 0.16 49.7872
55 49.7872 0.0016 49.7856
62 50 0.048 49.952
26 50 0.0048 49.9952
51 50 0.048 49.952
41 50 0.048 49.952
25 50 0.0048 49.9952
48 49.9472 0.0048 49.9424
61 49.952 0.0048 49.9472
63 50 0.048 49.952
31 50 0.0048 49.9952
32 50 0.0048 49.9952
33 50 0.0048 49.9952
42 50 0.0048 49.9952
48 50 0.048 49.952
25 49.9952 0.0048 49.9904
38 49.9952 0.0048 49.9904
41 49.952 0.0048 49.9472
61 49.9472 0.0048 49.9424
48 49.952 0.0048 49.9472
48 49.9472 0.16 49.7872
48 49.7872 0.0016 49.7856
32 49.9952 0.048 49.9472
31 49.9952 0.0048 49.9904
32 49.9472 0.0048 49.9424
32 49.9424 0.16 49.7824
32 49.7824 0.0016 49.7808
61 50 0.048 49.952
41 49.9472 0.0048 49.9424
52 50 0.048 49.952
62 50 0.048 49.952
26 50 0.0048 49.9952
49 50 0.048 49.952
35 50 0.0048 49.9952
35 49.9952 0.048 49.9472
49 49.952 0.0096 49.9424
49 49.9424 0.16 49.7824
49 49.7824 0.0016 49.7808
51 50 0.048 49.952
41 50 0.048 49.952
38 50 0.0048 49.9952
48 49.7856 0.0048 49.7808
48 49.7808 0.048 49.7328
61 49.952 0.0048 49.9472
41 49.952 0.0048 49.9472
41 49.9472 0.16 49.7872
48 49.7328 0.016 49.7168
48 49.7168 0.016 49.7008
41 49.7872 0.0016 49.7856
48 49.7008 0.048 49.6528
25 50 0.0048 49.9952
38 49.9952 0.0048 49.9904
41 49.7856 0.0048 49.7808
48 49.6528 0.0048 49.648
48 49.648 0.16 49.488
61 49.9472 0.016 49.9312
48 49.488 0.0016 49.4864
63 50 0.048 49.952
27 50 0.0048 49.9952
31 50 0.0048 49.9952
32 50 0.0048 49.9952
42 50 0.0048 49.9952
57 50 0.048 49.952
61 50 0.048 49.952
41 49.7808 0.0048 49.776
52 50 0.048 49.952
30 50 0.0048 49.9952
58 50 0.0048 49.9952
58 49.9952 0.048 49.9472
64 50 0.0048 49.9952
52 49.952 0.0048 49.9472
52 49.9472 0.16 49.7872
30 49.9952 0.016 49.9792
58 49.9472 0.016 49.9312
58 49.9312 0.016 49.9152
52 49.7872 0.0016 49.7856
58 49.9152 0.048 49.8672
52 49.7856 0.0048 49.7808
64 49.9952 0.016 49.9792
62 50 0.048 49.952
26 50 0.0048 49.9952
51 50 0.048 49.952
64 49.9792 0.0048 49.9744
64 49.9744 0.048 49.9264
51 49.952 0.0096 49.9424
51 49.9424 0.16 49.7824
51 49.7824 0.0016 49.7808
63 50 0.048 49.952
41 50 0.048 49.952
38 50 0.0048 49.9952
48 49.6197 0.0048 49.6149
48 49.6149 0.048 49.5669
61 49.952 0.0048 49.9472
41 49.952 0.0048 49.9472
41 49.9472 0.16 49.7872
38 49.9952 0.016 49.9792
48 49.5669 0.016 49.5509
48 49.5509 0.016 49.5349
41 49.7872 0.0016 49.7856
48 49.5349 0.048 49.4869
38 49.9792 0.0048 49.9744
41 49.7856 0.0048 49.7808
61 49.9472 0.0048 49.9424
61 49.9424 0.016 49.9264
27 50 0.0048 49.9952
31 50 0.0048 49.9952
32 50 0.0048 49.9952
57 50 0.048 49.952
61 50 0.048 49.952
41 49.7808 0.0048 49.776
48 49.8447 0.0048 49.8399
58 50 0.048 49.952
52 50 0.0048 49.9952
54 50 0.0048 49.9952
54 49.9952 0.048 49.9472
58 49.952 0.0048 49.9472
58 49.9472 0.16 49.7872
54 49.9472 0.016 49.9312
54 49.9312 0.016 49.9152
58 49.7872 0.0016 49.7856
54 49.9152 0.048 49.8672
45 50 0.0048 49.9952
45 49.9952 0.048 49.9472
58 49.7856 0.0048 49.7808
54 49.8672 0.0096 49.8576
54 49.8576 0.16 49.6976
54 49.6976 0.0016 49.696
62 50 0.048 49.952
63 50 0.048 49.952
48 49.8399 0.048 49.7919
41 49.9569 0.0048 49.9521
61 49.952 0.0048 49.9472
44 50 0.048 49.952
29 50 0.0048 49.9952
44 49.952 0.0048 49.9472
44 49.9472 0.16 49.7872
44 49.7872 0.0016 49.7856
27 50 0.0048 49.9952
50 50 0.048 49.952
57 50 0.048 49.952
61 50 0.048 49.952
41 49.9521 0.0048 49.9473
48 49.9523 0.0048 49.9475
62 50 0.048 49.952
26 50 0.0048 49.9952
46 50 0.0048 49.9952
60 50 0.048 49.952
45 50 0.0048 49.9952
54 49.8412 0.0048 49.8364
60 49.952 0.0048 49.9472
60 49.9472 0.16 49.7872
60 49.7872 0.0016 49.7856
63 50 0.048 49.952
48 49.9475 0.048 49.8995
41 50 0.0048 49.9952
61 49.952 0.0048 49.9472
25 50 0.0048 49.9952
27 50 0.0048 49.9952
38 50 0.0048 49.9952
50 50 0.048 49.952
57 50 0.048 49.952
61 50 0.048 49.952
62 50 0.048 49.952
26 50 0.0048 49.9952
46 50 0.0048 49.9952
63 50 0.048 49.952
63 49.952 0.0048 49.9472
63 49.9472 0.16 49.7872
63 49.7872 0.0016 49.7856
48 50 0.048 49.952
41 50 0.0048 49.9952
37 50 0.048 49.952
59 50 0.0048 49.9952
25 50 0.0048 49.9952
38 50 0.0048 49.9952
41 49.9952 0.0048 49.9904
48 49.952 0.0048 49.9472
61 49.952 0.0048 49.9472
50 50 0.048 49.952
57 50 0.048 49.952
61 50 0.048 49.952
38 50 0.0048 49.9952
41 49.9904 0.0048 49.9856
62 50 0.048 49.952
26 50 0.0048 49.9952
46 50 0.0048 49.9952
48 50 0.048 49.952
41 50 0.0048 49.9952
37 50 0.048 49.952
59 50 0.0048 49.9952
25 50 0.0048 49.9952
38 49.9952 0.0048 49.9904
41 49.9952 0.0048 49.9904
48 49.952 0.0048 49.9472
61 49.952 0.0048 49.9472
50 50 0.048 49.952
57 50 0.048 49.952
61 50 0.048 49.952
38 50 0.0048 49.9952
41 49.9904 0.0048 49.9856
62 50 0.048 49.952
26 50 0.0048 49.9952
29 50 0.0048 49.9952
46 50 0.0048 49.9952
48 50 0.048 49.952
25 50 0.0048 49.9952
41 50 0.0048 49.9952
48 49.952 0.0048 49.9472
48 49.9472 0.16 49.7872
48 49.7872 0.0016 49.7856
37 50 0.048 49.952
25 49.9952 0.0048 49.9904
38 49.9952 0.0048 49.9904
41 49.9952 0.0048 49.9904
48 49.7856 0.0048 49.7808
61 49.952 0.0048 49.9472
50 50 0.048 49.952
57 50 0.048 49.952
61 50 0.048 49.952
38 50 0.0048 49.9952
41 49.9904 0.0048 49.9856
62 50 0.048 49.952
26 50 0.0048 49.9952
29 50 0.0048 49.9952
46 50 0.0048 49.9952
37 50 0.048 49.952
59 50 0.0048 49.9952
48 50 0.0048 49.9952
50 50 0.048 49.952
57 50 0.048 49.952
61 50 0.048 49.952
25 50 0.0048 49.9952
38 50 0.0048 49.9952
41 50 0.0048 49.9952
35 50 0.048 49.952
62 50 0.048 49.952
26 50 0.0048 49.9952
29 50 0.0048 49.9952
46 50 0.0048 49.9952
62 49.952 0.0048 49.9472
62 49.9472 0.16 49.7872
62 49.7872 0.0016 49.7856
37 50 0.048 49.952
50 50 0.048 49.952
57 50 0.048 49.952
61 50 0.048 49.952
38 50 0.0048 49.9952
41 50 0.0048 49.9952
53 50 0.048 49.952
30 50 0.0048 49.9952
64 50 0.0048 49.9952
53 49.952 0.0048 49.9472
53 49.9472 0.16 49.7872
53 49.7872 0.0016 49.7856
35 50 0.048 49.952
37 50 0.048 49.952
50 50 0.048 49.952
57 50 0.048 49.952
61 50 0.048 49.952
38 50 0.0048 49.9952
41 50 0.0048 49.9952
35 50 0.048 49.952
37 50 0.048 49.952
37 49.952 0.0048 49.9472
37 49.9472 0.16 49.7872
37 49.7872 0.0016 49.7856
40 50 0.048 49.952
51 50 0.0048 49.9952
53 50 0.0048 49.9952
50 50 0.048 49.952
57 50 0.048 49.952
