88 486 1.00612
27 487 1.01782
111 488 1.03234
45 489 1.03836
30 490 1.0475
46 491 1.0603
34 492 1.07627
112 493 1.08043
72 494 1.09511
92 495 1.09969
82 496 1.11168
84 497 1.19596
87 498 1.26022
65 499 1.26614
50 500 1.33066
93 501 1.34017
94 502 1.35019
55 503 1.41418
49 504 1.48366
25 505 1.49839
79 506 1.49934
42 507 1.50046
95 508 1.5329
56 509 1.68652
61 510 1.74308
109 511 1.81003
101 512 1.86253
67 513 1.89002
44 514 1.90202
35 515 1.90576
96 516 1.99439
71 517 1.99786
60 518 2.16636
66 519 2.17166
104 520 2.2436
36 521 2.26153
37 522 2.28951
52 523 2.29773
102 524 2.31739
98 525 2.40341
38 526 2.45107
77 527 2.4516
53 528 2.48233
103 529 2.49735
100 530 2.49739
114 531 2.54563
85 532 2.65374
89 533 2.76705
70 534 2.77526
81 535 2.78592
26 536 2.79979
108 537 2.92058
33 538 2.92863
88 539 3.37108
93 540 3.52707
87 541 3.69174
92 542 3.9202
61 543 3.92716
46 544 4.14661
29 545 4.28512
82 546 4.28731
83 547 4.61886
67 548 5.18534
84 549 5.42313
52 550 5.4726
65 551 5.51274
112 552 5.85872
27 553 6.04111
35 554 6.06698
48 555 6.08064
94 556 6.08469
42 557 6.25566
43 558 6.4596
56 559 6.67888
70 560 6.84386
101 561 6.84762
108 562 7.14152
93 563 7.1429
88 564 7.40165
81 565 7.49977
67 566 7.7861
44 567 7.84676
104 568 7.86833
83 569 8.07299
46 570 8.11926
92 571 8.37194
48 572 8.40459
82 573 8.76071
25 574 9.01647
84 575 9.1091
60 576 9.4397
89 577 9.76762
73 578 10.052
96 579 10.0774
62 580 10.1192
77 581 10.3504
35 582 10.3709
79 583 10.3737
27 584 11.2155
114 585 11.4633
84 586 11.6639
113 587 11.7248
92 588 11.7817
76 589 12.3165
49 590 12.7297
75 591 12.9974
62 592 13.2284
101 593 14.0421
85 594 14.1298
77 595 14.4915
