49 597
85 597
79 598
29 599
33 599
74 599
60 599
115 599
31 600
28 600
102 600
38 602
48 601
94 601
59 605
106 606
44 606
82 606
120 607
54 602
112 608
72 608
117 608
103 609
98 610
119 610
26 613
113 596
38 596
75 603
85 612
111 612
42 614
93 611
117 615
50 616
52 616
90 616
63 610
83 618
36 618
45 618
55 603
58 599
57 617
89 620
110 610
112 615
51 616
71 606
105 622
52 624
92 625
62 619
78 597
124 610
71 610
106 610
39 610
98 606
64 610
63 629
94 630
81 632
69 632
39 633
32 616
119 629
106 633
25 613
51 635
90 635
55 636
30 631
102 626
110 626
63 626
41 616
96 614
42 620
65 638
37 638
31 610
118 634
110 640
90 639
74 644
58 644
87 650
85 650
76 619
37 643
58 651
74 651
97 607
109 631
30 634
35 598
76 598
79 619
96 646
89 646
43 611
66 622
120 654
70 649
108 618
73 602
75 636
26 636
123 621
99 608
30 660
106 656
46 615
112 661
119 626
117 661
64 633
39 656
75 663
118 666
55 663
48 630
109 660
113 668
30 666
54 596
89 667
38 659
54 659
61 617
55 670
117 672
31 640
83 669
94 673
114 641
81 671
66 676
110 675
57 602
68 613
26 663
58 665
73 677
75 670
105 676
121 604
112 672
117 671
38 683
91 647
30 685
65 643
37 664
65 664
43 641
114 676
108 669
83 688
108 688
55 687
105 689
66 689
84 600
56 600
102 610
56 610
31 675
56 675
31 692
39 679
64 656
34 609
106 680
80 632
81 672
103 610
99 661
117 632
98 629
66 694
94 690
71 633
106 629
113 659
47 637
56 692
76 682
79 657
85 655
40 627
78 650
87 649
54 683
122 612
111 597
38 697
29 651
104 599
115 644
58 698
50 624
52 635
50 635
90 662
32 645
41 652
56 700
37 701
90 645
91 702
32 652
108 703
92 674
88 623
92 623
100 625
79 707
93 658
43 676
114 689
105 694
66 704
123 615
119 640
46 686
102 675
31 700
