70 1021 1.02902
86 1022 1.17593
58 1023 1.18423
52 1024 1.2313
54 1025 1.24178
38 1026 1.30667
59 1027 1.32861
80 1028 1.35772
51 1029 1.36745
33 1030 1.37466
37 1031 1.39168
74 1032 1.62682
66 1033 1.66398
90 1034 1.73669
50 1035 1.74817
42 1036 1.7739
60 1037 1.79007
36 1038 1.86322
34 1039 1.87489
72 1040 1.87599
77 1041 1.89433
93 1042 1.91821
41 1043 1.94144
47 1044 1.96534
76 1045 1.98909
91 1046 1.99663
40 1047 2.04384
57 1048 2.08446
43 1049 2.13562
71 1050 2.21528
79 1051 2.2607
62 1052 2.2708
78 1053 2.30512
89 1054 2.33356
67 1055 2.33605
56 1056 2.34212
69 1057 2.40233
44 1058 2.44808
46 1059 2.48667
31 1060 2.49085
81 1061 2.49108
25 1062 2.49799
32 1063 2.5019
35 1064 2.58228
48 1065 2.69423
28 1066 2.70675
84 1067 2.73969
94 1068 2.839
27 1069 2.86307
83 1070 2.86654
66 1071 4.10516
86 1072 4.22732
74 1073 4.44161
90 1074 4.55875
42 1075 4.61068
70 1076 4.6925
34 1077 4.87922
59 1078 4.95106
33 1079 5.14243
79 1080 5.1481
26 1081 5.16359
73 1082 5.19609
41 1083 5.2583
43 1084 5.43651
81 1085 5.56692
32 1086 6.11114
89 1087 6.94465
44 1088 7.05921
87 1089 7.08181
30 1090 7.11101
38 1091 7.22683
80 1092 7.24055
84 1093 7.49829
68 1094 7.56565
33 1095 7.5679
42 1096 7.71344
77 1097 8.2297
46 1098 8.48728
31 1099 8.65525
76 1100 8.72568
66 1101 8.86303
73 1102 9.91533
59 1103 9.99931
89 1104 10.1123
25 1105 10.2608
42 1106 10.7051
87 1107 10.7091
74 1108 10.762
71 1109 10.9261
84 1110 10.9505
30 1111 11.2895
86 1112 11.5967
58 1113 11.7934
34 1114 11.9617
73 1115 12.8708
72 1116 13.2489
66 1117 13.4349
56 1118 13.8377
33 1119 13.9191
26 1120 14.2682
28 1121 14.8687
42 1122 14.8894
71 1123 14.9255
38 1124 14.9944
