88 3557 1.03571
74 3558 1.06995
46 3559 1.07302
54 3560 1.07698
60 3562 1.161
43 3563 1.16639
40 3564 1.18957
95 3565 1.21545
26 3566 1.22459
101 3568 1.27229
49 3569 1.2798
63 3570 1.31443
25 3572 1.38665
81 3574 1.48121
69 3575 1.49668
35 3577 1.54747
41 3578 1.5513
59 3579 1.55325
103 3580 1.57248
53 3581 1.61702
32 3582 1.62469
47 3584 1.63709
72 3585 1.71896
98 3587 1.73513
80 3588 1.7658
71 3590 1.84783
97 3591 1.8847
96 3592 1.91782
104 3594 1.93601
44 3595 1.95708
42 3596 1.97342
61 3597 1.99427
48 3598 2.02029
90 3599 2.02251
82 3600 2.02518
84 3602 2.02826
93 3603 2.05778
89 3604 2.06852
87 3605 2.08216
27 3606 2.092
75 3607 2.1042
39 3609 2.1378
62 3610 2.15151
67 3611 2.1794
78 3612 2.20139
65 3613 2.20471
52 3614 2.21902
99 3616 2.22887
38 3617 2.28045
58 3618 2.31834
51 3619 2.31887
66 3621 2.37261
76 3622 2.38724
79 3623 2.39958
50 3625 2.45372
29 3626 2.46178
70 3627 2.4766
34 3628 2.481
55 3629 2.48471
77 3630 2.4982
56 3631 2.50133
31 3633 2.55176
102 3634 2.56099
64 3635 2.58244
91 3636 2.58782
94 3638 2.68474
36 3639 2.70515
45 3640 2.72489
68 3642 2.74807
30 3643 2.77236
100 3644 2.7735
85 3646 2.84413
37 3647 2.84496
92 3648 2.85971
28 3649 2.87402
33 3650 2.88935
73 3652 2.93977
86 3653 2.94175
26 3658 3.36128
101 3662 3.67928
63 3663 3.68932
88 3665 3.78125
46 3668 3.9605
40 3670 4.06804
43 3671 4.09082
71 3675 4.39083
60 3677 4.44472
54 3679 4.53951
76 3680 4.57826
32 3681 4.59734
87 3684 4.7389
49 3685 4.78561
84 3687 4.85104
55 3688 4.90294
39 3690 4.93572
44 3693 5.17987
36 3695 5.2418
38 3696 5.24456
48 3697 5.32733
90 3699 5.3639
91 3700 5.40303
42 3702 5.44543
95 3703 5.46772
65 3704 5.49265
51 3705 5.5017
52 3707 5.62015
62 3709 5.63791
29 3710 5.64957
83 3711 5.67379
97 3712 5.70701
73 3713 5.70939
82 3714 5.72596
103 3716 5.78834
74 3717 5.80508
75 3720 6.01583
72 3722 6.10941
53 3724 6.17086
61 3725 6.19037
77 3727 6.23172
89 3728 6.25706
102 3729 6.25894
68 3730 6.27237
98 3732 6.35917
69 3733 6.39093
47 3734 6.40458
57 3735 6.40574
59 3737 6.505
66 3739 6.6085
85 3740 6.61815
58 3742 6.63398
45 3743 6.63666
81 3744 6.6728
37 3745 6.67859
54 3747 6.79509
60 3748 6.7994
70 3751 7.00642
46 3753 7.03805
33 3754 7.07886
96 3755 7.11446
99 3756 7.12526
93 3758 7.21921
92 3760 7.28437
88 3761 7.32246
56 3763 7.33798
31 3764 7.34338
26 3765 7.35942
64 3766 7.37853
25 3767 7.39495
30 3768 7.40213
34 3771 7.53198
100 3772 7.57628
86 3773 7.62589
79 3775 7.6688
94 3776 7.71982
67 3778 7.7631
35 3779 7.76466
27 3780 7.77082
28 3782 7.86237
87 3784 7.93536
38 3787 8.17553
101 3789 8.24263
43 3791 8.35732
90 3793 8.49963
97 3794 8.50179
40 3795 8.50517
68 3797 8.54845
62 3798 8.56831
65 3800 8.71458
52 3802 8.76446
48 3803 8.80308
36 3805 8.84678
53 3806 8.85261
91 3807 8.881
89 3808 8.89099
73 3810 8.93738
80 3811 9.02096
84 3813 9.08237
63 3814 9.10825
57 3815 9.1181
32 3816 9.1198
76 3818 9.15011
82 3819 9.19253
55 3820 9.20896
71 3822 9.25494
41 3825 9.43356
39 3826 9.44788
49 3827 9.46207
44 3828 9.48963
66 3829 9.50249
70 3832 9.67022
50 3835 9.90178
83 3836 9.91235
54 3837 9.92438
102 3839 9.94221
77 3840 10.0177
34 3842 10.0666
99 3843 10.0882
45 3844 10.0895
93 3845 10.0936
47 3846 10.1039
56 3848 10.1664
79 3851 10.3516
100 3852 10.362
35 3853 10.4058
85 3854 10.4189
46 3855 10.4276
60 3857 10.4308
31 3859 10.5556
103 3860 10.568
87 3861 10.5762
69 3862 10.5988
78 3864 10.6736
86 3865 10.6794
51 3866 10.7239
72 3868 10.8201
25 3869 10.8253
40 3871 10.8843
37 3872 10.9275
33 3874 11.002
27 3875 11.0187
67 3878 11.1417
62 3879 11.1466
97 3880 11.1835
96 3881 11.1851
74 3882 11.2
75 3884 11.2543
42 3886 11.3712
58 3887 11.3902
94 3889 11.4376
95 3890 11.4735
91 3892 11.5848
29 3893 11.6254
26 3895 11.6406
43 3898 11.8956
98 3899 11.9232
84 3901 11.959
38 3902 12.018
48 3904 12.1156
30 3906 12.2011
59 3907 12.2014
28 3911 12.5011
64 3913 12.535
88 3914 12.6019
36 3915 12.6053
104 3917 12.6721
44 3918 12.6739
100 3920 12.7987
102 3922 12.8496
46 3923 12.8572
73 3924 12.8724
54 3926 12.9813
71 3927 13.0192
39 3929 13.0641
76 3931 13.1308
25 3932 13.1494
55 3933 13.186
52 3935 13.2306
50 3936 13.2671
32 3938 13.3505
81 3939 13.3827
90 3940 13.423
101 3942 13.4344
75 3943 13.4992
45 3944 13.5214
53 3946 13.5728
27 3947 13.6126
97 3949 13.677
77 3950 13.6814
68 3951 13.7235
93 3953 13.7699
85 3955 13.8917
82 3956 13.9012
31 3957 13.9231
78 3959 13.9486
72 3961 14.0455
70 3962 14.0616
92 3963 14.1232
49 3965 14.1822
69 3967 14.2455
83 3969 14.3673
62 3970 14.3823
89 3971 14.3852
61 3973 14.4939
63 3974 14.5173
58 3976 14.553
34 3977 14.5891
86 3979 14.6537
33 3980 14.7135
56 3982 14.7371
95 3983 14.754
59 3984 14.7897
40 3985 14.8041
35 3986 14.805
99 3989 14.9536
