0 3991
0 3992
0 3993
0 3994
0 3995
0 3996
0 3997
0 3998
0 3999
0 4002
0 4005
42 4003
7 4003
6 4003
5 4003
4 4003
3 4003
2 4003
1 4003
60 4006
66 4012
3 4012
2 4012
1 4012
0 4013
102 4018
9 4018
8 4018
7 4018
6 4018
5 4018
4 4018
3 4018
2 4018
1 4018
0 4019
41 4007
20 4007
21 4007
22 4007
23 4007
24 4007
110 4011
9 4011
8 4011
7 4011
6 4011
5 4011
4 4011
3 4011
2 4011
1 4011
0 4024
70 4025
3 4025
2 4025
1 4025
26 4014
19 4014
20 4014
21 4014
22 4014
23 4014
24 4014
92 4023
24 4023
0 4027
84 4010
6 4010
5 4010
4 4010
3 4010
2 4010
1 4010
56 4016
11 4016
10 4016
9 4016
8 4016
7 4016
6 4016
5 4016
4 4016
3 4016
2 4016
1 4016
40 4026
10 4026
9 4026
8 4026
7 4026
6 4026
5 4026
4 4026
3 4026
2 4026
1 4026
62 4032
22 4032
23 4032
24 4032
0 4033
69 4006
20 4006
21 4006
22 4006
23 4006
24 4006
38 4028
2 4028
1 4028
54 4030
10 4030
9 4030
8 4030
7 4030
6 4030
5 4030
4 4030
3 4030
2 4030
1 4030
0 4038
63 4035
11 4035
10 4035
9 4035
8 4035
7 4035
6 4035
5 4035
4 4035
3 4035
2 4035
1 4035
61 4036
3 4036
2 4036
1 4036
0 4042
57 4039
6 4039
5 4039
4 4039
3 4039
2 4039
1 4039
32 4009
18 4009
19 4009
20 4009
21 4009
22 4009
23 4009
24 4009
73 4045
19 4045
20 4045
21 4045
22 4045
23 4045
24 4045
0 4052
58 4008
20 4008
21 4008
22 4008
23 4008
24 4008
72 4041
2 4041
1 4041
103 4017
6 4017
5 4017
4 4017
3 4017
2 4017
1 4017
79 4031
2 4031
1 4031
0 4056
86 4001
6 4001
5 4001
4 4001
3 4001
2 4001
1 4001
49 4022
0 4061
78 4057
17 4057
18 4057
19 4057
20 4057
21 4057
22 4057
23 4057
24 4057
0 4067
109 4015
2 4015
1 4015
88 4055
21 4055
22 4055
23 4055
24 4055
0 4072
89 4070
14 4070
15 4070
16 4070
17 4070
18 4070
19 4070
20 4070
21 4070
22 4070
23 4070
24 4070
83 4060
19 4060
20 4060
21 4060
22 4060
23 4060
24 4060
0 4074
45 4065
2 4065
1 4065
76 4076
96 4071
18 4071
19 4071
20 4071
21 4071
22 4071
23 4071
24 4071
0 4082
82 4054
3 4054
2 4054
1 4054
47 4087
11 4087
10 4087
9 4087
8 4087
7 4087
6 4087
5 4087
4 4087
3 4087
2 4087
1 4087
51 4029
17 4029
18 4029
19 4029
20 4029
21 4029
22 4029
23 4029
24 4029
48 4080
16 4080
17 4080
18 4080
19 4080
20 4080
21 4080
22 4080
23 4080
24 4080
29 4037
20 4037
21 4037
22 4037
23 4037
24 4037
27 4050
9 4050
8 4050
7 4050
6 4050
5 4050
4 4050
3 4050
2 4050
1 4050
0 4092
74 4034
10 4034
9 4034
8 4034
7 4034
6 4034
5 4034
4 4034
3 4034
2 4034
1 4034
25 4020
21 4020
22 4020
23 4020
24 4020
71 4069
16 4069
17 4069
18 4069
19 4069
20 4069
21 4069
22 4069
23 4069
24 4069
0 4097
35 4085
22 4085
23 4085
24 4085
80 4048
24 4048
44 4066
6 4066
5 4066
4 4066
3 4066
2 4066
1 4066
31 4081
5 4081
4 4081
3 4081
2 4081
1 4081
0 4101
91 4064
24 4064
105 4104
61 4104
8 4104
7 4104
6 4104
5 4104
4 4104
3 4104
2 4104
1 4104
95 4000
24 4000
98 4058
6 4058
5 4058
4 4058
3 4058
2 4058
1 4058
68 4095
19 4095
20 4095
21 4095
22 4095
23 4095
24 4095
50 4077
22 4077
23 4077
24 4077
93 4105
7 4105
6 4105
5 4105
4 4105
3 4105
2 4105
1 4105
0 4106
113 4098
17 4098
18 4098
19 4098
20 4098
21 4098
22 4098
23 4098
24 4098
87 4099
20 4099
21 4099
22 4099
23 4099
24 4099
0 4109
55 4102
100 4075
20 4075
21 4075
22 4075
23 4075
24 4075
81 4059
21 4059
22 4059
23 4059
24 4059
69 4022
2 4022
1 4022
0 4110
28 4091
4 4091
3 4091
2 4091
1 4091
0 4111
39 4107
6 4107
5 4107
4 4107
3 4107
2 4107
1 4107
64 4062
20 4062
21 4062
22 4062
23 4062
24 4062
52 4093
46 4100
2 4100
1 4100
108 4021
23 4021
24 4021
101 4073
10 4073
9 4073
8 4073
7 4073
6 4073
5 4073
4 4073
3 4073
2 4073
1 4073
0 4112
90 4053
6 4053
5 4053
4 4053
3 4053
2 4053
1 4053
38 4076
10 4076
9 4076
8 4076
7 4076
6 4076
5 4076
4 4076
3 4076
2 4076
1 4076
99 4044
4 4044
3 4044
2 4044
1 4044
30 4046
12 4046
11 4046
10 4046
9 4046
8 4046
7 4046
6 4046
5 4046
4 4046
3 4046
2 4046
1 4046
0 4113
43 4089
14 4089
15 4089
16 4089
17 4089
18 4089
19 4089
20 4089
21 4089
22 4089
23 4089
24 4089
0 4114
106 4094
12 4094
11 4094
10 4094
9 4094
8 4094
7 4094
6 4094
5 4094
4 4094
3 4094
2 4094
1 4094
37 4047
19 4047
20 4047
21 4047
22 4047
23 4047
24 4047
53 4004
15 4004
16 4004
17 4004
18 4004
19 4004
20 4004
21 4004
22 4004
23 4004
24 4004
75 4090
1 4090
94 4096
9 4096
8 4096
7 4096
6 4096
5 4096
4 4096
3 4096
2 4096
1 4096
33 4051
5 4051
4 4051
3 4051
2 4051
1 4051
0 4115
104 4043
34 4086
23 4086
24 4086
111 4079
21 4079
22 4079
23 4079
24 4079
0 4116
66 4093
15 4093
16 4093
17 4093
18 4093
19 4093
20 4093
21 4093
22 4093
23 4093
24 4093
97 4049
6 4049
5 4049
4 4049
3 4049
2 4049
1 4049
0 4117
0 4120
0 4123
77 4084
14 4084
15 4084
16 4084
17 4084
18 4084
19 4084
20 4084
21 4084
22 4084
23 4084
24 4084
36 4088
12 4088
11 4088
10 4088
9 4088
8 4088
7 4088
6 4088
5 4088
4 4088
3 4088
2 4088
1 4088
26 4122
7 4122
6 4122
5 4122
4 4122
3 4122
2 4122
1 4122
0 4125
57 4121
17 4121
18 4121
19 4121
20 4121
21 4121
22 4121
23 4121
24 4121
0 4126
112 4083
18 4083
19 4083
20 4083
21 4083
22 4083
23 4083
24 4083
107 4108
18 4108
19 4108
20 4108
21 4108
22 4108
23 4108
24 4108
85 4063
22 4063
23 4063
24 4063
0 4128
90 4043
11 4043
10 4043
9 4043
8 4043
7 4043
6 4043
5 4043
4 4043
3 4043
2 4043
1 4043
41 4118
9 4118
8 4118
7 4118
6 4118
5 4118
4 4118
3 4118
2 4118
1 4118
67 4068
19 4068
20 4068
21 4068
22 4068
23 4068
24 4068
0 4130
114 4040
12 4040
11 4040
10 4040
9 4040
8 4040
7 4040
6 4040
5 4040
4 4040
3 4040
2 4040
1 4040
70 4127
59 4078
20 4078
21 4078
22 4078
23 4078
24 4078
0 4132
0 4135
51 4133
2 4133
1 4133
0 4136
76 4134
0 4137
0 4140
0 4144
47 4146
54 4129
1 4129
42 4131
1 4131
40 4145
2 4145
1 4145
73 4149
10 4149
9 4149
8 4149
7 4149
6 4149
5 4149
4 4149
3 4149
2 4149
1 4149
102 4139
3 4139
2 4139
1 4139
0 4153
52 4154
23 4154
24 4154
0 4156
0 4157
27 4138
23 4138
24 4138
110 4119
4 4119
3 4119
2 4119
1 4119
0 4159
101 4158
21 4158
22 4158
23 4158
24 4158
0 4164
88 4163
13 4163
14 4163
15 4163
16 4163
17 4163
18 4163
19 4163
20 4163
21 4163
22 4163
23 4163
24 4163
0 4167
93 4142
21 4142
22 4142
23 4142
24 4142
30 4127
24 4127
38 4134
22 4134
23 4134
24 4134
0 4174
48 4141
7 4141
6 4141
5 4141
4 4141
3 4141
2 4141
1 4141
61 4152
23 4152
24 4152
87 4165
9 4165
8 4165
7 4165
6 4165
5 4165
4 4165
3 4165
2 4165
1 4165
100 4166
9 4166
8 4166
7 4166
6 4166
5 4166
4 4166
3 4166
2 4166
1 4166
55 4176
14 4176
15 4176
16 4176
17 4176
18 4176
19 4176
20 4176
21 4176
22 4176
23 4176
24 4176
46 4155
15 4155
16 4155
17 4155
18 4155
19 4155
20 4155
21 4155
22 4155
23 4155
24 4155
109 4173
20 4173
21 4173
22 4173
23 4173
24 4173
0 4177
66 4178
86 4170
96 4179
10 4179
9 4179
8 4179
7 4179
6 4179
5 4179
4 4179
3 4179
2 4179
1 4179
0 4181
29 4151
12 4151
11 4151
10 4151
9 4151
8 4151
7 4151
6 4151
5 4151
4 4151
3 4151
2 4151
1 4151
64 4171
9 4171
8 4171
7 4171
6 4171
5 4171
4 4171
3 4171
2 4171
1 4171
58 4172
15 4172
16 4172
17 4172
18 4172
19 4172
20 4172
21 4172
22 4172
23 4172
24 4172
56 4162
8 4162
7 4162
6 4162
5 4162
4 4162
3 4162
2 4162
1 4162
0 4186
43 4178
2 4178
1 4178
0 4189
34 4188
11 4188
10 4188
9 4188
8 4188
7 4188
6 4188
5 4188
4 4188
3 4188
2 4188
1 4188
0 4191
45 4175
90 4175
21 4175
22 4175
23 4175
24 4175
92 4160
23 4160
24 4160
0 4194
103 4187
3 4187
2 4187
1 4187
98 4197
69 4180
19 4180
20 4180
21 4180
22 4180
23 4180
24 4180
0 4202
65 4103
17 4103
18 4103
19 4103
20 4103
21 4103
22 4103
23 4103
24 4103
92 4197
24 4197
79 4198
24 4198
78 4190
14 4190
15 4190
16 4190
17 4190
18 4190
19 4190
20 4190
21 4190
22 4190
23 4190
24 4190
30 4205
3 4205
2 4205
1 4205
0 4206
75 4207
16 4207
17 4207
18 4207
19 4207
20 4207
21 4207
22 4207
23 4207
24 4207
44 4183
0 4208
72 4182
111 4200
11 4200
10 4200
9 4200
8 4200
7 4200
6 4200
5 4200
4 4200
3 4200
2 4200
1 4200
60 4143
20 4143
21 4143
22 4143
23 4143
24 4143
38 4201
2 4201
1 4201
0 4211
0 4212
71 4148
12 4148
11 4148
10 4148
9 4148
8 4148
7 4148
6 4148
5 4148
4 4148
3 4148
2 4148
1 4148
62 4196
23 4196
24 4196
0 4214
81 4217
16 4217
17 4217
18 4217
19 4217
20 4217
21 4217
22 4217
23 4217
24 4217
0 4218
68 4224
15 4224
16 4224
17 4224
18 4224
19 4224
20 4224
21 4224
22 4224
23 4224
24 4224
31 4161
1 4161
0 4225
50 4203
18 4203
19 4203
20 4203
21 4203
22 4203
23 4203
24 4203
106 4220
5 4220
4 4220
3 4220
2 4220
1 4220
84 4146
9 4146
8 4146
7 4146
6 4146
5 4146
4 4146
3 4146
2 4146
1 4146
108 4226
78 4226
17 4226
18 4226
19 4226
20 4226
21 4226
22 4226
23 4226
24 4226
99 4184
23 4184
24 4184
28 4229
24 4229
0 4230
36 4221
3 4221
2 4221
1 4221
89 4210
13 4210
14 4210
15 4210
16 4210
17 4210
18 4210
19 4210
20 4210
21 4210
22 4210
23 4210
24 4210
74 4204
8 4204
7 4204
6 4204
5 4204
4 4204
3 4204
2 4204
1 4204
0 4232
49 4168
23 4168
24 4168
39 4223
2 4223
1 4223
0 4236
80 4231
22 4231
23 4231
24 4231
76 4234
6 4234
5 4234
4 4234
3 4234
2 4234
1 4234
63 4124
14 4124
15 4124
16 4124
17 4124
18 4124
19 4124
20 4124
21 4124
22 4124
23 4124
24 4124
0 4239
25 4219
20 4219
21 4219
22 4219
23 4219
24 4219
37 4241
14 4241
15 4241
16 4241
17 4241
18 4241
19 4241
20 4241
21 4241
22 4241
23 4241
24 4241
94 4213
4 4213
3 4213
2 4213
1 4213
0 4242
104 4243
3 4243
2 4243
1 4243
113 4185
16 4185
17 4185
18 4185
19 4185
20 4185
21 4185
22 4185
23 4185
24 4185
0 4244
112 4245
32 4169
22 4169
23 4169
24 4169
0 4249
52 4245
11 4245
10 4245
9 4245
8 4245
7 4245
6 4245
5 4245
4 4245
3 4245
2 4245
1 4245
100 4250
85 4192
15 4192
16 4192
17 4192
18 4192
19 4192
20 4192
21 4192
22 4192
23 4192
24 4192
102 4238
16 4238
17 4238
18 4238
19 4238
20 4238
21 4238
22 4238
23 4238
24 4238
0 4251
73 4237
0 4253
55 4237
0 4254
88 4255
90 4193
5 4193
4 4193
3 4193
2 4193
1 4193
0 4258
105 4195
10 4195
9 4195
8 4195
7 4195
6 4195
5 4195
4 4195
3 4195
2 4195
1 4195
33 4240
3 4240
2 4240
1 4240
59 4199
14 4199
15 4199
16 4199
17 4199
18 4199
19 4199
20 4199
21 4199
22 4199
23 4199
24 4199
42 4228
17 4228
18 4228
19 4228
20 4228
21 4228
22 4228
23 4228
24 4228
40 4248
18 4248
19 4248
20 4248
21 4248
22 4248
23 4248
24 4248
0 4261
95 4233
68 4250
21 4250
22 4250
23 4250
24 4250
0 4264
67 4265
83 4216
24 4216
82 4222
7 4222
6 4222
5 4222
4 4222
3 4222
2 4222
1 4222
61 4247
11 4247
10 4247
9 4247
8 4247
7 4247
6 4247
5 4247
4 4247
3 4247
2 4247
1 4247
91 4235
2 4235
1 4235
109 4257
8 4257
7 4257
6 4257
5 4257
4 4257
3 4257
2 4257
1 4257
0 4268
58 4233
2 4233
1 4233
47 4267
16 4267
17 4267
18 4267
19 4267
20 4267
21 4267
22 4267
23 4267
24 4267
0 4269
77 4260
12 4260
11 4260
10 4260
9 4260
8 4260
7 4260
6 4260
5 4260
4 4260
3 4260
2 4260
1 4260
0 4271
86 4263
14 4263
15 4263
16 4263
17 4263
18 4263
19 4263
20 4263
21 4263
22 4263
23 4263
24 4263
0 4277
26 4259
5 4259
4 4259
3 4259
2 4259
1 4259
38 4272
12 4272
11 4272
10 4272
9 4272
8 4272
7 4272
6 4272
5 4272
4 4272
3 4272
2 4272
1 4272
55 4279
34 4256
24 4256
29 4275
1 4275
0 4280
92 4274
11 4274
10 4274
9 4274
8 4274
7 4274
6 4274
5 4274
4 4274
3 4274
2 4274
1 4274
0 4285
44 4284
12 4284
11 4284
10 4284
9 4284
8 4284
7 4284
6 4284
5 4284
4 4284
3 4284
2 4284
1 4284
0 4288
45 4289
10 4289
9 4289
8 4289
7 4289
6 4289
5 4289
4 4289
3 4289
2 4289
1 4289
0 4290
107 4286
43 4246
17 4246
18 4246
19 4246
20 4246
21 4246
22 4246
23 4246
24 4246
53 4227
18 4227
19 4227
20 4227
21 4227
22 4227
23 4227
24 4227
0 4293
52 4262
18 4262
19 4262
20 4262
21 4262
22 4262
23 4262
24 4262
81 4291
2 4291
1 4291
110 4266
23 4266
24 4266
70 4276
17 4276
18 4276
19 4276
20 4276
21 4276
22 4276
23 4276
24 4276
0 4295
72 4294
13 4294
14 4294
15 4294
16 4294
17 4294
18 4294
19 4294
20 4294
21 4294
22 4294
23 4294
24 4294
0 4297
64 4278
1 4278
0 4300
93 4281
15 4281
16 4281
17 4281
18 4281
19 4281
20 4281
21 4281
22 4281
23 4281
24 4281
98 4282
14 4282
15 4282
16 4282
17 4282
18 4282
19 4282
20 4282
21 4282
22 4282
23 4282
24 4282
0 4302
57 4209
37 4303
24 4303
0 4305
43 4209
20 4209
21 4209
22 4209
23 4209
24 4209
101 4299
17 4299
18 4299
19 4299
20 4299
21 4299
22 4299
23 4299
24 4299
0 4308
74 4286
21 4286
22 4286
23 4286
24 4286
114 4283
14 4283
15 4283
16 4283
17 4283
18 4283
19 4283
20 4283
21 4283
22 4283
23 4283
24 4283
66 4270
21 4270
22 4270
23 4270
24 4270
25 4311
7 4311
6 4311
5 4311
4 4311
3 4311
2 4311
1 4311
0 4314
79 4304
16 4304
17 4304
18 4304
19 4304
20 4304
21 4304
22 4304
23 4304
24 4304
87 4296
30 4298
20 4298
21 4298
22 4298
23 4298
24 4298
97 4252
12 4252
11 4252
10 4252
9 4252
8 4252
7 4252
6 4252
5 4252
4 4252
3 4252
2 4252
1 4252
0 4317
54 4306
103 4320
21 4320
22 4320
23 4320
24 4320
41 4287
13 4287
14 4287
15 4287
16 4287
17 4287
18 4287
19 4287
20 4287
21 4287
22 4287
23 4287
24 4287
56 4307
3 4307
2 4307
1 4307
106 4313
20 4313
21 4313
22 4313
23 4313
24 4313
0 4322
48 4319
4 4319
3 4319
2 4319
1 4319
35 4215
9 4215
8 4215
7 4215
6 4215
5 4215
4 4215
3 4215
2 4215
1 4215
27 4309
22 4309
23 4309
24 4309
0 4326
60 4324
13 4324
14 4324
15 4324
16 4324
17 4324
18 4324
19 4324
20 4324
21 4324
22 4324
23 4324
24 4324
111 4325
4 4325
3 4325
2 4325
1 4325
0 4331
95 4328
12 4328
11 4328
10 4328
9 4328
8 4328
7 4328
6 4328
5 4328
4 4328
3 4328
2 4328
1 4328
99 4310
14 4310
15 4310
16 4310
17 4310
18 4310
19 4310
20 4310
21 4310
22 4310
23 4310
24 4310
61 4329
21 4329
22 4329
23 4329
24 4329
42 4334
3 4334
2 4334
1 4334
0 4335
50 4338
10 4338
9 4338
8 4338
7 4338
6 4338
5 4338
4 4338
3 4338
2 4338
1 4338
0 4339
51 4273
7 4273
6 4273
5 4273
4 4273
3 4273
2 4273
1 4273
89 4292
5 4292
4 4292
3 4292
2 4292
1 4292
0 4342
62 4316
17 4316
18 4316
19 4316
20 4316
21 4316
22 4316
23 4316
24 4316
0 4347
0 4351
58 4279
14 4279
15 4279
16 4279
17 4279
18 4279
19 4279
20 4279
21 4279
22 4279
23 4279
24 4279
68 4332
9 4332
8 4332
7 4332
6 4332
5 4332
4 4332
3 4332
2 4332
1 4332
71 4349
0 4353
112 4265
73 4340
28 4341
18 4341
19 4341
20 4341
21 4341
22 4341
23 4341
24 4341
77 4345
24 4345
32 4333
0 4356
39 4336
20 4336
21 4336
22 4336
23 4336
24 4336
58 4340
15 4340
16 4340
17 4340
18 4340
19 4340
20 4340
21 4340
22 4340
23 4340
24 4340
0 4358
86 4344
1 4344
84 4357
59 4357
4 4357
3 4357
2 4357
1 4357
94 4346
22 4346
23 4346
24 4346
33 4330
18 4330
19 4330
20 4330
21 4330
22 4330
23 4330
24 4330
75 4312
14 4312
15 4312
16 4312
17 4312
18 4312
19 4312
20 4312
21 4312
22 4312
23 4312
24 4312
36 4301
23 4301
24 4301
0 4360
74 4361
3 4361
2 4361
1 4361
102 4354
8 4354
7 4354
6 4354
5 4354
4 4354
3 4354
2 4354
1 4354
0 4363
96 4337
12 4337
11 4337
10 4337
9 4337
8 4337
7 4337
6 4337
5 4337
4 4337
3 4337
2 4337
1 4337
0 4366
52 4364
4 4364
3 4364
2 4364
1 4364
80 4367
17 4367
18 4367
19 4367
20 4367
21 4367
22 4367
23 4367
24 4367
67 4362
5 4362
4 4362
3 4362
2 4362
1 4362
49 4355
19 4355
20 4355
21 4355
22 4355
23 4355
24 4355
0 4368
65 4348
17 4348
18 4348
19 4348
20 4348
21 4348
22 4348
23 4348
24 4348
38 4365
1 4365
0 4373
69 4350
20 4350
21 4350
22 4350
23 4350
24 4350
76 4371
2 4371
1 4371
0 4375
46 4315
19 4315
20 4315
21 4315
22 4315
23 4315
24 4315
0 4376
30 4379
0 4380
113 4349
12 4349
11 4349
10 4349
9 4349
8 4349
7 4349
6 4349
5 4349
4 4349
3 4349
2 4349
1 4349
29 4372
17 4372
18 4372
19 4372
20 4372
21 4372
22 4372
23 4372
24 4372
86 4379
5 4379
4 4379
3 4379
2 4379
1 4379
0 4384
0 4386
110 4381
12 4381
11 4381
10 4381
9 4381
8 4381
7 4381
6 4381
5 4381
4 4381
3 4381
2 4381
1 4381
104 4327
113 4385
13 4385
14 4385
15 4385
16 4385
17 4385
18 4385
19 4385
20 4385
21 4385
22 4385
23 4385
24 4385
88 4387
20 4387
21 4387
22 4387
23 4387
24 4387
0 4388
0 4390
43 4389
8 4389
7 4389
6 4389
5 4389
4 4389
3 4389
2 4389
1 4389
0 4393
78 4318
18 4318
19 4318
20 4318
21 4318
22 4318
23 4318
24 4318
105 4374
6 4374
5 4374
4 4374
3 4374
2 4374
1 4374
72 4396
0 4397
81 4398
18 4398
19 4398
20 4398
21 4398
22 4398
23 4398
24 4398
0 4399
111 4401
0 4403
91 4406
0 4407
108 4323
20 4323
21 4323
22 4323
23 4323
24 4323
47 4369
12 4369
11 4369
10 4369
9 4369
8 4369
7 4369
6 4369
5 4369
4 4369
3 4369
2 4369
1 4369
93 4408
6 4408
5 4408
4 4408
3 4408
2 4408
1 4408
103 4382
10 4382
9 4382
8 4382
7 4382
6 4382
5 4382
4 4382
3 4382
2 4382
1 4382
0 4410
63 4370
16 4370
17 4370
18 4370
19 4370
20 4370
21 4370
22 4370
23 4370
24 4370
100 4296
19 4296
20 4296
21 4296
22 4296
23 4296
24 4296
57 4378
11 4378
10 4378
9 4378
8 4378
7 4378
6 4378
5 4378
4 4378
3 4378
2 4378
1 4378
79 4396
6 4396
5 4396
4 4396
3 4396
2 4396
1 4396
112 4411
0 4412
34 4414
35 4333
23 4333
24 4333
0 4415
85 4306
16 4306
17 4306
18 4306
19 4306
20 4306
21 4306
22 4306
23 4306
24 4306
82 4404
5 4404
4 4404
3 4404
2 4404
1 4404
55 4416
0 4417
60 4413
2 4413
1 4413
41 4419
4 4419
3 4419
2 4419
1 4419
0 4420
66 4421
13 4421
14 4421
15 4421
16 4421
17 4421
18 4421
19 4421
20 4421
21 4421
22 4421
23 4421
24 4421
26 4409
3 4409
2 4409
1 4409
0 4424
92 4352
8 4352
7 4352
6 4352
5 4352
4 4352
3 4352
2 4352
1 4352
101 4423
10 4423
9 4423
8 4423
7 4423
6 4423
5 4423
4 4423
3 4423
2 4423
1 4423
52 4411
14 4411
15 4411
16 4411
17 4411
18 4411
19 4411
20 4411
21 4411
22 4411
23 4411
24 4411
0 4425
37 4391
18 4391
19 4391
20 4391
21 4391
22 4391
23 4391
24 4391
42 4400
18 4400
19 4400
20 4400
21 4400
22 4400
23 4400
24 4400
0 4427
31 4343
8 4343
7 4343
6 4343
5 4343
4 4343
3 4343
2 4343
1 4343
0 4429
48 4394
21 4394
22 4394
23 4394
24 4394
58 4406
3 4406
2 4406
1 4406
0 4432
62 4418
7 4418
6 4418
5 4418
4 4418
3 4418
2 4418
1 4418
53 4431
16 4431
17 4431
18 4431
19 4431
20 4431
21 4431
22 4431
23 4431
24 4431
0 4435
114 4437
9 4437
8 4437
7 4437
6 4437
5 4437
4 4437
3 4437
2 4437
1 4437
100 4414
24 4414
113 4401
22 4401
23 4401
24 4401
0 4439
98 4440
56 4434
22 4434
23 4434
24 4434
38 4430
13 4430
14 4430
15 4430
16 4430
17 4430
18 4430
19 4430
20 4430
21 4430
22 4430
23 4430
24 4430
90 4395
9 4395
8 4395
7 4395
6 4395
5 4395
4 4395
3 4395
2 4395
1 4395
0 4441
54 4442
83 4405
2 4405
1 4405
0 4444
77 4445
87 4446
1 4446
0 4447
84 4436
19 4436
20 4436
21 4436
22 4436
23 4436
24 4436
107 4265
18 4265
19 4265
20 4265
21 4265
22 4265
23 4265
24 4265
94 4438
12 4438
11 4438
10 4438
9 4438
8 4438
7 4438
6 4438
5 4438
4 4438
3 4438
2 4438
1 4438
70 4402
17 4402
18 4402
19 4402
20 4402
21 4402
22 4402
23 4402
24 4402
0 4450
64 4448
71 4451
0 4452
