0 1505
0 1506
0 1507
0 1508
0 1510
0 1511
0 1512
0 1513
0 1514
34 1520
19 1520
20 1520
21 1520
22 1520
23 1520
24 1520
26 1523
19 1523
20 1523
21 1523
22 1523
23 1523
24 1523
30 1518
15 1518
16 1518
17 1518
18 1518
19 1518
20 1518
21 1518
22 1518
23 1518
24 1518
29 1525
34 1525
21 1525
22 1525
23 1525
24 1525
31 1527
21 1527
22 1527
23 1527
24 1527
33 1532
15 1532
16 1532
17 1532
18 1532
19 1532
20 1532
21 1532
22 1532
23 1532
24 1532
32 1530
17 1530
18 1530
19 1530
20 1530
21 1530
22 1530
23 1530
24 1530
0 1538
0 1539
0 1540
0 1543
0 1544
0 1545
27 1541
23 1541
24 1541
25 1542
16 1542
17 1542
18 1542
19 1542
20 1542
21 1542
22 1542
23 1542
24 1542
0 1551
0 1552
0 1553
0 1554
0 1555
0 1556
0 1557
0 1558
0 1560
31 1559
10 1559
9 1559
8 1559
7 1559
6 1559
5 1559
4 1559
3 1559
2 1559
1 1559
0 1570
28 1536
22 1536
23 1536
24 1536
0 1571
0 1574
27 1572
8 1572
7 1572
6 1572
5 1572
4 1572
3 1572
2 1572
1 1572
0 1575
32 1573
9 1573
8 1573
7 1573
6 1573
5 1573
4 1573
3 1573
2 1573
1 1573
0 1578
0 1579
33 1565
8 1565
7 1565
6 1565
5 1565
4 1565
3 1565
2 1565
1 1565
0 1580
29 1577
16 1577
17 1577
18 1577
19 1577
20 1577
21 1577
22 1577
23 1577
24 1577
0 1583
34 1581
16 1581
17 1581
18 1581
19 1581
20 1581
21 1581
22 1581
23 1581
24 1581
25 1595
8 1595
7 1595
6 1595
5 1595
4 1595
3 1595
2 1595
1 1595
30 1582
17 1582
18 1582
19 1582
20 1582
21 1582
22 1582
23 1582
24 1582
0 1602
26 1585
0 1603
0 1605
0 1607
0 1608
34 1585
29 1585
1 1585
0 1617
0 1618
0 1620
34 1611
32 1619
27 1615
0 1621
31 1604
5 1604
4 1604
3 1604
2 1604
1 1604
0 1622
33 1613
24 1613
0 1623
0 1624
28 1606
17 1606
18 1606
19 1606
20 1606
21 1606
22 1606
23 1606
24 1606
0 1625
0 1626
0 1636
0 1637
25 1628
0 1638
0 1639
29 1611
14 1611
15 1611
16 1611
17 1611
18 1611
19 1611
20 1611
21 1611
22 1611
23 1611
24 1611
0 1641
0 1642
0 1643
0 1644
30 1651
14 1651
15 1651
16 1651
17 1651
18 1651
19 1651
20 1651
21 1651
22 1651
23 1651
24 1651
26 1652
19 1652
20 1652
21 1652
22 1652
23 1652
24 1652
27 1650
14 1650
15 1650
16 1650
17 1650
18 1650
19 1650
20 1650
21 1650
22 1650
23 1650
24 1650
31 1657
23 1657
24 1657
0 1666
0 1667
0 1668
0 1670
33 1671
19 1671
20 1671
21 1671
22 1671
23 1671
24 1671
0 1672
28 1669
13 1669
14 1669
15 1669
16 1669
17 1669
18 1669
19 1669
20 1669
21 1669
22 1669
23 1669
24 1669
0 1678
0 1681
34 1674
4 1674
3 1674
2 1674
1 1674
0 1682
0 1683
0 1684
29 1680
6 1680
5 1680
4 1680
3 1680
2 1680
1 1680
0 1685
32 1679
1 1679
0 1688
0 1689
