34 1520 0 100 0.1 1.5726 1.6726
26 1523 0 100 8.16907e-08 1.72807 1.72807
30 1518 0 100 0.4 1.47214 1.87214
29 1525 0 100 0.2 1.85553 2.05553
31 1527 0 100 0.2 1.99541 2.19541
33 1532 0 100 0.1 2.24845 2.34845
32 1530 0 100 0.2 2.16394 2.36394
27 1541 0 100 0.7 2.9419 3.6419
25 1542 0 100 0.8 2.97501 3.77501
31 1559 0 100 0.6 4.54214 5.14214
28 1536 0 100 3 2.53791 5.53791
27 1572 0 100 0.1 5.64341 5.74341
32 1573 0 100 0.3 5.65831 5.95831
33 1565 0 100 1.1 5.05307 6.15307
29 1577 0 100 0.3 5.98125 6.28125
34 1581 0 100 0.1 6.22538 6.32538
25 1595 0 100 1.05031e-07 7.35201 7.35201
30 1582 0 100 1.3 6.28605 7.58605
26 1585 0 100 2 6.45108 8.45108
32 1619 0 100 0.1 9.18196 9.28196
27 1615 0 100 0.4 8.90318 9.30318
31 1604 0 100 1.2 8.17161 9.37161
33 1613 0 100 0.7 8.78696 9.48696
28 1606 0 100 1.4 8.30905 9.70905
25 1628 0 100 0.9 10.0132 10.9132
34 1611 0 100 2.5 8.64473 11.1447
30 1651 0 100 1.40041e-07 12.1051 12.1051
26 1652 0 100 0.1 12.1156 12.2156
27 1650 0 100 0.2 12.086 12.286
31 1657 0 100 0.7 12.4273 13.1273
33 1671 0 100 8.16907e-08 13.6315 13.6315
28 1669 0 100 0.6 13.5754 14.1754
34 1674 0 100 0.5 13.8724 14.3724
29 1680 0 100 0.4 14.3102 14.7102
32 1679 0 100 0.5 14.2518 14.7518
