70 407 1.02402
68 408 1.05096
45 409 1.08952
28 410 1.10063
41 411 1.13684
57 412 1.16495
89 413 1.16585
29 414 1.19217
87 415 1.26863
61 416 1.32093
75 417 1.37239
59 418 1.49959
83 419 1.59374
103 420 1.60803
77 421 1.62531
33 422 1.68521
36 423 1.68651
40 424 1.70071
44 425 1.72699
51 426 1.74184
60 427 1.75228
56 428 1.7559
73 429 1.7876
72 430 1.8241
92 431 2.04411
94 432 2.06803
48 433 2.07203
88 434 2.11967
37 435 2.12795
52 436 2.17134
74 437 2.20604
104 438 2.32959
100 439 2.3537
42 440 2.36902
86 441 2.4682
46 442 2.47979
67 443 2.50891
38 444 2.5567
54 445 2.60819
26 446 2.63488
30 447 2.83857
70 448 3.5569
41 449 3.66613
87 450 4.22096
92 451 4.32385
75 452 4.51288
46 453 4.74427
44 454 4.91391
72 455 4.93344
94 456 5.36068
36 457 5.45893
45 458 5.64253
51 459 5.73133
103 460 5.75987
101 461 6.10936
66 462 6.56145
40 463 6.64962
70 464 6.89644
34 465 7.37892
27 466 7.76214
36 467 8.03149
87 468 8.12963
88 469 8.29393
60 470 8.38137
92 471 8.58488
61 472 8.93258
67 473 8.93657
103 474 8.99783
104 475 8.99999
51 476 9.04314
44 477 9.72628
86 478 9.80512
72 479 9.9002
46 480 9.93584
42 481 10.4313
66 482 10.4878
101 483 10.5182
40 484 10.5316
32 485 10.7414
103 486 11.5118
44 487 11.7515
96 488 11.9057
36 489 11.9934
100 490 12.0521
75 491 12.1371
70 492 12.471
27 493 12.5312
89 494 12.6333
46 495 12.7049
56 496 12.7548
45 497 12.7898
40 498 12.927
60 499 13.2597
104 500 13.7396
66 501 14.1217
27 502 14.7949
