74 166 0 100 1.28 1.63844 2.91844
60 173 0 100 0.65 2.27234 2.92234
32 181 0 100 0.3 2.78961 3.08961
58 161 0 100 2.63 1.39592 4.02592
31 170 0 100 2.36 1.86997 4.22997
57 162 0 100 3.03 1.40656 4.43656
66 169 0 100 2.62 1.81885 4.43885
42 156 0 100 3.51 1.12418 4.63418
37 177 0 100 2.1 2.53577 4.63577
66 188 0 100 3.50103e-08 4.8293 4.8293
52 179 0 100 2.25 2.61572 4.86572
68 158 0 100 4.08 1.32976 5.40976
68 183 0 100 1.31 4.10725 5.41725
26 165 0 100 4.33 1.59019 5.92019
30 184 0 100 2.43 4.17062 6.60062
34 196 0 100 1.16701e-08 7.02634 7.02634
34 174 0 100 4.59 2.43822 7.02822
64 176 0 100 4.96 2.498 7.458
64 191 0 100 1.46 6.17874 7.63874
46 194 0 100 1.21 6.53065 7.74065
46 159 0 100 6.4 1.36552 7.76552
59 160 0 100 6.75 1.37363 8.12363
59 193 0 100 1.76 6.42825 8.18825
71 180 0 100 5.71 2.62384 8.33384
62 189 0 100 3.21 5.5972 8.8072
66 199 0 100 2.21 7.49402 9.70402
37 195 0 100 3.23 6.71818 9.94818
33 175 0 100 8.49 2.48479 10.9748
33 198 0 100 3.84 7.14306 10.9831
26 202 0 100 1.86 9.27626 11.1363
41 167 0 100 9.72 1.69456 11.4146
51 163 0 100 10.15 1.47997 11.63
28 207 0 100 1.37 10.2696 11.6396
27 185 0 100 7.82 4.22367 12.0437
34 215 0 100 0.81 11.4403 12.2503
65 216 0 100 0.78 11.4716 12.2516
64 206 0 100 2.92 9.80159 12.7216
46 212 0 100 1.92 11.0483 12.9683
49 208 0 100 2.28 10.6945 12.9745
59 214 0 100 2.01 11.4307 13.4407
60 213 0 100 2.38 11.1569 13.5369
59 182 0 100 10.15 3.48005 13.6301
60 187 0 100 8.99 4.64244 13.6324
62 178 0 100 11.44 2.61497 14.055
62 210 0 100 3.24 10.8218 14.0618
58 190 0 100 8.89 5.84222 14.7322
47 221 0 100 1.15 13.8433 14.9933
