33 328 0 100 0.26 1.5683 1.8283
35 329 0 100 0.45 1.60089 2.05089
38 317 0 100 1.01 1.05996 2.06996
67 345 0 100 0.84 2.3328 3.1728
43 323 0 100 2.44 1.2968 3.7368
31 333 0 100 2.65 1.73454 4.38454
57 330 0 100 3.99 1.60119 5.59119
81 334 0 100 4.1 1.76501 5.86501
75 343 0 100 3.73 2.28003 6.01003
73 355 0 100 3.48 2.94352 6.42352
34 363 0 100 1.55 4.87712 6.42712
68 326 0 100 4.99 1.47131 6.46131
66 347 0 100 4.07 2.55091 6.62091
55 370 0 100 0.33 6.70258 7.03258
93 324 0 100 5.81 1.3156 7.1256
52 361 0 100 2.81 4.52955 7.33955
50 348 0 100 5.24 2.57056 7.81056
32 358 0 100 4.03 3.80354 7.83354
50 371 0 100 0.45 7.38818 7.83818
59 318 0 100 6.84 1.11449 7.95449
32 332 0 100 6.35 1.71511 8.06511
78 320 0 100 7.03 1.18915 8.21915
78 357 0 100 4.91 3.41704 8.32704
67 365 0 100 2.8 5.62657 8.42657
70 376 0 100 1.16701e-08 8.49222 8.49222
70 325 0 100 7.15 1.36344 8.51344
76 316 0 100 7.52 1.04158 8.56158
70 359 0 100 4.69 3.96201 8.65201
25 354 0 100 6.23 2.76015 8.99015
37 378 0 100 0.25 8.77175 9.02175
37 322 0 100 7.81 1.28186 9.09186
58 341 0 100 7.06 2.08792 9.14792
85 337 0 100 7.37 1.85488 9.22488
86 362 0 100 4.6 4.7308 9.3308
79 374 0 100 1.39 8.33549 9.72549
84 351 0 100 7.19 2.73427 9.92427
84 364 0 100 4.68 5.24559 9.92559
41 372 0 100 3.3 7.73548 11.0355
75 366 0 100 5.32 5.94657 11.2666
75 377 0 100 2.7 8.57739 11.2774
83 385 0 100 0.69 10.9912 11.6812
73 381 0 100 2.2 9.5457 11.7457
42 391 0 100 1.16701e-08 11.7907 11.7907
83 331 0 100 10.13 1.69873 11.8287
62 338 0 100 10.07 1.89524 11.9652
55 380 0 100 3 9.3269 12.3269
55 387 0 100 0.97 11.3588 12.3288
38 375 0 100 4.25 8.34709 12.5971
38 396 0 100 0.17 12.4809 12.6509
32 382 0 100 3.32 9.67481 12.9948
32 394 0 100 0.94 12.2408 13.1808
51 379 0 100 4.41 8.89881 13.3088
49 390 0 100 1.95 11.4723 13.4223
88 386 0 100 2.67 11.036 13.706
53 395 0 100 1.87 12.3511 14.2211
25 384 0 100 3.93 10.3437 14.2737
25 397 0 100 1.56 12.882 14.442
86 398 0 100 1.59 12.9789 14.5689
86 339 0 100 12.7 1.92986 14.6299
