100 509 0 100 2.33402e-08 1.1484 1.1484
63 514 0 100 0.1 1.2964 1.3964
109 513 0 100 0.29 1.22939 1.51939
105 515 0 100 0.39 1.30591 1.69591
83 526 0 100 0.24 1.52414 1.76415
73 512 0 100 0.7 1.22471 1.92471
49 528 0 100 0.69 1.57911 2.26911
52 541 0 100 1.16701e-08 2.39229 2.39229
64 534 0 100 0.78 1.81956 2.59956
114 542 0 100 0.19 2.41235 2.60235
79 518 0 100 1.3 1.35432 2.65432
104 516 0 100 1.33 1.32801 2.65801
29 521 0 100 1.57 1.41335 2.98335
75 507 0 100 1.88 1.13628 3.01628
86 538 0 100 1.41 2.06765 3.47765
106 543 0 100 1.39 2.46984 3.85984
34 505 0 100 2.79 1.0732 3.8632
55 530 0 100 2.68 1.68867 4.36867
61 533 0 100 2.6 1.81255 4.41255
43 519 0 100 3.5 1.35626 4.85626
108 552 0 100 0.71 4.16646 4.87646
59 510 0 100 4.24 1.16596 5.40596
98 517 0 100 4.9 1.33901 6.23901
98 556 0 100 1.51 4.75685 6.26685
97 525 0 100 4.81 1.50397 6.31397
72 545 0 100 3.84 2.63299 6.47299
54 527 0 100 5.11 1.5666 6.6766
72 568 0 100 0.72 5.97001 6.69001
30 511 0 100 5.53 1.22234 6.75234
30 557 0 100 1.99 4.76734 6.75734
96 540 0 100 4.5 2.2612 6.7612
52 567 0 100 1.66 5.83938 7.49938
103 537 0 100 5.52 2.0429 7.5629
57 529 0 100 5.99 1.65984 7.64984
32 548 0 100 4.92 2.9165 7.8365
32 561 0 100 2.56 5.28467 7.84467
79 560 0 100 2.8 5.04684 7.84684
25 576 0 100 0.47 7.66128 8.13128
45 563 0 100 2.9 5.30999 8.20999
75 559 0 100 3.23 5 8.23
35 569 0 100 2.14 6.19919 8.33919
104 555 0 100 3.63 4.71145 8.34145
53 535 0 100 6.68 1.82736 8.50736
76 532 0 100 6.81 1.81127 8.62127
101 522 0 100 7.18 1.44434 8.62434
34 570 0 100 2.64 6.31785 8.95785
93 536 0 100 7.04 1.93806 8.97806
34 549 0 100 5.08 3.89907 8.97907
94 551 0 100 5 4.09609 9.09609
94 581 0 100 0.02 9.07875 9.09875
94 520 0 100 7.7 1.40561 9.10561
67 524 0 100 7.66 1.48525 9.14525
89 506 0 100 8.19 1.08354 9.27354
28 564 0 100 3.94 5.34245 9.28245
113 508 0 100 8.25 1.14309 9.39309
95 579 0 100 1.09 8.39347 9.48347
78 539 0 100 7.81 2.11402 9.92402
108 503 0 100 8.93 1.00074 9.93074
58 565 0 100 4.42 5.66387 10.0839
80 573 0 100 3.71 7.28826 10.9983
60 504 0 100 9.94 1.06986 11.0099
88 566 0 100 5.25 5.78437 11.0344
112 585 0 100 1.52 9.76416 11.2842
112 572 0 100 4.9 6.40013 11.3001
111 583 0 100 2.01 9.29404 11.304
38 577 0 100 4.21 7.80018 12.0102
30 586 0 100 2.18 9.83045 12.0105
72 595 0 100 0.69 11.4478 12.1378
38 547 0 100 9.4 2.88267 12.2827
73 582 0 100 3.2 9.27639 12.4764
57 591 0 100 1.99 10.7748 12.7648
79 589 0 100 2.55 10.5332 13.0832
75 584 0 100 3.92 9.46157 13.3816
102 599 0 100 1.83 11.6479 13.4779
104 598 0 100 1.96 11.5535 13.5135
102 611 0 100 1.16701e-08 13.6722 13.6722
53 550 0 100 9.76 3.91535 13.6754
86 593 0 100 2.57 11.2131 13.7831
76 602 0 100 1.63 12.253 13.883
93 594 0 100 2.93 11.2241 14.1541
94 601 0 100 2.15 12.1414 14.2914
28 531 0 100 12.86 1.7961 14.6561
113 600 0 100 2.96 11.6983 14.6583
95 590 0 100 4.11 10.5499 14.6599
95 607 0 100 2.04 12.8503 14.8903
