38 1358 0 100 3.50103e-08 1.34548 1.34548
34 1374 0 100 1.16701e-08 1.81864 1.81864
107 1361 0 100 0.72 1.39651 2.11651
48 1351 0 100 0.93 1.20434 2.13434
62 1387 0 100 1.16701e-08 2.18572 2.18572
66 1366 0 100 1.03 1.54893 2.57893
39 1365 0 100 1.14 1.5367 2.6767
68 1403 0 100 0.3 2.91724 3.21724
58 1398 0 100 0.55 2.68349 3.23349
87 1347 0 100 2.53 1.08046 3.61046
43 1389 0 100 1.45 2.2095 3.6595
78 1395 0 100 1.18 2.60477 3.78477
47 1343 0 100 2.97 1.00781 3.97781
70 1359 0 100 2.7 1.36539 4.06539
65 1350 0 100 3.11 1.19289 4.30289
26 1397 0 100 1.69 2.61789 4.30789
109 1376 0 100 2.48 1.82965 4.30965
84 1371 0 100 2.61 1.70089 4.31089
90 1385 0 100 2.14 2.17099 4.31099
27 1354 0 100 3.4 1.24306 4.64306
86 1377 0 100 2.8 1.84585 4.64585
37 1393 0 100 2.39 2.45406 4.84406
29 1406 0 100 1.59 3.26396 4.85396
89 1345 0 100 4.48 1.05031 5.53031
85 1364 0 100 4.33 1.53194 5.86194
31 1400 0 100 3.05 2.81434 5.86434
102 1367 0 100 4.48 1.62824 6.10824
105 1383 0 100 4.04 2.07314 6.11314
41 1422 0 100 0.78 5.35206 6.13206
44 1404 0 100 3.16 2.97733 6.13733
96 1410 0 100 2.27 3.86868 6.13868
80 1363 0 100 4.66 1.47881 6.13881
98 1384 0 100 4.3 2.11352 6.41352
96 1368 0 100 4.81 1.62915 6.43915
82 1391 0 100 4.12 2.37519 6.49519
60 1425 0 100 0.83 5.6692 6.4992
80 1409 0 100 2.91 3.60024 6.51024
41 1369 0 100 4.9 1.64103 6.54103
96 1429 0 100 0.49 6.05262 6.54262
95 1370 0 100 4.91 1.65123 6.56123
38 1418 0 100 1.94 4.64633 6.58633
51 1433 0 100 8.16907e-08 6.62237 6.62237
93 1424 0 100 1.2 5.57435 6.77435
93 1356 0 100 5.45 1.33382 6.78382
79 1416 0 100 2.17 4.61953 6.78953
60 1390 0 100 4.7 2.26918 6.96918
42 1372 0 100 5.36 1.71403 7.07403
25 1441 0 100 1.16701e-08 7.1102 7.1102
73 1360 0 100 5.74 1.38606 7.12606
73 1412 0 100 3.07 4.06308 7.13308
50 1394 0 100 4.77 2.54055 7.31055
63 1427 0 100 1.56 5.78023 7.34023
61 1402 0 100 4.48 2.90314 7.38314
63 1405 0 100 4.41 2.98119 7.39119
50 1431 0 100 1.04 6.35241 7.39241
62 1432 0 100 1.1 6.48452 7.58452
83 1381 0 100 5.76 2.01169 7.77169
28 1436 0 100 0.95 6.82733 7.77733
83 1449 0 100 1.16701e-08 7.79451 7.79451
83 1417 0 100 3.2 4.64589 7.84589
76 1408 0 100 4.45 3.59377 8.04377
114 1352 0 100 6.83 1.22254 8.05254
108 1357 0 100 6.71 1.34315 8.05315
103 1396 0 100 5.79 2.61531 8.40531
111 1421 0 100 3.23 5.22265 8.45265
99 1355 0 100 7.18 1.31197 8.49197
58 1437 0 100 1.63 6.86519 8.49519
57 1382 0 100 6.61 2.01177 8.62177
108 1456 0 100 2.33402e-08 8.6435 8.6435
100 1430 0 100 2.61 6.16932 8.77932
71 1451 0 100 0.49 8.29638 8.78638
91 1443 0 100 1.73 7.35687 9.08687
64 1349 0 100 8.17 1.17822 9.34822
52 1453 0 100 0.89 8.46282 9.35282
101 1454 0 100 1.05 8.4775 9.5275
69 1447 0 100 2.33 7.55841 9.88841
112 1450 0 100 1.8 8.08999 9.88999
56 1378 0 100 8.82 1.89836 10.7184
67 1399 0 100 8.18 2.69922 10.8792
89 1448 0 100 3.13 7.75474 10.8847
67 1452 0 100 2.57 8.31929 10.8893
104 1439 0 100 4.41 6.98626 11.3963
110 1459 0 100 2.15 9.30538 11.4554
51 1465 0 100 2.03 9.54359 11.5736
49 1379 0 100 9.8 1.91739 11.7174
60 1463 0 100 2.21 9.5136 11.7236
44 1445 0 100 4.39 7.43303 11.823
113 1446 0 100 4.35 7.55067 11.9007
95 1440 0 100 4.84 7.0751 11.9151
95 1415 0 100 7.42 4.50341 11.9234
79 1375 0 100 10.3 1.8191 12.1191
93 1481 0 100 0.84 11.2822 12.1222
54 1392 0 100 9.77 2.38627 12.1563
73 1488 0 100 0.21 12.0871 12.2971
63 1473 0 100 2.32 10.3077 12.6277
107 1482 0 100 1.3 11.3293 12.6293
48 1477 0 100 2.07 10.5628 12.6328
28 1484 0 100 1.37 11.6448 13.0148
83 1486 0 100 1.15 11.8716 13.0216
108 1480 0 100 2.67 11.0873 13.7573
100 1490 0 100 1.51 12.5651 14.0751
111 1373 0 100 12.4 1.72391 14.1239
87 1407 0 100 10.8 3.32835 14.1283
91 1496 0 100 1.08 13.2456 14.3256
52 1483 0 100 3.17 11.4698 14.6398
101 1501 0 100 1.32 13.5421 14.8621
65 1420 0 100 9.88 4.99195 14.872
109 1435 0 100 8.28 6.67286 14.9529
109 1411 0 100 11.06 3.90538 14.9654
