38 778
45 778
54 780
34 780
53 783
30 784
37 785
45 786
42 783
53 785
39 789
29 784
47 792
50 792
34 793
36 797
50 798
48 780
54 793
38 786
52 790
51 796
40 788
44 789
46 779
38 803
34 804
31 794
33 800
41 792
47 798
41 798
43 784
30 801
43 801
26 799
29 790
43 790
52 808
29 808
50 810
27 795
39 807
42 785
37 783
53 802
37 802
36 806
47 810
54 805
38 809
45 803
51 813
40 811
52 815
28 778
49 787
50 818
47 819
50 819
41 810
38 822
42 820
37 820
37 825
28 828
35 781
42 825
36 821
41 829
47 829
34 812
48 804
51 824
44 807
39 816
44 816
42 832
46 794
31 800
46 800
54 778
34 778
