0 2089
0 2090
0 2091
0 2092
0 2093
0 2094
0 2095
0 2096
0 2097
37 2098
0 2099
28 2100
19 2100
20 2100
21 2100
22 2100
23 2100
24 2100
0 2101
0 2103
0 2105
44 2106
11 2106
10 2106
9 2106
8 2106
7 2106
6 2106
5 2106
4 2106
3 2106
2 2106
1 2106
0 2107
27 2108
10 2108
9 2108
8 2108
7 2108
6 2108
5 2108
4 2108
3 2108
2 2108
1 2108
53 2109
10 2109
9 2109
8 2109
7 2109
6 2109
5 2109
4 2109
3 2109
2 2109
1 2109
0 2110
30 2111
9 2111
8 2111
7 2111
6 2111
5 2111
4 2111
3 2111
2 2111
1 2111
41 2112
5 2112
4 2112
3 2112
2 2112
1 2112
0 2113
0 2119
36 2120
6 2120
5 2120
4 2120
3 2120
2 2120
1 2120
47 2121
20 2121
21 2121
22 2121
23 2121
24 2121
0 2122
48 2123
0 2125
0 2127
32 2104
4 2104
3 2104
2 2104
1 2104
0 2129
45 2130
23 2130
24 2130
42 2133
24 2133
0 2135
33 2136
6 2136
5 2136
4 2136
3 2136
2 2136
1 2136
0 2139
39 2140
16 2140
17 2140
18 2140
19 2140
20 2140
21 2140
22 2140
23 2140
24 2140
35 2141
20 2141
21 2141
22 2141
23 2141
24 2141
0 2143
29 2137
22 2137
23 2137
24 2137
0 2146
54 2145
42 2145
1 2145
49 2102
5 2102
4 2102
3 2102
2 2102
1 2102
0 2148
0 2151
28 2147
5 2147
4 2147
3 2147
2 2147
1 2147
40 2118
24 2118
0 2152
51 2144
12 2144
11 2144
10 2144
9 2144
8 2144
7 2144
6 2144
5 2144
4 2144
3 2144
2 2144
1 2144
0 2153
34 2142
23 2142
24 2142
0 2154
0 2155
43 2115
42 2115
5 2115
4 2115
3 2115
2 2115
1 2115
0 2156
0 2157
25 2138
23 2138
24 2138
0 2158
38 2098
3 2098
2 2098
1 2098
0 2159
46 2124
15 2124
16 2124
17 2124
18 2124
19 2124
20 2124
21 2124
22 2124
23 2124
24 2124
0 2160
37 2161
4 2161
3 2161
2 2161
1 2161
0 2162
0 2163
0 2164
26 2128
11 2128
10 2128
9 2128
8 2128
7 2128
6 2128
5 2128
4 2128
3 2128
2 2128
1 2128
0 2165
0 2166
0 2168
0 2172
32 2171
17 2171
18 2171
19 2171
20 2171
21 2171
22 2171
23 2171
24 2171
0 2173
30 2174
1 2174
50 2123
20 2123
21 2123
22 2123
23 2123
24 2123
44 2179
5 2179
4 2179
3 2179
2 2179
1 2179
52 2132
24 2132
0 2180
0 2181
0 2182
33 2177
20 2177
21 2177
22 2177
23 2177
24 2177
0 2183
0 2184
51 2185
46 2185
23 2185
24 2185
45 2170
14 2170
15 2170
16 2170
17 2170
18 2170
19 2170
20 2170
21 2170
22 2170
23 2170
24 2170
0 2186
53 2175
6 2175
5 2175
4 2175
3 2175
2 2175
1 2175
27 2187
7 2187
6 2187
5 2187
4 2187
3 2187
2 2187
1 2187
36 2188
0 2189
31 2117
8 2117
7 2117
6 2117
5 2117
4 2117
3 2117
2 2117
1 2117
0 2190
42 2191
16 2191
17 2191
18 2191
19 2191
20 2191
21 2191
22 2191
23 2191
24 2191
0 2192
0 2193
0 2194
0 2195
0 2197
0 2198
0 2199
0 2200
40 2204
16 2204
17 2204
18 2204
19 2204
20 2204
21 2204
22 2204
23 2204
24 2204
48 2202
30 2207
11 2207
10 2207
9 2207
8 2207
7 2207
6 2207
5 2207
4 2207
3 2207
2 2207
1 2207
0 2208
0 2209
0 2211
0 2212
50 2202
6 2202
5 2202
4 2202
3 2202
2 2202
1 2202
46 2213
50 2213
6 2213
5 2213
4 2213
3 2213
2 2213
1 2213
0 2214
29 2217
43 2215
42 2215
23 2215
24 2215
35 2167
19 2167
20 2167
21 2167
22 2167
23 2167
24 2167
40 2217
20 2217
21 2217
22 2217
23 2217
24 2217
52 2220
11 2220
10 2220
9 2220
8 2220
7 2220
6 2220
5 2220
4 2220
3 2220
2 2220
1 2220
47 2201
24 2201
0 2222
0 2224
0 2226
0 2227
41 2169
0 2228
31 2229
19 2229
20 2229
21 2229
22 2229
23 2229
24 2229
26 2235
5 2235
4 2235
3 2235
2 2235
1 2235
28 2225
5 2225
4 2225
3 2225
2 2225
1 2225
0 2238
0 2240
0 2241
39 2210
53 2210
20 2210
21 2210
22 2210
23 2210
24 2210
53 2242
20 2242
21 2242
22 2242
23 2242
24 2242
0 2243
45 2244
4 2244
3 2244
2 2244
1 2244
36 2169
15 2169
16 2169
17 2169
18 2169
19 2169
20 2169
21 2169
22 2169
23 2169
24 2169
0 2245
27 2232
22 2232
23 2232
24 2232
0 2247
32 2230
12 2230
11 2230
10 2230
9 2230
8 2230
7 2230
6 2230
5 2230
4 2230
3 2230
2 2230
1 2230
51 2246
44 2239
24 2239
0 2250
34 2234
0 2251
0 2252
48 2253
16 2253
17 2253
18 2253
19 2253
20 2253
21 2253
22 2253
23 2253
24 2253
0 2254
30 2255
23 2255
24 2255
0 2256
37 2231
5 2231
4 2231
3 2231
2 2231
1 2231
0 2259
0 2260
0 2261
0 2262
0 2263
54 2219
11 2219
10 2219
9 2219
8 2219
7 2219
6 2219
5 2219
4 2219
3 2219
2 2219
1 2219
33 2237
32 2237
18 2237
19 2237
20 2237
21 2237
22 2237
23 2237
24 2237
40 2249
8 2249
7 2249
6 2249
5 2249
4 2249
3 2249
2 2249
1 2249
0 2267
36 2268
23 2268
24 2268
0 2269
0 2270
25 2218
6 2218
5 2218
4 2218
3 2218
2 2218
1 2218
0 2272
0 2273
0 2274
0 2275
0 2277
35 2276
11 2276
10 2276
9 2276
8 2276
7 2276
6 2276
5 2276
4 2276
3 2276
2 2276
1 2276
0 2279
50 2246
0 2281
52 2282
4 2282
3 2282
2 2282
1 2282
0 2284
46 2283
28 2285
20 2285
21 2285
22 2285
23 2285
24 2285
0 2286
0 2287
29 2288
15 2288
16 2288
17 2288
18 2288
19 2288
20 2288
21 2288
22 2288
23 2288
24 2288
0 2289
0 2290
41 2278
5 2278
4 2278
3 2278
2 2278
1 2278
42 2257
20 2257
21 2257
22 2257
23 2257
24 2257
0 2295
38 2223
18 2223
19 2223
20 2223
21 2223
22 2223
23 2223
24 2223
0 2296
43 2258
21 2258
22 2258
23 2258
24 2258
0 2297
0 2298
0 2300
37 2301
0 2302
47 2303
22 2303
23 2303
24 2303
39 2299
14 2299
15 2299
16 2299
17 2299
18 2299
19 2299
20 2299
21 2299
22 2299
23 2299
24 2299
51 2291
7 2291
6 2291
5 2291
4 2291
3 2291
2 2291
1 2291
0 2305
0 2307
0 2308
50 2283
8 2283
7 2283
6 2283
5 2283
4 2283
3 2283
2 2283
1 2283
0 2310
32 2309
7 2309
6 2309
5 2309
4 2309
3 2309
2 2309
1 2309
34 2311
19 2311
20 2311
21 2311
22 2311
23 2311
24 2311
0 2312
0 2314
54 2315
1 2315
0 2318
27 2317
19 2317
20 2317
21 2317
22 2317
23 2317
24 2317
45 2321
1 2321
0 2322
49 2196
7 2196
6 2196
5 2196
4 2196
3 2196
2 2196
1 2196
0 2323
26 2280
28 2280
6 2280
5 2280
4 2280
3 2280
2 2280
1 2280
0 2325
0 2328
25 2324
21 2324
22 2324
23 2324
24 2324
0 2329
31 2271
23 2271
24 2271
0 2330
0 2331
0 2332
0 2333
0 2335
0 2336
30 2304
23 2304
24 2304
