100 4627 0 100 7.00206e-08 1.03789 1.03789
86 4629 0 100 1.16701e-07 1.07693 1.07693
70 4631 0 100 5.83505e-08 1.08575 1.08575
78 4633 0 100 0.0300001 1.10926 1.13926
61 4634 0 100 0.03 1.11589 1.14589
54 4636 0 100 8.16907e-08 1.17111 1.17111
120 4637 0 100 1.16701e-07 1.1786 1.1786
113 4644 0 100 7.00206e-08 1.33067 1.33067
72 4648 0 100 0.0200001 1.3669 1.3869
42 4635 0 100 0.25 1.15776 1.40776
114 4659 0 100 1.28371e-07 1.55305 1.55305
93 4661 0 100 4.66804e-08 1.57245 1.57245
97 4662 0 100 0.0200001 1.57875 1.59875
26 4663 0 100 0.0100001 1.5916 1.6016
101 4656 0 100 0.0700001 1.53602 1.60602
107 4652 0 100 0.26 1.42877 1.68877
66 4667 0 100 0.05 1.65645 1.70645
30 4669 0 100 2.33402e-08 1.7229 1.7229
60 4649 0 100 0.4 1.37968 1.77968
116 4665 0 100 0.18 1.63312 1.81312
88 4676 0 100 1.16701e-07 1.84927 1.84927
119 4628 0 100 0.8 1.06886 1.86886
83 4642 0 100 0.59 1.31317 1.90317
77 4681 0 100 1.40041e-07 1.97152 1.97152
121 4677 0 100 0.15 1.8603 2.0103
51 4684 0 100 5.83505e-08 2.03131 2.03131
82 4666 0 100 0.42 1.65279 2.07279
37 4638 0 100 0.89 1.18423 2.07423
111 4685 0 100 3.50103e-08 2.08224 2.08224
79 4686 0 100 7.00206e-08 2.08959 2.08959
99 4640 0 100 0.8 1.30158 2.10158
122 4687 0 100 1.05031e-07 2.10414 2.10414
27 4653 0 100 0.76 1.43797 2.19797
75 4689 0 100 0.0400001 2.15902 2.19902
38 4691 0 100 0.06 2.17228 2.23228
106 4699 0 100 7.00206e-08 2.27495 2.27495
56 4683 0 100 0.26 2.01634 2.27634
48 4695 0 100 0.0600001 2.23175 2.29175
64 4700 0 100 2.33402e-08 2.30055 2.30055
110 4694 0 100 0.13 2.20871 2.33871
47 4670 0 100 0.62 1.72743 2.34743
112 4703 0 100 8.16907e-08 2.38002 2.38002
53 4655 0 100 0.86 1.52113 2.38113
34 4643 0 100 1.1 1.31814 2.41814
80 4674 0 100 0.63 1.82229 2.45229
91 4709 0 100 4.66804e-08 2.55287 2.55287
63 4710 0 100 0.0200001 2.58903 2.60903
73 4675 0 100 0.8 1.84682 2.64682
98 4702 0 100 0.41 2.31199 2.72199
104 4720 0 100 7.00206e-08 2.72672 2.72672
40 4721 0 100 1.28371e-07 2.7372 2.7372
87 4722 0 100 0.0100001 2.74483 2.75483
55 4680 0 100 0.84 1.92109 2.76109
102 4725 0 100 1.51711e-07 2.79324 2.79324
117 4726 0 100 1.05031e-07 2.798 2.798
108 4647 0 100 1.5 1.36571 2.86571
25 4713 0 100 0.28 2.61722 2.89722
44 4724 0 100 0.11 2.78883 2.89883
39 4692 0 100 0.72 2.18288 2.90288
109 4728 0 100 0.04 2.87508 2.91508
96 4732 0 100 1.16701e-08 2.92095 2.92095
31 4733 0 100 8.16907e-08 2.92726 2.92726
32 4734 0 100 9.33608e-08 2.9447 2.9447
46 4735 0 100 5.83505e-08 2.97458 2.97458
65 4736 0 100 1.05031e-07 2.98206 2.98206
69 4715 0 100 0.35 2.65313 3.00313
36 4708 0 100 0.49 2.52684 3.01684
115 4645 0 100 1.68 1.35081 3.03081
85 4731 0 100 0.12 2.91193 3.03193
103 4660 0 100 1.51 1.56472 3.07472
89 4717 0 100 0.43 2.68985 3.11985
50 4678 0 100 1.27 1.86755 3.13755
92 4657 0 100 1.79 1.53709 3.32709
81 4630 0 100 2.35 1.07866 3.42866
33 4737 0 100 0.63 2.9835 3.6135
43 4646 0 100 2.28 1.36474 3.64474
45 4651 0 100 2.24 1.40931 3.64931
35 4698 0 100 1.41 2.26847 3.67847
41 4696 0 100 1.43 2.24966 3.67966
120 4742 0 100 0.38 3.32554 3.70554
95 4718 0 100 1 2.70705 3.70705
58 4706 0 100 1.4 2.4255 3.8255
72 4749 0 100 1.05031e-07 3.85948 3.85948
71 4671 0 100 2.19 1.76456 3.95456
107 4752 0 100 1.05031e-07 4.0579 4.0579
70 4747 0 100 0.5 3.73814 4.23814
83 4760 0 100 0.16 4.42337 4.58337
52 4658 0 100 3.18 1.53994 4.71994
114 4767 0 100 7.00206e-08 4.72628 4.72628
101 4763 0 100 0.14 4.59001 4.73001
51 4768 0 100 1.05031e-07 4.73862 4.73862
87 4771 0 100 2.33402e-08 4.77835 4.77835
121 4774 0 100 1.28371e-07 4.84878 4.84878
100 4769 0 100 0.16 4.73904 4.89904
119 4776 0 100 1.28371e-07 4.90803 4.90803
42 4777 0 100 1.51711e-07 4.9276 4.9276
54 4778 0 100 4.66804e-08 4.97175 4.97175
84 4626 0 100 3.97 1.01192 4.98192
78 4762 0 100 0.45 4.55284 5.00284
109 4781 0 100 1.51711e-07 5.00736 5.00736
50 4779 0 100 0.0200001 4.99777 5.01777
110 4783 0 100 1.40041e-07 5.06073 5.06073
88 4784 0 100 0.0200001 5.08278 5.10278
113 4786 0 100 0.0200001 5.15023 5.17023
26 4787 0 100 3.50103e-08 5.19313 5.19313
74 4672 0 100 3.42 1.77582 5.19582
38 4772 0 100 0.42 4.78317 5.20317
53 4789 0 100 0.0700001 5.23324 5.30324
68 4716 0 100 2.65 2.68072 5.33072
59 4690 0 100 3.43 2.17107 5.60107
76 4729 0 100 2.75 2.90665 5.65665
62 4799 0 100 0.0100001 5.65996 5.66996
102 4798 0 100 0.06 5.6499 5.7099
82 4753 0 100 1.75 4.06452 5.81452
98 4805 0 100 0.0800001 5.80947 5.88947
27 4755 0 100 1.9 4.11608 6.01608
93 4765 0 100 1.4 4.63083 6.03083
43 4814 0 100 1.16701e-08 6.07903 6.07903
29 4723 0 100 3.4 2.7556 6.1556
124 4711 0 100 3.57 2.59007 6.16007
116 4817 0 100 0.0400001 6.12278 6.16278
60 4820 0 100 3.50103e-08 6.22278 6.22278
61 4806 0 100 0.46 5.84342 6.30342
79 4811 0 100 0.3 6.00674 6.30674
90 4823 0 100 2.33402e-08 6.31177 6.31177
70 4824 0 100 5.83505e-08 6.31537 6.31537
41 4825 0 100 1.63381e-07 6.33831 6.33831
99 4829 0 100 2.33402e-08 6.44146 6.44146
115 4791 0 100 1.17 5.27795 6.44795
75 4830 0 100 5.83505e-08 6.47082 6.47082
32 4815 0 100 0.41 6.09947 6.50947
75 4758 0 100 2.21 4.40092 6.61092
112 4802 0 100 0.92 5.71582 6.63582
92 4770 0 100 1.9 4.74529 6.64529
30 4821 0 100 0.42 6.22833 6.64833
97 4832 0 100 0.14 6.52614 6.66614
86 4796 0 100 1.14 5.55214 6.69214
64 4838 0 100 8.16907e-08 6.77382 6.77382
25 4839 0 100 5.83505e-08 6.78443 6.78443
67 4837 0 100 0.08 6.74689 6.82689
83 4846 0 100 0.0200001 6.87356 6.89356
57 4714 0 100 4.33 2.61843 6.94843
46 4848 0 100 3.50103e-08 6.96903 6.96903
120 4853 0 100 1.51711e-07 7.04133 7.04133
56 4852 0 100 0.0700001 7.0086 7.0786
106 4856 0 100 5.83505e-08 7.18991 7.18991
94 4842 0 100 0.37 6.82888 7.19888
68 4859 0 100 8.16907e-08 7.24183 7.24183
34 4794 0 100 1.78 5.4691 7.2491
73 4858 0 100 0.06 7.23673 7.29673
122 4840 0 100 0.54 6.78993 7.32993
104 4862 0 100 3.50103e-08 7.37167 7.37167
95 4810 0 100 1.39 5.99096 7.38096
40 4849 0 100 0.4 6.98697 7.38697
107 4866 0 100 2.33402e-08 7.41087 7.41087
63 4867 0 100 0.0500001 7.42272 7.47272
35 4869 0 100 1.16701e-07 7.49308 7.49308
39 4870 0 100 1.05031e-07 7.49546 7.49546
45 4827 0 100 1.13 6.37596 7.50596
108 4813 0 100 1.5 6.01015 7.51015
101 4863 0 100 0.16 7.3916 7.5516
71 4861 0 100 0.19 7.36316 7.55316
55 4872 0 100 1.51711e-07 7.55762 7.55762
58 4875 0 100 9.33608e-08 7.62972 7.62972
49 4843 0 100 0.78 6.85468 7.63468
47 4877 0 100 3.50103e-08 7.66242 7.66242
105 4878 0 100 1.28371e-07 7.6704 7.6704
29 4845 0 100 0.82 6.87295 7.69295
111 4808 0 100 1.85 5.89604 7.74604
118 4697 0 100 5.5 2.25848 7.75848
78 4868 0 100 0.32 7.49106 7.81106
47 4790 0 100 2.57 5.26805 7.83805
57 4818 0 100 1.68 6.1639 7.8439
50 4873 0 100 0.39 7.55982 7.94982
94 4704 0 100 5.57 2.38233 7.95233
89 4844 0 100 1.14 6.86313 8.00313
114 4890 0 100 7.00206e-08 8.29149 8.29149
100 4888 0 100 0.0400001 8.25827 8.29827
36 4854 0 100 1.3 7.04284 8.34284
80 4803 0 100 2.68 5.74592 8.42592
95 4895 0 100 1.05031e-07 8.42902 8.42902
92 4886 0 100 0.24 8.19706 8.43706
69 4864 0 100 1.11 7.39402 8.50402
65 4876 0 100 0.87 7.63798 8.50798
117 4833 0 100 1.97 6.55199 8.52199
72 4898 0 100 0.16 8.45772 8.61772
38 4893 0 100 0.24 8.38536 8.62536
48 4850 0 100 1.67 6.99912 8.66912
121 4908 0 100 5.83505e-08 8.80277 8.80277
53 4910 0 100 1.63381e-07 8.82755 8.82755
37 4892 0 100 0.52 8.31236 8.83236
87 4904 0 100 0.25 8.58461 8.83461
124 4889 0 100 0.56 8.28924 8.84924
118 4807 0 100 2.97 5.8954 8.8654
81 4800 0 100 3.21 5.68876 8.89876
81 4882 0 100 1.05 7.85101 8.90101
31 4835 0 100 2.21 6.69426 8.90426
93 4912 0 100 0.12 8.97645 9.09645
25 4915 0 100 9.33608e-08 9.09819 9.09819
74 4917 0 100 4.66804e-08 9.16188 9.16188
64 4919 0 100 9.33608e-08 9.21327 9.21327
109 4896 0 100 0.83 8.44758 9.27758
67 4923 0 100 1.28371e-07 9.3347 9.3347
123 4782 0 100 4.45 5.02388 9.47388
66 4826 0 100 3.14 6.33874 9.47874
45 4922 0 100 0.24 9.32817 9.56817
88 4924 0 100 0.24 9.36852 9.60852
111 4932 0 100 1.16701e-07 9.65463 9.65463
43 4920 0 100 0.5 9.26513 9.76513
63 4933 0 100 0.0800001 9.69326 9.77326
61 4936 0 100 1.05031e-07 9.77839 9.77839
62 4941 0 100 1.51711e-07 9.88494 9.88494
113 4926 0 100 0.49 9.41135 9.90135
42 4938 0 100 0.18 9.81132 9.99132
80 4914 0 100 0.96 9.04372 10.0037
102 4946 0 100 0.03 10.064 10.094
91 4947 0 100 0.0800002 10.0668 10.1468
115 4931 0 100 0.62 9.62964 10.2496
28 4951 0 100 0.0900002 10.1956 10.2856
34 4950 0 100 0.24 10.1468 10.3868
100 4958 0 100 1.40041e-07 10.3869 10.3869
108 4961 0 100 1.28371e-07 10.423 10.423
86 4962 0 100 1.40041e-07 10.4429 10.4429
97 4965 0 100 1.40041e-07 10.5239 10.5239
76 4957 0 100 0.2 10.3612 10.5612
99 4897 0 100 2.12 8.45042 10.5704
32 4945 0 100 0.56 10.0134 10.5734
59 4901 0 100 2.13 8.4823 10.6123
44 4970 0 100 1.51711e-07 10.694 10.694
82 4971 0 100 1.28371e-07 10.6981 10.6981
48 4966 0 100 0.22 10.5362 10.7562
101 4973 0 100 1.40041e-07 10.7588 10.7588
40 4948 0 100 0.78 10.0687 10.8487
81 4980 0 100 8.16907e-08 10.9372 10.9372
116 4982 0 100 7.00206e-08 10.9648 10.9648
37 4977 0 100 0.1 10.899 10.999
94 4984 0 100 1.05031e-07 11.0201 11.0201
66 4964 0 100 0.55 10.5099 11.0599
110 4903 0 100 2.57 8.55189 11.1219
49 4967 0 100 0.58 10.5651 11.1451
33 4986 0 100 1.28371e-07 11.1574 11.1574
106 4943 0 100 1.18 9.99594 11.1759
92 4988 0 100 8.16907e-08 11.2504 11.2504
27 4906 0 100 2.63 8.62736 11.2574
60 4953 0 100 1.03 10.2363 11.2663
85 4989 0 100 1.16701e-08 11.3057 11.3057
30 4981 0 100 0.43 10.9379 11.3679
107 4991 0 100 9.33608e-08 11.3834 11.3834
65 4976 0 100 0.5 10.8912 11.3912
75 4940 0 100 1.64 9.86969 11.5097
46 4969 0 100 0.94 10.6507 11.5907
84 4900 0 100 3.18 8.46881 11.6488
27 4994 0 100 0.21 11.4816 11.6916
123 4995 0 100 0.25 11.4986 11.7486
26 4879 0 100 4.08 7.67537 11.7554
41 4899 0 100 3.29 8.46544 11.7554
69 5002 0 100 1.16701e-08 11.803 11.803
55 5004 0 100 1.05031e-07 11.8874 11.8874
41 5008 0 100 1.40041e-07 11.9088 11.9088
68 5005 0 100 0.0300001 11.8892 11.9192
83 4979 0 100 1.2 10.9096 12.1096
121 5012 0 100 0.1 12.0221 12.1221
105 5018 0 100 1.40041e-07 12.1236 12.1236
36 4959 0 100 1.73 10.3984 12.1284
119 4928 0 100 2.71 9.42489 12.1349
117 5013 0 100 0.11 12.0307 12.1407
58 5019 0 100 1.40041e-07 12.1463 12.1463
47 5020 0 100 4.66804e-08 12.1813 12.1813
54 4939 0 100 2.4 9.82716 12.2272
98 4955 0 100 1.92 10.3195 12.2395
124 5022 0 100 0.0300001 12.2126 12.2426
93 5024 0 100 0.0200001 12.2275 12.2475
25 5027 0 100 4.66804e-08 12.2649 12.2649
73 5010 0 100 0.3 11.9812 12.2812
102 5026 0 100 0.0500001 12.237 12.287
52 4927 0 100 2.9 9.41553 12.3155
89 5032 0 100 8.16907e-08 12.4607 12.4607
113 5033 0 100 3.50103e-08 12.4826 12.4826
78 5036 0 100 1.51711e-07 12.5511 12.5511
31 5025 0 100 0.33 12.2337 12.5637
45 5009 0 100 0.63 11.9589 12.5889
120 5000 0 100 1.04 11.6592 12.6992
112 5040 0 100 9.33608e-08 12.7374 12.7374
63 5045 0 100 0.0500001 12.9061 12.9561
40 5048 0 100 1.51711e-07 12.9952 12.9952
99 5043 0 100 0.14 12.8887 13.0287
90 5052 0 100 1.05031e-07 13.0674 13.0674
51 5035 0 100 0.56 12.5124 13.0724
72 5050 0 100 0.0600001 13.0213 13.0813
38 5047 0 100 0.15 12.9924 13.1424
91 5054 0 100 4.66804e-08 13.1699 13.1699
104 4998 0 100 1.63 11.5653 13.1953
80 5056 0 100 2.33402e-08 13.2293 13.2293
88 5041 0 100 0.47 12.7806 13.2506
97 5057 0 100 2.33402e-08 13.2802 13.2802
50 4975 0 100 2.42 10.872 13.292
70 5060 0 100 1.51711e-07 13.3099 13.3099
96 5058 0 100 0.04 13.2868 13.3268
34 5061 0 100 7.00206e-08 13.3567 13.3567
100 5063 0 100 0.0500001 13.3586 13.4086
103 5030 0 100 1.16 12.4036 13.5636
39 5016 0 100 1.49 12.1033 13.5933
109 4997 0 100 2.06 11.5576 13.6176
61 5066 0 100 0.26 13.419 13.679
29 5023 0 100 1.65 12.2216 13.8716
115 5067 0 100 0.47 13.4254 13.8954
122 5015 0 100 1.84 12.1008 13.9408
28 5065 0 100 0.56 13.415 13.975
67 5062 0 100 0.62 13.3585 13.9785
74 5029 0 100 1.64 12.4025 14.0425
26 5073 0 100 0.37 13.7064 14.0764
39 5089 0 100 3.50103e-08 14.1708 14.1708
92 5088 0 100 0.0200001 14.157 14.177
123 5083 0 100 0.15 14.0332 14.1832
62 5087 0 100 0.0400001 14.1443 14.1843
43 5094 0 100 1.51711e-07 14.2307 14.2307
57 4993 0 100 2.85 11.4479 14.2979
42 5076 0 100 0.55 13.7507 14.3007
48 5097 0 100 0.0800001 14.3134 14.3934
95 5014 0 100 2.32 12.0773 14.3973
118 5072 0 100 0.79 13.6411 14.4311
32 5102 0 100 1.51711e-07 14.5242 14.5242
116 5100 0 100 0.0900001 14.4483 14.5383
36 5105 0 100 8.16907e-08 14.6668 14.6668
76 5084 0 100 0.62 14.0598 14.6798
47 5106 0 100 1.28371e-07 14.6848 14.6848
54 5069 0 100 1.22 13.5327 14.7527
66 5093 0 100 0.58 14.2288 14.8088
108 5110 0 100 1.40041e-07 14.8099 14.8099
114 5037 0 100 2.27 12.5521 14.8221
101 5079 0 100 0.95 13.9531 14.9031
111 5095 0 100 0.63 14.2799 14.9099
64 5091 0 100 0.76 14.2031 14.9631
