31 1877 1.02856
44 1880 1.21908
28 1881 1.23252
35 1883 1.34636
41 1884 1.34703
39 1886 1.4614
32 1889 1.58621
34 1890 1.65912
27 1892 1.73466
29 1895 1.95893
33 1897 1.97906
36 1898 2.01136
40 1899 2.01712
30 1900 2.04835
26 1903 2.20647
43 1904 2.2729
42 1906 2.29053
38 1908 2.37856
37 1910 2.56766
25 1913 2.68817
32 1923 3.6499
34 1927 3.95611
35 1930 4.1073
42 1939 4.94959
36 1941 5.00132
31 1946 5.43357
26 1952 5.89927
30 1953 5.95667
39 1956 6.13098
27 1960 6.44173
43 1961 6.46368
38 1968 6.99549
32 1971 7.18712
44 1972 7.22189
41 1973 7.24663
34 1974 7.26662
29 1977 7.40404
42 1979 7.50767
25 1981 7.64143
28 1982 7.65636
36 1995 8.85333
37 1997 8.92019
31 1999 9.07326
26 2003 9.28136
35 2005 9.41351
32 2010 9.85306
25 2012 9.88969
33 2018 10.4369
44 2021 10.6151
30 2023 10.7202
27 2031 11.4056
43 2032 11.4226
39 2036 11.7479
42 2037 11.7614
28 2039 11.7762
38 2040 11.7907
34 2044 12.1139
41 2050 12.6119
25 2051 12.6259
40 2055 12.8802
26 2056 12.9274
37 2065 13.6758
36 2067 13.7937
38 2068 13.799
32 2069 13.8195
30 2072 13.9918
39 2073 13.9939
31 2074 14.0296
43 2079 14.4521
27 2081 14.5309
28 2086 14.8857
