71 2634 1.00348
28 2635 1.04953
74 2637 1.07395
72 2640 1.28074
53 2641 1.33509
70 2642 1.33822
27 2643 1.36372
66 2644 1.36385
57 2646 1.37467
45 2647 1.39629
36 2648 1.4506
25 2650 1.4872
26 2651 1.48953
59 2653 1.56696
62 2654 1.58925
68 2655 1.6103
58 2656 1.61685
40 2658 1.67267
47 2659 1.71197
61 2660 1.74182
29 2663 1.86699
30 2664 1.89637
54 2665 1.91003
63 2666 1.91899
42 2668 1.99558
48 2669 2.01587
33 2670 2.01618
46 2671 2.02123
51 2673 2.15456
37 2675 2.17646
32 2677 2.31103
43 2679 2.39923
35 2681 2.54925
65 2683 2.56583
49 2684 2.58558
56 2685 2.62168
38 2687 2.6675
64 2688 2.67323
31 2689 2.73535
39 2691 2.81469
50 2692 2.81574
52 2694 2.88066
60 2695 2.88242
73 2696 2.88877
41 2697 2.89226
44 2698 2.93383
34 2700 2.97606
74 2707 3.60047
53 2712 4.05959
66 2714 4.14271
72 2715 4.1629
71 2718 4.28844
26 2720 4.4158
45 2722 4.46613
58 2723 4.47713
61 2724 4.49999
27 2729 4.87724
50 2730 4.88889
28 2731 4.95484
36 2733 4.96549
64 2734 5.06379
37 2737 5.19212
38 2738 5.21444
59 2739 5.25813
55 2741 5.32255
39 2743 5.41867
73 2745 5.50099
44 2748 5.68017
35 2749 5.69208
54 2750 5.70315
62 2752 5.78221
68 2754 5.90312
41 2755 5.95647
52 2757 5.97694
63 2758 6.01917
70 2760 6.13344
40 2764 6.40255
32 2766 6.48522
47 2768 6.63952
51 2771 6.78769
74 2774 6.97969
43 2775 7.0176
49 2777 7.14237
60 2779 7.19238
46 2780 7.22724
69 2782 7.27799
29 2783 7.3226
64 2784 7.35891
38 2787 7.47369
39 2789 7.56814
33 2790 7.58908
35 2792 7.74818
66 2793 7.75205
65 2796 7.90586
42 2798 8.03887
53 2800 8.14752
50 2802 8.18402
62 2803 8.23722
34 2805 8.26939
58 2806 8.2955
44 2807 8.336
61 2810 8.50013
70 2811 8.54289
27 2813 8.58814
37 2816 8.79929
54 2817 8.80693
59 2818 8.81803
63 2819 8.82951
31 2821 8.91574
28 2823 9.00207
67 2824 9.02271
47 2826 9.09293
41 2829 9.2808
68 2830 9.29657
74 2831 9.35783
45 2833 9.41657
73 2834 9.43992
72 2837 9.56756
55 2838 9.61608
48 2840 9.71632
66 2842 9.80122
30 2844 9.89546
46 2848 10.1912
58 2850 10.3101
65 2852 10.3765
38 2854 10.4685
40 2855 10.5082
52 2857 10.5718
50 2858 10.6375
69 2859 10.6579
25 2866 11.2637
29 2868 11.3476
34 2869 11.3572
32 2871 11.3772
60 2873 11.4873
47 2875 11.6137
57 2877 11.6775
39 2878 11.7173
44 2879 11.7185
33 2880 11.729
37 2882 11.7841
35 2883 11.7856
43 2884 11.7935
64 2886 11.9217
36 2888 11.9931
49 2889 12.0165
27 2890 12.0518
42 2892 12.1455
62 2893 12.1624
59 2894 12.1642
53 2896 12.1822
67 2898 12.3013
71 2901 12.5425
26 2904 12.7345
56 2906 12.8051
66 2907 12.8326
54 2909 12.9495
73 2910 12.9602
31 2912 12.9968
41 2913 13.0302
68 2916 13.1836
63 2917 13.1913
61 2919 13.2907
69 2920 13.3469
74 2923 13.5251
55 2924 13.5533
45 2926 13.5956
30 2928 13.7582
70 2929 13.7626
58 2931 13.7945
51 2932 13.8122
48 2935 13.9768
64 2938 14.1888
36 2939 14.2356
65 2942 14.3779
25 2943 14.3815
37 2946 14.6214
72 2947 14.6626
52 2950 14.7802
26 2951 14.7855
47 2952 14.8574
40 2954 14.8941
32 2955 14.9607
