26 2350 0 100 1.16701e-07 1.14666 1.14666
31 2352 0 100 5.83505e-08 1.17949 1.17949
41 2354 0 100 1.05031e-07 1.21784 1.21784
56 2360 0 100 1.05031e-07 1.46954 1.46954
58 2348 0 100 0.51 1.05759 1.5676
55 2364 0 100 5.83505e-08 1.60429 1.60429
27 2374 0 100 8.16907e-08 2.04682 2.04682
33 2367 0 100 0.3 1.77335 2.07335
44 2372 0 100 0.2 1.9797 2.1797
62 2378 0 100 4.66804e-08 2.19808 2.19808
54 2368 0 100 0.44 1.80641 2.24641
36 2382 0 100 0.0300001 2.39233 2.42233
45 2357 0 100 1.08 1.35992 2.43992
30 2384 0 100 1.28371e-07 2.46992 2.46992
60 2391 0 100 9.33608e-08 2.65813 2.65813
47 2392 0 100 7.00206e-08 2.7207 2.7207
52 2394 0 100 5.83505e-08 2.76321 2.76321
64 2373 0 100 0.77 2.02498 2.79498
42 2396 0 100 1.28371e-07 2.83349 2.83349
48 2398 0 100 9.33608e-08 2.86866 2.86866
61 2400 0 100 9.33608e-08 2.89254 2.89254
49 2395 0 100 0.3 2.77757 3.07757
63 2370 0 100 1.36 1.85456 3.21456
39 2359 0 100 1.86 1.45739 3.31739
37 2363 0 100 1.78 1.57938 3.35938
34 2361 0 100 1.99 1.4816 3.4716
28 2388 0 100 0.97 2.57699 3.54699
29 2385 0 100 1.15 2.52341 3.67341
53 2399 0 100 0.79 2.88597 3.67597
38 2377 0 100 1.66 2.18134 3.84134
35 2386 0 100 1.36 2.52441 3.88441
40 2404 0 100 0.99 2.99092 3.98092
58 2413 0 100 0.38 3.7391 4.1191
31 2421 0 100 8.16907e-08 4.25233 4.25233
41 2419 0 100 0.07 4.19043 4.26043
46 2389 0 100 1.77 2.63213 4.40213
56 2411 0 100 0.96 3.60666 4.56666
50 2349 0 100 3.62 1.06546 4.68546
51 2353 0 100 3.53 1.19132 4.72132
33 2428 0 100 0.17 4.67494 4.84494
32 2403 0 100 1.98 2.99052 4.97052
25 2401 0 100 2.07 2.93335 5.00335
62 2438 0 100 1.51711e-07 5.18781 5.18781
45 2440 0 100 0.11 5.25818 5.36818
52 2443 0 100 1.16701e-07 5.45828 5.45828
47 2445 0 100 0.0400001 5.60136 5.64136
64 2447 0 100 0.0800001 5.64762 5.72762
42 2432 0 100 0.9 4.89694 5.79694
30 2430 0 100 1.09 4.80782 5.89782
53 2453 0 100 0.0700001 5.86254 5.93254
55 2459 0 100 9.33608e-08 6.17112 6.17112
60 2448 0 100 0.54 5.66481 6.20481
36 2461 0 100 1.51711e-07 6.25386 6.25386
48 2434 0 100 1.39 5.00845 6.39845
49 2463 0 100 1.51711e-07 6.42263 6.42263
34 2426 0 100 1.85 4.63487 6.48487
54 2449 0 100 0.8 5.69973 6.49973
37 2423 0 100 2.1 4.42302 6.52302
26 2437 0 100 1.38 5.18743 6.56743
43 2380 0 100 4.55 2.32908 6.87908
35 2456 0 100 1.08 5.99983 7.07983
39 2473 0 100 0.2 7.0393 7.2393
58 2478 0 100 5.83505e-08 7.25332 7.25332
38 2480 0 100 2.33402e-08 7.26396 7.26396
44 2465 0 100 0.84 6.53174 7.37174
61 2484 0 100 0.12 7.58439 7.70439
41 2475 0 100 0.67 7.11798 7.78798
63 2469 0 100 1.18 6.75166 7.93166
40 2489 0 100 0.0400001 7.93313 7.97313
29 2479 0 100 0.88 7.26364 8.14364
33 2490 0 100 0.44 7.93452 8.37452
50 2501 0 100 0.0500001 8.60749 8.65749
59 2451 0 100 2.93 5.76709 8.69709
51 2500 0 100 0.11 8.59458 8.70458
27 2455 0 100 2.76 5.99698 8.75698
42 2504 0 100 8.16907e-08 8.78313 8.78313
47 2497 0 100 0.44 8.53435 8.97435
54 2511 0 100 0.0400001 9.1324 9.1724
60 2507 0 100 0.79 8.88573 9.67573
35 2522 0 100 0.0100001 9.67377 9.68377
43 2523 0 100 9.33608e-08 9.68598 9.68598
45 2488 0 100 1.82 7.90496 9.72496
62 2524 0 100 0.0500001 9.73414 9.78414
25 2509 0 100 1.1 8.97111 10.0711
36 2532 0 100 8.16907e-08 10.0773 10.0773
48 2518 0 100 0.66 9.48565 10.1457
58 2535 0 100 0.0100001 10.1584 10.1684
53 2537 0 100 0.0300001 10.293 10.323
28 2539 0 100 0.0300001 10.4289 10.4589
52 2530 0 100 0.44 10.0297 10.4697
41 2541 0 100 0.03 10.529 10.559
31 2471 0 100 3.76 6.89669 10.6567
37 2515 0 100 1.37 9.30026 10.6703
55 2526 0 100 0.94 9.81051 10.7505
49 2545 0 100 1.16701e-07 10.7601 10.7601
30 2547 0 100 1.16701e-08 10.8483 10.8483
38 2555 0 100 9.33608e-08 11.2564 11.2564
56 2513 0 100 2.32 9.1541 11.4741
39 2553 0 100 0.34 11.1539 11.4939
34 2549 0 100 0.6 10.9715 11.5715
32 2520 0 100 2.09 9.61784 11.7078
27 2557 0 100 0.46 11.3025 11.7625
63 2563 0 100 0.06 11.741 11.801
57 2556 0 100 0.57 11.3013 11.8713
42 2566 0 100 0.0300001 11.8544 11.8844
61 2567 0 100 1.16701e-08 11.9224 11.9224
44 2533 0 100 1.94 10.115 12.055
26 2529 0 100 2.13 9.99933 12.1293
64 2499 0 100 3.69 8.56605 12.256
33 2576 0 100 1.05031e-07 12.416 12.416
51 2575 0 100 0.0700001 12.4072 12.4772
25 2574 0 100 0.17 12.3831 12.5531
62 2578 0 100 0.1 12.4808 12.5808
45 2580 0 100 0.0400001 12.6191 12.6591
54 2561 0 100 1.23 11.5585 12.7885
50 2587 0 100 8.16907e-08 12.8935 12.8935
52 2572 0 100 0.9 12.2961 13.1961
58 2592 0 100 0.02 13.2707 13.2907
48 2583 0 100 0.64 12.6709 13.3109
49 2594 0 100 5.83505e-08 13.3606 13.3606
29 2550 0 100 2.38 10.9994 13.3794
59 2595 0 100 0.0100001 13.3844 13.3944
60 2581 0 100 0.81 12.6315 13.4415
46 2506 0 100 4.9 8.87265 13.7726
53 2600 0 100 0.16 13.7327 13.8927
35 2605 0 100 3.50103e-08 13.9728 13.9728
34 2610 0 100 0.0400001 14.2484 14.2884
46 2612 0 100 0.0200001 14.3693 14.3893
36 2613 0 100 0.04 14.3729 14.4129
38 2608 0 100 0.48 14.1485 14.6285
39 2618 0 100 1.05031e-07 14.8238 14.8238
43 2598 0 100 1.27 13.5699 14.8399
