37 2098 1.01483
28 2100 1.08454
49 2102 1.19507
32 2104 1.28599
44 2106 1.41883
27 2108 1.45253
53 2109 1.47371
30 2111 1.54415
41 2112 1.63442
43 2115 1.83002
31 2117 1.9282
40 2118 1.9327
36 2120 1.99556
47 2121 2.01592
48 2123 2.06355
46 2124 2.07536
26 2128 2.4101
45 2130 2.52108
52 2132 2.57371
42 2133 2.63442
33 2136 2.76385
29 2137 2.76761
25 2138 2.80079
39 2140 2.84698
35 2141 2.88702
34 2142 2.92098
51 2144 2.93633
54 2145 2.95564
28 2147 3.09745
37 2161 4.36584
35 2167 4.90576
41 2169 4.94318
45 2170 4.96456
32 2171 5.00789
30 2174 5.14233
53 2175 5.18582
33 2177 5.32741
44 2179 5.38238
51 2185 5.91987
27 2187 5.95018
36 2188 6.01789
42 2191 6.18751
49 2196 6.59309
47 2201 6.98458
48 2202 7.03049
40 2204 7.03924
30 2207 7.30188
39 2210 7.51817
46 2213 7.63521
43 2215 7.75691
29 2217 7.85039
25 2218 7.86323
54 2219 7.90112
52 2220 7.93158
38 2223 8.12532
28 2225 8.18334
31 2229 8.45557
32 2230 8.46087
37 2231 8.47721
27 2232 8.50301
34 2234 8.60696
26 2235 8.61208
33 2237 8.64857
44 2239 8.78116
53 2242 8.9631
45 2244 9.09623
51 2246 9.20591
40 2249 9.35412
48 2253 9.70264
30 2255 9.75717
42 2257 9.86325
43 2258 9.88372
36 2268 10.8206
31 2271 10.9942
35 2276 11.4188
41 2278 11.5134
26 2280 11.5633
52 2282 11.6974
46 2283 11.7134
28 2285 11.8096
29 2288 12.0201
51 2291 12.1504
53 2293 12.314
39 2299 12.7775
37 2301 12.844
47 2303 12.9406
30 2304 13.0293
32 2309 13.3627
34 2311 13.4814
40 2313 13.5586
54 2315 13.6875
48 2316 13.7088
27 2317 13.7326
44 2319 13.7612
45 2321 13.8491
25 2324 14.0879
52 2326 14.2199
36 2327 14.2221
38 2334 14.739
