48 19
27 19
46 19
64 22
41 22
29 22
45 23
63 25
47 19
49 23
3 23
2 23
4 23
33 23
1 23
5 23
27 23
46 23
47 23
6 23
7 23
34 23
8 23
9 23
41 23
10 23
11 23
36 23
12 23
13 23
14 23
15 23
16 23
17 23
18 23
19 23
37 23
20 23
21 23
22 23
23 23
24 23
62 22
9 22
8 22
10 22
7 22
11 22
6 22
12 22
5 22
13 22
4 22
14 22
3 22
45 22
15 22
2 22
16 22
1 22
17 22
18 22
19 22
20 22
21 22
22 22
23 22
24 22
50 21
18 21
17 21
19 21
16 21
20 21
15 21
21 21
14 21
22 21
13 21
23 21
12 21
24 21
11 21
10 21
9 21
8 21
7 21
6 21
5 21
4 21
3 21
2 21
1 21
59 23
60 25
12 25
11 25
13 25
10 25
14 25
9 25
15 25
8 25
16 25
7 25
17 25
6 25
18 25
5 25
19 25
4 25
20 25
3 25
21 25
2 25
22 25
1 25
23 25
24 25
53 20
9 20
8 20
10 20
7 20
11 20
6 20
12 20
5 20
13 20
4 20
14 20
3 20
15 20
2 20
16 20
1 20
17 20
18 20
19 20
20 20
21 20
22 20
23 20
24 20
55 23
57 23
39 23
55 26
4 26
3 26
5 26
2 26
6 26
1 26
7 26
8 26
9 26
10 26
11 26
12 26
13 26
14 26
15 26
16 26
17 26
18 26
19 26
20 26
21 26
22 26
23 26
24 26
50 25
25 24
24 24
23 24
22 24
21 24
20 24
19 24
18 24
17 24
16 24
15 24
14 24
13 24
12 24
11 24
10 24
9 24
8 24
7 24
6 24
5 24
4 24
3 24
2 24
1 24
60 20
63 23
40 23
62 21
29 23
40 21
42 23
58 23
28 23
52 23
63 27
13 27
12 27
14 27
11 27
15 27
10 27
16 27
9 27
17 27
8 27
18 27
7 27
19 27
6 27
20 27
5 27
21 27
4 27
22 27
3 27
23 27
2 27
24 27
1 27
40 28
15 28
14 28
16 28
13 28
17 28
12 28
18 28
11 28
19 28
10 28
20 28
9 28
21 28
8 28
22 28
7 28
23 28
6 28
24 28
5 28
4 28
3 28
2 28
1 28
43 23
54 23
62 23
32 23
40 29
2 29
1 29
3 29
4 29
5 29
6 29
7 29
8 29
9 29
10 29
11 29
12 29
13 29
14 29
15 29
16 29
17 29
18 29
19 29
20 29
21 29
22 29
23 29
24 29
61 23
53 26
49 22
58 27
48 23
26 23
59 25
52 27
61 30
13 30
12 30
14 30
11 30
15 30
10 30
16 30
9 30
17 30
8 30
18 30
7 30
19 30
6 30
20 30
5 30
21 30
4 30
22 30
3 30
23 30
2 30
24 30
1 30
39 26
