65 44
50 44
49 46
78 45
15 45
14 45
16 45
13 45
17 45
12 45
28 45
31 45
43 45
58 45
18 45
41 45
53 45
11 45
19 45
47 45
10 45
20 45
9 45
21 45
8 45
22 45
29 45
7 45
30 45
40 45
23 45
6 45
24 45
54 45
56 45
67 45
5 45
44 45
4 45
3 45
57 45
2 45
63 45
1 45
33 45
51 45
50 45
55 45
73 46
9 46
8 46
10 46
7 46
11 46
6 46
12 46
5 46
13 46
4 46
14 46
3 46
15 46
2 46
16 46
1 46
17 46
18 46
19 46
20 46
21 46
22 46
23 46
24 46
83 45
70 45
73 47
14 47
13 47
15 47
12 47
16 47
11 47
17 47
10 47
18 47
9 47
19 47
8 47
20 47
7 47
21 47
6 47
22 47
5 47
23 47
4 47
24 47
3 47
2 47
1 47
70 48
3 48
2 48
4 48
1 48
5 48
6 48
7 48
8 48
9 48
10 48
11 48
12 48
13 48
14 48
15 48
16 48
17 48
18 48
19 48
20 48
21 48
22 48
23 48
24 48
74 45
49 45
65 45
73 48
46 46
74 50
18 50
17 50
19 50
16 50
20 50
15 50
21 50
14 50
22 50
13 50
23 50
12 50
24 50
11 50
10 50
9 50
8 50
7 50
6 50
5 50
4 50
3 50
2 50
1 50
70 49
23 49
22 49
24 49
21 49
20 49
19 49
18 49
17 49
16 49
15 49
14 49
13 49
12 49
11 49
10 49
9 49
8 49
7 49
6 49
5 49
4 49
3 49
2 49
1 49
82 45
42 45
61 45
52 45
64 45
78 46
60 45
81 45
75 45
83 47
66 45
42 51
21 51
20 51
22 51
19 51
23 51
18 51
24 51
17 51
16 51
15 51
14 51
13 51
12 51
11 51
10 51
9 51
8 51
7 51
6 51
5 51
4 51
3 51
2 51
1 51
39 45
52 53
22 53
21 53
23 53
20 53
24 53
19 53
18 53
17 53
16 53
15 53
14 53
13 53
12 53
11 53
10 53
9 53
8 53
7 53
6 53
5 53
4 53
3 53
2 53
1 53
69 45
64 51
69 51
