34 50 0.048 49.952
33 50 0.048 49.952
26 50 0.0048 49.9952
26 49.9952 0.048 49.9472
33 49.952 0.0048 49.9472
28 50 0.048 49.952
30 50 0.048 49.952
29 50 0.0048 49.9952
29 49.9952 0.048 49.9472
30 49.952 0.0048 49.9472
32 50 0.048 49.952
34 50 0.048 49.952
26 50 0.048 49.952
33 50 0.0048 49.9952
33 49.9952 0.048 49.9472
26 49.952 0.0048 49.9472
25 50 0.048 49.952
33 49.9472 0.048 49.8992
26 49.9472 0.0048 49.9424
26 49.9424 0.048 49.8944
33 49.8992 0.0048 49.8944
27 50 0.048 49.952
31 50 0.048 49.952
28 50 0.048 49.952
29 50 0.048 49.952
30 50 0.0048 49.9952
30 49.9952 0.048 49.9472
29 49.952 0.0048 49.9472
30 49.9472 0.048 49.8992
29 49.9472 0.0048 49.9424
29 49.9424 0.048 49.8944
30 49.8992 0.0048 49.8944
32 50 0.048 49.952
34 50 0.048 49.952
26 50 0.048 49.952
33 50 0.0048 49.9952
33 49.9952 0.048 49.9472
26 49.952 0.0048 49.9472
25 50 0.048 49.952
33 49.9472 0.048 49.8992
26 49.9472 0.0048 49.9424
26 49.9424 0.048 49.8944
33 49.8992 0.0048 49.8944
27 50 0.048 49.952
31 50 0.048 49.952
28 50 0.048 49.952
29 50 0.048 49.952
30 50 0.0048 49.9952
30 49.9952 0.048 49.9472
29 49.952 0.0048 49.9472
30 49.9472 0.048 49.8992
29 49.9472 0.0048 49.9424
29 49.9424 0.048 49.8944
30 49.8992 0.0048 49.8944
32 50 0.048 49.952
34 50 0.048 49.952
26 50 0.048 49.952
25 50 0.0048 49.9952
25 49.9952 0.048 49.9472
33 50 0.0048 49.9952
33 49.9952 0.048 49.9472
26 49.952 0.0048 49.9472
26 49.9472 0.0048 49.9424
25 49.9472 0.048 49.8992
26 49.9424 0.0048 49.9376
26 49.9376 0.048 49.8896
25 49.8992 0.0048 49.8944
33 49.9472 0.048 49.8992
26 49.8896 0.0048 49.8848
26 49.8848 0.048 49.8368
33 49.8992 0.0048 49.8944
27 50 0.048 49.952
31 50 0.048 49.952
28 50 0.048 49.952
29 50 0.048 49.952
30 50 0.0048 49.9952
30 49.9952 0.048 49.9472
29 49.952 0.0048 49.9472
30 49.9472 0.048 49.8992
29 49.9472 0.0048 49.9424
29 49.9424 0.048 49.8944
30 49.8992 0.0048 49.8944
32 50 0.048 49.952
34 50 0.048 49.952
26 50 0.048 49.952
33 50 0.0048 49.9952
33 49.9952 0.048 49.9472
26 49.952 0.0048 49.9472
25 50 0.048 49.952
33 49.9472 0.048 49.8992
26 49.9472 0.0048 49.9424
26 49.9424 0.048 49.8944
33 49.8992 0.0048 49.8944
27 50 0.048 49.952
25 49.952 0.048 49.904
26 49.8944 0.0048 49.8896
31 50 0.048 49.952
28 50 0.048 49.952
29 50 0.048 49.952
30 50 0.0048 49.9952
30 49.9952 0.048 49.9472
29 49.952 0.0048 49.9472
30 49.9472 0.048 49.8992
29 49.9472 0.0048 49.9424
29 49.9424 0.048 49.8944
30 49.8992 0.0048 49.8944
32 50 0.048 49.952
34 50 0.048 49.952
26 50 0.048 49.952
33 50 0.0048 49.9952
33 49.9952 0.048 49.9472
26 49.952 0.0048 49.9472
25 50 0.048 49.952
33 49.9472 0.0048 49.9424
33 49.9424 0.048 49.8944
25 49.952 0.0048 49.9472
33 49.8944 0.048 49.8464
25 49.9472 0.0048 49.9424
25 49.9424 0.048 49.8944
26 49.9472 0.0048 49.9424
26 49.9424 0.048 49.8944
33 49.8464 0.0048 49.8416
33 49.8416 0.0048 49.8368
27 50 0.048 49.952
25 49.8944 0.048 49.8464
33 49.8368 0.0048 49.832
31 50 0.048 49.952
28 50 0.048 49.952
29 50 0.048 49.952
30 50 0.048 49.952
32 50 0.048 49.952
34 50 0.048 49.952
26 50 0.048 49.952
33 50 0.0048 49.9952
33 49.9952 0.048 49.9472
26 49.952 0.0048 49.9472
25 50 0.048 49.952
33 49.9472 0.0048 49.9424
33 49.9424 0.048 49.8944
25 49.952 0.0048 49.9472
33 49.8944 0.048 49.8464
25 49.9472 0.0048 49.9424
25 49.9424 0.048 49.8944
26 49.9472 0.0048 49.9424
26 49.9424 0.048 49.8944
33 49.8464 0.0048 49.8416
33 49.8416 0.0048 49.8368
27 50 0.048 49.952
25 49.8944 0.048 49.8464
33 49.8368 0.0048 49.832
25 49.8464 0.0048 49.8416
25 49.8416 0.16 49.6816
25 49.6816 0.0016 49.68
31 50 0.048 49.952
28 50 0.048 49.952
29 50 0.048 49.952
30 50 0.048 49.952
32 50 0.048 49.952
34 50 0.048 49.952
26 50 0.048 49.952
25 50 0.0048 49.9952
25 49.9952 0.048 49.9472
33 50 0.0048 49.9952
33 49.9952 0.048 49.9472
26 49.952 0.0048 49.9472
26 49.9472 0.0048 49.9424
25 49.9472 0.048 49.8992
26 49.9424 0.0048 49.9376
26 49.9376 0.048 49.8896
33 49.9472 0.0048 49.9424
33 49.9424 0.048 49.8944
25 49.8992 0.0048 49.8944
25 49.8944 0.0048 49.8896
33 49.8944 0.048 49.8464
25 49.8896 0.0048 49.8848
25 49.8848 0.048 49.8368
26 49.8896 0.0048 49.8848
26 49.8848 0.048 49.8368
33 49.8464 0.0048 49.8416
33 49.8416 0.0048 49.8368
27 50 0.048 49.952
31 50 0.048 49.952
28 50 0.048 49.952
29 50 0.048 49.952
30 50 0.0048 49.9952
30 49.9952 0.048 49.9472
29 49.952 0.0048 49.9472
30 49.9472 0.048 49.8992
29 49.9472 0.0048 49.9424
29 49.9424 0.048 49.8944
30 49.8992 0.0048 49.8944
32 50 0.048 49.952
34 50 0.048 49.952
26 50 0.048 49.952
25 50 0.0048 49.9952
25 49.9952 0.048 49.9472
33 50 0.0048 49.9952
33 49.9952 0.048 49.9472
26 49.952 0.0048 49.9472
26 49.9472 0.0048 49.9424
25 49.9472 0.048 49.8992
26 49.9424 0.0048 49.9376
26 49.9376 0.048 49.8896
33 49.9472 0.0048 49.9424
33 49.9424 0.048 49.8944
25 49.8992 0.0048 49.8944
25 49.8944 0.0048 49.8896
33 49.8944 0.048 49.8464
25 49.8896 0.0048 49.8848
25 49.8848 0.048 49.8368
26 49.8896 0.0048 49.8848
26 49.8848 0.048 49.8368
33 49.8464 0.0048 49.8416
33 49.8416 0.0048 49.8368
27 50 0.048 49.952
33 49.8368 0.048 49.7888
25 49.8368 0.0048 49.832
26 49.8368 0.0048 49.832
31 50 0.048 49.952
28 50 0.048 49.952
29 50 0.048 49.952
30 50 0.0048 49.9952
30 49.9952 0.048 49.9472
29 49.952 0.0048 49.9472
30 49.9472 0.048 49.8992
29 49.9472 0.0048 49.9424
29 49.9424 0.048 49.8944
30 49.8992 0.0048 49.8944
32 50 0.048 49.952
34 50 0.048 49.952
26 50 0.048 49.952
25 50 0.0048 49.9952
25 49.9952 0.048 49.9472
33 50 0.0048 49.9952
33 49.9952 0.048 49.9472
26 49.952 0.0048 49.9472
26 49.9472 0.0048 49.9424
25 49.9472 0.048 49.8992
26 49.9424 0.0048 49.9376
26 49.9376 0.048 49.8896
25 49.8992 0.0048 49.8944
33 49.9472 0.048 49.8992
26 49.8896 0.0048 49.8848
26 49.8848 0.048 49.8368
33 49.8992 0.0048 49.8944
27 50 0.048 49.952
33 49.8944 0.048 49.8464
26 49.8368 0.0048 49.832
26 49.832 0.048 49.784
33 49.8464 0.0048 49.8416
33 49.8416 0.16 49.6816
26 49.784 0.016 49.768
26 49.768 0.016 49.752
33 49.6816 0.0016 49.68
26 49.752 0.048 49.704
25 49.8944 0.0048 49.8896
33 49.68 0.0048 49.6752
31 50 0.048 49.952
28 50 0.048 49.952
29 50 0.048 49.952
30 50 0.0048 49.9952
30 49.9952 0.048 49.9472
29 49.952 0.0048 49.9472
30 49.9472 0.048 49.8992
29 49.9472 0.0048 49.9424
29 49.9424 0.048 49.8944
30 49.8992 0.0048 49.8944
32 50 0.048 49.952
28 49.952 0.048 49.904
34 50 0.048 49.952
26 50 0.048 49.952
25 50 0.0048 49.9952
25 49.9952 0.048 49.9472
26 49.952 0.0048 49.9472
25 49.9472 0.048 49.8992
26 49.9472 0.0048 49.9424
26 49.9424 0.048 49.8944
25 49.8992 0.0048 49.8944
33 49.9546 0.048 49.9066
27 50 0.048 49.952
26 49.8944 0.048 49.8464
25 49.8944 0.0048 49.8896
25 49.8896 0.048 49.8416
26 49.8464 0.0096 49.8368
26 49.8368 0.16 49.6768
26 49.6768 0.0016 49.6752
31 50 0.048 49.952
28 50 0.048 49.952
29 50 0.048 49.952
30 50 0.0048 49.9952
30 49.9952 0.048 49.9472
29 49.952 0.0048 49.9472
30 49.9472 0.048 49.8992
29 49.9472 0.0048 49.9424
29 49.9424 0.048 49.8944
30 49.8992 0.0048 49.8944
32 50 0.048 49.952
28 49.952 0.048 49.904
28 49.904 0.0048 49.8992
28 49.8992 0.16 49.7392
28 49.7392 0.0016 49.7376
34 50 0.048 49.952
26 49.8099 0.048 49.7619
25 49.9692 0.0048 49.9644
25 49.9644 0.048 49.9164
26 49.7619 0.0048 49.7571
25 49.9164 0.048 49.8684
26 49.7571 0.0048 49.7523
26 49.7523 0.048 49.7043
25 49.8684 0.0048 49.8636
33 50 0.048 49.952
27 50 0.048 49.952
31 50 0.048 49.952
28 50 0.048 49.952
29 50 0.048 49.952
30 50 0.0048 49.9952
30 49.9952 0.048 49.9472
29 49.952 0.0048 49.9472
30 49.9472 0.048 49.8992
29 49.9472 0.0048 49.9424
29 49.9424 0.048 49.8944
30 49.8992 0.0048 49.8944
32 50 0.048 49.952
34 50 0.048 49.952
26 49.9644 0.048 49.9164
25 50 0.048 49.952
33 50 0.048 49.952
27 50 0.048 49.952
31 50 0.048 49.952
28 50 0.048 49.952
29 50 0.048 49.952
30 50 0.0048 49.9952
30 49.9952 0.048 49.9472
29 49.952 0.0048 49.9472
30 49.9472 0.048 49.8992
29 49.9472 0.0048 49.9424
29 49.9424 0.048 49.8944
30 49.8992 0.0048 49.8944
32 50 0.048 49.952
29 50 0.048 49.952
30 50 0.0048 49.9952
30 49.9952 0.048 49.9472
29 49.952 0.0048 49.9472
29 49.9472 0.16 49.7872
30 49.9472 0.016 49.9312
30 49.9312 0.016 49.9152
29 49.7872 0.0016 49.7856
30 49.9152 0.048 49.8672
29 49.7856 0.0048 49.7808
34 50 0.048 49.952
26 50 0.048 49.952
33 50 0.0048 49.9952
33 49.9952 0.048 49.9472
26 49.952 0.0048 49.9472
25 50 0.048 49.952
33 49.9472 0.048 49.8992
26 49.9472 0.0048 49.9424
26 49.9424 0.048 49.8944
33 49.8992 0.0048 49.8944
27 50 0.048 49.952
31 50 0.048 49.952
28 50 0.048 49.952
29 49.7808 0.048 49.7328
30 49.8672 0.048 49.8192
32 50 0.048 49.952
30 49.986 0.048 49.938
34 50 0.048 49.952
26 50 0.048 49.952
25 50 0.048 49.952
33 50 0.048 49.952
27 50 0.048 49.952
31 50 0.048 49.952
28 50 0.048 49.952
29 50 0.048 49.952
30 49.938 0.048 49.89
32 50 0.048 49.952
30 50 0.048 49.952
30 49.952 0.0048 49.9472
30 49.9472 0.16 49.7872
30 49.7872 0.0016 49.7856
34 50 0.048 49.952
26 50 0.048 49.952
25 50 0.048 49.952
33 50 0.048 49.952
27 50 0.048 49.952
31 50 0.048 49.952
28 50 0.048 49.952
29 50 0.048 49.952
30 49.7856 0.048 49.7376
32 50 0.048 49.952
32 49.952 0.048 49.904
30 49.7376 0.048 49.6896
34 50 0.048 49.952
26 50 0.048 49.952
25 50 0.048 49.952
33 50 0.048 49.952
27 50 0.048 49.952
27 49.952 0.048 49.904
31 50 0.048 49.952
28 50 0.048 49.952
29 50 0.048 49.952
30 49.9623 0.048 49.9143
32 50 0.048 49.952
32 49.952 0.048 49.904
30 49.9143 0.048 49.8663
34 50 0.048 49.952
26 50 0.048 49.952
25 50 0.048 49.952
33 50 0.048 49.952
27 50 0.048 49.952
27 49.952 0.048 49.904
31 50 0.048 49.952
28 50 0.048 49.952
29 50 0.048 49.952
30 50 0.0048 49.9952
30 49.9952 0.048 49.9472
29 49.952 0.0048 49.9472
30 49.9472 0.048 49.8992
29 49.9472 0.0048 49.9424
29 49.9424 0.048 49.8944
30 49.8992 0.0048 49.8944
32 50 0.048 49.952
32 49.952 0.048 49.904
30 49.8944 0.048 49.8464
29 50 0.0048 49.9952
29 49.9952 0.048 49.9472
30 49.8464 0.0048 49.8416
30 49.8416 0.16 49.6816
29 49.9472 0.016 49.9312
29 49.9312 0.016 49.9152
30 49.6816 0.0016 49.68
29 49.9152 0.048 49.8672
30 49.68 0.0048 49.6752
34 50 0.048 49.952
26 50 0.048 49.952
25 50 0.048 49.952
33 50 0.048 49.952
27 50 0.048 49.952
27 49.952 0.048 49.904
31 50 0.048 49.952
28 50 0.048 49.952
29 49.8672 0.048 49.8192
30 49.9392 0.0048 49.9344
30 49.9344 0.048 49.8864
29 49.8192 0.0048 49.8144
30 49.8864 0.048 49.8384
29 49.8144 0.0048 49.8096
29 49.8096 0.048 49.7616
30 49.8384 0.0048 49.8336
32 50 0.048 49.952
32 49.952 0.048 49.904
29 49.9311 0.048 49.8831
30 49.8336 0.0048 49.8288
34 50 0.048 49.952
26 50 0.048 49.952
25 50 0.048 49.952
33 50 0.048 49.952
27 50 0.048 49.952
27 49.952 0.048 49.904
31 50 0.048 49.952
28 50 0.048 49.952
29 49.8831 0.048 49.8351
30 49.9306 0.0048 49.9258
30 49.9258 0.048 49.8778
29 49.8351 0.0048 49.8303
30 49.8778 0.048 49.8298
29 49.8303 0.0048 49.8255
29 49.8255 0.048 49.7775
30 49.8298 0.0048 49.825
32 50 0.048 49.952
32 49.952 0.048 49.904
29 49.8799 0.048 49.8319
30 49.825 0.0048 49.8202
34 50 0.048 49.952
26 50 0.048 49.952
33 50 0.0048 49.9952
33 49.9952 0.048 49.9472
26 49.952 0.0048 49.9472
25 50 0.048 49.952
33 49.9472 0.048 49.8992
26 49.9472 0.0048 49.9424
26 49.9424 0.048 49.8944
33 49.8992 0.0048 49.8944
27 50 0.048 49.952
27 49.952 0.048 49.904
31 50 0.048 49.952
28 50 0.048 49.952
29 49.8319 0.048 49.7839
30 49.9556 0.0048 49.9508
30 49.9508 0.048 49.9028
29 49.7839 0.0048 49.7791
30 49.9028 0.048 49.8548
29 49.7791 0.0048 49.7743
29 49.7743 0.048 49.7263
30 49.8548 0.0048 49.85
32 50 0.048 49.952
32 49.952 0.048 49.904
29 50 0.048 49.952
30 49.85 0.0048 49.8452
34 50 0.048 49.952
26 50 0.048 49.952
33 50 0.0048 49.9952
33 49.9952 0.048 49.9472
26 49.952 0.0048 49.9472
25 50 0.048 49.952
33 49.9472 0.048 49.8992
26 49.9472 0.0048 49.9424
26 49.9424 0.048 49.8944
33 49.8992 0.0048 49.8944
27 50 0.048 49.952
27 49.952 0.048 49.904
31 50 0.048 49.952
28 50 0.048 49.952
29 49.952 0.048 49.904
30 50 0.0048 49.9952
30 49.9952 0.048 49.9472
29 49.904 0.0048 49.8992
30 49.9472 0.048 49.8992
29 49.8992 0.0048 49.8944
29 49.8944 0.048 49.8464
30 49.8992 0.0048 49.8944
32 50 0.048 49.952
32 49.952 0.048 49.904
29 49.9704 0.048 49.9224
30 49.8944 0.0048 49.8896
34 50 0.048 49.952
26 50 0.048 49.952
33 50 0.0048 49.9952
33 49.9952 0.048 49.9472
26 49.952 0.0048 49.9472
25 50 0.048 49.952
33 49.9472 0.048 49.8992
26 49.9472 0.0048 49.9424
26 49.9424 0.048 49.8944
33 49.8992 0.0048 49.8944
27 50 0.048 49.952
27 49.952 0.048 49.904
31 50 0.048 49.952
28 50 0.048 49.952
29 49.9224 0.048 49.8744
30 50 0.0048 49.9952
30 49.9952 0.048 49.9472
29 49.8744 0.0048 49.8696
30 49.9472 0.048 49.8992
29 49.8696 0.0048 49.8648
29 49.8648 0.048 49.8168
30 49.8992 0.0048 49.8944
32 50 0.048 49.952
32 49.952 0.048 49.904
29 49.945 0.048 49.897
30 49.8944 0.0048 49.8896
34 50 0.048 49.952
26 50 0.048 49.952
25 50 0.048 49.952
33 49.9963 0.048 49.9483
27 50 0.048 49.952
27 49.952 0.048 49.904
31 50 0.048 49.952
28 50 0.048 49.952
29 49.897 0.048 49.849
30 49.9962 0.0048 49.9914
30 49.9914 0.048 49.9434
29 49.849 0.0048 49.8442
30 49.9434 0.048 49.8954
29 49.8442 0.0048 49.8394
29 49.8394 0.048 49.7914
30 49.8954 0.0048 49.8906
32 50 0.048 49.952
32 49.952 0.048 49.904
29 50 0.048 49.952
30 49.8906 0.0048 49.8858
34 50 0.048 49.952
26 50 0.048 49.952
25 50 0.048 49.952
33 50 0.048 49.952
27 50 0.048 49.952
27 49.952 0.048 49.904
31 50 0.048 49.952
28 50 0.048 49.952
29 49.952 0.048 49.904
30 50 0.048 49.952
32 50 0.048 49.952
32 49.952 0.048 49.904
29 50 0.048 49.952
34 50 0.048 49.952
26 50 0.048 49.952
25 50 0.048 49.952
33 50 0.048 49.952
27 50 0.048 49.952
27 49.952 0.048 49.904
31 50 0.048 49.952
28 50 0.048 49.952
29 49.952 0.048 49.904
30 50 0.048 49.952
32 50 0.048 49.952
32 49.952 0.048 49.904
29 50 0.048 49.952
34 50 0.048 49.952
26 50 0.048 49.952
25 50 0.048 49.952
33 50 0.048 49.952
27 50 0.048 49.952
27 49.952 0.048 49.904
31 50 0.048 49.952
28 50 0.048 49.952
29 49.952 0.048 49.904
30 50 0.048 49.952
32 50 0.048 49.952
32 49.952 0.048 49.904
29 50 0.048 49.952
34 50 0.048 49.952
26 50 0.048 49.952
25 50 0.0048 49.9952
25 49.9952 0.048 49.9472
33 50 0.0048 49.9952
33 49.9952 0.048 49.9472
26 49.952 0.0048 49.9472
26 49.9472 0.0048 49.9424
25 49.9472 0.048 49.8992
26 49.9424 0.0048 49.9376
26 49.9376 0.048 49.8896
25 49.8992 0.0048 49.8944
33 49.9472 0.048 49.8992
26 49.8896 0.0048 49.8848
26 49.8848 0.048 49.8368
33 49.8992 0.0048 49.8944
27 50 0.048 49.952
27 49.952 0.048 49.904
31 50 0.048 49.952
28 50 0.048 49.952
29 49.952 0.048 49.904
30 50 0.048 49.952
32 50 0.048 49.952
32 49.952 0.048 49.904
29 50 0.048 49.952
34 50 0.048 49.952
26 50 0.048 49.952
33 50 0.0048 49.9952
33 49.9952 0.048 49.9472
26 49.952 0.0048 49.9472
25 50 0.048 49.952
33 49.9472 0.048 49.8992
26 49.9472 0.0048 49.9424
26 49.9424 0.048 49.8944
33 49.8992 0.0048 49.8944
27 50 0.048 49.952
27 49.952 0.048 49.904
31 50 0.048 49.952
28 50 0.048 49.952
29 49.952 0.048 49.904
30 50 0.048 49.952
32 50 0.048 49.952
32 49.952 0.048 49.904
29 50 0.048 49.952
34 50 0.048 49.952
26 50 0.048 49.952
33 50 0.0048 49.9952
33 49.9952 0.048 49.9472
26 49.952 0.0048 49.9472
25 50 0.048 49.952
33 49.9472 0.048 49.8992
26 49.9472 0.0048 49.9424
26 49.9424 0.048 49.8944
33 49.8992 0.0048 49.8944
27 50 0.048 49.952
27 49.952 0.048 49.904
25 49.952 0.048 49.904
31 50 0.048 49.952
28 50 0.048 49.952
29 49.952 0.048 49.904
30 50 0.0048 49.9952
30 49.9952 0.048 49.9472
29 49.904 0.0048 49.8992
30 49.9472 0.048 49.8992
29 49.8992 0.0048 49.8944
29 49.8944 0.048 49.8464
30 49.8992 0.0048 49.8944
32 50 0.048 49.952
32 49.952 0.048 49.904
29 50 0.048 49.952
30 49.8944 0.0048 49.8896
34 50 0.048 49.952
31 49.952 0.048 49.904
26 50 0.048 49.952
33 50 0.0048 49.9952
33 49.9952 0.048 49.9472
26 49.952 0.0048 49.9472
25 50 0.048 49.952
26 49.9472 0.048 49.8992
33 49.9472 0.0048 49.9424
33 49.9424 0.048 49.8944
26 49.8992 0.0048 49.8944
26 49.8944 0.048 49.8464
33 49.8944 0.0048 49.8896
27 50 0.048 49.952
27 49.952 0.048 49.904
27 49.904 0.0048 49.8992
27 49.8992 0.16 49.7392
27 49.7392 0.0016 49.7376
25 49.952 0.048 49.904
31 50 0.048 49.952
28 50 0.048 49.952
29 49.952 0.048 49.904
30 50 0.0048 49.9952
30 49.9952 0.048 49.9472
29 49.904 0.0048 49.8992
30 49.9472 0.048 49.8992
29 49.8992 0.0048 49.8944
29 49.8944 0.048 49.8464
30 49.8992 0.0048 49.8944
32 50 0.048 49.952
32 49.952 0.048 49.904
29 50 0.048 49.952
30 49.8944 0.0048 49.8896
34 50 0.048 49.952
31 49.952 0.048 49.904
26 50 0.048 49.952
33 50 0.0048 49.9952
33 49.9952 0.048 49.9472
26 49.952 0.0048 49.9472
25 50 0.048 49.952
26 49.9472 0.048 49.8992
33 49.9472 0.0048 49.9424
33 49.9424 0.048 49.8944
26 49.8992 0.0048 49.8944
26 49.8944 0.16 49.7344
33 49.8944 0.016 49.8784
33 49.8784 0.016 49.8624
26 49.7344 0.0016 49.7328
33 49.8624 0.048 49.8144
26 49.7328 0.0048 49.728
33 49.8144 0.048 49.7664
26 49.728 0.0048 49.7232
26 49.7232 0.048 49.6752
33 49.7664 0.0048 49.7616
27 50 0.048 49.952
25 49.952 0.048 49.904
34 50 0.048 49.952
31 50 0.048 49.952
28 50 0.048 49.952
29 49.952 0.048 49.904
30 50 0.048 49.952
32 50 0.048 49.952
32 49.952 0.048 49.904
29 50 0.048 49.952
34 49.952 0.048 49.904
31 49.952 0.048 49.904
26 49.9372 0.048 49.8892
33 50 0.0048 49.9952
33 49.9952 0.048 49.9472
26 49.8892 0.0048 49.8844
25 50 0.048 49.952
33 49.9472 0.048 49.8992
26 49.8844 0.0048 49.8796
33 49.8992 0.0048 49.8944
33 49.8944 0.16 49.7344
33 49.7344 0.0016 49.7328
33 49.7328 0.048 49.6848
26 49.8796 0.0048 49.8748
26 49.8748 0.048 49.8268
33 49.6848 0.0048 49.68
27 50 0.048 49.952
25 49.952 0.048 49.904
34 50 0.048 49.952
31 50 0.048 49.952
28 50 0.048 49.952
29 49.952 0.048 49.904
30 50 0.048 49.952
32 50 0.048 49.952
32 49.952 0.048 49.904
29 50 0.048 49.952
34 49.952 0.048 49.904
31 49.952 0.048 49.904
26 50 0.048 49.952
25 50 0.048 49.952
33 50 0.048 49.952
27 50 0.048 49.952
25 49.952 0.048 49.904
26 49.952 0.0048 49.9472
34 50 0.048 49.952
31 50 0.048 49.952
28 50 0.048 49.952
29 49.952 0.048 49.904
30 50 0.048 49.952
32 50 0.048 49.952
32 49.952 0.048 49.904
29 50 0.048 49.952
34 49.952 0.048 49.904
31 49.952 0.048 49.904
26 50 0.048 49.952
25 50 0.0048 49.9952
25 49.9952 0.048 49.9472
26 49.952 0.0048 49.9472
25 49.9472 0.048 49.8992
26 49.9472 0.0048 49.9424
26 49.9424 0.048 49.8944
25 49.8992 0.0048 49.8944
33 50 0.048 49.952
27 50 0.048 49.952
25 49.8944 0.048 49.8464
34 50 0.048 49.952
31 50 0.048 49.952
28 50 0.048 49.952
29 49.952 0.048 49.904
30 50 0.048 49.952
32 50 0.048 49.952
32 49.952 0.048 49.904
29 50 0.048 49.952
34 49.952 0.048 49.904
31 49.952 0.048 49.904
26 50 0.048 49.952
25 50 0.048 49.952
33 50 0.048 49.952
27 50 0.048 49.952
25 49.952 0.048 49.904
25 49.904 0.0048 49.8992
25 49.8992 0.16 49.7392
25 49.7392 0.0016 49.7376
34 50 0.048 49.952
31 50 0.048 49.952
28 50 0.048 49.952
29 49.952 0.048 49.904
32 50 0.0048 49.9952
32 49.9952 0.048 49.9472
29 49.904 0.0048 49.8992
30 50 0.048 49.952
32 49.9472 0.048 49.8992
29 50 0.0048 49.9952
29 49.9952 0.048 49.9472
32 49.8992 0.0048 49.8944
32 49.8944 0.048 49.8464
29 49.9472 0.0048 49.9424
29 49.9424 0.048 49.8944
32 49.8464 0.0048 49.8416
29 49.8944 0.0048 49.8896
29 49.8896 0.16 49.7296
29 49.7296 0.0016 49.728
34 49.952 0.048 49.904
31 49.952 0.048 49.904
26 50 0.048 49.952
25 50 0.048 49.952
33 50 0.048 49.952
27 50 0.048 49.952
34 50 0.048 49.952
31 50 0.048 49.952
28 50 0.048 49.952
29 49.728 0.048 49.68
30 50 0.0048 49.9952
30 49.9952 0.048 49.9472
29 49.68 0.0048 49.6752
30 49.9472 0.048 49.8992
29 49.6752 0.0048 49.6704
29 49.6704 0.048 49.6224
30 49.8992 0.0048 49.8944
32 50 0.048 49.952
32 49.952 0.048 49.904
34 49.952 0.048 49.904
31 49.952 0.048 49.904
26 50 0.048 49.952
25 50 0.0048 49.9952
25 49.9952 0.048 49.9472
26 49.952 0.0048 49.9472
25 49.9472 0.048 49.8992
26 49.9472 0.0048 49.9424
26 49.9424 0.048 49.8944
25 49.8992 0.0048 49.8944
28 49.952 0.048 49.904
33 50 0.048 49.952
26 49.8944 0.0048 49.8896
26 49.8896 0.048 49.8416
33 49.952 0.0048 49.9472
33 49.9472 0.16 49.7872
26 49.8416 0.016 49.8256
26 49.8256 0.016 49.8096
33 49.7872 0.0016 49.7856
26 49.8096 0.048 49.7616
25 49.8944 0.0048 49.8896
25 49.8896 0.048 49.8416
33 49.7856 0.0048 49.7808
26 49.7616 0.0048 49.7568
26 49.7568 0.16 49.5968
25 49.8416 0.016 49.8256
25 49.8256 0.016 49.8096
26 49.5968 0.0016 49.5952
25 49.8096 0.048 49.7616
26 49.5952 0.0048 49.5904
33 49.7808 0.048 49.7328
26 49.5904 0.0048 49.5856
26 49.5856 0.048 49.5376
33 49.7328 0.0048 49.728
27 50 0.048 49.952
34 50 0.048 49.952
31 50 0.048 49.952
28 50 0.048 49.952
29 50 0.048 49.952
30 50 0.048 49.952
32 50 0.048 49.952
32 49.952 0.048 49.904
34 49.952 0.048 49.904
31 49.952 0.048 49.904
26 49.6496 0.048 49.6016
33 50 0.0048 49.9952
33 49.9952 0.048 49.9472
26 49.6016 0.0048 49.5968
25 49.9483 0.048 49.9003
28 49.952 0.048 49.904
25 49.9003 0.048 49.8523
33 49.9472 0.048 49.8992
26 49.5968 0.0048 49.592
26 49.592 0.048 49.544
33 49.8992 0.0048 49.8944
27 50 0.048 49.952
34 50 0.048 49.952
31 50 0.048 49.952
28 50 0.048 49.952
29 50 0.048 49.952
30 50 0.0048 49.9952
30 49.9952 0.048 49.9472
29 49.952 0.0048 49.9472
30 49.9472 0.048 49.8992
29 49.9472 0.0048 49.9424
29 49.9424 0.048 49.8944
30 49.8992 0.0048 49.8944
32 50 0.048 49.952
32 49.952 0.048 49.904
34 49.952 0.048 49.904
31 49.952 0.048 49.904
26 49.924 0.048 49.876
33 50 0.0048 49.9952
33 49.9952 0.048 49.9472
26 49.876 0.0048 49.8712
25 50 0.048 49.952
28 49.952 0.048 49.904
25 49.952 0.048 49.904
33 49.9472 0.048 49.8992
26 49.8712 0.0048 49.8664
26 49.8664 0.048 49.8184
33 49.8992 0.0048 49.8944
27 50 0.048 49.952
34 50 0.048 49.952
31 50 0.048 49.952
28 50 0.048 49.952
29 50 0.048 49.952
30 50 0.0048 49.9952
30 49.9952 0.048 49.9472
29 49.952 0.0048 49.9472
30 49.9472 0.048 49.8992
29 49.9472 0.0048 49.9424
29 49.9424 0.048 49.8944
30 49.8992 0.0048 49.8944
32 50 0.048 49.952
32 49.952 0.048 49.904
34 49.952 0.048 49.904
31 49.952 0.048 49.904
26 50 0.048 49.952
33 50 0.0048 49.9952
33 49.9952 0.048 49.9472
26 49.952 0.0048 49.9472
25 50 0.048 49.952
28 49.952 0.048 49.904
25 49.952 0.048 49.904
33 49.9472 0.048 49.8992
26 49.9472 0.0048 49.9424
26 49.9424 0.048 49.8944
33 49.8992 0.0048 49.8944
27 50 0.048 49.952
29 50 0.048 49.952
30 50 0.0048 49.9952
30 49.9952 0.048 49.9472
29 49.952 0.0048 49.9472
29 49.9472 0.16 49.7872
30 49.9472 0.016 49.9312
30 49.9312 0.016 49.9152
29 49.7872 0.0016 49.7856
30 49.9152 0.048 49.8672
29 49.7856 0.0048 49.7808
30 49.8672 0.0048 49.8624
30 49.8624 0.16 49.7024
30 49.7024 0.0016 49.7008
34 50 0.048 49.952
31 50 0.048 49.952
28 50 0.048 49.952
29 49.7808 0.048 49.7328
30 49.7008 0.048 49.6528
32 50 0.048 49.952
32 49.952 0.048 49.904
34 49.952 0.048 49.904
31 49.952 0.048 49.904
26 50 0.048 49.952
25 50 0.048 49.952
28 49.952 0.048 49.904
25 49.952 0.048 49.904
33 49.9957 0.048 49.9477
27 50 0.048 49.952
34 50 0.048 49.952
31 50 0.048 49.952
28 50 0.048 49.952
29 50 0.048 49.952
30 49.7626 0.048 49.7146
32 50 0.048 49.952
32 49.952 0.048 49.904
34 49.952 0.048 49.904
31 49.952 0.048 49.904
26 50 0.048 49.952
25 50 0.048 49.952
28 49.952 0.048 49.904
25 49.952 0.048 49.904
33 50 0.048 49.952
27 50 0.048 49.952
34 50 0.048 49.952
31 50 0.048 49.952
28 50 0.048 49.952
29 50 0.048 49.952
30 50 0.048 49.952
32 50 0.048 49.952
32 49.952 0.048 49.904
34 49.952 0.048 49.904
31 49.952 0.048 49.904
26 50 0.048 49.952
25 50 0.048 49.952
28 49.952 0.048 49.904
25 49.952 0.048 49.904
33 50 0.048 49.952
27 50 0.048 49.952
34 50 0.048 49.952
31 50 0.048 49.952
28 50 0.048 49.952
29 50 0.048 49.952
30 50 0.048 49.952
32 50 0.048 49.952
32 49.952 0.048 49.904
34 49.952 0.048 49.904
31 49.952 0.048 49.904
26 50 0.048 49.952
33 50 0.0048 49.9952
33 49.9952 0.048 49.9472
26 49.952 0.0048 49.9472
25 50 0.048 49.952
28 49.952 0.048 49.904
25 49.952 0.048 49.904
33 49.9472 0.048 49.8992
26 49.9472 0.0048 49.9424
26 49.9424 0.048 49.8944
33 49.8992 0.0048 49.8944
27 50 0.048 49.952
34 50 0.048 49.952
31 50 0.048 49.952
28 50 0.048 49.952
29 50 0.048 49.952
30 50 0.048 49.952
32 50 0.048 49.952
32 49.952 0.048 49.904
34 49.952 0.048 49.904
31 49.952 0.048 49.904
26 50 0.048 49.952
25 50 0.0048 49.9952
25 49.9952 0.048 49.9472
26 49.952 0.0048 49.9472
25 49.9472 0.048 49.8992
26 49.9472 0.0048 49.9424
26 49.9424 0.048 49.8944
25 49.8992 0.0048 49.8944
28 49.952 0.048 49.904
25 49.8944 0.048 49.8464
26 49.8944 0.0048 49.8896
33 50 0.048 49.952
27 50 0.048 49.952
34 50 0.048 49.952
31 50 0.048 49.952
28 50 0.048 49.952
29 50 0.048 49.952
30 50 0.048 49.952
32 50 0.048 49.952
32 49.952 0.048 49.904
32 49.904 0.0048 49.8992
32 49.8992 0.16 49.7392
32 49.7392 0.0016 49.7376
34 49.952 0.048 49.904
31 49.952 0.048 49.904
31 49.904 0.0048 49.8992
31 49.8992 0.16 49.7392
31 49.7392 0.0016 49.7376
26 50 0.048 49.952
33 50 0.0048 49.9952
33 49.9952 0.048 49.9472
26 49.952 0.0048 49.9472
25 50 0.048 49.952
28 49.952 0.048 49.904
25 49.952 0.048 49.904
33 49.9472 0.048 49.8992
26 49.9472 0.0048 49.9424
26 49.9424 0.048 49.8944
33 49.8992 0.0048 49.8944
27 50 0.048 49.952
34 50 0.048 49.952
31 50 0.048 49.952
28 50 0.048 49.952
29 50 0.048 49.952
30 50 0.048 49.952
32 49.8998 0.048 49.8518
34 49.952 0.048 49.904
26 50 0.048 49.952
25 50 0.0048 49.9952
25 49.9952 0.048 49.9472
33 50 0.0048 49.9952
33 49.9952 0.048 49.9472
26 49.952 0.0048 49.9472
26 49.9472 0.0048 49.9424
25 49.9472 0.048 49.8992
26 49.9424 0.0048 49.9376
26 49.9376 0.048 49.8896
25 49.8992 0.0048 49.8944
28 49.952 0.048 49.904
25 49.8944 0.048 49.8464
26 49.8896 0.0048 49.8848
33 49.9472 0.048 49.8992
26 49.8848 0.0048 49.88
26 49.88 0.048 49.832
33 49.8992 0.0048 49.8944
27 50 0.048 49.952
34 50 0.048 49.952
31 50 0.048 49.952
28 50 0.048 49.952
29 50 0.048 49.952
30 50 0.048 49.952
32 50 0.048 49.952
34 49.952 0.048 49.904
26 50 0.048 49.952
25 50 0.048 49.952
28 49.952 0.048 49.904
25 49.952 0.048 49.904
33 50 0.048 49.952
26 49.952 0.0048 49.9472
26 49.9472 0.048 49.8992
33 49.952 0.0048 49.9472
27 50 0.048 49.952
34 50 0.048 49.952
31 50 0.048 49.952
28 50 0.048 49.952
29 50 0.048 49.952
30 50 0.048 49.952
32 50 0.048 49.952
34 49.952 0.048 49.904
26 50 0.048 49.952
33 50 0.0048 49.9952
33 49.9952 0.048 49.9472
26 49.952 0.0048 49.9472
25 50 0.048 49.952
28 49.952 0.048 49.904
25 49.952 0.048 49.904
33 49.9472 0.048 49.8992
26 49.9472 0.0048 49.9424
26 49.9424 0.048 49.8944
33 49.8992 0.0048 49.8944
27 50 0.048 49.952
34 50 0.048 49.952
31 50 0.048 49.952
28 50 0.048 49.952
29 50 0.048 49.952
30 50 0.0048 49.9952
30 49.9952 0.048 49.9472
29 49.952 0.0048 49.9472
30 49.9472 0.048 49.8992
29 49.9472 0.0048 49.9424
29 49.9424 0.048 49.8944
30 49.8992 0.0048 49.8944
32 50 0.048 49.952
34 49.952 0.048 49.904
26 50 0.048 49.952
33 50 0.0048 49.9952
33 49.9952 0.048 49.9472
26 49.952 0.0048 49.9472
25 50 0.048 49.952
28 49.952 0.048 49.904
25 49.952 0.048 49.904
33 49.9472 0.048 49.8992
26 49.9472 0.0048 49.9424
26 49.9424 0.048 49.8944
33 49.8992 0.0048 49.8944
27 50 0.048 49.952
34 50 0.048 49.952
31 50 0.048 49.952
28 50 0.048 49.952
27 49.952 0.048 49.904
29 50 0.048 49.952
30 50 0.0048 49.9952
30 49.9952 0.048 49.9472
29 49.952 0.0048 49.9472
30 49.9472 0.048 49.8992
29 49.9472 0.0048 49.9424
29 49.9424 0.048 49.8944
30 49.8992 0.0048 49.8944
32 50 0.048 49.952
34 49.952 0.048 49.904
26 50 0.048 49.952
33 50 0.0048 49.9952
33 49.9952 0.048 49.9472
26 49.952 0.0048 49.9472
25 50 0.048 49.952
28 49.952 0.048 49.904
25 49.952 0.048 49.904
33 49.9472 0.048 49.8992
26 49.9472 0.0048 49.9424
26 49.9424 0.048 49.8944
33 49.8992 0.0048 49.8944
27 50 0.048 49.952
34 50 0.048 49.952
34 49.952 0.0048 49.9472
34 49.9472 0.16 49.7872
34 49.7872 0.0016 49.7856
31 50 0.048 49.952
28 50 0.048 49.952
27 49.952 0.048 49.904
29 50 0.048 49.952
30 50 0.0048 49.9952
30 49.9952 0.048 49.9472
29 49.952 0.0048 49.9472
30 49.9472 0.048 49.8992
29 49.9472 0.0048 49.9424
29 49.9424 0.048 49.8944
30 49.8992 0.0048 49.8944
32 50 0.048 49.952
34 49.7856 0.048 49.7376
26 50 0.048 49.952
33 50 0.0048 49.9952
33 49.9952 0.048 49.9472
26 49.952 0.0048 49.9472
25 50 0.048 49.952
28 49.952 0.048 49.904
25 49.952 0.048 49.904
33 49.9472 0.048 49.8992
26 49.9472 0.0048 49.9424
26 49.9424 0.048 49.8944
33 49.8992 0.0048 49.8944
27 50 0.048 49.952
31 50 0.048 49.952
28 50 0.048 49.952
27 49.952 0.048 49.904
29 50 0.048 49.952
30 50 0.0048 49.9952
30 49.9952 0.048 49.9472
29 49.952 0.0048 49.9472
30 49.9472 0.048 49.8992
29 49.9472 0.0048 49.9424
29 49.9424 0.048 49.8944
30 49.8992 0.0048 49.8944
32 50 0.048 49.952
34 50 0.048 49.952
26 50 0.048 49.952
25 50 0.048 49.952
28 49.952 0.048 49.904
25 49.952 0.048 49.904
33 50 0.048 49.952
27 50 0.048 49.952
31 50 0.048 49.952
28 50 0.048 49.952
27 49.952 0.048 49.904
29 50 0.048 49.952
30 50 0.0048 49.9952
30 49.9952 0.048 49.9472
29 49.952 0.0048 49.9472
30 49.9472 0.048 49.8992
29 49.9472 0.0048 49.9424
29 49.9424 0.048 49.8944
30 49.8992 0.0048 49.8944
32 50 0.048 49.952
34 50 0.048 49.952
26 50 0.048 49.952
33 50 0.0048 49.9952
33 49.9952 0.048 49.9472
26 49.952 0.0048 49.9472
25 50 0.048 49.952
28 49.952 0.048 49.904
25 49.952 0.048 49.904
33 49.9472 0.048 49.8992
27 50 0.048 49.952
31 50 0.048 49.952
28 50 0.048 49.952
27 49.952 0.048 49.904
29 50 0.048 49.952
30 50 0.0048 49.9952
30 49.9952 0.048 49.9472
29 49.952 0.0048 49.9472
30 49.9472 0.048 49.8992
29 49.9472 0.0048 49.9424
29 49.9424 0.048 49.8944
30 49.8992 0.0048 49.8944
32 50 0.048 49.952
34 50 0.048 49.952
26 50 0.048 49.952
25 50 0.048 49.952
28 49.952 0.048 49.904
25 49.952 0.048 49.904
33 50 0.048 49.952
27 50 0.048 49.952
31 50 0.048 49.952
28 50 0.048 49.952
27 49.952 0.048 49.904
27 49.904 0.0048 49.8992
27 49.8992 0.16 49.7392
27 49.7392 0.0016 49.7376
29 50 0.048 49.952
30 50 0.0048 49.9952
30 49.9952 0.048 49.9472
29 49.952 0.0048 49.9472
30 49.9472 0.048 49.8992
29 49.9472 0.0048 49.9424
29 49.9424 0.048 49.8944
30 49.8992 0.0048 49.8944
32 50 0.048 49.952
34 50 0.048 49.952
26 50 0.048 49.952
33 50 0.0048 49.9952
33 49.9952 0.048 49.9472
26 49.952 0.0048 49.9472
25 50 0.048 49.952
28 49.952 0.048 49.904
25 49.952 0.048 49.904
33 49.9472 0.048 49.8992
26 49.9472 0.0048 49.9424
26 49.9424 0.048 49.8944
33 49.8992 0.0048 49.8944
27 50 0.048 49.952
31 50 0.048 49.952
28 50 0.048 49.952
29 50 0.048 49.952
30 50 0.048 49.952
32 50 0.048 49.952
34 50 0.048 49.952
26 50 0.048 49.952
25 50 0.048 49.952
28 49.952 0.048 49.904
28 49.904 0.0048 49.8992
28 49.8992 0.16 49.7392
28 49.7392 0.0016 49.7376
25 49.952 0.048 49.904
33 50 0.048 49.952
27 50 0.048 49.952
31 50 0.048 49.952
28 49.8483 0.048 49.8003
29 50 0.048 49.952
30 50 0.0048 49.9952
30 49.9952 0.048 49.9472
29 49.952 0.0048 49.9472
30 49.9472 0.048 49.8992
29 49.9472 0.0048 49.9424
29 49.9424 0.048 49.8944
30 49.8992 0.0048 49.8944
32 50 0.048 49.952
34 50 0.048 49.952
26 50 0.048 49.952
33 50 0.0048 49.9952
33 49.9952 0.048 49.9472
26 49.952 0.0048 49.9472
25 50 0.048 49.952
25 49.952 0.048 49.904
33 49.9472 0.048 49.8992
26 49.9472 0.0048 49.9424
26 49.9424 0.048 49.8944
33 49.8992 0.0048 49.8944
27 50 0.048 49.952
31 50 0.048 49.952
28 49.9847 0.048 49.9367
29 50 0.048 49.952
30 50 0.0048 49.9952
30 49.9952 0.048 49.9472
29 49.952 0.0048 49.9472
30 49.9472 0.048 49.8992
29 49.9472 0.0048 49.9424
29 49.9424 0.048 49.8944
30 49.8992 0.0048 49.8944
32 50 0.048 49.952
34 50 0.048 49.952
26 50 0.048 49.952
33 50 0.0048 49.9952
33 49.9952 0.048 49.9472
26 49.952 0.0048 49.9472
25 50 0.048 49.952
25 49.952 0.048 49.904
33 49.9472 0.048 49.8992
26 49.9472 0.0048 49.9424
26 49.9424 0.048 49.8944
33 49.8992 0.0048 49.8944
27 50 0.048 49.952
31 50 0.048 49.952
28 50 0.048 49.952
29 50 0.048 49.952
30 50 0.0048 49.9952
30 49.9952 0.048 49.9472
29 49.952 0.0048 49.9472
30 49.9472 0.048 49.8992
29 49.9472 0.0048 49.9424
29 49.9424 0.048 49.8944
30 49.8992 0.0048 49.8944
32 50 0.048 49.952
34 50 0.048 49.952
26 50 0.048 49.952
25 50 0.048 49.952
25 49.952 0.048 49.904
25 49.904 0.0048 49.8992
25 49.8992 0.16 49.7392
25 49.7392 0.0016 49.7376
33 50 0.048 49.952
27 50 0.048 49.952
31 50 0.048 49.952
28 50 0.048 49.952
29 50 0.048 49.952
30 50 0.0048 49.9952
30 49.9952 0.048 49.9472
29 49.952 0.0048 49.9472
30 49.9472 0.048 49.8992
29 49.9472 0.0048 49.9424
29 49.9424 0.048 49.8944
30 49.8992 0.0048 49.8944
32 50 0.048 49.952
34 50 0.048 49.952
26 50 0.048 49.952
25 49.8473 0.048 49.7993
33 50 0.048 49.952
26 49.952 0.048 49.904
27 50 0.048 49.952
31 50 0.048 49.952
28 50 0.048 49.952
29 50 0.048 49.952
30 50 0.0048 49.9952
30 49.9952 0.048 49.9472
29 49.952 0.0048 49.9472
30 49.9472 0.048 49.8992
29 49.9472 0.0048 49.9424
29 49.9424 0.048 49.8944
30 49.8992 0.0048 49.8944
32 50 0.048 49.952
34 50 0.048 49.952
26 50 0.048 49.952
25 50 0.048 49.952
33 50 0.048 49.952
26 49.952 0.048 49.904
27 50 0.048 49.952
31 50 0.048 49.952
28 50 0.048 49.952
29 50 0.048 49.952
30 50 0.0048 49.9952
30 49.9952 0.048 49.9472
29 49.952 0.0048 49.9472
30 49.9472 0.048 49.8992
29 49.9472 0.0048 49.9424
29 49.9424 0.048 49.8944
30 49.8992 0.0048 49.8944
32 50 0.048 49.952
34 50 0.048 49.952
26 50 0.048 49.952
25 50 0.048 49.952
33 50 0.048 49.952
26 49.952 0.0048 49.9472
26 49.9472 0.048 49.8992
33 49.952 0.0048 49.9472
26 49.8992 0.048 49.8512
33 49.9472 0.0048 49.9424
33 49.9424 0.048 49.8944
26 49.8512 0.0048 49.8464
26 49.8464 0.16 49.6864
33 49.8944 0.016 49.8784
33 49.8784 0.016 49.8624
26 49.6864 0.0016 49.6848
33 49.8624 0.048 49.8144
26 49.6848 0.0048 49.68
27 50 0.048 49.952
31 50 0.048 49.952
28 50 0.048 49.952
29 50 0.048 49.952
30 50 0.0048 49.9952
30 49.9952 0.048 49.9472
29 49.952 0.0048 49.9472
30 49.9472 0.048 49.8992
29 49.9472 0.0048 49.9424
29 49.9424 0.048 49.8944
30 49.8992 0.0048 49.8944
32 50 0.048 49.952
34 50 0.048 49.952
26 50 0.048 49.952
33 50 0.0048 49.9952
33 49.9952 0.048 49.9472
26 49.952 0.0048 49.9472
25 50 0.048 49.952
33 49.9472 0.048 49.8992
26 49.9472 0.0048 49.9424
26 49.9424 0.048 49.8944
33 49.8992 0.0048 49.8944
30 50 0.048 49.952
29 50 0.0048 49.9952
33 49.8944 0.048 49.8464
26 49.8944 0.0048 49.8896
27 50 0.048 49.952
29 49.9952 0.048 49.9472
30 49.952 0.0048 49.9472
31 50 0.048 49.952
28 50 0.048 49.952
29 49.9472 0.048 49.8992
30 49.9472 0.0048 49.9424
30 49.9424 0.048 49.8944
29 49.8992 0.0048 49.8944
30 49.8944 0.048 49.8464
29 49.8944 0.0048 49.8896
29 49.8896 0.048 49.8416
30 49.8464 0.0048 49.8416
32 50 0.048 49.952
34 50 0.048 49.952
26 50 0.048 49.952
33 49.9493 0.0048 49.9445
33 49.9445 0.048 49.8965
26 49.952 0.0048 49.9472
25 50 0.048 49.952
33 49.8965 0.048 49.8485
26 49.9472 0.0048 49.9424
26 49.9424 0.048 49.8944
33 49.8485 0.0048 49.8437
30 50 0.048 49.952
29 50 0.0048 49.9952
33 49.8437 0.048 49.7957
26 49.8944 0.0048 49.8896
27 50 0.048 49.952
29 49.9952 0.048 49.9472
30 49.952 0.0048 49.9472
31 50 0.048 49.952
28 50 0.048 49.952
29 49.9472 0.048 49.8992
30 49.9472 0.0048 49.9424
30 49.9424 0.048 49.8944
29 49.8992 0.0048 49.8944
30 49.8944 0.048 49.8464
29 49.8944 0.0048 49.8896
29 49.8896 0.048 49.8416
30 49.8464 0.0048 49.8416
32 50 0.048 49.952
32 49.952 0.048 49.904
25 50 0.048 49.952
34 50 0.048 49.952
26 50 0.048 49.952
25 49.952 0.048 49.904
33 50 0.048 49.952
26 49.952 0.0048 49.9472
26 49.9472 0.048 49.8992
33 49.952 0.0048 49.9472
30 50 0.048 49.952
33 49.9472 0.048 49.8992
26 49.8992 0.0048 49.8944
27 50 0.048 49.952
29 50 0.048 49.952
31 50 0.048 49.952
28 50 0.048 49.952
29 49.952 0.048 49.904
30 49.952 0.048 49.904
32 50 0.048 49.952
32 49.952 0.048 49.904
25 50 0.048 49.952
34 50 0.048 49.952
26 50 0.048 49.952
33 50 0.0048 49.9952
33 49.9952 0.048 49.9472
26 49.952 0.0048 49.9472
25 49.952 0.048 49.904
33 49.9472 0.048 49.8992
26 49.9472 0.0048 49.9424
26 49.9424 0.048 49.8944
33 49.8992 0.0048 49.8944
30 50 0.048 49.952
33 49.8944 0.048 49.8464
26 49.8944 0.0048 49.8896
27 50 0.048 49.952
29 50 0.048 49.952
31 50 0.048 49.952
28 50 0.048 49.952
29 49.952 0.048 49.904
30 49.952 0.048 49.904
32 50 0.048 49.952
32 49.952 0.048 49.904
25 50 0.048 49.952
34 50 0.048 49.952
26 50 0.048 49.952
33 50 0.0048 49.9952
33 49.9952 0.048 49.9472
26 49.952 0.0048 49.9472
25 49.952 0.048 49.904
33 49.9472 0.048 49.8992
26 49.9472 0.0048 49.9424
26 49.9424 0.048 49.8944
33 49.8992 0.0048 49.8944
30 50 0.048 49.952
33 49.8944 0.048 49.8464
26 49.8944 0.0048 49.8896
27 50 0.048 49.952
29 50 0.048 49.952
30 49.952 0.0048 49.9472
31 50 0.048 49.952
28 50 0.048 49.952
29 49.952 0.048 49.904
30 49.9472 0.0048 49.9424
30 49.9424 0.048 49.8944
29 49.904 0.0048 49.8992
30 49.8944 0.048 49.8464
29 49.8992 0.0048 49.8944
29 49.8944 0.048 49.8464
30 49.8464 0.0048 49.8416
32 50 0.048 49.952
32 49.952 0.048 49.904
32 49.904 0.0048 49.8992
32 49.8992 0.16 49.7392
32 49.7392 0.0016 49.7376
25 50 0.048 49.952
34 50 0.048 49.952
26 50 0.048 49.952
33 50 0.0048 49.9952
33 49.9952 0.048 49.9472
26 49.952 0.0048 49.9472
25 49.952 0.048 49.904
33 49.9472 0.048 49.8992
26 49.9472 0.0048 49.9424
26 49.9424 0.048 49.8944
33 49.8992 0.0048 49.8944
30 50 0.048 49.952
33 49.8944 0.048 49.8464
26 49.8944 0.0048 49.8896
27 50 0.048 49.952
29 49.9891 0.048 49.9411
31 50 0.048 49.952
28 50 0.048 49.952
29 49.9411 0.048 49.8931
30 49.952 0.048 49.904
32 49.8498 0.048 49.8018
25 50 0.048 49.952
34 50 0.048 49.952
26 50 0.048 49.952
33 50 0.0048 49.9952
33 49.9952 0.048 49.9472
26 49.952 0.0048 49.9472
25 49.952 0.048 49.904
33 49.9472 0.048 49.8992
26 49.9472 0.0048 49.9424
26 49.9424 0.048 49.8944
33 49.8992 0.0048 49.8944
30 50 0.048 49.952
33 49.8944 0.048 49.8464
26 49.8944 0.0048 49.8896
27 50 0.048 49.952
29 49.9956 0.048 49.9476
31 50 0.048 49.952
28 50 0.048 49.952
29 49.9476 0.048 49.8996
30 49.952 0.048 49.904
32 49.9746 0.048 49.9266
25 50 0.048 49.952
25 49.952 0.0048 49.9472
25 49.9472 0.16 49.7872
25 49.7872 0.0016 49.7856
34 50 0.048 49.952
26 50 0.048 49.952
33 50 0.0048 49.9952
33 49.9952 0.048 49.9472
26 49.952 0.0048 49.9472
25 49.7856 0.048 49.7376
33 49.9472 0.048 49.8992
26 49.9472 0.0048 49.9424
26 49.9424 0.048 49.8944
33 49.8992 0.0048 49.8944
30 50 0.048 49.952
33 49.8944 0.048 49.8464
26 49.8944 0.0048 49.8896
27 50 0.048 49.952
29 50 0.048 49.952
31 50 0.048 49.952
28 50 0.048 49.952
29 49.952 0.048 49.904
30 49.952 0.048 49.904
32 50 0.048 49.952
34 50 0.048 49.952
26 50 0.048 49.952
33 50 0.0048 49.9952
33 49.9952 0.048 49.9472
26 49.952 0.0048 49.9472
25 50 0.048 49.952
33 49.9472 0.048 49.8992
26 49.9472 0.0048 49.9424
26 49.9424 0.048 49.8944
33 49.8992 0.0048 49.8944
30 50 0.048 49.952
30 49.952 0.0048 49.9472
30 49.9472 0.16 49.7872
30 49.7872 0.0016 49.7856
33 49.8944 0.048 49.8464
26 49.8944 0.0048 49.8896
27 50 0.048 49.952
29 50 0.048 49.952
31 50 0.048 49.952
28 50 0.048 49.952
29 49.952 0.048 49.904
30 49.7856 0.048 49.7376
32 50 0.048 49.952
34 50 0.048 49.952
26 50 0.048 49.952
33 50 0.0048 49.9952
33 49.9952 0.048 49.9472
26 49.952 0.0048 49.9472
25 50 0.048 49.952
33 49.9472 0.048 49.8992
26 49.9472 0.0048 49.9424
26 49.9424 0.048 49.8944
33 49.8992 0.0048 49.8944
33 49.8944 0.048 49.8464
26 49.8944 0.0048 49.8896
27 50 0.048 49.952
29 50 0.048 49.952
31 50 0.048 49.952
28 50 0.048 49.952
29 49.952 0.048 49.904
30 49.9053 0.048 49.8573
32 50 0.048 49.952
34 50 0.048 49.952
26 50 0.048 49.952
25 50 0.048 49.952
33 49.9818 0.048 49.9338
33 49.9338 0.048 49.8858
27 50 0.048 49.952
29 50 0.048 49.952
30 49.9988 0.0048 49.994
31 50 0.048 49.952
28 50 0.048 49.952
29 49.952 0.048 49.904
30 49.994 0.0048 49.9892
30 49.9892 0.048 49.9412
29 49.904 0.0048 49.8992
30 49.9412 0.048 49.8932
29 49.8992 0.0048 49.8944
29 49.8944 0.048 49.8464
30 49.8932 0.0048 49.8884
32 50 0.048 49.952
34 50 0.048 49.952
26 50 0.048 49.952
33 50 0.0048 49.9952
33 49.9952 0.048 49.9472
26 49.952 0.0048 49.9472
25 50 0.048 49.952
33 49.9472 0.048 49.8992
26 49.9472 0.0048 49.9424
26 49.9424 0.048 49.8944
33 49.8992 0.0048 49.8944
33 49.8944 0.048 49.8464
26 49.8944 0.0048 49.8896
27 50 0.048 49.952
29 50 0.048 49.952
30 50 0.0048 49.9952
30 49.9952 0.048 49.9472
29 49.952 0.0096 49.9424
29 49.9424 0.16 49.7824
29 49.7824 0.0016 49.7808
31 50 0.048 49.952
28 50 0.048 49.952
29 49.7808 0.048 49.7328
30 49.9472 0.0048 49.9424
30 49.9424 0.048 49.8944
29 49.7328 0.0048 49.728
30 49.8944 0.048 49.8464
29 49.728 0.0048 49.7232
29 49.7232 0.048 49.6752
30 49.8464 0.0048 49.8416
32 50 0.048 49.952
34 50 0.048 49.952
26 50 0.048 49.952
33 50 0.0048 49.9952
33 49.9952 0.048 49.9472
26 49.952 0.0048 49.9472
25 50 0.048 49.952
33 49.9472 0.048 49.8992
26 49.9472 0.0048 49.9424
26 49.9424 0.048 49.8944
33 49.8992 0.0048 49.8944
33 49.8944 0.048 49.8464
26 49.8944 0.0048 49.8896
27 50 0.048 49.952
31 50 0.048 49.952
28 50 0.048 49.952
29 49.7885 0.048 49.7405
30 50 0.0048 49.9952
30 49.9952 0.048 49.9472
29 49.7405 0.0048 49.7357
30 49.9472 0.048 49.8992
29 49.7357 0.0048 49.7309
29 49.7309 0.048 49.6829
30 49.8992 0.0048 49.8944
32 50 0.048 49.952
34 50 0.048 49.952
26 50 0.048 49.952
33 50 0.0048 49.9952
33 49.9952 0.048 49.9472
26 49.952 0.0048 49.9472
25 50 0.048 49.952
33 49.9472 0.048 49.8992
26 49.9472 0.0048 49.9424
26 49.9424 0.048 49.8944
33 49.8992 0.0048 49.8944
33 49.8944 0.048 49.8464
26 49.8944 0.0048 49.8896
27 50 0.048 49.952
31 50 0.048 49.952
28 50 0.048 49.952
29 49.9371 0.048 49.8891
30 50 0.048 49.952
32 50 0.048 49.952
34 50 0.048 49.952
26 50 0.048 49.952
33 50 0.0048 49.9952
33 49.9952 0.048 49.9472
26 49.952 0.0048 49.9472
25 50 0.048 49.952
33 49.9472 0.048 49.8992
26 49.9472 0.0048 49.9424
26 49.9424 0.048 49.8944
33 49.8992 0.0048 49.8944
33 49.8944 0.048 49.8464
26 49.8944 0.0048 49.8896
27 50 0.048 49.952
31 50 0.048 49.952
28 50 0.048 49.952
29 50 0.048 49.952
30 50 0.048 49.952
32 50 0.048 49.952
34 50 0.048 49.952
26 50 0.048 49.952
33 50 0.0048 49.9952
33 49.9952 0.048 49.9472
26 49.952 0.0048 49.9472
25 50 0.048 49.952
33 49.9472 0.048 49.8992
26 49.9472 0.0048 49.9424
26 49.9424 0.048 49.8944
33 49.8992 0.0048 49.8944
33 49.8944 0.048 49.8464
26 49.8944 0.0048 49.8896
27 50 0.048 49.952
31 50 0.048 49.952
28 50 0.048 49.952
29 50 0.048 49.952
30 50 0.048 49.952
32 50 0.048 49.952
34 50 0.048 49.952
26 50 0.048 49.952
33 50 0.0048 49.9952
33 49.9952 0.048 49.9472
26 49.952 0.0048 49.9472
25 50 0.048 49.952
33 49.9472 0.048 49.8992
26 49.9472 0.0048 49.9424
26 49.9424 0.048 49.8944
33 49.8992 0.0048 49.8944
33 49.8944 0.048 49.8464
26 49.8944 0.0048 49.8896
27 50 0.048 49.952
31 50 0.048 49.952
28 50 0.048 49.952
29 50 0.048 49.952
30 50 0.048 49.952
32 50 0.048 49.952
34 50 0.048 49.952
26 50 0.048 49.952
33 50 0.0048 49.9952
33 49.9952 0.048 49.9472
26 49.952 0.0048 49.9472
25 50 0.048 49.952
33 49.9472 0.048 49.8992
26 49.9472 0.0048 49.9424
26 49.9424 0.048 49.8944
33 49.8992 0.0048 49.8944
33 49.8944 0.048 49.8464
26 49.8944 0.0048 49.8896
27 50 0.048 49.952
31 50 0.048 49.952
28 50 0.048 49.952
34 50 0.048 49.952
34 49.952 0.0048 49.9472
34 49.9472 0.16 49.7872
34 49.7872 0.0016 49.7856
29 50 0.048 49.952
30 50 0.048 49.952
32 50 0.048 49.952
34 49.7856 0.048 49.7376
26 50 0.048 49.952
33 50 0.0048 49.9952
33 49.9952 0.048 49.9472
26 49.952 0.0048 49.9472
25 50 0.048 49.952
33 49.9472 0.048 49.8992
26 49.9472 0.0048 49.9424
26 49.9424 0.048 49.8944
33 49.8992 0.0048 49.8944
33 49.8944 0.048 49.8464
26 49.8944 0.0048 49.8896
33 49.8464 0.0048 49.8416
33 49.8416 0.16 49.6816
33 49.6816 0.0016 49.68
27 50 0.048 49.952
31 50 0.048 49.952
28 50 0.048 49.952
29 50 0.048 49.952
30 50 0.048 49.952
32 50 0.048 49.952
34 49.9344 0.048 49.8864
26 50 0.048 49.952
33 49.9233 0.0048 49.9185
33 49.9185 0.048 49.8705
26 49.952 0.0048 49.9472
25 50 0.048 49.952
33 49.8705 0.048 49.8225
26 49.9472 0.0048 49.9424
26 49.9424 0.048 49.8944
33 49.8225 0.0048 49.8177
27 50 0.048 49.952
31 50 0.048 49.952
28 50 0.048 49.952
29 50 0.048 49.952
30 50 0.048 49.952
32 50 0.048 49.952
34 50 0.048 49.952
26 50 0.048 49.952
33 49.9496 0.0048 49.9448
33 49.9448 0.048 49.8968
26 49.952 0.0048 49.9472
25 50 0.048 49.952
33 49.8968 0.048 49.8488
26 49.9472 0.0048 49.9424
26 49.9424 0.048 49.8944
33 49.8488 0.0048 49.844
27 50 0.048 49.952
31 50 0.048 49.952
28 50 0.048 49.952
29 50 0.048 49.952
30 50 0.048 49.952
32 50 0.048 49.952
34 50 0.048 49.952
26 50 0.048 49.952
25 50 0.048 49.952
33 50 0.048 49.952
27 50 0.048 49.952
31 50 0.048 49.952
28 50 0.048 49.952
29 50 0.048 49.952
30 50 0.048 49.952
32 50 0.048 49.952
34 50 0.048 49.952
26 50 0.048 49.952
25 50 0.048 49.952
33 50 0.048 49.952
27 50 0.048 49.952
31 50 0.048 49.952
28 50 0.048 49.952
29 50 0.048 49.952
27 49.952 0.048 49.904
30 50 0.048 49.952
32 50 0.048 49.952
34 50 0.048 49.952
26 50 0.048 49.952
25 50 0.048 49.952
33 50 0.048 49.952
27 50 0.048 49.952
31 50 0.048 49.952
28 50 0.048 49.952
29 50 0.048 49.952
27 49.952 0.048 49.904
30 50 0.048 49.952
32 50 0.048 49.952
34 50 0.048 49.952
26 50 0.048 49.952
33 50 0.0048 49.9952
33 49.9952 0.048 49.9472
26 49.952 0.0048 49.9472
25 50 0.048 49.952
33 49.9472 0.048 49.8992
27 50 0.048 49.952
31 50 0.048 49.952
28 50 0.048 49.952
29 50 0.048 49.952
27 49.952 0.048 49.904
30 50 0.048 49.952
32 50 0.048 49.952
34 50 0.048 49.952
26 50 0.048 49.952
25 50 0.048 49.952
33 50 0.048 49.952
27 50 0.048 49.952
31 50 0.048 49.952
28 50 0.048 49.952
31 49.952 0.048 49.904
31 49.904 0.0048 49.8992
31 49.8992 0.16 49.7392
31 49.7392 0.0016 49.7376
29 50 0.048 49.952
27 49.952 0.048 49.904
30 50 0.048 49.952
32 50 0.048 49.952
28 49.952 0.048 49.904
34 50 0.048 49.952
26 50 0.048 49.952
25 50 0.048 49.952
33 50 0.048 49.952
27 50 0.048 49.952
31 50 0.048 49.952
28 50 0.048 49.952
29 50 0.048 49.952
27 49.952 0.048 49.904
30 50 0.048 49.952
32 50 0.048 49.952
28 49.952 0.048 49.904
34 50 0.048 49.952
26 50 0.048 49.952
33 50 0.0048 49.9952
33 49.9952 0.048 49.9472
26 49.952 0.0048 49.9472
25 50 0.048 49.952
33 49.9472 0.048 49.8992
26 49.9472 0.0048 49.9424
26 49.9424 0.048 49.8944
33 49.8992 0.0048 49.8944
27 50 0.048 49.952
31 50 0.048 49.952
28 50 0.048 49.952
29 50 0.048 49.952
27 49.952 0.048 49.904
30 50 0.048 49.952
32 50 0.048 49.952
28 49.952 0.048 49.904
34 50 0.048 49.952
26 50 0.048 49.952
33 50 0.0048 49.9952
33 49.9952 0.048 49.9472
26 49.952 0.0048 49.9472
25 50 0.048 49.952
33 49.9472 0.048 49.8992
26 49.9472 0.0048 49.9424
26 49.9424 0.048 49.8944
33 49.8992 0.0048 49.8944
25 49.952 0.048 49.904
27 50 0.048 49.952
31 50 0.048 49.952
28 50 0.048 49.952
29 50 0.048 49.952
27 49.952 0.048 49.904
30 50 0.048 49.952
26 49.8944 0.048 49.8464
33 49.8944 0.0048 49.8896
33 49.8896 0.048 49.8416
26 49.8464 0.0096 49.8368
26 49.8368 0.16 49.6768
26 49.6768 0.0016 49.6752
32 50 0.048 49.952
28 49.952 0.048 49.904
34 50 0.048 49.952
26 50 0.048 49.952
33 50 0.0048 49.9952
33 49.9952 0.048 49.9472
26 49.952 0.0048 49.9472
25 50 0.048 49.952
33 49.9472 0.048 49.8992
26 49.9472 0.0048 49.9424
26 49.9424 0.048 49.8944
33 49.8992 0.0048 49.8944
25 49.952 0.048 49.904
27 50 0.048 49.952
31 50 0.048 49.952
28 50 0.048 49.952
29 50 0.048 49.952
27 49.952 0.048 49.904
30 50 0.048 49.952
32 50 0.048 49.952
28 49.952 0.048 49.904
34 50 0.048 49.952
26 50 0.048 49.952
25 50 0.048 49.952
33 50 0.048 49.952
25 49.952 0.048 49.904
25 49.904 0.0048 49.8992
25 49.8992 0.16 49.7392
25 49.7392 0.0016 49.7376
27 50 0.048 49.952
31 50 0.048 49.952
28 50 0.048 49.952
29 50 0.048 49.952
27 49.952 0.048 49.904
30 50 0.048 49.952
32 50 0.048 49.952
28 49.952 0.048 49.904
28 49.904 0.0048 49.8992
28 49.8992 0.16 49.7392
28 49.7392 0.0016 49.7376
34 50 0.048 49.952
26 50 0.048 49.952
33 50 0.0048 49.9952
33 49.9952 0.048 49.9472
26 49.952 0.0048 49.9472
25 49.9286 0.048 49.8806
33 49.9472 0.048 49.8992
26 49.9472 0.0048 49.9424
26 49.9424 0.048 49.8944
33 49.8992 0.0048 49.8944
27 50 0.048 49.952
31 50 0.048 49.952
28 50 0.048 49.952
29 50 0.048 49.952
27 49.952 0.048 49.904
30 50 0.048 49.952
32 50 0.048 49.952
34 50 0.048 49.952
26 50 0.048 49.952
33 50 0.0048 49.9952
33 49.9952 0.048 49.9472
26 49.952 0.0048 49.9472
25 50 0.048 49.952
33 49.9472 0.048 49.8992
26 49.9472 0.0048 49.9424
26 49.9424 0.048 49.8944
33 49.8992 0.0048 49.8944
27 50 0.048 49.952
31 50 0.048 49.952
28 50 0.048 49.952
29 50 0.048 49.952
30 50 0.0048 49.9952
30 49.9952 0.048 49.9472
29 49.952 0.0048 49.9472
27 49.952 0.048 49.904
30 49.9472 0.048 49.8992
29 49.9472 0.0048 49.9424
29 49.9424 0.048 49.8944
30 49.8992 0.0048 49.8944
32 50 0.048 49.952
34 50 0.048 49.952
26 50 0.048 49.952
33 50 0.0048 49.9952
33 49.9952 0.048 49.9472
26 49.952 0.0048 49.9472
25 50 0.048 49.952
33 49.9472 0.048 49.8992
26 49.9472 0.0048 49.9424
26 49.9424 0.048 49.8944
33 49.8992 0.0048 49.8944
27 50 0.048 49.952
31 50 0.048 49.952
28 50 0.048 49.952
29 50 0.048 49.952
30 50 0.0048 49.9952
30 49.9952 0.048 49.9472
29 49.952 0.0048 49.9472
27 49.952 0.048 49.904
30 49.9472 0.048 49.8992
29 49.9472 0.0048 49.9424
29 49.9424 0.048 49.8944
30 49.8992 0.0048 49.8944
32 50 0.048 49.952
34 50 0.048 49.952
26 50 0.048 49.952
33 50 0.0048 49.9952
33 49.9952 0.048 49.9472
26 49.952 0.0048 49.9472
25 50 0.048 49.952
33 49.9472 0.048 49.8992
26 49.9472 0.0048 49.9424
26 49.9424 0.048 49.8944
33 49.8992 0.0048 49.8944
27 50 0.048 49.952
29 50 0.048 49.952
30 50 0.0048 49.9952
30 49.9952 0.048 49.9472
29 49.952 0.0048 49.9472
29 49.9472 0.16 49.7872
30 49.9472 0.016 49.9312
30 49.9312 0.016 49.9152
29 49.7872 0.0016 49.7856
30 49.9152 0.048 49.8672
29 49.7856 0.0048 49.7808
31 50 0.048 49.952
28 50 0.048 49.952
29 49.7808 0.048 49.7328
27 49.952 0.048 49.904
30 49.8672 0.048 49.8192
32 50 0.048 49.952
34 50 0.048 49.952
26 50 0.048 49.952
33 50 0.0048 49.9952
33 49.9952 0.048 49.9472
26 49.952 0.0048 49.9472
25 50 0.048 49.952
33 49.9472 0.048 49.8992
26 49.9472 0.0048 49.9424
26 49.9424 0.048 49.8944
33 49.8992 0.0048 49.8944
27 50 0.048 49.952
30 50 0.048 49.952
31 50 0.048 49.952
28 50 0.048 49.952
29 49.8711 0.048 49.8231
27 49.952 0.048 49.904
30 49.952 0.048 49.904
32 50 0.048 49.952
34 50 0.048 49.952
26 50 0.048 49.952
33 50 0.0048 49.9952
33 49.9952 0.048 49.9472
26 49.952 0.0048 49.9472
25 50 0.048 49.952
33 49.9472 0.048 49.8992
27 50 0.048 49.952
30 50 0.048 49.952
31 50 0.048 49.952
28 50 0.048 49.952
29 49.9618 0.048 49.9138
27 49.952 0.048 49.904
30 49.952 0.048 49.904
32 50 0.048 49.952
34 50 0.048 49.952
26 50 0.048 49.952
25 50 0.048 49.952
33 50 0.048 49.952
27 50 0.048 49.952
30 50 0.048 49.952
31 50 0.048 49.952
28 50 0.048 49.952
29 50 0.048 49.952
27 49.952 0.048 49.904
30 49.952 0.048 49.904
32 50 0.048 49.952
34 50 0.048 49.952
26 50 0.048 49.952
33 50 0.0048 49.9952
33 49.9952 0.048 49.9472
26 49.952 0.0048 49.9472
25 50 0.048 49.952
33 49.9472 0.048 49.8992
26 49.9472 0.0048 49.9424
26 49.9424 0.048 49.8944
33 49.8992 0.0048 49.8944
27 50 0.048 49.952
30 50 0.048 49.952
31 50 0.048 49.952
28 50 0.048 49.952
29 50 0.048 49.952
27 49.952 0.048 49.904
30 49.952 0.048 49.904
32 50 0.048 49.952
34 50 0.048 49.952
26 50 0.048 49.952
33 50 0.0048 49.9952
33 49.9952 0.048 49.9472
26 49.952 0.0048 49.9472
25 50 0.048 49.952
33 49.9472 0.048 49.8992
26 49.9472 0.0048 49.9424
26 49.9424 0.048 49.8944
33 49.8992 0.0048 49.8944
27 50 0.048 49.952
30 50 0.048 49.952
30 49.952 0.0048 49.9472
30 49.9472 0.16 49.7872
30 49.7872 0.0016 49.7856
31 50 0.048 49.952
28 50 0.048 49.952
29 50 0.048 49.952
27 49.952 0.048 49.904
30 49.7856 0.048 49.7376
32 50 0.048 49.952
34 50 0.048 49.952
26 50 0.048 49.952
33 50 0.0048 49.9952
33 49.9952 0.048 49.9472
26 49.952 0.0048 49.9472
25 50 0.048 49.952
33 49.9472 0.048 49.8992
26 49.9472 0.0048 49.9424
26 49.9424 0.048 49.8944
33 49.8992 0.0048 49.8944
27 50 0.048 49.952
31 50 0.048 49.952
28 50 0.048 49.952
29 50 0.048 49.952
27 49.952 0.048 49.904
30 49.9413 0.048 49.8933
32 50 0.048 49.952
34 50 0.048 49.952
26 50 0.048 49.952
33 50 0.0048 49.9952
33 49.9952 0.048 49.9472
26 49.952 0.0048 49.9472
25 50 0.048 49.952
33 49.9472 0.048 49.8992
26 49.9472 0.0048 49.9424
26 49.9424 0.048 49.8944
33 49.8992 0.0048 49.8944
27 50 0.048 49.952
34 50 0.048 49.952
31 50 0.048 49.952
28 50 0.048 49.952
29 50 0.048 49.952
33 49.8944 0.048 49.8464
27 49.952 0.048 49.904
30 50 0.048 49.952
32 50 0.048 49.952
34 49.952 0.048 49.904
26 50 0.048 49.952
25 50 0.048 49.952
33 50 0.048 49.952
27 50 0.048 49.952
34 50 0.048 49.952
31 50 0.048 49.952
28 50 0.048 49.952
29 50 0.048 49.952
33 49.952 0.048 49.904
27 49.952 0.048 49.904
30 50 0.048 49.952
32 50 0.048 49.952
30 49.952 0.048 49.904
34 49.952 0.048 49.904
26 50 0.048 49.952
25 50 0.048 49.952
33 50 0.048 49.952
27 50 0.048 49.952
34 50 0.048 49.952
31 50 0.048 49.952
28 50 0.048 49.952
29 50 0.048 49.952
33 49.952 0.048 49.904
26 49.952 0.0048 49.9472
26 49.9472 0.048 49.8992
33 49.904 0.0048 49.8992
33 49.8992 0.16 49.7392
26 49.8992 0.016 49.8832
26 49.8832 0.016 49.8672
33 49.7392 0.0016 49.7376
26 49.8672 0.048 49.8192
33 49.7376 0.0048 49.7328
26 49.8192 0.0048 49.8144
26 49.8144 0.16 49.6544
26 49.6544 0.0016 49.6528
27 49.952 0.048 49.904
30 50 0.048 49.952
32 50 0.048 49.952
30 49.952 0.048 49.904
30 49.904 0.0048 49.8992
30 49.8992 0.16 49.7392
30 49.7392 0.0016 49.7376
34 49.952 0.048 49.904
26 49.9494 0.048 49.9014
33 49.842 0.0048 49.8372
33 49.8372 0.048 49.7892
26 49.9014 0.0048 49.8966
25 50 0.048 49.952
33 49.7892 0.048 49.7412
26 49.8966 0.0048 49.8918
26 49.8918 0.048 49.8438
33 49.7412 0.0048 49.7364
27 50 0.048 49.952
34 50 0.048 49.952
31 50 0.048 49.952
28 50 0.048 49.952
29 50 0.048 49.952
27 49.952 0.048 49.904
30 50 0.048 49.952
32 50 0.048 49.952
34 49.952 0.048 49.904
26 50 0.048 49.952
33 50 0.0048 49.9952
33 49.9952 0.048 49.9472
26 49.952 0.0048 49.9472
25 50 0.048 49.952
33 49.9472 0.048 49.8992
26 49.9472 0.0048 49.9424
26 49.9424 0.048 49.8944
33 49.8992 0.0048 49.8944
27 50 0.048 49.952
34 50 0.048 49.952
31 50 0.048 49.952
28 50 0.048 49.952
29 50 0.048 49.952
27 49.952 0.048 49.904
30 50 0.048 49.952
32 50 0.048 49.952
34 49.952 0.048 49.904
26 50 0.048 49.952
33 50 0.0048 49.9952
33 49.9952 0.048 49.9472
26 49.952 0.0048 49.9472
25 50 0.048 49.952
33 49.9472 0.048 49.8992
26 49.9472 0.0048 49.9424
26 49.9424 0.048 49.8944
33 49.8992 0.0048 49.8944
27 50 0.048 49.952
34 50 0.048 49.952
31 50 0.048 49.952
28 50 0.048 49.952
29 50 0.048 49.952
27 49.952 0.048 49.904
30 50 0.048 49.952
32 50 0.048 49.952
34 49.952 0.048 49.904
26 50 0.048 49.952
33 50 0.0048 49.9952
33 49.9952 0.048 49.9472
26 49.952 0.0048 49.9472
25 50 0.048 49.952
33 49.9472 0.048 49.8992
26 49.9472 0.0048 49.9424
26 49.9424 0.048 49.8944
33 49.8992 0.0048 49.8944
27 50 0.048 49.952
34 50 0.048 49.952
31 50 0.048 49.952
28 50 0.048 49.952
29 50 0.048 49.952
27 49.952 0.048 49.904
30 50 0.048 49.952
32 50 0.048 49.952
34 49.952 0.048 49.904
26 50 0.048 49.952
33 50 0.0048 49.9952
33 49.9952 0.048 49.9472
26 49.952 0.0048 49.9472
25 50 0.048 49.952
33 49.9472 0.048 49.8992
26 49.9472 0.0048 49.9424
26 49.9424 0.048 49.8944
33 49.8992 0.0048 49.8944
27 50 0.048 49.952
34 50 0.048 49.952
31 50 0.048 49.952
28 50 0.048 49.952
29 50 0.048 49.952
27 49.952 0.048 49.904
30 50 0.048 49.952
32 50 0.048 49.952
34 49.952 0.048 49.904
26 50 0.048 49.952
25 50 0.048 49.952
33 50 0.048 49.952
27 50 0.048 49.952
34 50 0.048 49.952
31 50 0.048 49.952
28 50 0.048 49.952
29 50 0.048 49.952
27 49.952 0.048 49.904
30 50 0.048 49.952
32 50 0.048 49.952
32 50 0.048 49.952
34 49.952 0.048 49.904
26 50 0.048 49.952
25 50 0.048 49.952
33 50 0.048 49.952
27 50 0.048 49.952
34 50 0.048 49.952
31 50 0.048 49.952
28 50 0.048 49.952
29 50 0.048 49.952
27 49.952 0.048 49.904
30 50 0.048 49.952
32 49.952 0.048 49.904
32 50 0.048 49.952
32 49.952 0.0048 49.9472
32 49.9472 0.16 49.7872
32 49.7872 0.0016 49.7856
34 49.952 0.048 49.904
26 50 0.048 49.952
33 50 0.0048 49.9952
33 49.9952 0.048 49.9472
26 49.952 0.0048 49.9472
25 50 0.048 49.952
33 49.9472 0.048 49.8992
26 49.9472 0.0048 49.9424
26 49.9424 0.048 49.8944
33 49.8992 0.0048 49.8944
27 50 0.048 49.952
34 50 0.048 49.952
31 50 0.048 49.952
28 50 0.048 49.952
29 50 0.048 49.952
27 49.952 0.048 49.904
30 50 0.048 49.952
32 49.7856 0.048 49.7376
34 49.952 0.048 49.904
26 50 0.048 49.952
25 50 0.048 49.952
33 50 0.048 49.952
27 50 0.048 49.952
34 50 0.048 49.952
31 50 0.048 49.952
28 50 0.048 49.952
29 50 0.048 49.952
27 49.952 0.048 49.904
30 50 0.048 49.952
32 50 0.048 49.952
34 49.952 0.048 49.904
26 50 0.048 49.952
25 50 0.048 49.952
33 50 0.048 49.952
27 50 0.048 49.952
34 50 0.048 49.952
31 50 0.048 49.952
28 50 0.048 49.952
29 50 0.048 49.952
27 49.952 0.048 49.904
30 50 0.048 49.952
32 50 0.048 49.952
34 49.952 0.048 49.904
26 50 0.048 49.952
25 50 0.048 49.952
33 50 0.048 49.952
26 49.952 0.0048 49.9472
26 49.9472 0.048 49.8992
33 49.952 0.0048 49.9472
27 50 0.048 49.952
34 50 0.048 49.952
31 50 0.048 49.952
28 50 0.048 49.952
29 50 0.048 49.952
27 49.952 0.048 49.904
30 50 0.048 49.952
32 50 0.048 49.952
34 49.952 0.048 49.904
26 50 0.048 49.952
25 50 0.048 49.952
33 50 0.048 49.952
27 50 0.048 49.952
34 50 0.048 49.952
31 50 0.048 49.952
28 50 0.048 49.952
29 50 0.048 49.952
27 49.952 0.048 49.904
30 50 0.048 49.952
32 50 0.048 49.952
34 49.952 0.048 49.904
26 50 0.048 49.952
25 50 0.048 49.952
33 50 0.048 49.952
27 50 0.048 49.952
34 50 0.048 49.952
31 50 0.048 49.952
28 50 0.048 49.952
29 50 0.048 49.952
32 50 0.0048 49.9952
32 49.9952 0.048 49.9472
29 49.952 0.0048 49.9472
27 49.952 0.048 49.904
30 50 0.048 49.952
32 49.9472 0.048 49.8992
29 50 0.0048 49.9952
29 49.9952 0.048 49.9472
32 49.8992 0.0048 49.8944
34 49.952 0.048 49.904
26 50 0.048 49.952
25 50 0.048 49.952
33 50 0.048 49.952
27 50 0.048 49.952
34 50 0.048 49.952
31 50 0.048 49.952
28 50 0.048 49.952
29 49.9472 0.048 49.8992
32 50 0.0048 49.9952
32 49.9952 0.048 49.9472
29 49.8992 0.0048 49.8944
27 49.952 0.048 49.904
30 50 0.048 49.952
32 49.9472 0.048 49.8992
29 50 0.0048 49.9952
29 49.9952 0.048 49.9472
32 49.8992 0.0048 49.8944
34 49.952 0.048 49.904
26 50 0.048 49.952
25 50 0.048 49.952
33 50 0.048 49.952
27 50 0.048 49.952
34 50 0.048 49.952
31 50 0.048 49.952
28 50 0.048 49.952
29 49.9472 0.048 49.8992
32 50 0.0048 49.9952
32 49.9952 0.048 49.9472
29 49.8992 0.0048 49.8944
27 49.952 0.048 49.904
30 50 0.048 49.952
32 49.9472 0.048 49.8992
29 50 0.0048 49.9952
29 49.9952 0.048 49.9472
32 49.8992 0.0048 49.8944
34 49.952 0.048 49.904
26 50 0.048 49.952
25 50 0.048 49.952
33 50 0.048 49.952
27 50 0.048 49.952
31 50 0.048 49.952
34 50 0.048 49.952
31 49.952 0.048 49.904
28 50 0.048 49.952
29 49.9472 0.048 49.8992
27 49.952 0.048 49.904
30 50 0.048 49.952
32 50 0.048 49.952
34 49.952 0.048 49.904
26 50 0.048 49.952
33 50 0.0048 49.9952
33 49.9952 0.048 49.9472
26 49.952 0.0048 49.9472
25 50 0.048 49.952
33 49.9472 0.048 49.8992
26 49.9472 0.0048 49.9424
26 49.9424 0.048 49.8944
33 49.8992 0.0048 49.8944
27 50 0.048 49.952
31 50 0.048 49.952
34 50 0.048 49.952
31 49.952 0.048 49.904
28 50 0.048 49.952
29 50 0.048 49.952
27 49.952 0.048 49.904
30 50 0.048 49.952
32 50 0.048 49.952
34 49.952 0.048 49.904
26 50 0.048 49.952
33 50 0.0048 49.9952
33 49.9952 0.048 49.9472
26 49.952 0.0048 49.9472
25 50 0.048 49.952
33 49.9472 0.048 49.8992
26 49.9472 0.0048 49.9424
26 49.9424 0.048 49.8944
33 49.8992 0.0048 49.8944
27 50 0.048 49.952
31 50 0.048 49.952
34 50 0.048 49.952
31 49.952 0.048 49.904
28 50 0.048 49.952
29 50 0.048 49.952
27 49.952 0.048 49.904
30 50 0.048 49.952
32 50 0.048 49.952
34 49.952 0.048 49.904
26 50 0.048 49.952
33 50 0.0048 49.9952
33 49.9952 0.048 49.9472
26 49.952 0.0048 49.9472
25 50 0.048 49.952
33 49.9472 0.048 49.8992
26 49.9472 0.0048 49.9424
26 49.9424 0.048 49.8944
33 49.8992 0.0048 49.8944
27 50 0.048 49.952
31 50 0.048 49.952
34 50 0.048 49.952
31 49.952 0.048 49.904
28 50 0.048 49.952
29 50 0.048 49.952
27 49.952 0.048 49.904
30 50 0.048 49.952
32 50 0.048 49.952
34 49.952 0.048 49.904
26 50 0.048 49.952
33 50 0.0048 49.9952
33 49.9952 0.048 49.9472
26 49.952 0.0048 49.9472
25 50 0.048 49.952
33 49.9472 0.048 49.8992
26 49.9472 0.0048 49.9424
26 49.9424 0.048 49.8944
33 49.8992 0.0048 49.8944
27 50 0.048 49.952
31 50 0.048 49.952
31 49.952 0.0048 49.9472
31 49.9472 0.16 49.7872
31 49.7872 0.0016 49.7856
34 50 0.048 49.952
31 49.7856 0.048 49.7376
28 50 0.048 49.952
29 50 0.048 49.952
27 49.952 0.048 49.904
30 50 0.048 49.952
32 50 0.048 49.952
34 49.952 0.048 49.904
26 50 0.048 49.952
25 50 0.048 49.952
33 50 0.048 49.952
27 50 0.048 49.952
34 50 0.048 49.952
31 50 0.048 49.952
28 50 0.048 49.952
29 50 0.048 49.952
27 49.952 0.048 49.904
27 49.904 0.0048 49.8992
27 49.8992 0.16 49.7392
27 49.7392 0.0016 49.7376
30 50 0.048 49.952
32 50 0.048 49.952
34 49.952 0.048 49.904
26 50 0.048 49.952
25 50 0.048 49.952
33 50 0.048 49.952
27 50 0.048 49.952
34 50 0.048 49.952
31 50 0.048 49.952
28 50 0.048 49.952
29 50 0.048 49.952
30 50 0.048 49.952
32 50 0.048 49.952
34 49.952 0.048 49.904
26 50 0.048 49.952
25 50 0.048 49.952
33 50 0.048 49.952
27 50 0.048 49.952
34 50 0.048 49.952
31 50 0.048 49.952
28 50 0.048 49.952
29 50 0.048 49.952
30 50 0.048 49.952
32 50 0.048 49.952
34 49.952 0.048 49.904
26 50 0.048 49.952
25 50 0.048 49.952
33 50 0.048 49.952
27 50 0.048 49.952
34 50 0.048 49.952
34 49.952 0.0048 49.9472
34 49.9472 0.16 49.7872
34 49.7872 0.0016 49.7856
31 50 0.048 49.952
28 50 0.048 49.952
29 50 0.048 49.952
30 50 0.048 49.952
32 50 0.048 49.952
