0 5008
0 5009
0 5010
0 5011
0 5012
0 5013
0 5014
0 5015
0 5016
0 5017
0 5018
0 5019
0 5020
0 5021
0 5022
0 5023
0 5024
0 5025
0 5026
0 5027
0 5028
0 5031
54 5029
9 5029
8 5029
7 5029
6 5029
5 5029
4 5029
3 5029
2 5029
1 5029
0 5034
57 5036
0 5037
0 5040
59 5039
16 5039
17 5039
18 5039
19 5039
20 5039
21 5039
22 5039
23 5039
24 5039
52 5033
13 5033
14 5033
15 5033
16 5033
17 5033
18 5033
19 5033
20 5033
21 5033
22 5033
23 5033
24 5033
0 5041
0 5043
25 5035
16 5035
17 5035
18 5035
19 5035
20 5035
21 5035
22 5035
23 5035
24 5035
0 5046
55 5036
0 5047
64 5042
17 5042
18 5042
19 5042
20 5042
21 5042
22 5042
23 5042
24 5042
59 5036
18 5036
19 5036
20 5036
21 5036
22 5036
23 5036
24 5036
0 5049
26 5038
11 5038
10 5038
9 5038
8 5038
7 5038
6 5038
5 5038
4 5038
3 5038
2 5038
1 5038
0 5051
31 5032
11 5032
10 5032
9 5032
8 5032
7 5032
6 5032
5 5032
4 5032
3 5032
2 5032
1 5032
0 5053
50 5050
1 5050
53 5052
2 5052
1 5052
0 5054
0 5059
55 5055
48 5060
10 5060
9 5060
8 5060
7 5060
6 5060
5 5060
4 5060
3 5060
2 5060
1 5060
36 5058
4 5058
3 5058
2 5058
1 5058
63 5030
5 5030
4 5030
3 5030
2 5030
1 5030
0 5062
34 5063
4 5063
3 5063
2 5063
1 5063
28 5045
23 5045
24 5045
0 5064
60 5044
0 5065
0 5067
0 5070
49 5071
47 5068
40 5044
7 5044
6 5044
5 5044
4 5044
3 5044
2 5044
1 5044
29 5056
0 5072
0 5073
44 5071
5 5071
4 5071
3 5071
2 5071
1 5071
36 5068
0 5074
57 5055
24 5055
0 5078
34 5068
8 5068
7 5068
6 5068
5 5068
4 5068
3 5068
2 5068
1 5068
27 5066
10 5066
9 5066
8 5066
7 5066
6 5066
5 5066
4 5066
3 5066
2 5066
1 5066
0 5081
42 5082
0 5084
0 5085
37 5086
56 5087
58 5088
7 5088
6 5088
5 5088
4 5088
3 5088
2 5088
1 5088
61 5069
20 5069
21 5069
22 5069
23 5069
24 5069
64 5056
25 5056
0 5089
60 5087
11 5087
10 5087
9 5087
8 5087
7 5087
6 5087
5 5087
4 5087
3 5087
2 5087
1 5087
44 5090
8 5090
7 5090
6 5090
5 5090
4 5090
3 5090
2 5090
1 5090
33 5080
13 5080
14 5080
15 5080
16 5080
17 5080
18 5080
19 5080
20 5080
21 5080
22 5080
23 5080
24 5080
45 5075
21 5075
22 5075
23 5075
24 5075
41 5077
18 5077
19 5077
20 5077
21 5077
22 5077
23 5077
24 5077
0 5091
32 5048
18 5048
19 5048
20 5048
21 5048
22 5048
23 5048
24 5048
62 5082
0 5093
38 5092
15 5092
16 5092
17 5092
18 5092
19 5092
20 5092
21 5092
22 5092
23 5092
24 5092
46 5061
18 5061
19 5061
20 5061
21 5061
22 5061
23 5061
24 5061
0 5095
62 5094
35 5096
8 5096
7 5096
6 5096
5 5096
4 5096
3 5096
2 5096
1 5096
31 5086
20 5086
21 5086
22 5086
23 5086
24 5086
51 5079
4 5079
3 5079
2 5079
1 5079
0 5097
0 5098
0 5100
42 5094
12 5094
11 5094
10 5094
9 5094
8 5094
7 5094
6 5094
5 5094
4 5094
3 5094
2 5094
1 5094
26 5099
22 5099
23 5099
24 5099
0 5102
25 5101
4 5101
3 5101
2 5101
1 5101
43 5057
18 5057
19 5057
20 5057
21 5057
22 5057
23 5057
24 5057
0 5103
0 5104
30 5076
24 5076
0 5105
59 5106
6 5106
5 5106
4 5106
3 5106
2 5106
1 5106
0 5107
0 5109
53 5082
15 5082
16 5082
17 5082
18 5082
19 5082
20 5082
21 5082
22 5082
23 5082
24 5082
63 5108
0 5110
40 5111
39 5083
1 5083
0 5112
60 5108
18 5108
19 5108
20 5108
21 5108
22 5108
23 5108
24 5108
0 5114
56 5111
18 5111
19 5111
20 5111
21 5111
22 5111
23 5111
24 5111
29 5116
0 5117
0 5119
64 5116
9 5116
8 5116
7 5116
6 5116
5 5116
4 5116
3 5116
2 5116
1 5116
52 5118
7 5118
6 5118
5 5118
4 5118
3 5118
2 5118
1 5118
0 5121
55 5120
0 5123
0 5124
49 5113
17 5113
18 5113
19 5113
20 5113
21 5113
22 5113
23 5113
24 5113
0 5127
56 5126
21 5126
22 5126
23 5126
24 5126
0 5129
54 5131
0 5132
53 5130
31 5125
5 5125
4 5125
3 5125
2 5125
1 5125
0 5134
28 5128
15 5128
16 5128
17 5128
18 5128
19 5128
20 5128
21 5128
22 5128
23 5128
24 5128
57 5122
0 5137
48 5115
3 5115
2 5115
1 5115
64 5135
0 5139
36 5140
55 5122
14 5122
15 5122
16 5122
17 5122
18 5122
19 5122
20 5122
21 5122
22 5122
23 5122
24 5122
37 5138
0 5141
62 5133
23 5133
24 5133
31 5138
7 5138
6 5138
5 5138
4 5138
3 5138
2 5138
1 5138
0 5142
42 5130
23 5130
24 5130
0 5144
50 5143
22 5143
23 5143
24 5143
0 5147
60 5145
59 5120
16 5120
17 5120
18 5120
19 5120
20 5120
21 5120
22 5120
23 5120
24 5120
41 5146
7 5146
6 5146
5 5146
4 5146
3 5146
2 5146
1 5146
0 5148
61 5149
10 5149
9 5149
8 5149
7 5149
6 5149
5 5149
4 5149
3 5149
2 5149
1 5149
27 5136
2 5136
1 5136
0 5150
0 5152
33 5151
4 5151
3 5151
2 5151
1 5151
0 5153
45 5131
12 5131
11 5131
10 5131
9 5131
8 5131
7 5131
6 5131
5 5131
4 5131
3 5131
2 5131
1 5131
29 5135
17 5135
18 5135
19 5135
20 5135
21 5135
22 5135
23 5135
24 5135
0 5155
0 5157
0 5160
34 5140
62 5140
47 5158
3 5158
2 5158
1 5158
0 5161
0 5162
42 5140
3 5140
2 5140
1 5140
0 5163
0 5164
25 5154
20 5154
21 5154
22 5154
23 5154
24 5154
0 5166
46 5167
12 5167
11 5167
10 5167
9 5167
8 5167
7 5167
6 5167
5 5167
4 5167
3 5167
2 5167
1 5167
38 5159
9 5159
8 5159
7 5159
6 5159
5 5159
4 5159
3 5159
2 5159
1 5159
0 5168
29 5165
21 5165
22 5165
23 5165
24 5165
0 5170
44 5169
4 5169
3 5169
2 5169
1 5169
0 5171
63 5172
51 5156
24 5156
58 5175
4 5175
3 5175
2 5175
1 5175
0 5176
60 5172
8 5172
7 5172
6 5172
5 5172
4 5172
3 5172
2 5172
1 5172
0 5179
56 5177
0 5181
0 5182
0 5185
36 5183
34 5183
9 5183
8 5183
7 5183
6 5183
5 5183
4 5183
3 5183
2 5183
1 5183
64 5184
0 5186
28 5173
3 5173
2 5173
1 5173
32 5174
17 5174
18 5174
19 5174
20 5174
21 5174
22 5174
23 5174
24 5174
0 5187
26 5180
19 5180
20 5180
21 5180
22 5180
23 5180
24 5180
59 5188
0 5189
60 5177
11 5177
10 5177
9 5177
8 5177
7 5177
6 5177
5 5177
4 5177
3 5177
2 5177
1 5177
35 5178
7 5178
6 5178
5 5178
4 5178
3 5178
2 5178
1 5178
57 5188
0 5192
62 5194
0 5195
37 5190
54 5191
43 5193
16 5193
17 5193
18 5193
19 5193
20 5193
21 5193
22 5193
23 5193
24 5193
29 5184
2 5184
1 5184
0 5197
0 5200
42 5194
0 5202
0 5204
42 5203
55 5188
5 5188
4 5188
3 5188
2 5188
1 5188
0 5205
40 5199
0 5206
45 5191
0 5208
39 5198
24 5198
36 5194
0 5210
48 5209
21 5209
22 5209
23 5209
24 5209
62 5203
15 5203
16 5203
17 5203
18 5203
19 5203
20 5203
21 5203
22 5203
23 5203
24 5203
60 5207
16 5207
17 5207
18 5207
19 5207
20 5207
21 5207
22 5207
23 5207
24 5207
0 5211
31 5190
24 5190
30 5196
0 5214
26 5196
0 5217
49 5212
33 5201
19 5201
20 5201
21 5201
22 5201
23 5201
24 5201
0 5220
53 5218
16 5218
17 5218
18 5218
19 5218
20 5218
21 5218
22 5218
23 5218
24 5218
57 5219
0 5222
44 5212
15 5212
16 5212
17 5212
18 5212
19 5212
20 5212
21 5212
22 5212
23 5212
24 5212
55 5219
9 5219
8 5219
7 5219
6 5219
5 5219
4 5219
3 5219
2 5219
1 5219
0 5223
61 5221
3 5221
2 5221
1 5221
0 5225
41 5224
32 5224
0 5227
50 5228
17 5228
18 5228
19 5228
20 5228
21 5228
22 5228
23 5228
24 5228
0 5230
0 5231
63 5232
21 5232
22 5232
23 5232
24 5232
36 5226
20 5226
21 5226
22 5226
23 5226
24 5226
0 5233
56 5229
21 5229
22 5229
23 5229
24 5229
0 5235
0 5236
0 5238
25 5215
12 5215
11 5215
10 5215
9 5215
8 5215
7 5215
6 5215
5 5215
4 5215
3 5215
2 5215
1 5215
27 5239
24 5239
37 5237
0 5240
52 5216
11 5216
10 5216
9 5216
8 5216
7 5216
6 5216
5 5216
4 5216
3 5216
2 5216
1 5216
31 5237
6 5237
5 5237
4 5237
3 5237
2 5237
1 5237
0 5242
32 5243
44 5241
0 5244
41 5243
6 5243
5 5243
4 5243
3 5243
2 5243
1 5243
0 5245
43 5246
3 5246
2 5246
1 5246
47 5199
24 5199
0 5248
45 5247
10 5247
9 5247
8 5247
7 5247
6 5247
5 5247
4 5247
3 5247
2 5247
1 5247
0 5249
46 5224
7 5224
6 5224
5 5224
4 5224
3 5224
2 5224
1 5224
0 5250
0 5252
0 5254
0 5256
29 5257
17 5257
18 5257
19 5257
20 5257
21 5257
22 5257
23 5257
24 5257
0 5258
62 5259
2 5259
1 5259
0 5261
0 5263
0 5264
0 5266
48 5251
10 5251
9 5251
8 5251
7 5251
6 5251
5 5251
4 5251
3 5251
2 5251
1 5251
34 5194
4 5194
3 5194
2 5194
1 5194
31 5260
0 5267
42 5268
4 5268
3 5268
2 5268
1 5268
0 5269
38 5213
9 5213
8 5213
7 5213
6 5213
5 5213
4 5213
3 5213
2 5213
1 5213
0 5273
57 5270
49 5241
3 5241
2 5241
1 5241
0 5274
49 5276
44 5276
26 5271
15 5271
16 5271
17 5271
18 5271
19 5271
20 5271
21 5271
22 5271
23 5271
24 5271
0 5279
60 5275
7 5275
6 5275
5 5275
4 5275
3 5275
2 5275
1 5275
28 5234
37 5260
15 5260
16 5260
17 5260
18 5260
19 5260
20 5260
21 5260
22 5260
23 5260
24 5260
64 5272
59 5278
23 5278
24 5278
0 5280
55 5270
23 5270
24 5270
56 5277
0 5281
39 5255
17 5255
18 5255
19 5255
20 5255
21 5255
22 5255
23 5255
24 5255
40 5277
0 5282
58 5262
5 5262
4 5262
3 5262
2 5262
1 5262
0 5283
55 5286
0 5288
25 5289
24 5289
44 5285
54 5287
0 5290
