79 755 0 100 0.2 2.21602 2.41602
68 757 0 100 0.9 2.25348 3.15348
26 785 0 100 0.1 3.22337 3.32337
30 750 0 100 2.2 2.00082 4.20082
99 800 0 100 0.2 4.04677 4.24677
56 786 0 100 1.1 3.25351 4.35351
113 805 0 100 0.4 4.28884 4.68884
82 810 0 100 0.3 4.76203 5.06203
47 811 0 100 0.3 4.76438 5.06438
101 775 0 100 2.5 2.77211 5.27211
29 809 0 100 0.7 4.75365 5.45365
69 770 0 100 3 2.55457 5.55457
109 790 0 100 2.4 3.47472 5.87472
76 752 0 100 3.9 2.00752 5.90752
27 815 0 100 0.5 5.41436 5.91436
114 784 0 100 3 3.21942 6.21942
32 766 0 100 3.8 2.48902 6.28902
64 799 0 100 2.3 4.04241 6.34241
74 772 0 100 3.9 2.62578 6.52578
31 763 0 100 4.2 2.42573 6.62573
111 797 0 100 2.8 3.94389 6.74389
83 768 0 100 4.4 2.52462 6.92462
34 826 0 100 0.1 6.82969 6.92969
93 782 0 100 3.9 3.16158 7.06158
80 798 0 100 3.2 3.96908 7.16908
35 769 0 100 4.7 2.5411 7.2411
86 827 0 100 0.3 6.94559 7.24559
33 801 0 100 3.4 4.07422 7.47422
102 788 0 100 4.1 3.4299 7.5299
43 762 0 100 6 2.37247 8.37247
94 833 0 100 1.2 7.1806 8.3806
58 767 0 100 6.9 2.51309 9.41309
88 825 0 100 2.8 6.76793 9.56793
58 813 0 100 4.6 4.99043 9.59043
37 852 0 100 1 8.63333 9.63333
60 848 0 100 2 8.04422 10.0442
28 864 0 100 0.2 10.0669 10.2669
40 816 0 100 4.9 5.43585 10.3359
114 860 0 100 1.4 9.48824 10.8882
33 829 0 100 3.9 7.00714 10.9071
32 867 0 100 0.4 10.5094 10.9094
75 773 0 100 8.3 2.63034 10.9303
93 839 0 100 3.6 7.37506 10.9751
69 819 0 100 5.1 5.90318 11.0032
89 850 0 100 2.6 8.41275 11.0127
51 858 0 100 1.8 9.33937 11.1394
113 876 0 100 9.33608e-08 11.1783 11.1783
109 862 0 100 1.4 9.80282 11.2028
98 789 0 100 7.9 3.45534 11.3553
48 803 0 100 7.2 4.22264 11.4226
40 879 0 100 0.1 11.4987 11.5987
105 877 0 100 0.7 11.1848 11.8848
25 847 0 100 4.1 7.86868 11.9687
28 846 0 100 4.3 7.81825 12.1183
25 880 0 100 0.4 11.7319 12.1319
27 844 0 100 4.4 7.78643 12.1864
48 851 0 100 3.6 8.60036 12.2004
79 875 0 100 1.4 11.1221 12.5221
40 855 0 100 3.5 9.05467 12.5547
27 871 0 100 2 10.704 12.704
33 882 0 100 1 11.8179 12.8179
53 845 0 100 5.2 7.81143 13.0114
87 893 0 100 0.3 12.9102 13.2102
55 897 0 100 0.2 13.2454 13.4454
74 840 0 100 6.1 7.5404 13.6404
102 889 0 100 1.3 12.4786 13.7786
