0 2341
0 2342
0 2343
0 2344
0 2345
0 2346
0 2347
0 2348
0 2349
0 2350
0 2351
0 2352
0 2353
0 2354
0 2355
0 2356
0 2357
0 2358
0 2359
0 2360
0 2362
76 2363
1 2363
0 2365
0 2367
53 2361
5 2361
4 2361
3 2361
2 2361
1 2361
0 2369
0 2371
46 2372
10 2372
9 2372
8 2372
7 2372
6 2372
5 2372
4 2372
3 2372
2 2372
1 2372
49 2373
61 2370
10 2370
9 2370
8 2370
7 2370
6 2370
5 2370
4 2370
3 2370
2 2370
1 2370
34 2374
19 2374
20 2374
21 2374
22 2374
23 2374
24 2374
0 2376
77 2379
20 2379
21 2379
22 2379
23 2379
24 2379
0 2380
40 2383
12 2383
11 2383
10 2383
9 2383
8 2383
7 2383
6 2383
5 2383
4 2383
3 2383
2 2383
1 2383
0 2384
0 2386
27 2387
21 2387
22 2387
23 2387
24 2387
71 2388
22 2388
23 2388
24 2388
0 2391
72 2378
22 2378
23 2378
24 2378
0 2393
67 2381
11 2381
10 2381
9 2381
8 2381
7 2381
6 2381
5 2381
4 2381
3 2381
2 2381
1 2381
64 2394
10 2394
9 2394
8 2394
7 2394
6 2394
5 2394
4 2394
3 2394
2 2394
1 2394
0 2396
66 2389
13 2389
14 2389
15 2389
16 2389
17 2389
18 2389
19 2389
20 2389
21 2389
22 2389
23 2389
24 2389
0 2397
84 2390
11 2390
10 2390
9 2390
8 2390
7 2390
6 2390
5 2390
4 2390
3 2390
2 2390
1 2390
0 2400
48 2398
0 2401
58 2402
4 2402
3 2402
2 2402
1 2402
0 2405
32 2385
4 2385
3 2385
2 2385
1 2385
0 2410
41 2366
24 2366
30 2368
14 2368
15 2368
16 2368
17 2368
18 2368
19 2368
20 2368
21 2368
22 2368
23 2368
24 2368
43 2375
13 2375
14 2375
15 2375
16 2375
17 2375
18 2375
19 2375
20 2375
21 2375
22 2375
23 2375
24 2375
0 2412
59 2413
14 2413
15 2413
16 2413
17 2413
18 2413
19 2413
20 2413
21 2413
22 2413
23 2413
24 2413
56 2382
1 2382
0 2414
69 2415
21 2415
22 2415
23 2415
24 2415
0 2416
44 2417
74 2392
14 2392
15 2392
16 2392
17 2392
18 2392
19 2392
20 2392
21 2392
22 2392
23 2392
24 2392
0 2420
0 2423
57 2428
23 2428
24 2428
37 2403
23 2403
24 2403
80 2404
15 2404
16 2404
17 2404
18 2404
19 2404
20 2404
21 2404
22 2404
23 2404
24 2404
54 2364
2 2364
1 2364
33 2429
9 2429
8 2429
7 2429
6 2429
5 2429
4 2429
3 2429
2 2429
1 2429
0 2430
62 2431
25 2408
14 2408
15 2408
16 2408
17 2408
18 2408
19 2408
20 2408
21 2408
22 2408
23 2408
24 2408
26 2411
6 2411
5 2411
4 2411
3 2411
2 2411
1 2411
0 2433
83 2407
8 2407
7 2407
6 2407
5 2407
4 2407
3 2407
2 2407
1 2407
28 2436
70 2399
12 2399
11 2399
10 2399
9 2399
8 2399
7 2399
6 2399
5 2399
4 2399
3 2399
2 2399
1 2399
0 2438
42 2434
5 2434
4 2434
3 2434
2 2434
1 2434
83 2436
9 2436
8 2436
7 2436
6 2436
5 2436
4 2436
3 2436
2 2436
1 2436
60 2418
24 2418
35 2437
5 2437
4 2437
3 2437
2 2437
1 2437
55 2419
39 2395
13 2395
14 2395
15 2395
16 2395
17 2395
18 2395
19 2395
20 2395
21 2395
22 2395
23 2395
24 2395
0 2439
51 2406
15 2406
16 2406
17 2406
18 2406
19 2406
20 2406
21 2406
22 2406
23 2406
24 2406
0 2440
50 2435
13 2435
14 2435
15 2435
16 2435
17 2435
18 2435
19 2435
20 2435
21 2435
22 2435
23 2435
24 2435
81 2441
13 2441
14 2441
15 2441
16 2441
17 2441
18 2441
19 2441
20 2441
21 2441
22 2441
23 2441
24 2441
75 2443
4 2443
3 2443
2 2443
1 2443
78 2426
1 2426
63 2444
51 2444
16 2444
17 2444
18 2444
19 2444
20 2444
21 2444
22 2444
23 2444
24 2444
0 2445
68 2442
4 2442
3 2442
2 2442
1 2442
0 2450
52 2446
8 2446
7 2446
6 2446
5 2446
4 2446
3 2446
2 2446
1 2446
0 2451
79 2409
22 2409
23 2409
24 2409
45 2422
13 2422
14 2422
15 2422
16 2422
17 2422
18 2422
19 2422
20 2422
21 2422
22 2422
23 2422
24 2422
65 2425
2 2425
1 2425
53 2449
19 2449
20 2449
21 2449
22 2449
23 2449
24 2449
0 2454
73 2424
13 2424
14 2424
15 2424
16 2424
17 2424
18 2424
19 2424
20 2424
21 2424
22 2424
23 2424
24 2424
82 2447
19 2447
20 2447
21 2447
22 2447
23 2447
24 2447
0 2455
0 2456
0 2457
0 2458
67 2459
0 2460
31 2377
11 2377
10 2377
9 2377
8 2377
7 2377
6 2377
5 2377
4 2377
3 2377
2 2377
1 2377
47 2421
17 2421
18 2421
19 2421
20 2421
21 2421
22 2421
23 2421
24 2421
0 2461
84 2398
24 2398
36 2417
21 2417
22 2417
23 2417
24 2417
0 2462
76 2431
20 2431
21 2431
22 2431
23 2431
24 2431
0 2463
30 2459
1 2459
0 2465
56 2464
13 2464
14 2464
15 2464
16 2464
17 2464
18 2464
19 2464
20 2464
21 2464
22 2464
23 2464
24 2464
0 2468
0 2470
25 2471
76 2469
22 2469
23 2469
24 2469
34 2419
13 2419
14 2419
15 2419
16 2419
17 2419
18 2419
19 2419
20 2419
21 2419
22 2419
23 2419
24 2419
0 2473
38 2448
24 2448
0 2476
66 2467
5 2467
4 2467
3 2467
2 2467
1 2467
0 2477
37 2475
10 2475
9 2475
8 2475
7 2475
6 2475
5 2475
4 2475
3 2475
2 2475
1 2475
0 2479
26 2474
18 2474
19 2474
20 2474
21 2474
22 2474
23 2474
24 2474
0 2482
0 2484
0 2486
34 2485
16 2485
17 2485
18 2485
19 2485
20 2485
21 2485
22 2485
23 2485
24 2485
64 2466
5 2466
4 2466
3 2466
2 2466
1 2466
0 2488
84 2472
5 2472
4 2472
3 2472
2 2472
1 2472
40 2490
9 2490
8 2490
7 2490
6 2490
5 2490
4 2490
3 2490
2 2490
1 2490
0 2492
30 2496
7 2496
6 2496
5 2496
4 2496
3 2496
2 2496
1 2496
0 2497
69 2487
13 2487
14 2487
15 2487
16 2487
17 2487
18 2487
19 2487
20 2487
21 2487
22 2487
23 2487
24 2487
0 2498
0 2501
54 2493
0 2504
58 2502
51 2471
5 2471
4 2471
3 2471
2 2471
1 2471
0 2506
77 2491
20 2491
21 2491
22 2491
23 2491
24 2491
27 2495
20 2495
21 2495
22 2495
23 2495
24 2495
50 2510
3 2510
2 2510
1 2510
0 2511
75 2493
19 2493
20 2493
21 2493
22 2493
23 2493
24 2493
31 2515
43 2489
8 2489
7 2489
6 2489
5 2489
4 2489
3 2489
2 2489
1 2489
36 2517
72 2481
21 2481
22 2481
23 2481
24 2481
0 2519
48 2513
9 2513
8 2513
7 2513
6 2513
5 2513
4 2513
3 2513
2 2513
1 2513
71 2505
22 2505
23 2505
24 2505
33 2499
2 2499
1 2499
0 2524
59 2480
10 2480
9 2480
8 2480
7 2480
6 2480
5 2480
4 2480
3 2480
2 2480
1 2480
51 2520
7 2520
6 2520
5 2520
4 2520
3 2520
2 2520
1 2520
44 2523
7 2523
6 2523
5 2523
4 2523
3 2523
2 2523
1 2523
53 2500
8 2500
7 2500
6 2500
5 2500
4 2500
3 2500
2 2500
1 2500
0 2526
73 2516
2 2516
1 2516
0 2528
55 2527
22 2527
23 2527
24 2527
81 2514
5 2514
4 2514
3 2514
2 2514
1 2514
60 2522
17 2522
18 2522
19 2522
20 2522
21 2522
22 2522
23 2522
24 2522
0 2529
29 2432
19 2432
20 2432
21 2432
22 2432
23 2432
24 2432
41 2530
22 2530
23 2530
24 2530
0 2531
61 2494
14 2494
15 2494
16 2494
17 2494
18 2494
19 2494
20 2494
21 2494
22 2494
23 2494
24 2494
46 2483
14 2483
15 2483
16 2483
17 2483
18 2483
19 2483
20 2483
21 2483
22 2483
23 2483
24 2483
68 2503
22 2503
23 2503
24 2503
0 2533
32 2507
3 2507
2 2507
1 2507
67 2518
13 2518
14 2518
15 2518
16 2518
17 2518
18 2518
19 2518
20 2518
21 2518
22 2518
23 2518
24 2518
0 2535
28 2509
4 2509
3 2509
2 2509
1 2509
0 2537
39 2525
8 2525
7 2525
6 2525
5 2525
4 2525
3 2525
2 2525
1 2525
52 2532
2 2532
1 2532
0 2538
62 2508
9 2508
8 2508
7 2508
6 2508
5 2508
4 2508
3 2508
2 2508
1 2508
35 2534
1 2534
0 2539
83 2502
5 2502
4 2502
3 2502
2 2502
1 2502
0 2540
80 2541
13 2541
14 2541
15 2541
16 2541
17 2541
18 2541
19 2541
20 2541
21 2541
22 2541
23 2541
24 2541
49 2478
7 2478
6 2478
5 2478
4 2478
3 2478
2 2478
1 2478
0 2542
45 2543
7 2543
6 2543
5 2543
4 2543
3 2543
2 2543
1 2543
42 2546
3 2546
2 2546
1 2546
0 2547
0 2551
47 2545
9 2545
8 2545
7 2545
6 2545
5 2545
4 2545
3 2545
2 2545
1 2545
74 2512
15 2512
16 2512
17 2512
18 2512
19 2512
20 2512
21 2512
22 2512
23 2512
24 2512
0 2553
78 2549
24 2549
79 2555
19 2555
20 2555
21 2555
22 2555
23 2555
24 2555
65 2556
23 2556
24 2556
0 2557
0 2559
0 2560
38 2517
15 2517
16 2517
17 2517
18 2517
19 2517
20 2517
21 2517
22 2517
23 2517
24 2517
0 2561
57 2536
1 2536
0 2562
70 2548
14 2548
15 2548
16 2548
17 2548
18 2548
19 2548
20 2548
21 2548
22 2548
23 2548
24 2548
38 2563
16 2563
17 2563
18 2563
19 2563
20 2563
21 2563
22 2563
23 2563
24 2563
0 2564
56 2515
7 2515
6 2515
5 2515
4 2515
3 2515
2 2515
1 2515
0 2565
82 2554
18 2554
19 2554
20 2554
21 2554
22 2554
23 2554
24 2554
40 2566
24 2566
0 2571
37 2544
3 2544
2 2544
1 2544
0 2572
55 2573
8 2573
7 2573
6 2573
5 2573
4 2573
3 2573
2 2573
1 2573
0 2574
27 2568
9 2568
8 2568
7 2568
6 2568
5 2568
4 2568
3 2568
2 2568
1 2568
0 2575
34 2567
9 2567
8 2567
7 2567
6 2567
5 2567
4 2567
3 2567
2 2567
1 2567
26 2558
12 2558
11 2558
10 2558
9 2558
8 2558
7 2558
6 2558
5 2558
4 2558
3 2558
2 2558
1 2558
0 2577
0 2579
53 2576
22 2576
23 2576
24 2576
75 2550
9 2550
8 2550
7 2550
6 2550
5 2550
4 2550
3 2550
2 2550
1 2550
0 2583
72 2578
11 2578
10 2578
9 2578
8 2578
7 2578
6 2578
5 2578
4 2578
3 2578
2 2578
1 2578
0 2586
66 2584
2 2584
1 2584
0 2591
32 2587
16 2587
17 2587
18 2587
19 2587
20 2587
21 2587
22 2587
23 2587
24 2587
69 2585
0 2593
84 2595
50 2569
20 2569
21 2569
22 2569
23 2569
24 2569
0 2598
39 2592
21 2592
22 2592
23 2592
24 2592
0 2600
76 2581
22 2581
23 2581
24 2581
63 2521
24 2521
0 2602
51 2601
24 2601
0 2605
81 2582
22 2582
23 2582
24 2582
0 2606
35 2608
15 2608
16 2608
17 2608
18 2608
19 2608
20 2608
21 2608
22 2608
23 2608
24 2608
0 2610
49 2597
21 2597
22 2597
23 2597
24 2597
0 2612
58 2594
20 2594
21 2594
22 2594
23 2594
24 2594
61 2607
6 2607
5 2607
4 2607
3 2607
2 2607
1 2607
45 2611
21 2611
22 2611
23 2611
24 2611
0 2613
41 2616
15 2616
16 2616
17 2616
18 2616
19 2616
20 2616
21 2616
22 2616
23 2616
24 2616
0 2617
60 2585
11 2585
10 2585
9 2585
8 2585
7 2585
6 2585
5 2585
4 2585
3 2585
2 2585
1 2585
0 2620
83 2599
21 2599
22 2599
23 2599
24 2599
73 2589
22 2589
23 2589
24 2589
42 2603
18 2603
19 2603
20 2603
21 2603
22 2603
23 2603
24 2603
48 2590
5 2590
4 2590
3 2590
2 2590
1 2590
54 2604
16 2604
17 2604
18 2604
19 2604
20 2604
21 2604
22 2604
23 2604
24 2604
29 2609
13 2609
14 2609
15 2609
16 2609
17 2609
18 2609
19 2609
20 2609
21 2609
22 2609
23 2609
24 2609
0 2624
30 2614
6 2614
5 2614
4 2614
3 2614
2 2614
1 2614
62 2618
1 2618
0 2625
78 2628
57 2628
13 2628
14 2628
15 2628
16 2628
17 2628
18 2628
19 2628
20 2628
21 2628
22 2628
23 2628
24 2628
0 2629
0 2633
33 2627
82 2622
5 2622
4 2622
3 2622
2 2622
1 2622
0 2636
59 2630
8 2630
7 2630
6 2630
5 2630
4 2630
3 2630
2 2630
1 2630
31 2626
20 2626
21 2626
22 2626
23 2626
24 2626
0 2639
36 2623
5 2623
4 2623
3 2623
2 2623
1 2623
44 2638
38 2635
5 2635
4 2635
3 2635
2 2635
1 2635
0 2640
67 2641
9 2641
8 2641
7 2641
6 2641
5 2641
4 2641
3 2641
2 2641
1 2641
0 2643
64 2596
9 2596
8 2596
7 2596
6 2596
5 2596
4 2596
3 2596
2 2596
1 2596
36 2638
6 2638
5 2638
4 2638
3 2638
2 2638
1 2638
0 2645
60 2631
16 2631
17 2631
18 2631
19 2631
20 2631
21 2631
22 2631
23 2631
24 2631
0 2649
68 2644
20 2644
21 2644
22 2644
23 2644
24 2644
0 2651
28 2580
2 2580
1 2580
43 2615
10 2615
9 2615
8 2615
7 2615
6 2615
5 2615
4 2615
3 2615
2 2615
1 2615
0 2652
0 2656
79 2637
13 2637
14 2637
15 2637
16 2637
17 2637
18 2637
19 2637
20 2637
21 2637
22 2637
23 2637
24 2637
52 2646
75 2655
0 2658
0 2659
57 2660
19 2660
20 2660
21 2660
22 2660
23 2660
24 2660
46 2648
15 2648
16 2648
17 2648
18 2648
19 2648
20 2648
21 2648
22 2648
23 2648
24 2648
0 2662
26 2654
2 2654
1 2654
0 2664
65 2621
19 2621
20 2621
21 2621
22 2621
23 2621
24 2621
77 2632
0 2665
27 2650
40 2657
17 2657
18 2657
19 2657
20 2657
21 2657
22 2657
23 2657
24 2657
47 2666
7 2666
6 2666
5 2666
4 2666
3 2666
2 2666
1 2666
0 2668
71 2634
2 2634
1 2634
0 2670
68 2655
80 2642
0 2672
74 2647
14 2647
15 2647
16 2647
17 2647
18 2647
19 2647
20 2647
21 2647
22 2647
23 2647
24 2647
0 2673
84 2653
15 2653
16 2653
17 2653
18 2653
19 2653
20 2653
21 2653
22 2653
23 2653
24 2653
37 2663
23 2663
24 2663
51 2667
13 2667
14 2667
15 2667
16 2667
17 2667
18 2667
19 2667
20 2667
21 2667
22 2667
23 2667
24 2667
58 2676
0 2681
