59 157
42 159
28 160
39 161
64 162
60 163
38 163
53 163
47 161
60 161
38 161
37 166
67 166
29 166
51 168
52 169
25 169
46 169
38 170
60 170
44 171
30 171
33 171
72 172
66 172
68 172
33 174
73 167
74 175
62 176
40 176
46 176
47 177
66 178
72 178
25 176
54 164
62 164
25 182
40 164
31 166
67 186
43 163
53 161
31 186
58 157
60 188
38 188
34 183
57 184
27 160
59 187
62 190
46 182
40 185
46 185
52 176
54 190
52 190
40 190
50 175
28 184
67 192
52 193
62 193
74 183
66 194
45 174
33 191
45 191
32 171
45 171
28 197
63 172
68 178
63 178
72 194
68 194
39 177
47 196
39 196
73 163
25 164
40 193
71 169
25 193
49 168
51 199
46 190
71 193
42 189
43 161
53 188
67 201
31 192
56 173
58 187
44 174
59 198
25 190
45 203
33 203
50 183
27 184
62 200
26 179
67 179
74 205
48 180
69 158
48 158
40 169
25 200
40 200
62 169
73 161
54 193
68 209
64 195
58 213
25 214
62 214
72 209
63 194
39 206
67 212
62 219
43 188
60 202
43 202
53 211
43 211
73 215
53 215
43 215
49 161
35 159
47 207
26 212
37 186
31 179
56 198
59 213
34 175
57 197
34 197
50 205
34 205
74 224
50 224
68 225
72 225
73 227
46 193
52 164
46 164
25 219
52 219
46 219
58 226
