40 543 0 100 0.21 1.61085 1.82085
107 545 0 100 0.27 1.75329 2.02329
27 552 0 100 1.16701e-08 2.17167 2.17167
28 529 0 100 1.31 1.16796 2.47796
109 547 0 100 0.58 1.90759 2.48759
110 541 0 100 1.6 1.53122 3.13122
113 555 0 100 1.26 2.31476 3.57476
71 532 0 100 2.68 1.21823 3.89823
71 567 0 100 0.18 3.81368 3.99368
29 544 0 100 2.44 1.62118 4.06118
65 528 0 100 3.06 1.14467 4.20467
111 556 0 100 2.32 2.32547 4.64547
51 551 0 100 2.58 2.11511 4.69511
106 534 0 100 4.63 1.26256 5.89256
30 557 0 100 3.54 2.36026 5.90026
91 525 0 100 5.59 1.05841 6.64841
75 571 0 100 2.14 4.53639 6.67639
105 581 0 100 0.27 6.47019 6.74019
105 559 0 100 4.25 2.55416 6.80416
82 554 0 100 4.64 2.22607 6.86607
99 561 0 100 4.23 2.86676 7.09676
93 580 0 100 0.79 6.30874 7.09874
35 522 0 100 6.19 1.01515 7.20515
27 570 0 100 2.83 4.5041 7.3341
98 585 0 100 1.16701e-08 7.38108 7.38108
85 562 0 100 4.53 2.91471 7.44471
69 527 0 100 6.51 1.12983 7.63983
84 536 0 100 6.49 1.29564 7.78564
28 577 0 100 2.28 5.58532 7.86532
32 526 0 100 7.28 1.10845 8.38845
110 574 0 100 3.37 5.01952 8.38952
113 584 0 100 1.82 6.97274 8.79274
104 576 0 100 3.34 5.46148 8.80148
104 542 0 100 7.22 1.58804 8.80804
31 531 0 100 7.63 1.21463 8.84463
70 568 0 100 4.83 4.38816 9.21816
66 586 0 100 1.23 8.20747 9.43747
92 549 0 100 7.54 2.05773 9.59773
92 578 0 100 4.02 5.58741 9.60741
92 587 0 100 1.58 8.24169 9.82169
65 575 0 100 4.85 5.13268 9.98268
65 591 0 100 1.31 8.67443 9.98443
52 539 0 100 8.76 1.38964 10.1496
102 579 0 100 4.48 5.67151 10.1515
103 524 0 100 9.87 1.02587 10.8959
81 538 0 100 9.52 1.37739 10.8974
30 569 0 100 6.41 4.49086 10.9009
81 582 0 100 4.22 6.68293 10.9029
37 593 0 100 1.7 9.29407 10.9941
89 590 0 100 2.49 8.66372 11.1537
41 553 0 100 9.17 2.20033 11.3703
34 546 0 100 9.48 1.89869 11.3787
42 550 0 100 9.38 2.07531 11.4553
43 540 0 100 10.09 1.51185 11.6019
91 565 0 100 8.09 3.65337 11.7434
93 558 0 100 9.73 2.5321 12.2621
85 589 0 100 3.98 8.49229 12.4723
27 592 0 100 3.84 8.75176 12.5918
77 560 0 100 10.21 2.63584 12.8458
28 596 0 100 2.84 10.3848 13.2248
110 588 0 100 5.32 8.33792 13.6579
33 605 0 100 0.87 12.7902 13.6602
104 594 0 100 4.03 10.0356 14.0656
39 537 0 100 12.77 1.36021 14.1302
