0 4593
0 4594
0 4595
0 4596
0 4597
0 4598
0 4599
0 4600
0 4601
0 4602
0 4605
25 4604
52 4604
1 4604
0 4609
0 4613
48 4615
52 4616
2 4616
1 4616
0 4618
122 4619
13 4619
14 4619
15 4619
16 4619
17 4619
18 4619
19 4619
20 4619
21 4619
22 4619
23 4619
24 4619
32 4620
2 4620
1 4620
80 4621
49 4622
23 4622
24 4622
0 4626
85 4606
56 4606
117 4624
10 4624
9 4624
8 4624
7 4624
6 4624
5 4624
4 4624
3 4624
2 4624
1 4624
87 4628
2 4628
1 4628
62 4629
120 4631
98 4631
95 4631
37 4631
4 4631
3 4631
2 4631
1 4631
0 4632
84 4603
76 4603
1 4603
101 4627
23 4627
24 4627
93 4636
63 4634
2 4634
1 4634
55 4637
23 4637
24 4637
45 4638
124 4638
63 4638
2 4638
1 4638
0 4639
67 4636
2 4636
1 4636
0 4641
53 4630
57 4630
1 4630
86 4635
5 4635
4 4635
3 4635
2 4635
1 4635
0 4645
96 4606
34 4644
11 4644
10 4644
9 4644
8 4644
7 4644
6 4644
5 4644
4 4644
3 4644
2 4644
1 4644
119 4621
7 4621
6 4621
5 4621
4 4621
3 4621
2 4621
1 4621
40 4647
63 4647
3 4647
2 4647
1 4647
67 4642
3 4642
2 4642
1 4642
0 4651
91 4652
8 4652
7 4652
6 4652
5 4652
4 4652
3 4652
2 4652
1 4652
59 4625
51 4653
11 4653
10 4653
9 4653
8 4653
7 4653
6 4653
5 4653
4 4653
3 4653
2 4653
1 4653
90 4654
53 4654
77 4648
18 4648
19 4648
20 4648
21 4648
22 4648
23 4648
24 4648
35 4657
72 4608
11 4608
10 4608
9 4608
8 4608
7 4608
6 4608
5 4608
4 4608
3 4608
2 4608
1 4608
0 4658
68 4640
61 4625
112 4640
94 4662
61 4663
60 4663
1 4663
71 4666
1 4666
0 4667
43 4625
92 4625
1 4625
107 4664
20 4664
21 4664
22 4664
23 4664
24 4664
95 4668
7 4668
6 4668
5 4668
4 4668
3 4668
2 4668
1 4668
43 4671
92 4671
1 4671
30 4660
79 4612
104 4672
20 4672
21 4672
22 4672
23 4672
24 4672
65 4662
22 4662
23 4662
24 4662
100 4646
22 4646
23 4646
24 4646
31 4670
24 4670
36 4655
100 4655
22 4655
23 4655
24 4655
0 4674
92 4675
1 4675
103 4623
5 4623
4 4623
3 4623
2 4623
1 4623
64 4610
20 4610
21 4610
22 4610
23 4610
24 4610
115 4676
22 4676
23 4676
24 4676
52 4660
75 4669
16 4669
17 4669
18 4669
19 4669
20 4669
21 4669
22 4669
23 4669
24 4669
112 4679
1 4679
41 4681
5 4681
4 4681
3 4681
2 4681
1 4681
0 4682
116 4683
60 4686
2 4686
1 4686
82 4656
92 4656
2 4656
1 4656
76 4657
5 4657
4 4657
3 4657
2 4657
1 4657
88 4611
14 4611
15 4611
16 4611
17 4611
18 4611
19 4611
20 4611
21 4611
22 4611
23 4611
24 4611
0 4688
68 4612
114 4685
13 4685
14 4685
15 4685
16 4685
17 4685
18 4685
19 4685
20 4685
21 4685
22 4685
23 4685
24 4685
103 4683
6 4683
5 4683
4 4683
3 4683
2 4683
1 4683
105 4612
1 4612
58 4689
21 4689
22 4689
23 4689
24 4689
28 4673
9 4673
8 4673
7 4673
6 4673
5 4673
4 4673
3 4673
2 4673
1 4673
108 4649
19 4649
20 4649
21 4649
22 4649
23 4649
24 4649
0 4692
66 4684
19 4684
20 4684
21 4684
22 4684
23 4684
24 4684
76 4690
6 4690
5 4690
4 4690
3 4690
2 4690
1 4690
0 4694
96 4650
124 4697
69 4677
88 4677
15 4677
16 4677
17 4677
18 4677
19 4677
20 4677
21 4677
22 4677
23 4677
24 4677
81 4695
17 4695
18 4695
19 4695
20 4695
21 4695
22 4695
23 4695
24 4695
44 4617
15 4617
16 4617
17 4617
18 4617
19 4617
20 4617
21 4617
22 4617
23 4617
24 4617
0 4699
121 4701
24 4701
33 4704
9 4704
8 4704
7 4704
6 4704
5 4704
4 4704
3 4704
2 4704
1 4704
57 4654
6 4654
5 4654
4 4654
3 4654
2 4654
1 4654
26 4691
2 4691
1 4691
0 4707
83 4633
20 4633
21 4633
22 4633
23 4633
24 4633
74 4706
17 4706
18 4706
19 4706
20 4706
21 4706
22 4706
23 4706
24 4706
119 4705
12 4705
11 4705
10 4705
9 4705
8 4705
7 4705
6 4705
5 4705
4 4705
3 4705
2 4705
1 4705
57 4713
6 4713
5 4713
4 4713
3 4713
2 4713
1 4713
116 4697
78 4714
2 4714
1 4714
0 4715
89 4716
73 4703
11 4703
10 4703
9 4703
8 4703
7 4703
6 4703
5 4703
4 4703
3 4703
2 4703
1 4703
54 4718
8 4718
7 4718
6 4718
5 4718
4 4718
3 4718
2 4718
1 4718
123 4719
22 4719
23 4719
24 4719
0 4720
65 4698
50 4661
2 4661
1 4661
100 4698
1 4698
46 4708
87 4708
41 4708
9 4708
8 4708
7 4708
6 4708
5 4708
4 4708
3 4708
2 4708
1 4708
0 4721
82 4716
0 4722
70 4693
0 4723
102 4607
1 4607
0 4724
27 4709
29 4696
7 4696
6 4696
5 4696
4 4696
3 4696
2 4696
1 4696
97 4614
2 4614
1 4614
0 4725
38 4678
20 4678
21 4678
22 4678
23 4678
24 4678
0 4726
99 4711
31 4711
6 4711
5 4711
4 4711
3 4711
2 4711
1 4711
56 4712
10 4712
9 4712
8 4712
7 4712
6 4712
5 4712
4 4712
3 4712
2 4712
1 4712
77 4709
1 4709
39 4606
10 4606
9 4606
8 4606
7 4606
6 4606
5 4606
4 4606
3 4606
2 4606
1 4606
0 4727
42 4659
88 4659
20 4659
21 4659
22 4659
23 4659
24 4659
0 4728
109 4643
23 4643
24 4643
0 4729
105 4700
8 4700
7 4700
6 4700
5 4700
4 4700
3 4700
2 4700
1 4700
0 4730
0 4731
45 4732
14 4732
15 4732
16 4732
17 4732
18 4732
19 4732
20 4732
21 4732
22 4732
23 4732
24 4732
37 4702
17 4702
18 4702
19 4702
20 4702
21 4702
22 4702
23 4702
24 4702
111 4680
112 4680
10 4680
9 4680
8 4680
7 4680
6 4680
5 4680
4 4680
3 4680
2 4680
1 4680
40 4733
14 4733
15 4733
16 4733
17 4733
18 4733
19 4733
20 4733
21 4733
22 4733
23 4733
24 4733
0 4734
93 4735
62 4736
122 4736
2 4736
1 4736
64 4737
5 4737
4 4737
3 4737
2 4737
1 4737
0 4738
67 4735
15 4735
16 4735
17 4735
18 4735
19 4735
20 4735
21 4735
22 4735
23 4735
24 4735
67 4739
15 4739
16 4739
17 4739
18 4739
19 4739
20 4739
21 4739
22 4739
23 4739
24 4739
49 4740
61 4740
0 4743
72 4742
23 4742
24 4742
68 4745
11 4745
10 4745
9 4745
8 4745
7 4745
6 4745
5 4745
4 4745
3 4745
2 4745
1 4745
0 4746
110 4717
9 4717
8 4717
7 4717
6 4717
5 4717
4 4717
3 4717
2 4717
1 4717
71 4748
13 4748
14 4748
15 4748
16 4748
17 4748
18 4748
19 4748
20 4748
21 4748
22 4748
23 4748
24 4748
95 4749
19 4749
20 4749
21 4749
22 4749
23 4749
24 4749
0 4750
66 4751
4 4751
3 4751
2 4751
1 4751
43 4753
13 4753
14 4753
15 4753
16 4753
17 4753
18 4753
19 4753
20 4753
21 4753
22 4753
23 4753
24 4753
0 4755
84 4756
16 4756
17 4756
18 4756
19 4756
20 4756
21 4756
22 4756
23 4756
24 4756
90 4744
16 4744
17 4744
18 4744
19 4744
20 4744
21 4744
22 4744
23 4744
24 4744
79 4757
12 4757
11 4757
10 4757
9 4757
8 4757
7 4757
6 4757
5 4757
4 4757
3 4757
2 4757
1 4757
0 4758
35 4760
17 4760
18 4760
19 4760
20 4760
21 4760
22 4760
23 4760
24 4760
118 4629
6 4629
5 4629
4 4629
3 4629
2 4629
1 4629
80 4761
22 4761
23 4761
24 4761
0 4762
103 4697
18 4697
19 4697
20 4697
21 4697
22 4697
23 4697
24 4697
47 4710
23 4710
24 4710
82 4740
0 4763
30 4764
25 4764
20 4764
21 4764
22 4764
23 4764
24 4764
98 4665
22 4665
23 4665
24 4665
0 4766
86 4767
120 4752
121 4768
11 4768
10 4768
9 4768
8 4768
7 4768
6 4768
5 4768
4 4768
3 4768
2 4768
1 4768
87 4741
73 4769
22 4769
23 4769
24 4769
0 4771
108 4772
54 4773
19 4773
20 4773
21 4773
22 4773
23 4773
24 4773
115 4774
12 4774
11 4774
10 4774
9 4774
8 4774
7 4774
6 4774
5 4774
4 4774
3 4774
2 4774
1 4774
98 4752
95 4752
22 4752
23 4752
24 4752
46 4775
0 4776
103 4741
20 4741
21 4741
22 4741
23 4741
24 4741
44 4777
114 4777
2 4777
1 4777
87 4775
103 4775
20 4775
21 4775
22 4775
23 4775
24 4775
0 4778
52 4767
22 4767
23 4767
24 4767
101 4781
16 4781
17 4781
18 4781
19 4781
20 4781
21 4781
22 4781
23 4781
24 4781
89 4770
71 4770
17 4770
18 4770
19 4770
20 4770
21 4770
22 4770
23 4770
24 4770
88 4782
44 4782
3 4782
2 4782
1 4782
0 4783
0 4786
60 4788
18 4788
19 4788
20 4788
21 4788
22 4788
23 4788
24 4788
117 4779
5 4779
4 4779
3 4779
2 4779
1 4779
85 4759
20 4759
21 4759
22 4759
23 4759
24 4759
53 4754
85 4754
20 4754
21 4754
22 4754
23 4754
24 4754
0 4791
63 4792
97 4790
104 4790
0 4793
25 4794
24 4794
58 4789
12 4789
11 4789
10 4789
9 4789
8 4789
7 4789
6 4789
5 4789
4 4789
3 4789
2 4789
1 4789
0 4800
59 4801
20 4801
21 4801
22 4801
23 4801
24 4801
52 4796
64 4790
13 4790
14 4790
15 4790
16 4790
17 4790
18 4790
19 4790
20 4790
21 4790
22 4790
23 4790
24 4790
0 4805
86 4796
123 4765
12 4765
11 4765
10 4765
9 4765
8 4765
7 4765
6 4765
5 4765
4 4765
3 4765
2 4765
1 4765
41 4806
26 4802
18 4802
19 4802
20 4802
21 4802
22 4802
23 4802
24 4802
32 4660
36 4747
15 4747
16 4747
17 4747
18 4747
19 4747
20 4747
21 4747
22 4747
23 4747
24 4747
0 4809
94 4797
36 4797
15 4797
16 4797
17 4797
18 4797
19 4797
20 4797
21 4797
22 4797
23 4797
24 4797
122 4772
96 4810
22 4810
23 4810
24 4810
76 4792
23 4792
24 4792
48 4795
76 4795
23 4795
24 4795
0 4812
105 4813
26 4813
18 4813
19 4813
20 4813
21 4813
22 4813
23 4813
24 4813
38 4785
74 4785
8 4785
7 4785
6 4785
5 4785
4 4785
3 4785
2 4785
1 4785
106 4650
22 4650
23 4650
24 4650
124 4814
24 4814
27 4815
13 4815
14 4815
15 4815
16 4815
17 4815
18 4815
19 4815
20 4815
21 4815
22 4815
23 4815
24 4815
107 4816
34 4817
7 4817
6 4817
5 4817
4 4817
3 4817
2 4817
1 4817
0 4818
67 4806
114 4799
7 4799
6 4799
5 4799
4 4799
3 4799
2 4799
1 4799
57 4820
23 4820
24 4820
0 4821
33 4798
32 4798
1 4798
0 4823
112 4824
21 4824
22 4824
23 4824
24 4824
69 4825
44 4825
8 4825
7 4825
6 4825
5 4825
4 4825
3 4825
2 4825
1 4825
0 4827
45 4806
116 4829
1 4829
0 4830
63 4806
28 4822
31 4780
78 4780
20 4780
21 4780
22 4780
23 4780
24 4780
48 4806
1 4806
39 4831
24 4831
51 4819
9 4819
8 4819
7 4819
6 4819
5 4819
4 4819
3 4819
2 4819
1 4819
0 4832
77 4784
123 4784
16 4784
17 4784
18 4784
19 4784
20 4784
21 4784
22 4784
23 4784
24 4784
93 4833
45 4833
63 4833
0 4834
61 4835
24 4835
113 4687
11 4687
10 4687
9 4687
8 4687
7 4687
6 4687
5 4687
4 4687
3 4687
2 4687
1 4687
30 4822
90 4836
0 4837
92 4740
111 4838
112 4838
24 4838
0 4839
55 4716
52 4822
32 4822
5 4822
4 4822
3 4822
2 4822
1 4822
65 4841
70 4816
19 4816
20 4816
21 4816
22 4816
23 4816
24 4816
0 4843
104 4828
70 4828
19 4828
20 4828
21 4828
22 4828
23 4828
24 4828
75 4804
15 4804
16 4804
17 4804
18 4804
19 4804
20 4804
21 4804
22 4804
23 4804
24 4804
110 4842
22 4842
23 4842
24 4842
60 4740
1 4740
72 4844
11 4844
10 4844
9 4844
8 4844
7 4844
6 4844
5 4844
4 4844
3 4844
2 4844
1 4844
0 4845
102 4787
20 4787
21 4787
22 4787
23 4787
24 4787
103 4840
5 4840
4 4840
3 4840
2 4840
1 4840
0 4846
92 4716
101 4716
1 4716
95 4847
7 4847
6 4847
5 4847
4 4847
3 4847
2 4847
1 4847
109 4811
15 4811
16 4811
17 4811
18 4811
19 4811
20 4811
21 4811
22 4811
23 4811
24 4811
119 4848
9 4848
8 4848
7 4848
6 4848
5 4848
4 4848
3 4848
2 4848
1 4848
56 4849
3 4849
2 4849
1 4849
0 4850
53 4836
57 4836
106 4836
3 4836
2 4836
1 4836
0 4853
78 4855
24 4855
0 4857
53 4858
5 4858
4 4858
3 4858
2 4858
1 4858
44 4852
0 4861
114 4852
14 4852
15 4852
16 4852
17 4852
18 4852
19 4852
20 4852
21 4852
22 4852
23 4852
24 4852
100 4808
24 4808
99 4862
1 4862
74 4859
0 4863
94 4841
30 4865
9 4865
8 4865
7 4865
6 4865
5 4865
4 4865
3 4865
2 4865
1 4865
40 4868
7 4868
6 4868
5 4868
4 4868
3 4868
2 4868
1 4868
113 4859
16 4859
17 4859
18 4859
19 4859
20 4859
21 4859
22 4859
23 4859
24 4859
0 4869
50 4867
115 4841
120 4866
84 4870
7 4870
6 4870
5 4870
4 4870
3 4870
2 4870
1 4870
83 4772
20 4772
21 4772
22 4772
23 4772
24 4772
0 4872
88 4873
16 4873
17 4873
18 4873
19 4873
20 4873
21 4873
22 4873
23 4873
24 4873
0 4875
25 4876
10 4876
9 4876
8 4876
7 4876
6 4876
5 4876
4 4876
3 4876
2 4876
1 4876
29 4871
0 4878
0 4880
63 4881
9 4881
8 4881
7 4881
6 4881
5 4881
4 4881
3 4881
2 4881
1 4881
82 4856
61 4856
6 4856
5 4856
4 4856
3 4856
2 4856
1 4856
42 4882
17 4882
18 4882
19 4882
20 4882
21 4882
22 4882
23 4882
24 4882
115 4883
2 4883
1 4883
0 4885
91 4807
15 4807
16 4807
17 4807
18 4807
19 4807
20 4807
21 4807
22 4807
23 4807
24 4807
45 4886
0 4887
103 4886
11 4886
10 4886
9 4886
8 4886
7 4886
6 4886
5 4886
4 4886
3 4886
2 4886
1 4886
112 4871
81 4803
20 4803
21 4803
22 4803
23 4803
24 4803
79 4851
6 4851
5 4851
4 4851
3 4851
2 4851
1 4851
32 4884
12 4884
11 4884
10 4884
9 4884
8 4884
7 4884
6 4884
5 4884
4 4884
3 4884
2 4884
1 4884
46 4889
12 4889
11 4889
10 4889
9 4889
8 4889
7 4889
6 4889
5 4889
4 4889
3 4889
2 4889
1 4889
0 4890
110 4867
4 4867
3 4867
2 4867
1 4867
101 4892
7 4892
6 4892
5 4892
4 4892
3 4892
2 4892
1 4892
86 4860
13 4860
14 4860
15 4860
16 4860
17 4860
18 4860
19 4860
20 4860
21 4860
22 4860
23 4860
24 4860
67 4877
11 4877
10 4877
9 4877
8 4877
7 4877
6 4877
5 4877
4 4877
3 4877
2 4877
1 4877
59 4893
87 4891
12 4891
11 4891
10 4891
9 4891
8 4891
7 4891
6 4891
5 4891
4 4891
3 4891
2 4891
1 4891
62 4894
24 4894
0 4895
36 4896
3 4896
2 4896
1 4896
76 4826
11 4826
10 4826
9 4826
8 4826
7 4826
6 4826
5 4826
4 4826
3 4826
2 4826
1 4826
82 4893
0 4897
80 4854
16 4854
17 4854
18 4854
19 4854
20 4854
21 4854
22 4854
23 4854
24 4854
61 4893
9 4893
8 4893
7 4893
6 4893
5 4893
4 4893
3 4893
2 4893
1 4893
0 4898
49 4899
10 4899
9 4899
8 4899
7 4899
6 4899
5 4899
4 4899
3 4899
2 4899
1 4899
0 4900
116 4902
13 4902
14 4902
15 4902
16 4902
17 4902
18 4902
19 4902
20 4902
21 4902
22 4902
23 4902
24 4902
37 4866
16 4866
17 4866
18 4866
19 4866
20 4866
21 4866
22 4866
23 4866
24 4866
0 4904
58 4906
3 4906
2 4906
1 4906
71 4908
61 4908
10 4908
9 4908
8 4908
7 4908
6 4908
5 4908
4 4908
3 4908
2 4908
1 4908
89 4909
61 4909
10 4909
9 4909
8 4909
7 4909
6 4909
5 4909
4 4909
3 4909
2 4909
1 4909
31 4910
8 4910
7 4910
6 4910
5 4910
4 4910
3 4910
2 4910
1 4910
0 4911
38 4912
66 4913
1 4913
57 4914
39 4907
12 4907
11 4907
10 4907
9 4907
8 4907
7 4907
6 4907
5 4907
4 4907
3 4907
2 4907
1 4907
0 4916
108 4918
0 4919
77 4920
66 4918
2 4918
1 4918
68 4871
10 4871
9 4871
8 4871
7 4871
6 4871
5 4871
4 4871
3 4871
2 4871
1 4871
74 4912
113 4912
88 4912
23 4912
24 4912
0 4922
27 4920
4 4920
3 4920
2 4920
1 4920
93 4924
16 4924
17 4924
18 4924
19 4924
20 4924
21 4924
22 4924
23 4924
24 4924
98 4926
19 4926
20 4926
21 4926
22 4926
23 4926
24 4926
0 4927
118 4874
27 4874
4 4874
3 4874
2 4874
1 4874
35 4903
15 4903
16 4903
17 4903
18 4903
19 4903
20 4903
21 4903
22 4903
23 4903
24 4903
104 4923
54 4928
35 4928
15 4928
16 4928
17 4928
18 4928
19 4928
20 4928
21 4928
22 4928
23 4928
24 4928
0 4930
27 4929
5 4929
4 4929
3 4929
2 4929
1 4929
78 4925
10 4925
9 4925
8 4925
7 4925
6 4925
5 4925
4 4925
3 4925
2 4925
1 4925
123 4915
27 4915
5 4915
4 4915
3 4915
2 4915
1 4915
0 4931
102 4933
7 4933
6 4933
5 4933
4 4933
3 4933
2 4933
1 4933
113 4935
43 4864
0 4936
52 4934
19 4934
20 4934
21 4934
22 4934
23 4934
24 4934
69 4937
109 4938
2 4938
1 4938
112 4939
13 4939
14 4939
15 4939
16 4939
17 4939
18 4939
19 4939
20 4939
21 4939
22 4939
23 4939
24 4939
0 4940
121 4941
124 4901
18 4901
19 4901
20 4901
21 4901
22 4901
23 4901
24 4901
0 4944
65 4932
11 4932
10 4932
9 4932
8 4932
7 4932
6 4932
5 4932
4 4932
3 4932
2 4932
1 4932
0 4946
51 4947
40 4948
18 4948
19 4948
20 4948
21 4948
22 4948
23 4948
24 4948
88 4956
44 4956
2 4956
1 4956
90 4955
19 4955
20 4955
21 4955
22 4955
23 4955
24 4955
34 4958
69 4958
42 4958
2 4958
1 4958
110 4957
13 4957
14 4957
15 4957
16 4957
17 4957
18 4957
19 4957
20 4957
21 4957
22 4957
23 4957
24 4957
0 4959
60 4921
17 4921
18 4921
19 4921
20 4921
21 4921
22 4921
23 4921
24 4921
74 4960
85 4962
18 4962
19 4962
20 4962
21 4962
22 4962
23 4962
24 4962
41 4963
0 4965
53 4950
85 4950
39 4950
18 4950
19 4950
20 4950
21 4950
22 4950
23 4950
24 4950
28 4966
23 4966
24 4966
117 4945
4 4945
3 4945
2 4945
1 4945
0 4967
44 4968
120 4969
24 4969
64 4888
11 4888
10 4888
9 4888
8 4888
7 4888
6 4888
5 4888
4 4888
3 4888
2 4888
1 4888
83 4970
8 4970
7 4970
6 4970
5 4970
4 4970
3 4970
2 4970
1 4970
0 4973
42 4968
4 4968
3 4968
2 4968
1 4968
111 4974
17 4974
18 4974
19 4974
20 4974
21 4974
22 4974
23 4974
24 4974
50 4961
33 4976
32 4976
23 4976
24 4976
107 4978
87 4975
0 4979
73 4905
95 4982
0 4983
25 4953
30 4953
24 4953
86 4980
30 4980
24 4980
102 4978
13 4978
14 4978
15 4978
16 4978
17 4978
18 4978
19 4978
20 4978
21 4978
22 4978
23 4978
24 4978
103 4975
23 4975
24 4975
0 4985
0 4987
122 4949
106 4914
21 4914
22 4914
23 4914
24 4914
76 4989
23 4989
24 4989
55 4991
20 4991
21 4991
22 4991
23 4991
24 4991
0 4992
105 4977
18 4977
19 4977
20 4977
21 4977
22 4977
23 4977
24 4977
92 4993
63 4986
76 4986
23 4986
24 4986
101 4993
20 4993
21 4993
22 4993
23 4993
24 4993
30 4994
1 4994
0 4995
94 4972
16 4972
17 4972
18 4972
19 4972
20 4972
21 4972
22 4972
23 4972
24 4972
97 4879
102 4879
15 4879
16 4879
17 4879
18 4879
19 4879
20 4879
21 4879
22 4879
23 4879
24 4879
79 4988
20 4988
21 4988
22 4988
23 4988
24 4988
0 4996
45 4997
48 4833
100 4990
17 4990
18 4990
19 4990
20 4990
21 4990
22 4990
23 4990
24 4990
119 4971
4 4971
3 4971
2 4971
1 4971
40 4833
61 4864
22 4864
23 4864
24 4864
0 4998
49 4999
101 5000
111 5000
21 5000
22 5000
23 5000
24 5000
0 5001
116 4963
72 4964
8 4964
7 4964
6 4964
5 4964
4 4964
3 4964
2 4964
1 4964
71 4999
61 4999
23 4999
24 4999
46 5002
56 4952
24 4952
0 5003
96 4942
118 5004
27 5004
15 5004
16 5004
17 5004
18 5004
19 5004
20 5004
21 5004
22 5004
23 5004
24 5004
37 4984
0 5006
47 4917
7 4917
6 4917
5 4917
4 4917
3 4917
2 4917
1 4917
102 5007
17 5007
18 5007
19 5007
20 5007
21 5007
22 5007
23 5007
24 5007
0 5008
53 4942
1 4942
36 4941
19 4941
20 4941
21 4941
22 4941
23 4941
24 4941
0 5011
0 5012
82 5009
29 5013
24 5013
103 5014
45 5014
40 5014
3 5014
2 5014
1 5014
0 5015
39 5010
59 5010
1 5010
35 5018
87 5002
103 5002
45 5002
40 5002
4 5002
3 5002
2 5002
1 5002
0 5019
57 5016
106 5016
31 5020
0 5024
66 4949
17 4949
18 4949
19 4949
20 4949
21 4949
22 4949
23 4949
24 4949
68 5025
93 5027
5 5027
4 5027
3 5027
2 5027
1 5027
0 5028
99 5029
105 5029
0 5030
78 5020
77 5031
99 5020
0 5033
51 5034
13 5034
14 5034
15 5034
16 5034
17 5034
18 5034
19 5034
20 5034
21 5034
22 5034
23 5034
24 5034
84 5005
90 5005
5 5005
4 5005
3 5005
2 5005
1 5005
95 4984
9 4984
8 4984
7 4984
6 4984
5 4984
4 4984
3 4984
2 4984
1 4984
0 5035
26 4943
1 4943
0 5038
91 5032
12 5032
11 5032
10 5032
9 5032
8 5032
7 5032
6 5032
5 5032
4 5032
3 5032
2 5032
1 5032
62 5040
20 5040
21 5040
22 5040
23 5040
24 5040
87 5041
8 5041
7 5041
6 5041
5 5041
4 5041
3 5041
2 5041
1 5041
0 5042
117 5043
16 5043
17 5043
18 5043
19 5043
20 5043
21 5043
22 5043
23 5043
24 5043
75 4981
19 4981
20 4981
21 4981
22 4981
23 4981
24 4981
0 5044
115 5026
69 5045
76 5018
90 5018
7 5018
6 5018
5 5018
4 5018
3 5018
2 5018
1 5018
66 5047
20 5047
21 5047
22 5047
23 5047
24 5047
80 5048
119 5048
12 5048
11 5048
10 5048
9 5048
8 5048
7 5048
6 5048
5 5048
4 5048
3 5048
2 5048
1 5048
36 5036
0 5049
76 5050
90 5050
7 5050
6 5050
5 5050
4 5050
3 5050
2 5050
1 5050
95 5051
11 5051
10 5051
9 5051
8 5051
7 5051
6 5051
5 5051
4 5051
3 5051
2 5051
1 5051
42 5045
16 5045
17 5045
18 5045
19 5045
20 5045
21 5045
22 5045
23 5045
24 5045
0 5052
89 5053
104 5055
102 5055
24 5055
109 5023
19 5023
20 5023
21 5023
22 5023
23 5023
24 5023
0 5056
121 5026
36 5026
1 5026
70 4923
107 5054
71 5053
6 5053
5 5053
4 5053
3 5053
2 5053
1 5053
54 4963
9 4963
8 4963
7 4963
6 4963
5 4963
4 4963
3 4963
2 4963
1 4963
86 5057
58 5058
24 5058
50 5059
3 5059
2 5059
1 5059
0 5060
41 5062
40 5062
10 5062
9 5062
8 5062
7 5062
6 5062
5 5062
4 5062
3 5062
2 5062
1 5062
111 5046
0 5063
53 5064
9 5064
8 5064
7 5064
6 5064
5 5064
4 5064
3 5064
2 5064
1 5064
54 5061
10 5061
9 5061
8 5061
7 5061
6 5061
5 5061
4 5061
3 5061
2 5061
1 5061
67 5039
10 5039
9 5039
8 5039
7 5039
6 5039
5 5039
4 5039
3 5039
2 5039
1 5039
44 5065
42 5065
18 5065
19 5065
20 5065
21 5065
22 5065
23 5065
24 5065
79 5046
6 5046
5 5046
4 5046
3 5046
2 5046
1 5046
88 5067
0 5068
114 4947
18 4947
19 4947
20 4947
21 4947
22 4947
23 4947
24 4947
102 4923
56 5069
83 5037
23 5037
24 5037
0 5070
81 5022
21 5022
22 5022
23 5022
24 5022
0 5071
124 5072
40 5072
12 5072
11 5072
10 5072
9 5072
8 5072
7 5072
6 5072
5 5072
4 5072
3 5072
2 5072
1 5072
79 5073
7 5073
6 5073
5 5073
4 5073
3 5073
2 5073
1 5073
108 5074
24 5074
0 5075
71 5080
9 5080
8 5080
7 5080
6 5080
5 5080
4 5080
3 5080
2 5080
1 5080
101 5081
9 5081
8 5081
7 5081
6 5081
5 5081
4 5081
3 5081
2 5081
1 5081
0 5082
123 5078
64 4923
3 4923
2 4923
1 4923
102 5079
64 5079
3 5079
2 5079
1 5079
43 5077
71 5077
0 5083
92 5084
9 5084
8 5084
7 5084
6 5084
5 5084
4 5084
3 5084
2 5084
1 5084
55 5077
10 5077
9 5077
8 5077
7 5077
6 5077
5 5077
4 5077
3 5077
2 5077
1 5077
39 5085
11 5085
10 5085
9 5085
8 5085
7 5085
6 5085
5 5085
4 5085
3 5085
2 5085
1 5085
34 5087
0 5088
119 5089
17 5089
18 5089
19 5089
20 5089
21 5089
22 5089
23 5089
24 5089
121 5091
5 5091
4 5091
3 5091
2 5091
1 5091
46 5090
87 5090
110 4961
7 4961
6 4961
5 4961
4 4961
3 4961
2 4961
1 4961
0 5094
64 5095
4 5095
3 5095
2 5095
1 5095
106 5069
12 5069
11 5069
10 5069
9 5069
8 5069
7 5069
6 5069
5 5069
4 5069
3 5069
2 5069
1 5069
85 5092
106 5092
12 5092
11 5092
10 5092
9 5092
8 5092
7 5092
6 5092
5 5092
4 5092
3 5092
2 5092
1 5092
33 5096
15 5096
16 5096
17 5096
18 5096
19 5096
20 5096
21 5096
22 5096
23 5096
24 5096
98 5097
37 5097
74 5076
52 5057
16 5057
17 5057
18 5057
19 5057
20 5057
21 5057
22 5057
23 5057
24 5057
93 5090
0 5098
94 5086
6 5086
5 5086
4 5086
3 5086
2 5086
1 5086
70 5054
5 5054
4 5054
3 5054
2 5054
1 5054
0 5101
65 5103
8 5103
7 5103
6 5103
5 5103
4 5103
3 5103
2 5103
1 5103
0 5104
