0 2619
0 2620
0 2621
0 2622
0 2623
0 2624
0 2625
0 2626
0 2627
0 2628
32 2629
33 2629
2 2629
1 2629
65 2630
4 2630
3 2630
2 2630
1 2630
0 2631
0 2635
33 2636
4 2636
3 2636
2 2636
1 2636
0 2638
51 2641
14 2641
15 2641
16 2641
17 2641
18 2641
19 2641
20 2641
21 2641
22 2641
23 2641
24 2641
0 2643
55 2644
13 2644
14 2644
15 2644
16 2644
17 2644
18 2644
19 2644
20 2644
21 2644
22 2644
23 2644
24 2644
41 2645
18 2645
19 2645
20 2645
21 2645
22 2645
23 2645
24 2645
0 2646
62 2648
9 2648
8 2648
7 2648
6 2648
5 2648
4 2648
3 2648
2 2648
1 2648
45 2649
33 2649
5 2649
4 2649
3 2649
2 2649
1 2649
0 2650
74 2651
23 2651
24 2651
57 2652
67 2652
19 2652
20 2652
21 2652
22 2652
23 2652
24 2652
26 2632
1 2632
47 2639
63 2639
5 2639
4 2639
3 2639
2 2639
1 2639
71 2655
7 2655
6 2655
5 2655
4 2655
3 2655
2 2655
1 2655
0 2656
39 2657
19 2657
20 2657
21 2657
22 2657
23 2657
24 2657
0 2659
49 2654
40 2634
3 2634
2 2634
1 2634
50 2658
3 2658
2 2658
1 2658
0 2663
72 2661
13 2661
14 2661
15 2661
16 2661
17 2661
18 2661
19 2661
20 2661
21 2661
22 2661
23 2661
24 2661
36 2637
11 2637
10 2637
9 2637
8 2637
7 2637
6 2637
5 2637
4 2637
3 2637
2 2637
1 2637
56 2665
6 2665
5 2665
4 2665
3 2665
2 2665
1 2665
0 2667
74 2654
0 2668
25 2666
15 2666
16 2666
17 2666
18 2666
19 2666
20 2666
21 2666
22 2666
23 2666
24 2666
0 2669
59 2670
18 2670
19 2670
20 2670
21 2670
22 2670
23 2670
24 2670
0 2672
60 2662
67 2673
22 2673
23 2673
24 2673
30 2674
49 2662
1 2662
70 2676
17 2676
18 2676
19 2676
20 2676
21 2676
22 2676
23 2676
24 2676
0 2677
64 2678
67 2678
23 2678
24 2678
46 2633
4 2633
3 2633
2 2633
1 2633
0 2679
38 2680
0 2684
42 2685
66 2681
67 2681
24 2681
0 2688
0 2691
0 2695
37 2696
16 2696
17 2696
18 2696
19 2696
20 2696
21 2696
22 2696
23 2696
24 2696
34 2697
9 2697
8 2697
7 2697
6 2697
5 2697
4 2697
3 2697
2 2697
1 2697
31 2694
13 2694
14 2694
15 2694
16 2694
17 2694
18 2694
19 2694
20 2694
21 2694
22 2694
23 2694
24 2694
0 2698
69 2686
23 2686
24 2686
0 2699
44 2682
23 2682
24 2682
29 2642
8 2642
7 2642
6 2642
5 2642
4 2642
3 2642
2 2642
1 2642
53 2647
19 2647
20 2647
21 2647
22 2647
23 2647
24 2647
48 2692
29 2692
8 2692
7 2692
6 2692
5 2692
4 2692
3 2692
2 2692
1 2692
0 2700
54 2660
8 2660
7 2660
6 2660
5 2660
4 2660
3 2660
2 2660
1 2660
27 2689
10 2689
9 2689
8 2689
7 2689
6 2689
5 2689
4 2689
3 2689
2 2689
1 2689
0 2702
63 2671
13 2671
14 2671
15 2671
16 2671
17 2671
18 2671
19 2671
20 2671
21 2671
22 2671
23 2671
24 2671
0 2703
43 2687
18 2687
19 2687
20 2687
21 2687
22 2687
23 2687
24 2687
0 2704
0 2705
52 2640
23 2640
24 2640
62 2706
19 2706
20 2706
21 2706
22 2706
23 2706
24 2706
0 2707
61 2693
15 2693
16 2693
17 2693
18 2693
19 2693
20 2693
21 2693
22 2693
23 2693
24 2693
0 2708
0 2709
73 2683
15 2683
16 2683
17 2683
18 2683
19 2683
20 2683
21 2683
22 2683
23 2683
24 2683
0 2710
0 2711
41 2712
6 2712
5 2712
4 2712
3 2712
2 2712
1 2712
74 2713
0 2714
0 2715
0 2718
0 2719
0 2720
58 2690
72 2690
1 2690
0 2721
35 2675
28 2664
22 2664
23 2664
24 2664
0 2725
0 2727
71 2728
56 2726
21 2726
22 2726
23 2726
24 2726
0 2729
32 2731
22 2731
23 2731
24 2731
0 2732
62 2675
43 2675
1 2675
59 2733
8 2733
7 2733
6 2733
5 2733
4 2733
3 2733
2 2733
1 2733
0 2734
33 2716
23 2716
24 2716
68 2653
53 2653
0 2736
49 2713
16 2713
17 2713
18 2713
19 2713
20 2713
21 2713
22 2713
23 2713
24 2713
70 2737
7 2737
6 2737
5 2737
4 2737
3 2737
2 2737
1 2737
0 2738
57 2739
12 2739
11 2739
10 2739
9 2739
8 2739
7 2739
6 2739
5 2739
4 2739
3 2739
2 2739
1 2739
0 2740
38 2723
15 2723
16 2723
17 2723
18 2723
19 2723
20 2723
21 2723
22 2723
23 2723
24 2723
26 2742
20 2742
21 2742
22 2742
23 2742
24 2742
0 2743
67 2744
13 2744
14 2744
15 2744
16 2744
17 2744
18 2744
19 2744
20 2744
21 2744
22 2744
23 2744
24 2744
66 2735
13 2735
14 2735
15 2735
16 2735
17 2735
18 2735
19 2735
20 2735
21 2735
22 2735
23 2735
24 2735
40 2730
22 2730
23 2730
24 2730
0 2745
65 2746
30 2717
17 2717
18 2717
19 2717
20 2717
21 2717
22 2717
23 2717
24 2717
0 2748
0 2749
64 2750
66 2750
14 2750
15 2750
16 2750
17 2750
18 2750
19 2750
20 2750
21 2750
22 2750
23 2750
24 2750
72 2653
7 2653
6 2653
5 2653
4 2653
3 2653
2 2653
1 2653
0 2751
31 2728
3 2728
2 2728
1 2728
51 2747
12 2747
11 2747
10 2747
9 2747
8 2747
7 2747
6 2747
5 2747
4 2747
3 2747
2 2747
1 2747
0 2752
44 2753
51 2753
12 2753
11 2753
10 2753
9 2753
8 2753
7 2753
6 2753
5 2753
4 2753
3 2753
2 2753
1 2753
28 2746
4 2746
3 2746
2 2746
1 2746
39 2754
31 2755
4 2755
3 2755
2 2755
1 2755
0 2756
69 2757
44 2757
13 2757
14 2757
15 2757
16 2757
17 2757
18 2757
19 2757
20 2757
21 2757
22 2757
23 2757
24 2757
0 2758
0 2759
47 2760
36 2761
8 2761
7 2761
6 2761
5 2761
4 2761
3 2761
2 2761
1 2761
45 2762
4 2762
3 2762
2 2762
1 2762
0 2763
63 2760
3 2760
2 2760
1 2760
50 2764
1 2764
0 2765
29 2741
66 2754
18 2754
19 2754
20 2754
21 2754
22 2754
23 2754
24 2754
0 2767
0 2768
0 2771
27 2769
34 2772
4 2772
3 2772
2 2772
1 2772
53 2773
12 2773
11 2773
10 2773
9 2773
8 2773
7 2773
6 2773
5 2773
4 2773
3 2773
2 2773
1 2773
0 2774
46 2776
1 2776
0 2778
0 2780
55 2685
16 2685
17 2685
18 2685
19 2685
20 2685
21 2685
22 2685
23 2685
24 2685
0 2782
0 2784
54 2785
3 2785
2 2785
1 2785
26 2769
0 2786
48 2781
0 2790
35 2791
13 2791
14 2791
15 2791
16 2791
17 2791
18 2791
19 2791
20 2791
21 2791
22 2791
23 2791
24 2791
0 2792
57 2793
23 2793
24 2793
0 2794
40 2795
7 2795
6 2795
5 2795
4 2795
3 2795
2 2795
1 2795
70 2796
19 2796
20 2796
21 2796
22 2796
23 2796
24 2796
26 2781
6 2781
5 2781
4 2781
3 2781
2 2781
1 2781
63 2766
10 2766
9 2766
8 2766
7 2766
6 2766
5 2766
4 2766
3 2766
2 2766
1 2766
0 2798
37 2788
68 2799
0 2800
42 2722
20 2722
21 2722
22 2722
23 2722
24 2722
53 2799
29 2769
7 2769
6 2769
5 2769
4 2769
3 2769
2 2769
1 2769
0 2801
74 2802
5 2802
4 2802
3 2802
2 2802
1 2802
0 2803
36 2788
43 2788
16 2788
17 2788
18 2788
19 2788
20 2788
21 2788
22 2788
23 2788
24 2788
71 2789
14 2789
15 2789
16 2789
17 2789
18 2789
19 2789
20 2789
21 2789
22 2789
23 2789
24 2789
49 2804
6 2804
5 2804
4 2804
3 2804
2 2804
1 2804
43 2806
17 2806
18 2806
19 2806
20 2806
21 2806
22 2806
23 2806
24 2806
0 2808
64 2811
2 2811
1 2811
31 2810
15 2810
16 2810
17 2810
18 2810
19 2810
20 2810
21 2810
22 2810
23 2810
24 2810
0 2812
0 2813
62 2770
0 2815
41 2816
39 2816
3 2816
2 2816
1 2816
65 2817
60 2779
49 2779
8 2779
7 2779
6 2779
5 2779
4 2779
3 2779
2 2779
1 2779
69 2818
1 2818
0 2819
31 2817
17 2817
18 2817
19 2817
20 2817
21 2817
22 2817
23 2817
24 2817
33 2783
16 2783
17 2783
18 2783
19 2783
20 2783
21 2783
22 2783
23 2783
24 2783
0 2820
0 2822
36 2823
20 2823
21 2823
22 2823
23 2823
24 2823
59 2824
2 2824
1 2824
0 2825
56 2805
16 2805
17 2805
18 2805
19 2805
20 2805
21 2805
22 2805
23 2805
24 2805
0 2827
52 2809
0 2828
73 2775
16 2775
17 2775
18 2775
19 2775
20 2775
21 2775
22 2775
23 2775
24 2775
0 2829
0 2830
29 2833
14 2833
15 2833
16 2833
17 2833
18 2833
19 2833
20 2833
21 2833
22 2833
23 2833
24 2833
0 2835
26 2836
15 2836
16 2836
17 2836
18 2836
19 2836
20 2836
21 2836
22 2836
23 2836
24 2836
25 2724
2 2724
1 2724
53 2837
1 2837
0 2838
70 2840
4 2840
3 2840
2 2840
1 2840
0 2841
50 2842
17 2842
18 2842
19 2842
20 2842
21 2842
22 2842
23 2842
24 2842
66 2839
9 2839
8 2839
7 2839
6 2839
5 2839
4 2839
3 2839
2 2839
1 2839
0 2843
43 2770
30 2844
12 2844
11 2844
10 2844
9 2844
8 2844
7 2844
6 2844
5 2844
4 2844
3 2844
2 2844
1 2844
0 2847
0 2848
45 2814
22 2814
23 2814
24 2814
0 2850
44 2849
8 2849
7 2849
6 2849
5 2849
4 2849
3 2849
2 2849
1 2849
63 2852
22 2852
23 2852
24 2852
0 2854
61 2787
22 2787
23 2787
24 2787
28 2777
0 2856
58 2821
53 2821
5 2821
4 2821
3 2821
2 2821
1 2821
0 2857
51 2858
9 2858
8 2858
7 2858
6 2858
5 2858
4 2858
3 2858
2 2858
1 2858
0 2859
65 2777
71 2777
1 2777
55 2831
8 2831
7 2831
6 2831
5 2831
4 2831
3 2831
2 2831
1 2831
0 2860
32 2846
36 2770
4 2770
3 2770
2 2770
1 2770
47 2861
0 2862
0 2864
0 2865
0 2866
34 2826
73 2826
24 2826
0 2868
41 2869
64 2869
16 2869
17 2869
18 2869
19 2869
20 2869
21 2869
22 2869
23 2869
24 2869
42 2870
11 2870
10 2870
9 2870
8 2870
7 2870
6 2870
5 2870
4 2870
3 2870
2 2870
1 2870
0 2871
27 2872
26 2872
24 2872
54 2867
23 2867
24 2867
46 2832
54 2832
23 2832
24 2832
0 2873
56 2874
48 2875
0 2876
63 2874
3 2874
2 2874
1 2874
37 2863
62 2863
8 2863
7 2863
6 2863
5 2863
4 2863
3 2863
2 2863
1 2863
0 2879
26 2875
0 2883
53 2881
11 2881
10 2881
9 2881
8 2881
7 2881
6 2881
5 2881
4 2881
3 2881
2 2881
1 2881
0 2884
67 2834
19 2834
20 2834
21 2834
22 2834
23 2834
24 2834
0 2885
64 2886
19 2886
20 2886
21 2886
22 2886
23 2886
24 2886
0 2887
29 2878
46 2878
1 2878
57 2845
20 2845
21 2845
22 2845
23 2845
24 2845
39 2853
20 2853
21 2853
22 2853
23 2853
24 2853
0 2892
36 2893
11 2893
10 2893
9 2893
8 2893
7 2893
6 2893
5 2893
4 2893
3 2893
2 2893
1 2893
40 2895
4 2895
3 2895
2 2895
1 2895
71 2891
9 2891
8 2891
7 2891
6 2891
5 2891
4 2891
3 2891
2 2891
1 2891
0 2896
0 2900
69 2898
19 2898
20 2898
21 2898
22 2898
23 2898
24 2898
45 2901
8 2901
7 2901
6 2901
5 2901
4 2901
3 2901
2 2901
1 2901
0 2902
38 2855
24 2855
74 2894
73 2904
6 2904
5 2904
4 2904
3 2904
2 2904
1 2904
0 2905
44 2906
20 2906
21 2906
22 2906
23 2906
24 2906
0 2907
62 2899
14 2899
15 2899
16 2899
17 2899
18 2899
19 2899
20 2899
21 2899
22 2899
23 2899
24 2899
0 2910
65 2903
72 2799
16 2799
17 2799
18 2799
19 2799
20 2799
21 2799
22 2799
23 2799
24 2799
0 2912
50 2908
0 2914
0 2915
35 2897
49 2916
4 2916
3 2916
2 2916
1 2916
0 2919
33 2918
36 2897
16 2897
17 2897
18 2897
19 2897
20 2897
21 2897
22 2897
23 2897
24 2897
0 2920
0 2921
66 2922
1 2922
60 2894
6 2894
5 2894
4 2894
3 2894
2 2894
1 2894
0 2924
59 2882
24 2882
0 2925
68 2877
53 2877
20 2877
21 2877
22 2877
23 2877
24 2877
0 2926
0 2932
0 2934
31 2917
17 2917
18 2917
19 2917
20 2917
21 2917
22 2917
23 2917
24 2917
0 2938
48 2930
12 2930
11 2930
10 2930
9 2930
8 2930
7 2930
6 2930
5 2930
4 2930
3 2930
2 2930
1 2930
26 2911
12 2911
11 2911
10 2911
9 2911
8 2911
7 2911
6 2911
5 2911
4 2911
3 2911
2 2911
1 2911
0 2939
45 2918
17 2918
18 2918
19 2918
20 2918
21 2918
22 2918
23 2918
24 2918
30 2940
9 2940
8 2940
7 2940
6 2940
5 2940
4 2940
3 2940
2 2940
1 2940
51 2941
2 2941
1 2941
0 2942
58 2909
42 2937
1 2937
0 2943
55 2927
42 2927
1 2927
0 2944
70 2888
46 2931
13 2931
14 2931
15 2931
16 2931
17 2931
18 2931
19 2931
20 2931
21 2931
22 2931
23 2931
24 2931
0 2945
64 2946
7 2946
6 2946
5 2946
4 2946
3 2946
2 2946
1 2946
