0 3304
0 3305
0 3306
0 3307
0 3308
0 3309
0 3310
0 3311
0 3312
0 3313
73 3314
23 3314
24 3314
32 3317
9 3317
8 3317
7 3317
6 3317
5 3317
4 3317
3 3317
2 3317
1 3317
0 3318
38 3321
0 3322
77 3316
24 3316
26 3324
2 3324
1 3324
57 3325
0 3326
47 3325
17 3325
18 3325
19 3325
20 3325
21 3325
22 3325
23 3325
24 3325
68 3328
90 3329
83 3329
21 3329
22 3329
23 3329
24 3329
56 3320
14 3320
15 3320
16 3320
17 3320
18 3320
19 3320
20 3320
21 3320
22 3320
23 3320
24 3320
0 3331
80 3333
12 3333
11 3333
10 3333
9 3333
8 3333
7 3333
6 3333
5 3333
4 3333
3 3333
2 3333
1 3333
0 3334
65 3323
12 3323
11 3323
10 3323
9 3323
8 3323
7 3323
6 3323
5 3323
4 3323
3 3323
2 3323
1 3323
54 3337
83 3337
22 3337
23 3337
24 3337
29 3339
12 3339
11 3339
10 3339
9 3339
8 3339
7 3339
6 3339
5 3339
4 3339
3 3339
2 3339
1 3339
45 3335
16 3335
17 3335
18 3335
19 3335
20 3335
21 3335
22 3335
23 3335
24 3335
83 3340
22 3340
23 3340
24 3340
0 3341
28 3343
11 3343
10 3343
9 3343
8 3343
7 3343
6 3343
5 3343
4 3343
3 3343
2 3343
1 3343
0 3344
59 3330
6 3330
5 3330
4 3330
3 3330
2 3330
1 3330
48 3342
59 3342
6 3342
5 3342
4 3342
3 3342
2 3342
1 3342
49 3319
0 3347
85 3321
47 3348
19 3348
20 3348
21 3348
22 3348
23 3348
24 3348
61 3349
18 3349
19 3349
20 3349
21 3349
22 3349
23 3349
24 3349
0 3353
85 3357
31 3358
37 3350
27 3350
23 3350
24 3350
72 3360
7 3360
6 3360
5 3360
4 3360
3 3360
2 3360
1 3360
76 3354
0 3361
87 3363
18 3363
19 3363
20 3363
21 3363
22 3363
23 3363
24 3363
59 3354
8 3354
7 3354
6 3354
5 3354
4 3354
3 3354
2 3354
1 3354
0 3365
63 3366
2 3366
1 3366
0 3368
46 3369
18 3369
19 3369
20 3369
21 3369
22 3369
23 3369
24 3369
0 3371
50 3355
2 3355
1 3355
40 3374
3 3374
2 3374
1 3374
30 3351
60 3376
2 3376
1 3376
74 3370
0 3378
91 3372
24 3372
93 3375
9 3375
8 3375
7 3375
6 3375
5 3375
4 3375
3 3375
2 3375
1 3375
41 3319
14 3319
15 3319
16 3319
17 3319
18 3319
19 3319
20 3319
21 3319
22 3319
23 3319
24 3319
62 3332
21 3332
22 3332
23 3332
24 3332
0 3381
77 3321
5 3321
4 3321
3 3321
2 3321
1 3321
51 3382
23 3382
24 3382
39 3383
0 3384
92 3367
17 3367
18 3367
19 3367
20 3367
21 3367
22 3367
23 3367
24 3367
47 3383
23 3383
24 3383
35 3380
44 3364
8 3364
7 3364
6 3364
5 3364
4 3364
3 3364
2 3364
1 3364
0 3386
0 3389
27 3390
2 3390
1 3390
89 3362
18 3362
19 3362
20 3362
21 3362
22 3362
23 3362
24 3362
69 3356
35 3356
1 3356
82 3391
6 3391
5 3391
4 3391
3 3391
2 3391
1 3391
0 3393
25 3395
62 3395
23 3395
24 3395
84 3351
19 3351
20 3351
21 3351
22 3351
23 3351
24 3351
53 3328
11 3328
10 3328
9 3328
8 3328
7 3328
6 3328
5 3328
4 3328
3 3328
2 3328
1 3328
55 3385
0 3399
80 3385
20 3385
21 3385
22 3385
23 3385
24 3385
0 3400
38 3357
8 3357
7 3357
6 3357
5 3357
4 3357
3 3357
2 3357
1 3357
43 3352
2 3352
1 3352
42 3379
0 3401
36 3327
94 3345
22 3345
23 3345
24 3345
0 3403
71 3377
67 3392
11 3392
10 3392
9 3392
8 3392
7 3392
6 3392
5 3392
4 3392
3 3392
2 3392
1 3392
58 3398
0 3404
33 3336
1 3336
52 3373
23 3373
24 3373
0 3405
78 3388
26 3398
13 3398
14 3398
15 3398
16 3398
17 3398
18 3398
19 3398
20 3398
21 3398
22 3398
23 3398
24 3398
75 3346
20 3346
21 3346
22 3346
23 3346
24 3346
0 3406
62 3388
25 3388
1 3388
77 3407
10 3407
9 3407
8 3407
7 3407
6 3407
5 3407
4 3407
3 3407
2 3407
1 3407
0 3408
0 3409
34 3396
7 3396
6 3396
5 3396
4 3396
3 3396
2 3396
1 3396
0 3410
0 3411
86 3338
38 3412
12 3412
11 3412
10 3412
9 3412
8 3412
7 3412
6 3412
5 3412
4 3412
3 3412
2 3412
1 3412
76 3413
70 3394
16 3394
17 3394
18 3394
19 3394
20 3394
21 3394
22 3394
23 3394
24 3394
80 3338
0 3414
0 3415
79 3359
32 3402
79 3402
65 3402
0 3417
63 3416
0 3420
66 3387
0 3421
89 3359
1 3359
65 3422
1 3422
0 3424
61 3327
62 3327
6 3327
5 3327
4 3327
3 3327
2 3327
1 3327
73 3425
38 3425
15 3425
16 3425
17 3425
18 3425
19 3425
20 3425
21 3425
22 3425
23 3425
24 3425
0 3426
81 3370
17 3370
18 3370
19 3370
20 3370
21 3370
22 3370
23 3370
24 3370
0 3427
85 3428
77 3428
38 3428
16 3428
17 3428
18 3428
19 3428
20 3428
21 3428
22 3428
23 3428
24 3428
0 3429
93 3430
21 3430
22 3430
23 3430
24 3430
35 3431
11 3431
10 3431
9 3431
8 3431
7 3431
6 3431
5 3431
4 3431
3 3431
2 3431
1 3431
84 3433
29 3433
3 3433
2 3433
1 3433
59 3413
22 3413
23 3413
24 3413
0 3435
88 3315
20 3315
21 3315
22 3315
23 3315
24 3315
31 3416
15 3416
16 3416
17 3416
18 3416
19 3416
20 3416
21 3416
22 3416
23 3416
24 3416
31 3437
15 3437
16 3437
17 3437
18 3437
19 3437
20 3437
21 3437
22 3437
23 3437
24 3437
0 3438
49 3423
1 3423
40 3441
17 3441
18 3441
19 3441
20 3441
21 3441
22 3441
23 3441
24 3441
62 3436
9 3436
8 3436
7 3436
6 3436
5 3436
4 3436
3 3436
2 3436
1 3436
68 3443
72 3418
23 3418
24 3418
37 3445
13 3445
14 3445
15 3445
16 3445
17 3445
18 3445
19 3445
20 3445
21 3445
22 3445
23 3445
24 3445
43 3377
12 3377
11 3377
10 3377
9 3377
8 3377
7 3377
6 3377
5 3377
4 3377
3 3377
2 3377
1 3377
30 3447
92 3447
5 3447
4 3447
3 3447
2 3447
1 3447
0 3448
48 3387
59 3444
24 3444
64 3397
22 3397
23 3397
24 3397
0 3451
0 3455
61 3453
57 3434
12 3434
11 3434
10 3434
9 3434
8 3434
7 3434
6 3434
5 3434
4 3434
3 3434
2 3434
1 3434
87 3440
10 3440
9 3440
8 3440
7 3440
6 3440
5 3440
4 3440
3 3440
2 3440
1 3440
0 3456
27 3457
37 3457
16 3457
17 3457
18 3457
19 3457
20 3457
21 3457
22 3457
23 3457
24 3457
51 3379
14 3379
15 3379
16 3379
17 3379
18 3379
19 3379
20 3379
21 3379
22 3379
23 3379
24 3379
91 3458
43 3458
14 3458
15 3458
16 3458
17 3458
18 3458
19 3458
20 3458
21 3458
22 3458
23 3458
24 3458
53 3443
43 3459
14 3459
15 3459
16 3459
17 3459
18 3459
19 3459
20 3459
21 3459
22 3459
23 3459
24 3459
0 3460
0 3461
26 3463
24 3463
41 3464
49 3464
5 3464
4 3464
3 3464
2 3464
1 3464
0 3465
28 3419
7 3419
6 3419
5 3419
4 3419
3 3419
2 3419
1 3419
75 3466
7 3466
6 3466
5 3466
4 3466
3 3466
2 3466
1 3466
39 3468
14 3468
15 3468
16 3468
17 3468
18 3468
19 3468
20 3468
21 3468
22 3468
23 3468
24 3468
56 3469
11 3469
10 3469
9 3469
8 3469
7 3469
6 3469
5 3469
4 3469
3 3469
2 3469
1 3469
0 3470
70 3443
0 3471
0 3474
0 3479
48 3462
33 3473
15 3473
16 3473
17 3473
18 3473
19 3473
20 3473
21 3473
22 3473
23 3473
24 3473
76 3476
4 3476
3 3476
2 3476
1 3476
55 3477
11 3477
10 3477
9 3477
8 3477
7 3477
6 3477
5 3477
4 3477
3 3477
2 3477
1 3477
0 3480
29 3483
0 3484
51 3482
18 3482
19 3482
20 3482
21 3482
22 3482
23 3482
24 3482
0 3487
0 3489
0 3490
36 3491
17 3491
18 3491
19 3491
20 3491
21 3491
22 3491
23 3491
24 3491
74 3493
3 3493
2 3493
1 3493
0 3494
52 3488
15 3488
16 3488
17 3488
18 3488
19 3488
20 3488
21 3488
22 3488
23 3488
24 3488
54 3439
23 3439
24 3439
45 3475
17 3475
18 3475
19 3475
20 3475
21 3475
22 3475
23 3475
24 3475
0 3495
0 3496
58 3443
6 3443
5 3443
4 3443
3 3443
2 3443
1 3443
69 3497
22 3497
23 3497
24 3497
0 3498
38 3499
77 3499
3 3499
2 3499
1 3499
0 3500
83 3452
0 3502
78 3504
62 3504
20 3504
21 3504
22 3504
23 3504
24 3504
0 3505
46 3454
19 3454
20 3454
21 3454
22 3454
23 3454
24 3454
80 3450
17 3450
18 3450
19 3450
20 3450
21 3450
22 3450
23 3450
24 3450
49 3506
13 3506
14 3506
15 3506
16 3506
17 3506
18 3506
19 3506
20 3506
21 3506
22 3506
23 3506
24 3506
0 3507
79 3481
16 3481
17 3481
18 3481
19 3481
20 3481
21 3481
22 3481
23 3481
24 3481
81 3508
6 3508
5 3508
4 3508
3 3508
2 3508
1 3508
0 3509
87 3511
20 3511
21 3511
22 3511
23 3511
24 3511
0 3513
35 3512
90 3449
2 3449
1 3449
85 3515
38 3515
77 3515
6 3515
5 3515
4 3515
3 3515
2 3515
1 3515
0 3516
92 3503
41 3518
49 3518
15 3518
16 3518
17 3518
18 3518
19 3518
20 3518
21 3518
22 3518
23 3518
24 3518
61 3520
67 3517
9 3517
8 3517
7 3517
6 3517
5 3517
4 3517
3 3517
2 3517
1 3517
62 3520
23 3520
24 3520
70 3521
10 3521
9 3521
8 3521
7 3521
6 3521
5 3521
4 3521
3 3521
2 3521
1 3521
0 3522
89 3483
18 3483
19 3483
20 3483
21 3483
22 3483
23 3483
24 3483
77 3523
7 3523
6 3523
5 3523
4 3523
3 3523
2 3523
1 3523
71 3519
1 3519
72 3387
12 3387
11 3387
10 3387
9 3387
8 3387
7 3387
6 3387
5 3387
4 3387
3 3387
2 3387
1 3387
0 3524
44 3501
9 3501
8 3501
7 3501
6 3501
5 3501
4 3501
3 3501
2 3501
1 3501
27 3510
37 3510
2 3510
1 3510
0 3525
34 3452
4 3452
3 3452
2 3452
1 3452
75 3526
18 3526
19 3526
20 3526
21 3526
22 3526
23 3526
24 3526
0 3529
0 3531
47 3478
1 3478
0 3533
91 3528
71 3528
3 3528
2 3528
1 3528
0 3535
25 3453
0 3537
0 3538
65 3534
22 3534
23 3534
24 3534
42 3492
4 3492
3 3492
2 3492
1 3492
33 3453
2 3453
1 3453
0 3541
73 3540
11 3540
10 3540
9 3540
8 3540
7 3540
6 3540
5 3540
4 3540
3 3540
2 3540
1 3540
37 3542
6 3542
5 3542
4 3542
3 3542
2 3542
1 3542
29 3532
30 3543
23 3543
24 3543
0 3545
94 3467
0 3546
86 3530
80 3530
24 3530
36 3547
3 3547
2 3547
1 3547
0 3548
89 3532
24 3532
40 3544
12 3544
11 3544
10 3544
9 3544
8 3544
7 3544
6 3544
5 3544
4 3544
3 3544
2 3544
1 3544
0 3549
66 3550
18 3550
19 3550
20 3550
21 3550
22 3550
23 3550
24 3550
0 3551
45 3552
4 3552
3 3552
2 3552
1 3552
0 3553
84 3554
1 3554
0 3556
32 3503
49 3557
23 3557
24 3557
0 3559
93 3560
19 3560
20 3560
21 3560
22 3560
23 3560
24 3560
76 3561
20 3561
21 3561
22 3561
23 3561
24 3561
53 3562
19 3562
20 3562
21 3562
22 3562
23 3562
24 3562
88 3563
0 3564
0 3565
78 3566
7 3566
6 3566
5 3566
4 3566
3 3566
2 3566
1 3566
57 3558
8 3558
7 3558
6 3558
5 3558
4 3558
3 3558
2 3558
1 3558
67 3563
28 3567
0 3568
48 3570
76 3570
21 3570
22 3570
23 3570
24 3570
80 3571
29 3571
68 3555
58 3555
20 3555
21 3555
22 3555
23 3555
24 3555
0 3573
44 3563
19 3563
20 3563
21 3563
22 3563
23 3563
24 3563
0 3577
33 3579
8 3579
7 3579
6 3579
5 3579
4 3579
3 3579
2 3579
1 3579
44 3580
19 3580
20 3580
21 3580
22 3580
23 3580
24 3580
58 3578
21 3578
22 3578
23 3578
24 3578
67 3574
30 3571
92 3571
4 3571
3 3571
2 3571
1 3571
51 3582
11 3582
10 3582
9 3582
8 3582
7 3582
6 3582
5 3582
4 3582
3 3582
2 3582
1 3582
70 3576
58 3576
22 3576
23 3576
24 3576
52 3572
62 3539
10 3539
9 3539
8 3539
7 3539
6 3539
5 3539
4 3539
3 3539
2 3539
1 3539
79 3587
26 3536
22 3536
23 3536
24 3536
32 3587
5 3587
4 3587
3 3587
2 3587
1 3587
0 3588
85 3586
38 3586
19 3586
20 3586
21 3586
22 3586
23 3586
24 3586
35 3589
13 3589
14 3589
15 3589
16 3589
17 3589
18 3589
19 3589
20 3589
21 3589
22 3589
23 3589
24 3589
64 3514
22 3514
23 3514
24 3514
0 3592
25 3593
10 3593
9 3593
8 3593
7 3593
6 3593
5 3593
4 3593
3 3593
2 3593
1 3593
0 3594
0 3596
43 3583
71 3583
14 3583
15 3583
16 3583
17 3583
18 3583
19 3583
20 3583
21 3583
22 3583
23 3583
24 3583
55 3590
8 3590
7 3590
6 3590
5 3590
4 3590
3 3590
2 3590
1 3590
83 3598
17 3598
18 3598
19 3598
20 3598
21 3598
22 3598
23 3598
24 3598
0 3600
0 3601
39 3591
14 3591
15 3591
16 3591
17 3591
18 3591
19 3591
20 3591
21 3591
22 3591
23 3591
24 3591
54 3595
18 3595
19 3595
20 3595
21 3595
22 3595
23 3595
24 3595
0 3602
0 3604
71 3605
16 3605
17 3605
18 3605
19 3605
20 3605
21 3605
22 3605
23 3605
24 3605
46 3603
12 3603
11 3603
10 3603
9 3603
8 3603
7 3603
6 3603
5 3603
4 3603
3 3603
2 3603
1 3603
38 3606
0 3608
69 3607
35 3607
17 3607
18 3607
19 3607
20 3607
21 3607
22 3607
23 3607
24 3607
89 3609
10 3609
9 3609
8 3609
7 3609
6 3609
5 3609
4 3609
3 3609
2 3609
1 3609
0 3610
74 3575
56 3597
13 3597
14 3597
15 3597
16 3597
17 3597
18 3597
19 3597
20 3597
21 3597
22 3597
23 3597
24 3597
0 3612
94 3572
12 3572
11 3572
10 3572
9 3572
8 3572
7 3572
6 3572
5 3572
4 3572
3 3572
2 3572
1 3572
59 3462
4 3462
3 3462
2 3462
1 3462
50 3472
22 3472
23 3472
24 3472
0 3614
27 3616
20 3616
21 3616
22 3616
23 3616
24 3616
0 3617
91 3618
19 3618
20 3618
21 3618
22 3618
23 3618
24 3618
0 3620
92 3621
12 3621
11 3621
10 3621
9 3621
8 3621
7 3621
6 3621
5 3621
4 3621
3 3621
2 3621
1 3621
0 3622
40 3619
72 3569
6 3569
5 3569
4 3569
3 3569
2 3569
1 3569
0 3623
65 3613
13 3613
14 3613
15 3613
16 3613
17 3613
18 3613
19 3613
20 3613
21 3613
22 3613
23 3613
24 3613
77 3606
73 3606
1 3606
0 3625
60 3485
47 3626
19 3626
20 3626
21 3626
22 3626
23 3626
24 3626
30 3627
14 3627
15 3627
16 3627
17 3627
18 3627
19 3627
20 3627
21 3627
22 3627
23 3627
24 3627
0 3628
50 3485
80 3624
84 3624
14 3624
15 3624
16 3624
17 3624
18 3624
19 3624
20 3624
21 3624
22 3624
23 3624
24 3624
0 3630
37 3631
23 3631
24 3631
0 3633
61 3632
19 3632
20 3632
21 3632
22 3632
23 3632
24 3632
34 3611
41 3635
0 3636
44 3574
6 3574
5 3574
4 3574
3 3574
2 3574
1 3574
0 3637
94 3640
17 3640
18 3640
19 3640
20 3640
21 3640
22 3640
23 3640
24 3640
0 3641
25 3643
20 3643
21 3643
22 3643
23 3643
24 3643
73 3644
4 3644
3 3644
2 3644
1 3644
45 3634
20 3634
21 3634
22 3634
23 3634
24 3634
0 3645
29 3639
30 3639
17 3639
18 3639
19 3639
20 3639
21 3639
22 3639
23 3639
24 3639
90 3638
75 3567
15 3567
16 3567
17 3567
18 3567
19 3567
20 3567
21 3567
22 3567
23 3567
24 3567
0 3648
55 3649
18 3649
19 3649
20 3649
21 3649
22 3649
23 3649
24 3649
0 3651
79 3652
32 3652
17 3652
18 3652
19 3652
20 3652
21 3652
22 3652
23 3652
24 3652
0 3653
48 3654
12 3654
11 3654
10 3654
9 3654
8 3654
7 3654
6 3654
5 3654
4 3654
3 3654
2 3654
1 3654
0 3655
26 3646
10 3646
9 3646
8 3646
7 3646
6 3646
5 3646
4 3646
3 3646
2 3646
1 3646
49 3635
16 3635
17 3635
18 3635
19 3635
20 3635
21 3635
22 3635
23 3635
24 3635
0 3656
82 3432
7 3432
6 3432
5 3432
4 3432
3 3432
2 3432
1 3432
57 3657
0 3658
44 3650
10 3650
9 3650
8 3650
7 3650
6 3650
5 3650
4 3650
3 3650
2 3650
1 3650
67 3647
44 3647
10 3647
9 3647
8 3647
7 3647
6 3647
5 3647
4 3647
3 3647
2 3647
1 3647
31 3527
6 3527
5 3527
4 3527
3 3527
2 3527
1 3527
0 3659
51 3660
2 3660
1 3660
42 3629
2 3629
1 3629
0 3662
85 3661
9 3661
8 3661
7 3661
6 3661
5 3661
4 3661
3 3661
2 3661
1 3661
86 3663
55 3663
21 3663
22 3663
23 3663
24 3663
35 3665
49 3666
18 3666
19 3666
20 3666
21 3666
22 3666
23 3666
24 3666
0 3667
87 3599
84 3668
21 3668
22 3668
23 3668
24 3668
36 3669
1 3669
0 3671
78 3664
33 3670
1 3670
61 3664
1 3664
66 3673
15 3673
16 3673
17 3673
18 3673
19 3673
20 3673
21 3673
22 3673
23 3673
24 3673
0 3674
32 3672
21 3672
22 3672
23 3672
24 3672
70 3676
14 3676
15 3676
16 3676
17 3676
18 3676
19 3676
20 3676
21 3676
22 3676
23 3676
24 3676
89 3677
0 3678
45 3599
1 3599
0 3682
52 3680
88 3684
14 3684
15 3684
16 3684
17 3684
18 3684
19 3684
20 3684
21 3684
22 3684
23 3684
24 3684
91 3681
0 3685
38 3686
12 3686
11 3686
10 3686
9 3686
8 3686
7 3686
6 3686
5 3686
4 3686
3 3686
2 3686
1 3686
0 3688
53 3689
16 3689
17 3689
18 3689
19 3689
20 3689
21 3689
22 3689
23 3689
24 3689
74 3683
14 3683
15 3683
16 3683
17 3683
18 3683
19 3683
20 3683
21 3683
22 3683
23 3683
24 3683
63 3486
11 3486
10 3486
9 3486
8 3486
7 3486
6 3486
5 3486
4 3486
3 3486
2 3486
1 3486
0 3690
28 3691
23 3691
24 3691
0 3692
92 3677
0 3693
62 3694
5 3694
4 3694
3 3694
2 3694
1 3694
54 3638
10 3638
9 3638
8 3638
7 3638
6 3638
5 3638
4 3638
3 3638
2 3638
1 3638
71 3681
0 3697
93 3675
53 3675
18 3675
19 3675
20 3675
21 3675
22 3675
23 3675
24 3675
51 3681
8 3681
7 3681
6 3681
5 3681
4 3681
3 3681
2 3681
1 3681
