73 3314 0 100 3.50103e-08 1.0089 1.0089
32 3317 0 100 1.16701e-07 1.07414 1.07414
77 3316 0 100 0.22 1.04046 1.26046
26 3324 0 100 3.50103e-08 1.27716 1.27716
57 3325 0 100 0.0700001 1.29377 1.36377
90 3329 0 100 7.00206e-08 1.37621 1.37621
56 3320 0 100 0.25 1.14986 1.39986
80 3333 0 100 1.51711e-07 1.44783 1.44783
65 3323 0 100 0.3 1.22564 1.52564
54 3337 0 100 0.0500001 1.53436 1.58436
29 3339 0 100 1.51711e-07 1.58654 1.58654
45 3335 0 100 0.0700001 1.51724 1.58724
83 3340 0 100 4.66804e-08 1.58797 1.58797
28 3343 0 100 1.40041e-07 1.65601 1.65601
59 3330 0 100 0.32 1.39344 1.71344
48 3342 0 100 0.0700001 1.64643 1.71643
47 3348 0 100 0.0200001 1.80334 1.82334
61 3349 0 100 0.0400001 1.82638 1.86638
31 3358 0 100 1.16701e-08 1.97152 1.97152
37 3350 0 100 0.15 1.83741 1.98741
72 3360 0 100 9.33608e-08 1.98869 1.9887
87 3363 0 100 0.0100001 2.01955 2.02955
76 3354 0 100 0.13 1.92769 2.05769
63 3366 0 100 0.05 2.10512 2.15512
46 3369 0 100 0.0400001 2.20257 2.24257
50 3355 0 100 0.37 1.9379 2.3079
40 3374 0 100 4.66804e-08 2.36093 2.36093
60 3376 0 100 3.50103e-08 2.37794 2.37794
91 3372 0 100 0.08 2.33651 2.41651
93 3375 0 100 0.0600001 2.36403 2.42403
49 3319 0 100 1.35 1.11926 2.46926
62 3332 0 100 1.03 1.44477 2.47477
38 3321 0 100 1.33 1.17231 2.50231
51 3382 0 100 3.50103e-08 2.52152 2.52152
92 3367 0 100 0.49 2.13077 2.62077
39 3383 0 100 0.06 2.56753 2.62754
35 3380 0 100 0.16 2.47823 2.63823
44 3364 0 100 0.58 2.09536 2.67536
27 3390 0 100 3.50103e-08 2.81188 2.81188
89 3362 0 100 0.83 2.00164 2.83164
69 3356 0 100 0.89 1.9567 2.8467
82 3391 0 100 8.16907e-08 2.8878 2.8878
25 3395 0 100 4.66804e-08 2.91701 2.91701
30 3351 0 100 1.08 1.86103 2.94103
68 3328 0 100 1.6 1.36763 2.96763
55 3385 0 100 0.38 2.63346 3.01346
85 3357 0 100 1.22 1.96318 3.18318
43 3352 0 100 1.31 1.8771 3.1871
94 3345 0 100 1.48 1.79201 3.27201
67 3392 0 100 0.48 2.89191 3.37191
33 3336 0 100 1.93 1.5186 3.4486
52 3373 0 100 1.11 2.34807 3.45807
58 3398 0 100 0.59 2.98972 3.57972
75 3346 0 100 1.8 1.79357 3.59357
78 3388 0 100 0.82 2.78229 3.60229
77 3407 0 100 1.28371e-07 3.63146 3.63146
34 3396 0 100 0.87 2.93301 3.80301
38 3412 0 100 1.51711e-07 4.05064 4.05064
70 3394 0 100 1.15 2.91142 4.06142
86 3338 0 100 2.51 1.58586 4.09586
32 3402 0 100 1.05 3.2358 4.2858
79 3359 0 100 2.55 1.97803 4.52803
65 3422 0 100 2.33402e-08 4.54418 4.54418
36 3327 0 100 3.29 1.35823 4.64823
73 3425 0 100 0.0400001 4.62984 4.66984
74 3370 0 100 2.52 2.25627 4.77627
85 3428 0 100 1.40041e-07 4.85893 4.85893
93 3430 0 100 0.0400001 4.90242 4.94242
35 3431 0 100 1.40041e-07 4.94981 4.94981
84 3433 0 100 5.83505e-08 4.97464 4.97464
76 3413 0 100 0.93 4.05494 4.98494
88 3315 0 100 4.03 1.03171 5.06171
63 3416 0 100 0.81 4.25909 5.06909
31 3437 0 100 1.28371e-07 5.07463 5.07463
49 3423 0 100 0.52 4.58793 5.10793
40 3441 0 100 1.05031e-07 5.18258 5.18258
62 3436 0 100 0.12 5.06496 5.18496
72 3418 0 100 0.91 4.3284 5.2384
37 3445 0 100 1.51711e-07 5.28863 5.28863
71 3377 0 100 2.91 2.38062 5.29063
30 3447 0 100 0.0400001 5.3539 5.3939
59 3444 0 100 0.15 5.28241 5.43241
64 3397 0 100 2.53 2.94814 5.47814
57 3434 0 100 0.71 4.97864 5.68864
87 3440 0 100 0.52 5.17048 5.69048
27 3457 0 100 0.0300001 5.71443 5.74443
42 3379 0 100 3.36 2.42373 5.78373
91 3458 0 100 0.0400002 5.7447 5.7847
43 3459 0 100 1.40041e-07 5.79914 5.79914
26 3463 0 100 2.33402e-08 5.93671 5.93671
41 3464 0 100 8.16907e-08 5.97233 5.97233
28 3419 0 100 1.67 4.37458 6.04458
75 3466 0 100 0.0100001 6.04408 6.05408
39 3468 0 100 1.40041e-07 6.06095 6.06095
56 3469 0 100 1.40041e-07 6.09633 6.09633
33 3473 0 100 0.14 6.27992 6.41992
76 3476 0 100 0.14 6.32042 6.46042
55 3477 0 100 0.13 6.33895 6.46895
51 3482 0 100 0.0600001 6.54402 6.60403
36 3491 0 100 1.05031e-07 6.9105 6.9105
74 3493 0 100 4.66804e-08 6.98832 6.98832
52 3488 0 100 0.25 6.75423 7.00423
54 3439 0 100 1.93 5.10633 7.03633
45 3475 0 100 0.75 6.31394 7.06394
68 3443 0 100 2.02 5.22578 7.24578
69 3497 0 100 4.66804e-08 7.25195 7.25195
38 3499 0 100 5.83505e-08 7.3524 7.3524
78 3504 0 100 8.16907e-08 7.53751 7.53751
46 3454 0 100 2.08 5.57937 7.65937
80 3450 0 100 2.22 5.45952 7.67952
49 3506 0 100 1.51711e-07 7.68245 7.68245
79 3481 0 100 1.23 6.517 7.747
81 3508 0 100 8.16907e-08 7.76313 7.76313
87 3511 0 100 7.00206e-08 7.83382 7.83382
35 3512 0 100 0.05 7.86118 7.91118
90 3449 0 100 2.52 5.4159 7.9359
85 3515 0 100 1.05031e-07 7.97528 7.97528
41 3518 0 100 1.40041e-07 8.0619 8.0619
67 3517 0 100 0.0400001 8.04375 8.08375
61 3520 0 100 0.01 8.08065 8.09065
70 3521 0 100 1.28371e-07 8.09485 8.09485
29 3483 0 100 1.59 6.56366 8.15366
77 3523 0 100 9.33608e-08 8.16076 8.16076
71 3519 0 100 0.12 8.07339 8.19339
66 3387 0 100 5.43 2.76782 8.19782
44 3501 0 100 0.77 7.43429 8.20429
27 3510 0 100 0.39 7.82631 8.21631
83 3452 0 100 2.78 5.57046 8.35046
75 3526 0 100 0.0700001 8.31554 8.38554
47 3478 0 100 2.14 6.38929 8.52929
91 3528 0 100 0.27 8.37278 8.64278
65 3534 0 100 0.25 8.67438 8.92438
42 3492 0 100 2.01 6.91948 8.92948
61 3453 0 100 3.41 5.57251 8.98251
73 3540 0 100 0.0300001 8.99407 9.02407
37 3542 0 100 8.16907e-08 9.04803 9.04803
30 3543 0 100 3.50103e-08 9.05931 9.05931
94 3467 0 100 3.11 6.04997 9.15997
86 3530 0 100 0.73 8.47705 9.20705
36 3547 0 100 4.66804e-08 9.24069 9.24069
29 3532 0 100 0.76 8.58886 9.34886
40 3544 0 100 0.28 9.09883 9.37883
66 3550 0 100 9.33608e-08 9.42446 9.42446
45 3552 0 100 5.83505e-08 9.55067 9.55067
84 3554 0 100 2.33402e-08 9.60602 9.60602
92 3503 0 100 2.19 7.53329 9.72329
49 3557 0 100 3.50103e-08 9.73716 9.73716
93 3560 0 100 8.16907e-08 9.82334 9.82334
76 3561 0 100 7.00206e-08 9.84929 9.84929
53 3562 0 100 8.16907e-08 9.87416 9.87416
78 3566 0 100 9.33608e-08 10.0712 10.0712
57 3558 0 100 0.31 9.767 10.077
48 3570 0 100 7.00206e-08 10.1122 10.1122
68 3555 0 100 0.51 9.65335 10.1634
88 3563 0 100 0.38 9.89685 10.2769
33 3579 0 100 1.05031e-07 10.3098 10.3098
44 3580 0 100 8.16907e-08 10.3402 10.3402
58 3578 0 100 0.0400001 10.305 10.345
80 3571 0 100 0.25 10.1609 10.4109
51 3582 0 100 1.40041e-07 10.4495 10.4495
70 3576 0 100 0.23 10.2881 10.5181
62 3539 0 100 1.66 8.95919 10.6192
26 3536 0 100 1.93 8.73867 10.6687
79 3587 0 100 0.0100001 10.6667 10.6767
85 3586 0 100 0.0500001 10.6605 10.7105
35 3589 0 100 1.51711e-07 10.7196 10.7196
64 3514 0 100 2.8 7.96198 10.762
25 3593 0 100 1.28371e-07 10.8222 10.8222
43 3583 0 100 0.56 10.4502 11.0102
55 3590 0 100 0.31 10.7268 11.0368
83 3598 0 100 0.0200001 11.0581 11.0781
39 3591 0 100 0.51 10.749 11.259
54 3595 0 100 0.29 10.9846 11.2746
71 3605 0 100 1.16701e-07 11.4014 11.4014
46 3603 0 100 0.0400002 11.3626 11.4026
69 3607 0 100 0.0900001 11.4678 11.5578
89 3609 0 100 0.0100001 11.5762 11.5862
74 3575 0 100 1.39 10.2768 11.6668
56 3597 0 100 0.66 11.0264 11.6864
52 3572 0 100 1.52 10.1868 11.7068
48 3462 0 100 5.82 5.9255 11.7455
50 3472 0 100 5.52 6.25972 11.7797
27 3616 0 100 7.00206e-08 11.8656 11.8656
91 3618 0 100 0.0500001 11.9022 11.9522
92 3621 0 100 1.51711e-07 12.099 12.099
40 3619 0 100 0.19 11.9585 12.1485
72 3569 0 100 2.05 10.1121 12.1621
65 3613 0 100 0.52 11.7218 12.2418
38 3606 0 100 0.81 11.4378 12.2478
47 3626 0 100 8.16907e-08 12.3564 12.3564
30 3627 0 100 0.0300001 12.3565 12.3865
60 3485 0 100 5.75 6.66977 12.4198
80 3624 0 100 0.18 12.2766 12.4566
37 3631 0 100 0.01 12.5261 12.5361
61 3632 0 100 0.0400001 12.5728 12.6128
67 3574 0 100 2.56 10.2277 12.7877
94 3640 0 100 1.05031e-07 12.848 12.848
25 3643 0 100 0.0100001 12.9124 12.9224
73 3644 0 100 5.83505e-08 12.9618 12.9618
45 3634 0 100 0.37 12.6196 12.9896
29 3639 0 100 0.18 12.8363 13.0163
28 3567 0 100 2.99 10.0996 13.0896
55 3649 0 100 9.33608e-08 13.1875 13.1875
79 3652 0 100 1.16701e-07 13.2862 13.2862
48 3654 0 100 1.51711e-07 13.3984 13.3984
26 3646 0 100 0.42 13.0098 13.4298
41 3635 0 100 0.8 12.6835 13.4835
82 3432 0 100 8.62 4.97204 13.592
57 3657 0 100 0.02 13.5793 13.5993
44 3650 0 100 0.43 13.1902 13.6202
67 3647 0 100 0.6 13.0244 13.6244
31 3527 0 100 5.3 8.37238 13.6724
51 3660 0 100 3.50103e-08 13.7486 13.7486
42 3629 0 100 1.32 12.4794 13.7994
85 3661 0 100 0.0100001 13.7977 13.8077
86 3663 0 100 0.0300001 13.8199 13.8499
49 3666 0 100 9.33608e-08 13.8852 13.8852
84 3668 0 100 5.83505e-08 13.9212 13.9212
36 3669 0 100 0.03 13.9216 13.9516
33 3670 0 100 0.06 13.9504 14.0104
78 3664 0 100 0.2 13.8416 14.0416
66 3673 0 100 1.28371e-07 14.0447 14.0447
32 3672 0 100 0.14 14.0037 14.1437
70 3676 0 100 1.40041e-07 14.1655 14.1655
87 3599 0 100 3.13 11.0812 14.2112
52 3680 0 100 0.02 14.2821 14.3021
88 3684 0 100 1.40041e-07 14.3479 14.3479
38 3686 0 100 0.0100002 14.4253 14.4353
53 3689 0 100 1.16701e-07 14.5272 14.5272
74 3683 0 100 0.23 14.3416 14.5716
63 3486 0 100 7.9 6.68966 14.5897
28 3691 0 100 3.50103e-08 14.6601 14.6601
62 3694 0 100 7.00206e-08 14.8196 14.8196
90 3638 0 100 2.05 12.8127 14.8627
93 3675 0 100 0.83 14.1148 14.9448
91 3681 0 100 0.71 14.2836 14.9936
