53 373 0 100 0.8 1.13603 1.93603
36 387 0 100 0.4 1.70593 2.10593
60 371 0 100 1.2 1.04636 2.24636
92 377 0 100 1.4 1.36875 2.76875
67 390 0 100 1.1 1.79451 2.89451
77 416 0 100 1.16701e-08 2.90747 2.90747
89 372 0 100 2 1.11703 3.11703
59 397 0 100 1.7 1.99647 3.69647
61 405 0 100 2.6 2.22561 4.82561
103 399 0 100 4.4 2.00427 6.40427
72 392 0 100 4.7 1.84143 6.54143
79 386 0 100 5.1 1.66952 6.76952
37 388 0 100 5.2 1.7308 6.9308
30 424 0 100 2.2 5.16299 7.36299
91 374 0 100 6.6 1.16687 7.76687
67 435 0 100 1.4 6.79026 8.19026
85 438 0 100 1.3 7.10316 8.40316
49 404 0 100 6.6 2.20125 8.80125
38 376 0 100 7.6 1.22515 8.82515
50 413 0 100 6.9 2.77753 9.67753
43 398 0 100 7.8 2.00382 9.80382
39 406 0 100 8.5 2.25312 10.7531
66 430 0 100 4.7 6.3241 11.0241
82 395 0 100 9.2 1.95384 11.1538
70 402 0 100 9.2 2.06399 11.264
75 418 0 100 7.1 4.3333 11.4333
103 447 0 100 1.2 10.4508 11.6508
99 448 0 100 1.1 10.5952 11.6952
37 445 0 100 1.9 10.2538 12.1538
53 417 0 100 8.3 4.20867 12.5087
53 442 0 100 3.1 9.433 12.533
56 443 0 100 3.1 9.60888 12.7089
27 421 0 100 8.5 4.67033 13.1703
85 423 0 100 8.6 4.95023 13.5502
85 453 0 100 1.3 12.3751 13.6751
46 389 0 100 12 1.76312 13.7631
49 451 0 100 2.6 11.5258 14.1258
42 383 0 100 12.7 1.56622 14.2662
71 382 0 100 12.8 1.54523 14.3452
90 434 0 100 8 6.63341 14.6334
68 391 0 100 12.8 1.83989 14.6399
50 452 0 100 2.6 12.3505 14.9505
