58 369
69 370
48 370
53 370
74 369
89 372
53 373
60 371
91 374
85 375
29 375
52 378
30 378
75 379
41 372
29 372
33 380
43 380
73 380
97 380
44 380
98 380
55 380
87 380
89 375
71 382
40 382
42 383
36 378
38 376
79 386
25 374
66 384
67 390
93 390
54 390
69 373
82 395
92 377
100 377
45 377
27 377
90 396
43 398
36 387
30 387
74 400
68 391
27 401
45 401
47 383
83 396
103 399
52 387
90 391
56 371
39 406
93 403
30 407
84 382
100 401
45 412
47 382
31 377
97 409
47 414
98 408
27 412
77 390
77 416
85 372
84 414
67 403
49 404
59 397
53 417
56 420
27 421
78 369
61 405
31 412
78 412
91 422
58 400
78 400
85 423
74 412
45 421
27 369
31 400
47 425
74 428
78 428
99 399
72 392
95 386
37 388
79 419
30 424
103 437
57 374
78 439
91 440
67 435
85 438
38 404
28 376
49 427
26 399
50 413
33 398
43 409
99 437
100 421
45 369
88 406
39 426
66 430
82 429
35 395
70 402
75 418
27 400
103 447
99 448
103 448
74 439
37 445
69 417
49 451
53 442
56 443
36 407
78 421
89 423
85 453
46 389
28 451
99 455
94 383
42 382
84 425
90 434
83 391
47 441
42 425
50 452
