106 458
65 459
47 461
29 461
76 461
68 463
92 463
85 464
52 464
67 465
63 465
91 463
56 467
34 460
102 460
70 462
53 462
51 462
80 470
96 470
36 468
27 469
90 469
32 469
100 469
109 471
53 472
70 472
48 476
83 476
113 476
78 476
113 479
78 479
83 479
50 481
72 481
58 481
69 481
96 480
104 470
42 477
28 482
49 482
59 482
83 483
45 462
78 490
113 483
54 461
94 458
52 496
71 498
39 498
92 499
68 499
72 500
110 497
83 490
39 502
80 480
49 504
103 469
90 505
73 503
79 463
98 509
91 499
76 507
59 504
35 494
55 484
61 460
25 460
33 512
102 487
62 479
78 483
55 487
43 486
55 486
101 497
50 500
87 481
41 469
99 459
94 516
70 515
65 513
77 466
103 518
80 517
49 520
50 522
87 522
92 523
55 521
27 505
82 492
110 524
99 513
65 466
87 529
28 504
75 482
93 511
62 483
108 476
78 511
98 519
59 520
90 518
76 531
40 501
54 507
104 506
73 533
44 489
102 486
113 490
83 527
48 479
34 525
102 525
51 472
78 534
108 511
48 511
49 540
83 511
70 507
110 539
28 489
61 487
66 458
50 529
106 516
87 519
50 519
37 509
65 541
55 525
81 491
94 535
109 494
35 526
108 543
67 512
90 536
28 546
84 467
54 472
102 549
103 505
98 550
37 550
87 550
37 551
59 540
78 547
33 528
75 520
88 485
83 543
108 547
45 461
40 458
66 516
40 516
91 523
92 545
91 545
76 472
43 521
55 549
61 525
25 537
47 514
108 558
93 483
42 497
89 477
102 561
61 561
38 493
50 550
87 551
106 535
94 555
65 562
