74 977
59 978
43 979
31 978
39 983
25 979
67 985
64 986
35 986
32 989
64 989
35 989
53 992
36 987
46 987
65 993
26 993
94 993
75 988
36 988
88 981
75 981
29 990
73 992
85 985
67 990
38 999
53 999
82 1001
84 1001
91 1002
57 982
68 982
47 982
59 982
69 1003
55 1003
56 1004
33 983
72 1008
33 1009
80 992
94 1011
65 1011
81 1003
34 1012
62 1012
44 1001
80 1014
62 1015
73 999
90 994
82 994
53 1014
27 1012
47 1013
35 998
64 998
81 1018
55 1018
68 1022
58 978
27 1021
55 1025
25 1028
59 1013
34 1015
41 1007
62 1021
86 1023
48 993
26 1011
43 1028
88 1030
43 1033
93 1006
40 1027
71 996
63 986
76 989
82 1036
64 1037
35 1037
65 1039
94 1039
37 1004
56 1006
94 1040
59 1042
35 1041
93 1004
42 1016
51 1026
39 1009
33 1047
45 1010
93 1049
90 1036
82 1050
28 1017
58 1013
31 982
47 1042
31 1042
74 1032
89 979
43 1043
25 1033
59 1052
58 1052
31 1052
76 1037
63 989
64 1041
58 1053
31 1053
35 1054
76 1054
64 1054
30 1012
27 1015
62 1035
50 1005
73 1014
53 1034
73 1034
25 1059
89 1059
85 990
67 1029
56 1049
39 1060
46 988
42 1058
93 1061
33 1060
31 1062
36 981
75 1030
78 987
46 981
64 1064
35 1064
36 1030
54 1020
89 1065
40 1051
53 1067
25 1065
25 1068
35 1070
