73 1073
33 1076
38 1076
70 1078
45 1078
34 1078
48 1078
51 1078
57 1078
74 1079
40 1079
103 1071
69 1075
25 1080
88 1080
51 1082
48 1082
68 1082
34 1082
39 1084
54 1084
67 1084
75 1085
84 1081
93 1076
98 1077
36 1077
80 1089
45 1089
100 1089
70 1089
34 1089
51 1089
48 1089
57 1089
99 1088
83 1093
60 1088
61 1086
66 1088
56 1098
87 1098
71 1099
77 1099
63 1094
87 1101
56 1101
26 1092
77 1092
85 1075
93 1106
38 1106
33 1106
100 1107
36 1104
83 1107
59 1109
77 1110
85 1111
66 1112
60 1112
34 1114
48 1114
51 1114
72 1118
40 1118
80 1107
45 1107
34 1107
51 1107
45 1120
70 1120
34 1120
40 1121
88 1123
30 1108
82 1094
54 1126
63 1108
67 1122
60 1128
52 1127
97 1085
44 1101
94 1093
49 1116
37 1081
57 1114
79 1076
51 1120
93 1093
94 1076
83 1076
100 1076
70 1076
76 1072
38 1124
45 1114
84 1130
39 1126
93 1124
94 1124
54 1122
70 1114
100 1114
94 1114
83 1124
100 1124
70 1124
91 1083
55 1087
70 1134
83 1134
45 1124
34 1124
34 1135
62 1100
55 1100
93 1114
99 1112
66 1128
60 1136
45 1135
70 1135
83 1135
80 1076
45 1076
100 1135
87 1133
94 1134
52 1138
53 1117
69 1111
85 1117
75 1143
63 1142
104 1079
68 1089
48 1107
34 1076
48 1076
57 1120
48 1120
80 1135
100 1134
51 1124
68 1124
79 1093
94 1146
79 1146
80 1134
45 1134
68 1134
101 1106
33 1141
40 1147
100 1148
70 1148
80 1148
83 1148
94 1148
79 1148
57 1134
34 1134
48 1124
45 1153
48 1153
34 1153
51 1134
98 1104
55 1150
68 1153
51 1153
36 1144
61 1137
70 1153
80 1153
81 1086
46 1095
86 1105
83 1156
94 1156
79 1156
80 1156
70 1156
45 1156
34 1156
81 1105
49 1151
79 1157
83 1157
80 1157
45 1157
84 1155
34 1157
80 1161
51 1156
34 1162
45 1162
43 1103
83 1161
94 1161
59 1072
76 1140
28 1109
45 1164
34 1164
60 1149
92 1088
66 1136
92 1136
99 1128
52 1159
88 1127
83 1168
39 1122
54 1154
82 1108
63 1163
30 1094
72 1121
40 1167
43 1109
100 1153
70 1157
100 1157
86 1172
80 1164
38 1114
70 1164
101 1141
38 1141
95 1102
72 1102
94 1168
101 1168
65 1097
51 1162
80 1162
70 1162
74 1118
79 1161
25 1123
88 1097
85 1145
28 1173
43 1173
79 1175
40 1102
51 1176
34 1176
80 1176
70 1176
80 1177
70 1177
34 1177
34 1178
60 1179
66 1179
50 1115
43 1180
37 1130
103 1132
84 1170
72 1181
63 1184
70 1185
58 1125
