42 3123 1.08027
74 3124 1.11008
47 3125 1.15489
41 3126 1.16078
85 3127 1.17296
52 3129 1.20403
31 3130 1.21622
77 3131 1.26836
67 3133 1.31786
82 3134 1.32633
75 3135 1.35454
90 3136 1.36359
39 3138 1.3824
59 3139 1.38993
49 3140 1.42395
86 3141 1.45231
88 3142 1.45291
27 3143 1.47101
45 3145 1.50224
72 3146 1.50598
56 3147 1.51676
93 3148 1.52303
66 3149 1.55533
58 3151 1.615
51 3153 1.68314
69 3154 1.7096
29 3155 1.71585
43 3156 1.72035
32 3157 1.72917
92 3158 1.75643
46 3160 1.80259
53 3161 1.80731
80 3162 1.82435
70 3163 1.82616
68 3164 1.835
28 3166 1.89544
64 3167 1.91773
55 3168 1.9185
48 3169 1.94776
62 3170 1.97063
40 3172 1.99082
94 3173 2.00215
87 3174 2.00434
25 3175 2.03688
37 3176 2.06821
38 3178 2.11222
79 3179 2.13132
81 3181 2.20778
63 3182 2.24271
44 3183 2.27378
33 3185 2.29873
71 3186 2.31662
60 3188 2.37828
35 3190 2.52842
26 3191 2.53838
91 3192 2.55171
73 3194 2.58978
84 3195 2.60478
83 3196 2.66491
36 3198 2.67637
78 3199 2.68749
89 3200 2.7086
54 3201 2.71995
61 3203 2.78573
57 3205 2.87863
65 3206 2.91182
50 3207 2.91739
34 3208 2.94473
30 3209 2.96608
76 3211 2.99067
74 3217 3.51198
41 3218 3.57122
67 3224 4.06879
85 3228 4.37025
66 3230 4.42492
47 3231 4.43551
43 3233 4.48844
72 3234 4.5075
29 3235 4.54758
68 3237 4.60702
79 3239 4.7413
31 3242 4.94729
52 3244 5.0557
77 3245 5.07372
90 3248 5.24553
92 3249 5.26607
33 3251 5.32621
91 3253 5.40842
65 3254 5.41946
88 3255 5.47555
84 3257 5.55595
38 3259 5.60227
86 3261 5.71839
49 3263 5.8126
48 3264 5.81989
94 3265 5.85962
69 3267 5.90067
54 3268 5.90584
75 3269 5.93599
26 3270 5.95478
42 3272 5.97888
63 3273 6.01663
70 3274 6.05016
56 3276 6.10073
62 3277 6.12562
50 3279 6.23518
82 3281 6.30497
36 3282 6.33473
59 3283 6.37333
76 3285 6.39188
25 3286 6.4332
55 3287 6.46366
81 3289 6.4783
45 3290 6.53998
40 3291 6.56939
71 3293 6.59455
39 3294 6.61833
27 3295 6.6208
74 3296 6.63572
32 3297 6.64404
37 3300 6.78843
87 3302 6.89381
64 3303 6.91208
93 3304 6.94408
83 3306 6.97607
44 3307 7.05561
60 3308 7.07032
57 3310 7.16154
58 3312 7.20873
34 3314 7.31623
89 3316 7.44054
80 3317 7.46816
51 3319 7.48593
73 3320 7.49354
28 3323 7.73998
30 3326 7.89613
61 3328 8.03321
86 3331 8.25884
47 3332 8.26173
72 3334 8.35461
94 3336 8.47295
41 3338 8.48866
42 3339 8.57498
35 3341 8.62027
43 3342 8.62497
26 3343 8.62518
29 3344 8.64929
79 3345 8.66278
66 3347 8.72704
84 3348 8.77368
62 3351 8.90167
77 3353 8.98876
68 3354 9.01846
85 3356 9.10876
55 3357 9.16649
49 3360 9.28475
88 3362 9.39915
70 3363 9.47283
90 3365 9.56558
65 3367 9.62039
25 3369 9.68648
46 3370 9.75047
92 3372 9.83456
44 3373 9.8351
63 3375 9.93026
87 3376 9.951
80 3377 9.95762
34 3380 10.1482
52 3382 10.2005
56 3384 10.2916
78 3385 10.3688
39 3387 10.3795
40 3388 10.3942
91 3389 10.4446
36 3391 10.5224
86 3392 10.5391
54 3393 10.554
45 3395 10.6525
38 3397 10.6763
53 3398 10.6868
81 3399 10.7294
33 3401 10.8723
93 3403 10.9093
50 3404 10.9651
41 3407 11.1085
51 3409 11.218
48 3410 11.2368
57 3411 11.2575
37 3413 11.2829
76 3414 11.3515
67 3416 11.3857
58 3417 11.4115
72 3418 11.4137
60 3419 11.4268
62 3421 11.5224
29 3422 11.5642
84 3424 11.5831
82 3427 11.782
30 3428 11.8486
47 3431 12.0549
73 3433 12.0822
42 3434 12.1329
94 3435 12.1654
31 3437 12.1838
71 3438 12.189
27 3441 12.4381
28 3443 12.5383
35 3444 12.5466
77 3445 12.5594
66 3446 12.5661
25 3448 12.661
49 3450 12.7253
43 3451 12.7562
69 3452 12.7677
83 3455 12.921
79 3456 12.9444
87 3457 12.9474
32 3460 13.0991
52 3463 13.3251
53 3465 13.4418
70 3468 13.5813
59 3470 13.6826
26 3471 13.746
55 3473 13.8183
85 3474 13.8337
75 3476 13.898
64 3477 13.9493
34 3479 14.0336
61 3482 14.2736
46 3485 14.3802
86 3486 14.3961
89 3489 14.6086
31 3490 14.6109
58 3491 14.6646
33 3492 14.673
36 3494 14.6805
63 3495 14.6886
78 3496 14.6903
38 3497 14.6987
54 3499 14.8507
65 3500 14.8731
40 3503 14.9763
