57 3514 1.00827
73 3515 1.01506
103 3516 1.05747
29 3517 1.06676
46 3519 1.14905
86 3520 1.16648
61 3521 1.17937
48 3523 1.25423
59 3524 1.26483
96 3525 1.27007
99 3526 1.27935
58 3528 1.31499
66 3529 1.33313
74 3530 1.33522
56 3531 1.35743
40 3532 1.36207
79 3533 1.37004
41 3534 1.37606
53 3537 1.50249
90 3538 1.51078
78 3539 1.53582
62 3540 1.53813
36 3541 1.5655
34 3542 1.57408
52 3544 1.61455
38 3545 1.62484
98 3547 1.7134
49 3548 1.72272
28 3550 1.84393
82 3551 1.86052
54 3552 1.86486
92 3554 1.90219
95 3555 1.91479
101 3556 1.97275
26 3557 1.9764
63 3558 1.97717
76 3560 2.02763
27 3561 2.04971
91 3562 2.05288
25 3563 2.07919
100 3565 2.10483
85 3566 2.11063
94 3567 2.11854
87 3568 2.11975
30 3569 2.12967
84 3570 2.14132
37 3571 2.14563
42 3573 2.20249
81 3574 2.20533
104 3575 2.21199
69 3576 2.2143
80 3577 2.237
35 3578 2.27265
55 3580 2.28223
31 3581 2.29406
68 3582 2.33742
72 3583 2.34223
88 3584 2.38053
77 3586 2.39721
50 3587 2.40708
65 3588 2.4118
102 3589 2.41736
89 3590 2.47444
83 3592 2.50778
44 3593 2.56094
75 3595 2.6783
60 3597 2.68732
70 3598 2.70005
32 3599 2.71038
51 3600 2.76088
47 3602 2.79487
45 3603 2.84243
97 3604 2.85037
67 3605 2.86618
64 3606 2.87433
43 3608 2.88895
39 3609 2.90854
93 3610 2.91777
33 3611 2.97927
57 3616 3.34952
79 3619 3.5324
99 3623 3.82255
36 3624 3.87312
74 3628 4.14271
58 3630 4.24257
103 3632 4.29955
66 3633 4.30217
26 3635 4.39139
55 3637 4.48289
25 3638 4.54593
100 3639 4.56055
82 3642 4.76729
46 3644 4.84261
84 3646 4.88815
102 3647 4.90525
49 3648 4.92167
41 3650 4.99177
73 3651 5.04611
61 3653 5.10192
52 3654 5.12317
50 3655 5.12958
98 3657 5.22397
63 3659 5.29257
39 3660 5.33966
48 3662 5.423
96 3663 5.4496
78 3665 5.51099
56 3666 5.57467
85 3668 5.64467
27 3669 5.64475
70 3670 5.66899
92 3672 5.73588
65 3674 5.78503
44 3675 5.78574
29 3676 5.80132
59 3678 5.89349
64 3679 5.96811
87 3681 6.05364
43 3683 6.11103
75 3685 6.22003
89 3686 6.24182
99 3687 6.2489
30 3688 6.27004
86 3689 6.28047
42 3691 6.33612
104 3694 6.50129
93 3695 6.55585
35 3697 6.67115
53 3699 6.76711
97 3700 6.77
34 3702 6.81724
80 3703 6.87429
79 3705 6.88272
62 3706 6.9121
100 3708 7.00592
94 3709 7.04618
91 3710 7.07055
81 3711 7.07276
90 3713 7.08418
31 3714 7.08714
32 3715 7.11838
45 3716 7.15439
76 3717 7.17784
77 3719 7.20729
28 3720 7.25422
98 3722 7.29425
88 3723 7.3365
37 3725 7.42212
73 3726 7.46693
83 3729 7.65764
101 3731 7.7072
60 3732 7.74506
47 3734 7.78789
33 3735 7.79486
57 3736 7.83365
61 3737 7.87839
68 3740 8.00777
78 3741 8.0546
48 3742 8.06835
36 3743 8.07028
52 3746 8.24874
55 3747 8.25062
25 3748 8.27493
39 3750 8.30039
67 3751 8.30384
84 3753 8.43536
69 3754 8.44622
51 3755 8.45667
46 3756 8.46566
103 3758 8.50213
95 3759 8.5415
89 3761 8.58617
92 3763 8.68982
38 3764 8.77718
44 3766 8.79881
59 3767 8.80154
85 3769 8.9237
102 3770 8.95363
72 3771 8.96226
75 3773 9.04179
26 3776 9.18702
82 3778 9.29646
71 3779 9.29652
40 3780 9.30708
79 3781 9.3367
27 3783 9.39577
65 3784 9.45548
54 3785 9.46614
66 3787 9.52698
35 3788 9.53678
64 3790 9.61058
87 3791 9.63151
49 3794 9.81259
88 3795 9.83602
53 3796 9.83681
100 3798 9.89515
61 3800 10.0048
30 3801 10.044
99 3802 10.0675
50 3803 10.0806
97 3805 10.1356
36 3807 10.2102
58 3809 10.3082
28 3810 10.3507
104 3812 10.4026
73 3813 10.4231
56 3815 10.4927
45 3816 10.5678
43 3819 10.7627
31 3821 10.8037
86 3822 10.8634
89 3824 10.9074
41 3825 10.9278
96 3826 10.9436
29 3830 11.2157
57 3832 11.2827
103 3833 11.3066
94 3834 11.3151
98 3835 11.3302
37 3836 11.3535
63 3838 11.3985
92 3841 11.602
102 3842 11.6488
85 3843 11.6599
38 3845 11.701
68 3846 11.7661
52 3847 11.7757
46 3849 11.8311
87 3851 11.9311
95 3852 11.9524
77 3853 11.9813
55 3855 12.066
33 3856 12.0812
93 3858 12.1447
70 3860 12.195
34 3861 12.2308
60 3862 12.2517
47 3864 12.2843
72 3865 12.3699
64 3867 12.3942
81 3868 12.4179
42 3869 12.4762
36 3871 12.4969
83 3872 12.537
75 3873 12.5384
51 3874 12.5773
88 3876 12.6483
25 3877 12.6614
80 3879 12.7396
86 3882 12.8894
62 3883 12.958
40 3885 12.9857
30 3886 12.9869
82 3887 12.9912
54 3888 13.0072
67 3890 13.0999
84 3891 13.1003
66 3892 13.1174
48 3893 13.1653
76 3895 13.2125
45 3896 13.251
28 3897 13.2582
50 3898 13.27
99 3900 13.3043
69 3901 13.3102
53 3902 13.3662
31 3903 13.3779
26 3905 13.3988
39 3906 13.4504
58 3907 13.4734
49 3908 13.4769
91 3910 13.5069
78 3912 13.6362
27 3915 13.8658
59 3916 13.8811
29 3918 13.9196
37 3920 14.0346
102 3922 14.1597
87 3923 14.1704
44 3924 14.1722
71 3926 14.1837
41 3927 14.195
65 3929 14.298
43 3930 14.3743
73 3933 14.5153
96 3936 14.7613
25 3939 14.9075
35 3940 14.9451
