33 1657 1.01333
29 1658 1.01829
42 1662 1.27473
36 1663 1.3167
41 1667 1.55507
26 1668 1.61496
43 1670 1.71699
35 1671 1.73465
37 1674 1.8558
32 1675 1.94289
38 1676 1.9455
30 1678 2.01137
28 1679 2.01819
27 1683 2.27697
44 1684 2.28197
40 1685 2.33485
25 1687 2.41681
39 1693 2.91881
34 1694 2.93415
31 1695 2.93579
33 1700 3.33024
28 1710 4.23722
41 1712 4.26222
29 1720 4.97843
30 1723 5.19049
34 1726 5.35465
35 1727 5.39634
27 1730 5.57891
26 1731 5.59021
43 1734 5.75115
38 1737 6.02578
25 1739 6.06345
36 1740 6.13311
31 1742 6.21755
32 1743 6.22875
42 1750 6.80223
37 1752 6.86939
40 1754 6.9906
44 1756 7.10933
33 1757 7.14825
39 1759 7.18029
41 1770 8.16961
28 1774 8.52001
25 1775 8.53657
43 1777 8.60947
32 1782 9.04853
39 1785 9.21411
29 1787 9.32924
30 1791 9.56945
35 1792 9.61609
36 1796 9.85111
38 1797 9.85251
37 1798 9.89619
42 1799 9.92656
26 1806 10.4781
34 1810 10.8034
31 1813 10.9507
27 1818 11.4261
32 1819 11.4335
43 1822 11.638
28 1827 12.027
40 1828 12.034
42 1831 12.223
44 1833 12.296
35 1835 12.3798
36 1838 12.5697
33 1843 12.965
37 1846 13.1609
38 1848 13.2602
25 1850 13.4312
30 1857 13.981
39 1858 14.0286
41 1861 14.2347
27 1864 14.3893
34 1865 14.4107
