46 1886 0 100 1.40041e-07 1.08064 1.08064
33 1884 0 100 0.3 1.06455 1.36455
51 1896 0 100 4.66804e-08 1.43558 1.43558
37 1894 0 100 0.1 1.38619 1.48619
35 1888 0 100 0.5 1.10386 1.60386
49 1900 0 100 0.2 1.69904 1.89904
26 1895 0 100 0.5 1.40019 1.90019
29 1885 0 100 0.9 1.06813 1.96813
28 1887 0 100 0.9 1.08644 1.98644
27 1883 0 100 1 1.06259 2.06259
54 1903 0 100 0.4 1.81819 2.21819
30 1913 0 100 3.50103e-08 2.24896 2.24896
42 1905 0 100 0.4 1.85959 2.25959
48 1915 0 100 0.1 2.28441 2.38441
52 1912 0 100 0.2 2.24727 2.44728
44 1910 0 100 0.5 2.13377 2.63377
38 1924 0 100 0.1 2.69917 2.79917
34 1901 0 100 1.1 1.74657 2.84657
53 1929 0 100 1.16701e-08 2.86764 2.86764
41 1892 0 100 1.9 1.3042 3.2042
36 1906 0 100 1.3 1.92782 3.22782
45 1925 0 100 0.7 2.73842 3.43842
31 1927 0 100 0.7 2.82583 3.52583
50 1921 0 100 1.1 2.53968 3.63968
25 1916 0 100 1.4 2.29105 3.69105
32 1907 0 100 1.8 1.94912 3.74912
43 1889 0 100 2.7 1.14656 3.84656
35 1940 0 100 0.1 3.76399 3.86399
40 1931 0 100 1.4 2.98555 4.38555
37 1946 0 100 0.2 4.19418 4.39418
39 1918 0 100 2.1 2.39961 4.49961
28 1944 0 100 0.6 4.13163 4.73163
31 1967 0 100 1.16701e-07 5.77358 5.77358
30 1953 0 100 1 4.78632 5.78632
46 1968 0 100 1.51711e-07 5.84838 5.84838
51 1965 0 100 0.2 5.71231 5.91231
43 1970 0 100 0.1 5.87088 5.97088
47 1920 0 100 3.5 2.48897 5.98897
29 1960 0 100 0.9 5.27175 6.17175
48 1978 0 100 1.16701e-07 6.35412 6.35412
49 1974 0 100 0.3 6.17929 6.47929
54 1975 0 100 0.6 6.23818 6.83818
33 1955 0 100 2.2 4.85876 7.05876
26 1985 0 100 0.5 6.62505 7.12505
35 1987 0 100 0.6 6.64662 7.24662
53 1990 0 100 0.5 6.75789 7.25789
37 1997 0 100 0.2 7.15974 7.35974
52 2000 0 100 0.2 7.3011 7.5011
39 1982 0 100 1.1 6.53441 7.63442
28 2005 0 100 3.50103e-08 7.65601 7.65601
45 1981 0 100 1.2 6.47341 7.67341
42 1977 0 100 1.4 6.33487 7.73487
44 1995 0 100 0.8 7.06129 7.86129
41 2002 0 100 0.6 7.40973 8.00973
34 1998 0 100 0.9 7.21329 8.11329
40 2007 0 100 0.4 7.72313 8.12313
50 2012 0 100 0.2 8.05783 8.25783
36 2013 0 100 0.2 8.0581 8.2581
27 1983 0 100 1.8 6.53928 8.33928
32 1993 0 100 1.4 6.9943 8.3943
25 2014 0 100 0.4 8.09491 8.49491
51 2024 0 100 0.3 8.91669 9.21669
43 2028 0 100 0.3 9.25254 9.55254
26 2035 0 100 7.00206e-08 9.60597 9.60597
38 1986 0 100 3.3 6.64624 9.94624
31 2018 0 100 1.6 8.40588 10.0059
30 2033 0 100 0.6 9.45886 10.0589
45 2043 0 100 0.1 10.1308 10.2308
49 2045 0 100 0.1 10.1685 10.2685
46 2038 0 100 0.7 9.81217 10.5122
35 2042 0 100 0.5 10.085 10.585
29 2060 0 100 1.28371e-07 10.9869 10.9869
34 2058 0 100 0.2 10.8565 11.0565
47 2030 0 100 1.8 9.27804 11.078
48 2053 0 100 0.7 10.7248 11.4248
42 2051 0 100 0.9 10.6083 11.5083
25 2054 0 100 0.9 10.7488 11.6488
37 2072 0 100 0.1 11.6084 11.7084
53 2075 0 100 0.1 11.7565 11.8565
41 2048 0 100 1.6 10.4241 12.0241
50 2067 0 100 0.7 11.3445 12.0445
38 2087 0 100 5.83505e-08 12.6172 12.6172
44 2089 0 100 1.16701e-08 12.6914 12.6914
31 2081 0 100 0.5 12.2141 12.7141
36 2091 0 100 0.1 12.7262 12.8262
35 2090 0 100 0.4 12.7147 13.1147
52 2079 0 100 1 12.1224 13.1224
54 2056 0 100 2.5 10.8214 13.3214
33 2069 0 100 1.9 11.4513 13.3513
27 2098 0 100 0.3 13.1262 13.4262
32 2093 0 100 0.6 12.8333 13.4333
40 2064 0 100 2.2 11.2428 13.4428
28 2066 0 100 2.2 11.326 13.526
51 2108 0 100 0.1 13.7527 13.8527
46 2086 0 100 1.3 12.5574 13.8574
39 2063 0 100 2.7 11.1682 13.8682
45 2104 0 100 0.4 13.5502 13.9502
26 2096 0 100 1 13.0277 14.0277
30 2107 0 100 0.4 13.6635 14.0635
50 2115 0 100 0.7 14.1215 14.8215
34 2119 0 100 0.6 14.2663 14.8663
