93 4428 1.00599
36 4429 1.0599
28 4430 1.09591
90 4432 1.10325
58 4433 1.14582
123 4434 1.16383
85 4435 1.19815
33 4437 1.20198
29 4438 1.22006
74 4439 1.2267
38 4440 1.23127
115 4441 1.25138
43 4442 1.28912
51 4443 1.2919
26 4445 1.30507
120 4446 1.31196
97 4447 1.31397
124 4448 1.38468
47 4449 1.39755
67 4451 1.41042
110 4452 1.43859
107 4453 1.45498
59 4454 1.47793
103 4456 1.51043
46 4457 1.52222
25 4458 1.53608
70 4459 1.56791
78 4460 1.57686
52 4461 1.5838
68 4462 1.58923
64 4463 1.59704
119 4465 1.65
53 4466 1.66097
89 4467 1.67772
118 4468 1.70023
114 4470 1.7056
55 4471 1.72857
71 4472 1.75238
77 4473 1.7532
80 4474 1.78006
99 4476 1.83695
65 4477 1.84612
92 4478 1.86066
62 4479 1.88239
75 4481 1.9063
86 4482 1.91347
117 4483 1.91552
60 4484 1.92035
81 4485 1.94454
42 4486 1.95618
84 4487 1.97323
87 4488 1.9949
111 4490 2.02654
104 4491 2.04542
54 4492 2.06329
91 4493 2.06716
48 4494 2.07955
45 4495 2.08019
101 4497 2.10626
100 4498 2.10647
88 4499 2.11273
94 4500 2.11888
27 4501 2.14081
76 4502 2.14588
72 4503 2.15468
61 4504 2.18049
116 4505 2.19549
37 4507 2.20608
102 4508 2.21074
96 4509 2.27267
57 4511 2.3041
44 4512 2.31163
39 4513 2.32361
112 4514 2.38131
82 4515 2.39428
105 4517 2.4783
109 4519 2.5124
34 4520 2.55817
113 4521 2.58413
35 4523 2.60523
106 4524 2.60906
73 4525 2.61117
95 4526 2.61344
121 4527 2.68273
79 4529 2.70766
49 4530 2.74429
32 4531 2.75882
66 4532 2.77663
108 4534 2.84309
83 4535 2.86335
122 4536 2.8951
56 4537 2.89704
40 4538 2.89939
50 4540 2.91173
69 4541 2.91596
30 4542 2.91648
41 4543 2.95155
31 4544 2.99075
36 4551 3.56734
28 4554 3.7671
38 4557 3.914
120 4559 4.02946
68 4561 4.11341
104 4564 4.36788
45 4566 4.40825
26 4568 4.54045
53 4569 4.54695
92 4570 4.5627
110 4571 4.57211
94 4573 4.60281
29 4574 4.60716
51 4575 4.62195
52 4576 4.69723
91 4578 4.78576
70 4580 4.87891
47 4581 4.88451
124 4583 4.91644
103 4584 4.92888
33 4586 5.05809
123 4588 5.10848
101 4589 5.15079
25 4590 5.18158
112 4591 5.19537
59 4594 5.3304
97 4595 5.3363
78 4596 5.37353
109 4597 5.40053
115 4599 5.40953
122 4600 5.44129
86 4601 5.45618
118 4602 5.46383
95 4603 5.47181
76 4604 5.4759
43 4606 5.51073
119 4607 5.58293
44 4608 5.58652
56 4609 5.59379
75 4611 5.64583
46 4612 5.66428
55 4614 5.76216
27 4615 5.78264
35 4617 5.82998
30 4618 5.83714
67 4619 5.83928
74 4620 5.84975
87 4621 5.89471
100 4623 5.93227
82 4624 5.99171
54 4625 5.99635
107 4626 5.99725
85 4628 6.03025
106 4629 6.05629
65 4630 6.1002
63 4632 6.10393
64 4633 6.16883
90 4635 6.20483
66 4636 6.22143
89 4637 6.27272
48 4638 6.2821
99 4640 6.31328
62 4641 6.35142
84 4643 6.45159
98 4644 6.45946
50 4645 6.47433
77 4646 6.48582
61 4648 6.52078
88 4649 6.53604
72 4650 6.54224
121 4651 6.55049
116 4652 6.59198
83 4654 6.6646
102 4656 6.72206
57 4657 6.72997
81 4658 6.73723
68 4659 6.79017
79 4661 6.84628
42 4662 6.85634
71 4663 6.87766
105 4666 7.01849
49 4667 7.0528
113 4668 7.07394
41 4669 7.08881
114 4670 7.09323
39 4672 7.16905
58 4674 7.20722
29 4675 7.22436
69 4676 7.26131
111 4678 7.38542
120 4679 7.39041
32 4680 7.40062
91 4682 7.45678
110 4683 7.46438
96 4685 7.55002
117 4687 7.6196
34 4688 7.62166
38 4691 7.85689
94 4693 7.95236
78 4694 7.96358
36 4696 8.04954
37 4697 8.0533
118 4699 8.11208
112 4700 8.15151
119 4703 8.39502
56 4705 8.47163
31 4707 8.58417
28 4709 8.65093
108 4710 8.66268
104 4711 8.69001
75 4713 8.74568
121 4714 8.79343
80 4715 8.79634
103 4717 8.81538
26 4718 8.83359
124 4719 8.8449
27 4720 8.86495
47 4722 8.90638
45 4723 8.9308
115 4724 8.94785
46 4725 8.99375
102 4727 9.00466
30 4728 9.02432
68 4729 9.04299
53 4731 9.12354
122 4733 9.20287
25 4734 9.26582
97 4735 9.28018
33 4737 9.38388
106 4739 9.41781
59 4740 9.44416
82 4741 9.47727
92 4742 9.48262
49 4743 9.49622
51 4745 9.50552
52 4746 9.51335
86 4747 9.51456
70 4748 9.59103
29 4750 9.6497
76 4751 9.67581
73 4752 9.68358
67 4754 9.71672
109 4755 9.7865
79 4756 9.79417
66 4758 9.81412
58 4759 9.82651
43 4760 9.84647
84 4761 9.85753
35 4764 10.0723
90 4766 10.1308
111 4767 10.1465
85 4768 10.186
55 4770 10.2524
44 4772 10.3348
69 4773 10.3593
87 4775 10.4301
50 4776 10.4341
34 4778 10.5181
72 4779 10.5204
60 4780 10.5259
112 4781 10.5662
113 4782 10.6003
98 4784 10.6219
101 4785 10.6415
71 4786 10.6617
83 4787 10.694
107 4789 10.7282
120 4790 10.7364
48 4791 10.7418
96 4792 10.798
100 4793 10.7989
119 4796 10.9076
65 4797 10.9482
105 4798 10.9757
114 4799 10.9765
116 4800 10.9812
95 4802 11.0184
104 4803 11.0335
64 4804 11.0687
62 4805 11.076
32 4807 11.1042
88 4808 11.1372
117 4809 11.1697
93 4810 11.1952
99 4812 11.2798
81 4813 11.2969
74 4815 11.379
54 4816 11.3938
89 4818 11.4065
42 4819 11.4214
61 4820 11.4736
39 4822 11.55
26 4824 11.6769
47 4827 11.8981
91 4829 11.9392
78 4831 12.0429
77 4833 12.2008
36 4835 12.2038
124 4836 12.2301
92 4837 12.2384
56 4839 12.3665
38 4840 12.377
57 4845 12.752
40 4846 12.7524
43 4847 12.756
80 4848 12.7562
66 4850 12.8037
73 4851 12.8441
94 4852 12.8454
113 4853 12.8847
63 4855 12.924
37 4856 12.9289
121 4858 13.0322
31 4859 13.0491
122 4860 13.0711
29 4862 13.1384
33 4863 13.1643
51 4864 13.1872
110 4865 13.1882
44 4868 13.3114
68 4869 13.3686
69 4870 13.3979
41 4872 13.4356
108 4873 13.4406
71 4875 13.5219
50 4876 13.5297
30 4877 13.5407
111 4879 13.6137
27 4880 13.6326
45 4881 13.6437
28 4882 13.667
116 4883 13.6904
46 4885 13.7527
115 4887 13.8481
119 4888 13.8506
118 4889 13.8701
107 4891 13.9353
105 4893 14.0279
32 4894 14.0915
59 4896 14.1669
85 4897 14.1683
49 4898 14.1917
114 4900 14.2451
67 4901 14.2598
86 4902 14.2816
101 4905 14.4027
84 4906 14.404
103 4908 14.5638
70 4910 14.6405
26 4911 14.6719
58 4913 14.7039
109 4914 14.7154
75 4915 14.7553
52 4916 14.7585
54 4918 14.8206
104 4919 14.8377
89 4920 14.845
82 4921 14.8942
48 4923 14.9379
