27 1883 1.06259
33 1884 1.06455
29 1885 1.06813
46 1886 1.08064
28 1887 1.08644
35 1888 1.10386
43 1889 1.14656
41 1892 1.3042
37 1894 1.38619
26 1895 1.40019
51 1896 1.43558
49 1900 1.69904
34 1901 1.74657
54 1903 1.81819
42 1905 1.85959
36 1906 1.92782
32 1907 1.94912
44 1910 2.13377
52 1912 2.24727
30 1913 2.24896
48 1915 2.28441
25 1916 2.29105
39 1918 2.39961
47 1920 2.48897
50 1921 2.53968
38 1924 2.69917
45 1925 2.73842
31 1927 2.82583
53 1929 2.86764
40 1931 2.98555
35 1940 3.76399
28 1944 4.13163
37 1946 4.19418
30 1953 4.78632
33 1955 4.85876
29 1960 5.27175
51 1965 5.71231
31 1967 5.77358
46 1968 5.84838
43 1970 5.87088
49 1974 6.17929
54 1975 6.23818
42 1977 6.33487
48 1978 6.35412
45 1981 6.47341
39 1982 6.53441
27 1983 6.53928
26 1985 6.62505
38 1986 6.64624
35 1987 6.64662
53 1990 6.75789
32 1993 6.9943
44 1995 7.06129
37 1997 7.15974
34 1998 7.21329
52 2000 7.3011
41 2002 7.40973
28 2005 7.65601
40 2007 7.72313
50 2012 8.05783
36 2013 8.0581
25 2014 8.09491
31 2018 8.40588
51 2024 8.91669
43 2028 9.25254
47 2030 9.27804
30 2033 9.45886
26 2035 9.60597
46 2038 9.81217
35 2042 10.085
45 2043 10.1308
49 2045 10.1685
41 2048 10.4241
42 2051 10.6083
48 2053 10.7248
25 2054 10.7488
54 2056 10.8214
34 2058 10.8565
29 2060 10.9869
39 2063 11.1682
40 2064 11.2428
28 2066 11.326
50 2067 11.3445
33 2069 11.4513
37 2072 11.6084
53 2075 11.7565
52 2079 12.1224
31 2081 12.2141
46 2086 12.5574
38 2087 12.6172
44 2089 12.6914
35 2090 12.7147
36 2091 12.7262
32 2093 12.8333
26 2096 13.0277
27 2098 13.1262
47 2102 13.4034
45 2104 13.5502
30 2107 13.6635
51 2108 13.7527
49 2112 13.9637
43 2113 14.0164
50 2115 14.1215
25 2116 14.1301
34 2119 14.2663
53 2126 14.932
