67 2757 1.07295
36 2759 1.13259
70 2760 1.14251
51 2761 1.14307
63 2762 1.18053
73 2764 1.2473
65 2765 1.28797
25 2766 1.29017
43 2768 1.33407
50 2770 1.41279
57 2771 1.49854
84 2772 1.50023
83 2774 1.51859
49 2775 1.5368
55 2777 1.66196
61 2778 1.69285
79 2779 1.70275
56 2781 1.72952
38 2782 1.73079
71 2783 1.73748
59 2784 1.74382
74 2786 1.84323
77 2788 1.94542
62 2789 1.952
78 2790 1.95932
52 2792 2.02354
69 2793 2.03022
68 2794 2.04357
33 2796 2.12271
31 2797 2.20919
29 2799 2.23651
40 2800 2.24997
75 2801 2.26254
81 2802 2.29392
53 2804 2.32363
45 2805 2.34495
30 2806 2.34589
58 2807 2.34973
42 2808 2.40929
28 2810 2.44577
27 2811 2.45345
72 2812 2.4561
82 2813 2.46332
41 2814 2.49182
34 2816 2.52208
35 2817 2.56281
44 2818 2.60216
46 2820 2.64629
80 2821 2.64751
54 2822 2.66832
64 2823 2.68468
66 2825 2.73005
47 2826 2.78024
48 2828 2.82804
37 2829 2.82864
76 2830 2.85238
60 2831 2.86256
39 2832 2.90649
26 2834 2.93182
51 2843 3.71376
57 2846 3.99157
67 2848 4.0988
49 2850 4.11526
59 2852 4.30853
43 2854 4.32854
70 2856 4.49205
42 2858 4.54708
78 2859 4.55404
75 2862 4.75631
29 2864 4.85822
48 2865 4.89294
41 2867 4.93654
62 2869 5.09171
25 2871 5.19312
35 2873 5.23624
73 2874 5.26641
60 2875 5.27485
64 2878 5.43373
61 2881 5.65039
47 2882 5.6691
40 2884 5.76421
54 2885 5.79284
72 2887 5.8343
44 2889 5.95796
45 2891 6.01054
65 2893 6.11761
55 2894 6.11841
39 2895 6.12552
28 2896 6.16472
83 2897 6.19209
74 2899 6.26419
36 2900 6.29835
81 2903 6.49892
52 2905 6.57179
79 2906 6.59831
68 2908 6.62724
57 2909 6.64516
56 2910 6.66204
77 2911 6.70785
33 2913 6.71509
30 2914 6.80975
63 2916 6.83443
34 2917 6.86217
27 2919 6.95206
29 2920 6.98759
32 2921 7.00051
82 2925 7.25622
38 2927 7.33071
84 2928 7.33152
41 2929 7.4074
35 2931 7.4615
69 2932 7.49487
50 2934 7.52157
71 2935 7.55472
75 2936 7.58718
25 2938 7.61111
26 2939 7.61834
62 2940 7.70056
76 2942 7.71176
53 2943 7.7819
66 2945 7.82317
67 2947 7.98284
51 2948 7.99288
58 2952 8.24342
46 2953 8.25336
45 2954 8.30506
54 2956 8.3499
73 2957 8.40075
60 2959 8.49368
40 2962 8.63007
37 2964 8.71772
36 2965 8.78384
28 2967 8.84964
48 2968 8.86161
39 2970 8.93219
49 2971 8.9873
43 2973 9.01942
70 2974 9.02821
83 2975 9.05149
42 2979 9.35645
61 2981 9.4394
64 2982 9.47217
30 2983 9.49264
56 2985 9.51204
57 2988 9.80771
55 2990 9.81542
63 2991 9.81877
59 2992 9.84993
80 2994 9.96182
68 2998 10.2249
25 2999 10.3041
32 3001 10.3784
74 3002 10.4011
79 3004 10.4311
81 3007 10.6178
69 3008 10.6409
47 3009 10.6617
72 3010 10.6673
75 3012 10.7272
76 3013 10.7664
41 3014 10.7761
84 3015 10.7838
40 3017 10.8347
67 3018 10.8588
35 3020 10.9397
71 3024 11.2216
45 3028 11.5265
38 3029 11.604
29 3031 11.616
34 3033 11.7348
52 3035 11.8352
83 3037 11.9296
33 3038 11.9456
60 3039 11.9465
78 3041 12.0664
27 3043 12.1258
57 3044 12.1332
39 3045 12.192
65 3047 12.278
64 3048 12.2946
82 3051 12.4572
56 3054 12.6381
73 3056 12.7394
46 3057 12.7626
79 3058 12.7689
84 3060 12.8995
44 3062 12.9161
49 3064 13.1098
58 3067 13.2707
55 3068 13.2928
62 3069 13.2969
77 3072 13.4358
36 3073 13.4812
53 3074 13.4932
67 3075 13.5016
51 3077 13.5377
66 3078 13.56
43 3079 13.5622
30 3083 13.8556
81 3084 13.886
26 3086 13.9367
50 3088 14.0536
80 3089 14.0558
29 3091 14.1461
70 3092 14.1514
28 3093 14.1997
45 3095 14.2749
40 3099 14.5151
69 3100 14.5457
37 3101 14.5614
59 3103 14.6592
47 3104 14.6882
75 3107 14.8147
74 3108 14.8993
63 3110 14.9128
79 3111 14.9699
